INFO:__main__:
【train】epoch:0/150 loss:0.8900 acc:0.7243
INFO:__main__:
【val】epoch:0/150 loss:0.4977 acc:0.7476
INFO:__main__:
【Val】:  SENS: 0.5136  SPEC: 0.8934  PPV: 0.7500  NPV: 0.7467 F1:0.6097
INFO:__main__:验证的best_acc:0.7476
INFO:__main__:----------------------------------------------------------------------------------------------------
INFO:__main__:
【train】epoch:1/150 loss:0.7137 acc:0.7877
INFO:__main__:
【val】epoch:1/150 loss:0.6952 acc:0.7540
INFO:__main__:
【Val】:  SENS: 0.9708  SPEC: 0.6190  PPV: 0.6135  NPV: 0.9714 F1:0.7518
INFO:__main__:验证的best_acc:0.7540
INFO:__main__:----------------------------------------------------------------------------------------------------
INFO:__main__:
【train】epoch:2/150 loss:0.5966 acc:0.8319
INFO:__main__:
【val】epoch:2/150 loss:0.3908 acc:0.8173
INFO:__main__:
【Val】:  SENS: 0.8706  SPEC: 0.7841  PPV: 0.7153  NPV: 0.9068 F1:0.7853
INFO:__main__:验证的best_acc:0.8173
INFO:__main__:----------------------------------------------------------------------------------------------------
INFO:__main__:
【train】epoch:3/150 loss:0.5419 acc:0.8521
INFO:__main__:
【val】epoch:3/150 loss:0.3577 acc:0.8510
INFO:__main__:
【Val】:  SENS: 0.9603  SPEC: 0.7828  PPV: 0.7337  NPV: 0.9694 F1:0.8318
INFO:__main__:验证的best_acc:0.8510
INFO:__main__:----------------------------------------------------------------------------------------------------
INFO:__main__:
【train】epoch:4/150 loss:0.4919 acc:0.8673
INFO:__main__:
【val】epoch:4/150 loss:0.2662 acc:0.8862
INFO:__main__:
【Val】:  SENS: 0.9102  SPEC: 0.8713  PPV: 0.8150  NPV: 0.9397 F1:0.8600
INFO:__main__:验证的best_acc:0.8862
INFO:__main__:----------------------------------------------------------------------------------------------------
INFO:__main__:
【train】epoch:5/150 loss:0.4317 acc:0.8892
INFO:__main__:
【val】epoch:5/150 loss:0.2373 acc:0.8958
INFO:__main__:
【Val】:  SENS: 0.9061  SPEC: 0.8895  PPV: 0.8362  NPV: 0.9383 F1:0.8697
INFO:__main__:验证的best_acc:0.8958
INFO:__main__:----------------------------------------------------------------------------------------------------
INFO:__main__:
【train】epoch:0/150 loss:0.8900 acc:0.7243
INFO:__main__:
【val】epoch:0/150 loss:0.4977 acc:0.7476
INFO:__main__:
【Val】:  SENS: 0.5136  SPEC: 0.8934  PPV: 0.7500  NPV: 0.7467 F1:0.6097
INFO:__main__:验证的best_acc:0.7476
INFO:__main__:----------------------------------------------------------------------------------------------------
INFO:__main__:
【train】epoch:1/150 loss:0.7137 acc:0.7877
INFO:__main__:
【val】epoch:1/150 loss:0.6952 acc:0.7540
INFO:__main__:
【Val】:  SENS: 0.9708  SPEC: 0.6190  PPV: 0.6135  NPV: 0.9714 F1:0.7518
INFO:__main__:验证的best_acc:0.7540
INFO:__main__:----------------------------------------------------------------------------------------------------
INFO:__main__:
【train】epoch:2/150 loss:0.5966 acc:0.8319
INFO:__main__:
【val】epoch:2/150 loss:0.3908 acc:0.8173
INFO:__main__:
【Val】:  SENS: 0.8706  SPEC: 0.7841  PPV: 0.7153  NPV: 0.9068 F1:0.7853
INFO:__main__:验证的best_acc:0.8173
INFO:__main__:----------------------------------------------------------------------------------------------------
INFO:__main__:
【train】epoch:3/150 loss:0.5419 acc:0.8521
INFO:__main__:
【val】epoch:3/150 loss:0.3577 acc:0.8510
INFO:__main__:
【Val】:  SENS: 0.9603  SPEC: 0.7828  PPV: 0.7337  NPV: 0.9694 F1:0.8318
INFO:__main__:验证的best_acc:0.8510
INFO:__main__:----------------------------------------------------------------------------------------------------
INFO:__main__:
【train】epoch:4/150 loss:0.4919 acc:0.8673
INFO:__main__:
【val】epoch:4/150 loss:0.2662 acc:0.8862
INFO:__main__:
【Val】:  SENS: 0.9102  SPEC: 0.8713  PPV: 0.8150  NPV: 0.9397 F1:0.8600
INFO:__main__:验证的best_acc:0.8862
INFO:__main__:----------------------------------------------------------------------------------------------------
INFO:__main__:
【train】epoch:5/150 loss:0.4317 acc:0.8892
INFO:__main__:
【val】epoch:5/150 loss:0.2373 acc:0.8958
INFO:__main__:
【Val】:  SENS: 0.9061  SPEC: 0.8895  PPV: 0.8362  NPV: 0.9383 F1:0.8697
INFO:__main__:验证的best_acc:0.8958
INFO:__main__:----------------------------------------------------------------------------------------------------
INFO:__main__:
【train】epoch:6/150 loss:0.4062 acc:0.8943
INFO:__main__:
【val】epoch:6/150 loss:0.2194 acc:0.9111
INFO:__main__:
【Val】:  SENS: 0.8768  SPEC: 0.9324  PPV: 0.8898  NPV: 0.9240 F1:0.8833
INFO:__main__:验证的best_acc:0.9111
INFO:__main__:----------------------------------------------------------------------------------------------------
INFO:__main__:
【train】epoch:7/150 loss:0.3603 acc:0.9064
INFO:__main__:
【val】epoch:7/150 loss:0.3104 acc:0.8766
INFO:__main__:
【Val】:  SENS: 0.9791  SPEC: 0.8127  PPV: 0.7651  NPV: 0.9843 F1:0.8590
INFO:__main__:验证的best_acc:0.9111
INFO:__main__:----------------------------------------------------------------------------------------------------
INFO:__main__:
【train】epoch:8/150 loss:0.3252 acc:0.9195
INFO:__main__:
【val】epoch:8/150 loss:0.2481 acc:0.9030
INFO:__main__:
【Val】:  SENS: 0.9770  SPEC: 0.8570  PPV: 0.8097  NPV: 0.9836 F1:0.8855
INFO:__main__:验证的best_acc:0.9111
INFO:__main__:----------------------------------------------------------------------------------------------------
INFO:__main__:
【train】epoch:9/150 loss:0.2850 acc:0.9274
INFO:__main__:
【val】epoch:9/150 loss:0.1590 acc:0.9375
INFO:__main__:
【Val】:  SENS: 0.9165  SPEC: 0.9506  PPV: 0.9203  NPV: 0.9481 F1:0.9184
INFO:__main__:验证的best_acc:0.9375
INFO:__main__:----------------------------------------------------------------------------------------------------
INFO:__main__:
【train】epoch:10/150 loss:0.2720 acc:0.9345
INFO:__main__:
【val】epoch:10/150 loss:0.1968 acc:0.9215
INFO:__main__:
【Val】:  SENS: 0.9311  SPEC: 0.9155  PPV: 0.8728  NPV: 0.9552 F1:0.9010
INFO:__main__:验证的best_acc:0.9375
INFO:__main__:----------------------------------------------------------------------------------------------------
INFO:__main__:
【train】epoch:11/150 loss:0.2444 acc:0.9369
INFO:__main__:
【val】epoch:11/150 loss:0.2357 acc:0.9046
INFO:__main__:
【Val】:  SENS: 0.9645  SPEC: 0.8674  PPV: 0.8191  NPV: 0.9751 F1:0.8859
INFO:__main__:验证的best_acc:0.9375
INFO:__main__:----------------------------------------------------------------------------------------------------
INFO:__main__:
【train】epoch:12/150 loss:0.2335 acc:0.9391
INFO:__main__:
【val】epoch:12/150 loss:0.1970 acc:0.9215
INFO:__main__:
【Val】:  SENS: 0.9123  SPEC: 0.9272  PPV: 0.8864  NPV: 0.9444 F1:0.8992
INFO:__main__:验证的best_acc:0.9375
INFO:__main__:----------------------------------------------------------------------------------------------------
INFO:__main__:
【train】epoch:13/150 loss:0.2211 acc:0.9444
INFO:__main__:
【val】epoch:13/150 loss:0.2080 acc:0.9127
INFO:__main__:
【Val】:  SENS: 0.9374  SPEC: 0.8973  PPV: 0.8504  NPV: 0.9583 F1:0.8918
INFO:__main__:验证的best_acc:0.9375
INFO:__main__:----------------------------------------------------------------------------------------------------
INFO:__main__:
【train】epoch:14/150 loss:0.2205 acc:0.9476
INFO:__main__:
【val】epoch:14/150 loss:0.2570 acc:0.8910
INFO:__main__:
【Val】:  SENS: 0.8038  SPEC: 0.9454  PPV: 0.9016  NPV: 0.8855 F1:0.8499
INFO:__main__:验证的best_acc:0.9375
INFO:__main__:----------------------------------------------------------------------------------------------------
INFO:__main__:
【train】epoch:15/150 loss:0.1878 acc:0.9536
INFO:__main__:
【val】epoch:15/150 loss:0.2234 acc:0.8998
INFO:__main__:
【Val】:  SENS: 0.8768  SPEC: 0.9142  PPV: 0.8642  NPV: 0.9226 F1:0.8705
INFO:__main__:验证的best_acc:0.9375
INFO:__main__:----------------------------------------------------------------------------------------------------
INFO:__main__:
【train】epoch:16/150 loss:0.1867 acc:0.9549
INFO:__main__:
【val】epoch:16/150 loss:0.2722 acc:0.8902
INFO:__main__:
【Val】:  SENS: 0.7683  SPEC: 0.9662  PPV: 0.9340  NPV: 0.8700 F1:0.8431
INFO:__main__:验证的best_acc:0.9375
INFO:__main__:----------------------------------------------------------------------------------------------------
INFO:__main__:
【train】epoch:17/150 loss:0.1822 acc:0.9569
INFO:__main__:
【val】epoch:17/150 loss:0.2266 acc:0.9231
INFO:__main__:
【Val】:  SENS: 0.9582  SPEC: 0.9012  PPV: 0.8579  NPV: 0.9719 F1:0.9053
INFO:__main__:验证的best_acc:0.9375
INFO:__main__:----------------------------------------------------------------------------------------------------
INFO:__main__:
【train】epoch:18/150 loss:0.1627 acc:0.9628
INFO:__main__:
【val】epoch:18/150 loss:0.2190 acc:0.9255
INFO:__main__:
【Val】:  SENS: 0.8664  SPEC: 0.9623  PPV: 0.9347  NPV: 0.9204 F1:0.8992
INFO:__main__:验证的best_acc:0.9375
INFO:__main__:----------------------------------------------------------------------------------------------------
INFO:__main__:
【train】epoch:19/150 loss:0.1522 acc:0.9618
INFO:__main__:
【val】epoch:19/150 loss:0.2124 acc:0.9359
INFO:__main__:
【Val】:  SENS: 0.9353  SPEC: 0.9363  PPV: 0.9014  NPV: 0.9587 F1:0.9180
INFO:__main__:验证的best_acc:0.9375
INFO:__main__:----------------------------------------------------------------------------------------------------
INFO:__main__:
【train】epoch:20/150 loss:0.1412 acc:0.9664
INFO:__main__:
【val】epoch:20/150 loss:0.2278 acc:0.9295
INFO:__main__:
【Val】:  SENS: 0.9311  SPEC: 0.9285  PPV: 0.8902  NPV: 0.9558 F1:0.9102
INFO:__main__:验证的best_acc:0.9375
INFO:__main__:----------------------------------------------------------------------------------------------------
INFO:__main__:
【train】epoch:21/150 loss:0.1289 acc:0.9688
INFO:__main__:
【val】epoch:21/150 loss:0.1818 acc:0.9375
INFO:__main__:
【Val】:  SENS: 0.9102  SPEC: 0.9545  PPV: 0.9257  NPV: 0.9447 F1:0.9179
INFO:__main__:验证的best_acc:0.9375
INFO:__main__:----------------------------------------------------------------------------------------------------
INFO:__main__:
【train】epoch:22/150 loss:0.1144 acc:0.9743
INFO:__main__:
【val】epoch:22/150 loss:0.1949 acc:0.9351
INFO:__main__:
【Val】:  SENS: 0.8956  SPEC: 0.9597  PPV: 0.9326  NPV: 0.9365 F1:0.9137
INFO:__main__:验证的best_acc:0.9375
INFO:__main__:----------------------------------------------------------------------------------------------------
INFO:__main__:
【train】epoch:23/150 loss:0.1206 acc:0.9716
INFO:__main__:
【val】epoch:23/150 loss:0.2577 acc:0.9287
INFO:__main__:
【Val】:  SENS: 0.9562  SPEC: 0.9116  PPV: 0.8707  NPV: 0.9709 F1:0.9114
INFO:__main__:验证的best_acc:0.9375
INFO:__main__:----------------------------------------------------------------------------------------------------
INFO:__main__:
【train】epoch:24/150 loss:0.1105 acc:0.9730
INFO:__main__:
【val】epoch:24/150 loss:0.2586 acc:0.9143
INFO:__main__:
【Val】:  SENS: 0.9457  SPEC: 0.8947  PPV: 0.8483  NPV: 0.9636 F1:0.8944
INFO:__main__:验证的best_acc:0.9375
INFO:__main__:----------------------------------------------------------------------------------------------------
INFO:__main__:
【train】epoch:25/150 loss:0.1056 acc:0.9762
INFO:__main__:
【val】epoch:25/150 loss:0.2277 acc:0.9311
INFO:__main__:
【Val】:  SENS: 0.9102  SPEC: 0.9441  PPV: 0.9102  NPV: 0.9441 F1:0.9102
INFO:__main__:验证的best_acc:0.9375
INFO:__main__:----------------------------------------------------------------------------------------------------
INFO:__main__:
【train】epoch:26/150 loss:0.1093 acc:0.9762
INFO:__main__:
【val】epoch:26/150 loss:0.2093 acc:0.9231
INFO:__main__:
【Val】:  SENS: 0.9061  SPEC: 0.9337  PPV: 0.8948  NPV: 0.9410 F1:0.9004
INFO:__main__:验证的best_acc:0.9375
INFO:__main__:----------------------------------------------------------------------------------------------------
INFO:__main__:
【train】epoch:27/150 loss:0.1076 acc:0.9747
INFO:__main__:
【val】epoch:27/150 loss:0.1761 acc:0.9447
INFO:__main__:
【Val】:  SENS: 0.9311  SPEC: 0.9532  PPV: 0.9253  NPV: 0.9569 F1:0.9282
INFO:__main__:验证的best_acc:0.9447
INFO:__main__:----------------------------------------------------------------------------------------------------
INFO:__main__:
【train】epoch:28/150 loss:0.1040 acc:0.9762
INFO:__main__:
【val】epoch:28/150 loss:0.1612 acc:0.9439
INFO:__main__:
【Val】:  SENS: 0.9123  SPEC: 0.9636  PPV: 0.9398  NPV: 0.9464 F1:0.9258
INFO:__main__:验证的best_acc:0.9447
INFO:__main__:----------------------------------------------------------------------------------------------------
INFO:__main__:
【train】epoch:29/150 loss:0.0721 acc:0.9863
INFO:__main__:
【val】epoch:29/150 loss:0.2081 acc:0.9471
INFO:__main__:
【Val】:  SENS: 0.9457  SPEC: 0.9480  PPV: 0.9189  NPV: 0.9656 F1:0.9321
INFO:__main__:验证的best_acc:0.9471
INFO:__main__:----------------------------------------------------------------------------------------------------
INFO:__main__:
【train】epoch:30/150 loss:0.0852 acc:0.9789
INFO:__main__:
【val】epoch:30/150 loss:0.1811 acc:0.9447
INFO:__main__:
【Val】:  SENS: 0.9562  SPEC: 0.9376  PPV: 0.9051  NPV: 0.9717 F1:0.9299
INFO:__main__:验证的best_acc:0.9471
INFO:__main__:----------------------------------------------------------------------------------------------------
INFO:__main__:
【train】epoch:31/150 loss:0.0746 acc:0.9818
INFO:__main__:
【val】epoch:31/150 loss:0.1774 acc:0.9431
INFO:__main__:
【Val】:  SENS: 0.9353  SPEC: 0.9480  PPV: 0.9180  NPV: 0.9592 F1:0.9266
INFO:__main__:验证的best_acc:0.9471
INFO:__main__:----------------------------------------------------------------------------------------------------
INFO:__main__:
【train】epoch:32/150 loss:0.0706 acc:0.9830
INFO:__main__:
【val】epoch:32/150 loss:0.2009 acc:0.9407
INFO:__main__:
【Val】:  SENS: 0.9102  SPEC: 0.9597  PPV: 0.9336  NPV: 0.9449 F1:0.9218
INFO:__main__:验证的best_acc:0.9471
INFO:__main__:----------------------------------------------------------------------------------------------------
INFO:__main__:
【train】epoch:33/150 loss:0.0765 acc:0.9814
INFO:__main__:
【val】epoch:33/150 loss:0.1826 acc:0.9367
INFO:__main__:
【Val】:  SENS: 0.9144  SPEC: 0.9506  PPV: 0.9202  NPV: 0.9469 F1:0.9173
INFO:__main__:验证的best_acc:0.9471
INFO:__main__:----------------------------------------------------------------------------------------------------
INFO:__main__:
【train】epoch:34/150 loss:0.0728 acc:0.9837
INFO:__main__:
【val】epoch:34/150 loss:0.1607 acc:0.9415
INFO:__main__:
【Val】:  SENS: 0.9457  SPEC: 0.9389  PPV: 0.9060  NPV: 0.9652 F1:0.9254
INFO:__main__:验证的best_acc:0.9471
INFO:__main__:----------------------------------------------------------------------------------------------------
INFO:__main__:
【train】epoch:35/150 loss:0.0692 acc:0.9844
INFO:__main__:
【val】epoch:35/150 loss:0.1908 acc:0.9407
INFO:__main__:
【Val】:  SENS: 0.9290  SPEC: 0.9480  PPV: 0.9175  NPV: 0.9554 F1:0.9232
INFO:__main__:验证的best_acc:0.9471
INFO:__main__:----------------------------------------------------------------------------------------------------
INFO:__main__:
【train】epoch:36/150 loss:0.0604 acc:0.9863
INFO:__main__:
【val】epoch:36/150 loss:0.2023 acc:0.9311
INFO:__main__:
【Val】:  SENS: 0.9248  SPEC: 0.9350  PPV: 0.8986  NPV: 0.9523 F1:0.9115
INFO:__main__:验证的best_acc:0.9471
INFO:__main__:----------------------------------------------------------------------------------------------------
INFO:__main__:
【train】epoch:37/150 loss:0.0643 acc:0.9872
INFO:__main__:
【val】epoch:37/150 loss:0.2069 acc:0.9343
INFO:__main__:
【Val】:  SENS: 0.8914  SPEC: 0.9610  PPV: 0.9344  NPV: 0.9343 F1:0.9124
INFO:__main__:验证的best_acc:0.9471
INFO:__main__:----------------------------------------------------------------------------------------------------
INFO:__main__:
【train】epoch:38/150 loss:0.0557 acc:0.9874
INFO:__main__:
【val】epoch:38/150 loss:0.2188 acc:0.9407
INFO:__main__:
【Val】:  SENS: 0.9582  SPEC: 0.9298  PPV: 0.8947  NPV: 0.9728 F1:0.9254
INFO:__main__:验证的best_acc:0.9471
INFO:__main__:----------------------------------------------------------------------------------------------------
INFO:__main__:
【train】epoch:39/150 loss:0.0493 acc:0.9886
INFO:__main__:
【val】epoch:39/150 loss:0.2062 acc:0.9359
INFO:__main__:
【Val】:  SENS: 0.9520  SPEC: 0.9259  PPV: 0.8889  NPV: 0.9687 F1:0.9194
INFO:__main__:验证的best_acc:0.9471
INFO:__main__:----------------------------------------------------------------------------------------------------
INFO:__main__:
【train】epoch:40/150 loss:0.0421 acc:0.9902
INFO:__main__:
【val】epoch:40/150 loss:0.2017 acc:0.9455
INFO:__main__:
【Val】:  SENS: 0.9353  SPEC: 0.9519  PPV: 0.9237  NPV: 0.9594 F1:0.9295
INFO:__main__:验证的best_acc:0.9471
INFO:__main__:----------------------------------------------------------------------------------------------------
INFO:__main__:
【train】epoch:41/150 loss:0.0399 acc:0.9907
INFO:__main__:
【val】epoch:41/150 loss:0.1964 acc:0.9463
INFO:__main__:
【Val】:  SENS: 0.9395  SPEC: 0.9506  PPV: 0.9221  NPV: 0.9618 F1:0.9307
INFO:__main__:验证的best_acc:0.9471
INFO:__main__:----------------------------------------------------------------------------------------------------
INFO:__main__:
【train】epoch:42/150 loss:0.0460 acc:0.9899
INFO:__main__:
【val】epoch:42/150 loss:0.1906 acc:0.9399
INFO:__main__:
【Val】:  SENS: 0.9457  SPEC: 0.9363  PPV: 0.9024  NPV: 0.9651 F1:0.9235
INFO:__main__:验证的best_acc:0.9471
INFO:__main__:----------------------------------------------------------------------------------------------------
INFO:__main__:
【train】epoch:43/150 loss:0.0422 acc:0.9915
INFO:__main__:
【val】epoch:43/150 loss:0.1605 acc:0.9503
INFO:__main__:
【Val】:  SENS: 0.9269  SPEC: 0.9649  PPV: 0.9427  NPV: 0.9550 F1:0.9347
INFO:__main__:验证的best_acc:0.9503
INFO:__main__:----------------------------------------------------------------------------------------------------
INFO:__main__:
【train】epoch:44/150 loss:0.0472 acc:0.9901
INFO:__main__:
【val】epoch:44/150 loss:0.1521 acc:0.9463
INFO:__main__:
【Val】:  SENS: 0.9582  SPEC: 0.9389  PPV: 0.9071  NPV: 0.9730 F1:0.9320
INFO:__main__:验证的best_acc:0.9503
INFO:__main__:----------------------------------------------------------------------------------------------------
INFO:__main__:
【train】epoch:45/150 loss:0.0343 acc:0.9927
INFO:__main__:
【val】epoch:45/150 loss:0.2095 acc:0.9439
INFO:__main__:
【Val】:  SENS: 0.9708  SPEC: 0.9272  PPV: 0.8925  NPV: 0.9807 F1:0.9300
INFO:__main__:验证的best_acc:0.9503
INFO:__main__:----------------------------------------------------------------------------------------------------
INFO:__main__:
【train】epoch:46/150 loss:0.0436 acc:0.9902
INFO:__main__:
【val】epoch:46/150 loss:0.1976 acc:0.9439
INFO:__main__:
【Val】:  SENS: 0.9436  SPEC: 0.9441  PPV: 0.9131  NPV: 0.9641 F1:0.9281
INFO:__main__:验证的best_acc:0.9503
INFO:__main__:----------------------------------------------------------------------------------------------------
INFO:__main__:
【train】epoch:47/150 loss:0.0515 acc:0.9893
INFO:__main__:
【val】epoch:47/150 loss:0.1817 acc:0.9367
INFO:__main__:
【Val】:  SENS: 0.9311  SPEC: 0.9402  PPV: 0.9065  NPV: 0.9563 F1:0.9186
INFO:__main__:验证的best_acc:0.9503
INFO:__main__:----------------------------------------------------------------------------------------------------
INFO:__main__:
【train】epoch:48/150 loss:0.0433 acc:0.9896
INFO:__main__:
【val】epoch:48/150 loss:0.1653 acc:0.9471
INFO:__main__:
【Val】:  SENS: 0.9186  SPEC: 0.9649  PPV: 0.9422  NPV: 0.9501 F1:0.9302
INFO:__main__:验证的best_acc:0.9503
INFO:__main__:----------------------------------------------------------------------------------------------------
INFO:__main__:
【train】epoch:49/150 loss:0.0316 acc:0.9931
INFO:__main__:
【val】epoch:49/150 loss:0.1952 acc:0.9399
INFO:__main__:
【Val】:  SENS: 0.9499  SPEC: 0.9337  PPV: 0.8992  NPV: 0.9677 F1:0.9239
INFO:__main__:验证的best_acc:0.9503
INFO:__main__:----------------------------------------------------------------------------------------------------
INFO:__main__:
【train】epoch:50/150 loss:0.0322 acc:0.9923
INFO:__main__:
【val】epoch:50/150 loss:0.2653 acc:0.9247
INFO:__main__:
【Val】:  SENS: 0.9102  SPEC: 0.9337  PPV: 0.8953  NPV: 0.9435 F1:0.9027
INFO:__main__:验证的best_acc:0.9503
INFO:__main__:----------------------------------------------------------------------------------------------------
INFO:__main__:
【train】epoch:51/150 loss:0.0253 acc:0.9940
INFO:__main__:
【val】epoch:51/150 loss:0.2131 acc:0.9367
INFO:__main__:
【Val】:  SENS: 0.9457  SPEC: 0.9311  PPV: 0.8953  NPV: 0.9650 F1:0.9198
INFO:__main__:验证的best_acc:0.9503
INFO:__main__:----------------------------------------------------------------------------------------------------
INFO:__main__:
【train】epoch:52/150 loss:0.0296 acc:0.9932
INFO:__main__:
【val】epoch:52/150 loss:0.2003 acc:0.9463
INFO:__main__:
【Val】:  SENS: 0.9562  SPEC: 0.9402  PPV: 0.9087  NPV: 0.9718 F1:0.9318
INFO:__main__:验证的best_acc:0.9503
INFO:__main__:----------------------------------------------------------------------------------------------------
INFO:__main__:
【train】epoch:53/150 loss:0.0248 acc:0.9948
INFO:__main__:
【val】epoch:53/150 loss:0.1843 acc:0.9471
INFO:__main__:
【Val】:  SENS: 0.9562  SPEC: 0.9415  PPV: 0.9105  NPV: 0.9718 F1:0.9328
INFO:__main__:验证的best_acc:0.9503
INFO:__main__:----------------------------------------------------------------------------------------------------
INFO:__main__:
【train】epoch:54/150 loss:0.0301 acc:0.9929
INFO:__main__:
【val】epoch:54/150 loss:0.2065 acc:0.9383
INFO:__main__:
【Val】:  SENS: 0.9353  SPEC: 0.9402  PPV: 0.9069  NPV: 0.9589 F1:0.9209
INFO:__main__:验证的best_acc:0.9503
INFO:__main__:----------------------------------------------------------------------------------------------------
INFO:__main__:
【train】epoch:55/150 loss:0.0243 acc:0.9948
INFO:__main__:
【val】epoch:55/150 loss:0.1968 acc:0.9327
INFO:__main__:
【Val】:  SENS: 0.9332  SPEC: 0.9324  PPV: 0.8958  NPV: 0.9573 F1:0.9141
INFO:__main__:验证的best_acc:0.9503
INFO:__main__:----------------------------------------------------------------------------------------------------
INFO:__main__:
【train】epoch:56/150 loss:0.0151 acc:0.9976
INFO:__main__:
【val】epoch:56/150 loss:0.2259 acc:0.9447
INFO:__main__:
【Val】:  SENS: 0.9478  SPEC: 0.9428  PPV: 0.9116  NPV: 0.9667 F1:0.9294
INFO:__main__:验证的best_acc:0.9503
INFO:__main__:----------------------------------------------------------------------------------------------------
INFO:__main__:
【train】epoch:57/150 loss:0.0331 acc:0.9935
INFO:__main__:
【val】epoch:57/150 loss:0.2182 acc:0.9351
INFO:__main__:
【Val】:  SENS: 0.9478  SPEC: 0.9272  PPV: 0.8902  NPV: 0.9661 F1:0.9181
INFO:__main__:验证的best_acc:0.9503
INFO:__main__:----------------------------------------------------------------------------------------------------
INFO:__main__:
【train】epoch:58/150 loss:0.0286 acc:0.9927
INFO:__main__:
【val】epoch:58/150 loss:0.2115 acc:0.9431
INFO:__main__:
【Val】:  SENS: 0.9081  SPEC: 0.9649  PPV: 0.9416  NPV: 0.9440 F1:0.9245
INFO:__main__:验证的best_acc:0.9503
INFO:__main__:----------------------------------------------------------------------------------------------------
INFO:__main__:
【train】epoch:59/150 loss:0.0188 acc:0.9965
INFO:__main__:
【val】epoch:59/150 loss:0.2045 acc:0.9495
INFO:__main__:
【Val】:  SENS: 0.9624  SPEC: 0.9415  PPV: 0.9111  NPV: 0.9757 F1:0.9360
INFO:__main__:验证的best_acc:0.9503
INFO:__main__:----------------------------------------------------------------------------------------------------
INFO:__main__:
【train】epoch:60/150 loss:0.0153 acc:0.9965
INFO:__main__:
【val】epoch:60/150 loss:0.2182 acc:0.9479
INFO:__main__:
【Val】:  SENS: 0.9603  SPEC: 0.9402  PPV: 0.9091  NPV: 0.9744 F1:0.9340
INFO:__main__:验证的best_acc:0.9503
INFO:__main__:----------------------------------------------------------------------------------------------------
INFO:__main__:
【train】epoch:61/150 loss:0.0152 acc:0.9976
INFO:__main__:
【val】epoch:61/150 loss:0.2580 acc:0.9391
INFO:__main__:
【Val】:  SENS: 0.9624  SPEC: 0.9246  PPV: 0.8882  NPV: 0.9753 F1:0.9238
INFO:__main__:验证的best_acc:0.9503
INFO:__main__:----------------------------------------------------------------------------------------------------
INFO:__main__:
【train】epoch:62/150 loss:0.0205 acc:0.9956
INFO:__main__:
【val】epoch:62/150 loss:0.2495 acc:0.9311
INFO:__main__:
【Val】:  SENS: 0.9248  SPEC: 0.9350  PPV: 0.8986  NPV: 0.9523 F1:0.9115
INFO:__main__:验证的best_acc:0.9503
INFO:__main__:----------------------------------------------------------------------------------------------------
INFO:__main__:
【train】epoch:63/150 loss:0.0195 acc:0.9964
INFO:__main__:
【val】epoch:63/150 loss:0.2312 acc:0.9383
INFO:__main__:
【Val】:  SENS: 0.9645  SPEC: 0.9220  PPV: 0.8851  NPV: 0.9766 F1:0.9231
INFO:__main__:验证的best_acc:0.9503
INFO:__main__:----------------------------------------------------------------------------------------------------
INFO:__main__:
【train】epoch:64/150 loss:0.0179 acc:0.9964
INFO:__main__:
【val】epoch:64/150 loss:0.2480 acc:0.9351
INFO:__main__:
【Val】:  SENS: 0.9687  SPEC: 0.9142  PPV: 0.8755  NPV: 0.9791 F1:0.9197
INFO:__main__:验证的best_acc:0.9503
INFO:__main__:----------------------------------------------------------------------------------------------------
INFO:__main__:
【train】epoch:65/150 loss:0.0101 acc:0.9984
INFO:__main__:
【val】epoch:65/150 loss:0.3072 acc:0.9399
INFO:__main__:
【Val】:  SENS: 0.9708  SPEC: 0.9207  PPV: 0.8840  NPV: 0.9806 F1:0.9254
INFO:__main__:验证的best_acc:0.9503
INFO:__main__:----------------------------------------------------------------------------------------------------
INFO:__main__:
【train】epoch:66/150 loss:0.0119 acc:0.9979
INFO:__main__:
【val】epoch:66/150 loss:0.3109 acc:0.9375
INFO:__main__:
【Val】:  SENS: 0.9749  SPEC: 0.9142  PPV: 0.8762  NPV: 0.9832 F1:0.9229
INFO:__main__:验证的best_acc:0.9503
INFO:__main__:----------------------------------------------------------------------------------------------------
INFO:__main__:
【train】epoch:67/150 loss:0.0105 acc:0.9983
INFO:__main__:
【val】epoch:67/150 loss:0.2432 acc:0.9399
INFO:__main__:
【Val】:  SENS: 0.9541  SPEC: 0.9311  PPV: 0.8961  NPV: 0.9702 F1:0.9242
INFO:__main__:验证的best_acc:0.9503
INFO:__main__:----------------------------------------------------------------------------------------------------
INFO:__main__:
【train】epoch:68/150 loss:0.0221 acc:0.9949
INFO:__main__:
【val】epoch:68/150 loss:0.2117 acc:0.9399
INFO:__main__:
【Val】:  SENS: 0.9374  SPEC: 0.9415  PPV: 0.9089  NPV: 0.9602 F1:0.9229
INFO:__main__:验证的best_acc:0.9503
INFO:__main__:----------------------------------------------------------------------------------------------------
INFO:__main__:
【train】epoch:69/150 loss:0.0125 acc:0.9976
INFO:__main__:
【val】epoch:69/150 loss:0.2332 acc:0.9359
INFO:__main__:
【Val】:  SENS: 0.9436  SPEC: 0.9311  PPV: 0.8950  NPV: 0.9637 F1:0.9187
INFO:__main__:验证的best_acc:0.9503
INFO:__main__:----------------------------------------------------------------------------------------------------
INFO:__main__:
【train】epoch:70/150 loss:0.0094 acc:0.9983
INFO:__main__:
【val】epoch:70/150 loss:0.1990 acc:0.9487
INFO:__main__:
【Val】:  SENS: 0.9290  SPEC: 0.9610  PPV: 0.9368  NPV: 0.9560 F1:0.9329
INFO:__main__:验证的best_acc:0.9503
INFO:__main__:----------------------------------------------------------------------------------------------------
INFO:__main__:
【train】epoch:71/150 loss:0.0111 acc:0.9976
INFO:__main__:
【val】epoch:71/150 loss:0.1927 acc:0.9511
INFO:__main__:
【Val】:  SENS: 0.9603  SPEC: 0.9454  PPV: 0.9163  NPV: 0.9745 F1:0.9378
INFO:__main__:验证的best_acc:0.9511
INFO:__main__:----------------------------------------------------------------------------------------------------
INFO:__main__:
【train】epoch:72/150 loss:0.0051 acc:0.9992
INFO:__main__:
【val】epoch:72/150 loss:0.2123 acc:0.9479
INFO:__main__:
【Val】:  SENS: 0.9624  SPEC: 0.9389  PPV: 0.9075  NPV: 0.9757 F1:0.9341
INFO:__main__:验证的best_acc:0.9511
INFO:__main__:----------------------------------------------------------------------------------------------------
INFO:__main__:
【train】epoch:73/150 loss:0.0089 acc:0.9979
INFO:__main__:
【val】epoch:73/150 loss:0.2443 acc:0.9479
INFO:__main__:
【Val】:  SENS: 0.9729  SPEC: 0.9324  PPV: 0.8996  NPV: 0.9822 F1:0.9348
INFO:__main__:验证的best_acc:0.9511
INFO:__main__:----------------------------------------------------------------------------------------------------
INFO:__main__:
【train】epoch:74/150 loss:0.0083 acc:0.9987
INFO:__main__:
【val】epoch:74/150 loss:0.2045 acc:0.9487
INFO:__main__:
【Val】:  SENS: 0.9478  SPEC: 0.9493  PPV: 0.9209  NPV: 0.9669 F1:0.9342
INFO:__main__:验证的best_acc:0.9511
INFO:__main__:----------------------------------------------------------------------------------------------------
INFO:__main__:
【train】epoch:75/150 loss:0.0132 acc:0.9972
INFO:__main__:
【val】epoch:75/150 loss:0.2348 acc:0.9463
INFO:__main__:
【Val】:  SENS: 0.9562  SPEC: 0.9402  PPV: 0.9087  NPV: 0.9718 F1:0.9318
INFO:__main__:验证的best_acc:0.9511
INFO:__main__:----------------------------------------------------------------------------------------------------
INFO:__main__:
【train】epoch:76/150 loss:0.0129 acc:0.9967
INFO:__main__:
【val】epoch:76/150 loss:0.2996 acc:0.9359
INFO:__main__:
【Val】:  SENS: 0.9749  SPEC: 0.9116  PPV: 0.8729  NPV: 0.9832 F1:0.9211
INFO:__main__:验证的best_acc:0.9511
INFO:__main__:----------------------------------------------------------------------------------------------------
INFO:__main__:
【train】epoch:77/150 loss:0.0054 acc:0.9987
INFO:__main__:
【val】epoch:77/150 loss:0.2518 acc:0.9415
INFO:__main__:
【Val】:  SENS: 0.9645  SPEC: 0.9272  PPV: 0.8919  NPV: 0.9767 F1:0.9268
INFO:__main__:验证的best_acc:0.9511
INFO:__main__:----------------------------------------------------------------------------------------------------
INFO:__main__:
【train】epoch:78/150 loss:0.0055 acc:0.9991
INFO:__main__:
【val】epoch:78/150 loss:0.2387 acc:0.9463
INFO:__main__:
【Val】:  SENS: 0.9729  SPEC: 0.9298  PPV: 0.8962  NPV: 0.9821 F1:0.9329
INFO:__main__:验证的best_acc:0.9511
INFO:__main__:----------------------------------------------------------------------------------------------------
INFO:__main__:
【train】epoch:79/150 loss:0.0097 acc:0.9978
INFO:__main__:
【val】epoch:79/150 loss:0.1985 acc:0.9487
INFO:__main__:
【Val】:  SENS: 0.9499  SPEC: 0.9480  PPV: 0.9192  NPV: 0.9681 F1:0.9343
INFO:__main__:验证的best_acc:0.9511
INFO:__main__:----------------------------------------------------------------------------------------------------
INFO:__main__:
【train】epoch:80/150 loss:0.0065 acc:0.9981
INFO:__main__:
【val】epoch:80/150 loss:0.2392 acc:0.9479
INFO:__main__:
【Val】:  SENS: 0.9541  SPEC: 0.9441  PPV: 0.9140  NPV: 0.9706 F1:0.9336
INFO:__main__:验证的best_acc:0.9511
INFO:__main__:----------------------------------------------------------------------------------------------------
INFO:__main__:
【train】epoch:81/150 loss:0.0066 acc:0.9986
INFO:__main__:
【val】epoch:81/150 loss:0.2175 acc:0.9439
INFO:__main__:
【Val】:  SENS: 0.9290  SPEC: 0.9532  PPV: 0.9252  NPV: 0.9557 F1:0.9271
INFO:__main__:验证的best_acc:0.9511
INFO:__main__:----------------------------------------------------------------------------------------------------
INFO:__main__:
【train】epoch:82/150 loss:0.0077 acc:0.9984
INFO:__main__:
【val】epoch:82/150 loss:0.2364 acc:0.9431
INFO:__main__:
【Val】:  SENS: 0.9478  SPEC: 0.9402  PPV: 0.9080  NPV: 0.9666 F1:0.9275
INFO:__main__:验证的best_acc:0.9511
INFO:__main__:----------------------------------------------------------------------------------------------------
INFO:__main__:
【train】epoch:83/150 loss:0.0095 acc:0.9978
INFO:__main__:
【val】epoch:83/150 loss:0.2274 acc:0.9487
INFO:__main__:
【Val】:  SENS: 0.9457  SPEC: 0.9506  PPV: 0.9226  NPV: 0.9657 F1:0.9340
INFO:__main__:验证的best_acc:0.9511
INFO:__main__:----------------------------------------------------------------------------------------------------
INFO:__main__:
【train】epoch:84/150 loss:0.0114 acc:0.9973
INFO:__main__:
【val】epoch:84/150 loss:0.2152 acc:0.9423
INFO:__main__:
【Val】:  SENS: 0.9374  SPEC: 0.9454  PPV: 0.9145  NPV: 0.9604 F1:0.9258
INFO:__main__:验证的best_acc:0.9511
INFO:__main__:----------------------------------------------------------------------------------------------------
INFO:__main__:
【train】epoch:85/150 loss:0.0079 acc:0.9983
INFO:__main__:
【val】epoch:85/150 loss:0.2114 acc:0.9447
INFO:__main__:
【Val】:  SENS: 0.9311  SPEC: 0.9532  PPV: 0.9253  NPV: 0.9569 F1:0.9282
INFO:__main__:验证的best_acc:0.9511
INFO:__main__:----------------------------------------------------------------------------------------------------
INFO:__main__:
【train】epoch:86/150 loss:0.0091 acc:0.9979
INFO:__main__:
【val】epoch:86/150 loss:0.2137 acc:0.9431
INFO:__main__:
【Val】:  SENS: 0.9562  SPEC: 0.9350  PPV: 0.9016  NPV: 0.9716 F1:0.9281
INFO:__main__:验证的best_acc:0.9511
INFO:__main__:----------------------------------------------------------------------------------------------------
INFO:__main__:
【train】epoch:87/150 loss:0.0077 acc:0.9986
INFO:__main__:
【val】epoch:87/150 loss:0.2248 acc:0.9431
INFO:__main__:
【Val】:  SENS: 0.9582  SPEC: 0.9337  PPV: 0.9000  NPV: 0.9729 F1:0.9282
INFO:__main__:验证的best_acc:0.9511
INFO:__main__:----------------------------------------------------------------------------------------------------
INFO:__main__:
【train】epoch:88/150 loss:0.0056 acc:0.9991
INFO:__main__:
【val】epoch:88/150 loss:0.2565 acc:0.9463
INFO:__main__:
【Val】:  SENS: 0.9603  SPEC: 0.9376  PPV: 0.9055  NPV: 0.9743 F1:0.9321
INFO:__main__:验证的best_acc:0.9511
INFO:__main__:----------------------------------------------------------------------------------------------------
INFO:__main__:
【train】epoch:89/150 loss:0.0050 acc:0.9989
INFO:__main__:
【val】epoch:89/150 loss:0.2329 acc:0.9423
INFO:__main__:
【Val】:  SENS: 0.9395  SPEC: 0.9441  PPV: 0.9128  NPV: 0.9616 F1:0.9259
INFO:__main__:验证的best_acc:0.9511
INFO:__main__:----------------------------------------------------------------------------------------------------
INFO:__main__:
【train】epoch:90/150 loss:0.0037 acc:0.9992
INFO:__main__:
【val】epoch:90/150 loss:0.2638 acc:0.9479
INFO:__main__:
【Val】:  SENS: 0.9603  SPEC: 0.9402  PPV: 0.9091  NPV: 0.9744 F1:0.9340
INFO:__main__:验证的best_acc:0.9511
INFO:__main__:----------------------------------------------------------------------------------------------------
INFO:__main__:
【train】epoch:91/150 loss:0.0044 acc:0.9992
INFO:__main__:
【val】epoch:91/150 loss:0.2444 acc:0.9543
INFO:__main__:
【Val】:  SENS: 0.9687  SPEC: 0.9454  PPV: 0.9170  NPV: 0.9798 F1:0.9421
INFO:__main__:验证的best_acc:0.9543
INFO:__main__:----------------------------------------------------------------------------------------------------
INFO:__main__:
【train】epoch:92/150 loss:0.0068 acc:0.9984
INFO:__main__:
【val】epoch:92/150 loss:0.2310 acc:0.9487
INFO:__main__:
【Val】:  SENS: 0.9624  SPEC: 0.9402  PPV: 0.9093  NPV: 0.9757 F1:0.9351
INFO:__main__:验证的best_acc:0.9543
INFO:__main__:----------------------------------------------------------------------------------------------------
INFO:__main__:
【train】epoch:93/150 loss:0.0068 acc:0.9989
INFO:__main__:
【val】epoch:93/150 loss:0.2633 acc:0.9479
INFO:__main__:
【Val】:  SENS: 0.9791  SPEC: 0.9285  PPV: 0.8950  NPV: 0.9862 F1:0.9352
INFO:__main__:验证的best_acc:0.9543
INFO:__main__:----------------------------------------------------------------------------------------------------
INFO:__main__:
【train】epoch:94/150 loss:0.0042 acc:0.9989
INFO:__main__:
【val】epoch:94/150 loss:0.2315 acc:0.9455
INFO:__main__:
【Val】:  SENS: 0.9624  SPEC: 0.9350  PPV: 0.9022  NPV: 0.9756 F1:0.9313
INFO:__main__:验证的best_acc:0.9543
INFO:__main__:----------------------------------------------------------------------------------------------------
INFO:__main__:
【train】epoch:95/150 loss:0.0077 acc:0.9986
INFO:__main__:
【val】epoch:95/150 loss:0.2358 acc:0.9463
INFO:__main__:
【Val】:  SENS: 0.9603  SPEC: 0.9376  PPV: 0.9055  NPV: 0.9743 F1:0.9321
INFO:__main__:验证的best_acc:0.9543
INFO:__main__:----------------------------------------------------------------------------------------------------
INFO:__main__:
【train】epoch:96/150 loss:0.0074 acc:0.9976
INFO:__main__:
【val】epoch:96/150 loss:0.2608 acc:0.9287
INFO:__main__:
【Val】:  SENS: 0.9541  SPEC: 0.9129  PPV: 0.8721  NPV: 0.9696 F1:0.9113
INFO:__main__:验证的best_acc:0.9543
INFO:__main__:----------------------------------------------------------------------------------------------------
INFO:__main__:
【train】epoch:97/150 loss:0.0060 acc:0.9987
INFO:__main__:
【val】epoch:97/150 loss:0.2677 acc:0.9343
INFO:__main__:
【Val】:  SENS: 0.9520  SPEC: 0.9233  PPV: 0.8854  NPV: 0.9686 F1:0.9175
INFO:__main__:验证的best_acc:0.9543
INFO:__main__:----------------------------------------------------------------------------------------------------
INFO:__main__:
【train】epoch:98/150 loss:0.0034 acc:0.9994
INFO:__main__:
【val】epoch:98/150 loss:0.2803 acc:0.9359
INFO:__main__:
【Val】:  SENS: 0.9603  SPEC: 0.9207  PPV: 0.8829  NPV: 0.9739 F1:0.9200
INFO:__main__:验证的best_acc:0.9543
INFO:__main__:----------------------------------------------------------------------------------------------------
INFO:__main__:
【train】epoch:99/150 loss:0.0023 acc:0.9997
INFO:__main__:
【val】epoch:99/150 loss:0.2556 acc:0.9383
INFO:__main__:
【Val】:  SENS: 0.9541  SPEC: 0.9285  PPV: 0.8926  NPV: 0.9701 F1:0.9223
INFO:__main__:验证的best_acc:0.9543
INFO:__main__:----------------------------------------------------------------------------------------------------
INFO:__main__:
【train】epoch:100/150 loss:0.0040 acc:0.9989
INFO:__main__:
【val】epoch:100/150 loss:0.2489 acc:0.9351
INFO:__main__:
【Val】:  SENS: 0.9374  SPEC: 0.9337  PPV: 0.8980  NPV: 0.9599 F1:0.9173
INFO:__main__:验证的best_acc:0.9543
INFO:__main__:----------------------------------------------------------------------------------------------------
INFO:__main__:
【train】epoch:101/150 loss:0.0050 acc:0.9992
INFO:__main__:
【val】epoch:101/150 loss:0.2719 acc:0.9391
INFO:__main__:
【Val】:  SENS: 0.9541  SPEC: 0.9298  PPV: 0.8943  NPV: 0.9701 F1:0.9232
INFO:__main__:验证的best_acc:0.9543
INFO:__main__:----------------------------------------------------------------------------------------------------
INFO:__main__:
【train】epoch:102/150 loss:0.0036 acc:0.9994
INFO:__main__:
【val】epoch:102/150 loss:0.2816 acc:0.9367
INFO:__main__:
【Val】:  SENS: 0.9645  SPEC: 0.9194  PPV: 0.8817  NPV: 0.9765 F1:0.9212
INFO:__main__:验证的best_acc:0.9543
INFO:__main__:----------------------------------------------------------------------------------------------------
INFO:__main__:
【train】epoch:103/150 loss:0.0018 acc:1.0000
INFO:__main__:
【val】epoch:103/150 loss:0.2650 acc:0.9415
INFO:__main__:
【Val】:  SENS: 0.9603  SPEC: 0.9298  PPV: 0.8949  NPV: 0.9741 F1:0.9265
INFO:__main__:验证的best_acc:0.9543
INFO:__main__:----------------------------------------------------------------------------------------------------
INFO:__main__:
【train】epoch:104/150 loss:0.0026 acc:0.9998
INFO:__main__:
【val】epoch:104/150 loss:0.2707 acc:0.9375
INFO:__main__:
【Val】:  SENS: 0.9603  SPEC: 0.9233  PPV: 0.8863  NPV: 0.9739 F1:0.9218
INFO:__main__:验证的best_acc:0.9543
INFO:__main__:----------------------------------------------------------------------------------------------------
INFO:__main__:
【train】epoch:105/150 loss:0.0035 acc:0.9994
INFO:__main__:
【val】epoch:105/150 loss:0.2614 acc:0.9415
INFO:__main__:
【Val】:  SENS: 0.9645  SPEC: 0.9272  PPV: 0.8919  NPV: 0.9767 F1:0.9268
INFO:__main__:验证的best_acc:0.9543
INFO:__main__:----------------------------------------------------------------------------------------------------
INFO:__main__:
【train】epoch:106/150 loss:0.0035 acc:0.9992
INFO:__main__:
【val】epoch:106/150 loss:0.2649 acc:0.9359
INFO:__main__:
【Val】:  SENS: 0.9541  SPEC: 0.9246  PPV: 0.8874  NPV: 0.9700 F1:0.9195
INFO:__main__:验证的best_acc:0.9543
INFO:__main__:----------------------------------------------------------------------------------------------------
INFO:__main__:
【train】epoch:107/150 loss:0.0030 acc:0.9992
INFO:__main__:
【val】epoch:107/150 loss:0.2921 acc:0.9319
INFO:__main__:
【Val】:  SENS: 0.9582  SPEC: 0.9155  PPV: 0.8760  NPV: 0.9724 F1:0.9153
INFO:__main__:验证的best_acc:0.9543
INFO:__main__:----------------------------------------------------------------------------------------------------
INFO:__main__:
【train】epoch:108/150 loss:0.0016 acc:0.9997
INFO:__main__:
【val】epoch:108/150 loss:0.2494 acc:0.9375
INFO:__main__:
【Val】:  SENS: 0.9541  SPEC: 0.9272  PPV: 0.8908  NPV: 0.9701 F1:0.9214
INFO:__main__:验证的best_acc:0.9543
INFO:__main__:----------------------------------------------------------------------------------------------------
INFO:__main__:
【train】epoch:109/150 loss:0.0021 acc:0.9997
INFO:__main__:
【val】epoch:109/150 loss:0.2686 acc:0.9367
INFO:__main__:
【Val】:  SENS: 0.9582  SPEC: 0.9233  PPV: 0.8861  NPV: 0.9726 F1:0.9208
INFO:__main__:验证的best_acc:0.9543
INFO:__main__:----------------------------------------------------------------------------------------------------
INFO:__main__:
【train】epoch:110/150 loss:0.0029 acc:0.9994
INFO:__main__:
【val】epoch:110/150 loss:0.2741 acc:0.9367
INFO:__main__:
【Val】:  SENS: 0.9562  SPEC: 0.9246  PPV: 0.8876  NPV: 0.9713 F1:0.9206
INFO:__main__:验证的best_acc:0.9543
INFO:__main__:----------------------------------------------------------------------------------------------------
INFO:__main__:
【train】epoch:111/150 loss:0.0024 acc:0.9995
INFO:__main__:
【val】epoch:111/150 loss:0.3013 acc:0.9327
INFO:__main__:
【Val】:  SENS: 0.9645  SPEC: 0.9129  PPV: 0.8733  NPV: 0.9764 F1:0.9167
INFO:__main__:验证的best_acc:0.9543
INFO:__main__:----------------------------------------------------------------------------------------------------
INFO:__main__:
【train】epoch:112/150 loss:0.0016 acc:1.0000
INFO:__main__:
【val】epoch:112/150 loss:0.2707 acc:0.9423
INFO:__main__:
【Val】:  SENS: 0.9603  SPEC: 0.9311  PPV: 0.8967  NPV: 0.9741 F1:0.9274
INFO:__main__:验证的best_acc:0.9543
INFO:__main__:----------------------------------------------------------------------------------------------------
INFO:__main__:
【train】epoch:113/150 loss:0.0014 acc:0.9998
INFO:__main__:
【val】epoch:113/150 loss:0.2487 acc:0.9447
INFO:__main__:
【Val】:  SENS: 0.9603  SPEC: 0.9350  PPV: 0.9020  NPV: 0.9743 F1:0.9302
INFO:__main__:验证的best_acc:0.9543
INFO:__main__:----------------------------------------------------------------------------------------------------
INFO:__main__:
【train】epoch:114/150 loss:0.0010 acc:1.0000
INFO:__main__:
【val】epoch:114/150 loss:0.2527 acc:0.9455
INFO:__main__:
【Val】:  SENS: 0.9624  SPEC: 0.9350  PPV: 0.9022  NPV: 0.9756 F1:0.9313
INFO:__main__:验证的best_acc:0.9543
INFO:__main__:----------------------------------------------------------------------------------------------------
INFO:__main__:
【train】epoch:115/150 loss:0.0013 acc:0.9998
INFO:__main__:
【val】epoch:115/150 loss:0.2406 acc:0.9447
INFO:__main__:
【Val】:  SENS: 0.9603  SPEC: 0.9350  PPV: 0.9020  NPV: 0.9743 F1:0.9302
INFO:__main__:验证的best_acc:0.9543
INFO:__main__:----------------------------------------------------------------------------------------------------
INFO:__main__:
【train】epoch:116/150 loss:0.0027 acc:0.9992
INFO:__main__:
【val】epoch:116/150 loss:0.2571 acc:0.9463
INFO:__main__:
【Val】:  SENS: 0.9708  SPEC: 0.9311  PPV: 0.8977  NPV: 0.9808 F1:0.9328
INFO:__main__:验证的best_acc:0.9543
INFO:__main__:----------------------------------------------------------------------------------------------------
INFO:__main__:
【train】epoch:117/150 loss:0.0022 acc:0.9997
INFO:__main__:
【val】epoch:117/150 loss:0.2355 acc:0.9455
INFO:__main__:
【Val】:  SENS: 0.9645  SPEC: 0.9337  PPV: 0.9006  NPV: 0.9769 F1:0.9315
INFO:__main__:验证的best_acc:0.9543
INFO:__main__:----------------------------------------------------------------------------------------------------
INFO:__main__:
【train】epoch:118/150 loss:0.0010 acc:0.9998
INFO:__main__:
【val】epoch:118/150 loss:0.2474 acc:0.9431
INFO:__main__:
【Val】:  SENS: 0.9562  SPEC: 0.9350  PPV: 0.9016  NPV: 0.9716 F1:0.9281
INFO:__main__:验证的best_acc:0.9543
INFO:__main__:----------------------------------------------------------------------------------------------------
INFO:__main__:
【train】epoch:119/150 loss:0.0013 acc:0.9997
INFO:__main__:
【val】epoch:119/150 loss:0.2564 acc:0.9431
INFO:__main__:
【Val】:  SENS: 0.9582  SPEC: 0.9337  PPV: 0.9000  NPV: 0.9729 F1:0.9282
INFO:__main__:验证的best_acc:0.9543
INFO:__main__:----------------------------------------------------------------------------------------------------
INFO:__main__:
【train】epoch:120/150 loss:0.0009 acc:1.0000
INFO:__main__:
【val】epoch:120/150 loss:0.2528 acc:0.9471
INFO:__main__:
【Val】:  SENS: 0.9666  SPEC: 0.9350  PPV: 0.9025  NPV: 0.9782 F1:0.9335
INFO:__main__:验证的best_acc:0.9543
INFO:__main__:----------------------------------------------------------------------------------------------------
INFO:__main__:
【train】epoch:121/150 loss:0.0010 acc:0.9998
INFO:__main__:
【val】epoch:121/150 loss:0.2594 acc:0.9447
INFO:__main__:
【Val】:  SENS: 0.9687  SPEC: 0.9298  PPV: 0.8958  NPV: 0.9795 F1:0.9308
INFO:__main__:验证的best_acc:0.9543
INFO:__main__:----------------------------------------------------------------------------------------------------
INFO:__main__:
【train】epoch:122/150 loss:0.0008 acc:1.0000
INFO:__main__:
【val】epoch:122/150 loss:0.2617 acc:0.9479
INFO:__main__:
【Val】:  SENS: 0.9666  SPEC: 0.9363  PPV: 0.9043  NPV: 0.9783 F1:0.9344
INFO:__main__:验证的best_acc:0.9543
INFO:__main__:----------------------------------------------------------------------------------------------------
INFO:__main__:
【train】epoch:123/150 loss:0.0010 acc:0.9998
INFO:__main__:
【val】epoch:123/150 loss:0.2793 acc:0.9455
INFO:__main__:
【Val】:  SENS: 0.9729  SPEC: 0.9285  PPV: 0.8944  NPV: 0.9821 F1:0.9320
INFO:__main__:验证的best_acc:0.9543
INFO:__main__:----------------------------------------------------------------------------------------------------
INFO:__main__:
【train】epoch:124/150 loss:0.0011 acc:0.9997
INFO:__main__:
【val】epoch:124/150 loss:0.2570 acc:0.9471
INFO:__main__:
【Val】:  SENS: 0.9562  SPEC: 0.9415  PPV: 0.9105  NPV: 0.9718 F1:0.9328
INFO:__main__:验证的best_acc:0.9543
INFO:__main__:----------------------------------------------------------------------------------------------------
INFO:__main__:
【train】epoch:125/150 loss:0.0019 acc:0.9997
INFO:__main__:
【val】epoch:125/150 loss:0.2582 acc:0.9455
INFO:__main__:
【Val】:  SENS: 0.9603  SPEC: 0.9363  PPV: 0.9037  NPV: 0.9743 F1:0.9312
INFO:__main__:验证的best_acc:0.9543
INFO:__main__:----------------------------------------------------------------------------------------------------
INFO:__main__:
【train】epoch:126/150 loss:0.0025 acc:0.9997
INFO:__main__:
【val】epoch:126/150 loss:0.2734 acc:0.9455
INFO:__main__:
【Val】:  SENS: 0.9666  SPEC: 0.9324  PPV: 0.8990  NPV: 0.9782 F1:0.9316
INFO:__main__:验证的best_acc:0.9543
INFO:__main__:----------------------------------------------------------------------------------------------------
INFO:__main__:
【train】epoch:127/150 loss:0.0017 acc:0.9997
INFO:__main__:
【val】epoch:127/150 loss:0.2537 acc:0.9471
INFO:__main__:
【Val】:  SENS: 0.9582  SPEC: 0.9402  PPV: 0.9089  NPV: 0.9731 F1:0.9329
INFO:__main__:验证的best_acc:0.9543
INFO:__main__:----------------------------------------------------------------------------------------------------
INFO:__main__:
【train】epoch:128/150 loss:0.0014 acc:0.9998
INFO:__main__:
【val】epoch:128/150 loss:0.2498 acc:0.9463
INFO:__main__:
【Val】:  SENS: 0.9603  SPEC: 0.9376  PPV: 0.9055  NPV: 0.9743 F1:0.9321
INFO:__main__:验证的best_acc:0.9543
INFO:__main__:----------------------------------------------------------------------------------------------------
INFO:__main__:
【train】epoch:129/150 loss:0.0007 acc:1.0000
INFO:__main__:
【val】epoch:129/150 loss:0.2695 acc:0.9479
INFO:__main__:
【Val】:  SENS: 0.9687  SPEC: 0.9350  PPV: 0.9027  NPV: 0.9796 F1:0.9345
INFO:__main__:验证的best_acc:0.9543
INFO:__main__:----------------------------------------------------------------------------------------------------
INFO:__main__:
【train】epoch:130/150 loss:0.0028 acc:0.9994
INFO:__main__:
【val】epoch:130/150 loss:0.2676 acc:0.9479
INFO:__main__:
【Val】:  SENS: 0.9645  SPEC: 0.9376  PPV: 0.9059  NPV: 0.9770 F1:0.9343
INFO:__main__:验证的best_acc:0.9543
INFO:__main__:----------------------------------------------------------------------------------------------------
INFO:__main__:
【train】epoch:131/150 loss:0.0017 acc:0.9997
INFO:__main__:
【val】epoch:131/150 loss:0.2603 acc:0.9487
INFO:__main__:
【Val】:  SENS: 0.9687  SPEC: 0.9363  PPV: 0.9045  NPV: 0.9796 F1:0.9355
INFO:__main__:验证的best_acc:0.9543
INFO:__main__:----------------------------------------------------------------------------------------------------
INFO:__main__:
【train】epoch:132/150 loss:0.0015 acc:0.9998
INFO:__main__:
【val】epoch:132/150 loss:0.2516 acc:0.9471
INFO:__main__:
【Val】:  SENS: 0.9603  SPEC: 0.9389  PPV: 0.9073  NPV: 0.9744 F1:0.9331
INFO:__main__:验证的best_acc:0.9543
INFO:__main__:----------------------------------------------------------------------------------------------------
INFO:__main__:
【train】epoch:133/150 loss:0.0008 acc:1.0000
INFO:__main__:
【val】epoch:133/150 loss:0.2671 acc:0.9455
INFO:__main__:
【Val】:  SENS: 0.9687  SPEC: 0.9311  PPV: 0.8975  NPV: 0.9795 F1:0.9317
INFO:__main__:验证的best_acc:0.9543
INFO:__main__:----------------------------------------------------------------------------------------------------
INFO:__main__:
【train】epoch:134/150 loss:0.0019 acc:0.9995
INFO:__main__:
【val】epoch:134/150 loss:0.2694 acc:0.9463
INFO:__main__:
【Val】:  SENS: 0.9645  SPEC: 0.9350  PPV: 0.9023  NPV: 0.9769 F1:0.9324
INFO:__main__:验证的best_acc:0.9543
INFO:__main__:----------------------------------------------------------------------------------------------------
INFO:__main__:
【train】epoch:135/150 loss:0.0017 acc:0.9995
INFO:__main__:
【val】epoch:135/150 loss:0.2683 acc:0.9447
INFO:__main__:
【Val】:  SENS: 0.9645  SPEC: 0.9324  PPV: 0.8988  NPV: 0.9768 F1:0.9305
INFO:__main__:验证的best_acc:0.9543
INFO:__main__:----------------------------------------------------------------------------------------------------
INFO:__main__:
【train】epoch:136/150 loss:0.0010 acc:0.9998
INFO:__main__:
【val】epoch:136/150 loss:0.2548 acc:0.9471
INFO:__main__:
【Val】:  SENS: 0.9603  SPEC: 0.9389  PPV: 0.9073  NPV: 0.9744 F1:0.9331
INFO:__main__:验证的best_acc:0.9543
INFO:__main__:----------------------------------------------------------------------------------------------------
INFO:__main__:
【train】epoch:137/150 loss:0.0006 acc:1.0000
INFO:__main__:
【val】epoch:137/150 loss:0.2534 acc:0.9479
INFO:__main__:
【Val】:  SENS: 0.9603  SPEC: 0.9402  PPV: 0.9091  NPV: 0.9744 F1:0.9340
INFO:__main__:验证的best_acc:0.9543
INFO:__main__:----------------------------------------------------------------------------------------------------
INFO:__main__:
【train】epoch:138/150 loss:0.0007 acc:0.9998
INFO:__main__:
【val】epoch:138/150 loss:0.2554 acc:0.9479
INFO:__main__:
【Val】:  SENS: 0.9582  SPEC: 0.9415  PPV: 0.9107  NPV: 0.9731 F1:0.9339
INFO:__main__:验证的best_acc:0.9543
INFO:__main__:----------------------------------------------------------------------------------------------------
INFO:__main__:
【train】epoch:139/150 loss:0.0011 acc:0.9998
INFO:__main__:
【val】epoch:139/150 loss:0.2577 acc:0.9463
INFO:__main__:
【Val】:  SENS: 0.9645  SPEC: 0.9350  PPV: 0.9023  NPV: 0.9769 F1:0.9324
INFO:__main__:验证的best_acc:0.9543
INFO:__main__:----------------------------------------------------------------------------------------------------
INFO:__main__:
【train】epoch:140/150 loss:0.0015 acc:0.9995
INFO:__main__:
【val】epoch:140/150 loss:0.2619 acc:0.9519
INFO:__main__:
【Val】:  SENS: 0.9687  SPEC: 0.9415  PPV: 0.9116  NPV: 0.9797 F1:0.9393
INFO:__main__:验证的best_acc:0.9543
INFO:__main__:----------------------------------------------------------------------------------------------------
INFO:__main__:
【train】epoch:141/150 loss:0.0010 acc:0.9998
INFO:__main__:
【val】epoch:141/150 loss:0.2574 acc:0.9503
INFO:__main__:
【Val】:  SENS: 0.9603  SPEC: 0.9441  PPV: 0.9145  NPV: 0.9745 F1:0.9369
INFO:__main__:验证的best_acc:0.9543
INFO:__main__:----------------------------------------------------------------------------------------------------
INFO:__main__:
【train】epoch:142/150 loss:0.0011 acc:0.9998
INFO:__main__:
【val】epoch:142/150 loss:0.2541 acc:0.9511
INFO:__main__:
【Val】:  SENS: 0.9582  SPEC: 0.9467  PPV: 0.9180  NPV: 0.9733 F1:0.9377
INFO:__main__:验证的best_acc:0.9543
INFO:__main__:----------------------------------------------------------------------------------------------------
INFO:__main__:
【train】epoch:143/150 loss:0.0017 acc:0.9997
INFO:__main__:
【val】epoch:143/150 loss:0.2552 acc:0.9495
INFO:__main__:
【Val】:  SENS: 0.9645  SPEC: 0.9402  PPV: 0.9094  NPV: 0.9770 F1:0.9362
INFO:__main__:验证的best_acc:0.9543
INFO:__main__:----------------------------------------------------------------------------------------------------
INFO:__main__:
【train】epoch:144/150 loss:0.0012 acc:0.9997
INFO:__main__:
【val】epoch:144/150 loss:0.2647 acc:0.9479
INFO:__main__:
【Val】:  SENS: 0.9603  SPEC: 0.9402  PPV: 0.9091  NPV: 0.9744 F1:0.9340
INFO:__main__:验证的best_acc:0.9543
INFO:__main__:----------------------------------------------------------------------------------------------------
INFO:__main__:
【train】epoch:145/150 loss:0.0009 acc:0.9997
INFO:__main__:
【val】epoch:145/150 loss:0.2641 acc:0.9479
INFO:__main__:
【Val】:  SENS: 0.9562  SPEC: 0.9428  PPV: 0.9124  NPV: 0.9718 F1:0.9337
INFO:__main__:验证的best_acc:0.9543
INFO:__main__:----------------------------------------------------------------------------------------------------
INFO:__main__:
【train】epoch:146/150 loss:0.0008 acc:0.9998
INFO:__main__:
【val】epoch:146/150 loss:0.2632 acc:0.9487
INFO:__main__:
【Val】:  SENS: 0.9645  SPEC: 0.9389  PPV: 0.9077  NPV: 0.9770 F1:0.9352
INFO:__main__:验证的best_acc:0.9543
INFO:__main__:----------------------------------------------------------------------------------------------------
INFO:__main__:
【train】epoch:147/150 loss:0.0010 acc:0.9998
INFO:__main__:
【val】epoch:147/150 loss:0.2511 acc:0.9463
INFO:__main__:
【Val】:  SENS: 0.9478  SPEC: 0.9454  PPV: 0.9153  NPV: 0.9668 F1:0.9313
INFO:__main__:验证的best_acc:0.9543
INFO:__main__:----------------------------------------------------------------------------------------------------
INFO:__main__:
【train】epoch:148/150 loss:0.0009 acc:0.9998
INFO:__main__:
【val】epoch:148/150 loss:0.2557 acc:0.9479
INFO:__main__:
【Val】:  SENS: 0.9603  SPEC: 0.9402  PPV: 0.9091  NPV: 0.9744 F1:0.9340
INFO:__main__:验证的best_acc:0.9543
INFO:__main__:----------------------------------------------------------------------------------------------------
INFO:__main__:
【train】epoch:149/150 loss:0.0007 acc:0.9998
INFO:__main__:
【val】epoch:149/150 loss:0.2522 acc:0.9511
INFO:__main__:
【Val】:  SENS: 0.9624  SPEC: 0.9441  PPV: 0.9147  NPV: 0.9758 F1:0.9379
INFO:__main__:验证的best_acc:0.9543
INFO:__main__:----------------------------------------------------------------------------------------------------
INFO:__main__:****************************************************************************************************
INFO:__main__:Val_LOSS:['0.4977', '0.6952', '0.3908', '0.3577', '0.2662', '0.2373', '0.2194', '0.3104', '0.2481', '0.1590', '0.1968', '0.2357', '0.1970', '0.2080', '0.2570', '0.2234', '0.2722', '0.2266', '0.2190', '0.2124', '0.2278', '0.1818', '0.1949', '0.2577', '0.2586', '0.2277', '0.2093', '0.1761', '0.1612', '0.2081', '0.1811', '0.1774', '0.2009', '0.1826', '0.1607', '0.1908', '0.2023', '0.2069', '0.2188', '0.2062', '0.2017', '0.1964', '0.1906', '0.1605', '0.1521', '0.2095', '0.1976', '0.1817', '0.1653', '0.1952', '0.2653', '0.2131', '0.2003', '0.1843', '0.2065', '0.1968', '0.2259', '0.2182', '0.2115', '0.2045', '0.2182', '0.2580', '0.2495', '0.2312', '0.2480', '0.3072', '0.3109', '0.2432', '0.2117', '0.2332', '0.1990', '0.1927', '0.2123', '0.2443', '0.2045', '0.2348', '0.2996', '0.2518', '0.2387', '0.1985', '0.2392', '0.2175', '0.2364', '0.2274', '0.2152', '0.2114', '0.2137', '0.2248', '0.2565', '0.2329', '0.2638', '0.2444', '0.2310', '0.2633', '0.2315', '0.2358', '0.2608', '0.2677', '0.2803', '0.2556', '0.2489', '0.2719', '0.2816', '0.2650', '0.2707', '0.2614', '0.2649', '0.2921', '0.2494', '0.2686', '0.2741', '0.3013', '0.2707', '0.2487', '0.2527', '0.2406', '0.2571', '0.2355', '0.2474', '0.2564', '0.2528', '0.2594', '0.2617', '0.2793', '0.2570', '0.2582', '0.2734', '0.2537', '0.2498', '0.2695', '0.2676', '0.2603', '0.2516', '0.2671', '0.2694', '0.2683', '0.2548', '0.2534', '0.2554', '0.2577', '0.2619', '0.2574', '0.2541', '0.2552', '0.2647', '0.2641', '0.2632', '0.2511', '0.2557', '0.2522']
INFO:__main__:Val_ACC:['0.7476', '0.7540', '0.8173', '0.8510', '0.8862', '0.8958', '0.9111', '0.8766', '0.9030', '0.9375', '0.9215', '0.9046', '0.9215', '0.9127', '0.8910', '0.8998', '0.8902', '0.9231', '0.9255', '0.9359', '0.9295', '0.9375', '0.9351', '0.9287', '0.9143', '0.9311', '0.9231', '0.9447', '0.9439', '0.9471', '0.9447', '0.9431', '0.9407', '0.9367', '0.9415', '0.9407', '0.9311', '0.9343', '0.9407', '0.9359', '0.9455', '0.9463', '0.9399', '0.9503', '0.9463', '0.9439', '0.9439', '0.9367', '0.9471', '0.9399', '0.9247', '0.9367', '0.9463', '0.9471', '0.9383', '0.9327', '0.9447', '0.9351', '0.9431', '0.9495', '0.9479', '0.9391', '0.9311', '0.9383', '0.9351', '0.9399', '0.9375', '0.9399', '0.9399', '0.9359', '0.9487', '0.9511', '0.9479', '0.9479', '0.9487', '0.9463', '0.9359', '0.9415', '0.9463', '0.9487', '0.9479', '0.9439', '0.9431', '0.9487', '0.9423', '0.9447', '0.9431', '0.9431', '0.9463', '0.9423', '0.9479', '0.9543', '0.9487', '0.9479', '0.9455', '0.9463', '0.9287', '0.9343', '0.9359', '0.9383', '0.9351', '0.9391', '0.9367', '0.9415', '0.9375', '0.9415', '0.9359', '0.9319', '0.9375', '0.9367', '0.9367', '0.9327', '0.9423', '0.9447', '0.9455', '0.9447', '0.9463', '0.9455', '0.9431', '0.9431', '0.9471', '0.9447', '0.9479', '0.9455', '0.9471', '0.9455', '0.9455', '0.9471', '0.9463', '0.9479', '0.9479', '0.9487', '0.9471', '0.9455', '0.9463', '0.9447', '0.9471', '0.9479', '0.9479', '0.9463', '0.9519', '0.9503', '0.9511', '0.9495', '0.9479', '0.9479', '0.9487', '0.9463', '0.9479', '0.9511']
INFO:__main__:****************************************************************************************************
INFO:__main__:best_acc:0.9543  对应epoch:91  
 对应sens0.9687  spec0.9454  ppv0.9170  npv0.9798  F10.9421
