INFO:__main__:
【train】epoch:0/150 loss:0.5477 acc:0.7273
INFO:__main__:
【val】epoch:0/150 loss:0.4719 acc:0.7909
INFO:__main__:
【Val】:  SENS: 0.6764  SPEC: 0.8622  PPV: 0.7535  NPV: 0.8105 F1:0.7129
INFO:__main__:验证的best_acc:0.7909
INFO:__main__:----------------------------------------------------------------------------------------------------
INFO:__main__:
【train】epoch:1/150 loss:0.4761 acc:0.7811
INFO:__main__:
【val】epoch:1/150 loss:0.4346 acc:0.7901
INFO:__main__:
【Val】:  SENS: 0.6117  SPEC: 0.9012  PPV: 0.7940  NPV: 0.7884 F1:0.6910
INFO:__main__:验证的best_acc:0.7909
INFO:__main__:----------------------------------------------------------------------------------------------------
INFO:__main__:
【train】epoch:2/150 loss:0.4230 acc:0.8128
INFO:__main__:
【val】epoch:2/150 loss:0.3398 acc:0.8494
INFO:__main__:
【Val】:  SENS: 0.8956  SPEC: 0.8205  PPV: 0.7566  NPV: 0.9266 F1:0.8203
INFO:__main__:验证的best_acc:0.8494
INFO:__main__:----------------------------------------------------------------------------------------------------
INFO:__main__:
【train】epoch:3/150 loss:0.3601 acc:0.8419
INFO:__main__:
【val】epoch:3/150 loss:0.3673 acc:0.8550
INFO:__main__:
【Val】:  SENS: 0.8476  SPEC: 0.8596  PPV: 0.7899  NPV: 0.9005 F1:0.8177
INFO:__main__:验证的best_acc:0.8550
INFO:__main__:----------------------------------------------------------------------------------------------------
INFO:__main__:
【train】epoch:4/150 loss:0.3218 acc:0.8630
INFO:__main__:
【val】epoch:4/150 loss:0.3808 acc:0.8478
INFO:__main__:
【Val】:  SENS: 0.9457  SPEC: 0.7867  PPV: 0.7342  NPV: 0.9588 F1:0.8266
INFO:__main__:验证的best_acc:0.8550
INFO:__main__:----------------------------------------------------------------------------------------------------
INFO:__main__:
【train】epoch:5/150 loss:0.2916 acc:0.8783
INFO:__main__:
【val】epoch:5/150 loss:0.2584 acc:0.8902
INFO:__main__:
【Val】:  SENS: 0.8559  SPEC: 0.9116  PPV: 0.8577  NPV: 0.9104 F1:0.8568
INFO:__main__:验证的best_acc:0.8902
INFO:__main__:----------------------------------------------------------------------------------------------------
INFO:__main__:
【train】epoch:6/150 loss:0.2610 acc:0.8905
INFO:__main__:
【val】epoch:6/150 loss:0.3396 acc:0.8518
INFO:__main__:
【Val】:  SENS: 0.9395  SPEC: 0.7971  PPV: 0.7426  NPV: 0.9548 F1:0.8295
INFO:__main__:验证的best_acc:0.8902
INFO:__main__:----------------------------------------------------------------------------------------------------
INFO:__main__:
【train】epoch:7/150 loss:0.2286 acc:0.9067
INFO:__main__:
【val】epoch:7/150 loss:0.4272 acc:0.8413
INFO:__main__:
【Val】:  SENS: 0.9332  SPEC: 0.7841  PPV: 0.7292  NPV: 0.9496 F1:0.8187
INFO:__main__:验证的best_acc:0.8902
INFO:__main__:----------------------------------------------------------------------------------------------------
INFO:__main__:
【train】epoch:8/150 loss:0.2273 acc:0.9089
INFO:__main__:
【val】epoch:8/150 loss:0.3130 acc:0.8710
INFO:__main__:
【Val】:  SENS: 0.9562  SPEC: 0.8179  PPV: 0.7659  NPV: 0.9677 F1:0.8505
INFO:__main__:验证的best_acc:0.8902
INFO:__main__:----------------------------------------------------------------------------------------------------
INFO:__main__:
【train】epoch:9/150 loss:0.2052 acc:0.9184
INFO:__main__:
【val】epoch:9/150 loss:0.2551 acc:0.9111
INFO:__main__:
【Val】:  SENS: 0.9624  SPEC: 0.8791  PPV: 0.8321  NPV: 0.9741 F1:0.8925
INFO:__main__:验证的best_acc:0.9111
INFO:__main__:----------------------------------------------------------------------------------------------------
INFO:__main__:
【train】epoch:10/150 loss:0.1802 acc:0.9272
INFO:__main__:
【val】epoch:10/150 loss:0.2041 acc:0.9207
INFO:__main__:
【Val】:  SENS: 0.9290  SPEC: 0.9155  PPV: 0.8725  NPV: 0.9539 F1:0.8999
INFO:__main__:验证的best_acc:0.9207
INFO:__main__:----------------------------------------------------------------------------------------------------
INFO:__main__:
【train】epoch:11/150 loss:0.1768 acc:0.9265
INFO:__main__:
【val】epoch:11/150 loss:0.2311 acc:0.9062
INFO:__main__:
【Val】:  SENS: 0.9562  SPEC: 0.8752  PPV: 0.8267  NPV: 0.9697 F1:0.8867
INFO:__main__:验证的best_acc:0.9207
INFO:__main__:----------------------------------------------------------------------------------------------------
INFO:__main__:
【train】epoch:12/150 loss:0.1649 acc:0.9345
INFO:__main__:
【val】epoch:12/150 loss:0.2458 acc:0.8910
INFO:__main__:
【Val】:  SENS: 0.9645  SPEC: 0.8453  PPV: 0.7952  NPV: 0.9745 F1:0.8717
INFO:__main__:验证的best_acc:0.9207
INFO:__main__:----------------------------------------------------------------------------------------------------
INFO:__main__:
【train】epoch:13/150 loss:0.1536 acc:0.9400
INFO:__main__:
【val】epoch:13/150 loss:0.2065 acc:0.9167
INFO:__main__:
【Val】:  SENS: 0.9499  SPEC: 0.8960  PPV: 0.8505  NPV: 0.9663 F1:0.8974
INFO:__main__:验证的best_acc:0.9207
INFO:__main__:----------------------------------------------------------------------------------------------------
INFO:__main__:
【train】epoch:14/150 loss:0.1463 acc:0.9424
INFO:__main__:
【val】epoch:14/150 loss:0.1874 acc:0.9207
INFO:__main__:
【Val】:  SENS: 0.9102  SPEC: 0.9272  PPV: 0.8862  NPV: 0.9431 F1:0.8980
INFO:__main__:验证的best_acc:0.9207
INFO:__main__:----------------------------------------------------------------------------------------------------
INFO:__main__:
【train】epoch:15/150 loss:0.1369 acc:0.9479
INFO:__main__:
【val】epoch:15/150 loss:0.2384 acc:0.8958
INFO:__main__:
【Val】:  SENS: 0.9395  SPEC: 0.8687  PPV: 0.8167  NPV: 0.9584 F1:0.8738
INFO:__main__:验证的best_acc:0.9207
INFO:__main__:----------------------------------------------------------------------------------------------------
INFO:__main__:
【train】epoch:16/150 loss:0.1289 acc:0.9508
INFO:__main__:
【val】epoch:16/150 loss:0.1948 acc:0.9207
INFO:__main__:
【Val】:  SENS: 0.9436  SPEC: 0.9064  PPV: 0.8626  NPV: 0.9627 F1:0.9013
INFO:__main__:验证的best_acc:0.9207
INFO:__main__:----------------------------------------------------------------------------------------------------
INFO:__main__:
【train】epoch:17/150 loss:0.1180 acc:0.9531
INFO:__main__:
【val】epoch:17/150 loss:0.2684 acc:0.9071
INFO:__main__:
【Val】:  SENS: 0.9332  SPEC: 0.8908  PPV: 0.8418  NPV: 0.9554 F1:0.8851
INFO:__main__:验证的best_acc:0.9207
INFO:__main__:----------------------------------------------------------------------------------------------------
INFO:__main__:
【train】epoch:18/150 loss:0.1315 acc:0.9467
INFO:__main__:
【val】epoch:18/150 loss:0.1587 acc:0.9327
INFO:__main__:
【Val】:  SENS: 0.9499  SPEC: 0.9220  PPV: 0.8835  NPV: 0.9673 F1:0.9155
INFO:__main__:验证的best_acc:0.9327
INFO:__main__:----------------------------------------------------------------------------------------------------
INFO:__main__:
【train】epoch:19/150 loss:0.1085 acc:0.9585
INFO:__main__:
【val】epoch:19/150 loss:0.1867 acc:0.9415
INFO:__main__:
【Val】:  SENS: 0.9332  SPEC: 0.9467  PPV: 0.9160  NPV: 0.9579 F1:0.9245
INFO:__main__:验证的best_acc:0.9415
INFO:__main__:----------------------------------------------------------------------------------------------------
INFO:__main__:
【train】epoch:20/150 loss:0.1054 acc:0.9601
INFO:__main__:
【val】epoch:20/150 loss:0.1949 acc:0.9255
INFO:__main__:
【Val】:  SENS: 0.8685  SPEC: 0.9610  PPV: 0.9327  NPV: 0.9214 F1:0.8995
INFO:__main__:验证的best_acc:0.9415
INFO:__main__:----------------------------------------------------------------------------------------------------
INFO:__main__:
【train】epoch:21/150 loss:0.0939 acc:0.9629
INFO:__main__:
【val】epoch:21/150 loss:0.2538 acc:0.9159
INFO:__main__:
【Val】:  SENS: 0.8267  SPEC: 0.9714  PPV: 0.9474  NPV: 0.9000 F1:0.8829
INFO:__main__:验证的best_acc:0.9415
INFO:__main__:----------------------------------------------------------------------------------------------------
INFO:__main__:
【train】epoch:22/150 loss:0.0835 acc:0.9675
INFO:__main__:
【val】epoch:22/150 loss:0.2223 acc:0.9223
INFO:__main__:
【Val】:  SENS: 0.8643  SPEC: 0.9584  PPV: 0.9283  NPV: 0.9190 F1:0.8951
INFO:__main__:验证的best_acc:0.9415
INFO:__main__:----------------------------------------------------------------------------------------------------
INFO:__main__:
【train】epoch:23/150 loss:0.0798 acc:0.9680
INFO:__main__:
【val】epoch:23/150 loss:0.2112 acc:0.9279
INFO:__main__:
【Val】:  SENS: 0.8831  SPEC: 0.9558  PPV: 0.9256  NPV: 0.9292 F1:0.9038
INFO:__main__:验证的best_acc:0.9415
INFO:__main__:----------------------------------------------------------------------------------------------------
INFO:__main__:
【train】epoch:24/150 loss:0.0844 acc:0.9659
INFO:__main__:
【val】epoch:24/150 loss:0.1735 acc:0.9423
INFO:__main__:
【Val】:  SENS: 0.9624  SPEC: 0.9298  PPV: 0.8951  NPV: 0.9754 F1:0.9276
INFO:__main__:验证的best_acc:0.9423
INFO:__main__:----------------------------------------------------------------------------------------------------
INFO:__main__:
【train】epoch:25/150 loss:0.0731 acc:0.9721
INFO:__main__:
【val】epoch:25/150 loss:0.2052 acc:0.9295
INFO:__main__:
【Val】:  SENS: 0.8894  SPEC: 0.9545  PPV: 0.9241  NPV: 0.9327 F1:0.9064
INFO:__main__:验证的best_acc:0.9423
INFO:__main__:----------------------------------------------------------------------------------------------------
INFO:__main__:
【train】epoch:26/150 loss:0.0726 acc:0.9717
INFO:__main__:
【val】epoch:26/150 loss:0.1877 acc:0.9391
INFO:__main__:
【Val】:  SENS: 0.9081  SPEC: 0.9584  PPV: 0.9315  NPV: 0.9437 F1:0.9197
INFO:__main__:验证的best_acc:0.9423
INFO:__main__:----------------------------------------------------------------------------------------------------
INFO:__main__:
【train】epoch:27/150 loss:0.0769 acc:0.9706
INFO:__main__:
【val】epoch:27/150 loss:0.2048 acc:0.9319
INFO:__main__:
【Val】:  SENS: 0.8831  SPEC: 0.9623  PPV: 0.9358  NPV: 0.9296 F1:0.9087
INFO:__main__:验证的best_acc:0.9423
INFO:__main__:----------------------------------------------------------------------------------------------------
INFO:__main__:
【train】epoch:28/150 loss:0.0694 acc:0.9740
INFO:__main__:
【val】epoch:28/150 loss:0.2660 acc:0.9191
INFO:__main__:
【Val】:  SENS: 0.8747  SPEC: 0.9467  PPV: 0.9109  NPV: 0.9239 F1:0.8924
INFO:__main__:验证的best_acc:0.9423
INFO:__main__:----------------------------------------------------------------------------------------------------
INFO:__main__:
【train】epoch:29/150 loss:0.0572 acc:0.9792
INFO:__main__:
【val】epoch:29/150 loss:0.2030 acc:0.9375
INFO:__main__:
【Val】:  SENS: 0.9165  SPEC: 0.9506  PPV: 0.9203  NPV: 0.9481 F1:0.9184
INFO:__main__:验证的best_acc:0.9423
INFO:__main__:----------------------------------------------------------------------------------------------------
INFO:__main__:
【train】epoch:30/150 loss:0.0578 acc:0.9770
INFO:__main__:
【val】epoch:30/150 loss:0.1846 acc:0.9383
INFO:__main__:
【Val】:  SENS: 0.9123  SPEC: 0.9545  PPV: 0.9258  NPV: 0.9459 F1:0.9190
INFO:__main__:验证的best_acc:0.9423
INFO:__main__:----------------------------------------------------------------------------------------------------
INFO:__main__:
【train】epoch:31/150 loss:0.0575 acc:0.9803
INFO:__main__:
【val】epoch:31/150 loss:0.2258 acc:0.9279
INFO:__main__:
【Val】:  SENS: 0.8810  SPEC: 0.9571  PPV: 0.9275  NPV: 0.9281 F1:0.9036
INFO:__main__:验证的best_acc:0.9423
INFO:__main__:----------------------------------------------------------------------------------------------------
INFO:__main__:
【train】epoch:32/150 loss:0.0534 acc:0.9815
INFO:__main__:
【val】epoch:32/150 loss:0.2157 acc:0.9375
INFO:__main__:
【Val】:  SENS: 0.9144  SPEC: 0.9519  PPV: 0.9221  NPV: 0.9470 F1:0.9182
INFO:__main__:验证的best_acc:0.9423
INFO:__main__:----------------------------------------------------------------------------------------------------
INFO:__main__:
【train】epoch:33/150 loss:0.0593 acc:0.9789
INFO:__main__:
【val】epoch:33/150 loss:0.1836 acc:0.9327
INFO:__main__:
【Val】:  SENS: 0.8956  SPEC: 0.9558  PPV: 0.9266  NPV: 0.9363 F1:0.9108
INFO:__main__:验证的best_acc:0.9423
INFO:__main__:----------------------------------------------------------------------------------------------------
INFO:__main__:
【train】epoch:34/150 loss:0.0548 acc:0.9779
INFO:__main__:
【val】epoch:34/150 loss:0.2007 acc:0.9351
INFO:__main__:
【Val】:  SENS: 0.9248  SPEC: 0.9415  PPV: 0.9078  NPV: 0.9526 F1:0.9162
INFO:__main__:验证的best_acc:0.9423
INFO:__main__:----------------------------------------------------------------------------------------------------
INFO:__main__:
【train】epoch:35/150 loss:0.0480 acc:0.9801
INFO:__main__:
【val】epoch:35/150 loss:0.2202 acc:0.9367
INFO:__main__:
【Val】:  SENS: 0.8935  SPEC: 0.9636  PPV: 0.9386  NPV: 0.9356 F1:0.9155
INFO:__main__:验证的best_acc:0.9423
INFO:__main__:----------------------------------------------------------------------------------------------------
INFO:__main__:
【train】epoch:36/150 loss:0.0506 acc:0.9818
INFO:__main__:
【val】epoch:36/150 loss:0.1569 acc:0.9479
INFO:__main__:
【Val】:  SENS: 0.9228  SPEC: 0.9636  PPV: 0.9404  NPV: 0.9524 F1:0.9315
INFO:__main__:验证的best_acc:0.9479
INFO:__main__:----------------------------------------------------------------------------------------------------
INFO:__main__:
【train】epoch:37/150 loss:0.0455 acc:0.9828
INFO:__main__:
【val】epoch:37/150 loss:0.2024 acc:0.9423
INFO:__main__:
【Val】:  SENS: 0.9061  SPEC: 0.9649  PPV: 0.9414  NPV: 0.9428 F1:0.9234
INFO:__main__:验证的best_acc:0.9479
INFO:__main__:----------------------------------------------------------------------------------------------------
INFO:__main__:
【train】epoch:38/150 loss:0.0488 acc:0.9811
INFO:__main__:
【val】epoch:38/150 loss:0.1666 acc:0.9399
INFO:__main__:
【Val】:  SENS: 0.9186  SPEC: 0.9532  PPV: 0.9244  NPV: 0.9495 F1:0.9215
INFO:__main__:验证的best_acc:0.9479
INFO:__main__:----------------------------------------------------------------------------------------------------
INFO:__main__:
【train】epoch:39/150 loss:0.0360 acc:0.9877
INFO:__main__:
【val】epoch:39/150 loss:0.2325 acc:0.9431
INFO:__main__:
【Val】:  SENS: 0.9269  SPEC: 0.9532  PPV: 0.9250  NPV: 0.9544 F1:0.9260
INFO:__main__:验证的best_acc:0.9479
INFO:__main__:----------------------------------------------------------------------------------------------------
INFO:__main__:
【train】epoch:40/150 loss:0.0384 acc:0.9864
INFO:__main__:
【val】epoch:40/150 loss:0.1807 acc:0.9455
INFO:__main__:
【Val】:  SENS: 0.9395  SPEC: 0.9493  PPV: 0.9202  NPV: 0.9618 F1:0.9298
INFO:__main__:验证的best_acc:0.9479
INFO:__main__:----------------------------------------------------------------------------------------------------
INFO:__main__:
【train】epoch:41/150 loss:0.0327 acc:0.9888
INFO:__main__:
【val】epoch:41/150 loss:0.2260 acc:0.9359
INFO:__main__:
【Val】:  SENS: 0.9269  SPEC: 0.9415  PPV: 0.9080  NPV: 0.9539 F1:0.9174
INFO:__main__:验证的best_acc:0.9479
INFO:__main__:----------------------------------------------------------------------------------------------------
INFO:__main__:
【train】epoch:42/150 loss:0.0326 acc:0.9877
INFO:__main__:
【val】epoch:42/150 loss:0.2260 acc:0.9375
INFO:__main__:
【Val】:  SENS: 0.9311  SPEC: 0.9415  PPV: 0.9084  NPV: 0.9564 F1:0.9196
INFO:__main__:验证的best_acc:0.9479
INFO:__main__:----------------------------------------------------------------------------------------------------
INFO:__main__:
【train】epoch:43/150 loss:0.0335 acc:0.9880
INFO:__main__:
【val】epoch:43/150 loss:0.1806 acc:0.9423
INFO:__main__:
【Val】:  SENS: 0.9102  SPEC: 0.9623  PPV: 0.9376  NPV: 0.9451 F1:0.9237
INFO:__main__:验证的best_acc:0.9479
INFO:__main__:----------------------------------------------------------------------------------------------------
INFO:__main__:
【train】epoch:44/150 loss:0.0339 acc:0.9883
INFO:__main__:
【val】epoch:44/150 loss:0.1819 acc:0.9367
INFO:__main__:
【Val】:  SENS: 0.8914  SPEC: 0.9649  PPV: 0.9405  NPV: 0.9345 F1:0.9153
INFO:__main__:验证的best_acc:0.9479
INFO:__main__:----------------------------------------------------------------------------------------------------
INFO:__main__:
【train】epoch:45/150 loss:0.0329 acc:0.9874
INFO:__main__:
【val】epoch:45/150 loss:0.1739 acc:0.9359
INFO:__main__:
【Val】:  SENS: 0.9269  SPEC: 0.9415  PPV: 0.9080  NPV: 0.9539 F1:0.9174
INFO:__main__:验证的best_acc:0.9479
INFO:__main__:----------------------------------------------------------------------------------------------------
INFO:__main__:
【train】epoch:46/150 loss:0.0233 acc:0.9912
INFO:__main__:
【val】epoch:46/150 loss:0.2123 acc:0.9391
INFO:__main__:
【Val】:  SENS: 0.9248  SPEC: 0.9480  PPV: 0.9172  NPV: 0.9529 F1:0.9210
INFO:__main__:验证的best_acc:0.9479
INFO:__main__:----------------------------------------------------------------------------------------------------
INFO:__main__:
【train】epoch:47/150 loss:0.0306 acc:0.9896
INFO:__main__:
【val】epoch:47/150 loss:0.2511 acc:0.9335
INFO:__main__:
【Val】:  SENS: 0.8727  SPEC: 0.9714  PPV: 0.9500  NPV: 0.9245 F1:0.9097
INFO:__main__:验证的best_acc:0.9479
INFO:__main__:----------------------------------------------------------------------------------------------------
INFO:__main__:
【train】epoch:48/150 loss:0.0338 acc:0.9874
INFO:__main__:
【val】epoch:48/150 loss:0.1902 acc:0.9415
INFO:__main__:
【Val】:  SENS: 0.9562  SPEC: 0.9324  PPV: 0.8980  NPV: 0.9715 F1:0.9262
INFO:__main__:验证的best_acc:0.9479
INFO:__main__:----------------------------------------------------------------------------------------------------
INFO:__main__:
【train】epoch:49/150 loss:0.0198 acc:0.9927
INFO:__main__:
【val】epoch:49/150 loss:0.2358 acc:0.9311
INFO:__main__:
【Val】:  SENS: 0.9228  SPEC: 0.9363  PPV: 0.9002  NPV: 0.9511 F1:0.9113
INFO:__main__:验证的best_acc:0.9479
INFO:__main__:----------------------------------------------------------------------------------------------------
INFO:__main__:
【train】epoch:50/150 loss:0.0235 acc:0.9923
INFO:__main__:
【val】epoch:50/150 loss:0.2360 acc:0.9327
INFO:__main__:
【Val】:  SENS: 0.9374  SPEC: 0.9298  PPV: 0.8926  NPV: 0.9597 F1:0.9145
INFO:__main__:验证的best_acc:0.9479
INFO:__main__:----------------------------------------------------------------------------------------------------
INFO:__main__:
【train】epoch:51/150 loss:0.0237 acc:0.9918
INFO:__main__:
【val】epoch:51/150 loss:0.1870 acc:0.9447
INFO:__main__:
【Val】:  SENS: 0.9499  SPEC: 0.9415  PPV: 0.9100  NPV: 0.9679 F1:0.9295
INFO:__main__:验证的best_acc:0.9479
INFO:__main__:----------------------------------------------------------------------------------------------------
INFO:__main__:
【train】epoch:52/150 loss:0.0183 acc:0.9932
INFO:__main__:
【val】epoch:52/150 loss:0.2184 acc:0.9391
INFO:__main__:
【Val】:  SENS: 0.9457  SPEC: 0.9350  PPV: 0.9006  NPV: 0.9651 F1:0.9226
INFO:__main__:验证的best_acc:0.9479
INFO:__main__:----------------------------------------------------------------------------------------------------
INFO:__main__:
【train】epoch:53/150 loss:0.0196 acc:0.9937
INFO:__main__:
【val】epoch:53/150 loss:0.1733 acc:0.9455
INFO:__main__:
【Val】:  SENS: 0.9395  SPEC: 0.9493  PPV: 0.9202  NPV: 0.9618 F1:0.9298
INFO:__main__:验证的best_acc:0.9479
INFO:__main__:----------------------------------------------------------------------------------------------------
INFO:__main__:
【train】epoch:54/150 loss:0.0199 acc:0.9920
INFO:__main__:
【val】epoch:54/150 loss:0.2178 acc:0.9351
INFO:__main__:
【Val】:  SENS: 0.9019  SPEC: 0.9558  PPV: 0.9270  NPV: 0.9399 F1:0.9143
INFO:__main__:验证的best_acc:0.9479
INFO:__main__:----------------------------------------------------------------------------------------------------
INFO:__main__:
【train】epoch:55/150 loss:0.0143 acc:0.9942
INFO:__main__:
【val】epoch:55/150 loss:0.2423 acc:0.9359
INFO:__main__:
【Val】:  SENS: 0.9123  SPEC: 0.9506  PPV: 0.9200  NPV: 0.9457 F1:0.9161
INFO:__main__:验证的best_acc:0.9479
INFO:__main__:----------------------------------------------------------------------------------------------------
INFO:__main__:
【train】epoch:56/150 loss:0.0189 acc:0.9935
INFO:__main__:
【val】epoch:56/150 loss:0.2521 acc:0.9303
INFO:__main__:
【Val】:  SENS: 0.9102  SPEC: 0.9428  PPV: 0.9083  NPV: 0.9440 F1:0.9093
INFO:__main__:验证的best_acc:0.9479
INFO:__main__:----------------------------------------------------------------------------------------------------
INFO:__main__:
【train】epoch:57/150 loss:0.0175 acc:0.9943
INFO:__main__:
【val】epoch:57/150 loss:0.2184 acc:0.9455
INFO:__main__:
【Val】:  SENS: 0.9499  SPEC: 0.9428  PPV: 0.9118  NPV: 0.9680 F1:0.9305
INFO:__main__:验证的best_acc:0.9479
INFO:__main__:----------------------------------------------------------------------------------------------------
INFO:__main__:
【train】epoch:58/150 loss:0.0205 acc:0.9923
INFO:__main__:
【val】epoch:58/150 loss:0.1774 acc:0.9463
INFO:__main__:
【Val】:  SENS: 0.9499  SPEC: 0.9441  PPV: 0.9137  NPV: 0.9680 F1:0.9314
INFO:__main__:验证的best_acc:0.9479
INFO:__main__:----------------------------------------------------------------------------------------------------
INFO:__main__:
【train】epoch:59/150 loss:0.0207 acc:0.9910
INFO:__main__:
【val】epoch:59/150 loss:0.2024 acc:0.9431
INFO:__main__:
【Val】:  SENS: 0.9332  SPEC: 0.9493  PPV: 0.9198  NPV: 0.9580 F1:0.9264
INFO:__main__:验证的best_acc:0.9479
INFO:__main__:----------------------------------------------------------------------------------------------------
INFO:__main__:
【train】epoch:60/150 loss:0.0130 acc:0.9946
INFO:__main__:
【val】epoch:60/150 loss:0.2489 acc:0.9359
INFO:__main__:
【Val】:  SENS: 0.9436  SPEC: 0.9311  PPV: 0.8950  NPV: 0.9637 F1:0.9187
INFO:__main__:验证的best_acc:0.9479
INFO:__main__:----------------------------------------------------------------------------------------------------
INFO:__main__:
【train】epoch:61/150 loss:0.0171 acc:0.9942
INFO:__main__:
【val】epoch:61/150 loss:0.2284 acc:0.9399
INFO:__main__:
【Val】:  SENS: 0.9311  SPEC: 0.9454  PPV: 0.9139  NPV: 0.9566 F1:0.9224
INFO:__main__:验证的best_acc:0.9479
INFO:__main__:----------------------------------------------------------------------------------------------------
INFO:__main__:
【train】epoch:62/150 loss:0.0156 acc:0.9948
INFO:__main__:
【val】epoch:62/150 loss:0.2671 acc:0.9303
INFO:__main__:
【Val】:  SENS: 0.9541  SPEC: 0.9155  PPV: 0.8755  NPV: 0.9697 F1:0.9131
INFO:__main__:验证的best_acc:0.9479
INFO:__main__:----------------------------------------------------------------------------------------------------
INFO:__main__:
【train】epoch:63/150 loss:0.0139 acc:0.9946
INFO:__main__:
【val】epoch:63/150 loss:0.2155 acc:0.9487
INFO:__main__:
【Val】:  SENS: 0.9603  SPEC: 0.9415  PPV: 0.9109  NPV: 0.9744 F1:0.9350
INFO:__main__:验证的best_acc:0.9487
INFO:__main__:----------------------------------------------------------------------------------------------------
INFO:__main__:
【train】epoch:64/150 loss:0.0082 acc:0.9970
INFO:__main__:
【val】epoch:64/150 loss:0.2544 acc:0.9383
INFO:__main__:
【Val】:  SENS: 0.9541  SPEC: 0.9285  PPV: 0.8926  NPV: 0.9701 F1:0.9223
INFO:__main__:验证的best_acc:0.9487
INFO:__main__:----------------------------------------------------------------------------------------------------
INFO:__main__:
【train】epoch:65/150 loss:0.0195 acc:0.9931
INFO:__main__:
【val】epoch:65/150 loss:0.2088 acc:0.9415
INFO:__main__:
【Val】:  SENS: 0.9332  SPEC: 0.9467  PPV: 0.9160  NPV: 0.9579 F1:0.9245
INFO:__main__:验证的best_acc:0.9487
INFO:__main__:----------------------------------------------------------------------------------------------------
INFO:__main__:
【train】epoch:66/150 loss:0.0140 acc:0.9956
INFO:__main__:
【val】epoch:66/150 loss:0.2209 acc:0.9383
INFO:__main__:
【Val】:  SENS: 0.9353  SPEC: 0.9402  PPV: 0.9069  NPV: 0.9589 F1:0.9209
INFO:__main__:验证的best_acc:0.9487
INFO:__main__:----------------------------------------------------------------------------------------------------
INFO:__main__:
【train】epoch:67/150 loss:0.0135 acc:0.9957
INFO:__main__:
【val】epoch:67/150 loss:0.1985 acc:0.9463
INFO:__main__:
【Val】:  SENS: 0.9457  SPEC: 0.9467  PPV: 0.9170  NPV: 0.9655 F1:0.9311
INFO:__main__:验证的best_acc:0.9487
INFO:__main__:----------------------------------------------------------------------------------------------------
INFO:__main__:
【train】epoch:68/150 loss:0.0094 acc:0.9962
INFO:__main__:
【val】epoch:68/150 loss:0.2590 acc:0.9319
INFO:__main__:
【Val】:  SENS: 0.9457  SPEC: 0.9233  PPV: 0.8848  NPV: 0.9647 F1:0.9142
INFO:__main__:验证的best_acc:0.9487
INFO:__main__:----------------------------------------------------------------------------------------------------
INFO:__main__:
【train】epoch:69/150 loss:0.0059 acc:0.9978
INFO:__main__:
【val】epoch:69/150 loss:0.2518 acc:0.9447
INFO:__main__:
【Val】:  SENS: 0.9415  SPEC: 0.9467  PPV: 0.9167  NPV: 0.9630 F1:0.9289
INFO:__main__:验证的best_acc:0.9487
INFO:__main__:----------------------------------------------------------------------------------------------------
INFO:__main__:
【train】epoch:70/150 loss:0.0067 acc:0.9975
INFO:__main__:
【val】epoch:70/150 loss:0.2414 acc:0.9495
INFO:__main__:
【Val】:  SENS: 0.9228  SPEC: 0.9662  PPV: 0.9444  NPV: 0.9526 F1:0.9335
INFO:__main__:验证的best_acc:0.9495
INFO:__main__:----------------------------------------------------------------------------------------------------
INFO:__main__:
【train】epoch:71/150 loss:0.0115 acc:0.9956
INFO:__main__:
【val】epoch:71/150 loss:0.2129 acc:0.9463
INFO:__main__:
【Val】:  SENS: 0.9290  SPEC: 0.9571  PPV: 0.9310  NPV: 0.9558 F1:0.9300
INFO:__main__:验证的best_acc:0.9495
INFO:__main__:----------------------------------------------------------------------------------------------------
INFO:__main__:
【train】epoch:72/150 loss:0.0111 acc:0.9959
INFO:__main__:
【val】epoch:72/150 loss:0.2130 acc:0.9471
INFO:__main__:
【Val】:  SENS: 0.9478  SPEC: 0.9467  PPV: 0.9172  NPV: 0.9668 F1:0.9322
INFO:__main__:验证的best_acc:0.9495
INFO:__main__:----------------------------------------------------------------------------------------------------
INFO:__main__:
【train】epoch:73/150 loss:0.0112 acc:0.9961
INFO:__main__:
【val】epoch:73/150 loss:0.2752 acc:0.9295
INFO:__main__:
【Val】:  SENS: 0.9457  SPEC: 0.9194  PPV: 0.8796  NPV: 0.9645 F1:0.9115
INFO:__main__:验证的best_acc:0.9495
INFO:__main__:----------------------------------------------------------------------------------------------------
INFO:__main__:
【train】epoch:74/150 loss:0.0095 acc:0.9975
INFO:__main__:
【val】epoch:74/150 loss:0.2127 acc:0.9447
INFO:__main__:
【Val】:  SENS: 0.9436  SPEC: 0.9454  PPV: 0.9150  NPV: 0.9642 F1:0.9291
INFO:__main__:验证的best_acc:0.9495
INFO:__main__:----------------------------------------------------------------------------------------------------
INFO:__main__:
【train】epoch:75/150 loss:0.0057 acc:0.9983
INFO:__main__:
【val】epoch:75/150 loss:0.2421 acc:0.9423
INFO:__main__:
【Val】:  SENS: 0.9395  SPEC: 0.9441  PPV: 0.9128  NPV: 0.9616 F1:0.9259
INFO:__main__:验证的best_acc:0.9495
INFO:__main__:----------------------------------------------------------------------------------------------------
INFO:__main__:
【train】epoch:76/150 loss:0.0125 acc:0.9962
INFO:__main__:
【val】epoch:76/150 loss:0.2171 acc:0.9463
INFO:__main__:
【Val】:  SENS: 0.9186  SPEC: 0.9636  PPV: 0.9402  NPV: 0.9500 F1:0.9293
INFO:__main__:验证的best_acc:0.9495
INFO:__main__:----------------------------------------------------------------------------------------------------
INFO:__main__:
【train】epoch:77/150 loss:0.0067 acc:0.9975
INFO:__main__:
【val】epoch:77/150 loss:0.2278 acc:0.9463
INFO:__main__:
【Val】:  SENS: 0.9353  SPEC: 0.9532  PPV: 0.9256  NPV: 0.9594 F1:0.9304
INFO:__main__:验证的best_acc:0.9495
INFO:__main__:----------------------------------------------------------------------------------------------------
INFO:__main__:
【train】epoch:78/150 loss:0.0059 acc:0.9981
INFO:__main__:
【val】epoch:78/150 loss:0.2299 acc:0.9423
INFO:__main__:
【Val】:  SENS: 0.9186  SPEC: 0.9571  PPV: 0.9302  NPV: 0.9497 F1:0.9244
INFO:__main__:验证的best_acc:0.9495
INFO:__main__:----------------------------------------------------------------------------------------------------
INFO:__main__:
【train】epoch:79/150 loss:0.0093 acc:0.9965
INFO:__main__:
【val】epoch:79/150 loss:0.2286 acc:0.9439
INFO:__main__:
【Val】:  SENS: 0.9207  SPEC: 0.9584  PPV: 0.9323  NPV: 0.9510 F1:0.9265
INFO:__main__:验证的best_acc:0.9495
INFO:__main__:----------------------------------------------------------------------------------------------------
INFO:__main__:
【train】epoch:80/150 loss:0.0034 acc:0.9983
INFO:__main__:
【val】epoch:80/150 loss:0.2492 acc:0.9455
INFO:__main__:
【Val】:  SENS: 0.9165  SPEC: 0.9636  PPV: 0.9400  NPV: 0.9488 F1:0.9281
INFO:__main__:验证的best_acc:0.9495
INFO:__main__:----------------------------------------------------------------------------------------------------
INFO:__main__:
【train】epoch:81/150 loss:0.0064 acc:0.9973
INFO:__main__:
【val】epoch:81/150 loss:0.2232 acc:0.9495
INFO:__main__:
【Val】:  SENS: 0.9311  SPEC: 0.9610  PPV: 0.9370  NPV: 0.9573 F1:0.9340
INFO:__main__:验证的best_acc:0.9495
INFO:__main__:----------------------------------------------------------------------------------------------------
INFO:__main__:
【train】epoch:82/150 loss:0.0037 acc:0.9984
INFO:__main__:
【val】epoch:82/150 loss:0.2295 acc:0.9527
INFO:__main__:
【Val】:  SENS: 0.9415  SPEC: 0.9597  PPV: 0.9357  NPV: 0.9634 F1:0.9386
INFO:__main__:验证的best_acc:0.9527
INFO:__main__:----------------------------------------------------------------------------------------------------
INFO:__main__:
【train】epoch:83/150 loss:0.0026 acc:0.9989
INFO:__main__:
【val】epoch:83/150 loss:0.2285 acc:0.9495
INFO:__main__:
【Val】:  SENS: 0.9332  SPEC: 0.9597  PPV: 0.9351  NPV: 0.9584 F1:0.9342
INFO:__main__:验证的best_acc:0.9527
INFO:__main__:----------------------------------------------------------------------------------------------------
INFO:__main__:
【train】epoch:84/150 loss:0.0046 acc:0.9981
INFO:__main__:
【val】epoch:84/150 loss:0.2666 acc:0.9335
INFO:__main__:
【Val】:  SENS: 0.9248  SPEC: 0.9389  PPV: 0.9041  NPV: 0.9525 F1:0.9143
INFO:__main__:验证的best_acc:0.9527
INFO:__main__:----------------------------------------------------------------------------------------------------
INFO:__main__:
【train】epoch:85/150 loss:0.0034 acc:0.9986
INFO:__main__:
【val】epoch:85/150 loss:0.2755 acc:0.9431
INFO:__main__:
【Val】:  SENS: 0.9311  SPEC: 0.9506  PPV: 0.9215  NPV: 0.9568 F1:0.9263
INFO:__main__:验证的best_acc:0.9527
INFO:__main__:----------------------------------------------------------------------------------------------------
INFO:__main__:
【train】epoch:86/150 loss:0.0023 acc:0.9995
INFO:__main__:
【val】epoch:86/150 loss:0.2545 acc:0.9439
INFO:__main__:
【Val】:  SENS: 0.9374  SPEC: 0.9480  PPV: 0.9182  NPV: 0.9605 F1:0.9277
INFO:__main__:验证的best_acc:0.9527
INFO:__main__:----------------------------------------------------------------------------------------------------
INFO:__main__:
【train】epoch:87/150 loss:0.0056 acc:0.9979
INFO:__main__:
【val】epoch:87/150 loss:0.2675 acc:0.9399
INFO:__main__:
【Val】:  SENS: 0.9374  SPEC: 0.9415  PPV: 0.9089  NPV: 0.9602 F1:0.9229
INFO:__main__:验证的best_acc:0.9527
INFO:__main__:----------------------------------------------------------------------------------------------------
INFO:__main__:
【train】epoch:88/150 loss:0.0055 acc:0.9984
INFO:__main__:
【val】epoch:88/150 loss:0.2616 acc:0.9455
INFO:__main__:
【Val】:  SENS: 0.9269  SPEC: 0.9571  PPV: 0.9308  NPV: 0.9546 F1:0.9289
INFO:__main__:验证的best_acc:0.9527
INFO:__main__:----------------------------------------------------------------------------------------------------
INFO:__main__:
【train】epoch:89/150 loss:0.0076 acc:0.9972
INFO:__main__:
【val】epoch:89/150 loss:0.2546 acc:0.9463
INFO:__main__:
【Val】:  SENS: 0.9478  SPEC: 0.9454  PPV: 0.9153  NPV: 0.9668 F1:0.9313
INFO:__main__:验证的best_acc:0.9527
INFO:__main__:----------------------------------------------------------------------------------------------------
INFO:__main__:
【train】epoch:90/150 loss:0.0051 acc:0.9981
INFO:__main__:
【val】epoch:90/150 loss:0.2376 acc:0.9471
INFO:__main__:
【Val】:  SENS: 0.9457  SPEC: 0.9480  PPV: 0.9189  NPV: 0.9656 F1:0.9321
INFO:__main__:验证的best_acc:0.9527
INFO:__main__:----------------------------------------------------------------------------------------------------
INFO:__main__:
【train】epoch:91/150 loss:0.0052 acc:0.9986
INFO:__main__:
【val】epoch:91/150 loss:0.2638 acc:0.9431
INFO:__main__:
【Val】:  SENS: 0.9436  SPEC: 0.9428  PPV: 0.9113  NPV: 0.9641 F1:0.9272
INFO:__main__:验证的best_acc:0.9527
INFO:__main__:----------------------------------------------------------------------------------------------------
INFO:__main__:
【train】epoch:92/150 loss:0.0050 acc:0.9987
INFO:__main__:
【val】epoch:92/150 loss:0.2514 acc:0.9431
INFO:__main__:
【Val】:  SENS: 0.9457  SPEC: 0.9415  PPV: 0.9096  NPV: 0.9653 F1:0.9273
INFO:__main__:验证的best_acc:0.9527
INFO:__main__:----------------------------------------------------------------------------------------------------
INFO:__main__:
【train】epoch:93/150 loss:0.0031 acc:0.9987
INFO:__main__:
【val】epoch:93/150 loss:0.2591 acc:0.9439
INFO:__main__:
【Val】:  SENS: 0.9457  SPEC: 0.9428  PPV: 0.9115  NPV: 0.9654 F1:0.9283
INFO:__main__:验证的best_acc:0.9527
INFO:__main__:----------------------------------------------------------------------------------------------------
INFO:__main__:
【train】epoch:94/150 loss:0.0019 acc:0.9997
INFO:__main__:
【val】epoch:94/150 loss:0.2533 acc:0.9439
INFO:__main__:
【Val】:  SENS: 0.9228  SPEC: 0.9571  PPV: 0.9305  NPV: 0.9521 F1:0.9266
INFO:__main__:验证的best_acc:0.9527
INFO:__main__:----------------------------------------------------------------------------------------------------
INFO:__main__:
【train】epoch:95/150 loss:0.0046 acc:0.9986
INFO:__main__:
【val】epoch:95/150 loss:0.2828 acc:0.9431
INFO:__main__:
【Val】:  SENS: 0.9144  SPEC: 0.9610  PPV: 0.9359  NPV: 0.9474 F1:0.9250
INFO:__main__:验证的best_acc:0.9527
INFO:__main__:----------------------------------------------------------------------------------------------------
INFO:__main__:
【train】epoch:96/150 loss:0.0035 acc:0.9991
INFO:__main__:
【val】epoch:96/150 loss:0.2838 acc:0.9439
INFO:__main__:
【Val】:  SENS: 0.9269  SPEC: 0.9545  PPV: 0.9269  NPV: 0.9545 F1:0.9269
INFO:__main__:验证的best_acc:0.9527
INFO:__main__:----------------------------------------------------------------------------------------------------
INFO:__main__:
【train】epoch:97/150 loss:0.0050 acc:0.9981
INFO:__main__:
【val】epoch:97/150 loss:0.2827 acc:0.9415
INFO:__main__:
【Val】:  SENS: 0.9228  SPEC: 0.9532  PPV: 0.9247  NPV: 0.9519 F1:0.9237
INFO:__main__:验证的best_acc:0.9527
INFO:__main__:----------------------------------------------------------------------------------------------------
INFO:__main__:
【train】epoch:98/150 loss:0.0024 acc:0.9989
INFO:__main__:
【val】epoch:98/150 loss:0.2664 acc:0.9455
INFO:__main__:
【Val】:  SENS: 0.9269  SPEC: 0.9571  PPV: 0.9308  NPV: 0.9546 F1:0.9289
INFO:__main__:验证的best_acc:0.9527
INFO:__main__:----------------------------------------------------------------------------------------------------
INFO:__main__:
【train】epoch:99/150 loss:0.0030 acc:0.9992
INFO:__main__:
【val】epoch:99/150 loss:0.2664 acc:0.9439
INFO:__main__:
【Val】:  SENS: 0.9269  SPEC: 0.9545  PPV: 0.9269  NPV: 0.9545 F1:0.9269
INFO:__main__:验证的best_acc:0.9527
INFO:__main__:----------------------------------------------------------------------------------------------------
INFO:__main__:
【train】epoch:100/150 loss:0.0028 acc:0.9989
INFO:__main__:
【val】epoch:100/150 loss:0.2559 acc:0.9447
INFO:__main__:
【Val】:  SENS: 0.9269  SPEC: 0.9558  PPV: 0.9289  NPV: 0.9545 F1:0.9279
INFO:__main__:验证的best_acc:0.9527
INFO:__main__:----------------------------------------------------------------------------------------------------
INFO:__main__:
【train】epoch:101/150 loss:0.0014 acc:0.9997
INFO:__main__:
【val】epoch:101/150 loss:0.2634 acc:0.9463
INFO:__main__:
【Val】:  SENS: 0.9395  SPEC: 0.9506  PPV: 0.9221  NPV: 0.9618 F1:0.9307
INFO:__main__:验证的best_acc:0.9527
INFO:__main__:----------------------------------------------------------------------------------------------------
INFO:__main__:
【train】epoch:102/150 loss:0.0012 acc:0.9997
INFO:__main__:
【val】epoch:102/150 loss:0.2607 acc:0.9479
INFO:__main__:
【Val】:  SENS: 0.9436  SPEC: 0.9506  PPV: 0.9224  NPV: 0.9644 F1:0.9329
INFO:__main__:验证的best_acc:0.9527
INFO:__main__:----------------------------------------------------------------------------------------------------
INFO:__main__:
【train】epoch:103/150 loss:0.0017 acc:0.9997
INFO:__main__:
【val】epoch:103/150 loss:0.2555 acc:0.9479
INFO:__main__:
【Val】:  SENS: 0.9248  SPEC: 0.9623  PPV: 0.9386  NPV: 0.9536 F1:0.9317
INFO:__main__:验证的best_acc:0.9527
INFO:__main__:----------------------------------------------------------------------------------------------------
INFO:__main__:
【train】epoch:104/150 loss:0.0035 acc:0.9994
INFO:__main__:
【val】epoch:104/150 loss:0.2646 acc:0.9439
INFO:__main__:
【Val】:  SENS: 0.9332  SPEC: 0.9506  PPV: 0.9216  NPV: 0.9581 F1:0.9274
INFO:__main__:验证的best_acc:0.9527
INFO:__main__:----------------------------------------------------------------------------------------------------
INFO:__main__:
【train】epoch:105/150 loss:0.0012 acc:0.9997
INFO:__main__:
【val】epoch:105/150 loss:0.2616 acc:0.9495
INFO:__main__:
【Val】:  SENS: 0.9332  SPEC: 0.9597  PPV: 0.9351  NPV: 0.9584 F1:0.9342
INFO:__main__:验证的best_acc:0.9527
INFO:__main__:----------------------------------------------------------------------------------------------------
INFO:__main__:
【train】epoch:106/150 loss:0.0013 acc:0.9997
INFO:__main__:
【val】epoch:106/150 loss:0.2668 acc:0.9479
INFO:__main__:
【Val】:  SENS: 0.9311  SPEC: 0.9584  PPV: 0.9331  NPV: 0.9571 F1:0.9321
INFO:__main__:验证的best_acc:0.9527
INFO:__main__:----------------------------------------------------------------------------------------------------
INFO:__main__:
【train】epoch:107/150 loss:0.0015 acc:0.9989
INFO:__main__:
【val】epoch:107/150 loss:0.2823 acc:0.9407
INFO:__main__:
【Val】:  SENS: 0.9332  SPEC: 0.9454  PPV: 0.9141  NPV: 0.9578 F1:0.9236
INFO:__main__:验证的best_acc:0.9527
INFO:__main__:----------------------------------------------------------------------------------------------------
INFO:__main__:
【train】epoch:108/150 loss:0.0015 acc:0.9995
INFO:__main__:
【val】epoch:108/150 loss:0.2764 acc:0.9415
INFO:__main__:
【Val】:  SENS: 0.9353  SPEC: 0.9454  PPV: 0.9143  NPV: 0.9591 F1:0.9247
INFO:__main__:验证的best_acc:0.9527
INFO:__main__:----------------------------------------------------------------------------------------------------
INFO:__main__:
【train】epoch:109/150 loss:0.0015 acc:0.9994
INFO:__main__:
【val】epoch:109/150 loss:0.2651 acc:0.9479
INFO:__main__:
【Val】:  SENS: 0.9374  SPEC: 0.9545  PPV: 0.9277  NPV: 0.9607 F1:0.9325
INFO:__main__:验证的best_acc:0.9527
INFO:__main__:----------------------------------------------------------------------------------------------------
INFO:__main__:
【train】epoch:110/150 loss:0.0015 acc:0.9992
INFO:__main__:
【val】epoch:110/150 loss:0.2525 acc:0.9439
INFO:__main__:
【Val】:  SENS: 0.9395  SPEC: 0.9467  PPV: 0.9165  NPV: 0.9617 F1:0.9278
INFO:__main__:验证的best_acc:0.9527
INFO:__main__:----------------------------------------------------------------------------------------------------
INFO:__main__:
【train】epoch:111/150 loss:0.0008 acc:0.9997
INFO:__main__:
【val】epoch:111/150 loss:0.2892 acc:0.9415
INFO:__main__:
【Val】:  SENS: 0.9436  SPEC: 0.9402  PPV: 0.9076  NPV: 0.9640 F1:0.9253
INFO:__main__:验证的best_acc:0.9527
INFO:__main__:----------------------------------------------------------------------------------------------------
INFO:__main__:
【train】epoch:112/150 loss:0.0009 acc:0.9997
INFO:__main__:
【val】epoch:112/150 loss:0.2602 acc:0.9463
INFO:__main__:
【Val】:  SENS: 0.9374  SPEC: 0.9519  PPV: 0.9239  NPV: 0.9606 F1:0.9306
INFO:__main__:验证的best_acc:0.9527
INFO:__main__:----------------------------------------------------------------------------------------------------
INFO:__main__:
【train】epoch:113/150 loss:0.0012 acc:0.9995
INFO:__main__:
【val】epoch:113/150 loss:0.2637 acc:0.9455
INFO:__main__:
【Val】:  SENS: 0.9415  SPEC: 0.9480  PPV: 0.9185  NPV: 0.9630 F1:0.9299
INFO:__main__:验证的best_acc:0.9527
INFO:__main__:----------------------------------------------------------------------------------------------------
INFO:__main__:
【train】epoch:114/150 loss:0.0008 acc:1.0000
INFO:__main__:
【val】epoch:114/150 loss:0.2845 acc:0.9447
INFO:__main__:
【Val】:  SENS: 0.9436  SPEC: 0.9454  PPV: 0.9150  NPV: 0.9642 F1:0.9291
INFO:__main__:验证的best_acc:0.9527
INFO:__main__:----------------------------------------------------------------------------------------------------
INFO:__main__:
【train】epoch:115/150 loss:0.0024 acc:0.9991
INFO:__main__:
【val】epoch:115/150 loss:0.2778 acc:0.9407
INFO:__main__:
【Val】:  SENS: 0.9186  SPEC: 0.9545  PPV: 0.9263  NPV: 0.9495 F1:0.9224
INFO:__main__:验证的best_acc:0.9527
INFO:__main__:----------------------------------------------------------------------------------------------------
INFO:__main__:
【train】epoch:116/150 loss:0.0020 acc:0.9995
INFO:__main__:
【val】epoch:116/150 loss:0.2793 acc:0.9455
INFO:__main__:
【Val】:  SENS: 0.9457  SPEC: 0.9454  PPV: 0.9152  NPV: 0.9655 F1:0.9302
INFO:__main__:验证的best_acc:0.9527
INFO:__main__:----------------------------------------------------------------------------------------------------
INFO:__main__:
【train】epoch:117/150 loss:0.0017 acc:0.9995
INFO:__main__:
【val】epoch:117/150 loss:0.2652 acc:0.9487
INFO:__main__:
【Val】:  SENS: 0.9436  SPEC: 0.9519  PPV: 0.9243  NPV: 0.9644 F1:0.9339
INFO:__main__:验证的best_acc:0.9527
INFO:__main__:----------------------------------------------------------------------------------------------------
INFO:__main__:
【train】epoch:118/150 loss:0.0011 acc:0.9995
INFO:__main__:
【val】epoch:118/150 loss:0.2664 acc:0.9463
INFO:__main__:
【Val】:  SENS: 0.9311  SPEC: 0.9558  PPV: 0.9292  NPV: 0.9570 F1:0.9301
INFO:__main__:验证的best_acc:0.9527
INFO:__main__:----------------------------------------------------------------------------------------------------
INFO:__main__:
【train】epoch:119/150 loss:0.0007 acc:1.0000
INFO:__main__:
【val】epoch:119/150 loss:0.2919 acc:0.9431
INFO:__main__:
【Val】:  SENS: 0.9415  SPEC: 0.9441  PPV: 0.9130  NPV: 0.9629 F1:0.9270
INFO:__main__:验证的best_acc:0.9527
INFO:__main__:----------------------------------------------------------------------------------------------------
INFO:__main__:
【train】epoch:120/150 loss:0.0019 acc:0.9992
INFO:__main__:
【val】epoch:120/150 loss:0.2808 acc:0.9471
INFO:__main__:
【Val】:  SENS: 0.9374  SPEC: 0.9532  PPV: 0.9258  NPV: 0.9607 F1:0.9315
INFO:__main__:验证的best_acc:0.9527
INFO:__main__:----------------------------------------------------------------------------------------------------
INFO:__main__:
【train】epoch:121/150 loss:0.0020 acc:0.9992
INFO:__main__:
【val】epoch:121/150 loss:0.2884 acc:0.9447
INFO:__main__:
【Val】:  SENS: 0.9436  SPEC: 0.9454  PPV: 0.9150  NPV: 0.9642 F1:0.9291
INFO:__main__:验证的best_acc:0.9527
INFO:__main__:----------------------------------------------------------------------------------------------------
INFO:__main__:
【train】epoch:122/150 loss:0.0010 acc:0.9997
INFO:__main__:
【val】epoch:122/150 loss:0.2800 acc:0.9439
INFO:__main__:
【Val】:  SENS: 0.9436  SPEC: 0.9441  PPV: 0.9131  NPV: 0.9641 F1:0.9281
INFO:__main__:验证的best_acc:0.9527
INFO:__main__:----------------------------------------------------------------------------------------------------
INFO:__main__:
【train】epoch:123/150 loss:0.0014 acc:0.9995
INFO:__main__:
【val】epoch:123/150 loss:0.2845 acc:0.9447
INFO:__main__:
【Val】:  SENS: 0.9436  SPEC: 0.9454  PPV: 0.9150  NPV: 0.9642 F1:0.9291
INFO:__main__:验证的best_acc:0.9527
INFO:__main__:----------------------------------------------------------------------------------------------------
INFO:__main__:
【train】epoch:124/150 loss:0.0017 acc:0.9995
INFO:__main__:
【val】epoch:124/150 loss:0.2624 acc:0.9455
INFO:__main__:
【Val】:  SENS: 0.9332  SPEC: 0.9532  PPV: 0.9255  NPV: 0.9582 F1:0.9293
INFO:__main__:验证的best_acc:0.9527
INFO:__main__:----------------------------------------------------------------------------------------------------
INFO:__main__:
【train】epoch:125/150 loss:0.0016 acc:0.9995
INFO:__main__:
【val】epoch:125/150 loss:0.2614 acc:0.9487
INFO:__main__:
【Val】:  SENS: 0.9415  SPEC: 0.9532  PPV: 0.9261  NPV: 0.9632 F1:0.9337
INFO:__main__:验证的best_acc:0.9527
INFO:__main__:----------------------------------------------------------------------------------------------------
INFO:__main__:
【train】epoch:126/150 loss:0.0009 acc:0.9997
INFO:__main__:
【val】epoch:126/150 loss:0.2735 acc:0.9431
INFO:__main__:
【Val】:  SENS: 0.9436  SPEC: 0.9428  PPV: 0.9113  NPV: 0.9641 F1:0.9272
INFO:__main__:验证的best_acc:0.9527
INFO:__main__:----------------------------------------------------------------------------------------------------
INFO:__main__:
【train】epoch:127/150 loss:0.0008 acc:0.9998
INFO:__main__:
【val】epoch:127/150 loss:0.2760 acc:0.9431
INFO:__main__:
【Val】:  SENS: 0.9374  SPEC: 0.9467  PPV: 0.9163  NPV: 0.9604 F1:0.9267
INFO:__main__:验证的best_acc:0.9527
INFO:__main__:----------------------------------------------------------------------------------------------------
INFO:__main__:
【train】epoch:128/150 loss:0.0012 acc:0.9997
INFO:__main__:
【val】epoch:128/150 loss:0.2822 acc:0.9447
INFO:__main__:
【Val】:  SENS: 0.9395  SPEC: 0.9480  PPV: 0.9184  NPV: 0.9617 F1:0.9288
INFO:__main__:验证的best_acc:0.9527
INFO:__main__:----------------------------------------------------------------------------------------------------
INFO:__main__:
【train】epoch:129/150 loss:0.0015 acc:0.9994
INFO:__main__:
【val】epoch:129/150 loss:0.2837 acc:0.9447
INFO:__main__:
【Val】:  SENS: 0.9374  SPEC: 0.9493  PPV: 0.9201  NPV: 0.9605 F1:0.9286
INFO:__main__:验证的best_acc:0.9527
INFO:__main__:----------------------------------------------------------------------------------------------------
INFO:__main__:
【train】epoch:130/150 loss:0.0006 acc:0.9998
INFO:__main__:
【val】epoch:130/150 loss:0.2877 acc:0.9463
INFO:__main__:
【Val】:  SENS: 0.9374  SPEC: 0.9519  PPV: 0.9239  NPV: 0.9606 F1:0.9306
INFO:__main__:验证的best_acc:0.9527
INFO:__main__:----------------------------------------------------------------------------------------------------
INFO:__main__:
【train】epoch:131/150 loss:0.0004 acc:1.0000
INFO:__main__:
【val】epoch:131/150 loss:0.2795 acc:0.9479
INFO:__main__:
【Val】:  SENS: 0.9395  SPEC: 0.9532  PPV: 0.9259  NPV: 0.9619 F1:0.9326
INFO:__main__:验证的best_acc:0.9527
INFO:__main__:----------------------------------------------------------------------------------------------------
INFO:__main__:
【train】epoch:132/150 loss:0.0006 acc:0.9998
INFO:__main__:
【val】epoch:132/150 loss:0.2879 acc:0.9479
INFO:__main__:
【Val】:  SENS: 0.9415  SPEC: 0.9519  PPV: 0.9242  NPV: 0.9632 F1:0.9328
INFO:__main__:验证的best_acc:0.9527
INFO:__main__:----------------------------------------------------------------------------------------------------
INFO:__main__:
【train】epoch:133/150 loss:0.0008 acc:0.9997
INFO:__main__:
【val】epoch:133/150 loss:0.2908 acc:0.9455
INFO:__main__:
【Val】:  SENS: 0.9395  SPEC: 0.9493  PPV: 0.9202  NPV: 0.9618 F1:0.9298
INFO:__main__:验证的best_acc:0.9527
INFO:__main__:----------------------------------------------------------------------------------------------------
INFO:__main__:
【train】epoch:134/150 loss:0.0010 acc:0.9998
INFO:__main__:
【val】epoch:134/150 loss:0.2966 acc:0.9447
INFO:__main__:
【Val】:  SENS: 0.9457  SPEC: 0.9441  PPV: 0.9133  NPV: 0.9654 F1:0.9292
INFO:__main__:验证的best_acc:0.9527
INFO:__main__:----------------------------------------------------------------------------------------------------
INFO:__main__:
【train】epoch:135/150 loss:0.0011 acc:0.9995
INFO:__main__:
【val】epoch:135/150 loss:0.2861 acc:0.9495
INFO:__main__:
【Val】:  SENS: 0.9478  SPEC: 0.9506  PPV: 0.9228  NPV: 0.9669 F1:0.9351
INFO:__main__:验证的best_acc:0.9527
INFO:__main__:----------------------------------------------------------------------------------------------------
INFO:__main__:
【train】epoch:136/150 loss:0.0005 acc:0.9998
INFO:__main__:
【val】epoch:136/150 loss:0.2791 acc:0.9487
INFO:__main__:
【Val】:  SENS: 0.9415  SPEC: 0.9532  PPV: 0.9261  NPV: 0.9632 F1:0.9337
INFO:__main__:验证的best_acc:0.9527
INFO:__main__:----------------------------------------------------------------------------------------------------
INFO:__main__:
【train】epoch:137/150 loss:0.0008 acc:0.9997
INFO:__main__:
【val】epoch:137/150 loss:0.2944 acc:0.9455
INFO:__main__:
【Val】:  SENS: 0.9415  SPEC: 0.9480  PPV: 0.9185  NPV: 0.9630 F1:0.9299
INFO:__main__:验证的best_acc:0.9527
INFO:__main__:----------------------------------------------------------------------------------------------------
INFO:__main__:
【train】epoch:138/150 loss:0.0008 acc:0.9998
INFO:__main__:
【val】epoch:138/150 loss:0.2914 acc:0.9471
INFO:__main__:
【Val】:  SENS: 0.9415  SPEC: 0.9506  PPV: 0.9223  NPV: 0.9631 F1:0.9318
INFO:__main__:验证的best_acc:0.9527
INFO:__main__:----------------------------------------------------------------------------------------------------
INFO:__main__:
【train】epoch:139/150 loss:0.0007 acc:1.0000
INFO:__main__:
【val】epoch:139/150 loss:0.2868 acc:0.9471
INFO:__main__:
【Val】:  SENS: 0.9415  SPEC: 0.9506  PPV: 0.9223  NPV: 0.9631 F1:0.9318
INFO:__main__:验证的best_acc:0.9527
INFO:__main__:----------------------------------------------------------------------------------------------------
INFO:__main__:
【train】epoch:140/150 loss:0.0009 acc:0.9998
INFO:__main__:
【val】epoch:140/150 loss:0.2829 acc:0.9463
INFO:__main__:
【Val】:  SENS: 0.9415  SPEC: 0.9493  PPV: 0.9204  NPV: 0.9631 F1:0.9309
INFO:__main__:验证的best_acc:0.9527
INFO:__main__:----------------------------------------------------------------------------------------------------
INFO:__main__:
【train】epoch:141/150 loss:0.0005 acc:1.0000
INFO:__main__:
【val】epoch:141/150 loss:0.2889 acc:0.9479
INFO:__main__:
【Val】:  SENS: 0.9436  SPEC: 0.9506  PPV: 0.9224  NPV: 0.9644 F1:0.9329
INFO:__main__:验证的best_acc:0.9527
INFO:__main__:----------------------------------------------------------------------------------------------------
INFO:__main__:
【train】epoch:142/150 loss:0.0008 acc:0.9997
INFO:__main__:
【val】epoch:142/150 loss:0.2850 acc:0.9479
INFO:__main__:
【Val】:  SENS: 0.9415  SPEC: 0.9519  PPV: 0.9242  NPV: 0.9632 F1:0.9328
INFO:__main__:验证的best_acc:0.9527
INFO:__main__:----------------------------------------------------------------------------------------------------
INFO:__main__:
【train】epoch:143/150 loss:0.0008 acc:0.9997
INFO:__main__:
【val】epoch:143/150 loss:0.2948 acc:0.9479
INFO:__main__:
【Val】:  SENS: 0.9415  SPEC: 0.9519  PPV: 0.9242  NPV: 0.9632 F1:0.9328
INFO:__main__:验证的best_acc:0.9527
INFO:__main__:----------------------------------------------------------------------------------------------------
INFO:__main__:
【train】epoch:144/150 loss:0.0010 acc:0.9998
INFO:__main__:
【val】epoch:144/150 loss:0.2802 acc:0.9487
INFO:__main__:
【Val】:  SENS: 0.9374  SPEC: 0.9558  PPV: 0.9296  NPV: 0.9608 F1:0.9335
INFO:__main__:验证的best_acc:0.9527
INFO:__main__:----------------------------------------------------------------------------------------------------
INFO:__main__:
【train】epoch:145/150 loss:0.0008 acc:0.9998
INFO:__main__:
【val】epoch:145/150 loss:0.2891 acc:0.9471
INFO:__main__:
【Val】:  SENS: 0.9436  SPEC: 0.9493  PPV: 0.9206  NPV: 0.9643 F1:0.9320
INFO:__main__:验证的best_acc:0.9527
INFO:__main__:----------------------------------------------------------------------------------------------------
INFO:__main__:
【train】epoch:146/150 loss:0.0005 acc:0.9998
INFO:__main__:
【val】epoch:146/150 loss:0.2879 acc:0.9487
INFO:__main__:
【Val】:  SENS: 0.9436  SPEC: 0.9519  PPV: 0.9243  NPV: 0.9644 F1:0.9339
INFO:__main__:验证的best_acc:0.9527
INFO:__main__:----------------------------------------------------------------------------------------------------
INFO:__main__:
【train】epoch:147/150 loss:0.0009 acc:0.9997
INFO:__main__:
【val】epoch:147/150 loss:0.2898 acc:0.9479
INFO:__main__:
【Val】:  SENS: 0.9353  SPEC: 0.9558  PPV: 0.9295  NPV: 0.9595 F1:0.9324
INFO:__main__:验证的best_acc:0.9527
INFO:__main__:----------------------------------------------------------------------------------------------------
INFO:__main__:
【train】epoch:148/150 loss:0.0017 acc:0.9992
INFO:__main__:
【val】epoch:148/150 loss:0.2847 acc:0.9479
INFO:__main__:
【Val】:  SENS: 0.9436  SPEC: 0.9506  PPV: 0.9224  NPV: 0.9644 F1:0.9329
INFO:__main__:验证的best_acc:0.9527
INFO:__main__:----------------------------------------------------------------------------------------------------
INFO:__main__:
【train】epoch:149/150 loss:0.0003 acc:1.0000
INFO:__main__:
【val】epoch:149/150 loss:0.2798 acc:0.9487
INFO:__main__:
【Val】:  SENS: 0.9436  SPEC: 0.9519  PPV: 0.9243  NPV: 0.9644 F1:0.9339
INFO:__main__:验证的best_acc:0.9527
INFO:__main__:----------------------------------------------------------------------------------------------------
INFO:__main__:****************************************************************************************************
INFO:__main__:Val_LOSS:['0.4719', '0.4346', '0.3398', '0.3673', '0.3808', '0.2584', '0.3396', '0.4272', '0.3130', '0.2551', '0.2041', '0.2311', '0.2458', '0.2065', '0.1874', '0.2384', '0.1948', '0.2684', '0.1587', '0.1867', '0.1949', '0.2538', '0.2223', '0.2112', '0.1735', '0.2052', '0.1877', '0.2048', '0.2660', '0.2030', '0.1846', '0.2258', '0.2157', '0.1836', '0.2007', '0.2202', '0.1569', '0.2024', '0.1666', '0.2325', '0.1807', '0.2260', '0.2260', '0.1806', '0.1819', '0.1739', '0.2123', '0.2511', '0.1902', '0.2358', '0.2360', '0.1870', '0.2184', '0.1733', '0.2178', '0.2423', '0.2521', '0.2184', '0.1774', '0.2024', '0.2489', '0.2284', '0.2671', '0.2155', '0.2544', '0.2088', '0.2209', '0.1985', '0.2590', '0.2518', '0.2414', '0.2129', '0.2130', '0.2752', '0.2127', '0.2421', '0.2171', '0.2278', '0.2299', '0.2286', '0.2492', '0.2232', '0.2295', '0.2285', '0.2666', '0.2755', '0.2545', '0.2675', '0.2616', '0.2546', '0.2376', '0.2638', '0.2514', '0.2591', '0.2533', '0.2828', '0.2838', '0.2827', '0.2664', '0.2664', '0.2559', '0.2634', '0.2607', '0.2555', '0.2646', '0.2616', '0.2668', '0.2823', '0.2764', '0.2651', '0.2525', '0.2892', '0.2602', '0.2637', '0.2845', '0.2778', '0.2793', '0.2652', '0.2664', '0.2919', '0.2808', '0.2884', '0.2800', '0.2845', '0.2624', '0.2614', '0.2735', '0.2760', '0.2822', '0.2837', '0.2877', '0.2795', '0.2879', '0.2908', '0.2966', '0.2861', '0.2791', '0.2944', '0.2914', '0.2868', '0.2829', '0.2889', '0.2850', '0.2948', '0.2802', '0.2891', '0.2879', '0.2898', '0.2847', '0.2798']
INFO:__main__:Val_ACC:['0.7909', '0.7901', '0.8494', '0.8550', '0.8478', '0.8902', '0.8518', '0.8413', '0.8710', '0.9111', '0.9207', '0.9062', '0.8910', '0.9167', '0.9207', '0.8958', '0.9207', '0.9071', '0.9327', '0.9415', '0.9255', '0.9159', '0.9223', '0.9279', '0.9423', '0.9295', '0.9391', '0.9319', '0.9191', '0.9375', '0.9383', '0.9279', '0.9375', '0.9327', '0.9351', '0.9367', '0.9479', '0.9423', '0.9399', '0.9431', '0.9455', '0.9359', '0.9375', '0.9423', '0.9367', '0.9359', '0.9391', '0.9335', '0.9415', '0.9311', '0.9327', '0.9447', '0.9391', '0.9455', '0.9351', '0.9359', '0.9303', '0.9455', '0.9463', '0.9431', '0.9359', '0.9399', '0.9303', '0.9487', '0.9383', '0.9415', '0.9383', '0.9463', '0.9319', '0.9447', '0.9495', '0.9463', '0.9471', '0.9295', '0.9447', '0.9423', '0.9463', '0.9463', '0.9423', '0.9439', '0.9455', '0.9495', '0.9527', '0.9495', '0.9335', '0.9431', '0.9439', '0.9399', '0.9455', '0.9463', '0.9471', '0.9431', '0.9431', '0.9439', '0.9439', '0.9431', '0.9439', '0.9415', '0.9455', '0.9439', '0.9447', '0.9463', '0.9479', '0.9479', '0.9439', '0.9495', '0.9479', '0.9407', '0.9415', '0.9479', '0.9439', '0.9415', '0.9463', '0.9455', '0.9447', '0.9407', '0.9455', '0.9487', '0.9463', '0.9431', '0.9471', '0.9447', '0.9439', '0.9447', '0.9455', '0.9487', '0.9431', '0.9431', '0.9447', '0.9447', '0.9463', '0.9479', '0.9479', '0.9455', '0.9447', '0.9495', '0.9487', '0.9455', '0.9471', '0.9471', '0.9463', '0.9479', '0.9479', '0.9479', '0.9487', '0.9471', '0.9487', '0.9479', '0.9479', '0.9487']
INFO:__main__:****************************************************************************************************
INFO:__main__:best_acc:0.9527  对应epoch:82  
 对应sens0.9415  spec0.9597  ppv0.9357  npv0.9634  F10.9386
