INFO:__main__:
【train】epoch:0/150 loss:0.9749 acc:0.6658
INFO:__main__:
【val】epoch:0/150 loss:0.4987 acc:0.7444
INFO:__main__:
【Val】:  SENS: 0.7406  SPEC: 0.7474  PPV: 0.7051  NPV: 0.7794 F1:0.7224
INFO:__main__:验证的best_acc:0.7444
INFO:__main__:----------------------------------------------------------------------------------------------------
INFO:__main__:
【train】epoch:1/150 loss:0.8073 acc:0.7521
INFO:__main__:
【val】epoch:1/150 loss:0.5571 acc:0.7281
INFO:__main__:
【Val】:  SENS: 0.9465  SPEC: 0.5500  PPV: 0.6317  NPV: 0.9266 F1:0.7577
INFO:__main__:验证的best_acc:0.7444
INFO:__main__:----------------------------------------------------------------------------------------------------
INFO:__main__:
【train】epoch:2/150 loss:0.6627 acc:0.8117
INFO:__main__:
【val】epoch:2/150 loss:0.5230 acc:0.7281
INFO:__main__:
【Val】:  SENS: 0.9748  SPEC: 0.5269  PPV: 0.6269  NPV: 0.9625 F1:0.7631
INFO:__main__:验证的best_acc:0.7444
INFO:__main__:----------------------------------------------------------------------------------------------------
INFO:__main__:
【train】epoch:3/150 loss:0.5653 acc:0.8423
INFO:__main__:
【val】epoch:3/150 loss:0.3353 acc:0.8531
INFO:__main__:
【Val】:  SENS: 0.8962  SPEC: 0.8179  PPV: 0.8006  NPV: 0.9062 F1:0.8457
INFO:__main__:验证的best_acc:0.8531
INFO:__main__:----------------------------------------------------------------------------------------------------
INFO:__main__:
【train】epoch:4/150 loss:0.5200 acc:0.8594
INFO:__main__:
【val】epoch:4/150 loss:0.3098 acc:0.8672
INFO:__main__:
【Val】:  SENS: 0.9324  SPEC: 0.8141  PPV: 0.8035  NPV: 0.9366 F1:0.8632
INFO:__main__:验证的best_acc:0.8672
INFO:__main__:----------------------------------------------------------------------------------------------------
INFO:__main__:
【train】epoch:0/150 loss:0.9749 acc:0.6658
INFO:__main__:
【val】epoch:0/150 loss:0.4987 acc:0.7444
INFO:__main__:
【Val】:  SENS: 0.7406  SPEC: 0.7474  PPV: 0.7051  NPV: 0.7794 F1:0.7224
INFO:__main__:验证的best_acc:0.7444
INFO:__main__:----------------------------------------------------------------------------------------------------
INFO:__main__:
【train】epoch:1/150 loss:0.8073 acc:0.7521
INFO:__main__:
【val】epoch:1/150 loss:0.5571 acc:0.7281
INFO:__main__:
【Val】:  SENS: 0.9465  SPEC: 0.5500  PPV: 0.6317  NPV: 0.9266 F1:0.7577
INFO:__main__:验证的best_acc:0.7444
INFO:__main__:----------------------------------------------------------------------------------------------------
INFO:__main__:
【train】epoch:2/150 loss:0.6627 acc:0.8117
INFO:__main__:
【val】epoch:2/150 loss:0.5230 acc:0.7281
INFO:__main__:
【Val】:  SENS: 0.9748  SPEC: 0.5269  PPV: 0.6269  NPV: 0.9625 F1:0.7631
INFO:__main__:验证的best_acc:0.7444
INFO:__main__:----------------------------------------------------------------------------------------------------
INFO:__main__:
【train】epoch:3/150 loss:0.5653 acc:0.8423
INFO:__main__:
【val】epoch:3/150 loss:0.3353 acc:0.8531
INFO:__main__:
【Val】:  SENS: 0.8962  SPEC: 0.8179  PPV: 0.8006  NPV: 0.9062 F1:0.8457
INFO:__main__:验证的best_acc:0.8531
INFO:__main__:----------------------------------------------------------------------------------------------------
INFO:__main__:
【train】epoch:4/150 loss:0.5200 acc:0.8594
INFO:__main__:
【val】epoch:4/150 loss:0.3098 acc:0.8672
INFO:__main__:
【Val】:  SENS: 0.9324  SPEC: 0.8141  PPV: 0.8035  NPV: 0.9366 F1:0.8632
INFO:__main__:验证的best_acc:0.8672
INFO:__main__:----------------------------------------------------------------------------------------------------
INFO:__main__:
【train】epoch:5/150 loss:0.4723 acc:0.8709
INFO:__main__:
【val】epoch:5/150 loss:0.3000 acc:0.8799
INFO:__main__:
【Val】:  SENS: 0.8695  SPEC: 0.8885  PPV: 0.8641  NPV: 0.8930 F1:0.8668
INFO:__main__:验证的best_acc:0.8799
INFO:__main__:----------------------------------------------------------------------------------------------------
INFO:__main__:
【train】epoch:6/150 loss:0.4439 acc:0.8811
INFO:__main__:
【val】epoch:6/150 loss:0.2879 acc:0.8785
INFO:__main__:
【Val】:  SENS: 0.8994  SPEC: 0.8615  PPV: 0.8412  NPV: 0.9130 F1:0.8693
INFO:__main__:验证的best_acc:0.8799
INFO:__main__:----------------------------------------------------------------------------------------------------
INFO:__main__:
【train】epoch:7/150 loss:0.4206 acc:0.8858
INFO:__main__:
【val】epoch:7/150 loss:0.3157 acc:0.8609
INFO:__main__:
【Val】:  SENS: 0.8884  SPEC: 0.8385  PPV: 0.8177  NPV: 0.9021 F1:0.8515
INFO:__main__:验证的best_acc:0.8799
INFO:__main__:----------------------------------------------------------------------------------------------------
INFO:__main__:
【train】epoch:8/150 loss:0.4072 acc:0.8926
INFO:__main__:
【val】epoch:8/150 loss:0.2733 acc:0.8778
INFO:__main__:
【Val】:  SENS: 0.8789  SPEC: 0.8769  PPV: 0.8534  NPV: 0.8988 F1:0.8660
INFO:__main__:验证的best_acc:0.8799
INFO:__main__:----------------------------------------------------------------------------------------------------
INFO:__main__:
【train】epoch:9/150 loss:0.3592 acc:0.9084
INFO:__main__:
【val】epoch:9/150 loss:0.2368 acc:0.9004
INFO:__main__:
【Val】:  SENS: 0.9135  SPEC: 0.8897  PPV: 0.8711  NPV: 0.9266 F1:0.8918
INFO:__main__:验证的best_acc:0.9004
INFO:__main__:----------------------------------------------------------------------------------------------------
INFO:__main__:
【train】epoch:10/150 loss:0.3356 acc:0.9136
INFO:__main__:
【val】epoch:10/150 loss:0.2464 acc:0.9004
INFO:__main__:
【Val】:  SENS: 0.8994  SPEC: 0.9013  PPV: 0.8814  NPV: 0.9166 F1:0.8903
INFO:__main__:验证的best_acc:0.9004
INFO:__main__:----------------------------------------------------------------------------------------------------
INFO:__main__:
【train】epoch:11/150 loss:0.3140 acc:0.9184
INFO:__main__:
【val】epoch:11/150 loss:0.2656 acc:0.8877
INFO:__main__:
【Val】:  SENS: 0.8569  SPEC: 0.9128  PPV: 0.8891  NPV: 0.8867 F1:0.8727
INFO:__main__:验证的best_acc:0.9004
INFO:__main__:----------------------------------------------------------------------------------------------------
INFO:__main__:
【train】epoch:12/150 loss:0.2953 acc:0.9244
INFO:__main__:
【val】epoch:12/150 loss:0.2202 acc:0.9040
INFO:__main__:
【Val】:  SENS: 0.9151  SPEC: 0.8949  PPV: 0.8765  NPV: 0.9282 F1:0.8954
INFO:__main__:验证的best_acc:0.9040
INFO:__main__:----------------------------------------------------------------------------------------------------
INFO:__main__:
【train】epoch:13/150 loss:0.2924 acc:0.9243
INFO:__main__:
【val】epoch:13/150 loss:0.2350 acc:0.9068
INFO:__main__:
【Val】:  SENS: 0.8994  SPEC: 0.9128  PPV: 0.8938  NPV: 0.9175 F1:0.8966
INFO:__main__:验证的best_acc:0.9068
INFO:__main__:----------------------------------------------------------------------------------------------------
INFO:__main__:
【train】epoch:14/150 loss:0.2729 acc:0.9305
INFO:__main__:
【val】epoch:14/150 loss:0.2659 acc:0.9004
INFO:__main__:
【Val】:  SENS: 0.8632  SPEC: 0.9308  PPV: 0.9104  NPV: 0.8930 F1:0.8862
INFO:__main__:验证的best_acc:0.9068
INFO:__main__:----------------------------------------------------------------------------------------------------
INFO:__main__:
【train】epoch:15/150 loss:0.2465 acc:0.9400
INFO:__main__:
【val】epoch:15/150 loss:0.2415 acc:0.9202
INFO:__main__:
【Val】:  SENS: 0.9560  SPEC: 0.8910  PPV: 0.8773  NPV: 0.9613 F1:0.9150
INFO:__main__:验证的best_acc:0.9202
INFO:__main__:----------------------------------------------------------------------------------------------------
INFO:__main__:
【train】epoch:16/150 loss:0.2466 acc:0.9386
INFO:__main__:
【val】epoch:16/150 loss:0.2308 acc:0.9032
INFO:__main__:
【Val】:  SENS: 0.9292  SPEC: 0.8821  PPV: 0.8653  NPV: 0.9386 F1:0.8961
INFO:__main__:验证的best_acc:0.9202
INFO:__main__:----------------------------------------------------------------------------------------------------
INFO:__main__:
【train】epoch:17/150 loss:0.2216 acc:0.9457
INFO:__main__:
【val】epoch:17/150 loss:0.2598 acc:0.8997
INFO:__main__:
【Val】:  SENS: 0.9528  SPEC: 0.8564  PPV: 0.8440  NPV: 0.9570 F1:0.8951
INFO:__main__:验证的best_acc:0.9202
INFO:__main__:----------------------------------------------------------------------------------------------------
INFO:__main__:
【train】epoch:18/150 loss:0.2287 acc:0.9445
INFO:__main__:
【val】epoch:18/150 loss:0.3347 acc:0.9061
INFO:__main__:
【Val】:  SENS: 0.9418  SPEC: 0.8769  PPV: 0.8619  NPV: 0.9487 F1:0.9001
INFO:__main__:验证的best_acc:0.9202
INFO:__main__:----------------------------------------------------------------------------------------------------
INFO:__main__:
【train】epoch:19/150 loss:0.1827 acc:0.9540
INFO:__main__:
【val】epoch:19/150 loss:0.2648 acc:0.9174
INFO:__main__:
【Val】:  SENS: 0.9214  SPEC: 0.9141  PPV: 0.8974  NPV: 0.9345 F1:0.9092
INFO:__main__:验证的best_acc:0.9202
INFO:__main__:----------------------------------------------------------------------------------------------------
INFO:__main__:
【train】epoch:20/150 loss:0.1768 acc:0.9606
INFO:__main__:
【val】epoch:20/150 loss:0.3223 acc:0.9075
INFO:__main__:
【Val】:  SENS: 0.9072  SPEC: 0.9077  PPV: 0.8891  NPV: 0.9231 F1:0.8981
INFO:__main__:验证的best_acc:0.9202
INFO:__main__:----------------------------------------------------------------------------------------------------
INFO:__main__:
【train】epoch:21/150 loss:0.1663 acc:0.9621
INFO:__main__:
【val】epoch:21/150 loss:0.2728 acc:0.9145
INFO:__main__:
【Val】:  SENS: 0.9308  SPEC: 0.9013  PPV: 0.8849  NPV: 0.9411 F1:0.9073
INFO:__main__:验证的best_acc:0.9202
INFO:__main__:----------------------------------------------------------------------------------------------------
INFO:__main__:
【train】epoch:22/150 loss:0.1626 acc:0.9590
INFO:__main__:
【val】epoch:22/150 loss:0.3169 acc:0.9223
INFO:__main__:
【Val】:  SENS: 0.9261  SPEC: 0.9192  PPV: 0.9034  NPV: 0.9385 F1:0.9146
INFO:__main__:验证的best_acc:0.9223
INFO:__main__:----------------------------------------------------------------------------------------------------
INFO:__main__:
【train】epoch:23/150 loss:0.1561 acc:0.9621
INFO:__main__:
【val】epoch:23/150 loss:0.3263 acc:0.8997
INFO:__main__:
【Val】:  SENS: 0.8931  SPEC: 0.9051  PPV: 0.8847  NPV: 0.9121 F1:0.8889
INFO:__main__:验证的best_acc:0.9223
INFO:__main__:----------------------------------------------------------------------------------------------------
INFO:__main__:
【train】epoch:24/150 loss:0.1613 acc:0.9638
INFO:__main__:
【val】epoch:24/150 loss:0.2666 acc:0.9047
INFO:__main__:
【Val】:  SENS: 0.8821  SPEC: 0.9231  PPV: 0.9034  NPV: 0.9057 F1:0.8926
INFO:__main__:验证的best_acc:0.9223
INFO:__main__:----------------------------------------------------------------------------------------------------
INFO:__main__:
【train】epoch:25/150 loss:0.1393 acc:0.9675
INFO:__main__:
【val】epoch:25/150 loss:0.3830 acc:0.8955
INFO:__main__:
【Val】:  SENS: 0.8569  SPEC: 0.9269  PPV: 0.9053  NPV: 0.8882 F1:0.8805
INFO:__main__:验证的best_acc:0.9223
INFO:__main__:----------------------------------------------------------------------------------------------------
INFO:__main__:
【train】epoch:26/150 loss:0.1498 acc:0.9662
INFO:__main__:
【val】epoch:26/150 loss:0.4255 acc:0.8672
INFO:__main__:
【Val】:  SENS: 0.7767  SPEC: 0.9410  PPV: 0.9148  NPV: 0.8379 F1:0.8401
INFO:__main__:验证的best_acc:0.9223
INFO:__main__:----------------------------------------------------------------------------------------------------
INFO:__main__:
【train】epoch:27/150 loss:0.1293 acc:0.9699
INFO:__main__:
【val】epoch:27/150 loss:0.3274 acc:0.8948
INFO:__main__:
【Val】:  SENS: 0.9308  SPEC: 0.8654  PPV: 0.8494  NPV: 0.9388 F1:0.8882
INFO:__main__:验证的best_acc:0.9223
INFO:__main__:----------------------------------------------------------------------------------------------------
INFO:__main__:
【train】epoch:28/150 loss:0.1453 acc:0.9668
INFO:__main__:
【val】epoch:28/150 loss:0.3091 acc:0.8912
INFO:__main__:
【Val】:  SENS: 0.8538  SPEC: 0.9218  PPV: 0.8990  NPV: 0.8855 F1:0.8758
INFO:__main__:验证的best_acc:0.9223
INFO:__main__:----------------------------------------------------------------------------------------------------
INFO:__main__:
【train】epoch:29/150 loss:0.1043 acc:0.9765
INFO:__main__:
【val】epoch:29/150 loss:0.3163 acc:0.8948
INFO:__main__:
【Val】:  SENS: 0.8711  SPEC: 0.9141  PPV: 0.8921  NPV: 0.8969 F1:0.8815
INFO:__main__:验证的best_acc:0.9223
INFO:__main__:----------------------------------------------------------------------------------------------------
INFO:__main__:
【train】epoch:30/150 loss:0.0920 acc:0.9802
INFO:__main__:
【val】epoch:30/150 loss:0.3743 acc:0.8778
INFO:__main__:
【Val】:  SENS: 0.8082  SPEC: 0.9346  PPV: 0.9097  NPV: 0.8566 F1:0.8560
INFO:__main__:验证的best_acc:0.9223
INFO:__main__:----------------------------------------------------------------------------------------------------
INFO:__main__:
【train】epoch:31/150 loss:0.1035 acc:0.9782
INFO:__main__:
【val】epoch:31/150 loss:0.3158 acc:0.9103
INFO:__main__:
【Val】:  SENS: 0.8931  SPEC: 0.9244  PPV: 0.9059  NPV: 0.9138 F1:0.8994
INFO:__main__:验证的best_acc:0.9223
INFO:__main__:----------------------------------------------------------------------------------------------------
INFO:__main__:
【train】epoch:32/150 loss:0.0789 acc:0.9828
INFO:__main__:
【val】epoch:32/150 loss:0.4050 acc:0.8799
INFO:__main__:
【Val】:  SENS: 0.8003  SPEC: 0.9449  PPV: 0.9221  NPV: 0.8530 F1:0.8569
INFO:__main__:验证的best_acc:0.9223
INFO:__main__:----------------------------------------------------------------------------------------------------
INFO:__main__:
【train】epoch:33/150 loss:0.0894 acc:0.9802
INFO:__main__:
【val】epoch:33/150 loss:0.3412 acc:0.9025
INFO:__main__:
【Val】:  SENS: 0.8758  SPEC: 0.9244  PPV: 0.9042  NPV: 0.9013 F1:0.8898
INFO:__main__:验证的best_acc:0.9223
INFO:__main__:----------------------------------------------------------------------------------------------------
INFO:__main__:
【train】epoch:34/150 loss:0.0766 acc:0.9835
INFO:__main__:
【val】epoch:34/150 loss:0.3491 acc:0.8912
INFO:__main__:
【Val】:  SENS: 0.8585  SPEC: 0.9179  PPV: 0.8951  NPV: 0.8883 F1:0.8764
INFO:__main__:验证的best_acc:0.9223
INFO:__main__:----------------------------------------------------------------------------------------------------
INFO:__main__:
【train】epoch:35/150 loss:0.0779 acc:0.9845
INFO:__main__:
【val】epoch:35/150 loss:0.2453 acc:0.9131
INFO:__main__:
【Val】:  SENS: 0.9072  SPEC: 0.9179  PPV: 0.9002  NPV: 0.9239 F1:0.9037
INFO:__main__:验证的best_acc:0.9223
INFO:__main__:----------------------------------------------------------------------------------------------------
INFO:__main__:
【train】epoch:36/150 loss:0.0742 acc:0.9825
INFO:__main__:
【val】epoch:36/150 loss:0.2907 acc:0.9145
INFO:__main__:
【Val】:  SENS: 0.8742  SPEC: 0.9474  PPV: 0.9313  NPV: 0.9023 F1:0.9019
INFO:__main__:验证的best_acc:0.9223
INFO:__main__:----------------------------------------------------------------------------------------------------
INFO:__main__:
【train】epoch:37/150 loss:0.0735 acc:0.9828
INFO:__main__:
【val】epoch:37/150 loss:0.3236 acc:0.9054
INFO:__main__:
【Val】:  SENS: 0.8884  SPEC: 0.9192  PPV: 0.8997  NPV: 0.9099 F1:0.8940
INFO:__main__:验证的best_acc:0.9223
INFO:__main__:----------------------------------------------------------------------------------------------------
INFO:__main__:
【train】epoch:38/150 loss:0.0807 acc:0.9825
INFO:__main__:
【val】epoch:38/150 loss:0.3506 acc:0.8828
INFO:__main__:
【Val】:  SENS: 0.8774  SPEC: 0.8872  PPV: 0.8638  NPV: 0.8987 F1:0.8705
INFO:__main__:验证的best_acc:0.9223
INFO:__main__:----------------------------------------------------------------------------------------------------
INFO:__main__:
【train】epoch:39/150 loss:0.0608 acc:0.9862
INFO:__main__:
【val】epoch:39/150 loss:0.3984 acc:0.9054
INFO:__main__:
【Val】:  SENS: 0.9340  SPEC: 0.8821  PPV: 0.8659  NPV: 0.9425 F1:0.8986
INFO:__main__:验证的best_acc:0.9223
INFO:__main__:----------------------------------------------------------------------------------------------------
INFO:__main__:
【train】epoch:40/150 loss:0.0514 acc:0.9899
INFO:__main__:
【val】epoch:40/150 loss:0.3876 acc:0.9195
INFO:__main__:
【Val】:  SENS: 0.9403  SPEC: 0.9026  PPV: 0.8872  NPV: 0.9488 F1:0.9130
INFO:__main__:验证的best_acc:0.9223
INFO:__main__:----------------------------------------------------------------------------------------------------
INFO:__main__:
【train】epoch:41/150 loss:0.0490 acc:0.9900
INFO:__main__:
【val】epoch:41/150 loss:0.3381 acc:0.9061
INFO:__main__:
【Val】:  SENS: 0.8789  SPEC: 0.9282  PPV: 0.9089  NPV: 0.9039 F1:0.8937
INFO:__main__:验证的best_acc:0.9223
INFO:__main__:----------------------------------------------------------------------------------------------------
INFO:__main__:
【train】epoch:42/150 loss:0.0519 acc:0.9892
INFO:__main__:
【val】epoch:42/150 loss:0.3311 acc:0.9096
INFO:__main__:
【Val】:  SENS: 0.8836  SPEC: 0.9308  PPV: 0.9123  NPV: 0.9075 F1:0.8978
INFO:__main__:验证的best_acc:0.9223
INFO:__main__:----------------------------------------------------------------------------------------------------
INFO:__main__:
【train】epoch:43/150 loss:0.0586 acc:0.9866
INFO:__main__:
【val】epoch:43/150 loss:0.3450 acc:0.9117
INFO:__main__:
【Val】:  SENS: 0.8884  SPEC: 0.9308  PPV: 0.9128  NPV: 0.9109 F1:0.9004
INFO:__main__:验证的best_acc:0.9223
INFO:__main__:----------------------------------------------------------------------------------------------------
INFO:__main__:
【train】epoch:44/150 loss:0.0444 acc:0.9901
INFO:__main__:
【val】epoch:44/150 loss:0.3702 acc:0.9195
INFO:__main__:
【Val】:  SENS: 0.9072  SPEC: 0.9295  PPV: 0.9130  NPV: 0.9247 F1:0.9101
INFO:__main__:验证的best_acc:0.9223
INFO:__main__:----------------------------------------------------------------------------------------------------
INFO:__main__:
【train】epoch:45/150 loss:0.0448 acc:0.9918
INFO:__main__:
【val】epoch:45/150 loss:0.3570 acc:0.9061
INFO:__main__:
【Val】:  SENS: 0.8805  SPEC: 0.9269  PPV: 0.9076  NPV: 0.9049 F1:0.8939
INFO:__main__:验证的best_acc:0.9223
INFO:__main__:----------------------------------------------------------------------------------------------------
INFO:__main__:
【train】epoch:46/150 loss:0.0489 acc:0.9899
INFO:__main__:
【val】epoch:46/150 loss:0.3233 acc:0.9040
INFO:__main__:
【Val】:  SENS: 0.8884  SPEC: 0.9167  PPV: 0.8968  NPV: 0.9097 F1:0.8926
INFO:__main__:验证的best_acc:0.9223
INFO:__main__:----------------------------------------------------------------------------------------------------
INFO:__main__:
【train】epoch:47/150 loss:0.0479 acc:0.9899
INFO:__main__:
【val】epoch:47/150 loss:0.3624 acc:0.9011
INFO:__main__:
【Val】:  SENS: 0.8632  SPEC: 0.9321  PPV: 0.9120  NPV: 0.8931 F1:0.8869
INFO:__main__:验证的best_acc:0.9223
INFO:__main__:----------------------------------------------------------------------------------------------------
INFO:__main__:
【train】epoch:48/150 loss:0.0415 acc:0.9910
INFO:__main__:
【val】epoch:48/150 loss:0.4091 acc:0.8990
INFO:__main__:
【Val】:  SENS: 0.8585  SPEC: 0.9321  PPV: 0.9115  NPV: 0.8898 F1:0.8842
INFO:__main__:验证的best_acc:0.9223
INFO:__main__:----------------------------------------------------------------------------------------------------
INFO:__main__:
【train】epoch:49/150 loss:0.0381 acc:0.9925
INFO:__main__:
【val】epoch:49/150 loss:0.3709 acc:0.9032
INFO:__main__:
【Val】:  SENS: 0.8616  SPEC: 0.9372  PPV: 0.9179  NPV: 0.8926 F1:0.8889
INFO:__main__:验证的best_acc:0.9223
INFO:__main__:----------------------------------------------------------------------------------------------------
INFO:__main__:
【train】epoch:50/150 loss:0.0295 acc:0.9947
INFO:__main__:
【val】epoch:50/150 loss:0.4271 acc:0.9160
INFO:__main__:
【Val】:  SENS: 0.8915  SPEC: 0.9359  PPV: 0.9190  NPV: 0.9136 F1:0.9050
INFO:__main__:验证的best_acc:0.9223
INFO:__main__:----------------------------------------------------------------------------------------------------
INFO:__main__:
【train】epoch:51/150 loss:0.0328 acc:0.9937
INFO:__main__:
【val】epoch:51/150 loss:0.4217 acc:0.9160
INFO:__main__:
【Val】:  SENS: 0.8915  SPEC: 0.9359  PPV: 0.9190  NPV: 0.9136 F1:0.9050
INFO:__main__:验证的best_acc:0.9223
INFO:__main__:----------------------------------------------------------------------------------------------------
INFO:__main__:
【train】epoch:52/150 loss:0.0309 acc:0.9942
INFO:__main__:
【val】epoch:52/150 loss:0.4082 acc:0.9040
INFO:__main__:
【Val】:  SENS: 0.8664  SPEC: 0.9346  PPV: 0.9153  NPV: 0.8956 F1:0.8901
INFO:__main__:验证的best_acc:0.9223
INFO:__main__:----------------------------------------------------------------------------------------------------
INFO:__main__:
【train】epoch:53/150 loss:0.0292 acc:0.9932
INFO:__main__:
【val】epoch:53/150 loss:0.4198 acc:0.9160
INFO:__main__:
【Val】:  SENS: 0.9025  SPEC: 0.9269  PPV: 0.9097  NPV: 0.9210 F1:0.9061
INFO:__main__:验证的best_acc:0.9223
INFO:__main__:----------------------------------------------------------------------------------------------------
INFO:__main__:
【train】epoch:54/150 loss:0.0245 acc:0.9949
INFO:__main__:
【val】epoch:54/150 loss:0.3751 acc:0.9167
INFO:__main__:
【Val】:  SENS: 0.8947  SPEC: 0.9346  PPV: 0.9177  NPV: 0.9158 F1:0.9061
INFO:__main__:验证的best_acc:0.9223
INFO:__main__:----------------------------------------------------------------------------------------------------
INFO:__main__:
【train】epoch:55/150 loss:0.0274 acc:0.9954
INFO:__main__:
【val】epoch:55/150 loss:0.4312 acc:0.8976
INFO:__main__:
【Val】:  SENS: 0.8522  SPEC: 0.9346  PPV: 0.9140  NPV: 0.8858 F1:0.8820
INFO:__main__:验证的best_acc:0.9223
INFO:__main__:----------------------------------------------------------------------------------------------------
INFO:__main__:
【train】epoch:56/150 loss:0.0299 acc:0.9927
INFO:__main__:
【val】epoch:56/150 loss:0.3984 acc:0.9075
INFO:__main__:
【Val】:  SENS: 0.8962  SPEC: 0.9167  PPV: 0.8976  NPV: 0.9155 F1:0.8969
INFO:__main__:验证的best_acc:0.9223
INFO:__main__:----------------------------------------------------------------------------------------------------
INFO:__main__:
【train】epoch:57/150 loss:0.0204 acc:0.9959
INFO:__main__:
【val】epoch:57/150 loss:0.4121 acc:0.9040
INFO:__main__:
【Val】:  SENS: 0.8585  SPEC: 0.9410  PPV: 0.9223  NPV: 0.8908 F1:0.8893
INFO:__main__:验证的best_acc:0.9223
INFO:__main__:----------------------------------------------------------------------------------------------------
INFO:__main__:
【train】epoch:58/150 loss:0.0234 acc:0.9955
INFO:__main__:
【val】epoch:58/150 loss:0.4251 acc:0.9068
INFO:__main__:
【Val】:  SENS: 0.8742  SPEC: 0.9333  PPV: 0.9145  NPV: 0.9010 F1:0.8939
INFO:__main__:验证的best_acc:0.9223
INFO:__main__:----------------------------------------------------------------------------------------------------
INFO:__main__:
【train】epoch:59/150 loss:0.0190 acc:0.9962
INFO:__main__:
【val】epoch:59/150 loss:0.4311 acc:0.9167
INFO:__main__:
【Val】:  SENS: 0.9135  SPEC: 0.9192  PPV: 0.9022  NPV: 0.9288 F1:0.9078
INFO:__main__:验证的best_acc:0.9223
INFO:__main__:----------------------------------------------------------------------------------------------------
INFO:__main__:
【train】epoch:60/150 loss:0.0178 acc:0.9965
INFO:__main__:
【val】epoch:60/150 loss:0.4062 acc:0.9209
INFO:__main__:
【Val】:  SENS: 0.8884  SPEC: 0.9474  PPV: 0.9323  NPV: 0.9123 F1:0.9098
INFO:__main__:验证的best_acc:0.9223
INFO:__main__:----------------------------------------------------------------------------------------------------
INFO:__main__:
【train】epoch:61/150 loss:0.0151 acc:0.9973
INFO:__main__:
【val】epoch:61/150 loss:0.4085 acc:0.9174
INFO:__main__:
【Val】:  SENS: 0.9041  SPEC: 0.9282  PPV: 0.9113  NPV: 0.9223 F1:0.9077
INFO:__main__:验证的best_acc:0.9223
INFO:__main__:----------------------------------------------------------------------------------------------------
INFO:__main__:
【train】epoch:62/150 loss:0.0133 acc:0.9972
INFO:__main__:
【val】epoch:62/150 loss:0.4405 acc:0.9124
INFO:__main__:
【Val】:  SENS: 0.8789  SPEC: 0.9397  PPV: 0.9224  NPV: 0.9049 F1:0.9002
INFO:__main__:验证的best_acc:0.9223
INFO:__main__:----------------------------------------------------------------------------------------------------
INFO:__main__:
【train】epoch:63/150 loss:0.0149 acc:0.9970
INFO:__main__:
【val】epoch:63/150 loss:0.4299 acc:0.9230
INFO:__main__:
【Val】:  SENS: 0.9088  SPEC: 0.9346  PPV: 0.9189  NPV: 0.9263 F1:0.9138
INFO:__main__:验证的best_acc:0.9230
INFO:__main__:----------------------------------------------------------------------------------------------------
INFO:__main__:
【train】epoch:64/150 loss:0.0168 acc:0.9969
INFO:__main__:
【val】epoch:64/150 loss:0.4209 acc:0.9117
INFO:__main__:
【Val】:  SENS: 0.9009  SPEC: 0.9205  PPV: 0.9024  NPV: 0.9193 F1:0.9017
INFO:__main__:验证的best_acc:0.9230
INFO:__main__:----------------------------------------------------------------------------------------------------
INFO:__main__:
【train】epoch:65/150 loss:0.0167 acc:0.9962
INFO:__main__:
【val】epoch:65/150 loss:0.4267 acc:0.9103
INFO:__main__:
【Val】:  SENS: 0.9009  SPEC: 0.9179  PPV: 0.8995  NPV: 0.9191 F1:0.9002
INFO:__main__:验证的best_acc:0.9230
INFO:__main__:----------------------------------------------------------------------------------------------------
INFO:__main__:
【train】epoch:66/150 loss:0.0160 acc:0.9973
INFO:__main__:
【val】epoch:66/150 loss:0.4818 acc:0.9138
INFO:__main__:
【Val】:  SENS: 0.9182  SPEC: 0.9103  PPV: 0.8930  NPV: 0.9318 F1:0.9054
INFO:__main__:验证的best_acc:0.9230
INFO:__main__:----------------------------------------------------------------------------------------------------
INFO:__main__:
【train】epoch:67/150 loss:0.0143 acc:0.9976
INFO:__main__:
【val】epoch:67/150 loss:0.4038 acc:0.9181
INFO:__main__:
【Val】:  SENS: 0.9072  SPEC: 0.9269  PPV: 0.9101  NPV: 0.9246 F1:0.9087
INFO:__main__:验证的best_acc:0.9230
INFO:__main__:----------------------------------------------------------------------------------------------------
INFO:__main__:
【train】epoch:68/150 loss:0.0100 acc:0.9982
INFO:__main__:
【val】epoch:68/150 loss:0.4395 acc:0.9110
INFO:__main__:
【Val】:  SENS: 0.9025  SPEC: 0.9179  PPV: 0.8997  NPV: 0.9203 F1:0.9011
INFO:__main__:验证的best_acc:0.9230
INFO:__main__:----------------------------------------------------------------------------------------------------
INFO:__main__:
【train】epoch:69/150 loss:0.0150 acc:0.9970
INFO:__main__:
【val】epoch:69/150 loss:0.4208 acc:0.9153
INFO:__main__:
【Val】:  SENS: 0.9072  SPEC: 0.9218  PPV: 0.9044  NPV: 0.9242 F1:0.9058
INFO:__main__:验证的best_acc:0.9230
INFO:__main__:----------------------------------------------------------------------------------------------------
INFO:__main__:
【train】epoch:70/150 loss:0.0071 acc:0.9993
INFO:__main__:
【val】epoch:70/150 loss:0.4613 acc:0.9160
INFO:__main__:
【Val】:  SENS: 0.8962  SPEC: 0.9321  PPV: 0.9149  NPV: 0.9168 F1:0.9055
INFO:__main__:验证的best_acc:0.9230
INFO:__main__:----------------------------------------------------------------------------------------------------
INFO:__main__:
【train】epoch:71/150 loss:0.0050 acc:0.9994
INFO:__main__:
【val】epoch:71/150 loss:0.4425 acc:0.9174
INFO:__main__:
【Val】:  SENS: 0.9072  SPEC: 0.9256  PPV: 0.9087  NPV: 0.9245 F1:0.9079
INFO:__main__:验证的best_acc:0.9230
INFO:__main__:----------------------------------------------------------------------------------------------------
INFO:__main__:
【train】epoch:72/150 loss:0.0044 acc:0.9996
INFO:__main__:
【val】epoch:72/150 loss:0.4900 acc:0.9195
INFO:__main__:
【Val】:  SENS: 0.8994  SPEC: 0.9359  PPV: 0.9196  NPV: 0.9194 F1:0.9094
INFO:__main__:验证的best_acc:0.9230
INFO:__main__:----------------------------------------------------------------------------------------------------
INFO:__main__:
【train】epoch:73/150 loss:0.0125 acc:0.9972
INFO:__main__:
【val】epoch:73/150 loss:0.5426 acc:0.9138
INFO:__main__:
【Val】:  SENS: 0.8742  SPEC: 0.9462  PPV: 0.9298  NPV: 0.9022 F1:0.9011
INFO:__main__:验证的best_acc:0.9230
INFO:__main__:----------------------------------------------------------------------------------------------------
INFO:__main__:
【train】epoch:74/150 loss:0.0081 acc:0.9983
INFO:__main__:
【val】epoch:74/150 loss:0.4483 acc:0.9131
INFO:__main__:
【Val】:  SENS: 0.8774  SPEC: 0.9423  PPV: 0.9254  NPV: 0.9041 F1:0.9007
INFO:__main__:验证的best_acc:0.9230
INFO:__main__:----------------------------------------------------------------------------------------------------
INFO:__main__:
【train】epoch:75/150 loss:0.0064 acc:0.9986
INFO:__main__:
【val】epoch:75/150 loss:0.4591 acc:0.9209
INFO:__main__:
【Val】:  SENS: 0.9151  SPEC: 0.9256  PPV: 0.9094  NPV: 0.9304 F1:0.9122
INFO:__main__:验证的best_acc:0.9230
INFO:__main__:----------------------------------------------------------------------------------------------------
INFO:__main__:
【train】epoch:76/150 loss:0.0072 acc:0.9983
INFO:__main__:
【val】epoch:76/150 loss:0.4923 acc:0.9124
INFO:__main__:
【Val】:  SENS: 0.9151  SPEC: 0.9103  PPV: 0.8926  NPV: 0.9293 F1:0.9037
INFO:__main__:验证的best_acc:0.9230
INFO:__main__:----------------------------------------------------------------------------------------------------
INFO:__main__:
【train】epoch:77/150 loss:0.0070 acc:0.9986
INFO:__main__:
【val】epoch:77/150 loss:0.5007 acc:0.9103
INFO:__main__:
【Val】:  SENS: 0.9198  SPEC: 0.9026  PPV: 0.8850  NPV: 0.9325 F1:0.9021
INFO:__main__:验证的best_acc:0.9230
INFO:__main__:----------------------------------------------------------------------------------------------------
INFO:__main__:
【train】epoch:78/150 loss:0.0094 acc:0.9979
INFO:__main__:
【val】epoch:78/150 loss:0.5348 acc:0.9032
INFO:__main__:
【Val】:  SENS: 0.8742  SPEC: 0.9269  PPV: 0.9070  NPV: 0.9004 F1:0.8903
INFO:__main__:验证的best_acc:0.9230
INFO:__main__:----------------------------------------------------------------------------------------------------
INFO:__main__:
【train】epoch:79/150 loss:0.0072 acc:0.9983
INFO:__main__:
【val】epoch:79/150 loss:0.4860 acc:0.9188
INFO:__main__:
【Val】:  SENS: 0.8962  SPEC: 0.9372  PPV: 0.9208  NPV: 0.9172 F1:0.9084
INFO:__main__:验证的best_acc:0.9230
INFO:__main__:----------------------------------------------------------------------------------------------------
INFO:__main__:
【train】epoch:80/150 loss:0.0026 acc:0.9999
INFO:__main__:
【val】epoch:80/150 loss:0.5121 acc:0.9181
INFO:__main__:
【Val】:  SENS: 0.9025  SPEC: 0.9308  PPV: 0.9140  NPV: 0.9213 F1:0.9082
INFO:__main__:验证的best_acc:0.9230
INFO:__main__:----------------------------------------------------------------------------------------------------
INFO:__main__:
【train】epoch:81/150 loss:0.0026 acc:0.9999
INFO:__main__:
【val】epoch:81/150 loss:0.5213 acc:0.9181
INFO:__main__:
【Val】:  SENS: 0.8947  SPEC: 0.9372  PPV: 0.9207  NPV: 0.9160 F1:0.9075
INFO:__main__:验证的best_acc:0.9230
INFO:__main__:----------------------------------------------------------------------------------------------------
INFO:__main__:
【train】epoch:82/150 loss:0.0030 acc:0.9997
INFO:__main__:
【val】epoch:82/150 loss:0.5264 acc:0.9153
INFO:__main__:
【Val】:  SENS: 0.9151  SPEC: 0.9154  PPV: 0.8981  NPV: 0.9297 F1:0.9065
INFO:__main__:验证的best_acc:0.9230
INFO:__main__:----------------------------------------------------------------------------------------------------
INFO:__main__:
【train】epoch:83/150 loss:0.0025 acc:0.9997
INFO:__main__:
【val】epoch:83/150 loss:0.5180 acc:0.9145
INFO:__main__:
【Val】:  SENS: 0.9072  SPEC: 0.9205  PPV: 0.9030  NPV: 0.9241 F1:0.9051
INFO:__main__:验证的best_acc:0.9230
INFO:__main__:----------------------------------------------------------------------------------------------------
INFO:__main__:
【train】epoch:84/150 loss:0.0021 acc:0.9997
INFO:__main__:
【val】epoch:84/150 loss:0.5342 acc:0.9145
INFO:__main__:
【Val】:  SENS: 0.8994  SPEC: 0.9269  PPV: 0.9094  NPV: 0.9187 F1:0.9043
INFO:__main__:验证的best_acc:0.9230
INFO:__main__:----------------------------------------------------------------------------------------------------
INFO:__main__:
【train】epoch:85/150 loss:0.0019 acc:0.9999
INFO:__main__:
【val】epoch:85/150 loss:0.5244 acc:0.9131
INFO:__main__:
【Val】:  SENS: 0.8884  SPEC: 0.9333  PPV: 0.9157  NPV: 0.9111 F1:0.9018
INFO:__main__:验证的best_acc:0.9230
INFO:__main__:----------------------------------------------------------------------------------------------------
INFO:__main__:
【train】epoch:86/150 loss:0.0019 acc:0.9997
INFO:__main__:
【val】epoch:86/150 loss:0.4950 acc:0.9153
INFO:__main__:
【Val】:  SENS: 0.8947  SPEC: 0.9321  PPV: 0.9148  NPV: 0.9156 F1:0.9046
INFO:__main__:验证的best_acc:0.9230
INFO:__main__:----------------------------------------------------------------------------------------------------
INFO:__main__:
【train】epoch:87/150 loss:0.0034 acc:0.9992
INFO:__main__:
【val】epoch:87/150 loss:0.4774 acc:0.9195
INFO:__main__:
【Val】:  SENS: 0.9119  SPEC: 0.9256  PPV: 0.9091  NPV: 0.9280 F1:0.9105
INFO:__main__:验证的best_acc:0.9230
INFO:__main__:----------------------------------------------------------------------------------------------------
INFO:__main__:
【train】epoch:88/150 loss:0.0058 acc:0.9985
INFO:__main__:
【val】epoch:88/150 loss:0.5037 acc:0.9138
INFO:__main__:
【Val】:  SENS: 0.9041  SPEC: 0.9218  PPV: 0.9041  NPV: 0.9218 F1:0.9041
INFO:__main__:验证的best_acc:0.9230
INFO:__main__:----------------------------------------------------------------------------------------------------
INFO:__main__:
【train】epoch:89/150 loss:0.0028 acc:0.9996
INFO:__main__:
【val】epoch:89/150 loss:0.5584 acc:0.9153
INFO:__main__:
【Val】:  SENS: 0.9245  SPEC: 0.9077  PPV: 0.8909  NPV: 0.9365 F1:0.9074
INFO:__main__:验证的best_acc:0.9230
INFO:__main__:----------------------------------------------------------------------------------------------------
INFO:__main__:
【train】epoch:90/150 loss:0.0030 acc:0.9994
INFO:__main__:
【val】epoch:90/150 loss:0.5157 acc:0.9167
INFO:__main__:
【Val】:  SENS: 0.8899  SPEC: 0.9385  PPV: 0.9218  NPV: 0.9127 F1:0.9056
INFO:__main__:验证的best_acc:0.9230
INFO:__main__:----------------------------------------------------------------------------------------------------
INFO:__main__:
【train】epoch:91/150 loss:0.0025 acc:0.9997
INFO:__main__:
【val】epoch:91/150 loss:0.5032 acc:0.9167
INFO:__main__:
【Val】:  SENS: 0.9041  SPEC: 0.9269  PPV: 0.9098  NPV: 0.9222 F1:0.9069
INFO:__main__:验证的best_acc:0.9230
INFO:__main__:----------------------------------------------------------------------------------------------------
INFO:__main__:
【train】epoch:92/150 loss:0.0037 acc:0.9992
INFO:__main__:
【val】epoch:92/150 loss:0.5584 acc:0.9117
INFO:__main__:
【Val】:  SENS: 0.9167  SPEC: 0.9077  PPV: 0.8901  NPV: 0.9304 F1:0.9032
INFO:__main__:验证的best_acc:0.9230
INFO:__main__:----------------------------------------------------------------------------------------------------
INFO:__main__:
【train】epoch:93/150 loss:0.0017 acc:0.9999
INFO:__main__:
【val】epoch:93/150 loss:0.5082 acc:0.9167
INFO:__main__:
【Val】:  SENS: 0.9151  SPEC: 0.9179  PPV: 0.9009  NPV: 0.9299 F1:0.9080
INFO:__main__:验证的best_acc:0.9230
INFO:__main__:----------------------------------------------------------------------------------------------------
INFO:__main__:
【train】epoch:94/150 loss:0.0023 acc:0.9996
INFO:__main__:
【val】epoch:94/150 loss:0.4834 acc:0.9181
INFO:__main__:
【Val】:  SENS: 0.9057  SPEC: 0.9282  PPV: 0.9114  NPV: 0.9235 F1:0.9085
INFO:__main__:验证的best_acc:0.9230
INFO:__main__:----------------------------------------------------------------------------------------------------
INFO:__main__:
【train】epoch:95/150 loss:0.0016 acc:1.0000
INFO:__main__:
【val】epoch:95/150 loss:0.4897 acc:0.9209
INFO:__main__:
【Val】:  SENS: 0.9261  SPEC: 0.9167  PPV: 0.9006  NPV: 0.9383 F1:0.9132
INFO:__main__:验证的best_acc:0.9230
INFO:__main__:----------------------------------------------------------------------------------------------------
INFO:__main__:
【train】epoch:96/150 loss:0.0011 acc:1.0000
INFO:__main__:
【val】epoch:96/150 loss:0.5085 acc:0.9202
INFO:__main__:
【Val】:  SENS: 0.9167  SPEC: 0.9231  PPV: 0.9067  NPV: 0.9314 F1:0.9116
INFO:__main__:验证的best_acc:0.9230
INFO:__main__:----------------------------------------------------------------------------------------------------
INFO:__main__:
【train】epoch:97/150 loss:0.0008 acc:1.0000
INFO:__main__:
【val】epoch:97/150 loss:0.5145 acc:0.9188
INFO:__main__:
【Val】:  SENS: 0.9230  SPEC: 0.9154  PPV: 0.8989  NPV: 0.9358 F1:0.9108
INFO:__main__:验证的best_acc:0.9230
INFO:__main__:----------------------------------------------------------------------------------------------------
INFO:__main__:
【train】epoch:98/150 loss:0.0019 acc:0.9997
INFO:__main__:
【val】epoch:98/150 loss:0.5029 acc:0.9202
INFO:__main__:
【Val】:  SENS: 0.9230  SPEC: 0.9179  PPV: 0.9017  NPV: 0.9359 F1:0.9122
INFO:__main__:验证的best_acc:0.9230
INFO:__main__:----------------------------------------------------------------------------------------------------
INFO:__main__:
【train】epoch:99/150 loss:0.0018 acc:0.9997
INFO:__main__:
【val】epoch:99/150 loss:0.4726 acc:0.9188
INFO:__main__:
【Val】:  SENS: 0.9072  SPEC: 0.9282  PPV: 0.9115  NPV: 0.9246 F1:0.9094
INFO:__main__:验证的best_acc:0.9230
INFO:__main__:----------------------------------------------------------------------------------------------------
INFO:__main__:
【train】epoch:100/150 loss:0.0018 acc:0.9999
INFO:__main__:
【val】epoch:100/150 loss:0.4727 acc:0.9216
INFO:__main__:
【Val】:  SENS: 0.9072  SPEC: 0.9333  PPV: 0.9173  NPV: 0.9250 F1:0.9123
INFO:__main__:验证的best_acc:0.9230
INFO:__main__:----------------------------------------------------------------------------------------------------
INFO:__main__:
【train】epoch:101/150 loss:0.0019 acc:0.9999
INFO:__main__:
【val】epoch:101/150 loss:0.4905 acc:0.9216
INFO:__main__:
【Val】:  SENS: 0.9182  SPEC: 0.9244  PPV: 0.9082  NPV: 0.9327 F1:0.9132
INFO:__main__:验证的best_acc:0.9230
INFO:__main__:----------------------------------------------------------------------------------------------------
INFO:__main__:
【train】epoch:102/150 loss:0.0020 acc:0.9996
INFO:__main__:
【val】epoch:102/150 loss:0.5322 acc:0.9202
INFO:__main__:
【Val】:  SENS: 0.9261  SPEC: 0.9154  PPV: 0.8992  NPV: 0.9382 F1:0.9125
INFO:__main__:验证的best_acc:0.9230
INFO:__main__:----------------------------------------------------------------------------------------------------
INFO:__main__:
【train】epoch:103/150 loss:0.0011 acc:0.9999
INFO:__main__:
【val】epoch:103/150 loss:0.5311 acc:0.9188
INFO:__main__:
【Val】:  SENS: 0.9214  SPEC: 0.9167  PPV: 0.9002  NPV: 0.9346 F1:0.9106
INFO:__main__:验证的best_acc:0.9230
INFO:__main__:----------------------------------------------------------------------------------------------------
INFO:__main__:
【train】epoch:104/150 loss:0.0010 acc:1.0000
INFO:__main__:
【val】epoch:104/150 loss:0.5227 acc:0.9167
INFO:__main__:
【Val】:  SENS: 0.9104  SPEC: 0.9218  PPV: 0.9047  NPV: 0.9265 F1:0.9075
INFO:__main__:验证的best_acc:0.9230
INFO:__main__:----------------------------------------------------------------------------------------------------
INFO:__main__:
【train】epoch:105/150 loss:0.0023 acc:0.9997
INFO:__main__:
【val】epoch:105/150 loss:0.5148 acc:0.9153
INFO:__main__:
【Val】:  SENS: 0.9088  SPEC: 0.9205  PPV: 0.9031  NPV: 0.9253 F1:0.9060
INFO:__main__:验证的best_acc:0.9230
INFO:__main__:----------------------------------------------------------------------------------------------------
INFO:__main__:
【train】epoch:106/150 loss:0.0013 acc:0.9999
INFO:__main__:
【val】epoch:106/150 loss:0.5111 acc:0.9131
INFO:__main__:
【Val】:  SENS: 0.8947  SPEC: 0.9282  PPV: 0.9104  NPV: 0.9153 F1:0.9025
INFO:__main__:验证的best_acc:0.9230
INFO:__main__:----------------------------------------------------------------------------------------------------
INFO:__main__:
【train】epoch:107/150 loss:0.0009 acc:1.0000
INFO:__main__:
【val】epoch:107/150 loss:0.5166 acc:0.9145
INFO:__main__:
【Val】:  SENS: 0.8994  SPEC: 0.9269  PPV: 0.9094  NPV: 0.9187 F1:0.9043
INFO:__main__:验证的best_acc:0.9230
INFO:__main__:----------------------------------------------------------------------------------------------------
INFO:__main__:
【train】epoch:108/150 loss:0.0016 acc:0.9994
INFO:__main__:
【val】epoch:108/150 loss:0.5224 acc:0.9117
INFO:__main__:
【Val】:  SENS: 0.8884  SPEC: 0.9308  PPV: 0.9128  NPV: 0.9109 F1:0.9004
INFO:__main__:验证的best_acc:0.9230
INFO:__main__:----------------------------------------------------------------------------------------------------
INFO:__main__:
【train】epoch:109/150 loss:0.0020 acc:0.9994
INFO:__main__:
【val】epoch:109/150 loss:0.5084 acc:0.9131
INFO:__main__:
【Val】:  SENS: 0.8994  SPEC: 0.9244  PPV: 0.9065  NPV: 0.9185 F1:0.9029
INFO:__main__:验证的best_acc:0.9230
INFO:__main__:----------------------------------------------------------------------------------------------------
INFO:__main__:
【train】epoch:110/150 loss:0.0007 acc:1.0000
INFO:__main__:
【val】epoch:110/150 loss:0.5157 acc:0.9160
INFO:__main__:
【Val】:  SENS: 0.9041  SPEC: 0.9256  PPV: 0.9084  NPV: 0.9221 F1:0.9062
INFO:__main__:验证的best_acc:0.9230
INFO:__main__:----------------------------------------------------------------------------------------------------
INFO:__main__:
【train】epoch:111/150 loss:0.0013 acc:0.9999
INFO:__main__:
【val】epoch:111/150 loss:0.5450 acc:0.9153
INFO:__main__:
【Val】:  SENS: 0.9088  SPEC: 0.9205  PPV: 0.9031  NPV: 0.9253 F1:0.9060
INFO:__main__:验证的best_acc:0.9230
INFO:__main__:----------------------------------------------------------------------------------------------------
INFO:__main__:
【train】epoch:112/150 loss:0.0014 acc:0.9999
INFO:__main__:
【val】epoch:112/150 loss:0.5183 acc:0.9131
INFO:__main__:
【Val】:  SENS: 0.9057  SPEC: 0.9192  PPV: 0.9014  NPV: 0.9228 F1:0.9035
INFO:__main__:验证的best_acc:0.9230
INFO:__main__:----------------------------------------------------------------------------------------------------
INFO:__main__:
【train】epoch:113/150 loss:0.0014 acc:0.9997
INFO:__main__:
【val】epoch:113/150 loss:0.5119 acc:0.9153
INFO:__main__:
【Val】:  SENS: 0.9104  SPEC: 0.9192  PPV: 0.9019  NPV: 0.9264 F1:0.9061
INFO:__main__:验证的best_acc:0.9230
INFO:__main__:----------------------------------------------------------------------------------------------------
INFO:__main__:
【train】epoch:114/150 loss:0.0010 acc:0.9999
INFO:__main__:
【val】epoch:114/150 loss:0.5291 acc:0.9174
INFO:__main__:
【Val】:  SENS: 0.9214  SPEC: 0.9141  PPV: 0.8974  NPV: 0.9345 F1:0.9092
INFO:__main__:验证的best_acc:0.9230
INFO:__main__:----------------------------------------------------------------------------------------------------
INFO:__main__:
【train】epoch:115/150 loss:0.0009 acc:0.9999
INFO:__main__:
【val】epoch:115/150 loss:0.5291 acc:0.9174
INFO:__main__:
【Val】:  SENS: 0.9088  SPEC: 0.9244  PPV: 0.9074  NPV: 0.9255 F1:0.9081
INFO:__main__:验证的best_acc:0.9230
INFO:__main__:----------------------------------------------------------------------------------------------------
INFO:__main__:
【train】epoch:116/150 loss:0.0017 acc:0.9996
INFO:__main__:
【val】epoch:116/150 loss:0.5090 acc:0.9188
INFO:__main__:
【Val】:  SENS: 0.9119  SPEC: 0.9244  PPV: 0.9077  NPV: 0.9279 F1:0.9098
INFO:__main__:验证的best_acc:0.9230
INFO:__main__:----------------------------------------------------------------------------------------------------
INFO:__main__:
【train】epoch:117/150 loss:0.0015 acc:0.9999
INFO:__main__:
【val】epoch:117/150 loss:0.5232 acc:0.9223
INFO:__main__:
【Val】:  SENS: 0.9324  SPEC: 0.9141  PPV: 0.8985  NPV: 0.9431 F1:0.9151
INFO:__main__:验证的best_acc:0.9230
INFO:__main__:----------------------------------------------------------------------------------------------------
INFO:__main__:
【train】epoch:118/150 loss:0.0013 acc:0.9997
INFO:__main__:
【val】epoch:118/150 loss:0.4972 acc:0.9202
INFO:__main__:
【Val】:  SENS: 0.9214  SPEC: 0.9192  PPV: 0.9029  NPV: 0.9348 F1:0.9121
INFO:__main__:验证的best_acc:0.9230
INFO:__main__:----------------------------------------------------------------------------------------------------
INFO:__main__:
【train】epoch:119/150 loss:0.0016 acc:0.9999
INFO:__main__:
【val】epoch:119/150 loss:0.5078 acc:0.9167
INFO:__main__:
【Val】:  SENS: 0.9135  SPEC: 0.9192  PPV: 0.9022  NPV: 0.9288 F1:0.9078
INFO:__main__:验证的best_acc:0.9230
INFO:__main__:----------------------------------------------------------------------------------------------------
INFO:__main__:
【train】epoch:120/150 loss:0.0007 acc:1.0000
INFO:__main__:
【val】epoch:120/150 loss:0.5053 acc:0.9167
INFO:__main__:
【Val】:  SENS: 0.9072  SPEC: 0.9244  PPV: 0.9072  NPV: 0.9244 F1:0.9072
INFO:__main__:验证的best_acc:0.9230
INFO:__main__:----------------------------------------------------------------------------------------------------
INFO:__main__:
【train】epoch:121/150 loss:0.0005 acc:1.0000
INFO:__main__:
【val】epoch:121/150 loss:0.5119 acc:0.9160
INFO:__main__:
【Val】:  SENS: 0.9104  SPEC: 0.9205  PPV: 0.9033  NPV: 0.9265 F1:0.9068
INFO:__main__:验证的best_acc:0.9230
INFO:__main__:----------------------------------------------------------------------------------------------------
INFO:__main__:
【train】epoch:122/150 loss:0.0010 acc:0.9999
INFO:__main__:
【val】epoch:122/150 loss:0.5089 acc:0.9181
INFO:__main__:
【Val】:  SENS: 0.9198  SPEC: 0.9167  PPV: 0.9000  NPV: 0.9334 F1:0.9098
INFO:__main__:验证的best_acc:0.9230
INFO:__main__:----------------------------------------------------------------------------------------------------
INFO:__main__:
【train】epoch:123/150 loss:0.0012 acc:0.9999
INFO:__main__:
【val】epoch:123/150 loss:0.4970 acc:0.9160
INFO:__main__:
【Val】:  SENS: 0.9119  SPEC: 0.9192  PPV: 0.9020  NPV: 0.9276 F1:0.9070
INFO:__main__:验证的best_acc:0.9230
INFO:__main__:----------------------------------------------------------------------------------------------------
INFO:__main__:
【train】epoch:124/150 loss:0.0018 acc:0.9997
INFO:__main__:
【val】epoch:124/150 loss:0.4786 acc:0.9195
INFO:__main__:
【Val】:  SENS: 0.9057  SPEC: 0.9308  PPV: 0.9143  NPV: 0.9237 F1:0.9100
INFO:__main__:验证的best_acc:0.9230
INFO:__main__:----------------------------------------------------------------------------------------------------
INFO:__main__:
【train】epoch:125/150 loss:0.0006 acc:1.0000
INFO:__main__:
【val】epoch:125/150 loss:0.4957 acc:0.9138
INFO:__main__:
【Val】:  SENS: 0.9025  SPEC: 0.9231  PPV: 0.9054  NPV: 0.9207 F1:0.9039
INFO:__main__:验证的best_acc:0.9230
INFO:__main__:----------------------------------------------------------------------------------------------------
INFO:__main__:
【train】epoch:126/150 loss:0.0005 acc:1.0000
INFO:__main__:
【val】epoch:126/150 loss:0.4985 acc:0.9153
INFO:__main__:
【Val】:  SENS: 0.9119  SPEC: 0.9179  PPV: 0.9006  NPV: 0.9275 F1:0.9062
INFO:__main__:验证的best_acc:0.9230
INFO:__main__:----------------------------------------------------------------------------------------------------
INFO:__main__:
【train】epoch:127/150 loss:0.0008 acc:0.9999
INFO:__main__:
【val】epoch:127/150 loss:0.5101 acc:0.9160
INFO:__main__:
【Val】:  SENS: 0.9025  SPEC: 0.9269  PPV: 0.9097  NPV: 0.9210 F1:0.9061
INFO:__main__:验证的best_acc:0.9230
INFO:__main__:----------------------------------------------------------------------------------------------------
INFO:__main__:
【train】epoch:128/150 loss:0.0004 acc:1.0000
INFO:__main__:
【val】epoch:128/150 loss:0.5042 acc:0.9188
INFO:__main__:
【Val】:  SENS: 0.9041  SPEC: 0.9308  PPV: 0.9141  NPV: 0.9225 F1:0.9091
INFO:__main__:验证的best_acc:0.9230
INFO:__main__:----------------------------------------------------------------------------------------------------
INFO:__main__:
【train】epoch:129/150 loss:0.0011 acc:0.9999
INFO:__main__:
【val】epoch:129/150 loss:0.5063 acc:0.9153
INFO:__main__:
【Val】:  SENS: 0.9135  SPEC: 0.9167  PPV: 0.8994  NPV: 0.9286 F1:0.9064
INFO:__main__:验证的best_acc:0.9230
INFO:__main__:----------------------------------------------------------------------------------------------------
INFO:__main__:
【train】epoch:130/150 loss:0.0006 acc:1.0000
INFO:__main__:
【val】epoch:130/150 loss:0.5019 acc:0.9167
INFO:__main__:
【Val】:  SENS: 0.9041  SPEC: 0.9269  PPV: 0.9098  NPV: 0.9222 F1:0.9069
INFO:__main__:验证的best_acc:0.9230
INFO:__main__:----------------------------------------------------------------------------------------------------
INFO:__main__:
【train】epoch:131/150 loss:0.0006 acc:1.0000
INFO:__main__:
【val】epoch:131/150 loss:0.5040 acc:0.9167
INFO:__main__:
【Val】:  SENS: 0.9025  SPEC: 0.9282  PPV: 0.9111  NPV: 0.9211 F1:0.9068
INFO:__main__:验证的best_acc:0.9230
INFO:__main__:----------------------------------------------------------------------------------------------------
INFO:__main__:
【train】epoch:132/150 loss:0.0005 acc:1.0000
INFO:__main__:
【val】epoch:132/150 loss:0.4991 acc:0.9188
INFO:__main__:
【Val】:  SENS: 0.8994  SPEC: 0.9346  PPV: 0.9181  NPV: 0.9193 F1:0.9087
INFO:__main__:验证的best_acc:0.9230
INFO:__main__:----------------------------------------------------------------------------------------------------
INFO:__main__:
【train】epoch:133/150 loss:0.0004 acc:1.0000
INFO:__main__:
【val】epoch:133/150 loss:0.4964 acc:0.9160
INFO:__main__:
【Val】:  SENS: 0.9057  SPEC: 0.9244  PPV: 0.9071  NPV: 0.9232 F1:0.9064
INFO:__main__:验证的best_acc:0.9230
INFO:__main__:----------------------------------------------------------------------------------------------------
INFO:__main__:
【train】epoch:134/150 loss:0.0004 acc:1.0000
INFO:__main__:
【val】epoch:134/150 loss:0.4920 acc:0.9167
INFO:__main__:
【Val】:  SENS: 0.9057  SPEC: 0.9256  PPV: 0.9085  NPV: 0.9233 F1:0.9071
INFO:__main__:验证的best_acc:0.9230
INFO:__main__:----------------------------------------------------------------------------------------------------
INFO:__main__:
【train】epoch:135/150 loss:0.0007 acc:1.0000
INFO:__main__:
【val】epoch:135/150 loss:0.5064 acc:0.9153
INFO:__main__:
【Val】:  SENS: 0.8978  SPEC: 0.9295  PPV: 0.9121  NPV: 0.9177 F1:0.9049
INFO:__main__:验证的best_acc:0.9230
INFO:__main__:----------------------------------------------------------------------------------------------------
INFO:__main__:
【train】epoch:136/150 loss:0.0004 acc:1.0000
INFO:__main__:
【val】epoch:136/150 loss:0.4981 acc:0.9167
INFO:__main__:
【Val】:  SENS: 0.9057  SPEC: 0.9256  PPV: 0.9085  NPV: 0.9233 F1:0.9071
INFO:__main__:验证的best_acc:0.9230
INFO:__main__:----------------------------------------------------------------------------------------------------
INFO:__main__:
【train】epoch:137/150 loss:0.0006 acc:1.0000
INFO:__main__:
【val】epoch:137/150 loss:0.4977 acc:0.9195
INFO:__main__:
【Val】:  SENS: 0.9041  SPEC: 0.9321  PPV: 0.9156  NPV: 0.9226 F1:0.9098
INFO:__main__:验证的best_acc:0.9230
INFO:__main__:----------------------------------------------------------------------------------------------------
INFO:__main__:
【train】epoch:138/150 loss:0.0007 acc:0.9999
INFO:__main__:
【val】epoch:138/150 loss:0.4937 acc:0.9145
INFO:__main__:
【Val】:  SENS: 0.8994  SPEC: 0.9269  PPV: 0.9094  NPV: 0.9187 F1:0.9043
INFO:__main__:验证的best_acc:0.9230
INFO:__main__:----------------------------------------------------------------------------------------------------
INFO:__main__:
【train】epoch:139/150 loss:0.0006 acc:1.0000
INFO:__main__:
【val】epoch:139/150 loss:0.4975 acc:0.9160
INFO:__main__:
【Val】:  SENS: 0.9041  SPEC: 0.9256  PPV: 0.9084  NPV: 0.9221 F1:0.9062
INFO:__main__:验证的best_acc:0.9230
INFO:__main__:----------------------------------------------------------------------------------------------------
INFO:__main__:
【train】epoch:140/150 loss:0.0017 acc:0.9996
INFO:__main__:
【val】epoch:140/150 loss:0.5048 acc:0.9138
INFO:__main__:
【Val】:  SENS: 0.8915  SPEC: 0.9321  PPV: 0.9145  NPV: 0.9133 F1:0.9029
INFO:__main__:验证的best_acc:0.9230
INFO:__main__:----------------------------------------------------------------------------------------------------
INFO:__main__:
【train】epoch:141/150 loss:0.0005 acc:1.0000
INFO:__main__:
【val】epoch:141/150 loss:0.5181 acc:0.9160
INFO:__main__:
【Val】:  SENS: 0.9025  SPEC: 0.9269  PPV: 0.9097  NPV: 0.9210 F1:0.9061
INFO:__main__:验证的best_acc:0.9230
INFO:__main__:----------------------------------------------------------------------------------------------------
INFO:__main__:
【train】epoch:142/150 loss:0.0006 acc:1.0000
INFO:__main__:
【val】epoch:142/150 loss:0.5103 acc:0.9145
INFO:__main__:
【Val】:  SENS: 0.8899  SPEC: 0.9346  PPV: 0.9173  NPV: 0.9124 F1:0.9034
INFO:__main__:验证的best_acc:0.9230
INFO:__main__:----------------------------------------------------------------------------------------------------
INFO:__main__:
【train】epoch:143/150 loss:0.0006 acc:0.9999
INFO:__main__:
【val】epoch:143/150 loss:0.5071 acc:0.9202
INFO:__main__:
【Val】:  SENS: 0.9009  SPEC: 0.9359  PPV: 0.9197  NPV: 0.9206 F1:0.9102
INFO:__main__:验证的best_acc:0.9230
INFO:__main__:----------------------------------------------------------------------------------------------------
INFO:__main__:
【train】epoch:144/150 loss:0.0007 acc:0.9999
INFO:__main__:
【val】epoch:144/150 loss:0.5076 acc:0.9202
INFO:__main__:
【Val】:  SENS: 0.9025  SPEC: 0.9346  PPV: 0.9184  NPV: 0.9216 F1:0.9104
INFO:__main__:验证的best_acc:0.9230
INFO:__main__:----------------------------------------------------------------------------------------------------
INFO:__main__:
【train】epoch:145/150 loss:0.0004 acc:1.0000
INFO:__main__:
【val】epoch:145/150 loss:0.5071 acc:0.9181
INFO:__main__:
【Val】:  SENS: 0.9041  SPEC: 0.9295  PPV: 0.9127  NPV: 0.9224 F1:0.9084
INFO:__main__:验证的best_acc:0.9230
INFO:__main__:----------------------------------------------------------------------------------------------------
INFO:__main__:
【train】epoch:146/150 loss:0.0004 acc:1.0000
INFO:__main__:
【val】epoch:146/150 loss:0.4989 acc:0.9195
INFO:__main__:
【Val】:  SENS: 0.9072  SPEC: 0.9295  PPV: 0.9130  NPV: 0.9247 F1:0.9101
INFO:__main__:验证的best_acc:0.9230
INFO:__main__:----------------------------------------------------------------------------------------------------
INFO:__main__:
【train】epoch:147/150 loss:0.0004 acc:1.0000
INFO:__main__:
【val】epoch:147/150 loss:0.4965 acc:0.9209
INFO:__main__:
【Val】:  SENS: 0.8994  SPEC: 0.9385  PPV: 0.9226  NPV: 0.9196 F1:0.9108
INFO:__main__:验证的best_acc:0.9230
INFO:__main__:----------------------------------------------------------------------------------------------------
INFO:__main__:
【train】epoch:148/150 loss:0.0004 acc:1.0000
INFO:__main__:
【val】epoch:148/150 loss:0.5046 acc:0.9195
INFO:__main__:
【Val】:  SENS: 0.9041  SPEC: 0.9321  PPV: 0.9156  NPV: 0.9226 F1:0.9098
INFO:__main__:验证的best_acc:0.9230
INFO:__main__:----------------------------------------------------------------------------------------------------
INFO:__main__:
【train】epoch:149/150 loss:0.0005 acc:1.0000
INFO:__main__:
【val】epoch:149/150 loss:0.4990 acc:0.9216
INFO:__main__:
【Val】:  SENS: 0.9088  SPEC: 0.9321  PPV: 0.9160  NPV: 0.9261 F1:0.9124
INFO:__main__:验证的best_acc:0.9230
INFO:__main__:----------------------------------------------------------------------------------------------------
INFO:__main__:****************************************************************************************************
INFO:__main__:Val_LOSS:['0.4987', '0.5571', '0.5230', '0.3353', '0.3098', '0.3000', '0.2879', '0.3157', '0.2733', '0.2368', '0.2464', '0.2656', '0.2202', '0.2350', '0.2659', '0.2415', '0.2308', '0.2598', '0.3347', '0.2648', '0.3223', '0.2728', '0.3169', '0.3263', '0.2666', '0.3830', '0.4255', '0.3274', '0.3091', '0.3163', '0.3743', '0.3158', '0.4050', '0.3412', '0.3491', '0.2453', '0.2907', '0.3236', '0.3506', '0.3984', '0.3876', '0.3381', '0.3311', '0.3450', '0.3702', '0.3570', '0.3233', '0.3624', '0.4091', '0.3709', '0.4271', '0.4217', '0.4082', '0.4198', '0.3751', '0.4312', '0.3984', '0.4121', '0.4251', '0.4311', '0.4062', '0.4085', '0.4405', '0.4299', '0.4209', '0.4267', '0.4818', '0.4038', '0.4395', '0.4208', '0.4613', '0.4425', '0.4900', '0.5426', '0.4483', '0.4591', '0.4923', '0.5007', '0.5348', '0.4860', '0.5121', '0.5213', '0.5264', '0.5180', '0.5342', '0.5244', '0.4950', '0.4774', '0.5037', '0.5584', '0.5157', '0.5032', '0.5584', '0.5082', '0.4834', '0.4897', '0.5085', '0.5145', '0.5029', '0.4726', '0.4727', '0.4905', '0.5322', '0.5311', '0.5227', '0.5148', '0.5111', '0.5166', '0.5224', '0.5084', '0.5157', '0.5450', '0.5183', '0.5119', '0.5291', '0.5291', '0.5090', '0.5232', '0.4972', '0.5078', '0.5053', '0.5119', '0.5089', '0.4970', '0.4786', '0.4957', '0.4985', '0.5101', '0.5042', '0.5063', '0.5019', '0.5040', '0.4991', '0.4964', '0.4920', '0.5064', '0.4981', '0.4977', '0.4937', '0.4975', '0.5048', '0.5181', '0.5103', '0.5071', '0.5076', '0.5071', '0.4989', '0.4965', '0.5046', '0.4990']
INFO:__main__:Val_ACC:['0.7444', '0.7281', '0.7281', '0.8531', '0.8672', '0.8799', '0.8785', '0.8609', '0.8778', '0.9004', '0.9004', '0.8877', '0.9040', '0.9068', '0.9004', '0.9202', '0.9032', '0.8997', '0.9061', '0.9174', '0.9075', '0.9145', '0.9223', '0.8997', '0.9047', '0.8955', '0.8672', '0.8948', '0.8912', '0.8948', '0.8778', '0.9103', '0.8799', '0.9025', '0.8912', '0.9131', '0.9145', '0.9054', '0.8828', '0.9054', '0.9195', '0.9061', '0.9096', '0.9117', '0.9195', '0.9061', '0.9040', '0.9011', '0.8990', '0.9032', '0.9160', '0.9160', '0.9040', '0.9160', '0.9167', '0.8976', '0.9075', '0.9040', '0.9068', '0.9167', '0.9209', '0.9174', '0.9124', '0.9230', '0.9117', '0.9103', '0.9138', '0.9181', '0.9110', '0.9153', '0.9160', '0.9174', '0.9195', '0.9138', '0.9131', '0.9209', '0.9124', '0.9103', '0.9032', '0.9188', '0.9181', '0.9181', '0.9153', '0.9145', '0.9145', '0.9131', '0.9153', '0.9195', '0.9138', '0.9153', '0.9167', '0.9167', '0.9117', '0.9167', '0.9181', '0.9209', '0.9202', '0.9188', '0.9202', '0.9188', '0.9216', '0.9216', '0.9202', '0.9188', '0.9167', '0.9153', '0.9131', '0.9145', '0.9117', '0.9131', '0.9160', '0.9153', '0.9131', '0.9153', '0.9174', '0.9174', '0.9188', '0.9223', '0.9202', '0.9167', '0.9167', '0.9160', '0.9181', '0.9160', '0.9195', '0.9138', '0.9153', '0.9160', '0.9188', '0.9153', '0.9167', '0.9167', '0.9188', '0.9160', '0.9167', '0.9153', '0.9167', '0.9195', '0.9145', '0.9160', '0.9138', '0.9160', '0.9145', '0.9202', '0.9202', '0.9181', '0.9195', '0.9209', '0.9195', '0.9216']
INFO:__main__:****************************************************************************************************
INFO:__main__:best_acc:0.9230  对应epoch:63  
 对应sens0.9088  spec0.9346  ppv0.9189  npv0.9263  F10.9138
