INFO:__main__:
【train】epoch:0/150 loss:1.0112 acc:0.6544
INFO:__main__:
【val】epoch:0/150 loss:0.5545 acc:0.7253
INFO:__main__:
【Val】:  SENS: 0.8726  SPEC: 0.6051  PPV: 0.6431  NPV: 0.8535 F1:0.7405
INFO:__main__:验证的best_acc:0.7253
INFO:__main__:----------------------------------------------------------------------------------------------------
INFO:__main__:
【train】epoch:1/150 loss:0.8133 acc:0.7675
INFO:__main__:
【val】epoch:1/150 loss:0.4732 acc:0.7733
INFO:__main__:
【Val】:  SENS: 0.8176  SPEC: 0.7372  PPV: 0.7172  NPV: 0.8321 F1:0.7641
INFO:__main__:验证的best_acc:0.7733
INFO:__main__:----------------------------------------------------------------------------------------------------
INFO:__main__:
【train】epoch:2/150 loss:0.7014 acc:0.8200
INFO:__main__:
【val】epoch:2/150 loss:0.4553 acc:0.8065
INFO:__main__:
【Val】:  SENS: 0.9670  SPEC: 0.6756  PPV: 0.7085  NPV: 0.9617 F1:0.8178
INFO:__main__:验证的best_acc:0.8065
INFO:__main__:----------------------------------------------------------------------------------------------------
INFO:__main__:
【train】epoch:3/150 loss:0.6251 acc:0.8447
INFO:__main__:
【val】epoch:3/150 loss:0.3312 acc:0.8531
INFO:__main__:
【Val】:  SENS: 0.9230  SPEC: 0.7962  PPV: 0.7869  NPV: 0.9269 F1:0.8495
INFO:__main__:验证的best_acc:0.8531
INFO:__main__:----------------------------------------------------------------------------------------------------
INFO:__main__:
【train】epoch:4/150 loss:0.5785 acc:0.8630
INFO:__main__:
【val】epoch:4/150 loss:0.3178 acc:0.8616
INFO:__main__:
【Val】:  SENS: 0.9607  SPEC: 0.7808  PPV: 0.7813  NPV: 0.9606 F1:0.8618
INFO:__main__:验证的best_acc:0.8616
INFO:__main__:----------------------------------------------------------------------------------------------------
INFO:__main__:
【train】epoch:5/150 loss:0.5432 acc:0.8747
INFO:__main__:
【val】epoch:5/150 loss:0.3140 acc:0.8792
INFO:__main__:
【Val】:  SENS: 0.9119  SPEC: 0.8526  PPV: 0.8345  NPV: 0.9223 F1:0.8715
INFO:__main__:验证的best_acc:0.8792
INFO:__main__:----------------------------------------------------------------------------------------------------
INFO:__main__:
【train】epoch:6/150 loss:0.5240 acc:0.8778
INFO:__main__:
【val】epoch:6/150 loss:0.2837 acc:0.8806
INFO:__main__:
【Val】:  SENS: 0.9434  SPEC: 0.8295  PPV: 0.8186  NPV: 0.9473 F1:0.8766
INFO:__main__:验证的best_acc:0.8806
INFO:__main__:----------------------------------------------------------------------------------------------------
INFO:__main__:
【train】epoch:7/150 loss:0.5117 acc:0.8860
INFO:__main__:
【val】epoch:7/150 loss:0.2907 acc:0.8785
INFO:__main__:
【Val】:  SENS: 0.9450  SPEC: 0.8244  PPV: 0.8144  NPV: 0.9484 F1:0.8748
INFO:__main__:验证的best_acc:0.8806
INFO:__main__:----------------------------------------------------------------------------------------------------
INFO:__main__:
【train】epoch:8/150 loss:0.4872 acc:0.8929
INFO:__main__:
【val】epoch:8/150 loss:0.3026 acc:0.8905
INFO:__main__:
【Val】:  SENS: 0.9654  SPEC: 0.8295  PPV: 0.8220  NPV: 0.9671 F1:0.8879
INFO:__main__:验证的best_acc:0.8905
INFO:__main__:----------------------------------------------------------------------------------------------------
INFO:__main__:
【train】epoch:9/150 loss:0.4495 acc:0.9019
INFO:__main__:
【val】epoch:9/150 loss:0.3663 acc:0.8616
INFO:__main__:
【Val】:  SENS: 0.9481  SPEC: 0.7910  PPV: 0.7872  NPV: 0.9492 F1:0.8602
INFO:__main__:验证的best_acc:0.8905
INFO:__main__:----------------------------------------------------------------------------------------------------
INFO:__main__:
【train】epoch:10/150 loss:0.4350 acc:0.9068
INFO:__main__:
【val】epoch:10/150 loss:0.3923 acc:0.8686
INFO:__main__:
【Val】:  SENS: 0.9292  SPEC: 0.8192  PPV: 0.8074  NPV: 0.9342 F1:0.8640
INFO:__main__:验证的best_acc:0.8905
INFO:__main__:----------------------------------------------------------------------------------------------------
INFO:__main__:
【train】epoch:11/150 loss:0.4186 acc:0.9143
INFO:__main__:
【val】epoch:11/150 loss:0.2536 acc:0.8884
INFO:__main__:
【Val】:  SENS: 0.8836  SPEC: 0.8923  PPV: 0.8700  NPV: 0.9039 F1:0.8768
INFO:__main__:验证的best_acc:0.8905
INFO:__main__:----------------------------------------------------------------------------------------------------
INFO:__main__:
【train】epoch:12/150 loss:0.4010 acc:0.9167
INFO:__main__:
【val】epoch:12/150 loss:0.2696 acc:0.8849
INFO:__main__:
【Val】:  SENS: 0.8836  SPEC: 0.8859  PPV: 0.8633  NPV: 0.9033 F1:0.8733
INFO:__main__:验证的best_acc:0.8905
INFO:__main__:----------------------------------------------------------------------------------------------------
INFO:__main__:
【train】epoch:13/150 loss:0.3847 acc:0.9238
INFO:__main__:
【val】epoch:13/150 loss:0.2657 acc:0.8919
INFO:__main__:
【Val】:  SENS: 0.8947  SPEC: 0.8897  PPV: 0.8687  NPV: 0.9120 F1:0.8815
INFO:__main__:验证的best_acc:0.8919
INFO:__main__:----------------------------------------------------------------------------------------------------
INFO:__main__:
【train】epoch:14/150 loss:0.3861 acc:0.9236
INFO:__main__:
【val】epoch:14/150 loss:0.2810 acc:0.8814
INFO:__main__:
【Val】:  SENS: 0.8868  SPEC: 0.8769  PPV: 0.8545  NPV: 0.9048 F1:0.8704
INFO:__main__:验证的best_acc:0.8919
INFO:__main__:----------------------------------------------------------------------------------------------------
INFO:__main__:
【train】epoch:15/150 loss:0.3597 acc:0.9292
INFO:__main__:
【val】epoch:15/150 loss:0.2448 acc:0.8990
INFO:__main__:
【Val】:  SENS: 0.9088  SPEC: 0.8910  PPV: 0.8718  NPV: 0.9230 F1:0.8899
INFO:__main__:验证的best_acc:0.8990
INFO:__main__:----------------------------------------------------------------------------------------------------
INFO:__main__:
【train】epoch:16/150 loss:0.3537 acc:0.9305
INFO:__main__:
【val】epoch:16/150 loss:0.3247 acc:0.8799
INFO:__main__:
【Val】:  SENS: 0.8318  SPEC: 0.9192  PPV: 0.8936  NPV: 0.8701 F1:0.8616
INFO:__main__:验证的best_acc:0.8990
INFO:__main__:----------------------------------------------------------------------------------------------------
INFO:__main__:
【train】epoch:17/150 loss:0.3468 acc:0.9374
INFO:__main__:
【val】epoch:17/150 loss:0.2239 acc:0.9117
INFO:__main__:
【Val】:  SENS: 0.9135  SPEC: 0.9103  PPV: 0.8925  NPV: 0.9281 F1:0.9029
INFO:__main__:验证的best_acc:0.9117
INFO:__main__:----------------------------------------------------------------------------------------------------
INFO:__main__:
【train】epoch:18/150 loss:0.3255 acc:0.9389
INFO:__main__:
【val】epoch:18/150 loss:0.2817 acc:0.8891
INFO:__main__:
【Val】:  SENS: 0.8931  SPEC: 0.8859  PPV: 0.8645  NPV: 0.9104 F1:0.8786
INFO:__main__:验证的best_acc:0.9117
INFO:__main__:----------------------------------------------------------------------------------------------------
INFO:__main__:
【train】epoch:19/150 loss:0.3021 acc:0.9454
INFO:__main__:
【val】epoch:19/150 loss:0.2450 acc:0.9124
INFO:__main__:
【Val】:  SENS: 0.9214  SPEC: 0.9051  PPV: 0.8879  NPV: 0.9339 F1:0.9043
INFO:__main__:验证的best_acc:0.9124
INFO:__main__:----------------------------------------------------------------------------------------------------
INFO:__main__:
【train】epoch:20/150 loss:0.2917 acc:0.9524
INFO:__main__:
【val】epoch:20/150 loss:0.2251 acc:0.9195
INFO:__main__:
【Val】:  SENS: 0.9198  SPEC: 0.9192  PPV: 0.9028  NPV: 0.9336 F1:0.9112
INFO:__main__:验证的best_acc:0.9195
INFO:__main__:----------------------------------------------------------------------------------------------------
INFO:__main__:
【train】epoch:21/150 loss:0.2854 acc:0.9496
INFO:__main__:
【val】epoch:21/150 loss:0.2547 acc:0.9124
INFO:__main__:
【Val】:  SENS: 0.9057  SPEC: 0.9179  PPV: 0.9000  NPV: 0.9227 F1:0.9028
INFO:__main__:验证的best_acc:0.9195
INFO:__main__:----------------------------------------------------------------------------------------------------
INFO:__main__:
【train】epoch:22/150 loss:0.2659 acc:0.9565
INFO:__main__:
【val】epoch:22/150 loss:0.2270 acc:0.9287
INFO:__main__:
【Val】:  SENS: 0.9198  SPEC: 0.9359  PPV: 0.9213  NPV: 0.9347 F1:0.9205
INFO:__main__:验证的best_acc:0.9287
INFO:__main__:----------------------------------------------------------------------------------------------------
INFO:__main__:
【train】epoch:23/150 loss:0.2686 acc:0.9544
INFO:__main__:
【val】epoch:23/150 loss:0.2133 acc:0.9266
INFO:__main__:
【Val】:  SENS: 0.9403  SPEC: 0.9154  PPV: 0.9006  NPV: 0.9495 F1:0.9200
INFO:__main__:验证的best_acc:0.9287
INFO:__main__:----------------------------------------------------------------------------------------------------
INFO:__main__:
【train】epoch:24/150 loss:0.2502 acc:0.9588
INFO:__main__:
【val】epoch:24/150 loss:0.2040 acc:0.9294
INFO:__main__:
【Val】:  SENS: 0.9167  SPEC: 0.9397  PPV: 0.9254  NPV: 0.9326 F1:0.9210
INFO:__main__:验证的best_acc:0.9294
INFO:__main__:----------------------------------------------------------------------------------------------------
INFO:__main__:
【train】epoch:25/150 loss:0.2503 acc:0.9609
INFO:__main__:
【val】epoch:25/150 loss:0.2253 acc:0.9216
INFO:__main__:
【Val】:  SENS: 0.9041  SPEC: 0.9359  PPV: 0.9200  NPV: 0.9229 F1:0.9120
INFO:__main__:验证的best_acc:0.9294
INFO:__main__:----------------------------------------------------------------------------------------------------
INFO:__main__:
【train】epoch:26/150 loss:0.2402 acc:0.9624
INFO:__main__:
【val】epoch:26/150 loss:0.2109 acc:0.9237
INFO:__main__:
【Val】:  SENS: 0.9261  SPEC: 0.9218  PPV: 0.9062  NPV: 0.9386 F1:0.9160
INFO:__main__:验证的best_acc:0.9294
INFO:__main__:----------------------------------------------------------------------------------------------------
INFO:__main__:
【train】epoch:27/150 loss:0.2462 acc:0.9579
INFO:__main__:
【val】epoch:27/150 loss:0.2074 acc:0.9301
INFO:__main__:
【Val】:  SENS: 0.9214  SPEC: 0.9372  PPV: 0.9228  NPV: 0.9360 F1:0.9221
INFO:__main__:验证的best_acc:0.9301
INFO:__main__:----------------------------------------------------------------------------------------------------
INFO:__main__:
【train】epoch:28/150 loss:0.2424 acc:0.9610
INFO:__main__:
【val】epoch:28/150 loss:0.2195 acc:0.9124
INFO:__main__:
【Val】:  SENS: 0.8491  SPEC: 0.9641  PPV: 0.9507  NPV: 0.8868 F1:0.8970
INFO:__main__:验证的best_acc:0.9301
INFO:__main__:----------------------------------------------------------------------------------------------------
INFO:__main__:
【train】epoch:29/150 loss:0.2098 acc:0.9692
INFO:__main__:
【val】epoch:29/150 loss:0.3246 acc:0.8948
INFO:__main__:
【Val】:  SENS: 0.8412  SPEC: 0.9385  PPV: 0.9177  NPV: 0.8788 F1:0.8778
INFO:__main__:验证的best_acc:0.9301
INFO:__main__:----------------------------------------------------------------------------------------------------
INFO:__main__:
【train】epoch:30/150 loss:0.2024 acc:0.9692
INFO:__main__:
【val】epoch:30/150 loss:0.2342 acc:0.9209
INFO:__main__:
【Val】:  SENS: 0.8836  SPEC: 0.9513  PPV: 0.9367  NPV: 0.9093 F1:0.9094
INFO:__main__:验证的best_acc:0.9301
INFO:__main__:----------------------------------------------------------------------------------------------------
INFO:__main__:
【train】epoch:31/150 loss:0.2031 acc:0.9695
INFO:__main__:
【val】epoch:31/150 loss:0.2062 acc:0.9315
INFO:__main__:
【Val】:  SENS: 0.9198  SPEC: 0.9410  PPV: 0.9271  NPV: 0.9350 F1:0.9234
INFO:__main__:验证的best_acc:0.9315
INFO:__main__:----------------------------------------------------------------------------------------------------
INFO:__main__:
【train】epoch:32/150 loss:0.1870 acc:0.9756
INFO:__main__:
【val】epoch:32/150 loss:0.2243 acc:0.9237
INFO:__main__:
【Val】:  SENS: 0.8852  SPEC: 0.9551  PPV: 0.9415  NPV: 0.9108 F1:0.9125
INFO:__main__:验证的best_acc:0.9315
INFO:__main__:----------------------------------------------------------------------------------------------------
INFO:__main__:
【train】epoch:33/150 loss:0.1974 acc:0.9697
INFO:__main__:
【val】epoch:33/150 loss:0.1893 acc:0.9280
INFO:__main__:
【Val】:  SENS: 0.9104  SPEC: 0.9423  PPV: 0.9279  NPV: 0.9280 F1:0.9190
INFO:__main__:验证的best_acc:0.9315
INFO:__main__:----------------------------------------------------------------------------------------------------
INFO:__main__:
【train】epoch:34/150 loss:0.1902 acc:0.9721
INFO:__main__:
【val】epoch:34/150 loss:0.3130 acc:0.9068
INFO:__main__:
【Val】:  SENS: 0.8726  SPEC: 0.9346  PPV: 0.9158  NPV: 0.9000 F1:0.8937
INFO:__main__:验证的best_acc:0.9315
INFO:__main__:----------------------------------------------------------------------------------------------------
INFO:__main__:
【train】epoch:35/150 loss:0.1875 acc:0.9716
INFO:__main__:
【val】epoch:35/150 loss:0.2049 acc:0.9258
INFO:__main__:
【Val】:  SENS: 0.9088  SPEC: 0.9397  PPV: 0.9248  NPV: 0.9267 F1:0.9167
INFO:__main__:验证的best_acc:0.9315
INFO:__main__:----------------------------------------------------------------------------------------------------
INFO:__main__:
【train】epoch:36/150 loss:0.1808 acc:0.9733
INFO:__main__:
【val】epoch:36/150 loss:0.2217 acc:0.9160
INFO:__main__:
【Val】:  SENS: 0.8774  SPEC: 0.9474  PPV: 0.9316  NPV: 0.9045 F1:0.9036
INFO:__main__:验证的best_acc:0.9315
INFO:__main__:----------------------------------------------------------------------------------------------------
INFO:__main__:
【train】epoch:37/150 loss:0.1715 acc:0.9773
INFO:__main__:
【val】epoch:37/150 loss:0.2672 acc:0.9153
INFO:__main__:
【Val】:  SENS: 0.8601  SPEC: 0.9603  PPV: 0.9464  NPV: 0.8938 F1:0.9012
INFO:__main__:验证的best_acc:0.9315
INFO:__main__:----------------------------------------------------------------------------------------------------
INFO:__main__:
【train】epoch:38/150 loss:0.1741 acc:0.9771
INFO:__main__:
【val】epoch:38/150 loss:0.2303 acc:0.9266
INFO:__main__:
【Val】:  SENS: 0.9387  SPEC: 0.9167  PPV: 0.9018  NPV: 0.9483 F1:0.9199
INFO:__main__:验证的best_acc:0.9315
INFO:__main__:----------------------------------------------------------------------------------------------------
INFO:__main__:
【train】epoch:39/150 loss:0.1643 acc:0.9772
INFO:__main__:
【val】epoch:39/150 loss:0.2371 acc:0.9181
INFO:__main__:
【Val】:  SENS: 0.8931  SPEC: 0.9385  PPV: 0.9221  NPV: 0.9150 F1:0.9073
INFO:__main__:验证的best_acc:0.9315
INFO:__main__:----------------------------------------------------------------------------------------------------
INFO:__main__:
【train】epoch:40/150 loss:0.1386 acc:0.9844
INFO:__main__:
【val】epoch:40/150 loss:0.2258 acc:0.9393
INFO:__main__:
【Val】:  SENS: 0.9230  SPEC: 0.9526  PPV: 0.9407  NPV: 0.9381 F1:0.9317
INFO:__main__:验证的best_acc:0.9393
INFO:__main__:----------------------------------------------------------------------------------------------------
INFO:__main__:
【train】epoch:41/150 loss:0.1453 acc:0.9811
INFO:__main__:
【val】epoch:41/150 loss:0.2291 acc:0.9209
INFO:__main__:
【Val】:  SENS: 0.8868  SPEC: 0.9487  PPV: 0.9338  NPV: 0.9113 F1:0.9097
INFO:__main__:验证的best_acc:0.9393
INFO:__main__:----------------------------------------------------------------------------------------------------
INFO:__main__:
【train】epoch:42/150 loss:0.1438 acc:0.9806
INFO:__main__:
【val】epoch:42/150 loss:0.2728 acc:0.9082
INFO:__main__:
【Val】:  SENS: 0.8475  SPEC: 0.9577  PPV: 0.9423  NPV: 0.8851 F1:0.8924
INFO:__main__:验证的best_acc:0.9393
INFO:__main__:----------------------------------------------------------------------------------------------------
INFO:__main__:
【train】epoch:43/150 loss:0.1403 acc:0.9832
INFO:__main__:
【val】epoch:43/150 loss:0.2364 acc:0.9181
INFO:__main__:
【Val】:  SENS: 0.8774  SPEC: 0.9513  PPV: 0.9362  NPV: 0.9049 F1:0.9058
INFO:__main__:验证的best_acc:0.9393
INFO:__main__:----------------------------------------------------------------------------------------------------
INFO:__main__:
【train】epoch:44/150 loss:0.1341 acc:0.9849
INFO:__main__:
【val】epoch:44/150 loss:0.2098 acc:0.9357
INFO:__main__:
【Val】:  SENS: 0.9057  SPEC: 0.9603  PPV: 0.9489  NPV: 0.9258 F1:0.9268
INFO:__main__:验证的best_acc:0.9393
INFO:__main__:----------------------------------------------------------------------------------------------------
INFO:__main__:
【train】epoch:45/150 loss:0.1409 acc:0.9825
INFO:__main__:
【val】epoch:45/150 loss:0.2892 acc:0.9018
INFO:__main__:
【Val】:  SENS: 0.8396  SPEC: 0.9526  PPV: 0.9352  NPV: 0.8793 F1:0.8848
INFO:__main__:验证的best_acc:0.9393
INFO:__main__:----------------------------------------------------------------------------------------------------
INFO:__main__:
【train】epoch:46/150 loss:0.1383 acc:0.9831
INFO:__main__:
【val】epoch:46/150 loss:0.2436 acc:0.9301
INFO:__main__:
【Val】:  SENS: 0.9340  SPEC: 0.9269  PPV: 0.9124  NPV: 0.9451 F1:0.9231
INFO:__main__:验证的best_acc:0.9393
INFO:__main__:----------------------------------------------------------------------------------------------------
INFO:__main__:
【train】epoch:47/150 loss:0.1349 acc:0.9845
INFO:__main__:
【val】epoch:47/150 loss:0.2112 acc:0.9336
INFO:__main__:
【Val】:  SENS: 0.9371  SPEC: 0.9308  PPV: 0.9169  NPV: 0.9478 F1:0.9269
INFO:__main__:验证的best_acc:0.9393
INFO:__main__:----------------------------------------------------------------------------------------------------
INFO:__main__:
【train】epoch:48/150 loss:0.1341 acc:0.9838
INFO:__main__:
【val】epoch:48/150 loss:0.2105 acc:0.9301
INFO:__main__:
【Val】:  SENS: 0.8899  SPEC: 0.9628  PPV: 0.9513  NPV: 0.9147 F1:0.9196
INFO:__main__:验证的best_acc:0.9393
INFO:__main__:----------------------------------------------------------------------------------------------------
INFO:__main__:
【train】epoch:49/150 loss:0.1178 acc:0.9859
INFO:__main__:
【val】epoch:49/150 loss:0.3570 acc:0.9011
INFO:__main__:
【Val】:  SENS: 0.8239  SPEC: 0.9641  PPV: 0.9493  NPV: 0.8704 F1:0.8822
INFO:__main__:验证的best_acc:0.9393
INFO:__main__:----------------------------------------------------------------------------------------------------
INFO:__main__:
【train】epoch:50/150 loss:0.1167 acc:0.9878
INFO:__main__:
【val】epoch:50/150 loss:0.2413 acc:0.9266
INFO:__main__:
【Val】:  SENS: 0.8994  SPEC: 0.9487  PPV: 0.9346  NPV: 0.9204 F1:0.9167
INFO:__main__:验证的best_acc:0.9393
INFO:__main__:----------------------------------------------------------------------------------------------------
INFO:__main__:
【train】epoch:51/150 loss:0.1012 acc:0.9901
INFO:__main__:
【val】epoch:51/150 loss:0.2550 acc:0.9301
INFO:__main__:
【Val】:  SENS: 0.9009  SPEC: 0.9538  PPV: 0.9409  NPV: 0.9219 F1:0.9205
INFO:__main__:验证的best_acc:0.9393
INFO:__main__:----------------------------------------------------------------------------------------------------
INFO:__main__:
【train】epoch:52/150 loss:0.1099 acc:0.9863
INFO:__main__:
【val】epoch:52/150 loss:0.2477 acc:0.9301
INFO:__main__:
【Val】:  SENS: 0.9072  SPEC: 0.9487  PPV: 0.9352  NPV: 0.9262 F1:0.9210
INFO:__main__:验证的best_acc:0.9393
INFO:__main__:----------------------------------------------------------------------------------------------------
INFO:__main__:
【train】epoch:53/150 loss:0.0998 acc:0.9887
INFO:__main__:
【val】epoch:53/150 loss:0.3376 acc:0.9089
INFO:__main__:
【Val】:  SENS: 0.8318  SPEC: 0.9718  PPV: 0.9601  NPV: 0.8763 F1:0.8913
INFO:__main__:验证的best_acc:0.9393
INFO:__main__:----------------------------------------------------------------------------------------------------
INFO:__main__:
【train】epoch:54/150 loss:0.1087 acc:0.9886
INFO:__main__:
【val】epoch:54/150 loss:0.2624 acc:0.9258
INFO:__main__:
【Val】:  SENS: 0.8868  SPEC: 0.9577  PPV: 0.9447  NPV: 0.9121 F1:0.9148
INFO:__main__:验证的best_acc:0.9393
INFO:__main__:----------------------------------------------------------------------------------------------------
INFO:__main__:
【train】epoch:55/150 loss:0.1063 acc:0.9870
INFO:__main__:
【val】epoch:55/150 loss:0.2740 acc:0.9237
INFO:__main__:
【Val】:  SENS: 0.8962  SPEC: 0.9462  PPV: 0.9314  NPV: 0.9179 F1:0.9135
INFO:__main__:验证的best_acc:0.9393
INFO:__main__:----------------------------------------------------------------------------------------------------
INFO:__main__:
【train】epoch:56/150 loss:0.1090 acc:0.9869
INFO:__main__:
【val】epoch:56/150 loss:0.2836 acc:0.9237
INFO:__main__:
【Val】:  SENS: 0.8805  SPEC: 0.9590  PPV: 0.9459  NPV: 0.9078 F1:0.9121
INFO:__main__:验证的best_acc:0.9393
INFO:__main__:----------------------------------------------------------------------------------------------------
INFO:__main__:
【train】epoch:57/150 loss:0.0992 acc:0.9887
INFO:__main__:
【val】epoch:57/150 loss:0.2272 acc:0.9315
INFO:__main__:
【Val】:  SENS: 0.9119  SPEC: 0.9474  PPV: 0.9340  NPV: 0.9296 F1:0.9228
INFO:__main__:验证的best_acc:0.9393
INFO:__main__:----------------------------------------------------------------------------------------------------
INFO:__main__:
【train】epoch:58/150 loss:0.1060 acc:0.9883
INFO:__main__:
【val】epoch:58/150 loss:0.2678 acc:0.9266
INFO:__main__:
【Val】:  SENS: 0.8962  SPEC: 0.9513  PPV: 0.9375  NPV: 0.9183 F1:0.9164
INFO:__main__:验证的best_acc:0.9393
INFO:__main__:----------------------------------------------------------------------------------------------------
INFO:__main__:
【train】epoch:59/150 loss:0.0994 acc:0.9896
INFO:__main__:
【val】epoch:59/150 loss:0.2338 acc:0.9308
INFO:__main__:
【Val】:  SENS: 0.9151  SPEC: 0.9436  PPV: 0.9297  NPV: 0.9316 F1:0.9223
INFO:__main__:验证的best_acc:0.9393
INFO:__main__:----------------------------------------------------------------------------------------------------
INFO:__main__:
【train】epoch:60/150 loss:0.0928 acc:0.9907
INFO:__main__:
【val】epoch:60/150 loss:0.2812 acc:0.9138
INFO:__main__:
【Val】:  SENS: 0.8632  SPEC: 0.9551  PPV: 0.9401  NPV: 0.8954 F1:0.9000
INFO:__main__:验证的best_acc:0.9393
INFO:__main__:----------------------------------------------------------------------------------------------------
INFO:__main__:
【train】epoch:61/150 loss:0.0859 acc:0.9918
INFO:__main__:
【val】epoch:61/150 loss:0.2844 acc:0.9209
INFO:__main__:
【Val】:  SENS: 0.8868  SPEC: 0.9487  PPV: 0.9338  NPV: 0.9113 F1:0.9097
INFO:__main__:验证的best_acc:0.9393
INFO:__main__:----------------------------------------------------------------------------------------------------
INFO:__main__:
【train】epoch:62/150 loss:0.0777 acc:0.9939
INFO:__main__:
【val】epoch:62/150 loss:0.2872 acc:0.9343
INFO:__main__:
【Val】:  SENS: 0.9167  SPEC: 0.9487  PPV: 0.9358  NPV: 0.9332 F1:0.9261
INFO:__main__:验证的best_acc:0.9393
INFO:__main__:----------------------------------------------------------------------------------------------------
INFO:__main__:
【train】epoch:63/150 loss:0.0801 acc:0.9924
INFO:__main__:
【val】epoch:63/150 loss:0.2783 acc:0.9315
INFO:__main__:
【Val】:  SENS: 0.9057  SPEC: 0.9526  PPV: 0.9396  NPV: 0.9253 F1:0.9223
INFO:__main__:验证的best_acc:0.9393
INFO:__main__:----------------------------------------------------------------------------------------------------
INFO:__main__:
【train】epoch:64/150 loss:0.0855 acc:0.9920
INFO:__main__:
【val】epoch:64/150 loss:0.3043 acc:0.9117
INFO:__main__:
【Val】:  SENS: 0.8616  SPEC: 0.9526  PPV: 0.9368  NPV: 0.8941 F1:0.8976
INFO:__main__:验证的best_acc:0.9393
INFO:__main__:----------------------------------------------------------------------------------------------------
INFO:__main__:
【train】epoch:65/150 loss:0.0796 acc:0.9944
INFO:__main__:
【val】epoch:65/150 loss:0.2876 acc:0.9273
INFO:__main__:
【Val】:  SENS: 0.9182  SPEC: 0.9346  PPV: 0.9197  NPV: 0.9334 F1:0.9190
INFO:__main__:验证的best_acc:0.9393
INFO:__main__:----------------------------------------------------------------------------------------------------
INFO:__main__:
【train】epoch:66/150 loss:0.0822 acc:0.9927
INFO:__main__:
【val】epoch:66/150 loss:0.3122 acc:0.9160
INFO:__main__:
【Val】:  SENS: 0.8679  SPEC: 0.9551  PPV: 0.9404  NPV: 0.8987 F1:0.9027
INFO:__main__:验证的best_acc:0.9393
INFO:__main__:----------------------------------------------------------------------------------------------------
INFO:__main__:
【train】epoch:67/150 loss:0.0822 acc:0.9910
INFO:__main__:
【val】epoch:67/150 loss:0.2481 acc:0.9251
INFO:__main__:
【Val】:  SENS: 0.9072  SPEC: 0.9397  PPV: 0.9247  NPV: 0.9255 F1:0.9159
INFO:__main__:验证的best_acc:0.9393
INFO:__main__:----------------------------------------------------------------------------------------------------
INFO:__main__:
【train】epoch:68/150 loss:0.0730 acc:0.9942
INFO:__main__:
【val】epoch:68/150 loss:0.2875 acc:0.9209
INFO:__main__:
【Val】:  SENS: 0.8962  SPEC: 0.9410  PPV: 0.9253  NPV: 0.9175 F1:0.9105
INFO:__main__:验证的best_acc:0.9393
INFO:__main__:----------------------------------------------------------------------------------------------------
INFO:__main__:
【train】epoch:69/150 loss:0.0696 acc:0.9947
INFO:__main__:
【val】epoch:69/150 loss:0.3079 acc:0.9258
INFO:__main__:
【Val】:  SENS: 0.9119  SPEC: 0.9372  PPV: 0.9221  NPV: 0.9288 F1:0.9170
INFO:__main__:验证的best_acc:0.9393
INFO:__main__:----------------------------------------------------------------------------------------------------
INFO:__main__:
【train】epoch:70/150 loss:0.0695 acc:0.9945
INFO:__main__:
【val】epoch:70/150 loss:0.2931 acc:0.9343
INFO:__main__:
【Val】:  SENS: 0.9214  SPEC: 0.9449  PPV: 0.9316  NPV: 0.9365 F1:0.9265
INFO:__main__:验证的best_acc:0.9393
INFO:__main__:----------------------------------------------------------------------------------------------------
INFO:__main__:
【train】epoch:71/150 loss:0.0653 acc:0.9947
INFO:__main__:
【val】epoch:71/150 loss:0.2693 acc:0.9266
INFO:__main__:
【Val】:  SENS: 0.9025  SPEC: 0.9462  PPV: 0.9318  NPV: 0.9225 F1:0.9169
INFO:__main__:验证的best_acc:0.9393
INFO:__main__:----------------------------------------------------------------------------------------------------
INFO:__main__:
【train】epoch:72/150 loss:0.0653 acc:0.9938
INFO:__main__:
【val】epoch:72/150 loss:0.2703 acc:0.9301
INFO:__main__:
【Val】:  SENS: 0.9104  SPEC: 0.9462  PPV: 0.9324  NPV: 0.9283 F1:0.9212
INFO:__main__:验证的best_acc:0.9393
INFO:__main__:----------------------------------------------------------------------------------------------------
INFO:__main__:
【train】epoch:73/150 loss:0.0662 acc:0.9932
INFO:__main__:
【val】epoch:73/150 loss:0.3018 acc:0.9230
INFO:__main__:
【Val】:  SENS: 0.8789  SPEC: 0.9590  PPV: 0.9459  NPV: 0.9067 F1:0.9112
INFO:__main__:验证的best_acc:0.9393
INFO:__main__:----------------------------------------------------------------------------------------------------
INFO:__main__:
【train】epoch:74/150 loss:0.0681 acc:0.9931
INFO:__main__:
【val】epoch:74/150 loss:0.3234 acc:0.9138
INFO:__main__:
【Val】:  SENS: 0.8664  SPEC: 0.9526  PPV: 0.9371  NPV: 0.8973 F1:0.9003
INFO:__main__:验证的best_acc:0.9393
INFO:__main__:----------------------------------------------------------------------------------------------------
INFO:__main__:
【train】epoch:75/150 loss:0.0641 acc:0.9938
INFO:__main__:
【val】epoch:75/150 loss:0.2987 acc:0.9258
INFO:__main__:
【Val】:  SENS: 0.9025  SPEC: 0.9449  PPV: 0.9303  NPV: 0.9224 F1:0.9162
INFO:__main__:验证的best_acc:0.9393
INFO:__main__:----------------------------------------------------------------------------------------------------
INFO:__main__:
【train】epoch:76/150 loss:0.0639 acc:0.9938
INFO:__main__:
【val】epoch:76/150 loss:0.3233 acc:0.9258
INFO:__main__:
【Val】:  SENS: 0.8774  SPEC: 0.9654  PPV: 0.9538  NPV: 0.9061 F1:0.9140
INFO:__main__:验证的best_acc:0.9393
INFO:__main__:----------------------------------------------------------------------------------------------------
INFO:__main__:
【train】epoch:77/150 loss:0.0541 acc:0.9966
INFO:__main__:
【val】epoch:77/150 loss:0.3003 acc:0.9294
INFO:__main__:
【Val】:  SENS: 0.9119  SPEC: 0.9436  PPV: 0.9295  NPV: 0.9293 F1:0.9206
INFO:__main__:验证的best_acc:0.9393
INFO:__main__:----------------------------------------------------------------------------------------------------
INFO:__main__:
【train】epoch:78/150 loss:0.0610 acc:0.9944
INFO:__main__:
【val】epoch:78/150 loss:0.3430 acc:0.9145
INFO:__main__:
【Val】:  SENS: 0.8836  SPEC: 0.9397  PPV: 0.9228  NPV: 0.9083 F1:0.9028
INFO:__main__:验证的best_acc:0.9393
INFO:__main__:----------------------------------------------------------------------------------------------------
INFO:__main__:
【train】epoch:79/150 loss:0.0573 acc:0.9951
INFO:__main__:
【val】epoch:79/150 loss:0.2966 acc:0.9294
INFO:__main__:
【Val】:  SENS: 0.9025  SPEC: 0.9513  PPV: 0.9379  NPV: 0.9229 F1:0.9199
INFO:__main__:验证的best_acc:0.9393
INFO:__main__:----------------------------------------------------------------------------------------------------
INFO:__main__:
【train】epoch:80/150 loss:0.0484 acc:0.9973
INFO:__main__:
【val】epoch:80/150 loss:0.3446 acc:0.9160
INFO:__main__:
【Val】:  SENS: 0.8522  SPEC: 0.9679  PPV: 0.9559  NPV: 0.8893 F1:0.9011
INFO:__main__:验证的best_acc:0.9393
INFO:__main__:----------------------------------------------------------------------------------------------------
INFO:__main__:
【train】epoch:81/150 loss:0.0486 acc:0.9952
INFO:__main__:
【val】epoch:81/150 loss:0.3054 acc:0.9273
INFO:__main__:
【Val】:  SENS: 0.8884  SPEC: 0.9590  PPV: 0.9464  NPV: 0.9133 F1:0.9165
INFO:__main__:验证的best_acc:0.9393
INFO:__main__:----------------------------------------------------------------------------------------------------
INFO:__main__:
【train】epoch:82/150 loss:0.0508 acc:0.9962
INFO:__main__:
【val】epoch:82/150 loss:0.2966 acc:0.9294
INFO:__main__:
【Val】:  SENS: 0.9214  SPEC: 0.9359  PPV: 0.9214  NPV: 0.9359 F1:0.9214
INFO:__main__:验证的best_acc:0.9393
INFO:__main__:----------------------------------------------------------------------------------------------------
INFO:__main__:
【train】epoch:83/150 loss:0.0494 acc:0.9968
INFO:__main__:
【val】epoch:83/150 loss:0.3116 acc:0.9266
INFO:__main__:
【Val】:  SENS: 0.8899  SPEC: 0.9564  PPV: 0.9433  NPV: 0.9142 F1:0.9159
INFO:__main__:验证的best_acc:0.9393
INFO:__main__:----------------------------------------------------------------------------------------------------
INFO:__main__:
【train】epoch:84/150 loss:0.0422 acc:0.9975
INFO:__main__:
【val】epoch:84/150 loss:0.3410 acc:0.9301
INFO:__main__:
【Val】:  SENS: 0.8978  SPEC: 0.9564  PPV: 0.9438  NPV: 0.9199 F1:0.9202
INFO:__main__:验证的best_acc:0.9393
INFO:__main__:----------------------------------------------------------------------------------------------------
INFO:__main__:
【train】epoch:85/150 loss:0.0453 acc:0.9968
INFO:__main__:
【val】epoch:85/150 loss:0.3109 acc:0.9195
INFO:__main__:
【Val】:  SENS: 0.8805  SPEC: 0.9513  PPV: 0.9365  NPV: 0.9071 F1:0.9076
INFO:__main__:验证的best_acc:0.9393
INFO:__main__:----------------------------------------------------------------------------------------------------
INFO:__main__:
【train】epoch:86/150 loss:0.0446 acc:0.9975
INFO:__main__:
【val】epoch:86/150 loss:0.3149 acc:0.9350
INFO:__main__:
【Val】:  SENS: 0.9072  SPEC: 0.9577  PPV: 0.9459  NPV: 0.9268 F1:0.9262
INFO:__main__:验证的best_acc:0.9393
INFO:__main__:----------------------------------------------------------------------------------------------------
INFO:__main__:
【train】epoch:87/150 loss:0.0500 acc:0.9954
INFO:__main__:
【val】epoch:87/150 loss:0.3729 acc:0.9096
INFO:__main__:
【Val】:  SENS: 0.8569  SPEC: 0.9526  PPV: 0.9364  NPV: 0.8909 F1:0.8949
INFO:__main__:验证的best_acc:0.9393
INFO:__main__:----------------------------------------------------------------------------------------------------
INFO:__main__:
【train】epoch:88/150 loss:0.0491 acc:0.9969
INFO:__main__:
【val】epoch:88/150 loss:0.2922 acc:0.9301
INFO:__main__:
【Val】:  SENS: 0.9182  SPEC: 0.9397  PPV: 0.9255  NPV: 0.9338 F1:0.9219
INFO:__main__:验证的best_acc:0.9393
INFO:__main__:----------------------------------------------------------------------------------------------------
INFO:__main__:
【train】epoch:89/150 loss:0.0453 acc:0.9962
INFO:__main__:
【val】epoch:89/150 loss:0.2945 acc:0.9280
INFO:__main__:
【Val】:  SENS: 0.9135  SPEC: 0.9397  PPV: 0.9252  NPV: 0.9302 F1:0.9193
INFO:__main__:验证的best_acc:0.9393
INFO:__main__:----------------------------------------------------------------------------------------------------
INFO:__main__:
【train】epoch:90/150 loss:0.0406 acc:0.9979
INFO:__main__:
【val】epoch:90/150 loss:0.2997 acc:0.9350
INFO:__main__:
【Val】:  SENS: 0.9025  SPEC: 0.9615  PPV: 0.9503  NPV: 0.9236 F1:0.9258
INFO:__main__:验证的best_acc:0.9393
INFO:__main__:----------------------------------------------------------------------------------------------------
INFO:__main__:
【train】epoch:91/150 loss:0.0377 acc:0.9975
INFO:__main__:
【val】epoch:91/150 loss:0.3458 acc:0.9329
INFO:__main__:
【Val】:  SENS: 0.9072  SPEC: 0.9538  PPV: 0.9413  NPV: 0.9265 F1:0.9239
INFO:__main__:验证的best_acc:0.9393
INFO:__main__:----------------------------------------------------------------------------------------------------
INFO:__main__:
【train】epoch:92/150 loss:0.0387 acc:0.9968
INFO:__main__:
【val】epoch:92/150 loss:0.3265 acc:0.9280
INFO:__main__:
【Val】:  SENS: 0.9025  SPEC: 0.9487  PPV: 0.9349  NPV: 0.9227 F1:0.9184
INFO:__main__:验证的best_acc:0.9393
INFO:__main__:----------------------------------------------------------------------------------------------------
INFO:__main__:
【train】epoch:93/150 loss:0.0433 acc:0.9965
INFO:__main__:
【val】epoch:93/150 loss:0.2920 acc:0.9301
INFO:__main__:
【Val】:  SENS: 0.9041  SPEC: 0.9513  PPV: 0.9380  NPV: 0.9240 F1:0.9207
INFO:__main__:验证的best_acc:0.9393
INFO:__main__:----------------------------------------------------------------------------------------------------
INFO:__main__:
【train】epoch:94/150 loss:0.0320 acc:0.9987
INFO:__main__:
【val】epoch:94/150 loss:0.3011 acc:0.9350
INFO:__main__:
【Val】:  SENS: 0.9151  SPEC: 0.9513  PPV: 0.9387  NPV: 0.9322 F1:0.9268
INFO:__main__:验证的best_acc:0.9393
INFO:__main__:----------------------------------------------------------------------------------------------------
INFO:__main__:
【train】epoch:95/150 loss:0.0334 acc:0.9976
INFO:__main__:
【val】epoch:95/150 loss:0.3237 acc:0.9258
INFO:__main__:
【Val】:  SENS: 0.8821  SPEC: 0.9615  PPV: 0.9492  NPV: 0.9091 F1:0.9144
INFO:__main__:验证的best_acc:0.9393
INFO:__main__:----------------------------------------------------------------------------------------------------
INFO:__main__:
【train】epoch:96/150 loss:0.0406 acc:0.9966
INFO:__main__:
【val】epoch:96/150 loss:0.3213 acc:0.9273
INFO:__main__:
【Val】:  SENS: 0.8947  SPEC: 0.9538  PPV: 0.9405  NPV: 0.9174 F1:0.9170
INFO:__main__:验证的best_acc:0.9393
INFO:__main__:----------------------------------------------------------------------------------------------------
INFO:__main__:
【train】epoch:97/150 loss:0.0363 acc:0.9975
INFO:__main__:
【val】epoch:97/150 loss:0.3147 acc:0.9343
INFO:__main__:
【Val】:  SENS: 0.9041  SPEC: 0.9590  PPV: 0.9473  NPV: 0.9246 F1:0.9252
INFO:__main__:验证的best_acc:0.9393
INFO:__main__:----------------------------------------------------------------------------------------------------
INFO:__main__:
【train】epoch:98/150 loss:0.0331 acc:0.9982
INFO:__main__:
【val】epoch:98/150 loss:0.3398 acc:0.9315
INFO:__main__:
【Val】:  SENS: 0.9340  SPEC: 0.9295  PPV: 0.9153  NPV: 0.9452 F1:0.9245
INFO:__main__:验证的best_acc:0.9393
INFO:__main__:----------------------------------------------------------------------------------------------------
INFO:__main__:
【train】epoch:99/150 loss:0.0316 acc:0.9985
INFO:__main__:
【val】epoch:99/150 loss:0.3203 acc:0.9364
INFO:__main__:
【Val】:  SENS: 0.9308  SPEC: 0.9410  PPV: 0.9279  NPV: 0.9434 F1:0.9294
INFO:__main__:验证的best_acc:0.9393
INFO:__main__:----------------------------------------------------------------------------------------------------
INFO:__main__:
【train】epoch:100/150 loss:0.0273 acc:0.9990
INFO:__main__:
【val】epoch:100/150 loss:0.3145 acc:0.9343
INFO:__main__:
【Val】:  SENS: 0.9214  SPEC: 0.9449  PPV: 0.9316  NPV: 0.9365 F1:0.9265
INFO:__main__:验证的best_acc:0.9393
INFO:__main__:----------------------------------------------------------------------------------------------------
INFO:__main__:
【train】epoch:101/150 loss:0.0259 acc:0.9989
INFO:__main__:
【val】epoch:101/150 loss:0.3014 acc:0.9364
INFO:__main__:
【Val】:  SENS: 0.9261  SPEC: 0.9449  PPV: 0.9320  NPV: 0.9401 F1:0.9290
INFO:__main__:验证的best_acc:0.9393
INFO:__main__:----------------------------------------------------------------------------------------------------
INFO:__main__:
【train】epoch:102/150 loss:0.0283 acc:0.9982
INFO:__main__:
【val】epoch:102/150 loss:0.3341 acc:0.9280
INFO:__main__:
【Val】:  SENS: 0.9104  SPEC: 0.9423  PPV: 0.9279  NPV: 0.9280 F1:0.9190
INFO:__main__:验证的best_acc:0.9393
INFO:__main__:----------------------------------------------------------------------------------------------------
INFO:__main__:
【train】epoch:103/150 loss:0.0284 acc:0.9977
INFO:__main__:
【val】epoch:103/150 loss:0.3611 acc:0.9230
INFO:__main__:
【Val】:  SENS: 0.8711  SPEC: 0.9654  PPV: 0.9535  NPV: 0.9018 F1:0.9104
INFO:__main__:验证的best_acc:0.9393
INFO:__main__:----------------------------------------------------------------------------------------------------
INFO:__main__:
【train】epoch:104/150 loss:0.0305 acc:0.9982
INFO:__main__:
【val】epoch:104/150 loss:0.3732 acc:0.9230
INFO:__main__:
【Val】:  SENS: 0.8836  SPEC: 0.9551  PPV: 0.9414  NPV: 0.9096 F1:0.9116
INFO:__main__:验证的best_acc:0.9393
INFO:__main__:----------------------------------------------------------------------------------------------------
INFO:__main__:
【train】epoch:105/150 loss:0.0261 acc:0.9992
INFO:__main__:
【val】epoch:105/150 loss:0.3501 acc:0.9273
INFO:__main__:
【Val】:  SENS: 0.8915  SPEC: 0.9564  PPV: 0.9434  NPV: 0.9153 F1:0.9167
INFO:__main__:验证的best_acc:0.9393
INFO:__main__:----------------------------------------------------------------------------------------------------
INFO:__main__:
【train】epoch:106/150 loss:0.0282 acc:0.9987
INFO:__main__:
【val】epoch:106/150 loss:0.3630 acc:0.9223
INFO:__main__:
【Val】:  SENS: 0.9025  SPEC: 0.9385  PPV: 0.9228  NPV: 0.9219 F1:0.9126
INFO:__main__:验证的best_acc:0.9393
INFO:__main__:----------------------------------------------------------------------------------------------------
INFO:__main__:
【train】epoch:107/150 loss:0.0284 acc:0.9983
INFO:__main__:
【val】epoch:107/150 loss:0.3232 acc:0.9322
INFO:__main__:
【Val】:  SENS: 0.9198  SPEC: 0.9423  PPV: 0.9286  NPV: 0.9351 F1:0.9242
INFO:__main__:验证的best_acc:0.9393
INFO:__main__:----------------------------------------------------------------------------------------------------
INFO:__main__:
【train】epoch:108/150 loss:0.0250 acc:0.9985
INFO:__main__:
【val】epoch:108/150 loss:0.3385 acc:0.9301
INFO:__main__:
【Val】:  SENS: 0.8821  SPEC: 0.9692  PPV: 0.9590  NPV: 0.9097 F1:0.9189
INFO:__main__:验证的best_acc:0.9393
INFO:__main__:----------------------------------------------------------------------------------------------------
INFO:__main__:
【train】epoch:109/150 loss:0.0265 acc:0.9982
INFO:__main__:
【val】epoch:109/150 loss:0.3401 acc:0.9308
INFO:__main__:
【Val】:  SENS: 0.8978  SPEC: 0.9577  PPV: 0.9454  NPV: 0.9200 F1:0.9210
INFO:__main__:验证的best_acc:0.9393
INFO:__main__:----------------------------------------------------------------------------------------------------
INFO:__main__:
【train】epoch:110/150 loss:0.0240 acc:0.9989
INFO:__main__:
【val】epoch:110/150 loss:0.3153 acc:0.9379
INFO:__main__:
【Val】:  SENS: 0.9355  SPEC: 0.9397  PPV: 0.9268  NPV: 0.9470 F1:0.9311
INFO:__main__:验证的best_acc:0.9393
INFO:__main__:----------------------------------------------------------------------------------------------------
INFO:__main__:
【train】epoch:111/150 loss:0.0224 acc:0.9992
INFO:__main__:
【val】epoch:111/150 loss:0.3166 acc:0.9386
INFO:__main__:
【Val】:  SENS: 0.9214  SPEC: 0.9526  PPV: 0.9406  NPV: 0.9369 F1:0.9309
INFO:__main__:验证的best_acc:0.9393
INFO:__main__:----------------------------------------------------------------------------------------------------
INFO:__main__:
【train】epoch:112/150 loss:0.0224 acc:0.9989
INFO:__main__:
【val】epoch:112/150 loss:0.3092 acc:0.9357
INFO:__main__:
【Val】:  SENS: 0.9135  SPEC: 0.9538  PPV: 0.9417  NPV: 0.9312 F1:0.9274
INFO:__main__:验证的best_acc:0.9393
INFO:__main__:----------------------------------------------------------------------------------------------------
INFO:__main__:
【train】epoch:113/150 loss:0.0220 acc:0.9986
INFO:__main__:
【val】epoch:113/150 loss:0.3241 acc:0.9386
INFO:__main__:
【Val】:  SENS: 0.9214  SPEC: 0.9526  PPV: 0.9406  NPV: 0.9369 F1:0.9309
INFO:__main__:验证的best_acc:0.9393
INFO:__main__:----------------------------------------------------------------------------------------------------
INFO:__main__:
【train】epoch:114/150 loss:0.0204 acc:0.9990
INFO:__main__:
【val】epoch:114/150 loss:0.3102 acc:0.9343
INFO:__main__:
【Val】:  SENS: 0.9167  SPEC: 0.9487  PPV: 0.9358  NPV: 0.9332 F1:0.9261
INFO:__main__:验证的best_acc:0.9393
INFO:__main__:----------------------------------------------------------------------------------------------------
INFO:__main__:
【train】epoch:115/150 loss:0.0221 acc:0.9987
INFO:__main__:
【val】epoch:115/150 loss:0.3737 acc:0.9209
INFO:__main__:
【Val】:  SENS: 0.8805  SPEC: 0.9538  PPV: 0.9396  NPV: 0.9073 F1:0.9091
INFO:__main__:验证的best_acc:0.9393
INFO:__main__:----------------------------------------------------------------------------------------------------
INFO:__main__:
【train】epoch:116/150 loss:0.0212 acc:0.9989
INFO:__main__:
【val】epoch:116/150 loss:0.3290 acc:0.9273
INFO:__main__:
【Val】:  SENS: 0.8915  SPEC: 0.9564  PPV: 0.9434  NPV: 0.9153 F1:0.9167
INFO:__main__:验证的best_acc:0.9393
INFO:__main__:----------------------------------------------------------------------------------------------------
INFO:__main__:
【train】epoch:117/150 loss:0.0223 acc:0.9986
INFO:__main__:
【val】epoch:117/150 loss:0.3512 acc:0.9308
INFO:__main__:
【Val】:  SENS: 0.8915  SPEC: 0.9628  PPV: 0.9513  NPV: 0.9159 F1:0.9205
INFO:__main__:验证的best_acc:0.9393
INFO:__main__:----------------------------------------------------------------------------------------------------
INFO:__main__:
【train】epoch:118/150 loss:0.0200 acc:0.9986
INFO:__main__:
【val】epoch:118/150 loss:0.3214 acc:0.9379
INFO:__main__:
【Val】:  SENS: 0.9198  SPEC: 0.9526  PPV: 0.9405  NPV: 0.9358 F1:0.9300
INFO:__main__:验证的best_acc:0.9393
INFO:__main__:----------------------------------------------------------------------------------------------------
INFO:__main__:
【train】epoch:119/150 loss:0.0192 acc:0.9992
INFO:__main__:
【val】epoch:119/150 loss:0.3202 acc:0.9336
INFO:__main__:
【Val】:  SENS: 0.9119  SPEC: 0.9513  PPV: 0.9385  NPV: 0.9298 F1:0.9250
INFO:__main__:验证的best_acc:0.9393
INFO:__main__:----------------------------------------------------------------------------------------------------
INFO:__main__:
【train】epoch:120/150 loss:0.0176 acc:0.9993
INFO:__main__:
【val】epoch:120/150 loss:0.3167 acc:0.9350
INFO:__main__:
【Val】:  SENS: 0.9182  SPEC: 0.9487  PPV: 0.9359  NPV: 0.9343 F1:0.9270
INFO:__main__:验证的best_acc:0.9393
INFO:__main__:----------------------------------------------------------------------------------------------------
INFO:__main__:
【train】epoch:121/150 loss:0.0186 acc:0.9994
INFO:__main__:
【val】epoch:121/150 loss:0.3164 acc:0.9357
INFO:__main__:
【Val】:  SENS: 0.9119  SPEC: 0.9551  PPV: 0.9431  NPV: 0.9301 F1:0.9273
INFO:__main__:验证的best_acc:0.9393
INFO:__main__:----------------------------------------------------------------------------------------------------
INFO:__main__:
【train】epoch:122/150 loss:0.0207 acc:0.9987
INFO:__main__:
【val】epoch:122/150 loss:0.3141 acc:0.9357
INFO:__main__:
【Val】:  SENS: 0.9214  SPEC: 0.9474  PPV: 0.9346  NPV: 0.9366 F1:0.9279
INFO:__main__:验证的best_acc:0.9393
INFO:__main__:----------------------------------------------------------------------------------------------------
INFO:__main__:
【train】epoch:123/150 loss:0.0163 acc:1.0000
INFO:__main__:
【val】epoch:123/150 loss:0.3361 acc:0.9364
INFO:__main__:
【Val】:  SENS: 0.9167  SPEC: 0.9526  PPV: 0.9403  NPV: 0.9334 F1:0.9283
INFO:__main__:验证的best_acc:0.9393
INFO:__main__:----------------------------------------------------------------------------------------------------
INFO:__main__:
【train】epoch:124/150 loss:0.0163 acc:0.9993
INFO:__main__:
【val】epoch:124/150 loss:0.3493 acc:0.9343
INFO:__main__:
【Val】:  SENS: 0.9104  SPEC: 0.9538  PPV: 0.9415  NPV: 0.9288 F1:0.9257
INFO:__main__:验证的best_acc:0.9393
INFO:__main__:----------------------------------------------------------------------------------------------------
INFO:__main__:
【train】epoch:125/150 loss:0.0176 acc:0.9987
INFO:__main__:
【val】epoch:125/150 loss:0.3390 acc:0.9329
INFO:__main__:
【Val】:  SENS: 0.9057  SPEC: 0.9551  PPV: 0.9427  NPV: 0.9255 F1:0.9238
INFO:__main__:验证的best_acc:0.9393
INFO:__main__:----------------------------------------------------------------------------------------------------
INFO:__main__:
【train】epoch:126/150 loss:0.0206 acc:0.9989
INFO:__main__:
【val】epoch:126/150 loss:0.3456 acc:0.9329
INFO:__main__:
【Val】:  SENS: 0.9151  SPEC: 0.9474  PPV: 0.9342  NPV: 0.9319 F1:0.9245
INFO:__main__:验证的best_acc:0.9393
INFO:__main__:----------------------------------------------------------------------------------------------------
INFO:__main__:
【train】epoch:127/150 loss:0.0159 acc:0.9999
INFO:__main__:
【val】epoch:127/150 loss:0.3326 acc:0.9364
INFO:__main__:
【Val】:  SENS: 0.9245  SPEC: 0.9462  PPV: 0.9333  NPV: 0.9389 F1:0.9289
INFO:__main__:验证的best_acc:0.9393
INFO:__main__:----------------------------------------------------------------------------------------------------
INFO:__main__:
【train】epoch:128/150 loss:0.0154 acc:0.9997
INFO:__main__:
【val】epoch:128/150 loss:0.3285 acc:0.9350
INFO:__main__:
【Val】:  SENS: 0.9182  SPEC: 0.9487  PPV: 0.9359  NPV: 0.9343 F1:0.9270
INFO:__main__:验证的best_acc:0.9393
INFO:__main__:----------------------------------------------------------------------------------------------------
INFO:__main__:
【train】epoch:129/150 loss:0.0142 acc:0.9997
INFO:__main__:
【val】epoch:129/150 loss:0.3308 acc:0.9371
INFO:__main__:
【Val】:  SENS: 0.9308  SPEC: 0.9423  PPV: 0.9294  NPV: 0.9435 F1:0.9301
INFO:__main__:验证的best_acc:0.9393
INFO:__main__:----------------------------------------------------------------------------------------------------
INFO:__main__:
【train】epoch:130/150 loss:0.0136 acc:0.9993
INFO:__main__:
【val】epoch:130/150 loss:0.3320 acc:0.9371
INFO:__main__:
【Val】:  SENS: 0.9119  SPEC: 0.9577  PPV: 0.9462  NPV: 0.9303 F1:0.9287
INFO:__main__:验证的best_acc:0.9393
INFO:__main__:----------------------------------------------------------------------------------------------------
INFO:__main__:
【train】epoch:131/150 loss:0.0148 acc:0.9994
INFO:__main__:
【val】epoch:131/150 loss:0.3296 acc:0.9379
INFO:__main__:
【Val】:  SENS: 0.9151  SPEC: 0.9564  PPV: 0.9448  NPV: 0.9325 F1:0.9297
INFO:__main__:验证的best_acc:0.9393
INFO:__main__:----------------------------------------------------------------------------------------------------
INFO:__main__:
【train】epoch:132/150 loss:0.0154 acc:0.9996
INFO:__main__:
【val】epoch:132/150 loss:0.3318 acc:0.9393
INFO:__main__:
【Val】:  SENS: 0.9151  SPEC: 0.9590  PPV: 0.9479  NPV: 0.9327 F1:0.9312
INFO:__main__:验证的best_acc:0.9393
INFO:__main__:----------------------------------------------------------------------------------------------------
INFO:__main__:
【train】epoch:133/150 loss:0.0132 acc:0.9999
INFO:__main__:
【val】epoch:133/150 loss:0.3537 acc:0.9322
INFO:__main__:
【Val】:  SENS: 0.9057  SPEC: 0.9538  PPV: 0.9412  NPV: 0.9254 F1:0.9231
INFO:__main__:验证的best_acc:0.9393
INFO:__main__:----------------------------------------------------------------------------------------------------
INFO:__main__:
【train】epoch:134/150 loss:0.0137 acc:0.9996
INFO:__main__:
【val】epoch:134/150 loss:0.3466 acc:0.9329
INFO:__main__:
【Val】:  SENS: 0.9057  SPEC: 0.9551  PPV: 0.9427  NPV: 0.9255 F1:0.9238
INFO:__main__:验证的best_acc:0.9393
INFO:__main__:----------------------------------------------------------------------------------------------------
INFO:__main__:
【train】epoch:135/150 loss:0.0126 acc:0.9999
INFO:__main__:
【val】epoch:135/150 loss:0.3712 acc:0.9266
INFO:__main__:
【Val】:  SENS: 0.8884  SPEC: 0.9577  PPV: 0.9448  NPV: 0.9132 F1:0.9157
INFO:__main__:验证的best_acc:0.9393
INFO:__main__:----------------------------------------------------------------------------------------------------
INFO:__main__:
【train】epoch:136/150 loss:0.0130 acc:0.9997
INFO:__main__:
【val】epoch:136/150 loss:0.3734 acc:0.9280
INFO:__main__:
【Val】:  SENS: 0.8884  SPEC: 0.9603  PPV: 0.9480  NPV: 0.9134 F1:0.9172
INFO:__main__:验证的best_acc:0.9393
INFO:__main__:----------------------------------------------------------------------------------------------------
INFO:__main__:
【train】epoch:137/150 loss:0.0116 acc:0.9996
INFO:__main__:
【val】epoch:137/150 loss:0.3589 acc:0.9308
INFO:__main__:
【Val】:  SENS: 0.8884  SPEC: 0.9654  PPV: 0.9544  NPV: 0.9138 F1:0.9202
INFO:__main__:验证的best_acc:0.9393
INFO:__main__:----------------------------------------------------------------------------------------------------
INFO:__main__:
【train】epoch:138/150 loss:0.0125 acc:0.9992
INFO:__main__:
【val】epoch:138/150 loss:0.3554 acc:0.9322
INFO:__main__:
【Val】:  SENS: 0.9119  SPEC: 0.9487  PPV: 0.9355  NPV: 0.9296 F1:0.9236
INFO:__main__:验证的best_acc:0.9393
INFO:__main__:----------------------------------------------------------------------------------------------------
INFO:__main__:
【train】epoch:139/150 loss:0.0122 acc:0.9993
INFO:__main__:
【val】epoch:139/150 loss:0.3385 acc:0.9336
INFO:__main__:
【Val】:  SENS: 0.9088  SPEC: 0.9538  PPV: 0.9414  NPV: 0.9277 F1:0.9248
INFO:__main__:验证的best_acc:0.9393
INFO:__main__:----------------------------------------------------------------------------------------------------
INFO:__main__:
【train】epoch:140/150 loss:0.0115 acc:0.9994
INFO:__main__:
【val】epoch:140/150 loss:0.3531 acc:0.9364
INFO:__main__:
【Val】:  SENS: 0.9198  SPEC: 0.9500  PPV: 0.9375  NPV: 0.9356 F1:0.9286
INFO:__main__:验证的best_acc:0.9393
INFO:__main__:----------------------------------------------------------------------------------------------------
INFO:__main__:
【train】epoch:141/150 loss:0.0116 acc:0.9996
INFO:__main__:
【val】epoch:141/150 loss:0.3611 acc:0.9329
INFO:__main__:
【Val】:  SENS: 0.8978  SPEC: 0.9615  PPV: 0.9501  NPV: 0.9202 F1:0.9232
INFO:__main__:验证的best_acc:0.9393
INFO:__main__:----------------------------------------------------------------------------------------------------
INFO:__main__:
【train】epoch:142/150 loss:0.0112 acc:0.9996
INFO:__main__:
【val】epoch:142/150 loss:0.3468 acc:0.9350
INFO:__main__:
【Val】:  SENS: 0.9135  SPEC: 0.9526  PPV: 0.9401  NPV: 0.9311 F1:0.9266
INFO:__main__:验证的best_acc:0.9393
INFO:__main__:----------------------------------------------------------------------------------------------------
INFO:__main__:
【train】epoch:143/150 loss:0.0114 acc:0.9996
INFO:__main__:
【val】epoch:143/150 loss:0.3588 acc:0.9336
INFO:__main__:
【Val】:  SENS: 0.9009  SPEC: 0.9603  PPV: 0.9487  NPV: 0.9224 F1:0.9242
INFO:__main__:验证的best_acc:0.9393
INFO:__main__:----------------------------------------------------------------------------------------------------
INFO:__main__:
【train】epoch:144/150 loss:0.0103 acc:0.9997
INFO:__main__:
【val】epoch:144/150 loss:0.3599 acc:0.9258
INFO:__main__:
【Val】:  SENS: 0.8836  SPEC: 0.9603  PPV: 0.9477  NPV: 0.9101 F1:0.9146
INFO:__main__:验证的best_acc:0.9393
INFO:__main__:----------------------------------------------------------------------------------------------------
INFO:__main__:
【train】epoch:145/150 loss:0.0114 acc:0.9996
INFO:__main__:
【val】epoch:145/150 loss:0.3594 acc:0.9336
INFO:__main__:
【Val】:  SENS: 0.9025  SPEC: 0.9590  PPV: 0.9472  NPV: 0.9235 F1:0.9243
INFO:__main__:验证的best_acc:0.9393
INFO:__main__:----------------------------------------------------------------------------------------------------
INFO:__main__:
【train】epoch:146/150 loss:0.0124 acc:0.9996
INFO:__main__:
【val】epoch:146/150 loss:0.3626 acc:0.9357
INFO:__main__:
【Val】:  SENS: 0.9151  SPEC: 0.9526  PPV: 0.9402  NPV: 0.9322 F1:0.9275
INFO:__main__:验证的best_acc:0.9393
INFO:__main__:----------------------------------------------------------------------------------------------------
INFO:__main__:
【train】epoch:147/150 loss:0.0101 acc:0.9999
INFO:__main__:
【val】epoch:147/150 loss:0.3589 acc:0.9322
INFO:__main__:
【Val】:  SENS: 0.9025  SPEC: 0.9564  PPV: 0.9441  NPV: 0.9233 F1:0.9228
INFO:__main__:验证的best_acc:0.9393
INFO:__main__:----------------------------------------------------------------------------------------------------
INFO:__main__:
【train】epoch:148/150 loss:0.0109 acc:0.9993
INFO:__main__:
【val】epoch:148/150 loss:0.3594 acc:0.9287
INFO:__main__:
【Val】:  SENS: 0.8978  SPEC: 0.9538  PPV: 0.9407  NPV: 0.9197 F1:0.9187
INFO:__main__:验证的best_acc:0.9393
INFO:__main__:----------------------------------------------------------------------------------------------------
INFO:__main__:
【train】epoch:149/150 loss:0.0117 acc:0.9987
INFO:__main__:
【val】epoch:149/150 loss:0.3576 acc:0.9301
INFO:__main__:
【Val】:  SENS: 0.8915  SPEC: 0.9615  PPV: 0.9497  NPV: 0.9158 F1:0.9197
INFO:__main__:验证的best_acc:0.9393
INFO:__main__:----------------------------------------------------------------------------------------------------
INFO:__main__:****************************************************************************************************
INFO:__main__:Val_LOSS:['0.5545', '0.4732', '0.4553', '0.3312', '0.3178', '0.3140', '0.2837', '0.2907', '0.3026', '0.3663', '0.3923', '0.2536', '0.2696', '0.2657', '0.2810', '0.2448', '0.3247', '0.2239', '0.2817', '0.2450', '0.2251', '0.2547', '0.2270', '0.2133', '0.2040', '0.2253', '0.2109', '0.2074', '0.2195', '0.3246', '0.2342', '0.2062', '0.2243', '0.1893', '0.3130', '0.2049', '0.2217', '0.2672', '0.2303', '0.2371', '0.2258', '0.2291', '0.2728', '0.2364', '0.2098', '0.2892', '0.2436', '0.2112', '0.2105', '0.3570', '0.2413', '0.2550', '0.2477', '0.3376', '0.2624', '0.2740', '0.2836', '0.2272', '0.2678', '0.2338', '0.2812', '0.2844', '0.2872', '0.2783', '0.3043', '0.2876', '0.3122', '0.2481', '0.2875', '0.3079', '0.2931', '0.2693', '0.2703', '0.3018', '0.3234', '0.2987', '0.3233', '0.3003', '0.3430', '0.2966', '0.3446', '0.3054', '0.2966', '0.3116', '0.3410', '0.3109', '0.3149', '0.3729', '0.2922', '0.2945', '0.2997', '0.3458', '0.3265', '0.2920', '0.3011', '0.3237', '0.3213', '0.3147', '0.3398', '0.3203', '0.3145', '0.3014', '0.3341', '0.3611', '0.3732', '0.3501', '0.3630', '0.3232', '0.3385', '0.3401', '0.3153', '0.3166', '0.3092', '0.3241', '0.3102', '0.3737', '0.3290', '0.3512', '0.3214', '0.3202', '0.3167', '0.3164', '0.3141', '0.3361', '0.3493', '0.3390', '0.3456', '0.3326', '0.3285', '0.3308', '0.3320', '0.3296', '0.3318', '0.3537', '0.3466', '0.3712', '0.3734', '0.3589', '0.3554', '0.3385', '0.3531', '0.3611', '0.3468', '0.3588', '0.3599', '0.3594', '0.3626', '0.3589', '0.3594', '0.3576']
INFO:__main__:Val_ACC:['0.7253', '0.7733', '0.8065', '0.8531', '0.8616', '0.8792', '0.8806', '0.8785', '0.8905', '0.8616', '0.8686', '0.8884', '0.8849', '0.8919', '0.8814', '0.8990', '0.8799', '0.9117', '0.8891', '0.9124', '0.9195', '0.9124', '0.9287', '0.9266', '0.9294', '0.9216', '0.9237', '0.9301', '0.9124', '0.8948', '0.9209', '0.9315', '0.9237', '0.9280', '0.9068', '0.9258', '0.9160', '0.9153', '0.9266', '0.9181', '0.9393', '0.9209', '0.9082', '0.9181', '0.9357', '0.9018', '0.9301', '0.9336', '0.9301', '0.9011', '0.9266', '0.9301', '0.9301', '0.9089', '0.9258', '0.9237', '0.9237', '0.9315', '0.9266', '0.9308', '0.9138', '0.9209', '0.9343', '0.9315', '0.9117', '0.9273', '0.9160', '0.9251', '0.9209', '0.9258', '0.9343', '0.9266', '0.9301', '0.9230', '0.9138', '0.9258', '0.9258', '0.9294', '0.9145', '0.9294', '0.9160', '0.9273', '0.9294', '0.9266', '0.9301', '0.9195', '0.9350', '0.9096', '0.9301', '0.9280', '0.9350', '0.9329', '0.9280', '0.9301', '0.9350', '0.9258', '0.9273', '0.9343', '0.9315', '0.9364', '0.9343', '0.9364', '0.9280', '0.9230', '0.9230', '0.9273', '0.9223', '0.9322', '0.9301', '0.9308', '0.9379', '0.9386', '0.9357', '0.9386', '0.9343', '0.9209', '0.9273', '0.9308', '0.9379', '0.9336', '0.9350', '0.9357', '0.9357', '0.9364', '0.9343', '0.9329', '0.9329', '0.9364', '0.9350', '0.9371', '0.9371', '0.9379', '0.9393', '0.9322', '0.9329', '0.9266', '0.9280', '0.9308', '0.9322', '0.9336', '0.9364', '0.9329', '0.9350', '0.9336', '0.9258', '0.9336', '0.9357', '0.9322', '0.9287', '0.9301']
INFO:__main__:****************************************************************************************************
INFO:__main__:best_acc:0.9393  对应epoch:40  
 对应sens0.9230  spec0.9526  ppv0.9407  npv0.9381  F10.9317
