INFO:__main__:
【train】epoch:0/150 loss:0.6332 acc:0.6657
INFO:__main__:
【val】epoch:0/150 loss:0.5826 acc:0.7076
INFO:__main__:
【Val】:  SENS: 0.7547  SPEC: 0.6692  PPV: 0.6504  NPV: 0.7699 F1:0.6987
INFO:__main__:验证的best_acc:0.7076
INFO:__main__:----------------------------------------------------------------------------------------------------
INFO:__main__:
【train】epoch:1/150 loss:0.5178 acc:0.7487
INFO:__main__:
【val】epoch:1/150 loss:0.4656 acc:0.7825
INFO:__main__:
【Val】:  SENS: 0.9261  SPEC: 0.6654  PPV: 0.6929  NPV: 0.9170 F1:0.7927
INFO:__main__:验证的best_acc:0.7825
INFO:__main__:----------------------------------------------------------------------------------------------------
INFO:__main__:
【train】epoch:2/150 loss:0.4349 acc:0.8021
INFO:__main__:
【val】epoch:2/150 loss:0.4213 acc:0.8051
INFO:__main__:
【Val】:  SENS: 0.9638  SPEC: 0.6756  PPV: 0.7079  NPV: 0.9582 F1:0.8162
INFO:__main__:验证的best_acc:0.8051
INFO:__main__:----------------------------------------------------------------------------------------------------
INFO:__main__:
【train】epoch:3/150 loss:0.3820 acc:0.8297
INFO:__main__:
【val】epoch:3/150 loss:0.3540 acc:0.8404
INFO:__main__:
【Val】:  SENS: 0.9324  SPEC: 0.7654  PPV: 0.7642  NPV: 0.9328 F1:0.8399
INFO:__main__:验证的best_acc:0.8404
INFO:__main__:----------------------------------------------------------------------------------------------------
INFO:__main__:
【train】epoch:4/150 loss:0.3523 acc:0.8459
INFO:__main__:
【val】epoch:4/150 loss:0.3535 acc:0.8404
INFO:__main__:
【Val】:  SENS: 0.9591  SPEC: 0.7436  PPV: 0.7531  NPV: 0.9571 F1:0.8437
INFO:__main__:验证的best_acc:0.8404
INFO:__main__:----------------------------------------------------------------------------------------------------
INFO:__main__:
【train】epoch:5/150 loss:0.3160 acc:0.8619
INFO:__main__:
【val】epoch:5/150 loss:0.3289 acc:0.8496
INFO:__main__:
【Val】:  SENS: 0.9513  SPEC: 0.7667  PPV: 0.7687  NPV: 0.9507 F1:0.8503
INFO:__main__:验证的best_acc:0.8496
INFO:__main__:----------------------------------------------------------------------------------------------------
INFO:__main__:
【train】epoch:6/150 loss:0.2960 acc:0.8729
INFO:__main__:
【val】epoch:6/150 loss:0.3141 acc:0.8609
INFO:__main__:
【Val】:  SENS: 0.9748  SPEC: 0.7679  PPV: 0.7740  NPV: 0.9740 F1:0.8629
INFO:__main__:验证的best_acc:0.8609
INFO:__main__:----------------------------------------------------------------------------------------------------
INFO:__main__:
【train】epoch:7/150 loss:0.2908 acc:0.8764
INFO:__main__:
【val】epoch:7/150 loss:0.3284 acc:0.8602
INFO:__main__:
【Val】:  SENS: 0.9575  SPEC: 0.7808  PPV: 0.7808  NPV: 0.9575 F1:0.8602
INFO:__main__:验证的best_acc:0.8609
INFO:__main__:----------------------------------------------------------------------------------------------------
INFO:__main__:
【train】epoch:8/150 loss:0.2720 acc:0.8850
INFO:__main__:
【val】epoch:8/150 loss:0.3046 acc:0.8679
INFO:__main__:
【Val】:  SENS: 0.9403  SPEC: 0.8090  PPV: 0.8005  NPV: 0.9432 F1:0.8648
INFO:__main__:验证的best_acc:0.8679
INFO:__main__:----------------------------------------------------------------------------------------------------
INFO:__main__:
【train】epoch:9/150 loss:0.2500 acc:0.8974
INFO:__main__:
【val】epoch:9/150 loss:0.2414 acc:0.9117
INFO:__main__:
【Val】:  SENS: 0.9575  SPEC: 0.8744  PPV: 0.8614  NPV: 0.9619 F1:0.9069
INFO:__main__:验证的best_acc:0.9117
INFO:__main__:----------------------------------------------------------------------------------------------------
INFO:__main__:
【train】epoch:10/150 loss:0.2317 acc:0.9017
INFO:__main__:
【val】epoch:10/150 loss:0.2345 acc:0.9047
INFO:__main__:
【Val】:  SENS: 0.9560  SPEC: 0.8628  PPV: 0.8503  NPV: 0.9601 F1:0.9001
INFO:__main__:验证的best_acc:0.9117
INFO:__main__:----------------------------------------------------------------------------------------------------
INFO:__main__:
【train】epoch:11/150 loss:0.2222 acc:0.9105
INFO:__main__:
【val】epoch:11/150 loss:0.2422 acc:0.8948
INFO:__main__:
【Val】:  SENS: 0.9450  SPEC: 0.8538  PPV: 0.8406  NPV: 0.9501 F1:0.8897
INFO:__main__:验证的best_acc:0.9117
INFO:__main__:----------------------------------------------------------------------------------------------------
INFO:__main__:
【train】epoch:12/150 loss:0.2069 acc:0.9165
INFO:__main__:
【val】epoch:12/150 loss:0.2886 acc:0.8905
INFO:__main__:
【Val】:  SENS: 0.9591  SPEC: 0.8346  PPV: 0.8254  NPV: 0.9616 F1:0.8873
INFO:__main__:验证的best_acc:0.9117
INFO:__main__:----------------------------------------------------------------------------------------------------
INFO:__main__:
【train】epoch:13/150 loss:0.2054 acc:0.9164
INFO:__main__:
【val】epoch:13/150 loss:0.2408 acc:0.9032
INFO:__main__:
【Val】:  SENS: 0.9418  SPEC: 0.8718  PPV: 0.8569  NPV: 0.9484 F1:0.8974
INFO:__main__:验证的best_acc:0.9117
INFO:__main__:----------------------------------------------------------------------------------------------------
INFO:__main__:
【train】epoch:14/150 loss:0.1952 acc:0.9186
INFO:__main__:
【val】epoch:14/150 loss:0.2190 acc:0.9054
INFO:__main__:
【Val】:  SENS: 0.9167  SPEC: 0.8962  PPV: 0.8780  NPV: 0.9295 F1:0.8969
INFO:__main__:验证的best_acc:0.9117
INFO:__main__:----------------------------------------------------------------------------------------------------
INFO:__main__:
【train】epoch:15/150 loss:0.1834 acc:0.9269
INFO:__main__:
【val】epoch:15/150 loss:0.2986 acc:0.8821
INFO:__main__:
【Val】:  SENS: 0.9434  SPEC: 0.8321  PPV: 0.8208  NPV: 0.9474 F1:0.8778
INFO:__main__:验证的best_acc:0.9117
INFO:__main__:----------------------------------------------------------------------------------------------------
INFO:__main__:
【train】epoch:16/150 loss:0.1754 acc:0.9293
INFO:__main__:
【val】epoch:16/150 loss:0.2414 acc:0.9025
INFO:__main__:
【Val】:  SENS: 0.9544  SPEC: 0.8603  PPV: 0.8478  NPV: 0.9586 F1:0.8979
INFO:__main__:验证的best_acc:0.9117
INFO:__main__:----------------------------------------------------------------------------------------------------
INFO:__main__:
【train】epoch:17/150 loss:0.1674 acc:0.9334
INFO:__main__:
【val】epoch:17/150 loss:0.3124 acc:0.8849
INFO:__main__:
【Val】:  SENS: 0.9230  SPEC: 0.8538  PPV: 0.8374  NPV: 0.9315 F1:0.8781
INFO:__main__:验证的best_acc:0.9117
INFO:__main__:----------------------------------------------------------------------------------------------------
INFO:__main__:
【train】epoch:18/150 loss:0.1603 acc:0.9365
INFO:__main__:
【val】epoch:18/150 loss:0.2506 acc:0.9089
INFO:__main__:
【Val】:  SENS: 0.9418  SPEC: 0.8821  PPV: 0.8669  NPV: 0.9490 F1:0.9028
INFO:__main__:验证的best_acc:0.9117
INFO:__main__:----------------------------------------------------------------------------------------------------
INFO:__main__:
【train】epoch:19/150 loss:0.1447 acc:0.9419
INFO:__main__:
【val】epoch:19/150 loss:0.2297 acc:0.9103
INFO:__main__:
【Val】:  SENS: 0.9182  SPEC: 0.9038  PPV: 0.8862  NPV: 0.9313 F1:0.9019
INFO:__main__:验证的best_acc:0.9117
INFO:__main__:----------------------------------------------------------------------------------------------------
INFO:__main__:
【train】epoch:20/150 loss:0.1339 acc:0.9471
INFO:__main__:
【val】epoch:20/150 loss:0.3937 acc:0.8799
INFO:__main__:
【Val】:  SENS: 0.9261  SPEC: 0.8423  PPV: 0.8272  NPV: 0.9332 F1:0.8739
INFO:__main__:验证的best_acc:0.9117
INFO:__main__:----------------------------------------------------------------------------------------------------
INFO:__main__:
【train】epoch:21/150 loss:0.1296 acc:0.9469
INFO:__main__:
【val】epoch:21/150 loss:0.2893 acc:0.8955
INFO:__main__:
【Val】:  SENS: 0.9340  SPEC: 0.8641  PPV: 0.8486  NPV: 0.9413 F1:0.8892
INFO:__main__:验证的best_acc:0.9117
INFO:__main__:----------------------------------------------------------------------------------------------------
INFO:__main__:
【train】epoch:22/150 loss:0.1144 acc:0.9545
INFO:__main__:
【val】epoch:22/150 loss:0.3858 acc:0.8806
INFO:__main__:
【Val】:  SENS: 0.9591  SPEC: 0.8167  PPV: 0.8101  NPV: 0.9608 F1:0.8783
INFO:__main__:验证的best_acc:0.9117
INFO:__main__:----------------------------------------------------------------------------------------------------
INFO:__main__:
【train】epoch:23/150 loss:0.1176 acc:0.9528
INFO:__main__:
【val】epoch:23/150 loss:0.2771 acc:0.9096
INFO:__main__:
【Val】:  SENS: 0.9481  SPEC: 0.8782  PPV: 0.8639  NPV: 0.9540 F1:0.9040
INFO:__main__:验证的best_acc:0.9117
INFO:__main__:----------------------------------------------------------------------------------------------------
INFO:__main__:
【train】epoch:24/150 loss:0.1171 acc:0.9537
INFO:__main__:
【val】epoch:24/150 loss:0.3118 acc:0.8962
INFO:__main__:
【Val】:  SENS: 0.9104  SPEC: 0.8846  PPV: 0.8655  NPV: 0.9237 F1:0.8874
INFO:__main__:验证的best_acc:0.9117
INFO:__main__:----------------------------------------------------------------------------------------------------
INFO:__main__:
【train】epoch:25/150 loss:0.1062 acc:0.9595
INFO:__main__:
【val】epoch:25/150 loss:0.3501 acc:0.9011
INFO:__main__:
【Val】:  SENS: 0.9403  SPEC: 0.8692  PPV: 0.8543  NPV: 0.9469 F1:0.8952
INFO:__main__:验证的best_acc:0.9117
INFO:__main__:----------------------------------------------------------------------------------------------------
INFO:__main__:
【train】epoch:26/150 loss:0.1012 acc:0.9640
INFO:__main__:
【val】epoch:26/150 loss:0.3290 acc:0.8919
INFO:__main__:
【Val】:  SENS: 0.9182  SPEC: 0.8705  PPV: 0.8526  NPV: 0.9289 F1:0.8842
INFO:__main__:验证的best_acc:0.9117
INFO:__main__:----------------------------------------------------------------------------------------------------
INFO:__main__:
【train】epoch:27/150 loss:0.0995 acc:0.9600
INFO:__main__:
【val】epoch:27/150 loss:0.3200 acc:0.9054
INFO:__main__:
【Val】:  SENS: 0.9245  SPEC: 0.8897  PPV: 0.8724  NPV: 0.9353 F1:0.8977
INFO:__main__:验证的best_acc:0.9117
INFO:__main__:----------------------------------------------------------------------------------------------------
INFO:__main__:
【train】epoch:28/150 loss:0.1035 acc:0.9606
INFO:__main__:
【val】epoch:28/150 loss:0.2298 acc:0.9047
INFO:__main__:
【Val】:  SENS: 0.8742  SPEC: 0.9295  PPV: 0.9100  NPV: 0.9006 F1:0.8917
INFO:__main__:验证的best_acc:0.9117
INFO:__main__:----------------------------------------------------------------------------------------------------
INFO:__main__:
【train】epoch:29/150 loss:0.0772 acc:0.9709
INFO:__main__:
【val】epoch:29/150 loss:0.2976 acc:0.9202
INFO:__main__:
【Val】:  SENS: 0.9261  SPEC: 0.9154  PPV: 0.8992  NPV: 0.9382 F1:0.9125
INFO:__main__:验证的best_acc:0.9202
INFO:__main__:----------------------------------------------------------------------------------------------------
INFO:__main__:
【train】epoch:30/150 loss:0.0798 acc:0.9697
INFO:__main__:
【val】epoch:30/150 loss:0.3525 acc:0.8990
INFO:__main__:
【Val】:  SENS: 0.9245  SPEC: 0.8782  PPV: 0.8609  NPV: 0.9345 F1:0.8916
INFO:__main__:验证的best_acc:0.9202
INFO:__main__:----------------------------------------------------------------------------------------------------
INFO:__main__:
【train】epoch:31/150 loss:0.0740 acc:0.9718
INFO:__main__:
【val】epoch:31/150 loss:0.3542 acc:0.9025
INFO:__main__:
【Val】:  SENS: 0.9607  SPEC: 0.8551  PPV: 0.8439  NPV: 0.9639 F1:0.8985
INFO:__main__:验证的best_acc:0.9202
INFO:__main__:----------------------------------------------------------------------------------------------------
INFO:__main__:
【train】epoch:32/150 loss:0.0751 acc:0.9696
INFO:__main__:
【val】epoch:32/150 loss:0.2471 acc:0.9230
INFO:__main__:
【Val】:  SENS: 0.9355  SPEC: 0.9128  PPV: 0.8974  NPV: 0.9456 F1:0.9161
INFO:__main__:验证的best_acc:0.9230
INFO:__main__:----------------------------------------------------------------------------------------------------
INFO:__main__:
【train】epoch:33/150 loss:0.0739 acc:0.9714
INFO:__main__:
【val】epoch:33/150 loss:0.3192 acc:0.9032
INFO:__main__:
【Val】:  SENS: 0.9167  SPEC: 0.8923  PPV: 0.8741  NPV: 0.9292 F1:0.8949
INFO:__main__:验证的best_acc:0.9230
INFO:__main__:----------------------------------------------------------------------------------------------------
INFO:__main__:
【train】epoch:34/150 loss:0.0698 acc:0.9718
INFO:__main__:
【val】epoch:34/150 loss:0.4019 acc:0.9103
INFO:__main__:
【Val】:  SENS: 0.9528  SPEC: 0.8756  PPV: 0.8620  NPV: 0.9579 F1:0.9052
INFO:__main__:验证的best_acc:0.9230
INFO:__main__:----------------------------------------------------------------------------------------------------
INFO:__main__:
【train】epoch:35/150 loss:0.0667 acc:0.9742
INFO:__main__:
【val】epoch:35/150 loss:0.3146 acc:0.9011
INFO:__main__:
【Val】:  SENS: 0.9088  SPEC: 0.8949  PPV: 0.8758  NPV: 0.9233 F1:0.8920
INFO:__main__:验证的best_acc:0.9230
INFO:__main__:----------------------------------------------------------------------------------------------------
INFO:__main__:
【train】epoch:36/150 loss:0.0684 acc:0.9751
INFO:__main__:
【val】epoch:36/150 loss:0.3033 acc:0.9025
INFO:__main__:
【Val】:  SENS: 0.8931  SPEC: 0.9103  PPV: 0.8903  NPV: 0.9126 F1:0.8917
INFO:__main__:验证的best_acc:0.9230
INFO:__main__:----------------------------------------------------------------------------------------------------
INFO:__main__:
【train】epoch:37/150 loss:0.0607 acc:0.9769
INFO:__main__:
【val】epoch:37/150 loss:0.3468 acc:0.9075
INFO:__main__:
【Val】:  SENS: 0.9151  SPEC: 0.9013  PPV: 0.8832  NPV: 0.9287 F1:0.8988
INFO:__main__:验证的best_acc:0.9230
INFO:__main__:----------------------------------------------------------------------------------------------------
INFO:__main__:
【train】epoch:38/150 loss:0.0650 acc:0.9740
INFO:__main__:
【val】epoch:38/150 loss:0.3276 acc:0.9054
INFO:__main__:
【Val】:  SENS: 0.9387  SPEC: 0.8782  PPV: 0.8627  NPV: 0.9461 F1:0.8991
INFO:__main__:验证的best_acc:0.9230
INFO:__main__:----------------------------------------------------------------------------------------------------
INFO:__main__:
【train】epoch:39/150 loss:0.0485 acc:0.9804
INFO:__main__:
【val】epoch:39/150 loss:0.4248 acc:0.8764
INFO:__main__:
【Val】:  SENS: 0.8208  SPEC: 0.9218  PPV: 0.8954  NPV: 0.8631 F1:0.8564
INFO:__main__:验证的best_acc:0.9230
INFO:__main__:----------------------------------------------------------------------------------------------------
INFO:__main__:
【train】epoch:40/150 loss:0.0545 acc:0.9792
INFO:__main__:
【val】epoch:40/150 loss:0.3108 acc:0.9195
INFO:__main__:
【Val】:  SENS: 0.9104  SPEC: 0.9269  PPV: 0.9104  NPV: 0.9269 F1:0.9104
INFO:__main__:验证的best_acc:0.9230
INFO:__main__:----------------------------------------------------------------------------------------------------
INFO:__main__:
【train】epoch:41/150 loss:0.0458 acc:0.9825
INFO:__main__:
【val】epoch:41/150 loss:0.3464 acc:0.9103
INFO:__main__:
【Val】:  SENS: 0.9167  SPEC: 0.9051  PPV: 0.8874  NPV: 0.9302 F1:0.9018
INFO:__main__:验证的best_acc:0.9230
INFO:__main__:----------------------------------------------------------------------------------------------------
INFO:__main__:
【train】epoch:42/150 loss:0.0457 acc:0.9830
INFO:__main__:
【val】epoch:42/150 loss:0.3775 acc:0.9032
INFO:__main__:
【Val】:  SENS: 0.9167  SPEC: 0.8923  PPV: 0.8741  NPV: 0.9292 F1:0.8949
INFO:__main__:验证的best_acc:0.9230
INFO:__main__:----------------------------------------------------------------------------------------------------
INFO:__main__:
【train】epoch:43/150 loss:0.0450 acc:0.9847
INFO:__main__:
【val】epoch:43/150 loss:0.3665 acc:0.9054
INFO:__main__:
【Val】:  SENS: 0.8538  SPEC: 0.9474  PPV: 0.9298  NPV: 0.8882 F1:0.8902
INFO:__main__:验证的best_acc:0.9230
INFO:__main__:----------------------------------------------------------------------------------------------------
INFO:__main__:
【train】epoch:44/150 loss:0.0381 acc:0.9861
INFO:__main__:
【val】epoch:44/150 loss:0.4219 acc:0.8948
INFO:__main__:
【Val】:  SENS: 0.8601  SPEC: 0.9231  PPV: 0.9012  NPV: 0.8900 F1:0.8801
INFO:__main__:验证的best_acc:0.9230
INFO:__main__:----------------------------------------------------------------------------------------------------
INFO:__main__:
【train】epoch:45/150 loss:0.0494 acc:0.9824
INFO:__main__:
【val】epoch:45/150 loss:0.3910 acc:0.9040
INFO:__main__:
【Val】:  SENS: 0.8962  SPEC: 0.9103  PPV: 0.8906  NPV: 0.9149 F1:0.8934
INFO:__main__:验证的best_acc:0.9230
INFO:__main__:----------------------------------------------------------------------------------------------------
INFO:__main__:
【train】epoch:46/150 loss:0.0427 acc:0.9844
INFO:__main__:
【val】epoch:46/150 loss:0.3395 acc:0.9075
INFO:__main__:
【Val】:  SENS: 0.9025  SPEC: 0.9115  PPV: 0.8927  NPV: 0.9198 F1:0.8976
INFO:__main__:验证的best_acc:0.9230
INFO:__main__:----------------------------------------------------------------------------------------------------
INFO:__main__:
【train】epoch:47/150 loss:0.0328 acc:0.9886
INFO:__main__:
【val】epoch:47/150 loss:0.4312 acc:0.9068
INFO:__main__:
【Val】:  SENS: 0.9167  SPEC: 0.8987  PPV: 0.8807  NPV: 0.9297 F1:0.8983
INFO:__main__:验证的best_acc:0.9230
INFO:__main__:----------------------------------------------------------------------------------------------------
INFO:__main__:
【train】epoch:48/150 loss:0.0426 acc:0.9840
INFO:__main__:
【val】epoch:48/150 loss:0.3242 acc:0.9188
INFO:__main__:
【Val】:  SENS: 0.9387  SPEC: 0.9026  PPV: 0.8871  NPV: 0.9475 F1:0.9121
INFO:__main__:验证的best_acc:0.9230
INFO:__main__:----------------------------------------------------------------------------------------------------
INFO:__main__:
【train】epoch:49/150 loss:0.0316 acc:0.9883
INFO:__main__:
【val】epoch:49/150 loss:0.4021 acc:0.9075
INFO:__main__:
【Val】:  SENS: 0.8679  SPEC: 0.9397  PPV: 0.9215  NPV: 0.8972 F1:0.8939
INFO:__main__:验证的best_acc:0.9230
INFO:__main__:----------------------------------------------------------------------------------------------------
INFO:__main__:
【train】epoch:50/150 loss:0.0352 acc:0.9873
INFO:__main__:
【val】epoch:50/150 loss:0.3896 acc:0.9117
INFO:__main__:
【Val】:  SENS: 0.9025  SPEC: 0.9192  PPV: 0.9011  NPV: 0.9204 F1:0.9018
INFO:__main__:验证的best_acc:0.9230
INFO:__main__:----------------------------------------------------------------------------------------------------
INFO:__main__:
【train】epoch:51/150 loss:0.0290 acc:0.9883
INFO:__main__:
【val】epoch:51/150 loss:0.4252 acc:0.9032
INFO:__main__:
【Val】:  SENS: 0.8648  SPEC: 0.9346  PPV: 0.9151  NPV: 0.8945 F1:0.8892
INFO:__main__:验证的best_acc:0.9230
INFO:__main__:----------------------------------------------------------------------------------------------------
INFO:__main__:
【train】epoch:52/150 loss:0.0307 acc:0.9876
INFO:__main__:
【val】epoch:52/150 loss:0.4371 acc:0.8962
INFO:__main__:
【Val】:  SENS: 0.8585  SPEC: 0.9269  PPV: 0.9055  NPV: 0.8893 F1:0.8814
INFO:__main__:验证的best_acc:0.9230
INFO:__main__:----------------------------------------------------------------------------------------------------
INFO:__main__:
【train】epoch:53/150 loss:0.0307 acc:0.9880
INFO:__main__:
【val】epoch:53/150 loss:0.4025 acc:0.9103
INFO:__main__:
【Val】:  SENS: 0.8962  SPEC: 0.9218  PPV: 0.9033  NPV: 0.9159 F1:0.8998
INFO:__main__:验证的best_acc:0.9230
INFO:__main__:----------------------------------------------------------------------------------------------------
INFO:__main__:
【train】epoch:54/150 loss:0.0236 acc:0.9920
INFO:__main__:
【val】epoch:54/150 loss:0.4928 acc:0.8969
INFO:__main__:
【Val】:  SENS: 0.8616  SPEC: 0.9256  PPV: 0.9043  NPV: 0.8914 F1:0.8824
INFO:__main__:验证的best_acc:0.9230
INFO:__main__:----------------------------------------------------------------------------------------------------
INFO:__main__:
【train】epoch:55/150 loss:0.0255 acc:0.9909
INFO:__main__:
【val】epoch:55/150 loss:0.4062 acc:0.9075
INFO:__main__:
【Val】:  SENS: 0.8994  SPEC: 0.9141  PPV: 0.8951  NPV: 0.9176 F1:0.8973
INFO:__main__:验证的best_acc:0.9230
INFO:__main__:----------------------------------------------------------------------------------------------------
INFO:__main__:
【train】epoch:56/150 loss:0.0309 acc:0.9887
INFO:__main__:
【val】epoch:56/150 loss:0.3827 acc:0.9025
INFO:__main__:
【Val】:  SENS: 0.8601  SPEC: 0.9372  PPV: 0.9178  NPV: 0.8915 F1:0.8880
INFO:__main__:验证的best_acc:0.9230
INFO:__main__:----------------------------------------------------------------------------------------------------
INFO:__main__:
【train】epoch:57/150 loss:0.0324 acc:0.9876
INFO:__main__:
【val】epoch:57/150 loss:0.3678 acc:0.9131
INFO:__main__:
【Val】:  SENS: 0.9135  SPEC: 0.9128  PPV: 0.8952  NPV: 0.9283 F1:0.9043
INFO:__main__:验证的best_acc:0.9230
INFO:__main__:----------------------------------------------------------------------------------------------------
INFO:__main__:
【train】epoch:58/150 loss:0.0202 acc:0.9924
INFO:__main__:
【val】epoch:58/150 loss:0.4810 acc:0.8806
INFO:__main__:
【Val】:  SENS: 0.8097  SPEC: 0.9385  PPV: 0.9147  NPV: 0.8581 F1:0.8590
INFO:__main__:验证的best_acc:0.9230
INFO:__main__:----------------------------------------------------------------------------------------------------
INFO:__main__:
【train】epoch:59/150 loss:0.0261 acc:0.9916
INFO:__main__:
【val】epoch:59/150 loss:0.3886 acc:0.9054
INFO:__main__:
【Val】:  SENS: 0.8915  SPEC: 0.9167  PPV: 0.8972  NPV: 0.9120 F1:0.8943
INFO:__main__:验证的best_acc:0.9230
INFO:__main__:----------------------------------------------------------------------------------------------------
INFO:__main__:
【train】epoch:60/150 loss:0.0155 acc:0.9947
INFO:__main__:
【val】epoch:60/150 loss:0.4965 acc:0.8821
INFO:__main__:
【Val】:  SENS: 0.8192  SPEC: 0.9333  PPV: 0.9092  NPV: 0.8636 F1:0.8619
INFO:__main__:验证的best_acc:0.9230
INFO:__main__:----------------------------------------------------------------------------------------------------
INFO:__main__:
【train】epoch:61/150 loss:0.0144 acc:0.9947
INFO:__main__:
【val】epoch:61/150 loss:0.4621 acc:0.8976
INFO:__main__:
【Val】:  SENS: 0.8553  SPEC: 0.9321  PPV: 0.9112  NPV: 0.8877 F1:0.8824
INFO:__main__:验证的best_acc:0.9230
INFO:__main__:----------------------------------------------------------------------------------------------------
INFO:__main__:
【train】epoch:62/150 loss:0.0194 acc:0.9939
INFO:__main__:
【val】epoch:62/150 loss:0.4895 acc:0.9004
INFO:__main__:
【Val】:  SENS: 0.8553  SPEC: 0.9372  PPV: 0.9174  NPV: 0.8882 F1:0.8853
INFO:__main__:验证的best_acc:0.9230
INFO:__main__:----------------------------------------------------------------------------------------------------
INFO:__main__:
【train】epoch:63/150 loss:0.0149 acc:0.9948
INFO:__main__:
【val】epoch:63/150 loss:0.4194 acc:0.9124
INFO:__main__:
【Val】:  SENS: 0.8978  SPEC: 0.9244  PPV: 0.9063  NPV: 0.9173 F1:0.9021
INFO:__main__:验证的best_acc:0.9230
INFO:__main__:----------------------------------------------------------------------------------------------------
INFO:__main__:
【train】epoch:64/150 loss:0.0224 acc:0.9924
INFO:__main__:
【val】epoch:64/150 loss:0.4275 acc:0.8990
INFO:__main__:
【Val】:  SENS: 0.8742  SPEC: 0.9192  PPV: 0.8982  NPV: 0.8996 F1:0.8861
INFO:__main__:验证的best_acc:0.9230
INFO:__main__:----------------------------------------------------------------------------------------------------
INFO:__main__:
【train】epoch:65/150 loss:0.0173 acc:0.9947
INFO:__main__:
【val】epoch:65/150 loss:0.3992 acc:0.9061
INFO:__main__:
【Val】:  SENS: 0.8569  SPEC: 0.9462  PPV: 0.9284  NPV: 0.8902 F1:0.8913
INFO:__main__:验证的best_acc:0.9230
INFO:__main__:----------------------------------------------------------------------------------------------------
INFO:__main__:
【train】epoch:66/150 loss:0.0107 acc:0.9972
INFO:__main__:
【val】epoch:66/150 loss:0.4795 acc:0.9075
INFO:__main__:
【Val】:  SENS: 0.8664  SPEC: 0.9410  PPV: 0.9229  NPV: 0.8962 F1:0.8938
INFO:__main__:验证的best_acc:0.9230
INFO:__main__:----------------------------------------------------------------------------------------------------
INFO:__main__:
【train】epoch:67/150 loss:0.0109 acc:0.9962
INFO:__main__:
【val】epoch:67/150 loss:0.4903 acc:0.9096
INFO:__main__:
【Val】:  SENS: 0.8899  SPEC: 0.9256  PPV: 0.9071  NPV: 0.9116 F1:0.8984
INFO:__main__:验证的best_acc:0.9230
INFO:__main__:----------------------------------------------------------------------------------------------------
INFO:__main__:
【train】epoch:68/150 loss:0.0218 acc:0.9916
INFO:__main__:
【val】epoch:68/150 loss:0.4347 acc:0.9068
INFO:__main__:
【Val】:  SENS: 0.9088  SPEC: 0.9051  PPV: 0.8865  NPV: 0.9241 F1:0.8975
INFO:__main__:验证的best_acc:0.9230
INFO:__main__:----------------------------------------------------------------------------------------------------
INFO:__main__:
【train】epoch:69/150 loss:0.0165 acc:0.9931
INFO:__main__:
【val】epoch:69/150 loss:0.4274 acc:0.9096
INFO:__main__:
【Val】:  SENS: 0.8836  SPEC: 0.9308  PPV: 0.9123  NPV: 0.9075 F1:0.8978
INFO:__main__:验证的best_acc:0.9230
INFO:__main__:----------------------------------------------------------------------------------------------------
INFO:__main__:
【train】epoch:70/150 loss:0.0094 acc:0.9972
INFO:__main__:
【val】epoch:70/150 loss:0.4785 acc:0.9096
INFO:__main__:
【Val】:  SENS: 0.8868  SPEC: 0.9282  PPV: 0.9097  NPV: 0.9095 F1:0.8981
INFO:__main__:验证的best_acc:0.9230
INFO:__main__:----------------------------------------------------------------------------------------------------
INFO:__main__:
【train】epoch:71/150 loss:0.0143 acc:0.9948
INFO:__main__:
【val】epoch:71/150 loss:0.5800 acc:0.8856
INFO:__main__:
【Val】:  SENS: 0.8192  SPEC: 0.9397  PPV: 0.9173  NPV: 0.8644 F1:0.8654
INFO:__main__:验证的best_acc:0.9230
INFO:__main__:----------------------------------------------------------------------------------------------------
INFO:__main__:
【train】epoch:72/150 loss:0.0100 acc:0.9970
INFO:__main__:
【val】epoch:72/150 loss:0.6529 acc:0.8686
INFO:__main__:
【Val】:  SENS: 0.7767  SPEC: 0.9436  PPV: 0.9182  NPV: 0.8383 F1:0.8416
INFO:__main__:验证的best_acc:0.9230
INFO:__main__:----------------------------------------------------------------------------------------------------
INFO:__main__:
【train】epoch:73/150 loss:0.0117 acc:0.9961
INFO:__main__:
【val】epoch:73/150 loss:0.5651 acc:0.8877
INFO:__main__:
【Val】:  SENS: 0.8475  SPEC: 0.9205  PPV: 0.8968  NPV: 0.8810 F1:0.8715
INFO:__main__:验证的best_acc:0.9230
INFO:__main__:----------------------------------------------------------------------------------------------------
INFO:__main__:
【train】epoch:74/150 loss:0.0136 acc:0.9952
INFO:__main__:
【val】epoch:74/150 loss:0.6034 acc:0.8835
INFO:__main__:
【Val】:  SENS: 0.8302  SPEC: 0.9269  PPV: 0.9026  NPV: 0.8700 F1:0.8649
INFO:__main__:验证的best_acc:0.9230
INFO:__main__:----------------------------------------------------------------------------------------------------
INFO:__main__:
【train】epoch:75/150 loss:0.0094 acc:0.9972
INFO:__main__:
【val】epoch:75/150 loss:0.5962 acc:0.8877
INFO:__main__:
【Val】:  SENS: 0.8270  SPEC: 0.9372  PPV: 0.9148  NPV: 0.8692 F1:0.8687
INFO:__main__:验证的best_acc:0.9230
INFO:__main__:----------------------------------------------------------------------------------------------------
INFO:__main__:
【train】epoch:76/150 loss:0.0114 acc:0.9961
INFO:__main__:
【val】epoch:76/150 loss:0.5202 acc:0.9004
INFO:__main__:
【Val】:  SENS: 0.8679  SPEC: 0.9269  PPV: 0.9064  NPV: 0.8959 F1:0.8867
INFO:__main__:验证的best_acc:0.9230
INFO:__main__:----------------------------------------------------------------------------------------------------
INFO:__main__:
【train】epoch:77/150 loss:0.0089 acc:0.9965
INFO:__main__:
【val】epoch:77/150 loss:0.5287 acc:0.8983
INFO:__main__:
【Val】:  SENS: 0.8538  SPEC: 0.9346  PPV: 0.9141  NPV: 0.8869 F1:0.8829
INFO:__main__:验证的best_acc:0.9230
INFO:__main__:----------------------------------------------------------------------------------------------------
INFO:__main__:
【train】epoch:78/150 loss:0.0093 acc:0.9966
INFO:__main__:
【val】epoch:78/150 loss:0.5495 acc:0.9018
INFO:__main__:
【Val】:  SENS: 0.8695  SPEC: 0.9282  PPV: 0.9080  NPV: 0.8971 F1:0.8884
INFO:__main__:验证的best_acc:0.9230
INFO:__main__:----------------------------------------------------------------------------------------------------
INFO:__main__:
【train】epoch:79/150 loss:0.0102 acc:0.9972
INFO:__main__:
【val】epoch:79/150 loss:0.5824 acc:0.8919
INFO:__main__:
【Val】:  SENS: 0.8538  SPEC: 0.9231  PPV: 0.9005  NPV: 0.8856 F1:0.8765
INFO:__main__:验证的best_acc:0.9230
INFO:__main__:----------------------------------------------------------------------------------------------------
INFO:__main__:
【train】epoch:80/150 loss:0.0087 acc:0.9977
INFO:__main__:
【val】epoch:80/150 loss:0.5623 acc:0.9004
INFO:__main__:
【Val】:  SENS: 0.8616  SPEC: 0.9321  PPV: 0.9118  NPV: 0.8920 F1:0.8860
INFO:__main__:验证的best_acc:0.9230
INFO:__main__:----------------------------------------------------------------------------------------------------
INFO:__main__:
【train】epoch:81/150 loss:0.0122 acc:0.9955
INFO:__main__:
【val】epoch:81/150 loss:0.5695 acc:0.8997
INFO:__main__:
【Val】:  SENS: 0.8664  SPEC: 0.9269  PPV: 0.9062  NPV: 0.8948 F1:0.8859
INFO:__main__:验证的best_acc:0.9230
INFO:__main__:----------------------------------------------------------------------------------------------------
INFO:__main__:
【train】epoch:82/150 loss:0.0064 acc:0.9980
INFO:__main__:
【val】epoch:82/150 loss:0.5512 acc:0.9040
INFO:__main__:
【Val】:  SENS: 0.8884  SPEC: 0.9167  PPV: 0.8968  NPV: 0.9097 F1:0.8926
INFO:__main__:验证的best_acc:0.9230
INFO:__main__:----------------------------------------------------------------------------------------------------
INFO:__main__:
【train】epoch:83/150 loss:0.0049 acc:0.9985
INFO:__main__:
【val】epoch:83/150 loss:0.6238 acc:0.8870
INFO:__main__:
【Val】:  SENS: 0.8286  SPEC: 0.9346  PPV: 0.9118  NPV: 0.8699 F1:0.8682
INFO:__main__:验证的best_acc:0.9230
INFO:__main__:----------------------------------------------------------------------------------------------------
INFO:__main__:
【train】epoch:84/150 loss:0.0092 acc:0.9968
INFO:__main__:
【val】epoch:84/150 loss:0.5279 acc:0.9110
INFO:__main__:
【Val】:  SENS: 0.9182  SPEC: 0.9051  PPV: 0.8875  NPV: 0.9314 F1:0.9026
INFO:__main__:验证的best_acc:0.9230
INFO:__main__:----------------------------------------------------------------------------------------------------
INFO:__main__:
【train】epoch:85/150 loss:0.0072 acc:0.9970
INFO:__main__:
【val】epoch:85/150 loss:0.5215 acc:0.9089
INFO:__main__:
【Val】:  SENS: 0.8852  SPEC: 0.9282  PPV: 0.9095  NPV: 0.9084 F1:0.8972
INFO:__main__:验证的best_acc:0.9230
INFO:__main__:----------------------------------------------------------------------------------------------------
INFO:__main__:
【train】epoch:86/150 loss:0.0050 acc:0.9983
INFO:__main__:
【val】epoch:86/150 loss:0.5523 acc:0.8934
INFO:__main__:
【Val】:  SENS: 0.8428  SPEC: 0.9346  PPV: 0.9131  NPV: 0.8794 F1:0.8765
INFO:__main__:验证的best_acc:0.9230
INFO:__main__:----------------------------------------------------------------------------------------------------
INFO:__main__:
【train】epoch:87/150 loss:0.0061 acc:0.9979
INFO:__main__:
【val】epoch:87/150 loss:0.5403 acc:0.9040
INFO:__main__:
【Val】:  SENS: 0.8836  SPEC: 0.9205  PPV: 0.9006  NPV: 0.9066 F1:0.8921
INFO:__main__:验证的best_acc:0.9230
INFO:__main__:----------------------------------------------------------------------------------------------------
INFO:__main__:
【train】epoch:88/150 loss:0.0066 acc:0.9980
INFO:__main__:
【val】epoch:88/150 loss:0.5274 acc:0.9153
INFO:__main__:
【Val】:  SENS: 0.9041  SPEC: 0.9244  PPV: 0.9069  NPV: 0.9220 F1:0.9055
INFO:__main__:验证的best_acc:0.9230
INFO:__main__:----------------------------------------------------------------------------------------------------
INFO:__main__:
【train】epoch:89/150 loss:0.0037 acc:0.9989
INFO:__main__:
【val】epoch:89/150 loss:0.5316 acc:0.9153
INFO:__main__:
【Val】:  SENS: 0.9057  SPEC: 0.9231  PPV: 0.9057  NPV: 0.9231 F1:0.9057
INFO:__main__:验证的best_acc:0.9230
INFO:__main__:----------------------------------------------------------------------------------------------------
INFO:__main__:
【train】epoch:90/150 loss:0.0025 acc:0.9993
INFO:__main__:
【val】epoch:90/150 loss:0.5431 acc:0.9061
INFO:__main__:
【Val】:  SENS: 0.8805  SPEC: 0.9269  PPV: 0.9076  NPV: 0.9049 F1:0.8939
INFO:__main__:验证的best_acc:0.9230
INFO:__main__:----------------------------------------------------------------------------------------------------
INFO:__main__:
【train】epoch:91/150 loss:0.0055 acc:0.9989
INFO:__main__:
【val】epoch:91/150 loss:0.5577 acc:0.9096
INFO:__main__:
【Val】:  SENS: 0.8805  SPEC: 0.9333  PPV: 0.9150  NPV: 0.9055 F1:0.8974
INFO:__main__:验证的best_acc:0.9230
INFO:__main__:----------------------------------------------------------------------------------------------------
INFO:__main__:
【train】epoch:92/150 loss:0.0033 acc:0.9989
INFO:__main__:
【val】epoch:92/150 loss:0.5812 acc:0.9040
INFO:__main__:
【Val】:  SENS: 0.8899  SPEC: 0.9154  PPV: 0.8956  NPV: 0.9107 F1:0.8927
INFO:__main__:验证的best_acc:0.9230
INFO:__main__:----------------------------------------------------------------------------------------------------
INFO:__main__:
【train】epoch:93/150 loss:0.0055 acc:0.9980
INFO:__main__:
【val】epoch:93/150 loss:0.5991 acc:0.9018
INFO:__main__:
【Val】:  SENS: 0.8742  SPEC: 0.9244  PPV: 0.9041  NPV: 0.9001 F1:0.8889
INFO:__main__:验证的best_acc:0.9230
INFO:__main__:----------------------------------------------------------------------------------------------------
INFO:__main__:
【train】epoch:94/150 loss:0.0040 acc:0.9987
INFO:__main__:
【val】epoch:94/150 loss:0.5577 acc:0.9061
INFO:__main__:
【Val】:  SENS: 0.8852  SPEC: 0.9231  PPV: 0.9037  NPV: 0.9079 F1:0.8944
INFO:__main__:验证的best_acc:0.9230
INFO:__main__:----------------------------------------------------------------------------------------------------
INFO:__main__:
【train】epoch:95/150 loss:0.0036 acc:0.9990
INFO:__main__:
【val】epoch:95/150 loss:0.6045 acc:0.9004
INFO:__main__:
【Val】:  SENS: 0.8821  SPEC: 0.9154  PPV: 0.8947  NPV: 0.9049 F1:0.8884
INFO:__main__:验证的best_acc:0.9230
INFO:__main__:----------------------------------------------------------------------------------------------------
INFO:__main__:
【train】epoch:96/150 loss:0.0050 acc:0.9982
INFO:__main__:
【val】epoch:96/150 loss:0.6509 acc:0.8891
INFO:__main__:
【Val】:  SENS: 0.8491  SPEC: 0.9218  PPV: 0.8985  NPV: 0.8822 F1:0.8731
INFO:__main__:验证的best_acc:0.9230
INFO:__main__:----------------------------------------------------------------------------------------------------
INFO:__main__:
【train】epoch:97/150 loss:0.0046 acc:0.9987
INFO:__main__:
【val】epoch:97/150 loss:0.5727 acc:0.9068
INFO:__main__:
【Val】:  SENS: 0.8852  SPEC: 0.9244  PPV: 0.9051  NPV: 0.9081 F1:0.8951
INFO:__main__:验证的best_acc:0.9230
INFO:__main__:----------------------------------------------------------------------------------------------------
INFO:__main__:
【train】epoch:98/150 loss:0.0060 acc:0.9973
INFO:__main__:
【val】epoch:98/150 loss:0.5482 acc:0.9117
INFO:__main__:
【Val】:  SENS: 0.9009  SPEC: 0.9205  PPV: 0.9024  NPV: 0.9193 F1:0.9017
INFO:__main__:验证的best_acc:0.9230
INFO:__main__:----------------------------------------------------------------------------------------------------
INFO:__main__:
【train】epoch:99/150 loss:0.0037 acc:0.9986
INFO:__main__:
【val】epoch:99/150 loss:0.5785 acc:0.9004
INFO:__main__:
【Val】:  SENS: 0.8695  SPEC: 0.9256  PPV: 0.9051  NPV: 0.8969 F1:0.8869
INFO:__main__:验证的best_acc:0.9230
INFO:__main__:----------------------------------------------------------------------------------------------------
INFO:__main__:
【train】epoch:100/150 loss:0.0029 acc:0.9990
INFO:__main__:
【val】epoch:100/150 loss:0.5832 acc:0.9047
INFO:__main__:
【Val】:  SENS: 0.8726  SPEC: 0.9308  PPV: 0.9113  NPV: 0.8996 F1:0.8916
INFO:__main__:验证的best_acc:0.9230
INFO:__main__:----------------------------------------------------------------------------------------------------
INFO:__main__:
【train】epoch:101/150 loss:0.0021 acc:0.9994
INFO:__main__:
【val】epoch:101/150 loss:0.5786 acc:0.9075
INFO:__main__:
【Val】:  SENS: 0.8821  SPEC: 0.9282  PPV: 0.9092  NPV: 0.9061 F1:0.8955
INFO:__main__:验证的best_acc:0.9230
INFO:__main__:----------------------------------------------------------------------------------------------------
INFO:__main__:
【train】epoch:102/150 loss:0.0030 acc:0.9990
INFO:__main__:
【val】epoch:102/150 loss:0.5851 acc:0.9040
INFO:__main__:
【Val】:  SENS: 0.8711  SPEC: 0.9308  PPV: 0.9112  NPV: 0.8985 F1:0.8907
INFO:__main__:验证的best_acc:0.9230
INFO:__main__:----------------------------------------------------------------------------------------------------
INFO:__main__:
【train】epoch:103/150 loss:0.0016 acc:0.9997
INFO:__main__:
【val】epoch:103/150 loss:0.6101 acc:0.8997
INFO:__main__:
【Val】:  SENS: 0.8774  SPEC: 0.9179  PPV: 0.8971  NPV: 0.9018 F1:0.8871
INFO:__main__:验证的best_acc:0.9230
INFO:__main__:----------------------------------------------------------------------------------------------------
INFO:__main__:
【train】epoch:104/150 loss:0.0014 acc:0.9997
INFO:__main__:
【val】epoch:104/150 loss:0.5851 acc:0.9018
INFO:__main__:
【Val】:  SENS: 0.8648  SPEC: 0.9321  PPV: 0.9121  NPV: 0.8942 F1:0.8878
INFO:__main__:验证的best_acc:0.9230
INFO:__main__:----------------------------------------------------------------------------------------------------
INFO:__main__:
【train】epoch:105/150 loss:0.0028 acc:0.9996
INFO:__main__:
【val】epoch:105/150 loss:0.5687 acc:0.9047
INFO:__main__:
【Val】:  SENS: 0.8774  SPEC: 0.9269  PPV: 0.9073  NPV: 0.9026 F1:0.8921
INFO:__main__:验证的best_acc:0.9230
INFO:__main__:----------------------------------------------------------------------------------------------------
INFO:__main__:
【train】epoch:106/150 loss:0.0014 acc:0.9994
INFO:__main__:
【val】epoch:106/150 loss:0.5747 acc:0.9040
INFO:__main__:
【Val】:  SENS: 0.8852  SPEC: 0.9192  PPV: 0.8994  NPV: 0.9076 F1:0.8922
INFO:__main__:验证的best_acc:0.9230
INFO:__main__:----------------------------------------------------------------------------------------------------
INFO:__main__:
【train】epoch:107/150 loss:0.0013 acc:0.9994
INFO:__main__:
【val】epoch:107/150 loss:0.5877 acc:0.9040
INFO:__main__:
【Val】:  SENS: 0.8884  SPEC: 0.9167  PPV: 0.8968  NPV: 0.9097 F1:0.8926
INFO:__main__:验证的best_acc:0.9230
INFO:__main__:----------------------------------------------------------------------------------------------------
INFO:__main__:
【train】epoch:108/150 loss:0.0018 acc:0.9993
INFO:__main__:
【val】epoch:108/150 loss:0.6127 acc:0.9040
INFO:__main__:
【Val】:  SENS: 0.8742  SPEC: 0.9282  PPV: 0.9085  NPV: 0.9005 F1:0.8910
INFO:__main__:验证的best_acc:0.9230
INFO:__main__:----------------------------------------------------------------------------------------------------
INFO:__main__:
【train】epoch:109/150 loss:0.0023 acc:0.9992
INFO:__main__:
【val】epoch:109/150 loss:0.5958 acc:0.8976
INFO:__main__:
【Val】:  SENS: 0.8742  SPEC: 0.9167  PPV: 0.8953  NPV: 0.8994 F1:0.8846
INFO:__main__:验证的best_acc:0.9230
INFO:__main__:----------------------------------------------------------------------------------------------------
INFO:__main__:
【train】epoch:110/150 loss:0.0013 acc:0.9999
INFO:__main__:
【val】epoch:110/150 loss:0.5963 acc:0.9004
INFO:__main__:
【Val】:  SENS: 0.8742  SPEC: 0.9218  PPV: 0.9011  NPV: 0.8999 F1:0.8875
INFO:__main__:验证的best_acc:0.9230
INFO:__main__:----------------------------------------------------------------------------------------------------
INFO:__main__:
【train】epoch:111/150 loss:0.0017 acc:0.9996
INFO:__main__:
【val】epoch:111/150 loss:0.5845 acc:0.9103
INFO:__main__:
【Val】:  SENS: 0.9025  SPEC: 0.9167  PPV: 0.8983  NPV: 0.9202 F1:0.9004
INFO:__main__:验证的best_acc:0.9230
INFO:__main__:----------------------------------------------------------------------------------------------------
INFO:__main__:
【train】epoch:112/150 loss:0.0015 acc:0.9996
INFO:__main__:
【val】epoch:112/150 loss:0.6122 acc:0.8976
INFO:__main__:
【Val】:  SENS: 0.8726  SPEC: 0.9179  PPV: 0.8966  NPV: 0.8984 F1:0.8845
INFO:__main__:验证的best_acc:0.9230
INFO:__main__:----------------------------------------------------------------------------------------------------
INFO:__main__:
【train】epoch:113/150 loss:0.0021 acc:0.9994
INFO:__main__:
【val】epoch:113/150 loss:0.6035 acc:0.8955
INFO:__main__:
【Val】:  SENS: 0.8506  SPEC: 0.9321  PPV: 0.9108  NPV: 0.8844 F1:0.8797
INFO:__main__:验证的best_acc:0.9230
INFO:__main__:----------------------------------------------------------------------------------------------------
INFO:__main__:
【train】epoch:114/150 loss:0.0014 acc:0.9997
INFO:__main__:
【val】epoch:114/150 loss:0.5656 acc:0.9096
INFO:__main__:
【Val】:  SENS: 0.8915  SPEC: 0.9244  PPV: 0.9058  NPV: 0.9127 F1:0.8986
INFO:__main__:验证的best_acc:0.9230
INFO:__main__:----------------------------------------------------------------------------------------------------
INFO:__main__:
【train】epoch:115/150 loss:0.0018 acc:0.9992
INFO:__main__:
【val】epoch:115/150 loss:0.5874 acc:0.9096
INFO:__main__:
【Val】:  SENS: 0.8805  SPEC: 0.9333  PPV: 0.9150  NPV: 0.9055 F1:0.8974
INFO:__main__:验证的best_acc:0.9230
INFO:__main__:----------------------------------------------------------------------------------------------------
INFO:__main__:
【train】epoch:116/150 loss:0.0017 acc:0.9994
INFO:__main__:
【val】epoch:116/150 loss:0.5572 acc:0.9103
INFO:__main__:
【Val】:  SENS: 0.8931  SPEC: 0.9244  PPV: 0.9059  NPV: 0.9138 F1:0.8994
INFO:__main__:验证的best_acc:0.9230
INFO:__main__:----------------------------------------------------------------------------------------------------
INFO:__main__:
【train】epoch:117/150 loss:0.0019 acc:0.9993
INFO:__main__:
【val】epoch:117/150 loss:0.6025 acc:0.9032
INFO:__main__:
【Val】:  SENS: 0.8836  SPEC: 0.9192  PPV: 0.8992  NPV: 0.9064 F1:0.8914
INFO:__main__:验证的best_acc:0.9230
INFO:__main__:----------------------------------------------------------------------------------------------------
INFO:__main__:
【train】epoch:118/150 loss:0.0034 acc:0.9989
INFO:__main__:
【val】epoch:118/150 loss:0.6571 acc:0.8905
INFO:__main__:
【Val】:  SENS: 0.8443  SPEC: 0.9282  PPV: 0.9056  NPV: 0.8797 F1:0.8739
INFO:__main__:验证的best_acc:0.9230
INFO:__main__:----------------------------------------------------------------------------------------------------
INFO:__main__:
【train】epoch:119/150 loss:0.0018 acc:0.9994
INFO:__main__:
【val】epoch:119/150 loss:0.6566 acc:0.8969
INFO:__main__:
【Val】:  SENS: 0.8443  SPEC: 0.9397  PPV: 0.9195  NPV: 0.8810 F1:0.8803
INFO:__main__:验证的best_acc:0.9230
INFO:__main__:----------------------------------------------------------------------------------------------------
INFO:__main__:
【train】epoch:120/150 loss:0.0011 acc:0.9994
INFO:__main__:
【val】epoch:120/150 loss:0.6372 acc:0.8955
INFO:__main__:
【Val】:  SENS: 0.8601  SPEC: 0.9244  PPV: 0.9026  NPV: 0.8901 F1:0.8808
INFO:__main__:验证的best_acc:0.9230
INFO:__main__:----------------------------------------------------------------------------------------------------
INFO:__main__:
【train】epoch:121/150 loss:0.0017 acc:0.9994
INFO:__main__:
【val】epoch:121/150 loss:0.6242 acc:0.8997
INFO:__main__:
【Val】:  SENS: 0.8742  SPEC: 0.9205  PPV: 0.8997  NPV: 0.8997 F1:0.8868
INFO:__main__:验证的best_acc:0.9230
INFO:__main__:----------------------------------------------------------------------------------------------------
INFO:__main__:
【train】epoch:122/150 loss:0.0014 acc:0.9996
INFO:__main__:
【val】epoch:122/150 loss:0.6047 acc:0.9047
INFO:__main__:
【Val】:  SENS: 0.8899  SPEC: 0.9167  PPV: 0.8970  NPV: 0.9108 F1:0.8934
INFO:__main__:验证的best_acc:0.9230
INFO:__main__:----------------------------------------------------------------------------------------------------
INFO:__main__:
【train】epoch:123/150 loss:0.0010 acc:0.9999
INFO:__main__:
【val】epoch:123/150 loss:0.6087 acc:0.8990
INFO:__main__:
【Val】:  SENS: 0.8695  SPEC: 0.9231  PPV: 0.9021  NPV: 0.8966 F1:0.8855
INFO:__main__:验证的best_acc:0.9230
INFO:__main__:----------------------------------------------------------------------------------------------------
INFO:__main__:
【train】epoch:124/150 loss:0.0012 acc:0.9997
INFO:__main__:
【val】epoch:124/150 loss:0.5960 acc:0.8997
INFO:__main__:
【Val】:  SENS: 0.8774  SPEC: 0.9179  PPV: 0.8971  NPV: 0.9018 F1:0.8871
INFO:__main__:验证的best_acc:0.9230
INFO:__main__:----------------------------------------------------------------------------------------------------
INFO:__main__:
【train】epoch:125/150 loss:0.0010 acc:0.9997
INFO:__main__:
【val】epoch:125/150 loss:0.6107 acc:0.8990
INFO:__main__:
【Val】:  SENS: 0.8679  SPEC: 0.9244  PPV: 0.9034  NPV: 0.8957 F1:0.8853
INFO:__main__:验证的best_acc:0.9230
INFO:__main__:----------------------------------------------------------------------------------------------------
INFO:__main__:
【train】epoch:126/150 loss:0.0009 acc:0.9997
INFO:__main__:
【val】epoch:126/150 loss:0.6087 acc:0.9040
INFO:__main__:
【Val】:  SENS: 0.8836  SPEC: 0.9205  PPV: 0.9006  NPV: 0.9066 F1:0.8921
INFO:__main__:验证的best_acc:0.9230
INFO:__main__:----------------------------------------------------------------------------------------------------
INFO:__main__:
【train】epoch:127/150 loss:0.0010 acc:0.9996
INFO:__main__:
【val】epoch:127/150 loss:0.6257 acc:0.8997
INFO:__main__:
【Val】:  SENS: 0.8695  SPEC: 0.9244  PPV: 0.9036  NPV: 0.8968 F1:0.8862
INFO:__main__:验证的best_acc:0.9230
INFO:__main__:----------------------------------------------------------------------------------------------------
INFO:__main__:
【train】epoch:128/150 loss:0.0005 acc:0.9999
INFO:__main__:
【val】epoch:128/150 loss:0.6050 acc:0.9018
INFO:__main__:
【Val】:  SENS: 0.8758  SPEC: 0.9231  PPV: 0.9028  NPV: 0.9011 F1:0.8891
INFO:__main__:验证的best_acc:0.9230
INFO:__main__:----------------------------------------------------------------------------------------------------
INFO:__main__:
【train】epoch:129/150 loss:0.0008 acc:0.9996
INFO:__main__:
【val】epoch:129/150 loss:0.6047 acc:0.9054
INFO:__main__:
【Val】:  SENS: 0.8852  SPEC: 0.9218  PPV: 0.9022  NPV: 0.9078 F1:0.8937
INFO:__main__:验证的best_acc:0.9230
INFO:__main__:----------------------------------------------------------------------------------------------------
INFO:__main__:
【train】epoch:130/150 loss:0.0013 acc:0.9996
INFO:__main__:
【val】epoch:130/150 loss:0.6040 acc:0.9004
INFO:__main__:
【Val】:  SENS: 0.8789  SPEC: 0.9179  PPV: 0.8973  NPV: 0.9029 F1:0.8880
INFO:__main__:验证的best_acc:0.9230
INFO:__main__:----------------------------------------------------------------------------------------------------
INFO:__main__:
【train】epoch:131/150 loss:0.0014 acc:0.9996
INFO:__main__:
【val】epoch:131/150 loss:0.5848 acc:0.9040
INFO:__main__:
【Val】:  SENS: 0.8774  SPEC: 0.9256  PPV: 0.9058  NPV: 0.9025 F1:0.8914
INFO:__main__:验证的best_acc:0.9230
INFO:__main__:----------------------------------------------------------------------------------------------------
INFO:__main__:
【train】epoch:132/150 loss:0.0007 acc:0.9999
INFO:__main__:
【val】epoch:132/150 loss:0.6021 acc:0.8990
INFO:__main__:
【Val】:  SENS: 0.8789  SPEC: 0.9154  PPV: 0.8944  NPV: 0.9027 F1:0.8866
INFO:__main__:验证的best_acc:0.9230
INFO:__main__:----------------------------------------------------------------------------------------------------
INFO:__main__:
【train】epoch:133/150 loss:0.0013 acc:0.9996
INFO:__main__:
【val】epoch:133/150 loss:0.6038 acc:0.8997
INFO:__main__:
【Val】:  SENS: 0.8742  SPEC: 0.9205  PPV: 0.8997  NPV: 0.8997 F1:0.8868
INFO:__main__:验证的best_acc:0.9230
INFO:__main__:----------------------------------------------------------------------------------------------------
INFO:__main__:
【train】epoch:134/150 loss:0.0007 acc:0.9997
INFO:__main__:
【val】epoch:134/150 loss:0.5933 acc:0.8997
INFO:__main__:
【Val】:  SENS: 0.8711  SPEC: 0.9231  PPV: 0.9023  NPV: 0.8978 F1:0.8864
INFO:__main__:验证的best_acc:0.9230
INFO:__main__:----------------------------------------------------------------------------------------------------
INFO:__main__:
【train】epoch:135/150 loss:0.0005 acc:1.0000
INFO:__main__:
【val】epoch:135/150 loss:0.6007 acc:0.9004
INFO:__main__:
【Val】:  SENS: 0.8774  SPEC: 0.9192  PPV: 0.8986  NPV: 0.9019 F1:0.8878
INFO:__main__:验证的best_acc:0.9230
INFO:__main__:----------------------------------------------------------------------------------------------------
INFO:__main__:
【train】epoch:136/150 loss:0.0003 acc:1.0000
INFO:__main__:
【val】epoch:136/150 loss:0.6034 acc:0.9004
INFO:__main__:
【Val】:  SENS: 0.8805  SPEC: 0.9167  PPV: 0.8960  NPV: 0.9039 F1:0.8882
INFO:__main__:验证的best_acc:0.9230
INFO:__main__:----------------------------------------------------------------------------------------------------
INFO:__main__:
【train】epoch:137/150 loss:0.0014 acc:0.9997
INFO:__main__:
【val】epoch:137/150 loss:0.6168 acc:0.9004
INFO:__main__:
【Val】:  SENS: 0.8789  SPEC: 0.9179  PPV: 0.8973  NPV: 0.9029 F1:0.8880
INFO:__main__:验证的best_acc:0.9230
INFO:__main__:----------------------------------------------------------------------------------------------------
INFO:__main__:
【train】epoch:138/150 loss:0.0019 acc:0.9994
INFO:__main__:
【val】epoch:138/150 loss:0.6267 acc:0.8997
INFO:__main__:
【Val】:  SENS: 0.8821  SPEC: 0.9141  PPV: 0.8933  NPV: 0.9048 F1:0.8877
INFO:__main__:验证的best_acc:0.9230
INFO:__main__:----------------------------------------------------------------------------------------------------
INFO:__main__:
【train】epoch:139/150 loss:0.0007 acc:0.9999
INFO:__main__:
【val】epoch:139/150 loss:0.6089 acc:0.9018
INFO:__main__:
【Val】:  SENS: 0.8899  SPEC: 0.9115  PPV: 0.8913  NPV: 0.9104 F1:0.8906
INFO:__main__:验证的best_acc:0.9230
INFO:__main__:----------------------------------------------------------------------------------------------------
INFO:__main__:
【train】epoch:140/150 loss:0.0007 acc:0.9999
INFO:__main__:
【val】epoch:140/150 loss:0.6142 acc:0.9018
INFO:__main__:
【Val】:  SENS: 0.8821  SPEC: 0.9179  PPV: 0.8976  NPV: 0.9052 F1:0.8898
INFO:__main__:验证的best_acc:0.9230
INFO:__main__:----------------------------------------------------------------------------------------------------
INFO:__main__:
【train】epoch:141/150 loss:0.0004 acc:1.0000
INFO:__main__:
【val】epoch:141/150 loss:0.6026 acc:0.9047
INFO:__main__:
【Val】:  SENS: 0.8915  SPEC: 0.9154  PPV: 0.8957  NPV: 0.9119 F1:0.8936
INFO:__main__:验证的best_acc:0.9230
INFO:__main__:----------------------------------------------------------------------------------------------------
INFO:__main__:
【train】epoch:142/150 loss:0.0012 acc:0.9996
INFO:__main__:
【val】epoch:142/150 loss:0.5973 acc:0.9004
INFO:__main__:
【Val】:  SENS: 0.8742  SPEC: 0.9218  PPV: 0.9011  NPV: 0.8999 F1:0.8875
INFO:__main__:验证的best_acc:0.9230
INFO:__main__:----------------------------------------------------------------------------------------------------
INFO:__main__:
【train】epoch:143/150 loss:0.0008 acc:0.9999
INFO:__main__:
【val】epoch:143/150 loss:0.5904 acc:0.9011
INFO:__main__:
【Val】:  SENS: 0.8868  SPEC: 0.9128  PPV: 0.8924  NPV: 0.9082 F1:0.8896
INFO:__main__:验证的best_acc:0.9230
INFO:__main__:----------------------------------------------------------------------------------------------------
INFO:__main__:
【train】epoch:144/150 loss:0.0009 acc:0.9997
INFO:__main__:
【val】epoch:144/150 loss:0.6018 acc:0.8983
INFO:__main__:
【Val】:  SENS: 0.8884  SPEC: 0.9064  PPV: 0.8856  NPV: 0.9087 F1:0.8870
INFO:__main__:验证的best_acc:0.9230
INFO:__main__:----------------------------------------------------------------------------------------------------
INFO:__main__:
【train】epoch:145/150 loss:0.0006 acc:0.9999
INFO:__main__:
【val】epoch:145/150 loss:0.6124 acc:0.9011
INFO:__main__:
【Val】:  SENS: 0.8852  SPEC: 0.9141  PPV: 0.8937  NPV: 0.9071 F1:0.8894
INFO:__main__:验证的best_acc:0.9230
INFO:__main__:----------------------------------------------------------------------------------------------------
INFO:__main__:
【train】epoch:146/150 loss:0.0005 acc:1.0000
INFO:__main__:
【val】epoch:146/150 loss:0.6170 acc:0.9018
INFO:__main__:
【Val】:  SENS: 0.8868  SPEC: 0.9141  PPV: 0.8938  NPV: 0.9083 F1:0.8903
INFO:__main__:验证的best_acc:0.9230
INFO:__main__:----------------------------------------------------------------------------------------------------
INFO:__main__:
【train】epoch:147/150 loss:0.0006 acc:0.9997
INFO:__main__:
【val】epoch:147/150 loss:0.6162 acc:0.9068
INFO:__main__:
【Val】:  SENS: 0.8915  SPEC: 0.9192  PPV: 0.9000  NPV: 0.9122 F1:0.8957
INFO:__main__:验证的best_acc:0.9230
INFO:__main__:----------------------------------------------------------------------------------------------------
INFO:__main__:
【train】epoch:148/150 loss:0.0006 acc:0.9999
INFO:__main__:
【val】epoch:148/150 loss:0.6142 acc:0.9040
INFO:__main__:
【Val】:  SENS: 0.8884  SPEC: 0.9167  PPV: 0.8968  NPV: 0.9097 F1:0.8926
INFO:__main__:验证的best_acc:0.9230
INFO:__main__:----------------------------------------------------------------------------------------------------
INFO:__main__:
【train】epoch:149/150 loss:0.0009 acc:0.9999
INFO:__main__:
【val】epoch:149/150 loss:0.6057 acc:0.9061
INFO:__main__:
【Val】:  SENS: 0.8962  SPEC: 0.9141  PPV: 0.8948  NPV: 0.9153 F1:0.8955
INFO:__main__:验证的best_acc:0.9230
INFO:__main__:----------------------------------------------------------------------------------------------------
INFO:__main__:****************************************************************************************************
INFO:__main__:Val_LOSS:['0.5826', '0.4656', '0.4213', '0.3540', '0.3535', '0.3289', '0.3141', '0.3284', '0.3046', '0.2414', '0.2345', '0.2422', '0.2886', '0.2408', '0.2190', '0.2986', '0.2414', '0.3124', '0.2506', '0.2297', '0.3937', '0.2893', '0.3858', '0.2771', '0.3118', '0.3501', '0.3290', '0.3200', '0.2298', '0.2976', '0.3525', '0.3542', '0.2471', '0.3192', '0.4019', '0.3146', '0.3033', '0.3468', '0.3276', '0.4248', '0.3108', '0.3464', '0.3775', '0.3665', '0.4219', '0.3910', '0.3395', '0.4312', '0.3242', '0.4021', '0.3896', '0.4252', '0.4371', '0.4025', '0.4928', '0.4062', '0.3827', '0.3678', '0.4810', '0.3886', '0.4965', '0.4621', '0.4895', '0.4194', '0.4275', '0.3992', '0.4795', '0.4903', '0.4347', '0.4274', '0.4785', '0.5800', '0.6529', '0.5651', '0.6034', '0.5962', '0.5202', '0.5287', '0.5495', '0.5824', '0.5623', '0.5695', '0.5512', '0.6238', '0.5279', '0.5215', '0.5523', '0.5403', '0.5274', '0.5316', '0.5431', '0.5577', '0.5812', '0.5991', '0.5577', '0.6045', '0.6509', '0.5727', '0.5482', '0.5785', '0.5832', '0.5786', '0.5851', '0.6101', '0.5851', '0.5687', '0.5747', '0.5877', '0.6127', '0.5958', '0.5963', '0.5845', '0.6122', '0.6035', '0.5656', '0.5874', '0.5572', '0.6025', '0.6571', '0.6566', '0.6372', '0.6242', '0.6047', '0.6087', '0.5960', '0.6107', '0.6087', '0.6257', '0.6050', '0.6047', '0.6040', '0.5848', '0.6021', '0.6038', '0.5933', '0.6007', '0.6034', '0.6168', '0.6267', '0.6089', '0.6142', '0.6026', '0.5973', '0.5904', '0.6018', '0.6124', '0.6170', '0.6162', '0.6142', '0.6057']
INFO:__main__:Val_ACC:['0.7076', '0.7825', '0.8051', '0.8404', '0.8404', '0.8496', '0.8609', '0.8602', '0.8679', '0.9117', '0.9047', '0.8948', '0.8905', '0.9032', '0.9054', '0.8821', '0.9025', '0.8849', '0.9089', '0.9103', '0.8799', '0.8955', '0.8806', '0.9096', '0.8962', '0.9011', '0.8919', '0.9054', '0.9047', '0.9202', '0.8990', '0.9025', '0.9230', '0.9032', '0.9103', '0.9011', '0.9025', '0.9075', '0.9054', '0.8764', '0.9195', '0.9103', '0.9032', '0.9054', '0.8948', '0.9040', '0.9075', '0.9068', '0.9188', '0.9075', '0.9117', '0.9032', '0.8962', '0.9103', '0.8969', '0.9075', '0.9025', '0.9131', '0.8806', '0.9054', '0.8821', '0.8976', '0.9004', '0.9124', '0.8990', '0.9061', '0.9075', '0.9096', '0.9068', '0.9096', '0.9096', '0.8856', '0.8686', '0.8877', '0.8835', '0.8877', '0.9004', '0.8983', '0.9018', '0.8919', '0.9004', '0.8997', '0.9040', '0.8870', '0.9110', '0.9089', '0.8934', '0.9040', '0.9153', '0.9153', '0.9061', '0.9096', '0.9040', '0.9018', '0.9061', '0.9004', '0.8891', '0.9068', '0.9117', '0.9004', '0.9047', '0.9075', '0.9040', '0.8997', '0.9018', '0.9047', '0.9040', '0.9040', '0.9040', '0.8976', '0.9004', '0.9103', '0.8976', '0.8955', '0.9096', '0.9096', '0.9103', '0.9032', '0.8905', '0.8969', '0.8955', '0.8997', '0.9047', '0.8990', '0.8997', '0.8990', '0.9040', '0.8997', '0.9018', '0.9054', '0.9004', '0.9040', '0.8990', '0.8997', '0.8997', '0.9004', '0.9004', '0.9004', '0.8997', '0.9018', '0.9018', '0.9047', '0.9004', '0.9011', '0.8983', '0.9011', '0.9018', '0.9068', '0.9040', '0.9061']
INFO:__main__:****************************************************************************************************
INFO:__main__:best_acc:0.9230  对应epoch:32  
 对应sens0.9355  spec0.9128  ppv0.8974  npv0.9456  F10.9161
