INFO:__main__:
【train】epoch:0/150 loss:0.9007 acc:0.7195
INFO:__main__:
【val】epoch:0/150 loss:0.4405 acc:0.7788
INFO:__main__:
【Val】:  SENS: 0.8810  SPEC: 0.7152  PPV: 0.6583  NPV: 0.9061 F1:0.7536
INFO:__main__:验证的best_acc:0.7788
INFO:__main__:----------------------------------------------------------------------------------------------------
INFO:__main__:
【train】epoch:1/150 loss:0.7296 acc:0.8008
INFO:__main__:
【val】epoch:1/150 loss:0.3141 acc:0.8550
INFO:__main__:
【Val】:  SENS: 0.7557  SPEC: 0.9168  PPV: 0.8498  NPV: 0.8577 F1:0.8000
INFO:__main__:验证的best_acc:0.8550
INFO:__main__:----------------------------------------------------------------------------------------------------
INFO:__main__:
【train】epoch:2/150 loss:0.6154 acc:0.8475
INFO:__main__:
【val】epoch:2/150 loss:0.2624 acc:0.8902
INFO:__main__:
【Val】:  SENS: 0.8894  SPEC: 0.8908  PPV: 0.8353  NPV: 0.9282 F1:0.8615
INFO:__main__:验证的best_acc:0.8902
INFO:__main__:----------------------------------------------------------------------------------------------------
INFO:__main__:
【train】epoch:3/150 loss:0.5497 acc:0.8717
INFO:__main__:
【val】epoch:3/150 loss:0.2609 acc:0.8918
INFO:__main__:
【Val】:  SENS: 0.9228  SPEC: 0.8726  PPV: 0.8185  NPV: 0.9477 F1:0.8675
INFO:__main__:验证的best_acc:0.8918
INFO:__main__:----------------------------------------------------------------------------------------------------
INFO:__main__:
【train】epoch:4/150 loss:0.5036 acc:0.8870
INFO:__main__:
【val】epoch:4/150 loss:0.4268 acc:0.8301
INFO:__main__:
【Val】:  SENS: 0.9812  SPEC: 0.7360  PPV: 0.6984  NPV: 0.9843 F1:0.8160
INFO:__main__:验证的best_acc:0.8918
INFO:__main__:----------------------------------------------------------------------------------------------------
INFO:__main__:
【train】epoch:5/150 loss:0.4668 acc:0.8952
INFO:__main__:
【val】epoch:5/150 loss:0.2870 acc:0.8918
INFO:__main__:
【Val】:  SENS: 0.9582  SPEC: 0.8505  PPV: 0.7997  NPV: 0.9703 F1:0.8718
INFO:__main__:验证的best_acc:0.8918
INFO:__main__:----------------------------------------------------------------------------------------------------
INFO:__main__:
【train】epoch:6/150 loss:0.4386 acc:0.9062
INFO:__main__:
【val】epoch:6/150 loss:0.2260 acc:0.9062
INFO:__main__:
【Val】:  SENS: 0.9311  SPEC: 0.8908  PPV: 0.8415  NPV: 0.9540 F1:0.8840
INFO:__main__:验证的best_acc:0.9062
INFO:__main__:----------------------------------------------------------------------------------------------------
INFO:__main__:
【train】epoch:7/150 loss:0.4114 acc:0.9137
INFO:__main__:
【val】epoch:7/150 loss:0.3249 acc:0.8726
INFO:__main__:
【Val】:  SENS: 0.9624  SPEC: 0.8166  PPV: 0.7658  NPV: 0.9721 F1:0.8529
INFO:__main__:验证的best_acc:0.9062
INFO:__main__:----------------------------------------------------------------------------------------------------
INFO:__main__:
【train】epoch:8/150 loss:0.3929 acc:0.9203
INFO:__main__:
【val】epoch:8/150 loss:0.1861 acc:0.9279
INFO:__main__:
【Val】:  SENS: 0.9248  SPEC: 0.9298  PPV: 0.8913  NPV: 0.9521 F1:0.9078
INFO:__main__:验证的best_acc:0.9279
INFO:__main__:----------------------------------------------------------------------------------------------------
INFO:__main__:
【train】epoch:9/150 loss:0.3518 acc:0.9351
INFO:__main__:
【val】epoch:9/150 loss:0.1776 acc:0.9343
INFO:__main__:
【Val】:  SENS: 0.9290  SPEC: 0.9376  PPV: 0.9026  NPV: 0.9550 F1:0.9156
INFO:__main__:验证的best_acc:0.9343
INFO:__main__:----------------------------------------------------------------------------------------------------
INFO:__main__:
【train】epoch:10/150 loss:0.3294 acc:0.9373
INFO:__main__:
【val】epoch:10/150 loss:0.2142 acc:0.9143
INFO:__main__:
【Val】:  SENS: 0.9541  SPEC: 0.8895  PPV: 0.8432  NPV: 0.9688 F1:0.8952
INFO:__main__:验证的best_acc:0.9343
INFO:__main__:----------------------------------------------------------------------------------------------------
INFO:__main__:
【train】epoch:11/150 loss:0.3117 acc:0.9416
INFO:__main__:
【val】epoch:11/150 loss:0.1638 acc:0.9327
INFO:__main__:
【Val】:  SENS: 0.9081  SPEC: 0.9480  PPV: 0.9158  NPV: 0.9431 F1:0.9119
INFO:__main__:验证的best_acc:0.9343
INFO:__main__:----------------------------------------------------------------------------------------------------
INFO:__main__:
【train】epoch:12/150 loss:0.2978 acc:0.9467
INFO:__main__:
【val】epoch:12/150 loss:0.3630 acc:0.8582
INFO:__main__:
【Val】:  SENS: 0.9562  SPEC: 0.7971  PPV: 0.7459  NPV: 0.9669 F1:0.8381
INFO:__main__:验证的best_acc:0.9343
INFO:__main__:----------------------------------------------------------------------------------------------------
INFO:__main__:
【train】epoch:13/150 loss:0.2946 acc:0.9455
INFO:__main__:
【val】epoch:13/150 loss:0.1898 acc:0.9279
INFO:__main__:
【Val】:  SENS: 0.9290  SPEC: 0.9272  PPV: 0.8882  NPV: 0.9545 F1:0.9082
INFO:__main__:验证的best_acc:0.9343
INFO:__main__:----------------------------------------------------------------------------------------------------
INFO:__main__:
【train】epoch:14/150 loss:0.2691 acc:0.9525
INFO:__main__:
【val】epoch:14/150 loss:0.1924 acc:0.9327
INFO:__main__:
【Val】:  SENS: 0.9081  SPEC: 0.9480  PPV: 0.9158  NPV: 0.9431 F1:0.9119
INFO:__main__:验证的best_acc:0.9343
INFO:__main__:----------------------------------------------------------------------------------------------------
INFO:__main__:
【train】epoch:15/150 loss:0.2804 acc:0.9504
INFO:__main__:
【val】epoch:15/150 loss:0.1624 acc:0.9335
INFO:__main__:
【Val】:  SENS: 0.9102  SPEC: 0.9480  PPV: 0.9160  NPV: 0.9443 F1:0.9131
INFO:__main__:验证的best_acc:0.9343
INFO:__main__:----------------------------------------------------------------------------------------------------
INFO:__main__:
【train】epoch:16/150 loss:0.2671 acc:0.9549
INFO:__main__:
【val】epoch:16/150 loss:0.1694 acc:0.9399
INFO:__main__:
【Val】:  SENS: 0.9123  SPEC: 0.9571  PPV: 0.9298  NPV: 0.9460 F1:0.9210
INFO:__main__:验证的best_acc:0.9399
INFO:__main__:----------------------------------------------------------------------------------------------------
INFO:__main__:
【train】epoch:17/150 loss:0.2356 acc:0.9634
INFO:__main__:
【val】epoch:17/150 loss:0.1968 acc:0.9191
INFO:__main__:
【Val】:  SENS: 0.8351  SPEC: 0.9714  PPV: 0.9479  NPV: 0.9044 F1:0.8879
INFO:__main__:验证的best_acc:0.9399
INFO:__main__:----------------------------------------------------------------------------------------------------
INFO:__main__:
【train】epoch:18/150 loss:0.2337 acc:0.9629
INFO:__main__:
【val】epoch:18/150 loss:0.1987 acc:0.9263
INFO:__main__:
【Val】:  SENS: 0.9520  SPEC: 0.9103  PPV: 0.8686  NPV: 0.9682 F1:0.9084
INFO:__main__:验证的best_acc:0.9399
INFO:__main__:----------------------------------------------------------------------------------------------------
INFO:__main__:
【train】epoch:19/150 loss:0.2167 acc:0.9684
INFO:__main__:
【val】epoch:19/150 loss:0.1541 acc:0.9415
INFO:__main__:
【Val】:  SENS: 0.9186  SPEC: 0.9558  PPV: 0.9283  NPV: 0.9496 F1:0.9234
INFO:__main__:验证的best_acc:0.9415
INFO:__main__:----------------------------------------------------------------------------------------------------
INFO:__main__:
【train】epoch:20/150 loss:0.1999 acc:0.9703
INFO:__main__:
【val】epoch:20/150 loss:0.1534 acc:0.9407
INFO:__main__:
【Val】:  SENS: 0.9415  SPEC: 0.9402  PPV: 0.9074  NPV: 0.9627 F1:0.9242
INFO:__main__:验证的best_acc:0.9415
INFO:__main__:----------------------------------------------------------------------------------------------------
INFO:__main__:
【train】epoch:21/150 loss:0.1950 acc:0.9732
INFO:__main__:
【val】epoch:21/150 loss:0.2476 acc:0.9159
INFO:__main__:
【Val】:  SENS: 0.8580  SPEC: 0.9519  PPV: 0.9174  NPV: 0.9150 F1:0.8867
INFO:__main__:验证的best_acc:0.9415
INFO:__main__:----------------------------------------------------------------------------------------------------
INFO:__main__:
【train】epoch:22/150 loss:0.1929 acc:0.9724
INFO:__main__:
【val】epoch:22/150 loss:0.1735 acc:0.9399
INFO:__main__:
【Val】:  SENS: 0.9395  SPEC: 0.9402  PPV: 0.9073  NPV: 0.9614 F1:0.9231
INFO:__main__:验证的best_acc:0.9415
INFO:__main__:----------------------------------------------------------------------------------------------------
INFO:__main__:
【train】epoch:23/150 loss:0.1857 acc:0.9724
INFO:__main__:
【val】epoch:23/150 loss:0.1761 acc:0.9303
INFO:__main__:
【Val】:  SENS: 0.9248  SPEC: 0.9337  PPV: 0.8968  NPV: 0.9523 F1:0.9106
INFO:__main__:验证的best_acc:0.9415
INFO:__main__:----------------------------------------------------------------------------------------------------
INFO:__main__:
【train】epoch:24/150 loss:0.1661 acc:0.9785
INFO:__main__:
【val】epoch:24/150 loss:0.2361 acc:0.9383
INFO:__main__:
【Val】:  SENS: 0.9186  SPEC: 0.9506  PPV: 0.9205  NPV: 0.9494 F1:0.9195
INFO:__main__:验证的best_acc:0.9415
INFO:__main__:----------------------------------------------------------------------------------------------------
INFO:__main__:
【train】epoch:25/150 loss:0.1759 acc:0.9773
INFO:__main__:
【val】epoch:25/150 loss:0.2142 acc:0.9311
INFO:__main__:
【Val】:  SENS: 0.8727  SPEC: 0.9675  PPV: 0.9436  NPV: 0.9242 F1:0.9067
INFO:__main__:验证的best_acc:0.9415
INFO:__main__:----------------------------------------------------------------------------------------------------
INFO:__main__:
【train】epoch:26/150 loss:0.1696 acc:0.9787
INFO:__main__:
【val】epoch:26/150 loss:0.1495 acc:0.9407
INFO:__main__:
【Val】:  SENS: 0.8894  SPEC: 0.9727  PPV: 0.9530  NPV: 0.9338 F1:0.9201
INFO:__main__:验证的best_acc:0.9415
INFO:__main__:----------------------------------------------------------------------------------------------------
INFO:__main__:
【train】epoch:27/150 loss:0.1496 acc:0.9823
INFO:__main__:
【val】epoch:27/150 loss:0.1954 acc:0.9415
INFO:__main__:
【Val】:  SENS: 0.9165  SPEC: 0.9571  PPV: 0.9301  NPV: 0.9485 F1:0.9232
INFO:__main__:验证的best_acc:0.9415
INFO:__main__:----------------------------------------------------------------------------------------------------
INFO:__main__:
【train】epoch:28/150 loss:0.1730 acc:0.9746
INFO:__main__:
【val】epoch:28/150 loss:0.1426 acc:0.9415
INFO:__main__:
【Val】:  SENS: 0.9207  SPEC: 0.9545  PPV: 0.9265  NPV: 0.9508 F1:0.9236
INFO:__main__:验证的best_acc:0.9415
INFO:__main__:----------------------------------------------------------------------------------------------------
INFO:__main__:
【train】epoch:29/150 loss:0.1410 acc:0.9848
INFO:__main__:
【val】epoch:29/150 loss:0.1645 acc:0.9415
INFO:__main__:
【Val】:  SENS: 0.8914  SPEC: 0.9727  PPV: 0.9531  NPV: 0.9350 F1:0.9213
INFO:__main__:验证的best_acc:0.9415
INFO:__main__:----------------------------------------------------------------------------------------------------
INFO:__main__:
【train】epoch:30/150 loss:0.1226 acc:0.9875
INFO:__main__:
【val】epoch:30/150 loss:0.1679 acc:0.9495
INFO:__main__:
【Val】:  SENS: 0.9582  SPEC: 0.9441  PPV: 0.9143  NPV: 0.9732 F1:0.9358
INFO:__main__:验证的best_acc:0.9495
INFO:__main__:----------------------------------------------------------------------------------------------------
INFO:__main__:
【train】epoch:31/150 loss:0.1154 acc:0.9877
INFO:__main__:
【val】epoch:31/150 loss:0.1805 acc:0.9319
INFO:__main__:
【Val】:  SENS: 0.9248  SPEC: 0.9363  PPV: 0.9004  NPV: 0.9524 F1:0.9125
INFO:__main__:验证的best_acc:0.9495
INFO:__main__:----------------------------------------------------------------------------------------------------
INFO:__main__:
【train】epoch:32/150 loss:0.1263 acc:0.9842
INFO:__main__:
【val】epoch:32/150 loss:0.1860 acc:0.9431
INFO:__main__:
【Val】:  SENS: 0.9436  SPEC: 0.9428  PPV: 0.9113  NPV: 0.9641 F1:0.9272
INFO:__main__:验证的best_acc:0.9495
INFO:__main__:----------------------------------------------------------------------------------------------------
INFO:__main__:
【train】epoch:33/150 loss:0.1186 acc:0.9872
INFO:__main__:
【val】epoch:33/150 loss:0.1405 acc:0.9407
INFO:__main__:
【Val】:  SENS: 0.9457  SPEC: 0.9376  PPV: 0.9042  NPV: 0.9652 F1:0.9245
INFO:__main__:验证的best_acc:0.9495
INFO:__main__:----------------------------------------------------------------------------------------------------
INFO:__main__:
【train】epoch:34/150 loss:0.1234 acc:0.9860
INFO:__main__:
【val】epoch:34/150 loss:0.1266 acc:0.9495
INFO:__main__:
【Val】:  SENS: 0.9395  SPEC: 0.9558  PPV: 0.9298  NPV: 0.9620 F1:0.9346
INFO:__main__:验证的best_acc:0.9495
INFO:__main__:----------------------------------------------------------------------------------------------------
INFO:__main__:
【train】epoch:35/150 loss:0.1135 acc:0.9880
INFO:__main__:
【val】epoch:35/150 loss:0.1400 acc:0.9455
INFO:__main__:
【Val】:  SENS: 0.9248  SPEC: 0.9584  PPV: 0.9326  NPV: 0.9534 F1:0.9287
INFO:__main__:验证的best_acc:0.9495
INFO:__main__:----------------------------------------------------------------------------------------------------
INFO:__main__:
【train】epoch:36/150 loss:0.1039 acc:0.9893
INFO:__main__:
【val】epoch:36/150 loss:0.1936 acc:0.9431
INFO:__main__:
【Val】:  SENS: 0.9436  SPEC: 0.9428  PPV: 0.9113  NPV: 0.9641 F1:0.9272
INFO:__main__:验证的best_acc:0.9495
INFO:__main__:----------------------------------------------------------------------------------------------------
INFO:__main__:
【train】epoch:37/150 loss:0.1089 acc:0.9874
INFO:__main__:
【val】epoch:37/150 loss:0.2164 acc:0.9335
INFO:__main__:
【Val】:  SENS: 0.8977  SPEC: 0.9558  PPV: 0.9267  NPV: 0.9375 F1:0.9120
INFO:__main__:验证的best_acc:0.9495
INFO:__main__:----------------------------------------------------------------------------------------------------
INFO:__main__:
【train】epoch:38/150 loss:0.1006 acc:0.9891
INFO:__main__:
【val】epoch:38/150 loss:0.2099 acc:0.9239
INFO:__main__:
【Val】:  SENS: 0.8727  SPEC: 0.9558  PPV: 0.9248  NPV: 0.9234 F1:0.8980
INFO:__main__:验证的best_acc:0.9495
INFO:__main__:----------------------------------------------------------------------------------------------------
INFO:__main__:
【train】epoch:39/150 loss:0.1000 acc:0.9883
INFO:__main__:
【val】epoch:39/150 loss:0.1582 acc:0.9487
INFO:__main__:
【Val】:  SENS: 0.9395  SPEC: 0.9545  PPV: 0.9278  NPV: 0.9620 F1:0.9336
INFO:__main__:验证的best_acc:0.9495
INFO:__main__:----------------------------------------------------------------------------------------------------
INFO:__main__:
【train】epoch:40/150 loss:0.0889 acc:0.9923
INFO:__main__:
【val】epoch:40/150 loss:0.1458 acc:0.9375
INFO:__main__:
【Val】:  SENS: 0.9457  SPEC: 0.9324  PPV: 0.8970  NPV: 0.9650 F1:0.9207
INFO:__main__:验证的best_acc:0.9495
INFO:__main__:----------------------------------------------------------------------------------------------------
INFO:__main__:
【train】epoch:41/150 loss:0.0817 acc:0.9942
INFO:__main__:
【val】epoch:41/150 loss:0.1532 acc:0.9463
INFO:__main__:
【Val】:  SENS: 0.9290  SPEC: 0.9571  PPV: 0.9310  NPV: 0.9558 F1:0.9300
INFO:__main__:验证的best_acc:0.9495
INFO:__main__:----------------------------------------------------------------------------------------------------
INFO:__main__:
【train】epoch:42/150 loss:0.0912 acc:0.9905
INFO:__main__:
【val】epoch:42/150 loss:0.1413 acc:0.9447
INFO:__main__:
【Val】:  SENS: 0.9290  SPEC: 0.9545  PPV: 0.9271  NPV: 0.9557 F1:0.9281
INFO:__main__:验证的best_acc:0.9495
INFO:__main__:----------------------------------------------------------------------------------------------------
INFO:__main__:
【train】epoch:43/150 loss:0.0821 acc:0.9924
INFO:__main__:
【val】epoch:43/150 loss:0.1372 acc:0.9511
INFO:__main__:
【Val】:  SENS: 0.9666  SPEC: 0.9415  PPV: 0.9114  NPV: 0.9784 F1:0.9382
INFO:__main__:验证的best_acc:0.9511
INFO:__main__:----------------------------------------------------------------------------------------------------
INFO:__main__:
【train】epoch:44/150 loss:0.0770 acc:0.9924
INFO:__main__:
【val】epoch:44/150 loss:0.1498 acc:0.9535
INFO:__main__:
【Val】:  SENS: 0.9562  SPEC: 0.9519  PPV: 0.9253  NPV: 0.9721 F1:0.9405
INFO:__main__:验证的best_acc:0.9535
INFO:__main__:----------------------------------------------------------------------------------------------------
INFO:__main__:
【train】epoch:45/150 loss:0.0816 acc:0.9929
INFO:__main__:
【val】epoch:45/150 loss:0.1560 acc:0.9511
INFO:__main__:
【Val】:  SENS: 0.9582  SPEC: 0.9467  PPV: 0.9180  NPV: 0.9733 F1:0.9377
INFO:__main__:验证的best_acc:0.9535
INFO:__main__:----------------------------------------------------------------------------------------------------
INFO:__main__:
【train】epoch:46/150 loss:0.0717 acc:0.9942
INFO:__main__:
【val】epoch:46/150 loss:0.1704 acc:0.9471
INFO:__main__:
【Val】:  SENS: 0.9499  SPEC: 0.9454  PPV: 0.9155  NPV: 0.9680 F1:0.9324
INFO:__main__:验证的best_acc:0.9535
INFO:__main__:----------------------------------------------------------------------------------------------------
INFO:__main__:
【train】epoch:47/150 loss:0.0854 acc:0.9916
INFO:__main__:
【val】epoch:47/150 loss:0.1372 acc:0.9543
INFO:__main__:
【Val】:  SENS: 0.9290  SPEC: 0.9701  PPV: 0.9509  NPV: 0.9564 F1:0.9398
INFO:__main__:验证的best_acc:0.9543
INFO:__main__:----------------------------------------------------------------------------------------------------
INFO:__main__:
【train】epoch:48/150 loss:0.0749 acc:0.9926
INFO:__main__:
【val】epoch:48/150 loss:0.1586 acc:0.9463
INFO:__main__:
【Val】:  SENS: 0.9562  SPEC: 0.9402  PPV: 0.9087  NPV: 0.9718 F1:0.9318
INFO:__main__:验证的best_acc:0.9543
INFO:__main__:----------------------------------------------------------------------------------------------------
INFO:__main__:
【train】epoch:49/150 loss:0.0627 acc:0.9953
INFO:__main__:
【val】epoch:49/150 loss:0.1555 acc:0.9519
INFO:__main__:
【Val】:  SENS: 0.9603  SPEC: 0.9467  PPV: 0.9182  NPV: 0.9746 F1:0.9388
INFO:__main__:验证的best_acc:0.9543
INFO:__main__:----------------------------------------------------------------------------------------------------
INFO:__main__:
【train】epoch:50/150 loss:0.0558 acc:0.9957
INFO:__main__:
【val】epoch:50/150 loss:0.2047 acc:0.9447
INFO:__main__:
【Val】:  SENS: 0.9729  SPEC: 0.9272  PPV: 0.8927  NPV: 0.9821 F1:0.9311
INFO:__main__:验证的best_acc:0.9543
INFO:__main__:----------------------------------------------------------------------------------------------------
INFO:__main__:
【train】epoch:51/150 loss:0.0528 acc:0.9972
INFO:__main__:
【val】epoch:51/150 loss:0.2241 acc:0.9447
INFO:__main__:
【Val】:  SENS: 0.9749  SPEC: 0.9259  PPV: 0.8912  NPV: 0.9834 F1:0.9312
INFO:__main__:验证的best_acc:0.9543
INFO:__main__:----------------------------------------------------------------------------------------------------
INFO:__main__:
【train】epoch:52/150 loss:0.0551 acc:0.9964
INFO:__main__:
【val】epoch:52/150 loss:0.1567 acc:0.9575
INFO:__main__:
【Val】:  SENS: 0.9729  SPEC: 0.9480  PPV: 0.9209  NPV: 0.9825 F1:0.9462
INFO:__main__:验证的best_acc:0.9575
INFO:__main__:----------------------------------------------------------------------------------------------------
INFO:__main__:
【train】epoch:53/150 loss:0.0517 acc:0.9973
INFO:__main__:
【val】epoch:53/150 loss:0.2167 acc:0.9479
INFO:__main__:
【Val】:  SENS: 0.9854  SPEC: 0.9246  PPV: 0.8906  NPV: 0.9903 F1:0.9356
INFO:__main__:验证的best_acc:0.9575
INFO:__main__:----------------------------------------------------------------------------------------------------
INFO:__main__:
【train】epoch:54/150 loss:0.0559 acc:0.9962
INFO:__main__:
【val】epoch:54/150 loss:0.1772 acc:0.9495
INFO:__main__:
【Val】:  SENS: 0.9624  SPEC: 0.9415  PPV: 0.9111  NPV: 0.9757 F1:0.9360
INFO:__main__:验证的best_acc:0.9575
INFO:__main__:----------------------------------------------------------------------------------------------------
INFO:__main__:
【train】epoch:55/150 loss:0.0478 acc:0.9981
INFO:__main__:
【val】epoch:55/150 loss:0.2414 acc:0.9375
INFO:__main__:
【Val】:  SENS: 0.9749  SPEC: 0.9142  PPV: 0.8762  NPV: 0.9832 F1:0.9229
INFO:__main__:验证的best_acc:0.9575
INFO:__main__:----------------------------------------------------------------------------------------------------
INFO:__main__:
【train】epoch:56/150 loss:0.0519 acc:0.9962
INFO:__main__:
【val】epoch:56/150 loss:0.1858 acc:0.9447
INFO:__main__:
【Val】:  SENS: 0.9791  SPEC: 0.9233  PPV: 0.8883  NPV: 0.9861 F1:0.9315
INFO:__main__:验证的best_acc:0.9575
INFO:__main__:----------------------------------------------------------------------------------------------------
INFO:__main__:
【train】epoch:57/150 loss:0.0514 acc:0.9972
INFO:__main__:
【val】epoch:57/150 loss:0.1722 acc:0.9455
INFO:__main__:
【Val】:  SENS: 0.9729  SPEC: 0.9285  PPV: 0.8944  NPV: 0.9821 F1:0.9320
INFO:__main__:验证的best_acc:0.9575
INFO:__main__:----------------------------------------------------------------------------------------------------
INFO:__main__:
【train】epoch:58/150 loss:0.0554 acc:0.9967
INFO:__main__:
【val】epoch:58/150 loss:0.1295 acc:0.9535
INFO:__main__:
【Val】:  SENS: 0.9708  SPEC: 0.9428  PPV: 0.9136  NPV: 0.9811 F1:0.9413
INFO:__main__:验证的best_acc:0.9575
INFO:__main__:----------------------------------------------------------------------------------------------------
INFO:__main__:
【train】epoch:59/150 loss:0.0462 acc:0.9970
INFO:__main__:
【val】epoch:59/150 loss:0.1642 acc:0.9519
INFO:__main__:
【Val】:  SENS: 0.9562  SPEC: 0.9493  PPV: 0.9215  NPV: 0.9720 F1:0.9385
INFO:__main__:验证的best_acc:0.9575
INFO:__main__:----------------------------------------------------------------------------------------------------
INFO:__main__:
【train】epoch:60/150 loss:0.0394 acc:0.9979
INFO:__main__:
【val】epoch:60/150 loss:0.1532 acc:0.9543
INFO:__main__:
【Val】:  SENS: 0.9624  SPEC: 0.9493  PPV: 0.9220  NPV: 0.9759 F1:0.9418
INFO:__main__:验证的best_acc:0.9575
INFO:__main__:----------------------------------------------------------------------------------------------------
INFO:__main__:
【train】epoch:61/150 loss:0.0356 acc:0.9986
INFO:__main__:
【val】epoch:61/150 loss:0.1874 acc:0.9511
INFO:__main__:
【Val】:  SENS: 0.9603  SPEC: 0.9454  PPV: 0.9163  NPV: 0.9745 F1:0.9378
INFO:__main__:验证的best_acc:0.9575
INFO:__main__:----------------------------------------------------------------------------------------------------
INFO:__main__:
【train】epoch:62/150 loss:0.0430 acc:0.9967
INFO:__main__:
【val】epoch:62/150 loss:0.2092 acc:0.9455
INFO:__main__:
【Val】:  SENS: 0.9812  SPEC: 0.9233  PPV: 0.8885  NPV: 0.9875 F1:0.9325
INFO:__main__:验证的best_acc:0.9575
INFO:__main__:----------------------------------------------------------------------------------------------------
INFO:__main__:
【train】epoch:63/150 loss:0.0369 acc:0.9979
INFO:__main__:
【val】epoch:63/150 loss:0.1980 acc:0.9455
INFO:__main__:
【Val】:  SENS: 0.9749  SPEC: 0.9272  PPV: 0.8929  NPV: 0.9834 F1:0.9321
INFO:__main__:验证的best_acc:0.9575
INFO:__main__:----------------------------------------------------------------------------------------------------
INFO:__main__:
【train】epoch:64/150 loss:0.0443 acc:0.9970
INFO:__main__:
【val】epoch:64/150 loss:0.1844 acc:0.9471
INFO:__main__:
【Val】:  SENS: 0.9729  SPEC: 0.9311  PPV: 0.8979  NPV: 0.9822 F1:0.9339
INFO:__main__:验证的best_acc:0.9575
INFO:__main__:----------------------------------------------------------------------------------------------------
INFO:__main__:
【train】epoch:65/150 loss:0.0376 acc:0.9976
INFO:__main__:
【val】epoch:65/150 loss:0.2618 acc:0.9327
INFO:__main__:
【Val】:  SENS: 0.9729  SPEC: 0.9077  PPV: 0.8678  NPV: 0.9817 F1:0.9173
INFO:__main__:验证的best_acc:0.9575
INFO:__main__:----------------------------------------------------------------------------------------------------
INFO:__main__:
【train】epoch:66/150 loss:0.0349 acc:0.9987
INFO:__main__:
【val】epoch:66/150 loss:0.1974 acc:0.9479
INFO:__main__:
【Val】:  SENS: 0.9749  SPEC: 0.9311  PPV: 0.8981  NPV: 0.9835 F1:0.9349
INFO:__main__:验证的best_acc:0.9575
INFO:__main__:----------------------------------------------------------------------------------------------------
INFO:__main__:
【train】epoch:67/150 loss:0.0349 acc:0.9981
INFO:__main__:
【val】epoch:67/150 loss:0.2084 acc:0.9463
INFO:__main__:
【Val】:  SENS: 0.9687  SPEC: 0.9324  PPV: 0.8992  NPV: 0.9795 F1:0.9327
INFO:__main__:验证的best_acc:0.9575
INFO:__main__:----------------------------------------------------------------------------------------------------
INFO:__main__:
【train】epoch:68/150 loss:0.0271 acc:0.9995
INFO:__main__:
【val】epoch:68/150 loss:0.2282 acc:0.9479
INFO:__main__:
【Val】:  SENS: 0.9812  SPEC: 0.9272  PPV: 0.8935  NPV: 0.9875 F1:0.9353
INFO:__main__:验证的best_acc:0.9575
INFO:__main__:----------------------------------------------------------------------------------------------------
INFO:__main__:
【train】epoch:69/150 loss:0.0284 acc:0.9989
INFO:__main__:
【val】epoch:69/150 loss:0.2186 acc:0.9423
INFO:__main__:
【Val】:  SENS: 0.9666  SPEC: 0.9272  PPV: 0.8921  NPV: 0.9781 F1:0.9279
INFO:__main__:验证的best_acc:0.9575
INFO:__main__:----------------------------------------------------------------------------------------------------
INFO:__main__:
【train】epoch:70/150 loss:0.0263 acc:0.9984
INFO:__main__:
【val】epoch:70/150 loss:0.2049 acc:0.9375
INFO:__main__:
【Val】:  SENS: 0.9457  SPEC: 0.9324  PPV: 0.8970  NPV: 0.9650 F1:0.9207
INFO:__main__:验证的best_acc:0.9575
INFO:__main__:----------------------------------------------------------------------------------------------------
INFO:__main__:
【train】epoch:71/150 loss:0.0314 acc:0.9983
INFO:__main__:
【val】epoch:71/150 loss:0.2310 acc:0.9423
INFO:__main__:
【Val】:  SENS: 0.9896  SPEC: 0.9129  PPV: 0.8762  NPV: 0.9929 F1:0.9294
INFO:__main__:验证的best_acc:0.9575
INFO:__main__:----------------------------------------------------------------------------------------------------
INFO:__main__:
【train】epoch:72/150 loss:0.0274 acc:0.9987
INFO:__main__:
【val】epoch:72/150 loss:0.2767 acc:0.9335
INFO:__main__:
【Val】:  SENS: 0.9749  SPEC: 0.9077  PPV: 0.8680  NPV: 0.9831 F1:0.9184
INFO:__main__:验证的best_acc:0.9575
INFO:__main__:----------------------------------------------------------------------------------------------------
INFO:__main__:
【train】epoch:73/150 loss:0.0281 acc:0.9987
INFO:__main__:
【val】epoch:73/150 loss:0.2010 acc:0.9503
INFO:__main__:
【Val】:  SENS: 0.9666  SPEC: 0.9402  PPV: 0.9096  NPV: 0.9783 F1:0.9372
INFO:__main__:验证的best_acc:0.9575
INFO:__main__:----------------------------------------------------------------------------------------------------
INFO:__main__:
【train】epoch:74/150 loss:0.0266 acc:0.9984
INFO:__main__:
【val】epoch:74/150 loss:0.2482 acc:0.9335
INFO:__main__:
【Val】:  SENS: 0.9687  SPEC: 0.9116  PPV: 0.8722  NPV: 0.9791 F1:0.9179
INFO:__main__:验证的best_acc:0.9575
INFO:__main__:----------------------------------------------------------------------------------------------------
INFO:__main__:
【train】epoch:75/150 loss:0.0325 acc:0.9976
INFO:__main__:
【val】epoch:75/150 loss:0.2310 acc:0.9423
INFO:__main__:
【Val】:  SENS: 0.9833  SPEC: 0.9168  PPV: 0.8804  NPV: 0.9888 F1:0.9290
INFO:__main__:验证的best_acc:0.9575
INFO:__main__:----------------------------------------------------------------------------------------------------
INFO:__main__:
【train】epoch:76/150 loss:0.0224 acc:0.9995
INFO:__main__:
【val】epoch:76/150 loss:0.2494 acc:0.9311
INFO:__main__:
【Val】:  SENS: 0.9812  SPEC: 0.8999  PPV: 0.8592  NPV: 0.9872 F1:0.9162
INFO:__main__:验证的best_acc:0.9575
INFO:__main__:----------------------------------------------------------------------------------------------------
INFO:__main__:
【train】epoch:77/150 loss:0.0262 acc:0.9995
INFO:__main__:
【val】epoch:77/150 loss:0.2378 acc:0.9399
INFO:__main__:
【Val】:  SENS: 0.9854  SPEC: 0.9116  PPV: 0.8741  NPV: 0.9901 F1:0.9264
INFO:__main__:验证的best_acc:0.9575
INFO:__main__:----------------------------------------------------------------------------------------------------
INFO:__main__:
【train】epoch:78/150 loss:0.0199 acc:0.9997
INFO:__main__:
【val】epoch:78/150 loss:0.2305 acc:0.9399
INFO:__main__:
【Val】:  SENS: 0.9937  SPEC: 0.9064  PPV: 0.8686  NPV: 0.9957 F1:0.9270
INFO:__main__:验证的best_acc:0.9575
INFO:__main__:----------------------------------------------------------------------------------------------------
INFO:__main__:
【train】epoch:79/150 loss:0.0206 acc:0.9992
INFO:__main__:
【val】epoch:79/150 loss:0.2514 acc:0.9359
INFO:__main__:
【Val】:  SENS: 0.9770  SPEC: 0.9103  PPV: 0.8715  NPV: 0.9845 F1:0.9213
INFO:__main__:验证的best_acc:0.9575
INFO:__main__:----------------------------------------------------------------------------------------------------
INFO:__main__:
【train】epoch:80/150 loss:0.0212 acc:0.9987
INFO:__main__:
【val】epoch:80/150 loss:0.3185 acc:0.9247
INFO:__main__:
【Val】:  SENS: 0.9896  SPEC: 0.8843  PPV: 0.8419  NPV: 0.9927 F1:0.9098
INFO:__main__:验证的best_acc:0.9575
INFO:__main__:----------------------------------------------------------------------------------------------------
INFO:__main__:
【train】epoch:81/150 loss:0.0219 acc:0.9991
INFO:__main__:
【val】epoch:81/150 loss:0.2447 acc:0.9335
INFO:__main__:
【Val】:  SENS: 0.9791  SPEC: 0.9051  PPV: 0.8653  NPV: 0.9858 F1:0.9187
INFO:__main__:验证的best_acc:0.9575
INFO:__main__:----------------------------------------------------------------------------------------------------
INFO:__main__:
【train】epoch:82/150 loss:0.0238 acc:0.9981
INFO:__main__:
【val】epoch:82/150 loss:0.1875 acc:0.9479
INFO:__main__:
【Val】:  SENS: 0.9749  SPEC: 0.9311  PPV: 0.8981  NPV: 0.9835 F1:0.9349
INFO:__main__:验证的best_acc:0.9575
INFO:__main__:----------------------------------------------------------------------------------------------------
INFO:__main__:
【train】epoch:83/150 loss:0.0197 acc:0.9997
INFO:__main__:
【val】epoch:83/150 loss:0.1843 acc:0.9479
INFO:__main__:
【Val】:  SENS: 0.9729  SPEC: 0.9324  PPV: 0.8996  NPV: 0.9822 F1:0.9348
INFO:__main__:验证的best_acc:0.9575
INFO:__main__:----------------------------------------------------------------------------------------------------
INFO:__main__:
【train】epoch:84/150 loss:0.0171 acc:0.9992
INFO:__main__:
【val】epoch:84/150 loss:0.1700 acc:0.9511
INFO:__main__:
【Val】:  SENS: 0.9729  SPEC: 0.9376  PPV: 0.9066  NPV: 0.9823 F1:0.9386
INFO:__main__:验证的best_acc:0.9575
INFO:__main__:----------------------------------------------------------------------------------------------------
INFO:__main__:
【train】epoch:85/150 loss:0.0185 acc:0.9992
INFO:__main__:
【val】epoch:85/150 loss:0.2185 acc:0.9431
INFO:__main__:
【Val】:  SENS: 0.9854  SPEC: 0.9168  PPV: 0.8806  NPV: 0.9902 F1:0.9300
INFO:__main__:验证的best_acc:0.9575
INFO:__main__:----------------------------------------------------------------------------------------------------
INFO:__main__:
【train】epoch:86/150 loss:0.0212 acc:0.9989
INFO:__main__:
【val】epoch:86/150 loss:0.2245 acc:0.9391
INFO:__main__:
【Val】:  SENS: 0.9749  SPEC: 0.9168  PPV: 0.8795  NPV: 0.9833 F1:0.9248
INFO:__main__:验证的best_acc:0.9575
INFO:__main__:----------------------------------------------------------------------------------------------------
INFO:__main__:
【train】epoch:87/150 loss:0.0183 acc:0.9995
INFO:__main__:
【val】epoch:87/150 loss:0.2397 acc:0.9359
INFO:__main__:
【Val】:  SENS: 0.9854  SPEC: 0.9051  PPV: 0.8661  NPV: 0.9900 F1:0.9219
INFO:__main__:验证的best_acc:0.9575
INFO:__main__:----------------------------------------------------------------------------------------------------
INFO:__main__:
【train】epoch:88/150 loss:0.0161 acc:0.9997
INFO:__main__:
【val】epoch:88/150 loss:0.2286 acc:0.9423
INFO:__main__:
【Val】:  SENS: 0.9791  SPEC: 0.9194  PPV: 0.8832  NPV: 0.9861 F1:0.9287
INFO:__main__:验证的best_acc:0.9575
INFO:__main__:----------------------------------------------------------------------------------------------------
INFO:__main__:
【train】epoch:89/150 loss:0.0171 acc:0.9994
INFO:__main__:
【val】epoch:89/150 loss:0.2393 acc:0.9423
INFO:__main__:
【Val】:  SENS: 0.9854  SPEC: 0.9155  PPV: 0.8790  NPV: 0.9902 F1:0.9291
INFO:__main__:验证的best_acc:0.9575
INFO:__main__:----------------------------------------------------------------------------------------------------
INFO:__main__:
【train】epoch:90/150 loss:0.0151 acc:0.9995
INFO:__main__:
【val】epoch:90/150 loss:0.2589 acc:0.9359
INFO:__main__:
【Val】:  SENS: 0.9791  SPEC: 0.9090  PPV: 0.8701  NPV: 0.9859 F1:0.9214
INFO:__main__:验证的best_acc:0.9575
INFO:__main__:----------------------------------------------------------------------------------------------------
INFO:__main__:
【train】epoch:91/150 loss:0.0145 acc:0.9998
INFO:__main__:
【val】epoch:91/150 loss:0.2412 acc:0.9383
INFO:__main__:
【Val】:  SENS: 0.9791  SPEC: 0.9129  PPV: 0.8750  NPV: 0.9860 F1:0.9241
INFO:__main__:验证的best_acc:0.9575
INFO:__main__:----------------------------------------------------------------------------------------------------
INFO:__main__:
【train】epoch:92/150 loss:0.0175 acc:0.9989
INFO:__main__:
【val】epoch:92/150 loss:0.2159 acc:0.9399
INFO:__main__:
【Val】:  SENS: 0.9854  SPEC: 0.9116  PPV: 0.8741  NPV: 0.9901 F1:0.9264
INFO:__main__:验证的best_acc:0.9575
INFO:__main__:----------------------------------------------------------------------------------------------------
INFO:__main__:
【train】epoch:93/150 loss:0.0131 acc:0.9997
INFO:__main__:
【val】epoch:93/150 loss:0.2422 acc:0.9423
INFO:__main__:
【Val】:  SENS: 0.9916  SPEC: 0.9116  PPV: 0.8748  NPV: 0.9943 F1:0.9295
INFO:__main__:验证的best_acc:0.9575
INFO:__main__:----------------------------------------------------------------------------------------------------
INFO:__main__:
【train】epoch:94/150 loss:0.0126 acc:0.9997
INFO:__main__:
【val】epoch:94/150 loss:0.2242 acc:0.9447
INFO:__main__:
【Val】:  SENS: 0.9854  SPEC: 0.9194  PPV: 0.8839  NPV: 0.9902 F1:0.9319
INFO:__main__:验证的best_acc:0.9575
INFO:__main__:----------------------------------------------------------------------------------------------------
INFO:__main__:
【train】epoch:95/150 loss:0.0148 acc:0.9997
INFO:__main__:
【val】epoch:95/150 loss:0.2535 acc:0.9343
INFO:__main__:
【Val】:  SENS: 0.9875  SPEC: 0.9012  PPV: 0.8616  NPV: 0.9914 F1:0.9202
INFO:__main__:验证的best_acc:0.9575
INFO:__main__:----------------------------------------------------------------------------------------------------
INFO:__main__:
【train】epoch:96/150 loss:0.0136 acc:0.9995
INFO:__main__:
【val】epoch:96/150 loss:0.2652 acc:0.9303
INFO:__main__:
【Val】:  SENS: 0.9791  SPEC: 0.8999  PPV: 0.8590  NPV: 0.9858 F1:0.9151
INFO:__main__:验证的best_acc:0.9575
INFO:__main__:----------------------------------------------------------------------------------------------------
INFO:__main__:
【train】epoch:97/150 loss:0.0115 acc:0.9998
INFO:__main__:
【val】epoch:97/150 loss:0.2593 acc:0.9359
INFO:__main__:
【Val】:  SENS: 0.9833  SPEC: 0.9064  PPV: 0.8674  NPV: 0.9887 F1:0.9217
INFO:__main__:验证的best_acc:0.9575
INFO:__main__:----------------------------------------------------------------------------------------------------
INFO:__main__:
【train】epoch:98/150 loss:0.0104 acc:1.0000
INFO:__main__:
【val】epoch:98/150 loss:0.2932 acc:0.9335
INFO:__main__:
【Val】:  SENS: 0.9833  SPEC: 0.9025  PPV: 0.8626  NPV: 0.9886 F1:0.9190
INFO:__main__:验证的best_acc:0.9575
INFO:__main__:----------------------------------------------------------------------------------------------------
INFO:__main__:
【train】epoch:99/150 loss:0.0146 acc:0.9994
INFO:__main__:
【val】epoch:99/150 loss:0.2847 acc:0.9335
INFO:__main__:
【Val】:  SENS: 0.9833  SPEC: 0.9025  PPV: 0.8626  NPV: 0.9886 F1:0.9190
INFO:__main__:验证的best_acc:0.9575
INFO:__main__:----------------------------------------------------------------------------------------------------
INFO:__main__:
【train】epoch:100/150 loss:0.0103 acc:0.9998
INFO:__main__:
【val】epoch:100/150 loss:0.3090 acc:0.9287
INFO:__main__:
【Val】:  SENS: 0.9854  SPEC: 0.8934  PPV: 0.8520  NPV: 0.9899 F1:0.9138
INFO:__main__:验证的best_acc:0.9575
INFO:__main__:----------------------------------------------------------------------------------------------------
INFO:__main__:
【train】epoch:101/150 loss:0.0102 acc:0.9997
INFO:__main__:
【val】epoch:101/150 loss:0.2700 acc:0.9335
INFO:__main__:
【Val】:  SENS: 0.9833  SPEC: 0.9025  PPV: 0.8626  NPV: 0.9886 F1:0.9190
INFO:__main__:验证的best_acc:0.9575
INFO:__main__:----------------------------------------------------------------------------------------------------
INFO:__main__:
【train】epoch:102/150 loss:0.0103 acc:0.9998
INFO:__main__:
【val】epoch:102/150 loss:0.2688 acc:0.9343
INFO:__main__:
【Val】:  SENS: 0.9812  SPEC: 0.9051  PPV: 0.8656  NPV: 0.9872 F1:0.9198
INFO:__main__:验证的best_acc:0.9575
INFO:__main__:----------------------------------------------------------------------------------------------------
INFO:__main__:
【train】epoch:103/150 loss:0.0116 acc:0.9992
INFO:__main__:
【val】epoch:103/150 loss:0.2818 acc:0.9303
INFO:__main__:
【Val】:  SENS: 0.9833  SPEC: 0.8973  PPV: 0.8564  NPV: 0.9885 F1:0.9155
INFO:__main__:验证的best_acc:0.9575
INFO:__main__:----------------------------------------------------------------------------------------------------
INFO:__main__:
【train】epoch:104/150 loss:0.0117 acc:0.9994
INFO:__main__:
【val】epoch:104/150 loss:0.3330 acc:0.9271
INFO:__main__:
【Val】:  SENS: 0.9854  SPEC: 0.8908  PPV: 0.8489  NPV: 0.9899 F1:0.9121
INFO:__main__:验证的best_acc:0.9575
INFO:__main__:----------------------------------------------------------------------------------------------------
INFO:__main__:
【train】epoch:105/150 loss:0.0136 acc:0.9992
INFO:__main__:
【val】epoch:105/150 loss:0.2672 acc:0.9271
INFO:__main__:
【Val】:  SENS: 0.9875  SPEC: 0.8895  PPV: 0.8477  NPV: 0.9913 F1:0.9122
INFO:__main__:验证的best_acc:0.9575
INFO:__main__:----------------------------------------------------------------------------------------------------
INFO:__main__:
【train】epoch:106/150 loss:0.0092 acc:1.0000
INFO:__main__:
【val】epoch:106/150 loss:0.3020 acc:0.9215
INFO:__main__:
【Val】:  SENS: 0.9791  SPEC: 0.8856  PPV: 0.8420  NPV: 0.9855 F1:0.9054
INFO:__main__:验证的best_acc:0.9575
INFO:__main__:----------------------------------------------------------------------------------------------------
INFO:__main__:
【train】epoch:107/150 loss:0.0110 acc:0.9995
INFO:__main__:
【val】epoch:107/150 loss:0.2503 acc:0.9319
INFO:__main__:
【Val】:  SENS: 0.9749  SPEC: 0.9051  PPV: 0.8648  NPV: 0.9831 F1:0.9166
INFO:__main__:验证的best_acc:0.9575
INFO:__main__:----------------------------------------------------------------------------------------------------
INFO:__main__:
【train】epoch:108/150 loss:0.0095 acc:0.9997
INFO:__main__:
【val】epoch:108/150 loss:0.2657 acc:0.9343
INFO:__main__:
【Val】:  SENS: 0.9875  SPEC: 0.9012  PPV: 0.8616  NPV: 0.9914 F1:0.9202
INFO:__main__:验证的best_acc:0.9575
INFO:__main__:----------------------------------------------------------------------------------------------------
INFO:__main__:
【train】epoch:109/150 loss:0.0086 acc:1.0000
INFO:__main__:
【val】epoch:109/150 loss:0.2688 acc:0.9343
INFO:__main__:
【Val】:  SENS: 0.9875  SPEC: 0.9012  PPV: 0.8616  NPV: 0.9914 F1:0.9202
INFO:__main__:验证的best_acc:0.9575
INFO:__main__:----------------------------------------------------------------------------------------------------
INFO:__main__:
【train】epoch:110/150 loss:0.0079 acc:1.0000
INFO:__main__:
【val】epoch:110/150 loss:0.2574 acc:0.9351
INFO:__main__:
【Val】:  SENS: 0.9854  SPEC: 0.9038  PPV: 0.8645  NPV: 0.9900 F1:0.9210
INFO:__main__:验证的best_acc:0.9575
INFO:__main__:----------------------------------------------------------------------------------------------------
INFO:__main__:
【train】epoch:111/150 loss:0.0074 acc:1.0000
INFO:__main__:
【val】epoch:111/150 loss:0.3003 acc:0.9247
INFO:__main__:
【Val】:  SENS: 0.9833  SPEC: 0.8882  PPV: 0.8456  NPV: 0.9884 F1:0.9093
INFO:__main__:验证的best_acc:0.9575
INFO:__main__:----------------------------------------------------------------------------------------------------
INFO:__main__:
【train】epoch:112/150 loss:0.0073 acc:0.9998
INFO:__main__:
【val】epoch:112/150 loss:0.2911 acc:0.9351
INFO:__main__:
【Val】:  SENS: 0.9896  SPEC: 0.9012  PPV: 0.8618  NPV: 0.9928 F1:0.9213
INFO:__main__:验证的best_acc:0.9575
INFO:__main__:----------------------------------------------------------------------------------------------------
INFO:__main__:
【train】epoch:113/150 loss:0.0086 acc:1.0000
INFO:__main__:
【val】epoch:113/150 loss:0.2436 acc:0.9343
INFO:__main__:
【Val】:  SENS: 0.9791  SPEC: 0.9064  PPV: 0.8669  NPV: 0.9859 F1:0.9196
INFO:__main__:验证的best_acc:0.9575
INFO:__main__:----------------------------------------------------------------------------------------------------
INFO:__main__:
【train】epoch:114/150 loss:0.0072 acc:1.0000
INFO:__main__:
【val】epoch:114/150 loss:0.2544 acc:0.9367
INFO:__main__:
【Val】:  SENS: 0.9854  SPEC: 0.9064  PPV: 0.8676  NPV: 0.9901 F1:0.9228
INFO:__main__:验证的best_acc:0.9575
INFO:__main__:----------------------------------------------------------------------------------------------------
INFO:__main__:
【train】epoch:115/150 loss:0.0081 acc:1.0000
INFO:__main__:
【val】epoch:115/150 loss:0.2809 acc:0.9327
INFO:__main__:
【Val】:  SENS: 0.9875  SPEC: 0.8986  PPV: 0.8584  NPV: 0.9914 F1:0.9184
INFO:__main__:验证的best_acc:0.9575
INFO:__main__:----------------------------------------------------------------------------------------------------
INFO:__main__:
【train】epoch:116/150 loss:0.0052 acc:1.0000
INFO:__main__:
【val】epoch:116/150 loss:0.2283 acc:0.9375
INFO:__main__:
【Val】:  SENS: 0.9812  SPEC: 0.9103  PPV: 0.8720  NPV: 0.9873 F1:0.9234
INFO:__main__:验证的best_acc:0.9575
INFO:__main__:----------------------------------------------------------------------------------------------------
INFO:__main__:
【train】epoch:117/150 loss:0.0081 acc:0.9998
INFO:__main__:
【val】epoch:117/150 loss:0.2669 acc:0.9327
INFO:__main__:
【Val】:  SENS: 0.9916  SPEC: 0.8960  PPV: 0.8559  NPV: 0.9942 F1:0.9188
INFO:__main__:验证的best_acc:0.9575
INFO:__main__:----------------------------------------------------------------------------------------------------
INFO:__main__:
【train】epoch:118/150 loss:0.0070 acc:1.0000
INFO:__main__:
【val】epoch:118/150 loss:0.2492 acc:0.9415
INFO:__main__:
【Val】:  SENS: 0.9937  SPEC: 0.9090  PPV: 0.8718  NPV: 0.9957 F1:0.9288
INFO:__main__:验证的best_acc:0.9575
INFO:__main__:----------------------------------------------------------------------------------------------------
INFO:__main__:
【train】epoch:119/150 loss:0.0073 acc:0.9995
INFO:__main__:
【val】epoch:119/150 loss:0.2077 acc:0.9471
INFO:__main__:
【Val】:  SENS: 0.9812  SPEC: 0.9259  PPV: 0.8918  NPV: 0.9875 F1:0.9344
INFO:__main__:验证的best_acc:0.9575
INFO:__main__:----------------------------------------------------------------------------------------------------
INFO:__main__:
【train】epoch:120/150 loss:0.0069 acc:0.9998
INFO:__main__:
【val】epoch:120/150 loss:0.2314 acc:0.9399
INFO:__main__:
【Val】:  SENS: 0.9854  SPEC: 0.9116  PPV: 0.8741  NPV: 0.9901 F1:0.9264
INFO:__main__:验证的best_acc:0.9575
INFO:__main__:----------------------------------------------------------------------------------------------------
INFO:__main__:
【train】epoch:121/150 loss:0.0075 acc:0.9998
INFO:__main__:
【val】epoch:121/150 loss:0.2555 acc:0.9351
INFO:__main__:
【Val】:  SENS: 0.9875  SPEC: 0.9025  PPV: 0.8631  NPV: 0.9914 F1:0.9211
INFO:__main__:验证的best_acc:0.9575
INFO:__main__:----------------------------------------------------------------------------------------------------
INFO:__main__:
【train】epoch:122/150 loss:0.0067 acc:0.9998
INFO:__main__:
【val】epoch:122/150 loss:0.2202 acc:0.9375
INFO:__main__:
【Val】:  SENS: 0.9896  SPEC: 0.9051  PPV: 0.8665  NPV: 0.9929 F1:0.9240
INFO:__main__:验证的best_acc:0.9575
INFO:__main__:----------------------------------------------------------------------------------------------------
INFO:__main__:
【train】epoch:123/150 loss:0.0069 acc:0.9998
INFO:__main__:
【val】epoch:123/150 loss:0.2562 acc:0.9351
INFO:__main__:
【Val】:  SENS: 0.9875  SPEC: 0.9025  PPV: 0.8631  NPV: 0.9914 F1:0.9211
INFO:__main__:验证的best_acc:0.9575
INFO:__main__:----------------------------------------------------------------------------------------------------
INFO:__main__:
【train】epoch:124/150 loss:0.0063 acc:0.9997
INFO:__main__:
【val】epoch:124/150 loss:0.2201 acc:0.9399
INFO:__main__:
【Val】:  SENS: 0.9812  SPEC: 0.9142  PPV: 0.8769  NPV: 0.9874 F1:0.9261
INFO:__main__:验证的best_acc:0.9575
INFO:__main__:----------------------------------------------------------------------------------------------------
INFO:__main__:
【train】epoch:125/150 loss:0.0063 acc:1.0000
INFO:__main__:
【val】epoch:125/150 loss:0.2485 acc:0.9359
INFO:__main__:
【Val】:  SENS: 0.9833  SPEC: 0.9064  PPV: 0.8674  NPV: 0.9887 F1:0.9217
INFO:__main__:验证的best_acc:0.9575
INFO:__main__:----------------------------------------------------------------------------------------------------
INFO:__main__:
【train】epoch:126/150 loss:0.0055 acc:1.0000
INFO:__main__:
【val】epoch:126/150 loss:0.2472 acc:0.9335
INFO:__main__:
【Val】:  SENS: 0.9812  SPEC: 0.9038  PPV: 0.8640  NPV: 0.9872 F1:0.9189
INFO:__main__:验证的best_acc:0.9575
INFO:__main__:----------------------------------------------------------------------------------------------------
INFO:__main__:
【train】epoch:127/150 loss:0.0060 acc:0.9998
INFO:__main__:
【val】epoch:127/150 loss:0.2534 acc:0.9367
INFO:__main__:
【Val】:  SENS: 0.9833  SPEC: 0.9077  PPV: 0.8690  NPV: 0.9887 F1:0.9226
INFO:__main__:验证的best_acc:0.9575
INFO:__main__:----------------------------------------------------------------------------------------------------
INFO:__main__:
【train】epoch:128/150 loss:0.0059 acc:0.9998
INFO:__main__:
【val】epoch:128/150 loss:0.2798 acc:0.9351
INFO:__main__:
【Val】:  SENS: 0.9896  SPEC: 0.9012  PPV: 0.8618  NPV: 0.9928 F1:0.9213
INFO:__main__:验证的best_acc:0.9575
INFO:__main__:----------------------------------------------------------------------------------------------------
INFO:__main__:
【train】epoch:129/150 loss:0.0056 acc:1.0000
INFO:__main__:
【val】epoch:129/150 loss:0.2875 acc:0.9335
INFO:__main__:
【Val】:  SENS: 0.9896  SPEC: 0.8986  PPV: 0.8587  NPV: 0.9928 F1:0.9195
INFO:__main__:验证的best_acc:0.9575
INFO:__main__:----------------------------------------------------------------------------------------------------
INFO:__main__:
【train】epoch:130/150 loss:0.0051 acc:1.0000
INFO:__main__:
【val】epoch:130/150 loss:0.2879 acc:0.9263
INFO:__main__:
【Val】:  SENS: 0.9854  SPEC: 0.8895  PPV: 0.8474  NPV: 0.9899 F1:0.9112
INFO:__main__:验证的best_acc:0.9575
INFO:__main__:----------------------------------------------------------------------------------------------------
INFO:__main__:
【train】epoch:131/150 loss:0.0050 acc:0.9998
INFO:__main__:
【val】epoch:131/150 loss:0.3024 acc:0.9255
INFO:__main__:
【Val】:  SENS: 0.9854  SPEC: 0.8882  PPV: 0.8459  NPV: 0.9899 F1:0.9103
INFO:__main__:验证的best_acc:0.9575
INFO:__main__:----------------------------------------------------------------------------------------------------
INFO:__main__:
【train】epoch:132/150 loss:0.0041 acc:1.0000
INFO:__main__:
【val】epoch:132/150 loss:0.2685 acc:0.9319
INFO:__main__:
【Val】:  SENS: 0.9833  SPEC: 0.8999  PPV: 0.8595  NPV: 0.9886 F1:0.9172
INFO:__main__:验证的best_acc:0.9575
INFO:__main__:----------------------------------------------------------------------------------------------------
INFO:__main__:
【train】epoch:133/150 loss:0.0055 acc:0.9998
INFO:__main__:
【val】epoch:133/150 loss:0.2901 acc:0.9287
INFO:__main__:
【Val】:  SENS: 0.9854  SPEC: 0.8934  PPV: 0.8520  NPV: 0.9899 F1:0.9138
INFO:__main__:验证的best_acc:0.9575
INFO:__main__:----------------------------------------------------------------------------------------------------
INFO:__main__:
【train】epoch:134/150 loss:0.0053 acc:1.0000
INFO:__main__:
【val】epoch:134/150 loss:0.3156 acc:0.9247
INFO:__main__:
【Val】:  SENS: 0.9875  SPEC: 0.8856  PPV: 0.8431  NPV: 0.9913 F1:0.9096
INFO:__main__:验证的best_acc:0.9575
INFO:__main__:----------------------------------------------------------------------------------------------------
INFO:__main__:
【train】epoch:135/150 loss:0.0048 acc:1.0000
INFO:__main__:
【val】epoch:135/150 loss:0.2196 acc:0.9431
INFO:__main__:
【Val】:  SENS: 0.9812  SPEC: 0.9194  PPV: 0.8835  NPV: 0.9874 F1:0.9298
INFO:__main__:验证的best_acc:0.9575
INFO:__main__:----------------------------------------------------------------------------------------------------
INFO:__main__:
【train】epoch:136/150 loss:0.0052 acc:0.9998
INFO:__main__:
【val】epoch:136/150 loss:0.2843 acc:0.9287
INFO:__main__:
【Val】:  SENS: 0.9875  SPEC: 0.8921  PPV: 0.8507  NPV: 0.9913 F1:0.9140
INFO:__main__:验证的best_acc:0.9575
INFO:__main__:----------------------------------------------------------------------------------------------------
INFO:__main__:
【train】epoch:137/150 loss:0.0054 acc:0.9998
INFO:__main__:
【val】epoch:137/150 loss:0.2366 acc:0.9375
INFO:__main__:
【Val】:  SENS: 0.9812  SPEC: 0.9103  PPV: 0.8720  NPV: 0.9873 F1:0.9234
INFO:__main__:验证的best_acc:0.9575
INFO:__main__:----------------------------------------------------------------------------------------------------
INFO:__main__:
【train】epoch:138/150 loss:0.0056 acc:0.9998
INFO:__main__:
【val】epoch:138/150 loss:0.2849 acc:0.9295
INFO:__main__:
【Val】:  SENS: 0.9854  SPEC: 0.8947  PPV: 0.8535  NPV: 0.9899 F1:0.9147
INFO:__main__:验证的best_acc:0.9575
INFO:__main__:----------------------------------------------------------------------------------------------------
INFO:__main__:
【train】epoch:139/150 loss:0.0047 acc:1.0000
INFO:__main__:
【val】epoch:139/150 loss:0.2580 acc:0.9319
INFO:__main__:
【Val】:  SENS: 0.9812  SPEC: 0.9012  PPV: 0.8608  NPV: 0.9872 F1:0.9171
INFO:__main__:验证的best_acc:0.9575
INFO:__main__:----------------------------------------------------------------------------------------------------
INFO:__main__:
【train】epoch:140/150 loss:0.0044 acc:1.0000
INFO:__main__:
【val】epoch:140/150 loss:0.2586 acc:0.9359
INFO:__main__:
【Val】:  SENS: 0.9833  SPEC: 0.9064  PPV: 0.8674  NPV: 0.9887 F1:0.9217
INFO:__main__:验证的best_acc:0.9575
INFO:__main__:----------------------------------------------------------------------------------------------------
INFO:__main__:
【train】epoch:141/150 loss:0.0037 acc:1.0000
INFO:__main__:
【val】epoch:141/150 loss:0.2908 acc:0.9295
INFO:__main__:
【Val】:  SENS: 0.9854  SPEC: 0.8947  PPV: 0.8535  NPV: 0.9899 F1:0.9147
INFO:__main__:验证的best_acc:0.9575
INFO:__main__:----------------------------------------------------------------------------------------------------
INFO:__main__:
【train】epoch:142/150 loss:0.0044 acc:1.0000
INFO:__main__:
【val】epoch:142/150 loss:0.2769 acc:0.9319
INFO:__main__:
【Val】:  SENS: 0.9833  SPEC: 0.8999  PPV: 0.8595  NPV: 0.9886 F1:0.9172
INFO:__main__:验证的best_acc:0.9575
INFO:__main__:----------------------------------------------------------------------------------------------------
INFO:__main__:
【train】epoch:143/150 loss:0.0051 acc:0.9997
INFO:__main__:
【val】epoch:143/150 loss:0.2896 acc:0.9239
INFO:__main__:
【Val】:  SENS: 0.9854  SPEC: 0.8856  PPV: 0.8429  NPV: 0.9898 F1:0.9086
INFO:__main__:验证的best_acc:0.9575
INFO:__main__:----------------------------------------------------------------------------------------------------
INFO:__main__:
【train】epoch:144/150 loss:0.0040 acc:1.0000
INFO:__main__:
【val】epoch:144/150 loss:0.2596 acc:0.9383
INFO:__main__:
【Val】:  SENS: 0.9875  SPEC: 0.9077  PPV: 0.8695  NPV: 0.9915 F1:0.9247
INFO:__main__:验证的best_acc:0.9575
INFO:__main__:----------------------------------------------------------------------------------------------------
INFO:__main__:
【train】epoch:145/150 loss:0.0051 acc:0.9998
INFO:__main__:
【val】epoch:145/150 loss:0.2911 acc:0.9271
INFO:__main__:
【Val】:  SENS: 0.9854  SPEC: 0.8908  PPV: 0.8489  NPV: 0.9899 F1:0.9121
INFO:__main__:验证的best_acc:0.9575
INFO:__main__:----------------------------------------------------------------------------------------------------
INFO:__main__:
【train】epoch:146/150 loss:0.0036 acc:1.0000
INFO:__main__:
【val】epoch:146/150 loss:0.2519 acc:0.9367
INFO:__main__:
【Val】:  SENS: 0.9833  SPEC: 0.9077  PPV: 0.8690  NPV: 0.9887 F1:0.9226
INFO:__main__:验证的best_acc:0.9575
INFO:__main__:----------------------------------------------------------------------------------------------------
INFO:__main__:
【train】epoch:147/150 loss:0.0040 acc:0.9998
INFO:__main__:
【val】epoch:147/150 loss:0.2630 acc:0.9303
INFO:__main__:
【Val】:  SENS: 0.9854  SPEC: 0.8960  PPV: 0.8551  NPV: 0.9899 F1:0.9156
INFO:__main__:验证的best_acc:0.9575
INFO:__main__:----------------------------------------------------------------------------------------------------
INFO:__main__:
【train】epoch:148/150 loss:0.0038 acc:1.0000
INFO:__main__:
【val】epoch:148/150 loss:0.2737 acc:0.9279
INFO:__main__:
【Val】:  SENS: 0.9833  SPEC: 0.8934  PPV: 0.8517  NPV: 0.9885 F1:0.9128
INFO:__main__:验证的best_acc:0.9575
INFO:__main__:----------------------------------------------------------------------------------------------------
INFO:__main__:
【train】epoch:149/150 loss:0.0042 acc:0.9998
INFO:__main__:
【val】epoch:149/150 loss:0.2498 acc:0.9351
INFO:__main__:
【Val】:  SENS: 0.9791  SPEC: 0.9077  PPV: 0.8685  NPV: 0.9859 F1:0.9205
INFO:__main__:验证的best_acc:0.9575
INFO:__main__:----------------------------------------------------------------------------------------------------
INFO:__main__:****************************************************************************************************
INFO:__main__:Val_LOSS:['0.4405', '0.3141', '0.2624', '0.2609', '0.4268', '0.2870', '0.2260', '0.3249', '0.1861', '0.1776', '0.2142', '0.1638', '0.3630', '0.1898', '0.1924', '0.1624', '0.1694', '0.1968', '0.1987', '0.1541', '0.1534', '0.2476', '0.1735', '0.1761', '0.2361', '0.2142', '0.1495', '0.1954', '0.1426', '0.1645', '0.1679', '0.1805', '0.1860', '0.1405', '0.1266', '0.1400', '0.1936', '0.2164', '0.2099', '0.1582', '0.1458', '0.1532', '0.1413', '0.1372', '0.1498', '0.1560', '0.1704', '0.1372', '0.1586', '0.1555', '0.2047', '0.2241', '0.1567', '0.2167', '0.1772', '0.2414', '0.1858', '0.1722', '0.1295', '0.1642', '0.1532', '0.1874', '0.2092', '0.1980', '0.1844', '0.2618', '0.1974', '0.2084', '0.2282', '0.2186', '0.2049', '0.2310', '0.2767', '0.2010', '0.2482', '0.2310', '0.2494', '0.2378', '0.2305', '0.2514', '0.3185', '0.2447', '0.1875', '0.1843', '0.1700', '0.2185', '0.2245', '0.2397', '0.2286', '0.2393', '0.2589', '0.2412', '0.2159', '0.2422', '0.2242', '0.2535', '0.2652', '0.2593', '0.2932', '0.2847', '0.3090', '0.2700', '0.2688', '0.2818', '0.3330', '0.2672', '0.3020', '0.2503', '0.2657', '0.2688', '0.2574', '0.3003', '0.2911', '0.2436', '0.2544', '0.2809', '0.2283', '0.2669', '0.2492', '0.2077', '0.2314', '0.2555', '0.2202', '0.2562', '0.2201', '0.2485', '0.2472', '0.2534', '0.2798', '0.2875', '0.2879', '0.3024', '0.2685', '0.2901', '0.3156', '0.2196', '0.2843', '0.2366', '0.2849', '0.2580', '0.2586', '0.2908', '0.2769', '0.2896', '0.2596', '0.2911', '0.2519', '0.2630', '0.2737', '0.2498']
INFO:__main__:Val_ACC:['0.7788', '0.8550', '0.8902', '0.8918', '0.8301', '0.8918', '0.9062', '0.8726', '0.9279', '0.9343', '0.9143', '0.9327', '0.8582', '0.9279', '0.9327', '0.9335', '0.9399', '0.9191', '0.9263', '0.9415', '0.9407', '0.9159', '0.9399', '0.9303', '0.9383', '0.9311', '0.9407', '0.9415', '0.9415', '0.9415', '0.9495', '0.9319', '0.9431', '0.9407', '0.9495', '0.9455', '0.9431', '0.9335', '0.9239', '0.9487', '0.9375', '0.9463', '0.9447', '0.9511', '0.9535', '0.9511', '0.9471', '0.9543', '0.9463', '0.9519', '0.9447', '0.9447', '0.9575', '0.9479', '0.9495', '0.9375', '0.9447', '0.9455', '0.9535', '0.9519', '0.9543', '0.9511', '0.9455', '0.9455', '0.9471', '0.9327', '0.9479', '0.9463', '0.9479', '0.9423', '0.9375', '0.9423', '0.9335', '0.9503', '0.9335', '0.9423', '0.9311', '0.9399', '0.9399', '0.9359', '0.9247', '0.9335', '0.9479', '0.9479', '0.9511', '0.9431', '0.9391', '0.9359', '0.9423', '0.9423', '0.9359', '0.9383', '0.9399', '0.9423', '0.9447', '0.9343', '0.9303', '0.9359', '0.9335', '0.9335', '0.9287', '0.9335', '0.9343', '0.9303', '0.9271', '0.9271', '0.9215', '0.9319', '0.9343', '0.9343', '0.9351', '0.9247', '0.9351', '0.9343', '0.9367', '0.9327', '0.9375', '0.9327', '0.9415', '0.9471', '0.9399', '0.9351', '0.9375', '0.9351', '0.9399', '0.9359', '0.9335', '0.9367', '0.9351', '0.9335', '0.9263', '0.9255', '0.9319', '0.9287', '0.9247', '0.9431', '0.9287', '0.9375', '0.9295', '0.9319', '0.9359', '0.9295', '0.9319', '0.9239', '0.9383', '0.9271', '0.9367', '0.9303', '0.9279', '0.9351']
INFO:__main__:****************************************************************************************************
INFO:__main__:best_acc:0.9575  对应epoch:52  
 对应sens0.9729  spec0.9480  ppv0.9209  npv0.9825  F10.9462
