INFO:__main__:
【train】epoch:0/150 loss:0.5671 acc:0.7139
INFO:__main__:
【val】epoch:0/150 loss:0.4346 acc:0.7965
INFO:__main__:
【Val】:  SENS: 0.7941  SPEC: 0.7979  PPV: 0.7079  NPV: 0.8627 F1:0.7485
INFO:__main__:验证的best_acc:0.7965
INFO:__main__:----------------------------------------------------------------------------------------------------
INFO:__main__:
【train】epoch:1/150 loss:0.4963 acc:0.7605
INFO:__main__:
【train】epoch:0/150 loss:0.5671 acc:0.7139
INFO:__main__:
【val】epoch:0/150 loss:0.4346 acc:0.7965
INFO:__main__:
【Val】:  SENS: 0.7941  SPEC: 0.7979  PPV: 0.7079  NPV: 0.8627 F1:0.7485
INFO:__main__:验证的best_acc:0.7965
INFO:__main__:----------------------------------------------------------------------------------------------------
INFO:__main__:
【train】epoch:1/150 loss:0.4963 acc:0.7605
INFO:__main__:
【val】epoch:1/150 loss:0.6378 acc:0.6795
INFO:__main__:
【Val】:  SENS: 0.9748  SPEC: 0.4974  PPV: 0.5446  NPV: 0.9697 F1:0.6988
INFO:__main__:验证的best_acc:0.7965
INFO:__main__:----------------------------------------------------------------------------------------------------
INFO:__main__:
【train】epoch:2/150 loss:0.4361 acc:0.8045
INFO:__main__:
【val】epoch:2/150 loss:0.4152 acc:0.8157
INFO:__main__:
【Val】:  SENS: 0.8845  SPEC: 0.7733  PPV: 0.7064  NPV: 0.9156 F1:0.7854
INFO:__main__:验证的best_acc:0.8157
INFO:__main__:----------------------------------------------------------------------------------------------------
INFO:__main__:
【train】epoch:3/150 loss:0.3861 acc:0.8304
INFO:__main__:
【val】epoch:3/150 loss:0.5411 acc:0.7516
INFO:__main__:
【Val】:  SENS: 0.9664  SPEC: 0.6192  PPV: 0.6101  NPV: 0.9676 F1:0.7480
INFO:__main__:验证的best_acc:0.8157
INFO:__main__:----------------------------------------------------------------------------------------------------
INFO:__main__:
【train】epoch:4/150 loss:0.3538 acc:0.8487
INFO:__main__:
【val】epoch:4/150 loss:0.4667 acc:0.8005
INFO:__main__:
【Val】:  SENS: 0.9412  SPEC: 0.7137  PPV: 0.6697  NPV: 0.9516 F1:0.7825
INFO:__main__:验证的best_acc:0.8157
INFO:__main__:----------------------------------------------------------------------------------------------------
INFO:__main__:
【train】epoch:5/150 loss:0.3129 acc:0.8707
INFO:__main__:
【val】epoch:5/150 loss:0.2862 acc:0.8798
INFO:__main__:
【Val】:  SENS: 0.8887  SPEC: 0.8744  PPV: 0.8135  NPV: 0.9272 F1:0.8494
INFO:__main__:验证的best_acc:0.8798
INFO:__main__:----------------------------------------------------------------------------------------------------
INFO:__main__:
【train】epoch:6/150 loss:0.2968 acc:0.8797
INFO:__main__:
【val】epoch:6/150 loss:0.3334 acc:0.8702
INFO:__main__:
【Val】:  SENS: 0.9454  SPEC: 0.8238  PPV: 0.7679  NPV: 0.9607 F1:0.8475
INFO:__main__:验证的best_acc:0.8798
INFO:__main__:----------------------------------------------------------------------------------------------------
INFO:__main__:
【train】epoch:7/150 loss:0.2697 acc:0.8924
INFO:__main__:
【val】epoch:7/150 loss:0.3538 acc:0.8293
INFO:__main__:
【Val】:  SENS: 0.6029  SPEC: 0.9689  PPV: 0.9228  NPV: 0.7983 F1:0.7294
INFO:__main__:验证的best_acc:0.8798
INFO:__main__:----------------------------------------------------------------------------------------------------
INFO:__main__:
【train】epoch:8/150 loss:0.2704 acc:0.8904
INFO:__main__:
【val】epoch:8/150 loss:0.2345 acc:0.8982
INFO:__main__:
【Val】:  SENS: 0.8088  SPEC: 0.9534  PPV: 0.9145  NPV: 0.8900 F1:0.8584
INFO:__main__:验证的best_acc:0.8982
INFO:__main__:----------------------------------------------------------------------------------------------------
INFO:__main__:
【train】epoch:9/150 loss:0.2306 acc:0.9082
INFO:__main__:
【val】epoch:9/150 loss:0.2564 acc:0.8918
INFO:__main__:
【Val】:  SENS: 0.8697  SPEC: 0.9054  PPV: 0.8501  NPV: 0.9185 F1:0.8598
INFO:__main__:验证的best_acc:0.8982
INFO:__main__:----------------------------------------------------------------------------------------------------
INFO:__main__:
【train】epoch:10/150 loss:0.2259 acc:0.9127
INFO:__main__:
【val】epoch:10/150 loss:0.1950 acc:0.9167
INFO:__main__:
【Val】:  SENS: 0.8571  SPEC: 0.9534  PPV: 0.9189  NPV: 0.9154 F1:0.8870
INFO:__main__:验证的best_acc:0.9167
INFO:__main__:----------------------------------------------------------------------------------------------------
INFO:__main__:
【train】epoch:11/150 loss:0.2118 acc:0.9175
INFO:__main__:
【val】epoch:11/150 loss:0.2111 acc:0.9119
INFO:__main__:
【Val】:  SENS: 0.8571  SPEC: 0.9456  PPV: 0.9067  NPV: 0.9148 F1:0.8812
INFO:__main__:验证的best_acc:0.9167
INFO:__main__:----------------------------------------------------------------------------------------------------
INFO:__main__:
【train】epoch:12/150 loss:0.2095 acc:0.9165
INFO:__main__:
【val】epoch:12/150 loss:0.2201 acc:0.9151
INFO:__main__:
【Val】:  SENS: 0.9076  SPEC: 0.9197  PPV: 0.8745  NPV: 0.9416 F1:0.8907
INFO:__main__:验证的best_acc:0.9167
INFO:__main__:----------------------------------------------------------------------------------------------------
INFO:__main__:
【train】epoch:13/150 loss:0.2008 acc:0.9236
INFO:__main__:
【val】epoch:13/150 loss:0.2311 acc:0.9127
INFO:__main__:
【Val】:  SENS: 0.8676  SPEC: 0.9404  PPV: 0.8998  NPV: 0.9202 F1:0.8834
INFO:__main__:验证的best_acc:0.9167
INFO:__main__:----------------------------------------------------------------------------------------------------
INFO:__main__:
【train】epoch:14/150 loss:0.1842 acc:0.9285
INFO:__main__:
【val】epoch:14/150 loss:0.2738 acc:0.8862
INFO:__main__:
【Val】:  SENS: 0.7500  SPEC: 0.9702  PPV: 0.9395  NPV: 0.8629 F1:0.8341
INFO:__main__:验证的best_acc:0.9167
INFO:__main__:----------------------------------------------------------------------------------------------------
INFO:__main__:
【train】epoch:15/150 loss:0.1730 acc:0.9338
INFO:__main__:
【val】epoch:15/150 loss:0.2750 acc:0.8886
INFO:__main__:
【Val】:  SENS: 0.9286  SPEC: 0.8640  PPV: 0.8080  NPV: 0.9515 F1:0.8641
INFO:__main__:验证的best_acc:0.9167
INFO:__main__:----------------------------------------------------------------------------------------------------
INFO:__main__:
【train】epoch:16/150 loss:0.1760 acc:0.9323
INFO:__main__:
【val】epoch:16/150 loss:0.2363 acc:0.9119
INFO:__main__:
【Val】:  SENS: 0.8382  SPEC: 0.9573  PPV: 0.9236  NPV: 0.9056 F1:0.8789
INFO:__main__:验证的best_acc:0.9167
INFO:__main__:----------------------------------------------------------------------------------------------------
INFO:__main__:
【train】epoch:17/150 loss:0.1600 acc:0.9370
INFO:__main__:
【val】epoch:17/150 loss:0.2592 acc:0.9014
INFO:__main__:
【Val】:  SENS: 0.8046  SPEC: 0.9611  PPV: 0.9274  NPV: 0.8886 F1:0.8616
INFO:__main__:验证的best_acc:0.9167
INFO:__main__:----------------------------------------------------------------------------------------------------
INFO:__main__:
【train】epoch:18/150 loss:0.1612 acc:0.9342
INFO:__main__:
【val】epoch:18/150 loss:0.2553 acc:0.8998
INFO:__main__:
【Val】:  SENS: 0.8193  SPEC: 0.9495  PPV: 0.9091  NPV: 0.8950 F1:0.8619
INFO:__main__:验证的best_acc:0.9167
INFO:__main__:----------------------------------------------------------------------------------------------------
INFO:__main__:
【train】epoch:19/150 loss:0.1491 acc:0.9417
INFO:__main__:
【val】epoch:19/150 loss:0.2877 acc:0.9103
INFO:__main__:
【Val】:  SENS: 0.9181  SPEC: 0.9054  PPV: 0.8569  NPV: 0.9472 F1:0.8864
INFO:__main__:验证的best_acc:0.9167
INFO:__main__:----------------------------------------------------------------------------------------------------
INFO:__main__:
【train】epoch:20/150 loss:0.1320 acc:0.9494
INFO:__main__:
【val】epoch:20/150 loss:0.3148 acc:0.8902
INFO:__main__:
【Val】:  SENS: 0.9664  SPEC: 0.8433  PPV: 0.7917  NPV: 0.9760 F1:0.8704
INFO:__main__:验证的best_acc:0.9167
INFO:__main__:----------------------------------------------------------------------------------------------------
INFO:__main__:
【train】epoch:21/150 loss:0.1262 acc:0.9522
INFO:__main__:
【val】epoch:21/150 loss:0.2628 acc:0.9127
INFO:__main__:
【Val】:  SENS: 0.8718  SPEC: 0.9378  PPV: 0.8963  NPV: 0.9223 F1:0.8839
INFO:__main__:验证的best_acc:0.9167
INFO:__main__:----------------------------------------------------------------------------------------------------
INFO:__main__:
【train】epoch:22/150 loss:0.1128 acc:0.9579
INFO:__main__:
【val】epoch:22/150 loss:0.2365 acc:0.9151
INFO:__main__:
【Val】:  SENS: 0.9391  SPEC: 0.9003  PPV: 0.8531  NPV: 0.9599 F1:0.8940
INFO:__main__:验证的best_acc:0.9167
INFO:__main__:----------------------------------------------------------------------------------------------------
INFO:__main__:
【train】epoch:23/150 loss:0.1186 acc:0.9583
INFO:__main__:
【val】epoch:23/150 loss:0.2477 acc:0.9135
INFO:__main__:
【Val】:  SENS: 0.9391  SPEC: 0.8977  PPV: 0.8498  NPV: 0.9598 F1:0.8922
INFO:__main__:验证的best_acc:0.9167
INFO:__main__:----------------------------------------------------------------------------------------------------
INFO:__main__:
【train】epoch:24/150 loss:0.1188 acc:0.9516
INFO:__main__:
【val】epoch:24/150 loss:0.2549 acc:0.9127
INFO:__main__:
【Val】:  SENS: 0.9517  SPEC: 0.8886  PPV: 0.8404  NPV: 0.9676 F1:0.8926
INFO:__main__:验证的best_acc:0.9167
INFO:__main__:----------------------------------------------------------------------------------------------------
INFO:__main__:
【train】epoch:25/150 loss:0.1112 acc:0.9558
INFO:__main__:
【val】epoch:25/150 loss:0.3105 acc:0.9095
INFO:__main__:
【Val】:  SENS: 0.8761  SPEC: 0.9301  PPV: 0.8854  NPV: 0.9241 F1:0.8807
INFO:__main__:验证的best_acc:0.9167
INFO:__main__:----------------------------------------------------------------------------------------------------
INFO:__main__:
【train】epoch:26/150 loss:0.1026 acc:0.9587
INFO:__main__:
【val】epoch:26/150 loss:0.3191 acc:0.9087
INFO:__main__:
【Val】:  SENS: 0.9664  SPEC: 0.8731  PPV: 0.8244  NPV: 0.9768 F1:0.8897
INFO:__main__:验证的best_acc:0.9167
INFO:__main__:----------------------------------------------------------------------------------------------------
INFO:__main__:
【train】epoch:27/150 loss:0.1061 acc:0.9617
INFO:__main__:
【val】epoch:27/150 loss:0.2448 acc:0.9239
INFO:__main__:
【Val】:  SENS: 0.9391  SPEC: 0.9145  PPV: 0.8713  NPV: 0.9605 F1:0.9039
INFO:__main__:验证的best_acc:0.9239
INFO:__main__:----------------------------------------------------------------------------------------------------
INFO:__main__:
【train】epoch:28/150 loss:0.0982 acc:0.9635
INFO:__main__:
【val】epoch:28/150 loss:0.1837 acc:0.9367
INFO:__main__:
【Val】:  SENS: 0.9517  SPEC: 0.9275  PPV: 0.8900  NPV: 0.9689 F1:0.9198
INFO:__main__:验证的best_acc:0.9367
INFO:__main__:----------------------------------------------------------------------------------------------------
INFO:__main__:
【train】epoch:29/150 loss:0.0866 acc:0.9635
INFO:__main__:
【val】epoch:29/150 loss:0.2536 acc:0.9303
INFO:__main__:
【Val】:  SENS: 0.9496  SPEC: 0.9184  PPV: 0.8777  NPV: 0.9673 F1:0.9122
INFO:__main__:验证的best_acc:0.9367
INFO:__main__:----------------------------------------------------------------------------------------------------
INFO:__main__:
【train】epoch:30/150 loss:0.0854 acc:0.9692
INFO:__main__:
【val】epoch:30/150 loss:0.2860 acc:0.9103
INFO:__main__:
【Val】:  SENS: 0.9664  SPEC: 0.8756  PPV: 0.8273  NPV: 0.9769 F1:0.8915
INFO:__main__:验证的best_acc:0.9367
INFO:__main__:----------------------------------------------------------------------------------------------------
INFO:__main__:
【train】epoch:31/150 loss:0.0752 acc:0.9712
INFO:__main__:
【val】epoch:31/150 loss:0.2082 acc:0.9303
INFO:__main__:
【Val】:  SENS: 0.9307  SPEC: 0.9301  PPV: 0.8913  NPV: 0.9561 F1:0.9106
INFO:__main__:验证的best_acc:0.9367
INFO:__main__:----------------------------------------------------------------------------------------------------
INFO:__main__:
【train】epoch:32/150 loss:0.0794 acc:0.9700
INFO:__main__:
【val】epoch:32/150 loss:0.2111 acc:0.9295
INFO:__main__:
【Val】:  SENS: 0.9223  SPEC: 0.9339  PPV: 0.8959  NPV: 0.9512 F1:0.9089
INFO:__main__:验证的best_acc:0.9367
INFO:__main__:----------------------------------------------------------------------------------------------------
INFO:__main__:
【train】epoch:33/150 loss:0.0810 acc:0.9674
INFO:__main__:
【val】epoch:33/150 loss:0.2358 acc:0.9303
INFO:__main__:
【Val】:  SENS: 0.8887  SPEC: 0.9560  PPV: 0.9256  NPV: 0.9330 F1:0.9068
INFO:__main__:验证的best_acc:0.9367
INFO:__main__:----------------------------------------------------------------------------------------------------
INFO:__main__:
【train】epoch:34/150 loss:0.0753 acc:0.9727
INFO:__main__:
【val】epoch:34/150 loss:0.2154 acc:0.9327
INFO:__main__:
【Val】:  SENS: 0.9097  SPEC: 0.9469  PPV: 0.9135  NPV: 0.9444 F1:0.9116
INFO:__main__:验证的best_acc:0.9367
INFO:__main__:----------------------------------------------------------------------------------------------------
INFO:__main__:
【train】epoch:35/150 loss:0.0668 acc:0.9743
INFO:__main__:
【val】epoch:35/150 loss:0.2065 acc:0.9367
INFO:__main__:
【Val】:  SENS: 0.8950  SPEC: 0.9624  PPV: 0.9363  NPV: 0.9369 F1:0.9151
INFO:__main__:验证的best_acc:0.9367
INFO:__main__:----------------------------------------------------------------------------------------------------
INFO:__main__:
【train】epoch:36/150 loss:0.0699 acc:0.9724
INFO:__main__:
【val】epoch:36/150 loss:0.2341 acc:0.9359
INFO:__main__:
【Val】:  SENS: 0.9160  SPEC: 0.9482  PPV: 0.9160  NPV: 0.9482 F1:0.9160
INFO:__main__:验证的best_acc:0.9367
INFO:__main__:----------------------------------------------------------------------------------------------------
INFO:__main__:
【train】epoch:37/150 loss:0.0721 acc:0.9706
INFO:__main__:
【val】epoch:37/150 loss:0.2368 acc:0.9311
INFO:__main__:
【Val】:  SENS: 0.8950  SPEC: 0.9534  PPV: 0.9221  NPV: 0.9364 F1:0.9083
INFO:__main__:验证的best_acc:0.9367
INFO:__main__:----------------------------------------------------------------------------------------------------
INFO:__main__:
【train】epoch:38/150 loss:0.0677 acc:0.9769
INFO:__main__:
【val】epoch:38/150 loss:0.2619 acc:0.9343
INFO:__main__:
【Val】:  SENS: 0.9517  SPEC: 0.9236  PPV: 0.8848  NPV: 0.9688 F1:0.9170
INFO:__main__:验证的best_acc:0.9367
INFO:__main__:----------------------------------------------------------------------------------------------------
INFO:__main__:
【train】epoch:39/150 loss:0.0603 acc:0.9763
INFO:__main__:
【val】epoch:39/150 loss:0.2347 acc:0.9311
INFO:__main__:
【Val】:  SENS: 0.9370  SPEC: 0.9275  PPV: 0.8884  NPV: 0.9598 F1:0.9121
INFO:__main__:验证的best_acc:0.9367
INFO:__main__:----------------------------------------------------------------------------------------------------
INFO:__main__:
【train】epoch:40/150 loss:0.0522 acc:0.9806
INFO:__main__:
【val】epoch:40/150 loss:0.2224 acc:0.9375
INFO:__main__:
【Val】:  SENS: 0.9433  SPEC: 0.9339  PPV: 0.8980  NPV: 0.9639 F1:0.9201
INFO:__main__:验证的best_acc:0.9375
INFO:__main__:----------------------------------------------------------------------------------------------------
INFO:__main__:
【train】epoch:41/150 loss:0.0510 acc:0.9810
INFO:__main__:
【val】epoch:41/150 loss:0.2711 acc:0.9191
INFO:__main__:
【Val】:  SENS: 0.9475  SPEC: 0.9016  PPV: 0.8558  NPV: 0.9653 F1:0.8993
INFO:__main__:验证的best_acc:0.9375
INFO:__main__:----------------------------------------------------------------------------------------------------
INFO:__main__:
【train】epoch:42/150 loss:0.0549 acc:0.9781
INFO:__main__:
【val】epoch:42/150 loss:0.2201 acc:0.9367
INFO:__main__:
【Val】:  SENS: 0.9223  SPEC: 0.9456  PPV: 0.9127  NPV: 0.9518 F1:0.9175
INFO:__main__:验证的best_acc:0.9375
INFO:__main__:----------------------------------------------------------------------------------------------------
INFO:__main__:
【train】epoch:43/150 loss:0.0428 acc:0.9848
INFO:__main__:
【val】epoch:43/150 loss:0.2283 acc:0.9327
INFO:__main__:
【Val】:  SENS: 0.9475  SPEC: 0.9236  PPV: 0.8843  NPV: 0.9661 F1:0.9148
INFO:__main__:验证的best_acc:0.9375
INFO:__main__:----------------------------------------------------------------------------------------------------
INFO:__main__:
【train】epoch:44/150 loss:0.0511 acc:0.9805
INFO:__main__:
【val】epoch:44/150 loss:0.2349 acc:0.9247
INFO:__main__:
【Val】:  SENS: 0.9349  SPEC: 0.9184  PPV: 0.8760  NPV: 0.9581 F1:0.9045
INFO:__main__:验证的best_acc:0.9375
INFO:__main__:----------------------------------------------------------------------------------------------------
INFO:__main__:
【train】epoch:45/150 loss:0.0482 acc:0.9832
INFO:__main__:
【val】epoch:45/150 loss:0.2890 acc:0.9143
INFO:__main__:
【Val】:  SENS: 0.9685  SPEC: 0.8808  PPV: 0.8336  NPV: 0.9784 F1:0.8960
INFO:__main__:验证的best_acc:0.9375
INFO:__main__:----------------------------------------------------------------------------------------------------
INFO:__main__:
【train】epoch:46/150 loss:0.0539 acc:0.9808
INFO:__main__:
【val】epoch:46/150 loss:0.2320 acc:0.9231
INFO:__main__:
【Val】:  SENS: 0.9391  SPEC: 0.9132  PPV: 0.8696  NPV: 0.9605 F1:0.9030
INFO:__main__:验证的best_acc:0.9375
INFO:__main__:----------------------------------------------------------------------------------------------------
INFO:__main__:
【train】epoch:47/150 loss:0.0398 acc:0.9846
INFO:__main__:
【val】epoch:47/150 loss:0.2294 acc:0.9191
INFO:__main__:
【Val】:  SENS: 0.9580  SPEC: 0.8951  PPV: 0.8492  NPV: 0.9719 F1:0.9003
INFO:__main__:验证的best_acc:0.9375
INFO:__main__:----------------------------------------------------------------------------------------------------
INFO:__main__:
【train】epoch:48/150 loss:0.0463 acc:0.9814
INFO:__main__:
【val】epoch:48/150 loss:0.1960 acc:0.9367
INFO:__main__:
【Val】:  SENS: 0.9307  SPEC: 0.9404  PPV: 0.9059  NPV: 0.9565 F1:0.9181
INFO:__main__:验证的best_acc:0.9375
INFO:__main__:----------------------------------------------------------------------------------------------------
INFO:__main__:
【train】epoch:49/150 loss:0.0377 acc:0.9854
INFO:__main__:
【val】epoch:49/150 loss:0.2009 acc:0.9287
INFO:__main__:
【Val】:  SENS: 0.9307  SPEC: 0.9275  PPV: 0.8878  NPV: 0.9559 F1:0.9087
INFO:__main__:验证的best_acc:0.9375
INFO:__main__:----------------------------------------------------------------------------------------------------
INFO:__main__:
【train】epoch:50/150 loss:0.0330 acc:0.9885
INFO:__main__:
【val】epoch:50/150 loss:0.2315 acc:0.9367
INFO:__main__:
【Val】:  SENS: 0.9517  SPEC: 0.9275  PPV: 0.8900  NPV: 0.9689 F1:0.9198
INFO:__main__:验证的best_acc:0.9375
INFO:__main__:----------------------------------------------------------------------------------------------------
INFO:__main__:
【train】epoch:51/150 loss:0.0304 acc:0.9891
INFO:__main__:
【val】epoch:51/150 loss:0.2387 acc:0.9311
INFO:__main__:
【Val】:  SENS: 0.9076  SPEC: 0.9456  PPV: 0.9114  NPV: 0.9432 F1:0.9095
INFO:__main__:验证的best_acc:0.9375
INFO:__main__:----------------------------------------------------------------------------------------------------
INFO:__main__:
【train】epoch:52/150 loss:0.0382 acc:0.9856
INFO:__main__:
【val】epoch:52/150 loss:0.2035 acc:0.9335
INFO:__main__:
【Val】:  SENS: 0.9328  SPEC: 0.9339  PPV: 0.8970  NPV: 0.9575 F1:0.9145
INFO:__main__:验证的best_acc:0.9375
INFO:__main__:----------------------------------------------------------------------------------------------------
INFO:__main__:
【train】epoch:53/150 loss:0.0353 acc:0.9868
INFO:__main__:
【val】epoch:53/150 loss:0.1987 acc:0.9463
INFO:__main__:
【Val】:  SENS: 0.9370  SPEC: 0.9521  PPV: 0.9234  NPV: 0.9608 F1:0.9301
INFO:__main__:验证的best_acc:0.9463
INFO:__main__:----------------------------------------------------------------------------------------------------
INFO:__main__:
【train】epoch:54/150 loss:0.0321 acc:0.9874
INFO:__main__:
【val】epoch:54/150 loss:0.2582 acc:0.9311
INFO:__main__:
【Val】:  SENS: 0.8697  SPEC: 0.9689  PPV: 0.9452  NPV: 0.9235 F1:0.9059
INFO:__main__:验证的best_acc:0.9463
INFO:__main__:----------------------------------------------------------------------------------------------------
INFO:__main__:
【train】epoch:55/150 loss:0.0355 acc:0.9850
INFO:__main__:
【val】epoch:55/150 loss:0.2184 acc:0.9367
INFO:__main__:
【Val】:  SENS: 0.9265  SPEC: 0.9430  PPV: 0.9093  NPV: 0.9541 F1:0.9178
INFO:__main__:验证的best_acc:0.9463
INFO:__main__:----------------------------------------------------------------------------------------------------
INFO:__main__:
【train】epoch:56/150 loss:0.0313 acc:0.9882
INFO:__main__:
【val】epoch:56/150 loss:0.2111 acc:0.9415
INFO:__main__:
【Val】:  SENS: 0.9034  SPEC: 0.9650  PPV: 0.9409  NPV: 0.9418 F1:0.9218
INFO:__main__:验证的best_acc:0.9463
INFO:__main__:----------------------------------------------------------------------------------------------------
INFO:__main__:
【train】epoch:57/150 loss:0.0296 acc:0.9891
INFO:__main__:
【val】epoch:57/150 loss:0.2354 acc:0.9375
INFO:__main__:
【Val】:  SENS: 0.9517  SPEC: 0.9288  PPV: 0.8917  NPV: 0.9689 F1:0.9207
INFO:__main__:验证的best_acc:0.9463
INFO:__main__:----------------------------------------------------------------------------------------------------
INFO:__main__:
【train】epoch:58/150 loss:0.0349 acc:0.9876
INFO:__main__:
【val】epoch:58/150 loss:0.2294 acc:0.9335
INFO:__main__:
【Val】:  SENS: 0.9370  SPEC: 0.9313  PPV: 0.8938  NPV: 0.9599 F1:0.9149
INFO:__main__:验证的best_acc:0.9463
INFO:__main__:----------------------------------------------------------------------------------------------------
INFO:__main__:
【train】epoch:59/150 loss:0.0313 acc:0.9887
INFO:__main__:
【val】epoch:59/150 loss:0.2117 acc:0.9399
INFO:__main__:
【Val】:  SENS: 0.9349  SPEC: 0.9430  PPV: 0.9100  NPV: 0.9592 F1:0.9223
INFO:__main__:验证的best_acc:0.9463
INFO:__main__:----------------------------------------------------------------------------------------------------
INFO:__main__:
【train】epoch:60/150 loss:0.0263 acc:0.9899
INFO:__main__:
【val】epoch:60/150 loss:0.1996 acc:0.9407
INFO:__main__:
【Val】:  SENS: 0.9286  SPEC: 0.9482  PPV: 0.9170  NPV: 0.9556 F1:0.9228
INFO:__main__:验证的best_acc:0.9463
INFO:__main__:----------------------------------------------------------------------------------------------------
INFO:__main__:
【train】epoch:61/150 loss:0.0150 acc:0.9953
INFO:__main__:
【val】epoch:61/150 loss:0.2162 acc:0.9447
INFO:__main__:
【Val】:  SENS: 0.9034  SPEC: 0.9702  PPV: 0.9492  NPV: 0.9421 F1:0.9257
INFO:__main__:验证的best_acc:0.9463
INFO:__main__:----------------------------------------------------------------------------------------------------
INFO:__main__:
【train】epoch:62/150 loss:0.0240 acc:0.9917
INFO:__main__:
【val】epoch:62/150 loss:0.2461 acc:0.9351
INFO:__main__:
【Val】:  SENS: 0.9055  SPEC: 0.9534  PPV: 0.9229  NPV: 0.9424 F1:0.9141
INFO:__main__:验证的best_acc:0.9463
INFO:__main__:----------------------------------------------------------------------------------------------------
INFO:__main__:
【train】epoch:63/150 loss:0.0281 acc:0.9891
INFO:__main__:
【val】epoch:63/150 loss:0.2420 acc:0.9351
INFO:__main__:
【Val】:  SENS: 0.9244  SPEC: 0.9417  PPV: 0.9072  NPV: 0.9528 F1:0.9157
INFO:__main__:验证的best_acc:0.9463
INFO:__main__:----------------------------------------------------------------------------------------------------
INFO:__main__:
【train】epoch:64/150 loss:0.0189 acc:0.9941
INFO:__main__:
【val】epoch:64/150 loss:0.2211 acc:0.9407
INFO:__main__:
【Val】:  SENS: 0.9307  SPEC: 0.9469  PPV: 0.9153  NPV: 0.9568 F1:0.9229
INFO:__main__:验证的best_acc:0.9463
INFO:__main__:----------------------------------------------------------------------------------------------------
INFO:__main__:
【train】epoch:65/150 loss:0.0212 acc:0.9927
INFO:__main__:
【val】epoch:65/150 loss:0.2146 acc:0.9375
INFO:__main__:
【Val】:  SENS: 0.9265  SPEC: 0.9443  PPV: 0.9112  NPV: 0.9542 F1:0.9187
INFO:__main__:验证的best_acc:0.9463
INFO:__main__:----------------------------------------------------------------------------------------------------
INFO:__main__:
【train】epoch:66/150 loss:0.0287 acc:0.9913
INFO:__main__:
【val】epoch:66/150 loss:0.2322 acc:0.9375
INFO:__main__:
【Val】:  SENS: 0.9475  SPEC: 0.9313  PPV: 0.8948  NPV: 0.9664 F1:0.9204
INFO:__main__:验证的best_acc:0.9463
INFO:__main__:----------------------------------------------------------------------------------------------------
INFO:__main__:
【train】epoch:67/150 loss:0.0201 acc:0.9929
INFO:__main__:
【val】epoch:67/150 loss:0.2256 acc:0.9311
INFO:__main__:
【Val】:  SENS: 0.9139  SPEC: 0.9417  PPV: 0.9062  NPV: 0.9466 F1:0.9100
INFO:__main__:验证的best_acc:0.9463
INFO:__main__:----------------------------------------------------------------------------------------------------
INFO:__main__:
【train】epoch:68/150 loss:0.0270 acc:0.9901
INFO:__main__:
【val】epoch:68/150 loss:0.2297 acc:0.9311
INFO:__main__:
【Val】:  SENS: 0.9412  SPEC: 0.9249  PPV: 0.8854  NPV: 0.9623 F1:0.9124
INFO:__main__:验证的best_acc:0.9463
INFO:__main__:----------------------------------------------------------------------------------------------------
INFO:__main__:
【train】epoch:69/150 loss:0.0117 acc:0.9962
INFO:__main__:
【val】epoch:69/150 loss:0.2334 acc:0.9367
INFO:__main__:
【Val】:  SENS: 0.9055  SPEC: 0.9560  PPV: 0.9269  NPV: 0.9425 F1:0.9160
INFO:__main__:验证的best_acc:0.9463
INFO:__main__:----------------------------------------------------------------------------------------------------
INFO:__main__:
【train】epoch:70/150 loss:0.0167 acc:0.9941
INFO:__main__:
【val】epoch:70/150 loss:0.2246 acc:0.9391
INFO:__main__:
【Val】:  SENS: 0.9349  SPEC: 0.9417  PPV: 0.9082  NPV: 0.9591 F1:0.9213
INFO:__main__:验证的best_acc:0.9463
INFO:__main__:----------------------------------------------------------------------------------------------------
INFO:__main__:
【train】epoch:71/150 loss:0.0212 acc:0.9929
INFO:__main__:
【val】epoch:71/150 loss:0.2337 acc:0.9383
INFO:__main__:
【Val】:  SENS: 0.9055  SPEC: 0.9585  PPV: 0.9309  NPV: 0.9427 F1:0.9180
INFO:__main__:验证的best_acc:0.9463
INFO:__main__:----------------------------------------------------------------------------------------------------
INFO:__main__:
【train】epoch:72/150 loss:0.0187 acc:0.9937
INFO:__main__:
【val】epoch:72/150 loss:0.2468 acc:0.9263
INFO:__main__:
【Val】:  SENS: 0.9370  SPEC: 0.9197  PPV: 0.8780  NPV: 0.9595 F1:0.9065
INFO:__main__:验证的best_acc:0.9463
INFO:__main__:----------------------------------------------------------------------------------------------------
INFO:__main__:
【train】epoch:73/150 loss:0.0184 acc:0.9935
INFO:__main__:
【val】epoch:73/150 loss:0.2435 acc:0.9311
INFO:__main__:
【Val】:  SENS: 0.9307  SPEC: 0.9313  PPV: 0.8931  NPV: 0.9561 F1:0.9115
INFO:__main__:验证的best_acc:0.9463
INFO:__main__:----------------------------------------------------------------------------------------------------
INFO:__main__:
【train】epoch:74/150 loss:0.0126 acc:0.9957
INFO:__main__:
【val】epoch:74/150 loss:0.2532 acc:0.9327
INFO:__main__:
【Val】:  SENS: 0.9118  SPEC: 0.9456  PPV: 0.9118  NPV: 0.9456 F1:0.9118
INFO:__main__:验证的best_acc:0.9463
INFO:__main__:----------------------------------------------------------------------------------------------------
INFO:__main__:
【train】epoch:75/150 loss:0.0187 acc:0.9923
INFO:__main__:
【val】epoch:75/150 loss:0.2297 acc:0.9383
INFO:__main__:
【Val】:  SENS: 0.9265  SPEC: 0.9456  PPV: 0.9130  NPV: 0.9542 F1:0.9197
INFO:__main__:验证的best_acc:0.9463
INFO:__main__:----------------------------------------------------------------------------------------------------
INFO:__main__:
【train】epoch:76/150 loss:0.0242 acc:0.9927
INFO:__main__:
【val】epoch:76/150 loss:0.2354 acc:0.9375
INFO:__main__:
【Val】:  SENS: 0.8950  SPEC: 0.9637  PPV: 0.9383  NPV: 0.9370 F1:0.9161
INFO:__main__:验证的best_acc:0.9463
INFO:__main__:----------------------------------------------------------------------------------------------------
INFO:__main__:
【train】epoch:77/150 loss:0.0173 acc:0.9947
INFO:__main__:
【val】epoch:77/150 loss:0.2353 acc:0.9319
INFO:__main__:
【Val】:  SENS: 0.9265  SPEC: 0.9352  PPV: 0.8982  NPV: 0.9538 F1:0.9121
INFO:__main__:验证的best_acc:0.9463
INFO:__main__:----------------------------------------------------------------------------------------------------
INFO:__main__:
【train】epoch:78/150 loss:0.0134 acc:0.9959
INFO:__main__:
【val】epoch:78/150 loss:0.2640 acc:0.9335
INFO:__main__:
【Val】:  SENS: 0.9160  SPEC: 0.9443  PPV: 0.9102  NPV: 0.9480 F1:0.9131
INFO:__main__:验证的best_acc:0.9463
INFO:__main__:----------------------------------------------------------------------------------------------------
INFO:__main__:
【train】epoch:79/150 loss:0.0130 acc:0.9955
INFO:__main__:
【val】epoch:79/150 loss:0.2673 acc:0.9343
INFO:__main__:
【Val】:  SENS: 0.9097  SPEC: 0.9495  PPV: 0.9174  NPV: 0.9446 F1:0.9135
INFO:__main__:验证的best_acc:0.9463
INFO:__main__:----------------------------------------------------------------------------------------------------
INFO:__main__:
【train】epoch:80/150 loss:0.0098 acc:0.9962
INFO:__main__:
【val】epoch:80/150 loss:0.2448 acc:0.9399
INFO:__main__:
【Val】:  SENS: 0.9244  SPEC: 0.9495  PPV: 0.9186  NPV: 0.9532 F1:0.9215
INFO:__main__:验证的best_acc:0.9463
INFO:__main__:----------------------------------------------------------------------------------------------------
INFO:__main__:
【train】epoch:81/150 loss:0.0102 acc:0.9961
INFO:__main__:
【val】epoch:81/150 loss:0.3002 acc:0.9359
INFO:__main__:
【Val】:  SENS: 0.8887  SPEC: 0.9650  PPV: 0.9400  NPV: 0.9336 F1:0.9136
INFO:__main__:验证的best_acc:0.9463
INFO:__main__:----------------------------------------------------------------------------------------------------
INFO:__main__:
【train】epoch:82/150 loss:0.0156 acc:0.9931
INFO:__main__:
【val】epoch:82/150 loss:0.2530 acc:0.9447
INFO:__main__:
【Val】:  SENS: 0.9328  SPEC: 0.9521  PPV: 0.9231  NPV: 0.9583 F1:0.9279
INFO:__main__:验证的best_acc:0.9463
INFO:__main__:----------------------------------------------------------------------------------------------------
INFO:__main__:
【train】epoch:83/150 loss:0.0175 acc:0.9937
INFO:__main__:
【val】epoch:83/150 loss:0.2423 acc:0.9415
INFO:__main__:
【Val】:  SENS: 0.9265  SPEC: 0.9508  PPV: 0.9207  NPV: 0.9545 F1:0.9236
INFO:__main__:验证的best_acc:0.9463
INFO:__main__:----------------------------------------------------------------------------------------------------
INFO:__main__:
【train】epoch:84/150 loss:0.0148 acc:0.9943
INFO:__main__:
【val】epoch:84/150 loss:0.2460 acc:0.9407
INFO:__main__:
【Val】:  SENS: 0.9391  SPEC: 0.9417  PPV: 0.9085  NPV: 0.9616 F1:0.9236
INFO:__main__:验证的best_acc:0.9463
INFO:__main__:----------------------------------------------------------------------------------------------------
INFO:__main__:
【train】epoch:85/150 loss:0.0129 acc:0.9953
INFO:__main__:
【val】epoch:85/150 loss:0.2500 acc:0.9375
INFO:__main__:
【Val】:  SENS: 0.9181  SPEC: 0.9495  PPV: 0.9181  NPV: 0.9495 F1:0.9181
INFO:__main__:验证的best_acc:0.9463
INFO:__main__:----------------------------------------------------------------------------------------------------
INFO:__main__:
【train】epoch:86/150 loss:0.0096 acc:0.9972
INFO:__main__:
【val】epoch:86/150 loss:0.2884 acc:0.9359
INFO:__main__:
【Val】:  SENS: 0.8866  SPEC: 0.9663  PPV: 0.9420  NPV: 0.9325 F1:0.9134
INFO:__main__:验证的best_acc:0.9463
INFO:__main__:----------------------------------------------------------------------------------------------------
INFO:__main__:
【train】epoch:87/150 loss:0.0080 acc:0.9966
INFO:__main__:
【val】epoch:87/150 loss:0.2534 acc:0.9399
INFO:__main__:
【Val】:  SENS: 0.9139  SPEC: 0.9560  PPV: 0.9275  NPV: 0.9474 F1:0.9206
INFO:__main__:验证的best_acc:0.9463
INFO:__main__:----------------------------------------------------------------------------------------------------
INFO:__main__:
【train】epoch:88/150 loss:0.0096 acc:0.9964
INFO:__main__:
【val】epoch:88/150 loss:0.2828 acc:0.9407
INFO:__main__:
【Val】:  SENS: 0.9223  SPEC: 0.9521  PPV: 0.9223  NPV: 0.9521 F1:0.9223
INFO:__main__:验证的best_acc:0.9463
INFO:__main__:----------------------------------------------------------------------------------------------------
INFO:__main__:
【train】epoch:89/150 loss:0.0096 acc:0.9964
INFO:__main__:
【val】epoch:89/150 loss:0.2977 acc:0.9407
INFO:__main__:
【Val】:  SENS: 0.9076  SPEC: 0.9611  PPV: 0.9351  NPV: 0.9440 F1:0.9211
INFO:__main__:验证的best_acc:0.9463
INFO:__main__:----------------------------------------------------------------------------------------------------
INFO:__main__:
【train】epoch:90/150 loss:0.0095 acc:0.9968
INFO:__main__:
【val】epoch:90/150 loss:0.3080 acc:0.9343
INFO:__main__:
【Val】:  SENS: 0.9055  SPEC: 0.9521  PPV: 0.9209  NPV: 0.9423 F1:0.9131
INFO:__main__:验证的best_acc:0.9463
INFO:__main__:----------------------------------------------------------------------------------------------------
INFO:__main__:
【train】epoch:91/150 loss:0.0110 acc:0.9966
INFO:__main__:
【val】epoch:91/150 loss:0.2931 acc:0.9359
INFO:__main__:
【Val】:  SENS: 0.9013  SPEC: 0.9573  PPV: 0.9286  NPV: 0.9402 F1:0.9147
INFO:__main__:验证的best_acc:0.9463
INFO:__main__:----------------------------------------------------------------------------------------------------
INFO:__main__:
【train】epoch:92/150 loss:0.0060 acc:0.9976
INFO:__main__:
【val】epoch:92/150 loss:0.2825 acc:0.9383
INFO:__main__:
【Val】:  SENS: 0.9496  SPEC: 0.9313  PPV: 0.8950  NPV: 0.9677 F1:0.9215
INFO:__main__:验证的best_acc:0.9463
INFO:__main__:----------------------------------------------------------------------------------------------------
INFO:__main__:
【train】epoch:93/150 loss:0.0101 acc:0.9957
INFO:__main__:
【val】epoch:93/150 loss:0.2700 acc:0.9415
INFO:__main__:
【Val】:  SENS: 0.9412  SPEC: 0.9417  PPV: 0.9087  NPV: 0.9629 F1:0.9247
INFO:__main__:验证的best_acc:0.9463
INFO:__main__:----------------------------------------------------------------------------------------------------
INFO:__main__:
【train】epoch:94/150 loss:0.0076 acc:0.9976
INFO:__main__:
【val】epoch:94/150 loss:0.2337 acc:0.9423
INFO:__main__:
【Val】:  SENS: 0.9202  SPEC: 0.9560  PPV: 0.9280  NPV: 0.9510 F1:0.9241
INFO:__main__:验证的best_acc:0.9463
INFO:__main__:----------------------------------------------------------------------------------------------------
INFO:__main__:
【train】epoch:95/150 loss:0.0108 acc:0.9962
INFO:__main__:
【val】epoch:95/150 loss:0.2422 acc:0.9375
INFO:__main__:
【Val】:  SENS: 0.9202  SPEC: 0.9482  PPV: 0.9163  NPV: 0.9506 F1:0.9182
INFO:__main__:验证的best_acc:0.9463
INFO:__main__:----------------------------------------------------------------------------------------------------
INFO:__main__:
【train】epoch:96/150 loss:0.0075 acc:0.9968
INFO:__main__:
【val】epoch:96/150 loss:0.2553 acc:0.9407
INFO:__main__:
【Val】:  SENS: 0.9181  SPEC: 0.9547  PPV: 0.9258  NPV: 0.9497 F1:0.9219
INFO:__main__:验证的best_acc:0.9463
INFO:__main__:----------------------------------------------------------------------------------------------------
INFO:__main__:
【train】epoch:97/150 loss:0.0041 acc:0.9988
INFO:__main__:
【val】epoch:97/150 loss:0.2501 acc:0.9391
INFO:__main__:
【Val】:  SENS: 0.9181  SPEC: 0.9521  PPV: 0.9219  NPV: 0.9496 F1:0.9200
INFO:__main__:验证的best_acc:0.9463
INFO:__main__:----------------------------------------------------------------------------------------------------
INFO:__main__:
【train】epoch:98/150 loss:0.0097 acc:0.9978
INFO:__main__:
【val】epoch:98/150 loss:0.2573 acc:0.9319
INFO:__main__:
【Val】:  SENS: 0.9286  SPEC: 0.9339  PPV: 0.8966  NPV: 0.9550 F1:0.9123
INFO:__main__:验证的best_acc:0.9463
INFO:__main__:----------------------------------------------------------------------------------------------------
INFO:__main__:
【train】epoch:99/150 loss:0.0083 acc:0.9972
INFO:__main__:
【val】epoch:99/150 loss:0.2604 acc:0.9375
INFO:__main__:
【Val】:  SENS: 0.9160  SPEC: 0.9508  PPV: 0.9198  NPV: 0.9483 F1:0.9179
INFO:__main__:验证的best_acc:0.9463
INFO:__main__:----------------------------------------------------------------------------------------------------
INFO:__main__:
【train】epoch:100/150 loss:0.0059 acc:0.9982
INFO:__main__:
【val】epoch:100/150 loss:0.2747 acc:0.9383
INFO:__main__:
【Val】:  SENS: 0.9370  SPEC: 0.9391  PPV: 0.9047  NPV: 0.9603 F1:0.9205
INFO:__main__:验证的best_acc:0.9463
INFO:__main__:----------------------------------------------------------------------------------------------------
INFO:__main__:
【train】epoch:101/150 loss:0.0076 acc:0.9974
INFO:__main__:
【val】epoch:101/150 loss:0.2387 acc:0.9455
INFO:__main__:
【Val】:  SENS: 0.9370  SPEC: 0.9508  PPV: 0.9215  NPV: 0.9607 F1:0.9292
INFO:__main__:验证的best_acc:0.9463
INFO:__main__:----------------------------------------------------------------------------------------------------
INFO:__main__:
【train】epoch:102/150 loss:0.0091 acc:0.9961
INFO:__main__:
【val】epoch:102/150 loss:0.2592 acc:0.9383
INFO:__main__:
【Val】:  SENS: 0.9076  SPEC: 0.9573  PPV: 0.9290  NPV: 0.9438 F1:0.9182
INFO:__main__:验证的best_acc:0.9463
INFO:__main__:----------------------------------------------------------------------------------------------------
INFO:__main__:
【train】epoch:103/150 loss:0.0079 acc:0.9970
INFO:__main__:
【val】epoch:103/150 loss:0.2831 acc:0.9415
INFO:__main__:
【Val】:  SENS: 0.9559  SPEC: 0.9326  PPV: 0.8974  NPV: 0.9717 F1:0.9257
INFO:__main__:验证的best_acc:0.9463
INFO:__main__:----------------------------------------------------------------------------------------------------
INFO:__main__:
【train】epoch:104/150 loss:0.0042 acc:0.9986
INFO:__main__:
【val】epoch:104/150 loss:0.2645 acc:0.9463
INFO:__main__:
【Val】:  SENS: 0.9391  SPEC: 0.9508  PPV: 0.9216  NPV: 0.9620 F1:0.9303
INFO:__main__:验证的best_acc:0.9463
INFO:__main__:----------------------------------------------------------------------------------------------------
INFO:__main__:
【train】epoch:105/150 loss:0.0063 acc:0.9976
INFO:__main__:
【val】epoch:105/150 loss:0.3034 acc:0.9383
INFO:__main__:
【Val】:  SENS: 0.9349  SPEC: 0.9404  PPV: 0.9063  NPV: 0.9590 F1:0.9204
INFO:__main__:验证的best_acc:0.9463
INFO:__main__:----------------------------------------------------------------------------------------------------
INFO:__main__:
【train】epoch:106/150 loss:0.0061 acc:0.9978
INFO:__main__:
【val】epoch:106/150 loss:0.2722 acc:0.9415
INFO:__main__:
【Val】:  SENS: 0.9307  SPEC: 0.9482  PPV: 0.9172  NPV: 0.9569 F1:0.9239
INFO:__main__:验证的best_acc:0.9463
INFO:__main__:----------------------------------------------------------------------------------------------------
INFO:__main__:
【train】epoch:107/150 loss:0.0068 acc:0.9980
INFO:__main__:
【val】epoch:107/150 loss:0.2533 acc:0.9471
INFO:__main__:
【Val】:  SENS: 0.9370  SPEC: 0.9534  PPV: 0.9253  NPV: 0.9608 F1:0.9311
INFO:__main__:验证的best_acc:0.9471
INFO:__main__:----------------------------------------------------------------------------------------------------
INFO:__main__:
【train】epoch:108/150 loss:0.0063 acc:0.9972
INFO:__main__:
【val】epoch:108/150 loss:0.2484 acc:0.9447
INFO:__main__:
【Val】:  SENS: 0.9244  SPEC: 0.9573  PPV: 0.9302  NPV: 0.9535 F1:0.9273
INFO:__main__:验证的best_acc:0.9471
INFO:__main__:----------------------------------------------------------------------------------------------------
INFO:__main__:
【train】epoch:109/150 loss:0.0042 acc:0.9982
INFO:__main__:
【val】epoch:109/150 loss:0.2291 acc:0.9471
INFO:__main__:
【Val】:  SENS: 0.9286  SPEC: 0.9585  PPV: 0.9325  NPV: 0.9561 F1:0.9305
INFO:__main__:验证的best_acc:0.9471
INFO:__main__:----------------------------------------------------------------------------------------------------
INFO:__main__:
【train】epoch:110/150 loss:0.0046 acc:0.9984
INFO:__main__:
【val】epoch:110/150 loss:0.2602 acc:0.9375
INFO:__main__:
【Val】:  SENS: 0.9244  SPEC: 0.9456  PPV: 0.9129  NPV: 0.9530 F1:0.9186
INFO:__main__:验证的best_acc:0.9471
INFO:__main__:----------------------------------------------------------------------------------------------------
INFO:__main__:
【train】epoch:111/150 loss:0.0039 acc:0.9990
INFO:__main__:
【val】epoch:111/150 loss:0.3068 acc:0.9319
INFO:__main__:
【Val】:  SENS: 0.9391  SPEC: 0.9275  PPV: 0.8887  NPV: 0.9611 F1:0.9132
INFO:__main__:验证的best_acc:0.9471
INFO:__main__:----------------------------------------------------------------------------------------------------
INFO:__main__:
【train】epoch:112/150 loss:0.0038 acc:0.9988
INFO:__main__:
【val】epoch:112/150 loss:0.2903 acc:0.9351
INFO:__main__:
【Val】:  SENS: 0.9328  SPEC: 0.9365  PPV: 0.9006  NPV: 0.9576 F1:0.9164
INFO:__main__:验证的best_acc:0.9471
INFO:__main__:----------------------------------------------------------------------------------------------------
INFO:__main__:
【train】epoch:113/150 loss:0.0026 acc:0.9994
INFO:__main__:
【val】epoch:113/150 loss:0.3014 acc:0.9391
INFO:__main__:
【Val】:  SENS: 0.9370  SPEC: 0.9404  PPV: 0.9065  NPV: 0.9603 F1:0.9215
INFO:__main__:验证的best_acc:0.9471
INFO:__main__:----------------------------------------------------------------------------------------------------
INFO:__main__:
【train】epoch:114/150 loss:0.0043 acc:0.9986
INFO:__main__:
【val】epoch:114/150 loss:0.2807 acc:0.9383
INFO:__main__:
【Val】:  SENS: 0.9286  SPEC: 0.9443  PPV: 0.9113  NPV: 0.9554 F1:0.9199
INFO:__main__:验证的best_acc:0.9471
INFO:__main__:----------------------------------------------------------------------------------------------------
INFO:__main__:
【train】epoch:115/150 loss:0.0043 acc:0.9984
INFO:__main__:
【val】epoch:115/150 loss:0.2875 acc:0.9383
INFO:__main__:
【Val】:  SENS: 0.9286  SPEC: 0.9443  PPV: 0.9113  NPV: 0.9554 F1:0.9199
INFO:__main__:验证的best_acc:0.9471
INFO:__main__:----------------------------------------------------------------------------------------------------
INFO:__main__:
【train】epoch:116/150 loss:0.0062 acc:0.9984
INFO:__main__:
【val】epoch:116/150 loss:0.3128 acc:0.9375
INFO:__main__:
【Val】:  SENS: 0.9412  SPEC: 0.9352  PPV: 0.8996  NPV: 0.9627 F1:0.9199
INFO:__main__:验证的best_acc:0.9471
INFO:__main__:----------------------------------------------------------------------------------------------------
INFO:__main__:
【train】epoch:117/150 loss:0.0067 acc:0.9966
INFO:__main__:
【val】epoch:117/150 loss:0.3162 acc:0.9375
INFO:__main__:
【Val】:  SENS: 0.9286  SPEC: 0.9430  PPV: 0.9095  NPV: 0.9554 F1:0.9189
INFO:__main__:验证的best_acc:0.9471
INFO:__main__:----------------------------------------------------------------------------------------------------
INFO:__main__:
【train】epoch:118/150 loss:0.0074 acc:0.9972
INFO:__main__:
【val】epoch:118/150 loss:0.2797 acc:0.9399
INFO:__main__:
【Val】:  SENS: 0.9307  SPEC: 0.9456  PPV: 0.9134  NPV: 0.9567 F1:0.9220
INFO:__main__:验证的best_acc:0.9471
INFO:__main__:----------------------------------------------------------------------------------------------------
INFO:__main__:
【train】epoch:119/150 loss:0.0035 acc:0.9988
INFO:__main__:
【val】epoch:119/150 loss:0.3018 acc:0.9343
INFO:__main__:
【Val】:  SENS: 0.9244  SPEC: 0.9404  PPV: 0.9053  NPV: 0.9528 F1:0.9148
INFO:__main__:验证的best_acc:0.9471
INFO:__main__:----------------------------------------------------------------------------------------------------
INFO:__main__:
【train】epoch:120/150 loss:0.0036 acc:0.9986
INFO:__main__:
【val】epoch:120/150 loss:0.3259 acc:0.9367
INFO:__main__:
【Val】:  SENS: 0.9307  SPEC: 0.9404  PPV: 0.9059  NPV: 0.9565 F1:0.9181
INFO:__main__:验证的best_acc:0.9471
INFO:__main__:----------------------------------------------------------------------------------------------------
INFO:__main__:
【train】epoch:121/150 loss:0.0074 acc:0.9972
INFO:__main__:
【val】epoch:121/150 loss:0.2749 acc:0.9407
INFO:__main__:
【Val】:  SENS: 0.9223  SPEC: 0.9521  PPV: 0.9223  NPV: 0.9521 F1:0.9223
INFO:__main__:验证的best_acc:0.9471
INFO:__main__:----------------------------------------------------------------------------------------------------
INFO:__main__:
【train】epoch:122/150 loss:0.0036 acc:0.9988
INFO:__main__:
【val】epoch:122/150 loss:0.3021 acc:0.9415
INFO:__main__:
【Val】:  SENS: 0.9307  SPEC: 0.9482  PPV: 0.9172  NPV: 0.9569 F1:0.9239
INFO:__main__:验证的best_acc:0.9471
INFO:__main__:----------------------------------------------------------------------------------------------------
INFO:__main__:
【train】epoch:123/150 loss:0.0031 acc:0.9988
INFO:__main__:
【val】epoch:123/150 loss:0.3006 acc:0.9375
INFO:__main__:
【Val】:  SENS: 0.9202  SPEC: 0.9482  PPV: 0.9163  NPV: 0.9506 F1:0.9182
INFO:__main__:验证的best_acc:0.9471
INFO:__main__:----------------------------------------------------------------------------------------------------
INFO:__main__:
【train】epoch:124/150 loss:0.0033 acc:0.9988
INFO:__main__:
【val】epoch:124/150 loss:0.2787 acc:0.9399
INFO:__main__:
【Val】:  SENS: 0.9181  SPEC: 0.9534  PPV: 0.9239  NPV: 0.9497 F1:0.9210
INFO:__main__:验证的best_acc:0.9471
INFO:__main__:----------------------------------------------------------------------------------------------------
INFO:__main__:
【train】epoch:125/150 loss:0.0038 acc:0.9986
INFO:__main__:
【val】epoch:125/150 loss:0.3064 acc:0.9415
INFO:__main__:
【Val】:  SENS: 0.9328  SPEC: 0.9469  PPV: 0.9155  NPV: 0.9581 F1:0.9240
INFO:__main__:验证的best_acc:0.9471
INFO:__main__:----------------------------------------------------------------------------------------------------
INFO:__main__:
【train】epoch:126/150 loss:0.0054 acc:0.9984
INFO:__main__:
【val】epoch:126/150 loss:0.2920 acc:0.9399
INFO:__main__:
【Val】:  SENS: 0.9181  SPEC: 0.9534  PPV: 0.9239  NPV: 0.9497 F1:0.9210
INFO:__main__:验证的best_acc:0.9471
INFO:__main__:----------------------------------------------------------------------------------------------------
INFO:__main__:
【train】epoch:127/150 loss:0.0096 acc:0.9976
INFO:__main__:
【val】epoch:127/150 loss:0.2617 acc:0.9431
INFO:__main__:
【Val】:  SENS: 0.9181  SPEC: 0.9585  PPV: 0.9318  NPV: 0.9499 F1:0.9249
INFO:__main__:验证的best_acc:0.9471
INFO:__main__:----------------------------------------------------------------------------------------------------
INFO:__main__:
【train】epoch:128/150 loss:0.0051 acc:0.9982
INFO:__main__:
【val】epoch:128/150 loss:0.2328 acc:0.9455
INFO:__main__:
【Val】:  SENS: 0.9244  SPEC: 0.9585  PPV: 0.9322  NPV: 0.9536 F1:0.9283
INFO:__main__:验证的best_acc:0.9471
INFO:__main__:----------------------------------------------------------------------------------------------------
INFO:__main__:
【train】epoch:129/150 loss:0.0051 acc:0.9992
INFO:__main__:
【val】epoch:129/150 loss:0.2572 acc:0.9423
INFO:__main__:
【Val】:  SENS: 0.9244  SPEC: 0.9534  PPV: 0.9244  NPV: 0.9534 F1:0.9244
INFO:__main__:验证的best_acc:0.9471
INFO:__main__:----------------------------------------------------------------------------------------------------
INFO:__main__:
【train】epoch:130/150 loss:0.0051 acc:0.9982
INFO:__main__:
【val】epoch:130/150 loss:0.2532 acc:0.9447
INFO:__main__:
【Val】:  SENS: 0.9244  SPEC: 0.9573  PPV: 0.9302  NPV: 0.9535 F1:0.9273
INFO:__main__:验证的best_acc:0.9471
INFO:__main__:----------------------------------------------------------------------------------------------------
INFO:__main__:
【train】epoch:131/150 loss:0.0024 acc:0.9994
INFO:__main__:
【val】epoch:131/150 loss:0.2482 acc:0.9479
INFO:__main__:
【Val】:  SENS: 0.9454  SPEC: 0.9495  PPV: 0.9202  NPV: 0.9657 F1:0.9326
INFO:__main__:验证的best_acc:0.9479
INFO:__main__:----------------------------------------------------------------------------------------------------
INFO:__main__:
【train】epoch:132/150 loss:0.0034 acc:0.9990
INFO:__main__:
【val】epoch:132/150 loss:0.2640 acc:0.9439
INFO:__main__:
【Val】:  SENS: 0.9349  SPEC: 0.9495  PPV: 0.9194  NPV: 0.9594 F1:0.9271
INFO:__main__:验证的best_acc:0.9479
INFO:__main__:----------------------------------------------------------------------------------------------------
INFO:__main__:
【train】epoch:133/150 loss:0.0033 acc:0.9988
INFO:__main__:
【val】epoch:133/150 loss:0.2518 acc:0.9455
INFO:__main__:
【Val】:  SENS: 0.9160  SPEC: 0.9637  PPV: 0.9397  NPV: 0.9490 F1:0.9277
INFO:__main__:验证的best_acc:0.9479
INFO:__main__:----------------------------------------------------------------------------------------------------
INFO:__main__:
【train】epoch:134/150 loss:0.0046 acc:0.9984
INFO:__main__:
【val】epoch:134/150 loss:0.2639 acc:0.9455
INFO:__main__:
【Val】:  SENS: 0.9223  SPEC: 0.9598  PPV: 0.9340  NPV: 0.9524 F1:0.9281
INFO:__main__:验证的best_acc:0.9479
INFO:__main__:----------------------------------------------------------------------------------------------------
INFO:__main__:
【train】epoch:135/150 loss:0.0021 acc:0.9996
INFO:__main__:
【val】epoch:135/150 loss:0.2886 acc:0.9383
INFO:__main__:
【Val】:  SENS: 0.9202  SPEC: 0.9495  PPV: 0.9182  NPV: 0.9507 F1:0.9192
INFO:__main__:验证的best_acc:0.9479
INFO:__main__:----------------------------------------------------------------------------------------------------
INFO:__main__:
【train】epoch:136/150 loss:0.0053 acc:0.9980
INFO:__main__:
【val】epoch:136/150 loss:0.2687 acc:0.9391
INFO:__main__:
【Val】:  SENS: 0.9181  SPEC: 0.9521  PPV: 0.9219  NPV: 0.9496 F1:0.9200
INFO:__main__:验证的best_acc:0.9479
INFO:__main__:----------------------------------------------------------------------------------------------------
INFO:__main__:
【train】epoch:137/150 loss:0.0020 acc:0.9998
INFO:__main__:
【val】epoch:137/150 loss:0.2739 acc:0.9399
INFO:__main__:
【Val】:  SENS: 0.9160  SPEC: 0.9547  PPV: 0.9257  NPV: 0.9485 F1:0.9208
INFO:__main__:验证的best_acc:0.9479
INFO:__main__:----------------------------------------------------------------------------------------------------
INFO:__main__:
【train】epoch:138/150 loss:0.0020 acc:0.9992
INFO:__main__:
【val】epoch:138/150 loss:0.2629 acc:0.9439
INFO:__main__:
【Val】:  SENS: 0.9223  SPEC: 0.9573  PPV: 0.9301  NPV: 0.9523 F1:0.9262
INFO:__main__:验证的best_acc:0.9479
INFO:__main__:----------------------------------------------------------------------------------------------------
INFO:__main__:
【train】epoch:139/150 loss:0.0030 acc:0.9990
INFO:__main__:
【val】epoch:139/150 loss:0.2733 acc:0.9407
INFO:__main__:
【Val】:  SENS: 0.9223  SPEC: 0.9521  PPV: 0.9223  NPV: 0.9521 F1:0.9223
INFO:__main__:验证的best_acc:0.9479
INFO:__main__:----------------------------------------------------------------------------------------------------
INFO:__main__:
【train】epoch:140/150 loss:0.0021 acc:0.9992
INFO:__main__:
【val】epoch:140/150 loss:0.2735 acc:0.9439
INFO:__main__:
【Val】:  SENS: 0.9202  SPEC: 0.9585  PPV: 0.9319  NPV: 0.9512 F1:0.9260
INFO:__main__:验证的best_acc:0.9479
INFO:__main__:----------------------------------------------------------------------------------------------------
INFO:__main__:
【train】epoch:141/150 loss:0.0024 acc:0.9992
INFO:__main__:
【val】epoch:141/150 loss:0.2603 acc:0.9487
INFO:__main__:
【Val】:  SENS: 0.9307  SPEC: 0.9598  PPV: 0.9346  NPV: 0.9574 F1:0.9326
INFO:__main__:验证的best_acc:0.9487
INFO:__main__:----------------------------------------------------------------------------------------------------
INFO:__main__:
【train】epoch:142/150 loss:0.0034 acc:0.9986
INFO:__main__:
【val】epoch:142/150 loss:0.2470 acc:0.9487
INFO:__main__:
【Val】:  SENS: 0.9286  SPEC: 0.9611  PPV: 0.9364  NPV: 0.9562 F1:0.9325
INFO:__main__:验证的best_acc:0.9487
INFO:__main__:----------------------------------------------------------------------------------------------------
INFO:__main__:
【train】epoch:143/150 loss:0.0047 acc:0.9986
INFO:__main__:
【val】epoch:143/150 loss:0.2539 acc:0.9463
INFO:__main__:
【Val】:  SENS: 0.9328  SPEC: 0.9547  PPV: 0.9269  NPV: 0.9584 F1:0.9298
INFO:__main__:验证的best_acc:0.9487
INFO:__main__:----------------------------------------------------------------------------------------------------
INFO:__main__:
【train】epoch:144/150 loss:0.0024 acc:0.9992
INFO:__main__:
【val】epoch:144/150 loss:0.2870 acc:0.9439
INFO:__main__:
【Val】:  SENS: 0.9244  SPEC: 0.9560  PPV: 0.9283  NPV: 0.9535 F1:0.9263
INFO:__main__:验证的best_acc:0.9487
INFO:__main__:----------------------------------------------------------------------------------------------------
INFO:__main__:
【train】epoch:145/150 loss:0.0030 acc:0.9984
INFO:__main__:
【val】epoch:145/150 loss:0.2846 acc:0.9423
INFO:__main__:
【Val】:  SENS: 0.9181  SPEC: 0.9573  PPV: 0.9298  NPV: 0.9499 F1:0.9239
INFO:__main__:验证的best_acc:0.9487
INFO:__main__:----------------------------------------------------------------------------------------------------
INFO:__main__:
【train】epoch:146/150 loss:0.0017 acc:0.9996
INFO:__main__:
【val】epoch:146/150 loss:0.2791 acc:0.9439
INFO:__main__:
【Val】:  SENS: 0.9139  SPEC: 0.9624  PPV: 0.9375  NPV: 0.9477 F1:0.9255
INFO:__main__:验证的best_acc:0.9487
INFO:__main__:----------------------------------------------------------------------------------------------------
INFO:__main__:
【train】epoch:147/150 loss:0.0025 acc:0.9994
INFO:__main__:
【val】epoch:147/150 loss:0.2777 acc:0.9439
INFO:__main__:
【Val】:  SENS: 0.9139  SPEC: 0.9624  PPV: 0.9375  NPV: 0.9477 F1:0.9255
INFO:__main__:验证的best_acc:0.9487
INFO:__main__:----------------------------------------------------------------------------------------------------
INFO:__main__:
【train】epoch:148/150 loss:0.0036 acc:0.9986
INFO:__main__:
【val】epoch:148/150 loss:0.2857 acc:0.9391
INFO:__main__:
【Val】:  SENS: 0.9118  SPEC: 0.9560  PPV: 0.9274  NPV: 0.9462 F1:0.9195
INFO:__main__:验证的best_acc:0.9487
INFO:__main__:----------------------------------------------------------------------------------------------------
INFO:__main__:
【train】epoch:149/150 loss:0.0021 acc:0.9994
INFO:__main__:
【val】epoch:149/150 loss:0.2933 acc:0.9407
INFO:__main__:
【Val】:  SENS: 0.9118  SPEC: 0.9585  PPV: 0.9313  NPV: 0.9463 F1:0.9214
INFO:__main__:验证的best_acc:0.9487
INFO:__main__:----------------------------------------------------------------------------------------------------
INFO:__main__:****************************************************************************************************
INFO:__main__:Val_LOSS:['0.4346', '0.6378', '0.4152', '0.5411', '0.4667', '0.2862', '0.3334', '0.3538', '0.2345', '0.2564', '0.1950', '0.2111', '0.2201', '0.2311', '0.2738', '0.2750', '0.2363', '0.2592', '0.2553', '0.2877', '0.3148', '0.2628', '0.2365', '0.2477', '0.2549', '0.3105', '0.3191', '0.2448', '0.1837', '0.2536', '0.2860', '0.2082', '0.2111', '0.2358', '0.2154', '0.2065', '0.2341', '0.2368', '0.2619', '0.2347', '0.2224', '0.2711', '0.2201', '0.2283', '0.2349', '0.2890', '0.2320', '0.2294', '0.1960', '0.2009', '0.2315', '0.2387', '0.2035', '0.1987', '0.2582', '0.2184', '0.2111', '0.2354', '0.2294', '0.2117', '0.1996', '0.2162', '0.2461', '0.2420', '0.2211', '0.2146', '0.2322', '0.2256', '0.2297', '0.2334', '0.2246', '0.2337', '0.2468', '0.2435', '0.2532', '0.2297', '0.2354', '0.2353', '0.2640', '0.2673', '0.2448', '0.3002', '0.2530', '0.2423', '0.2460', '0.2500', '0.2884', '0.2534', '0.2828', '0.2977', '0.3080', '0.2931', '0.2825', '0.2700', '0.2337', '0.2422', '0.2553', '0.2501', '0.2573', '0.2604', '0.2747', '0.2387', '0.2592', '0.2831', '0.2645', '0.3034', '0.2722', '0.2533', '0.2484', '0.2291', '0.2602', '0.3068', '0.2903', '0.3014', '0.2807', '0.2875', '0.3128', '0.3162', '0.2797', '0.3018', '0.3259', '0.2749', '0.3021', '0.3006', '0.2787', '0.3064', '0.2920', '0.2617', '0.2328', '0.2572', '0.2532', '0.2482', '0.2640', '0.2518', '0.2639', '0.2886', '0.2687', '0.2739', '0.2629', '0.2733', '0.2735', '0.2603', '0.2470', '0.2539', '0.2870', '0.2846', '0.2791', '0.2777', '0.2857', '0.2933']
INFO:__main__:Val_ACC:['0.7965', '0.6795', '0.8157', '0.7516', '0.8005', '0.8798', '0.8702', '0.8293', '0.8982', '0.8918', '0.9167', '0.9119', '0.9151', '0.9127', '0.8862', '0.8886', '0.9119', '0.9014', '0.8998', '0.9103', '0.8902', '0.9127', '0.9151', '0.9135', '0.9127', '0.9095', '0.9087', '0.9239', '0.9367', '0.9303', '0.9103', '0.9303', '0.9295', '0.9303', '0.9327', '0.9367', '0.9359', '0.9311', '0.9343', '0.9311', '0.9375', '0.9191', '0.9367', '0.9327', '0.9247', '0.9143', '0.9231', '0.9191', '0.9367', '0.9287', '0.9367', '0.9311', '0.9335', '0.9463', '0.9311', '0.9367', '0.9415', '0.9375', '0.9335', '0.9399', '0.9407', '0.9447', '0.9351', '0.9351', '0.9407', '0.9375', '0.9375', '0.9311', '0.9311', '0.9367', '0.9391', '0.9383', '0.9263', '0.9311', '0.9327', '0.9383', '0.9375', '0.9319', '0.9335', '0.9343', '0.9399', '0.9359', '0.9447', '0.9415', '0.9407', '0.9375', '0.9359', '0.9399', '0.9407', '0.9407', '0.9343', '0.9359', '0.9383', '0.9415', '0.9423', '0.9375', '0.9407', '0.9391', '0.9319', '0.9375', '0.9383', '0.9455', '0.9383', '0.9415', '0.9463', '0.9383', '0.9415', '0.9471', '0.9447', '0.9471', '0.9375', '0.9319', '0.9351', '0.9391', '0.9383', '0.9383', '0.9375', '0.9375', '0.9399', '0.9343', '0.9367', '0.9407', '0.9415', '0.9375', '0.9399', '0.9415', '0.9399', '0.9431', '0.9455', '0.9423', '0.9447', '0.9479', '0.9439', '0.9455', '0.9455', '0.9383', '0.9391', '0.9399', '0.9439', '0.9407', '0.9439', '0.9487', '0.9487', '0.9463', '0.9439', '0.9423', '0.9439', '0.9439', '0.9391', '0.9407']
INFO:__main__:****************************************************************************************************
INFO:__main__:best_acc:0.9487  对应epoch:141  
 对应sens0.9307  spec0.9598  ppv0.9346  npv0.9574  F10.9326
