INFO:__main__:
【train】epoch:0/150 loss:0.9601 acc:0.5424
INFO:__main__:
【val】epoch:0/150 loss:0.8344 acc:0.6228
INFO:__main__:
【Val】:  SENS: 0.2277  SPEC: 0.8476  PPV: 0.4596  NPV: 0.6585 F1:0.3045
INFO:__main__:验证的best_acc:0.6228
INFO:__main__:----------------------------------------------------------------------------------------------------
INFO:__main__:
【train】epoch:1/150 loss:0.8560 acc:0.5573
INFO:__main__:
【val】epoch:1/150 loss:0.6820 acc:0.6239
INFO:__main__:
【Val】:  SENS: 0.2092  SPEC: 0.8599  PPV: 0.4595  NPV: 0.6564 F1:0.2875
INFO:__main__:验证的best_acc:0.6239
INFO:__main__:----------------------------------------------------------------------------------------------------
INFO:__main__:
【train】epoch:2/150 loss:0.8484 acc:0.5609
INFO:__main__:
【val】epoch:2/150 loss:0.6980 acc:0.6261
INFO:__main__:
【Val】:  SENS: 0.0954  SPEC: 0.9282  PPV: 0.4306  NPV: 0.6432 F1:0.1562
INFO:__main__:验证的best_acc:0.6261
INFO:__main__:----------------------------------------------------------------------------------------------------
INFO:__main__:
【train】epoch:3/150 loss:0.7783 acc:0.5757
INFO:__main__:
【val】epoch:3/150 loss:0.6503 acc:0.6440
INFO:__main__:
【Val】:  SENS: 0.1323  SPEC: 0.9352  PPV: 0.5375  NPV: 0.6544 F1:0.2123
INFO:__main__:验证的best_acc:0.6440
INFO:__main__:----------------------------------------------------------------------------------------------------
INFO:__main__:
【train】epoch:4/150 loss:0.6826 acc:0.6090
INFO:__main__:
【val】epoch:4/150 loss:0.6407 acc:0.6272
INFO:__main__:
【Val】:  SENS: 0.0646  SPEC: 0.9475  PPV: 0.4118  NPV: 0.6402 F1:0.1117
INFO:__main__:验证的best_acc:0.6440
INFO:__main__:----------------------------------------------------------------------------------------------------
INFO:__main__:
【train】epoch:5/150 loss:0.6607 acc:0.6288
INFO:__main__:
【val】epoch:5/150 loss:0.6274 acc:0.6429
INFO:__main__:
【Val】:  SENS: 0.0369  SPEC: 0.9877  PPV: 0.6316  NPV: 0.6431 F1:0.0698
INFO:__main__:验证的best_acc:0.6440
INFO:__main__:----------------------------------------------------------------------------------------------------
INFO:__main__:
【train】epoch:6/150 loss:0.6580 acc:0.6304
INFO:__main__:
【val】epoch:6/150 loss:0.6447 acc:0.6317
INFO:__main__:
【Val】:  SENS: 0.0215  SPEC: 0.9790  PPV: 0.3684  NPV: 0.6374 F1:0.0407
INFO:__main__:验证的best_acc:0.6440
INFO:__main__:----------------------------------------------------------------------------------------------------
INFO:__main__:
【train】epoch:7/150 loss:0.6572 acc:0.6332
INFO:__main__:
【val】epoch:7/150 loss:0.6322 acc:0.6350
INFO:__main__:
【Val】:  SENS: 0.0062  SPEC: 0.9930  PPV: 0.3333  NPV: 0.6371 F1:0.0121
INFO:__main__:验证的best_acc:0.6440
INFO:__main__:----------------------------------------------------------------------------------------------------
INFO:__main__:
【train】epoch:8/150 loss:0.6548 acc:0.6298
INFO:__main__:
【val】epoch:8/150 loss:0.6427 acc:0.6283
INFO:__main__:
【Val】:  SENS: 0.0369  SPEC: 0.9650  PPV: 0.3750  NPV: 0.6377 F1:0.0672
INFO:__main__:验证的best_acc:0.6440
INFO:__main__:----------------------------------------------------------------------------------------------------
INFO:__main__:
【train】epoch:9/150 loss:0.6533 acc:0.6311
INFO:__main__:
【val】epoch:9/150 loss:0.6272 acc:0.6395
INFO:__main__:
【Val】:  SENS: 0.0246  SPEC: 0.9895  PPV: 0.5714  NPV: 0.6406 F1:0.0472
INFO:__main__:验证的best_acc:0.6440
INFO:__main__:----------------------------------------------------------------------------------------------------
INFO:__main__:
【train】epoch:10/150 loss:0.6498 acc:0.6307
INFO:__main__:
【val】epoch:10/150 loss:0.6220 acc:0.6429
INFO:__main__:
【Val】:  SENS: 0.0523  SPEC: 0.9790  PPV: 0.5862  NPV: 0.6448 F1:0.0960
INFO:__main__:验证的best_acc:0.6440
INFO:__main__:----------------------------------------------------------------------------------------------------
INFO:__main__:
【train】epoch:11/150 loss:0.6507 acc:0.6346
INFO:__main__:
【val】epoch:11/150 loss:0.6283 acc:0.6406
INFO:__main__:
【Val】:  SENS: 0.0215  SPEC: 0.9930  PPV: 0.6364  NPV: 0.6407 F1:0.0417
INFO:__main__:验证的best_acc:0.6440
INFO:__main__:----------------------------------------------------------------------------------------------------
INFO:__main__:
【train】epoch:12/150 loss:0.6488 acc:0.6356
INFO:__main__:
【val】epoch:12/150 loss:0.6305 acc:0.6362
INFO:__main__:
【Val】:  SENS: 0.0431  SPEC: 0.9737  PPV: 0.4828  NPV: 0.6413 F1:0.0791
INFO:__main__:验证的best_acc:0.6440
INFO:__main__:----------------------------------------------------------------------------------------------------
INFO:__main__:
【train】epoch:13/150 loss:0.6509 acc:0.6322
INFO:__main__:
【val】epoch:13/150 loss:0.6237 acc:0.6484
INFO:__main__:
【Val】:  SENS: 0.0462  SPEC: 0.9912  PPV: 0.7500  NPV: 0.6461 F1:0.0870
INFO:__main__:验证的best_acc:0.6484
INFO:__main__:----------------------------------------------------------------------------------------------------
INFO:__main__:
【train】epoch:14/150 loss:0.6476 acc:0.6349
INFO:__main__:
【val】epoch:14/150 loss:0.6192 acc:0.6496
INFO:__main__:
【Val】:  SENS: 0.0615  SPEC: 0.9842  PPV: 0.6897  NPV: 0.6482 F1:0.1130
INFO:__main__:验证的best_acc:0.6496
INFO:__main__:----------------------------------------------------------------------------------------------------
INFO:__main__:
【train】epoch:15/150 loss:0.6497 acc:0.6359
INFO:__main__:
【val】epoch:15/150 loss:0.6149 acc:0.6417
INFO:__main__:
【Val】:  SENS: 0.0462  SPEC: 0.9807  PPV: 0.5769  NPV: 0.6437 F1:0.0855
INFO:__main__:验证的best_acc:0.6496
INFO:__main__:----------------------------------------------------------------------------------------------------
INFO:__main__:
【train】epoch:16/150 loss:0.6495 acc:0.6355
INFO:__main__:
【val】epoch:16/150 loss:0.6190 acc:0.6451
INFO:__main__:
【Val】:  SENS: 0.0462  SPEC: 0.9860  PPV: 0.6522  NPV: 0.6449 F1:0.0862
INFO:__main__:验证的best_acc:0.6496
INFO:__main__:----------------------------------------------------------------------------------------------------
INFO:__main__:
【train】epoch:17/150 loss:0.6477 acc:0.6338
INFO:__main__:
【val】epoch:17/150 loss:0.6104 acc:0.6507
INFO:__main__:
【Val】:  SENS: 0.0677  SPEC: 0.9825  PPV: 0.6875  NPV: 0.6493 F1:0.1232
INFO:__main__:验证的best_acc:0.6507
INFO:__main__:----------------------------------------------------------------------------------------------------
INFO:__main__:
【train】epoch:18/150 loss:0.6484 acc:0.6368
INFO:__main__:
【val】epoch:18/150 loss:0.6210 acc:0.6451
INFO:__main__:
【Val】:  SENS: 0.0523  SPEC: 0.9825  PPV: 0.6296  NPV: 0.6456 F1:0.0966
INFO:__main__:验证的best_acc:0.6507
INFO:__main__:----------------------------------------------------------------------------------------------------
INFO:__main__:
【train】epoch:19/150 loss:0.6477 acc:0.6353
INFO:__main__:
【val】epoch:19/150 loss:0.6173 acc:0.6417
INFO:__main__:
【Val】:  SENS: 0.0431  SPEC: 0.9825  PPV: 0.5833  NPV: 0.6433 F1:0.0802
INFO:__main__:验证的best_acc:0.6507
INFO:__main__:----------------------------------------------------------------------------------------------------
INFO:__main__:
【train】epoch:20/150 loss:0.6449 acc:0.6391
INFO:__main__:
【val】epoch:20/150 loss:0.6114 acc:0.6529
INFO:__main__:
【Val】:  SENS: 0.0800  SPEC: 0.9790  PPV: 0.6842  NPV: 0.6515 F1:0.1433
INFO:__main__:验证的best_acc:0.6529
INFO:__main__:----------------------------------------------------------------------------------------------------
INFO:__main__:
【train】epoch:21/150 loss:0.6461 acc:0.6356
INFO:__main__:
【val】epoch:21/150 loss:0.6150 acc:0.6551
INFO:__main__:
【Val】:  SENS: 0.1138  SPEC: 0.9632  PPV: 0.6379  NPV: 0.6563 F1:0.1932
INFO:__main__:验证的best_acc:0.6551
INFO:__main__:----------------------------------------------------------------------------------------------------
INFO:__main__:
【train】epoch:22/150 loss:0.6445 acc:0.6353
INFO:__main__:
【val】epoch:22/150 loss:0.6230 acc:0.6373
INFO:__main__:
【Val】:  SENS: 0.0954  SPEC: 0.9457  PPV: 0.5000  NPV: 0.6475 F1:0.1602
INFO:__main__:验证的best_acc:0.6551
INFO:__main__:----------------------------------------------------------------------------------------------------
INFO:__main__:
【train】epoch:23/150 loss:0.6403 acc:0.6378
INFO:__main__:
【val】epoch:23/150 loss:0.6152 acc:0.6473
INFO:__main__:
【Val】:  SENS: 0.1046  SPEC: 0.9562  PPV: 0.5763  NPV: 0.6523 F1:0.1771
INFO:__main__:验证的best_acc:0.6551
INFO:__main__:----------------------------------------------------------------------------------------------------
INFO:__main__:
【train】epoch:24/150 loss:0.6407 acc:0.6402
INFO:__main__:
【val】epoch:24/150 loss:0.6113 acc:0.6417
INFO:__main__:
【Val】:  SENS: 0.0708  SPEC: 0.9667  PPV: 0.5476  NPV: 0.6464 F1:0.1253
INFO:__main__:验证的best_acc:0.6551
INFO:__main__:----------------------------------------------------------------------------------------------------
INFO:__main__:
【train】epoch:25/150 loss:0.6421 acc:0.6394
INFO:__main__:
【val】epoch:25/150 loss:0.6128 acc:0.6484
INFO:__main__:
【Val】:  SENS: 0.1046  SPEC: 0.9580  PPV: 0.5862  NPV: 0.6527 F1:0.1775
INFO:__main__:验证的best_acc:0.6551
INFO:__main__:----------------------------------------------------------------------------------------------------
INFO:__main__:
【train】epoch:26/150 loss:0.6453 acc:0.6355
INFO:__main__:
【val】epoch:26/150 loss:0.6181 acc:0.6451
INFO:__main__:
【Val】:  SENS: 0.1077  SPEC: 0.9510  PPV: 0.5556  NPV: 0.6519 F1:0.1804
INFO:__main__:验证的best_acc:0.6551
INFO:__main__:----------------------------------------------------------------------------------------------------
INFO:__main__:
【train】epoch:27/150 loss:0.6437 acc:0.6371
INFO:__main__:
【val】epoch:27/150 loss:0.6071 acc:0.6518
INFO:__main__:
【Val】:  SENS: 0.1138  SPEC: 0.9580  PPV: 0.6066  NPV: 0.6551 F1:0.1917
INFO:__main__:验证的best_acc:0.6551
INFO:__main__:----------------------------------------------------------------------------------------------------
INFO:__main__:
【train】epoch:28/150 loss:0.6406 acc:0.6410
INFO:__main__:
【val】epoch:28/150 loss:0.6136 acc:0.6440
INFO:__main__:
【Val】:  SENS: 0.0769  SPEC: 0.9667  PPV: 0.5682  NPV: 0.6479 F1:0.1355
INFO:__main__:验证的best_acc:0.6551
INFO:__main__:----------------------------------------------------------------------------------------------------
INFO:__main__:
【train】epoch:29/150 loss:0.6407 acc:0.6410
INFO:__main__:
【val】epoch:29/150 loss:0.6095 acc:0.6551
INFO:__main__:
【Val】:  SENS: 0.1108  SPEC: 0.9650  PPV: 0.6429  NPV: 0.6560 F1:0.1890
INFO:__main__:验证的best_acc:0.6551
INFO:__main__:----------------------------------------------------------------------------------------------------
INFO:__main__:
【train】epoch:30/150 loss:0.6413 acc:0.6380
INFO:__main__:
【val】epoch:30/150 loss:0.6080 acc:0.6518
INFO:__main__:
【Val】:  SENS: 0.0831  SPEC: 0.9755  PPV: 0.6585  NPV: 0.6515 F1:0.1475
INFO:__main__:验证的best_acc:0.6551
INFO:__main__:----------------------------------------------------------------------------------------------------
INFO:__main__:
【train】epoch:31/150 loss:0.6411 acc:0.6412
INFO:__main__:
【val】epoch:31/150 loss:0.6070 acc:0.6540
INFO:__main__:
【Val】:  SENS: 0.0985  SPEC: 0.9702  PPV: 0.6531  NPV: 0.6541 F1:0.1711
INFO:__main__:验证的best_acc:0.6551
INFO:__main__:----------------------------------------------------------------------------------------------------
INFO:__main__:
【train】epoch:32/150 loss:0.6385 acc:0.6421
INFO:__main__:
【val】epoch:32/150 loss:0.6005 acc:0.6551
INFO:__main__:
【Val】:  SENS: 0.1015  SPEC: 0.9702  PPV: 0.6600  NPV: 0.6548 F1:0.1760
INFO:__main__:验证的best_acc:0.6551
INFO:__main__:----------------------------------------------------------------------------------------------------
INFO:__main__:
【train】epoch:33/150 loss:0.6357 acc:0.6432
INFO:__main__:
【val】epoch:33/150 loss:0.6053 acc:0.6585
INFO:__main__:
【Val】:  SENS: 0.1323  SPEC: 0.9580  PPV: 0.6418  NPV: 0.6598 F1:0.2194
INFO:__main__:验证的best_acc:0.6585
INFO:__main__:----------------------------------------------------------------------------------------------------
INFO:__main__:
【train】epoch:34/150 loss:0.6359 acc:0.6404
INFO:__main__:
【val】epoch:34/150 loss:0.6053 acc:0.6551
INFO:__main__:
【Val】:  SENS: 0.1631  SPEC: 0.9352  PPV: 0.5889  NPV: 0.6625 F1:0.2554
INFO:__main__:验证的best_acc:0.6585
INFO:__main__:----------------------------------------------------------------------------------------------------
INFO:__main__:
【train】epoch:35/150 loss:0.6371 acc:0.6406
INFO:__main__:
【val】epoch:35/150 loss:0.5986 acc:0.6562
INFO:__main__:
【Val】:  SENS: 0.1231  SPEC: 0.9597  PPV: 0.6349  NPV: 0.6579 F1:0.2062
INFO:__main__:验证的best_acc:0.6585
INFO:__main__:----------------------------------------------------------------------------------------------------
INFO:__main__:
【train】epoch:36/150 loss:0.6345 acc:0.6414
INFO:__main__:
【val】epoch:36/150 loss:0.6024 acc:0.6574
INFO:__main__:
【Val】:  SENS: 0.2000  SPEC: 0.9177  PPV: 0.5804  NPV: 0.6684 F1:0.2975
INFO:__main__:验证的best_acc:0.6585
INFO:__main__:----------------------------------------------------------------------------------------------------
INFO:__main__:
【train】epoch:37/150 loss:0.6348 acc:0.6414
INFO:__main__:
【val】epoch:37/150 loss:0.5917 acc:0.6607
INFO:__main__:
【Val】:  SENS: 0.1323  SPEC: 0.9615  PPV: 0.6615  NPV: 0.6606 F1:0.2205
INFO:__main__:验证的best_acc:0.6607
INFO:__main__:----------------------------------------------------------------------------------------------------
INFO:__main__:
【train】epoch:38/150 loss:0.6317 acc:0.6465
INFO:__main__:
【val】epoch:38/150 loss:0.6024 acc:0.6607
INFO:__main__:
【Val】:  SENS: 0.2154  SPEC: 0.9142  PPV: 0.5882  NPV: 0.6718 F1:0.3153
INFO:__main__:验证的best_acc:0.6607
INFO:__main__:----------------------------------------------------------------------------------------------------
INFO:__main__:
【train】epoch:39/150 loss:0.6293 acc:0.6511
INFO:__main__:
【val】epoch:39/150 loss:0.5926 acc:0.6674
INFO:__main__:
【Val】:  SENS: 0.2031  SPEC: 0.9317  PPV: 0.6286  NPV: 0.6726 F1:0.3070
INFO:__main__:验证的best_acc:0.6674
INFO:__main__:----------------------------------------------------------------------------------------------------
INFO:__main__:
【train】epoch:40/150 loss:0.6284 acc:0.6522
INFO:__main__:
【val】epoch:40/150 loss:0.5886 acc:0.6685
INFO:__main__:
【Val】:  SENS: 0.2338  SPEC: 0.9159  PPV: 0.6129  NPV: 0.6775 F1:0.3385
INFO:__main__:验证的best_acc:0.6685
INFO:__main__:----------------------------------------------------------------------------------------------------
INFO:__main__:
【train】epoch:41/150 loss:0.6304 acc:0.6444
INFO:__main__:
【val】epoch:41/150 loss:0.5879 acc:0.6663
INFO:__main__:
【Val】:  SENS: 0.2062  SPEC: 0.9282  PPV: 0.6204  NPV: 0.6726 F1:0.3095
INFO:__main__:验证的best_acc:0.6685
INFO:__main__:----------------------------------------------------------------------------------------------------
INFO:__main__:
【train】epoch:42/150 loss:0.6260 acc:0.6554
INFO:__main__:
【val】epoch:42/150 loss:0.5854 acc:0.6797
INFO:__main__:
【Val】:  SENS: 0.3169  SPEC: 0.8862  PPV: 0.6131  NPV: 0.6951 F1:0.4178
INFO:__main__:验证的best_acc:0.6797
INFO:__main__:----------------------------------------------------------------------------------------------------
INFO:__main__:
【train】epoch:43/150 loss:0.6230 acc:0.6541
INFO:__main__:
【val】epoch:43/150 loss:0.5858 acc:0.6730
INFO:__main__:
【Val】:  SENS: 0.2892  SPEC: 0.8914  PPV: 0.6026  NPV: 0.6878 F1:0.3909
INFO:__main__:验证的best_acc:0.6797
INFO:__main__:----------------------------------------------------------------------------------------------------
INFO:__main__:
【train】epoch:44/150 loss:0.6239 acc:0.6541
INFO:__main__:
【val】epoch:44/150 loss:0.5792 acc:0.6696
INFO:__main__:
【Val】:  SENS: 0.2462  SPEC: 0.9107  PPV: 0.6107  NPV: 0.6797 F1:0.3509
INFO:__main__:验证的best_acc:0.6797
INFO:__main__:----------------------------------------------------------------------------------------------------
INFO:__main__:
【train】epoch:45/150 loss:0.6242 acc:0.6568
INFO:__main__:
【val】epoch:45/150 loss:0.5918 acc:0.6719
INFO:__main__:
【Val】:  SENS: 0.3169  SPEC: 0.8739  PPV: 0.5886  NPV: 0.6921 F1:0.4120
INFO:__main__:验证的best_acc:0.6797
INFO:__main__:----------------------------------------------------------------------------------------------------
INFO:__main__:
【train】epoch:46/150 loss:0.6206 acc:0.6556
INFO:__main__:
【val】epoch:46/150 loss:0.5758 acc:0.6864
INFO:__main__:
【Val】:  SENS: 0.3108  SPEC: 0.9002  PPV: 0.6392  NPV: 0.6965 F1:0.4182
INFO:__main__:验证的best_acc:0.6864
INFO:__main__:----------------------------------------------------------------------------------------------------
INFO:__main__:
【train】epoch:47/150 loss:0.6230 acc:0.6552
INFO:__main__:
【val】epoch:47/150 loss:0.5773 acc:0.6842
INFO:__main__:
【Val】:  SENS: 0.3754  SPEC: 0.8599  PPV: 0.6040  NPV: 0.7075 F1:0.4630
INFO:__main__:验证的best_acc:0.6864
INFO:__main__:----------------------------------------------------------------------------------------------------
INFO:__main__:
【train】epoch:48/150 loss:0.6185 acc:0.6562
INFO:__main__:
【val】epoch:48/150 loss:0.5799 acc:0.6797
INFO:__main__:
【Val】:  SENS: 0.3877  SPEC: 0.8459  PPV: 0.5888  NPV: 0.7082 F1:0.4675
INFO:__main__:验证的best_acc:0.6864
INFO:__main__:----------------------------------------------------------------------------------------------------
INFO:__main__:
【train】epoch:49/150 loss:0.6177 acc:0.6554
INFO:__main__:
【val】epoch:49/150 loss:0.5658 acc:0.6964
INFO:__main__:
【Val】:  SENS: 0.3046  SPEC: 0.9194  PPV: 0.6828  NPV: 0.6991 F1:0.4213
INFO:__main__:验证的best_acc:0.6964
INFO:__main__:----------------------------------------------------------------------------------------------------
INFO:__main__:
【train】epoch:50/150 loss:0.6145 acc:0.6568
INFO:__main__:
【val】epoch:50/150 loss:0.5688 acc:0.6875
INFO:__main__:
【Val】:  SENS: 0.3292  SPEC: 0.8914  PPV: 0.6331  NPV: 0.7001 F1:0.4332
INFO:__main__:验证的best_acc:0.6964
INFO:__main__:----------------------------------------------------------------------------------------------------
INFO:__main__:
【train】epoch:51/150 loss:0.6112 acc:0.6633
INFO:__main__:
【val】epoch:51/150 loss:0.5638 acc:0.6908
INFO:__main__:
【Val】:  SENS: 0.3631  SPEC: 0.8774  PPV: 0.6277  NPV: 0.7076 F1:0.4600
INFO:__main__:验证的best_acc:0.6964
INFO:__main__:----------------------------------------------------------------------------------------------------
INFO:__main__:
【train】epoch:52/150 loss:0.6134 acc:0.6644
INFO:__main__:
【val】epoch:52/150 loss:0.5625 acc:0.6931
INFO:__main__:
【Val】:  SENS: 0.3662  SPEC: 0.8792  PPV: 0.6330  NPV: 0.7090 F1:0.4639
INFO:__main__:验证的best_acc:0.6964
INFO:__main__:----------------------------------------------------------------------------------------------------
INFO:__main__:
【train】epoch:53/150 loss:0.6111 acc:0.6651
INFO:__main__:
【val】epoch:53/150 loss:0.5635 acc:0.6998
INFO:__main__:
【Val】:  SENS: 0.4092  SPEC: 0.8651  PPV: 0.6333  NPV: 0.7201 F1:0.4972
INFO:__main__:验证的best_acc:0.6998
INFO:__main__:----------------------------------------------------------------------------------------------------
INFO:__main__:
【train】epoch:54/150 loss:0.6101 acc:0.6702
INFO:__main__:
【val】epoch:54/150 loss:0.5612 acc:0.6953
INFO:__main__:
【Val】:  SENS: 0.4031  SPEC: 0.8616  PPV: 0.6238  NPV: 0.7172 F1:0.4897
INFO:__main__:验证的best_acc:0.6998
INFO:__main__:----------------------------------------------------------------------------------------------------
INFO:__main__:
【train】epoch:55/150 loss:0.6117 acc:0.6595
INFO:__main__:
【val】epoch:55/150 loss:0.5545 acc:0.6920
INFO:__main__:
【Val】:  SENS: 0.2985  SPEC: 0.9159  PPV: 0.6690  NPV: 0.6964 F1:0.4128
INFO:__main__:验证的best_acc:0.6998
INFO:__main__:----------------------------------------------------------------------------------------------------
INFO:__main__:
【train】epoch:56/150 loss:0.6059 acc:0.6663
INFO:__main__:
【val】epoch:56/150 loss:0.5556 acc:0.7042
INFO:__main__:
【Val】:  SENS: 0.3969  SPEC: 0.8792  PPV: 0.6515  NPV: 0.7192 F1:0.4933
INFO:__main__:验证的best_acc:0.7042
INFO:__main__:----------------------------------------------------------------------------------------------------
INFO:__main__:
【train】epoch:57/150 loss:0.6102 acc:0.6611
INFO:__main__:
【val】epoch:57/150 loss:0.5547 acc:0.7042
INFO:__main__:
【Val】:  SENS: 0.3969  SPEC: 0.8792  PPV: 0.6515  NPV: 0.7192 F1:0.4933
INFO:__main__:验证的best_acc:0.7042
INFO:__main__:----------------------------------------------------------------------------------------------------
INFO:__main__:
【train】epoch:58/150 loss:0.6088 acc:0.6715
INFO:__main__:
【val】epoch:58/150 loss:0.5584 acc:0.7065
INFO:__main__:
【Val】:  SENS: 0.4031  SPEC: 0.8792  PPV: 0.6550  NPV: 0.7213 F1:0.4990
INFO:__main__:验证的best_acc:0.7065
INFO:__main__:----------------------------------------------------------------------------------------------------
INFO:__main__:
【train】epoch:59/150 loss:0.6045 acc:0.6668
INFO:__main__:
【val】epoch:59/150 loss:0.5538 acc:0.7065
INFO:__main__:
【Val】:  SENS: 0.3785  SPEC: 0.8932  PPV: 0.6685  NPV: 0.7163 F1:0.4833
INFO:__main__:验证的best_acc:0.7065
INFO:__main__:----------------------------------------------------------------------------------------------------
INFO:__main__:
【train】epoch:60/150 loss:0.5982 acc:0.6739
INFO:__main__:
【val】epoch:60/150 loss:0.5514 acc:0.7042
INFO:__main__:
【Val】:  SENS: 0.4431  SPEC: 0.8529  PPV: 0.6316  NPV: 0.7290 F1:0.5208
INFO:__main__:验证的best_acc:0.7065
INFO:__main__:----------------------------------------------------------------------------------------------------
INFO:__main__:
【train】epoch:61/150 loss:0.5985 acc:0.6743
INFO:__main__:
【val】epoch:61/150 loss:0.5444 acc:0.7188
INFO:__main__:
【Val】:  SENS: 0.4092  SPEC: 0.8949  PPV: 0.6891  NPV: 0.7269 F1:0.5135
INFO:__main__:验证的best_acc:0.7188
INFO:__main__:----------------------------------------------------------------------------------------------------
INFO:__main__:
【train】epoch:62/150 loss:0.5979 acc:0.6712
INFO:__main__:
【val】epoch:62/150 loss:0.5434 acc:0.7098
INFO:__main__:
【Val】:  SENS: 0.4092  SPEC: 0.8809  PPV: 0.6617  NPV: 0.7237 F1:0.5057
INFO:__main__:验证的best_acc:0.7188
INFO:__main__:----------------------------------------------------------------------------------------------------
INFO:__main__:
【train】epoch:63/150 loss:0.5972 acc:0.6728
INFO:__main__:
【val】epoch:63/150 loss:0.5384 acc:0.7199
INFO:__main__:
【Val】:  SENS: 0.4215  SPEC: 0.8897  PPV: 0.6850  NPV: 0.7299 F1:0.5219
INFO:__main__:验证的best_acc:0.7199
INFO:__main__:----------------------------------------------------------------------------------------------------
INFO:__main__:
【train】epoch:64/150 loss:0.5949 acc:0.6747
INFO:__main__:
【val】epoch:64/150 loss:0.5501 acc:0.7020
INFO:__main__:
【Val】:  SENS: 0.4892  SPEC: 0.8231  PPV: 0.6115  NPV: 0.7390 F1:0.5436
INFO:__main__:验证的best_acc:0.7199
INFO:__main__:----------------------------------------------------------------------------------------------------
INFO:__main__:
【train】epoch:65/150 loss:0.5983 acc:0.6766
INFO:__main__:
【val】epoch:65/150 loss:0.5427 acc:0.7176
INFO:__main__:
【Val】:  SENS: 0.4831  SPEC: 0.8511  PPV: 0.6488  NPV: 0.7431 F1:0.5538
INFO:__main__:验证的best_acc:0.7199
INFO:__main__:----------------------------------------------------------------------------------------------------
INFO:__main__:
【train】epoch:66/150 loss:0.5946 acc:0.6745
INFO:__main__:
【val】epoch:66/150 loss:0.5422 acc:0.7143
INFO:__main__:
【Val】:  SENS: 0.5108  SPEC: 0.8301  PPV: 0.6312  NPV: 0.7488 F1:0.5646
INFO:__main__:验证的best_acc:0.7199
INFO:__main__:----------------------------------------------------------------------------------------------------
INFO:__main__:
【train】epoch:67/150 loss:0.5942 acc:0.6726
INFO:__main__:
【val】epoch:67/150 loss:0.5312 acc:0.7132
INFO:__main__:
【Val】:  SENS: 0.4431  SPEC: 0.8669  PPV: 0.6545  NPV: 0.7322 F1:0.5284
INFO:__main__:验证的best_acc:0.7199
INFO:__main__:----------------------------------------------------------------------------------------------------
INFO:__main__:
【train】epoch:68/150 loss:0.5954 acc:0.6783
INFO:__main__:
【val】epoch:68/150 loss:0.5395 acc:0.7210
INFO:__main__:
【Val】:  SENS: 0.5077  SPEC: 0.8424  PPV: 0.6471  NPV: 0.7504 F1:0.5690
INFO:__main__:验证的best_acc:0.7210
INFO:__main__:----------------------------------------------------------------------------------------------------
INFO:__main__:
【train】epoch:69/150 loss:0.5924 acc:0.6776
INFO:__main__:
【val】epoch:69/150 loss:0.5377 acc:0.7087
INFO:__main__:
【Val】:  SENS: 0.5108  SPEC: 0.8214  PPV: 0.6194  NPV: 0.7468 F1:0.5599
INFO:__main__:验证的best_acc:0.7210
INFO:__main__:----------------------------------------------------------------------------------------------------
INFO:__main__:
【train】epoch:70/150 loss:0.5916 acc:0.6749
INFO:__main__:
【val】epoch:70/150 loss:0.5281 acc:0.7199
INFO:__main__:
【Val】:  SENS: 0.4554  SPEC: 0.8704  PPV: 0.6667  NPV: 0.7374 F1:0.5411
INFO:__main__:验证的best_acc:0.7210
INFO:__main__:----------------------------------------------------------------------------------------------------
INFO:__main__:
【train】epoch:71/150 loss:0.5908 acc:0.6789
INFO:__main__:
【val】epoch:71/150 loss:0.5246 acc:0.7266
INFO:__main__:
【Val】:  SENS: 0.4277  SPEC: 0.8967  PPV: 0.7020  NPV: 0.7335 F1:0.5315
INFO:__main__:验证的best_acc:0.7266
INFO:__main__:----------------------------------------------------------------------------------------------------
INFO:__main__:
【train】epoch:72/150 loss:0.5883 acc:0.6810
INFO:__main__:
【val】epoch:72/150 loss:0.5391 acc:0.7076
INFO:__main__:
【Val】:  SENS: 0.5446  SPEC: 0.8004  PPV: 0.6082  NPV: 0.7554 F1:0.5747
INFO:__main__:验证的best_acc:0.7266
INFO:__main__:----------------------------------------------------------------------------------------------------
INFO:__main__:
【train】epoch:73/150 loss:0.5835 acc:0.6848
INFO:__main__:
【val】epoch:73/150 loss:0.5276 acc:0.7154
INFO:__main__:
【Val】:  SENS: 0.5323  SPEC: 0.8196  PPV: 0.6268  NPV: 0.7548 F1:0.5757
INFO:__main__:验证的best_acc:0.7266
INFO:__main__:----------------------------------------------------------------------------------------------------
INFO:__main__:
【train】epoch:74/150 loss:0.5866 acc:0.6808
INFO:__main__:
【val】epoch:74/150 loss:0.5168 acc:0.7321
INFO:__main__:
【Val】:  SENS: 0.4523  SPEC: 0.8914  PPV: 0.7033  NPV: 0.7409 F1:0.5506
INFO:__main__:验证的best_acc:0.7321
INFO:__main__:----------------------------------------------------------------------------------------------------
INFO:__main__:
【train】epoch:75/150 loss:0.5824 acc:0.6838
INFO:__main__:
【val】epoch:75/150 loss:0.5254 acc:0.7299
INFO:__main__:
【Val】:  SENS: 0.5323  SPEC: 0.8424  PPV: 0.6578  NPV: 0.7599 F1:0.5884
INFO:__main__:验证的best_acc:0.7321
INFO:__main__:----------------------------------------------------------------------------------------------------
INFO:__main__:
【train】epoch:76/150 loss:0.5864 acc:0.6898
INFO:__main__:
【val】epoch:76/150 loss:0.5181 acc:0.7355
INFO:__main__:
【Val】:  SENS: 0.4615  SPEC: 0.8914  PPV: 0.7075  NPV: 0.7442 F1:0.5587
INFO:__main__:验证的best_acc:0.7355
INFO:__main__:----------------------------------------------------------------------------------------------------
INFO:__main__:
【train】epoch:77/150 loss:0.5841 acc:0.6833
INFO:__main__:
【val】epoch:77/150 loss:0.5223 acc:0.7344
INFO:__main__:
【Val】:  SENS: 0.5108  SPEC: 0.8616  PPV: 0.6776  NPV: 0.7558 F1:0.5825
INFO:__main__:验证的best_acc:0.7355
INFO:__main__:----------------------------------------------------------------------------------------------------
INFO:__main__:
【train】epoch:78/150 loss:0.5817 acc:0.6836
INFO:__main__:
【val】epoch:78/150 loss:0.5258 acc:0.7232
INFO:__main__:
【Val】:  SENS: 0.5262  SPEC: 0.8354  PPV: 0.6453  NPV: 0.7559 F1:0.5797
INFO:__main__:验证的best_acc:0.7355
INFO:__main__:----------------------------------------------------------------------------------------------------
INFO:__main__:
【train】epoch:79/150 loss:0.5785 acc:0.6885
INFO:__main__:
【val】epoch:79/150 loss:0.5223 acc:0.7221
INFO:__main__:
【Val】:  SENS: 0.5446  SPEC: 0.8231  PPV: 0.6367  NPV: 0.7605 F1:0.5871
INFO:__main__:验证的best_acc:0.7355
INFO:__main__:----------------------------------------------------------------------------------------------------
INFO:__main__:
【train】epoch:80/150 loss:0.5759 acc:0.6895
INFO:__main__:
【val】epoch:80/150 loss:0.5208 acc:0.7188
INFO:__main__:
【Val】:  SENS: 0.5877  SPEC: 0.7933  PPV: 0.6181  NPV: 0.7717 F1:0.6025
INFO:__main__:验证的best_acc:0.7355
INFO:__main__:----------------------------------------------------------------------------------------------------
INFO:__main__:
【train】epoch:81/150 loss:0.5748 acc:0.6865
INFO:__main__:
【val】epoch:81/150 loss:0.5204 acc:0.7254
INFO:__main__:
【Val】:  SENS: 0.5600  SPEC: 0.8196  PPV: 0.6386  NPV: 0.7660 F1:0.5967
INFO:__main__:验证的best_acc:0.7355
INFO:__main__:----------------------------------------------------------------------------------------------------
INFO:__main__:
【train】epoch:82/150 loss:0.5747 acc:0.6874
INFO:__main__:
【val】epoch:82/150 loss:0.5243 acc:0.7254
INFO:__main__:
【Val】:  SENS: 0.5846  SPEC: 0.8056  PPV: 0.6312  NPV: 0.7731 F1:0.6070
INFO:__main__:验证的best_acc:0.7355
INFO:__main__:----------------------------------------------------------------------------------------------------
INFO:__main__:
【train】epoch:83/150 loss:0.5759 acc:0.6908
INFO:__main__:
【val】epoch:83/150 loss:0.5159 acc:0.7243
INFO:__main__:
【Val】:  SENS: 0.5754  SPEC: 0.8091  PPV: 0.6318  NPV: 0.7700 F1:0.6023
INFO:__main__:验证的best_acc:0.7355
INFO:__main__:----------------------------------------------------------------------------------------------------
INFO:__main__:
【train】epoch:84/150 loss:0.5755 acc:0.6920
INFO:__main__:
【val】epoch:84/150 loss:0.5162 acc:0.7366
INFO:__main__:
【Val】:  SENS: 0.5292  SPEC: 0.8546  PPV: 0.6745  NPV: 0.7613 F1:0.5931
INFO:__main__:验证的best_acc:0.7366
INFO:__main__:----------------------------------------------------------------------------------------------------
INFO:__main__:
【train】epoch:85/150 loss:0.5717 acc:0.6938
INFO:__main__:
【val】epoch:85/150 loss:0.5040 acc:0.7377
INFO:__main__:
【Val】:  SENS: 0.5262  SPEC: 0.8581  PPV: 0.6786  NPV: 0.7609 F1:0.5927
INFO:__main__:验证的best_acc:0.7377
INFO:__main__:----------------------------------------------------------------------------------------------------
INFO:__main__:
【train】epoch:86/150 loss:0.5749 acc:0.6856
INFO:__main__:
【val】epoch:86/150 loss:0.5031 acc:0.7377
INFO:__main__:
【Val】:  SENS: 0.5508  SPEC: 0.8441  PPV: 0.6679  NPV: 0.7675 F1:0.6037
INFO:__main__:验证的best_acc:0.7377
INFO:__main__:----------------------------------------------------------------------------------------------------
INFO:__main__:
【train】epoch:87/150 loss:0.5741 acc:0.6943
INFO:__main__:
【val】epoch:87/150 loss:0.5060 acc:0.7467
INFO:__main__:
【Val】:  SENS: 0.5046  SPEC: 0.8844  PPV: 0.7130  NPV: 0.7583 F1:0.5910
INFO:__main__:验证的best_acc:0.7467
INFO:__main__:----------------------------------------------------------------------------------------------------
INFO:__main__:
【train】epoch:88/150 loss:0.5731 acc:0.6946
INFO:__main__:
【val】epoch:88/150 loss:0.5039 acc:0.7400
INFO:__main__:
【Val】:  SENS: 0.5169  SPEC: 0.8669  PPV: 0.6885  NPV: 0.7592 F1:0.5905
INFO:__main__:验证的best_acc:0.7467
INFO:__main__:----------------------------------------------------------------------------------------------------
INFO:__main__:
【train】epoch:89/150 loss:0.5713 acc:0.6895
INFO:__main__:
【val】epoch:89/150 loss:0.5080 acc:0.7400
INFO:__main__:
【Val】:  SENS: 0.5323  SPEC: 0.8581  PPV: 0.6811  NPV: 0.7632 F1:0.5976
INFO:__main__:验证的best_acc:0.7467
INFO:__main__:----------------------------------------------------------------------------------------------------
INFO:__main__:
【train】epoch:90/150 loss:0.5664 acc:0.6947
INFO:__main__:
【val】epoch:90/150 loss:0.4978 acc:0.7444
INFO:__main__:
【Val】:  SENS: 0.5015  SPEC: 0.8827  PPV: 0.7087  NPV: 0.7568 F1:0.5874
INFO:__main__:验证的best_acc:0.7467
INFO:__main__:----------------------------------------------------------------------------------------------------
INFO:__main__:
【train】epoch:91/150 loss:0.5653 acc:0.6963
INFO:__main__:
【val】epoch:91/150 loss:0.5033 acc:0.7388
INFO:__main__:
【Val】:  SENS: 0.5508  SPEC: 0.8459  PPV: 0.6704  NPV: 0.7679 F1:0.6047
INFO:__main__:验证的best_acc:0.7467
INFO:__main__:----------------------------------------------------------------------------------------------------
INFO:__main__:
【train】epoch:92/150 loss:0.5683 acc:0.6959
INFO:__main__:
【val】epoch:92/150 loss:0.5009 acc:0.7366
INFO:__main__:
【Val】:  SENS: 0.5662  SPEC: 0.8336  PPV: 0.6595  NPV: 0.7715 F1:0.6093
INFO:__main__:验证的best_acc:0.7467
INFO:__main__:----------------------------------------------------------------------------------------------------
INFO:__main__:
【train】epoch:93/150 loss:0.5683 acc:0.6961
INFO:__main__:
【val】epoch:93/150 loss:0.4956 acc:0.7433
INFO:__main__:
【Val】:  SENS: 0.5508  SPEC: 0.8529  PPV: 0.6806  NPV: 0.7694 F1:0.6088
INFO:__main__:验证的best_acc:0.7467
INFO:__main__:----------------------------------------------------------------------------------------------------
INFO:__main__:
【train】epoch:94/150 loss:0.5659 acc:0.6929
INFO:__main__:
【val】epoch:94/150 loss:0.4990 acc:0.7444
INFO:__main__:
【Val】:  SENS: 0.5631  SPEC: 0.8476  PPV: 0.6778  NPV: 0.7732 F1:0.6151
INFO:__main__:验证的best_acc:0.7467
INFO:__main__:----------------------------------------------------------------------------------------------------
INFO:__main__:
【train】epoch:95/150 loss:0.5640 acc:0.6973
INFO:__main__:
【val】epoch:95/150 loss:0.5011 acc:0.7444
INFO:__main__:
【Val】:  SENS: 0.5169  SPEC: 0.8739  PPV: 0.7000  NPV: 0.7607 F1:0.5947
INFO:__main__:验证的best_acc:0.7467
INFO:__main__:----------------------------------------------------------------------------------------------------
INFO:__main__:
【train】epoch:96/150 loss:0.5639 acc:0.6944
INFO:__main__:
【val】epoch:96/150 loss:0.4994 acc:0.7444
INFO:__main__:
【Val】:  SENS: 0.5754  SPEC: 0.8406  PPV: 0.6727  NPV: 0.7767 F1:0.6202
INFO:__main__:验证的best_acc:0.7467
INFO:__main__:----------------------------------------------------------------------------------------------------
INFO:__main__:
【train】epoch:97/150 loss:0.5642 acc:0.6940
INFO:__main__:
【val】epoch:97/150 loss:0.5042 acc:0.7355
INFO:__main__:
【Val】:  SENS: 0.6031  SPEC: 0.8109  PPV: 0.6447  NPV: 0.7821 F1:0.6232
INFO:__main__:验证的best_acc:0.7467
INFO:__main__:----------------------------------------------------------------------------------------------------
INFO:__main__:
【train】epoch:98/150 loss:0.5640 acc:0.6974
INFO:__main__:
【val】epoch:98/150 loss:0.4980 acc:0.7444
INFO:__main__:
【Val】:  SENS: 0.5846  SPEC: 0.8354  PPV: 0.6690  NPV: 0.7794 F1:0.6240
INFO:__main__:验证的best_acc:0.7467
INFO:__main__:----------------------------------------------------------------------------------------------------
INFO:__main__:
【train】epoch:99/150 loss:0.5608 acc:0.6989
INFO:__main__:
【val】epoch:99/150 loss:0.4974 acc:0.7455
INFO:__main__:
【Val】:  SENS: 0.5323  SPEC: 0.8669  PPV: 0.6948  NPV: 0.7651 F1:0.6028
INFO:__main__:验证的best_acc:0.7467
INFO:__main__:----------------------------------------------------------------------------------------------------
INFO:__main__:
【train】epoch:100/150 loss:0.5578 acc:0.7015
INFO:__main__:
【val】epoch:100/150 loss:0.4900 acc:0.7500
INFO:__main__:
【Val】:  SENS: 0.5538  SPEC: 0.8616  PPV: 0.6950  NPV: 0.7724 F1:0.6164
INFO:__main__:验证的best_acc:0.7500
INFO:__main__:----------------------------------------------------------------------------------------------------
INFO:__main__:
【train】epoch:101/150 loss:0.5561 acc:0.7034
INFO:__main__:
【val】epoch:101/150 loss:0.4959 acc:0.7411
INFO:__main__:
【Val】:  SENS: 0.6000  SPEC: 0.8214  PPV: 0.6566  NPV: 0.7830 F1:0.6270
INFO:__main__:验证的best_acc:0.7500
INFO:__main__:----------------------------------------------------------------------------------------------------
INFO:__main__:
【train】epoch:102/150 loss:0.5543 acc:0.7054
INFO:__main__:
【val】epoch:102/150 loss:0.4928 acc:0.7422
INFO:__main__:
【Val】:  SENS: 0.6308  SPEC: 0.8056  PPV: 0.6487  NPV: 0.7931 F1:0.6396
INFO:__main__:验证的best_acc:0.7500
INFO:__main__:----------------------------------------------------------------------------------------------------
INFO:__main__:
【train】epoch:103/150 loss:0.5583 acc:0.7001
INFO:__main__:
【val】epoch:103/150 loss:0.5032 acc:0.7355
INFO:__main__:
【Val】:  SENS: 0.6092  SPEC: 0.8074  PPV: 0.6429  NPV: 0.7840 F1:0.6256
INFO:__main__:验证的best_acc:0.7500
INFO:__main__:----------------------------------------------------------------------------------------------------
INFO:__main__:
【train】epoch:104/150 loss:0.5554 acc:0.6989
INFO:__main__:
【val】epoch:104/150 loss:0.4971 acc:0.7411
INFO:__main__:
【Val】:  SENS: 0.6185  SPEC: 0.8109  PPV: 0.6505  NPV: 0.7888 F1:0.6341
INFO:__main__:验证的best_acc:0.7500
INFO:__main__:----------------------------------------------------------------------------------------------------
INFO:__main__:
【train】epoch:105/150 loss:0.5515 acc:0.7069
INFO:__main__:
【val】epoch:105/150 loss:0.4941 acc:0.7355
INFO:__main__:
【Val】:  SENS: 0.6308  SPEC: 0.7951  PPV: 0.6366  NPV: 0.7909 F1:0.6337
INFO:__main__:验证的best_acc:0.7500
INFO:__main__:----------------------------------------------------------------------------------------------------
INFO:__main__:
【train】epoch:106/150 loss:0.5547 acc:0.7030
INFO:__main__:
【val】epoch:106/150 loss:0.5130 acc:0.7065
INFO:__main__:
【Val】:  SENS: 0.7015  SPEC: 0.7093  PPV: 0.5787  NPV: 0.8068 F1:0.6342
INFO:__main__:验证的best_acc:0.7500
INFO:__main__:----------------------------------------------------------------------------------------------------
INFO:__main__:
【train】epoch:107/150 loss:0.5524 acc:0.7090
INFO:__main__:
【val】epoch:107/150 loss:0.4849 acc:0.7522
INFO:__main__:
【Val】:  SENS: 0.5908  SPEC: 0.8441  PPV: 0.6833  NPV: 0.7837 F1:0.6337
INFO:__main__:验证的best_acc:0.7522
INFO:__main__:----------------------------------------------------------------------------------------------------
INFO:__main__:
【train】epoch:108/150 loss:0.5529 acc:0.6989
INFO:__main__:
【val】epoch:108/150 loss:0.4883 acc:0.7522
INFO:__main__:
【Val】:  SENS: 0.5938  SPEC: 0.8424  PPV: 0.6820  NPV: 0.7847 F1:0.6349
INFO:__main__:验证的best_acc:0.7522
INFO:__main__:----------------------------------------------------------------------------------------------------
INFO:__main__:
【train】epoch:109/150 loss:0.5510 acc:0.7067
INFO:__main__:
【val】epoch:109/150 loss:0.4832 acc:0.7567
INFO:__main__:
【Val】:  SENS: 0.5754  SPEC: 0.8599  PPV: 0.7004  NPV: 0.7806 F1:0.6318
INFO:__main__:验证的best_acc:0.7567
INFO:__main__:----------------------------------------------------------------------------------------------------
INFO:__main__:
【train】epoch:110/150 loss:0.5499 acc:0.7080
INFO:__main__:
【val】epoch:110/150 loss:0.4798 acc:0.7467
INFO:__main__:
【Val】:  SENS: 0.5415  SPEC: 0.8634  PPV: 0.6929  NPV: 0.7679 F1:0.6079
INFO:__main__:验证的best_acc:0.7567
INFO:__main__:----------------------------------------------------------------------------------------------------
INFO:__main__:
【train】epoch:111/150 loss:0.5564 acc:0.7098
INFO:__main__:
【val】epoch:111/150 loss:0.4856 acc:0.7478
INFO:__main__:
【Val】:  SENS: 0.5692  SPEC: 0.8494  PPV: 0.6827  NPV: 0.7760 F1:0.6208
INFO:__main__:验证的best_acc:0.7567
INFO:__main__:----------------------------------------------------------------------------------------------------
INFO:__main__:
【train】epoch:112/150 loss:0.5509 acc:0.7118
INFO:__main__:
【val】epoch:112/150 loss:0.4934 acc:0.7377
INFO:__main__:
【Val】:  SENS: 0.6092  SPEC: 0.8109  PPV: 0.6471  NPV: 0.7847 F1:0.6276
INFO:__main__:验证的best_acc:0.7567
INFO:__main__:----------------------------------------------------------------------------------------------------
INFO:__main__:
【train】epoch:113/150 loss:0.5504 acc:0.7132
INFO:__main__:
【val】epoch:113/150 loss:0.4818 acc:0.7589
INFO:__main__:
【Val】:  SENS: 0.6215  SPEC: 0.8371  PPV: 0.6847  NPV: 0.7953 F1:0.6516
INFO:__main__:验证的best_acc:0.7589
INFO:__main__:----------------------------------------------------------------------------------------------------
INFO:__main__:
【train】epoch:114/150 loss:0.5510 acc:0.7087
INFO:__main__:
【val】epoch:114/150 loss:0.4827 acc:0.7444
INFO:__main__:
【Val】:  SENS: 0.6185  SPEC: 0.8161  PPV: 0.6569  NPV: 0.7898 F1:0.6371
INFO:__main__:验证的best_acc:0.7589
INFO:__main__:----------------------------------------------------------------------------------------------------
INFO:__main__:
【train】epoch:115/150 loss:0.5498 acc:0.7026
INFO:__main__:
【val】epoch:115/150 loss:0.4885 acc:0.7433
INFO:__main__:
【Val】:  SENS: 0.6308  SPEC: 0.8074  PPV: 0.6508  NPV: 0.7935 F1:0.6406
INFO:__main__:验证的best_acc:0.7589
INFO:__main__:----------------------------------------------------------------------------------------------------
INFO:__main__:
【train】epoch:116/150 loss:0.5507 acc:0.7067
INFO:__main__:
【val】epoch:116/150 loss:0.4931 acc:0.7433
INFO:__main__:
【Val】:  SENS: 0.5785  SPEC: 0.8371  PPV: 0.6690  NPV: 0.7772 F1:0.6205
INFO:__main__:验证的best_acc:0.7589
INFO:__main__:----------------------------------------------------------------------------------------------------
INFO:__main__:
【train】epoch:117/150 loss:0.5447 acc:0.7103
INFO:__main__:
【val】epoch:117/150 loss:0.4796 acc:0.7478
INFO:__main__:
【Val】:  SENS: 0.5938  SPEC: 0.8354  PPV: 0.6725  NPV: 0.7833 F1:0.6307
INFO:__main__:验证的best_acc:0.7589
INFO:__main__:----------------------------------------------------------------------------------------------------
INFO:__main__:
【train】epoch:118/150 loss:0.5510 acc:0.7072
INFO:__main__:
【val】epoch:118/150 loss:0.4973 acc:0.7455
INFO:__main__:
【Val】:  SENS: 0.6154  SPEC: 0.8196  PPV: 0.6601  NPV: 0.7892 F1:0.6369
INFO:__main__:验证的best_acc:0.7589
INFO:__main__:----------------------------------------------------------------------------------------------------
INFO:__main__:
【train】epoch:119/150 loss:0.5419 acc:0.7198
INFO:__main__:
【val】epoch:119/150 loss:0.4828 acc:0.7455
INFO:__main__:
【Val】:  SENS: 0.5877  SPEC: 0.8354  PPV: 0.6702  NPV: 0.7807 F1:0.6262
INFO:__main__:验证的best_acc:0.7589
INFO:__main__:----------------------------------------------------------------------------------------------------
INFO:__main__:
【train】epoch:120/150 loss:0.5421 acc:0.7129
INFO:__main__:
【val】epoch:120/150 loss:0.4817 acc:0.7444
INFO:__main__:
【Val】:  SENS: 0.6215  SPEC: 0.8144  PPV: 0.6558  NPV: 0.7908 F1:0.6382
INFO:__main__:验证的best_acc:0.7589
INFO:__main__:----------------------------------------------------------------------------------------------------
INFO:__main__:
【train】epoch:121/150 loss:0.5419 acc:0.7128
INFO:__main__:
【val】epoch:121/150 loss:0.4909 acc:0.7366
INFO:__main__:
【Val】:  SENS: 0.6154  SPEC: 0.8056  PPV: 0.6431  NPV: 0.7863 F1:0.6289
INFO:__main__:验证的best_acc:0.7589
INFO:__main__:----------------------------------------------------------------------------------------------------
INFO:__main__:
【train】epoch:122/150 loss:0.5442 acc:0.7092
INFO:__main__:
【val】epoch:122/150 loss:0.4809 acc:0.7455
INFO:__main__:
【Val】:  SENS: 0.6031  SPEC: 0.8266  PPV: 0.6644  NPV: 0.7854 F1:0.6323
INFO:__main__:验证的best_acc:0.7589
INFO:__main__:----------------------------------------------------------------------------------------------------
INFO:__main__:
【train】epoch:123/150 loss:0.5422 acc:0.7118
INFO:__main__:
【val】epoch:123/150 loss:0.4785 acc:0.7578
INFO:__main__:
【Val】:  SENS: 0.5538  SPEC: 0.8739  PPV: 0.7143  NPV: 0.7748 F1:0.6239
INFO:__main__:验证的best_acc:0.7589
INFO:__main__:----------------------------------------------------------------------------------------------------
INFO:__main__:
【train】epoch:124/150 loss:0.5433 acc:0.7087
INFO:__main__:
【val】epoch:124/150 loss:0.4758 acc:0.7533
INFO:__main__:
【Val】:  SENS: 0.5754  SPEC: 0.8546  PPV: 0.6926  NPV: 0.7796 F1:0.6286
INFO:__main__:验证的best_acc:0.7589
INFO:__main__:----------------------------------------------------------------------------------------------------
INFO:__main__:
【train】epoch:125/150 loss:0.5386 acc:0.7163
INFO:__main__:
【val】epoch:125/150 loss:0.4876 acc:0.7411
INFO:__main__:
【Val】:  SENS: 0.5969  SPEC: 0.8231  PPV: 0.6576  NPV: 0.7820 F1:0.6258
INFO:__main__:验证的best_acc:0.7589
INFO:__main__:----------------------------------------------------------------------------------------------------
INFO:__main__:
【train】epoch:126/150 loss:0.5403 acc:0.7178
INFO:__main__:
【val】epoch:126/150 loss:0.4749 acc:0.7545
INFO:__main__:
【Val】:  SENS: 0.5600  SPEC: 0.8651  PPV: 0.7027  NPV: 0.7755 F1:0.6233
INFO:__main__:验证的best_acc:0.7589
INFO:__main__:----------------------------------------------------------------------------------------------------
INFO:__main__:
【train】epoch:127/150 loss:0.5390 acc:0.7139
INFO:__main__:
【val】epoch:127/150 loss:0.4758 acc:0.7478
INFO:__main__:
【Val】:  SENS: 0.6062  SPEC: 0.8284  PPV: 0.6678  NPV: 0.7870 F1:0.6355
INFO:__main__:验证的best_acc:0.7589
INFO:__main__:----------------------------------------------------------------------------------------------------
INFO:__main__:
【train】epoch:128/150 loss:0.5363 acc:0.7194
INFO:__main__:
【val】epoch:128/150 loss:0.4820 acc:0.7478
INFO:__main__:
【Val】:  SENS: 0.6062  SPEC: 0.8284  PPV: 0.6678  NPV: 0.7870 F1:0.6355
INFO:__main__:验证的best_acc:0.7589
INFO:__main__:----------------------------------------------------------------------------------------------------
INFO:__main__:
【train】epoch:129/150 loss:0.5399 acc:0.7152
INFO:__main__:
【val】epoch:129/150 loss:0.4727 acc:0.7533
INFO:__main__:
【Val】:  SENS: 0.5569  SPEC: 0.8651  PPV: 0.7016  NPV: 0.7743 F1:0.6209
INFO:__main__:验证的best_acc:0.7589
INFO:__main__:----------------------------------------------------------------------------------------------------
INFO:__main__:
【train】epoch:130/150 loss:0.5383 acc:0.7152
INFO:__main__:
【val】epoch:130/150 loss:0.4720 acc:0.7444
INFO:__main__:
【Val】:  SENS: 0.5569  SPEC: 0.8511  PPV: 0.6805  NPV: 0.7714 F1:0.6125
INFO:__main__:验证的best_acc:0.7589
INFO:__main__:----------------------------------------------------------------------------------------------------
INFO:__main__:
【train】epoch:131/150 loss:0.5354 acc:0.7177
INFO:__main__:
【val】epoch:131/150 loss:0.4753 acc:0.7444
INFO:__main__:
【Val】:  SENS: 0.6215  SPEC: 0.8144  PPV: 0.6558  NPV: 0.7908 F1:0.6382
INFO:__main__:验证的best_acc:0.7589
INFO:__main__:----------------------------------------------------------------------------------------------------
INFO:__main__:
【train】epoch:132/150 loss:0.5380 acc:0.7107
INFO:__main__:
【val】epoch:132/150 loss:0.4776 acc:0.7478
INFO:__main__:
【Val】:  SENS: 0.6031  SPEC: 0.8301  PPV: 0.6689  NPV: 0.7861 F1:0.6343
INFO:__main__:验证的best_acc:0.7589
INFO:__main__:----------------------------------------------------------------------------------------------------
INFO:__main__:
【train】epoch:133/150 loss:0.5378 acc:0.7175
INFO:__main__:
【val】epoch:133/150 loss:0.4749 acc:0.7522
INFO:__main__:
【Val】:  SENS: 0.5938  SPEC: 0.8424  PPV: 0.6820  NPV: 0.7847 F1:0.6349
INFO:__main__:验证的best_acc:0.7589
INFO:__main__:----------------------------------------------------------------------------------------------------
INFO:__main__:
【train】epoch:134/150 loss:0.5358 acc:0.7175
INFO:__main__:
【val】epoch:134/150 loss:0.4778 acc:0.7478
INFO:__main__:
【Val】:  SENS: 0.5754  SPEC: 0.8459  PPV: 0.6800  NPV: 0.7778 F1:0.6233
INFO:__main__:验证的best_acc:0.7589
INFO:__main__:----------------------------------------------------------------------------------------------------
INFO:__main__:
【train】epoch:135/150 loss:0.5387 acc:0.7145
INFO:__main__:
【val】epoch:135/150 loss:0.4715 acc:0.7522
INFO:__main__:
【Val】:  SENS: 0.6523  SPEC: 0.8091  PPV: 0.6604  NPV: 0.8035 F1:0.6563
INFO:__main__:验证的best_acc:0.7589
INFO:__main__:----------------------------------------------------------------------------------------------------
INFO:__main__:
【train】epoch:136/150 loss:0.5378 acc:0.7174
INFO:__main__:
【val】epoch:136/150 loss:0.4722 acc:0.7545
INFO:__main__:
【Val】:  SENS: 0.6277  SPEC: 0.8266  PPV: 0.6733  NPV: 0.7960 F1:0.6497
INFO:__main__:验证的best_acc:0.7589
INFO:__main__:----------------------------------------------------------------------------------------------------
INFO:__main__:
【train】epoch:137/150 loss:0.5318 acc:0.7181
INFO:__main__:
【val】epoch:137/150 loss:0.4826 acc:0.7444
INFO:__main__:
【Val】:  SENS: 0.6062  SPEC: 0.8231  PPV: 0.6611  NPV: 0.7860 F1:0.6324
INFO:__main__:验证的best_acc:0.7589
INFO:__main__:----------------------------------------------------------------------------------------------------
INFO:__main__:
【train】epoch:138/150 loss:0.5392 acc:0.7132
INFO:__main__:
【val】epoch:138/150 loss:0.4705 acc:0.7500
INFO:__main__:
【Val】:  SENS: 0.6031  SPEC: 0.8336  PPV: 0.6735  NPV: 0.7868 F1:0.6364
INFO:__main__:验证的best_acc:0.7589
INFO:__main__:----------------------------------------------------------------------------------------------------
INFO:__main__:
【train】epoch:139/150 loss:0.5341 acc:0.7202
INFO:__main__:
【val】epoch:139/150 loss:0.4794 acc:0.7388
INFO:__main__:
【Val】:  SENS: 0.6062  SPEC: 0.8144  PPV: 0.6502  NPV: 0.7841 F1:0.6274
INFO:__main__:验证的best_acc:0.7589
INFO:__main__:----------------------------------------------------------------------------------------------------
INFO:__main__:
【train】epoch:140/150 loss:0.5332 acc:0.7183
INFO:__main__:
【val】epoch:140/150 loss:0.4722 acc:0.7556
INFO:__main__:
【Val】:  SENS: 0.6154  SPEC: 0.8354  PPV: 0.6803  NPV: 0.7924 F1:0.6462
INFO:__main__:验证的best_acc:0.7589
INFO:__main__:----------------------------------------------------------------------------------------------------
INFO:__main__:
【train】epoch:141/150 loss:0.5320 acc:0.7178
INFO:__main__:
【val】epoch:141/150 loss:0.4745 acc:0.7500
INFO:__main__:
【Val】:  SENS: 0.6400  SPEC: 0.8126  PPV: 0.6603  NPV: 0.7986 F1:0.6500
INFO:__main__:验证的best_acc:0.7589
INFO:__main__:----------------------------------------------------------------------------------------------------
INFO:__main__:
【train】epoch:142/150 loss:0.5353 acc:0.7152
INFO:__main__:
【val】epoch:142/150 loss:0.4689 acc:0.7567
INFO:__main__:
【Val】:  SENS: 0.6277  SPEC: 0.8301  PPV: 0.6777  NPV: 0.7966 F1:0.6518
INFO:__main__:验证的best_acc:0.7589
INFO:__main__:----------------------------------------------------------------------------------------------------
INFO:__main__:
【train】epoch:143/150 loss:0.5290 acc:0.7212
INFO:__main__:
【val】epoch:143/150 loss:0.4772 acc:0.7500
INFO:__main__:
【Val】:  SENS: 0.6585  SPEC: 0.8021  PPV: 0.6544  NPV: 0.8049 F1:0.6564
INFO:__main__:验证的best_acc:0.7589
INFO:__main__:----------------------------------------------------------------------------------------------------
INFO:__main__:
【train】epoch:144/150 loss:0.5344 acc:0.7251
INFO:__main__:
【val】epoch:144/150 loss:0.4707 acc:0.7600
INFO:__main__:
【Val】:  SENS: 0.5908  SPEC: 0.8564  PPV: 0.7007  NPV: 0.7862 F1:0.6411
INFO:__main__:验证的best_acc:0.7600
INFO:__main__:----------------------------------------------------------------------------------------------------
INFO:__main__:
【train】epoch:145/150 loss:0.5317 acc:0.7193
INFO:__main__:
【val】epoch:145/150 loss:0.4643 acc:0.7623
INFO:__main__:
【Val】:  SENS: 0.6431  SPEC: 0.8301  PPV: 0.6830  NPV: 0.8034 F1:0.6624
INFO:__main__:验证的best_acc:0.7623
INFO:__main__:----------------------------------------------------------------------------------------------------
INFO:__main__:
【train】epoch:146/150 loss:0.5312 acc:0.7216
INFO:__main__:
【val】epoch:146/150 loss:0.4626 acc:0.7623
INFO:__main__:
【Val】:  SENS: 0.6092  SPEC: 0.8494  PPV: 0.6972  NPV: 0.7925 F1:0.6502
INFO:__main__:验证的best_acc:0.7623
INFO:__main__:----------------------------------------------------------------------------------------------------
INFO:__main__:
【train】epoch:147/150 loss:0.5358 acc:0.7148
INFO:__main__:
【val】epoch:147/150 loss:0.4704 acc:0.7556
INFO:__main__:
【Val】:  SENS: 0.6123  SPEC: 0.8371  PPV: 0.6815  NPV: 0.7914 F1:0.6451
INFO:__main__:验证的best_acc:0.7623
INFO:__main__:----------------------------------------------------------------------------------------------------
INFO:__main__:
【train】epoch:148/150 loss:0.5315 acc:0.7175
INFO:__main__:
【val】epoch:148/150 loss:0.4679 acc:0.7556
INFO:__main__:
【Val】:  SENS: 0.6123  SPEC: 0.8371  PPV: 0.6815  NPV: 0.7914 F1:0.6451
INFO:__main__:验证的best_acc:0.7623
INFO:__main__:----------------------------------------------------------------------------------------------------
INFO:__main__:
【train】epoch:149/150 loss:0.5294 acc:0.7250
INFO:__main__:
【val】epoch:149/150 loss:0.4682 acc:0.7567
INFO:__main__:
【Val】:  SENS: 0.6000  SPEC: 0.8459  PPV: 0.6890  NPV: 0.7879 F1:0.6414
INFO:__main__:验证的best_acc:0.7623
INFO:__main__:----------------------------------------------------------------------------------------------------
INFO:__main__:****************************************************************************************************
INFO:__main__:Val_LOSS:['0.8344', '0.6820', '0.6980', '0.6503', '0.6407', '0.6274', '0.6447', '0.6322', '0.6427', '0.6272', '0.6220', '0.6283', '0.6305', '0.6237', '0.6192', '0.6149', '0.6190', '0.6104', '0.6210', '0.6173', '0.6114', '0.6150', '0.6230', '0.6152', '0.6113', '0.6128', '0.6181', '0.6071', '0.6136', '0.6095', '0.6080', '0.6070', '0.6005', '0.6053', '0.6053', '0.5986', '0.6024', '0.5917', '0.6024', '0.5926', '0.5886', '0.5879', '0.5854', '0.5858', '0.5792', '0.5918', '0.5758', '0.5773', '0.5799', '0.5658', '0.5688', '0.5638', '0.5625', '0.5635', '0.5612', '0.5545', '0.5556', '0.5547', '0.5584', '0.5538', '0.5514', '0.5444', '0.5434', '0.5384', '0.5501', '0.5427', '0.5422', '0.5312', '0.5395', '0.5377', '0.5281', '0.5246', '0.5391', '0.5276', '0.5168', '0.5254', '0.5181', '0.5223', '0.5258', '0.5223', '0.5208', '0.5204', '0.5243', '0.5159', '0.5162', '0.5040', '0.5031', '0.5060', '0.5039', '0.5080', '0.4978', '0.5033', '0.5009', '0.4956', '0.4990', '0.5011', '0.4994', '0.5042', '0.4980', '0.4974', '0.4900', '0.4959', '0.4928', '0.5032', '0.4971', '0.4941', '0.5130', '0.4849', '0.4883', '0.4832', '0.4798', '0.4856', '0.4934', '0.4818', '0.4827', '0.4885', '0.4931', '0.4796', '0.4973', '0.4828', '0.4817', '0.4909', '0.4809', '0.4785', '0.4758', '0.4876', '0.4749', '0.4758', '0.4820', '0.4727', '0.4720', '0.4753', '0.4776', '0.4749', '0.4778', '0.4715', '0.4722', '0.4826', '0.4705', '0.4794', '0.4722', '0.4745', '0.4689', '0.4772', '0.4707', '0.4643', '0.4626', '0.4704', '0.4679', '0.4682']
INFO:__main__:Val_ACC:['0.6228', '0.6239', '0.6261', '0.6440', '0.6272', '0.6429', '0.6317', '0.6350', '0.6283', '0.6395', '0.6429', '0.6406', '0.6362', '0.6484', '0.6496', '0.6417', '0.6451', '0.6507', '0.6451', '0.6417', '0.6529', '0.6551', '0.6373', '0.6473', '0.6417', '0.6484', '0.6451', '0.6518', '0.6440', '0.6551', '0.6518', '0.6540', '0.6551', '0.6585', '0.6551', '0.6562', '0.6574', '0.6607', '0.6607', '0.6674', '0.6685', '0.6663', '0.6797', '0.6730', '0.6696', '0.6719', '0.6864', '0.6842', '0.6797', '0.6964', '0.6875', '0.6908', '0.6931', '0.6998', '0.6953', '0.6920', '0.7042', '0.7042', '0.7065', '0.7065', '0.7042', '0.7188', '0.7098', '0.7199', '0.7020', '0.7176', '0.7143', '0.7132', '0.7210', '0.7087', '0.7199', '0.7266', '0.7076', '0.7154', '0.7321', '0.7299', '0.7355', '0.7344', '0.7232', '0.7221', '0.7188', '0.7254', '0.7254', '0.7243', '0.7366', '0.7377', '0.7377', '0.7467', '0.7400', '0.7400', '0.7444', '0.7388', '0.7366', '0.7433', '0.7444', '0.7444', '0.7444', '0.7355', '0.7444', '0.7455', '0.7500', '0.7411', '0.7422', '0.7355', '0.7411', '0.7355', '0.7065', '0.7522', '0.7522', '0.7567', '0.7467', '0.7478', '0.7377', '0.7589', '0.7444', '0.7433', '0.7433', '0.7478', '0.7455', '0.7455', '0.7444', '0.7366', '0.7455', '0.7578', '0.7533', '0.7411', '0.7545', '0.7478', '0.7478', '0.7533', '0.7444', '0.7444', '0.7478', '0.7522', '0.7478', '0.7522', '0.7545', '0.7444', '0.7500', '0.7388', '0.7556', '0.7500', '0.7567', '0.7500', '0.7600', '0.7623', '0.7623', '0.7556', '0.7556', '0.7567']
INFO:__main__:****************************************************************************************************
INFO:__main__: epoch0 测试test_Loss: 0.5169  test_ACC: 0.7500  
INFO:__main__:SENS: 0.6210 SPEC: 0.8251 PPV: 0.6741 NPV: 0.7890 F1:0.6464
INFO:__main__:test_Best_acc:0.7500
INFO:__main__:flops:8696983296.0  params:49439618.0
