INFO:__main__:
【train】epoch:0/150 loss:0.6806 acc:0.6012
INFO:__main__:
【val】epoch:0/150 loss:0.6264 acc:0.6239
INFO:__main__:
【Val】:  SENS: 0.3262  SPEC: 0.7933  PPV: 0.4732  NPV: 0.6741 F1:0.3862
INFO:__main__:验证的best_acc:0.6239
INFO:__main__:----------------------------------------------------------------------------------------------------
INFO:__main__:
【train】epoch:1/150 loss:0.6601 acc:0.6168
INFO:__main__:
【val】epoch:1/150 loss:0.6244 acc:0.6250
INFO:__main__:
【Val】:  SENS: 0.3354  SPEC: 0.7898  PPV: 0.4760  NPV: 0.6762 F1:0.3935
INFO:__main__:验证的best_acc:0.6250
INFO:__main__:----------------------------------------------------------------------------------------------------
INFO:__main__:
【train】epoch:2/150 loss:0.6547 acc:0.6246
INFO:__main__:
【val】epoch:2/150 loss:0.6166 acc:0.6362
INFO:__main__:
【Val】:  SENS: 0.2923  SPEC: 0.8319  PPV: 0.4974  NPV: 0.6738 F1:0.3682
INFO:__main__:验证的best_acc:0.6362
INFO:__main__:----------------------------------------------------------------------------------------------------
INFO:__main__:
【train】epoch:3/150 loss:0.6530 acc:0.6228
INFO:__main__:
【val】epoch:3/150 loss:0.6170 acc:0.6306
INFO:__main__:
【Val】:  SENS: 0.3077  SPEC: 0.8144  PPV: 0.4854  NPV: 0.6739 F1:0.3766
INFO:__main__:验证的best_acc:0.6362
INFO:__main__:----------------------------------------------------------------------------------------------------
INFO:__main__:
【train】epoch:4/150 loss:0.6518 acc:0.6243
INFO:__main__:
【val】epoch:4/150 loss:0.6218 acc:0.6283
INFO:__main__:
【Val】:  SENS: 0.3046  SPEC: 0.8126  PPV: 0.4806  NPV: 0.6725 F1:0.3729
INFO:__main__:验证的best_acc:0.6362
INFO:__main__:----------------------------------------------------------------------------------------------------
INFO:__main__:
【train】epoch:5/150 loss:0.6480 acc:0.6246
INFO:__main__:
【val】epoch:5/150 loss:0.6151 acc:0.6362
INFO:__main__:
【Val】:  SENS: 0.3538  SPEC: 0.7968  PPV: 0.4978  NPV: 0.6842 F1:0.4137
INFO:__main__:验证的best_acc:0.6362
INFO:__main__:----------------------------------------------------------------------------------------------------
INFO:__main__:
【train】epoch:6/150 loss:0.6482 acc:0.6258
INFO:__main__:
【val】epoch:6/150 loss:0.6098 acc:0.6350
INFO:__main__:
【Val】:  SENS: 0.2892  SPEC: 0.8319  PPV: 0.4947  NPV: 0.6728 F1:0.3650
INFO:__main__:验证的best_acc:0.6362
INFO:__main__:----------------------------------------------------------------------------------------------------
INFO:__main__:
【train】epoch:7/150 loss:0.6459 acc:0.6249
INFO:__main__:
【val】epoch:7/150 loss:0.6083 acc:0.6406
INFO:__main__:
【Val】:  SENS: 0.3508  SPEC: 0.8056  PPV: 0.5067  NPV: 0.6855 F1:0.4145
INFO:__main__:验证的best_acc:0.6406
INFO:__main__:----------------------------------------------------------------------------------------------------
INFO:__main__:
【train】epoch:8/150 loss:0.6459 acc:0.6306
INFO:__main__:
【val】epoch:8/150 loss:0.6055 acc:0.6417
INFO:__main__:
【Val】:  SENS: 0.3631  SPEC: 0.8004  PPV: 0.5086  NPV: 0.6883 F1:0.4237
INFO:__main__:验证的best_acc:0.6417
INFO:__main__:----------------------------------------------------------------------------------------------------
INFO:__main__:
【train】epoch:9/150 loss:0.6416 acc:0.6268
INFO:__main__:
【val】epoch:9/150 loss:0.6103 acc:0.6395
INFO:__main__:
【Val】:  SENS: 0.3262  SPEC: 0.8179  PPV: 0.5048  NPV: 0.6808 F1:0.3963
INFO:__main__:验证的best_acc:0.6417
INFO:__main__:----------------------------------------------------------------------------------------------------
INFO:__main__:
【train】epoch:10/150 loss:0.6379 acc:0.6398
INFO:__main__:
【val】epoch:10/150 loss:0.6125 acc:0.6406
INFO:__main__:
【Val】:  SENS: 0.3785  SPEC: 0.7898  PPV: 0.5062  NPV: 0.6907 F1:0.4331
INFO:__main__:验证的best_acc:0.6417
INFO:__main__:----------------------------------------------------------------------------------------------------
INFO:__main__:
【train】epoch:11/150 loss:0.6377 acc:0.6304
INFO:__main__:
【val】epoch:11/150 loss:0.6048 acc:0.6496
INFO:__main__:
【Val】:  SENS: 0.3877  SPEC: 0.7986  PPV: 0.5228  NPV: 0.6962 F1:0.4452
INFO:__main__:验证的best_acc:0.6496
INFO:__main__:----------------------------------------------------------------------------------------------------
INFO:__main__:
【train】epoch:12/150 loss:0.6381 acc:0.6330
INFO:__main__:
【val】epoch:12/150 loss:0.6050 acc:0.6451
INFO:__main__:
【Val】:  SENS: 0.3231  SPEC: 0.8284  PPV: 0.5172  NPV: 0.6825 F1:0.3977
INFO:__main__:验证的best_acc:0.6496
INFO:__main__:----------------------------------------------------------------------------------------------------
INFO:__main__:
【train】epoch:13/150 loss:0.6375 acc:0.6342
INFO:__main__:
【val】epoch:13/150 loss:0.6055 acc:0.6551
INFO:__main__:
【Val】:  SENS: 0.3569  SPEC: 0.8249  PPV: 0.5370  NPV: 0.6926 F1:0.4288
INFO:__main__:验证的best_acc:0.6551
INFO:__main__:----------------------------------------------------------------------------------------------------
INFO:__main__:
【train】epoch:14/150 loss:0.6348 acc:0.6382
INFO:__main__:
【val】epoch:14/150 loss:0.6080 acc:0.6473
INFO:__main__:
【Val】:  SENS: 0.3846  SPEC: 0.7968  PPV: 0.5187  NPV: 0.6947 F1:0.4417
INFO:__main__:验证的best_acc:0.6551
INFO:__main__:----------------------------------------------------------------------------------------------------
INFO:__main__:
【train】epoch:15/150 loss:0.6342 acc:0.6395
INFO:__main__:
【val】epoch:15/150 loss:0.6037 acc:0.6618
INFO:__main__:
【Val】:  SENS: 0.3508  SPEC: 0.8389  PPV: 0.5534  NPV: 0.6942 F1:0.4294
INFO:__main__:验证的best_acc:0.6618
INFO:__main__:----------------------------------------------------------------------------------------------------
INFO:__main__:
【train】epoch:16/150 loss:0.6350 acc:0.6391
INFO:__main__:
【val】epoch:16/150 loss:0.6034 acc:0.6484
INFO:__main__:
【Val】:  SENS: 0.3815  SPEC: 0.8004  PPV: 0.5210  NPV: 0.6945 F1:0.4405
INFO:__main__:验证的best_acc:0.6618
INFO:__main__:----------------------------------------------------------------------------------------------------
INFO:__main__:
【train】epoch:17/150 loss:0.6345 acc:0.6418
INFO:__main__:
【val】epoch:17/150 loss:0.6023 acc:0.6574
INFO:__main__:
【Val】:  SENS: 0.3908  SPEC: 0.8091  PPV: 0.5381  NPV: 0.7000 F1:0.4528
INFO:__main__:验证的best_acc:0.6618
INFO:__main__:----------------------------------------------------------------------------------------------------
INFO:__main__:
【train】epoch:18/150 loss:0.6348 acc:0.6394
INFO:__main__:
【val】epoch:18/150 loss:0.5921 acc:0.6674
INFO:__main__:
【Val】:  SENS: 0.3354  SPEC: 0.8564  PPV: 0.5707  NPV: 0.6936 F1:0.4225
INFO:__main__:验证的best_acc:0.6674
INFO:__main__:----------------------------------------------------------------------------------------------------
INFO:__main__:
【train】epoch:19/150 loss:0.6292 acc:0.6451
INFO:__main__:
【val】epoch:19/150 loss:0.5955 acc:0.6763
INFO:__main__:
【Val】:  SENS: 0.4277  SPEC: 0.8179  PPV: 0.5720  NPV: 0.7152 F1:0.4894
INFO:__main__:验证的best_acc:0.6763
INFO:__main__:----------------------------------------------------------------------------------------------------
INFO:__main__:
【train】epoch:20/150 loss:0.6279 acc:0.6450
INFO:__main__:
【val】epoch:20/150 loss:0.5981 acc:0.6641
INFO:__main__:
【Val】:  SENS: 0.4185  SPEC: 0.8039  PPV: 0.5484  NPV: 0.7083 F1:0.4747
INFO:__main__:验证的best_acc:0.6763
INFO:__main__:----------------------------------------------------------------------------------------------------
INFO:__main__:
【train】epoch:21/150 loss:0.6296 acc:0.6404
INFO:__main__:
【val】epoch:21/150 loss:0.5902 acc:0.6708
INFO:__main__:
【Val】:  SENS: 0.4123  SPEC: 0.8179  PPV: 0.5630  NPV: 0.7097 F1:0.4760
INFO:__main__:验证的best_acc:0.6763
INFO:__main__:----------------------------------------------------------------------------------------------------
INFO:__main__:
【train】epoch:22/150 loss:0.6292 acc:0.6458
INFO:__main__:
【val】epoch:22/150 loss:0.5957 acc:0.6719
INFO:__main__:
【Val】:  SENS: 0.4246  SPEC: 0.8126  PPV: 0.5633  NPV: 0.7127 F1:0.4842
INFO:__main__:验证的best_acc:0.6763
INFO:__main__:----------------------------------------------------------------------------------------------------
INFO:__main__:
【train】epoch:23/150 loss:0.6261 acc:0.6474
INFO:__main__:
【val】epoch:23/150 loss:0.5906 acc:0.6786
INFO:__main__:
【Val】:  SENS: 0.3538  SPEC: 0.8634  PPV: 0.5959  NPV: 0.7013 F1:0.4440
INFO:__main__:验证的best_acc:0.6786
INFO:__main__:----------------------------------------------------------------------------------------------------
INFO:__main__:
【train】epoch:24/150 loss:0.6259 acc:0.6442
INFO:__main__:
【val】epoch:24/150 loss:0.5983 acc:0.6685
INFO:__main__:
【Val】:  SENS: 0.4185  SPEC: 0.8109  PPV: 0.5574  NPV: 0.7101 F1:0.4780
INFO:__main__:验证的best_acc:0.6786
INFO:__main__:----------------------------------------------------------------------------------------------------
INFO:__main__:
【train】epoch:25/150 loss:0.6245 acc:0.6492
INFO:__main__:
【val】epoch:25/150 loss:0.5882 acc:0.6830
INFO:__main__:
【Val】:  SENS: 0.4092  SPEC: 0.8389  PPV: 0.5911  NPV: 0.7139 F1:0.4836
INFO:__main__:验证的best_acc:0.6830
INFO:__main__:----------------------------------------------------------------------------------------------------
INFO:__main__:
【train】epoch:26/150 loss:0.6254 acc:0.6440
INFO:__main__:
【val】epoch:26/150 loss:0.5965 acc:0.6730
INFO:__main__:
【Val】:  SENS: 0.4308  SPEC: 0.8109  PPV: 0.5645  NPV: 0.7145 F1:0.4887
INFO:__main__:验证的best_acc:0.6830
INFO:__main__:----------------------------------------------------------------------------------------------------
INFO:__main__:
【train】epoch:27/150 loss:0.6238 acc:0.6486
INFO:__main__:
【val】epoch:27/150 loss:0.5861 acc:0.6775
INFO:__main__:
【Val】:  SENS: 0.4123  SPEC: 0.8284  PPV: 0.5776  NPV: 0.7123 F1:0.4811
INFO:__main__:验证的best_acc:0.6830
INFO:__main__:----------------------------------------------------------------------------------------------------
INFO:__main__:
【train】epoch:28/150 loss:0.6233 acc:0.6520
INFO:__main__:
【val】epoch:28/150 loss:0.5975 acc:0.6663
INFO:__main__:
【Val】:  SENS: 0.4431  SPEC: 0.7933  PPV: 0.5496  NPV: 0.7145 F1:0.4906
INFO:__main__:验证的best_acc:0.6830
INFO:__main__:----------------------------------------------------------------------------------------------------
INFO:__main__:
【train】epoch:29/150 loss:0.6207 acc:0.6478
INFO:__main__:
【val】epoch:29/150 loss:0.5892 acc:0.6797
INFO:__main__:
【Val】:  SENS: 0.4092  SPEC: 0.8336  PPV: 0.5833  NPV: 0.7126 F1:0.4810
INFO:__main__:验证的best_acc:0.6830
INFO:__main__:----------------------------------------------------------------------------------------------------
INFO:__main__:
【train】epoch:30/150 loss:0.6192 acc:0.6481
INFO:__main__:
【val】epoch:30/150 loss:0.5838 acc:0.6830
INFO:__main__:
【Val】:  SENS: 0.3723  SPEC: 0.8599  PPV: 0.6020  NPV: 0.7065 F1:0.4601
INFO:__main__:验证的best_acc:0.6830
INFO:__main__:----------------------------------------------------------------------------------------------------
INFO:__main__:
【train】epoch:31/150 loss:0.6185 acc:0.6571
INFO:__main__:
【val】epoch:31/150 loss:0.5705 acc:0.6953
INFO:__main__:
【Val】:  SENS: 0.3385  SPEC: 0.8984  PPV: 0.6548  NPV: 0.7047 F1:0.4462
INFO:__main__:验证的best_acc:0.6953
INFO:__main__:----------------------------------------------------------------------------------------------------
INFO:__main__:
【train】epoch:32/150 loss:0.6169 acc:0.6537
INFO:__main__:
【val】epoch:32/150 loss:0.5808 acc:0.6908
INFO:__main__:
【Val】:  SENS: 0.3631  SPEC: 0.8774  PPV: 0.6277  NPV: 0.7076 F1:0.4600
INFO:__main__:验证的best_acc:0.6953
INFO:__main__:----------------------------------------------------------------------------------------------------
INFO:__main__:
【train】epoch:33/150 loss:0.6162 acc:0.6554
INFO:__main__:
【val】epoch:33/150 loss:0.5902 acc:0.6797
INFO:__main__:
【Val】:  SENS: 0.3846  SPEC: 0.8476  PPV: 0.5896  NPV: 0.7076 F1:0.4655
INFO:__main__:验证的best_acc:0.6953
INFO:__main__:----------------------------------------------------------------------------------------------------
INFO:__main__:
【train】epoch:34/150 loss:0.6127 acc:0.6598
INFO:__main__:
【val】epoch:34/150 loss:0.5770 acc:0.6875
INFO:__main__:
【Val】:  SENS: 0.3754  SPEC: 0.8651  PPV: 0.6131  NPV: 0.7088 F1:0.4656
INFO:__main__:验证的best_acc:0.6953
INFO:__main__:----------------------------------------------------------------------------------------------------
INFO:__main__:
【train】epoch:35/150 loss:0.6117 acc:0.6541
INFO:__main__:
【val】epoch:35/150 loss:0.5759 acc:0.6875
INFO:__main__:
【Val】:  SENS: 0.4062  SPEC: 0.8476  PPV: 0.6027  NPV: 0.7149 F1:0.4853
INFO:__main__:验证的best_acc:0.6953
INFO:__main__:----------------------------------------------------------------------------------------------------
INFO:__main__:
【train】epoch:36/150 loss:0.6133 acc:0.6567
INFO:__main__:
【val】epoch:36/150 loss:0.5743 acc:0.6819
INFO:__main__:
【Val】:  SENS: 0.4646  SPEC: 0.8056  PPV: 0.5763  NPV: 0.7256 F1:0.5145
INFO:__main__:验证的best_acc:0.6953
INFO:__main__:----------------------------------------------------------------------------------------------------
INFO:__main__:
【train】epoch:37/150 loss:0.6095 acc:0.6617
INFO:__main__:
【val】epoch:37/150 loss:0.5775 acc:0.6953
INFO:__main__:
【Val】:  SENS: 0.3938  SPEC: 0.8669  PPV: 0.6275  NPV: 0.7153 F1:0.4839
INFO:__main__:验证的best_acc:0.6953
INFO:__main__:----------------------------------------------------------------------------------------------------
INFO:__main__:
【train】epoch:38/150 loss:0.6100 acc:0.6614
INFO:__main__:
【val】epoch:38/150 loss:0.5717 acc:0.6987
INFO:__main__:
【Val】:  SENS: 0.4154  SPEC: 0.8599  PPV: 0.6279  NPV: 0.7210 F1:0.5000
INFO:__main__:验证的best_acc:0.6987
INFO:__main__:----------------------------------------------------------------------------------------------------
INFO:__main__:
【train】epoch:39/150 loss:0.6018 acc:0.6643
INFO:__main__:
【val】epoch:39/150 loss:0.5714 acc:0.6975
INFO:__main__:
【Val】:  SENS: 0.4092  SPEC: 0.8616  PPV: 0.6274  NPV: 0.7193 F1:0.4953
INFO:__main__:验证的best_acc:0.6987
INFO:__main__:----------------------------------------------------------------------------------------------------
INFO:__main__:
【train】epoch:40/150 loss:0.6031 acc:0.6681
INFO:__main__:
【val】epoch:40/150 loss:0.5851 acc:0.6786
INFO:__main__:
【Val】:  SENS: 0.4092  SPEC: 0.8319  PPV: 0.5808  NPV: 0.7121 F1:0.4801
INFO:__main__:验证的best_acc:0.6987
INFO:__main__:----------------------------------------------------------------------------------------------------
INFO:__main__:
【train】epoch:41/150 loss:0.6025 acc:0.6663
INFO:__main__:
【val】epoch:41/150 loss:0.5617 acc:0.6964
INFO:__main__:
【Val】:  SENS: 0.3600  SPEC: 0.8879  PPV: 0.6464  NPV: 0.7091 F1:0.4625
INFO:__main__:验证的best_acc:0.6987
INFO:__main__:----------------------------------------------------------------------------------------------------
INFO:__main__:
【train】epoch:42/150 loss:0.5994 acc:0.6705
INFO:__main__:
【val】epoch:42/150 loss:0.5600 acc:0.7065
INFO:__main__:
【Val】:  SENS: 0.3938  SPEC: 0.8844  PPV: 0.6598  NPV: 0.7194 F1:0.4933
INFO:__main__:验证的best_acc:0.7065
INFO:__main__:----------------------------------------------------------------------------------------------------
INFO:__main__:
【train】epoch:43/150 loss:0.5956 acc:0.6696
INFO:__main__:
【val】epoch:43/150 loss:0.5519 acc:0.6964
INFO:__main__:
【Val】:  SENS: 0.3508  SPEC: 0.8932  PPV: 0.6514  NPV: 0.7074 F1:0.4560
INFO:__main__:验证的best_acc:0.7065
INFO:__main__:----------------------------------------------------------------------------------------------------
INFO:__main__:
【train】epoch:44/150 loss:0.5954 acc:0.6730
INFO:__main__:
【val】epoch:44/150 loss:0.5452 acc:0.7031
INFO:__main__:
【Val】:  SENS: 0.3815  SPEC: 0.8862  PPV: 0.6561  NPV: 0.7157 F1:0.4825
INFO:__main__:验证的best_acc:0.7065
INFO:__main__:----------------------------------------------------------------------------------------------------
INFO:__main__:
【train】epoch:45/150 loss:0.5967 acc:0.6739
INFO:__main__:
【val】epoch:45/150 loss:0.5539 acc:0.7065
INFO:__main__:
【Val】:  SENS: 0.4000  SPEC: 0.8809  PPV: 0.6566  NPV: 0.7206 F1:0.4971
INFO:__main__:验证的best_acc:0.7065
INFO:__main__:----------------------------------------------------------------------------------------------------
INFO:__main__:
【train】epoch:46/150 loss:0.5968 acc:0.6690
INFO:__main__:
【val】epoch:46/150 loss:0.5579 acc:0.6908
INFO:__main__:
【Val】:  SENS: 0.4338  SPEC: 0.8371  PPV: 0.6026  NPV: 0.7221 F1:0.5045
INFO:__main__:验证的best_acc:0.7065
INFO:__main__:----------------------------------------------------------------------------------------------------
INFO:__main__:
【train】epoch:47/150 loss:0.5909 acc:0.6747
INFO:__main__:
【val】epoch:47/150 loss:0.5534 acc:0.6886
INFO:__main__:
【Val】:  SENS: 0.4523  SPEC: 0.8231  PPV: 0.5927  NPV: 0.7253 F1:0.5131
INFO:__main__:验证的best_acc:0.7065
INFO:__main__:----------------------------------------------------------------------------------------------------
INFO:__main__:
【train】epoch:48/150 loss:0.5881 acc:0.6762
INFO:__main__:
【val】epoch:48/150 loss:0.5457 acc:0.6998
INFO:__main__:
【Val】:  SENS: 0.4246  SPEC: 0.8564  PPV: 0.6273  NPV: 0.7234 F1:0.5064
INFO:__main__:验证的best_acc:0.7065
INFO:__main__:----------------------------------------------------------------------------------------------------
INFO:__main__:
【train】epoch:49/150 loss:0.5843 acc:0.6788
INFO:__main__:
【val】epoch:49/150 loss:0.5454 acc:0.6975
INFO:__main__:
【Val】:  SENS: 0.4585  SPEC: 0.8336  PPV: 0.6107  NPV: 0.7301 F1:0.5237
INFO:__main__:验证的best_acc:0.7065
INFO:__main__:----------------------------------------------------------------------------------------------------
INFO:__main__:
【train】epoch:50/150 loss:0.5840 acc:0.6819
INFO:__main__:
【val】epoch:50/150 loss:0.5419 acc:0.7087
INFO:__main__:
【Val】:  SENS: 0.3938  SPEC: 0.8879  PPV: 0.6667  NPV: 0.7202 F1:0.4952
INFO:__main__:验证的best_acc:0.7087
INFO:__main__:----------------------------------------------------------------------------------------------------
INFO:__main__:
【train】epoch:51/150 loss:0.5821 acc:0.6855
INFO:__main__:
【val】epoch:51/150 loss:0.5260 acc:0.7176
INFO:__main__:
【Val】:  SENS: 0.4554  SPEC: 0.8669  PPV: 0.6607  NPV: 0.7366 F1:0.5392
INFO:__main__:验证的best_acc:0.7176
INFO:__main__:----------------------------------------------------------------------------------------------------
INFO:__main__:
【train】epoch:52/150 loss:0.5795 acc:0.6857
INFO:__main__:
【val】epoch:52/150 loss:0.5382 acc:0.7065
INFO:__main__:
【Val】:  SENS: 0.4338  SPEC: 0.8616  PPV: 0.6409  NPV: 0.7278 F1:0.5174
INFO:__main__:验证的best_acc:0.7176
INFO:__main__:----------------------------------------------------------------------------------------------------
INFO:__main__:
【train】epoch:53/150 loss:0.5766 acc:0.6889
INFO:__main__:
【val】epoch:53/150 loss:0.5205 acc:0.7254
INFO:__main__:
【Val】:  SENS: 0.4800  SPEC: 0.8651  PPV: 0.6695  NPV: 0.7451 F1:0.5591
INFO:__main__:验证的best_acc:0.7254
INFO:__main__:----------------------------------------------------------------------------------------------------
INFO:__main__:
【train】epoch:54/150 loss:0.5804 acc:0.6851
INFO:__main__:
【val】epoch:54/150 loss:0.5309 acc:0.7132
INFO:__main__:
【Val】:  SENS: 0.4615  SPEC: 0.8564  PPV: 0.6466  NPV: 0.7364 F1:0.5386
INFO:__main__:验证的best_acc:0.7254
INFO:__main__:----------------------------------------------------------------------------------------------------
INFO:__main__:
【train】epoch:55/150 loss:0.5786 acc:0.6818
INFO:__main__:
【val】epoch:55/150 loss:0.5260 acc:0.7176
INFO:__main__:
【Val】:  SENS: 0.4738  SPEC: 0.8564  PPV: 0.6525  NPV: 0.7409 F1:0.5490
INFO:__main__:验证的best_acc:0.7254
INFO:__main__:----------------------------------------------------------------------------------------------------
INFO:__main__:
【train】epoch:56/150 loss:0.5720 acc:0.6883
INFO:__main__:
【val】epoch:56/150 loss:0.5169 acc:0.7277
INFO:__main__:
【Val】:  SENS: 0.5108  SPEC: 0.8511  PPV: 0.6614  NPV: 0.7535 F1:0.5764
INFO:__main__:验证的best_acc:0.7277
INFO:__main__:----------------------------------------------------------------------------------------------------
INFO:__main__:
【train】epoch:57/150 loss:0.5774 acc:0.6871
INFO:__main__:
【val】epoch:57/150 loss:0.5258 acc:0.7176
INFO:__main__:
【Val】:  SENS: 0.4554  SPEC: 0.8669  PPV: 0.6607  NPV: 0.7366 F1:0.5392
INFO:__main__:验证的best_acc:0.7277
INFO:__main__:----------------------------------------------------------------------------------------------------
INFO:__main__:
【train】epoch:58/150 loss:0.5715 acc:0.6942
INFO:__main__:
【val】epoch:58/150 loss:0.5417 acc:0.7076
INFO:__main__:
【Val】:  SENS: 0.4615  SPEC: 0.8476  PPV: 0.6329  NPV: 0.7344 F1:0.5338
INFO:__main__:验证的best_acc:0.7277
INFO:__main__:----------------------------------------------------------------------------------------------------
INFO:__main__:
【train】epoch:59/150 loss:0.5699 acc:0.6913
INFO:__main__:
【val】epoch:59/150 loss:0.5198 acc:0.7221
INFO:__main__:
【Val】:  SENS: 0.5262  SPEC: 0.8336  PPV: 0.6429  NPV: 0.7556 F1:0.5787
INFO:__main__:验证的best_acc:0.7277
INFO:__main__:----------------------------------------------------------------------------------------------------
INFO:__main__:
【train】epoch:60/150 loss:0.5667 acc:0.6942
INFO:__main__:
【val】epoch:60/150 loss:0.5172 acc:0.7165
INFO:__main__:
【Val】:  SENS: 0.5015  SPEC: 0.8389  PPV: 0.6392  NPV: 0.7473 F1:0.5621
INFO:__main__:验证的best_acc:0.7277
INFO:__main__:----------------------------------------------------------------------------------------------------
INFO:__main__:
【train】epoch:61/150 loss:0.5677 acc:0.6918
INFO:__main__:
【val】epoch:61/150 loss:0.5248 acc:0.7165
INFO:__main__:
【Val】:  SENS: 0.4585  SPEC: 0.8634  PPV: 0.6564  NPV: 0.7369 F1:0.5399
INFO:__main__:验证的best_acc:0.7277
INFO:__main__:----------------------------------------------------------------------------------------------------
INFO:__main__:
【train】epoch:62/150 loss:0.5643 acc:0.7005
INFO:__main__:
【val】epoch:62/150 loss:0.5121 acc:0.7232
INFO:__main__:
【Val】:  SENS: 0.4985  SPEC: 0.8511  PPV: 0.6559  NPV: 0.7488 F1:0.5664
INFO:__main__:验证的best_acc:0.7277
INFO:__main__:----------------------------------------------------------------------------------------------------
INFO:__main__:
【train】epoch:63/150 loss:0.5642 acc:0.6973
INFO:__main__:
【val】epoch:63/150 loss:0.5101 acc:0.7288
INFO:__main__:
【Val】:  SENS: 0.4954  SPEC: 0.8616  PPV: 0.6708  NPV: 0.7500 F1:0.5699
INFO:__main__:验证的best_acc:0.7288
INFO:__main__:----------------------------------------------------------------------------------------------------
INFO:__main__:
【train】epoch:64/150 loss:0.5684 acc:0.6916
INFO:__main__:
【val】epoch:64/150 loss:0.5438 acc:0.6908
INFO:__main__:
【Val】:  SENS: 0.4554  SPEC: 0.8249  PPV: 0.5968  NPV: 0.7269 F1:0.5166
INFO:__main__:验证的best_acc:0.7288
INFO:__main__:----------------------------------------------------------------------------------------------------
INFO:__main__:
【train】epoch:65/150 loss:0.5670 acc:0.6967
INFO:__main__:
【val】epoch:65/150 loss:0.5164 acc:0.7165
INFO:__main__:
【Val】:  SENS: 0.5169  SPEC: 0.8301  PPV: 0.6340  NPV: 0.7512 F1:0.5695
INFO:__main__:验证的best_acc:0.7288
INFO:__main__:----------------------------------------------------------------------------------------------------
INFO:__main__:
【train】epoch:66/150 loss:0.5616 acc:0.6996
INFO:__main__:
【val】epoch:66/150 loss:0.5134 acc:0.7188
INFO:__main__:
【Val】:  SENS: 0.5538  SPEC: 0.8126  PPV: 0.6272  NPV: 0.7619 F1:0.5882
INFO:__main__:验证的best_acc:0.7288
INFO:__main__:----------------------------------------------------------------------------------------------------
INFO:__main__:
【train】epoch:67/150 loss:0.5592 acc:0.7039
INFO:__main__:
【val】epoch:67/150 loss:0.5013 acc:0.7321
INFO:__main__:
【Val】:  SENS: 0.5508  SPEC: 0.8354  PPV: 0.6557  NPV: 0.7657 F1:0.5987
INFO:__main__:验证的best_acc:0.7321
INFO:__main__:----------------------------------------------------------------------------------------------------
INFO:__main__:
【train】epoch:68/150 loss:0.5603 acc:0.7007
INFO:__main__:
【val】epoch:68/150 loss:0.5041 acc:0.7221
INFO:__main__:
【Val】:  SENS: 0.5477  SPEC: 0.8214  PPV: 0.6357  NPV: 0.7614 F1:0.5884
INFO:__main__:验证的best_acc:0.7321
INFO:__main__:----------------------------------------------------------------------------------------------------
INFO:__main__:
【train】epoch:69/150 loss:0.5578 acc:0.7043
INFO:__main__:
【val】epoch:69/150 loss:0.5093 acc:0.7221
INFO:__main__:
【Val】:  SENS: 0.5200  SPEC: 0.8371  PPV: 0.6450  NPV: 0.7539 F1:0.5758
INFO:__main__:验证的best_acc:0.7321
INFO:__main__:----------------------------------------------------------------------------------------------------
INFO:__main__:
【train】epoch:70/150 loss:0.5591 acc:0.7056
INFO:__main__:
【val】epoch:70/150 loss:0.5070 acc:0.7321
INFO:__main__:
【Val】:  SENS: 0.4954  SPEC: 0.8669  PPV: 0.6793  NPV: 0.7511 F1:0.5730
INFO:__main__:验证的best_acc:0.7321
INFO:__main__:----------------------------------------------------------------------------------------------------
INFO:__main__:
【train】epoch:71/150 loss:0.5572 acc:0.7057
INFO:__main__:
【val】epoch:71/150 loss:0.5077 acc:0.7277
INFO:__main__:
【Val】:  SENS: 0.4831  SPEC: 0.8669  PPV: 0.6738  NPV: 0.7466 F1:0.5627
INFO:__main__:验证的best_acc:0.7321
INFO:__main__:----------------------------------------------------------------------------------------------------
INFO:__main__:
【train】epoch:72/150 loss:0.5503 acc:0.7049
INFO:__main__:
【val】epoch:72/150 loss:0.5068 acc:0.7199
INFO:__main__:
【Val】:  SENS: 0.5385  SPEC: 0.8231  PPV: 0.6341  NPV: 0.7581 F1:0.5824
INFO:__main__:验证的best_acc:0.7321
INFO:__main__:----------------------------------------------------------------------------------------------------
INFO:__main__:
【train】epoch:73/150 loss:0.5515 acc:0.7071
INFO:__main__:
【val】epoch:73/150 loss:0.4955 acc:0.7366
INFO:__main__:
【Val】:  SENS: 0.5292  SPEC: 0.8546  PPV: 0.6745  NPV: 0.7613 F1:0.5931
INFO:__main__:验证的best_acc:0.7366
INFO:__main__:----------------------------------------------------------------------------------------------------
INFO:__main__:
【train】epoch:74/150 loss:0.5522 acc:0.7091
INFO:__main__:
【val】epoch:74/150 loss:0.4914 acc:0.7500
INFO:__main__:
【Val】:  SENS: 0.5354  SPEC: 0.8722  PPV: 0.7045  NPV: 0.7673 F1:0.6084
INFO:__main__:验证的best_acc:0.7500
INFO:__main__:----------------------------------------------------------------------------------------------------
INFO:__main__:
【train】epoch:75/150 loss:0.5508 acc:0.7125
INFO:__main__:
【val】epoch:75/150 loss:0.4945 acc:0.7310
INFO:__main__:
【Val】:  SENS: 0.5385  SPEC: 0.8406  PPV: 0.6579  NPV: 0.7619 F1:0.5922
INFO:__main__:验证的best_acc:0.7500
INFO:__main__:----------------------------------------------------------------------------------------------------
INFO:__main__:
【train】epoch:76/150 loss:0.5539 acc:0.7046
INFO:__main__:
【val】epoch:76/150 loss:0.4940 acc:0.7333
INFO:__main__:
【Val】:  SENS: 0.5477  SPEC: 0.8389  PPV: 0.6593  NPV: 0.7652 F1:0.5983
INFO:__main__:验证的best_acc:0.7500
INFO:__main__:----------------------------------------------------------------------------------------------------
INFO:__main__:
【train】epoch:77/150 loss:0.5519 acc:0.7053
INFO:__main__:
【val】epoch:77/150 loss:0.5025 acc:0.7199
INFO:__main__:
【Val】:  SENS: 0.5415  SPEC: 0.8214  PPV: 0.6331  NPV: 0.7589 F1:0.5837
INFO:__main__:验证的best_acc:0.7500
INFO:__main__:----------------------------------------------------------------------------------------------------
INFO:__main__:
【train】epoch:78/150 loss:0.5521 acc:0.7035
INFO:__main__:
【val】epoch:78/150 loss:0.5018 acc:0.7288
INFO:__main__:
【Val】:  SENS: 0.5323  SPEC: 0.8406  PPV: 0.6553  NPV: 0.7595 F1:0.5874
INFO:__main__:验证的best_acc:0.7500
INFO:__main__:----------------------------------------------------------------------------------------------------
INFO:__main__:
【train】epoch:79/150 loss:0.5432 acc:0.7128
INFO:__main__:
【val】epoch:79/150 loss:0.4939 acc:0.7310
INFO:__main__:
【Val】:  SENS: 0.5292  SPEC: 0.8459  PPV: 0.6615  NPV: 0.7594 F1:0.5880
INFO:__main__:验证的best_acc:0.7500
INFO:__main__:----------------------------------------------------------------------------------------------------
INFO:__main__:
【train】epoch:80/150 loss:0.5449 acc:0.7136
INFO:__main__:
【val】epoch:80/150 loss:0.4853 acc:0.7422
INFO:__main__:
【Val】:  SENS: 0.5662  SPEC: 0.8424  PPV: 0.6715  NPV: 0.7733 F1:0.6144
INFO:__main__:验证的best_acc:0.7500
INFO:__main__:----------------------------------------------------------------------------------------------------
INFO:__main__:
【train】epoch:81/150 loss:0.5424 acc:0.7135
INFO:__main__:
【val】epoch:81/150 loss:0.4938 acc:0.7254
INFO:__main__:
【Val】:  SENS: 0.5877  SPEC: 0.8039  PPV: 0.6304  NPV: 0.7740 F1:0.6083
INFO:__main__:验证的best_acc:0.7500
INFO:__main__:----------------------------------------------------------------------------------------------------
INFO:__main__:
【train】epoch:82/150 loss:0.5386 acc:0.7178
INFO:__main__:
【val】epoch:82/150 loss:0.5016 acc:0.7232
INFO:__main__:
【Val】:  SENS: 0.5200  SPEC: 0.8389  PPV: 0.6475  NPV: 0.7543 F1:0.5768
INFO:__main__:验证的best_acc:0.7500
INFO:__main__:----------------------------------------------------------------------------------------------------
INFO:__main__:
【train】epoch:83/150 loss:0.5479 acc:0.7117
INFO:__main__:
【val】epoch:83/150 loss:0.4885 acc:0.7344
INFO:__main__:
【Val】:  SENS: 0.5508  SPEC: 0.8389  PPV: 0.6605  NPV: 0.7664 F1:0.6007
INFO:__main__:验证的best_acc:0.7500
INFO:__main__:----------------------------------------------------------------------------------------------------
INFO:__main__:
【train】epoch:84/150 loss:0.5440 acc:0.7118
INFO:__main__:
【val】epoch:84/150 loss:0.4989 acc:0.7321
INFO:__main__:
【Val】:  SENS: 0.5108  SPEC: 0.8581  PPV: 0.6721  NPV: 0.7550 F1:0.5804
INFO:__main__:验证的best_acc:0.7500
INFO:__main__:----------------------------------------------------------------------------------------------------
INFO:__main__:
【train】epoch:85/150 loss:0.5437 acc:0.7170
INFO:__main__:
【val】epoch:85/150 loss:0.4845 acc:0.7400
INFO:__main__:
【Val】:  SENS: 0.5785  SPEC: 0.8319  PPV: 0.6620  NPV: 0.7761 F1:0.6174
INFO:__main__:验证的best_acc:0.7500
INFO:__main__:----------------------------------------------------------------------------------------------------
INFO:__main__:
【train】epoch:86/150 loss:0.5381 acc:0.7152
INFO:__main__:
【val】epoch:86/150 loss:0.4769 acc:0.7455
INFO:__main__:
【Val】:  SENS: 0.5385  SPEC: 0.8634  PPV: 0.6917  NPV: 0.7667 F1:0.6055
INFO:__main__:验证的best_acc:0.7500
INFO:__main__:----------------------------------------------------------------------------------------------------
INFO:__main__:
【train】epoch:87/150 loss:0.5382 acc:0.7182
INFO:__main__:
【val】epoch:87/150 loss:0.4863 acc:0.7400
INFO:__main__:
【Val】:  SENS: 0.5631  SPEC: 0.8406  PPV: 0.6679  NPV: 0.7717 F1:0.6110
INFO:__main__:验证的best_acc:0.7500
INFO:__main__:----------------------------------------------------------------------------------------------------
INFO:__main__:
【train】epoch:88/150 loss:0.5392 acc:0.7185
INFO:__main__:
【val】epoch:88/150 loss:0.4852 acc:0.7366
INFO:__main__:
【Val】:  SENS: 0.5754  SPEC: 0.8284  PPV: 0.6561  NPV: 0.7741 F1:0.6131
INFO:__main__:验证的best_acc:0.7500
INFO:__main__:----------------------------------------------------------------------------------------------------
INFO:__main__:
【train】epoch:89/150 loss:0.5350 acc:0.7189
INFO:__main__:
【val】epoch:89/150 loss:0.4879 acc:0.7321
INFO:__main__:
【Val】:  SENS: 0.5262  SPEC: 0.8494  PPV: 0.6654  NPV: 0.7590 F1:0.5876
INFO:__main__:验证的best_acc:0.7500
INFO:__main__:----------------------------------------------------------------------------------------------------
INFO:__main__:
【train】epoch:90/150 loss:0.5335 acc:0.7192
INFO:__main__:
【val】epoch:90/150 loss:0.4766 acc:0.7478
INFO:__main__:
【Val】:  SENS: 0.5508  SPEC: 0.8599  PPV: 0.6911  NPV: 0.7708 F1:0.6130
INFO:__main__:验证的best_acc:0.7500
INFO:__main__:----------------------------------------------------------------------------------------------------
INFO:__main__:
【train】epoch:91/150 loss:0.5301 acc:0.7242
INFO:__main__:
【val】epoch:91/150 loss:0.4820 acc:0.7344
INFO:__main__:
【Val】:  SENS: 0.5785  SPEC: 0.8231  PPV: 0.6505  NPV: 0.7743 F1:0.6124
INFO:__main__:验证的best_acc:0.7500
INFO:__main__:----------------------------------------------------------------------------------------------------
INFO:__main__:
【train】epoch:92/150 loss:0.5377 acc:0.7177
INFO:__main__:
【val】epoch:92/150 loss:0.4729 acc:0.7533
INFO:__main__:
【Val】:  SENS: 0.5385  SPEC: 0.8757  PPV: 0.7114  NPV: 0.7692 F1:0.6130
INFO:__main__:验证的best_acc:0.7533
INFO:__main__:----------------------------------------------------------------------------------------------------
INFO:__main__:
【train】epoch:93/150 loss:0.5316 acc:0.7250
INFO:__main__:
【val】epoch:93/150 loss:0.4742 acc:0.7511
INFO:__main__:
【Val】:  SENS: 0.5631  SPEC: 0.8581  PPV: 0.6932  NPV: 0.7753 F1:0.6214
INFO:__main__:验证的best_acc:0.7533
INFO:__main__:----------------------------------------------------------------------------------------------------
INFO:__main__:
【train】epoch:94/150 loss:0.5285 acc:0.7279
INFO:__main__:
【val】epoch:94/150 loss:0.4768 acc:0.7411
INFO:__main__:
【Val】:  SENS: 0.6369  SPEC: 0.8004  PPV: 0.6449  NPV: 0.7948 F1:0.6409
INFO:__main__:验证的best_acc:0.7533
INFO:__main__:----------------------------------------------------------------------------------------------------
INFO:__main__:
【train】epoch:95/150 loss:0.5347 acc:0.7243
INFO:__main__:
【val】epoch:95/150 loss:0.4704 acc:0.7600
INFO:__main__:
【Val】:  SENS: 0.5477  SPEC: 0.8809  PPV: 0.7236  NPV: 0.7738 F1:0.6235
INFO:__main__:验证的best_acc:0.7600
INFO:__main__:----------------------------------------------------------------------------------------------------
INFO:__main__:
【train】epoch:96/150 loss:0.5274 acc:0.7303
INFO:__main__:
【val】epoch:96/150 loss:0.4680 acc:0.7522
INFO:__main__:
【Val】:  SENS: 0.5723  SPEC: 0.8546  PPV: 0.6914  NPV: 0.7783 F1:0.6263
INFO:__main__:验证的best_acc:0.7600
INFO:__main__:----------------------------------------------------------------------------------------------------
INFO:__main__:
【train】epoch:97/150 loss:0.5293 acc:0.7240
INFO:__main__:
【val】epoch:97/150 loss:0.4781 acc:0.7422
INFO:__main__:
【Val】:  SENS: 0.5723  SPEC: 0.8389  PPV: 0.6691  NPV: 0.7751 F1:0.6169
INFO:__main__:验证的best_acc:0.7600
INFO:__main__:----------------------------------------------------------------------------------------------------
INFO:__main__:
【train】epoch:98/150 loss:0.5292 acc:0.7268
INFO:__main__:
【val】epoch:98/150 loss:0.4904 acc:0.7321
INFO:__main__:
【Val】:  SENS: 0.5538  SPEC: 0.8336  PPV: 0.6545  NPV: 0.7665 F1:0.6000
INFO:__main__:验证的best_acc:0.7600
INFO:__main__:----------------------------------------------------------------------------------------------------
INFO:__main__:
【train】epoch:99/150 loss:0.5231 acc:0.7302
INFO:__main__:
【val】epoch:99/150 loss:0.4771 acc:0.7388
INFO:__main__:
【Val】:  SENS: 0.5754  SPEC: 0.8319  PPV: 0.6608  NPV: 0.7749 F1:0.6151
INFO:__main__:验证的best_acc:0.7600
INFO:__main__:----------------------------------------------------------------------------------------------------
INFO:__main__:
【train】epoch:100/150 loss:0.5207 acc:0.7330
INFO:__main__:
【val】epoch:100/150 loss:0.4601 acc:0.7645
INFO:__main__:
【Val】:  SENS: 0.6277  SPEC: 0.8424  PPV: 0.6939  NPV: 0.7990 F1:0.6591
INFO:__main__:验证的best_acc:0.7645
INFO:__main__:----------------------------------------------------------------------------------------------------
INFO:__main__:
【train】epoch:101/150 loss:0.5242 acc:0.7322
INFO:__main__:
【val】epoch:101/150 loss:0.4683 acc:0.7567
INFO:__main__:
【Val】:  SENS: 0.6954  SPEC: 0.7916  PPV: 0.6551  NPV: 0.8203 F1:0.6746
INFO:__main__:验证的best_acc:0.7645
INFO:__main__:----------------------------------------------------------------------------------------------------
INFO:__main__:
【train】epoch:102/150 loss:0.5229 acc:0.7298
INFO:__main__:
【val】epoch:102/150 loss:0.4603 acc:0.7690
INFO:__main__:
【Val】:  SENS: 0.6338  SPEC: 0.8459  PPV: 0.7007  NPV: 0.8023 F1:0.6656
INFO:__main__:验证的best_acc:0.7690
INFO:__main__:----------------------------------------------------------------------------------------------------
INFO:__main__:
【train】epoch:103/150 loss:0.5198 acc:0.7336
INFO:__main__:
【val】epoch:103/150 loss:0.4718 acc:0.7511
INFO:__main__:
【Val】:  SENS: 0.5846  SPEC: 0.8459  PPV: 0.6835  NPV: 0.7816 F1:0.6302
INFO:__main__:验证的best_acc:0.7690
INFO:__main__:----------------------------------------------------------------------------------------------------
INFO:__main__:
【train】epoch:104/150 loss:0.5189 acc:0.7299
INFO:__main__:
【val】epoch:104/150 loss:0.4710 acc:0.7500
INFO:__main__:
【Val】:  SENS: 0.5415  SPEC: 0.8687  PPV: 0.7012  NPV: 0.7690 F1:0.6111
INFO:__main__:验证的best_acc:0.7690
INFO:__main__:----------------------------------------------------------------------------------------------------
INFO:__main__:
【train】epoch:105/150 loss:0.5181 acc:0.7319
INFO:__main__:
【val】epoch:105/150 loss:0.4547 acc:0.7679
INFO:__main__:
【Val】:  SENS: 0.6000  SPEC: 0.8634  PPV: 0.7143  NPV: 0.7913 F1:0.6522
INFO:__main__:验证的best_acc:0.7690
INFO:__main__:----------------------------------------------------------------------------------------------------
INFO:__main__:
【train】epoch:106/150 loss:0.5148 acc:0.7342
INFO:__main__:
【val】epoch:106/150 loss:0.4686 acc:0.7489
INFO:__main__:
【Val】:  SENS: 0.6492  SPEC: 0.8056  PPV: 0.6553  NPV: 0.8014 F1:0.6522
INFO:__main__:验证的best_acc:0.7690
INFO:__main__:----------------------------------------------------------------------------------------------------
INFO:__main__:
【train】epoch:107/150 loss:0.5120 acc:0.7363
INFO:__main__:
【val】epoch:107/150 loss:0.4616 acc:0.7545
INFO:__main__:
【Val】:  SENS: 0.6462  SPEC: 0.8161  PPV: 0.6667  NPV: 0.8021 F1:0.6563
INFO:__main__:验证的best_acc:0.7690
INFO:__main__:----------------------------------------------------------------------------------------------------
INFO:__main__:
【train】epoch:108/150 loss:0.5119 acc:0.7352
INFO:__main__:
【val】epoch:108/150 loss:0.4488 acc:0.7757
INFO:__main__:
【Val】:  SENS: 0.6615  SPEC: 0.8406  PPV: 0.7026  NPV: 0.8136 F1:0.6815
INFO:__main__:验证的best_acc:0.7757
INFO:__main__:----------------------------------------------------------------------------------------------------
INFO:__main__:
【train】epoch:109/150 loss:0.5116 acc:0.7318
INFO:__main__:
【val】epoch:109/150 loss:0.4503 acc:0.7667
INFO:__main__:
【Val】:  SENS: 0.5662  SPEC: 0.8809  PPV: 0.7302  NPV: 0.7811 F1:0.6378
INFO:__main__:验证的best_acc:0.7757
INFO:__main__:----------------------------------------------------------------------------------------------------
INFO:__main__:
【train】epoch:110/150 loss:0.5119 acc:0.7402
INFO:__main__:
【val】epoch:110/150 loss:0.4563 acc:0.7701
INFO:__main__:
【Val】:  SENS: 0.6092  SPEC: 0.8616  PPV: 0.7148  NPV: 0.7948 F1:0.6578
INFO:__main__:验证的best_acc:0.7757
INFO:__main__:----------------------------------------------------------------------------------------------------
INFO:__main__:
【train】epoch:111/150 loss:0.5151 acc:0.7327
INFO:__main__:
【val】epoch:111/150 loss:0.4504 acc:0.7723
INFO:__main__:
【Val】:  SENS: 0.5908  SPEC: 0.8757  PPV: 0.7300  NPV: 0.7899 F1:0.6531
INFO:__main__:验证的best_acc:0.7757
INFO:__main__:----------------------------------------------------------------------------------------------------
INFO:__main__:
【train】epoch:112/150 loss:0.5090 acc:0.7395
INFO:__main__:
【val】epoch:112/150 loss:0.4520 acc:0.7712
INFO:__main__:
【Val】:  SENS: 0.6400  SPEC: 0.8459  PPV: 0.7027  NPV: 0.8050 F1:0.6699
INFO:__main__:验证的best_acc:0.7757
INFO:__main__:----------------------------------------------------------------------------------------------------
INFO:__main__:
【train】epoch:113/150 loss:0.5090 acc:0.7397
INFO:__main__:
【val】epoch:113/150 loss:0.4462 acc:0.7768
INFO:__main__:
【Val】:  SENS: 0.6400  SPEC: 0.8546  PPV: 0.7148  NPV: 0.8066 F1:0.6753
INFO:__main__:验证的best_acc:0.7768
INFO:__main__:----------------------------------------------------------------------------------------------------
INFO:__main__:
【train】epoch:114/150 loss:0.5061 acc:0.7421
INFO:__main__:
【val】epoch:114/150 loss:0.4475 acc:0.7746
INFO:__main__:
【Val】:  SENS: 0.6954  SPEC: 0.8196  PPV: 0.6869  NPV: 0.8254 F1:0.6911
INFO:__main__:验证的best_acc:0.7768
INFO:__main__:----------------------------------------------------------------------------------------------------
INFO:__main__:
【train】epoch:115/150 loss:0.5027 acc:0.7465
INFO:__main__:
【val】epoch:115/150 loss:0.4547 acc:0.7679
INFO:__main__:
【Val】:  SENS: 0.7108  SPEC: 0.8004  PPV: 0.6696  NPV: 0.8294 F1:0.6896
INFO:__main__:验证的best_acc:0.7768
INFO:__main__:----------------------------------------------------------------------------------------------------
INFO:__main__:
【train】epoch:116/150 loss:0.5064 acc:0.7365
INFO:__main__:
【val】epoch:116/150 loss:0.4464 acc:0.7768
INFO:__main__:
【Val】:  SENS: 0.6615  SPEC: 0.8424  PPV: 0.7049  NPV: 0.8139 F1:0.6825
INFO:__main__:验证的best_acc:0.7768
INFO:__main__:----------------------------------------------------------------------------------------------------
INFO:__main__:
【train】epoch:117/150 loss:0.5000 acc:0.7467
INFO:__main__:
【val】epoch:117/150 loss:0.4372 acc:0.7857
INFO:__main__:
【Val】:  SENS: 0.5938  SPEC: 0.8949  PPV: 0.7628  NPV: 0.7947 F1:0.6678
INFO:__main__:验证的best_acc:0.7857
INFO:__main__:----------------------------------------------------------------------------------------------------
INFO:__main__:
【train】epoch:118/150 loss:0.5042 acc:0.7473
INFO:__main__:
【val】epoch:118/150 loss:0.4496 acc:0.7701
INFO:__main__:
【Val】:  SENS: 0.6985  SPEC: 0.8109  PPV: 0.6776  NPV: 0.8253 F1:0.6879
INFO:__main__:验证的best_acc:0.7857
INFO:__main__:----------------------------------------------------------------------------------------------------
INFO:__main__:
【train】epoch:119/150 loss:0.5051 acc:0.7455
INFO:__main__:
【val】epoch:119/150 loss:0.4445 acc:0.7768
INFO:__main__:
【Val】:  SENS: 0.6800  SPEC: 0.8319  PPV: 0.6972  NPV: 0.8204 F1:0.6885
INFO:__main__:验证的best_acc:0.7857
INFO:__main__:----------------------------------------------------------------------------------------------------
INFO:__main__:
【train】epoch:120/150 loss:0.5033 acc:0.7463
INFO:__main__:
【val】epoch:120/150 loss:0.4407 acc:0.7835
INFO:__main__:
【Val】:  SENS: 0.7138  SPEC: 0.8231  PPV: 0.6967  NPV: 0.8348 F1:0.7052
INFO:__main__:验证的best_acc:0.7857
INFO:__main__:----------------------------------------------------------------------------------------------------
INFO:__main__:
【train】epoch:121/150 loss:0.4944 acc:0.7531
INFO:__main__:
【val】epoch:121/150 loss:0.4392 acc:0.7879
INFO:__main__:
【Val】:  SENS: 0.6708  SPEC: 0.8546  PPV: 0.7243  NPV: 0.8202 F1:0.6965
INFO:__main__:验证的best_acc:0.7879
INFO:__main__:----------------------------------------------------------------------------------------------------
INFO:__main__:
【train】epoch:122/150 loss:0.5010 acc:0.7471
INFO:__main__:
【val】epoch:122/150 loss:0.4381 acc:0.7879
INFO:__main__:
【Val】:  SENS: 0.6892  SPEC: 0.8441  PPV: 0.7157  NPV: 0.8268 F1:0.7022
INFO:__main__:验证的best_acc:0.7879
INFO:__main__:----------------------------------------------------------------------------------------------------
INFO:__main__:
【train】epoch:123/150 loss:0.5023 acc:0.7446
INFO:__main__:
【val】epoch:123/150 loss:0.4446 acc:0.7768
INFO:__main__:
【Val】:  SENS: 0.6215  SPEC: 0.8651  PPV: 0.7240  NPV: 0.8006 F1:0.6689
INFO:__main__:验证的best_acc:0.7879
INFO:__main__:----------------------------------------------------------------------------------------------------
INFO:__main__:
【train】epoch:124/150 loss:0.4945 acc:0.7504
INFO:__main__:
【val】epoch:124/150 loss:0.4407 acc:0.7857
INFO:__main__:
【Val】:  SENS: 0.7077  SPEC: 0.8301  PPV: 0.7034  NPV: 0.8330 F1:0.7055
INFO:__main__:验证的best_acc:0.7879
INFO:__main__:----------------------------------------------------------------------------------------------------
INFO:__main__:
【train】epoch:125/150 loss:0.4985 acc:0.7424
INFO:__main__:
【val】epoch:125/150 loss:0.4565 acc:0.7623
INFO:__main__:
【Val】:  SENS: 0.5846  SPEC: 0.8634  PPV: 0.7090  NPV: 0.7850 F1:0.6408
INFO:__main__:验证的best_acc:0.7879
INFO:__main__:----------------------------------------------------------------------------------------------------
INFO:__main__:
【train】epoch:126/150 loss:0.4957 acc:0.7504
INFO:__main__:
【val】epoch:126/150 loss:0.4438 acc:0.7746
INFO:__main__:
【Val】:  SENS: 0.6277  SPEC: 0.8581  PPV: 0.7158  NPV: 0.8020 F1:0.6689
INFO:__main__:验证的best_acc:0.7879
INFO:__main__:----------------------------------------------------------------------------------------------------
INFO:__main__:
【train】epoch:127/150 loss:0.4929 acc:0.7548
INFO:__main__:
【val】epoch:127/150 loss:0.4335 acc:0.7846
INFO:__main__:
【Val】:  SENS: 0.6369  SPEC: 0.8687  PPV: 0.7340  NPV: 0.8078 F1:0.6820
INFO:__main__:验证的best_acc:0.7879
INFO:__main__:----------------------------------------------------------------------------------------------------
INFO:__main__:
【train】epoch:128/150 loss:0.4938 acc:0.7503
INFO:__main__:
【val】epoch:128/150 loss:0.4372 acc:0.7902
INFO:__main__:
【Val】:  SENS: 0.7138  SPEC: 0.8336  PPV: 0.7095  NPV: 0.8366 F1:0.7117
INFO:__main__:验证的best_acc:0.7902
INFO:__main__:----------------------------------------------------------------------------------------------------
INFO:__main__:
【train】epoch:129/150 loss:0.4928 acc:0.7510
INFO:__main__:
【val】epoch:129/150 loss:0.4323 acc:0.7913
INFO:__main__:
【Val】:  SENS: 0.6462  SPEC: 0.8739  PPV: 0.7447  NPV: 0.8127 F1:0.6919
INFO:__main__:验证的best_acc:0.7913
INFO:__main__:----------------------------------------------------------------------------------------------------
INFO:__main__:
【train】epoch:130/150 loss:0.4879 acc:0.7553
INFO:__main__:
【val】epoch:130/150 loss:0.4402 acc:0.7790
INFO:__main__:
【Val】:  SENS: 0.6215  SPEC: 0.8687  PPV: 0.7292  NPV: 0.8013 F1:0.6711
INFO:__main__:验证的best_acc:0.7913
INFO:__main__:----------------------------------------------------------------------------------------------------
INFO:__main__:
【train】epoch:131/150 loss:0.4941 acc:0.7519
INFO:__main__:
【val】epoch:131/150 loss:0.4355 acc:0.7891
INFO:__main__:
【Val】:  SENS: 0.6985  SPEC: 0.8406  PPV: 0.7138  NPV: 0.8304 F1:0.7061
INFO:__main__:验证的best_acc:0.7913
INFO:__main__:----------------------------------------------------------------------------------------------------
INFO:__main__:
【train】epoch:132/150 loss:0.4902 acc:0.7520
INFO:__main__:
【val】epoch:132/150 loss:0.4401 acc:0.7857
INFO:__main__:
【Val】:  SENS: 0.7231  SPEC: 0.8214  PPV: 0.6973  NPV: 0.8390 F1:0.7100
INFO:__main__:验证的best_acc:0.7913
INFO:__main__:----------------------------------------------------------------------------------------------------
INFO:__main__:
【train】epoch:133/150 loss:0.4930 acc:0.7467
INFO:__main__:
【val】epoch:133/150 loss:0.4311 acc:0.7913
INFO:__main__:
【Val】:  SENS: 0.7231  SPEC: 0.8301  PPV: 0.7078  NPV: 0.8404 F1:0.7154
INFO:__main__:验证的best_acc:0.7913
INFO:__main__:----------------------------------------------------------------------------------------------------
INFO:__main__:
【train】epoch:134/150 loss:0.4851 acc:0.7569
INFO:__main__:
【val】epoch:134/150 loss:0.4477 acc:0.7790
INFO:__main__:
【Val】:  SENS: 0.6431  SPEC: 0.8564  PPV: 0.7182  NPV: 0.8083 F1:0.6786
INFO:__main__:验证的best_acc:0.7913
INFO:__main__:----------------------------------------------------------------------------------------------------
INFO:__main__:
【train】epoch:135/150 loss:0.4915 acc:0.7500
INFO:__main__:
【val】epoch:135/150 loss:0.4225 acc:0.8002
INFO:__main__:
【Val】:  SENS: 0.6954  SPEC: 0.8599  PPV: 0.7386  NPV: 0.8322 F1:0.7163
INFO:__main__:验证的best_acc:0.8002
INFO:__main__:----------------------------------------------------------------------------------------------------
INFO:__main__:
【train】epoch:136/150 loss:0.4854 acc:0.7527
INFO:__main__:
【val】epoch:136/150 loss:0.4225 acc:0.7980
INFO:__main__:
【Val】:  SENS: 0.7138  SPEC: 0.8459  PPV: 0.7250  NPV: 0.8385 F1:0.7194
INFO:__main__:验证的best_acc:0.8002
INFO:__main__:----------------------------------------------------------------------------------------------------
INFO:__main__:
【train】epoch:137/150 loss:0.4845 acc:0.7601
INFO:__main__:
【val】epoch:137/150 loss:0.4332 acc:0.7902
INFO:__main__:
【Val】:  SENS: 0.6769  SPEC: 0.8546  PPV: 0.7261  NPV: 0.8229 F1:0.7006
INFO:__main__:验证的best_acc:0.8002
INFO:__main__:----------------------------------------------------------------------------------------------------
INFO:__main__:
【train】epoch:138/150 loss:0.4854 acc:0.7590
INFO:__main__:
【val】epoch:138/150 loss:0.4171 acc:0.7969
INFO:__main__:
【Val】:  SENS: 0.7015  SPEC: 0.8511  PPV: 0.7284  NPV: 0.8336 F1:0.7147
INFO:__main__:验证的best_acc:0.8002
INFO:__main__:----------------------------------------------------------------------------------------------------
INFO:__main__:
【train】epoch:139/150 loss:0.4800 acc:0.7606
INFO:__main__:
【val】epoch:139/150 loss:0.4244 acc:0.7868
INFO:__main__:
【Val】:  SENS: 0.6523  SPEC: 0.8634  PPV: 0.7310  NPV: 0.8135 F1:0.6894
INFO:__main__:验证的best_acc:0.8002
INFO:__main__:----------------------------------------------------------------------------------------------------
INFO:__main__:
【train】epoch:140/150 loss:0.4856 acc:0.7569
INFO:__main__:
【val】epoch:140/150 loss:0.4317 acc:0.7891
INFO:__main__:
【Val】:  SENS: 0.6738  SPEC: 0.8546  PPV: 0.7252  NPV: 0.8215 F1:0.6986
INFO:__main__:验证的best_acc:0.8002
INFO:__main__:----------------------------------------------------------------------------------------------------
INFO:__main__:
【train】epoch:141/150 loss:0.4800 acc:0.7567
INFO:__main__:
【val】epoch:141/150 loss:0.4228 acc:0.7902
INFO:__main__:
【Val】:  SENS: 0.6462  SPEC: 0.8722  PPV: 0.7420  NPV: 0.8124 F1:0.6908
INFO:__main__:验证的best_acc:0.8002
INFO:__main__:----------------------------------------------------------------------------------------------------
INFO:__main__:
【train】epoch:142/150 loss:0.4811 acc:0.7605
INFO:__main__:
【val】epoch:142/150 loss:0.4119 acc:0.7969
INFO:__main__:
【Val】:  SENS: 0.6954  SPEC: 0.8546  PPV: 0.7314  NPV: 0.8313 F1:0.7129
INFO:__main__:验证的best_acc:0.8002
INFO:__main__:----------------------------------------------------------------------------------------------------
INFO:__main__:
【train】epoch:143/150 loss:0.4832 acc:0.7613
INFO:__main__:
【val】epoch:143/150 loss:0.4218 acc:0.7946
INFO:__main__:
【Val】:  SENS: 0.6523  SPEC: 0.8757  PPV: 0.7491  NPV: 0.8157 F1:0.6974
INFO:__main__:验证的best_acc:0.8002
INFO:__main__:----------------------------------------------------------------------------------------------------
INFO:__main__:
【train】epoch:144/150 loss:0.4794 acc:0.7590
INFO:__main__:
【val】epoch:144/150 loss:0.4255 acc:0.7913
INFO:__main__:
【Val】:  SENS: 0.7046  SPEC: 0.8406  PPV: 0.7156  NPV: 0.8333 F1:0.7101
INFO:__main__:验证的best_acc:0.8002
INFO:__main__:----------------------------------------------------------------------------------------------------
INFO:__main__:
【train】epoch:145/150 loss:0.4858 acc:0.7537
INFO:__main__:
【val】epoch:145/150 loss:0.4143 acc:0.8047
INFO:__main__:
【Val】:  SENS: 0.6369  SPEC: 0.9002  PPV: 0.7841  NPV: 0.8133 F1:0.7029
INFO:__main__:验证的best_acc:0.8047
INFO:__main__:----------------------------------------------------------------------------------------------------
INFO:__main__:
【train】epoch:146/150 loss:0.4801 acc:0.7603
INFO:__main__:
【val】epoch:146/150 loss:0.4256 acc:0.7868
INFO:__main__:
【Val】:  SENS: 0.6523  SPEC: 0.8634  PPV: 0.7310  NPV: 0.8135 F1:0.6894
INFO:__main__:验证的best_acc:0.8047
INFO:__main__:----------------------------------------------------------------------------------------------------
INFO:__main__:
【train】epoch:147/150 loss:0.4820 acc:0.7575
INFO:__main__:
【val】epoch:147/150 loss:0.4282 acc:0.7868
INFO:__main__:
【Val】:  SENS: 0.6677  SPEC: 0.8546  PPV: 0.7233  NPV: 0.8188 F1:0.6944
INFO:__main__:验证的best_acc:0.8047
INFO:__main__:----------------------------------------------------------------------------------------------------
INFO:__main__:
【train】epoch:148/150 loss:0.4799 acc:0.7609
INFO:__main__:
【val】epoch:148/150 loss:0.4153 acc:0.7991
INFO:__main__:
【Val】:  SENS: 0.6615  SPEC: 0.8774  PPV: 0.7544  NPV: 0.8200 F1:0.7049
INFO:__main__:验证的best_acc:0.8047
INFO:__main__:----------------------------------------------------------------------------------------------------
INFO:__main__:
【train】epoch:149/150 loss:0.4738 acc:0.7626
INFO:__main__:
【val】epoch:149/150 loss:0.4148 acc:0.7946
INFO:__main__:
【Val】:  SENS: 0.6831  SPEC: 0.8581  PPV: 0.7327  NPV: 0.8263 F1:0.7070
INFO:__main__:验证的best_acc:0.8047
INFO:__main__:----------------------------------------------------------------------------------------------------
INFO:__main__:****************************************************************************************************
INFO:__main__:Val_LOSS:['0.6264', '0.6244', '0.6166', '0.6170', '0.6218', '0.6151', '0.6098', '0.6083', '0.6055', '0.6103', '0.6125', '0.6048', '0.6050', '0.6055', '0.6080', '0.6037', '0.6034', '0.6023', '0.5921', '0.5955', '0.5981', '0.5902', '0.5957', '0.5906', '0.5983', '0.5882', '0.5965', '0.5861', '0.5975', '0.5892', '0.5838', '0.5705', '0.5808', '0.5902', '0.5770', '0.5759', '0.5743', '0.5775', '0.5717', '0.5714', '0.5851', '0.5617', '0.5600', '0.5519', '0.5452', '0.5539', '0.5579', '0.5534', '0.5457', '0.5454', '0.5419', '0.5260', '0.5382', '0.5205', '0.5309', '0.5260', '0.5169', '0.5258', '0.5417', '0.5198', '0.5172', '0.5248', '0.5121', '0.5101', '0.5438', '0.5164', '0.5134', '0.5013', '0.5041', '0.5093', '0.5070', '0.5077', '0.5068', '0.4955', '0.4914', '0.4945', '0.4940', '0.5025', '0.5018', '0.4939', '0.4853', '0.4938', '0.5016', '0.4885', '0.4989', '0.4845', '0.4769', '0.4863', '0.4852', '0.4879', '0.4766', '0.4820', '0.4729', '0.4742', '0.4768', '0.4704', '0.4680', '0.4781', '0.4904', '0.4771', '0.4601', '0.4683', '0.4603', '0.4718', '0.4710', '0.4547', '0.4686', '0.4616', '0.4488', '0.4503', '0.4563', '0.4504', '0.4520', '0.4462', '0.4475', '0.4547', '0.4464', '0.4372', '0.4496', '0.4445', '0.4407', '0.4392', '0.4381', '0.4446', '0.4407', '0.4565', '0.4438', '0.4335', '0.4372', '0.4323', '0.4402', '0.4355', '0.4401', '0.4311', '0.4477', '0.4225', '0.4225', '0.4332', '0.4171', '0.4244', '0.4317', '0.4228', '0.4119', '0.4218', '0.4255', '0.4143', '0.4256', '0.4282', '0.4153', '0.4148']
INFO:__main__:Val_ACC:['0.6239', '0.6250', '0.6362', '0.6306', '0.6283', '0.6362', '0.6350', '0.6406', '0.6417', '0.6395', '0.6406', '0.6496', '0.6451', '0.6551', '0.6473', '0.6618', '0.6484', '0.6574', '0.6674', '0.6763', '0.6641', '0.6708', '0.6719', '0.6786', '0.6685', '0.6830', '0.6730', '0.6775', '0.6663', '0.6797', '0.6830', '0.6953', '0.6908', '0.6797', '0.6875', '0.6875', '0.6819', '0.6953', '0.6987', '0.6975', '0.6786', '0.6964', '0.7065', '0.6964', '0.7031', '0.7065', '0.6908', '0.6886', '0.6998', '0.6975', '0.7087', '0.7176', '0.7065', '0.7254', '0.7132', '0.7176', '0.7277', '0.7176', '0.7076', '0.7221', '0.7165', '0.7165', '0.7232', '0.7288', '0.6908', '0.7165', '0.7188', '0.7321', '0.7221', '0.7221', '0.7321', '0.7277', '0.7199', '0.7366', '0.7500', '0.7310', '0.7333', '0.7199', '0.7288', '0.7310', '0.7422', '0.7254', '0.7232', '0.7344', '0.7321', '0.7400', '0.7455', '0.7400', '0.7366', '0.7321', '0.7478', '0.7344', '0.7533', '0.7511', '0.7411', '0.7600', '0.7522', '0.7422', '0.7321', '0.7388', '0.7645', '0.7567', '0.7690', '0.7511', '0.7500', '0.7679', '0.7489', '0.7545', '0.7757', '0.7667', '0.7701', '0.7723', '0.7712', '0.7768', '0.7746', '0.7679', '0.7768', '0.7857', '0.7701', '0.7768', '0.7835', '0.7879', '0.7879', '0.7768', '0.7857', '0.7623', '0.7746', '0.7846', '0.7902', '0.7913', '0.7790', '0.7891', '0.7857', '0.7913', '0.7790', '0.8002', '0.7980', '0.7902', '0.7969', '0.7868', '0.7891', '0.7902', '0.7969', '0.7946', '0.7913', '0.8047', '0.7868', '0.7868', '0.7991', '0.7946']
INFO:__main__:****************************************************************************************************
INFO:__main__: epoch0 测试test_Loss: 0.4815  test_ACC: 0.7618  
INFO:__main__:SENS: 0.5598 SPEC: 0.8795 PPV: 0.7300 NPV: 0.7743 F1:0.6337
INFO:__main__:test_Best_acc:0.7618
INFO:__main__:flops:8696983296.0  params:49439618.0
