INFO:__main__:
【train】epoch:0/150 loss:0.5464 acc:0.7222
INFO:__main__:
【val】epoch:0/150 loss:0.4471 acc:0.7837
INFO:__main__:
【Val】:  SENS: 0.5671  SPEC: 0.8717  PPV: 0.6422  NPV: 0.8322 F1:0.6023
INFO:__main__:验证的best_acc:0.7837
INFO:__main__:----------------------------------------------------------------------------------------------------
INFO:__main__:
【train】epoch:1/150 loss:0.4910 acc:0.7514
INFO:__main__:
【val】epoch:1/150 loss:0.4939 acc:0.7188
INFO:__main__:
【Val】:  SENS: 0.7706  SPEC: 0.6977  PPV: 0.5086  NPV: 0.8822 F1:0.6127
INFO:__main__:验证的best_acc:0.7837
INFO:__main__:----------------------------------------------------------------------------------------------------
INFO:__main__:
【train】epoch:2/150 loss:0.4593 acc:0.7766
INFO:__main__:
【val】epoch:2/150 loss:0.4364 acc:0.7763
INFO:__main__:
【Val】:  SENS: 0.7013  SPEC: 0.8067  PPV: 0.5956  NPV: 0.8693 F1:0.6441
INFO:__main__:验证的best_acc:0.7837
INFO:__main__:----------------------------------------------------------------------------------------------------
INFO:__main__:
【train】epoch:3/150 loss:0.4397 acc:0.7883
INFO:__main__:
【val】epoch:3/150 loss:0.6910 acc:0.6662
INFO:__main__:
【Val】:  SENS: 0.8788  SPEC: 0.5800  PPV: 0.4593  NPV: 0.9218 F1:0.6033
INFO:__main__:验证的best_acc:0.7837
INFO:__main__:----------------------------------------------------------------------------------------------------
INFO:__main__:
【train】epoch:4/150 loss:0.4254 acc:0.7966
INFO:__main__:
【val】epoch:4/150 loss:0.5298 acc:0.7375
INFO:__main__:
【Val】:  SENS: 0.8701  SPEC: 0.6837  PPV: 0.5276  NPV: 0.9284 F1:0.6569
INFO:__main__:验证的best_acc:0.7837
INFO:__main__:----------------------------------------------------------------------------------------------------
INFO:__main__:
【train】epoch:5/150 loss:0.4060 acc:0.8057
INFO:__main__:
【val】epoch:5/150 loss:0.4557 acc:0.7738
INFO:__main__:
【Val】:  SENS: 0.8009  SPEC: 0.7627  PPV: 0.5781  NPV: 0.9042 F1:0.6715
INFO:__main__:验证的best_acc:0.7837
INFO:__main__:----------------------------------------------------------------------------------------------------
INFO:__main__:
【train】epoch:6/150 loss:0.3949 acc:0.8164
INFO:__main__:
【val】epoch:6/150 loss:0.4994 acc:0.7550
INFO:__main__:
【Val】:  SENS: 0.8312  SPEC: 0.7241  PPV: 0.5501  NPV: 0.9135 F1:0.6621
INFO:__main__:验证的best_acc:0.7837
INFO:__main__:----------------------------------------------------------------------------------------------------
INFO:__main__:
【train】epoch:7/150 loss:0.3804 acc:0.8249
INFO:__main__:
【val】epoch:7/150 loss:0.7287 acc:0.6837
INFO:__main__:
【Val】:  SENS: 0.8831  SPEC: 0.6028  PPV: 0.4744  NPV: 0.9270 F1:0.6172
INFO:__main__:验证的best_acc:0.7837
INFO:__main__:----------------------------------------------------------------------------------------------------
INFO:__main__:
【train】epoch:8/150 loss:0.3681 acc:0.8324
INFO:__main__:
【val】epoch:8/150 loss:0.5311 acc:0.7462
INFO:__main__:
【Val】:  SENS: 0.9048  SPEC: 0.6819  PPV: 0.5359  NPV: 0.9463 F1:0.6731
INFO:__main__:验证的best_acc:0.7837
INFO:__main__:----------------------------------------------------------------------------------------------------
INFO:__main__:
【train】epoch:9/150 loss:0.3479 acc:0.8468
INFO:__main__:
【val】epoch:9/150 loss:0.5366 acc:0.7500
INFO:__main__:
【Val】:  SENS: 0.9004  SPEC: 0.6889  PPV: 0.5403  NPV: 0.9446 F1:0.6753
INFO:__main__:验证的best_acc:0.7837
INFO:__main__:----------------------------------------------------------------------------------------------------
INFO:__main__:
【train】epoch:10/150 loss:0.3347 acc:0.8484
INFO:__main__:
【val】epoch:10/150 loss:0.4379 acc:0.7850
INFO:__main__:
【Val】:  SENS: 0.8615  SPEC: 0.7540  PPV: 0.5870  NPV: 0.9306 F1:0.6982
INFO:__main__:验证的best_acc:0.7850
INFO:__main__:----------------------------------------------------------------------------------------------------
INFO:__main__:
【train】epoch:11/150 loss:0.3281 acc:0.8527
INFO:__main__:
【val】epoch:11/150 loss:0.4533 acc:0.7962
INFO:__main__:
【Val】:  SENS: 0.8312  SPEC: 0.7821  PPV: 0.6076  NPV: 0.9194 F1:0.7020
INFO:__main__:验证的best_acc:0.7962
INFO:__main__:----------------------------------------------------------------------------------------------------
INFO:__main__:
【train】epoch:12/150 loss:0.3181 acc:0.8584
INFO:__main__:
【val】epoch:12/150 loss:0.5073 acc:0.7538
INFO:__main__:
【Val】:  SENS: 0.9134  SPEC: 0.6889  PPV: 0.5438  NPV: 0.9515 F1:0.6817
INFO:__main__:验证的best_acc:0.7962
INFO:__main__:----------------------------------------------------------------------------------------------------
INFO:__main__:
【train】epoch:13/150 loss:0.3127 acc:0.8607
INFO:__main__:
【val】epoch:13/150 loss:0.3119 acc:0.8462
INFO:__main__:
【Val】:  SENS: 0.7056  SPEC: 0.9033  PPV: 0.7477  NPV: 0.8832 F1:0.7261
INFO:__main__:验证的best_acc:0.8462
INFO:__main__:----------------------------------------------------------------------------------------------------
INFO:__main__:
【train】epoch:14/150 loss:0.3108 acc:0.8652
INFO:__main__:
【val】epoch:14/150 loss:0.3682 acc:0.8275
INFO:__main__:
【Val】:  SENS: 0.8442  SPEC: 0.8207  PPV: 0.6566  NPV: 0.9284 F1:0.7386
INFO:__main__:验证的best_acc:0.8462
INFO:__main__:----------------------------------------------------------------------------------------------------
INFO:__main__:
【train】epoch:15/150 loss:0.3035 acc:0.8628
INFO:__main__:
【val】epoch:15/150 loss:0.3679 acc:0.8275
INFO:__main__:
【Val】:  SENS: 0.5022  SPEC: 0.9596  PPV: 0.8345  NPV: 0.8260 F1:0.6270
INFO:__main__:验证的best_acc:0.8462
INFO:__main__:----------------------------------------------------------------------------------------------------
INFO:__main__:
【train】epoch:16/150 loss:0.2957 acc:0.8712
INFO:__main__:
【val】epoch:16/150 loss:0.3048 acc:0.8487
INFO:__main__:
【Val】:  SENS: 0.6970  SPEC: 0.9104  PPV: 0.7594  NPV: 0.8810 F1:0.7269
INFO:__main__:验证的best_acc:0.8487
INFO:__main__:----------------------------------------------------------------------------------------------------
INFO:__main__:
【train】epoch:17/150 loss:0.2845 acc:0.8748
INFO:__main__:
【val】epoch:17/150 loss:0.4608 acc:0.7937
INFO:__main__:
【Val】:  SENS: 0.8918  SPEC: 0.7540  PPV: 0.5954  NPV: 0.9449 F1:0.7140
INFO:__main__:验证的best_acc:0.8487
INFO:__main__:----------------------------------------------------------------------------------------------------
INFO:__main__:
【train】epoch:18/150 loss:0.2840 acc:0.8738
INFO:__main__:
【val】epoch:18/150 loss:0.3390 acc:0.8462
INFO:__main__:
【Val】:  SENS: 0.7662  SPEC: 0.8787  PPV: 0.7195  NPV: 0.9025 F1:0.7421
INFO:__main__:验证的best_acc:0.8487
INFO:__main__:----------------------------------------------------------------------------------------------------
INFO:__main__:
【train】epoch:19/150 loss:0.2663 acc:0.8836
INFO:__main__:
【val】epoch:19/150 loss:0.4345 acc:0.8100
INFO:__main__:
【Val】:  SENS: 0.8874  SPEC: 0.7786  PPV: 0.6193  NPV: 0.9446 F1:0.7295
INFO:__main__:验证的best_acc:0.8487
INFO:__main__:----------------------------------------------------------------------------------------------------
INFO:__main__:
【train】epoch:20/150 loss:0.2616 acc:0.8842
INFO:__main__:
【val】epoch:20/150 loss:0.5301 acc:0.7850
INFO:__main__:
【Val】:  SENS: 0.8961  SPEC: 0.7399  PPV: 0.5831  NPV: 0.9461 F1:0.7065
INFO:__main__:验证的best_acc:0.8487
INFO:__main__:----------------------------------------------------------------------------------------------------
INFO:__main__:
【train】epoch:21/150 loss:0.2554 acc:0.8904
INFO:__main__:
【val】epoch:21/150 loss:0.4832 acc:0.7887
INFO:__main__:
【Val】:  SENS: 0.9221  SPEC: 0.7346  PPV: 0.5852  NPV: 0.9587 F1:0.7160
INFO:__main__:验证的best_acc:0.8487
INFO:__main__:----------------------------------------------------------------------------------------------------
INFO:__main__:
【train】epoch:22/150 loss:0.2488 acc:0.8875
INFO:__main__:
【val】epoch:22/150 loss:0.3871 acc:0.8388
INFO:__main__:
【Val】:  SENS: 0.8745  SPEC: 0.8243  PPV: 0.6689  NPV: 0.9418 F1:0.7580
INFO:__main__:验证的best_acc:0.8487
INFO:__main__:----------------------------------------------------------------------------------------------------
INFO:__main__:
【train】epoch:23/150 loss:0.2418 acc:0.8998
INFO:__main__:
【val】epoch:23/150 loss:0.4171 acc:0.8213
INFO:__main__:
【Val】:  SENS: 0.8874  SPEC: 0.7944  PPV: 0.6366  NPV: 0.9456 F1:0.7414
INFO:__main__:验证的best_acc:0.8487
INFO:__main__:----------------------------------------------------------------------------------------------------
INFO:__main__:
【train】epoch:24/150 loss:0.2460 acc:0.8949
INFO:__main__:
【val】epoch:24/150 loss:0.3051 acc:0.8512
INFO:__main__:
【Val】:  SENS: 0.8052  SPEC: 0.8699  PPV: 0.7154  NPV: 0.9167 F1:0.7576
INFO:__main__:验证的best_acc:0.8512
INFO:__main__:----------------------------------------------------------------------------------------------------
INFO:__main__:
【train】epoch:25/150 loss:0.2299 acc:0.9025
INFO:__main__:
【val】epoch:25/150 loss:0.4783 acc:0.8075
INFO:__main__:
【Val】:  SENS: 0.9221  SPEC: 0.7610  PPV: 0.6103  NPV: 0.9601 F1:0.7345
INFO:__main__:验证的best_acc:0.8512
INFO:__main__:----------------------------------------------------------------------------------------------------
INFO:__main__:
【train】epoch:26/150 loss:0.2307 acc:0.9058
INFO:__main__:
【val】epoch:26/150 loss:0.2909 acc:0.8763
INFO:__main__:
【Val】:  SENS: 0.8571  SPEC: 0.8840  PPV: 0.7500  NPV: 0.9384 F1:0.8000
INFO:__main__:验证的best_acc:0.8763
INFO:__main__:----------------------------------------------------------------------------------------------------
INFO:__main__:
【train】epoch:27/150 loss:0.2323 acc:0.9028
INFO:__main__:
【val】epoch:27/150 loss:0.3326 acc:0.8600
INFO:__main__:
【Val】:  SENS: 0.7619  SPEC: 0.8998  PPV: 0.7554  NPV: 0.9030 F1:0.7586
INFO:__main__:验证的best_acc:0.8763
INFO:__main__:----------------------------------------------------------------------------------------------------
INFO:__main__:
【train】epoch:28/150 loss:0.2289 acc:0.9004
INFO:__main__:
【val】epoch:28/150 loss:0.8659 acc:0.6562
INFO:__main__:
【Val】:  SENS: 0.9827  SPEC: 0.5237  PPV: 0.4558  NPV: 0.9868 F1:0.6228
INFO:__main__:验证的best_acc:0.8763
INFO:__main__:----------------------------------------------------------------------------------------------------
INFO:__main__:
【train】epoch:29/150 loss:0.2071 acc:0.9147
INFO:__main__:
【val】epoch:29/150 loss:1.1531 acc:0.6575
INFO:__main__:
【Val】:  SENS: 0.9784  SPEC: 0.5272  PPV: 0.4566  NPV: 0.9836 F1:0.6226
INFO:__main__:验证的best_acc:0.8763
INFO:__main__:----------------------------------------------------------------------------------------------------
INFO:__main__:
【train】epoch:30/150 loss:0.1969 acc:0.9183
INFO:__main__:
【val】epoch:30/150 loss:0.6699 acc:0.7425
INFO:__main__:
【Val】:  SENS: 0.9654  SPEC: 0.6520  PPV: 0.5297  NPV: 0.9789 F1:0.6840
INFO:__main__:验证的best_acc:0.8763
INFO:__main__:----------------------------------------------------------------------------------------------------
INFO:__main__:
【train】epoch:31/150 loss:0.1929 acc:0.9179
INFO:__main__:
【val】epoch:31/150 loss:0.7614 acc:0.7150
INFO:__main__:
【Val】:  SENS: 0.9177  SPEC: 0.6327  PPV: 0.5036  NPV: 0.9499 F1:0.6503
INFO:__main__:验证的best_acc:0.8763
INFO:__main__:----------------------------------------------------------------------------------------------------
INFO:__main__:
【train】epoch:32/150 loss:0.1955 acc:0.9173
INFO:__main__:
【val】epoch:32/150 loss:0.4754 acc:0.8163
INFO:__main__:
【Val】:  SENS: 0.9134  SPEC: 0.7768  PPV: 0.6243  NPV: 0.9567 F1:0.7417
INFO:__main__:验证的best_acc:0.8763
INFO:__main__:----------------------------------------------------------------------------------------------------
INFO:__main__:
【train】epoch:33/150 loss:0.1889 acc:0.9206
INFO:__main__:
【val】epoch:33/150 loss:0.7162 acc:0.7400
INFO:__main__:
【Val】:  SENS: 0.9567  SPEC: 0.6520  PPV: 0.5274  NPV: 0.9738 F1:0.6800
INFO:__main__:验证的best_acc:0.8763
INFO:__main__:----------------------------------------------------------------------------------------------------
INFO:__main__:
【train】epoch:34/150 loss:0.1934 acc:0.9215
INFO:__main__:
【val】epoch:34/150 loss:0.6911 acc:0.7625
INFO:__main__:
【Val】:  SENS: 0.9351  SPEC: 0.6924  PPV: 0.5524  NPV: 0.9633 F1:0.6945
INFO:__main__:验证的best_acc:0.8763
INFO:__main__:----------------------------------------------------------------------------------------------------
INFO:__main__:
【train】epoch:35/150 loss:0.1936 acc:0.9245
INFO:__main__:
【val】epoch:35/150 loss:0.9244 acc:0.6750
INFO:__main__:
【Val】:  SENS: 0.9827  SPEC: 0.5501  PPV: 0.4700  NPV: 0.9874 F1:0.6359
INFO:__main__:验证的best_acc:0.8763
INFO:__main__:----------------------------------------------------------------------------------------------------
INFO:__main__:
【train】epoch:36/150 loss:0.1823 acc:0.9233
INFO:__main__:
【val】epoch:36/150 loss:0.5762 acc:0.7688
INFO:__main__:
【Val】:  SENS: 0.9091  SPEC: 0.7118  PPV: 0.5615  NPV: 0.9507 F1:0.6942
INFO:__main__:验证的best_acc:0.8763
INFO:__main__:----------------------------------------------------------------------------------------------------
INFO:__main__:
【train】epoch:37/150 loss:0.1740 acc:0.9283
INFO:__main__:
【val】epoch:37/150 loss:0.6577 acc:0.7738
INFO:__main__:
【Val】:  SENS: 0.9307  SPEC: 0.7100  PPV: 0.5658  NPV: 0.9619 F1:0.7038
INFO:__main__:验证的best_acc:0.8763
INFO:__main__:----------------------------------------------------------------------------------------------------
INFO:__main__:
【train】epoch:38/150 loss:0.1770 acc:0.9306
INFO:__main__:
【val】epoch:38/150 loss:0.4528 acc:0.8438
INFO:__main__:
【Val】:  SENS: 0.8788  SPEC: 0.8295  PPV: 0.6767  NPV: 0.9440 F1:0.7646
INFO:__main__:验证的best_acc:0.8763
INFO:__main__:----------------------------------------------------------------------------------------------------
INFO:__main__:
【train】epoch:39/150 loss:0.1609 acc:0.9342
INFO:__main__:
【val】epoch:39/150 loss:0.5828 acc:0.7950
INFO:__main__:
【Val】:  SENS: 0.9394  SPEC: 0.7364  PPV: 0.5913  NPV: 0.9677 F1:0.7258
INFO:__main__:验证的best_acc:0.8763
INFO:__main__:----------------------------------------------------------------------------------------------------
INFO:__main__:
【train】epoch:40/150 loss:0.1521 acc:0.9404
INFO:__main__:
【val】epoch:40/150 loss:0.5627 acc:0.7937
INFO:__main__:
【Val】:  SENS: 0.9307  SPEC: 0.7381  PPV: 0.5907  NPV: 0.9633 F1:0.7227
INFO:__main__:验证的best_acc:0.8763
INFO:__main__:----------------------------------------------------------------------------------------------------
INFO:__main__:
【train】epoch:41/150 loss:0.1595 acc:0.9349
INFO:__main__:
【val】epoch:41/150 loss:0.8756 acc:0.7400
INFO:__main__:
【Val】:  SENS: 0.9524  SPEC: 0.6538  PPV: 0.5276  NPV: 0.9713 F1:0.6790
INFO:__main__:验证的best_acc:0.8763
INFO:__main__:----------------------------------------------------------------------------------------------------
INFO:__main__:
【train】epoch:42/150 loss:0.1468 acc:0.9417
INFO:__main__:
【val】epoch:42/150 loss:0.7139 acc:0.7575
INFO:__main__:
【Val】:  SENS: 0.9091  SPEC: 0.6960  PPV: 0.5483  NPV: 0.9496 F1:0.6840
INFO:__main__:验证的best_acc:0.8763
INFO:__main__:----------------------------------------------------------------------------------------------------
INFO:__main__:
【train】epoch:43/150 loss:0.1514 acc:0.9410
INFO:__main__:
【val】epoch:43/150 loss:0.5266 acc:0.8238
INFO:__main__:
【Val】:  SENS: 0.8961  SPEC: 0.7944  PPV: 0.6389  NPV: 0.9496 F1:0.7459
INFO:__main__:验证的best_acc:0.8763
INFO:__main__:----------------------------------------------------------------------------------------------------
INFO:__main__:
【train】epoch:44/150 loss:0.1502 acc:0.9405
INFO:__main__:
【val】epoch:44/150 loss:0.9020 acc:0.6938
INFO:__main__:
【Val】:  SENS: 0.9567  SPEC: 0.5870  PPV: 0.4846  NPV: 0.9709 F1:0.6434
INFO:__main__:验证的best_acc:0.8763
INFO:__main__:----------------------------------------------------------------------------------------------------
INFO:__main__:
【train】epoch:45/150 loss:0.1481 acc:0.9407
INFO:__main__:
【val】epoch:45/150 loss:1.1951 acc:0.6662
INFO:__main__:
【Val】:  SENS: 0.9654  SPEC: 0.5448  PPV: 0.4627  NPV: 0.9748 F1:0.6255
INFO:__main__:验证的best_acc:0.8763
INFO:__main__:----------------------------------------------------------------------------------------------------
INFO:__main__:
【train】epoch:46/150 loss:0.1468 acc:0.9407
INFO:__main__:
【val】epoch:46/150 loss:1.8433 acc:0.6087
INFO:__main__:
【Val】:  SENS: 0.9827  SPEC: 0.4569  PPV: 0.4235  NPV: 0.9848 F1:0.5919
INFO:__main__:验证的best_acc:0.8763
INFO:__main__:----------------------------------------------------------------------------------------------------
INFO:__main__:
【train】epoch:47/150 loss:0.1390 acc:0.9454
INFO:__main__:
【val】epoch:47/150 loss:0.7819 acc:0.7400
INFO:__main__:
【Val】:  SENS: 0.9481  SPEC: 0.6555  PPV: 0.5277  NPV: 0.9688 F1:0.6780
INFO:__main__:验证的best_acc:0.8763
INFO:__main__:----------------------------------------------------------------------------------------------------
INFO:__main__:
【train】epoch:48/150 loss:0.1359 acc:0.9457
INFO:__main__:
【val】epoch:48/150 loss:1.0613 acc:0.7125
INFO:__main__:
【Val】:  SENS: 0.9610  SPEC: 0.6116  PPV: 0.5011  NPV: 0.9748 F1:0.6588
INFO:__main__:验证的best_acc:0.8763
INFO:__main__:----------------------------------------------------------------------------------------------------
INFO:__main__:
【train】epoch:49/150 loss:0.1187 acc:0.9555
INFO:__main__:
【val】epoch:49/150 loss:0.5871 acc:0.8138
INFO:__main__:
【Val】:  SENS: 0.9048  SPEC: 0.7768  PPV: 0.6220  NPV: 0.9526 F1:0.7372
INFO:__main__:验证的best_acc:0.8763
INFO:__main__:----------------------------------------------------------------------------------------------------
INFO:__main__:
【train】epoch:50/150 loss:0.1253 acc:0.9523
INFO:__main__:
【val】epoch:50/150 loss:0.5270 acc:0.8163
INFO:__main__:
【Val】:  SENS: 0.8095  SPEC: 0.8190  PPV: 0.6448  NPV: 0.9137 F1:0.7179
INFO:__main__:验证的best_acc:0.8763
INFO:__main__:----------------------------------------------------------------------------------------------------
INFO:__main__:
【train】epoch:51/150 loss:0.1117 acc:0.9564
INFO:__main__:
【val】epoch:51/150 loss:0.5263 acc:0.8375
INFO:__main__:
【Val】:  SENS: 0.8442  SPEC: 0.8348  PPV: 0.6747  NPV: 0.9295 F1:0.7500
INFO:__main__:验证的best_acc:0.8763
INFO:__main__:----------------------------------------------------------------------------------------------------
INFO:__main__:
【train】epoch:52/150 loss:0.1266 acc:0.9491
INFO:__main__:
【val】epoch:52/150 loss:0.5665 acc:0.8050
INFO:__main__:
【Val】:  SENS: 0.8658  SPEC: 0.7803  PPV: 0.6154  NPV: 0.9347 F1:0.7194
INFO:__main__:验证的best_acc:0.8763
INFO:__main__:----------------------------------------------------------------------------------------------------
INFO:__main__:
【train】epoch:53/150 loss:0.1147 acc:0.9553
INFO:__main__:
【val】epoch:53/150 loss:0.4772 acc:0.8375
INFO:__main__:
【Val】:  SENS: 0.9091  SPEC: 0.8084  PPV: 0.6583  NPV: 0.9563 F1:0.7636
INFO:__main__:验证的best_acc:0.8763
INFO:__main__:----------------------------------------------------------------------------------------------------
INFO:__main__:
【train】epoch:54/150 loss:0.1140 acc:0.9558
INFO:__main__:
【val】epoch:54/150 loss:0.6796 acc:0.8012
INFO:__main__:
【Val】:  SENS: 0.9307  SPEC: 0.7487  PPV: 0.6006  NPV: 0.9638 F1:0.7301
INFO:__main__:验证的best_acc:0.8763
INFO:__main__:----------------------------------------------------------------------------------------------------
INFO:__main__:
【train】epoch:55/150 loss:0.1177 acc:0.9540
INFO:__main__:
【val】epoch:55/150 loss:0.4793 acc:0.8525
INFO:__main__:
【Val】:  SENS: 0.8701  SPEC: 0.8453  PPV: 0.6955  NPV: 0.9413 F1:0.7731
INFO:__main__:验证的best_acc:0.8763
INFO:__main__:----------------------------------------------------------------------------------------------------
INFO:__main__:
【train】epoch:56/150 loss:0.1263 acc:0.9552
INFO:__main__:
【val】epoch:56/150 loss:0.6216 acc:0.7962
INFO:__main__:
【Val】:  SENS: 0.9048  SPEC: 0.7522  PPV: 0.5971  NPV: 0.9511 F1:0.7194
INFO:__main__:验证的best_acc:0.8763
INFO:__main__:----------------------------------------------------------------------------------------------------
INFO:__main__:
【train】epoch:57/150 loss:0.1115 acc:0.9574
INFO:__main__:
【val】epoch:57/150 loss:0.5592 acc:0.8100
INFO:__main__:
【Val】:  SENS: 0.9264  SPEC: 0.7627  PPV: 0.6132  NPV: 0.9623 F1:0.7379
INFO:__main__:验证的best_acc:0.8763
INFO:__main__:----------------------------------------------------------------------------------------------------
INFO:__main__:
【train】epoch:58/150 loss:0.1151 acc:0.9568
INFO:__main__:
【val】epoch:58/150 loss:0.4538 acc:0.8462
INFO:__main__:
【Val】:  SENS: 0.9004  SPEC: 0.8243  PPV: 0.6753  NPV: 0.9533 F1:0.7718
INFO:__main__:验证的best_acc:0.8763
INFO:__main__:----------------------------------------------------------------------------------------------------
INFO:__main__:
【train】epoch:59/150 loss:0.0985 acc:0.9615
INFO:__main__:
【val】epoch:59/150 loss:0.6334 acc:0.8050
INFO:__main__:
【Val】:  SENS: 0.9394  SPEC: 0.7504  PPV: 0.6045  NPV: 0.9683 F1:0.7356
INFO:__main__:验证的best_acc:0.8763
INFO:__main__:----------------------------------------------------------------------------------------------------
INFO:__main__:
【train】epoch:60/150 loss:0.1006 acc:0.9626
INFO:__main__:
【val】epoch:60/150 loss:0.3708 acc:0.8725
INFO:__main__:
【Val】:  SENS: 0.8442  SPEC: 0.8840  PPV: 0.7471  NPV: 0.9332 F1:0.7927
INFO:__main__:验证的best_acc:0.8763
INFO:__main__:----------------------------------------------------------------------------------------------------
INFO:__main__:
【train】epoch:61/150 loss:0.0969 acc:0.9623
INFO:__main__:
【val】epoch:61/150 loss:0.7382 acc:0.8000
INFO:__main__:
【Val】:  SENS: 0.9177  SPEC: 0.7522  PPV: 0.6006  NPV: 0.9575 F1:0.7260
INFO:__main__:验证的best_acc:0.8763
INFO:__main__:----------------------------------------------------------------------------------------------------
INFO:__main__:
【train】epoch:62/150 loss:0.1000 acc:0.9636
INFO:__main__:
【val】epoch:62/150 loss:0.7885 acc:0.8150
INFO:__main__:
【Val】:  SENS: 0.9177  SPEC: 0.7733  PPV: 0.6217  NPV: 0.9586 F1:0.7413
INFO:__main__:验证的best_acc:0.8763
INFO:__main__:----------------------------------------------------------------------------------------------------
INFO:__main__:
【train】epoch:63/150 loss:0.0934 acc:0.9623
INFO:__main__:
【val】epoch:63/150 loss:0.4423 acc:0.8525
INFO:__main__:
【Val】:  SENS: 0.9048  SPEC: 0.8313  PPV: 0.6852  NPV: 0.9556 F1:0.7799
INFO:__main__:验证的best_acc:0.8763
INFO:__main__:----------------------------------------------------------------------------------------------------
INFO:__main__:
【train】epoch:64/150 loss:0.1015 acc:0.9623
INFO:__main__:
【val】epoch:64/150 loss:1.0608 acc:0.7550
INFO:__main__:
【Val】:  SENS: 0.9437  SPEC: 0.6784  PPV: 0.5436  NPV: 0.9674 F1:0.6899
INFO:__main__:验证的best_acc:0.8763
INFO:__main__:----------------------------------------------------------------------------------------------------
INFO:__main__:
【train】epoch:65/150 loss:0.0970 acc:0.9650
INFO:__main__:
【val】epoch:65/150 loss:0.3692 acc:0.8825
INFO:__main__:
【Val】:  SENS: 0.8355  SPEC: 0.9016  PPV: 0.7751  NPV: 0.9310 F1:0.8042
INFO:__main__:验证的best_acc:0.8825
INFO:__main__:----------------------------------------------------------------------------------------------------
INFO:__main__:
【train】epoch:66/150 loss:0.0841 acc:0.9671
INFO:__main__:
【val】epoch:66/150 loss:0.5443 acc:0.8375
INFO:__main__:
【Val】:  SENS: 0.8788  SPEC: 0.8207  PPV: 0.6656  NPV: 0.9434 F1:0.7575
INFO:__main__:验证的best_acc:0.8825
INFO:__main__:----------------------------------------------------------------------------------------------------
INFO:__main__:
【train】epoch:67/150 loss:0.0856 acc:0.9691
INFO:__main__:
【val】epoch:67/150 loss:0.5601 acc:0.8350
INFO:__main__:
【Val】:  SENS: 0.8658  SPEC: 0.8225  PPV: 0.6645  NPV: 0.9379 F1:0.7519
INFO:__main__:验证的best_acc:0.8825
INFO:__main__:----------------------------------------------------------------------------------------------------
INFO:__main__:
【train】epoch:68/150 loss:0.0872 acc:0.9672
INFO:__main__:
【val】epoch:68/150 loss:0.4018 acc:0.8825
INFO:__main__:
【Val】:  SENS: 0.8182  SPEC: 0.9086  PPV: 0.7842  NPV: 0.9249 F1:0.8008
INFO:__main__:验证的best_acc:0.8825
INFO:__main__:----------------------------------------------------------------------------------------------------
INFO:__main__:
【train】epoch:69/150 loss:0.0775 acc:0.9701
INFO:__main__:
【val】epoch:69/150 loss:0.3523 acc:0.8938
INFO:__main__:
【Val】:  SENS: 0.8268  SPEC: 0.9209  PPV: 0.8093  NPV: 0.9291 F1:0.8180
INFO:__main__:验证的best_acc:0.8938
INFO:__main__:----------------------------------------------------------------------------------------------------
INFO:__main__:
【train】epoch:70/150 loss:0.0674 acc:0.9728
INFO:__main__:
【val】epoch:70/150 loss:0.4606 acc:0.8537
INFO:__main__:
【Val】:  SENS: 0.8615  SPEC: 0.8506  PPV: 0.7007  NPV: 0.9380 F1:0.7728
INFO:__main__:验证的best_acc:0.8938
INFO:__main__:----------------------------------------------------------------------------------------------------
INFO:__main__:
【train】epoch:71/150 loss:0.0710 acc:0.9751
INFO:__main__:
【val】epoch:71/150 loss:0.4594 acc:0.8675
INFO:__main__:
【Val】:  SENS: 0.8874  SPEC: 0.8594  PPV: 0.7193  NPV: 0.9495 F1:0.7946
INFO:__main__:验证的best_acc:0.8938
INFO:__main__:----------------------------------------------------------------------------------------------------
INFO:__main__:
【train】epoch:72/150 loss:0.0731 acc:0.9734
INFO:__main__:
【val】epoch:72/150 loss:0.6684 acc:0.8188
INFO:__main__:
【Val】:  SENS: 0.9134  SPEC: 0.7803  PPV: 0.6280  NPV: 0.9569 F1:0.7443
INFO:__main__:验证的best_acc:0.8938
INFO:__main__:----------------------------------------------------------------------------------------------------
INFO:__main__:
【train】epoch:73/150 loss:0.0749 acc:0.9721
INFO:__main__:
【val】epoch:73/150 loss:0.4627 acc:0.8750
INFO:__main__:
【Val】:  SENS: 0.8139  SPEC: 0.8998  PPV: 0.7673  NPV: 0.9225 F1:0.7899
INFO:__main__:验证的best_acc:0.8938
INFO:__main__:----------------------------------------------------------------------------------------------------
INFO:__main__:
【train】epoch:74/150 loss:0.0706 acc:0.9730
INFO:__main__:
【val】epoch:74/150 loss:0.6262 acc:0.8313
INFO:__main__:
【Val】:  SENS: 0.8874  SPEC: 0.8084  PPV: 0.6529  NPV: 0.9465 F1:0.7523
INFO:__main__:验证的best_acc:0.8938
INFO:__main__:----------------------------------------------------------------------------------------------------
INFO:__main__:
【train】epoch:75/150 loss:0.0706 acc:0.9752
INFO:__main__:
【val】epoch:75/150 loss:0.5180 acc:0.8512
INFO:__main__:
【Val】:  SENS: 0.9091  SPEC: 0.8278  PPV: 0.6818  NPV: 0.9573 F1:0.7792
INFO:__main__:验证的best_acc:0.8938
INFO:__main__:----------------------------------------------------------------------------------------------------
INFO:__main__:
【train】epoch:76/150 loss:0.0733 acc:0.9740
INFO:__main__:
【val】epoch:76/150 loss:0.4234 acc:0.8725
INFO:__main__:
【Val】:  SENS: 0.8268  SPEC: 0.8910  PPV: 0.7549  NPV: 0.9269 F1:0.7893
INFO:__main__:验证的best_acc:0.8938
INFO:__main__:----------------------------------------------------------------------------------------------------
INFO:__main__:
【train】epoch:77/150 loss:0.0660 acc:0.9775
INFO:__main__:
【val】epoch:77/150 loss:0.4393 acc:0.8825
INFO:__main__:
【Val】:  SENS: 0.7619  SPEC: 0.9315  PPV: 0.8186  NPV: 0.9060 F1:0.7892
INFO:__main__:验证的best_acc:0.8938
INFO:__main__:----------------------------------------------------------------------------------------------------
INFO:__main__:
【train】epoch:78/150 loss:0.0710 acc:0.9745
INFO:__main__:
【val】epoch:78/150 loss:0.6759 acc:0.8300
INFO:__main__:
【Val】:  SENS: 0.9091  SPEC: 0.7979  PPV: 0.6462  NPV: 0.9558 F1:0.7554
INFO:__main__:验证的best_acc:0.8938
INFO:__main__:----------------------------------------------------------------------------------------------------
INFO:__main__:
【train】epoch:79/150 loss:0.0639 acc:0.9780
INFO:__main__:
【val】epoch:79/150 loss:0.5368 acc:0.8475
INFO:__main__:
【Val】:  SENS: 0.8831  SPEC: 0.8330  PPV: 0.6823  NPV: 0.9461 F1:0.7698
INFO:__main__:验证的best_acc:0.8938
INFO:__main__:----------------------------------------------------------------------------------------------------
INFO:__main__:
【train】epoch:80/150 loss:0.0513 acc:0.9802
INFO:__main__:
【val】epoch:80/150 loss:0.4175 acc:0.8750
INFO:__main__:
【Val】:  SENS: 0.8095  SPEC: 0.9016  PPV: 0.7695  NPV: 0.9210 F1:0.7890
INFO:__main__:验证的best_acc:0.8938
INFO:__main__:----------------------------------------------------------------------------------------------------
INFO:__main__:
【train】epoch:81/150 loss:0.0623 acc:0.9777
INFO:__main__:
【val】epoch:81/150 loss:0.3983 acc:0.8800
INFO:__main__:
【Val】:  SENS: 0.7965  SPEC: 0.9139  PPV: 0.7897  NPV: 0.9171 F1:0.7931
INFO:__main__:验证的best_acc:0.8938
INFO:__main__:----------------------------------------------------------------------------------------------------
INFO:__main__:
【train】epoch:82/150 loss:0.0545 acc:0.9804
INFO:__main__:
【val】epoch:82/150 loss:0.5463 acc:0.8575
INFO:__main__:
【Val】:  SENS: 0.8701  SPEC: 0.8524  PPV: 0.7053  NPV: 0.9417 F1:0.7791
INFO:__main__:验证的best_acc:0.8938
INFO:__main__:----------------------------------------------------------------------------------------------------
INFO:__main__:
【train】epoch:83/150 loss:0.0548 acc:0.9787
INFO:__main__:
【val】epoch:83/150 loss:0.4480 acc:0.8750
INFO:__main__:
【Val】:  SENS: 0.7489  SPEC: 0.9262  PPV: 0.8047  NPV: 0.9009 F1:0.7758
INFO:__main__:验证的best_acc:0.8938
INFO:__main__:----------------------------------------------------------------------------------------------------
INFO:__main__:
【train】epoch:84/150 loss:0.0539 acc:0.9808
INFO:__main__:
【val】epoch:84/150 loss:0.4322 acc:0.8775
INFO:__main__:
【Val】:  SENS: 0.8009  SPEC: 0.9086  PPV: 0.7806  NPV: 0.9183 F1:0.7906
INFO:__main__:验证的best_acc:0.8938
INFO:__main__:----------------------------------------------------------------------------------------------------
INFO:__main__:
【train】epoch:85/150 loss:0.0533 acc:0.9832
INFO:__main__:
【val】epoch:85/150 loss:0.4791 acc:0.8775
INFO:__main__:
【Val】:  SENS: 0.7792  SPEC: 0.9174  PPV: 0.7930  NPV: 0.9110 F1:0.7860
INFO:__main__:验证的best_acc:0.8938
INFO:__main__:----------------------------------------------------------------------------------------------------
INFO:__main__:
【train】epoch:86/150 loss:0.0477 acc:0.9825
INFO:__main__:
【val】epoch:86/150 loss:0.4063 acc:0.8938
INFO:__main__:
【Val】:  SENS: 0.8009  SPEC: 0.9315  PPV: 0.8259  NPV: 0.9201 F1:0.8132
INFO:__main__:验证的best_acc:0.8938
INFO:__main__:----------------------------------------------------------------------------------------------------
INFO:__main__:
【train】epoch:87/150 loss:0.0568 acc:0.9805
INFO:__main__:
【val】epoch:87/150 loss:0.4965 acc:0.8712
INFO:__main__:
【Val】:  SENS: 0.7706  SPEC: 0.9121  PPV: 0.7807  NPV: 0.9073 F1:0.7756
INFO:__main__:验证的best_acc:0.8938
INFO:__main__:----------------------------------------------------------------------------------------------------
INFO:__main__:
【train】epoch:88/150 loss:0.0580 acc:0.9771
INFO:__main__:
【val】epoch:88/150 loss:0.5286 acc:0.8763
INFO:__main__:
【Val】:  SENS: 0.7359  SPEC: 0.9332  PPV: 0.8173  NPV: 0.8970 F1:0.7745
INFO:__main__:验证的best_acc:0.8938
INFO:__main__:----------------------------------------------------------------------------------------------------
INFO:__main__:
【train】epoch:89/150 loss:0.0522 acc:0.9814
INFO:__main__:
【val】epoch:89/150 loss:0.4231 acc:0.8800
INFO:__main__:
【Val】:  SENS: 0.8528  SPEC: 0.8910  PPV: 0.7606  NPV: 0.9372 F1:0.8041
INFO:__main__:验证的best_acc:0.8938
INFO:__main__:----------------------------------------------------------------------------------------------------
INFO:__main__:
【train】epoch:90/150 loss:0.0471 acc:0.9831
INFO:__main__:
【val】epoch:90/150 loss:0.3988 acc:0.8863
INFO:__main__:
【Val】:  SENS: 0.7792  SPEC: 0.9297  PPV: 0.8182  NPV: 0.9121 F1:0.7982
INFO:__main__:验证的best_acc:0.8938
INFO:__main__:----------------------------------------------------------------------------------------------------
INFO:__main__:
【train】epoch:91/150 loss:0.0498 acc:0.9832
INFO:__main__:
【val】epoch:91/150 loss:0.4325 acc:0.8888
INFO:__main__:
【Val】:  SENS: 0.7706  SPEC: 0.9367  PPV: 0.8318  NPV: 0.9096 F1:0.8000
INFO:__main__:验证的best_acc:0.8938
INFO:__main__:----------------------------------------------------------------------------------------------------
INFO:__main__:
【train】epoch:92/150 loss:0.0490 acc:0.9834
INFO:__main__:
【val】epoch:92/150 loss:0.4478 acc:0.8888
INFO:__main__:
【Val】:  SENS: 0.7706  SPEC: 0.9367  PPV: 0.8318  NPV: 0.9096 F1:0.8000
INFO:__main__:验证的best_acc:0.8938
INFO:__main__:----------------------------------------------------------------------------------------------------
INFO:__main__:
【train】epoch:93/150 loss:0.0477 acc:0.9851
INFO:__main__:
【val】epoch:93/150 loss:0.5152 acc:0.8825
INFO:__main__:
【Val】:  SENS: 0.7922  SPEC: 0.9192  PPV: 0.7991  NPV: 0.9159 F1:0.7957
INFO:__main__:验证的best_acc:0.8938
INFO:__main__:----------------------------------------------------------------------------------------------------
INFO:__main__:
【train】epoch:94/150 loss:0.0407 acc:0.9855
INFO:__main__:
【val】epoch:94/150 loss:0.4228 acc:0.8863
INFO:__main__:
【Val】:  SENS: 0.7576  SPEC: 0.9385  PPV: 0.8333  NPV: 0.9051 F1:0.7937
INFO:__main__:验证的best_acc:0.8938
INFO:__main__:----------------------------------------------------------------------------------------------------
INFO:__main__:
【train】epoch:95/150 loss:0.0431 acc:0.9852
INFO:__main__:
【val】epoch:95/150 loss:0.5866 acc:0.8725
INFO:__main__:
【Val】:  SENS: 0.7879  SPEC: 0.9069  PPV: 0.7745  NPV: 0.9133 F1:0.7811
INFO:__main__:验证的best_acc:0.8938
INFO:__main__:----------------------------------------------------------------------------------------------------
INFO:__main__:
【train】epoch:96/150 loss:0.0394 acc:0.9857
INFO:__main__:
【val】epoch:96/150 loss:0.4305 acc:0.8888
INFO:__main__:
【Val】:  SENS: 0.7662  SPEC: 0.9385  PPV: 0.8349  NPV: 0.9082 F1:0.7991
INFO:__main__:验证的best_acc:0.8938
INFO:__main__:----------------------------------------------------------------------------------------------------
INFO:__main__:
【train】epoch:97/150 loss:0.0470 acc:0.9840
INFO:__main__:
【val】epoch:97/150 loss:0.4251 acc:0.8938
INFO:__main__:
【Val】:  SENS: 0.7922  SPEC: 0.9350  PPV: 0.8318  NPV: 0.9172 F1:0.8115
INFO:__main__:验证的best_acc:0.8938
INFO:__main__:----------------------------------------------------------------------------------------------------
INFO:__main__:
【train】epoch:98/150 loss:0.0367 acc:0.9855
INFO:__main__:
【val】epoch:98/150 loss:0.4689 acc:0.8913
INFO:__main__:
【Val】:  SENS: 0.7619  SPEC: 0.9438  PPV: 0.8462  NPV: 0.9071 F1:0.8018
INFO:__main__:验证的best_acc:0.8938
INFO:__main__:----------------------------------------------------------------------------------------------------
INFO:__main__:
【train】epoch:99/150 loss:0.0399 acc:0.9857
INFO:__main__:
【val】epoch:99/150 loss:0.3948 acc:0.8775
INFO:__main__:
【Val】:  SENS: 0.7576  SPEC: 0.9262  PPV: 0.8065  NPV: 0.9039 F1:0.7813
INFO:__main__:验证的best_acc:0.8938
INFO:__main__:----------------------------------------------------------------------------------------------------
INFO:__main__:
【train】epoch:100/150 loss:0.0359 acc:0.9866
INFO:__main__:
【val】epoch:100/150 loss:0.4409 acc:0.8938
INFO:__main__:
【Val】:  SENS: 0.7619  SPEC: 0.9473  PPV: 0.8544  NPV: 0.9074 F1:0.8055
INFO:__main__:验证的best_acc:0.8938
INFO:__main__:----------------------------------------------------------------------------------------------------
INFO:__main__:
【train】epoch:101/150 loss:0.0407 acc:0.9857
INFO:__main__:
【val】epoch:101/150 loss:0.3989 acc:0.8888
INFO:__main__:
【Val】:  SENS: 0.7879  SPEC: 0.9297  PPV: 0.8198  NPV: 0.9152 F1:0.8035
INFO:__main__:验证的best_acc:0.8938
INFO:__main__:----------------------------------------------------------------------------------------------------
INFO:__main__:
【train】epoch:102/150 loss:0.0384 acc:0.9857
INFO:__main__:
【val】epoch:102/150 loss:0.4425 acc:0.8838
INFO:__main__:
【Val】:  SENS: 0.7879  SPEC: 0.9227  PPV: 0.8053  NPV: 0.9146 F1:0.7965
INFO:__main__:验证的best_acc:0.8938
INFO:__main__:----------------------------------------------------------------------------------------------------
INFO:__main__:
【train】epoch:103/150 loss:0.0296 acc:0.9912
INFO:__main__:
【val】epoch:103/150 loss:0.4892 acc:0.8888
INFO:__main__:
【Val】:  SENS: 0.7229  SPEC: 0.9561  PPV: 0.8698  NPV: 0.8947 F1:0.7896
INFO:__main__:验证的best_acc:0.8938
INFO:__main__:----------------------------------------------------------------------------------------------------
INFO:__main__:
【train】epoch:104/150 loss:0.0406 acc:0.9843
INFO:__main__:
【val】epoch:104/150 loss:0.4717 acc:0.8863
INFO:__main__:
【Val】:  SENS: 0.7576  SPEC: 0.9385  PPV: 0.8333  NPV: 0.9051 F1:0.7937
INFO:__main__:验证的best_acc:0.8938
INFO:__main__:----------------------------------------------------------------------------------------------------
INFO:__main__:
【train】epoch:105/150 loss:0.0402 acc:0.9852
INFO:__main__:
【val】epoch:105/150 loss:0.4589 acc:0.8850
INFO:__main__:
【Val】:  SENS: 0.7532  SPEC: 0.9385  PPV: 0.8325  NPV: 0.9036 F1:0.7909
INFO:__main__:验证的best_acc:0.8938
INFO:__main__:----------------------------------------------------------------------------------------------------
INFO:__main__:
【train】epoch:106/150 loss:0.0354 acc:0.9888
INFO:__main__:
【val】epoch:106/150 loss:0.4705 acc:0.8888
INFO:__main__:
【Val】:  SENS: 0.7532  SPEC: 0.9438  PPV: 0.8447  NPV: 0.9040 F1:0.7963
INFO:__main__:验证的best_acc:0.8938
INFO:__main__:----------------------------------------------------------------------------------------------------
INFO:__main__:
【train】epoch:107/150 loss:0.0374 acc:0.9863
INFO:__main__:
【val】epoch:107/150 loss:0.4148 acc:0.8850
INFO:__main__:
【Val】:  SENS: 0.7662  SPEC: 0.9332  PPV: 0.8233  NPV: 0.9077 F1:0.7937
INFO:__main__:验证的best_acc:0.8938
INFO:__main__:----------------------------------------------------------------------------------------------------
INFO:__main__:
【train】epoch:108/150 loss:0.0329 acc:0.9884
INFO:__main__:
【val】epoch:108/150 loss:0.5023 acc:0.8737
INFO:__main__:
【Val】:  SENS: 0.7532  SPEC: 0.9227  PPV: 0.7982  NPV: 0.9021 F1:0.7751
INFO:__main__:验证的best_acc:0.8938
INFO:__main__:----------------------------------------------------------------------------------------------------
INFO:__main__:
【train】epoch:109/150 loss:0.0332 acc:0.9884
INFO:__main__:
【val】epoch:109/150 loss:0.4317 acc:0.8825
INFO:__main__:
【Val】:  SENS: 0.8095  SPEC: 0.9121  PPV: 0.7890  NPV: 0.9218 F1:0.7991
INFO:__main__:验证的best_acc:0.8938
INFO:__main__:----------------------------------------------------------------------------------------------------
INFO:__main__:
【train】epoch:110/150 loss:0.0374 acc:0.9861
INFO:__main__:
【val】epoch:110/150 loss:0.4451 acc:0.8913
INFO:__main__:
【Val】:  SENS: 0.7835  SPEC: 0.9350  PPV: 0.8303  NPV: 0.9141 F1:0.8062
INFO:__main__:验证的best_acc:0.8938
INFO:__main__:----------------------------------------------------------------------------------------------------
INFO:__main__:
【train】epoch:111/150 loss:0.0337 acc:0.9885
INFO:__main__:
【val】epoch:111/150 loss:0.4729 acc:0.8900
INFO:__main__:
【Val】:  SENS: 0.7532  SPEC: 0.9455  PPV: 0.8488  NPV: 0.9042 F1:0.7982
INFO:__main__:验证的best_acc:0.8938
INFO:__main__:----------------------------------------------------------------------------------------------------
INFO:__main__:
【train】epoch:112/150 loss:0.0295 acc:0.9912
INFO:__main__:
【val】epoch:112/150 loss:0.4615 acc:0.8888
INFO:__main__:
【Val】:  SENS: 0.7316  SPEC: 0.9525  PPV: 0.8622  NPV: 0.8974 F1:0.7916
INFO:__main__:验证的best_acc:0.8938
INFO:__main__:----------------------------------------------------------------------------------------------------
INFO:__main__:
【train】epoch:113/150 loss:0.0288 acc:0.9920
INFO:__main__:
【val】epoch:113/150 loss:0.4556 acc:0.8875
INFO:__main__:
【Val】:  SENS: 0.7489  SPEC: 0.9438  PPV: 0.8439  NPV: 0.9025 F1:0.7936
INFO:__main__:验证的best_acc:0.8938
INFO:__main__:----------------------------------------------------------------------------------------------------
INFO:__main__:
【train】epoch:114/150 loss:0.0244 acc:0.9918
INFO:__main__:
【val】epoch:114/150 loss:0.4789 acc:0.8850
INFO:__main__:
【Val】:  SENS: 0.7100  SPEC: 0.9561  PPV: 0.8677  NPV: 0.8903 F1:0.7810
INFO:__main__:验证的best_acc:0.8938
INFO:__main__:----------------------------------------------------------------------------------------------------
INFO:__main__:
【train】epoch:115/150 loss:0.0327 acc:0.9891
INFO:__main__:
【val】epoch:115/150 loss:0.4862 acc:0.8838
INFO:__main__:
【Val】:  SENS: 0.7273  SPEC: 0.9473  PPV: 0.8485  NPV: 0.8953 F1:0.7832
INFO:__main__:验证的best_acc:0.8938
INFO:__main__:----------------------------------------------------------------------------------------------------
INFO:__main__:
【train】epoch:116/150 loss:0.0272 acc:0.9915
INFO:__main__:
【val】epoch:116/150 loss:0.4648 acc:0.8950
INFO:__main__:
【Val】:  SENS: 0.7619  SPEC: 0.9490  PPV: 0.8585  NPV: 0.9076 F1:0.8073
INFO:__main__:验证的best_acc:0.8950
INFO:__main__:----------------------------------------------------------------------------------------------------
INFO:__main__:
【train】epoch:117/150 loss:0.0227 acc:0.9918
INFO:__main__:
【val】epoch:117/150 loss:0.4985 acc:0.8838
INFO:__main__:
【Val】:  SENS: 0.7273  SPEC: 0.9473  PPV: 0.8485  NPV: 0.8953 F1:0.7832
INFO:__main__:验证的best_acc:0.8950
INFO:__main__:----------------------------------------------------------------------------------------------------
INFO:__main__:
【train】epoch:118/150 loss:0.0275 acc:0.9914
INFO:__main__:
【val】epoch:118/150 loss:0.4719 acc:0.8925
INFO:__main__:
【Val】:  SENS: 0.7532  SPEC: 0.9490  PPV: 0.8571  NPV: 0.9045 F1:0.8018
INFO:__main__:验证的best_acc:0.8950
INFO:__main__:----------------------------------------------------------------------------------------------------
INFO:__main__:
【train】epoch:119/150 loss:0.0294 acc:0.9899
INFO:__main__:
【val】epoch:119/150 loss:0.5005 acc:0.8900
INFO:__main__:
【Val】:  SENS: 0.7186  SPEC: 0.9596  PPV: 0.8783  NPV: 0.8936 F1:0.7905
INFO:__main__:验证的best_acc:0.8950
INFO:__main__:----------------------------------------------------------------------------------------------------
INFO:__main__:
【train】epoch:120/150 loss:0.0289 acc:0.9905
INFO:__main__:
【val】epoch:120/150 loss:0.4566 acc:0.8888
INFO:__main__:
【Val】:  SENS: 0.7489  SPEC: 0.9455  PPV: 0.8480  NPV: 0.9027 F1:0.7954
INFO:__main__:验证的best_acc:0.8950
INFO:__main__:----------------------------------------------------------------------------------------------------
INFO:__main__:
【train】epoch:121/150 loss:0.0220 acc:0.9938
INFO:__main__:
【val】epoch:121/150 loss:0.4838 acc:0.8875
INFO:__main__:
【Val】:  SENS: 0.7273  SPEC: 0.9525  PPV: 0.8615  NPV: 0.8959 F1:0.7887
INFO:__main__:验证的best_acc:0.8950
INFO:__main__:----------------------------------------------------------------------------------------------------
INFO:__main__:
【train】epoch:122/150 loss:0.0256 acc:0.9897
INFO:__main__:
【val】epoch:122/150 loss:0.6072 acc:0.8850
INFO:__main__:
【Val】:  SENS: 0.6926  SPEC: 0.9631  PPV: 0.8840  NPV: 0.8853 F1:0.7767
INFO:__main__:验证的best_acc:0.8950
INFO:__main__:----------------------------------------------------------------------------------------------------
INFO:__main__:
【train】epoch:123/150 loss:0.0216 acc:0.9943
INFO:__main__:
【val】epoch:123/150 loss:0.4850 acc:0.8850
INFO:__main__:
【Val】:  SENS: 0.7532  SPEC: 0.9385  PPV: 0.8325  NPV: 0.9036 F1:0.7909
INFO:__main__:验证的best_acc:0.8950
INFO:__main__:----------------------------------------------------------------------------------------------------
INFO:__main__:
【train】epoch:124/150 loss:0.0255 acc:0.9911
INFO:__main__:
【val】epoch:124/150 loss:0.4653 acc:0.8925
INFO:__main__:
【Val】:  SENS: 0.7576  SPEC: 0.9473  PPV: 0.8537  NPV: 0.9059 F1:0.8028
INFO:__main__:验证的best_acc:0.8950
INFO:__main__:----------------------------------------------------------------------------------------------------
INFO:__main__:
【train】epoch:125/150 loss:0.0274 acc:0.9906
INFO:__main__:
【val】epoch:125/150 loss:0.4320 acc:0.8838
INFO:__main__:
【Val】:  SENS: 0.7532  SPEC: 0.9367  PPV: 0.8286  NPV: 0.9034 F1:0.7891
INFO:__main__:验证的best_acc:0.8950
INFO:__main__:----------------------------------------------------------------------------------------------------
INFO:__main__:
【train】epoch:126/150 loss:0.0306 acc:0.9893
INFO:__main__:
【val】epoch:126/150 loss:0.4613 acc:0.8900
INFO:__main__:
【Val】:  SENS: 0.7229  SPEC: 0.9578  PPV: 0.8743  NPV: 0.8949 F1:0.7915
INFO:__main__:验证的best_acc:0.8950
INFO:__main__:----------------------------------------------------------------------------------------------------
INFO:__main__:
【train】epoch:127/150 loss:0.0242 acc:0.9925
INFO:__main__:
【val】epoch:127/150 loss:0.4427 acc:0.8863
INFO:__main__:
【Val】:  SENS: 0.7619  SPEC: 0.9367  PPV: 0.8302  NPV: 0.9065 F1:0.7946
INFO:__main__:验证的best_acc:0.8950
INFO:__main__:----------------------------------------------------------------------------------------------------
INFO:__main__:
【train】epoch:128/150 loss:0.0225 acc:0.9929
INFO:__main__:
【val】epoch:128/150 loss:0.4501 acc:0.8900
INFO:__main__:
【Val】:  SENS: 0.7576  SPEC: 0.9438  PPV: 0.8454  NPV: 0.9056 F1:0.7991
INFO:__main__:验证的best_acc:0.8950
INFO:__main__:----------------------------------------------------------------------------------------------------
INFO:__main__:
【train】epoch:129/150 loss:0.0222 acc:0.9925
INFO:__main__:
【val】epoch:129/150 loss:0.4598 acc:0.8913
INFO:__main__:
【Val】:  SENS: 0.7403  SPEC: 0.9525  PPV: 0.8636  NPV: 0.9003 F1:0.7972
INFO:__main__:验证的best_acc:0.8950
INFO:__main__:----------------------------------------------------------------------------------------------------
INFO:__main__:
【train】epoch:130/150 loss:0.0236 acc:0.9921
INFO:__main__:
【val】epoch:130/150 loss:0.4895 acc:0.8863
INFO:__main__:
【Val】:  SENS: 0.7143  SPEC: 0.9561  PPV: 0.8684  NPV: 0.8918 F1:0.7838
INFO:__main__:验证的best_acc:0.8950
INFO:__main__:----------------------------------------------------------------------------------------------------
INFO:__main__:
【train】epoch:131/150 loss:0.0228 acc:0.9905
INFO:__main__:
【val】epoch:131/150 loss:0.4511 acc:0.8963
INFO:__main__:
【Val】:  SENS: 0.7662  SPEC: 0.9490  PPV: 0.8592  NPV: 0.9091 F1:0.8101
INFO:__main__:验证的best_acc:0.8963
INFO:__main__:----------------------------------------------------------------------------------------------------
INFO:__main__:
【train】epoch:132/150 loss:0.0201 acc:0.9937
INFO:__main__:
【val】epoch:132/150 loss:0.5136 acc:0.8900
INFO:__main__:
【Val】:  SENS: 0.7359  SPEC: 0.9525  PPV: 0.8629  NPV: 0.8988 F1:0.7944
INFO:__main__:验证的best_acc:0.8963
INFO:__main__:----------------------------------------------------------------------------------------------------
INFO:__main__:
【train】epoch:133/150 loss:0.0201 acc:0.9932
INFO:__main__:
【val】epoch:133/150 loss:0.4875 acc:0.8825
INFO:__main__:
【Val】:  SENS: 0.7532  SPEC: 0.9350  PPV: 0.8246  NPV: 0.9032 F1:0.7873
INFO:__main__:验证的best_acc:0.8963
INFO:__main__:----------------------------------------------------------------------------------------------------
INFO:__main__:
【train】epoch:134/150 loss:0.0227 acc:0.9931
INFO:__main__:
【val】epoch:134/150 loss:0.4877 acc:0.8875
INFO:__main__:
【Val】:  SENS: 0.7619  SPEC: 0.9385  PPV: 0.8341  NPV: 0.9066 F1:0.7964
INFO:__main__:验证的best_acc:0.8963
INFO:__main__:----------------------------------------------------------------------------------------------------
INFO:__main__:
【train】epoch:135/150 loss:0.0190 acc:0.9944
INFO:__main__:
【val】epoch:135/150 loss:0.4518 acc:0.8913
INFO:__main__:
【Val】:  SENS: 0.7792  SPEC: 0.9367  PPV: 0.8333  NPV: 0.9127 F1:0.8054
INFO:__main__:验证的best_acc:0.8963
INFO:__main__:----------------------------------------------------------------------------------------------------
INFO:__main__:
【train】epoch:136/150 loss:0.0237 acc:0.9912
INFO:__main__:
【val】epoch:136/150 loss:0.4907 acc:0.8875
INFO:__main__:
【Val】:  SENS: 0.7576  SPEC: 0.9402  PPV: 0.8373  NPV: 0.9052 F1:0.7955
INFO:__main__:验证的best_acc:0.8963
INFO:__main__:----------------------------------------------------------------------------------------------------
INFO:__main__:
【train】epoch:137/150 loss:0.0186 acc:0.9937
INFO:__main__:
【val】epoch:137/150 loss:0.4749 acc:0.8813
INFO:__main__:
【Val】:  SENS: 0.7532  SPEC: 0.9332  PPV: 0.8208  NPV: 0.9031 F1:0.7856
INFO:__main__:验证的best_acc:0.8963
INFO:__main__:----------------------------------------------------------------------------------------------------
INFO:__main__:
【train】epoch:138/150 loss:0.0207 acc:0.9938
INFO:__main__:
【val】epoch:138/150 loss:0.4708 acc:0.8900
INFO:__main__:
【Val】:  SENS: 0.7576  SPEC: 0.9438  PPV: 0.8454  NPV: 0.9056 F1:0.7991
INFO:__main__:验证的best_acc:0.8963
INFO:__main__:----------------------------------------------------------------------------------------------------
INFO:__main__:
【train】epoch:139/150 loss:0.0160 acc:0.9952
INFO:__main__:
【val】epoch:139/150 loss:0.4586 acc:0.8963
INFO:__main__:
【Val】:  SENS: 0.7706  SPEC: 0.9473  PPV: 0.8558  NPV: 0.9105 F1:0.8109
INFO:__main__:验证的best_acc:0.8963
INFO:__main__:----------------------------------------------------------------------------------------------------
INFO:__main__:
【train】epoch:140/150 loss:0.0191 acc:0.9944
INFO:__main__:
【val】epoch:140/150 loss:0.4645 acc:0.8888
INFO:__main__:
【Val】:  SENS: 0.7835  SPEC: 0.9315  PPV: 0.8227  NPV: 0.9138 F1:0.8027
INFO:__main__:验证的best_acc:0.8963
INFO:__main__:----------------------------------------------------------------------------------------------------
INFO:__main__:
【train】epoch:141/150 loss:0.0162 acc:0.9955
INFO:__main__:
【val】epoch:141/150 loss:0.4902 acc:0.8900
INFO:__main__:
【Val】:  SENS: 0.7532  SPEC: 0.9455  PPV: 0.8488  NPV: 0.9042 F1:0.7982
INFO:__main__:验证的best_acc:0.8963
INFO:__main__:----------------------------------------------------------------------------------------------------
INFO:__main__:
【train】epoch:142/150 loss:0.0160 acc:0.9953
INFO:__main__:
【val】epoch:142/150 loss:0.5118 acc:0.8888
INFO:__main__:
【Val】:  SENS: 0.7316  SPEC: 0.9525  PPV: 0.8622  NPV: 0.8974 F1:0.7916
INFO:__main__:验证的best_acc:0.8963
INFO:__main__:----------------------------------------------------------------------------------------------------
INFO:__main__:
【train】epoch:143/150 loss:0.0172 acc:0.9946
INFO:__main__:
【val】epoch:143/150 loss:0.4553 acc:0.8925
INFO:__main__:
【Val】:  SENS: 0.7662  SPEC: 0.9438  PPV: 0.8469  NPV: 0.9086 F1:0.8045
INFO:__main__:验证的best_acc:0.8963
INFO:__main__:----------------------------------------------------------------------------------------------------
INFO:__main__:
【train】epoch:144/150 loss:0.0185 acc:0.9940
INFO:__main__:
【val】epoch:144/150 loss:0.4762 acc:0.8950
INFO:__main__:
【Val】:  SENS: 0.7446  SPEC: 0.9561  PPV: 0.8731  NPV: 0.9022 F1:0.8037
INFO:__main__:验证的best_acc:0.8963
INFO:__main__:----------------------------------------------------------------------------------------------------
INFO:__main__:
【train】epoch:145/150 loss:0.0165 acc:0.9943
INFO:__main__:
【val】epoch:145/150 loss:0.4975 acc:0.8838
INFO:__main__:
【Val】:  SENS: 0.7316  SPEC: 0.9455  PPV: 0.8450  NPV: 0.8967 F1:0.7842
INFO:__main__:验证的best_acc:0.8963
INFO:__main__:----------------------------------------------------------------------------------------------------
INFO:__main__:
【train】epoch:146/150 loss:0.0153 acc:0.9953
INFO:__main__:
【val】epoch:146/150 loss:0.4719 acc:0.8850
INFO:__main__:
【Val】:  SENS: 0.7532  SPEC: 0.9385  PPV: 0.8325  NPV: 0.9036 F1:0.7909
INFO:__main__:验证的best_acc:0.8963
INFO:__main__:----------------------------------------------------------------------------------------------------
INFO:__main__:
【train】epoch:147/150 loss:0.0157 acc:0.9955
INFO:__main__:
【val】epoch:147/150 loss:0.4869 acc:0.8913
INFO:__main__:
【Val】:  SENS: 0.7576  SPEC: 0.9455  PPV: 0.8495  NPV: 0.9057 F1:0.8009
INFO:__main__:验证的best_acc:0.8963
INFO:__main__:----------------------------------------------------------------------------------------------------
INFO:__main__:
【train】epoch:148/150 loss:0.0195 acc:0.9949
INFO:__main__:
【val】epoch:148/150 loss:0.4868 acc:0.8888
INFO:__main__:
【Val】:  SENS: 0.7619  SPEC: 0.9402  PPV: 0.8381  NPV: 0.9068 F1:0.7982
INFO:__main__:验证的best_acc:0.8963
INFO:__main__:----------------------------------------------------------------------------------------------------
INFO:__main__:
【train】epoch:149/150 loss:0.0154 acc:0.9952
INFO:__main__:
【val】epoch:149/150 loss:0.4737 acc:0.8975
INFO:__main__:
【Val】:  SENS: 0.7835  SPEC: 0.9438  PPV: 0.8498  NPV: 0.9148 F1:0.8153
INFO:__main__:验证的best_acc:0.8975
INFO:__main__:----------------------------------------------------------------------------------------------------
INFO:__main__:****************************************************************************************************
INFO:__main__:Val_LOSS:['0.4471', '0.4939', '0.4364', '0.6910', '0.5298', '0.4557', '0.4994', '0.7287', '0.5311', '0.5366', '0.4379', '0.4533', '0.5073', '0.3119', '0.3682', '0.3679', '0.3048', '0.4608', '0.3390', '0.4345', '0.5301', '0.4832', '0.3871', '0.4171', '0.3051', '0.4783', '0.2909', '0.3326', '0.8659', '1.1531', '0.6699', '0.7614', '0.4754', '0.7162', '0.6911', '0.9244', '0.5762', '0.6577', '0.4528', '0.5828', '0.5627', '0.8756', '0.7139', '0.5266', '0.9020', '1.1951', '1.8433', '0.7819', '1.0613', '0.5871', '0.5270', '0.5263', '0.5665', '0.4772', '0.6796', '0.4793', '0.6216', '0.5592', '0.4538', '0.6334', '0.3708', '0.7382', '0.7885', '0.4423', '1.0608', '0.3692', '0.5443', '0.5601', '0.4018', '0.3523', '0.4606', '0.4594', '0.6684', '0.4627', '0.6262', '0.5180', '0.4234', '0.4393', '0.6759', '0.5368', '0.4175', '0.3983', '0.5463', '0.4480', '0.4322', '0.4791', '0.4063', '0.4965', '0.5286', '0.4231', '0.3988', '0.4325', '0.4478', '0.5152', '0.4228', '0.5866', '0.4305', '0.4251', '0.4689', '0.3948', '0.4409', '0.3989', '0.4425', '0.4892', '0.4717', '0.4589', '0.4705', '0.4148', '0.5023', '0.4317', '0.4451', '0.4729', '0.4615', '0.4556', '0.4789', '0.4862', '0.4648', '0.4985', '0.4719', '0.5005', '0.4566', '0.4838', '0.6072', '0.4850', '0.4653', '0.4320', '0.4613', '0.4427', '0.4501', '0.4598', '0.4895', '0.4511', '0.5136', '0.4875', '0.4877', '0.4518', '0.4907', '0.4749', '0.4708', '0.4586', '0.4645', '0.4902', '0.5118', '0.4553', '0.4762', '0.4975', '0.4719', '0.4869', '0.4868', '0.4737']
INFO:__main__:Val_ACC:['0.7837', '0.7188', '0.7763', '0.6662', '0.7375', '0.7738', '0.7550', '0.6837', '0.7462', '0.7500', '0.7850', '0.7962', '0.7538', '0.8462', '0.8275', '0.8275', '0.8487', '0.7937', '0.8462', '0.8100', '0.7850', '0.7887', '0.8388', '0.8213', '0.8512', '0.8075', '0.8763', '0.8600', '0.6562', '0.6575', '0.7425', '0.7150', '0.8163', '0.7400', '0.7625', '0.6750', '0.7688', '0.7738', '0.8438', '0.7950', '0.7937', '0.7400', '0.7575', '0.8238', '0.6938', '0.6662', '0.6087', '0.7400', '0.7125', '0.8138', '0.8163', '0.8375', '0.8050', '0.8375', '0.8012', '0.8525', '0.7962', '0.8100', '0.8462', '0.8050', '0.8725', '0.8000', '0.8150', '0.8525', '0.7550', '0.8825', '0.8375', '0.8350', '0.8825', '0.8938', '0.8537', '0.8675', '0.8188', '0.8750', '0.8313', '0.8512', '0.8725', '0.8825', '0.8300', '0.8475', '0.8750', '0.8800', '0.8575', '0.8750', '0.8775', '0.8775', '0.8938', '0.8712', '0.8763', '0.8800', '0.8863', '0.8888', '0.8888', '0.8825', '0.8863', '0.8725', '0.8888', '0.8938', '0.8913', '0.8775', '0.8938', '0.8888', '0.8838', '0.8888', '0.8863', '0.8850', '0.8888', '0.8850', '0.8737', '0.8825', '0.8913', '0.8900', '0.8888', '0.8875', '0.8850', '0.8838', '0.8950', '0.8838', '0.8925', '0.8900', '0.8888', '0.8875', '0.8850', '0.8850', '0.8925', '0.8838', '0.8900', '0.8863', '0.8900', '0.8913', '0.8863', '0.8963', '0.8900', '0.8825', '0.8875', '0.8913', '0.8875', '0.8813', '0.8900', '0.8963', '0.8888', '0.8900', '0.8888', '0.8925', '0.8950', '0.8838', '0.8850', '0.8913', '0.8888', '0.8975']
INFO:__main__:****************************************************************************************************
INFO:__main__: epoch0 测试test_Loss: 0.4899  test_ACC: 0.8935  
INFO:__main__:SENS: 0.7571 SPEC: 0.9508 PPV: 0.8657 NPV: 0.9032 F1:0.8078
INFO:__main__:test_Best_acc:0.8935
INFO:__main__:flops:2895985152.0  params:6955906.0
