INFO:__main__:
【train】epoch:0/100 loss:0.5782 acc:0.6898
INFO:__main__:
【val】epoch:0/100 loss:0.8359 acc:0.6203
INFO:__main__:
【Val】:  SENS: 0.0320  SPEC: 0.9974  PPV: 0.8889  NPV: 0.6165
INFO:__main__:验证的best_acc:0.6203
INFO:__main__:----------------------------------------------------------------------------------------------------
INFO:__main__:
【train】epoch:1/100 loss:0.5080 acc:0.7444
INFO:__main__:
【val】epoch:1/100 loss:0.8764 acc:0.6266
INFO:__main__:
【Val】:  SENS: 0.0440  SPEC: 1.0000  PPV: 1.0000  NPV: 0.6200
INFO:__main__:验证的best_acc:0.6266
INFO:__main__:----------------------------------------------------------------------------------------------------
INFO:__main__:
【train】epoch:2/100 loss:0.4638 acc:0.7733
INFO:__main__:
【val】epoch:2/100 loss:0.5564 acc:0.6969
INFO:__main__:
【Val】:  SENS: 0.2400  SPEC: 0.9897  PPV: 0.9375  NPV: 0.6701
INFO:__main__:验证的best_acc:0.6969
INFO:__main__:----------------------------------------------------------------------------------------------------
INFO:__main__:
【train】epoch:3/100 loss:0.4369 acc:0.7985
INFO:__main__:
【val】epoch:3/100 loss:0.4186 acc:0.8109
INFO:__main__:
【Val】:  SENS: 0.7800  SPEC: 0.8308  PPV: 0.7471  NPV: 0.8549
INFO:__main__:验证的best_acc:0.8109
INFO:__main__:----------------------------------------------------------------------------------------------------
INFO:__main__:
【train】epoch:4/100 loss:0.4172 acc:0.8067
INFO:__main__:
【val】epoch:4/100 loss:0.4163 acc:0.7891
INFO:__main__:
【Val】:  SENS: 0.5200  SPEC: 0.9615  PPV: 0.8966  NPV: 0.7576
INFO:__main__:验证的best_acc:0.8109
INFO:__main__:----------------------------------------------------------------------------------------------------
INFO:__main__:
【train】epoch:5/100 loss:0.4087 acc:0.8088
INFO:__main__:
【val】epoch:5/100 loss:0.4016 acc:0.8266
INFO:__main__:
【Val】:  SENS: 0.8480  SPEC: 0.8128  PPV: 0.7439  NPV: 0.8930
INFO:__main__:验证的best_acc:0.8266
INFO:__main__:----------------------------------------------------------------------------------------------------
INFO:__main__:
【train】epoch:6/100 loss:0.3882 acc:0.8263
INFO:__main__:
【val】epoch:6/100 loss:0.8951 acc:0.6703
INFO:__main__:
【Val】:  SENS: 0.9440  SPEC: 0.4949  PPV: 0.5450  NPV: 0.9324
INFO:__main__:验证的best_acc:0.8266
INFO:__main__:----------------------------------------------------------------------------------------------------
INFO:__main__:
【train】epoch:7/100 loss:0.3742 acc:0.8298
INFO:__main__:
【val】epoch:7/100 loss:0.6221 acc:0.7234
INFO:__main__:
【Val】:  SENS: 0.5720  SPEC: 0.8205  PPV: 0.6714  NPV: 0.7494
INFO:__main__:验证的best_acc:0.8266
INFO:__main__:----------------------------------------------------------------------------------------------------
INFO:__main__:
【train】epoch:8/100 loss:0.3697 acc:0.8340
INFO:__main__:
【val】epoch:8/100 loss:0.7903 acc:0.6687
INFO:__main__:
【Val】:  SENS: 0.9200  SPEC: 0.5077  PPV: 0.5450  NPV: 0.9083
INFO:__main__:验证的best_acc:0.8266
INFO:__main__:----------------------------------------------------------------------------------------------------
INFO:__main__:
【train】epoch:9/100 loss:0.3515 acc:0.8463
INFO:__main__:
【val】epoch:9/100 loss:0.5599 acc:0.7422
INFO:__main__:
【Val】:  SENS: 0.8560  SPEC: 0.6692  PPV: 0.6239  NPV: 0.8788
INFO:__main__:验证的best_acc:0.8266
INFO:__main__:----------------------------------------------------------------------------------------------------
INFO:__main__:
【train】epoch:10/100 loss:0.3357 acc:0.8511
INFO:__main__:
【val】epoch:10/100 loss:0.6380 acc:0.7266
INFO:__main__:
【Val】:  SENS: 0.8920  SPEC: 0.6205  PPV: 0.6011  NPV: 0.8996
INFO:__main__:验证的best_acc:0.8266
INFO:__main__:----------------------------------------------------------------------------------------------------
INFO:__main__:
【train】epoch:11/100 loss:0.3274 acc:0.8571
INFO:__main__:
【val】epoch:11/100 loss:0.3179 acc:0.8625
INFO:__main__:
【Val】:  SENS: 0.7400  SPEC: 0.9410  PPV: 0.8894  NPV: 0.8495
INFO:__main__:验证的best_acc:0.8625
INFO:__main__:----------------------------------------------------------------------------------------------------
INFO:__main__:
【train】epoch:12/100 loss:0.3178 acc:0.8606
INFO:__main__:
【val】epoch:12/100 loss:0.6825 acc:0.7234
INFO:__main__:
【Val】:  SENS: 0.9160  SPEC: 0.6000  PPV: 0.5948  NPV: 0.9176
INFO:__main__:验证的best_acc:0.8625
INFO:__main__:----------------------------------------------------------------------------------------------------
INFO:__main__:
【train】epoch:13/100 loss:0.3138 acc:0.8659
INFO:__main__:
【val】epoch:13/100 loss:0.8748 acc:0.6891
INFO:__main__:
【Val】:  SENS: 0.9440  SPEC: 0.5256  PPV: 0.5606  NPV: 0.9361
INFO:__main__:验证的best_acc:0.8625
INFO:__main__:----------------------------------------------------------------------------------------------------
INFO:__main__:
【train】epoch:14/100 loss:0.3083 acc:0.8672
INFO:__main__:
【val】epoch:14/100 loss:0.7653 acc:0.7063
INFO:__main__:
【Val】:  SENS: 0.9240  SPEC: 0.5667  PPV: 0.5775  NPV: 0.9208
INFO:__main__:验证的best_acc:0.8625
INFO:__main__:----------------------------------------------------------------------------------------------------
INFO:__main__:
【train】epoch:15/100 loss:0.2932 acc:0.8736
INFO:__main__:
【val】epoch:15/100 loss:0.3337 acc:0.8703
INFO:__main__:
【Val】:  SENS: 0.7400  SPEC: 0.9538  PPV: 0.9113  NPV: 0.8513
INFO:__main__:验证的best_acc:0.8703
INFO:__main__:----------------------------------------------------------------------------------------------------
INFO:__main__:
【train】epoch:16/100 loss:0.2941 acc:0.8725
INFO:__main__:
【val】epoch:16/100 loss:0.7615 acc:0.7594
INFO:__main__:
【Val】:  SENS: 0.4040  SPEC: 0.9872  PPV: 0.9528  NPV: 0.7210
INFO:__main__:验证的best_acc:0.8703
INFO:__main__:----------------------------------------------------------------------------------------------------
INFO:__main__:
【train】epoch:17/100 loss:0.2902 acc:0.8715
INFO:__main__:
【val】epoch:17/100 loss:0.8978 acc:0.6625
INFO:__main__:
【Val】:  SENS: 0.8840  SPEC: 0.5205  PPV: 0.5417  NPV: 0.8750
INFO:__main__:验证的best_acc:0.8703
INFO:__main__:----------------------------------------------------------------------------------------------------
INFO:__main__:
【train】epoch:18/100 loss:0.2743 acc:0.8822
INFO:__main__:
【val】epoch:18/100 loss:0.4605 acc:0.7937
INFO:__main__:
【Val】:  SENS: 0.8360  SPEC: 0.7667  PPV: 0.6967  NPV: 0.8794
INFO:__main__:验证的best_acc:0.8703
INFO:__main__:----------------------------------------------------------------------------------------------------
INFO:__main__:
【train】epoch:19/100 loss:0.2569 acc:0.8907
INFO:__main__:
【val】epoch:19/100 loss:1.3242 acc:0.6375
INFO:__main__:
【Val】:  SENS: 0.9840  SPEC: 0.4154  PPV: 0.5190  NPV: 0.9759
INFO:__main__:验证的best_acc:0.8703
INFO:__main__:----------------------------------------------------------------------------------------------------
INFO:__main__:
【train】epoch:20/100 loss:0.2509 acc:0.8964
INFO:__main__:
【val】epoch:20/100 loss:1.4043 acc:0.5953
INFO:__main__:
【Val】:  SENS: 0.9600  SPEC: 0.3615  PPV: 0.4908  NPV: 0.9338
INFO:__main__:验证的best_acc:0.8703
INFO:__main__:----------------------------------------------------------------------------------------------------
INFO:__main__:
【train】epoch:21/100 loss:0.2499 acc:0.8940
INFO:__main__:
【val】epoch:21/100 loss:1.0031 acc:0.6859
INFO:__main__:
【Val】:  SENS: 0.9440  SPEC: 0.5205  PPV: 0.5579  NPV: 0.9355
INFO:__main__:验证的best_acc:0.8703
INFO:__main__:----------------------------------------------------------------------------------------------------
INFO:__main__:
【train】epoch:22/100 loss:0.2461 acc:0.8938
INFO:__main__:
【val】epoch:22/100 loss:1.3271 acc:0.6187
INFO:__main__:
【Val】:  SENS: 0.9760  SPEC: 0.3897  PPV: 0.5062  NPV: 0.9620
INFO:__main__:验证的best_acc:0.8703
INFO:__main__:----------------------------------------------------------------------------------------------------
INFO:__main__:
【train】epoch:23/100 loss:0.2436 acc:0.8907
INFO:__main__:
【val】epoch:23/100 loss:0.3271 acc:0.8734
INFO:__main__:
【Val】:  SENS: 0.8160  SPEC: 0.9103  PPV: 0.8536  NPV: 0.8853
INFO:__main__:验证的best_acc:0.8734
INFO:__main__:----------------------------------------------------------------------------------------------------
INFO:__main__:
【train】epoch:24/100 loss:0.2412 acc:0.8938
INFO:__main__:
【val】epoch:24/100 loss:0.3490 acc:0.8562
INFO:__main__:
【Val】:  SENS: 0.8120  SPEC: 0.8846  PPV: 0.8185  NPV: 0.8801
INFO:__main__:验证的best_acc:0.8734
INFO:__main__:----------------------------------------------------------------------------------------------------
INFO:__main__:
【train】epoch:25/100 loss:0.2285 acc:0.9051
INFO:__main__:
【val】epoch:25/100 loss:1.0622 acc:0.7000
INFO:__main__:
【Val】:  SENS: 0.9760  SPEC: 0.5231  PPV: 0.5674  NPV: 0.9714
INFO:__main__:验证的best_acc:0.8734
INFO:__main__:----------------------------------------------------------------------------------------------------
INFO:__main__:
【train】epoch:26/100 loss:0.2306 acc:0.9014
INFO:__main__:
【val】epoch:26/100 loss:0.3579 acc:0.8875
INFO:__main__:
【Val】:  SENS: 0.8280  SPEC: 0.9256  PPV: 0.8771  NPV: 0.8936
INFO:__main__:验证的best_acc:0.8875
INFO:__main__:----------------------------------------------------------------------------------------------------
INFO:__main__:
【train】epoch:27/100 loss:0.2208 acc:0.9076
INFO:__main__:
【val】epoch:27/100 loss:1.2592 acc:0.6875
INFO:__main__:
【Val】:  SENS: 0.9400  SPEC: 0.5256  PPV: 0.5595  NPV: 0.9318
INFO:__main__:验证的best_acc:0.8875
INFO:__main__:----------------------------------------------------------------------------------------------------
INFO:__main__:
【train】epoch:28/100 loss:0.2210 acc:0.9055
INFO:__main__:
【val】epoch:28/100 loss:0.5634 acc:0.8188
INFO:__main__:
【Val】:  SENS: 0.6680  SPEC: 0.9154  PPV: 0.8350  NPV: 0.8114
INFO:__main__:验证的best_acc:0.8875
INFO:__main__:----------------------------------------------------------------------------------------------------
INFO:__main__:
【train】epoch:29/100 loss:0.1964 acc:0.9181
INFO:__main__:
【val】epoch:29/100 loss:0.4112 acc:0.8594
INFO:__main__:
【Val】:  SENS: 0.7720  SPEC: 0.9154  PPV: 0.8540  NPV: 0.8623
INFO:__main__:验证的best_acc:0.8875
INFO:__main__:----------------------------------------------------------------------------------------------------
INFO:__main__:
【train】epoch:30/100 loss:0.1860 acc:0.9227
INFO:__main__:
【val】epoch:30/100 loss:0.4630 acc:0.8625
INFO:__main__:
【Val】:  SENS: 0.8280  SPEC: 0.8846  PPV: 0.8214  NPV: 0.8892
INFO:__main__:验证的best_acc:0.8875
INFO:__main__:----------------------------------------------------------------------------------------------------
INFO:__main__:
【train】epoch:31/100 loss:0.1731 acc:0.9325
INFO:__main__:
【val】epoch:31/100 loss:0.5148 acc:0.8562
INFO:__main__:
【Val】:  SENS: 0.7280  SPEC: 0.9385  PPV: 0.8835  NPV: 0.8433
INFO:__main__:验证的best_acc:0.8875
INFO:__main__:----------------------------------------------------------------------------------------------------
INFO:__main__:
【train】epoch:32/100 loss:0.1835 acc:0.9247
INFO:__main__:
【val】epoch:32/100 loss:0.5615 acc:0.8188
INFO:__main__:
【Val】:  SENS: 0.9120  SPEC: 0.7590  PPV: 0.7081  NPV: 0.9308
INFO:__main__:验证的best_acc:0.8875
INFO:__main__:----------------------------------------------------------------------------------------------------
INFO:__main__:
【train】epoch:33/100 loss:0.1928 acc:0.9220
INFO:__main__:
【val】epoch:33/100 loss:0.5297 acc:0.8625
INFO:__main__:
【Val】:  SENS: 0.7440  SPEC: 0.9385  PPV: 0.8857  NPV: 0.8512
INFO:__main__:验证的best_acc:0.8875
INFO:__main__:----------------------------------------------------------------------------------------------------
INFO:__main__:
【train】epoch:34/100 loss:0.1684 acc:0.9356
INFO:__main__:
【val】epoch:34/100 loss:0.5355 acc:0.8219
INFO:__main__:
【Val】:  SENS: 0.9240  SPEC: 0.7564  PPV: 0.7086  NPV: 0.9395
INFO:__main__:验证的best_acc:0.8875
INFO:__main__:----------------------------------------------------------------------------------------------------
INFO:__main__:
【train】epoch:35/100 loss:0.1712 acc:0.9334
INFO:__main__:
【val】epoch:35/100 loss:0.4161 acc:0.8547
INFO:__main__:
【Val】:  SENS: 0.8520  SPEC: 0.8564  PPV: 0.7918  NPV: 0.9003
INFO:__main__:验证的best_acc:0.8875
INFO:__main__:----------------------------------------------------------------------------------------------------
INFO:__main__:
【train】epoch:36/100 loss:0.1686 acc:0.9330
INFO:__main__:
【val】epoch:36/100 loss:0.3557 acc:0.8844
INFO:__main__:
【Val】:  SENS: 0.8720  SPEC: 0.8923  PPV: 0.8385  NPV: 0.9158
INFO:__main__:验证的best_acc:0.8875
INFO:__main__:----------------------------------------------------------------------------------------------------
INFO:__main__:
【train】epoch:37/100 loss:0.1580 acc:0.9377
INFO:__main__:
【val】epoch:37/100 loss:0.8603 acc:0.7922
INFO:__main__:
【Val】:  SENS: 0.4960  SPEC: 0.9821  PPV: 0.9466  NPV: 0.7525
INFO:__main__:验证的best_acc:0.8875
INFO:__main__:----------------------------------------------------------------------------------------------------
INFO:__main__:
【train】epoch:38/100 loss:0.1622 acc:0.9350
INFO:__main__:
【val】epoch:38/100 loss:0.6371 acc:0.8469
INFO:__main__:
【Val】:  SENS: 0.7040  SPEC: 0.9385  PPV: 0.8800  NPV: 0.8318
INFO:__main__:验证的best_acc:0.8875
INFO:__main__:----------------------------------------------------------------------------------------------------
INFO:__main__:
【train】epoch:39/100 loss:0.1614 acc:0.9373
INFO:__main__:
【val】epoch:39/100 loss:0.8285 acc:0.8188
INFO:__main__:
【Val】:  SENS: 0.6040  SPEC: 0.9564  PPV: 0.8988  NPV: 0.7903
INFO:__main__:验证的best_acc:0.8875
INFO:__main__:----------------------------------------------------------------------------------------------------
INFO:__main__:
【train】epoch:40/100 loss:0.1408 acc:0.9453
INFO:__main__:
【val】epoch:40/100 loss:0.5686 acc:0.8359
INFO:__main__:
【Val】:  SENS: 0.6720  SPEC: 0.9410  PPV: 0.8796  NPV: 0.8174
INFO:__main__:验证的best_acc:0.8875
INFO:__main__:----------------------------------------------------------------------------------------------------
INFO:__main__:
【train】epoch:41/100 loss:0.1372 acc:0.9464
INFO:__main__:
【val】epoch:41/100 loss:0.8242 acc:0.7922
INFO:__main__:
【Val】:  SENS: 0.5240  SPEC: 0.9641  PPV: 0.9034  NPV: 0.7596
INFO:__main__:验证的best_acc:0.8875
INFO:__main__:----------------------------------------------------------------------------------------------------
INFO:__main__:
【train】epoch:42/100 loss:0.1306 acc:0.9497
INFO:__main__:
【val】epoch:42/100 loss:0.9022 acc:0.7781
INFO:__main__:
【Val】:  SENS: 0.5040  SPEC: 0.9538  PPV: 0.8750  NPV: 0.7500
INFO:__main__:验证的best_acc:0.8875
INFO:__main__:----------------------------------------------------------------------------------------------------
INFO:__main__:
【train】epoch:43/100 loss:0.1324 acc:0.9497
INFO:__main__:
【val】epoch:43/100 loss:1.3883 acc:0.7641
INFO:__main__:
【Val】:  SENS: 0.4920  SPEC: 0.9385  PPV: 0.8367  NPV: 0.7424
INFO:__main__:验证的best_acc:0.8875
INFO:__main__:----------------------------------------------------------------------------------------------------
INFO:__main__:
【train】epoch:44/100 loss:0.1209 acc:0.9542
INFO:__main__:
【val】epoch:44/100 loss:0.5114 acc:0.8625
INFO:__main__:
【Val】:  SENS: 0.7880  SPEC: 0.9103  PPV: 0.8491  NPV: 0.8701
INFO:__main__:验证的best_acc:0.8875
INFO:__main__:----------------------------------------------------------------------------------------------------
INFO:__main__:
【train】epoch:45/100 loss:0.1240 acc:0.9486
INFO:__main__:
【val】epoch:45/100 loss:0.8955 acc:0.7922
INFO:__main__:
【Val】:  SENS: 0.5400  SPEC: 0.9538  PPV: 0.8824  NPV: 0.7639
INFO:__main__:验证的best_acc:0.8875
INFO:__main__:----------------------------------------------------------------------------------------------------
INFO:__main__:
【train】epoch:46/100 loss:0.1236 acc:0.9538
INFO:__main__:
【val】epoch:46/100 loss:0.5734 acc:0.8453
INFO:__main__:
【Val】:  SENS: 0.7160  SPEC: 0.9282  PPV: 0.8647  NPV: 0.8360
INFO:__main__:验证的best_acc:0.8875
INFO:__main__:----------------------------------------------------------------------------------------------------
INFO:__main__:
【train】epoch:47/100 loss:0.1259 acc:0.9519
INFO:__main__:
【val】epoch:47/100 loss:0.6860 acc:0.8234
INFO:__main__:
【Val】:  SENS: 0.6160  SPEC: 0.9564  PPV: 0.9006  NPV: 0.7953
INFO:__main__:验证的best_acc:0.8875
INFO:__main__:----------------------------------------------------------------------------------------------------
INFO:__main__:
【train】epoch:48/100 loss:0.1159 acc:0.9585
INFO:__main__:
【val】epoch:48/100 loss:1.3266 acc:0.7594
INFO:__main__:
【Val】:  SENS: 0.4160  SPEC: 0.9795  PPV: 0.9286  NPV: 0.7235
INFO:__main__:验证的best_acc:0.8875
INFO:__main__:----------------------------------------------------------------------------------------------------
INFO:__main__:
【train】epoch:49/100 loss:0.1102 acc:0.9602
INFO:__main__:
【val】epoch:49/100 loss:1.1142 acc:0.7734
INFO:__main__:
【Val】:  SENS: 0.4600  SPEC: 0.9744  PPV: 0.9200  NPV: 0.7379
INFO:__main__:验证的best_acc:0.8875
INFO:__main__:----------------------------------------------------------------------------------------------------
INFO:__main__:
【train】epoch:50/100 loss:0.1022 acc:0.9596
INFO:__main__:
【val】epoch:50/100 loss:3.1908 acc:0.7094
INFO:__main__:
【Val】:  SENS: 0.2800  SPEC: 0.9846  PPV: 0.9211  NPV: 0.6809
INFO:__main__:验证的best_acc:0.8875
INFO:__main__:----------------------------------------------------------------------------------------------------
INFO:__main__:
【train】epoch:51/100 loss:0.1040 acc:0.9641
INFO:__main__:
【val】epoch:51/100 loss:1.1261 acc:0.8016
INFO:__main__:
【Val】:  SENS: 0.5240  SPEC: 0.9795  PPV: 0.9424  NPV: 0.7625
INFO:__main__:验证的best_acc:0.8875
INFO:__main__:----------------------------------------------------------------------------------------------------
INFO:__main__:
【train】epoch:52/100 loss:0.0975 acc:0.9656
INFO:__main__:
【val】epoch:52/100 loss:1.1883 acc:0.7734
INFO:__main__:
【Val】:  SENS: 0.4920  SPEC: 0.9538  PPV: 0.8723  NPV: 0.7455
INFO:__main__:验证的best_acc:0.8875
INFO:__main__:----------------------------------------------------------------------------------------------------
INFO:__main__:
【train】epoch:53/100 loss:0.0963 acc:0.9627
INFO:__main__:
【val】epoch:53/100 loss:0.9154 acc:0.8141
INFO:__main__:
【Val】:  SENS: 0.5880  SPEC: 0.9590  PPV: 0.9018  NPV: 0.7841
INFO:__main__:验证的best_acc:0.8875
INFO:__main__:----------------------------------------------------------------------------------------------------
INFO:__main__:
【train】epoch:54/100 loss:0.0972 acc:0.9614
INFO:__main__:
【val】epoch:54/100 loss:2.1187 acc:0.7516
INFO:__main__:
【Val】:  SENS: 0.3920  SPEC: 0.9821  PPV: 0.9333  NPV: 0.7159
INFO:__main__:验证的best_acc:0.8875
INFO:__main__:----------------------------------------------------------------------------------------------------
INFO:__main__:
【train】epoch:55/100 loss:0.0988 acc:0.9623
INFO:__main__:
【val】epoch:55/100 loss:1.4373 acc:0.7797
INFO:__main__:
【Val】:  SENS: 0.4680  SPEC: 0.9795  PPV: 0.9360  NPV: 0.7417
INFO:__main__:验证的best_acc:0.8875
INFO:__main__:----------------------------------------------------------------------------------------------------
INFO:__main__:
【train】epoch:56/100 loss:0.0814 acc:0.9697
INFO:__main__:
【val】epoch:56/100 loss:1.2160 acc:0.7812
INFO:__main__:
【Val】:  SENS: 0.5040  SPEC: 0.9590  PPV: 0.8873  NPV: 0.7510
INFO:__main__:验证的best_acc:0.8875
INFO:__main__:----------------------------------------------------------------------------------------------------
INFO:__main__:
【train】epoch:57/100 loss:0.0810 acc:0.9695
INFO:__main__:
【val】epoch:57/100 loss:1.2333 acc:0.7937
INFO:__main__:
【Val】:  SENS: 0.5320  SPEC: 0.9615  PPV: 0.8986  NPV: 0.7622
INFO:__main__:验证的best_acc:0.8875
INFO:__main__:----------------------------------------------------------------------------------------------------
INFO:__main__:
【train】epoch:58/100 loss:0.0820 acc:0.9676
INFO:__main__:
【val】epoch:58/100 loss:1.0049 acc:0.8000
INFO:__main__:
【Val】:  SENS: 0.5520  SPEC: 0.9590  PPV: 0.8961  NPV: 0.7695
INFO:__main__:验证的best_acc:0.8875
INFO:__main__:----------------------------------------------------------------------------------------------------
INFO:__main__:
【train】epoch:59/100 loss:0.0742 acc:0.9722
INFO:__main__:
【val】epoch:59/100 loss:0.6963 acc:0.8453
INFO:__main__:
【Val】:  SENS: 0.6840  SPEC: 0.9487  PPV: 0.8953  NPV: 0.8241
INFO:__main__:验证的best_acc:0.8875
INFO:__main__:----------------------------------------------------------------------------------------------------
INFO:__main__:
【train】epoch:60/100 loss:0.0813 acc:0.9688
INFO:__main__:
【val】epoch:60/100 loss:1.9689 acc:0.7391
INFO:__main__:
【Val】:  SENS: 0.3600  SPEC: 0.9821  PPV: 0.9278  NPV: 0.7053
INFO:__main__:验证的best_acc:0.8875
INFO:__main__:----------------------------------------------------------------------------------------------------
INFO:__main__:
【train】epoch:61/100 loss:0.0780 acc:0.9705
INFO:__main__:
【val】epoch:61/100 loss:1.5141 acc:0.7703
INFO:__main__:
【Val】:  SENS: 0.4400  SPEC: 0.9821  PPV: 0.9402  NPV: 0.7323
INFO:__main__:验证的best_acc:0.8875
INFO:__main__:----------------------------------------------------------------------------------------------------
INFO:__main__:
【train】epoch:62/100 loss:0.0690 acc:0.9753
INFO:__main__:
【val】epoch:62/100 loss:0.7883 acc:0.8328
INFO:__main__:
【Val】:  SENS: 0.6320  SPEC: 0.9615  PPV: 0.9133  NPV: 0.8030
INFO:__main__:验证的best_acc:0.8875
INFO:__main__:----------------------------------------------------------------------------------------------------
INFO:__main__:
【train】epoch:63/100 loss:0.0695 acc:0.9738
INFO:__main__:
【val】epoch:63/100 loss:1.0685 acc:0.8203
INFO:__main__:
【Val】:  SENS: 0.5960  SPEC: 0.9641  PPV: 0.9141  NPV: 0.7883
INFO:__main__:验证的best_acc:0.8875
INFO:__main__:----------------------------------------------------------------------------------------------------
INFO:__main__:
【train】epoch:64/100 loss:0.0675 acc:0.9759
INFO:__main__:
【val】epoch:64/100 loss:1.2919 acc:0.8031
INFO:__main__:
【Val】:  SENS: 0.5560  SPEC: 0.9615  PPV: 0.9026  NPV: 0.7716
INFO:__main__:验证的best_acc:0.8875
INFO:__main__:----------------------------------------------------------------------------------------------------
INFO:__main__:
【train】epoch:65/100 loss:0.0675 acc:0.9748
INFO:__main__:
【val】epoch:65/100 loss:1.9252 acc:0.7437
INFO:__main__:
【Val】:  SENS: 0.3560  SPEC: 0.9923  PPV: 0.9674  NPV: 0.7062
INFO:__main__:验证的best_acc:0.8875
INFO:__main__:----------------------------------------------------------------------------------------------------
INFO:__main__:
【train】epoch:66/100 loss:0.0673 acc:0.9773
INFO:__main__:
【val】epoch:66/100 loss:1.0887 acc:0.8062
INFO:__main__:
【Val】:  SENS: 0.5600  SPEC: 0.9641  PPV: 0.9091  NPV: 0.7737
INFO:__main__:验证的best_acc:0.8875
INFO:__main__:----------------------------------------------------------------------------------------------------
INFO:__main__:
【train】epoch:67/100 loss:0.0577 acc:0.9781
INFO:__main__:
【val】epoch:67/100 loss:1.9536 acc:0.7688
INFO:__main__:
【Val】:  SENS: 0.4480  SPEC: 0.9744  PPV: 0.9180  NPV: 0.7336
INFO:__main__:验证的best_acc:0.8875
INFO:__main__:----------------------------------------------------------------------------------------------------
INFO:__main__:
【train】epoch:68/100 loss:0.0703 acc:0.9761
INFO:__main__:
【val】epoch:68/100 loss:1.2219 acc:0.8141
INFO:__main__:
【Val】:  SENS: 0.5800  SPEC: 0.9641  PPV: 0.9119  NPV: 0.7817
INFO:__main__:验证的best_acc:0.8875
INFO:__main__:----------------------------------------------------------------------------------------------------
INFO:__main__:
【train】epoch:69/100 loss:0.0554 acc:0.9800
INFO:__main__:
【val】epoch:69/100 loss:1.5488 acc:0.7812
INFO:__main__:
【Val】:  SENS: 0.4880  SPEC: 0.9692  PPV: 0.9104  NPV: 0.7470
INFO:__main__:验证的best_acc:0.8875
INFO:__main__:----------------------------------------------------------------------------------------------------
INFO:__main__:
【train】epoch:70/100 loss:0.0539 acc:0.9806
INFO:__main__:
【val】epoch:70/100 loss:0.9709 acc:0.8219
INFO:__main__:
【Val】:  SENS: 0.5880  SPEC: 0.9718  PPV: 0.9304  NPV: 0.7863
INFO:__main__:验证的best_acc:0.8875
INFO:__main__:----------------------------------------------------------------------------------------------------
INFO:__main__:
【train】epoch:71/100 loss:0.0511 acc:0.9806
INFO:__main__:
【val】epoch:71/100 loss:0.5608 acc:0.8797
INFO:__main__:
【Val】:  SENS: 0.7560  SPEC: 0.9590  PPV: 0.9220  NPV: 0.8598
INFO:__main__:验证的best_acc:0.8875
INFO:__main__:----------------------------------------------------------------------------------------------------
INFO:__main__:
【train】epoch:72/100 loss:0.0446 acc:0.9831
INFO:__main__:
【val】epoch:72/100 loss:0.8254 acc:0.8453
INFO:__main__:
【Val】:  SENS: 0.6640  SPEC: 0.9615  PPV: 0.9171  NPV: 0.8170
INFO:__main__:验证的best_acc:0.8875
INFO:__main__:----------------------------------------------------------------------------------------------------
INFO:__main__:
【train】epoch:73/100 loss:0.0426 acc:0.9851
INFO:__main__:
【val】epoch:73/100 loss:0.8416 acc:0.8359
INFO:__main__:
【Val】:  SENS: 0.6520  SPEC: 0.9538  PPV: 0.9006  NPV: 0.8105
INFO:__main__:验证的best_acc:0.8875
INFO:__main__:----------------------------------------------------------------------------------------------------
INFO:__main__:
【train】epoch:74/100 loss:0.0440 acc:0.9839
INFO:__main__:
【val】epoch:74/100 loss:0.7562 acc:0.8469
INFO:__main__:
【Val】:  SENS: 0.6720  SPEC: 0.9590  PPV: 0.9130  NPV: 0.8202
INFO:__main__:验证的best_acc:0.8875
INFO:__main__:----------------------------------------------------------------------------------------------------
INFO:__main__:
【train】epoch:75/100 loss:0.0456 acc:0.9852
INFO:__main__:
【val】epoch:75/100 loss:0.7333 acc:0.8594
INFO:__main__:
【Val】:  SENS: 0.6880  SPEC: 0.9692  PPV: 0.9348  NPV: 0.8289
INFO:__main__:验证的best_acc:0.8875
INFO:__main__:----------------------------------------------------------------------------------------------------
INFO:__main__:
【train】epoch:76/100 loss:0.0542 acc:0.9798
INFO:__main__:
【val】epoch:76/100 loss:0.6415 acc:0.8672
INFO:__main__:
【Val】:  SENS: 0.7320  SPEC: 0.9538  PPV: 0.9104  NPV: 0.8474
INFO:__main__:验证的best_acc:0.8875
INFO:__main__:----------------------------------------------------------------------------------------------------
INFO:__main__:
【train】epoch:77/100 loss:0.0469 acc:0.9835
INFO:__main__:
【val】epoch:77/100 loss:0.5674 acc:0.8891
INFO:__main__:
【Val】:  SENS: 0.8040  SPEC: 0.9436  PPV: 0.9013  NPV: 0.8825
INFO:__main__:验证的best_acc:0.8891
INFO:__main__:----------------------------------------------------------------------------------------------------
INFO:__main__:
【train】epoch:78/100 loss:0.0505 acc:0.9814
INFO:__main__:
【val】epoch:78/100 loss:0.6643 acc:0.8703
INFO:__main__:
【Val】:  SENS: 0.7560  SPEC: 0.9436  PPV: 0.8957  NPV: 0.8578
INFO:__main__:验证的best_acc:0.8891
INFO:__main__:----------------------------------------------------------------------------------------------------
INFO:__main__:
【train】epoch:79/100 loss:0.0352 acc:0.9874
INFO:__main__:
【val】epoch:79/100 loss:0.5004 acc:0.8938
INFO:__main__:
【Val】:  SENS: 0.8280  SPEC: 0.9359  PPV: 0.8922  NPV: 0.8946
INFO:__main__:验证的best_acc:0.8938
INFO:__main__:----------------------------------------------------------------------------------------------------
INFO:__main__:
【train】epoch:80/100 loss:0.0355 acc:0.9874
INFO:__main__:
【val】epoch:80/100 loss:0.6479 acc:0.8656
INFO:__main__:
【Val】:  SENS: 0.7280  SPEC: 0.9538  PPV: 0.9100  NPV: 0.8455
INFO:__main__:验证的best_acc:0.8938
INFO:__main__:----------------------------------------------------------------------------------------------------
INFO:__main__:
【train】epoch:81/100 loss:0.0359 acc:0.9872
INFO:__main__:
【val】epoch:81/100 loss:0.9284 acc:0.8406
INFO:__main__:
【Val】:  SENS: 0.6360  SPEC: 0.9718  PPV: 0.9353  NPV: 0.8064
INFO:__main__:验证的best_acc:0.8938
INFO:__main__:----------------------------------------------------------------------------------------------------
INFO:__main__:
【train】epoch:82/100 loss:0.0380 acc:0.9868
INFO:__main__:
【val】epoch:82/100 loss:0.5975 acc:0.8734
INFO:__main__:
【Val】:  SENS: 0.7600  SPEC: 0.9462  PPV: 0.9005  NPV: 0.8601
INFO:__main__:验证的best_acc:0.8938
INFO:__main__:----------------------------------------------------------------------------------------------------
INFO:__main__:
【train】epoch:83/100 loss:0.0398 acc:0.9860
INFO:__main__:
【val】epoch:83/100 loss:0.5790 acc:0.8891
INFO:__main__:
【Val】:  SENS: 0.7960  SPEC: 0.9487  PPV: 0.9087  NPV: 0.8789
INFO:__main__:验证的best_acc:0.8938
INFO:__main__:----------------------------------------------------------------------------------------------------
INFO:__main__:
【train】epoch:84/100 loss:0.0390 acc:0.9856
INFO:__main__:
【val】epoch:84/100 loss:0.5523 acc:0.8781
INFO:__main__:
【Val】:  SENS: 0.7800  SPEC: 0.9410  PPV: 0.8945  NPV: 0.8697
INFO:__main__:验证的best_acc:0.8938
INFO:__main__:----------------------------------------------------------------------------------------------------
INFO:__main__:
【train】epoch:85/100 loss:0.0338 acc:0.9889
INFO:__main__:
【val】epoch:85/100 loss:0.8616 acc:0.8547
INFO:__main__:
【Val】:  SENS: 0.7000  SPEC: 0.9538  PPV: 0.9067  NPV: 0.8322
INFO:__main__:验证的best_acc:0.8938
INFO:__main__:----------------------------------------------------------------------------------------------------
INFO:__main__:
【train】epoch:86/100 loss:0.0346 acc:0.9882
INFO:__main__:
【val】epoch:86/100 loss:0.6771 acc:0.8687
INFO:__main__:
【Val】:  SENS: 0.7760  SPEC: 0.9282  PPV: 0.8739  NPV: 0.8660
INFO:__main__:验证的best_acc:0.8938
INFO:__main__:----------------------------------------------------------------------------------------------------
INFO:__main__:
【train】epoch:87/100 loss:0.0439 acc:0.9839
INFO:__main__:
【val】epoch:87/100 loss:0.5778 acc:0.8766
INFO:__main__:
【Val】:  SENS: 0.7640  SPEC: 0.9487  PPV: 0.9052  NPV: 0.8625
INFO:__main__:验证的best_acc:0.8938
INFO:__main__:----------------------------------------------------------------------------------------------------
INFO:__main__:
【train】epoch:88/100 loss:0.0313 acc:0.9887
INFO:__main__:
【val】epoch:88/100 loss:0.5162 acc:0.8906
INFO:__main__:
【Val】:  SENS: 0.8160  SPEC: 0.9385  PPV: 0.8947  NPV: 0.8883
INFO:__main__:验证的best_acc:0.8938
INFO:__main__:----------------------------------------------------------------------------------------------------
INFO:__main__:
【train】epoch:89/100 loss:0.0260 acc:0.9911
INFO:__main__:
【val】epoch:89/100 loss:0.4972 acc:0.8984
INFO:__main__:
【Val】:  SENS: 0.8440  SPEC: 0.9333  PPV: 0.8903  NPV: 0.9032
INFO:__main__:验证的best_acc:0.8984
INFO:__main__:----------------------------------------------------------------------------------------------------
INFO:__main__:
【train】epoch:90/100 loss:0.0279 acc:0.9895
INFO:__main__:
【val】epoch:90/100 loss:0.5508 acc:0.8906
INFO:__main__:
【Val】:  SENS: 0.8080  SPEC: 0.9436  PPV: 0.9018  NPV: 0.8846
INFO:__main__:验证的best_acc:0.8984
INFO:__main__:----------------------------------------------------------------------------------------------------
INFO:__main__:
【train】epoch:91/100 loss:0.0257 acc:0.9917
INFO:__main__:
【val】epoch:91/100 loss:0.4894 acc:0.8984
INFO:__main__:
【Val】:  SENS: 0.8320  SPEC: 0.9410  PPV: 0.9004  NPV: 0.8973
INFO:__main__:验证的best_acc:0.8984
INFO:__main__:----------------------------------------------------------------------------------------------------
INFO:__main__:
【train】epoch:92/100 loss:0.0236 acc:0.9915
INFO:__main__:
【val】epoch:92/100 loss:0.5049 acc:0.8969
INFO:__main__:
【Val】:  SENS: 0.8480  SPEC: 0.9282  PPV: 0.8833  NPV: 0.9050
INFO:__main__:验证的best_acc:0.8984
INFO:__main__:----------------------------------------------------------------------------------------------------
INFO:__main__:
【train】epoch:93/100 loss:0.0261 acc:0.9901
INFO:__main__:
【val】epoch:93/100 loss:0.5465 acc:0.8859
INFO:__main__:
【Val】:  SENS: 0.8080  SPEC: 0.9359  PPV: 0.8899  NPV: 0.8838
INFO:__main__:验证的best_acc:0.8984
INFO:__main__:----------------------------------------------------------------------------------------------------
INFO:__main__:
【train】epoch:94/100 loss:0.0229 acc:0.9918
INFO:__main__:
【val】epoch:94/100 loss:0.5524 acc:0.8797
INFO:__main__:
【Val】:  SENS: 0.7760  SPEC: 0.9462  PPV: 0.9023  NPV: 0.8682
INFO:__main__:验证的best_acc:0.8984
INFO:__main__:----------------------------------------------------------------------------------------------------
INFO:__main__:
【train】epoch:95/100 loss:0.0221 acc:0.9926
INFO:__main__:
【val】epoch:95/100 loss:0.5934 acc:0.8828
INFO:__main__:
【Val】:  SENS: 0.8000  SPEC: 0.9359  PPV: 0.8889  NPV: 0.8795
INFO:__main__:验证的best_acc:0.8984
INFO:__main__:----------------------------------------------------------------------------------------------------
INFO:__main__:
【train】epoch:96/100 loss:0.0249 acc:0.9917
INFO:__main__:
【val】epoch:96/100 loss:0.5256 acc:0.8969
INFO:__main__:
【Val】:  SENS: 0.8280  SPEC: 0.9410  PPV: 0.9000  NPV: 0.8951
INFO:__main__:验证的best_acc:0.8984
INFO:__main__:----------------------------------------------------------------------------------------------------
INFO:__main__:
【train】epoch:97/100 loss:0.0233 acc:0.9924
INFO:__main__:
【val】epoch:97/100 loss:0.5600 acc:0.8828
INFO:__main__:
【Val】:  SENS: 0.7720  SPEC: 0.9538  PPV: 0.9147  NPV: 0.8671
INFO:__main__:验证的best_acc:0.8984
INFO:__main__:----------------------------------------------------------------------------------------------------
INFO:__main__:
【train】epoch:98/100 loss:0.0189 acc:0.9942
INFO:__main__:
【val】epoch:98/100 loss:0.5314 acc:0.8906
INFO:__main__:
【Val】:  SENS: 0.8000  SPEC: 0.9487  PPV: 0.9091  NPV: 0.8810
INFO:__main__:验证的best_acc:0.8984
INFO:__main__:----------------------------------------------------------------------------------------------------
INFO:__main__:
【train】epoch:99/100 loss:0.0207 acc:0.9928
INFO:__main__:
【val】epoch:99/100 loss:0.5539 acc:0.8938
INFO:__main__:
【Val】:  SENS: 0.8320  SPEC: 0.9333  PPV: 0.8889  NPV: 0.8966
INFO:__main__:验证的best_acc:0.8984
INFO:__main__:----------------------------------------------------------------------------------------------------
INFO:__main__:****************************************************************************************************
INFO:__main__:Val_LOSS:['0.8359', '0.8764', '0.5564', '0.4186', '0.4163', '0.4016', '0.8951', '0.6221', '0.7903', '0.5599', '0.6380', '0.3179', '0.6825', '0.8748', '0.7653', '0.3337', '0.7615', '0.8978', '0.4605', '1.3242', '1.4043', '1.0031', '1.3271', '0.3271', '0.3490', '1.0622', '0.3579', '1.2592', '0.5634', '0.4112', '0.4630', '0.5148', '0.5615', '0.5297', '0.5355', '0.4161', '0.3557', '0.8603', '0.6371', '0.8285', '0.5686', '0.8242', '0.9022', '1.3883', '0.5114', '0.8955', '0.5734', '0.6860', '1.3266', '1.1142', '3.1908', '1.1261', '1.1883', '0.9154', '2.1187', '1.4373', '1.2160', '1.2333', '1.0049', '0.6963', '1.9689', '1.5141', '0.7883', '1.0685', '1.2919', '1.9252', '1.0887', '1.9536', '1.2219', '1.5488', '0.9709', '0.5608', '0.8254', '0.8416', '0.7562', '0.7333', '0.6415', '0.5674', '0.6643', '0.5004', '0.6479', '0.9284', '0.5975', '0.5790', '0.5523', '0.8616', '0.6771', '0.5778', '0.5162', '0.4972', '0.5508', '0.4894', '0.5049', '0.5465', '0.5524', '0.5934', '0.5256', '0.5600', '0.5314', '0.5539']
INFO:__main__:Val_ACC:['0.6203', '0.6266', '0.6969', '0.8109', '0.7891', '0.8266', '0.6703', '0.7234', '0.6687', '0.7422', '0.7266', '0.8625', '0.7234', '0.6891', '0.7063', '0.8703', '0.7594', '0.6625', '0.7937', '0.6375', '0.5953', '0.6859', '0.6187', '0.8734', '0.8562', '0.7000', '0.8875', '0.6875', '0.8188', '0.8594', '0.8625', '0.8562', '0.8188', '0.8625', '0.8219', '0.8547', '0.8844', '0.7922', '0.8469', '0.8188', '0.8359', '0.7922', '0.7781', '0.7641', '0.8625', '0.7922', '0.8453', '0.8234', '0.7594', '0.7734', '0.7094', '0.8016', '0.7734', '0.8141', '0.7516', '0.7797', '0.7812', '0.7937', '0.8000', '0.8453', '0.7391', '0.7703', '0.8328', '0.8203', '0.8031', '0.7437', '0.8062', '0.7688', '0.8141', '0.7812', '0.8219', '0.8797', '0.8453', '0.8359', '0.8469', '0.8594', '0.8672', '0.8891', '0.8703', '0.8938', '0.8656', '0.8406', '0.8734', '0.8891', '0.8781', '0.8547', '0.8687', '0.8766', '0.8906', '0.8984', '0.8906', '0.8984', '0.8969', '0.8859', '0.8797', '0.8828', '0.8969', '0.8828', '0.8906', '0.8938']
INFO:__main__:****************************************************************************************************
INFO:__main__: epoch0 测试test_Loss: 0.4429  test_ACC: 0.9040  
INFO:__main__:SENS: 0.8769 SPEC: 0.9217 PPV: 0.8803 NPV: 0.9194
INFO:__main__:test_Best_acc:0.9040
