INFO:__main__:
【train】epoch:0/150 loss:0.5813 acc:0.6902
INFO:__main__:
【val】epoch:0/150 loss:0.5067 acc:0.7433
INFO:__main__:
【Val】:  SENS: 0.7815  SPEC: 0.7215  PPV: 0.6150  NPV: 0.8530
INFO:__main__:验证的best_acc:0.7433
INFO:__main__:----------------------------------------------------------------------------------------------------
INFO:__main__:
【train】epoch:1/150 loss:0.5023 acc:0.7465
INFO:__main__:
【val】epoch:1/150 loss:0.7249 acc:0.6819
INFO:__main__:
【Val】:  SENS: 0.1292  SPEC: 0.9965  PPV: 0.9545  NPV: 0.6678
INFO:__main__:验证的best_acc:0.7433
INFO:__main__:----------------------------------------------------------------------------------------------------
INFO:__main__:
【train】epoch:2/150 loss:0.4760 acc:0.7692
INFO:__main__:
【val】epoch:2/150 loss:0.4681 acc:0.7545
INFO:__main__:
【Val】:  SENS: 0.4862  SPEC: 0.9072  PPV: 0.7488  NPV: 0.7562
INFO:__main__:验证的best_acc:0.7545
INFO:__main__:----------------------------------------------------------------------------------------------------
INFO:__main__:
【train】epoch:3/150 loss:0.4542 acc:0.7832
INFO:__main__:
【val】epoch:3/150 loss:0.4921 acc:0.7567
INFO:__main__:
【Val】:  SENS: 0.4092  SPEC: 0.9545  PPV: 0.8365  NPV: 0.7395
INFO:__main__:验证的best_acc:0.7567
INFO:__main__:----------------------------------------------------------------------------------------------------
INFO:__main__:
【train】epoch:4/150 loss:0.4364 acc:0.7952
INFO:__main__:
【val】epoch:4/150 loss:0.4320 acc:0.7891
INFO:__main__:
【Val】:  SENS: 0.5138  SPEC: 0.9457  PPV: 0.8434  NPV: 0.7736
INFO:__main__:验证的best_acc:0.7891
INFO:__main__:----------------------------------------------------------------------------------------------------
INFO:__main__:
【train】epoch:5/150 loss:0.4240 acc:0.7984
INFO:__main__:
【val】epoch:5/150 loss:0.6554 acc:0.6674
INFO:__main__:
【Val】:  SENS: 0.9569  SPEC: 0.5026  PPV: 0.5227  NPV: 0.9535
INFO:__main__:验证的best_acc:0.7891
INFO:__main__:----------------------------------------------------------------------------------------------------
INFO:__main__:
【train】epoch:6/150 loss:0.4107 acc:0.8073
INFO:__main__:
【val】epoch:6/150 loss:0.4163 acc:0.7969
INFO:__main__:
【Val】:  SENS: 0.8708  SPEC: 0.7548  PPV: 0.6690  NPV: 0.9112
INFO:__main__:验证的best_acc:0.7969
INFO:__main__:----------------------------------------------------------------------------------------------------
INFO:__main__:
【train】epoch:7/150 loss:0.4083 acc:0.8091
INFO:__main__:
【val】epoch:7/150 loss:0.4586 acc:0.7946
INFO:__main__:
【Val】:  SENS: 0.5169  SPEC: 0.9527  PPV: 0.8615  NPV: 0.7760
INFO:__main__:验证的best_acc:0.7969
INFO:__main__:----------------------------------------------------------------------------------------------------
INFO:__main__:
【train】epoch:8/150 loss:0.3944 acc:0.8125
INFO:__main__:
【val】epoch:8/150 loss:0.3864 acc:0.8103
INFO:__main__:
【Val】:  SENS: 0.7200  SPEC: 0.8616  PPV: 0.7476  NPV: 0.8439
INFO:__main__:验证的best_acc:0.8103
INFO:__main__:----------------------------------------------------------------------------------------------------
INFO:__main__:
【train】epoch:9/150 loss:0.3809 acc:0.8262
INFO:__main__:
【val】epoch:9/150 loss:0.4390 acc:0.8025
INFO:__main__:
【Val】:  SENS: 0.5292  SPEC: 0.9580  PPV: 0.8776  NPV: 0.7814
INFO:__main__:验证的best_acc:0.8103
INFO:__main__:----------------------------------------------------------------------------------------------------
INFO:__main__:
【train】epoch:10/150 loss:0.3718 acc:0.8311
INFO:__main__:
【val】epoch:10/150 loss:0.4330 acc:0.8158
INFO:__main__:
【Val】:  SENS: 0.5815  SPEC: 0.9492  PPV: 0.8670  NPV: 0.7994
INFO:__main__:验证的best_acc:0.8158
INFO:__main__:----------------------------------------------------------------------------------------------------
INFO:__main__:
【train】epoch:11/150 loss:0.3672 acc:0.8293
INFO:__main__:
【val】epoch:11/150 loss:0.3944 acc:0.8248
INFO:__main__:
【Val】:  SENS: 0.6585  SPEC: 0.9194  PPV: 0.8231  NPV: 0.8255
INFO:__main__:验证的best_acc:0.8248
INFO:__main__:----------------------------------------------------------------------------------------------------
INFO:__main__:
【train】epoch:12/150 loss:0.3589 acc:0.8336
INFO:__main__:
【val】epoch:12/150 loss:0.3794 acc:0.8092
INFO:__main__:
【Val】:  SENS: 0.8185  SPEC: 0.8039  PPV: 0.7037  NPV: 0.8861
INFO:__main__:验证的best_acc:0.8248
INFO:__main__:----------------------------------------------------------------------------------------------------
INFO:__main__:
【train】epoch:13/150 loss:0.3556 acc:0.8379
INFO:__main__:
【val】epoch:13/150 loss:0.3596 acc:0.8348
INFO:__main__:
【Val】:  SENS: 0.7046  SPEC: 0.9089  PPV: 0.8149  NPV: 0.8439
INFO:__main__:验证的best_acc:0.8348
INFO:__main__:----------------------------------------------------------------------------------------------------
INFO:__main__:
【train】epoch:14/150 loss:0.3500 acc:0.8423
INFO:__main__:
【val】epoch:14/150 loss:0.3818 acc:0.8248
INFO:__main__:
【Val】:  SENS: 0.6462  SPEC: 0.9264  PPV: 0.8333  NPV: 0.8214
INFO:__main__:验证的best_acc:0.8348
INFO:__main__:----------------------------------------------------------------------------------------------------
INFO:__main__:
【train】epoch:15/150 loss:0.3449 acc:0.8433
INFO:__main__:
【val】epoch:15/150 loss:0.3527 acc:0.8404
INFO:__main__:
【Val】:  SENS: 0.8154  SPEC: 0.8546  PPV: 0.7615  NPV: 0.8905
INFO:__main__:验证的best_acc:0.8404
INFO:__main__:----------------------------------------------------------------------------------------------------
INFO:__main__:
【train】epoch:16/150 loss:0.3416 acc:0.8466
INFO:__main__:
【val】epoch:16/150 loss:0.4213 acc:0.8080
INFO:__main__:
【Val】:  SENS: 0.8892  SPEC: 0.7618  PPV: 0.6800  NPV: 0.9236
INFO:__main__:验证的best_acc:0.8404
INFO:__main__:----------------------------------------------------------------------------------------------------
INFO:__main__:
【train】epoch:17/150 loss:0.3355 acc:0.8534
INFO:__main__:
【val】epoch:17/150 loss:0.3701 acc:0.8248
INFO:__main__:
【Val】:  SENS: 0.8769  SPEC: 0.7951  PPV: 0.7090  NPV: 0.9190
INFO:__main__:验证的best_acc:0.8404
INFO:__main__:----------------------------------------------------------------------------------------------------
INFO:__main__:
【train】epoch:18/150 loss:0.3258 acc:0.8542
INFO:__main__:
【val】epoch:18/150 loss:0.3758 acc:0.8214
INFO:__main__:
【Val】:  SENS: 0.8462  SPEC: 0.8074  PPV: 0.7143  NPV: 0.9022
INFO:__main__:验证的best_acc:0.8404
INFO:__main__:----------------------------------------------------------------------------------------------------
INFO:__main__:
【train】epoch:19/150 loss:0.3150 acc:0.8586
INFO:__main__:
【val】epoch:19/150 loss:0.3968 acc:0.8047
INFO:__main__:
【Val】:  SENS: 0.8738  SPEC: 0.7653  PPV: 0.6794  NPV: 0.9142
INFO:__main__:验证的best_acc:0.8404
INFO:__main__:----------------------------------------------------------------------------------------------------
INFO:__main__:
【train】epoch:20/150 loss:0.3050 acc:0.8640
INFO:__main__:
【val】epoch:20/150 loss:0.3578 acc:0.8471
INFO:__main__:
【Val】:  SENS: 0.7785  SPEC: 0.8862  PPV: 0.7956  NPV: 0.8754
INFO:__main__:验证的best_acc:0.8471
INFO:__main__:----------------------------------------------------------------------------------------------------
INFO:__main__:
【train】epoch:21/150 loss:0.2976 acc:0.8682
INFO:__main__:
【val】epoch:21/150 loss:0.4040 acc:0.8382
INFO:__main__:
【Val】:  SENS: 0.6585  SPEC: 0.9405  PPV: 0.8629  NPV: 0.8287
INFO:__main__:验证的best_acc:0.8471
INFO:__main__:----------------------------------------------------------------------------------------------------
INFO:__main__:
【train】epoch:22/150 loss:0.3017 acc:0.8630
INFO:__main__:
【val】epoch:22/150 loss:0.5158 acc:0.8002
INFO:__main__:
【Val】:  SENS: 0.5138  SPEC: 0.9632  PPV: 0.8883  NPV: 0.7768
INFO:__main__:验证的best_acc:0.8471
INFO:__main__:----------------------------------------------------------------------------------------------------
INFO:__main__:
【train】epoch:23/150 loss:0.2968 acc:0.8649
INFO:__main__:
【val】epoch:23/150 loss:0.4530 acc:0.8248
INFO:__main__:
【Val】:  SENS: 0.5877  SPEC: 0.9597  PPV: 0.8925  NPV: 0.8035
INFO:__main__:验证的best_acc:0.8471
INFO:__main__:----------------------------------------------------------------------------------------------------
INFO:__main__:
【train】epoch:24/150 loss:0.2825 acc:0.8749
INFO:__main__:
【val】epoch:24/150 loss:0.4850 acc:0.8158
INFO:__main__:
【Val】:  SENS: 0.5631  SPEC: 0.9597  PPV: 0.8883  NPV: 0.7942
INFO:__main__:验证的best_acc:0.8471
INFO:__main__:----------------------------------------------------------------------------------------------------
INFO:__main__:
【train】epoch:25/150 loss:0.2886 acc:0.8726
INFO:__main__:
【val】epoch:25/150 loss:0.4097 acc:0.8214
INFO:__main__:
【Val】:  SENS: 0.8369  SPEC: 0.8126  PPV: 0.7177  NPV: 0.8975
INFO:__main__:验证的best_acc:0.8471
INFO:__main__:----------------------------------------------------------------------------------------------------
INFO:__main__:
【train】epoch:26/150 loss:0.2824 acc:0.8749
INFO:__main__:
【val】epoch:26/150 loss:0.4026 acc:0.8292
INFO:__main__:
【Val】:  SENS: 0.7231  SPEC: 0.8897  PPV: 0.7886  NPV: 0.8495
INFO:__main__:验证的best_acc:0.8471
INFO:__main__:----------------------------------------------------------------------------------------------------
INFO:__main__:
【train】epoch:27/150 loss:0.2742 acc:0.8802
INFO:__main__:
【val】epoch:27/150 loss:0.3754 acc:0.8460
INFO:__main__:
【Val】:  SENS: 0.7446  SPEC: 0.9037  PPV: 0.8148  NPV: 0.8614
INFO:__main__:验证的best_acc:0.8471
INFO:__main__:----------------------------------------------------------------------------------------------------
INFO:__main__:
【train】epoch:28/150 loss:0.2701 acc:0.8823
INFO:__main__:
【val】epoch:28/150 loss:0.4115 acc:0.8315
INFO:__main__:
【Val】:  SENS: 0.7662  SPEC: 0.8687  PPV: 0.7685  NPV: 0.8671
INFO:__main__:验证的best_acc:0.8471
INFO:__main__:----------------------------------------------------------------------------------------------------
INFO:__main__:
【train】epoch:29/150 loss:0.2538 acc:0.8895
INFO:__main__:
【val】epoch:29/150 loss:0.4130 acc:0.8248
INFO:__main__:
【Val】:  SENS: 0.8246  SPEC: 0.8249  PPV: 0.7283  NPV: 0.8920
INFO:__main__:验证的best_acc:0.8471
INFO:__main__:----------------------------------------------------------------------------------------------------
INFO:__main__:
【train】epoch:30/150 loss:0.2458 acc:0.8933
INFO:__main__:
【val】epoch:30/150 loss:0.3713 acc:0.8538
INFO:__main__:
【Val】:  SENS: 0.7477  SPEC: 0.9142  PPV: 0.8322  NPV: 0.8642
INFO:__main__:验证的best_acc:0.8538
INFO:__main__:----------------------------------------------------------------------------------------------------
INFO:__main__:
【train】epoch:31/150 loss:0.2401 acc:0.8955
INFO:__main__:
【val】epoch:31/150 loss:0.4454 acc:0.8136
INFO:__main__:
【Val】:  SENS: 0.7815  SPEC: 0.8319  PPV: 0.7257  NPV: 0.8700
INFO:__main__:验证的best_acc:0.8538
INFO:__main__:----------------------------------------------------------------------------------------------------
INFO:__main__:
【train】epoch:32/150 loss:0.2451 acc:0.8939
INFO:__main__:
【val】epoch:32/150 loss:0.3823 acc:0.8382
INFO:__main__:
【Val】:  SENS: 0.7723  SPEC: 0.8757  PPV: 0.7795  NPV: 0.8711
INFO:__main__:验证的best_acc:0.8538
INFO:__main__:----------------------------------------------------------------------------------------------------
INFO:__main__:
【train】epoch:33/150 loss:0.2324 acc:0.9007
INFO:__main__:
【val】epoch:33/150 loss:0.4516 acc:0.8326
INFO:__main__:
【Val】:  SENS: 0.7108  SPEC: 0.9019  PPV: 0.8049  NPV: 0.8456
INFO:__main__:验证的best_acc:0.8538
INFO:__main__:----------------------------------------------------------------------------------------------------
INFO:__main__:
【train】epoch:34/150 loss:0.2267 acc:0.9048
INFO:__main__:
【val】epoch:34/150 loss:0.4570 acc:0.8147
INFO:__main__:
【Val】:  SENS: 0.6185  SPEC: 0.9264  PPV: 0.8272  NPV: 0.8101
INFO:__main__:验证的best_acc:0.8538
INFO:__main__:----------------------------------------------------------------------------------------------------
INFO:__main__:
【train】epoch:35/150 loss:0.2332 acc:0.9020
INFO:__main__:
【val】epoch:35/150 loss:0.4517 acc:0.8214
INFO:__main__:
【Val】:  SENS: 0.6677  SPEC: 0.9089  PPV: 0.8067  NPV: 0.8278
INFO:__main__:验证的best_acc:0.8538
INFO:__main__:----------------------------------------------------------------------------------------------------
INFO:__main__:
【train】epoch:36/150 loss:0.2290 acc:0.9010
INFO:__main__:
【val】epoch:36/150 loss:0.3898 acc:0.8237
INFO:__main__:
【Val】:  SENS: 0.7046  SPEC: 0.8914  PPV: 0.7869  NPV: 0.8413
INFO:__main__:验证的best_acc:0.8538
INFO:__main__:----------------------------------------------------------------------------------------------------
INFO:__main__:
【train】epoch:37/150 loss:0.2222 acc:0.9092
INFO:__main__:
【val】epoch:37/150 loss:0.4640 acc:0.8248
INFO:__main__:
【Val】:  SENS: 0.6431  SPEC: 0.9282  PPV: 0.8360  NPV: 0.8204
INFO:__main__:验证的best_acc:0.8538
INFO:__main__:----------------------------------------------------------------------------------------------------
INFO:__main__:
【train】epoch:38/150 loss:0.2110 acc:0.9167
INFO:__main__:
【val】epoch:38/150 loss:0.5053 acc:0.8158
INFO:__main__:
【Val】:  SENS: 0.7200  SPEC: 0.8704  PPV: 0.7597  NPV: 0.8452
INFO:__main__:验证的best_acc:0.8538
INFO:__main__:----------------------------------------------------------------------------------------------------
INFO:__main__:
【train】epoch:39/150 loss:0.2073 acc:0.9136
INFO:__main__:
【val】epoch:39/150 loss:0.4092 acc:0.8404
INFO:__main__:
【Val】:  SENS: 0.8154  SPEC: 0.8546  PPV: 0.7615  NPV: 0.8905
INFO:__main__:验证的best_acc:0.8538
INFO:__main__:----------------------------------------------------------------------------------------------------
INFO:__main__:
【train】epoch:40/150 loss:0.1950 acc:0.9194
INFO:__main__:
【val】epoch:40/150 loss:0.4854 acc:0.8382
INFO:__main__:
【Val】:  SENS: 0.6585  SPEC: 0.9405  PPV: 0.8629  NPV: 0.8287
INFO:__main__:验证的best_acc:0.8538
INFO:__main__:----------------------------------------------------------------------------------------------------
INFO:__main__:
【train】epoch:41/150 loss:0.1855 acc:0.9289
INFO:__main__:
【val】epoch:41/150 loss:0.7821 acc:0.8092
INFO:__main__:
【Val】:  SENS: 0.5046  SPEC: 0.9825  PPV: 0.9425  NPV: 0.7770
INFO:__main__:验证的best_acc:0.8538
INFO:__main__:----------------------------------------------------------------------------------------------------
INFO:__main__:
【train】epoch:42/150 loss:0.1836 acc:0.9261
INFO:__main__:
【val】epoch:42/150 loss:0.4468 acc:0.8304
INFO:__main__:
【Val】:  SENS: 0.6554  SPEC: 0.9299  PPV: 0.8419  NPV: 0.8258
INFO:__main__:验证的best_acc:0.8538
INFO:__main__:----------------------------------------------------------------------------------------------------
INFO:__main__:
【train】epoch:43/150 loss:0.1833 acc:0.9276
INFO:__main__:
【val】epoch:43/150 loss:0.8306 acc:0.7913
INFO:__main__:
【Val】:  SENS: 0.4462  SPEC: 0.9877  PPV: 0.9539  NPV: 0.7581
INFO:__main__:验证的best_acc:0.8538
INFO:__main__:----------------------------------------------------------------------------------------------------
INFO:__main__:
【train】epoch:44/150 loss:0.1766 acc:0.9281
INFO:__main__:
【val】epoch:44/150 loss:0.5762 acc:0.8002
INFO:__main__:
【Val】:  SENS: 0.8092  SPEC: 0.7951  PPV: 0.6921  NPV: 0.8798
INFO:__main__:验证的best_acc:0.8538
INFO:__main__:----------------------------------------------------------------------------------------------------
INFO:__main__:
【train】epoch:45/150 loss:0.1753 acc:0.9306
INFO:__main__:
【val】epoch:45/150 loss:0.4622 acc:0.8315
INFO:__main__:
【Val】:  SENS: 0.7692  SPEC: 0.8669  PPV: 0.7669  NPV: 0.8684
INFO:__main__:验证的best_acc:0.8538
INFO:__main__:----------------------------------------------------------------------------------------------------
INFO:__main__:
【train】epoch:46/150 loss:0.1770 acc:0.9302
INFO:__main__:
【val】epoch:46/150 loss:0.4154 acc:0.8616
INFO:__main__:
【Val】:  SENS: 0.8338  SPEC: 0.8774  PPV: 0.7947  NPV: 0.9027
INFO:__main__:验证的best_acc:0.8616
INFO:__main__:----------------------------------------------------------------------------------------------------
INFO:__main__:
【train】epoch:47/150 loss:0.1803 acc:0.9266
INFO:__main__:
【val】epoch:47/150 loss:0.4547 acc:0.8292
INFO:__main__:
【Val】:  SENS: 0.8215  SPEC: 0.8336  PPV: 0.7376  NPV: 0.8914
INFO:__main__:验证的best_acc:0.8616
INFO:__main__:----------------------------------------------------------------------------------------------------
INFO:__main__:
【train】epoch:48/150 loss:0.1723 acc:0.9315
INFO:__main__:
【val】epoch:48/150 loss:0.6313 acc:0.8058
INFO:__main__:
【Val】:  SENS: 0.6062  SPEC: 0.9194  PPV: 0.8107  NPV: 0.8040
INFO:__main__:验证的best_acc:0.8616
INFO:__main__:----------------------------------------------------------------------------------------------------
INFO:__main__:
【train】epoch:0/150 loss:0.5837 acc:0.6924
INFO:__main__:
【val】epoch:0/150 loss:0.5119 acc:0.7266
INFO:__main__:
【Val】:  SENS: 0.4277  SPEC: 0.8967  PPV: 0.7020  NPV: 0.7335 F1:0.5315
INFO:__main__:验证的best_acc:0.7266
INFO:__main__:----------------------------------------------------------------------------------------------------
INFO:__main__:
【train】epoch:1/150 loss:0.5128 acc:0.7424
INFO:__main__:
【val】epoch:1/150 loss:0.4748 acc:0.7679
INFO:__main__:
【Val】:  SENS: 0.7938  SPEC: 0.7531  PPV: 0.6466  NPV: 0.8652 F1:0.7127
INFO:__main__:验证的best_acc:0.7679
INFO:__main__:----------------------------------------------------------------------------------------------------
INFO:__main__:
【train】epoch:2/150 loss:0.4749 acc:0.7686
INFO:__main__:
【val】epoch:2/150 loss:0.6773 acc:0.6205
INFO:__main__:
【Val】:  SENS: 0.9385  SPEC: 0.4396  PPV: 0.4880  NPV: 0.9262 F1:0.6421
INFO:__main__:验证的best_acc:0.7679
INFO:__main__:----------------------------------------------------------------------------------------------------
INFO:__main__:
【train】epoch:3/150 loss:0.4539 acc:0.7874
INFO:__main__:
【val】epoch:3/150 loss:0.4706 acc:0.7589
INFO:__main__:
【Val】:  SENS: 0.8554  SPEC: 0.7040  PPV: 0.6219  NPV: 0.8953 F1:0.7202
INFO:__main__:验证的best_acc:0.7679
INFO:__main__:----------------------------------------------------------------------------------------------------
INFO:__main__:
【train】epoch:4/150 loss:0.4400 acc:0.7914
INFO:__main__:
【val】epoch:4/150 loss:0.5686 acc:0.7009
INFO:__main__:
【Val】:  SENS: 0.9138  SPEC: 0.5797  PPV: 0.5531  NPV: 0.9220 F1:0.6891
INFO:__main__:验证的best_acc:0.7679
INFO:__main__:----------------------------------------------------------------------------------------------------
INFO:__main__:
【train】epoch:5/150 loss:0.4263 acc:0.7970
INFO:__main__:
【val】epoch:5/150 loss:0.3794 acc:0.8270
INFO:__main__:
【Val】:  SENS: 0.6738  SPEC: 0.9142  PPV: 0.8172  NPV: 0.8312 F1:0.7386
INFO:__main__:验证的best_acc:0.8270
INFO:__main__:----------------------------------------------------------------------------------------------------
INFO:__main__:
【train】epoch:6/150 loss:0.4155 acc:0.8062
INFO:__main__:
【val】epoch:6/150 loss:0.3870 acc:0.8214
INFO:__main__:
【Val】:  SENS: 0.7785  SPEC: 0.8459  PPV: 0.7419  NPV: 0.8703 F1:0.7598
INFO:__main__:验证的best_acc:0.8270
INFO:__main__:----------------------------------------------------------------------------------------------------
INFO:__main__:
【train】epoch:7/150 loss:0.4045 acc:0.8125
INFO:__main__:
【val】epoch:7/150 loss:0.4214 acc:0.7935
INFO:__main__:
【Val】:  SENS: 0.8554  SPEC: 0.7583  PPV: 0.6683  NPV: 0.9021 F1:0.7503
INFO:__main__:验证的best_acc:0.8270
INFO:__main__:----------------------------------------------------------------------------------------------------
INFO:__main__:
【train】epoch:8/150 loss:0.3990 acc:0.8189
INFO:__main__:
【val】epoch:8/150 loss:0.3958 acc:0.8013
INFO:__main__:
【Val】:  SENS: 0.7323  SPEC: 0.8406  PPV: 0.7234  NPV: 0.8466 F1:0.7278
INFO:__main__:验证的best_acc:0.8270
INFO:__main__:----------------------------------------------------------------------------------------------------
INFO:__main__:
【train】epoch:9/150 loss:0.3782 acc:0.8284
INFO:__main__:
【val】epoch:9/150 loss:0.3673 acc:0.8292
INFO:__main__:
【Val】:  SENS: 0.7200  SPEC: 0.8914  PPV: 0.7905  NPV: 0.8483 F1:0.7536
INFO:__main__:验证的best_acc:0.8292
INFO:__main__:----------------------------------------------------------------------------------------------------
INFO:__main__:
【train】epoch:10/150 loss:0.3692 acc:0.8337
INFO:__main__:
【val】epoch:10/150 loss:0.3665 acc:0.8214
INFO:__main__:
【Val】:  SENS: 0.7323  SPEC: 0.8722  PPV: 0.7653  NPV: 0.8513 F1:0.7484
INFO:__main__:验证的best_acc:0.8292
INFO:__main__:----------------------------------------------------------------------------------------------------
INFO:__main__:
【train】epoch:11/150 loss:0.3642 acc:0.8349
INFO:__main__:
【val】epoch:11/150 loss:0.3772 acc:0.8225
INFO:__main__:
【Val】:  SENS: 0.7446  SPEC: 0.8669  PPV: 0.7610  NPV: 0.8564 F1:0.7527
INFO:__main__:验证的best_acc:0.8292
INFO:__main__:----------------------------------------------------------------------------------------------------
INFO:__main__:
【train】epoch:12/150 loss:0.3563 acc:0.8386
INFO:__main__:
【val】epoch:12/150 loss:0.3722 acc:0.8225
INFO:__main__:
【Val】:  SENS: 0.7508  SPEC: 0.8634  PPV: 0.7578  NPV: 0.8589 F1:0.7543
INFO:__main__:验证的best_acc:0.8292
INFO:__main__:----------------------------------------------------------------------------------------------------
INFO:__main__:
【train】epoch:13/150 loss:0.3533 acc:0.8370
INFO:__main__:
【val】epoch:13/150 loss:0.3497 acc:0.8449
INFO:__main__:
【Val】:  SENS: 0.7692  SPEC: 0.8879  PPV: 0.7962  NPV: 0.8711 F1:0.7825
INFO:__main__:验证的best_acc:0.8449
INFO:__main__:----------------------------------------------------------------------------------------------------
INFO:__main__:
【train】epoch:14/150 loss:0.3476 acc:0.8412
INFO:__main__:
【val】epoch:14/150 loss:0.3590 acc:0.8259
INFO:__main__:
【Val】:  SENS: 0.7785  SPEC: 0.8529  PPV: 0.7507  NPV: 0.8712 F1:0.7644
INFO:__main__:验证的best_acc:0.8449
INFO:__main__:----------------------------------------------------------------------------------------------------
INFO:__main__:
【train】epoch:15/150 loss:0.3442 acc:0.8461
INFO:__main__:
【val】epoch:15/150 loss:0.3794 acc:0.8170
INFO:__main__:
【Val】:  SENS: 0.8338  SPEC: 0.8074  PPV: 0.7113  NPV: 0.8951 F1:0.7677
INFO:__main__:验证的best_acc:0.8449
INFO:__main__:----------------------------------------------------------------------------------------------------
INFO:__main__:
【train】epoch:16/150 loss:0.3379 acc:0.8469
INFO:__main__:
【val】epoch:16/150 loss:0.3747 acc:0.8147
INFO:__main__:
【Val】:  SENS: 0.6369  SPEC: 0.9159  PPV: 0.8118  NPV: 0.8159 F1:0.7138
INFO:__main__:验证的best_acc:0.8449
INFO:__main__:----------------------------------------------------------------------------------------------------
INFO:__main__:
【train】epoch:17/150 loss:0.3271 acc:0.8508
INFO:__main__:
【val】epoch:17/150 loss:0.3765 acc:0.8136
INFO:__main__:
【Val】:  SENS: 0.7415  SPEC: 0.8546  PPV: 0.7438  NPV: 0.8531 F1:0.7427
INFO:__main__:验证的best_acc:0.8449
INFO:__main__:----------------------------------------------------------------------------------------------------
INFO:__main__:
【train】epoch:18/150 loss:0.3261 acc:0.8539
INFO:__main__:
【val】epoch:18/150 loss:0.3546 acc:0.8438
INFO:__main__:
【Val】:  SENS: 0.6800  SPEC: 0.9370  PPV: 0.8599  NPV: 0.8372 F1:0.7595
INFO:__main__:验证的best_acc:0.8449
INFO:__main__:----------------------------------------------------------------------------------------------------
INFO:__main__:
【train】epoch:19/150 loss:0.3064 acc:0.8640
INFO:__main__:
【val】epoch:19/150 loss:0.4078 acc:0.8292
INFO:__main__:
【Val】:  SENS: 0.6062  SPEC: 0.9562  PPV: 0.8874  NPV: 0.8101 F1:0.7203
INFO:__main__:验证的best_acc:0.8449
INFO:__main__:----------------------------------------------------------------------------------------------------
INFO:__main__:
【train】epoch:20/150 loss:0.3079 acc:0.8636
INFO:__main__:
【val】epoch:20/150 loss:0.3912 acc:0.8214
INFO:__main__:
【Val】:  SENS: 0.8123  SPEC: 0.8266  PPV: 0.7273  NPV: 0.8856 F1:0.7674
INFO:__main__:验证的best_acc:0.8449
INFO:__main__:----------------------------------------------------------------------------------------------------
INFO:__main__:
【train】epoch:21/150 loss:0.3004 acc:0.8652
INFO:__main__:
【val】epoch:21/150 loss:0.4992 acc:0.8080
INFO:__main__:
【Val】:  SENS: 0.5231  SPEC: 0.9702  PPV: 0.9091  NPV: 0.7814 F1:0.6641
INFO:__main__:验证的best_acc:0.8449
INFO:__main__:----------------------------------------------------------------------------------------------------
INFO:__main__:
【train】epoch:22/150 loss:0.2960 acc:0.8668
INFO:__main__:
【val】epoch:22/150 loss:0.3911 acc:0.8337
INFO:__main__:
【Val】:  SENS: 0.6677  SPEC: 0.9282  PPV: 0.8411  NPV: 0.8307 F1:0.7444
INFO:__main__:验证的best_acc:0.8449
INFO:__main__:----------------------------------------------------------------------------------------------------
INFO:__main__:
【train】epoch:23/150 loss:0.2902 acc:0.8709
INFO:__main__:
【val】epoch:23/150 loss:0.4044 acc:0.8337
INFO:__main__:
【Val】:  SENS: 0.6585  SPEC: 0.9335  PPV: 0.8492  NPV: 0.8276 F1:0.7418
INFO:__main__:验证的best_acc:0.8449
INFO:__main__:----------------------------------------------------------------------------------------------------
INFO:__main__:
【train】epoch:24/150 loss:0.2873 acc:0.8698
INFO:__main__:
【val】epoch:24/150 loss:0.3728 acc:0.8270
INFO:__main__:
【Val】:  SENS: 0.7692  SPEC: 0.8599  PPV: 0.7576  NPV: 0.8675 F1:0.7634
INFO:__main__:验证的best_acc:0.8449
INFO:__main__:----------------------------------------------------------------------------------------------------
INFO:__main__:
【train】epoch:25/150 loss:0.2827 acc:0.8755
INFO:__main__:
【val】epoch:25/150 loss:0.4812 acc:0.8114
INFO:__main__:
【Val】:  SENS: 0.5631  SPEC: 0.9527  PPV: 0.8714  NPV: 0.7930 F1:0.6841
INFO:__main__:验证的best_acc:0.8449
INFO:__main__:----------------------------------------------------------------------------------------------------
INFO:__main__:
【train】epoch:26/150 loss:0.2760 acc:0.8751
INFO:__main__:
【val】epoch:26/150 loss:0.4040 acc:0.8192
INFO:__main__:
【Val】:  SENS: 0.6954  SPEC: 0.8897  PPV: 0.7820  NPV: 0.8369 F1:0.7362
INFO:__main__:验证的best_acc:0.8449
INFO:__main__:----------------------------------------------------------------------------------------------------
INFO:__main__:
【train】epoch:27/150 loss:0.2705 acc:0.8806
INFO:__main__:
【val】epoch:27/150 loss:0.4971 acc:0.8047
INFO:__main__:
【Val】:  SENS: 0.5662  SPEC: 0.9405  PPV: 0.8440  NPV: 0.7920 F1:0.6777
INFO:__main__:验证的best_acc:0.8449
INFO:__main__:----------------------------------------------------------------------------------------------------
INFO:__main__:
【train】epoch:28/150 loss:0.2657 acc:0.8819
INFO:__main__:
【val】epoch:28/150 loss:0.5491 acc:0.7991
INFO:__main__:
【Val】:  SENS: 0.5200  SPEC: 0.9580  PPV: 0.8756  NPV: 0.7781 F1:0.6525
INFO:__main__:验证的best_acc:0.8449
INFO:__main__:----------------------------------------------------------------------------------------------------
INFO:__main__:
【train】epoch:29/150 loss:0.2505 acc:0.8856
INFO:__main__:
【val】epoch:29/150 loss:0.5710 acc:0.7812
INFO:__main__:
【Val】:  SENS: 0.4708  SPEC: 0.9580  PPV: 0.8644  NPV: 0.7608 F1:0.6096
INFO:__main__:验证的best_acc:0.8449
INFO:__main__:----------------------------------------------------------------------------------------------------
INFO:__main__:
【train】epoch:30/150 loss:0.2370 acc:0.8943
INFO:__main__:
【val】epoch:30/150 loss:0.4454 acc:0.8382
INFO:__main__:
【Val】:  SENS: 0.6738  SPEC: 0.9317  PPV: 0.8488  NPV: 0.8339 F1:0.7513
INFO:__main__:验证的best_acc:0.8449
INFO:__main__:----------------------------------------------------------------------------------------------------
INFO:__main__:
【train】epoch:31/150 loss:0.2452 acc:0.8943
INFO:__main__:
【val】epoch:31/150 loss:0.4290 acc:0.8382
INFO:__main__:
【Val】:  SENS: 0.6369  SPEC: 0.9527  PPV: 0.8846  NPV: 0.8218 F1:0.7406
INFO:__main__:验证的best_acc:0.8449
INFO:__main__:----------------------------------------------------------------------------------------------------
INFO:__main__:
【train】epoch:32/150 loss:0.2378 acc:0.8978
INFO:__main__:
【val】epoch:32/150 loss:0.4112 acc:0.8248
INFO:__main__:
【Val】:  SENS: 0.7846  SPEC: 0.8476  PPV: 0.7456  NPV: 0.8736 F1:0.7646
INFO:__main__:验证的best_acc:0.8449
INFO:__main__:----------------------------------------------------------------------------------------------------
INFO:__main__:
【train】epoch:33/150 loss:0.2338 acc:0.9018
INFO:__main__:
【val】epoch:33/150 loss:0.4896 acc:0.8002
INFO:__main__:
【Val】:  SENS: 0.8738  SPEC: 0.7583  PPV: 0.6730  NPV: 0.9135 F1:0.7604
INFO:__main__:验证的best_acc:0.8449
INFO:__main__:----------------------------------------------------------------------------------------------------
INFO:__main__:
【train】epoch:34/150 loss:0.2344 acc:0.9038
INFO:__main__:
【val】epoch:34/150 loss:0.4431 acc:0.8248
INFO:__main__:
【Val】:  SENS: 0.7477  SPEC: 0.8687  PPV: 0.7642  NPV: 0.8581 F1:0.7558
INFO:__main__:验证的best_acc:0.8449
INFO:__main__:----------------------------------------------------------------------------------------------------
INFO:__main__:
【train】epoch:35/150 loss:0.2236 acc:0.9098
INFO:__main__:
【val】epoch:35/150 loss:0.4205 acc:0.8337
INFO:__main__:
【Val】:  SENS: 0.8338  SPEC: 0.8336  PPV: 0.7404  NPV: 0.8981 F1:0.7844
INFO:__main__:验证的best_acc:0.8449
INFO:__main__:----------------------------------------------------------------------------------------------------
INFO:__main__:
【train】epoch:36/150 loss:0.2318 acc:0.9026
INFO:__main__:
【val】epoch:36/150 loss:0.4128 acc:0.8337
INFO:__main__:
【Val】:  SENS: 0.8431  SPEC: 0.8284  PPV: 0.7366  NPV: 0.9027 F1:0.7862
INFO:__main__:验证的best_acc:0.8449
INFO:__main__:----------------------------------------------------------------------------------------------------
INFO:__main__:
【train】epoch:37/150 loss:0.2266 acc:0.9041
INFO:__main__:
【val】epoch:37/150 loss:0.4006 acc:0.8214
INFO:__main__:
【Val】:  SENS: 0.7846  SPEC: 0.8424  PPV: 0.7391  NPV: 0.8730 F1:0.7612
INFO:__main__:验证的best_acc:0.8449
INFO:__main__:----------------------------------------------------------------------------------------------------
INFO:__main__:
【train】epoch:38/150 loss:0.2195 acc:0.9071
INFO:__main__:
【val】epoch:38/150 loss:0.3646 acc:0.8438
INFO:__main__:
【Val】:  SENS: 0.8277  SPEC: 0.8529  PPV: 0.7620  NPV: 0.8969 F1:0.7935
INFO:__main__:验证的best_acc:0.8449
INFO:__main__:----------------------------------------------------------------------------------------------------
INFO:__main__:
【train】epoch:39/150 loss:0.1941 acc:0.9174
INFO:__main__:
【val】epoch:39/150 loss:0.5488 acc:0.7824
INFO:__main__:
【Val】:  SENS: 0.8646  SPEC: 0.7356  PPV: 0.6505  NPV: 0.9052 F1:0.7424
INFO:__main__:验证的best_acc:0.8449
INFO:__main__:----------------------------------------------------------------------------------------------------
INFO:__main__:
【train】epoch:40/150 loss:0.1964 acc:0.9167
INFO:__main__:
【val】epoch:40/150 loss:0.6920 acc:0.7433
INFO:__main__:
【Val】:  SENS: 0.8862  SPEC: 0.6620  PPV: 0.5988  NPV: 0.9108 F1:0.7146
INFO:__main__:验证的best_acc:0.8449
INFO:__main__:----------------------------------------------------------------------------------------------------
INFO:__main__:
【train】epoch:41/150 loss:0.1909 acc:0.9221
INFO:__main__:
【val】epoch:41/150 loss:0.4316 acc:0.8337
INFO:__main__:
【Val】:  SENS: 0.8308  SPEC: 0.8354  PPV: 0.7418  NPV: 0.8966 F1:0.7837
INFO:__main__:验证的best_acc:0.8449
INFO:__main__:----------------------------------------------------------------------------------------------------
INFO:__main__:
【train】epoch:42/150 loss:0.1895 acc:0.9253
INFO:__main__:
【val】epoch:42/150 loss:0.4213 acc:0.8460
INFO:__main__:
【Val】:  SENS: 0.7231  SPEC: 0.9159  PPV: 0.8304  NPV: 0.8532 F1:0.7730
INFO:__main__:验证的best_acc:0.8460
INFO:__main__:----------------------------------------------------------------------------------------------------
INFO:__main__:
【train】epoch:43/150 loss:0.1870 acc:0.9249
INFO:__main__:
【val】epoch:43/150 loss:0.5765 acc:0.8125
INFO:__main__:
【Val】:  SENS: 0.5538  SPEC: 0.9597  PPV: 0.8867  NPV: 0.7908 F1:0.6818
INFO:__main__:验证的best_acc:0.8460
INFO:__main__:----------------------------------------------------------------------------------------------------
INFO:__main__:
【train】epoch:44/150 loss:0.1932 acc:0.9207
INFO:__main__:
【val】epoch:44/150 loss:0.4313 acc:0.8270
INFO:__main__:
【Val】:  SENS: 0.7600  SPEC: 0.8651  PPV: 0.7623  NPV: 0.8636 F1:0.7612
INFO:__main__:验证的best_acc:0.8460
INFO:__main__:----------------------------------------------------------------------------------------------------
INFO:__main__:
【train】epoch:45/150 loss:0.1711 acc:0.9285
INFO:__main__:
【val】epoch:45/150 loss:0.5079 acc:0.8136
INFO:__main__:
【Val】:  SENS: 0.7938  SPEC: 0.8249  PPV: 0.7207  NPV: 0.8755 F1:0.7555
INFO:__main__:验证的best_acc:0.8460
INFO:__main__:----------------------------------------------------------------------------------------------------
INFO:__main__:
【train】epoch:46/150 loss:0.1763 acc:0.9284
INFO:__main__:
【val】epoch:46/150 loss:0.4324 acc:0.8304
INFO:__main__:
【Val】:  SENS: 0.7262  SPEC: 0.8897  PPV: 0.7893  NPV: 0.8509 F1:0.7564
INFO:__main__:验证的best_acc:0.8460
INFO:__main__:----------------------------------------------------------------------------------------------------
INFO:__main__:
【train】epoch:47/150 loss:0.1705 acc:0.9298
INFO:__main__:
【val】epoch:47/150 loss:0.4680 acc:0.8337
INFO:__main__:
【Val】:  SENS: 0.7908  SPEC: 0.8581  PPV: 0.7604  NPV: 0.8781 F1:0.7753
INFO:__main__:验证的best_acc:0.8460
INFO:__main__:----------------------------------------------------------------------------------------------------
INFO:__main__:
【train】epoch:48/150 loss:0.1676 acc:0.9345
INFO:__main__:
【val】epoch:48/150 loss:0.6433 acc:0.7723
INFO:__main__:
【Val】:  SENS: 0.8769  SPEC: 0.7128  PPV: 0.6347  NPV: 0.9105 F1:0.7364
INFO:__main__:验证的best_acc:0.8460
INFO:__main__:----------------------------------------------------------------------------------------------------
INFO:__main__:
【train】epoch:49/150 loss:0.1577 acc:0.9379
INFO:__main__:
【val】epoch:49/150 loss:0.4641 acc:0.8616
INFO:__main__:
【Val】:  SENS: 0.7138  SPEC: 0.9457  PPV: 0.8821  NPV: 0.8531 F1:0.7891
INFO:__main__:验证的best_acc:0.8616
INFO:__main__:----------------------------------------------------------------------------------------------------
INFO:__main__:
【train】epoch:50/150 loss:0.1584 acc:0.9371
INFO:__main__:
【val】epoch:50/150 loss:0.4822 acc:0.8304
INFO:__main__:
【Val】:  SENS: 0.7754  SPEC: 0.8616  PPV: 0.7613  NPV: 0.8708 F1:0.7683
INFO:__main__:验证的best_acc:0.8616
INFO:__main__:----------------------------------------------------------------------------------------------------
INFO:__main__:
【train】epoch:51/150 loss:0.1577 acc:0.9360
INFO:__main__:
【val】epoch:51/150 loss:0.4438 acc:0.8516
INFO:__main__:
【Val】:  SENS: 0.7385  SPEC: 0.9159  PPV: 0.8333  NPV: 0.8602 F1:0.7830
INFO:__main__:验证的best_acc:0.8616
INFO:__main__:----------------------------------------------------------------------------------------------------
INFO:__main__:
【train】epoch:52/150 loss:0.1517 acc:0.9379
INFO:__main__:
【val】epoch:52/150 loss:0.4785 acc:0.8571
INFO:__main__:
【Val】:  SENS: 0.7538  SPEC: 0.9159  PPV: 0.8362  NPV: 0.8673 F1:0.7929
INFO:__main__:验证的best_acc:0.8616
INFO:__main__:----------------------------------------------------------------------------------------------------
INFO:__main__:
【train】epoch:53/150 loss:0.1437 acc:0.9442
INFO:__main__:
【val】epoch:53/150 loss:0.4823 acc:0.8326
INFO:__main__:
【Val】:  SENS: 0.6862  SPEC: 0.9159  PPV: 0.8229  NPV: 0.8368 F1:0.7483
INFO:__main__:验证的best_acc:0.8616
INFO:__main__:----------------------------------------------------------------------------------------------------
INFO:__main__:
【train】epoch:54/150 loss:0.1434 acc:0.9435
INFO:__main__:
【val】epoch:54/150 loss:0.4987 acc:0.8527
INFO:__main__:
【Val】:  SENS: 0.7477  SPEC: 0.9124  PPV: 0.8294  NPV: 0.8640 F1:0.7864
INFO:__main__:验证的best_acc:0.8616
INFO:__main__:----------------------------------------------------------------------------------------------------
INFO:__main__:
【train】epoch:55/150 loss:0.1370 acc:0.9439
INFO:__main__:
【val】epoch:55/150 loss:0.4421 acc:0.8683
INFO:__main__:
【Val】:  SENS: 0.8031  SPEC: 0.9054  PPV: 0.8286  NPV: 0.8898 F1:0.8156
INFO:__main__:验证的best_acc:0.8683
INFO:__main__:----------------------------------------------------------------------------------------------------
INFO:__main__:
【train】epoch:56/150 loss:0.1405 acc:0.9462
INFO:__main__:
【val】epoch:56/150 loss:0.4330 acc:0.8650
INFO:__main__:
【Val】:  SENS: 0.7569  SPEC: 0.9264  PPV: 0.8542  NPV: 0.8701 F1:0.8026
INFO:__main__:验证的best_acc:0.8683
INFO:__main__:----------------------------------------------------------------------------------------------------
INFO:__main__:
【train】epoch:57/150 loss:0.1336 acc:0.9490
INFO:__main__:
【val】epoch:57/150 loss:0.4380 acc:0.8438
INFO:__main__:
【Val】:  SENS: 0.8062  SPEC: 0.8651  PPV: 0.7729  NPV: 0.8869 F1:0.7892
INFO:__main__:验证的best_acc:0.8683
INFO:__main__:----------------------------------------------------------------------------------------------------
INFO:__main__:
【train】epoch:58/150 loss:0.1417 acc:0.9458
INFO:__main__:
【val】epoch:58/150 loss:0.4768 acc:0.8527
INFO:__main__:
【Val】:  SENS: 0.7692  SPEC: 0.9002  PPV: 0.8143  NPV: 0.8727 F1:0.7911
INFO:__main__:验证的best_acc:0.8683
INFO:__main__:----------------------------------------------------------------------------------------------------
INFO:__main__:
【train】epoch:59/150 loss:0.1321 acc:0.9469
INFO:__main__:
【val】epoch:59/150 loss:0.5427 acc:0.8237
INFO:__main__:
【Val】:  SENS: 0.7292  SPEC: 0.8774  PPV: 0.7720  NPV: 0.8506 F1:0.7500
INFO:__main__:验证的best_acc:0.8683
INFO:__main__:----------------------------------------------------------------------------------------------------
INFO:__main__:
【train】epoch:60/150 loss:0.1174 acc:0.9527
INFO:__main__:
【val】epoch:60/150 loss:0.4745 acc:0.8460
INFO:__main__:
【Val】:  SENS: 0.7600  SPEC: 0.8949  PPV: 0.8046  NPV: 0.8676 F1:0.7816
INFO:__main__:验证的best_acc:0.8683
INFO:__main__:----------------------------------------------------------------------------------------------------
INFO:__main__:
【train】epoch:61/150 loss:0.1219 acc:0.9515
INFO:__main__:
【val】epoch:61/150 loss:0.4944 acc:0.8449
INFO:__main__:
【Val】:  SENS: 0.7785  SPEC: 0.8827  PPV: 0.7906  NPV: 0.8750 F1:0.7845
INFO:__main__:验证的best_acc:0.8683
INFO:__main__:----------------------------------------------------------------------------------------------------
INFO:__main__:
【train】epoch:62/150 loss:0.1188 acc:0.9549
INFO:__main__:
【val】epoch:62/150 loss:0.4489 acc:0.8750
INFO:__main__:
【Val】:  SENS: 0.7877  SPEC: 0.9247  PPV: 0.8562  NPV: 0.8844 F1:0.8205
INFO:__main__:验证的best_acc:0.8750
INFO:__main__:----------------------------------------------------------------------------------------------------
INFO:__main__:
【train】epoch:63/150 loss:0.1034 acc:0.9615
INFO:__main__:
【val】epoch:63/150 loss:0.8742 acc:0.7734
INFO:__main__:
【Val】:  SENS: 0.8954  SPEC: 0.7040  PPV: 0.6326  NPV: 0.9220 F1:0.7414
INFO:__main__:验证的best_acc:0.8750
INFO:__main__:----------------------------------------------------------------------------------------------------
INFO:__main__:
【train】epoch:64/150 loss:0.1172 acc:0.9552
INFO:__main__:
【val】epoch:64/150 loss:0.4843 acc:0.8449
INFO:__main__:
【Val】:  SENS: 0.8031  SPEC: 0.8687  PPV: 0.7768  NPV: 0.8857 F1:0.7897
INFO:__main__:验证的best_acc:0.8750
INFO:__main__:----------------------------------------------------------------------------------------------------
INFO:__main__:
【train】epoch:65/150 loss:0.1145 acc:0.9572
INFO:__main__:
【val】epoch:65/150 loss:0.6483 acc:0.8147
INFO:__main__:
【Val】:  SENS: 0.8677  SPEC: 0.7846  PPV: 0.6963  NPV: 0.9124 F1:0.7726
INFO:__main__:验证的best_acc:0.8750
INFO:__main__:----------------------------------------------------------------------------------------------------
INFO:__main__:
【train】epoch:66/150 loss:0.1064 acc:0.9582
INFO:__main__:
【val】epoch:66/150 loss:0.5223 acc:0.8583
INFO:__main__:
【Val】:  SENS: 0.7785  SPEC: 0.9037  PPV: 0.8214  NPV: 0.8776 F1:0.7994
INFO:__main__:验证的best_acc:0.8750
INFO:__main__:----------------------------------------------------------------------------------------------------
INFO:__main__:
【train】epoch:67/150 loss:0.1078 acc:0.9564
INFO:__main__:
【val】epoch:67/150 loss:0.5222 acc:0.8583
INFO:__main__:
【Val】:  SENS: 0.7169  SPEC: 0.9387  PPV: 0.8694  NPV: 0.8535 F1:0.7858
INFO:__main__:验证的best_acc:0.8750
INFO:__main__:----------------------------------------------------------------------------------------------------
INFO:__main__:
【train】epoch:68/150 loss:0.1098 acc:0.9592
INFO:__main__:
【val】epoch:68/150 loss:0.5268 acc:0.8516
INFO:__main__:
【Val】:  SENS: 0.7077  SPEC: 0.9335  PPV: 0.8582  NPV: 0.8487 F1:0.7757
INFO:__main__:验证的best_acc:0.8750
INFO:__main__:----------------------------------------------------------------------------------------------------
INFO:__main__:
【train】epoch:69/150 loss:0.0941 acc:0.9644
INFO:__main__:
【val】epoch:69/150 loss:0.5491 acc:0.8415
INFO:__main__:
【Val】:  SENS: 0.8062  SPEC: 0.8616  PPV: 0.7683  NPV: 0.8865 F1:0.7868
INFO:__main__:验证的best_acc:0.8750
INFO:__main__:----------------------------------------------------------------------------------------------------
INFO:__main__:
【train】epoch:70/150 loss:0.0921 acc:0.9655
INFO:__main__:
【val】epoch:70/150 loss:0.5289 acc:0.8426
INFO:__main__:
【Val】:  SENS: 0.7631  SPEC: 0.8879  PPV: 0.7949  NPV: 0.8682 F1:0.7786
INFO:__main__:验证的best_acc:0.8750
INFO:__main__:----------------------------------------------------------------------------------------------------
INFO:__main__:
【train】epoch:71/150 loss:0.0948 acc:0.9664
INFO:__main__:
【val】epoch:71/150 loss:0.8148 acc:0.7891
INFO:__main__:
【Val】:  SENS: 0.8862  SPEC: 0.7338  PPV: 0.6545  NPV: 0.9189 F1:0.7529
INFO:__main__:验证的best_acc:0.8750
INFO:__main__:----------------------------------------------------------------------------------------------------
INFO:__main__:
【train】epoch:72/150 loss:0.0953 acc:0.9632
INFO:__main__:
【val】epoch:72/150 loss:0.5726 acc:0.8549
INFO:__main__:
【Val】:  SENS: 0.7415  SPEC: 0.9194  PPV: 0.8397  NPV: 0.8621 F1:0.7876
INFO:__main__:验证的best_acc:0.8750
INFO:__main__:----------------------------------------------------------------------------------------------------
INFO:__main__:
【train】epoch:73/150 loss:0.0920 acc:0.9664
INFO:__main__:
【val】epoch:73/150 loss:0.5496 acc:0.8504
INFO:__main__:
【Val】:  SENS: 0.8308  SPEC: 0.8616  PPV: 0.7736  NPV: 0.8995 F1:0.8012
INFO:__main__:验证的best_acc:0.8750
INFO:__main__:----------------------------------------------------------------------------------------------------
INFO:__main__:
【train】epoch:74/150 loss:0.0941 acc:0.9639
INFO:__main__:
【val】epoch:74/150 loss:0.5596 acc:0.8482
INFO:__main__:
【Val】:  SENS: 0.8185  SPEC: 0.8651  PPV: 0.7755  NPV: 0.8933 F1:0.7964
INFO:__main__:验证的best_acc:0.8750
INFO:__main__:----------------------------------------------------------------------------------------------------
INFO:__main__:
【train】epoch:75/150 loss:0.0916 acc:0.9649
INFO:__main__:
【val】epoch:75/150 loss:0.7120 acc:0.8036
INFO:__main__:
【Val】:  SENS: 0.8523  SPEC: 0.7758  PPV: 0.6840  NPV: 0.9022 F1:0.7589
INFO:__main__:验证的best_acc:0.8750
INFO:__main__:----------------------------------------------------------------------------------------------------
INFO:__main__:
【train】epoch:76/150 loss:0.0880 acc:0.9664
INFO:__main__:
【val】epoch:76/150 loss:0.8568 acc:0.7935
INFO:__main__:
【Val】:  SENS: 0.8615  SPEC: 0.7548  PPV: 0.6667  NPV: 0.9055 F1:0.7517
INFO:__main__:验证的best_acc:0.8750
INFO:__main__:----------------------------------------------------------------------------------------------------
INFO:__main__:
【train】epoch:77/150 loss:0.0872 acc:0.9670
INFO:__main__:
【val】epoch:77/150 loss:0.6299 acc:0.8438
INFO:__main__:
【Val】:  SENS: 0.6615  SPEC: 0.9475  PPV: 0.8776  NPV: 0.8310 F1:0.7544
INFO:__main__:验证的best_acc:0.8750
INFO:__main__:----------------------------------------------------------------------------------------------------
INFO:__main__:
【train】epoch:78/150 loss:0.0884 acc:0.9655
INFO:__main__:
【val】epoch:78/150 loss:0.6701 acc:0.8047
INFO:__main__:
【Val】:  SENS: 0.7723  SPEC: 0.8231  PPV: 0.7131  NPV: 0.8640 F1:0.7415
INFO:__main__:验证的best_acc:0.8750
INFO:__main__:----------------------------------------------------------------------------------------------------
INFO:__main__:
【train】epoch:79/150 loss:0.0764 acc:0.9731
INFO:__main__:
【val】epoch:79/150 loss:0.5289 acc:0.8538
INFO:__main__:
【Val】:  SENS: 0.7662  SPEC: 0.9037  PPV: 0.8191  NPV: 0.8716 F1:0.7917
INFO:__main__:验证的best_acc:0.8750
INFO:__main__:----------------------------------------------------------------------------------------------------
INFO:__main__:
【train】epoch:80/150 loss:0.0797 acc:0.9711
INFO:__main__:
【val】epoch:80/150 loss:0.5892 acc:0.8504
INFO:__main__:
【Val】:  SENS: 0.7754  SPEC: 0.8932  PPV: 0.8051  NPV: 0.8748 F1:0.7900
INFO:__main__:验证的best_acc:0.8750
INFO:__main__:----------------------------------------------------------------------------------------------------
INFO:__main__:
【train】epoch:81/150 loss:0.0750 acc:0.9732
INFO:__main__:
【val】epoch:81/150 loss:0.5139 acc:0.8583
INFO:__main__:
【Val】:  SENS: 0.8185  SPEC: 0.8809  PPV: 0.7964  NPV: 0.8950 F1:0.8073
INFO:__main__:验证的best_acc:0.8750
INFO:__main__:----------------------------------------------------------------------------------------------------
INFO:__main__:
【train】epoch:82/150 loss:0.0725 acc:0.9724
INFO:__main__:
【val】epoch:82/150 loss:0.5045 acc:0.8717
INFO:__main__:
【Val】:  SENS: 0.7785  SPEC: 0.9247  PPV: 0.8547  NPV: 0.8800 F1:0.8148
INFO:__main__:验证的best_acc:0.8750
INFO:__main__:----------------------------------------------------------------------------------------------------
INFO:__main__:
【train】epoch:83/150 loss:0.0738 acc:0.9734
INFO:__main__:
【val】epoch:83/150 loss:0.5578 acc:0.8571
INFO:__main__:
【Val】:  SENS: 0.8185  SPEC: 0.8792  PPV: 0.7940  NPV: 0.8948 F1:0.8061
INFO:__main__:验证的best_acc:0.8750
INFO:__main__:----------------------------------------------------------------------------------------------------
INFO:__main__:
【train】epoch:84/150 loss:0.0695 acc:0.9755
INFO:__main__:
【val】epoch:84/150 loss:0.5724 acc:0.8538
INFO:__main__:
【Val】:  SENS: 0.8369  SPEC: 0.8634  PPV: 0.7771  NPV: 0.9029 F1:0.8059
INFO:__main__:验证的best_acc:0.8750
INFO:__main__:----------------------------------------------------------------------------------------------------
INFO:__main__:
【train】epoch:85/150 loss:0.0736 acc:0.9721
INFO:__main__:
【val】epoch:85/150 loss:0.6012 acc:0.8371
INFO:__main__:
【Val】:  SENS: 0.6923  SPEC: 0.9194  PPV: 0.8303  NPV: 0.8400 F1:0.7550
INFO:__main__:验证的best_acc:0.8750
INFO:__main__:----------------------------------------------------------------------------------------------------
INFO:__main__:
【train】epoch:86/150 loss:0.0662 acc:0.9758
INFO:__main__:
【val】epoch:86/150 loss:0.5582 acc:0.8516
INFO:__main__:
【Val】:  SENS: 0.7231  SPEC: 0.9247  PPV: 0.8453  NPV: 0.8544 F1:0.7794
INFO:__main__:验证的best_acc:0.8750
INFO:__main__:----------------------------------------------------------------------------------------------------
INFO:__main__:
【train】epoch:87/150 loss:0.0653 acc:0.9743
INFO:__main__:
【val】epoch:87/150 loss:0.5968 acc:0.8493
INFO:__main__:
【Val】:  SENS: 0.7385  SPEC: 0.9124  PPV: 0.8276  NPV: 0.8597 F1:0.7805
INFO:__main__:验证的best_acc:0.8750
INFO:__main__:----------------------------------------------------------------------------------------------------
INFO:__main__:
【train】epoch:88/150 loss:0.0685 acc:0.9750
INFO:__main__:
【val】epoch:88/150 loss:0.5442 acc:0.8571
INFO:__main__:
【Val】:  SENS: 0.8031  SPEC: 0.8879  PPV: 0.8031  NPV: 0.8879 F1:0.8031
INFO:__main__:验证的best_acc:0.8750
INFO:__main__:----------------------------------------------------------------------------------------------------
INFO:__main__:
【train】epoch:89/150 loss:0.0578 acc:0.9783
INFO:__main__:
【val】epoch:89/150 loss:0.6827 acc:0.8415
INFO:__main__:
【Val】:  SENS: 0.7631  SPEC: 0.8862  PPV: 0.7923  NPV: 0.8679 F1:0.7774
INFO:__main__:验证的best_acc:0.8750
INFO:__main__:----------------------------------------------------------------------------------------------------
INFO:__main__:
【train】epoch:90/150 loss:0.0611 acc:0.9789
INFO:__main__:
【val】epoch:90/150 loss:0.5875 acc:0.8650
INFO:__main__:
【Val】:  SENS: 0.8031  SPEC: 0.9002  PPV: 0.8208  NPV: 0.8893 F1:0.8118
INFO:__main__:验证的best_acc:0.8750
INFO:__main__:----------------------------------------------------------------------------------------------------
INFO:__main__:
【train】epoch:91/150 loss:0.0498 acc:0.9819
INFO:__main__:
【val】epoch:91/150 loss:0.5861 acc:0.8616
INFO:__main__:
【Val】:  SENS: 0.7415  SPEC: 0.9299  PPV: 0.8577  NPV: 0.8634 F1:0.7954
INFO:__main__:验证的best_acc:0.8750
INFO:__main__:----------------------------------------------------------------------------------------------------
INFO:__main__:
【train】epoch:92/150 loss:0.0590 acc:0.9772
INFO:__main__:
【val】epoch:92/150 loss:0.5856 acc:0.8650
INFO:__main__:
【Val】:  SENS: 0.7600  SPEC: 0.9247  PPV: 0.8517  NPV: 0.8713 F1:0.8033
INFO:__main__:验证的best_acc:0.8750
INFO:__main__:----------------------------------------------------------------------------------------------------
INFO:__main__:
【train】epoch:93/150 loss:0.0580 acc:0.9798
INFO:__main__:
【val】epoch:93/150 loss:0.5653 acc:0.8516
INFO:__main__:
【Val】:  SENS: 0.7846  SPEC: 0.8897  PPV: 0.8019  NPV: 0.8789 F1:0.7932
INFO:__main__:验证的best_acc:0.8750
INFO:__main__:----------------------------------------------------------------------------------------------------
INFO:__main__:
【train】epoch:94/150 loss:0.0592 acc:0.9784
INFO:__main__:
【val】epoch:94/150 loss:0.5975 acc:0.8516
INFO:__main__:
【Val】:  SENS: 0.7292  SPEC: 0.9212  PPV: 0.8404  NPV: 0.8567 F1:0.7809
INFO:__main__:验证的best_acc:0.8750
INFO:__main__:----------------------------------------------------------------------------------------------------
INFO:__main__:
【train】epoch:95/150 loss:0.0532 acc:0.9810
INFO:__main__:
【val】epoch:95/150 loss:0.5545 acc:0.8583
INFO:__main__:
【Val】:  SENS: 0.7754  SPEC: 0.9054  PPV: 0.8235  NPV: 0.8763 F1:0.7987
INFO:__main__:验证的best_acc:0.8750
INFO:__main__:----------------------------------------------------------------------------------------------------
INFO:__main__:
【train】epoch:96/150 loss:0.0570 acc:0.9803
INFO:__main__:
【val】epoch:96/150 loss:0.6801 acc:0.8594
INFO:__main__:
【Val】:  SENS: 0.7723  SPEC: 0.9089  PPV: 0.8284  NPV: 0.8752 F1:0.7994
INFO:__main__:验证的best_acc:0.8750
INFO:__main__:----------------------------------------------------------------------------------------------------
INFO:__main__:
【train】epoch:97/150 loss:0.0576 acc:0.9781
INFO:__main__:
【val】epoch:97/150 loss:0.5822 acc:0.8638
INFO:__main__:
【Val】:  SENS: 0.7631  SPEC: 0.9212  PPV: 0.8464  NPV: 0.8723 F1:0.8026
INFO:__main__:验证的best_acc:0.8750
INFO:__main__:----------------------------------------------------------------------------------------------------
INFO:__main__:
【train】epoch:98/150 loss:0.0534 acc:0.9793
INFO:__main__:
【val】epoch:98/150 loss:0.6161 acc:0.8538
INFO:__main__:
【Val】:  SENS: 0.7815  SPEC: 0.8949  PPV: 0.8089  NPV: 0.8780 F1:0.7950
INFO:__main__:验证的best_acc:0.8750
INFO:__main__:----------------------------------------------------------------------------------------------------
INFO:__main__:
【train】epoch:99/150 loss:0.0507 acc:0.9808
INFO:__main__:
【val】epoch:99/150 loss:0.6034 acc:0.8650
INFO:__main__:
【Val】:  SENS: 0.7877  SPEC: 0.9089  PPV: 0.8312  NPV: 0.8827 F1:0.8088
INFO:__main__:验证的best_acc:0.8750
INFO:__main__:----------------------------------------------------------------------------------------------------
INFO:__main__:
【train】epoch:100/150 loss:0.0441 acc:0.9840
INFO:__main__:
【val】epoch:100/150 loss:0.5664 acc:0.8694
INFO:__main__:
【Val】:  SENS: 0.8000  SPEC: 0.9089  PPV: 0.8333  NPV: 0.8887 F1:0.8163
INFO:__main__:验证的best_acc:0.8750
INFO:__main__:----------------------------------------------------------------------------------------------------
INFO:__main__:
【train】epoch:101/150 loss:0.0447 acc:0.9848
INFO:__main__:
【val】epoch:101/150 loss:0.7379 acc:0.8404
INFO:__main__:
【Val】:  SENS: 0.7108  SPEC: 0.9142  PPV: 0.8250  NPV: 0.8474 F1:0.7636
INFO:__main__:验证的best_acc:0.8750
INFO:__main__:----------------------------------------------------------------------------------------------------
INFO:__main__:
【train】epoch:102/150 loss:0.0419 acc:0.9845
INFO:__main__:
【val】epoch:102/150 loss:0.6426 acc:0.8493
INFO:__main__:
【Val】:  SENS: 0.7477  SPEC: 0.9072  PPV: 0.8209  NPV: 0.8633 F1:0.7826
INFO:__main__:验证的best_acc:0.8750
INFO:__main__:----------------------------------------------------------------------------------------------------
INFO:__main__:
【train】epoch:103/150 loss:0.0452 acc:0.9826
INFO:__main__:
【val】epoch:103/150 loss:0.6594 acc:0.8460
INFO:__main__:
【Val】:  SENS: 0.7292  SPEC: 0.9124  PPV: 0.8258  NPV: 0.8555 F1:0.7745
INFO:__main__:验证的best_acc:0.8750
INFO:__main__:----------------------------------------------------------------------------------------------------
INFO:__main__:
【train】epoch:104/150 loss:0.0434 acc:0.9852
INFO:__main__:
【val】epoch:104/150 loss:0.6878 acc:0.8527
INFO:__main__:
【Val】:  SENS: 0.7231  SPEC: 0.9264  PPV: 0.8484  NPV: 0.8546 F1:0.7807
INFO:__main__:验证的best_acc:0.8750
INFO:__main__:----------------------------------------------------------------------------------------------------
INFO:__main__:
【train】epoch:105/150 loss:0.0472 acc:0.9836
INFO:__main__:
【val】epoch:105/150 loss:0.7332 acc:0.8359
INFO:__main__:
【Val】:  SENS: 0.6892  SPEC: 0.9194  PPV: 0.8296  NPV: 0.8387 F1:0.7529
INFO:__main__:验证的best_acc:0.8750
INFO:__main__:----------------------------------------------------------------------------------------------------
INFO:__main__:
【train】epoch:106/150 loss:0.0394 acc:0.9870
INFO:__main__:
【val】epoch:106/150 loss:0.6209 acc:0.8560
INFO:__main__:
【Val】:  SENS: 0.7354  SPEC: 0.9247  PPV: 0.8475  NPV: 0.8599 F1:0.7875
INFO:__main__:验证的best_acc:0.8750
INFO:__main__:----------------------------------------------------------------------------------------------------
INFO:__main__:
【train】epoch:107/150 loss:0.0434 acc:0.9840
INFO:__main__:
【val】epoch:107/150 loss:0.6460 acc:0.8560
INFO:__main__:
【Val】:  SENS: 0.8092  SPEC: 0.8827  PPV: 0.7970  NPV: 0.8905 F1:0.8031
INFO:__main__:验证的best_acc:0.8750
INFO:__main__:----------------------------------------------------------------------------------------------------
INFO:__main__:
【train】epoch:108/150 loss:0.0386 acc:0.9867
INFO:__main__:
【val】epoch:108/150 loss:0.6056 acc:0.8627
INFO:__main__:
【Val】:  SENS: 0.7692  SPEC: 0.9159  PPV: 0.8389  NPV: 0.8746 F1:0.8026
INFO:__main__:验证的best_acc:0.8750
INFO:__main__:----------------------------------------------------------------------------------------------------
INFO:__main__:
【train】epoch:109/150 loss:0.0418 acc:0.9841
INFO:__main__:
【val】epoch:109/150 loss:0.8246 acc:0.8393
INFO:__main__:
【Val】:  SENS: 0.6338  SPEC: 0.9562  PPV: 0.8918  NPV: 0.8211 F1:0.7410
INFO:__main__:验证的best_acc:0.8750
INFO:__main__:----------------------------------------------------------------------------------------------------
INFO:__main__:
【train】epoch:110/150 loss:0.0415 acc:0.9859
INFO:__main__:
【val】epoch:110/150 loss:0.5960 acc:0.8527
INFO:__main__:
【Val】:  SENS: 0.8031  SPEC: 0.8809  PPV: 0.7933  NPV: 0.8871 F1:0.7982
INFO:__main__:验证的best_acc:0.8750
INFO:__main__:----------------------------------------------------------------------------------------------------
INFO:__main__:
【train】epoch:111/150 loss:0.0383 acc:0.9856
INFO:__main__:
【val】epoch:111/150 loss:0.6505 acc:0.8493
INFO:__main__:
【Val】:  SENS: 0.7908  SPEC: 0.8827  PPV: 0.7932  NPV: 0.8811 F1:0.7920
INFO:__main__:验证的best_acc:0.8750
INFO:__main__:----------------------------------------------------------------------------------------------------
INFO:__main__:
【train】epoch:112/150 loss:0.0368 acc:0.9878
INFO:__main__:
【val】epoch:112/150 loss:0.6479 acc:0.8661
INFO:__main__:
【Val】:  SENS: 0.8000  SPEC: 0.9037  PPV: 0.8254  NPV: 0.8881 F1:0.8125
INFO:__main__:验证的best_acc:0.8750
INFO:__main__:----------------------------------------------------------------------------------------------------
INFO:__main__:
【train】epoch:113/150 loss:0.0328 acc:0.9883
INFO:__main__:
【val】epoch:113/150 loss:0.6840 acc:0.8493
INFO:__main__:
【Val】:  SENS: 0.7538  SPEC: 0.9037  PPV: 0.8167  NPV: 0.8658 F1:0.7840
INFO:__main__:验证的best_acc:0.8750
INFO:__main__:----------------------------------------------------------------------------------------------------
INFO:__main__:
【train】epoch:114/150 loss:0.0327 acc:0.9891
INFO:__main__:
【val】epoch:114/150 loss:0.6344 acc:0.8549
INFO:__main__:
【Val】:  SENS: 0.7508  SPEC: 0.9142  PPV: 0.8328  NPV: 0.8657 F1:0.7896
INFO:__main__:验证的best_acc:0.8750
INFO:__main__:----------------------------------------------------------------------------------------------------
INFO:__main__:
【train】epoch:115/150 loss:0.0341 acc:0.9882
INFO:__main__:
【val】epoch:115/150 loss:0.5990 acc:0.8683
INFO:__main__:
【Val】:  SENS: 0.7877  SPEC: 0.9142  PPV: 0.8393  NPV: 0.8832 F1:0.8127
INFO:__main__:验证的best_acc:0.8750
INFO:__main__:----------------------------------------------------------------------------------------------------
INFO:__main__:
【train】epoch:116/150 loss:0.0317 acc:0.9883
INFO:__main__:
【val】epoch:116/150 loss:0.6183 acc:0.8594
INFO:__main__:
【Val】:  SENS: 0.7908  SPEC: 0.8984  PPV: 0.8159  NPV: 0.8830 F1:0.8031
INFO:__main__:验证的best_acc:0.8750
INFO:__main__:----------------------------------------------------------------------------------------------------
INFO:__main__:
【train】epoch:117/150 loss:0.0339 acc:0.9880
INFO:__main__:
【val】epoch:117/150 loss:0.6683 acc:0.8527
INFO:__main__:
【Val】:  SENS: 0.7446  SPEC: 0.9142  PPV: 0.8316  NPV: 0.8628 F1:0.7857
INFO:__main__:验证的best_acc:0.8750
INFO:__main__:----------------------------------------------------------------------------------------------------
INFO:__main__:
【train】epoch:118/150 loss:0.0330 acc:0.9901
INFO:__main__:
【val】epoch:118/150 loss:0.6081 acc:0.8616
INFO:__main__:
【Val】:  SENS: 0.7723  SPEC: 0.9124  PPV: 0.8339  NPV: 0.8756 F1:0.8019
INFO:__main__:验证的best_acc:0.8750
INFO:__main__:----------------------------------------------------------------------------------------------------
INFO:__main__:
【train】epoch:119/150 loss:0.0306 acc:0.9897
INFO:__main__:
【val】epoch:119/150 loss:0.6122 acc:0.8571
INFO:__main__:
【Val】:  SENS: 0.7692  SPEC: 0.9072  PPV: 0.8251  NPV: 0.8735 F1:0.7962
INFO:__main__:验证的best_acc:0.8750
INFO:__main__:----------------------------------------------------------------------------------------------------
INFO:__main__:
【train】epoch:120/150 loss:0.0297 acc:0.9902
INFO:__main__:
【val】epoch:120/150 loss:0.6441 acc:0.8616
INFO:__main__:
【Val】:  SENS: 0.7662  SPEC: 0.9159  PPV: 0.8384  NPV: 0.8731 F1:0.8006
INFO:__main__:验证的best_acc:0.8750
INFO:__main__:----------------------------------------------------------------------------------------------------
INFO:__main__:
【train】epoch:121/150 loss:0.0287 acc:0.9899
INFO:__main__:
【val】epoch:121/150 loss:0.6377 acc:0.8538
INFO:__main__:
【Val】:  SENS: 0.7815  SPEC: 0.8949  PPV: 0.8089  NPV: 0.8780 F1:0.7950
INFO:__main__:验证的best_acc:0.8750
INFO:__main__:----------------------------------------------------------------------------------------------------
INFO:__main__:
【train】epoch:122/150 loss:0.0382 acc:0.9880
INFO:__main__:
【val】epoch:122/150 loss:0.6590 acc:0.8538
INFO:__main__:
【Val】:  SENS: 0.7415  SPEC: 0.9177  PPV: 0.8368  NPV: 0.8618 F1:0.7863
INFO:__main__:验证的best_acc:0.8750
INFO:__main__:----------------------------------------------------------------------------------------------------
INFO:__main__:
【train】epoch:123/150 loss:0.0286 acc:0.9901
INFO:__main__:
【val】epoch:123/150 loss:0.6214 acc:0.8605
INFO:__main__:
【Val】:  SENS: 0.7908  SPEC: 0.9002  PPV: 0.8185  NPV: 0.8832 F1:0.8044
INFO:__main__:验证的best_acc:0.8750
INFO:__main__:----------------------------------------------------------------------------------------------------
INFO:__main__:
【train】epoch:124/150 loss:0.0320 acc:0.9879
INFO:__main__:
【val】epoch:124/150 loss:0.6776 acc:0.8516
INFO:__main__:
【Val】:  SENS: 0.7446  SPEC: 0.9124  PPV: 0.8288  NPV: 0.8626 F1:0.7844
INFO:__main__:验证的best_acc:0.8750
INFO:__main__:----------------------------------------------------------------------------------------------------
INFO:__main__:
【train】epoch:125/150 loss:0.0280 acc:0.9906
INFO:__main__:
【val】epoch:125/150 loss:0.6355 acc:0.8627
INFO:__main__:
【Val】:  SENS: 0.7477  SPEC: 0.9282  PPV: 0.8556  NPV: 0.8660 F1:0.7980
INFO:__main__:验证的best_acc:0.8750
INFO:__main__:----------------------------------------------------------------------------------------------------
INFO:__main__:
【train】epoch:126/150 loss:0.0288 acc:0.9904
INFO:__main__:
【val】epoch:126/150 loss:0.6214 acc:0.8527
INFO:__main__:
【Val】:  SENS: 0.7662  SPEC: 0.9019  PPV: 0.8164  NPV: 0.8714 F1:0.7905
INFO:__main__:验证的best_acc:0.8750
INFO:__main__:----------------------------------------------------------------------------------------------------
INFO:__main__:
【train】epoch:127/150 loss:0.0320 acc:0.9878
INFO:__main__:
【val】epoch:127/150 loss:0.7228 acc:0.8549
INFO:__main__:
【Val】:  SENS: 0.7354  SPEC: 0.9229  PPV: 0.8445  NPV: 0.8597 F1:0.7862
INFO:__main__:验证的best_acc:0.8750
INFO:__main__:----------------------------------------------------------------------------------------------------
INFO:__main__:
【train】epoch:128/150 loss:0.0289 acc:0.9908
INFO:__main__:
【val】epoch:128/150 loss:0.6051 acc:0.8549
INFO:__main__:
【Val】:  SENS: 0.8277  SPEC: 0.8704  PPV: 0.7843  NPV: 0.8987 F1:0.8054
INFO:__main__:验证的best_acc:0.8750
INFO:__main__:----------------------------------------------------------------------------------------------------
INFO:__main__:
【train】epoch:129/150 loss:0.0293 acc:0.9895
INFO:__main__:
【val】epoch:129/150 loss:0.6720 acc:0.8527
INFO:__main__:
【Val】:  SENS: 0.7200  SPEC: 0.9282  PPV: 0.8509  NPV: 0.8535 F1:0.7800
INFO:__main__:验证的best_acc:0.8750
INFO:__main__:----------------------------------------------------------------------------------------------------
INFO:__main__:
【train】epoch:130/150 loss:0.0269 acc:0.9918
INFO:__main__:
【val】epoch:130/150 loss:0.6299 acc:0.8571
INFO:__main__:
【Val】:  SENS: 0.7662  SPEC: 0.9089  PPV: 0.8272  NPV: 0.8723 F1:0.7955
INFO:__main__:验证的best_acc:0.8750
INFO:__main__:----------------------------------------------------------------------------------------------------
INFO:__main__:
【train】epoch:131/150 loss:0.0238 acc:0.9923
INFO:__main__:
【val】epoch:131/150 loss:0.6035 acc:0.8616
INFO:__main__:
【Val】:  SENS: 0.7785  SPEC: 0.9089  PPV: 0.8295  NPV: 0.8782 F1:0.8032
INFO:__main__:验证的best_acc:0.8750
INFO:__main__:----------------------------------------------------------------------------------------------------
INFO:__main__:
【train】epoch:132/150 loss:0.0243 acc:0.9921
INFO:__main__:
【val】epoch:132/150 loss:0.5836 acc:0.8705
INFO:__main__:
【Val】:  SENS: 0.7785  SPEC: 0.9229  PPV: 0.8519  NPV: 0.8798 F1:0.8135
INFO:__main__:验证的best_acc:0.8750
INFO:__main__:----------------------------------------------------------------------------------------------------
INFO:__main__:
【train】epoch:133/150 loss:0.0265 acc:0.9917
INFO:__main__:
【val】epoch:133/150 loss:0.6059 acc:0.8683
INFO:__main__:
【Val】:  SENS: 0.7877  SPEC: 0.9142  PPV: 0.8393  NPV: 0.8832 F1:0.8127
INFO:__main__:验证的best_acc:0.8750
INFO:__main__:----------------------------------------------------------------------------------------------------
INFO:__main__:
【train】epoch:134/150 loss:0.0213 acc:0.9932
INFO:__main__:
【val】epoch:134/150 loss:0.6518 acc:0.8605
INFO:__main__:
【Val】:  SENS: 0.7723  SPEC: 0.9107  PPV: 0.8311  NPV: 0.8754 F1:0.8006
INFO:__main__:验证的best_acc:0.8750
INFO:__main__:----------------------------------------------------------------------------------------------------
INFO:__main__:
【train】epoch:135/150 loss:0.0205 acc:0.9937
INFO:__main__:
【val】epoch:135/150 loss:0.6528 acc:0.8527
INFO:__main__:
【Val】:  SENS: 0.7538  SPEC: 0.9089  PPV: 0.8249  NPV: 0.8664 F1:0.7878
INFO:__main__:验证的best_acc:0.8750
INFO:__main__:----------------------------------------------------------------------------------------------------
INFO:__main__:
【train】epoch:136/150 loss:0.0209 acc:0.9935
INFO:__main__:
【val】epoch:136/150 loss:0.6294 acc:0.8672
INFO:__main__:
【Val】:  SENS: 0.7508  SPEC: 0.9335  PPV: 0.8652  NPV: 0.8681 F1:0.8040
INFO:__main__:验证的best_acc:0.8750
INFO:__main__:----------------------------------------------------------------------------------------------------
INFO:__main__:
【train】epoch:137/150 loss:0.0226 acc:0.9916
INFO:__main__:
【val】epoch:137/150 loss:0.6461 acc:0.8672
INFO:__main__:
【Val】:  SENS: 0.7385  SPEC: 0.9405  PPV: 0.8759  NPV: 0.8633 F1:0.8013
INFO:__main__:验证的best_acc:0.8750
INFO:__main__:----------------------------------------------------------------------------------------------------
INFO:__main__:
【train】epoch:138/150 loss:0.0235 acc:0.9917
INFO:__main__:
【val】epoch:138/150 loss:0.6031 acc:0.8638
INFO:__main__:
【Val】:  SENS: 0.7785  SPEC: 0.9124  PPV: 0.8350  NPV: 0.8786 F1:0.8057
INFO:__main__:验证的best_acc:0.8750
INFO:__main__:----------------------------------------------------------------------------------------------------
INFO:__main__:
【train】epoch:139/150 loss:0.0207 acc:0.9932
INFO:__main__:
【val】epoch:139/150 loss:0.5860 acc:0.8594
INFO:__main__:
【Val】:  SENS: 0.7723  SPEC: 0.9089  PPV: 0.8284  NPV: 0.8752 F1:0.7994
INFO:__main__:验证的best_acc:0.8750
INFO:__main__:----------------------------------------------------------------------------------------------------
INFO:__main__:
【train】epoch:140/150 loss:0.0198 acc:0.9943
INFO:__main__:
【val】epoch:140/150 loss:0.6270 acc:0.8627
INFO:__main__:
【Val】:  SENS: 0.7815  SPEC: 0.9089  PPV: 0.8301  NPV: 0.8797 F1:0.8051
INFO:__main__:验证的best_acc:0.8750
INFO:__main__:----------------------------------------------------------------------------------------------------
INFO:__main__:
【train】epoch:141/150 loss:0.0205 acc:0.9936
INFO:__main__:
【val】epoch:141/150 loss:0.6343 acc:0.8616
INFO:__main__:
【Val】:  SENS: 0.7569  SPEC: 0.9212  PPV: 0.8454  NPV: 0.8694 F1:0.7987
INFO:__main__:验证的best_acc:0.8750
INFO:__main__:----------------------------------------------------------------------------------------------------
INFO:__main__:
【train】epoch:142/150 loss:0.0184 acc:0.9943
INFO:__main__:
【val】epoch:142/150 loss:0.6545 acc:0.8583
INFO:__main__:
【Val】:  SENS: 0.7600  SPEC: 0.9142  PPV: 0.8345  NPV: 0.8700 F1:0.7955
INFO:__main__:验证的best_acc:0.8750
INFO:__main__:----------------------------------------------------------------------------------------------------
INFO:__main__:
【train】epoch:143/150 loss:0.0205 acc:0.9940
INFO:__main__:
【val】epoch:143/150 loss:0.6452 acc:0.8583
INFO:__main__:
【Val】:  SENS: 0.7662  SPEC: 0.9107  PPV: 0.8300  NPV: 0.8725 F1:0.7968
INFO:__main__:验证的best_acc:0.8750
INFO:__main__:----------------------------------------------------------------------------------------------------
INFO:__main__:
【train】epoch:144/150 loss:0.0242 acc:0.9928
INFO:__main__:
【val】epoch:144/150 loss:0.6488 acc:0.8571
INFO:__main__:
【Val】:  SENS: 0.7508  SPEC: 0.9177  PPV: 0.8385  NPV: 0.8661 F1:0.7922
INFO:__main__:验证的best_acc:0.8750
INFO:__main__:----------------------------------------------------------------------------------------------------
INFO:__main__:
【train】epoch:145/150 loss:0.0214 acc:0.9927
INFO:__main__:
【val】epoch:145/150 loss:0.6292 acc:0.8650
INFO:__main__:
【Val】:  SENS: 0.7662  SPEC: 0.9212  PPV: 0.8469  NPV: 0.8738 F1:0.8045
INFO:__main__:验证的best_acc:0.8750
INFO:__main__:----------------------------------------------------------------------------------------------------
INFO:__main__:
【train】epoch:146/150 loss:0.0167 acc:0.9958
INFO:__main__:
【val】epoch:146/150 loss:0.6113 acc:0.8605
INFO:__main__:
【Val】:  SENS: 0.7662  SPEC: 0.9142  PPV: 0.8356  NPV: 0.8729 F1:0.7994
INFO:__main__:验证的best_acc:0.8750
INFO:__main__:----------------------------------------------------------------------------------------------------
INFO:__main__:
【train】epoch:147/150 loss:0.0197 acc:0.9935
INFO:__main__:
【val】epoch:147/150 loss:0.6353 acc:0.8650
INFO:__main__:
【Val】:  SENS: 0.7815  SPEC: 0.9124  PPV: 0.8355  NPV: 0.8801 F1:0.8076
INFO:__main__:验证的best_acc:0.8750
INFO:__main__:----------------------------------------------------------------------------------------------------
INFO:__main__:
【train】epoch:148/150 loss:0.0201 acc:0.9937
INFO:__main__:
【val】epoch:148/150 loss:0.6610 acc:0.8549
INFO:__main__:
【Val】:  SENS: 0.7692  SPEC: 0.9037  PPV: 0.8197  NPV: 0.8731 F1:0.7937
INFO:__main__:验证的best_acc:0.8750
INFO:__main__:----------------------------------------------------------------------------------------------------
INFO:__main__:
【train】epoch:149/150 loss:0.0195 acc:0.9933
INFO:__main__:
【val】epoch:149/150 loss:0.6603 acc:0.8627
INFO:__main__:
【Val】:  SENS: 0.7969  SPEC: 0.9002  PPV: 0.8196  NPV: 0.8862 F1:0.8081
INFO:__main__:验证的best_acc:0.8750
INFO:__main__:----------------------------------------------------------------------------------------------------
INFO:__main__:****************************************************************************************************
INFO:__main__:Val_LOSS:['0.5119', '0.4748', '0.6773', '0.4706', '0.5686', '0.3794', '0.3870', '0.4214', '0.3958', '0.3673', '0.3665', '0.3772', '0.3722', '0.3497', '0.3590', '0.3794', '0.3747', '0.3765', '0.3546', '0.4078', '0.3912', '0.4992', '0.3911', '0.4044', '0.3728', '0.4812', '0.4040', '0.4971', '0.5491', '0.5710', '0.4454', '0.4290', '0.4112', '0.4896', '0.4431', '0.4205', '0.4128', '0.4006', '0.3646', '0.5488', '0.6920', '0.4316', '0.4213', '0.5765', '0.4313', '0.5079', '0.4324', '0.4680', '0.6433', '0.4641', '0.4822', '0.4438', '0.4785', '0.4823', '0.4987', '0.4421', '0.4330', '0.4380', '0.4768', '0.5427', '0.4745', '0.4944', '0.4489', '0.8742', '0.4843', '0.6483', '0.5223', '0.5222', '0.5268', '0.5491', '0.5289', '0.8148', '0.5726', '0.5496', '0.5596', '0.7120', '0.8568', '0.6299', '0.6701', '0.5289', '0.5892', '0.5139', '0.5045', '0.5578', '0.5724', '0.6012', '0.5582', '0.5968', '0.5442', '0.6827', '0.5875', '0.5861', '0.5856', '0.5653', '0.5975', '0.5545', '0.6801', '0.5822', '0.6161', '0.6034', '0.5664', '0.7379', '0.6426', '0.6594', '0.6878', '0.7332', '0.6209', '0.6460', '0.6056', '0.8246', '0.5960', '0.6505', '0.6479', '0.6840', '0.6344', '0.5990', '0.6183', '0.6683', '0.6081', '0.6122', '0.6441', '0.6377', '0.6590', '0.6214', '0.6776', '0.6355', '0.6214', '0.7228', '0.6051', '0.6720', '0.6299', '0.6035', '0.5836', '0.6059', '0.6518', '0.6528', '0.6294', '0.6461', '0.6031', '0.5860', '0.6270', '0.6343', '0.6545', '0.6452', '0.6488', '0.6292', '0.6113', '0.6353', '0.6610', '0.6603']
INFO:__main__:Val_ACC:['0.7266', '0.7679', '0.6205', '0.7589', '0.7009', '0.8270', '0.8214', '0.7935', '0.8013', '0.8292', '0.8214', '0.8225', '0.8225', '0.8449', '0.8259', '0.8170', '0.8147', '0.8136', '0.8438', '0.8292', '0.8214', '0.8080', '0.8337', '0.8337', '0.8270', '0.8114', '0.8192', '0.8047', '0.7991', '0.7812', '0.8382', '0.8382', '0.8248', '0.8002', '0.8248', '0.8337', '0.8337', '0.8214', '0.8438', '0.7824', '0.7433', '0.8337', '0.8460', '0.8125', '0.8270', '0.8136', '0.8304', '0.8337', '0.7723', '0.8616', '0.8304', '0.8516', '0.8571', '0.8326', '0.8527', '0.8683', '0.8650', '0.8438', '0.8527', '0.8237', '0.8460', '0.8449', '0.8750', '0.7734', '0.8449', '0.8147', '0.8583', '0.8583', '0.8516', '0.8415', '0.8426', '0.7891', '0.8549', '0.8504', '0.8482', '0.8036', '0.7935', '0.8438', '0.8047', '0.8538', '0.8504', '0.8583', '0.8717', '0.8571', '0.8538', '0.8371', '0.8516', '0.8493', '0.8571', '0.8415', '0.8650', '0.8616', '0.8650', '0.8516', '0.8516', '0.8583', '0.8594', '0.8638', '0.8538', '0.8650', '0.8694', '0.8404', '0.8493', '0.8460', '0.8527', '0.8359', '0.8560', '0.8560', '0.8627', '0.8393', '0.8527', '0.8493', '0.8661', '0.8493', '0.8549', '0.8683', '0.8594', '0.8527', '0.8616', '0.8571', '0.8616', '0.8538', '0.8538', '0.8605', '0.8516', '0.8627', '0.8527', '0.8549', '0.8549', '0.8527', '0.8571', '0.8616', '0.8705', '0.8683', '0.8605', '0.8527', '0.8672', '0.8672', '0.8638', '0.8594', '0.8627', '0.8616', '0.8583', '0.8583', '0.8571', '0.8650', '0.8605', '0.8650', '0.8549', '0.8627']
INFO:__main__:****************************************************************************************************
INFO:__main__: epoch0 测试test_Loss: 0.6064  test_ACC: 0.8476  
INFO:__main__:SENS: 0.7493 SPEC: 0.9049 PPV: 0.8211 NPV: 0.8611 F1:0.7835
INFO:__main__:test_Best_acc:0.8476
INFO:__main__:flops:2895985152.0  params:6955906.0
