INFO:__main__:
【train】epoch:0/100 loss:0.5920 acc:0.6868
INFO:__main__:
【val】epoch:0/100 loss:0.5180 acc:0.7642
INFO:__main__:
【Val】:  SENS: 0.6309  SPEC: 0.8734  PPV: 0.8032  NPV: 0.7429
INFO:__main__:验证的best_acc:0.7642
INFO:__main__:----------------------------------------------------------------------------------------------------
INFO:__main__:
【train】epoch:1/100 loss:0.5014 acc:0.7547
INFO:__main__:
【val】epoch:1/100 loss:0.5505 acc:0.7557
INFO:__main__:
【Val】:  SENS: 0.6215  SPEC: 0.8656  PPV: 0.7912  NPV: 0.7363
INFO:__main__:验证的best_acc:0.7642
INFO:__main__:----------------------------------------------------------------------------------------------------
INFO:__main__:
【train】epoch:2/100 loss:0.4708 acc:0.7711
INFO:__main__:
【val】epoch:2/100 loss:0.5085 acc:0.7756
INFO:__main__:
【Val】:  SENS: 0.6814  SPEC: 0.8527  PPV: 0.7912  NPV: 0.7657
INFO:__main__:验证的best_acc:0.7756
INFO:__main__:----------------------------------------------------------------------------------------------------
INFO:__main__:
【train】epoch:3/100 loss:0.4448 acc:0.7872
INFO:__main__:
【val】epoch:3/100 loss:0.5415 acc:0.7457
INFO:__main__:
【Val】:  SENS: 0.5521  SPEC: 0.9044  PPV: 0.8255  NPV: 0.7114
INFO:__main__:验证的best_acc:0.7756
INFO:__main__:----------------------------------------------------------------------------------------------------
INFO:__main__:
【train】epoch:4/100 loss:0.4365 acc:0.7896
INFO:__main__:
【val】epoch:4/100 loss:0.6365 acc:0.7472
INFO:__main__:
【Val】:  SENS: 0.9211  SPEC: 0.6047  PPV: 0.6562  NPV: 0.9035
INFO:__main__:验证的best_acc:0.7756
INFO:__main__:----------------------------------------------------------------------------------------------------
INFO:__main__:
【train】epoch:5/100 loss:0.4173 acc:0.8020
INFO:__main__:
【val】epoch:5/100 loss:0.4725 acc:0.8040
INFO:__main__:
【Val】:  SENS: 0.7224  SPEC: 0.8708  PPV: 0.8208  NPV: 0.7929
INFO:__main__:验证的best_acc:0.8040
INFO:__main__:----------------------------------------------------------------------------------------------------
INFO:__main__:
【train】epoch:6/100 loss:0.4068 acc:0.8134
INFO:__main__:
【val】epoch:6/100 loss:0.4921 acc:0.7869
INFO:__main__:
【Val】:  SENS: 0.8391  SPEC: 0.7442  PPV: 0.7288  NPV: 0.8496
INFO:__main__:验证的best_acc:0.8040
INFO:__main__:----------------------------------------------------------------------------------------------------
INFO:__main__:
【train】epoch:7/100 loss:0.3989 acc:0.8146
INFO:__main__:
【val】epoch:7/100 loss:0.4997 acc:0.7841
INFO:__main__:
【Val】:  SENS: 0.8864  SPEC: 0.7003  PPV: 0.7078  NPV: 0.8827
INFO:__main__:验证的best_acc:0.8040
INFO:__main__:----------------------------------------------------------------------------------------------------
INFO:__main__:
【train】epoch:8/100 loss:0.3877 acc:0.8156
INFO:__main__:
【val】epoch:8/100 loss:0.4938 acc:0.7969
INFO:__main__:
【Val】:  SENS: 0.8170  SPEC: 0.7804  PPV: 0.7529  NPV: 0.8389
INFO:__main__:验证的best_acc:0.8040
INFO:__main__:----------------------------------------------------------------------------------------------------
INFO:__main__:
【train】epoch:9/100 loss:0.3733 acc:0.8314
INFO:__main__:
【val】epoch:9/100 loss:0.6108 acc:0.7599
INFO:__main__:
【Val】:  SENS: 0.9401  SPEC: 0.6124  PPV: 0.6652  NPV: 0.9258
INFO:__main__:验证的best_acc:0.8040
INFO:__main__:----------------------------------------------------------------------------------------------------
INFO:__main__:
【train】epoch:10/100 loss:0.3654 acc:0.8326
INFO:__main__:
【val】epoch:10/100 loss:0.5919 acc:0.7670
INFO:__main__:
【Val】:  SENS: 0.9085  SPEC: 0.6512  PPV: 0.6809  NPV: 0.8968
INFO:__main__:验证的best_acc:0.8040
INFO:__main__:----------------------------------------------------------------------------------------------------
INFO:__main__:
【train】epoch:11/100 loss:0.3543 acc:0.8368
INFO:__main__:
【val】epoch:11/100 loss:0.5468 acc:0.7642
INFO:__main__:
【Val】:  SENS: 0.8202  SPEC: 0.7183  PPV: 0.7046  NPV: 0.8299
INFO:__main__:验证的best_acc:0.8040
INFO:__main__:----------------------------------------------------------------------------------------------------
INFO:__main__:
【train】epoch:12/100 loss:0.3503 acc:0.8443
INFO:__main__:
【val】epoch:12/100 loss:0.5876 acc:0.7727
INFO:__main__:
【Val】:  SENS: 0.8801  SPEC: 0.6848  PPV: 0.6958  NPV: 0.8746
INFO:__main__:验证的best_acc:0.8040
INFO:__main__:----------------------------------------------------------------------------------------------------
INFO:__main__:
【train】epoch:13/100 loss:0.3418 acc:0.8451
INFO:__main__:
【val】epoch:13/100 loss:0.4497 acc:0.8026
INFO:__main__:
【Val】:  SENS: 0.8233  SPEC: 0.7855  PPV: 0.7587  NPV: 0.8444
INFO:__main__:验证的best_acc:0.8040
INFO:__main__:----------------------------------------------------------------------------------------------------
INFO:__main__:
【train】epoch:14/100 loss:0.3401 acc:0.8455
INFO:__main__:
【val】epoch:14/100 loss:0.4547 acc:0.7926
INFO:__main__:
【Val】:  SENS: 0.7382  SPEC: 0.8372  PPV: 0.7879  NPV: 0.7961
INFO:__main__:验证的best_acc:0.8040
INFO:__main__:----------------------------------------------------------------------------------------------------
INFO:__main__:
【train】epoch:15/100 loss:0.3318 acc:0.8553
INFO:__main__:
【val】epoch:15/100 loss:0.5373 acc:0.7926
INFO:__main__:
【Val】:  SENS: 0.8896  SPEC: 0.7132  PPV: 0.7176  NPV: 0.8875
INFO:__main__:验证的best_acc:0.8040
INFO:__main__:----------------------------------------------------------------------------------------------------
INFO:__main__:
【train】epoch:16/100 loss:0.3261 acc:0.8567
INFO:__main__:
【val】epoch:16/100 loss:0.4544 acc:0.7997
INFO:__main__:
【Val】:  SENS: 0.7035  SPEC: 0.8786  PPV: 0.8259  NPV: 0.7834
INFO:__main__:验证的best_acc:0.8040
INFO:__main__:----------------------------------------------------------------------------------------------------
INFO:__main__:
【train】epoch:17/100 loss:0.3194 acc:0.8560
INFO:__main__:
【val】epoch:17/100 loss:0.5461 acc:0.7926
INFO:__main__:
【Val】:  SENS: 0.8328  SPEC: 0.7597  PPV: 0.7395  NPV: 0.8473
INFO:__main__:验证的best_acc:0.8040
INFO:__main__:----------------------------------------------------------------------------------------------------
INFO:__main__:
【train】epoch:18/100 loss:0.3111 acc:0.8630
INFO:__main__:
【val】epoch:18/100 loss:0.5420 acc:0.7670
INFO:__main__:
【Val】:  SENS: 0.6909  SPEC: 0.8295  PPV: 0.7684  NPV: 0.7661
INFO:__main__:验证的best_acc:0.8040
INFO:__main__:----------------------------------------------------------------------------------------------------
INFO:__main__:
【train】epoch:19/100 loss:0.2955 acc:0.8673
INFO:__main__:
【val】epoch:19/100 loss:0.5393 acc:0.7770
INFO:__main__:
【Val】:  SENS: 0.6120  SPEC: 0.9121  PPV: 0.8509  NPV: 0.7416
INFO:__main__:验证的best_acc:0.8040
INFO:__main__:----------------------------------------------------------------------------------------------------
INFO:__main__:
【train】epoch:20/100 loss:0.2870 acc:0.8731
INFO:__main__:
【val】epoch:20/100 loss:0.5671 acc:0.7869
INFO:__main__:
【Val】:  SENS: 0.7603  SPEC: 0.8088  PPV: 0.7651  NPV: 0.8046
INFO:__main__:验证的best_acc:0.8040
INFO:__main__:----------------------------------------------------------------------------------------------------
INFO:__main__:
【train】epoch:21/100 loss:0.2856 acc:0.8724
INFO:__main__:
【val】epoch:21/100 loss:0.4813 acc:0.8111
INFO:__main__:
【Val】:  SENS: 0.7603  SPEC: 0.8527  PPV: 0.8087  NPV: 0.8128
INFO:__main__:验证的best_acc:0.8111
INFO:__main__:----------------------------------------------------------------------------------------------------
INFO:__main__:
【train】epoch:22/100 loss:0.2818 acc:0.8752
INFO:__main__:
【val】epoch:22/100 loss:0.4566 acc:0.8224
INFO:__main__:
【Val】:  SENS: 0.7224  SPEC: 0.9044  PPV: 0.8609  NPV: 0.7991
INFO:__main__:验证的best_acc:0.8224
INFO:__main__:----------------------------------------------------------------------------------------------------
INFO:__main__:
【train】epoch:23/100 loss:0.2675 acc:0.8850
INFO:__main__:
【val】epoch:23/100 loss:0.5858 acc:0.8082
INFO:__main__:
【Val】:  SENS: 0.8360  SPEC: 0.7855  PPV: 0.7615  NPV: 0.8539
INFO:__main__:验证的best_acc:0.8224
INFO:__main__:----------------------------------------------------------------------------------------------------
INFO:__main__:
【train】epoch:24/100 loss:0.2728 acc:0.8836
INFO:__main__:
【val】epoch:24/100 loss:0.5264 acc:0.7926
INFO:__main__:
【Val】:  SENS: 0.6183  SPEC: 0.9354  PPV: 0.8869  NPV: 0.7495
INFO:__main__:验证的best_acc:0.8224
INFO:__main__:----------------------------------------------------------------------------------------------------
INFO:__main__:
【train】epoch:25/100 loss:0.2708 acc:0.8832
INFO:__main__:
【val】epoch:25/100 loss:0.5880 acc:0.8153
INFO:__main__:
【Val】:  SENS: 0.7760  SPEC: 0.8475  PPV: 0.8066  NPV: 0.8221
INFO:__main__:验证的best_acc:0.8224
INFO:__main__:----------------------------------------------------------------------------------------------------
INFO:__main__:
【train】epoch:26/100 loss:0.2518 acc:0.8919
INFO:__main__:
【val】epoch:26/100 loss:0.4852 acc:0.8153
INFO:__main__:
【Val】:  SENS: 0.7287  SPEC: 0.8863  PPV: 0.8400  NPV: 0.7995
INFO:__main__:验证的best_acc:0.8224
INFO:__main__:----------------------------------------------------------------------------------------------------
INFO:__main__:
【train】epoch:27/100 loss:0.2551 acc:0.8855
INFO:__main__:
【val】epoch:27/100 loss:0.4423 acc:0.8253
INFO:__main__:
【Val】:  SENS: 0.8391  SPEC: 0.8140  PPV: 0.7870  NPV: 0.8607
INFO:__main__:验证的best_acc:0.8253
INFO:__main__:----------------------------------------------------------------------------------------------------
INFO:__main__:
【train】epoch:28/100 loss:0.2512 acc:0.8965
INFO:__main__:
【val】epoch:28/100 loss:0.6491 acc:0.7955
INFO:__main__:
【Val】:  SENS: 0.8328  SPEC: 0.7649  PPV: 0.7437  NPV: 0.8481
INFO:__main__:验证的best_acc:0.8253
INFO:__main__:----------------------------------------------------------------------------------------------------
INFO:__main__:
【train】epoch:29/100 loss:0.2274 acc:0.9026
INFO:__main__:
【val】epoch:29/100 loss:0.4117 acc:0.8352
INFO:__main__:
【Val】:  SENS: 0.8297  SPEC: 0.8398  PPV: 0.8092  NPV: 0.8575
INFO:__main__:验证的best_acc:0.8352
INFO:__main__:----------------------------------------------------------------------------------------------------
INFO:__main__:
【train】epoch:30/100 loss:0.2191 acc:0.9122
INFO:__main__:
【val】epoch:30/100 loss:0.7121 acc:0.8011
INFO:__main__:
【Val】:  SENS: 0.8644  SPEC: 0.7494  PPV: 0.7385  NPV: 0.8709
INFO:__main__:验证的best_acc:0.8352
INFO:__main__:----------------------------------------------------------------------------------------------------
INFO:__main__:
【train】epoch:31/100 loss:0.2192 acc:0.9087
INFO:__main__:
【val】epoch:31/100 loss:1.2383 acc:0.7372
INFO:__main__:
【Val】:  SENS: 0.9274  SPEC: 0.5814  PPV: 0.6447  NPV: 0.9073
INFO:__main__:验证的best_acc:0.8352
INFO:__main__:----------------------------------------------------------------------------------------------------
INFO:__main__:
【train】epoch:32/100 loss:0.2080 acc:0.9136
INFO:__main__:
【val】epoch:32/100 loss:1.2345 acc:0.7457
INFO:__main__:
【Val】:  SENS: 0.9401  SPEC: 0.5866  PPV: 0.6507  NPV: 0.9228
INFO:__main__:验证的best_acc:0.8352
INFO:__main__:----------------------------------------------------------------------------------------------------
INFO:__main__:
【train】epoch:33/100 loss:0.2074 acc:0.9129
INFO:__main__:
【val】epoch:33/100 loss:1.1906 acc:0.7372
INFO:__main__:
【Val】:  SENS: 0.9054  SPEC: 0.5995  PPV: 0.6493  NPV: 0.8855
INFO:__main__:验证的best_acc:0.8352
INFO:__main__:----------------------------------------------------------------------------------------------------
INFO:__main__:
【train】epoch:34/100 loss:0.2182 acc:0.9087
INFO:__main__:
【val】epoch:34/100 loss:1.0261 acc:0.7784
INFO:__main__:
【Val】:  SENS: 0.8644  SPEC: 0.7080  PPV: 0.7080  NPV: 0.8644
INFO:__main__:验证的best_acc:0.8352
INFO:__main__:----------------------------------------------------------------------------------------------------
INFO:__main__:
【train】epoch:35/100 loss:0.2087 acc:0.9157
INFO:__main__:
【val】epoch:35/100 loss:0.7268 acc:0.7955
INFO:__main__:
【Val】:  SENS: 0.8391  SPEC: 0.7597  PPV: 0.7409  NPV: 0.8522
INFO:__main__:验证的best_acc:0.8352
INFO:__main__:----------------------------------------------------------------------------------------------------
INFO:__main__:
【train】epoch:36/100 loss:0.1993 acc:0.9209
INFO:__main__:
【val】epoch:36/100 loss:0.9440 acc:0.7670
INFO:__main__:
【Val】:  SENS: 0.9338  SPEC: 0.6305  PPV: 0.6743  NPV: 0.9208
INFO:__main__:验证的best_acc:0.8352
INFO:__main__:----------------------------------------------------------------------------------------------------
INFO:__main__:
【train】epoch:37/100 loss:0.1927 acc:0.9225
INFO:__main__:
【val】epoch:37/100 loss:1.9581 acc:0.6889
INFO:__main__:
【Val】:  SENS: 0.9685  SPEC: 0.4599  PPV: 0.5950  NPV: 0.9468
INFO:__main__:验证的best_acc:0.8352
INFO:__main__:----------------------------------------------------------------------------------------------------
INFO:__main__:
【train】epoch:38/100 loss:0.1869 acc:0.9275
INFO:__main__:
【val】epoch:38/100 loss:1.8354 acc:0.7301
INFO:__main__:
【Val】:  SENS: 0.9495  SPEC: 0.5504  PPV: 0.6337  NPV: 0.9301
INFO:__main__:验证的best_acc:0.8352
INFO:__main__:----------------------------------------------------------------------------------------------------
INFO:__main__:
【train】epoch:39/100 loss:0.1723 acc:0.9319
INFO:__main__:
【val】epoch:39/100 loss:1.4597 acc:0.7543
INFO:__main__:
【Val】:  SENS: 0.9558  SPEC: 0.5891  PPV: 0.6558  NPV: 0.9421
INFO:__main__:验证的best_acc:0.8352
INFO:__main__:----------------------------------------------------------------------------------------------------
INFO:__main__:
【train】epoch:40/100 loss:0.1632 acc:0.9380
INFO:__main__:
【val】epoch:40/100 loss:1.2499 acc:0.7273
INFO:__main__:
【Val】:  SENS: 0.9558  SPEC: 0.5401  PPV: 0.6299  NPV: 0.9372
INFO:__main__:验证的best_acc:0.8352
INFO:__main__:----------------------------------------------------------------------------------------------------
INFO:__main__:
【train】epoch:41/100 loss:0.1764 acc:0.9291
INFO:__main__:
【val】epoch:41/100 loss:0.8772 acc:0.8111
INFO:__main__:
【Val】:  SENS: 0.9306  SPEC: 0.7132  PPV: 0.7266  NPV: 0.9262
INFO:__main__:验证的best_acc:0.8352
INFO:__main__:----------------------------------------------------------------------------------------------------
INFO:__main__:
【train】epoch:42/100 loss:0.1729 acc:0.9314
INFO:__main__:
【val】epoch:42/100 loss:0.8172 acc:0.8054
INFO:__main__:
【Val】:  SENS: 0.9432  SPEC: 0.6925  PPV: 0.7153  NPV: 0.9371
INFO:__main__:验证的best_acc:0.8352
INFO:__main__:----------------------------------------------------------------------------------------------------
INFO:__main__:
【train】epoch:43/100 loss:0.1715 acc:0.9333
INFO:__main__:
【val】epoch:43/100 loss:0.6509 acc:0.7969
INFO:__main__:
【Val】:  SENS: 0.9338  SPEC: 0.6848  PPV: 0.7081  NPV: 0.9266
INFO:__main__:验证的best_acc:0.8352
INFO:__main__:----------------------------------------------------------------------------------------------------
INFO:__main__:
【train】epoch:44/100 loss:0.1523 acc:0.9412
INFO:__main__:
【val】epoch:44/100 loss:0.7015 acc:0.8210
INFO:__main__:
【Val】:  SENS: 0.9180  SPEC: 0.7416  PPV: 0.7442  NPV: 0.9169
INFO:__main__:验证的best_acc:0.8352
INFO:__main__:----------------------------------------------------------------------------------------------------
INFO:__main__:
【train】epoch:45/100 loss:0.1518 acc:0.9445
INFO:__main__:
【val】epoch:45/100 loss:2.2623 acc:0.6889
INFO:__main__:
【Val】:  SENS: 0.9716  SPEC: 0.4574  PPV: 0.5946  NPV: 0.9516
INFO:__main__:验证的best_acc:0.8352
INFO:__main__:----------------------------------------------------------------------------------------------------
INFO:__main__:
【train】epoch:46/100 loss:0.1577 acc:0.9361
INFO:__main__:
【val】epoch:46/100 loss:1.4531 acc:0.7557
INFO:__main__:
【Val】:  SENS: 0.9653  SPEC: 0.5840  PPV: 0.6552  NPV: 0.9536
INFO:__main__:验证的best_acc:0.8352
INFO:__main__:----------------------------------------------------------------------------------------------------
INFO:__main__:
【train】epoch:47/100 loss:0.1539 acc:0.9426
INFO:__main__:
【val】epoch:47/100 loss:0.9299 acc:0.7940
INFO:__main__:
【Val】:  SENS: 0.9148  SPEC: 0.6951  PPV: 0.7108  NPV: 0.9088
INFO:__main__:验证的best_acc:0.8352
INFO:__main__:----------------------------------------------------------------------------------------------------
INFO:__main__:
【train】epoch:48/100 loss:0.1658 acc:0.9312
INFO:__main__:
【val】epoch:48/100 loss:0.7686 acc:0.7912
INFO:__main__:
【Val】:  SENS: 0.9148  SPEC: 0.6899  PPV: 0.7073  NPV: 0.9082
INFO:__main__:验证的best_acc:0.8352
INFO:__main__:----------------------------------------------------------------------------------------------------
INFO:__main__:
【train】epoch:49/100 loss:0.1365 acc:0.9487
INFO:__main__:
【val】epoch:49/100 loss:0.6482 acc:0.8082
INFO:__main__:
【Val】:  SENS: 0.9306  SPEC: 0.7080  PPV: 0.7230  NPV: 0.9257
INFO:__main__:验证的best_acc:0.8352
INFO:__main__:----------------------------------------------------------------------------------------------------
INFO:__main__:
【train】epoch:50/100 loss:0.1374 acc:0.9462
INFO:__main__:
【val】epoch:50/100 loss:0.5083 acc:0.8395
INFO:__main__:
【Val】:  SENS: 0.8549  SPEC: 0.8269  PPV: 0.8018  NPV: 0.8743
INFO:__main__:验证的best_acc:0.8395
INFO:__main__:----------------------------------------------------------------------------------------------------
INFO:__main__:
【train】epoch:51/100 loss:0.1266 acc:0.9494
INFO:__main__:
【val】epoch:51/100 loss:0.9556 acc:0.7798
INFO:__main__:
【Val】:  SENS: 0.9338  SPEC: 0.6537  PPV: 0.6884  NPV: 0.9234
INFO:__main__:验证的best_acc:0.8395
INFO:__main__:----------------------------------------------------------------------------------------------------
INFO:__main__:
【train】epoch:52/100 loss:0.1294 acc:0.9483
INFO:__main__:
【val】epoch:52/100 loss:0.4536 acc:0.8466
INFO:__main__:
【Val】:  SENS: 0.8170  SPEC: 0.8708  PPV: 0.8382  NPV: 0.8532
INFO:__main__:验证的best_acc:0.8466
INFO:__main__:----------------------------------------------------------------------------------------------------
INFO:__main__:
【train】epoch:53/100 loss:0.1247 acc:0.9541
INFO:__main__:
【val】epoch:53/100 loss:0.5554 acc:0.8324
INFO:__main__:
【Val】:  SENS: 0.8801  SPEC: 0.7933  PPV: 0.7772  NPV: 0.8899
INFO:__main__:验证的best_acc:0.8466
INFO:__main__:----------------------------------------------------------------------------------------------------
INFO:__main__:
【train】epoch:54/100 loss:0.1214 acc:0.9525
INFO:__main__:
【val】epoch:54/100 loss:0.7072 acc:0.8210
INFO:__main__:
【Val】:  SENS: 0.9338  SPEC: 0.7287  PPV: 0.7382  NPV: 0.9307
INFO:__main__:验证的best_acc:0.8466
INFO:__main__:----------------------------------------------------------------------------------------------------
INFO:__main__:
【train】epoch:55/100 loss:0.1175 acc:0.9553
INFO:__main__:
【val】epoch:55/100 loss:0.6084 acc:0.8295
INFO:__main__:
【Val】:  SENS: 0.8738  SPEC: 0.7933  PPV: 0.7759  NPV: 0.8847
INFO:__main__:验证的best_acc:0.8466
INFO:__main__:----------------------------------------------------------------------------------------------------
INFO:__main__:
【train】epoch:56/100 loss:0.1221 acc:0.9581
INFO:__main__:
【val】epoch:56/100 loss:0.5194 acc:0.8395
INFO:__main__:
【Val】:  SENS: 0.8549  SPEC: 0.8269  PPV: 0.8018  NPV: 0.8743
INFO:__main__:验证的best_acc:0.8466
INFO:__main__:----------------------------------------------------------------------------------------------------
INFO:__main__:
【train】epoch:57/100 loss:0.1245 acc:0.9523
INFO:__main__:
【val】epoch:57/100 loss:0.5791 acc:0.8267
INFO:__main__:
【Val】:  SENS: 0.7287  SPEC: 0.9070  PPV: 0.8652  NPV: 0.8032
INFO:__main__:验证的best_acc:0.8466
INFO:__main__:----------------------------------------------------------------------------------------------------
INFO:__main__:
【train】epoch:58/100 loss:0.1212 acc:0.9536
INFO:__main__:
【val】epoch:58/100 loss:1.2761 acc:0.7798
INFO:__main__:
【Val】:  SENS: 0.9495  SPEC: 0.6408  PPV: 0.6841  NPV: 0.9394
INFO:__main__:验证的best_acc:0.8466
INFO:__main__:----------------------------------------------------------------------------------------------------
INFO:__main__:
【train】epoch:59/100 loss:0.1106 acc:0.9555
INFO:__main__:
【val】epoch:59/100 loss:0.5211 acc:0.8438
INFO:__main__:
【Val】:  SENS: 0.8707  SPEC: 0.8217  PPV: 0.8000  NPV: 0.8858
INFO:__main__:验证的best_acc:0.8466
INFO:__main__:----------------------------------------------------------------------------------------------------
INFO:__main__:
【train】epoch:60/100 loss:0.0935 acc:0.9660
INFO:__main__:
【val】epoch:60/100 loss:0.5668 acc:0.8267
INFO:__main__:
【Val】:  SENS: 0.8360  SPEC: 0.8191  PPV: 0.7910  NPV: 0.8591
INFO:__main__:验证的best_acc:0.8466
INFO:__main__:----------------------------------------------------------------------------------------------------
INFO:__main__:
【train】epoch:61/100 loss:0.1002 acc:0.9628
INFO:__main__:
【val】epoch:61/100 loss:0.5194 acc:0.8494
INFO:__main__:
【Val】:  SENS: 0.8044  SPEC: 0.8863  PPV: 0.8528  NPV: 0.8469
INFO:__main__:验证的best_acc:0.8494
INFO:__main__:----------------------------------------------------------------------------------------------------
INFO:__main__:
【train】epoch:62/100 loss:0.0926 acc:0.9653
INFO:__main__:
【val】epoch:62/100 loss:0.6568 acc:0.8381
INFO:__main__:
【Val】:  SENS: 0.8864  SPEC: 0.7984  PPV: 0.7827  NPV: 0.8957
INFO:__main__:验证的best_acc:0.8494
INFO:__main__:----------------------------------------------------------------------------------------------------
INFO:__main__:
【train】epoch:63/100 loss:0.0948 acc:0.9656
INFO:__main__:
【val】epoch:63/100 loss:0.5666 acc:0.8352
INFO:__main__:
【Val】:  SENS: 0.7508  SPEC: 0.9044  PPV: 0.8655  NPV: 0.8159
INFO:__main__:验证的best_acc:0.8494
INFO:__main__:----------------------------------------------------------------------------------------------------
INFO:__main__:
【train】epoch:64/100 loss:0.0935 acc:0.9630
INFO:__main__:
【val】epoch:64/100 loss:0.5661 acc:0.8452
INFO:__main__:
【Val】:  SENS: 0.8707  SPEC: 0.8243  PPV: 0.8023  NPV: 0.8861
INFO:__main__:验证的best_acc:0.8494
INFO:__main__:----------------------------------------------------------------------------------------------------
INFO:__main__:
【train】epoch:65/100 loss:0.1030 acc:0.9598
INFO:__main__:
【val】epoch:65/100 loss:0.5364 acc:0.8636
INFO:__main__:
【Val】:  SENS: 0.8864  SPEC: 0.8450  PPV: 0.8240  NPV: 0.9008
INFO:__main__:验证的best_acc:0.8636
INFO:__main__:----------------------------------------------------------------------------------------------------
INFO:__main__:
【train】epoch:66/100 loss:0.0954 acc:0.9639
INFO:__main__:
【val】epoch:66/100 loss:0.5618 acc:0.8366
INFO:__main__:
【Val】:  SENS: 0.8328  SPEC: 0.8398  PPV: 0.8098  NPV: 0.8598
INFO:__main__:验证的best_acc:0.8636
INFO:__main__:----------------------------------------------------------------------------------------------------
INFO:__main__:
【train】epoch:67/100 loss:0.0965 acc:0.9656
INFO:__main__:
【val】epoch:67/100 loss:0.6378 acc:0.8295
INFO:__main__:
【Val】:  SENS: 0.8896  SPEC: 0.7804  PPV: 0.7684  NPV: 0.8961
INFO:__main__:验证的best_acc:0.8636
INFO:__main__:----------------------------------------------------------------------------------------------------
INFO:__main__:
【train】epoch:68/100 loss:0.0924 acc:0.9660
INFO:__main__:
【val】epoch:68/100 loss:0.5874 acc:0.8324
INFO:__main__:
【Val】:  SENS: 0.7539  SPEC: 0.8966  PPV: 0.8566  NPV: 0.8165
INFO:__main__:验证的best_acc:0.8636
INFO:__main__:----------------------------------------------------------------------------------------------------
INFO:__main__:
【train】epoch:69/100 loss:0.0814 acc:0.9708
INFO:__main__:
【val】epoch:69/100 loss:0.6038 acc:0.8210
INFO:__main__:
【Val】:  SENS: 0.7161  SPEC: 0.9070  PPV: 0.8631  NPV: 0.7959
INFO:__main__:验证的best_acc:0.8636
INFO:__main__:----------------------------------------------------------------------------------------------------
INFO:__main__:
【train】epoch:70/100 loss:0.0892 acc:0.9667
INFO:__main__:
【val】epoch:70/100 loss:0.8864 acc:0.7841
INFO:__main__:
【Val】:  SENS: 0.6151  SPEC: 0.9225  PPV: 0.8667  NPV: 0.7453
INFO:__main__:验证的best_acc:0.8636
INFO:__main__:----------------------------------------------------------------------------------------------------
INFO:__main__:
【train】epoch:71/100 loss:0.0773 acc:0.9715
INFO:__main__:
【val】epoch:71/100 loss:0.4984 acc:0.8665
INFO:__main__:
【Val】:  SENS: 0.8801  SPEC: 0.8553  PPV: 0.8328  NPV: 0.8970
INFO:__main__:验证的best_acc:0.8665
INFO:__main__:----------------------------------------------------------------------------------------------------
INFO:__main__:
【train】epoch:72/100 loss:0.0796 acc:0.9715
INFO:__main__:
【val】epoch:72/100 loss:0.5547 acc:0.8693
INFO:__main__:
【Val】:  SENS: 0.8202  SPEC: 0.9096  PPV: 0.8814  NPV: 0.8606
INFO:__main__:验证的best_acc:0.8693
INFO:__main__:----------------------------------------------------------------------------------------------------
INFO:__main__:
【train】epoch:73/100 loss:0.0740 acc:0.9735
INFO:__main__:
【val】epoch:73/100 loss:0.5500 acc:0.8494
INFO:__main__:
【Val】:  SENS: 0.8170  SPEC: 0.8760  PPV: 0.8436  NPV: 0.8539
INFO:__main__:验证的best_acc:0.8693
INFO:__main__:----------------------------------------------------------------------------------------------------
INFO:__main__:
【train】epoch:74/100 loss:0.0762 acc:0.9705
INFO:__main__:
【val】epoch:74/100 loss:0.6106 acc:0.8636
INFO:__main__:
【Val】:  SENS: 0.8517  SPEC: 0.8734  PPV: 0.8464  NPV: 0.8779
INFO:__main__:验证的best_acc:0.8693
INFO:__main__:----------------------------------------------------------------------------------------------------
INFO:__main__:
【train】epoch:75/100 loss:0.0774 acc:0.9731
INFO:__main__:
【val】epoch:75/100 loss:0.5494 acc:0.8636
INFO:__main__:
【Val】:  SENS: 0.8801  SPEC: 0.8501  PPV: 0.8279  NPV: 0.8965
INFO:__main__:验证的best_acc:0.8693
INFO:__main__:----------------------------------------------------------------------------------------------------
INFO:__main__:
【train】epoch:76/100 loss:0.0748 acc:0.9740
INFO:__main__:
【val】epoch:76/100 loss:0.7950 acc:0.8125
INFO:__main__:
【Val】:  SENS: 0.6845  SPEC: 0.9173  PPV: 0.8715  NPV: 0.7802
INFO:__main__:验证的best_acc:0.8693
INFO:__main__:----------------------------------------------------------------------------------------------------
INFO:__main__:
【train】epoch:77/100 loss:0.0792 acc:0.9710
INFO:__main__:
【val】epoch:77/100 loss:0.6383 acc:0.8494
INFO:__main__:
【Val】:  SENS: 0.7539  SPEC: 0.9276  PPV: 0.8951  NPV: 0.8215
INFO:__main__:验证的best_acc:0.8693
INFO:__main__:----------------------------------------------------------------------------------------------------
INFO:__main__:
【train】epoch:78/100 loss:0.0676 acc:0.9761
INFO:__main__:
【val】epoch:78/100 loss:0.5698 acc:0.8551
INFO:__main__:
【Val】:  SENS: 0.7855  SPEC: 0.9121  PPV: 0.8799  NPV: 0.8385
INFO:__main__:验证的best_acc:0.8693
INFO:__main__:----------------------------------------------------------------------------------------------------
INFO:__main__:
【train】epoch:79/100 loss:0.0632 acc:0.9784
INFO:__main__:
【val】epoch:79/100 loss:0.5925 acc:0.8423
INFO:__main__:
【Val】:  SENS: 0.8139  SPEC: 0.8656  PPV: 0.8323  NPV: 0.8503
INFO:__main__:验证的best_acc:0.8693
INFO:__main__:----------------------------------------------------------------------------------------------------
INFO:__main__:
【train】epoch:80/100 loss:0.0579 acc:0.9796
INFO:__main__:
【val】epoch:80/100 loss:0.5606 acc:0.8693
INFO:__main__:
【Val】:  SENS: 0.8991  SPEC: 0.8450  PPV: 0.8261  NPV: 0.9109
INFO:__main__:验证的best_acc:0.8693
INFO:__main__:----------------------------------------------------------------------------------------------------
INFO:__main__:
【train】epoch:81/100 loss:0.0602 acc:0.9791
INFO:__main__:
【val】epoch:81/100 loss:0.5990 acc:0.8523
INFO:__main__:
【Val】:  SENS: 0.7950  SPEC: 0.8992  PPV: 0.8660  NPV: 0.8426
INFO:__main__:验证的best_acc:0.8693
INFO:__main__:----------------------------------------------------------------------------------------------------
INFO:__main__:
【train】epoch:82/100 loss:0.0630 acc:0.9766
INFO:__main__:
【val】epoch:82/100 loss:0.6644 acc:0.8395
INFO:__main__:
【Val】:  SENS: 0.7729  SPEC: 0.8941  PPV: 0.8566  NPV: 0.8278
INFO:__main__:验证的best_acc:0.8693
INFO:__main__:----------------------------------------------------------------------------------------------------
INFO:__main__:
【train】epoch:83/100 loss:0.0581 acc:0.9784
INFO:__main__:
【val】epoch:83/100 loss:0.6302 acc:0.8409
INFO:__main__:
【Val】:  SENS: 0.7571  SPEC: 0.9096  PPV: 0.8727  NPV: 0.8205
INFO:__main__:验证的best_acc:0.8693
INFO:__main__:----------------------------------------------------------------------------------------------------
INFO:__main__:
【train】epoch:84/100 loss:0.0502 acc:0.9839
INFO:__main__:
【val】epoch:84/100 loss:0.5860 acc:0.8480
INFO:__main__:
【Val】:  SENS: 0.8170  SPEC: 0.8734  PPV: 0.8409  NPV: 0.8535
INFO:__main__:验证的best_acc:0.8693
INFO:__main__:----------------------------------------------------------------------------------------------------
INFO:__main__:
【train】epoch:85/100 loss:0.0524 acc:0.9811
INFO:__main__:
【val】epoch:85/100 loss:0.5654 acc:0.8452
INFO:__main__:
【Val】:  SENS: 0.7981  SPEC: 0.8837  PPV: 0.8490  NPV: 0.8424
INFO:__main__:验证的best_acc:0.8693
INFO:__main__:----------------------------------------------------------------------------------------------------
INFO:__main__:
【train】epoch:86/100 loss:0.0514 acc:0.9801
INFO:__main__:
【val】epoch:86/100 loss:0.7447 acc:0.8480
INFO:__main__:
【Val】:  SENS: 0.7634  SPEC: 0.9173  PPV: 0.8832  NPV: 0.8256
INFO:__main__:验证的best_acc:0.8693
INFO:__main__:----------------------------------------------------------------------------------------------------
INFO:__main__:
【train】epoch:87/100 loss:0.0576 acc:0.9801
INFO:__main__:
【val】epoch:87/100 loss:0.6702 acc:0.8466
INFO:__main__:
【Val】:  SENS: 0.7792  SPEC: 0.9018  PPV: 0.8667  NPV: 0.8329
INFO:__main__:验证的best_acc:0.8693
INFO:__main__:----------------------------------------------------------------------------------------------------
INFO:__main__:
【train】epoch:88/100 loss:0.0532 acc:0.9813
INFO:__main__:
【val】epoch:88/100 loss:0.6571 acc:0.8480
INFO:__main__:
【Val】:  SENS: 0.7792  SPEC: 0.9044  PPV: 0.8697  NPV: 0.8333
INFO:__main__:验证的best_acc:0.8693
INFO:__main__:----------------------------------------------------------------------------------------------------
INFO:__main__:
【train】epoch:89/100 loss:0.0559 acc:0.9787
INFO:__main__:
【val】epoch:89/100 loss:0.6276 acc:0.8608
INFO:__main__:
【Val】:  SENS: 0.7981  SPEC: 0.9121  PPV: 0.8815  NPV: 0.8465
INFO:__main__:验证的best_acc:0.8693
INFO:__main__:----------------------------------------------------------------------------------------------------
INFO:__main__:
【train】epoch:90/100 loss:0.0485 acc:0.9841
INFO:__main__:
【val】epoch:90/100 loss:0.6571 acc:0.8480
INFO:__main__:
【Val】:  SENS: 0.7539  SPEC: 0.9251  PPV: 0.8918  NPV: 0.8211
INFO:__main__:验证的best_acc:0.8693
INFO:__main__:----------------------------------------------------------------------------------------------------
INFO:__main__:
【train】epoch:91/100 loss:0.0503 acc:0.9811
INFO:__main__:
【val】epoch:91/100 loss:0.5755 acc:0.8565
INFO:__main__:
【Val】:  SENS: 0.7823  SPEC: 0.9173  PPV: 0.8857  NPV: 0.8373
INFO:__main__:验证的best_acc:0.8693
INFO:__main__:----------------------------------------------------------------------------------------------------
INFO:__main__:
【train】epoch:92/100 loss:0.0428 acc:0.9848
INFO:__main__:
【val】epoch:92/100 loss:0.7394 acc:0.8466
INFO:__main__:
【Val】:  SENS: 0.7287  SPEC: 0.9432  PPV: 0.9130  NPV: 0.8093
INFO:__main__:验证的best_acc:0.8693
INFO:__main__:----------------------------------------------------------------------------------------------------
INFO:__main__:
【train】epoch:93/100 loss:0.0465 acc:0.9839
INFO:__main__:
【val】epoch:93/100 loss:0.7324 acc:0.8324
INFO:__main__:
【Val】:  SENS: 0.7098  SPEC: 0.9328  PPV: 0.8964  NPV: 0.7969
INFO:__main__:验证的best_acc:0.8693
INFO:__main__:----------------------------------------------------------------------------------------------------
INFO:__main__:
【train】epoch:94/100 loss:0.0411 acc:0.9853
INFO:__main__:
【val】epoch:94/100 loss:0.6847 acc:0.8494
INFO:__main__:
【Val】:  SENS: 0.7855  SPEC: 0.9018  PPV: 0.8676  NPV: 0.8369
INFO:__main__:验证的best_acc:0.8693
INFO:__main__:----------------------------------------------------------------------------------------------------
INFO:__main__:
【train】epoch:95/100 loss:0.0382 acc:0.9890
INFO:__main__:
【val】epoch:95/100 loss:0.7757 acc:0.8366
INFO:__main__:
【Val】:  SENS: 0.7098  SPEC: 0.9406  PPV: 0.9073  NPV: 0.7982
INFO:__main__:验证的best_acc:0.8693
INFO:__main__:----------------------------------------------------------------------------------------------------
INFO:__main__:
【train】epoch:96/100 loss:0.0461 acc:0.9825
INFO:__main__:
【val】epoch:96/100 loss:0.8310 acc:0.8281
INFO:__main__:
【Val】:  SENS: 0.6782  SPEC: 0.9509  PPV: 0.9188  NPV: 0.7830
INFO:__main__:验证的best_acc:0.8693
INFO:__main__:----------------------------------------------------------------------------------------------------
INFO:__main__:
【train】epoch:97/100 loss:0.0384 acc:0.9857
INFO:__main__:
【val】epoch:97/100 loss:0.6069 acc:0.8778
INFO:__main__:
【Val】:  SENS: 0.8328  SPEC: 0.9147  PPV: 0.8889  NPV: 0.8698
INFO:__main__:验证的best_acc:0.8778
INFO:__main__:----------------------------------------------------------------------------------------------------
INFO:__main__:
【train】epoch:98/100 loss:0.0446 acc:0.9850
INFO:__main__:
【val】epoch:98/100 loss:0.7982 acc:0.8352
INFO:__main__:
【Val】:  SENS: 0.7192  SPEC: 0.9302  PPV: 0.8941  NPV: 0.8018
INFO:__main__:验证的best_acc:0.8778
INFO:__main__:----------------------------------------------------------------------------------------------------
INFO:__main__:
【train】epoch:99/100 loss:0.0389 acc:0.9869
INFO:__main__:
【val】epoch:99/100 loss:1.0148 acc:0.8139
INFO:__main__:
【Val】:  SENS: 0.6498  SPEC: 0.9483  PPV: 0.9115  NPV: 0.7678
INFO:__main__:验证的best_acc:0.8778
INFO:__main__:----------------------------------------------------------------------------------------------------
INFO:__main__:****************************************************************************************************
INFO:__main__:Val_LOSS:['0.5180', '0.5505', '0.5085', '0.5415', '0.6365', '0.4725', '0.4921', '0.4997', '0.4938', '0.6108', '0.5919', '0.5468', '0.5876', '0.4497', '0.4547', '0.5373', '0.4544', '0.5461', '0.5420', '0.5393', '0.5671', '0.4813', '0.4566', '0.5858', '0.5264', '0.5880', '0.4852', '0.4423', '0.6491', '0.4117', '0.7121', '1.2383', '1.2345', '1.1906', '1.0261', '0.7268', '0.9440', '1.9581', '1.8354', '1.4597', '1.2499', '0.8772', '0.8172', '0.6509', '0.7015', '2.2623', '1.4531', '0.9299', '0.7686', '0.6482', '0.5083', '0.9556', '0.4536', '0.5554', '0.7072', '0.6084', '0.5194', '0.5791', '1.2761', '0.5211', '0.5668', '0.5194', '0.6568', '0.5666', '0.5661', '0.5364', '0.5618', '0.6378', '0.5874', '0.6038', '0.8864', '0.4984', '0.5547', '0.5500', '0.6106', '0.5494', '0.7950', '0.6383', '0.5698', '0.5925', '0.5606', '0.5990', '0.6644', '0.6302', '0.5860', '0.5654', '0.7447', '0.6702', '0.6571', '0.6276', '0.6571', '0.5755', '0.7394', '0.7324', '0.6847', '0.7757', '0.8310', '0.6069', '0.7982', '1.0148']
INFO:__main__:Val_ACC:['0.7642', '0.7557', '0.7756', '0.7457', '0.7472', '0.8040', '0.7869', '0.7841', '0.7969', '0.7599', '0.7670', '0.7642', '0.7727', '0.8026', '0.7926', '0.7926', '0.7997', '0.7926', '0.7670', '0.7770', '0.7869', '0.8111', '0.8224', '0.8082', '0.7926', '0.8153', '0.8153', '0.8253', '0.7955', '0.8352', '0.8011', '0.7372', '0.7457', '0.7372', '0.7784', '0.7955', '0.7670', '0.6889', '0.7301', '0.7543', '0.7273', '0.8111', '0.8054', '0.7969', '0.8210', '0.6889', '0.7557', '0.7940', '0.7912', '0.8082', '0.8395', '0.7798', '0.8466', '0.8324', '0.8210', '0.8295', '0.8395', '0.8267', '0.7798', '0.8438', '0.8267', '0.8494', '0.8381', '0.8352', '0.8452', '0.8636', '0.8366', '0.8295', '0.8324', '0.8210', '0.7841', '0.8665', '0.8693', '0.8494', '0.8636', '0.8636', '0.8125', '0.8494', '0.8551', '0.8423', '0.8693', '0.8523', '0.8395', '0.8409', '0.8480', '0.8452', '0.8480', '0.8466', '0.8480', '0.8608', '0.8480', '0.8565', '0.8466', '0.8324', '0.8494', '0.8366', '0.8281', '0.8778', '0.8352', '0.8139']
INFO:__main__:****************************************************************************************************
INFO:__main__: epoch0 测试test_Loss: 0.7484  test_ACC: 0.8487  
INFO:__main__:SENS: 0.7976 SPEC: 0.8914 PPV: 0.8599 NPV: 0.8405
INFO:__main__:test_Best_acc:0.8487

