INFO:__main__:
【train】epoch:0/150 loss:0.6648 acc:0.6621
INFO:__main__:
【val】epoch:0/150 loss:0.5720 acc:0.7113
INFO:__main__:
【Val】:  SENS: 0.0043  SPEC: 0.9982  PPV: 0.5000  NPV: 0.7118 F1:0.0086
INFO:__main__:验证的best_acc:0.7113
INFO:__main__:----------------------------------------------------------------------------------------------------
INFO:__main__:
【train】epoch:1/150 loss:0.6517 acc:0.6658
INFO:__main__:
【val】epoch:1/150 loss:0.6914 acc:0.5675
INFO:__main__:
【Val】:  SENS: 0.3030  SPEC: 0.6749  PPV: 0.2745  NPV: 0.7046 F1:0.2881
INFO:__main__:验证的best_acc:0.7113
INFO:__main__:----------------------------------------------------------------------------------------------------
INFO:__main__:
【train】epoch:0/150 loss:0.6648 acc:0.6621
INFO:__main__:
【val】epoch:0/150 loss:0.5720 acc:0.7113
INFO:__main__:
【Val】:  SENS: 0.0043  SPEC: 0.9982  PPV: 0.5000  NPV: 0.7118 F1:0.0086
INFO:__main__:验证的best_acc:0.7113
INFO:__main__:----------------------------------------------------------------------------------------------------
INFO:__main__:
【train】epoch:1/150 loss:0.6517 acc:0.6658
INFO:__main__:
【val】epoch:1/150 loss:0.6914 acc:0.5675
INFO:__main__:
【Val】:  SENS: 0.3030  SPEC: 0.6749  PPV: 0.2745  NPV: 0.7046 F1:0.2881
INFO:__main__:验证的best_acc:0.7113
INFO:__main__:----------------------------------------------------------------------------------------------------
INFO:__main__:
【train】epoch:2/150 loss:0.6405 acc:0.6763
INFO:__main__:
【val】epoch:2/150 loss:0.5759 acc:0.7100
INFO:__main__:
【Val】:  SENS: 0.0173  SPEC: 0.9912  PPV: 0.4444  NPV: 0.7130 F1:0.0333
INFO:__main__:验证的best_acc:0.7113
INFO:__main__:----------------------------------------------------------------------------------------------------
INFO:__main__:
【train】epoch:3/150 loss:0.6309 acc:0.6765
INFO:__main__:
【val】epoch:3/150 loss:0.6107 acc:0.6862
INFO:__main__:
【Val】:  SENS: 0.1688  SPEC: 0.8963  PPV: 0.3980  NPV: 0.7265 F1:0.2371
INFO:__main__:验证的best_acc:0.7113
INFO:__main__:----------------------------------------------------------------------------------------------------
INFO:__main__:
【train】epoch:4/150 loss:0.6336 acc:0.6757
INFO:__main__:
【val】epoch:4/150 loss:0.5747 acc:0.7088
INFO:__main__:
【Val】:  SENS: 0.0000  SPEC: 0.9965  PPV: 0.0000  NPV: 0.7105 F1:nan
INFO:__main__:验证的best_acc:0.7113
INFO:__main__:----------------------------------------------------------------------------------------------------
INFO:__main__:
【train】epoch:5/150 loss:0.6269 acc:0.6789
INFO:__main__:
【val】epoch:5/150 loss:0.5690 acc:0.7113
INFO:__main__:
【Val】:  SENS: 0.0000  SPEC: 1.0000  PPV: nan  NPV: 0.7113 F1:nan
INFO:__main__:验证的best_acc:0.7113
INFO:__main__:----------------------------------------------------------------------------------------------------
INFO:__main__:
【train】epoch:6/150 loss:0.6240 acc:0.6858
INFO:__main__:
【val】epoch:6/150 loss:0.5773 acc:0.7113
INFO:__main__:
【Val】:  SENS: 0.0130  SPEC: 0.9947  PPV: 0.5000  NPV: 0.7128 F1:0.0253
INFO:__main__:验证的best_acc:0.7113
INFO:__main__:----------------------------------------------------------------------------------------------------
INFO:__main__:
【train】epoch:7/150 loss:0.6291 acc:0.6753
INFO:__main__:
【val】epoch:7/150 loss:0.5803 acc:0.7075
INFO:__main__:
【Val】:  SENS: 0.0476  SPEC: 0.9754  PPV: 0.4400  NPV: 0.7161 F1:0.0859
INFO:__main__:验证的best_acc:0.7113
INFO:__main__:----------------------------------------------------------------------------------------------------
INFO:__main__:
【train】epoch:8/150 loss:0.6272 acc:0.6787
INFO:__main__:
【val】epoch:8/150 loss:0.5588 acc:0.7113
INFO:__main__:
【Val】:  SENS: 0.0087  SPEC: 0.9965  PPV: 0.5000  NPV: 0.7123 F1:0.0170
INFO:__main__:验证的best_acc:0.7113
INFO:__main__:----------------------------------------------------------------------------------------------------
INFO:__main__:
【train】epoch:9/150 loss:0.6111 acc:0.6870
INFO:__main__:
【val】epoch:9/150 loss:0.5567 acc:0.7025
INFO:__main__:
【Val】:  SENS: 0.2468  SPEC: 0.8875  PPV: 0.4711  NPV: 0.7437 F1:0.3239
INFO:__main__:验证的best_acc:0.7113
INFO:__main__:----------------------------------------------------------------------------------------------------
INFO:__main__:
【train】epoch:10/150 loss:0.6107 acc:0.6884
INFO:__main__:
【val】epoch:10/150 loss:0.5610 acc:0.7113
INFO:__main__:
【Val】:  SENS: 0.2771  SPEC: 0.8875  PPV: 0.5000  NPV: 0.7515 F1:0.3565
INFO:__main__:验证的best_acc:0.7113
INFO:__main__:----------------------------------------------------------------------------------------------------
INFO:__main__:
【train】epoch:11/150 loss:0.6096 acc:0.6938
INFO:__main__:
【val】epoch:11/150 loss:0.5552 acc:0.7150
INFO:__main__:
【Val】:  SENS: 0.1039  SPEC: 0.9631  PPV: 0.5333  NPV: 0.7258 F1:0.1739
INFO:__main__:验证的best_acc:0.7150
INFO:__main__:----------------------------------------------------------------------------------------------------
INFO:__main__:
【train】epoch:12/150 loss:0.6067 acc:0.6895
INFO:__main__:
【val】epoch:12/150 loss:0.5517 acc:0.7188
INFO:__main__:
【Val】:  SENS: 0.1861  SPEC: 0.9350  PPV: 0.5375  NPV: 0.7389 F1:0.2765
INFO:__main__:验证的best_acc:0.7188
INFO:__main__:----------------------------------------------------------------------------------------------------
INFO:__main__:
【train】epoch:13/150 loss:0.6068 acc:0.6870
INFO:__main__:
【val】epoch:13/150 loss:0.5639 acc:0.7188
INFO:__main__:
【Val】:  SENS: 0.2554  SPEC: 0.9069  PPV: 0.5268  NPV: 0.7500 F1:0.3440
INFO:__main__:验证的best_acc:0.7188
INFO:__main__:----------------------------------------------------------------------------------------------------
INFO:__main__:
【train】epoch:14/150 loss:0.6058 acc:0.6944
INFO:__main__:
【val】epoch:14/150 loss:0.5500 acc:0.7200
INFO:__main__:
【Val】:  SENS: 0.2554  SPEC: 0.9086  PPV: 0.5315  NPV: 0.7504 F1:0.3450
INFO:__main__:验证的best_acc:0.7200
INFO:__main__:----------------------------------------------------------------------------------------------------
INFO:__main__:
【train】epoch:15/150 loss:0.6022 acc:0.6905
INFO:__main__:
【val】epoch:15/150 loss:0.5537 acc:0.7163
INFO:__main__:
【Val】:  SENS: 0.2987  SPEC: 0.8858  PPV: 0.5149  NPV: 0.7568 F1:0.3781
INFO:__main__:验证的best_acc:0.7200
INFO:__main__:----------------------------------------------------------------------------------------------------
INFO:__main__:
【train】epoch:16/150 loss:0.6003 acc:0.6941
INFO:__main__:
【val】epoch:16/150 loss:0.5624 acc:0.7050
INFO:__main__:
【Val】:  SENS: 0.2468  SPEC: 0.8910  PPV: 0.4790  NPV: 0.7445 F1:0.3257
INFO:__main__:验证的best_acc:0.7200
INFO:__main__:----------------------------------------------------------------------------------------------------
INFO:__main__:
【train】epoch:17/150 loss:0.6000 acc:0.6914
INFO:__main__:
【val】epoch:17/150 loss:0.5516 acc:0.7150
INFO:__main__:
【Val】:  SENS: 0.1861  SPEC: 0.9297  PPV: 0.5181  NPV: 0.7378 F1:0.2739
INFO:__main__:验证的best_acc:0.7200
INFO:__main__:----------------------------------------------------------------------------------------------------
INFO:__main__:
【train】epoch:18/150 loss:0.5984 acc:0.6941
INFO:__main__:
【val】epoch:18/150 loss:0.5584 acc:0.7125
INFO:__main__:
【Val】:  SENS: 0.2771  SPEC: 0.8893  PPV: 0.5039  NPV: 0.7519 F1:0.3575
INFO:__main__:验证的best_acc:0.7200
INFO:__main__:----------------------------------------------------------------------------------------------------
INFO:__main__:
【train】epoch:19/150 loss:0.5919 acc:0.6996
INFO:__main__:
【val】epoch:19/150 loss:0.5620 acc:0.7075
INFO:__main__:
【Val】:  SENS: 0.2597  SPEC: 0.8893  PPV: 0.4878  NPV: 0.7474 F1:0.3390
INFO:__main__:验证的best_acc:0.7200
INFO:__main__:----------------------------------------------------------------------------------------------------
INFO:__main__:
【train】epoch:20/150 loss:0.5911 acc:0.6949
INFO:__main__:
【val】epoch:20/150 loss:0.5505 acc:0.7188
INFO:__main__:
【Val】:  SENS: 0.2944  SPEC: 0.8910  PPV: 0.5231  NPV: 0.7567 F1:0.3767
INFO:__main__:验证的best_acc:0.7200
INFO:__main__:----------------------------------------------------------------------------------------------------
INFO:__main__:
【train】epoch:21/150 loss:0.5883 acc:0.6949
INFO:__main__:
【val】epoch:21/150 loss:0.5542 acc:0.7188
INFO:__main__:
【Val】:  SENS: 0.2554  SPEC: 0.9069  PPV: 0.5268  NPV: 0.7500 F1:0.3440
INFO:__main__:验证的best_acc:0.7200
INFO:__main__:----------------------------------------------------------------------------------------------------
INFO:__main__:
【train】epoch:22/150 loss:0.5879 acc:0.6964
INFO:__main__:
【val】epoch:22/150 loss:0.5490 acc:0.7063
INFO:__main__:
【Val】:  SENS: 0.3680  SPEC: 0.8436  PPV: 0.4885  NPV: 0.7668 F1:0.4198
INFO:__main__:验证的best_acc:0.7200
INFO:__main__:----------------------------------------------------------------------------------------------------
INFO:__main__:
【train】epoch:23/150 loss:0.5861 acc:0.6969
INFO:__main__:
【val】epoch:23/150 loss:0.5458 acc:0.7138
INFO:__main__:
【Val】:  SENS: 0.3636  SPEC: 0.8559  PPV: 0.5060  NPV: 0.7681 F1:0.4232
INFO:__main__:验证的best_acc:0.7200
INFO:__main__:----------------------------------------------------------------------------------------------------
INFO:__main__:
【train】epoch:24/150 loss:0.5859 acc:0.6931
INFO:__main__:
【val】epoch:24/150 loss:0.5462 acc:0.7163
INFO:__main__:
【Val】:  SENS: 0.3550  SPEC: 0.8629  PPV: 0.5125  NPV: 0.7672 F1:0.4194
INFO:__main__:验证的best_acc:0.7200
INFO:__main__:----------------------------------------------------------------------------------------------------
INFO:__main__:
【train】epoch:25/150 loss:0.5840 acc:0.6984
INFO:__main__:
【val】epoch:25/150 loss:0.5445 acc:0.7025
INFO:__main__:
【Val】:  SENS: 0.3853  SPEC: 0.8313  PPV: 0.4811  NPV: 0.7691 F1:0.4279
INFO:__main__:验证的best_acc:0.7200
INFO:__main__:----------------------------------------------------------------------------------------------------
INFO:__main__:
【train】epoch:26/150 loss:0.5833 acc:0.6973
INFO:__main__:
【val】epoch:26/150 loss:0.5443 acc:0.7188
INFO:__main__:
【Val】:  SENS: 0.3463  SPEC: 0.8699  PPV: 0.5195  NPV: 0.7663 F1:0.4156
INFO:__main__:验证的best_acc:0.7200
INFO:__main__:----------------------------------------------------------------------------------------------------
INFO:__main__:
【train】epoch:27/150 loss:0.5817 acc:0.6987
INFO:__main__:
【val】epoch:27/150 loss:0.5415 acc:0.7175
INFO:__main__:
【Val】:  SENS: 0.3506  SPEC: 0.8664  PPV: 0.5159  NPV: 0.7667 F1:0.4175
INFO:__main__:验证的best_acc:0.7200
INFO:__main__:----------------------------------------------------------------------------------------------------
INFO:__main__:
【train】epoch:28/150 loss:0.5802 acc:0.6967
INFO:__main__:
【val】epoch:28/150 loss:0.5412 acc:0.7163
INFO:__main__:
【Val】:  SENS: 0.3723  SPEC: 0.8559  PPV: 0.5119  NPV: 0.7706 F1:0.4311
INFO:__main__:验证的best_acc:0.7200
INFO:__main__:----------------------------------------------------------------------------------------------------
INFO:__main__:
【train】epoch:29/150 loss:0.5728 acc:0.7076
INFO:__main__:
【val】epoch:29/150 loss:0.5401 acc:0.7150
INFO:__main__:
【Val】:  SENS: 0.3766  SPEC: 0.8524  PPV: 0.5088  NPV: 0.7711 F1:0.4328
INFO:__main__:验证的best_acc:0.7200
INFO:__main__:----------------------------------------------------------------------------------------------------
INFO:__main__:
【train】epoch:30/150 loss:0.5747 acc:0.7018
INFO:__main__:
【val】epoch:30/150 loss:0.5377 acc:0.7225
INFO:__main__:
【Val】:  SENS: 0.3030  SPEC: 0.8928  PPV: 0.5344  NPV: 0.7593 F1:0.3867
INFO:__main__:验证的best_acc:0.7225
INFO:__main__:----------------------------------------------------------------------------------------------------
INFO:__main__:
【train】epoch:31/150 loss:0.5729 acc:0.7012
INFO:__main__:
【val】epoch:31/150 loss:0.5372 acc:0.7225
INFO:__main__:
【Val】:  SENS: 0.3463  SPEC: 0.8752  PPV: 0.5298  NPV: 0.7673 F1:0.4188
INFO:__main__:验证的best_acc:0.7225
INFO:__main__:----------------------------------------------------------------------------------------------------
INFO:__main__:
【train】epoch:32/150 loss:0.5711 acc:0.7056
INFO:__main__:
【val】epoch:32/150 loss:0.5339 acc:0.7212
INFO:__main__:
【Val】:  SENS: 0.2554  SPEC: 0.9104  PPV: 0.5364  NPV: 0.7507 F1:0.3460
INFO:__main__:验证的best_acc:0.7225
INFO:__main__:----------------------------------------------------------------------------------------------------
INFO:__main__:
【train】epoch:33/150 loss:0.5698 acc:0.7052
INFO:__main__:
【val】epoch:33/150 loss:0.5351 acc:0.7150
INFO:__main__:
【Val】:  SENS: 0.3247  SPEC: 0.8735  PPV: 0.5102  NPV: 0.7611 F1:0.3968
INFO:__main__:验证的best_acc:0.7225
INFO:__main__:----------------------------------------------------------------------------------------------------
INFO:__main__:
【train】epoch:34/150 loss:0.5698 acc:0.7115
INFO:__main__:
【val】epoch:34/150 loss:0.5319 acc:0.7200
INFO:__main__:
【Val】:  SENS: 0.2381  SPEC: 0.9156  PPV: 0.5340  NPV: 0.7475 F1:0.3293
INFO:__main__:验证的best_acc:0.7225
INFO:__main__:----------------------------------------------------------------------------------------------------
INFO:__main__:
【train】epoch:35/150 loss:0.5687 acc:0.7083
INFO:__main__:
【val】epoch:35/150 loss:0.5330 acc:0.7212
INFO:__main__:
【Val】:  SENS: 0.3333  SPEC: 0.8787  PPV: 0.5274  NPV: 0.7645 F1:0.4085
INFO:__main__:验证的best_acc:0.7225
INFO:__main__:----------------------------------------------------------------------------------------------------
INFO:__main__:
【train】epoch:36/150 loss:0.5660 acc:0.7076
INFO:__main__:
【val】epoch:36/150 loss:0.5362 acc:0.7113
INFO:__main__:
【Val】:  SENS: 0.3377  SPEC: 0.8629  PPV: 0.5000  NPV: 0.7624 F1:0.4031
INFO:__main__:验证的best_acc:0.7225
INFO:__main__:----------------------------------------------------------------------------------------------------
INFO:__main__:
【train】epoch:37/150 loss:0.5645 acc:0.7080
INFO:__main__:
【val】epoch:37/150 loss:0.5323 acc:0.7125
INFO:__main__:
【Val】:  SENS: 0.3506  SPEC: 0.8594  PPV: 0.5031  NPV: 0.7653 F1:0.4133
INFO:__main__:验证的best_acc:0.7225
INFO:__main__:----------------------------------------------------------------------------------------------------
INFO:__main__:
【train】epoch:38/150 loss:0.5630 acc:0.7080
INFO:__main__:
【val】epoch:38/150 loss:0.5311 acc:0.7237
INFO:__main__:
【Val】:  SENS: 0.3377  SPEC: 0.8805  PPV: 0.5342  NPV: 0.7661 F1:0.4138
INFO:__main__:验证的best_acc:0.7237
INFO:__main__:----------------------------------------------------------------------------------------------------
INFO:__main__:
【train】epoch:39/150 loss:0.5574 acc:0.7150
INFO:__main__:
【val】epoch:39/150 loss:0.5268 acc:0.7262
INFO:__main__:
【Val】:  SENS: 0.2987  SPEC: 0.8998  PPV: 0.5476  NPV: 0.7596 F1:0.3866
INFO:__main__:验证的best_acc:0.7262
INFO:__main__:----------------------------------------------------------------------------------------------------
INFO:__main__:
【train】epoch:40/150 loss:0.5569 acc:0.7129
INFO:__main__:
【val】epoch:40/150 loss:0.5301 acc:0.7075
INFO:__main__:
【Val】:  SENS: 0.3983  SPEC: 0.8330  PPV: 0.4920  NPV: 0.7732 F1:0.4402
INFO:__main__:验证的best_acc:0.7262
INFO:__main__:----------------------------------------------------------------------------------------------------
INFO:__main__:
【train】epoch:41/150 loss:0.5553 acc:0.7177
INFO:__main__:
【val】epoch:41/150 loss:0.5273 acc:0.7200
INFO:__main__:
【Val】:  SENS: 0.3203  SPEC: 0.8822  PPV: 0.5248  NPV: 0.7618 F1:0.3978
INFO:__main__:验证的best_acc:0.7262
INFO:__main__:----------------------------------------------------------------------------------------------------
INFO:__main__:
【train】epoch:42/150 loss:0.5545 acc:0.7169
INFO:__main__:
【val】epoch:42/150 loss:0.5289 acc:0.7175
INFO:__main__:
【Val】:  SENS: 0.4199  SPEC: 0.8383  PPV: 0.5132  NPV: 0.7807 F1:0.4619
INFO:__main__:验证的best_acc:0.7262
INFO:__main__:----------------------------------------------------------------------------------------------------
INFO:__main__:
【train】epoch:43/150 loss:0.5513 acc:0.7174
INFO:__main__:
【val】epoch:43/150 loss:0.5238 acc:0.7212
INFO:__main__:
【Val】:  SENS: 0.3939  SPEC: 0.8541  PPV: 0.5230  NPV: 0.7764 F1:0.4494
INFO:__main__:验证的best_acc:0.7262
INFO:__main__:----------------------------------------------------------------------------------------------------
INFO:__main__:
【train】epoch:44/150 loss:0.5512 acc:0.7168
INFO:__main__:
【val】epoch:44/150 loss:0.5235 acc:0.7237
INFO:__main__:
【Val】:  SENS: 0.4199  SPEC: 0.8471  PPV: 0.5272  NPV: 0.7825 F1:0.4675
INFO:__main__:验证的best_acc:0.7262
INFO:__main__:----------------------------------------------------------------------------------------------------
INFO:__main__:
【train】epoch:45/150 loss:0.5496 acc:0.7186
INFO:__main__:
【val】epoch:45/150 loss:0.5203 acc:0.7262
INFO:__main__:
【Val】:  SENS: 0.3983  SPEC: 0.8594  PPV: 0.5349  NPV: 0.7787 F1:0.4566
INFO:__main__:验证的best_acc:0.7262
INFO:__main__:----------------------------------------------------------------------------------------------------
INFO:__main__:
【train】epoch:46/150 loss:0.5466 acc:0.7177
INFO:__main__:
【val】epoch:46/150 loss:0.5246 acc:0.7262
INFO:__main__:
【Val】:  SENS: 0.4978  SPEC: 0.8190  PPV: 0.5275  NPV: 0.8007 F1:0.5122
INFO:__main__:验证的best_acc:0.7262
INFO:__main__:----------------------------------------------------------------------------------------------------
INFO:__main__:
【train】epoch:47/150 loss:0.5489 acc:0.7189
INFO:__main__:
【val】epoch:47/150 loss:0.5188 acc:0.7287
INFO:__main__:
【Val】:  SENS: 0.4589  SPEC: 0.8383  PPV: 0.5354  NPV: 0.7924 F1:0.4942
INFO:__main__:验证的best_acc:0.7287
INFO:__main__:----------------------------------------------------------------------------------------------------
INFO:__main__:
【train】epoch:48/150 loss:0.5446 acc:0.7246
INFO:__main__:
【val】epoch:48/150 loss:0.5173 acc:0.7275
INFO:__main__:
【Val】:  SENS: 0.4632  SPEC: 0.8348  PPV: 0.5323  NPV: 0.7930 F1:0.4954
INFO:__main__:验证的best_acc:0.7287
INFO:__main__:----------------------------------------------------------------------------------------------------
INFO:__main__:
【train】epoch:49/150 loss:0.5408 acc:0.7181
INFO:__main__:
【val】epoch:49/150 loss:0.5075 acc:0.7375
INFO:__main__:
【Val】:  SENS: 0.3766  SPEC: 0.8840  PPV: 0.5686  NPV: 0.7774 F1:0.4531
INFO:__main__:验证的best_acc:0.7375
INFO:__main__:----------------------------------------------------------------------------------------------------
INFO:__main__:
【train】epoch:50/150 loss:0.5388 acc:0.7225
INFO:__main__:
【val】epoch:50/150 loss:0.5077 acc:0.7337
INFO:__main__:
【Val】:  SENS: 0.3983  SPEC: 0.8699  PPV: 0.5542  NPV: 0.7808 F1:0.4635
INFO:__main__:验证的best_acc:0.7375
INFO:__main__:----------------------------------------------------------------------------------------------------
INFO:__main__:
【train】epoch:51/150 loss:0.5346 acc:0.7249
INFO:__main__:
【val】epoch:51/150 loss:0.5049 acc:0.7500
INFO:__main__:
【Val】:  SENS: 0.4416  SPEC: 0.8752  PPV: 0.5896  NPV: 0.7943 F1:0.5050
INFO:__main__:验证的best_acc:0.7500
INFO:__main__:----------------------------------------------------------------------------------------------------
INFO:__main__:
【train】epoch:52/150 loss:0.5347 acc:0.7248
INFO:__main__:
【val】epoch:52/150 loss:0.5051 acc:0.7462
INFO:__main__:
【Val】:  SENS: 0.4459  SPEC: 0.8682  PPV: 0.5787  NPV: 0.7942 F1:0.5037
INFO:__main__:验证的best_acc:0.7500
INFO:__main__:----------------------------------------------------------------------------------------------------
INFO:__main__:
【train】epoch:53/150 loss:0.5325 acc:0.7243
INFO:__main__:
【val】epoch:53/150 loss:0.5029 acc:0.7375
INFO:__main__:
【Val】:  SENS: 0.4848  SPEC: 0.8401  PPV: 0.5517  NPV: 0.8007 F1:0.5161
INFO:__main__:验证的best_acc:0.7500
INFO:__main__:----------------------------------------------------------------------------------------------------
INFO:__main__:
【train】epoch:54/150 loss:0.5342 acc:0.7237
INFO:__main__:
【val】epoch:54/150 loss:0.5018 acc:0.7400
INFO:__main__:
【Val】:  SENS: 0.4502  SPEC: 0.8576  PPV: 0.5622  NPV: 0.7935 F1:0.5000
INFO:__main__:验证的best_acc:0.7500
INFO:__main__:----------------------------------------------------------------------------------------------------
INFO:__main__:
【train】epoch:55/150 loss:0.5331 acc:0.7246
INFO:__main__:
【val】epoch:55/150 loss:0.5043 acc:0.7300
INFO:__main__:
【Val】:  SENS: 0.4286  SPEC: 0.8524  PPV: 0.5410  NPV: 0.7861 F1:0.4783
INFO:__main__:验证的best_acc:0.7500
INFO:__main__:----------------------------------------------------------------------------------------------------
INFO:__main__:
【train】epoch:56/150 loss:0.5320 acc:0.7239
INFO:__main__:
【val】epoch:56/150 loss:0.4976 acc:0.7450
INFO:__main__:
【Val】:  SENS: 0.4199  SPEC: 0.8770  PPV: 0.5808  NPV: 0.7883 F1:0.4874
INFO:__main__:验证的best_acc:0.7500
INFO:__main__:----------------------------------------------------------------------------------------------------
INFO:__main__:
【train】epoch:57/150 loss:0.5305 acc:0.7268
INFO:__main__:
【val】epoch:57/150 loss:0.4985 acc:0.7400
INFO:__main__:
【Val】:  SENS: 0.3983  SPEC: 0.8787  PPV: 0.5714  NPV: 0.7825 F1:0.4694
INFO:__main__:验证的best_acc:0.7500
INFO:__main__:----------------------------------------------------------------------------------------------------
INFO:__main__:
【train】epoch:58/150 loss:0.5261 acc:0.7290
INFO:__main__:
【val】epoch:58/150 loss:0.5019 acc:0.7475
INFO:__main__:
【Val】:  SENS: 0.4848  SPEC: 0.8541  PPV: 0.5744  NPV: 0.8033 F1:0.5258
INFO:__main__:验证的best_acc:0.7500
INFO:__main__:----------------------------------------------------------------------------------------------------
INFO:__main__:
【train】epoch:59/150 loss:0.5244 acc:0.7334
INFO:__main__:
【val】epoch:59/150 loss:0.4952 acc:0.7350
INFO:__main__:
【Val】:  SENS: 0.4242  SPEC: 0.8612  PPV: 0.5537  NPV: 0.7865 F1:0.4804
INFO:__main__:验证的best_acc:0.7500
INFO:__main__:----------------------------------------------------------------------------------------------------
INFO:__main__:
【train】epoch:60/150 loss:0.5213 acc:0.7307
INFO:__main__:
【val】epoch:60/150 loss:0.4918 acc:0.7500
INFO:__main__:
【Val】:  SENS: 0.4632  SPEC: 0.8664  PPV: 0.5847  NPV: 0.7990 F1:0.5169
INFO:__main__:验证的best_acc:0.7500
INFO:__main__:----------------------------------------------------------------------------------------------------
INFO:__main__:
【train】epoch:61/150 loss:0.5226 acc:0.7317
INFO:__main__:
【val】epoch:61/150 loss:0.4917 acc:0.7462
INFO:__main__:
【Val】:  SENS: 0.4589  SPEC: 0.8629  PPV: 0.5761  NPV: 0.7971 F1:0.5108
INFO:__main__:验证的best_acc:0.7500
INFO:__main__:----------------------------------------------------------------------------------------------------
INFO:__main__:
【train】epoch:62/150 loss:0.5197 acc:0.7323
INFO:__main__:
【val】epoch:62/150 loss:0.4899 acc:0.7462
INFO:__main__:
【Val】:  SENS: 0.4199  SPEC: 0.8787  PPV: 0.5843  NPV: 0.7886 F1:0.4887
INFO:__main__:验证的best_acc:0.7500
INFO:__main__:----------------------------------------------------------------------------------------------------
INFO:__main__:
【train】epoch:63/150 loss:0.5223 acc:0.7290
INFO:__main__:
【val】epoch:63/150 loss:0.4874 acc:0.7462
INFO:__main__:
【Val】:  SENS: 0.3939  SPEC: 0.8893  PPV: 0.5909  NPV: 0.7833 F1:0.4727
INFO:__main__:验证的best_acc:0.7500
INFO:__main__:----------------------------------------------------------------------------------------------------
INFO:__main__:
【train】epoch:64/150 loss:0.5208 acc:0.7310
INFO:__main__:
【val】epoch:64/150 loss:0.4893 acc:0.7425
INFO:__main__:
【Val】:  SENS: 0.4502  SPEC: 0.8612  PPV: 0.5683  NPV: 0.7942 F1:0.5024
INFO:__main__:验证的best_acc:0.7500
INFO:__main__:----------------------------------------------------------------------------------------------------
INFO:__main__:
【train】epoch:65/150 loss:0.5209 acc:0.7293
INFO:__main__:
【val】epoch:65/150 loss:0.4893 acc:0.7500
INFO:__main__:
【Val】:  SENS: 0.3593  SPEC: 0.9086  PPV: 0.6148  NPV: 0.7774 F1:0.4536
INFO:__main__:验证的best_acc:0.7500
INFO:__main__:----------------------------------------------------------------------------------------------------
INFO:__main__:
【train】epoch:66/150 loss:0.5190 acc:0.7319
INFO:__main__:
【val】epoch:66/150 loss:0.4897 acc:0.7400
INFO:__main__:
【Val】:  SENS: 0.4805  SPEC: 0.8453  PPV: 0.5578  NPV: 0.8003 F1:0.5163
INFO:__main__:验证的best_acc:0.7500
INFO:__main__:----------------------------------------------------------------------------------------------------
INFO:__main__:
【train】epoch:67/150 loss:0.5163 acc:0.7346
INFO:__main__:
【val】epoch:67/150 loss:0.4866 acc:0.7500
INFO:__main__:
【Val】:  SENS: 0.4762  SPEC: 0.8612  PPV: 0.5820  NPV: 0.8020 F1:0.5238
INFO:__main__:验证的best_acc:0.7500
INFO:__main__:----------------------------------------------------------------------------------------------------
INFO:__main__:
【train】epoch:68/150 loss:0.5172 acc:0.7299
INFO:__main__:
【val】epoch:68/150 loss:0.4856 acc:0.7525
INFO:__main__:
【Val】:  SENS: 0.3550  SPEC: 0.9139  PPV: 0.6260  NPV: 0.7773 F1:0.4530
INFO:__main__:验证的best_acc:0.7525
INFO:__main__:----------------------------------------------------------------------------------------------------
INFO:__main__:
【train】epoch:69/150 loss:0.5116 acc:0.7345
INFO:__main__:
【val】epoch:69/150 loss:0.4845 acc:0.7475
INFO:__main__:
【Val】:  SENS: 0.4675  SPEC: 0.8612  PPV: 0.5775  NPV: 0.7993 F1:0.5167
INFO:__main__:验证的best_acc:0.7525
INFO:__main__:----------------------------------------------------------------------------------------------------
INFO:__main__:
【train】epoch:70/150 loss:0.5155 acc:0.7348
INFO:__main__:
【val】epoch:70/150 loss:0.4833 acc:0.7513
INFO:__main__:
【Val】:  SENS: 0.5065  SPEC: 0.8506  PPV: 0.5792  NPV: 0.8094 F1:0.5404
INFO:__main__:验证的best_acc:0.7525
INFO:__main__:----------------------------------------------------------------------------------------------------
INFO:__main__:
【train】epoch:71/150 loss:0.5129 acc:0.7396
INFO:__main__:
【val】epoch:71/150 loss:0.4793 acc:0.7563
INFO:__main__:
【Val】:  SENS: 0.3810  SPEC: 0.9086  PPV: 0.6286  NPV: 0.7833 F1:0.4744
INFO:__main__:验证的best_acc:0.7563
INFO:__main__:----------------------------------------------------------------------------------------------------
INFO:__main__:
【train】epoch:72/150 loss:0.5130 acc:0.7352
INFO:__main__:
【val】epoch:72/150 loss:0.4809 acc:0.7525
INFO:__main__:
【Val】:  SENS: 0.3420  SPEC: 0.9192  PPV: 0.6320  NPV: 0.7748 F1:0.4438
INFO:__main__:验证的best_acc:0.7563
INFO:__main__:----------------------------------------------------------------------------------------------------
INFO:__main__:
【train】epoch:73/150 loss:0.5137 acc:0.7363
INFO:__main__:
【val】epoch:73/150 loss:0.4812 acc:0.7450
INFO:__main__:
【Val】:  SENS: 0.3983  SPEC: 0.8858  PPV: 0.5860  NPV: 0.7838 F1:0.4742
INFO:__main__:验证的best_acc:0.7563
INFO:__main__:----------------------------------------------------------------------------------------------------
INFO:__main__:
【train】epoch:74/150 loss:0.5113 acc:0.7382
INFO:__main__:
【val】epoch:74/150 loss:0.4791 acc:0.7525
INFO:__main__:
【Val】:  SENS: 0.4026  SPEC: 0.8946  PPV: 0.6078  NPV: 0.7867 F1:0.4844
INFO:__main__:验证的best_acc:0.7563
INFO:__main__:----------------------------------------------------------------------------------------------------
INFO:__main__:
【train】epoch:75/150 loss:0.5125 acc:0.7373
INFO:__main__:
【val】epoch:75/150 loss:0.4835 acc:0.7475
INFO:__main__:
【Val】:  SENS: 0.4848  SPEC: 0.8541  PPV: 0.5744  NPV: 0.8033 F1:0.5258
INFO:__main__:验证的best_acc:0.7563
INFO:__main__:----------------------------------------------------------------------------------------------------
INFO:__main__:
【train】epoch:76/150 loss:0.5122 acc:0.7358
INFO:__main__:
【val】epoch:76/150 loss:0.4792 acc:0.7513
INFO:__main__:
【Val】:  SENS: 0.3463  SPEC: 0.9156  PPV: 0.6250  NPV: 0.7753 F1:0.4457
INFO:__main__:验证的best_acc:0.7563
INFO:__main__:----------------------------------------------------------------------------------------------------
INFO:__main__:
【train】epoch:77/150 loss:0.5128 acc:0.7403
INFO:__main__:
【val】epoch:77/150 loss:0.4811 acc:0.7550
INFO:__main__:
【Val】:  SENS: 0.3810  SPEC: 0.9069  PPV: 0.6241  NPV: 0.7830 F1:0.4731
INFO:__main__:验证的best_acc:0.7563
INFO:__main__:----------------------------------------------------------------------------------------------------
INFO:__main__:
【train】epoch:78/150 loss:0.5095 acc:0.7360
INFO:__main__:
【val】epoch:78/150 loss:0.4792 acc:0.7613
INFO:__main__:
【Val】:  SENS: 0.3896  SPEC: 0.9121  PPV: 0.6429  NPV: 0.7864 F1:0.4852
INFO:__main__:验证的best_acc:0.7613
INFO:__main__:----------------------------------------------------------------------------------------------------
INFO:__main__:
【train】epoch:79/150 loss:0.5092 acc:0.7385
INFO:__main__:
【val】epoch:79/150 loss:0.4777 acc:0.7525
INFO:__main__:
【Val】:  SENS: 0.3636  SPEC: 0.9104  PPV: 0.6222  NPV: 0.7789 F1:0.4590
INFO:__main__:验证的best_acc:0.7613
INFO:__main__:----------------------------------------------------------------------------------------------------
INFO:__main__:
【train】epoch:80/150 loss:0.5044 acc:0.7391
INFO:__main__:
【val】epoch:80/150 loss:0.4787 acc:0.7588
INFO:__main__:
【Val】:  SENS: 0.4372  SPEC: 0.8893  PPV: 0.6159  NPV: 0.7956 F1:0.5114
INFO:__main__:验证的best_acc:0.7613
INFO:__main__:----------------------------------------------------------------------------------------------------
INFO:__main__:
【train】epoch:81/150 loss:0.5074 acc:0.7415
INFO:__main__:
【val】epoch:81/150 loss:0.4796 acc:0.7538
INFO:__main__:
【Val】:  SENS: 0.3766  SPEC: 0.9069  PPV: 0.6214  NPV: 0.7818 F1:0.4690
INFO:__main__:验证的best_acc:0.7613
INFO:__main__:----------------------------------------------------------------------------------------------------
INFO:__main__:
【train】epoch:82/150 loss:0.5085 acc:0.7391
INFO:__main__:
【val】epoch:82/150 loss:0.4767 acc:0.7600
INFO:__main__:
【Val】:  SENS: 0.3810  SPEC: 0.9139  PPV: 0.6423  NPV: 0.7843 F1:0.4783
INFO:__main__:验证的best_acc:0.7613
INFO:__main__:----------------------------------------------------------------------------------------------------
INFO:__main__:
【train】epoch:83/150 loss:0.5056 acc:0.7396
INFO:__main__:
【val】epoch:83/150 loss:0.4774 acc:0.7500
INFO:__main__:
【Val】:  SENS: 0.4199  SPEC: 0.8840  PPV: 0.5951  NPV: 0.7896 F1:0.4924
INFO:__main__:验证的best_acc:0.7613
INFO:__main__:----------------------------------------------------------------------------------------------------
INFO:__main__:
【train】epoch:84/150 loss:0.5081 acc:0.7393
INFO:__main__:
【val】epoch:84/150 loss:0.4774 acc:0.7538
INFO:__main__:
【Val】:  SENS: 0.3420  SPEC: 0.9209  PPV: 0.6371  NPV: 0.7751 F1:0.4451
INFO:__main__:验证的best_acc:0.7613
INFO:__main__:----------------------------------------------------------------------------------------------------
INFO:__main__:
【train】epoch:85/150 loss:0.5049 acc:0.7421
INFO:__main__:
【val】epoch:85/150 loss:0.4764 acc:0.7487
INFO:__main__:
【Val】:  SENS: 0.4459  SPEC: 0.8717  PPV: 0.5852  NPV: 0.7949 F1:0.5061
INFO:__main__:验证的best_acc:0.7613
INFO:__main__:----------------------------------------------------------------------------------------------------
INFO:__main__:
【train】epoch:86/150 loss:0.5031 acc:0.7409
INFO:__main__:
【val】epoch:86/150 loss:0.4767 acc:0.7500
INFO:__main__:
【Val】:  SENS: 0.4502  SPEC: 0.8717  PPV: 0.5876  NPV: 0.7961 F1:0.5098
INFO:__main__:验证的best_acc:0.7613
INFO:__main__:----------------------------------------------------------------------------------------------------
INFO:__main__:
【train】epoch:87/150 loss:0.5056 acc:0.7437
INFO:__main__:
【val】epoch:87/150 loss:0.4751 acc:0.7487
INFO:__main__:
【Val】:  SENS: 0.3853  SPEC: 0.8963  PPV: 0.6014  NPV: 0.7822 F1:0.4697
INFO:__main__:验证的best_acc:0.7613
INFO:__main__:----------------------------------------------------------------------------------------------------
INFO:__main__:
【train】epoch:88/150 loss:0.5069 acc:0.7346
INFO:__main__:
【val】epoch:88/150 loss:0.4770 acc:0.7475
INFO:__main__:
【Val】:  SENS: 0.4589  SPEC: 0.8647  PPV: 0.5792  NPV: 0.7974 F1:0.5121
INFO:__main__:验证的best_acc:0.7613
INFO:__main__:----------------------------------------------------------------------------------------------------
INFO:__main__:
【train】epoch:89/150 loss:0.5054 acc:0.7432
INFO:__main__:
【val】epoch:89/150 loss:0.4768 acc:0.7563
INFO:__main__:
【Val】:  SENS: 0.3636  SPEC: 0.9156  PPV: 0.6364  NPV: 0.7799 F1:0.4628
INFO:__main__:验证的best_acc:0.7613
INFO:__main__:----------------------------------------------------------------------------------------------------
INFO:__main__:
【train】epoch:90/150 loss:0.5018 acc:0.7470
INFO:__main__:
【val】epoch:90/150 loss:0.4751 acc:0.7588
INFO:__main__:
【Val】:  SENS: 0.3463  SPEC: 0.9262  PPV: 0.6557  NPV: 0.7773 F1:0.4533
INFO:__main__:验证的best_acc:0.7613
INFO:__main__:----------------------------------------------------------------------------------------------------
INFO:__main__:
【train】epoch:91/150 loss:0.5036 acc:0.7381
INFO:__main__:
【val】epoch:91/150 loss:0.4737 acc:0.7600
INFO:__main__:
【Val】:  SENS: 0.3810  SPEC: 0.9139  PPV: 0.6423  NPV: 0.7843 F1:0.4783
INFO:__main__:验证的best_acc:0.7613
INFO:__main__:----------------------------------------------------------------------------------------------------
INFO:__main__:
【train】epoch:92/150 loss:0.5040 acc:0.7403
INFO:__main__:
【val】epoch:92/150 loss:0.4734 acc:0.7513
INFO:__main__:
【Val】:  SENS: 0.3853  SPEC: 0.8998  PPV: 0.6096  NPV: 0.7829 F1:0.4721
INFO:__main__:验证的best_acc:0.7613
INFO:__main__:----------------------------------------------------------------------------------------------------
INFO:__main__:
【train】epoch:93/150 loss:0.5028 acc:0.7400
INFO:__main__:
【val】epoch:93/150 loss:0.4732 acc:0.7575
INFO:__main__:
【Val】:  SENS: 0.3723  SPEC: 0.9139  PPV: 0.6370  NPV: 0.7820 F1:0.4699
INFO:__main__:验证的best_acc:0.7613
INFO:__main__:----------------------------------------------------------------------------------------------------
INFO:__main__:
【train】epoch:94/150 loss:0.4977 acc:0.7453
INFO:__main__:
【val】epoch:94/150 loss:0.4731 acc:0.7500
INFO:__main__:
【Val】:  SENS: 0.4113  SPEC: 0.8875  PPV: 0.5975  NPV: 0.7878 F1:0.4872
INFO:__main__:验证的best_acc:0.7613
INFO:__main__:----------------------------------------------------------------------------------------------------
INFO:__main__:
【train】epoch:95/150 loss:0.4998 acc:0.7426
INFO:__main__:
【val】epoch:95/150 loss:0.4760 acc:0.7475
INFO:__main__:
【Val】:  SENS: 0.4632  SPEC: 0.8629  PPV: 0.5784  NPV: 0.7984 F1:0.5144
INFO:__main__:验证的best_acc:0.7613
INFO:__main__:----------------------------------------------------------------------------------------------------
INFO:__main__:
【train】epoch:96/150 loss:0.5022 acc:0.7394
INFO:__main__:
【val】epoch:96/150 loss:0.4727 acc:0.7475
INFO:__main__:
【Val】:  SENS: 0.3810  SPEC: 0.8963  PPV: 0.5986  NPV: 0.7810 F1:0.4656
INFO:__main__:验证的best_acc:0.7613
INFO:__main__:----------------------------------------------------------------------------------------------------
INFO:__main__:
【train】epoch:97/150 loss:0.4985 acc:0.7440
INFO:__main__:
【val】epoch:97/150 loss:0.4761 acc:0.7525
INFO:__main__:
【Val】:  SENS: 0.4848  SPEC: 0.8612  PPV: 0.5864  NPV: 0.8046 F1:0.5308
INFO:__main__:验证的best_acc:0.7613
INFO:__main__:----------------------------------------------------------------------------------------------------
INFO:__main__:
【train】epoch:98/150 loss:0.4993 acc:0.7417
INFO:__main__:
【val】epoch:98/150 loss:0.4718 acc:0.7538
INFO:__main__:
【Val】:  SENS: 0.4242  SPEC: 0.8875  PPV: 0.6049  NPV: 0.7915 F1:0.4987
INFO:__main__:验证的best_acc:0.7613
INFO:__main__:----------------------------------------------------------------------------------------------------
INFO:__main__:
【train】epoch:99/150 loss:0.4976 acc:0.7443
INFO:__main__:
【val】epoch:99/150 loss:0.4709 acc:0.7550
INFO:__main__:
【Val】:  SENS: 0.3939  SPEC: 0.9016  PPV: 0.6190  NPV: 0.7856 F1:0.4815
INFO:__main__:验证的best_acc:0.7613
INFO:__main__:----------------------------------------------------------------------------------------------------
INFO:__main__:
【train】epoch:100/150 loss:0.4984 acc:0.7435
INFO:__main__:
【val】epoch:100/150 loss:0.4731 acc:0.7462
INFO:__main__:
【Val】:  SENS: 0.3203  SPEC: 0.9192  PPV: 0.6167  NPV: 0.7691 F1:0.4217
INFO:__main__:验证的best_acc:0.7613
INFO:__main__:----------------------------------------------------------------------------------------------------
INFO:__main__:
【train】epoch:101/150 loss:0.4979 acc:0.7483
INFO:__main__:
【val】epoch:101/150 loss:0.4713 acc:0.7500
INFO:__main__:
【Val】:  SENS: 0.4113  SPEC: 0.8875  PPV: 0.5975  NPV: 0.7878 F1:0.4872
INFO:__main__:验证的best_acc:0.7613
INFO:__main__:----------------------------------------------------------------------------------------------------
INFO:__main__:
【train】epoch:102/150 loss:0.4950 acc:0.7456
INFO:__main__:
【val】epoch:102/150 loss:0.4709 acc:0.7538
INFO:__main__:
【Val】:  SENS: 0.4329  SPEC: 0.8840  PPV: 0.6024  NPV: 0.7934 F1:0.5038
INFO:__main__:验证的best_acc:0.7613
INFO:__main__:----------------------------------------------------------------------------------------------------
INFO:__main__:
【train】epoch:103/150 loss:0.4976 acc:0.7452
INFO:__main__:
【val】epoch:103/150 loss:0.4721 acc:0.7513
INFO:__main__:
【Val】:  SENS: 0.3160  SPEC: 0.9279  PPV: 0.6404  NPV: 0.7697 F1:0.4232
INFO:__main__:验证的best_acc:0.7613
INFO:__main__:----------------------------------------------------------------------------------------------------
INFO:__main__:
【train】epoch:104/150 loss:0.4965 acc:0.7471
INFO:__main__:
【val】epoch:104/150 loss:0.4722 acc:0.7600
INFO:__main__:
【Val】:  SENS: 0.3593  SPEC: 0.9227  PPV: 0.6535  NPV: 0.7801 F1:0.4637
INFO:__main__:验证的best_acc:0.7613
INFO:__main__:----------------------------------------------------------------------------------------------------
INFO:__main__:
【train】epoch:105/150 loss:0.4964 acc:0.7420
INFO:__main__:
【val】epoch:105/150 loss:0.4721 acc:0.7538
INFO:__main__:
【Val】:  SENS: 0.3160  SPEC: 0.9315  PPV: 0.6518  NPV: 0.7703 F1:0.4257
INFO:__main__:验证的best_acc:0.7613
INFO:__main__:----------------------------------------------------------------------------------------------------
INFO:__main__:
【train】epoch:106/150 loss:0.4967 acc:0.7494
INFO:__main__:
【val】epoch:106/150 loss:0.4739 acc:0.7538
INFO:__main__:
【Val】:  SENS: 0.4892  SPEC: 0.8612  PPV: 0.5885  NPV: 0.8059 F1:0.5343
INFO:__main__:验证的best_acc:0.7613
INFO:__main__:----------------------------------------------------------------------------------------------------
INFO:__main__:
【train】epoch:107/150 loss:0.4984 acc:0.7459
INFO:__main__:
【val】epoch:107/150 loss:0.4693 acc:0.7563
INFO:__main__:
【Val】:  SENS: 0.3853  SPEC: 0.9069  PPV: 0.6268  NPV: 0.7842 F1:0.4772
INFO:__main__:验证的best_acc:0.7613
INFO:__main__:----------------------------------------------------------------------------------------------------
INFO:__main__:
【train】epoch:108/150 loss:0.4951 acc:0.7402
INFO:__main__:
【val】epoch:108/150 loss:0.4706 acc:0.7613
INFO:__main__:
【Val】:  SENS: 0.3766  SPEC: 0.9174  PPV: 0.6493  NPV: 0.7838 F1:0.4767
INFO:__main__:验证的best_acc:0.7613
INFO:__main__:----------------------------------------------------------------------------------------------------
INFO:__main__:
【train】epoch:109/150 loss:0.4931 acc:0.7479
INFO:__main__:
【val】epoch:109/150 loss:0.4696 acc:0.7588
INFO:__main__:
【Val】:  SENS: 0.4069  SPEC: 0.9016  PPV: 0.6267  NPV: 0.7892 F1:0.4934
INFO:__main__:验证的best_acc:0.7613
INFO:__main__:----------------------------------------------------------------------------------------------------
INFO:__main__:
【train】epoch:110/150 loss:0.4925 acc:0.7482
INFO:__main__:
【val】epoch:110/150 loss:0.4691 acc:0.7550
INFO:__main__:
【Val】:  SENS: 0.3636  SPEC: 0.9139  PPV: 0.6316  NPV: 0.7796 F1:0.4615
INFO:__main__:验证的best_acc:0.7613
INFO:__main__:----------------------------------------------------------------------------------------------------
INFO:__main__:
【train】epoch:111/150 loss:0.4947 acc:0.7497
INFO:__main__:
【val】epoch:111/150 loss:0.4690 acc:0.7600
INFO:__main__:
【Val】:  SENS: 0.4416  SPEC: 0.8893  PPV: 0.6182  NPV: 0.7969 F1:0.5152
INFO:__main__:验证的best_acc:0.7613
INFO:__main__:----------------------------------------------------------------------------------------------------
INFO:__main__:
【train】epoch:112/150 loss:0.4914 acc:0.7515
INFO:__main__:
【val】epoch:112/150 loss:0.4706 acc:0.7500
INFO:__main__:
【Val】:  SENS: 0.3983  SPEC: 0.8928  PPV: 0.6013  NPV: 0.7852 F1:0.4792
INFO:__main__:验证的best_acc:0.7613
INFO:__main__:----------------------------------------------------------------------------------------------------
INFO:__main__:
【train】epoch:113/150 loss:0.4951 acc:0.7483
INFO:__main__:
【val】epoch:113/150 loss:0.4680 acc:0.7588
INFO:__main__:
【Val】:  SENS: 0.4459  SPEC: 0.8858  PPV: 0.6131  NPV: 0.7975 F1:0.5163
INFO:__main__:验证的best_acc:0.7613
INFO:__main__:----------------------------------------------------------------------------------------------------
INFO:__main__:
【train】epoch:114/150 loss:0.4933 acc:0.7512
INFO:__main__:
【val】epoch:114/150 loss:0.4673 acc:0.7588
INFO:__main__:
【Val】:  SENS: 0.4199  SPEC: 0.8963  PPV: 0.6218  NPV: 0.7919 F1:0.5013
INFO:__main__:验证的best_acc:0.7613
INFO:__main__:----------------------------------------------------------------------------------------------------
INFO:__main__:
【train】epoch:115/150 loss:0.4925 acc:0.7471
INFO:__main__:
【val】epoch:115/150 loss:0.4684 acc:0.7600
INFO:__main__:
【Val】:  SENS: 0.4156  SPEC: 0.8998  PPV: 0.6275  NPV: 0.7913 F1:0.5000
INFO:__main__:验证的best_acc:0.7613
INFO:__main__:----------------------------------------------------------------------------------------------------
INFO:__main__:
【train】epoch:116/150 loss:0.4918 acc:0.7443
INFO:__main__:
【val】epoch:116/150 loss:0.4672 acc:0.7575
INFO:__main__:
【Val】:  SENS: 0.3939  SPEC: 0.9051  PPV: 0.6276  NPV: 0.7863 F1:0.4840
INFO:__main__:验证的best_acc:0.7613
INFO:__main__:----------------------------------------------------------------------------------------------------
INFO:__main__:
【train】epoch:117/150 loss:0.4881 acc:0.7532
INFO:__main__:
【val】epoch:117/150 loss:0.4676 acc:0.7487
INFO:__main__:
【Val】:  SENS: 0.4199  SPEC: 0.8822  PPV: 0.5915  NPV: 0.7893 F1:0.4911
INFO:__main__:验证的best_acc:0.7613
INFO:__main__:----------------------------------------------------------------------------------------------------
INFO:__main__:
【train】epoch:118/150 loss:0.4916 acc:0.7515
INFO:__main__:
【val】epoch:118/150 loss:0.4678 acc:0.7538
INFO:__main__:
【Val】:  SENS: 0.3680  SPEC: 0.9104  PPV: 0.6250  NPV: 0.7801 F1:0.4632
INFO:__main__:验证的best_acc:0.7613
INFO:__main__:----------------------------------------------------------------------------------------------------
INFO:__main__:
【train】epoch:119/150 loss:0.4887 acc:0.7485
INFO:__main__:
【val】epoch:119/150 loss:0.4661 acc:0.7513
INFO:__main__:
【Val】:  SENS: 0.4026  SPEC: 0.8928  PPV: 0.6039  NPV: 0.7864 F1:0.4831
INFO:__main__:验证的best_acc:0.7613
INFO:__main__:----------------------------------------------------------------------------------------------------
INFO:__main__:
【train】epoch:120/150 loss:0.4912 acc:0.7511
INFO:__main__:
【val】epoch:120/150 loss:0.4680 acc:0.7613
INFO:__main__:
【Val】:  SENS: 0.3896  SPEC: 0.9121  PPV: 0.6429  NPV: 0.7864 F1:0.4852
INFO:__main__:验证的best_acc:0.7613
INFO:__main__:----------------------------------------------------------------------------------------------------
INFO:__main__:
【train】epoch:121/150 loss:0.4869 acc:0.7495
INFO:__main__:
【val】epoch:121/150 loss:0.4666 acc:0.7563
INFO:__main__:
【Val】:  SENS: 0.3766  SPEC: 0.9104  PPV: 0.6304  NPV: 0.7825 F1:0.4715
INFO:__main__:验证的best_acc:0.7613
INFO:__main__:----------------------------------------------------------------------------------------------------
INFO:__main__:
【train】epoch:122/150 loss:0.4913 acc:0.7453
INFO:__main__:
【val】epoch:122/150 loss:0.4667 acc:0.7613
INFO:__main__:
【Val】:  SENS: 0.3636  SPEC: 0.9227  PPV: 0.6562  NPV: 0.7812 F1:0.4680
INFO:__main__:验证的best_acc:0.7613
INFO:__main__:----------------------------------------------------------------------------------------------------
INFO:__main__:
【train】epoch:123/150 loss:0.4896 acc:0.7495
INFO:__main__:
【val】epoch:123/150 loss:0.4667 acc:0.7475
INFO:__main__:
【Val】:  SENS: 0.3983  SPEC: 0.8893  PPV: 0.5935  NPV: 0.7845 F1:0.4767
INFO:__main__:验证的best_acc:0.7613
INFO:__main__:----------------------------------------------------------------------------------------------------
INFO:__main__:
【train】epoch:124/150 loss:0.4888 acc:0.7482
INFO:__main__:
【val】epoch:124/150 loss:0.4650 acc:0.7600
INFO:__main__:
【Val】:  SENS: 0.3896  SPEC: 0.9104  PPV: 0.6383  NPV: 0.7860 F1:0.4839
INFO:__main__:验证的best_acc:0.7613
INFO:__main__:----------------------------------------------------------------------------------------------------
INFO:__main__:
【train】epoch:125/150 loss:0.4937 acc:0.7447
INFO:__main__:
【val】epoch:125/150 loss:0.4660 acc:0.7588
INFO:__main__:
【Val】:  SENS: 0.4113  SPEC: 0.8998  PPV: 0.6250  NPV: 0.7901 F1:0.4961
INFO:__main__:验证的best_acc:0.7613
INFO:__main__:----------------------------------------------------------------------------------------------------
INFO:__main__:
【train】epoch:126/150 loss:0.4900 acc:0.7520
INFO:__main__:
【val】epoch:126/150 loss:0.4654 acc:0.7563
INFO:__main__:
【Val】:  SENS: 0.4329  SPEC: 0.8875  PPV: 0.6098  NPV: 0.7940 F1:0.5063
INFO:__main__:验证的best_acc:0.7613
INFO:__main__:----------------------------------------------------------------------------------------------------
INFO:__main__:
【train】epoch:127/150 loss:0.4882 acc:0.7449
INFO:__main__:
【val】epoch:127/150 loss:0.4656 acc:0.7613
INFO:__main__:
【Val】:  SENS: 0.3853  SPEC: 0.9139  PPV: 0.6449  NPV: 0.7855 F1:0.4824
INFO:__main__:验证的best_acc:0.7613
INFO:__main__:----------------------------------------------------------------------------------------------------
INFO:__main__:
【train】epoch:128/150 loss:0.4873 acc:0.7532
INFO:__main__:
【val】epoch:128/150 loss:0.4652 acc:0.7625
INFO:__main__:
【Val】:  SENS: 0.4026  SPEC: 0.9086  PPV: 0.6414  NPV: 0.7893 F1:0.4947
INFO:__main__:验证的best_acc:0.7625
INFO:__main__:----------------------------------------------------------------------------------------------------
INFO:__main__:
【train】epoch:129/150 loss:0.4839 acc:0.7527
INFO:__main__:
【val】epoch:129/150 loss:0.4665 acc:0.7600
INFO:__main__:
【Val】:  SENS: 0.3983  SPEC: 0.9069  PPV: 0.6345  NPV: 0.7878 F1:0.4894
INFO:__main__:验证的best_acc:0.7625
INFO:__main__:----------------------------------------------------------------------------------------------------
INFO:__main__:
【train】epoch:130/150 loss:0.4907 acc:0.7474
INFO:__main__:
【val】epoch:130/150 loss:0.4660 acc:0.7613
INFO:__main__:
【Val】:  SENS: 0.3896  SPEC: 0.9121  PPV: 0.6429  NPV: 0.7864 F1:0.4852
INFO:__main__:验证的best_acc:0.7625
INFO:__main__:----------------------------------------------------------------------------------------------------
INFO:__main__:
【train】epoch:131/150 loss:0.4876 acc:0.7491
INFO:__main__:
【val】epoch:131/150 loss:0.4660 acc:0.7650
INFO:__main__:
【Val】:  SENS: 0.3766  SPEC: 0.9227  PPV: 0.6641  NPV: 0.7848 F1:0.4807
INFO:__main__:验证的best_acc:0.7650
INFO:__main__:----------------------------------------------------------------------------------------------------
INFO:__main__:
【train】epoch:132/150 loss:0.4859 acc:0.7521
INFO:__main__:
【val】epoch:132/150 loss:0.4658 acc:0.7487
INFO:__main__:
【Val】:  SENS: 0.4372  SPEC: 0.8752  PPV: 0.5872  NPV: 0.7930 F1:0.5012
INFO:__main__:验证的best_acc:0.7650
INFO:__main__:----------------------------------------------------------------------------------------------------
INFO:__main__:
【train】epoch:133/150 loss:0.4872 acc:0.7453
INFO:__main__:
【val】epoch:133/150 loss:0.4636 acc:0.7625
INFO:__main__:
【Val】:  SENS: 0.3896  SPEC: 0.9139  PPV: 0.6475  NPV: 0.7867 F1:0.4865
INFO:__main__:验证的best_acc:0.7650
INFO:__main__:----------------------------------------------------------------------------------------------------
INFO:__main__:
【train】epoch:134/150 loss:0.4856 acc:0.7508
INFO:__main__:
【val】epoch:134/150 loss:0.4652 acc:0.7625
INFO:__main__:
【Val】:  SENS: 0.3636  SPEC: 0.9244  PPV: 0.6614  NPV: 0.7816 F1:0.4693
INFO:__main__:验证的best_acc:0.7650
INFO:__main__:----------------------------------------------------------------------------------------------------
INFO:__main__:
【train】epoch:135/150 loss:0.4820 acc:0.7495
INFO:__main__:
【val】epoch:135/150 loss:0.4635 acc:0.7625
INFO:__main__:
【Val】:  SENS: 0.3939  SPEC: 0.9121  PPV: 0.6454  NPV: 0.7876 F1:0.4892
INFO:__main__:验证的best_acc:0.7650
INFO:__main__:----------------------------------------------------------------------------------------------------
INFO:__main__:
【train】epoch:136/150 loss:0.4857 acc:0.7482
INFO:__main__:
【val】epoch:136/150 loss:0.4639 acc:0.7588
INFO:__main__:
【Val】:  SENS: 0.3723  SPEC: 0.9156  PPV: 0.6418  NPV: 0.7823 F1:0.4712
INFO:__main__:验证的best_acc:0.7650
INFO:__main__:----------------------------------------------------------------------------------------------------
INFO:__main__:
【train】epoch:137/150 loss:0.4873 acc:0.7515
INFO:__main__:
【val】epoch:137/150 loss:0.4637 acc:0.7625
INFO:__main__:
【Val】:  SENS: 0.4199  SPEC: 0.9016  PPV: 0.6340  NPV: 0.7929 F1:0.5052
INFO:__main__:验证的best_acc:0.7650
INFO:__main__:----------------------------------------------------------------------------------------------------
INFO:__main__:
【train】epoch:138/150 loss:0.4869 acc:0.7467
INFO:__main__:
【val】epoch:138/150 loss:0.4627 acc:0.7500
INFO:__main__:
【Val】:  SENS: 0.4589  SPEC: 0.8682  PPV: 0.5856  NPV: 0.7981 F1:0.5146
INFO:__main__:验证的best_acc:0.7650
INFO:__main__:----------------------------------------------------------------------------------------------------
INFO:__main__:
【train】epoch:139/150 loss:0.4851 acc:0.7569
INFO:__main__:
【val】epoch:139/150 loss:0.4642 acc:0.7625
INFO:__main__:
【Val】:  SENS: 0.3810  SPEC: 0.9174  PPV: 0.6519  NPV: 0.7850 F1:0.4809
INFO:__main__:验证的best_acc:0.7650
INFO:__main__:----------------------------------------------------------------------------------------------------
INFO:__main__:
【train】epoch:140/150 loss:0.4848 acc:0.7527
INFO:__main__:
【val】epoch:140/150 loss:0.4601 acc:0.7513
INFO:__main__:
【Val】:  SENS: 0.4589  SPEC: 0.8699  PPV: 0.5889  NPV: 0.7984 F1:0.5158
INFO:__main__:验证的best_acc:0.7650
INFO:__main__:----------------------------------------------------------------------------------------------------
INFO:__main__:
【train】epoch:141/150 loss:0.4830 acc:0.7577
INFO:__main__:
【val】epoch:141/150 loss:0.4592 acc:0.7538
INFO:__main__:
【Val】:  SENS: 0.4372  SPEC: 0.8822  PPV: 0.6012  NPV: 0.7943 F1:0.5063
INFO:__main__:验证的best_acc:0.7650
INFO:__main__:----------------------------------------------------------------------------------------------------
INFO:__main__:
【train】epoch:142/150 loss:0.4847 acc:0.7560
INFO:__main__:
【val】epoch:142/150 loss:0.4630 acc:0.7513
INFO:__main__:
【Val】:  SENS: 0.4416  SPEC: 0.8770  PPV: 0.5930  NPV: 0.7946 F1:0.5062
INFO:__main__:验证的best_acc:0.7650
INFO:__main__:----------------------------------------------------------------------------------------------------
INFO:__main__:
【train】epoch:143/150 loss:0.4839 acc:0.7482
INFO:__main__:
【val】epoch:143/150 loss:0.4611 acc:0.7600
INFO:__main__:
【Val】:  SENS: 0.3983  SPEC: 0.9069  PPV: 0.6345  NPV: 0.7878 F1:0.4894
INFO:__main__:验证的best_acc:0.7650
INFO:__main__:----------------------------------------------------------------------------------------------------
INFO:__main__:
【train】epoch:144/150 loss:0.4834 acc:0.7535
INFO:__main__:
【val】epoch:144/150 loss:0.4627 acc:0.7600
INFO:__main__:
【Val】:  SENS: 0.4848  SPEC: 0.8717  PPV: 0.6054  NPV: 0.8065 F1:0.5385
INFO:__main__:验证的best_acc:0.7650
INFO:__main__:----------------------------------------------------------------------------------------------------
INFO:__main__:
【train】epoch:145/150 loss:0.4859 acc:0.7497
INFO:__main__:
【val】epoch:145/150 loss:0.4610 acc:0.7538
INFO:__main__:
【Val】:  SENS: 0.3939  SPEC: 0.8998  PPV: 0.6149  NPV: 0.7853 F1:0.4802
INFO:__main__:验证的best_acc:0.7650
INFO:__main__:----------------------------------------------------------------------------------------------------
INFO:__main__:
【train】epoch:146/150 loss:0.4829 acc:0.7548
INFO:__main__:
【val】epoch:146/150 loss:0.4613 acc:0.7600
INFO:__main__:
【Val】:  SENS: 0.4026  SPEC: 0.9051  PPV: 0.6327  NPV: 0.7887 F1:0.4921
INFO:__main__:验证的best_acc:0.7650
INFO:__main__:----------------------------------------------------------------------------------------------------
INFO:__main__:
【train】epoch:147/150 loss:0.4811 acc:0.7517
INFO:__main__:
【val】epoch:147/150 loss:0.4608 acc:0.7525
INFO:__main__:
【Val】:  SENS: 0.4069  SPEC: 0.8928  PPV: 0.6065  NPV: 0.7876 F1:0.4870
INFO:__main__:验证的best_acc:0.7650
INFO:__main__:----------------------------------------------------------------------------------------------------
INFO:__main__:
【train】epoch:148/150 loss:0.4825 acc:0.7539
INFO:__main__:
【val】epoch:148/150 loss:0.4619 acc:0.7588
INFO:__main__:
【Val】:  SENS: 0.3939  SPEC: 0.9069  PPV: 0.6319  NPV: 0.7866 F1:0.4853
INFO:__main__:验证的best_acc:0.7650
INFO:__main__:----------------------------------------------------------------------------------------------------
INFO:__main__:
【train】epoch:149/150 loss:0.4832 acc:0.7556
INFO:__main__:
【val】epoch:149/150 loss:0.4622 acc:0.7563
INFO:__main__:
【Val】:  SENS: 0.3853  SPEC: 0.9069  PPV: 0.6268  NPV: 0.7842 F1:0.4772
INFO:__main__:验证的best_acc:0.7650
INFO:__main__:----------------------------------------------------------------------------------------------------
INFO:__main__:****************************************************************************************************
INFO:__main__:Val_LOSS:['0.5720', '0.6914', '0.5759', '0.6107', '0.5747', '0.5690', '0.5773', '0.5803', '0.5588', '0.5567', '0.5610', '0.5552', '0.5517', '0.5639', '0.5500', '0.5537', '0.5624', '0.5516', '0.5584', '0.5620', '0.5505', '0.5542', '0.5490', '0.5458', '0.5462', '0.5445', '0.5443', '0.5415', '0.5412', '0.5401', '0.5377', '0.5372', '0.5339', '0.5351', '0.5319', '0.5330', '0.5362', '0.5323', '0.5311', '0.5268', '0.5301', '0.5273', '0.5289', '0.5238', '0.5235', '0.5203', '0.5246', '0.5188', '0.5173', '0.5075', '0.5077', '0.5049', '0.5051', '0.5029', '0.5018', '0.5043', '0.4976', '0.4985', '0.5019', '0.4952', '0.4918', '0.4917', '0.4899', '0.4874', '0.4893', '0.4893', '0.4897', '0.4866', '0.4856', '0.4845', '0.4833', '0.4793', '0.4809', '0.4812', '0.4791', '0.4835', '0.4792', '0.4811', '0.4792', '0.4777', '0.4787', '0.4796', '0.4767', '0.4774', '0.4774', '0.4764', '0.4767', '0.4751', '0.4770', '0.4768', '0.4751', '0.4737', '0.4734', '0.4732', '0.4731', '0.4760', '0.4727', '0.4761', '0.4718', '0.4709', '0.4731', '0.4713', '0.4709', '0.4721', '0.4722', '0.4721', '0.4739', '0.4693', '0.4706', '0.4696', '0.4691', '0.4690', '0.4706', '0.4680', '0.4673', '0.4684', '0.4672', '0.4676', '0.4678', '0.4661', '0.4680', '0.4666', '0.4667', '0.4667', '0.4650', '0.4660', '0.4654', '0.4656', '0.4652', '0.4665', '0.4660', '0.4660', '0.4658', '0.4636', '0.4652', '0.4635', '0.4639', '0.4637', '0.4627', '0.4642', '0.4601', '0.4592', '0.4630', '0.4611', '0.4627', '0.4610', '0.4613', '0.4608', '0.4619', '0.4622']
INFO:__main__:Val_ACC:['0.7113', '0.5675', '0.7100', '0.6862', '0.7088', '0.7113', '0.7113', '0.7075', '0.7113', '0.7025', '0.7113', '0.7150', '0.7188', '0.7188', '0.7200', '0.7163', '0.7050', '0.7150', '0.7125', '0.7075', '0.7188', '0.7188', '0.7063', '0.7138', '0.7163', '0.7025', '0.7188', '0.7175', '0.7163', '0.7150', '0.7225', '0.7225', '0.7212', '0.7150', '0.7200', '0.7212', '0.7113', '0.7125', '0.7237', '0.7262', '0.7075', '0.7200', '0.7175', '0.7212', '0.7237', '0.7262', '0.7262', '0.7287', '0.7275', '0.7375', '0.7337', '0.7500', '0.7462', '0.7375', '0.7400', '0.7300', '0.7450', '0.7400', '0.7475', '0.7350', '0.7500', '0.7462', '0.7462', '0.7462', '0.7425', '0.7500', '0.7400', '0.7500', '0.7525', '0.7475', '0.7513', '0.7563', '0.7525', '0.7450', '0.7525', '0.7475', '0.7513', '0.7550', '0.7613', '0.7525', '0.7588', '0.7538', '0.7600', '0.7500', '0.7538', '0.7487', '0.7500', '0.7487', '0.7475', '0.7563', '0.7588', '0.7600', '0.7513', '0.7575', '0.7500', '0.7475', '0.7475', '0.7525', '0.7538', '0.7550', '0.7462', '0.7500', '0.7538', '0.7513', '0.7600', '0.7538', '0.7538', '0.7563', '0.7613', '0.7588', '0.7550', '0.7600', '0.7500', '0.7588', '0.7588', '0.7600', '0.7575', '0.7487', '0.7538', '0.7513', '0.7613', '0.7563', '0.7613', '0.7475', '0.7600', '0.7588', '0.7563', '0.7613', '0.7625', '0.7600', '0.7613', '0.7650', '0.7487', '0.7625', '0.7625', '0.7625', '0.7588', '0.7625', '0.7500', '0.7625', '0.7513', '0.7538', '0.7513', '0.7600', '0.7600', '0.7538', '0.7600', '0.7525', '0.7588', '0.7563']
INFO:__main__:****************************************************************************************************
INFO:__main__: epoch0 测试test_Loss: 0.5255  test_ACC: 0.7572  
INFO:__main__:SENS: 0.3522 SPEC: 0.9270 PPV: 0.6692 NPV: 0.7734 F1:0.4615
INFO:__main__:test_Best_acc:0.7572
