INFO:__main__:
【train】epoch:0/150 loss:0.7288 acc:0.5711
INFO:__main__:
【val】epoch:0/150 loss:0.6587 acc:0.6373
INFO:__main__:
【Val】:  SENS: 0.0154  SPEC: 0.9912  PPV: 0.5000  NPV: 0.6388 F1:0.0299
INFO:__main__:验证的best_acc:0.6373
INFO:__main__:----------------------------------------------------------------------------------------------------
INFO:__main__:
【train】epoch:1/150 loss:0.7144 acc:0.5795
INFO:__main__:
【val】epoch:1/150 loss:0.6663 acc:0.6417
INFO:__main__:
【Val】:  SENS: 0.0185  SPEC: 0.9965  PPV: 0.7500  NPV: 0.6408 F1:0.0360
INFO:__main__:验证的best_acc:0.6417
INFO:__main__:----------------------------------------------------------------------------------------------------
INFO:__main__:
【train】epoch:2/150 loss:0.7104 acc:0.5859
INFO:__main__:
【val】epoch:2/150 loss:0.6566 acc:0.6373
INFO:__main__:
【Val】:  SENS: 0.0031  SPEC: 0.9982  PPV: 0.5000  NPV: 0.6376 F1:0.0061
INFO:__main__:验证的best_acc:0.6417
INFO:__main__:----------------------------------------------------------------------------------------------------
INFO:__main__:
【train】epoch:3/150 loss:0.7094 acc:0.5817
INFO:__main__:
【val】epoch:3/150 loss:0.6558 acc:0.6373
INFO:__main__:
【Val】:  SENS: 0.0062  SPEC: 0.9965  PPV: 0.5000  NPV: 0.6379 F1:0.0122
INFO:__main__:验证的best_acc:0.6417
INFO:__main__:----------------------------------------------------------------------------------------------------
INFO:__main__:
【train】epoch:4/150 loss:0.7022 acc:0.5890
INFO:__main__:
【val】epoch:4/150 loss:0.6511 acc:0.6373
INFO:__main__:
【Val】:  SENS: 0.0062  SPEC: 0.9965  PPV: 0.5000  NPV: 0.6379 F1:0.0122
INFO:__main__:验证的best_acc:0.6417
INFO:__main__:----------------------------------------------------------------------------------------------------
INFO:__main__:
【train】epoch:5/150 loss:0.6980 acc:0.5861
INFO:__main__:
【val】epoch:5/150 loss:0.6664 acc:0.6384
INFO:__main__:
【Val】:  SENS: 0.0154  SPEC: 0.9930  PPV: 0.5556  NPV: 0.6392 F1:0.0299
INFO:__main__:验证的best_acc:0.6417
INFO:__main__:----------------------------------------------------------------------------------------------------
INFO:__main__:
【train】epoch:6/150 loss:0.6947 acc:0.5970
INFO:__main__:
【val】epoch:6/150 loss:0.6353 acc:0.6384
INFO:__main__:
【Val】:  SENS: 0.0308  SPEC: 0.9842  PPV: 0.5263  NPV: 0.6408 F1:0.0581
INFO:__main__:验证的best_acc:0.6417
INFO:__main__:----------------------------------------------------------------------------------------------------
INFO:__main__:
【train】epoch:7/150 loss:0.6910 acc:0.5906
INFO:__main__:
【val】epoch:7/150 loss:0.6846 acc:0.6350
INFO:__main__:
【Val】:  SENS: 0.0185  SPEC: 0.9860  PPV: 0.4286  NPV: 0.6383 F1:0.0354
INFO:__main__:验证的best_acc:0.6417
INFO:__main__:----------------------------------------------------------------------------------------------------
INFO:__main__:
【train】epoch:8/150 loss:0.6892 acc:0.5947
INFO:__main__:
【val】epoch:8/150 loss:0.6372 acc:0.6384
INFO:__main__:
【Val】:  SENS: 0.0185  SPEC: 0.9912  PPV: 0.5455  NPV: 0.6395 F1:0.0357
INFO:__main__:验证的best_acc:0.6417
INFO:__main__:----------------------------------------------------------------------------------------------------
INFO:__main__:
【train】epoch:9/150 loss:0.6687 acc:0.6054
INFO:__main__:
【val】epoch:9/150 loss:0.6443 acc:0.6350
INFO:__main__:
【Val】:  SENS: 0.2338  SPEC: 0.8634  PPV: 0.4935  NPV: 0.6644 F1:0.3173
INFO:__main__:验证的best_acc:0.6417
INFO:__main__:----------------------------------------------------------------------------------------------------
INFO:__main__:
【train】epoch:10/150 loss:0.6697 acc:0.6054
INFO:__main__:
【val】epoch:10/150 loss:0.6701 acc:0.6272
INFO:__main__:
【Val】:  SENS: 0.2954  SPEC: 0.8161  PPV: 0.4776  NPV: 0.6705 F1:0.3650
INFO:__main__:验证的best_acc:0.6417
INFO:__main__:----------------------------------------------------------------------------------------------------
INFO:__main__:
【train】epoch:11/150 loss:0.6656 acc:0.6082
INFO:__main__:
【val】epoch:11/150 loss:0.6958 acc:0.6350
INFO:__main__:
【Val】:  SENS: 0.2215  SPEC: 0.8704  PPV: 0.4932  NPV: 0.6627 F1:0.3057
INFO:__main__:验证的best_acc:0.6417
INFO:__main__:----------------------------------------------------------------------------------------------------
INFO:__main__:
【train】epoch:12/150 loss:0.6660 acc:0.6061
INFO:__main__:
【val】epoch:12/150 loss:0.6790 acc:0.6328
INFO:__main__:
【Val】:  SENS: 0.2923  SPEC: 0.8266  PPV: 0.4897  NPV: 0.6724 F1:0.3661
INFO:__main__:验证的best_acc:0.6417
INFO:__main__:----------------------------------------------------------------------------------------------------
INFO:__main__:
【train】epoch:13/150 loss:0.6597 acc:0.6115
INFO:__main__:
【val】epoch:13/150 loss:0.6385 acc:0.6250
INFO:__main__:
【Val】:  SENS: 0.3262  SPEC: 0.7951  PPV: 0.4753  NPV: 0.6746 F1:0.3869
INFO:__main__:验证的best_acc:0.6417
INFO:__main__:----------------------------------------------------------------------------------------------------
INFO:__main__:
【train】epoch:14/150 loss:0.6566 acc:0.6200
INFO:__main__:
【val】epoch:14/150 loss:0.6245 acc:0.6384
INFO:__main__:
【Val】:  SENS: 0.2554  SPEC: 0.8564  PPV: 0.5030  NPV: 0.6689 F1:0.3388
INFO:__main__:验证的best_acc:0.6417
INFO:__main__:----------------------------------------------------------------------------------------------------
INFO:__main__:
【train】epoch:15/150 loss:0.6522 acc:0.6227
INFO:__main__:
【val】epoch:15/150 loss:0.6682 acc:0.6239
INFO:__main__:
【Val】:  SENS: 0.3662  SPEC: 0.7706  PPV: 0.4760  NPV: 0.6811 F1:0.4139
INFO:__main__:验证的best_acc:0.6417
INFO:__main__:----------------------------------------------------------------------------------------------------
INFO:__main__:
【train】epoch:16/150 loss:0.6486 acc:0.6234
INFO:__main__:
【val】epoch:16/150 loss:0.6277 acc:0.6484
INFO:__main__:
【Val】:  SENS: 0.3077  SPEC: 0.8424  PPV: 0.5263  NPV: 0.6813 F1:0.3883
INFO:__main__:验证的best_acc:0.6484
INFO:__main__:----------------------------------------------------------------------------------------------------
INFO:__main__:
【train】epoch:17/150 loss:0.6437 acc:0.6289
INFO:__main__:
【val】epoch:17/150 loss:0.6780 acc:0.6362
INFO:__main__:
【Val】:  SENS: 0.3631  SPEC: 0.7916  PPV: 0.4979  NPV: 0.6859 F1:0.4199
INFO:__main__:验证的best_acc:0.6484
INFO:__main__:----------------------------------------------------------------------------------------------------
INFO:__main__:
【train】epoch:18/150 loss:0.6373 acc:0.6357
INFO:__main__:
【val】epoch:18/150 loss:0.6318 acc:0.6395
INFO:__main__:
【Val】:  SENS: 0.4215  SPEC: 0.7636  PPV: 0.5037  NPV: 0.6987 F1:0.4590
INFO:__main__:验证的best_acc:0.6484
INFO:__main__:----------------------------------------------------------------------------------------------------
INFO:__main__:
【train】epoch:19/150 loss:0.6306 acc:0.6406
INFO:__main__:
【val】epoch:19/150 loss:0.6281 acc:0.6451
INFO:__main__:
【Val】:  SENS: 0.3600  SPEC: 0.8074  PPV: 0.5154  NPV: 0.6891 F1:0.4239
INFO:__main__:验证的best_acc:0.6484
INFO:__main__:----------------------------------------------------------------------------------------------------
INFO:__main__:
【train】epoch:20/150 loss:0.6332 acc:0.6370
INFO:__main__:
【val】epoch:20/150 loss:0.6509 acc:0.6429
INFO:__main__:
【Val】:  SENS: 0.3538  SPEC: 0.8074  PPV: 0.5111  NPV: 0.6870 F1:0.4182
INFO:__main__:验证的best_acc:0.6484
INFO:__main__:----------------------------------------------------------------------------------------------------
INFO:__main__:
【train】epoch:21/150 loss:0.6286 acc:0.6395
INFO:__main__:
【val】epoch:21/150 loss:0.6246 acc:0.6417
INFO:__main__:
【Val】:  SENS: 0.3569  SPEC: 0.8039  PPV: 0.5088  NPV: 0.6871 F1:0.4195
INFO:__main__:验证的best_acc:0.6484
INFO:__main__:----------------------------------------------------------------------------------------------------
INFO:__main__:
【train】epoch:22/150 loss:0.6259 acc:0.6379
INFO:__main__:
【val】epoch:22/150 loss:0.6388 acc:0.6462
INFO:__main__:
【Val】:  SENS: 0.4062  SPEC: 0.7828  PPV: 0.5156  NPV: 0.6984 F1:0.4544
INFO:__main__:验证的best_acc:0.6484
INFO:__main__:----------------------------------------------------------------------------------------------------
INFO:__main__:
【train】epoch:23/150 loss:0.6259 acc:0.6452
INFO:__main__:
【val】epoch:23/150 loss:0.6171 acc:0.6429
INFO:__main__:
【Val】:  SENS: 0.4277  SPEC: 0.7653  PPV: 0.5092  NPV: 0.7014 F1:0.4649
INFO:__main__:验证的best_acc:0.6484
INFO:__main__:----------------------------------------------------------------------------------------------------
INFO:__main__:
【train】epoch:24/150 loss:0.6228 acc:0.6448
INFO:__main__:
【val】epoch:24/150 loss:0.6248 acc:0.6585
INFO:__main__:
【Val】:  SENS: 0.3846  SPEC: 0.8144  PPV: 0.5411  NPV: 0.6992 F1:0.4496
INFO:__main__:验证的best_acc:0.6585
INFO:__main__:----------------------------------------------------------------------------------------------------
INFO:__main__:
【train】epoch:25/150 loss:0.6211 acc:0.6435
INFO:__main__:
【val】epoch:25/150 loss:0.6151 acc:0.6562
INFO:__main__:
【Val】:  SENS: 0.4431  SPEC: 0.7776  PPV: 0.5314  NPV: 0.7104 F1:0.4832
INFO:__main__:验证的best_acc:0.6585
INFO:__main__:----------------------------------------------------------------------------------------------------
INFO:__main__:
【train】epoch:26/150 loss:0.6192 acc:0.6465
INFO:__main__:
【val】epoch:26/150 loss:0.6515 acc:0.6429
INFO:__main__:
【Val】:  SENS: 0.4246  SPEC: 0.7671  PPV: 0.5092  NPV: 0.7008 F1:0.4631
INFO:__main__:验证的best_acc:0.6585
INFO:__main__:----------------------------------------------------------------------------------------------------
INFO:__main__:
【train】epoch:27/150 loss:0.6188 acc:0.6420
INFO:__main__:
【val】epoch:27/150 loss:0.6350 acc:0.6496
INFO:__main__:
【Val】:  SENS: 0.4215  SPEC: 0.7793  PPV: 0.5209  NPV: 0.7030 F1:0.4660
INFO:__main__:验证的best_acc:0.6585
INFO:__main__:----------------------------------------------------------------------------------------------------
INFO:__main__:
【train】epoch:28/150 loss:0.6173 acc:0.6478
INFO:__main__:
【val】epoch:28/150 loss:0.5952 acc:0.6618
INFO:__main__:
【Val】:  SENS: 0.4523  SPEC: 0.7811  PPV: 0.5404  NPV: 0.7147 F1:0.4925
INFO:__main__:验证的best_acc:0.6618
INFO:__main__:----------------------------------------------------------------------------------------------------
INFO:__main__:
【train】epoch:29/150 loss:0.6078 acc:0.6504
INFO:__main__:
【val】epoch:29/150 loss:0.6211 acc:0.6540
INFO:__main__:
【Val】:  SENS: 0.4123  SPEC: 0.7916  PPV: 0.5296  NPV: 0.7030 F1:0.4637
INFO:__main__:验证的best_acc:0.6618
INFO:__main__:----------------------------------------------------------------------------------------------------
INFO:__main__:
【train】epoch:30/150 loss:0.6077 acc:0.6480
INFO:__main__:
【val】epoch:30/150 loss:0.5727 acc:0.6864
INFO:__main__:
【Val】:  SENS: 0.5969  SPEC: 0.7373  PPV: 0.5640  NPV: 0.7627 F1:0.5800
INFO:__main__:验证的best_acc:0.6864
INFO:__main__:----------------------------------------------------------------------------------------------------
INFO:__main__:
【train】epoch:31/150 loss:0.6056 acc:0.6516
INFO:__main__:
【val】epoch:31/150 loss:0.5741 acc:0.6875
INFO:__main__:
【Val】:  SENS: 0.6185  SPEC: 0.7268  PPV: 0.5630  NPV: 0.7699 F1:0.5894
INFO:__main__:验证的best_acc:0.6875
INFO:__main__:----------------------------------------------------------------------------------------------------
INFO:__main__:
【train】epoch:32/150 loss:0.6068 acc:0.6541
INFO:__main__:
【val】epoch:32/150 loss:0.5939 acc:0.6674
INFO:__main__:
【Val】:  SENS: 0.4554  SPEC: 0.7881  PPV: 0.5502  NPV: 0.7177 F1:0.4983
INFO:__main__:验证的best_acc:0.6875
INFO:__main__:----------------------------------------------------------------------------------------------------
INFO:__main__:
【train】epoch:33/150 loss:0.6049 acc:0.6538
INFO:__main__:
【val】epoch:33/150 loss:0.6149 acc:0.6607
INFO:__main__:
【Val】:  SENS: 0.5108  SPEC: 0.7461  PPV: 0.5338  NPV: 0.7282 F1:0.5220
INFO:__main__:验证的best_acc:0.6875
INFO:__main__:----------------------------------------------------------------------------------------------------
INFO:__main__:
【train】epoch:34/150 loss:0.6042 acc:0.6560
INFO:__main__:
【val】epoch:34/150 loss:0.5885 acc:0.6808
INFO:__main__:
【Val】:  SENS: 0.4400  SPEC: 0.8179  PPV: 0.5789  NPV: 0.7196 F1:0.5000
INFO:__main__:验证的best_acc:0.6875
INFO:__main__:----------------------------------------------------------------------------------------------------
INFO:__main__:
【train】epoch:35/150 loss:0.6000 acc:0.6596
INFO:__main__:
【val】epoch:35/150 loss:0.5887 acc:0.6574
INFO:__main__:
【Val】:  SENS: 0.5138  SPEC: 0.7391  PPV: 0.5285  NPV: 0.7276 F1:0.5211
INFO:__main__:验证的best_acc:0.6875
INFO:__main__:----------------------------------------------------------------------------------------------------
INFO:__main__:
【train】epoch:36/150 loss:0.6028 acc:0.6541
INFO:__main__:
【val】epoch:36/150 loss:0.5846 acc:0.6708
INFO:__main__:
【Val】:  SENS: 0.5200  SPEC: 0.7566  PPV: 0.5487  NPV: 0.7347 F1:0.5340
INFO:__main__:验证的best_acc:0.6875
INFO:__main__:----------------------------------------------------------------------------------------------------
INFO:__main__:
【train】epoch:37/150 loss:0.5983 acc:0.6554
INFO:__main__:
【val】epoch:37/150 loss:0.5518 acc:0.6875
INFO:__main__:
【Val】:  SENS: 0.5138  SPEC: 0.7863  PPV: 0.5779  NPV: 0.7397 F1:0.5440
INFO:__main__:验证的best_acc:0.6875
INFO:__main__:----------------------------------------------------------------------------------------------------
INFO:__main__:
【train】epoch:38/150 loss:0.5940 acc:0.6550
INFO:__main__:
【val】epoch:38/150 loss:0.6020 acc:0.6585
INFO:__main__:
【Val】:  SENS: 0.4585  SPEC: 0.7723  PPV: 0.5341  NPV: 0.7147 F1:0.4934
INFO:__main__:验证的best_acc:0.6875
INFO:__main__:----------------------------------------------------------------------------------------------------
INFO:__main__:
【train】epoch:39/150 loss:0.5919 acc:0.6584
INFO:__main__:
【val】epoch:39/150 loss:0.5500 acc:0.6964
INFO:__main__:
【Val】:  SENS: 0.5631  SPEC: 0.7723  PPV: 0.5847  NPV: 0.7564 F1:0.5737
INFO:__main__:验证的best_acc:0.6964
INFO:__main__:----------------------------------------------------------------------------------------------------
INFO:__main__:
【train】epoch:40/150 loss:0.5871 acc:0.6678
INFO:__main__:
【val】epoch:40/150 loss:0.5431 acc:0.6953
INFO:__main__:
【Val】:  SENS: 0.5569  SPEC: 0.7741  PPV: 0.5839  NPV: 0.7543 F1:0.5701
INFO:__main__:验证的best_acc:0.6964
INFO:__main__:----------------------------------------------------------------------------------------------------
INFO:__main__:
【train】epoch:41/150 loss:0.5926 acc:0.6614
INFO:__main__:
【val】epoch:41/150 loss:0.5574 acc:0.6830
INFO:__main__:
【Val】:  SENS: 0.5169  SPEC: 0.7776  PPV: 0.5695  NPV: 0.7388 F1:0.5419
INFO:__main__:验证的best_acc:0.6964
INFO:__main__:----------------------------------------------------------------------------------------------------
INFO:__main__:
【train】epoch:42/150 loss:0.5878 acc:0.6668
INFO:__main__:
【val】epoch:42/150 loss:0.5704 acc:0.6830
INFO:__main__:
【Val】:  SENS: 0.4277  SPEC: 0.8284  PPV: 0.5865  NPV: 0.7178 F1:0.4947
INFO:__main__:验证的best_acc:0.6964
INFO:__main__:----------------------------------------------------------------------------------------------------
INFO:__main__:
【train】epoch:43/150 loss:0.5868 acc:0.6652
INFO:__main__:
【val】epoch:43/150 loss:0.5634 acc:0.6730
INFO:__main__:
【Val】:  SENS: 0.5662  SPEC: 0.7338  PPV: 0.5476  NPV: 0.7482 F1:0.5567
INFO:__main__:验证的best_acc:0.6964
INFO:__main__:----------------------------------------------------------------------------------------------------
INFO:__main__:
【train】epoch:44/150 loss:0.5891 acc:0.6662
INFO:__main__:
【val】epoch:44/150 loss:0.5562 acc:0.6897
INFO:__main__:
【Val】:  SENS: 0.6985  SPEC: 0.6848  PPV: 0.5577  NPV: 0.7996 F1:0.6202
INFO:__main__:验证的best_acc:0.6964
INFO:__main__:----------------------------------------------------------------------------------------------------
INFO:__main__:
【train】epoch:45/150 loss:0.5900 acc:0.6654
INFO:__main__:
【val】epoch:45/150 loss:0.5407 acc:0.6920
INFO:__main__:
【Val】:  SENS: 0.6123  SPEC: 0.7373  PPV: 0.5702  NPV: 0.7697 F1:0.5905
INFO:__main__:验证的best_acc:0.6964
INFO:__main__:----------------------------------------------------------------------------------------------------
INFO:__main__:
【train】epoch:46/150 loss:0.5848 acc:0.6690
INFO:__main__:
【val】epoch:46/150 loss:0.5333 acc:0.6987
INFO:__main__:
【Val】:  SENS: 0.5600  SPEC: 0.7776  PPV: 0.5890  NPV: 0.7564 F1:0.5741
INFO:__main__:验证的best_acc:0.6987
INFO:__main__:----------------------------------------------------------------------------------------------------
INFO:__main__:
【train】epoch:47/150 loss:0.5868 acc:0.6618
INFO:__main__:
【val】epoch:47/150 loss:0.5929 acc:0.6652
INFO:__main__:
【Val】:  SENS: 0.4862  SPEC: 0.7671  PPV: 0.5430  NPV: 0.7240 F1:0.5130
INFO:__main__:验证的best_acc:0.6987
INFO:__main__:----------------------------------------------------------------------------------------------------
INFO:__main__:
【train】epoch:48/150 loss:0.5833 acc:0.6715
INFO:__main__:
【val】epoch:48/150 loss:0.5480 acc:0.6908
INFO:__main__:
【Val】:  SENS: 0.7385  SPEC: 0.6637  PPV: 0.5556  NPV: 0.8168 F1:0.6341
INFO:__main__:验证的best_acc:0.6987
INFO:__main__:----------------------------------------------------------------------------------------------------
INFO:__main__:
【train】epoch:49/150 loss:0.5814 acc:0.6715
INFO:__main__:
【val】epoch:49/150 loss:0.5360 acc:0.7031
INFO:__main__:
【Val】:  SENS: 0.6154  SPEC: 0.7531  PPV: 0.5865  NPV: 0.7748 F1:0.6006
INFO:__main__:验证的best_acc:0.7031
INFO:__main__:----------------------------------------------------------------------------------------------------
INFO:__main__:
【train】epoch:50/150 loss:0.5810 acc:0.6677
INFO:__main__:
【val】epoch:50/150 loss:0.5689 acc:0.6897
INFO:__main__:
【Val】:  SENS: 0.4277  SPEC: 0.8389  PPV: 0.6017  NPV: 0.7203 F1:0.5000
INFO:__main__:验证的best_acc:0.7031
INFO:__main__:----------------------------------------------------------------------------------------------------
INFO:__main__:
【train】epoch:51/150 loss:0.5777 acc:0.6629
INFO:__main__:
【val】epoch:51/150 loss:0.5499 acc:0.6853
INFO:__main__:
【Val】:  SENS: 0.7754  SPEC: 0.6340  PPV: 0.5466  NPV: 0.8322 F1:0.6412
INFO:__main__:验证的best_acc:0.7031
INFO:__main__:----------------------------------------------------------------------------------------------------
INFO:__main__:
【train】epoch:52/150 loss:0.5727 acc:0.6777
INFO:__main__:
【val】epoch:52/150 loss:0.5438 acc:0.6942
INFO:__main__:
【Val】:  SENS: 0.6462  SPEC: 0.7215  PPV: 0.5691  NPV: 0.7818 F1:0.6052
INFO:__main__:验证的best_acc:0.7031
INFO:__main__:----------------------------------------------------------------------------------------------------
INFO:__main__:
【train】epoch:53/150 loss:0.5765 acc:0.6715
INFO:__main__:
【val】epoch:53/150 loss:0.5620 acc:0.6830
INFO:__main__:
【Val】:  SENS: 0.4954  SPEC: 0.7898  PPV: 0.5730  NPV: 0.7333 F1:0.5314
INFO:__main__:验证的best_acc:0.7031
INFO:__main__:----------------------------------------------------------------------------------------------------
INFO:__main__:
【train】epoch:54/150 loss:0.5772 acc:0.6774
INFO:__main__:
【val】epoch:54/150 loss:0.5569 acc:0.6830
INFO:__main__:
【Val】:  SENS: 0.7169  SPEC: 0.6637  PPV: 0.5482  NPV: 0.8047 F1:0.6213
INFO:__main__:验证的best_acc:0.7031
INFO:__main__:----------------------------------------------------------------------------------------------------
INFO:__main__:
【train】epoch:55/150 loss:0.5776 acc:0.6713
INFO:__main__:
【val】epoch:55/150 loss:0.5318 acc:0.7087
INFO:__main__:
【Val】:  SENS: 0.5323  SPEC: 0.8091  PPV: 0.6135  NPV: 0.7524 F1:0.5700
INFO:__main__:验证的best_acc:0.7087
INFO:__main__:----------------------------------------------------------------------------------------------------
INFO:__main__:
【train】epoch:56/150 loss:0.5777 acc:0.6711
INFO:__main__:
【val】epoch:56/150 loss:0.5442 acc:0.7031
INFO:__main__:
【Val】:  SENS: 0.7354  SPEC: 0.6848  PPV: 0.5704  NPV: 0.8197 F1:0.6425
INFO:__main__:验证的best_acc:0.7087
INFO:__main__:----------------------------------------------------------------------------------------------------
INFO:__main__:
【train】epoch:57/150 loss:0.5809 acc:0.6754
INFO:__main__:
【val】epoch:57/150 loss:0.5339 acc:0.7065
INFO:__main__:
【Val】:  SENS: 0.5169  SPEC: 0.8144  PPV: 0.6131  NPV: 0.7476 F1:0.5609
INFO:__main__:验证的best_acc:0.7087
INFO:__main__:----------------------------------------------------------------------------------------------------
INFO:__main__:
【train】epoch:58/150 loss:0.5737 acc:0.6731
INFO:__main__:
【val】epoch:58/150 loss:0.5775 acc:0.6808
INFO:__main__:
【Val】:  SENS: 0.4462  SPEC: 0.8144  PPV: 0.5777  NPV: 0.7209 F1:0.5035
INFO:__main__:验证的best_acc:0.7087
INFO:__main__:----------------------------------------------------------------------------------------------------
INFO:__main__:
【train】epoch:59/150 loss:0.5717 acc:0.6810
INFO:__main__:
【val】epoch:59/150 loss:0.5567 acc:0.6886
INFO:__main__:
【Val】:  SENS: 0.5415  SPEC: 0.7723  PPV: 0.5752  NPV: 0.7475 F1:0.5578
INFO:__main__:验证的best_acc:0.7087
INFO:__main__:----------------------------------------------------------------------------------------------------
INFO:__main__:
【train】epoch:60/150 loss:0.5710 acc:0.6757
INFO:__main__:
【val】epoch:60/150 loss:0.5309 acc:0.7042
INFO:__main__:
【Val】:  SENS: 0.5354  SPEC: 0.8004  PPV: 0.6042  NPV: 0.7516 F1:0.5677
INFO:__main__:验证的best_acc:0.7087
INFO:__main__:----------------------------------------------------------------------------------------------------
INFO:__main__:
【train】epoch:61/150 loss:0.5736 acc:0.6753
INFO:__main__:
【val】epoch:61/150 loss:0.5477 acc:0.6931
INFO:__main__:
【Val】:  SENS: 0.4738  SPEC: 0.8179  PPV: 0.5969  NPV: 0.7320 F1:0.5283
INFO:__main__:验证的best_acc:0.7087
INFO:__main__:----------------------------------------------------------------------------------------------------
INFO:__main__:
【train】epoch:62/150 loss:0.5739 acc:0.6788
INFO:__main__:
【val】epoch:62/150 loss:0.5338 acc:0.7054
INFO:__main__:
【Val】:  SENS: 0.5477  SPEC: 0.7951  PPV: 0.6034  NPV: 0.7554 F1:0.5742
INFO:__main__:验证的best_acc:0.7087
INFO:__main__:----------------------------------------------------------------------------------------------------
INFO:__main__:
【train】epoch:63/150 loss:0.5722 acc:0.6784
INFO:__main__:
【val】epoch:63/150 loss:0.5393 acc:0.7031
INFO:__main__:
【Val】:  SENS: 0.5385  SPEC: 0.7968  PPV: 0.6014  NPV: 0.7521 F1:0.5682
INFO:__main__:验证的best_acc:0.7087
INFO:__main__:----------------------------------------------------------------------------------------------------
INFO:__main__:
【train】epoch:64/150 loss:0.5713 acc:0.6817
INFO:__main__:
【val】epoch:64/150 loss:0.5251 acc:0.7165
INFO:__main__:
【Val】:  SENS: 0.5477  SPEC: 0.8126  PPV: 0.6246  NPV: 0.7594 F1:0.5836
INFO:__main__:验证的best_acc:0.7165
INFO:__main__:----------------------------------------------------------------------------------------------------
INFO:__main__:
【train】epoch:65/150 loss:0.5707 acc:0.6776
INFO:__main__:
【val】epoch:65/150 loss:0.5710 acc:0.6741
INFO:__main__:
【Val】:  SENS: 0.5723  SPEC: 0.7320  PPV: 0.5487  NPV: 0.7504 F1:0.5602
INFO:__main__:验证的best_acc:0.7165
INFO:__main__:----------------------------------------------------------------------------------------------------
INFO:__main__:
【train】epoch:66/150 loss:0.5700 acc:0.6840
INFO:__main__:
【val】epoch:66/150 loss:0.5272 acc:0.7076
INFO:__main__:
【Val】:  SENS: 0.5385  SPEC: 0.8039  PPV: 0.6098  NPV: 0.7537 F1:0.5719
INFO:__main__:验证的best_acc:0.7165
INFO:__main__:----------------------------------------------------------------------------------------------------
INFO:__main__:
【train】epoch:67/150 loss:0.5730 acc:0.6793
INFO:__main__:
【val】epoch:67/150 loss:0.5164 acc:0.7087
INFO:__main__:
【Val】:  SENS: 0.5692  SPEC: 0.7881  PPV: 0.6046  NPV: 0.7627 F1:0.5864
INFO:__main__:验证的best_acc:0.7165
INFO:__main__:----------------------------------------------------------------------------------------------------
INFO:__main__:
【train】epoch:68/150 loss:0.5677 acc:0.6821
INFO:__main__:
【val】epoch:68/150 loss:0.5309 acc:0.7054
INFO:__main__:
【Val】:  SENS: 0.6062  SPEC: 0.7618  PPV: 0.5916  NPV: 0.7726 F1:0.5988
INFO:__main__:验证的best_acc:0.7165
INFO:__main__:----------------------------------------------------------------------------------------------------
INFO:__main__:
【train】epoch:69/150 loss:0.5671 acc:0.6766
INFO:__main__:
【val】epoch:69/150 loss:0.5306 acc:0.7087
INFO:__main__:
【Val】:  SENS: 0.5415  SPEC: 0.8039  PPV: 0.6111  NPV: 0.7549 F1:0.5742
INFO:__main__:验证的best_acc:0.7165
INFO:__main__:----------------------------------------------------------------------------------------------------
INFO:__main__:
【train】epoch:70/150 loss:0.5661 acc:0.6789
INFO:__main__:
【val】epoch:70/150 loss:0.5257 acc:0.7109
INFO:__main__:
【Val】:  SENS: 0.5323  SPEC: 0.8126  PPV: 0.6179  NPV: 0.7532 F1:0.5719
INFO:__main__:验证的best_acc:0.7165
INFO:__main__:----------------------------------------------------------------------------------------------------
INFO:__main__:
【train】epoch:71/150 loss:0.5617 acc:0.6879
INFO:__main__:
【val】epoch:71/150 loss:0.5196 acc:0.7199
INFO:__main__:
【Val】:  SENS: 0.7046  SPEC: 0.7285  PPV: 0.5964  NPV: 0.8125 F1:0.6460
INFO:__main__:验证的best_acc:0.7199
INFO:__main__:----------------------------------------------------------------------------------------------------
INFO:__main__:
【train】epoch:72/150 loss:0.5672 acc:0.6787
INFO:__main__:
【val】epoch:72/150 loss:0.5398 acc:0.6998
INFO:__main__:
【Val】:  SENS: 0.5169  SPEC: 0.8039  PPV: 0.6000  NPV: 0.7451 F1:0.5554
INFO:__main__:验证的best_acc:0.7199
INFO:__main__:----------------------------------------------------------------------------------------------------
INFO:__main__:
【train】epoch:73/150 loss:0.5653 acc:0.6867
INFO:__main__:
【val】epoch:73/150 loss:0.5390 acc:0.6953
INFO:__main__:
【Val】:  SENS: 0.4769  SPEC: 0.8196  PPV: 0.6008  NPV: 0.7335 F1:0.5317
INFO:__main__:验证的best_acc:0.7199
INFO:__main__:----------------------------------------------------------------------------------------------------
INFO:__main__:
【train】epoch:74/150 loss:0.5665 acc:0.6791
INFO:__main__:
【val】epoch:74/150 loss:0.5293 acc:0.7098
INFO:__main__:
【Val】:  SENS: 0.5815  SPEC: 0.7828  PPV: 0.6038  NPV: 0.7667 F1:0.5925
INFO:__main__:验证的best_acc:0.7199
INFO:__main__:----------------------------------------------------------------------------------------------------
INFO:__main__:
【train】epoch:75/150 loss:0.5642 acc:0.6867
INFO:__main__:
【val】epoch:75/150 loss:0.5260 acc:0.6998
INFO:__main__:
【Val】:  SENS: 0.6646  SPEC: 0.7198  PPV: 0.5745  NPV: 0.7904 F1:0.6163
INFO:__main__:验证的best_acc:0.7199
INFO:__main__:----------------------------------------------------------------------------------------------------
INFO:__main__:
【train】epoch:76/150 loss:0.5629 acc:0.6897
INFO:__main__:
【val】epoch:76/150 loss:0.5379 acc:0.7031
INFO:__main__:
【Val】:  SENS: 0.5938  SPEC: 0.7653  PPV: 0.5902  NPV: 0.7680 F1:0.5920
INFO:__main__:验证的best_acc:0.7199
INFO:__main__:----------------------------------------------------------------------------------------------------
INFO:__main__:
【train】epoch:77/150 loss:0.5624 acc:0.6932
INFO:__main__:
【val】epoch:77/150 loss:0.5417 acc:0.6975
INFO:__main__:
【Val】:  SENS: 0.4523  SPEC: 0.8371  PPV: 0.6125  NPV: 0.7287 F1:0.5204
INFO:__main__:验证的best_acc:0.7199
INFO:__main__:----------------------------------------------------------------------------------------------------
INFO:__main__:
【train】epoch:78/150 loss:0.5674 acc:0.6792
INFO:__main__:
【val】epoch:78/150 loss:0.5200 acc:0.7199
INFO:__main__:
【Val】:  SENS: 0.6308  SPEC: 0.7706  PPV: 0.6101  NPV: 0.7857 F1:0.6203
INFO:__main__:验证的best_acc:0.7199
INFO:__main__:----------------------------------------------------------------------------------------------------
INFO:__main__:
【train】epoch:79/150 loss:0.5637 acc:0.6834
INFO:__main__:
【val】epoch:79/150 loss:0.5235 acc:0.7020
INFO:__main__:
【Val】:  SENS: 0.4308  SPEC: 0.8564  PPV: 0.6306  NPV: 0.7255 F1:0.5119
INFO:__main__:验证的best_acc:0.7199
INFO:__main__:----------------------------------------------------------------------------------------------------
INFO:__main__:
【train】epoch:80/150 loss:0.5628 acc:0.6887
INFO:__main__:
【val】epoch:80/150 loss:0.5238 acc:0.7098
INFO:__main__:
【Val】:  SENS: 0.5292  SPEC: 0.8126  PPV: 0.6165  NPV: 0.7520 F1:0.5695
INFO:__main__:验证的best_acc:0.7199
INFO:__main__:----------------------------------------------------------------------------------------------------
INFO:__main__:
【train】epoch:81/150 loss:0.5602 acc:0.6938
INFO:__main__:
【val】epoch:81/150 loss:0.5268 acc:0.7121
INFO:__main__:
【Val】:  SENS: 0.5292  SPEC: 0.8161  PPV: 0.6209  NPV: 0.7528 F1:0.5714
INFO:__main__:验证的best_acc:0.7199
INFO:__main__:----------------------------------------------------------------------------------------------------
INFO:__main__:
【train】epoch:82/150 loss:0.5602 acc:0.6895
INFO:__main__:
【val】epoch:82/150 loss:0.5288 acc:0.7143
INFO:__main__:
【Val】:  SENS: 0.5231  SPEC: 0.8231  PPV: 0.6273  NPV: 0.7520 F1:0.5705
INFO:__main__:验证的best_acc:0.7199
INFO:__main__:----------------------------------------------------------------------------------------------------
INFO:__main__:
【train】epoch:83/150 loss:0.5574 acc:0.6886
INFO:__main__:
【val】epoch:83/150 loss:0.5399 acc:0.7031
INFO:__main__:
【Val】:  SENS: 0.4554  SPEC: 0.8441  PPV: 0.6245  NPV: 0.7314 F1:0.5267
INFO:__main__:验证的best_acc:0.7199
INFO:__main__:----------------------------------------------------------------------------------------------------
INFO:__main__:
【train】epoch:84/150 loss:0.5628 acc:0.6878
INFO:__main__:
【val】epoch:84/150 loss:0.5203 acc:0.7121
INFO:__main__:
【Val】:  SENS: 0.5815  SPEC: 0.7863  PPV: 0.6077  NPV: 0.7675 F1:0.5943
INFO:__main__:验证的best_acc:0.7199
INFO:__main__:----------------------------------------------------------------------------------------------------
INFO:__main__:
【train】epoch:85/150 loss:0.5619 acc:0.6859
INFO:__main__:
【val】epoch:85/150 loss:0.5414 acc:0.7031
INFO:__main__:
【Val】:  SENS: 0.4369  SPEC: 0.8546  PPV: 0.6311  NPV: 0.7273 F1:0.5164
INFO:__main__:验证的best_acc:0.7199
INFO:__main__:----------------------------------------------------------------------------------------------------
INFO:__main__:
【train】epoch:86/150 loss:0.5592 acc:0.6918
INFO:__main__:
【val】epoch:86/150 loss:0.5306 acc:0.7087
INFO:__main__:
【Val】:  SENS: 0.5723  SPEC: 0.7863  PPV: 0.6039  NPV: 0.7636 F1:0.5877
INFO:__main__:验证的best_acc:0.7199
INFO:__main__:----------------------------------------------------------------------------------------------------
INFO:__main__:
【train】epoch:87/150 loss:0.5617 acc:0.6860
INFO:__main__:
【val】epoch:87/150 loss:0.5263 acc:0.7188
INFO:__main__:
【Val】:  SENS: 0.5692  SPEC: 0.8039  PPV: 0.6229  NPV: 0.7663 F1:0.5949
INFO:__main__:验证的best_acc:0.7199
INFO:__main__:----------------------------------------------------------------------------------------------------
INFO:__main__:
【train】epoch:88/150 loss:0.5579 acc:0.6901
INFO:__main__:
【val】epoch:88/150 loss:0.5426 acc:0.6953
INFO:__main__:
【Val】:  SENS: 0.4585  SPEC: 0.8301  PPV: 0.6057  NPV: 0.7292 F1:0.5219
INFO:__main__:验证的best_acc:0.7199
INFO:__main__:----------------------------------------------------------------------------------------------------
INFO:__main__:
【train】epoch:89/150 loss:0.5587 acc:0.6899
INFO:__main__:
【val】epoch:89/150 loss:0.5306 acc:0.7098
INFO:__main__:
【Val】:  SENS: 0.4646  SPEC: 0.8494  PPV: 0.6371  NPV: 0.7360 F1:0.5374
INFO:__main__:验证的best_acc:0.7199
INFO:__main__:----------------------------------------------------------------------------------------------------
INFO:__main__:
【train】epoch:90/150 loss:0.5581 acc:0.6876
INFO:__main__:
【val】epoch:90/150 loss:0.5274 acc:0.7121
INFO:__main__:
【Val】:  SENS: 0.5292  SPEC: 0.8161  PPV: 0.6209  NPV: 0.7528 F1:0.5714
INFO:__main__:验证的best_acc:0.7199
INFO:__main__:----------------------------------------------------------------------------------------------------
INFO:__main__:
【train】epoch:91/150 loss:0.5583 acc:0.6909
INFO:__main__:
【val】epoch:91/150 loss:0.5264 acc:0.7076
INFO:__main__:
【Val】:  SENS: 0.4862  SPEC: 0.8336  PPV: 0.6245  NPV: 0.7403 F1:0.5467
INFO:__main__:验证的best_acc:0.7199
INFO:__main__:----------------------------------------------------------------------------------------------------
INFO:__main__:
【train】epoch:92/150 loss:0.5595 acc:0.6938
INFO:__main__:
【val】epoch:92/150 loss:0.5134 acc:0.7266
INFO:__main__:
【Val】:  SENS: 0.5446  SPEC: 0.8301  PPV: 0.6460  NPV: 0.7621 F1:0.5910
INFO:__main__:验证的best_acc:0.7266
INFO:__main__:----------------------------------------------------------------------------------------------------
INFO:__main__:
【train】epoch:93/150 loss:0.5549 acc:0.6909
INFO:__main__:
【val】epoch:93/150 loss:0.5288 acc:0.7109
INFO:__main__:
【Val】:  SENS: 0.5169  SPEC: 0.8214  PPV: 0.6222  NPV: 0.7492 F1:0.5647
INFO:__main__:验证的best_acc:0.7266
INFO:__main__:----------------------------------------------------------------------------------------------------
INFO:__main__:
【train】epoch:94/150 loss:0.5630 acc:0.6851
INFO:__main__:
【val】epoch:94/150 loss:0.5191 acc:0.7210
INFO:__main__:
【Val】:  SENS: 0.6000  SPEC: 0.7898  PPV: 0.6190  NPV: 0.7762 F1:0.6094
INFO:__main__:验证的best_acc:0.7266
INFO:__main__:----------------------------------------------------------------------------------------------------
INFO:__main__:
【train】epoch:95/150 loss:0.5577 acc:0.6901
INFO:__main__:
【val】epoch:95/150 loss:0.5201 acc:0.7154
INFO:__main__:
【Val】:  SENS: 0.5631  SPEC: 0.8021  PPV: 0.6182  NPV: 0.7633 F1:0.5894
INFO:__main__:验证的best_acc:0.7266
INFO:__main__:----------------------------------------------------------------------------------------------------
INFO:__main__:
【train】epoch:96/150 loss:0.5560 acc:0.7005
INFO:__main__:
【val】epoch:96/150 loss:0.5381 acc:0.7154
INFO:__main__:
【Val】:  SENS: 0.5108  SPEC: 0.8319  PPV: 0.6336  NPV: 0.7492 F1:0.5656
INFO:__main__:验证的best_acc:0.7266
INFO:__main__:----------------------------------------------------------------------------------------------------
INFO:__main__:
【train】epoch:97/150 loss:0.5591 acc:0.6905
INFO:__main__:
【val】epoch:97/150 loss:0.5129 acc:0.7288
INFO:__main__:
【Val】:  SENS: 0.5262  SPEC: 0.8441  PPV: 0.6577  NPV: 0.7579 F1:0.5846
INFO:__main__:验证的best_acc:0.7288
INFO:__main__:----------------------------------------------------------------------------------------------------
INFO:__main__:
【train】epoch:98/150 loss:0.5555 acc:0.6921
INFO:__main__:
【val】epoch:98/150 loss:0.5147 acc:0.7210
INFO:__main__:
【Val】:  SENS: 0.6369  SPEC: 0.7688  PPV: 0.6106  NPV: 0.7882 F1:0.6235
INFO:__main__:验证的best_acc:0.7288
INFO:__main__:----------------------------------------------------------------------------------------------------
INFO:__main__:
【train】epoch:99/150 loss:0.5551 acc:0.6978
INFO:__main__:
【val】epoch:99/150 loss:0.5145 acc:0.7199
INFO:__main__:
【Val】:  SENS: 0.6400  SPEC: 0.7653  PPV: 0.6082  NPV: 0.7888 F1:0.6237
INFO:__main__:验证的best_acc:0.7288
INFO:__main__:----------------------------------------------------------------------------------------------------
INFO:__main__:
【train】epoch:100/150 loss:0.5598 acc:0.6914
INFO:__main__:
【val】epoch:100/150 loss:0.5309 acc:0.7109
INFO:__main__:
【Val】:  SENS: 0.4892  SPEC: 0.8371  PPV: 0.6310  NPV: 0.7422 F1:0.5511
INFO:__main__:验证的best_acc:0.7288
INFO:__main__:----------------------------------------------------------------------------------------------------
INFO:__main__:
【train】epoch:101/150 loss:0.5580 acc:0.6936
INFO:__main__:
【val】epoch:101/150 loss:0.5131 acc:0.7344
INFO:__main__:
【Val】:  SENS: 0.5908  SPEC: 0.8161  PPV: 0.6465  NPV: 0.7780 F1:0.6174
INFO:__main__:验证的best_acc:0.7344
INFO:__main__:----------------------------------------------------------------------------------------------------
INFO:__main__:
【train】epoch:102/150 loss:0.5552 acc:0.6924
INFO:__main__:
【val】epoch:102/150 loss:0.5375 acc:0.7098
INFO:__main__:
【Val】:  SENS: 0.4738  SPEC: 0.8441  PPV: 0.6337  NPV: 0.7381 F1:0.5423
INFO:__main__:验证的best_acc:0.7344
INFO:__main__:----------------------------------------------------------------------------------------------------
INFO:__main__:
【train】epoch:103/150 loss:0.5556 acc:0.6886
INFO:__main__:
【val】epoch:103/150 loss:0.5212 acc:0.7243
INFO:__main__:
【Val】:  SENS: 0.5508  SPEC: 0.8231  PPV: 0.6393  NPV: 0.7630 F1:0.5917
INFO:__main__:验证的best_acc:0.7344
INFO:__main__:----------------------------------------------------------------------------------------------------
INFO:__main__:
【train】epoch:104/150 loss:0.5564 acc:0.6901
INFO:__main__:
【val】epoch:104/150 loss:0.5151 acc:0.7254
INFO:__main__:
【Val】:  SENS: 0.5877  SPEC: 0.8039  PPV: 0.6304  NPV: 0.7740 F1:0.6083
INFO:__main__:验证的best_acc:0.7344
INFO:__main__:----------------------------------------------------------------------------------------------------
INFO:__main__:
【train】epoch:105/150 loss:0.5523 acc:0.7023
INFO:__main__:
【val】epoch:105/150 loss:0.5145 acc:0.7288
INFO:__main__:
【Val】:  SENS: 0.5631  SPEC: 0.8231  PPV: 0.6444  NPV: 0.7680 F1:0.6010
INFO:__main__:验证的best_acc:0.7344
INFO:__main__:----------------------------------------------------------------------------------------------------
INFO:__main__:
【train】epoch:106/150 loss:0.5552 acc:0.6917
INFO:__main__:
【val】epoch:106/150 loss:0.5129 acc:0.7344
INFO:__main__:
【Val】:  SENS: 0.5938  SPEC: 0.8144  PPV: 0.6455  NPV: 0.7789 F1:0.6186
INFO:__main__:验证的best_acc:0.7344
INFO:__main__:----------------------------------------------------------------------------------------------------
INFO:__main__:
【train】epoch:107/150 loss:0.5570 acc:0.6920
INFO:__main__:
【val】epoch:107/150 loss:0.5094 acc:0.7266
INFO:__main__:
【Val】:  SENS: 0.6123  SPEC: 0.7916  PPV: 0.6258  NPV: 0.7820 F1:0.6190
INFO:__main__:验证的best_acc:0.7344
INFO:__main__:----------------------------------------------------------------------------------------------------
INFO:__main__:
【train】epoch:108/150 loss:0.5540 acc:0.6966
INFO:__main__:
【val】epoch:108/150 loss:0.5255 acc:0.7221
INFO:__main__:
【Val】:  SENS: 0.5354  SPEC: 0.8284  PPV: 0.6397  NPV: 0.7580 F1:0.5829
INFO:__main__:验证的best_acc:0.7344
INFO:__main__:----------------------------------------------------------------------------------------------------
INFO:__main__:
【train】epoch:109/150 loss:0.5546 acc:0.6966
INFO:__main__:
【val】epoch:109/150 loss:0.5080 acc:0.7366
INFO:__main__:
【Val】:  SENS: 0.5385  SPEC: 0.8494  PPV: 0.6705  NPV: 0.7638 F1:0.5973
INFO:__main__:验证的best_acc:0.7366
INFO:__main__:----------------------------------------------------------------------------------------------------
INFO:__main__:
【train】epoch:110/150 loss:0.5526 acc:0.6988
INFO:__main__:
【val】epoch:110/150 loss:0.5136 acc:0.7321
INFO:__main__:
【Val】:  SENS: 0.5846  SPEC: 0.8161  PPV: 0.6441  NPV: 0.7754 F1:0.6129
INFO:__main__:验证的best_acc:0.7366
INFO:__main__:----------------------------------------------------------------------------------------------------
INFO:__main__:
【train】epoch:111/150 loss:0.5515 acc:0.6946
INFO:__main__:
【val】epoch:111/150 loss:0.5152 acc:0.7299
INFO:__main__:
【Val】:  SENS: 0.5600  SPEC: 0.8266  PPV: 0.6477  NPV: 0.7675 F1:0.6007
INFO:__main__:验证的best_acc:0.7366
INFO:__main__:----------------------------------------------------------------------------------------------------
INFO:__main__:
【train】epoch:112/150 loss:0.5533 acc:0.6940
INFO:__main__:
【val】epoch:112/150 loss:0.5145 acc:0.7254
INFO:__main__:
【Val】:  SENS: 0.5385  SPEC: 0.8319  PPV: 0.6458  NPV: 0.7600 F1:0.5872
INFO:__main__:验证的best_acc:0.7366
INFO:__main__:----------------------------------------------------------------------------------------------------
INFO:__main__:
【train】epoch:113/150 loss:0.5483 acc:0.7037
INFO:__main__:
【val】epoch:113/150 loss:0.5024 acc:0.7422
INFO:__main__:
【Val】:  SENS: 0.5908  SPEC: 0.8284  PPV: 0.6621  NPV: 0.7805 F1:0.6244
INFO:__main__:验证的best_acc:0.7422
INFO:__main__:----------------------------------------------------------------------------------------------------
INFO:__main__:
【train】epoch:114/150 loss:0.5493 acc:0.7039
INFO:__main__:
【val】epoch:114/150 loss:0.5109 acc:0.7299
INFO:__main__:
【Val】:  SENS: 0.5508  SPEC: 0.8319  PPV: 0.6509  NPV: 0.7649 F1:0.5967
INFO:__main__:验证的best_acc:0.7422
INFO:__main__:----------------------------------------------------------------------------------------------------
INFO:__main__:
【train】epoch:115/150 loss:0.5511 acc:0.6992
INFO:__main__:
【val】epoch:115/150 loss:0.5220 acc:0.7176
INFO:__main__:
【Val】:  SENS: 0.5108  SPEC: 0.8354  PPV: 0.6385  NPV: 0.7500 F1:0.5675
INFO:__main__:验证的best_acc:0.7422
INFO:__main__:----------------------------------------------------------------------------------------------------
INFO:__main__:
【train】epoch:116/150 loss:0.5487 acc:0.6989
INFO:__main__:
【val】epoch:116/150 loss:0.5043 acc:0.7388
INFO:__main__:
【Val】:  SENS: 0.5692  SPEC: 0.8354  PPV: 0.6631  NPV: 0.7731 F1:0.6126
INFO:__main__:验证的best_acc:0.7422
INFO:__main__:----------------------------------------------------------------------------------------------------
INFO:__main__:
【train】epoch:117/150 loss:0.5524 acc:0.6995
INFO:__main__:
【val】epoch:117/150 loss:0.5074 acc:0.7366
INFO:__main__:
【Val】:  SENS: 0.6000  SPEC: 0.8144  PPV: 0.6478  NPV: 0.7815 F1:0.6230
INFO:__main__:验证的best_acc:0.7422
INFO:__main__:----------------------------------------------------------------------------------------------------
INFO:__main__:
【train】epoch:118/150 loss:0.5506 acc:0.6988
INFO:__main__:
【val】epoch:118/150 loss:0.5142 acc:0.7277
INFO:__main__:
【Val】:  SENS: 0.5815  SPEC: 0.8109  PPV: 0.6364  NPV: 0.7730 F1:0.6077
INFO:__main__:验证的best_acc:0.7422
INFO:__main__:----------------------------------------------------------------------------------------------------
INFO:__main__:
【train】epoch:119/150 loss:0.5530 acc:0.6971
INFO:__main__:
【val】epoch:119/150 loss:0.5071 acc:0.7388
INFO:__main__:
【Val】:  SENS: 0.5754  SPEC: 0.8319  PPV: 0.6608  NPV: 0.7749 F1:0.6151
INFO:__main__:验证的best_acc:0.7422
INFO:__main__:----------------------------------------------------------------------------------------------------
INFO:__main__:
【train】epoch:120/150 loss:0.5433 acc:0.7071
INFO:__main__:
【val】epoch:120/150 loss:0.4983 acc:0.7366
INFO:__main__:
【Val】:  SENS: 0.5446  SPEC: 0.8459  PPV: 0.6679  NPV: 0.7655 F1:0.6000
INFO:__main__:验证的best_acc:0.7422
INFO:__main__:----------------------------------------------------------------------------------------------------
INFO:__main__:
【train】epoch:121/150 loss:0.5474 acc:0.7015
INFO:__main__:
【val】epoch:121/150 loss:0.5081 acc:0.7366
INFO:__main__:
【Val】:  SENS: 0.5846  SPEC: 0.8231  PPV: 0.6529  NPV: 0.7769 F1:0.6169
INFO:__main__:验证的best_acc:0.7422
INFO:__main__:----------------------------------------------------------------------------------------------------
INFO:__main__:
【train】epoch:122/150 loss:0.5465 acc:0.6992
INFO:__main__:
【val】epoch:122/150 loss:0.4993 acc:0.7388
INFO:__main__:
【Val】:  SENS: 0.6400  SPEC: 0.7951  PPV: 0.6400  NPV: 0.7951 F1:0.6400
INFO:__main__:验证的best_acc:0.7422
INFO:__main__:----------------------------------------------------------------------------------------------------
INFO:__main__:
【train】epoch:123/150 loss:0.5520 acc:0.6982
INFO:__main__:
【val】epoch:123/150 loss:0.5052 acc:0.7411
INFO:__main__:
【Val】:  SENS: 0.5754  SPEC: 0.8354  PPV: 0.6655  NPV: 0.7756 F1:0.6172
INFO:__main__:验证的best_acc:0.7422
INFO:__main__:----------------------------------------------------------------------------------------------------
INFO:__main__:
【train】epoch:124/150 loss:0.5473 acc:0.6951
INFO:__main__:
【val】epoch:124/150 loss:0.5162 acc:0.7277
INFO:__main__:
【Val】:  SENS: 0.6000  SPEC: 0.8004  PPV: 0.6311  NPV: 0.7785 F1:0.6151
INFO:__main__:验证的best_acc:0.7422
INFO:__main__:----------------------------------------------------------------------------------------------------
INFO:__main__:
【train】epoch:125/150 loss:0.5464 acc:0.7072
INFO:__main__:
【val】epoch:125/150 loss:0.5031 acc:0.7400
INFO:__main__:
【Val】:  SENS: 0.5477  SPEC: 0.8494  PPV: 0.6742  NPV: 0.7674 F1:0.6044
INFO:__main__:验证的best_acc:0.7422
INFO:__main__:----------------------------------------------------------------------------------------------------
INFO:__main__:
【train】epoch:126/150 loss:0.5449 acc:0.7063
INFO:__main__:
【val】epoch:126/150 loss:0.5040 acc:0.7411
INFO:__main__:
【Val】:  SENS: 0.5785  SPEC: 0.8336  PPV: 0.6643  NPV: 0.7765 F1:0.6184
INFO:__main__:验证的best_acc:0.7422
INFO:__main__:----------------------------------------------------------------------------------------------------
INFO:__main__:
【train】epoch:127/150 loss:0.5471 acc:0.7045
INFO:__main__:
【val】epoch:127/150 loss:0.5005 acc:0.7310
INFO:__main__:
【Val】:  SENS: 0.6338  SPEC: 0.7863  PPV: 0.6280  NPV: 0.7905 F1:0.6309
INFO:__main__:验证的best_acc:0.7422
INFO:__main__:----------------------------------------------------------------------------------------------------
INFO:__main__:
【train】epoch:128/150 loss:0.5460 acc:0.6997
INFO:__main__:
【val】epoch:128/150 loss:0.5079 acc:0.7344
INFO:__main__:
【Val】:  SENS: 0.5938  SPEC: 0.8144  PPV: 0.6455  NPV: 0.7789 F1:0.6186
INFO:__main__:验证的best_acc:0.7422
INFO:__main__:----------------------------------------------------------------------------------------------------
INFO:__main__:
【train】epoch:129/150 loss:0.5437 acc:0.7084
INFO:__main__:
【val】epoch:129/150 loss:0.4967 acc:0.7411
INFO:__main__:
【Val】:  SENS: 0.6215  SPEC: 0.8091  PPV: 0.6495  NPV: 0.7897 F1:0.6352
INFO:__main__:验证的best_acc:0.7422
INFO:__main__:----------------------------------------------------------------------------------------------------
INFO:__main__:
【train】epoch:130/150 loss:0.5419 acc:0.7110
INFO:__main__:
【val】epoch:130/150 loss:0.4986 acc:0.7400
INFO:__main__:
【Val】:  SENS: 0.6462  SPEC: 0.7933  PPV: 0.6402  NPV: 0.7975 F1:0.6432
INFO:__main__:验证的best_acc:0.7422
INFO:__main__:----------------------------------------------------------------------------------------------------
INFO:__main__:
【train】epoch:131/150 loss:0.5420 acc:0.7063
INFO:__main__:
【val】epoch:131/150 loss:0.4976 acc:0.7433
INFO:__main__:
【Val】:  SENS: 0.6308  SPEC: 0.8074  PPV: 0.6508  NPV: 0.7935 F1:0.6406
INFO:__main__:验证的best_acc:0.7433
INFO:__main__:----------------------------------------------------------------------------------------------------
INFO:__main__:
【train】epoch:132/150 loss:0.5425 acc:0.7015
INFO:__main__:
【val】epoch:132/150 loss:0.5026 acc:0.7388
INFO:__main__:
【Val】:  SENS: 0.6123  SPEC: 0.8109  PPV: 0.6482  NPV: 0.7861 F1:0.6297
INFO:__main__:验证的best_acc:0.7433
INFO:__main__:----------------------------------------------------------------------------------------------------
INFO:__main__:
【train】epoch:133/150 loss:0.5444 acc:0.7039
INFO:__main__:
【val】epoch:133/150 loss:0.5033 acc:0.7355
INFO:__main__:
【Val】:  SENS: 0.5692  SPEC: 0.8301  PPV: 0.6560  NPV: 0.7720 F1:0.6096
INFO:__main__:验证的best_acc:0.7433
INFO:__main__:----------------------------------------------------------------------------------------------------
INFO:__main__:
【train】epoch:134/150 loss:0.5460 acc:0.7045
INFO:__main__:
【val】epoch:134/150 loss:0.5039 acc:0.7366
INFO:__main__:
【Val】:  SENS: 0.6615  SPEC: 0.7793  PPV: 0.6305  NPV: 0.8018 F1:0.6456
INFO:__main__:验证的best_acc:0.7433
INFO:__main__:----------------------------------------------------------------------------------------------------
INFO:__main__:
【train】epoch:135/150 loss:0.5434 acc:0.7010
INFO:__main__:
【val】epoch:135/150 loss:0.5033 acc:0.7355
INFO:__main__:
【Val】:  SENS: 0.6400  SPEC: 0.7898  PPV: 0.6341  NPV: 0.7940 F1:0.6371
INFO:__main__:验证的best_acc:0.7433
INFO:__main__:----------------------------------------------------------------------------------------------------
INFO:__main__:
【train】epoch:136/150 loss:0.5416 acc:0.7054
INFO:__main__:
【val】epoch:136/150 loss:0.4944 acc:0.7500
INFO:__main__:
【Val】:  SENS: 0.6277  SPEC: 0.8196  PPV: 0.6645  NPV: 0.7946 F1:0.6456
INFO:__main__:验证的best_acc:0.7500
INFO:__main__:----------------------------------------------------------------------------------------------------
INFO:__main__:
【train】epoch:137/150 loss:0.5383 acc:0.7125
INFO:__main__:
【val】epoch:137/150 loss:0.4968 acc:0.7467
INFO:__main__:
【Val】:  SENS: 0.6277  SPEC: 0.8144  PPV: 0.6581  NPV: 0.7935 F1:0.6425
INFO:__main__:验证的best_acc:0.7500
INFO:__main__:----------------------------------------------------------------------------------------------------
INFO:__main__:
【train】epoch:138/150 loss:0.5414 acc:0.7048
INFO:__main__:
【val】epoch:138/150 loss:0.4959 acc:0.7444
INFO:__main__:
【Val】:  SENS: 0.6154  SPEC: 0.8179  PPV: 0.6579  NPV: 0.7889 F1:0.6359
INFO:__main__:验证的best_acc:0.7500
INFO:__main__:----------------------------------------------------------------------------------------------------
INFO:__main__:
【train】epoch:139/150 loss:0.5386 acc:0.7095
INFO:__main__:
【val】epoch:139/150 loss:0.4951 acc:0.7422
INFO:__main__:
【Val】:  SENS: 0.6431  SPEC: 0.7986  PPV: 0.6451  NPV: 0.7972 F1:0.6441
INFO:__main__:验证的best_acc:0.7500
INFO:__main__:----------------------------------------------------------------------------------------------------
INFO:__main__:
【train】epoch:140/150 loss:0.5376 acc:0.7105
INFO:__main__:
【val】epoch:140/150 loss:0.4911 acc:0.7467
INFO:__main__:
【Val】:  SENS: 0.6246  SPEC: 0.8161  PPV: 0.6591  NPV: 0.7925 F1:0.6414
INFO:__main__:验证的best_acc:0.7500
INFO:__main__:----------------------------------------------------------------------------------------------------
INFO:__main__:
【train】epoch:141/150 loss:0.5402 acc:0.7071
INFO:__main__:
【val】epoch:141/150 loss:0.4951 acc:0.7455
INFO:__main__:
【Val】:  SENS: 0.6338  SPEC: 0.8091  PPV: 0.6540  NPV: 0.7952 F1:0.6438
INFO:__main__:验证的best_acc:0.7500
INFO:__main__:----------------------------------------------------------------------------------------------------
INFO:__main__:
【train】epoch:142/150 loss:0.5387 acc:0.7107
INFO:__main__:
【val】epoch:142/150 loss:0.4910 acc:0.7489
INFO:__main__:
【Val】:  SENS: 0.6431  SPEC: 0.8091  PPV: 0.6572  NPV: 0.7993 F1:0.6501
INFO:__main__:验证的best_acc:0.7500
INFO:__main__:----------------------------------------------------------------------------------------------------
INFO:__main__:
【train】epoch:143/150 loss:0.5353 acc:0.7117
INFO:__main__:
【val】epoch:143/150 loss:0.4927 acc:0.7455
INFO:__main__:
【Val】:  SENS: 0.6708  SPEC: 0.7881  PPV: 0.6431  NPV: 0.8079 F1:0.6566
INFO:__main__:验证的best_acc:0.7500
INFO:__main__:----------------------------------------------------------------------------------------------------
INFO:__main__:
【train】epoch:144/150 loss:0.5376 acc:0.7144
INFO:__main__:
【val】epoch:144/150 loss:0.4977 acc:0.7444
INFO:__main__:
【Val】:  SENS: 0.5785  SPEC: 0.8389  PPV: 0.6714  NPV: 0.7776 F1:0.6215
INFO:__main__:验证的best_acc:0.7500
INFO:__main__:----------------------------------------------------------------------------------------------------
INFO:__main__:
【train】epoch:145/150 loss:0.5409 acc:0.7052
INFO:__main__:
【val】epoch:145/150 loss:0.4932 acc:0.7455
INFO:__main__:
【Val】:  SENS: 0.6769  SPEC: 0.7846  PPV: 0.6414  NPV: 0.8101 F1:0.6587
INFO:__main__:验证的best_acc:0.7500
INFO:__main__:----------------------------------------------------------------------------------------------------
INFO:__main__:
【train】epoch:146/150 loss:0.5343 acc:0.7106
INFO:__main__:
【val】epoch:146/150 loss:0.4939 acc:0.7489
INFO:__main__:
【Val】:  SENS: 0.6523  SPEC: 0.8039  PPV: 0.6543  NPV: 0.8024 F1:0.6533
INFO:__main__:验证的best_acc:0.7500
INFO:__main__:----------------------------------------------------------------------------------------------------
INFO:__main__:
【train】epoch:147/150 loss:0.5406 acc:0.7095
INFO:__main__:
【val】epoch:147/150 loss:0.4961 acc:0.7478
INFO:__main__:
【Val】:  SENS: 0.6062  SPEC: 0.8284  PPV: 0.6678  NPV: 0.7870 F1:0.6355
INFO:__main__:验证的best_acc:0.7500
INFO:__main__:----------------------------------------------------------------------------------------------------
INFO:__main__:
【train】epoch:148/150 loss:0.5358 acc:0.7140
INFO:__main__:
【val】epoch:148/150 loss:0.4877 acc:0.7500
INFO:__main__:
【Val】:  SENS: 0.6431  SPEC: 0.8109  PPV: 0.6593  NPV: 0.7997 F1:0.6511
INFO:__main__:验证的best_acc:0.7500
INFO:__main__:----------------------------------------------------------------------------------------------------
INFO:__main__:
【train】epoch:149/150 loss:0.5348 acc:0.7133
INFO:__main__:
【val】epoch:149/150 loss:0.4924 acc:0.7478
INFO:__main__:
【Val】:  SENS: 0.6462  SPEC: 0.8056  PPV: 0.6542  NPV: 0.8000 F1:0.6502
INFO:__main__:验证的best_acc:0.7500
INFO:__main__:----------------------------------------------------------------------------------------------------
INFO:__main__:****************************************************************************************************
INFO:__main__:Val_LOSS:['0.6587', '0.6663', '0.6566', '0.6558', '0.6511', '0.6664', '0.6353', '0.6846', '0.6372', '0.6443', '0.6701', '0.6958', '0.6790', '0.6385', '0.6245', '0.6682', '0.6277', '0.6780', '0.6318', '0.6281', '0.6509', '0.6246', '0.6388', '0.6171', '0.6248', '0.6151', '0.6515', '0.6350', '0.5952', '0.6211', '0.5727', '0.5741', '0.5939', '0.6149', '0.5885', '0.5887', '0.5846', '0.5518', '0.6020', '0.5500', '0.5431', '0.5574', '0.5704', '0.5634', '0.5562', '0.5407', '0.5333', '0.5929', '0.5480', '0.5360', '0.5689', '0.5499', '0.5438', '0.5620', '0.5569', '0.5318', '0.5442', '0.5339', '0.5775', '0.5567', '0.5309', '0.5477', '0.5338', '0.5393', '0.5251', '0.5710', '0.5272', '0.5164', '0.5309', '0.5306', '0.5257', '0.5196', '0.5398', '0.5390', '0.5293', '0.5260', '0.5379', '0.5417', '0.5200', '0.5235', '0.5238', '0.5268', '0.5288', '0.5399', '0.5203', '0.5414', '0.5306', '0.5263', '0.5426', '0.5306', '0.5274', '0.5264', '0.5134', '0.5288', '0.5191', '0.5201', '0.5381', '0.5129', '0.5147', '0.5145', '0.5309', '0.5131', '0.5375', '0.5212', '0.5151', '0.5145', '0.5129', '0.5094', '0.5255', '0.5080', '0.5136', '0.5152', '0.5145', '0.5024', '0.5109', '0.5220', '0.5043', '0.5074', '0.5142', '0.5071', '0.4983', '0.5081', '0.4993', '0.5052', '0.5162', '0.5031', '0.5040', '0.5005', '0.5079', '0.4967', '0.4986', '0.4976', '0.5026', '0.5033', '0.5039', '0.5033', '0.4944', '0.4968', '0.4959', '0.4951', '0.4911', '0.4951', '0.4910', '0.4927', '0.4977', '0.4932', '0.4939', '0.4961', '0.4877', '0.4924']
INFO:__main__:Val_ACC:['0.6373', '0.6417', '0.6373', '0.6373', '0.6373', '0.6384', '0.6384', '0.6350', '0.6384', '0.6350', '0.6272', '0.6350', '0.6328', '0.6250', '0.6384', '0.6239', '0.6484', '0.6362', '0.6395', '0.6451', '0.6429', '0.6417', '0.6462', '0.6429', '0.6585', '0.6562', '0.6429', '0.6496', '0.6618', '0.6540', '0.6864', '0.6875', '0.6674', '0.6607', '0.6808', '0.6574', '0.6708', '0.6875', '0.6585', '0.6964', '0.6953', '0.6830', '0.6830', '0.6730', '0.6897', '0.6920', '0.6987', '0.6652', '0.6908', '0.7031', '0.6897', '0.6853', '0.6942', '0.6830', '0.6830', '0.7087', '0.7031', '0.7065', '0.6808', '0.6886', '0.7042', '0.6931', '0.7054', '0.7031', '0.7165', '0.6741', '0.7076', '0.7087', '0.7054', '0.7087', '0.7109', '0.7199', '0.6998', '0.6953', '0.7098', '0.6998', '0.7031', '0.6975', '0.7199', '0.7020', '0.7098', '0.7121', '0.7143', '0.7031', '0.7121', '0.7031', '0.7087', '0.7188', '0.6953', '0.7098', '0.7121', '0.7076', '0.7266', '0.7109', '0.7210', '0.7154', '0.7154', '0.7288', '0.7210', '0.7199', '0.7109', '0.7344', '0.7098', '0.7243', '0.7254', '0.7288', '0.7344', '0.7266', '0.7221', '0.7366', '0.7321', '0.7299', '0.7254', '0.7422', '0.7299', '0.7176', '0.7388', '0.7366', '0.7277', '0.7388', '0.7366', '0.7366', '0.7388', '0.7411', '0.7277', '0.7400', '0.7411', '0.7310', '0.7344', '0.7411', '0.7400', '0.7433', '0.7388', '0.7355', '0.7366', '0.7355', '0.7500', '0.7467', '0.7444', '0.7422', '0.7467', '0.7455', '0.7489', '0.7455', '0.7444', '0.7455', '0.7489', '0.7478', '0.7500', '0.7478']
INFO:__main__:****************************************************************************************************
INFO:__main__: epoch0 测试test_Loss: 0.5540  test_ACC: 0.7146  
INFO:__main__:SENS: 0.5452 SPEC: 0.8132 PPV: 0.6296 NPV: 0.7543 F1:0.5844
INFO:__main__:test_Best_acc:0.7146
