INFO:__main__:
【train】epoch:0/150 loss:0.7400 acc:0.5687
INFO:__main__:
【val】epoch:0/150 loss:0.7319 acc:0.6203
INFO:__main__:
【Val】:  SENS: 0.1880  SPEC: 0.8974  PPV: 0.5402  NPV: 0.6329 F1:0.2789
INFO:__main__:验证的best_acc:0.6203
INFO:__main__:----------------------------------------------------------------------------------------------------
INFO:__main__:
【train】epoch:1/150 loss:0.7010 acc:0.6007
INFO:__main__:
【val】epoch:1/150 loss:0.6370 acc:0.6344
INFO:__main__:
【Val】:  SENS: 0.5480  SPEC: 0.6897  PPV: 0.5310  NPV: 0.7042 F1:0.5394
INFO:__main__:验证的best_acc:0.6344
INFO:__main__:----------------------------------------------------------------------------------------------------
INFO:__main__:
【train】epoch:2/150 loss:0.6849 acc:0.6000
INFO:__main__:
【val】epoch:2/150 loss:0.6641 acc:0.6047
INFO:__main__:
【Val】:  SENS: 0.3800  SPEC: 0.7487  PPV: 0.4922  NPV: 0.6532 F1:0.4289
INFO:__main__:验证的best_acc:0.6344
INFO:__main__:----------------------------------------------------------------------------------------------------
INFO:__main__:
【train】epoch:3/150 loss:0.6866 acc:0.6027
INFO:__main__:
【val】epoch:3/150 loss:0.6744 acc:0.6266
INFO:__main__:
【Val】:  SENS: 0.3480  SPEC: 0.8051  PPV: 0.5337  NPV: 0.6583 F1:0.4213
INFO:__main__:验证的best_acc:0.6344
INFO:__main__:----------------------------------------------------------------------------------------------------
INFO:__main__:
【train】epoch:4/150 loss:0.6837 acc:0.6097
INFO:__main__:
【val】epoch:4/150 loss:0.6284 acc:0.6531
INFO:__main__:
【Val】:  SENS: 0.4440  SPEC: 0.7872  PPV: 0.5722  NPV: 0.6883 F1:0.5000
INFO:__main__:验证的best_acc:0.6531
INFO:__main__:----------------------------------------------------------------------------------------------------
INFO:__main__:
【train】epoch:5/150 loss:0.6864 acc:0.6040
INFO:__main__:
【val】epoch:5/150 loss:0.6442 acc:0.6203
INFO:__main__:
【Val】:  SENS: 0.4080  SPEC: 0.7564  PPV: 0.5178  NPV: 0.6659 F1:0.4564
INFO:__main__:验证的best_acc:0.6531
INFO:__main__:----------------------------------------------------------------------------------------------------
INFO:__main__:
【train】epoch:6/150 loss:0.6829 acc:0.6036
INFO:__main__:
【val】epoch:6/150 loss:0.6387 acc:0.6375
INFO:__main__:
【Val】:  SENS: 0.3560  SPEC: 0.8179  PPV: 0.5562  NPV: 0.6646 F1:0.4341
INFO:__main__:验证的best_acc:0.6531
INFO:__main__:----------------------------------------------------------------------------------------------------
INFO:__main__:
【train】epoch:7/150 loss:0.6758 acc:0.6124
INFO:__main__:
【val】epoch:7/150 loss:0.6684 acc:0.6234
INFO:__main__:
【Val】:  SENS: 0.3440  SPEC: 0.8026  PPV: 0.5276  NPV: 0.6562 F1:0.4165
INFO:__main__:验证的best_acc:0.6531
INFO:__main__:----------------------------------------------------------------------------------------------------
INFO:__main__:
【train】epoch:8/150 loss:0.6796 acc:0.6110
INFO:__main__:
【val】epoch:8/150 loss:0.6727 acc:0.6313
INFO:__main__:
【Val】:  SENS: 0.3320  SPEC: 0.8231  PPV: 0.5461  NPV: 0.6578 F1:0.4129
INFO:__main__:验证的best_acc:0.6531
INFO:__main__:----------------------------------------------------------------------------------------------------
INFO:__main__:
【train】epoch:9/150 loss:0.6631 acc:0.6188
INFO:__main__:
【val】epoch:9/150 loss:0.6329 acc:0.6297
INFO:__main__:
【Val】:  SENS: 0.3040  SPEC: 0.8385  PPV: 0.5468  NPV: 0.6527 F1:0.3907
INFO:__main__:验证的best_acc:0.6531
INFO:__main__:----------------------------------------------------------------------------------------------------
INFO:__main__:
【train】epoch:10/150 loss:0.6620 acc:0.6192
INFO:__main__:
【val】epoch:10/150 loss:0.6627 acc:0.6187
INFO:__main__:
【Val】:  SENS: 0.3200  SPEC: 0.8103  PPV: 0.5195  NPV: 0.6502 F1:0.3960
INFO:__main__:验证的best_acc:0.6531
INFO:__main__:----------------------------------------------------------------------------------------------------
INFO:__main__:
【train】epoch:11/150 loss:0.6582 acc:0.6227
INFO:__main__:
【val】epoch:11/150 loss:0.6527 acc:0.6234
INFO:__main__:
【Val】:  SENS: 0.2560  SPEC: 0.8590  PPV: 0.5378  NPV: 0.6430 F1:0.3469
INFO:__main__:验证的best_acc:0.6531
INFO:__main__:----------------------------------------------------------------------------------------------------
INFO:__main__:
【train】epoch:12/150 loss:0.6619 acc:0.6159
INFO:__main__:
【val】epoch:12/150 loss:0.6480 acc:0.6313
INFO:__main__:
【Val】:  SENS: 0.3360  SPEC: 0.8205  PPV: 0.5455  NPV: 0.6584 F1:0.4158
INFO:__main__:验证的best_acc:0.6531
INFO:__main__:----------------------------------------------------------------------------------------------------
INFO:__main__:
【train】epoch:13/150 loss:0.6582 acc:0.6215
INFO:__main__:
【val】epoch:13/150 loss:0.6487 acc:0.6344
INFO:__main__:
【Val】:  SENS: 0.3560  SPEC: 0.8128  PPV: 0.5494  NPV: 0.6632 F1:0.4320
INFO:__main__:验证的best_acc:0.6531
INFO:__main__:----------------------------------------------------------------------------------------------------
INFO:__main__:
【train】epoch:14/150 loss:0.6572 acc:0.6209
INFO:__main__:
【val】epoch:14/150 loss:0.6557 acc:0.6375
INFO:__main__:
【Val】:  SENS: 0.4560  SPEC: 0.7538  PPV: 0.5429  NPV: 0.6837 F1:0.4957
INFO:__main__:验证的best_acc:0.6531
INFO:__main__:----------------------------------------------------------------------------------------------------
INFO:__main__:
【train】epoch:15/150 loss:0.6580 acc:0.6209
INFO:__main__:
【val】epoch:15/150 loss:0.6337 acc:0.6484
INFO:__main__:
【Val】:  SENS: 0.3800  SPEC: 0.8205  PPV: 0.5758  NPV: 0.6737 F1:0.4578
INFO:__main__:验证的best_acc:0.6531
INFO:__main__:----------------------------------------------------------------------------------------------------
INFO:__main__:
【train】epoch:16/150 loss:0.6532 acc:0.6314
INFO:__main__:
【val】epoch:16/150 loss:0.6577 acc:0.6328
INFO:__main__:
【Val】:  SENS: 0.3560  SPEC: 0.8103  PPV: 0.5460  NPV: 0.6625 F1:0.4310
INFO:__main__:验证的best_acc:0.6531
INFO:__main__:----------------------------------------------------------------------------------------------------
INFO:__main__:
【train】epoch:17/150 loss:0.6532 acc:0.6250
INFO:__main__:
【val】epoch:17/150 loss:0.6270 acc:0.6531
INFO:__main__:
【Val】:  SENS: 0.4000  SPEC: 0.8154  PPV: 0.5814  NPV: 0.6795 F1:0.4739
INFO:__main__:验证的best_acc:0.6531
INFO:__main__:----------------------------------------------------------------------------------------------------
INFO:__main__:
【train】epoch:18/150 loss:0.6533 acc:0.6273
INFO:__main__:
【val】epoch:18/150 loss:0.6150 acc:0.6687
INFO:__main__:
【Val】:  SENS: 0.3920  SPEC: 0.8462  PPV: 0.6203  NPV: 0.6846 F1:0.4804
INFO:__main__:验证的best_acc:0.6687
INFO:__main__:----------------------------------------------------------------------------------------------------
INFO:__main__:
【train】epoch:19/150 loss:0.6412 acc:0.6291
INFO:__main__:
【val】epoch:19/150 loss:0.6148 acc:0.6484
INFO:__main__:
【Val】:  SENS: 0.5640  SPEC: 0.7026  PPV: 0.5486  NPV: 0.7154 F1:0.5562
INFO:__main__:验证的best_acc:0.6687
INFO:__main__:----------------------------------------------------------------------------------------------------
INFO:__main__:
【train】epoch:20/150 loss:0.6400 acc:0.6349
INFO:__main__:
【val】epoch:20/150 loss:0.6147 acc:0.6547
INFO:__main__:
【Val】:  SENS: 0.4600  SPEC: 0.7795  PPV: 0.5721  NPV: 0.6925 F1:0.5100
INFO:__main__:验证的best_acc:0.6687
INFO:__main__:----------------------------------------------------------------------------------------------------
INFO:__main__:
【train】epoch:21/150 loss:0.6429 acc:0.6324
INFO:__main__:
【val】epoch:21/150 loss:0.6176 acc:0.6484
INFO:__main__:
【Val】:  SENS: 0.5320  SPEC: 0.7231  PPV: 0.5519  NPV: 0.7068 F1:0.5418
INFO:__main__:验证的best_acc:0.6687
INFO:__main__:----------------------------------------------------------------------------------------------------
INFO:__main__:
【train】epoch:22/150 loss:0.6394 acc:0.6341
INFO:__main__:
【val】epoch:22/150 loss:0.6118 acc:0.6500
INFO:__main__:
【Val】:  SENS: 0.4920  SPEC: 0.7513  PPV: 0.5591  NPV: 0.6976 F1:0.5234
INFO:__main__:验证的best_acc:0.6687
INFO:__main__:----------------------------------------------------------------------------------------------------
INFO:__main__:
【train】epoch:23/150 loss:0.6395 acc:0.6304
INFO:__main__:
【val】epoch:23/150 loss:0.6110 acc:0.6547
INFO:__main__:
【Val】:  SENS: 0.5080  SPEC: 0.7487  PPV: 0.5644  NPV: 0.7036 F1:0.5347
INFO:__main__:验证的best_acc:0.6687
INFO:__main__:----------------------------------------------------------------------------------------------------
INFO:__main__:
【train】epoch:24/150 loss:0.6391 acc:0.6353
INFO:__main__:
【val】epoch:24/150 loss:0.6194 acc:0.6438
INFO:__main__:
【Val】:  SENS: 0.4880  SPEC: 0.7436  PPV: 0.5495  NPV: 0.6938 F1:0.5169
INFO:__main__:验证的best_acc:0.6687
INFO:__main__:----------------------------------------------------------------------------------------------------
INFO:__main__:
【train】epoch:25/150 loss:0.6405 acc:0.6242
INFO:__main__:
【val】epoch:25/150 loss:0.6206 acc:0.6453
INFO:__main__:
【Val】:  SENS: 0.5240  SPEC: 0.7231  PPV: 0.5481  NPV: 0.7032 F1:0.5358
INFO:__main__:验证的best_acc:0.6687
INFO:__main__:----------------------------------------------------------------------------------------------------
INFO:__main__:
【train】epoch:26/150 loss:0.6361 acc:0.6332
INFO:__main__:
【val】epoch:26/150 loss:0.6198 acc:0.6500
INFO:__main__:
【Val】:  SENS: 0.5320  SPEC: 0.7256  PPV: 0.5542  NPV: 0.7075 F1:0.5429
INFO:__main__:验证的best_acc:0.6687
INFO:__main__:----------------------------------------------------------------------------------------------------
INFO:__main__:
【train】epoch:27/150 loss:0.6363 acc:0.6312
INFO:__main__:
【val】epoch:27/150 loss:0.6141 acc:0.6547
INFO:__main__:
【Val】:  SENS: 0.5120  SPEC: 0.7462  PPV: 0.5639  NPV: 0.7046 F1:0.5367
INFO:__main__:验证的best_acc:0.6687
INFO:__main__:----------------------------------------------------------------------------------------------------
INFO:__main__:
【train】epoch:28/150 loss:0.6339 acc:0.6310
INFO:__main__:
【val】epoch:28/150 loss:0.6241 acc:0.6531
INFO:__main__:
【Val】:  SENS: 0.5200  SPEC: 0.7385  PPV: 0.5603  NPV: 0.7059 F1:0.5394
INFO:__main__:验证的best_acc:0.6687
INFO:__main__:----------------------------------------------------------------------------------------------------
INFO:__main__:
【train】epoch:29/150 loss:0.6269 acc:0.6363
INFO:__main__:
【val】epoch:29/150 loss:0.6128 acc:0.6469
INFO:__main__:
【Val】:  SENS: 0.5800  SPEC: 0.6897  PPV: 0.5451  NPV: 0.7193 F1:0.5620
INFO:__main__:验证的best_acc:0.6687
INFO:__main__:----------------------------------------------------------------------------------------------------
INFO:__main__:
【train】epoch:30/150 loss:0.6285 acc:0.6411
INFO:__main__:
【val】epoch:30/150 loss:0.6085 acc:0.6625
INFO:__main__:
【Val】:  SENS: 0.5280  SPEC: 0.7487  PPV: 0.5739  NPV: 0.7122 F1:0.5500
INFO:__main__:验证的best_acc:0.6687
INFO:__main__:----------------------------------------------------------------------------------------------------
INFO:__main__:
【train】epoch:31/150 loss:0.6285 acc:0.6413
INFO:__main__:
【val】epoch:31/150 loss:0.6061 acc:0.6562
INFO:__main__:
【Val】:  SENS: 0.6040  SPEC: 0.6897  PPV: 0.5551  NPV: 0.7310 F1:0.5785
INFO:__main__:验证的best_acc:0.6687
INFO:__main__:----------------------------------------------------------------------------------------------------
INFO:__main__:
【train】epoch:32/150 loss:0.6269 acc:0.6423
INFO:__main__:
【val】epoch:32/150 loss:0.6056 acc:0.6562
INFO:__main__:
【Val】:  SENS: 0.5400  SPEC: 0.7308  PPV: 0.5625  NPV: 0.7125 F1:0.5510
INFO:__main__:验证的best_acc:0.6687
INFO:__main__:----------------------------------------------------------------------------------------------------
INFO:__main__:
【train】epoch:33/150 loss:0.6274 acc:0.6403
INFO:__main__:
【val】epoch:33/150 loss:0.6063 acc:0.6531
INFO:__main__:
【Val】:  SENS: 0.5600  SPEC: 0.7128  PPV: 0.5556  NPV: 0.7165 F1:0.5578
INFO:__main__:验证的best_acc:0.6687
INFO:__main__:----------------------------------------------------------------------------------------------------
INFO:__main__:
【train】epoch:34/150 loss:0.6237 acc:0.6464
INFO:__main__:
【val】epoch:34/150 loss:0.6048 acc:0.6625
INFO:__main__:
【Val】:  SENS: 0.5160  SPEC: 0.7564  PPV: 0.5759  NPV: 0.7091 F1:0.5443
INFO:__main__:验证的best_acc:0.6687
INFO:__main__:----------------------------------------------------------------------------------------------------
INFO:__main__:
【train】epoch:35/150 loss:0.6250 acc:0.6411
INFO:__main__:
【val】epoch:35/150 loss:0.6055 acc:0.6547
INFO:__main__:
【Val】:  SENS: 0.5440  SPEC: 0.7256  PPV: 0.5597  NPV: 0.7128 F1:0.5517
INFO:__main__:验证的best_acc:0.6687
INFO:__main__:----------------------------------------------------------------------------------------------------
INFO:__main__:
【train】epoch:36/150 loss:0.6259 acc:0.6365
INFO:__main__:
【val】epoch:36/150 loss:0.5984 acc:0.6609
INFO:__main__:
【Val】:  SENS: 0.5600  SPEC: 0.7256  PPV: 0.5668  NPV: 0.7201 F1:0.5634
INFO:__main__:验证的best_acc:0.6687
INFO:__main__:----------------------------------------------------------------------------------------------------
INFO:__main__:
【train】epoch:37/150 loss:0.6250 acc:0.6425
INFO:__main__:
【val】epoch:37/150 loss:0.5993 acc:0.6656
INFO:__main__:
【Val】:  SENS: 0.5440  SPEC: 0.7436  PPV: 0.5763  NPV: 0.7178 F1:0.5597
INFO:__main__:验证的best_acc:0.6687
INFO:__main__:----------------------------------------------------------------------------------------------------
INFO:__main__:
【train】epoch:38/150 loss:0.6239 acc:0.6431
INFO:__main__:
【val】epoch:38/150 loss:0.6064 acc:0.6516
INFO:__main__:
【Val】:  SENS: 0.5760  SPEC: 0.7000  PPV: 0.5517  NPV: 0.7203 F1:0.5636
INFO:__main__:验证的best_acc:0.6687
INFO:__main__:----------------------------------------------------------------------------------------------------
INFO:__main__:
【train】epoch:39/150 loss:0.6211 acc:0.6432
INFO:__main__:
【val】epoch:39/150 loss:0.6018 acc:0.6562
INFO:__main__:
【Val】:  SENS: 0.5680  SPEC: 0.7128  PPV: 0.5591  NPV: 0.7202 F1:0.5635
INFO:__main__:验证的best_acc:0.6687
INFO:__main__:----------------------------------------------------------------------------------------------------
INFO:__main__:
【train】epoch:40/150 loss:0.6170 acc:0.6477
INFO:__main__:
【val】epoch:40/150 loss:0.5988 acc:0.6625
INFO:__main__:
【Val】:  SENS: 0.5560  SPEC: 0.7308  PPV: 0.5697  NPV: 0.7197 F1:0.5628
INFO:__main__:验证的best_acc:0.6687
INFO:__main__:----------------------------------------------------------------------------------------------------
INFO:__main__:
【train】epoch:41/150 loss:0.6178 acc:0.6471
INFO:__main__:
【val】epoch:41/150 loss:0.6044 acc:0.6594
INFO:__main__:
【Val】:  SENS: 0.5880  SPEC: 0.7051  PPV: 0.5611  NPV: 0.7275 F1:0.5742
INFO:__main__:验证的best_acc:0.6687
INFO:__main__:----------------------------------------------------------------------------------------------------
INFO:__main__:
【train】epoch:42/150 loss:0.6162 acc:0.6456
INFO:__main__:
【val】epoch:42/150 loss:0.5995 acc:0.6578
INFO:__main__:
【Val】:  SENS: 0.5720  SPEC: 0.7128  PPV: 0.5608  NPV: 0.7221 F1:0.5663
INFO:__main__:验证的best_acc:0.6687
INFO:__main__:----------------------------------------------------------------------------------------------------
INFO:__main__:
【train】epoch:43/150 loss:0.6166 acc:0.6475
INFO:__main__:
【val】epoch:43/150 loss:0.5988 acc:0.6625
INFO:__main__:
【Val】:  SENS: 0.5920  SPEC: 0.7077  PPV: 0.5649  NPV: 0.7302 F1:0.5781
INFO:__main__:验证的best_acc:0.6687
INFO:__main__:----------------------------------------------------------------------------------------------------
INFO:__main__:
【train】epoch:44/150 loss:0.6154 acc:0.6489
INFO:__main__:
【val】epoch:44/150 loss:0.6037 acc:0.6578
INFO:__main__:
【Val】:  SENS: 0.6000  SPEC: 0.6949  PPV: 0.5576  NPV: 0.7305 F1:0.5780
INFO:__main__:验证的best_acc:0.6687
INFO:__main__:----------------------------------------------------------------------------------------------------
INFO:__main__:
【train】epoch:45/150 loss:0.6156 acc:0.6568
INFO:__main__:
【val】epoch:45/150 loss:0.6016 acc:0.6672
INFO:__main__:
【Val】:  SENS: 0.5640  SPEC: 0.7333  PPV: 0.5755  NPV: 0.7241 F1:0.5697
INFO:__main__:验证的best_acc:0.6687
INFO:__main__:----------------------------------------------------------------------------------------------------
INFO:__main__:
【train】epoch:46/150 loss:0.6141 acc:0.6498
INFO:__main__:
【val】epoch:46/150 loss:0.6052 acc:0.6547
INFO:__main__:
【Val】:  SENS: 0.6040  SPEC: 0.6872  PPV: 0.5531  NPV: 0.7302 F1:0.5774
INFO:__main__:验证的best_acc:0.6687
INFO:__main__:----------------------------------------------------------------------------------------------------
INFO:__main__:
【train】epoch:47/150 loss:0.6149 acc:0.6551
INFO:__main__:
【val】epoch:47/150 loss:0.5981 acc:0.6578
INFO:__main__:
【Val】:  SENS: 0.5840  SPEC: 0.7051  PPV: 0.5594  NPV: 0.7256 F1:0.5714
INFO:__main__:验证的best_acc:0.6687
INFO:__main__:----------------------------------------------------------------------------------------------------
INFO:__main__:
【train】epoch:48/150 loss:0.6158 acc:0.6500
INFO:__main__:
【val】epoch:48/150 loss:0.5938 acc:0.6578
INFO:__main__:
【Val】:  SENS: 0.5680  SPEC: 0.7154  PPV: 0.5613  NPV: 0.7209 F1:0.5646
INFO:__main__:验证的best_acc:0.6687
INFO:__main__:----------------------------------------------------------------------------------------------------
INFO:__main__:
【train】epoch:49/150 loss:0.6083 acc:0.6586
INFO:__main__:
【val】epoch:49/150 loss:0.5977 acc:0.6609
INFO:__main__:
【Val】:  SENS: 0.6040  SPEC: 0.6974  PPV: 0.5613  NPV: 0.7332 F1:0.5819
INFO:__main__:验证的best_acc:0.6687
INFO:__main__:----------------------------------------------------------------------------------------------------
INFO:__main__:
【train】epoch:50/150 loss:0.6111 acc:0.6528
INFO:__main__:
【val】epoch:50/150 loss:0.5990 acc:0.6578
INFO:__main__:
【Val】:  SENS: 0.5960  SPEC: 0.6974  PPV: 0.5581  NPV: 0.7292 F1:0.5764
INFO:__main__:验证的best_acc:0.6687
INFO:__main__:----------------------------------------------------------------------------------------------------
INFO:__main__:
【train】epoch:51/150 loss:0.6076 acc:0.6588
INFO:__main__:
【val】epoch:51/150 loss:0.5955 acc:0.6625
INFO:__main__:
【Val】:  SENS: 0.5840  SPEC: 0.7128  PPV: 0.5659  NPV: 0.7277 F1:0.5748
INFO:__main__:验证的best_acc:0.6687
INFO:__main__:----------------------------------------------------------------------------------------------------
INFO:__main__:
【train】epoch:52/150 loss:0.6102 acc:0.6537
INFO:__main__:
【val】epoch:52/150 loss:0.5967 acc:0.6578
INFO:__main__:
【Val】:  SENS: 0.5880  SPEC: 0.7026  PPV: 0.5589  NPV: 0.7268 F1:0.5731
INFO:__main__:验证的best_acc:0.6687
INFO:__main__:----------------------------------------------------------------------------------------------------
INFO:__main__:
【train】epoch:53/150 loss:0.6065 acc:0.6605
INFO:__main__:
【val】epoch:53/150 loss:0.5974 acc:0.6547
INFO:__main__:
【Val】:  SENS: 0.5960  SPEC: 0.6923  PPV: 0.5539  NPV: 0.7278 F1:0.5742
INFO:__main__:验证的best_acc:0.6687
INFO:__main__:----------------------------------------------------------------------------------------------------
INFO:__main__:
【train】epoch:54/150 loss:0.6087 acc:0.6545
INFO:__main__:
【val】epoch:54/150 loss:0.5974 acc:0.6578
INFO:__main__:
【Val】:  SENS: 0.5800  SPEC: 0.7077  PPV: 0.5598  NPV: 0.7244 F1:0.5697
INFO:__main__:验证的best_acc:0.6687
INFO:__main__:----------------------------------------------------------------------------------------------------
INFO:__main__:
【train】epoch:55/150 loss:0.6075 acc:0.6588
INFO:__main__:
【val】epoch:55/150 loss:0.5940 acc:0.6516
INFO:__main__:
【Val】:  SENS: 0.5760  SPEC: 0.7000  PPV: 0.5517  NPV: 0.7203 F1:0.5636
INFO:__main__:验证的best_acc:0.6687
INFO:__main__:----------------------------------------------------------------------------------------------------
INFO:__main__:
【train】epoch:56/150 loss:0.6072 acc:0.6574
INFO:__main__:
【val】epoch:56/150 loss:0.5939 acc:0.6609
INFO:__main__:
【Val】:  SENS: 0.5680  SPEC: 0.7205  PPV: 0.5657  NPV: 0.7224 F1:0.5669
INFO:__main__:验证的best_acc:0.6687
INFO:__main__:----------------------------------------------------------------------------------------------------
INFO:__main__:
【train】epoch:57/150 loss:0.6086 acc:0.6570
INFO:__main__:
【val】epoch:57/150 loss:0.5939 acc:0.6625
INFO:__main__:
【Val】:  SENS: 0.5840  SPEC: 0.7128  PPV: 0.5659  NPV: 0.7277 F1:0.5748
INFO:__main__:验证的best_acc:0.6687
INFO:__main__:----------------------------------------------------------------------------------------------------
INFO:__main__:
【train】epoch:58/150 loss:0.6078 acc:0.6638
INFO:__main__:
【val】epoch:58/150 loss:0.5927 acc:0.6609
INFO:__main__:
【Val】:  SENS: 0.5800  SPEC: 0.7128  PPV: 0.5642  NPV: 0.7258 F1:0.5720
INFO:__main__:验证的best_acc:0.6687
INFO:__main__:----------------------------------------------------------------------------------------------------
INFO:__main__:
【train】epoch:59/150 loss:0.6060 acc:0.6628
INFO:__main__:
【val】epoch:59/150 loss:0.5946 acc:0.6594
INFO:__main__:
【Val】:  SENS: 0.5840  SPEC: 0.7077  PPV: 0.5615  NPV: 0.7263 F1:0.5725
INFO:__main__:验证的best_acc:0.6687
INFO:__main__:----------------------------------------------------------------------------------------------------
INFO:__main__:
【train】epoch:60/150 loss:0.6033 acc:0.6669
INFO:__main__:
【val】epoch:60/150 loss:0.5952 acc:0.6594
INFO:__main__:
【Val】:  SENS: 0.5920  SPEC: 0.7026  PPV: 0.5606  NPV: 0.7287 F1:0.5759
INFO:__main__:验证的best_acc:0.6687
INFO:__main__:----------------------------------------------------------------------------------------------------
INFO:__main__:
【train】epoch:61/150 loss:0.6044 acc:0.6667
INFO:__main__:
【val】epoch:61/150 loss:0.5925 acc:0.6578
INFO:__main__:
【Val】:  SENS: 0.5840  SPEC: 0.7051  PPV: 0.5594  NPV: 0.7256 F1:0.5714
INFO:__main__:验证的best_acc:0.6687
INFO:__main__:----------------------------------------------------------------------------------------------------
INFO:__main__:
【train】epoch:62/150 loss:0.6020 acc:0.6673
INFO:__main__:
【val】epoch:62/150 loss:0.5939 acc:0.6547
INFO:__main__:
【Val】:  SENS: 0.5840  SPEC: 0.7000  PPV: 0.5551  NPV: 0.7241 F1:0.5692
INFO:__main__:验证的best_acc:0.6687
INFO:__main__:----------------------------------------------------------------------------------------------------
INFO:__main__:
【train】epoch:63/150 loss:0.6022 acc:0.6693
INFO:__main__:
【val】epoch:63/150 loss:0.5909 acc:0.6656
INFO:__main__:
【Val】:  SENS: 0.5880  SPEC: 0.7154  PPV: 0.5698  NPV: 0.7304 F1:0.5787
INFO:__main__:验证的best_acc:0.6687
INFO:__main__:----------------------------------------------------------------------------------------------------
INFO:__main__:
【train】epoch:64/150 loss:0.6014 acc:0.6597
INFO:__main__:
【val】epoch:64/150 loss:0.5920 acc:0.6594
INFO:__main__:
【Val】:  SENS: 0.5840  SPEC: 0.7077  PPV: 0.5615  NPV: 0.7263 F1:0.5725
INFO:__main__:验证的best_acc:0.6687
INFO:__main__:----------------------------------------------------------------------------------------------------
INFO:__main__:
【train】epoch:65/150 loss:0.6003 acc:0.6737
INFO:__main__:
【val】epoch:65/150 loss:0.5940 acc:0.6594
INFO:__main__:
【Val】:  SENS: 0.5840  SPEC: 0.7077  PPV: 0.5615  NPV: 0.7263 F1:0.5725
INFO:__main__:验证的best_acc:0.6687
INFO:__main__:----------------------------------------------------------------------------------------------------
INFO:__main__:
【train】epoch:66/150 loss:0.6050 acc:0.6691
INFO:__main__:
【val】epoch:66/150 loss:0.5913 acc:0.6656
INFO:__main__:
【Val】:  SENS: 0.5880  SPEC: 0.7154  PPV: 0.5698  NPV: 0.7304 F1:0.5787
INFO:__main__:验证的best_acc:0.6687
INFO:__main__:----------------------------------------------------------------------------------------------------
INFO:__main__:
【train】epoch:67/150 loss:0.5999 acc:0.6658
INFO:__main__:
【val】epoch:67/150 loss:0.5944 acc:0.6578
INFO:__main__:
【Val】:  SENS: 0.5960  SPEC: 0.6974  PPV: 0.5581  NPV: 0.7292 F1:0.5764
INFO:__main__:验证的best_acc:0.6687
INFO:__main__:----------------------------------------------------------------------------------------------------
INFO:__main__:
【train】epoch:68/150 loss:0.6000 acc:0.6625
INFO:__main__:
【val】epoch:68/150 loss:0.5880 acc:0.6672
INFO:__main__:
【Val】:  SENS: 0.5800  SPEC: 0.7231  PPV: 0.5731  NPV: 0.7287 F1:0.5765
INFO:__main__:验证的best_acc:0.6687
INFO:__main__:----------------------------------------------------------------------------------------------------
INFO:__main__:
【train】epoch:69/150 loss:0.5970 acc:0.6658
INFO:__main__:
【val】epoch:69/150 loss:0.5872 acc:0.6625
INFO:__main__:
【Val】:  SENS: 0.5720  SPEC: 0.7205  PPV: 0.5675  NPV: 0.7242 F1:0.5697
INFO:__main__:验证的best_acc:0.6687
INFO:__main__:----------------------------------------------------------------------------------------------------
INFO:__main__:
【train】epoch:70/150 loss:0.5977 acc:0.6727
INFO:__main__:
【val】epoch:70/150 loss:0.5876 acc:0.6656
INFO:__main__:
【Val】:  SENS: 0.5600  SPEC: 0.7333  PPV: 0.5738  NPV: 0.7222 F1:0.5668
INFO:__main__:验证的best_acc:0.6687
INFO:__main__:----------------------------------------------------------------------------------------------------
INFO:__main__:
【train】epoch:71/150 loss:0.5964 acc:0.6650
INFO:__main__:
【val】epoch:71/150 loss:0.5844 acc:0.6672
INFO:__main__:
【Val】:  SENS: 0.5760  SPEC: 0.7256  PPV: 0.5737  NPV: 0.7275 F1:0.5749
INFO:__main__:验证的best_acc:0.6687
INFO:__main__:----------------------------------------------------------------------------------------------------
INFO:__main__:
【train】epoch:72/150 loss:0.5973 acc:0.6642
INFO:__main__:
【val】epoch:72/150 loss:0.5856 acc:0.6531
INFO:__main__:
【Val】:  SENS: 0.5760  SPEC: 0.7026  PPV: 0.5538  NPV: 0.7211 F1:0.5647
INFO:__main__:验证的best_acc:0.6687
INFO:__main__:----------------------------------------------------------------------------------------------------
INFO:__main__:
【train】epoch:73/150 loss:0.5930 acc:0.6704
INFO:__main__:
【val】epoch:73/150 loss:0.5871 acc:0.6641
INFO:__main__:
【Val】:  SENS: 0.5920  SPEC: 0.7103  PPV: 0.5670  NPV: 0.7309 F1:0.5793
INFO:__main__:验证的best_acc:0.6687
INFO:__main__:----------------------------------------------------------------------------------------------------
INFO:__main__:
【train】epoch:74/150 loss:0.5947 acc:0.6722
INFO:__main__:
【val】epoch:74/150 loss:0.5863 acc:0.6656
INFO:__main__:
【Val】:  SENS: 0.5840  SPEC: 0.7179  PPV: 0.5703  NPV: 0.7292 F1:0.5771
INFO:__main__:验证的best_acc:0.6687
INFO:__main__:----------------------------------------------------------------------------------------------------
INFO:__main__:
【train】epoch:75/150 loss:0.5948 acc:0.6694
INFO:__main__:
【val】epoch:75/150 loss:0.5861 acc:0.6672
INFO:__main__:
【Val】:  SENS: 0.5880  SPEC: 0.7179  PPV: 0.5720  NPV: 0.7311 F1:0.5799
INFO:__main__:验证的best_acc:0.6687
INFO:__main__:----------------------------------------------------------------------------------------------------
INFO:__main__:
【train】epoch:76/150 loss:0.5945 acc:0.6720
INFO:__main__:
【val】epoch:76/150 loss:0.5821 acc:0.6719
INFO:__main__:
【Val】:  SENS: 0.5880  SPEC: 0.7256  PPV: 0.5787  NPV: 0.7332 F1:0.5833
INFO:__main__:验证的best_acc:0.6719
INFO:__main__:----------------------------------------------------------------------------------------------------
INFO:__main__:
【train】epoch:77/150 loss:0.5945 acc:0.6694
INFO:__main__:
【val】epoch:77/150 loss:0.5866 acc:0.6656
INFO:__main__:
【Val】:  SENS: 0.5880  SPEC: 0.7154  PPV: 0.5698  NPV: 0.7304 F1:0.5787
INFO:__main__:验证的best_acc:0.6719
INFO:__main__:----------------------------------------------------------------------------------------------------
INFO:__main__:
【train】epoch:78/150 loss:0.5928 acc:0.6735
INFO:__main__:
【val】epoch:78/150 loss:0.5866 acc:0.6672
INFO:__main__:
【Val】:  SENS: 0.5920  SPEC: 0.7154  PPV: 0.5714  NPV: 0.7323 F1:0.5815
INFO:__main__:验证的best_acc:0.6719
INFO:__main__:----------------------------------------------------------------------------------------------------
INFO:__main__:
【train】epoch:79/150 loss:0.5925 acc:0.6759
INFO:__main__:
【val】epoch:79/150 loss:0.5832 acc:0.6656
INFO:__main__:
【Val】:  SENS: 0.5760  SPEC: 0.7231  PPV: 0.5714  NPV: 0.7268 F1:0.5737
INFO:__main__:验证的best_acc:0.6719
INFO:__main__:----------------------------------------------------------------------------------------------------
INFO:__main__:
【train】epoch:80/150 loss:0.5921 acc:0.6720
INFO:__main__:
【val】epoch:80/150 loss:0.5817 acc:0.6687
INFO:__main__:
【Val】:  SENS: 0.5840  SPEC: 0.7231  PPV: 0.5748  NPV: 0.7306 F1:0.5794
INFO:__main__:验证的best_acc:0.6719
INFO:__main__:----------------------------------------------------------------------------------------------------
INFO:__main__:
【train】epoch:81/150 loss:0.5928 acc:0.6722
INFO:__main__:
【val】epoch:81/150 loss:0.5831 acc:0.6656
INFO:__main__:
【Val】:  SENS: 0.5920  SPEC: 0.7128  PPV: 0.5692  NPV: 0.7316 F1:0.5804
INFO:__main__:验证的best_acc:0.6719
INFO:__main__:----------------------------------------------------------------------------------------------------
INFO:__main__:
【train】epoch:82/150 loss:0.5908 acc:0.6782
INFO:__main__:
【val】epoch:82/150 loss:0.5822 acc:0.6703
INFO:__main__:
【Val】:  SENS: 0.5840  SPEC: 0.7256  PPV: 0.5771  NPV: 0.7313 F1:0.5805
INFO:__main__:验证的best_acc:0.6719
INFO:__main__:----------------------------------------------------------------------------------------------------
INFO:__main__:
【train】epoch:83/150 loss:0.5894 acc:0.6739
INFO:__main__:
【val】epoch:83/150 loss:0.5790 acc:0.6719
INFO:__main__:
【Val】:  SENS: 0.5800  SPEC: 0.7308  PPV: 0.5800  NPV: 0.7308 F1:0.5800
INFO:__main__:验证的best_acc:0.6719
INFO:__main__:----------------------------------------------------------------------------------------------------
INFO:__main__:
【train】epoch:84/150 loss:0.5887 acc:0.6762
INFO:__main__:
【val】epoch:84/150 loss:0.5756 acc:0.6719
INFO:__main__:
【Val】:  SENS: 0.5640  SPEC: 0.7410  PPV: 0.5826  NPV: 0.7261 F1:0.5732
INFO:__main__:验证的best_acc:0.6719
INFO:__main__:----------------------------------------------------------------------------------------------------
INFO:__main__:
【train】epoch:85/150 loss:0.5884 acc:0.6745
INFO:__main__:
【val】epoch:85/150 loss:0.5765 acc:0.6641
INFO:__main__:
【Val】:  SENS: 0.5800  SPEC: 0.7179  PPV: 0.5686  NPV: 0.7273 F1:0.5743
INFO:__main__:验证的best_acc:0.6719
INFO:__main__:----------------------------------------------------------------------------------------------------
INFO:__main__:
【train】epoch:86/150 loss:0.5900 acc:0.6745
INFO:__main__:
【val】epoch:86/150 loss:0.5787 acc:0.6734
INFO:__main__:
【Val】:  SENS: 0.5760  SPEC: 0.7359  PPV: 0.5830  NPV: 0.7303 F1:0.5795
INFO:__main__:验证的best_acc:0.6734
INFO:__main__:----------------------------------------------------------------------------------------------------
INFO:__main__:
【train】epoch:87/150 loss:0.5892 acc:0.6790
INFO:__main__:
【val】epoch:87/150 loss:0.5816 acc:0.6719
INFO:__main__:
【Val】:  SENS: 0.5600  SPEC: 0.7436  PPV: 0.5833  NPV: 0.7250 F1:0.5714
INFO:__main__:验证的best_acc:0.6734
INFO:__main__:----------------------------------------------------------------------------------------------------
INFO:__main__:
【train】epoch:88/150 loss:0.5899 acc:0.6720
INFO:__main__:
【val】epoch:88/150 loss:0.5821 acc:0.6766
INFO:__main__:
【Val】:  SENS: 0.5800  SPEC: 0.7385  PPV: 0.5870  NPV: 0.7328 F1:0.5835
INFO:__main__:验证的best_acc:0.6766
INFO:__main__:----------------------------------------------------------------------------------------------------
INFO:__main__:
【train】epoch:89/150 loss:0.5871 acc:0.6759
INFO:__main__:
【val】epoch:89/150 loss:0.5775 acc:0.6750
INFO:__main__:
【Val】:  SENS: 0.5680  SPEC: 0.7436  PPV: 0.5868  NPV: 0.7286 F1:0.5772
INFO:__main__:验证的best_acc:0.6766
INFO:__main__:----------------------------------------------------------------------------------------------------
INFO:__main__:
【train】epoch:90/150 loss:0.5848 acc:0.6724
INFO:__main__:
【val】epoch:90/150 loss:0.5736 acc:0.6641
INFO:__main__:
【Val】:  SENS: 0.5800  SPEC: 0.7179  PPV: 0.5686  NPV: 0.7273 F1:0.5743
INFO:__main__:验证的best_acc:0.6766
INFO:__main__:----------------------------------------------------------------------------------------------------
INFO:__main__:
【train】epoch:91/150 loss:0.5865 acc:0.6826
INFO:__main__:
【val】epoch:91/150 loss:0.5739 acc:0.6687
INFO:__main__:
【Val】:  SENS: 0.5760  SPEC: 0.7282  PPV: 0.5760  NPV: 0.7282 F1:0.5760
INFO:__main__:验证的best_acc:0.6766
INFO:__main__:----------------------------------------------------------------------------------------------------
INFO:__main__:
【train】epoch:92/150 loss:0.5834 acc:0.6826
INFO:__main__:
【val】epoch:92/150 loss:0.5757 acc:0.6781
INFO:__main__:
【Val】:  SENS: 0.5800  SPEC: 0.7410  PPV: 0.5894  NPV: 0.7335 F1:0.5847
INFO:__main__:验证的best_acc:0.6781
INFO:__main__:----------------------------------------------------------------------------------------------------
INFO:__main__:
【train】epoch:93/150 loss:0.5859 acc:0.6729
INFO:__main__:
【val】epoch:93/150 loss:0.5735 acc:0.6672
INFO:__main__:
【Val】:  SENS: 0.5880  SPEC: 0.7179  PPV: 0.5720  NPV: 0.7311 F1:0.5799
INFO:__main__:验证的best_acc:0.6781
INFO:__main__:----------------------------------------------------------------------------------------------------
INFO:__main__:
【train】epoch:94/150 loss:0.5842 acc:0.6811
INFO:__main__:
【val】epoch:94/150 loss:0.5727 acc:0.6812
INFO:__main__:
【Val】:  SENS: 0.5600  SPEC: 0.7590  PPV: 0.5983  NPV: 0.7291 F1:0.5785
INFO:__main__:验证的best_acc:0.6812
INFO:__main__:----------------------------------------------------------------------------------------------------
INFO:__main__:
【train】epoch:95/150 loss:0.5877 acc:0.6793
INFO:__main__:
【val】epoch:95/150 loss:0.5718 acc:0.6703
INFO:__main__:
【Val】:  SENS: 0.5680  SPEC: 0.7359  PPV: 0.5796  NPV: 0.7266 F1:0.5737
INFO:__main__:验证的best_acc:0.6812
INFO:__main__:----------------------------------------------------------------------------------------------------
INFO:__main__:
【train】epoch:96/150 loss:0.5867 acc:0.6786
INFO:__main__:
【val】epoch:96/150 loss:0.5726 acc:0.6703
INFO:__main__:
【Val】:  SENS: 0.5720  SPEC: 0.7333  PPV: 0.5789  NPV: 0.7277 F1:0.5755
INFO:__main__:验证的best_acc:0.6812
INFO:__main__:----------------------------------------------------------------------------------------------------
INFO:__main__:
【train】epoch:97/150 loss:0.5847 acc:0.6753
INFO:__main__:
【val】epoch:97/150 loss:0.5720 acc:0.6734
INFO:__main__:
【Val】:  SENS: 0.5800  SPEC: 0.7333  PPV: 0.5823  NPV: 0.7315 F1:0.5812
INFO:__main__:验证的best_acc:0.6812
INFO:__main__:----------------------------------------------------------------------------------------------------
INFO:__main__:
【train】epoch:98/150 loss:0.5829 acc:0.6819
INFO:__main__:
【val】epoch:98/150 loss:0.5770 acc:0.6812
INFO:__main__:
【Val】:  SENS: 0.5520  SPEC: 0.7641  PPV: 0.6000  NPV: 0.7268 F1:0.5750
INFO:__main__:验证的best_acc:0.6812
INFO:__main__:----------------------------------------------------------------------------------------------------
INFO:__main__:
【train】epoch:99/150 loss:0.5764 acc:0.6871
INFO:__main__:
【val】epoch:99/150 loss:0.5702 acc:0.6812
INFO:__main__:
【Val】:  SENS: 0.5720  SPEC: 0.7513  PPV: 0.5958  NPV: 0.7325 F1:0.5837
INFO:__main__:验证的best_acc:0.6812
INFO:__main__:----------------------------------------------------------------------------------------------------
INFO:__main__:
【train】epoch:100/150 loss:0.5798 acc:0.6823
INFO:__main__:
【val】epoch:100/150 loss:0.5719 acc:0.6687
INFO:__main__:
【Val】:  SENS: 0.5800  SPEC: 0.7256  PPV: 0.5754  NPV: 0.7294 F1:0.5777
INFO:__main__:验证的best_acc:0.6812
INFO:__main__:----------------------------------------------------------------------------------------------------
INFO:__main__:
【train】epoch:101/150 loss:0.5772 acc:0.6912
INFO:__main__:
【val】epoch:101/150 loss:0.5698 acc:0.6859
INFO:__main__:
【Val】:  SENS: 0.5600  SPEC: 0.7667  PPV: 0.6061  NPV: 0.7311 F1:0.5821
INFO:__main__:验证的best_acc:0.6859
INFO:__main__:----------------------------------------------------------------------------------------------------
INFO:__main__:
【train】epoch:102/150 loss:0.5795 acc:0.6803
INFO:__main__:
【val】epoch:102/150 loss:0.5690 acc:0.6766
INFO:__main__:
【Val】:  SENS: 0.5840  SPEC: 0.7359  PPV: 0.5863  NPV: 0.7340 F1:0.5852
INFO:__main__:验证的best_acc:0.6859
INFO:__main__:----------------------------------------------------------------------------------------------------
INFO:__main__:
【train】epoch:103/150 loss:0.5801 acc:0.6910
INFO:__main__:
【val】epoch:103/150 loss:0.5682 acc:0.6844
INFO:__main__:
【Val】:  SENS: 0.5720  SPEC: 0.7564  PPV: 0.6008  NPV: 0.7338 F1:0.5861
INFO:__main__:验证的best_acc:0.6859
INFO:__main__:----------------------------------------------------------------------------------------------------
INFO:__main__:
【train】epoch:104/150 loss:0.5806 acc:0.6799
INFO:__main__:
【val】epoch:104/150 loss:0.5657 acc:0.6812
INFO:__main__:
【Val】:  SENS: 0.5680  SPEC: 0.7538  PPV: 0.5966  NPV: 0.7313 F1:0.5820
INFO:__main__:验证的best_acc:0.6859
INFO:__main__:----------------------------------------------------------------------------------------------------
INFO:__main__:
【train】epoch:105/150 loss:0.5809 acc:0.6786
INFO:__main__:
【val】epoch:105/150 loss:0.5671 acc:0.6844
INFO:__main__:
【Val】:  SENS: 0.5760  SPEC: 0.7538  PPV: 0.6000  NPV: 0.7350 F1:0.5878
INFO:__main__:验证的best_acc:0.6859
INFO:__main__:----------------------------------------------------------------------------------------------------
INFO:__main__:
【train】epoch:106/150 loss:0.5824 acc:0.6795
INFO:__main__:
【val】epoch:106/150 loss:0.5667 acc:0.6891
INFO:__main__:
【Val】:  SENS: 0.5600  SPEC: 0.7718  PPV: 0.6114  NPV: 0.7324 F1:0.5846
INFO:__main__:验证的best_acc:0.6891
INFO:__main__:----------------------------------------------------------------------------------------------------
INFO:__main__:
【train】epoch:107/150 loss:0.5785 acc:0.6834
INFO:__main__:
【val】epoch:107/150 loss:0.5656 acc:0.6844
INFO:__main__:
【Val】:  SENS: 0.5840  SPEC: 0.7487  PPV: 0.5984  NPV: 0.7374 F1:0.5911
INFO:__main__:验证的best_acc:0.6891
INFO:__main__:----------------------------------------------------------------------------------------------------
INFO:__main__:
【train】epoch:108/150 loss:0.5787 acc:0.6819
INFO:__main__:
【val】epoch:108/150 loss:0.5665 acc:0.6875
INFO:__main__:
【Val】:  SENS: 0.5800  SPEC: 0.7564  PPV: 0.6042  NPV: 0.7375 F1:0.5918
INFO:__main__:验证的best_acc:0.6891
INFO:__main__:----------------------------------------------------------------------------------------------------
INFO:__main__:
【train】epoch:109/150 loss:0.5759 acc:0.6848
INFO:__main__:
【val】epoch:109/150 loss:0.5622 acc:0.6891
INFO:__main__:
【Val】:  SENS: 0.5680  SPEC: 0.7667  PPV: 0.6094  NPV: 0.7346 F1:0.5880
INFO:__main__:验证的best_acc:0.6891
INFO:__main__:----------------------------------------------------------------------------------------------------
INFO:__main__:
【train】epoch:110/150 loss:0.5759 acc:0.6912
INFO:__main__:
【val】epoch:110/150 loss:0.5599 acc:0.6938
INFO:__main__:
【Val】:  SENS: 0.5560  SPEC: 0.7821  PPV: 0.6205  NPV: 0.7332 F1:0.5865
INFO:__main__:验证的best_acc:0.6938
INFO:__main__:----------------------------------------------------------------------------------------------------
INFO:__main__:
【train】epoch:111/150 loss:0.5769 acc:0.6807
INFO:__main__:
【val】epoch:111/150 loss:0.5621 acc:0.6875
INFO:__main__:
【Val】:  SENS: 0.5680  SPEC: 0.7641  PPV: 0.6068  NPV: 0.7340 F1:0.5868
INFO:__main__:验证的best_acc:0.6938
INFO:__main__:----------------------------------------------------------------------------------------------------
INFO:__main__:
【train】epoch:112/150 loss:0.5726 acc:0.6889
INFO:__main__:
【val】epoch:112/150 loss:0.5599 acc:0.6922
INFO:__main__:
【Val】:  SENS: 0.5760  SPEC: 0.7667  PPV: 0.6128  NPV: 0.7383 F1:0.5938
INFO:__main__:验证的best_acc:0.6938
INFO:__main__:----------------------------------------------------------------------------------------------------
INFO:__main__:
【train】epoch:113/150 loss:0.5746 acc:0.6887
INFO:__main__:
【val】epoch:113/150 loss:0.5620 acc:0.6875
INFO:__main__:
【Val】:  SENS: 0.5800  SPEC: 0.7564  PPV: 0.6042  NPV: 0.7375 F1:0.5918
INFO:__main__:验证的best_acc:0.6938
INFO:__main__:----------------------------------------------------------------------------------------------------
INFO:__main__:
【train】epoch:114/150 loss:0.5731 acc:0.6912
INFO:__main__:
【val】epoch:114/150 loss:0.5606 acc:0.7000
INFO:__main__:
【Val】:  SENS: 0.5760  SPEC: 0.7795  PPV: 0.6261  NPV: 0.7415 F1:0.6000
INFO:__main__:验证的best_acc:0.7000
INFO:__main__:----------------------------------------------------------------------------------------------------
INFO:__main__:
【train】epoch:115/150 loss:0.5752 acc:0.6889
INFO:__main__:
【val】epoch:115/150 loss:0.5615 acc:0.6891
INFO:__main__:
【Val】:  SENS: 0.5720  SPEC: 0.7641  PPV: 0.6085  NPV: 0.7358 F1:0.5897
INFO:__main__:验证的best_acc:0.7000
INFO:__main__:----------------------------------------------------------------------------------------------------
INFO:__main__:
【train】epoch:116/150 loss:0.5693 acc:0.6910
INFO:__main__:
【val】epoch:116/150 loss:0.5572 acc:0.6938
INFO:__main__:
【Val】:  SENS: 0.5800  SPEC: 0.7667  PPV: 0.6144  NPV: 0.7401 F1:0.5967
INFO:__main__:验证的best_acc:0.7000
INFO:__main__:----------------------------------------------------------------------------------------------------
INFO:__main__:
【train】epoch:117/150 loss:0.5754 acc:0.6881
INFO:__main__:
【val】epoch:117/150 loss:0.5559 acc:0.6938
INFO:__main__:
【Val】:  SENS: 0.5760  SPEC: 0.7692  PPV: 0.6154  NPV: 0.7389 F1:0.5950
INFO:__main__:验证的best_acc:0.7000
INFO:__main__:----------------------------------------------------------------------------------------------------
INFO:__main__:
【train】epoch:118/150 loss:0.5772 acc:0.6859
INFO:__main__:
【val】epoch:118/150 loss:0.5587 acc:0.7094
INFO:__main__:
【Val】:  SENS: 0.5640  SPEC: 0.8026  PPV: 0.6468  NPV: 0.7417 F1:0.6026
INFO:__main__:验证的best_acc:0.7094
INFO:__main__:----------------------------------------------------------------------------------------------------
INFO:__main__:
【train】epoch:119/150 loss:0.5701 acc:0.6958
INFO:__main__:
【val】epoch:119/150 loss:0.5530 acc:0.6938
INFO:__main__:
【Val】:  SENS: 0.5760  SPEC: 0.7692  PPV: 0.6154  NPV: 0.7389 F1:0.5950
INFO:__main__:验证的best_acc:0.7094
INFO:__main__:----------------------------------------------------------------------------------------------------
INFO:__main__:
【train】epoch:120/150 loss:0.5722 acc:0.6894
INFO:__main__:
【val】epoch:120/150 loss:0.5555 acc:0.6938
INFO:__main__:
【Val】:  SENS: 0.5760  SPEC: 0.7692  PPV: 0.6154  NPV: 0.7389 F1:0.5950
INFO:__main__:验证的best_acc:0.7094
INFO:__main__:----------------------------------------------------------------------------------------------------
INFO:__main__:
【train】epoch:121/150 loss:0.5682 acc:0.6947
INFO:__main__:
【val】epoch:121/150 loss:0.5551 acc:0.6953
INFO:__main__:
【Val】:  SENS: 0.5640  SPEC: 0.7795  PPV: 0.6211  NPV: 0.7361 F1:0.5912
INFO:__main__:验证的best_acc:0.7094
INFO:__main__:----------------------------------------------------------------------------------------------------
INFO:__main__:
【train】epoch:122/150 loss:0.5687 acc:0.6935
INFO:__main__:
【val】epoch:122/150 loss:0.5555 acc:0.6969
INFO:__main__:
【Val】:  SENS: 0.5760  SPEC: 0.7744  PPV: 0.6207  NPV: 0.7402 F1:0.5975
INFO:__main__:验证的best_acc:0.7094
INFO:__main__:----------------------------------------------------------------------------------------------------
INFO:__main__:
【train】epoch:123/150 loss:0.5721 acc:0.6925
INFO:__main__:
【val】epoch:123/150 loss:0.5534 acc:0.7016
INFO:__main__:
【Val】:  SENS: 0.5720  SPEC: 0.7846  PPV: 0.6300  NPV: 0.7409 F1:0.5996
INFO:__main__:验证的best_acc:0.7094
INFO:__main__:----------------------------------------------------------------------------------------------------
INFO:__main__:
【train】epoch:124/150 loss:0.5685 acc:0.6935
INFO:__main__:
【val】epoch:124/150 loss:0.5535 acc:0.6953
INFO:__main__:
【Val】:  SENS: 0.5760  SPEC: 0.7718  PPV: 0.6180  NPV: 0.7396 F1:0.5963
INFO:__main__:验证的best_acc:0.7094
INFO:__main__:----------------------------------------------------------------------------------------------------
INFO:__main__:
【train】epoch:125/150 loss:0.5714 acc:0.6858
INFO:__main__:
【val】epoch:125/150 loss:0.5528 acc:0.7109
INFO:__main__:
【Val】:  SENS: 0.5760  SPEC: 0.7974  PPV: 0.6457  NPV: 0.7458 F1:0.6089
INFO:__main__:验证的best_acc:0.7109
INFO:__main__:----------------------------------------------------------------------------------------------------
INFO:__main__:
【train】epoch:126/150 loss:0.5695 acc:0.6900
INFO:__main__:
【val】epoch:126/150 loss:0.5529 acc:0.6984
INFO:__main__:
【Val】:  SENS: 0.5840  SPEC: 0.7718  PPV: 0.6213  NPV: 0.7432 F1:0.6021
INFO:__main__:验证的best_acc:0.7109
INFO:__main__:----------------------------------------------------------------------------------------------------
INFO:__main__:
【train】epoch:127/150 loss:0.5689 acc:0.6935
INFO:__main__:
【val】epoch:127/150 loss:0.5532 acc:0.6953
INFO:__main__:
【Val】:  SENS: 0.6040  SPEC: 0.7538  PPV: 0.6113  NPV: 0.7481 F1:0.6076
INFO:__main__:验证的best_acc:0.7109
INFO:__main__:----------------------------------------------------------------------------------------------------
INFO:__main__:
【train】epoch:128/150 loss:0.5712 acc:0.6873
INFO:__main__:
【val】epoch:128/150 loss:0.5510 acc:0.7016
INFO:__main__:
【Val】:  SENS: 0.5840  SPEC: 0.7769  PPV: 0.6266  NPV: 0.7445 F1:0.6046
INFO:__main__:验证的best_acc:0.7109
INFO:__main__:----------------------------------------------------------------------------------------------------
INFO:__main__:
【train】epoch:129/150 loss:0.5647 acc:0.6991
INFO:__main__:
【val】epoch:129/150 loss:0.5520 acc:0.7000
INFO:__main__:
【Val】:  SENS: 0.5840  SPEC: 0.7744  PPV: 0.6239  NPV: 0.7438 F1:0.6033
INFO:__main__:验证的best_acc:0.7109
INFO:__main__:----------------------------------------------------------------------------------------------------
INFO:__main__:
【train】epoch:130/150 loss:0.5692 acc:0.6968
INFO:__main__:
【val】epoch:130/150 loss:0.5496 acc:0.7063
INFO:__main__:
【Val】:  SENS: 0.5840  SPEC: 0.7846  PPV: 0.6348  NPV: 0.7463 F1:0.6083
INFO:__main__:验证的best_acc:0.7109
INFO:__main__:----------------------------------------------------------------------------------------------------
INFO:__main__:
【train】epoch:131/150 loss:0.5674 acc:0.6925
INFO:__main__:
【val】epoch:131/150 loss:0.5476 acc:0.7063
INFO:__main__:
【Val】:  SENS: 0.5840  SPEC: 0.7846  PPV: 0.6348  NPV: 0.7463 F1:0.6083
INFO:__main__:验证的best_acc:0.7109
INFO:__main__:----------------------------------------------------------------------------------------------------
INFO:__main__:
【train】epoch:132/150 loss:0.5650 acc:0.6958
INFO:__main__:
【val】epoch:132/150 loss:0.5509 acc:0.7000
INFO:__main__:
【Val】:  SENS: 0.6000  SPEC: 0.7641  PPV: 0.6198  NPV: 0.7487 F1:0.6098
INFO:__main__:验证的best_acc:0.7109
INFO:__main__:----------------------------------------------------------------------------------------------------
INFO:__main__:
【train】epoch:133/150 loss:0.5649 acc:0.6949
INFO:__main__:
【val】epoch:133/150 loss:0.5491 acc:0.7031
INFO:__main__:
【Val】:  SENS: 0.6080  SPEC: 0.7641  PPV: 0.6230  NPV: 0.7525 F1:0.6154
INFO:__main__:验证的best_acc:0.7109
INFO:__main__:----------------------------------------------------------------------------------------------------
INFO:__main__:
【train】epoch:134/150 loss:0.5702 acc:0.6883
INFO:__main__:
【val】epoch:134/150 loss:0.5491 acc:0.6969
INFO:__main__:
【Val】:  SENS: 0.5960  SPEC: 0.7615  PPV: 0.6157  NPV: 0.7462 F1:0.6057
INFO:__main__:验证的best_acc:0.7109
INFO:__main__:----------------------------------------------------------------------------------------------------
INFO:__main__:
【train】epoch:135/150 loss:0.5622 acc:0.6960
INFO:__main__:
【val】epoch:135/150 loss:0.5459 acc:0.7000
INFO:__main__:
【Val】:  SENS: 0.5920  SPEC: 0.7692  PPV: 0.6218  NPV: 0.7463 F1:0.6066
INFO:__main__:验证的best_acc:0.7109
INFO:__main__:----------------------------------------------------------------------------------------------------
INFO:__main__:
【train】epoch:136/150 loss:0.5649 acc:0.6937
INFO:__main__:
【val】epoch:136/150 loss:0.5462 acc:0.7172
INFO:__main__:
【Val】:  SENS: 0.5920  SPEC: 0.7974  PPV: 0.6520  NPV: 0.7530 F1:0.6205
INFO:__main__:验证的best_acc:0.7172
INFO:__main__:----------------------------------------------------------------------------------------------------
INFO:__main__:
【train】epoch:137/150 loss:0.5694 acc:0.6990
INFO:__main__:
【val】epoch:137/150 loss:0.5426 acc:0.7188
INFO:__main__:
【Val】:  SENS: 0.5760  SPEC: 0.8103  PPV: 0.6606  NPV: 0.7488 F1:0.6154
INFO:__main__:验证的best_acc:0.7188
INFO:__main__:----------------------------------------------------------------------------------------------------
INFO:__main__:
【train】epoch:138/150 loss:0.5623 acc:0.6970
INFO:__main__:
【val】epoch:138/150 loss:0.5506 acc:0.7047
INFO:__main__:
【Val】:  SENS: 0.6080  SPEC: 0.7667  PPV: 0.6255  NPV: 0.7531 F1:0.6166
INFO:__main__:验证的best_acc:0.7188
INFO:__main__:----------------------------------------------------------------------------------------------------
INFO:__main__:
【train】epoch:139/150 loss:0.5670 acc:0.6929
INFO:__main__:
【val】epoch:139/150 loss:0.5418 acc:0.7234
INFO:__main__:
【Val】:  SENS: 0.6080  SPEC: 0.7974  PPV: 0.6580  NPV: 0.7604 F1:0.6320
INFO:__main__:验证的best_acc:0.7234
INFO:__main__:----------------------------------------------------------------------------------------------------
INFO:__main__:
【train】epoch:140/150 loss:0.5605 acc:0.6953
INFO:__main__:
【val】epoch:140/150 loss:0.5440 acc:0.7141
INFO:__main__:
【Val】:  SENS: 0.6360  SPEC: 0.7641  PPV: 0.6335  NPV: 0.7661 F1:0.6347
INFO:__main__:验证的best_acc:0.7234
INFO:__main__:----------------------------------------------------------------------------------------------------
INFO:__main__:
【train】epoch:141/150 loss:0.5639 acc:0.6976
INFO:__main__:
【val】epoch:141/150 loss:0.5421 acc:0.7172
INFO:__main__:
【Val】:  SENS: 0.6200  SPEC: 0.7795  PPV: 0.6432  NPV: 0.7619 F1:0.6314
INFO:__main__:验证的best_acc:0.7234
INFO:__main__:----------------------------------------------------------------------------------------------------
INFO:__main__:
【train】epoch:142/150 loss:0.5603 acc:0.7023
INFO:__main__:
【val】epoch:142/150 loss:0.5424 acc:0.7234
INFO:__main__:
【Val】:  SENS: 0.6120  SPEC: 0.7949  PPV: 0.6567  NPV: 0.7617 F1:0.6335
INFO:__main__:验证的best_acc:0.7234
INFO:__main__:----------------------------------------------------------------------------------------------------
INFO:__main__:
【train】epoch:143/150 loss:0.5591 acc:0.6958
INFO:__main__:
【val】epoch:143/150 loss:0.5416 acc:0.7141
INFO:__main__:
【Val】:  SENS: 0.6040  SPEC: 0.7846  PPV: 0.6426  NPV: 0.7556 F1:0.6227
INFO:__main__:验证的best_acc:0.7234
INFO:__main__:----------------------------------------------------------------------------------------------------
INFO:__main__:
【train】epoch:144/150 loss:0.5662 acc:0.6958
INFO:__main__:
【val】epoch:144/150 loss:0.5379 acc:0.7219
INFO:__main__:
【Val】:  SENS: 0.6000  SPEC: 0.8000  PPV: 0.6579  NPV: 0.7573 F1:0.6276
INFO:__main__:验证的best_acc:0.7234
INFO:__main__:----------------------------------------------------------------------------------------------------
INFO:__main__:
【train】epoch:145/150 loss:0.5625 acc:0.6929
INFO:__main__:
【val】epoch:145/150 loss:0.5447 acc:0.7109
INFO:__main__:
【Val】:  SENS: 0.6080  SPEC: 0.7769  PPV: 0.6360  NPV: 0.7556 F1:0.6217
INFO:__main__:验证的best_acc:0.7234
INFO:__main__:----------------------------------------------------------------------------------------------------
INFO:__main__:
【train】epoch:146/150 loss:0.5667 acc:0.6931
INFO:__main__:
【val】epoch:146/150 loss:0.5402 acc:0.7172
INFO:__main__:
【Val】:  SENS: 0.6120  SPEC: 0.7846  PPV: 0.6456  NPV: 0.7593 F1:0.6283
INFO:__main__:验证的best_acc:0.7234
INFO:__main__:----------------------------------------------------------------------------------------------------
INFO:__main__:
【train】epoch:147/150 loss:0.5631 acc:0.6993
INFO:__main__:
【val】epoch:147/150 loss:0.5388 acc:0.7219
INFO:__main__:
【Val】:  SENS: 0.6160  SPEC: 0.7897  PPV: 0.6525  NPV: 0.7624 F1:0.6337
INFO:__main__:验证的best_acc:0.7234
INFO:__main__:----------------------------------------------------------------------------------------------------
INFO:__main__:
【train】epoch:148/150 loss:0.5616 acc:0.6982
INFO:__main__:
【val】epoch:148/150 loss:0.5387 acc:0.7219
INFO:__main__:
【Val】:  SENS: 0.6040  SPEC: 0.7974  PPV: 0.6565  NPV: 0.7585 F1:0.6292
INFO:__main__:验证的best_acc:0.7234
INFO:__main__:----------------------------------------------------------------------------------------------------
INFO:__main__:
【train】epoch:149/150 loss:0.5575 acc:0.7056
INFO:__main__:
【val】epoch:149/150 loss:0.5349 acc:0.7219
INFO:__main__:
【Val】:  SENS: 0.6520  SPEC: 0.7667  PPV: 0.6417  NPV: 0.7746 F1:0.6468
INFO:__main__:验证的best_acc:0.7234
INFO:__main__:----------------------------------------------------------------------------------------------------
INFO:__main__:****************************************************************************************************
INFO:__main__:Val_LOSS:['0.7319', '0.6370', '0.6641', '0.6744', '0.6284', '0.6442', '0.6387', '0.6684', '0.6727', '0.6329', '0.6627', '0.6527', '0.6480', '0.6487', '0.6557', '0.6337', '0.6577', '0.6270', '0.6150', '0.6148', '0.6147', '0.6176', '0.6118', '0.6110', '0.6194', '0.6206', '0.6198', '0.6141', '0.6241', '0.6128', '0.6085', '0.6061', '0.6056', '0.6063', '0.6048', '0.6055', '0.5984', '0.5993', '0.6064', '0.6018', '0.5988', '0.6044', '0.5995', '0.5988', '0.6037', '0.6016', '0.6052', '0.5981', '0.5938', '0.5977', '0.5990', '0.5955', '0.5967', '0.5974', '0.5974', '0.5940', '0.5939', '0.5939', '0.5927', '0.5946', '0.5952', '0.5925', '0.5939', '0.5909', '0.5920', '0.5940', '0.5913', '0.5944', '0.5880', '0.5872', '0.5876', '0.5844', '0.5856', '0.5871', '0.5863', '0.5861', '0.5821', '0.5866', '0.5866', '0.5832', '0.5817', '0.5831', '0.5822', '0.5790', '0.5756', '0.5765', '0.5787', '0.5816', '0.5821', '0.5775', '0.5736', '0.5739', '0.5757', '0.5735', '0.5727', '0.5718', '0.5726', '0.5720', '0.5770', '0.5702', '0.5719', '0.5698', '0.5690', '0.5682', '0.5657', '0.5671', '0.5667', '0.5656', '0.5665', '0.5622', '0.5599', '0.5621', '0.5599', '0.5620', '0.5606', '0.5615', '0.5572', '0.5559', '0.5587', '0.5530', '0.5555', '0.5551', '0.5555', '0.5534', '0.5535', '0.5528', '0.5529', '0.5532', '0.5510', '0.5520', '0.5496', '0.5476', '0.5509', '0.5491', '0.5491', '0.5459', '0.5462', '0.5426', '0.5506', '0.5418', '0.5440', '0.5421', '0.5424', '0.5416', '0.5379', '0.5447', '0.5402', '0.5388', '0.5387', '0.5349']
INFO:__main__:Val_ACC:['0.6203', '0.6344', '0.6047', '0.6266', '0.6531', '0.6203', '0.6375', '0.6234', '0.6313', '0.6297', '0.6187', '0.6234', '0.6313', '0.6344', '0.6375', '0.6484', '0.6328', '0.6531', '0.6687', '0.6484', '0.6547', '0.6484', '0.6500', '0.6547', '0.6438', '0.6453', '0.6500', '0.6547', '0.6531', '0.6469', '0.6625', '0.6562', '0.6562', '0.6531', '0.6625', '0.6547', '0.6609', '0.6656', '0.6516', '0.6562', '0.6625', '0.6594', '0.6578', '0.6625', '0.6578', '0.6672', '0.6547', '0.6578', '0.6578', '0.6609', '0.6578', '0.6625', '0.6578', '0.6547', '0.6578', '0.6516', '0.6609', '0.6625', '0.6609', '0.6594', '0.6594', '0.6578', '0.6547', '0.6656', '0.6594', '0.6594', '0.6656', '0.6578', '0.6672', '0.6625', '0.6656', '0.6672', '0.6531', '0.6641', '0.6656', '0.6672', '0.6719', '0.6656', '0.6672', '0.6656', '0.6687', '0.6656', '0.6703', '0.6719', '0.6719', '0.6641', '0.6734', '0.6719', '0.6766', '0.6750', '0.6641', '0.6687', '0.6781', '0.6672', '0.6812', '0.6703', '0.6703', '0.6734', '0.6812', '0.6812', '0.6687', '0.6859', '0.6766', '0.6844', '0.6812', '0.6844', '0.6891', '0.6844', '0.6875', '0.6891', '0.6938', '0.6875', '0.6922', '0.6875', '0.7000', '0.6891', '0.6938', '0.6938', '0.7094', '0.6938', '0.6938', '0.6953', '0.6969', '0.7016', '0.6953', '0.7109', '0.6984', '0.6953', '0.7016', '0.7000', '0.7063', '0.7063', '0.7000', '0.7031', '0.6969', '0.7000', '0.7172', '0.7188', '0.7047', '0.7234', '0.7141', '0.7172', '0.7234', '0.7141', '0.7219', '0.7109', '0.7172', '0.7219', '0.7219', '0.7219']
INFO:__main__:****************************************************************************************************
INFO:__main__: epoch0 测试test_Loss: 0.5773  test_ACC: 0.7043  
INFO:__main__:SENS: 0.6269 SPEC: 0.7551 PPV: 0.6269 NPV: 0.7551 F1:0.6269
INFO:__main__:test_Best_acc:0.7043
