INFO:__main__:
【train】epoch:0/150 loss:0.7565 acc:0.5223
INFO:__main__:
【val】epoch:0/150 loss:0.7510 acc:0.5511
INFO:__main__:
【Val】:  SENS: 0.0032  SPEC: 1.0000  PPV: 1.0000  NPV: 0.5505 F1:0.0063
INFO:__main__:验证的best_acc:0.5511
INFO:__main__:----------------------------------------------------------------------------------------------------
INFO:__main__:
【train】epoch:1/150 loss:0.7368 acc:0.5421
INFO:__main__:
【val】epoch:1/150 loss:0.7132 acc:0.5469
INFO:__main__:
【Val】:  SENS: 0.0284  SPEC: 0.9716  PPV: 0.4500  NPV: 0.5497 F1:0.0534
INFO:__main__:验证的best_acc:0.5511
INFO:__main__:----------------------------------------------------------------------------------------------------
INFO:__main__:
【train】epoch:2/150 loss:0.7312 acc:0.5431
INFO:__main__:
【val】epoch:2/150 loss:0.6931 acc:0.5497
INFO:__main__:
【Val】:  SENS: 0.0000  SPEC: 1.0000  PPV: nan  NPV: 0.5497 F1:nan
INFO:__main__:验证的best_acc:0.5511
INFO:__main__:----------------------------------------------------------------------------------------------------
INFO:__main__:
【train】epoch:3/150 loss:0.7313 acc:0.5414
INFO:__main__:
【val】epoch:3/150 loss:0.6951 acc:0.5497
INFO:__main__:
【Val】:  SENS: 0.0000  SPEC: 1.0000  PPV: nan  NPV: 0.5497 F1:nan
INFO:__main__:验证的best_acc:0.5511
INFO:__main__:----------------------------------------------------------------------------------------------------
INFO:__main__:
【train】epoch:4/150 loss:0.7281 acc:0.5402
INFO:__main__:
【val】epoch:4/150 loss:0.7036 acc:0.5497
INFO:__main__:
【Val】:  SENS: 0.0000  SPEC: 1.0000  PPV: nan  NPV: 0.5497 F1:nan
INFO:__main__:验证的best_acc:0.5511
INFO:__main__:----------------------------------------------------------------------------------------------------
INFO:__main__:
【train】epoch:5/150 loss:0.7208 acc:0.5480
INFO:__main__:
【val】epoch:5/150 loss:0.6851 acc:0.5497
INFO:__main__:
【Val】:  SENS: 0.0000  SPEC: 1.0000  PPV: nan  NPV: 0.5497 F1:nan
INFO:__main__:验证的best_acc:0.5511
INFO:__main__:----------------------------------------------------------------------------------------------------
INFO:__main__:
【train】epoch:6/150 loss:0.7216 acc:0.5426
INFO:__main__:
【val】epoch:6/150 loss:0.6716 acc:0.5497
INFO:__main__:
【Val】:  SENS: 0.0000  SPEC: 1.0000  PPV: nan  NPV: 0.5497 F1:nan
INFO:__main__:验证的best_acc:0.5511
INFO:__main__:----------------------------------------------------------------------------------------------------
INFO:__main__:
【train】epoch:7/150 loss:0.7159 acc:0.5594
INFO:__main__:
【val】epoch:7/150 loss:0.6729 acc:0.5455
INFO:__main__:
【Val】:  SENS: 0.0158  SPEC: 0.9793  PPV: 0.3846  NPV: 0.5485 F1:0.0303
INFO:__main__:验证的best_acc:0.5511
INFO:__main__:----------------------------------------------------------------------------------------------------
INFO:__main__:
【train】epoch:8/150 loss:0.7212 acc:0.5524
INFO:__main__:
【val】epoch:8/150 loss:0.6796 acc:0.5469
INFO:__main__:
【Val】:  SENS: 0.0000  SPEC: 0.9948  PPV: 0.0000  NPV: 0.5484 F1:nan
INFO:__main__:验证的best_acc:0.5511
INFO:__main__:----------------------------------------------------------------------------------------------------
INFO:__main__:
【train】epoch:9/150 loss:0.7008 acc:0.5594
INFO:__main__:
【val】epoch:9/150 loss:0.6550 acc:0.6080
INFO:__main__:
【Val】:  SENS: 0.2618  SPEC: 0.8915  PPV: 0.6640  NPV: 0.5959 F1:0.3756
INFO:__main__:验证的best_acc:0.6080
INFO:__main__:----------------------------------------------------------------------------------------------------
INFO:__main__:
【train】epoch:10/150 loss:0.7039 acc:0.5588
INFO:__main__:
【val】epoch:10/150 loss:0.6527 acc:0.6108
INFO:__main__:
【Val】:  SENS: 0.3281  SPEC: 0.8424  PPV: 0.6303  NPV: 0.6048 F1:0.4315
INFO:__main__:验证的best_acc:0.6108
INFO:__main__:----------------------------------------------------------------------------------------------------
INFO:__main__:
【train】epoch:11/150 loss:0.7008 acc:0.5597
INFO:__main__:
【val】epoch:11/150 loss:0.6544 acc:0.6009
INFO:__main__:
【Val】:  SENS: 0.2902  SPEC: 0.8553  PPV: 0.6216  NPV: 0.5953 F1:0.3957
INFO:__main__:验证的best_acc:0.6108
INFO:__main__:----------------------------------------------------------------------------------------------------
INFO:__main__:
【train】epoch:12/150 loss:0.6989 acc:0.5566
INFO:__main__:
【val】epoch:12/150 loss:0.6527 acc:0.6122
INFO:__main__:
【Val】:  SENS: 0.3596  SPEC: 0.8191  PPV: 0.6196  NPV: 0.6096 F1:0.4551
INFO:__main__:验证的best_acc:0.6122
INFO:__main__:----------------------------------------------------------------------------------------------------
INFO:__main__:
【train】epoch:13/150 loss:0.6972 acc:0.5634
INFO:__main__:
【val】epoch:13/150 loss:0.6490 acc:0.6108
INFO:__main__:
【Val】:  SENS: 0.3975  SPEC: 0.7855  PPV: 0.6029  NPV: 0.6141 F1:0.4791
INFO:__main__:验证的best_acc:0.6122
INFO:__main__:----------------------------------------------------------------------------------------------------
INFO:__main__:
【train】epoch:14/150 loss:0.6975 acc:0.5613
INFO:__main__:
【val】epoch:14/150 loss:0.6516 acc:0.6122
INFO:__main__:
【Val】:  SENS: 0.4132  SPEC: 0.7752  PPV: 0.6009  NPV: 0.6173 F1:0.4897
INFO:__main__:验证的best_acc:0.6122
INFO:__main__:----------------------------------------------------------------------------------------------------
INFO:__main__:
【train】epoch:15/150 loss:0.6940 acc:0.5698
INFO:__main__:
【val】epoch:15/150 loss:0.6503 acc:0.6108
INFO:__main__:
【Val】:  SENS: 0.3975  SPEC: 0.7855  PPV: 0.6029  NPV: 0.6141 F1:0.4791
INFO:__main__:验证的best_acc:0.6122
INFO:__main__:----------------------------------------------------------------------------------------------------
INFO:__main__:
【train】epoch:16/150 loss:0.6909 acc:0.5655
INFO:__main__:
【val】epoch:16/150 loss:0.6537 acc:0.6051
INFO:__main__:
【Val】:  SENS: 0.4890  SPEC: 0.7003  PPV: 0.5720  NPV: 0.6259 F1:0.5272
INFO:__main__:验证的best_acc:0.6122
INFO:__main__:----------------------------------------------------------------------------------------------------
INFO:__main__:
【train】epoch:17/150 loss:0.6914 acc:0.5665
INFO:__main__:
【val】epoch:17/150 loss:0.6505 acc:0.6094
INFO:__main__:
【Val】:  SENS: 0.4826  SPEC: 0.7132  PPV: 0.5795  NPV: 0.6273 F1:0.5267
INFO:__main__:验证的best_acc:0.6122
INFO:__main__:----------------------------------------------------------------------------------------------------
INFO:__main__:
【train】epoch:18/150 loss:0.6886 acc:0.5684
INFO:__main__:
【val】epoch:18/150 loss:0.6468 acc:0.6250
INFO:__main__:
【Val】:  SENS: 0.4858  SPEC: 0.7390  PPV: 0.6039  NPV: 0.6370 F1:0.5385
INFO:__main__:验证的best_acc:0.6250
INFO:__main__:----------------------------------------------------------------------------------------------------
INFO:__main__:
【train】epoch:19/150 loss:0.6835 acc:0.5700
INFO:__main__:
【val】epoch:19/150 loss:0.6542 acc:0.5923
INFO:__main__:
【Val】:  SENS: 0.6530  SPEC: 0.5426  PPV: 0.5391  NPV: 0.6562 F1:0.5906
INFO:__main__:验证的best_acc:0.6250
INFO:__main__:----------------------------------------------------------------------------------------------------
INFO:__main__:
【train】epoch:20/150 loss:0.6826 acc:0.5625
INFO:__main__:
【val】epoch:20/150 loss:0.6497 acc:0.6037
INFO:__main__:
【Val】:  SENS: 0.5521  SPEC: 0.6460  PPV: 0.5609  NPV: 0.6378 F1:0.5564
INFO:__main__:验证的best_acc:0.6250
INFO:__main__:----------------------------------------------------------------------------------------------------
INFO:__main__:
【train】epoch:21/150 loss:0.6758 acc:0.5733
INFO:__main__:
【val】epoch:21/150 loss:0.6472 acc:0.6151
INFO:__main__:
【Val】:  SENS: 0.4637  SPEC: 0.7390  PPV: 0.5927  NPV: 0.6272 F1:0.5204
INFO:__main__:验证的best_acc:0.6250
INFO:__main__:----------------------------------------------------------------------------------------------------
INFO:__main__:
【train】epoch:22/150 loss:0.6725 acc:0.5780
INFO:__main__:
【val】epoch:22/150 loss:0.6469 acc:0.6165
INFO:__main__:
【Val】:  SENS: 0.4385  SPEC: 0.7623  PPV: 0.6017  NPV: 0.6237 F1:0.5073
INFO:__main__:验证的best_acc:0.6250
INFO:__main__:----------------------------------------------------------------------------------------------------
INFO:__main__:
【train】epoch:23/150 loss:0.6693 acc:0.5862
INFO:__main__:
【val】epoch:23/150 loss:0.6458 acc:0.6165
INFO:__main__:
【Val】:  SENS: 0.4479  SPEC: 0.7545  PPV: 0.5992  NPV: 0.6253 F1:0.5126
INFO:__main__:验证的best_acc:0.6250
INFO:__main__:----------------------------------------------------------------------------------------------------
INFO:__main__:
【train】epoch:24/150 loss:0.6670 acc:0.5932
INFO:__main__:
【val】epoch:24/150 loss:0.6450 acc:0.6165
INFO:__main__:
【Val】:  SENS: 0.3754  SPEC: 0.8140  PPV: 0.6230  NPV: 0.6140 F1:0.4685
INFO:__main__:验证的best_acc:0.6250
INFO:__main__:----------------------------------------------------------------------------------------------------
INFO:__main__:
【train】epoch:25/150 loss:0.6659 acc:0.5929
INFO:__main__:
【val】epoch:25/150 loss:0.6491 acc:0.5966
INFO:__main__:
【Val】:  SENS: 0.2808  SPEC: 0.8553  PPV: 0.6138  NPV: 0.5921 F1:0.3853
INFO:__main__:验证的best_acc:0.6250
INFO:__main__:----------------------------------------------------------------------------------------------------
INFO:__main__:
【train】epoch:26/150 loss:0.6639 acc:0.5911
INFO:__main__:
【val】epoch:26/150 loss:0.6469 acc:0.5966
INFO:__main__:
【Val】:  SENS: 0.2965  SPEC: 0.8424  PPV: 0.6065  NPV: 0.5938 F1:0.3983
INFO:__main__:验证的best_acc:0.6250
INFO:__main__:----------------------------------------------------------------------------------------------------
INFO:__main__:
【train】epoch:27/150 loss:0.6629 acc:0.5951
INFO:__main__:
【val】epoch:27/150 loss:0.6469 acc:0.5994
INFO:__main__:
【Val】:  SENS: 0.2776  SPEC: 0.8630  PPV: 0.6241  NPV: 0.5933 F1:0.3843
INFO:__main__:验证的best_acc:0.6250
INFO:__main__:----------------------------------------------------------------------------------------------------
INFO:__main__:
【train】epoch:28/150 loss:0.6621 acc:0.5957
INFO:__main__:
【val】epoch:28/150 loss:0.6469 acc:0.5994
INFO:__main__:
【Val】:  SENS: 0.3123  SPEC: 0.8346  PPV: 0.6074  NPV: 0.5970 F1:0.4125
INFO:__main__:验证的best_acc:0.6250
INFO:__main__:----------------------------------------------------------------------------------------------------
INFO:__main__:
【train】epoch:29/150 loss:0.6577 acc:0.6014
INFO:__main__:
【val】epoch:29/150 loss:0.6504 acc:0.5938
INFO:__main__:
【Val】:  SENS: 0.2366  SPEC: 0.8863  PPV: 0.6303  NPV: 0.5863 F1:0.3440
INFO:__main__:验证的best_acc:0.6250
INFO:__main__:----------------------------------------------------------------------------------------------------
INFO:__main__:
【train】epoch:30/150 loss:0.6604 acc:0.5920
INFO:__main__:
【val】epoch:30/150 loss:0.6456 acc:0.6065
INFO:__main__:
【Val】:  SENS: 0.2839  SPEC: 0.8708  PPV: 0.6429  NPV: 0.5975 F1:0.3939
INFO:__main__:验证的best_acc:0.6250
INFO:__main__:----------------------------------------------------------------------------------------------------
INFO:__main__:
【train】epoch:31/150 loss:0.6570 acc:0.6049
INFO:__main__:
【val】epoch:31/150 loss:0.6464 acc:0.6051
INFO:__main__:
【Val】:  SENS: 0.3091  SPEC: 0.8475  PPV: 0.6242  NPV: 0.5996 F1:0.4135
INFO:__main__:验证的best_acc:0.6250
INFO:__main__:----------------------------------------------------------------------------------------------------
INFO:__main__:
【train】epoch:32/150 loss:0.6583 acc:0.6035
INFO:__main__:
【val】epoch:32/150 loss:0.6450 acc:0.6023
INFO:__main__:
【Val】:  SENS: 0.3344  SPEC: 0.8217  PPV: 0.6057  NPV: 0.6011 F1:0.4309
INFO:__main__:验证的best_acc:0.6250
INFO:__main__:----------------------------------------------------------------------------------------------------
INFO:__main__:
【train】epoch:33/150 loss:0.6583 acc:0.6072
INFO:__main__:
【val】epoch:33/150 loss:0.6421 acc:0.6151
INFO:__main__:
【Val】:  SENS: 0.3375  SPEC: 0.8424  PPV: 0.6369  NPV: 0.6082 F1:0.4412
INFO:__main__:验证的best_acc:0.6250
INFO:__main__:----------------------------------------------------------------------------------------------------
INFO:__main__:
【train】epoch:34/150 loss:0.6584 acc:0.6063
INFO:__main__:
【val】epoch:34/150 loss:0.6460 acc:0.5994
INFO:__main__:
【Val】:  SENS: 0.3312  SPEC: 0.8191  PPV: 0.6000  NPV: 0.5992 F1:0.4268
INFO:__main__:验证的best_acc:0.6250
INFO:__main__:----------------------------------------------------------------------------------------------------
INFO:__main__:
【train】epoch:35/150 loss:0.6585 acc:0.6014
INFO:__main__:
【val】epoch:35/150 loss:0.6469 acc:0.6094
INFO:__main__:
【Val】:  SENS: 0.2871  SPEC: 0.8734  PPV: 0.6500  NPV: 0.5993 F1:0.3982
INFO:__main__:验证的best_acc:0.6250
INFO:__main__:----------------------------------------------------------------------------------------------------
INFO:__main__:
【train】epoch:36/150 loss:0.6581 acc:0.6047
INFO:__main__:
【val】epoch:36/150 loss:0.6409 acc:0.6136
INFO:__main__:
【Val】:  SENS: 0.3565  SPEC: 0.8243  PPV: 0.6243  NPV: 0.6099 F1:0.4538
INFO:__main__:验证的best_acc:0.6250
INFO:__main__:----------------------------------------------------------------------------------------------------
INFO:__main__:
【train】epoch:37/150 loss:0.6572 acc:0.6025
INFO:__main__:
【val】epoch:37/150 loss:0.6419 acc:0.6151
INFO:__main__:
【Val】:  SENS: 0.3943  SPEC: 0.7959  PPV: 0.6127  NPV: 0.6160 F1:0.4798
INFO:__main__:验证的best_acc:0.6250
INFO:__main__:----------------------------------------------------------------------------------------------------
INFO:__main__:
【train】epoch:38/150 loss:0.6585 acc:0.5993
INFO:__main__:
【val】epoch:38/150 loss:0.6408 acc:0.6151
INFO:__main__:
【Val】:  SENS: 0.3218  SPEC: 0.8553  PPV: 0.6456  NPV: 0.6062 F1:0.4295
INFO:__main__:验证的best_acc:0.6250
INFO:__main__:----------------------------------------------------------------------------------------------------
INFO:__main__:
【train】epoch:39/150 loss:0.6550 acc:0.6137
INFO:__main__:
【val】epoch:39/150 loss:0.6409 acc:0.6179
INFO:__main__:
【Val】:  SENS: 0.3565  SPEC: 0.8320  PPV: 0.6348  NPV: 0.6122 F1:0.4566
INFO:__main__:验证的best_acc:0.6250
INFO:__main__:----------------------------------------------------------------------------------------------------
INFO:__main__:
【train】epoch:40/150 loss:0.6551 acc:0.6070
INFO:__main__:
【val】epoch:40/150 loss:0.6406 acc:0.6179
INFO:__main__:
【Val】:  SENS: 0.3659  SPEC: 0.8243  PPV: 0.6304  NPV: 0.6135 F1:0.4631
INFO:__main__:验证的best_acc:0.6250
INFO:__main__:----------------------------------------------------------------------------------------------------
INFO:__main__:
【train】epoch:41/150 loss:0.6543 acc:0.6123
INFO:__main__:
【val】epoch:41/150 loss:0.6446 acc:0.6136
INFO:__main__:
【Val】:  SENS: 0.3722  SPEC: 0.8114  PPV: 0.6178  NPV: 0.6121 F1:0.4646
INFO:__main__:验证的best_acc:0.6250
INFO:__main__:----------------------------------------------------------------------------------------------------
INFO:__main__:
【train】epoch:42/150 loss:0.6540 acc:0.6142
INFO:__main__:
【val】epoch:42/150 loss:0.6444 acc:0.6051
INFO:__main__:
【Val】:  SENS: 0.3470  SPEC: 0.8165  PPV: 0.6077  NPV: 0.6042 F1:0.4418
INFO:__main__:验证的best_acc:0.6250
INFO:__main__:----------------------------------------------------------------------------------------------------
INFO:__main__:
【train】epoch:43/150 loss:0.6545 acc:0.6082
INFO:__main__:
【val】epoch:43/150 loss:0.6414 acc:0.6108
INFO:__main__:
【Val】:  SENS: 0.3754  SPEC: 0.8036  PPV: 0.6103  NPV: 0.6110 F1:0.4648
INFO:__main__:验证的best_acc:0.6250
INFO:__main__:----------------------------------------------------------------------------------------------------
INFO:__main__:
【train】epoch:44/150 loss:0.6531 acc:0.6117
INFO:__main__:
【val】epoch:44/150 loss:0.6394 acc:0.6165
INFO:__main__:
【Val】:  SENS: 0.4006  SPEC: 0.7933  PPV: 0.6135  NPV: 0.6177 F1:0.4847
INFO:__main__:验证的best_acc:0.6250
INFO:__main__:----------------------------------------------------------------------------------------------------
INFO:__main__:
【train】epoch:45/150 loss:0.6549 acc:0.6117
INFO:__main__:
【val】epoch:45/150 loss:0.6392 acc:0.6136
INFO:__main__:
【Val】:  SENS: 0.3817  SPEC: 0.8036  PPV: 0.6142  NPV: 0.6134 F1:0.4708
INFO:__main__:验证的best_acc:0.6250
INFO:__main__:----------------------------------------------------------------------------------------------------
INFO:__main__:
【train】epoch:46/150 loss:0.6542 acc:0.6110
INFO:__main__:
【val】epoch:46/150 loss:0.6434 acc:0.6136
INFO:__main__:
【Val】:  SENS: 0.3691  SPEC: 0.8140  PPV: 0.6190  NPV: 0.6117 F1:0.4625
INFO:__main__:验证的best_acc:0.6250
INFO:__main__:----------------------------------------------------------------------------------------------------
INFO:__main__:
【train】epoch:47/150 loss:0.6527 acc:0.6189
INFO:__main__:
【val】epoch:47/150 loss:0.6375 acc:0.6321
INFO:__main__:
【Val】:  SENS: 0.4132  SPEC: 0.8114  PPV: 0.6422  NPV: 0.6280 F1:0.5029
INFO:__main__:验证的best_acc:0.6321
INFO:__main__:----------------------------------------------------------------------------------------------------
INFO:__main__:
【train】epoch:48/150 loss:0.6533 acc:0.6088
INFO:__main__:
【val】epoch:48/150 loss:0.6393 acc:0.6207
INFO:__main__:
【Val】:  SENS: 0.4132  SPEC: 0.7907  PPV: 0.6179  NPV: 0.6220 F1:0.4953
INFO:__main__:验证的best_acc:0.6321
INFO:__main__:----------------------------------------------------------------------------------------------------
INFO:__main__:
【train】epoch:49/150 loss:0.6516 acc:0.6128
INFO:__main__:
【val】epoch:49/150 loss:0.6376 acc:0.6335
INFO:__main__:
【Val】:  SENS: 0.4259  SPEC: 0.8036  PPV: 0.6398  NPV: 0.6308 F1:0.5114
INFO:__main__:验证的best_acc:0.6335
INFO:__main__:----------------------------------------------------------------------------------------------------
INFO:__main__:
【train】epoch:50/150 loss:0.6488 acc:0.6168
INFO:__main__:
【val】epoch:50/150 loss:0.6365 acc:0.6264
INFO:__main__:
【Val】:  SENS: 0.4322  SPEC: 0.7855  PPV: 0.6227  NPV: 0.6281 F1:0.5102
INFO:__main__:验证的best_acc:0.6335
INFO:__main__:----------------------------------------------------------------------------------------------------
INFO:__main__:
【train】epoch:51/150 loss:0.6527 acc:0.6191
INFO:__main__:
【val】epoch:51/150 loss:0.6394 acc:0.6151
INFO:__main__:
【Val】:  SENS: 0.4416  SPEC: 0.7571  PPV: 0.5983  NPV: 0.6234 F1:0.5082
INFO:__main__:验证的best_acc:0.6335
INFO:__main__:----------------------------------------------------------------------------------------------------
INFO:__main__:
【train】epoch:52/150 loss:0.6512 acc:0.6140
INFO:__main__:
【val】epoch:52/150 loss:0.6401 acc:0.6122
INFO:__main__:
【Val】:  SENS: 0.4448  SPEC: 0.7494  PPV: 0.5924  NPV: 0.6223 F1:0.5081
INFO:__main__:验证的best_acc:0.6335
INFO:__main__:----------------------------------------------------------------------------------------------------
INFO:__main__:
【train】epoch:53/150 loss:0.6491 acc:0.6219
INFO:__main__:
【val】epoch:53/150 loss:0.6372 acc:0.6293
INFO:__main__:
【Val】:  SENS: 0.4543  SPEC: 0.7726  PPV: 0.6207  NPV: 0.6335 F1:0.5246
INFO:__main__:验证的best_acc:0.6335
INFO:__main__:----------------------------------------------------------------------------------------------------
INFO:__main__:
【train】epoch:54/150 loss:0.6494 acc:0.6240
INFO:__main__:
【val】epoch:54/150 loss:0.6371 acc:0.6307
INFO:__main__:
【Val】:  SENS: 0.4385  SPEC: 0.7881  PPV: 0.6290  NPV: 0.6315 F1:0.5167
INFO:__main__:验证的best_acc:0.6335
INFO:__main__:----------------------------------------------------------------------------------------------------
INFO:__main__:
【train】epoch:55/150 loss:0.6477 acc:0.6231
INFO:__main__:
【val】epoch:55/150 loss:0.6366 acc:0.6293
INFO:__main__:
【Val】:  SENS: 0.4259  SPEC: 0.7959  PPV: 0.6308  NPV: 0.6286 F1:0.5085
INFO:__main__:验证的best_acc:0.6335
INFO:__main__:----------------------------------------------------------------------------------------------------
INFO:__main__:
【train】epoch:56/150 loss:0.6496 acc:0.6175
INFO:__main__:
【val】epoch:56/150 loss:0.6377 acc:0.6236
INFO:__main__:
【Val】:  SENS: 0.4290  SPEC: 0.7829  PPV: 0.6182  NPV: 0.6260 F1:0.5065
INFO:__main__:验证的best_acc:0.6335
INFO:__main__:----------------------------------------------------------------------------------------------------
INFO:__main__:
【train】epoch:57/150 loss:0.6496 acc:0.6185
INFO:__main__:
【val】epoch:57/150 loss:0.6343 acc:0.6335
INFO:__main__:
【Val】:  SENS: 0.4763  SPEC: 0.7623  PPV: 0.6214  NPV: 0.6399 F1:0.5393
INFO:__main__:验证的best_acc:0.6335
INFO:__main__:----------------------------------------------------------------------------------------------------
INFO:__main__:
【train】epoch:58/150 loss:0.6494 acc:0.6154
INFO:__main__:
【val】epoch:58/150 loss:0.6348 acc:0.6222
INFO:__main__:
【Val】:  SENS: 0.4479  SPEC: 0.7649  PPV: 0.6094  NPV: 0.6285 F1:0.5164
INFO:__main__:验证的best_acc:0.6335
INFO:__main__:----------------------------------------------------------------------------------------------------
INFO:__main__:
【train】epoch:59/150 loss:0.6486 acc:0.6226
INFO:__main__:
【val】epoch:59/150 loss:0.6359 acc:0.6165
INFO:__main__:
【Val】:  SENS: 0.4732  SPEC: 0.7339  PPV: 0.5929  NPV: 0.6297 F1:0.5263
INFO:__main__:验证的best_acc:0.6335
INFO:__main__:----------------------------------------------------------------------------------------------------
INFO:__main__:
【train】epoch:60/150 loss:0.6485 acc:0.6161
INFO:__main__:
【val】epoch:60/150 loss:0.6334 acc:0.6264
INFO:__main__:
【Val】:  SENS: 0.4984  SPEC: 0.7313  PPV: 0.6031  NPV: 0.6403 F1:0.5458
INFO:__main__:验证的best_acc:0.6335
INFO:__main__:----------------------------------------------------------------------------------------------------
INFO:__main__:
【train】epoch:61/150 loss:0.6458 acc:0.6224
INFO:__main__:
【val】epoch:61/150 loss:0.6339 acc:0.6307
INFO:__main__:
【Val】:  SENS: 0.4921  SPEC: 0.7442  PPV: 0.6118  NPV: 0.6414 F1:0.5455
INFO:__main__:验证的best_acc:0.6335
INFO:__main__:----------------------------------------------------------------------------------------------------
INFO:__main__:
【train】epoch:62/150 loss:0.6464 acc:0.6271
INFO:__main__:
【val】epoch:62/150 loss:0.6343 acc:0.6236
INFO:__main__:
【Val】:  SENS: 0.4700  SPEC: 0.7494  PPV: 0.6057  NPV: 0.6332 F1:0.5293
INFO:__main__:验证的best_acc:0.6335
INFO:__main__:----------------------------------------------------------------------------------------------------
INFO:__main__:
【train】epoch:63/150 loss:0.6459 acc:0.6280
INFO:__main__:
【val】epoch:63/150 loss:0.6335 acc:0.6264
INFO:__main__:
【Val】:  SENS: 0.4606  SPEC: 0.7623  PPV: 0.6134  NPV: 0.6330 F1:0.5261
INFO:__main__:验证的best_acc:0.6335
INFO:__main__:----------------------------------------------------------------------------------------------------
INFO:__main__:
【train】epoch:64/150 loss:0.6446 acc:0.6255
INFO:__main__:
【val】epoch:64/150 loss:0.6330 acc:0.6264
INFO:__main__:
【Val】:  SENS: 0.4353  SPEC: 0.7829  PPV: 0.6216  NPV: 0.6286 F1:0.5121
INFO:__main__:验证的best_acc:0.6335
INFO:__main__:----------------------------------------------------------------------------------------------------
INFO:__main__:
【train】epoch:65/150 loss:0.6470 acc:0.6234
INFO:__main__:
【val】epoch:65/150 loss:0.6348 acc:0.6193
INFO:__main__:
【Val】:  SENS: 0.5016  SPEC: 0.7158  PPV: 0.5911  NPV: 0.6368 F1:0.5427
INFO:__main__:验证的best_acc:0.6335
INFO:__main__:----------------------------------------------------------------------------------------------------
INFO:__main__:
【train】epoch:66/150 loss:0.6458 acc:0.6257
INFO:__main__:
【val】epoch:66/150 loss:0.6331 acc:0.6321
INFO:__main__:
【Val】:  SENS: 0.4732  SPEC: 0.7623  PPV: 0.6198  NPV: 0.6385 F1:0.5367
INFO:__main__:验证的best_acc:0.6335
INFO:__main__:----------------------------------------------------------------------------------------------------
INFO:__main__:
【train】epoch:67/150 loss:0.6462 acc:0.6311
INFO:__main__:
【val】epoch:67/150 loss:0.6313 acc:0.6264
INFO:__main__:
【Val】:  SENS: 0.4700  SPEC: 0.7545  PPV: 0.6107  NPV: 0.6348 F1:0.5312
INFO:__main__:验证的best_acc:0.6335
INFO:__main__:----------------------------------------------------------------------------------------------------
INFO:__main__:
【train】epoch:68/150 loss:0.6437 acc:0.6302
INFO:__main__:
【val】epoch:68/150 loss:0.6340 acc:0.6179
INFO:__main__:
【Val】:  SENS: 0.5268  SPEC: 0.6925  PPV: 0.5839  NPV: 0.6411 F1:0.5539
INFO:__main__:验证的best_acc:0.6335
INFO:__main__:----------------------------------------------------------------------------------------------------
INFO:__main__:
【train】epoch:69/150 loss:0.6423 acc:0.6287
INFO:__main__:
【val】epoch:69/150 loss:0.6311 acc:0.6222
INFO:__main__:
【Val】:  SENS: 0.4890  SPEC: 0.7313  PPV: 0.5985  NPV: 0.6360 F1:0.5382
INFO:__main__:验证的best_acc:0.6335
INFO:__main__:----------------------------------------------------------------------------------------------------
INFO:__main__:
【train】epoch:70/150 loss:0.6455 acc:0.6201
INFO:__main__:
【val】epoch:70/150 loss:0.6320 acc:0.6278
INFO:__main__:
【Val】:  SENS: 0.5174  SPEC: 0.7183  PPV: 0.6007  NPV: 0.6450 F1:0.5559
INFO:__main__:验证的best_acc:0.6335
INFO:__main__:----------------------------------------------------------------------------------------------------
INFO:__main__:
【train】epoch:71/150 loss:0.6429 acc:0.6287
INFO:__main__:
【val】epoch:71/150 loss:0.6310 acc:0.6264
INFO:__main__:
【Val】:  SENS: 0.4953  SPEC: 0.7339  PPV: 0.6038  NPV: 0.6396 F1:0.5442
INFO:__main__:验证的best_acc:0.6335
INFO:__main__:----------------------------------------------------------------------------------------------------
INFO:__main__:
【train】epoch:72/150 loss:0.6387 acc:0.6351
INFO:__main__:
【val】epoch:72/150 loss:0.6303 acc:0.6264
INFO:__main__:
【Val】:  SENS: 0.4858  SPEC: 0.7416  PPV: 0.6063  NPV: 0.6378 F1:0.5394
INFO:__main__:验证的best_acc:0.6335
INFO:__main__:----------------------------------------------------------------------------------------------------
INFO:__main__:
【train】epoch:73/150 loss:0.6449 acc:0.6271
INFO:__main__:
【val】epoch:73/150 loss:0.6311 acc:0.6420
INFO:__main__:
【Val】:  SENS: 0.5710  SPEC: 0.7003  PPV: 0.6094  NPV: 0.6658 F1:0.5896
INFO:__main__:验证的best_acc:0.6420
INFO:__main__:----------------------------------------------------------------------------------------------------
INFO:__main__:
【train】epoch:74/150 loss:0.6414 acc:0.6313
INFO:__main__:
【val】epoch:74/150 loss:0.6303 acc:0.6321
INFO:__main__:
【Val】:  SENS: 0.4921  SPEC: 0.7468  PPV: 0.6142  NPV: 0.6422 F1:0.5464
INFO:__main__:验证的best_acc:0.6420
INFO:__main__:----------------------------------------------------------------------------------------------------
INFO:__main__:
【train】epoch:75/150 loss:0.6404 acc:0.6323
INFO:__main__:
【val】epoch:75/150 loss:0.6355 acc:0.6193
INFO:__main__:
【Val】:  SENS: 0.5079  SPEC: 0.7106  PPV: 0.5897  NPV: 0.6381 F1:0.5458
INFO:__main__:验证的best_acc:0.6420
INFO:__main__:----------------------------------------------------------------------------------------------------
INFO:__main__:
【train】epoch:76/150 loss:0.6447 acc:0.6226
INFO:__main__:
【val】epoch:76/150 loss:0.6300 acc:0.6335
INFO:__main__:
【Val】:  SENS: 0.5110  SPEC: 0.7339  PPV: 0.6113  NPV: 0.6469 F1:0.5567
INFO:__main__:验证的best_acc:0.6420
INFO:__main__:----------------------------------------------------------------------------------------------------
INFO:__main__:
【train】epoch:77/150 loss:0.6403 acc:0.6332
INFO:__main__:
【val】epoch:77/150 loss:0.6292 acc:0.6321
INFO:__main__:
【Val】:  SENS: 0.5300  SPEC: 0.7158  PPV: 0.6043  NPV: 0.6502 F1:0.5647
INFO:__main__:验证的best_acc:0.6420
INFO:__main__:----------------------------------------------------------------------------------------------------
INFO:__main__:
【train】epoch:78/150 loss:0.6396 acc:0.6309
INFO:__main__:
【val】epoch:78/150 loss:0.6298 acc:0.6378
INFO:__main__:
【Val】:  SENS: 0.5016  SPEC: 0.7494  PPV: 0.6211  NPV: 0.6473 F1:0.5550
INFO:__main__:验证的best_acc:0.6420
INFO:__main__:----------------------------------------------------------------------------------------------------
INFO:__main__:
【train】epoch:79/150 loss:0.6386 acc:0.6353
INFO:__main__:
【val】epoch:79/150 loss:0.6279 acc:0.6463
INFO:__main__:
【Val】:  SENS: 0.5552  SPEC: 0.7209  PPV: 0.6197  NPV: 0.6643 F1:0.5857
INFO:__main__:验证的best_acc:0.6463
INFO:__main__:----------------------------------------------------------------------------------------------------
INFO:__main__:
【train】epoch:80/150 loss:0.6382 acc:0.6329
INFO:__main__:
【val】epoch:80/150 loss:0.6275 acc:0.6335
INFO:__main__:
【Val】:  SENS: 0.5110  SPEC: 0.7339  PPV: 0.6113  NPV: 0.6469 F1:0.5567
INFO:__main__:验证的best_acc:0.6463
INFO:__main__:----------------------------------------------------------------------------------------------------
INFO:__main__:
【train】epoch:81/150 loss:0.6361 acc:0.6395
INFO:__main__:
【val】epoch:81/150 loss:0.6286 acc:0.6278
INFO:__main__:
【Val】:  SENS: 0.5016  SPEC: 0.7313  PPV: 0.6046  NPV: 0.6417 F1:0.5483
INFO:__main__:验证的best_acc:0.6463
INFO:__main__:----------------------------------------------------------------------------------------------------
INFO:__main__:
【train】epoch:82/150 loss:0.6377 acc:0.6374
INFO:__main__:
【val】epoch:82/150 loss:0.6309 acc:0.6250
INFO:__main__:
【Val】:  SENS: 0.5552  SPEC: 0.6822  PPV: 0.5886  NPV: 0.6519 F1:0.5714
INFO:__main__:验证的best_acc:0.6463
INFO:__main__:----------------------------------------------------------------------------------------------------
INFO:__main__:
【train】epoch:83/150 loss:0.6388 acc:0.6350
INFO:__main__:
【val】epoch:83/150 loss:0.6270 acc:0.6392
INFO:__main__:
【Val】:  SENS: 0.5363  SPEC: 0.7235  PPV: 0.6137  NPV: 0.6557 F1:0.5724
INFO:__main__:验证的best_acc:0.6463
INFO:__main__:----------------------------------------------------------------------------------------------------
INFO:__main__:
【train】epoch:84/150 loss:0.6393 acc:0.6365
INFO:__main__:
【val】epoch:84/150 loss:0.6292 acc:0.6435
INFO:__main__:
【Val】:  SENS: 0.5710  SPEC: 0.7028  PPV: 0.6115  NPV: 0.6667 F1:0.5905
INFO:__main__:验证的best_acc:0.6463
INFO:__main__:----------------------------------------------------------------------------------------------------
INFO:__main__:
【train】epoch:85/150 loss:0.6388 acc:0.6346
INFO:__main__:
【val】epoch:85/150 loss:0.6264 acc:0.6420
INFO:__main__:
【Val】:  SENS: 0.5521  SPEC: 0.7158  PPV: 0.6140  NPV: 0.6611 F1:0.5814
INFO:__main__:验证的best_acc:0.6463
INFO:__main__:----------------------------------------------------------------------------------------------------
INFO:__main__:
【train】epoch:86/150 loss:0.6366 acc:0.6412
INFO:__main__:
【val】epoch:86/150 loss:0.6268 acc:0.6378
INFO:__main__:
【Val】:  SENS: 0.5300  SPEC: 0.7261  PPV: 0.6131  NPV: 0.6535 F1:0.5685
INFO:__main__:验证的best_acc:0.6463
INFO:__main__:----------------------------------------------------------------------------------------------------
INFO:__main__:
【train】epoch:87/150 loss:0.6397 acc:0.6360
INFO:__main__:
【val】epoch:87/150 loss:0.6266 acc:0.6420
INFO:__main__:
【Val】:  SENS: 0.5647  SPEC: 0.7054  PPV: 0.6109  NPV: 0.6642 F1:0.5869
INFO:__main__:验证的best_acc:0.6463
INFO:__main__:----------------------------------------------------------------------------------------------------
INFO:__main__:
【train】epoch:88/150 loss:0.6373 acc:0.6353
INFO:__main__:
【val】epoch:88/150 loss:0.6267 acc:0.6406
INFO:__main__:
【Val】:  SENS: 0.5521  SPEC: 0.7132  PPV: 0.6119  NPV: 0.6603 F1:0.5804
INFO:__main__:验证的best_acc:0.6463
INFO:__main__:----------------------------------------------------------------------------------------------------
INFO:__main__:
【train】epoch:89/150 loss:0.6362 acc:0.6332
INFO:__main__:
【val】epoch:89/150 loss:0.6246 acc:0.6435
INFO:__main__:
【Val】:  SENS: 0.5804  SPEC: 0.6951  PPV: 0.6093  NPV: 0.6692 F1:0.5945
INFO:__main__:验证的best_acc:0.6463
INFO:__main__:----------------------------------------------------------------------------------------------------
INFO:__main__:
【train】epoch:90/150 loss:0.6351 acc:0.6374
INFO:__main__:
【val】epoch:90/150 loss:0.6285 acc:0.6264
INFO:__main__:
【Val】:  SENS: 0.5300  SPEC: 0.7054  PPV: 0.5957  NPV: 0.6469 F1:0.5609
INFO:__main__:验证的best_acc:0.6463
INFO:__main__:----------------------------------------------------------------------------------------------------
INFO:__main__:
【train】epoch:91/150 loss:0.6356 acc:0.6372
INFO:__main__:
【val】epoch:91/150 loss:0.6288 acc:0.6250
INFO:__main__:
【Val】:  SENS: 0.5615  SPEC: 0.6770  PPV: 0.5875  NPV: 0.6534 F1:0.5742
INFO:__main__:验证的best_acc:0.6463
INFO:__main__:----------------------------------------------------------------------------------------------------
INFO:__main__:
【train】epoch:92/150 loss:0.6354 acc:0.6388
INFO:__main__:
【val】epoch:92/150 loss:0.6253 acc:0.6335
INFO:__main__:
【Val】:  SENS: 0.5394  SPEC: 0.7106  PPV: 0.6042  NPV: 0.6532 F1:0.5700
INFO:__main__:验证的best_acc:0.6463
INFO:__main__:----------------------------------------------------------------------------------------------------
INFO:__main__:
【train】epoch:93/150 loss:0.6378 acc:0.6295
INFO:__main__:
【val】epoch:93/150 loss:0.6270 acc:0.6293
INFO:__main__:
【Val】:  SENS: 0.5331  SPEC: 0.7080  PPV: 0.5993  NPV: 0.6493 F1:0.5643
INFO:__main__:验证的best_acc:0.6463
INFO:__main__:----------------------------------------------------------------------------------------------------
INFO:__main__:
【train】epoch:94/150 loss:0.6347 acc:0.6404
INFO:__main__:
【val】epoch:94/150 loss:0.6295 acc:0.6236
INFO:__main__:
【Val】:  SENS: 0.5331  SPEC: 0.6977  PPV: 0.5909  NPV: 0.6459 F1:0.5605
INFO:__main__:验证的best_acc:0.6463
INFO:__main__:----------------------------------------------------------------------------------------------------
INFO:__main__:
【train】epoch:95/150 loss:0.6358 acc:0.6351
INFO:__main__:
【val】epoch:95/150 loss:0.6237 acc:0.6406
INFO:__main__:
【Val】:  SENS: 0.5678  SPEC: 0.7003  PPV: 0.6081  NPV: 0.6642 F1:0.5873
INFO:__main__:验证的best_acc:0.6463
INFO:__main__:----------------------------------------------------------------------------------------------------
INFO:__main__:
【train】epoch:96/150 loss:0.6366 acc:0.6369
INFO:__main__:
【val】epoch:96/150 loss:0.6240 acc:0.6378
INFO:__main__:
【Val】:  SENS: 0.5268  SPEC: 0.7287  PPV: 0.6140  NPV: 0.6528 F1:0.5671
INFO:__main__:验证的best_acc:0.6463
INFO:__main__:----------------------------------------------------------------------------------------------------
INFO:__main__:
【train】epoch:97/150 loss:0.6345 acc:0.6404
INFO:__main__:
【val】epoch:97/150 loss:0.6286 acc:0.6293
INFO:__main__:
【Val】:  SENS: 0.5300  SPEC: 0.7106  PPV: 0.6000  NPV: 0.6486 F1:0.5628
INFO:__main__:验证的best_acc:0.6463
INFO:__main__:----------------------------------------------------------------------------------------------------
INFO:__main__:
【train】epoch:98/150 loss:0.6350 acc:0.6419
INFO:__main__:
【val】epoch:98/150 loss:0.6247 acc:0.6349
INFO:__main__:
【Val】:  SENS: 0.4921  SPEC: 0.7519  PPV: 0.6190  NPV: 0.6438 F1:0.5483
INFO:__main__:验证的best_acc:0.6463
INFO:__main__:----------------------------------------------------------------------------------------------------
INFO:__main__:
【train】epoch:99/150 loss:0.6315 acc:0.6423
INFO:__main__:
【val】epoch:99/150 loss:0.6250 acc:0.6335
INFO:__main__:
【Val】:  SENS: 0.5300  SPEC: 0.7183  PPV: 0.6065  NPV: 0.6511 F1:0.5657
INFO:__main__:验证的best_acc:0.6463
INFO:__main__:----------------------------------------------------------------------------------------------------
INFO:__main__:
【train】epoch:100/150 loss:0.6310 acc:0.6421
INFO:__main__:
【val】epoch:100/150 loss:0.6217 acc:0.6420
INFO:__main__:
【Val】:  SENS: 0.5615  SPEC: 0.7080  PPV: 0.6117  NPV: 0.6634 F1:0.5855
INFO:__main__:验证的best_acc:0.6463
INFO:__main__:----------------------------------------------------------------------------------------------------
INFO:__main__:
【train】epoch:101/150 loss:0.6332 acc:0.6411
INFO:__main__:
【val】epoch:101/150 loss:0.6216 acc:0.6349
INFO:__main__:
【Val】:  SENS: 0.5016  SPEC: 0.7442  PPV: 0.6163  NPV: 0.6457 F1:0.5530
INFO:__main__:验证的best_acc:0.6463
INFO:__main__:----------------------------------------------------------------------------------------------------
INFO:__main__:
【train】epoch:102/150 loss:0.6309 acc:0.6337
INFO:__main__:
【val】epoch:102/150 loss:0.6223 acc:0.6335
INFO:__main__:
【Val】:  SENS: 0.5584  SPEC: 0.6951  PPV: 0.6000  NPV: 0.6577 F1:0.5784
INFO:__main__:验证的best_acc:0.6463
INFO:__main__:----------------------------------------------------------------------------------------------------
INFO:__main__:
【train】epoch:103/150 loss:0.6314 acc:0.6355
INFO:__main__:
【val】epoch:103/150 loss:0.6199 acc:0.6378
INFO:__main__:
【Val】:  SENS: 0.5552  SPEC: 0.7054  PPV: 0.6069  NPV: 0.6594 F1:0.5799
INFO:__main__:验证的best_acc:0.6463
INFO:__main__:----------------------------------------------------------------------------------------------------
INFO:__main__:
【train】epoch:104/150 loss:0.6330 acc:0.6395
INFO:__main__:
【val】epoch:104/150 loss:0.6257 acc:0.6250
INFO:__main__:
【Val】:  SENS: 0.5489  SPEC: 0.6873  PPV: 0.5898  NPV: 0.6504 F1:0.5686
INFO:__main__:验证的best_acc:0.6463
INFO:__main__:----------------------------------------------------------------------------------------------------
INFO:__main__:
【train】epoch:105/150 loss:0.6326 acc:0.6377
INFO:__main__:
【val】epoch:105/150 loss:0.6224 acc:0.6349
INFO:__main__:
【Val】:  SENS: 0.5268  SPEC: 0.7235  PPV: 0.6095  NPV: 0.6512 F1:0.5651
INFO:__main__:验证的best_acc:0.6463
INFO:__main__:----------------------------------------------------------------------------------------------------
INFO:__main__:
【train】epoch:106/150 loss:0.6327 acc:0.6360
INFO:__main__:
【val】epoch:106/150 loss:0.6202 acc:0.6435
INFO:__main__:
【Val】:  SENS: 0.5300  SPEC: 0.7364  PPV: 0.6222  NPV: 0.6567 F1:0.5724
INFO:__main__:验证的best_acc:0.6463
INFO:__main__:----------------------------------------------------------------------------------------------------
INFO:__main__:
【train】epoch:107/150 loss:0.6303 acc:0.6454
INFO:__main__:
【val】epoch:107/150 loss:0.6198 acc:0.6378
INFO:__main__:
【Val】:  SENS: 0.5647  SPEC: 0.6977  PPV: 0.6047  NPV: 0.6618 F1:0.5840
INFO:__main__:验证的best_acc:0.6463
INFO:__main__:----------------------------------------------------------------------------------------------------
INFO:__main__:
【train】epoch:108/150 loss:0.6299 acc:0.6461
INFO:__main__:
【val】epoch:108/150 loss:0.6213 acc:0.6349
INFO:__main__:
【Val】:  SENS: 0.5584  SPEC: 0.6977  PPV: 0.6020  NPV: 0.6585 F1:0.5794
INFO:__main__:验证的best_acc:0.6463
INFO:__main__:----------------------------------------------------------------------------------------------------
INFO:__main__:
【train】epoch:109/150 loss:0.6294 acc:0.6439
INFO:__main__:
【val】epoch:109/150 loss:0.6213 acc:0.6349
INFO:__main__:
【Val】:  SENS: 0.5552  SPEC: 0.7003  PPV: 0.6027  NPV: 0.6578 F1:0.5780
INFO:__main__:验证的best_acc:0.6463
INFO:__main__:----------------------------------------------------------------------------------------------------
INFO:__main__:
【train】epoch:110/150 loss:0.6309 acc:0.6442
INFO:__main__:
【val】epoch:110/150 loss:0.6226 acc:0.6378
INFO:__main__:
【Val】:  SENS: 0.5426  SPEC: 0.7158  PPV: 0.6099  NPV: 0.6564 F1:0.5743
INFO:__main__:验证的best_acc:0.6463
INFO:__main__:----------------------------------------------------------------------------------------------------
INFO:__main__:
【train】epoch:111/150 loss:0.6272 acc:0.6430
INFO:__main__:
【val】epoch:111/150 loss:0.6189 acc:0.6349
INFO:__main__:
【Val】:  SENS: 0.5268  SPEC: 0.7235  PPV: 0.6095  NPV: 0.6512 F1:0.5651
INFO:__main__:验证的best_acc:0.6463
INFO:__main__:----------------------------------------------------------------------------------------------------
INFO:__main__:
【train】epoch:112/150 loss:0.6297 acc:0.6363
INFO:__main__:
【val】epoch:112/150 loss:0.6159 acc:0.6420
INFO:__main__:
【Val】:  SENS: 0.5710  SPEC: 0.7003  PPV: 0.6094  NPV: 0.6658 F1:0.5896
INFO:__main__:验证的best_acc:0.6463
INFO:__main__:----------------------------------------------------------------------------------------------------
INFO:__main__:
【train】epoch:113/150 loss:0.6267 acc:0.6489
INFO:__main__:
【val】epoch:113/150 loss:0.6202 acc:0.6364
INFO:__main__:
【Val】:  SENS: 0.5268  SPEC: 0.7261  PPV: 0.6117  NPV: 0.6520 F1:0.5661
INFO:__main__:验证的best_acc:0.6463
INFO:__main__:----------------------------------------------------------------------------------------------------
INFO:__main__:
【train】epoch:114/150 loss:0.6244 acc:0.6479
INFO:__main__:
【val】epoch:114/150 loss:0.6190 acc:0.6378
INFO:__main__:
【Val】:  SENS: 0.5584  SPEC: 0.7028  PPV: 0.6062  NPV: 0.6602 F1:0.5813
INFO:__main__:验证的best_acc:0.6463
INFO:__main__:----------------------------------------------------------------------------------------------------
INFO:__main__:
【train】epoch:115/150 loss:0.6263 acc:0.6496
INFO:__main__:
【val】epoch:115/150 loss:0.6188 acc:0.6307
INFO:__main__:
【Val】:  SENS: 0.5615  SPEC: 0.6873  PPV: 0.5953  NPV: 0.6568 F1:0.5779
INFO:__main__:验证的best_acc:0.6463
INFO:__main__:----------------------------------------------------------------------------------------------------
INFO:__main__:
【train】epoch:116/150 loss:0.6281 acc:0.6470
INFO:__main__:
【val】epoch:116/150 loss:0.6165 acc:0.6392
INFO:__main__:
【Val】:  SENS: 0.5426  SPEC: 0.7183  PPV: 0.6121  NPV: 0.6572 F1:0.5753
INFO:__main__:验证的best_acc:0.6463
INFO:__main__:----------------------------------------------------------------------------------------------------
INFO:__main__:
【train】epoch:117/150 loss:0.6281 acc:0.6447
INFO:__main__:
【val】epoch:117/150 loss:0.6206 acc:0.6236
INFO:__main__:
【Val】:  SENS: 0.5521  SPEC: 0.6822  PPV: 0.5872  NPV: 0.6502 F1:0.5691
INFO:__main__:验证的best_acc:0.6463
INFO:__main__:----------------------------------------------------------------------------------------------------
INFO:__main__:
【train】epoch:118/150 loss:0.6293 acc:0.6437
INFO:__main__:
【val】epoch:118/150 loss:0.6196 acc:0.6307
INFO:__main__:
【Val】:  SENS: 0.5363  SPEC: 0.7080  PPV: 0.6007  NPV: 0.6508 F1:0.5667
INFO:__main__:验证的best_acc:0.6463
INFO:__main__:----------------------------------------------------------------------------------------------------
INFO:__main__:
【train】epoch:119/150 loss:0.6279 acc:0.6428
INFO:__main__:
【val】epoch:119/150 loss:0.6187 acc:0.6335
INFO:__main__:
【Val】:  SENS: 0.6057  SPEC: 0.6563  PPV: 0.5908  NPV: 0.6702 F1:0.5981
INFO:__main__:验证的best_acc:0.6463
INFO:__main__:----------------------------------------------------------------------------------------------------
INFO:__main__:
【train】epoch:120/150 loss:0.6288 acc:0.6515
INFO:__main__:
【val】epoch:120/150 loss:0.6212 acc:0.6293
INFO:__main__:
【Val】:  SENS: 0.5836  SPEC: 0.6667  PPV: 0.5892  NPV: 0.6615 F1:0.5864
INFO:__main__:验证的best_acc:0.6463
INFO:__main__:----------------------------------------------------------------------------------------------------
INFO:__main__:
【train】epoch:121/150 loss:0.6281 acc:0.6447
INFO:__main__:
【val】epoch:121/150 loss:0.6200 acc:0.6264
INFO:__main__:
【Val】:  SENS: 0.5710  SPEC: 0.6718  PPV: 0.5877  NPV: 0.6566 F1:0.5792
INFO:__main__:验证的best_acc:0.6463
INFO:__main__:----------------------------------------------------------------------------------------------------
INFO:__main__:
【train】epoch:122/150 loss:0.6251 acc:0.6444
INFO:__main__:
【val】epoch:122/150 loss:0.6218 acc:0.6264
INFO:__main__:
【Val】:  SENS: 0.5552  SPEC: 0.6848  PPV: 0.5906  NPV: 0.6527 F1:0.5724
INFO:__main__:验证的best_acc:0.6463
INFO:__main__:----------------------------------------------------------------------------------------------------
INFO:__main__:
【train】epoch:123/150 loss:0.6237 acc:0.6465
INFO:__main__:
【val】epoch:123/150 loss:0.6249 acc:0.6222
INFO:__main__:
【Val】:  SENS: 0.5426  SPEC: 0.6873  PPV: 0.5870  NPV: 0.6472 F1:0.5639
INFO:__main__:验证的best_acc:0.6463
INFO:__main__:----------------------------------------------------------------------------------------------------
INFO:__main__:
【train】epoch:124/150 loss:0.6266 acc:0.6442
INFO:__main__:
【val】epoch:124/150 loss:0.6147 acc:0.6406
INFO:__main__:
【Val】:  SENS: 0.5584  SPEC: 0.7080  PPV: 0.6103  NPV: 0.6618 F1:0.5832
INFO:__main__:验证的best_acc:0.6463
INFO:__main__:----------------------------------------------------------------------------------------------------
INFO:__main__:
【train】epoch:125/150 loss:0.6238 acc:0.6491
INFO:__main__:
【val】epoch:125/150 loss:0.6166 acc:0.6335
INFO:__main__:
【Val】:  SENS: 0.5521  SPEC: 0.7003  PPV: 0.6014  NPV: 0.6562 F1:0.5757
INFO:__main__:验证的best_acc:0.6463
INFO:__main__:----------------------------------------------------------------------------------------------------
INFO:__main__:
【train】epoch:126/150 loss:0.6255 acc:0.6475
INFO:__main__:
【val】epoch:126/150 loss:0.6154 acc:0.6364
INFO:__main__:
【Val】:  SENS: 0.5521  SPEC: 0.7054  PPV: 0.6055  NPV: 0.6578 F1:0.5776
INFO:__main__:验证的best_acc:0.6463
INFO:__main__:----------------------------------------------------------------------------------------------------
INFO:__main__:
【train】epoch:127/150 loss:0.6250 acc:0.6533
INFO:__main__:
【val】epoch:127/150 loss:0.6150 acc:0.6349
INFO:__main__:
【Val】:  SENS: 0.5426  SPEC: 0.7106  PPV: 0.6056  NPV: 0.6548 F1:0.5724
INFO:__main__:验证的best_acc:0.6463
INFO:__main__:----------------------------------------------------------------------------------------------------
INFO:__main__:
【train】epoch:128/150 loss:0.6225 acc:0.6552
INFO:__main__:
【val】epoch:128/150 loss:0.6177 acc:0.6278
INFO:__main__:
【Val】:  SENS: 0.5489  SPEC: 0.6925  PPV: 0.5939  NPV: 0.6521 F1:0.5705
INFO:__main__:验证的best_acc:0.6463
INFO:__main__:----------------------------------------------------------------------------------------------------
INFO:__main__:
【train】epoch:129/150 loss:0.6234 acc:0.6449
INFO:__main__:
【val】epoch:129/150 loss:0.6143 acc:0.6264
INFO:__main__:
【Val】:  SENS: 0.5457  SPEC: 0.6925  PPV: 0.5925  NPV: 0.6505 F1:0.5681
INFO:__main__:验证的best_acc:0.6463
INFO:__main__:----------------------------------------------------------------------------------------------------
INFO:__main__:
【train】epoch:130/150 loss:0.6223 acc:0.6533
INFO:__main__:
【val】epoch:130/150 loss:0.6183 acc:0.6193
INFO:__main__:
【Val】:  SENS: 0.5836  SPEC: 0.6486  PPV: 0.5763  NPV: 0.6554 F1:0.5799
INFO:__main__:验证的best_acc:0.6463
INFO:__main__:----------------------------------------------------------------------------------------------------
INFO:__main__:
【train】epoch:131/150 loss:0.6244 acc:0.6510
INFO:__main__:
【val】epoch:131/150 loss:0.6161 acc:0.6278
INFO:__main__:
【Val】:  SENS: 0.5773  SPEC: 0.6693  PPV: 0.5884  NPV: 0.6590 F1:0.5828
INFO:__main__:验证的best_acc:0.6463
INFO:__main__:----------------------------------------------------------------------------------------------------
INFO:__main__:
【train】epoch:132/150 loss:0.6226 acc:0.6552
INFO:__main__:
【val】epoch:132/150 loss:0.6165 acc:0.6222
INFO:__main__:
【Val】:  SENS: 0.5489  SPEC: 0.6822  PPV: 0.5859  NPV: 0.6486 F1:0.5668
INFO:__main__:验证的best_acc:0.6463
INFO:__main__:----------------------------------------------------------------------------------------------------
INFO:__main__:
【train】epoch:133/150 loss:0.6231 acc:0.6543
INFO:__main__:
【val】epoch:133/150 loss:0.6180 acc:0.6307
INFO:__main__:
【Val】:  SENS: 0.5868  SPEC: 0.6667  PPV: 0.5905  NPV: 0.6632 F1:0.5886
INFO:__main__:验证的best_acc:0.6463
INFO:__main__:----------------------------------------------------------------------------------------------------
INFO:__main__:
【train】epoch:134/150 loss:0.6202 acc:0.6564
INFO:__main__:
【val】epoch:134/150 loss:0.6139 acc:0.6364
INFO:__main__:
【Val】:  SENS: 0.5521  SPEC: 0.7054  PPV: 0.6055  NPV: 0.6578 F1:0.5776
INFO:__main__:验证的best_acc:0.6463
INFO:__main__:----------------------------------------------------------------------------------------------------
INFO:__main__:
【train】epoch:135/150 loss:0.6225 acc:0.6533
INFO:__main__:
【val】epoch:135/150 loss:0.6116 acc:0.6364
INFO:__main__:
【Val】:  SENS: 0.5994  SPEC: 0.6667  PPV: 0.5956  NPV: 0.6701 F1:0.5975
INFO:__main__:验证的best_acc:0.6463
INFO:__main__:----------------------------------------------------------------------------------------------------
INFO:__main__:
【train】epoch:136/150 loss:0.6240 acc:0.6496
INFO:__main__:
【val】epoch:136/150 loss:0.6133 acc:0.6349
INFO:__main__:
【Val】:  SENS: 0.5678  SPEC: 0.6899  PPV: 0.6000  NPV: 0.6609 F1:0.5835
INFO:__main__:验证的best_acc:0.6463
INFO:__main__:----------------------------------------------------------------------------------------------------
INFO:__main__:
【train】epoch:137/150 loss:0.6239 acc:0.6524
INFO:__main__:
【val】epoch:137/150 loss:0.6169 acc:0.6222
INFO:__main__:
【Val】:  SENS: 0.5836  SPEC: 0.6537  PPV: 0.5799  NPV: 0.6571 F1:0.5818
INFO:__main__:验证的best_acc:0.6463
INFO:__main__:----------------------------------------------------------------------------------------------------
INFO:__main__:
【train】epoch:138/150 loss:0.6203 acc:0.6535
INFO:__main__:
【val】epoch:138/150 loss:0.6156 acc:0.6278
INFO:__main__:
【Val】:  SENS: 0.5584  SPEC: 0.6848  PPV: 0.5920  NPV: 0.6543 F1:0.5747
INFO:__main__:验证的best_acc:0.6463
INFO:__main__:----------------------------------------------------------------------------------------------------
INFO:__main__:
【train】epoch:139/150 loss:0.6210 acc:0.6559
INFO:__main__:
【val】epoch:139/150 loss:0.6196 acc:0.6278
INFO:__main__:
【Val】:  SENS: 0.6309  SPEC: 0.6253  PPV: 0.5797  NPV: 0.6741 F1:0.6042
INFO:__main__:验证的best_acc:0.6463
INFO:__main__:----------------------------------------------------------------------------------------------------
INFO:__main__:
【train】epoch:140/150 loss:0.6191 acc:0.6578
INFO:__main__:
【val】epoch:140/150 loss:0.6095 acc:0.6449
INFO:__main__:
【Val】:  SENS: 0.5868  SPEC: 0.6925  PPV: 0.6098  NPV: 0.6717 F1:0.5981
INFO:__main__:验证的best_acc:0.6463
INFO:__main__:----------------------------------------------------------------------------------------------------
INFO:__main__:
【train】epoch:141/150 loss:0.6213 acc:0.6531
INFO:__main__:
【val】epoch:141/150 loss:0.6159 acc:0.6207
INFO:__main__:
【Val】:  SENS: 0.5457  SPEC: 0.6822  PPV: 0.5845  NPV: 0.6471 F1:0.5644
INFO:__main__:验证的best_acc:0.6463
INFO:__main__:----------------------------------------------------------------------------------------------------
INFO:__main__:
【train】epoch:142/150 loss:0.6191 acc:0.6597
INFO:__main__:
【val】epoch:142/150 loss:0.6106 acc:0.6364
INFO:__main__:
【Val】:  SENS: 0.5678  SPEC: 0.6925  PPV: 0.6020  NPV: 0.6617 F1:0.5844
INFO:__main__:验证的best_acc:0.6463
INFO:__main__:----------------------------------------------------------------------------------------------------
INFO:__main__:
【train】epoch:143/150 loss:0.6166 acc:0.6604
INFO:__main__:
【val】epoch:143/150 loss:0.6117 acc:0.6378
INFO:__main__:
【Val】:  SENS: 0.5994  SPEC: 0.6693  PPV: 0.5975  NPV: 0.6710 F1:0.5984
INFO:__main__:验证的best_acc:0.6463
INFO:__main__:----------------------------------------------------------------------------------------------------
INFO:__main__:
【train】epoch:144/150 loss:0.6214 acc:0.6493
INFO:__main__:
【val】epoch:144/150 loss:0.6158 acc:0.6307
INFO:__main__:
【Val】:  SENS: 0.5678  SPEC: 0.6822  PPV: 0.5941  NPV: 0.6584 F1:0.5806
INFO:__main__:验证的best_acc:0.6463
INFO:__main__:----------------------------------------------------------------------------------------------------
INFO:__main__:
【train】epoch:145/150 loss:0.6166 acc:0.6561
INFO:__main__:
【val】epoch:145/150 loss:0.6101 acc:0.6364
INFO:__main__:
【Val】:  SENS: 0.6057  SPEC: 0.6615  PPV: 0.5944  NPV: 0.6719 F1:0.6000
INFO:__main__:验证的best_acc:0.6463
INFO:__main__:----------------------------------------------------------------------------------------------------
INFO:__main__:
【train】epoch:146/150 loss:0.6196 acc:0.6603
INFO:__main__:
【val】epoch:146/150 loss:0.6124 acc:0.6349
INFO:__main__:
【Val】:  SENS: 0.5931  SPEC: 0.6693  PPV: 0.5949  NPV: 0.6675 F1:0.5940
INFO:__main__:验证的best_acc:0.6463
INFO:__main__:----------------------------------------------------------------------------------------------------
INFO:__main__:
【train】epoch:147/150 loss:0.6178 acc:0.6613
INFO:__main__:
【val】epoch:147/150 loss:0.6133 acc:0.6335
INFO:__main__:
【Val】:  SENS: 0.5615  SPEC: 0.6925  PPV: 0.5993  NPV: 0.6585 F1:0.5798
INFO:__main__:验证的best_acc:0.6463
INFO:__main__:----------------------------------------------------------------------------------------------------
INFO:__main__:
【train】epoch:148/150 loss:0.6197 acc:0.6538
INFO:__main__:
【val】epoch:148/150 loss:0.6234 acc:0.6222
INFO:__main__:
【Val】:  SENS: 0.6088  SPEC: 0.6331  PPV: 0.5761  NPV: 0.6640 F1:0.5920
INFO:__main__:验证的best_acc:0.6463
INFO:__main__:----------------------------------------------------------------------------------------------------
INFO:__main__:
【train】epoch:149/150 loss:0.6173 acc:0.6552
INFO:__main__:
【val】epoch:149/150 loss:0.6131 acc:0.6307
INFO:__main__:
【Val】:  SENS: 0.5741  SPEC: 0.6770  PPV: 0.5928  NPV: 0.6599 F1:0.5833
INFO:__main__:验证的best_acc:0.6463
INFO:__main__:----------------------------------------------------------------------------------------------------
INFO:__main__:****************************************************************************************************
INFO:__main__:Val_LOSS:['0.7510', '0.7132', '0.6931', '0.6951', '0.7036', '0.6851', '0.6716', '0.6729', '0.6796', '0.6550', '0.6527', '0.6544', '0.6527', '0.6490', '0.6516', '0.6503', '0.6537', '0.6505', '0.6468', '0.6542', '0.6497', '0.6472', '0.6469', '0.6458', '0.6450', '0.6491', '0.6469', '0.6469', '0.6469', '0.6504', '0.6456', '0.6464', '0.6450', '0.6421', '0.6460', '0.6469', '0.6409', '0.6419', '0.6408', '0.6409', '0.6406', '0.6446', '0.6444', '0.6414', '0.6394', '0.6392', '0.6434', '0.6375', '0.6393', '0.6376', '0.6365', '0.6394', '0.6401', '0.6372', '0.6371', '0.6366', '0.6377', '0.6343', '0.6348', '0.6359', '0.6334', '0.6339', '0.6343', '0.6335', '0.6330', '0.6348', '0.6331', '0.6313', '0.6340', '0.6311', '0.6320', '0.6310', '0.6303', '0.6311', '0.6303', '0.6355', '0.6300', '0.6292', '0.6298', '0.6279', '0.6275', '0.6286', '0.6309', '0.6270', '0.6292', '0.6264', '0.6268', '0.6266', '0.6267', '0.6246', '0.6285', '0.6288', '0.6253', '0.6270', '0.6295', '0.6237', '0.6240', '0.6286', '0.6247', '0.6250', '0.6217', '0.6216', '0.6223', '0.6199', '0.6257', '0.6224', '0.6202', '0.6198', '0.6213', '0.6213', '0.6226', '0.6189', '0.6159', '0.6202', '0.6190', '0.6188', '0.6165', '0.6206', '0.6196', '0.6187', '0.6212', '0.6200', '0.6218', '0.6249', '0.6147', '0.6166', '0.6154', '0.6150', '0.6177', '0.6143', '0.6183', '0.6161', '0.6165', '0.6180', '0.6139', '0.6116', '0.6133', '0.6169', '0.6156', '0.6196', '0.6095', '0.6159', '0.6106', '0.6117', '0.6158', '0.6101', '0.6124', '0.6133', '0.6234', '0.6131']
INFO:__main__:Val_ACC:['0.5511', '0.5469', '0.5497', '0.5497', '0.5497', '0.5497', '0.5497', '0.5455', '0.5469', '0.6080', '0.6108', '0.6009', '0.6122', '0.6108', '0.6122', '0.6108', '0.6051', '0.6094', '0.6250', '0.5923', '0.6037', '0.6151', '0.6165', '0.6165', '0.6165', '0.5966', '0.5966', '0.5994', '0.5994', '0.5938', '0.6065', '0.6051', '0.6023', '0.6151', '0.5994', '0.6094', '0.6136', '0.6151', '0.6151', '0.6179', '0.6179', '0.6136', '0.6051', '0.6108', '0.6165', '0.6136', '0.6136', '0.6321', '0.6207', '0.6335', '0.6264', '0.6151', '0.6122', '0.6293', '0.6307', '0.6293', '0.6236', '0.6335', '0.6222', '0.6165', '0.6264', '0.6307', '0.6236', '0.6264', '0.6264', '0.6193', '0.6321', '0.6264', '0.6179', '0.6222', '0.6278', '0.6264', '0.6264', '0.6420', '0.6321', '0.6193', '0.6335', '0.6321', '0.6378', '0.6463', '0.6335', '0.6278', '0.6250', '0.6392', '0.6435', '0.6420', '0.6378', '0.6420', '0.6406', '0.6435', '0.6264', '0.6250', '0.6335', '0.6293', '0.6236', '0.6406', '0.6378', '0.6293', '0.6349', '0.6335', '0.6420', '0.6349', '0.6335', '0.6378', '0.6250', '0.6349', '0.6435', '0.6378', '0.6349', '0.6349', '0.6378', '0.6349', '0.6420', '0.6364', '0.6378', '0.6307', '0.6392', '0.6236', '0.6307', '0.6335', '0.6293', '0.6264', '0.6264', '0.6222', '0.6406', '0.6335', '0.6364', '0.6349', '0.6278', '0.6264', '0.6193', '0.6278', '0.6222', '0.6307', '0.6364', '0.6364', '0.6349', '0.6222', '0.6278', '0.6278', '0.6449', '0.6207', '0.6364', '0.6378', '0.6307', '0.6364', '0.6349', '0.6335', '0.6222', '0.6307']
INFO:__main__:****************************************************************************************************
INFO:__main__: epoch0 测试test_Loss: 0.6398  test_ACC: 0.6300  
INFO:__main__:SENS: 0.5196 SPEC: 0.7222 PPV: 0.6099 NPV: 0.6427 F1:0.5612
INFO:__main__:test_Best_acc:0.6300
