INFO:__main__:
【train】epoch:0/150 loss:0.5856 acc:0.7032
INFO:__main__:
【val】epoch:0/150 loss:0.5243 acc:0.7050
INFO:__main__:
【Val】:  SENS: 0.5887  SPEC: 0.7522  PPV: 0.4910  NPV: 0.8184 F1:0.5354
INFO:__main__:验证的best_acc:0.7050
INFO:__main__:----------------------------------------------------------------------------------------------------
INFO:__main__:
【train】epoch:1/150 loss:0.5200 acc:0.7367
INFO:__main__:
【val】epoch:1/150 loss:0.4868 acc:0.7588
INFO:__main__:
【Val】:  SENS: 0.6104  SPEC: 0.8190  PPV: 0.5779  NPV: 0.8381 F1:0.5937
INFO:__main__:验证的best_acc:0.7588
INFO:__main__:----------------------------------------------------------------------------------------------------
INFO:__main__:
【train】epoch:2/150 loss:0.4867 acc:0.7535
INFO:__main__:
【val】epoch:2/150 loss:0.4397 acc:0.7763
INFO:__main__:
【Val】:  SENS: 0.4805  SPEC: 0.8963  PPV: 0.6529  NPV: 0.8095 F1:0.5536
INFO:__main__:验证的best_acc:0.7763
INFO:__main__:----------------------------------------------------------------------------------------------------
INFO:__main__:
【train】epoch:3/150 loss:0.4669 acc:0.7683
INFO:__main__:
【val】epoch:3/150 loss:0.6518 acc:0.6575
INFO:__main__:
【Val】:  SENS: 0.8874  SPEC: 0.5641  PPV: 0.4525  NPV: 0.9251 F1:0.5994
INFO:__main__:验证的best_acc:0.7763
INFO:__main__:----------------------------------------------------------------------------------------------------
INFO:__main__:
【train】epoch:4/150 loss:0.4466 acc:0.7785
INFO:__main__:
【val】epoch:4/150 loss:0.4573 acc:0.7588
INFO:__main__:
【Val】:  SENS: 0.7706  SPEC: 0.7540  PPV: 0.5597  NPV: 0.8900 F1:0.6485
INFO:__main__:验证的best_acc:0.7763
INFO:__main__:----------------------------------------------------------------------------------------------------
INFO:__main__:
【train】epoch:5/150 loss:0.4231 acc:0.7956
INFO:__main__:
【val】epoch:5/150 loss:0.4842 acc:0.7525
INFO:__main__:
【Val】:  SENS: 0.8398  SPEC: 0.7170  PPV: 0.5465  NPV: 0.9169 F1:0.6621
INFO:__main__:验证的best_acc:0.7763
INFO:__main__:----------------------------------------------------------------------------------------------------
INFO:__main__:
【train】epoch:6/150 loss:0.3938 acc:0.8191
INFO:__main__:
【val】epoch:6/150 loss:0.4907 acc:0.7437
INFO:__main__:
【Val】:  SENS: 0.8745  SPEC: 0.6907  PPV: 0.5344  NPV: 0.9313 F1:0.6634
INFO:__main__:验证的best_acc:0.7763
INFO:__main__:----------------------------------------------------------------------------------------------------
INFO:__main__:
【train】epoch:7/150 loss:0.3815 acc:0.8299
INFO:__main__:
【val】epoch:7/150 loss:0.6689 acc:0.6775
INFO:__main__:
【Val】:  SENS: 0.9394  SPEC: 0.5712  PPV: 0.4707  NPV: 0.9587 F1:0.6272
INFO:__main__:验证的best_acc:0.7763
INFO:__main__:----------------------------------------------------------------------------------------------------
INFO:__main__:
【train】epoch:8/150 loss:0.3562 acc:0.8397
INFO:__main__:
【val】epoch:8/150 loss:0.4681 acc:0.7825
INFO:__main__:
【Val】:  SENS: 0.9177  SPEC: 0.7276  PPV: 0.5777  NPV: 0.9561 F1:0.7090
INFO:__main__:验证的best_acc:0.7825
INFO:__main__:----------------------------------------------------------------------------------------------------
INFO:__main__:
【train】epoch:9/150 loss:0.3295 acc:0.8555
INFO:__main__:
【val】epoch:9/150 loss:0.2823 acc:0.8662
INFO:__main__:
【Val】:  SENS: 0.7316  SPEC: 0.9209  PPV: 0.7897  NPV: 0.8942 F1:0.7596
INFO:__main__:验证的best_acc:0.8662
INFO:__main__:----------------------------------------------------------------------------------------------------
INFO:__main__:
【train】epoch:10/150 loss:0.3217 acc:0.8649
INFO:__main__:
【val】epoch:10/150 loss:0.3228 acc:0.8500
INFO:__main__:
【Val】:  SENS: 0.8355  SPEC: 0.8559  PPV: 0.7018  NPV: 0.9276 F1:0.7628
INFO:__main__:验证的best_acc:0.8662
INFO:__main__:----------------------------------------------------------------------------------------------------
INFO:__main__:
【train】epoch:11/150 loss:0.3158 acc:0.8587
INFO:__main__:
【val】epoch:11/150 loss:0.3299 acc:0.8388
INFO:__main__:
【Val】:  SENS: 0.8874  SPEC: 0.8190  PPV: 0.6656  NPV: 0.9472 F1:0.7607
INFO:__main__:验证的best_acc:0.8662
INFO:__main__:----------------------------------------------------------------------------------------------------
INFO:__main__:
【train】epoch:12/150 loss:0.2961 acc:0.8699
INFO:__main__:
【val】epoch:12/150 loss:0.3759 acc:0.8238
INFO:__main__:
【Val】:  SENS: 0.8961  SPEC: 0.7944  PPV: 0.6389  NPV: 0.9496 F1:0.7459
INFO:__main__:验证的best_acc:0.8662
INFO:__main__:----------------------------------------------------------------------------------------------------
INFO:__main__:
【train】epoch:13/150 loss:0.2942 acc:0.8730
INFO:__main__:
【val】epoch:13/150 loss:0.3022 acc:0.8675
INFO:__main__:
【Val】:  SENS: 0.8312  SPEC: 0.8822  PPV: 0.7413  NPV: 0.9279 F1:0.7837
INFO:__main__:验证的best_acc:0.8675
INFO:__main__:----------------------------------------------------------------------------------------------------
INFO:__main__:
【train】epoch:14/150 loss:0.2904 acc:0.8771
INFO:__main__:
【val】epoch:14/150 loss:0.2532 acc:0.8800
INFO:__main__:
【Val】:  SENS: 0.8009  SPEC: 0.9121  PPV: 0.7872  NPV: 0.9186 F1:0.7940
INFO:__main__:验证的best_acc:0.8800
INFO:__main__:----------------------------------------------------------------------------------------------------
INFO:__main__:
【train】epoch:15/150 loss:0.2851 acc:0.8714
INFO:__main__:
【val】epoch:15/150 loss:0.2608 acc:0.8813
INFO:__main__:
【Val】:  SENS: 0.8874  SPEC: 0.8787  PPV: 0.7482  NPV: 0.9506 F1:0.8119
INFO:__main__:验证的best_acc:0.8813
INFO:__main__:----------------------------------------------------------------------------------------------------
INFO:__main__:
【train】epoch:16/150 loss:0.2864 acc:0.8779
INFO:__main__:
【val】epoch:16/150 loss:0.2826 acc:0.8700
INFO:__main__:
【Val】:  SENS: 0.9091  SPEC: 0.8541  PPV: 0.7167  NPV: 0.9586 F1:0.8015
INFO:__main__:验证的best_acc:0.8813
INFO:__main__:----------------------------------------------------------------------------------------------------
INFO:__main__:
【train】epoch:17/150 loss:0.2758 acc:0.8779
INFO:__main__:
【val】epoch:17/150 loss:0.2345 acc:0.8913
INFO:__main__:
【Val】:  SENS: 0.8182  SPEC: 0.9209  PPV: 0.8077  NPV: 0.9258 F1:0.8129
INFO:__main__:验证的best_acc:0.8913
INFO:__main__:----------------------------------------------------------------------------------------------------
INFO:__main__:
【train】epoch:18/150 loss:0.2771 acc:0.8804
INFO:__main__:
【val】epoch:18/150 loss:0.2589 acc:0.8737
INFO:__main__:
【Val】:  SENS: 0.8874  SPEC: 0.8682  PPV: 0.7321  NPV: 0.9500 F1:0.8023
INFO:__main__:验证的best_acc:0.8913
INFO:__main__:----------------------------------------------------------------------------------------------------
INFO:__main__:
【train】epoch:19/150 loss:0.2610 acc:0.8916
INFO:__main__:
【val】epoch:19/150 loss:0.2955 acc:0.8575
INFO:__main__:
【Val】:  SENS: 0.8961  SPEC: 0.8418  PPV: 0.6970  NPV: 0.9523 F1:0.7841
INFO:__main__:验证的best_acc:0.8913
INFO:__main__:----------------------------------------------------------------------------------------------------
INFO:__main__:
【train】epoch:20/150 loss:0.2515 acc:0.8922
INFO:__main__:
【val】epoch:20/150 loss:0.2395 acc:0.8925
INFO:__main__:
【Val】:  SENS: 0.8658  SPEC: 0.9033  PPV: 0.7843  NPV: 0.9431 F1:0.8230
INFO:__main__:验证的best_acc:0.8925
INFO:__main__:----------------------------------------------------------------------------------------------------
INFO:__main__:
【train】epoch:21/150 loss:0.2522 acc:0.8933
INFO:__main__:
【val】epoch:21/150 loss:0.2369 acc:0.9125
INFO:__main__:
【Val】:  SENS: 0.7879  SPEC: 0.9631  PPV: 0.8966  NPV: 0.9179 F1:0.8387
INFO:__main__:验证的best_acc:0.9125
INFO:__main__:----------------------------------------------------------------------------------------------------
INFO:__main__:
【train】epoch:22/150 loss:0.2455 acc:0.8949
INFO:__main__:
【val】epoch:22/150 loss:0.2186 acc:0.9100
INFO:__main__:
【Val】:  SENS: 0.8182  SPEC: 0.9473  PPV: 0.8630  NPV: 0.9277 F1:0.8400
INFO:__main__:验证的best_acc:0.9125
INFO:__main__:----------------------------------------------------------------------------------------------------
INFO:__main__:
【train】epoch:23/150 loss:0.2402 acc:0.8993
INFO:__main__:
【val】epoch:23/150 loss:0.2371 acc:0.8925
INFO:__main__:
【Val】:  SENS: 0.8788  SPEC: 0.8981  PPV: 0.7778  NPV: 0.9481 F1:0.8252
INFO:__main__:验证的best_acc:0.9125
INFO:__main__:----------------------------------------------------------------------------------------------------
INFO:__main__:
【train】epoch:24/150 loss:0.2424 acc:0.8989
INFO:__main__:
【val】epoch:24/150 loss:0.2174 acc:0.9112
INFO:__main__:
【Val】:  SENS: 0.8312  SPEC: 0.9438  PPV: 0.8571  NPV: 0.9323 F1:0.8440
INFO:__main__:验证的best_acc:0.9125
INFO:__main__:----------------------------------------------------------------------------------------------------
INFO:__main__:
【train】epoch:25/150 loss:0.2361 acc:0.8958
INFO:__main__:
【val】epoch:25/150 loss:0.2190 acc:0.8988
INFO:__main__:
【Val】:  SENS: 0.8095  SPEC: 0.9350  PPV: 0.8348  NPV: 0.9236 F1:0.8220
INFO:__main__:验证的best_acc:0.9125
INFO:__main__:----------------------------------------------------------------------------------------------------
INFO:__main__:
【train】epoch:26/150 loss:0.2326 acc:0.8972
INFO:__main__:
【val】epoch:26/150 loss:0.2332 acc:0.8988
INFO:__main__:
【Val】:  SENS: 0.8442  SPEC: 0.9209  PPV: 0.8125  NPV: 0.9357 F1:0.8280
INFO:__main__:验证的best_acc:0.9125
INFO:__main__:----------------------------------------------------------------------------------------------------
INFO:__main__:
【train】epoch:27/150 loss:0.2346 acc:0.8992
INFO:__main__:
【val】epoch:27/150 loss:0.2150 acc:0.9050
INFO:__main__:
【Val】:  SENS: 0.8182  SPEC: 0.9402  PPV: 0.8475  NPV: 0.9272 F1:0.8326
INFO:__main__:验证的best_acc:0.9125
INFO:__main__:----------------------------------------------------------------------------------------------------
INFO:__main__:
【train】epoch:28/150 loss:0.2306 acc:0.8986
INFO:__main__:
【val】epoch:28/150 loss:0.2385 acc:0.8913
INFO:__main__:
【Val】:  SENS: 0.8485  SPEC: 0.9086  PPV: 0.7903  NPV: 0.9366 F1:0.8184
INFO:__main__:验证的best_acc:0.9125
INFO:__main__:----------------------------------------------------------------------------------------------------
INFO:__main__:
【train】epoch:29/150 loss:0.2113 acc:0.9114
INFO:__main__:
【val】epoch:29/150 loss:0.2618 acc:0.8888
INFO:__main__:
【Val】:  SENS: 0.9048  SPEC: 0.8822  PPV: 0.7572  NPV: 0.9580 F1:0.8245
INFO:__main__:验证的best_acc:0.9125
INFO:__main__:----------------------------------------------------------------------------------------------------
INFO:__main__:
【train】epoch:30/150 loss:0.2079 acc:0.9105
INFO:__main__:
【val】epoch:30/150 loss:0.2243 acc:0.9062
INFO:__main__:
【Val】:  SENS: 0.8355  SPEC: 0.9350  PPV: 0.8391  NPV: 0.9333 F1:0.8373
INFO:__main__:验证的best_acc:0.9125
INFO:__main__:----------------------------------------------------------------------------------------------------
INFO:__main__:
【train】epoch:31/150 loss:0.2065 acc:0.9115
INFO:__main__:
【val】epoch:31/150 loss:0.2251 acc:0.9038
INFO:__main__:
【Val】:  SENS: 0.7965  SPEC: 0.9473  PPV: 0.8598  NPV: 0.9198 F1:0.8270
INFO:__main__:验证的best_acc:0.9125
INFO:__main__:----------------------------------------------------------------------------------------------------
INFO:__main__:
【train】epoch:32/150 loss:0.2061 acc:0.9130
INFO:__main__:
【val】epoch:32/150 loss:0.2332 acc:0.9025
INFO:__main__:
【Val】:  SENS: 0.8528  SPEC: 0.9227  PPV: 0.8174  NPV: 0.9392 F1:0.8347
INFO:__main__:验证的best_acc:0.9125
INFO:__main__:----------------------------------------------------------------------------------------------------
INFO:__main__:
【train】epoch:33/150 loss:0.1973 acc:0.9162
INFO:__main__:
【val】epoch:33/150 loss:0.2368 acc:0.8950
INFO:__main__:
【Val】:  SENS: 0.8658  SPEC: 0.9069  PPV: 0.7905  NPV: 0.9433 F1:0.8264
INFO:__main__:验证的best_acc:0.9125
INFO:__main__:----------------------------------------------------------------------------------------------------
INFO:__main__:
【train】epoch:34/150 loss:0.2063 acc:0.9136
INFO:__main__:
【val】epoch:34/150 loss:0.2311 acc:0.8963
INFO:__main__:
【Val】:  SENS: 0.8268  SPEC: 0.9244  PPV: 0.8162  NPV: 0.9293 F1:0.8215
INFO:__main__:验证的best_acc:0.9125
INFO:__main__:----------------------------------------------------------------------------------------------------
INFO:__main__:
【train】epoch:35/150 loss:0.2100 acc:0.9130
INFO:__main__:
【val】epoch:35/150 loss:0.2287 acc:0.9013
INFO:__main__:
【Val】:  SENS: 0.7792  SPEC: 0.9508  PPV: 0.8654  NPV: 0.9139 F1:0.8200
INFO:__main__:验证的best_acc:0.9125
INFO:__main__:----------------------------------------------------------------------------------------------------
INFO:__main__:
【train】epoch:36/150 loss:0.2001 acc:0.9192
INFO:__main__:
【val】epoch:36/150 loss:0.2210 acc:0.9062
INFO:__main__:
【Val】:  SENS: 0.9091  SPEC: 0.9051  PPV: 0.7955  NPV: 0.9608 F1:0.8485
INFO:__main__:验证的best_acc:0.9125
INFO:__main__:----------------------------------------------------------------------------------------------------
INFO:__main__:
【train】epoch:37/150 loss:0.1915 acc:0.9185
INFO:__main__:
【val】epoch:37/150 loss:0.2215 acc:0.9112
INFO:__main__:
【Val】:  SENS: 0.7316  SPEC: 0.9842  PPV: 0.9494  NPV: 0.9003 F1:0.8264
INFO:__main__:验证的best_acc:0.9125
INFO:__main__:----------------------------------------------------------------------------------------------------
INFO:__main__:
【train】epoch:38/150 loss:0.1975 acc:0.9197
INFO:__main__:
【val】epoch:38/150 loss:0.2827 acc:0.8863
INFO:__main__:
【Val】:  SENS: 0.9264  SPEC: 0.8699  PPV: 0.7431  NPV: 0.9668 F1:0.8247
INFO:__main__:验证的best_acc:0.9125
INFO:__main__:----------------------------------------------------------------------------------------------------
INFO:__main__:
【train】epoch:39/150 loss:0.1787 acc:0.9229
INFO:__main__:
【val】epoch:39/150 loss:0.2081 acc:0.9050
INFO:__main__:
【Val】:  SENS: 0.8788  SPEC: 0.9156  PPV: 0.8088  NPV: 0.9490 F1:0.8423
INFO:__main__:验证的best_acc:0.9125
INFO:__main__:----------------------------------------------------------------------------------------------------
INFO:__main__:
【train】epoch:40/150 loss:0.1750 acc:0.9315
INFO:__main__:
【val】epoch:40/150 loss:0.2081 acc:0.9013
INFO:__main__:
【Val】:  SENS: 0.8485  SPEC: 0.9227  PPV: 0.8167  NPV: 0.9375 F1:0.8323
INFO:__main__:验证的best_acc:0.9125
INFO:__main__:----------------------------------------------------------------------------------------------------
INFO:__main__:
【train】epoch:41/150 loss:0.1746 acc:0.9281
INFO:__main__:
【val】epoch:41/150 loss:0.2245 acc:0.9137
INFO:__main__:
【Val】:  SENS: 0.8788  SPEC: 0.9279  PPV: 0.8320  NPV: 0.9496 F1:0.8547
INFO:__main__:验证的best_acc:0.9137
INFO:__main__:----------------------------------------------------------------------------------------------------
INFO:__main__:
【train】epoch:42/150 loss:0.1722 acc:0.9287
INFO:__main__:
【val】epoch:42/150 loss:0.2469 acc:0.9000
INFO:__main__:
【Val】:  SENS: 0.8874  SPEC: 0.9051  PPV: 0.7915  NPV: 0.9519 F1:0.8367
INFO:__main__:验证的best_acc:0.9137
INFO:__main__:----------------------------------------------------------------------------------------------------
INFO:__main__:
【train】epoch:43/150 loss:0.1736 acc:0.9310
INFO:__main__:
【val】epoch:43/150 loss:0.2107 acc:0.9087
INFO:__main__:
【Val】:  SENS: 0.8485  SPEC: 0.9332  PPV: 0.8376  NPV: 0.9382 F1:0.8430
INFO:__main__:验证的best_acc:0.9137
INFO:__main__:----------------------------------------------------------------------------------------------------
INFO:__main__:
【train】epoch:44/150 loss:0.1730 acc:0.9290
INFO:__main__:
【val】epoch:44/150 loss:0.2339 acc:0.9125
INFO:__main__:
【Val】:  SENS: 0.8745  SPEC: 0.9279  PPV: 0.8313  NPV: 0.9479 F1:0.8523
INFO:__main__:验证的best_acc:0.9137
INFO:__main__:----------------------------------------------------------------------------------------------------
INFO:__main__:
【train】epoch:45/150 loss:0.1720 acc:0.9281
INFO:__main__:
【val】epoch:45/150 loss:0.2252 acc:0.9125
INFO:__main__:
【Val】:  SENS: 0.7879  SPEC: 0.9631  PPV: 0.8966  NPV: 0.9179 F1:0.8387
INFO:__main__:验证的best_acc:0.9137
INFO:__main__:----------------------------------------------------------------------------------------------------
INFO:__main__:
【train】epoch:46/150 loss:0.1658 acc:0.9324
INFO:__main__:
【val】epoch:46/150 loss:0.2152 acc:0.9100
INFO:__main__:
【Val】:  SENS: 0.8312  SPEC: 0.9420  PPV: 0.8533  NPV: 0.9322 F1:0.8421
INFO:__main__:验证的best_acc:0.9137
INFO:__main__:----------------------------------------------------------------------------------------------------
INFO:__main__:
【train】epoch:47/150 loss:0.1658 acc:0.9333
INFO:__main__:
【val】epoch:47/150 loss:0.2044 acc:0.9125
INFO:__main__:
【Val】:  SENS: 0.8139  SPEC: 0.9525  PPV: 0.8744  NPV: 0.9265 F1:0.8430
INFO:__main__:验证的best_acc:0.9137
INFO:__main__:----------------------------------------------------------------------------------------------------
INFO:__main__:
【train】epoch:48/150 loss:0.1614 acc:0.9337
INFO:__main__:
【val】epoch:48/150 loss:0.2428 acc:0.9050
INFO:__main__:
【Val】:  SENS: 0.8571  SPEC: 0.9244  PPV: 0.8216  NPV: 0.9410 F1:0.8390
INFO:__main__:验证的best_acc:0.9137
INFO:__main__:----------------------------------------------------------------------------------------------------
INFO:__main__:
【train】epoch:49/150 loss:0.1587 acc:0.9352
INFO:__main__:
【val】epoch:49/150 loss:0.2291 acc:0.9112
INFO:__main__:
【Val】:  SENS: 0.8139  SPEC: 0.9508  PPV: 0.8704  NPV: 0.9264 F1:0.8412
INFO:__main__:验证的best_acc:0.9137
INFO:__main__:----------------------------------------------------------------------------------------------------
INFO:__main__:
【train】epoch:50/150 loss:0.1524 acc:0.9389
INFO:__main__:
【val】epoch:50/150 loss:0.2309 acc:0.9062
INFO:__main__:
【Val】:  SENS: 0.8398  SPEC: 0.9332  PPV: 0.8362  NPV: 0.9349 F1:0.8380
INFO:__main__:验证的best_acc:0.9137
INFO:__main__:----------------------------------------------------------------------------------------------------
INFO:__main__:
【train】epoch:51/150 loss:0.1436 acc:0.9393
INFO:__main__:
【val】epoch:51/150 loss:0.2136 acc:0.9137
INFO:__main__:
【Val】:  SENS: 0.8918  SPEC: 0.9227  PPV: 0.8240  NPV: 0.9545 F1:0.8565
INFO:__main__:验证的best_acc:0.9137
INFO:__main__:----------------------------------------------------------------------------------------------------
INFO:__main__:
【train】epoch:52/150 loss:0.1471 acc:0.9395
INFO:__main__:
【val】epoch:52/150 loss:0.2204 acc:0.9087
INFO:__main__:
【Val】:  SENS: 0.8615  SPEC: 0.9279  PPV: 0.8292  NPV: 0.9429 F1:0.8450
INFO:__main__:验证的best_acc:0.9137
INFO:__main__:----------------------------------------------------------------------------------------------------
INFO:__main__:
【train】epoch:53/150 loss:0.1379 acc:0.9437
INFO:__main__:
【val】epoch:53/150 loss:0.2107 acc:0.9150
INFO:__main__:
【Val】:  SENS: 0.8528  SPEC: 0.9402  PPV: 0.8528  NPV: 0.9402 F1:0.8528
INFO:__main__:验证的best_acc:0.9150
INFO:__main__:----------------------------------------------------------------------------------------------------
INFO:__main__:
【train】epoch:54/150 loss:0.1546 acc:0.9373
INFO:__main__:
【val】epoch:54/150 loss:0.2082 acc:0.9200
INFO:__main__:
【Val】:  SENS: 0.8312  SPEC: 0.9561  PPV: 0.8848  NPV: 0.9331 F1:0.8571
INFO:__main__:验证的best_acc:0.9200
INFO:__main__:----------------------------------------------------------------------------------------------------
INFO:__main__:
【train】epoch:55/150 loss:0.1429 acc:0.9438
INFO:__main__:
【val】epoch:55/150 loss:0.2327 acc:0.9013
INFO:__main__:
【Val】:  SENS: 0.8961  SPEC: 0.9033  PPV: 0.7901  NPV: 0.9554 F1:0.8398
INFO:__main__:验证的best_acc:0.9200
INFO:__main__:----------------------------------------------------------------------------------------------------
INFO:__main__:
【train】epoch:56/150 loss:0.1456 acc:0.9407
INFO:__main__:
【val】epoch:56/150 loss:0.2059 acc:0.9025
INFO:__main__:
【Val】:  SENS: 0.8442  SPEC: 0.9262  PPV: 0.8228  NPV: 0.9361 F1:0.8333
INFO:__main__:验证的best_acc:0.9200
INFO:__main__:----------------------------------------------------------------------------------------------------
INFO:__main__:
【train】epoch:57/150 loss:0.1479 acc:0.9429
INFO:__main__:
【val】epoch:57/150 loss:0.2484 acc:0.9075
INFO:__main__:
【Val】:  SENS: 0.8225  SPEC: 0.9420  PPV: 0.8520  NPV: 0.9289 F1:0.8370
INFO:__main__:验证的best_acc:0.9200
INFO:__main__:----------------------------------------------------------------------------------------------------
INFO:__main__:
【train】epoch:58/150 loss:0.1422 acc:0.9399
INFO:__main__:
【val】epoch:58/150 loss:0.2068 acc:0.9162
INFO:__main__:
【Val】:  SENS: 0.8658  SPEC: 0.9367  PPV: 0.8475  NPV: 0.9450 F1:0.8565
INFO:__main__:验证的best_acc:0.9200
INFO:__main__:----------------------------------------------------------------------------------------------------
INFO:__main__:
【train】epoch:59/150 loss:0.1283 acc:0.9487
INFO:__main__:
【val】epoch:59/150 loss:0.1960 acc:0.9262
INFO:__main__:
【Val】:  SENS: 0.8615  SPEC: 0.9525  PPV: 0.8805  NPV: 0.9443 F1:0.8709
INFO:__main__:验证的best_acc:0.9262
INFO:__main__:----------------------------------------------------------------------------------------------------
INFO:__main__:
【train】epoch:60/150 loss:0.1355 acc:0.9491
INFO:__main__:
【val】epoch:60/150 loss:0.2356 acc:0.9100
INFO:__main__:
【Val】:  SENS: 0.8485  SPEC: 0.9350  PPV: 0.8412  NPV: 0.9383 F1:0.8448
INFO:__main__:验证的best_acc:0.9262
INFO:__main__:----------------------------------------------------------------------------------------------------
INFO:__main__:
【train】epoch:61/150 loss:0.1398 acc:0.9419
INFO:__main__:
【val】epoch:61/150 loss:0.2147 acc:0.9175
INFO:__main__:
【Val】:  SENS: 0.8831  SPEC: 0.9315  PPV: 0.8395  NPV: 0.9515 F1:0.8608
INFO:__main__:验证的best_acc:0.9262
INFO:__main__:----------------------------------------------------------------------------------------------------
INFO:__main__:
【train】epoch:62/150 loss:0.1302 acc:0.9508
INFO:__main__:
【val】epoch:62/150 loss:0.2380 acc:0.9187
INFO:__main__:
【Val】:  SENS: 0.8615  SPEC: 0.9420  PPV: 0.8578  NPV: 0.9437 F1:0.8596
INFO:__main__:验证的best_acc:0.9262
INFO:__main__:----------------------------------------------------------------------------------------------------
INFO:__main__:
【train】epoch:63/150 loss:0.1259 acc:0.9526
INFO:__main__:
【val】epoch:63/150 loss:0.2044 acc:0.9237
INFO:__main__:
【Val】:  SENS: 0.8615  SPEC: 0.9490  PPV: 0.8728  NPV: 0.9441 F1:0.8671
INFO:__main__:验证的best_acc:0.9262
INFO:__main__:----------------------------------------------------------------------------------------------------
INFO:__main__:
【train】epoch:64/150 loss:0.1301 acc:0.9461
INFO:__main__:
【val】epoch:64/150 loss:0.1936 acc:0.9212
INFO:__main__:
【Val】:  SENS: 0.8658  SPEC: 0.9438  PPV: 0.8621  NPV: 0.9454 F1:0.8639
INFO:__main__:验证的best_acc:0.9262
INFO:__main__:----------------------------------------------------------------------------------------------------
INFO:__main__:
【train】epoch:65/150 loss:0.1249 acc:0.9524
INFO:__main__:
【val】epoch:65/150 loss:0.2229 acc:0.9187
INFO:__main__:
【Val】:  SENS: 0.8355  SPEC: 0.9525  PPV: 0.8773  NPV: 0.9345 F1:0.8559
INFO:__main__:验证的best_acc:0.9262
INFO:__main__:----------------------------------------------------------------------------------------------------
INFO:__main__:
【train】epoch:66/150 loss:0.1225 acc:0.9537
INFO:__main__:
【val】epoch:66/150 loss:0.2151 acc:0.9137
INFO:__main__:
【Val】:  SENS: 0.8874  SPEC: 0.9244  PPV: 0.8266  NPV: 0.9529 F1:0.8559
INFO:__main__:验证的best_acc:0.9262
INFO:__main__:----------------------------------------------------------------------------------------------------
INFO:__main__:
【train】epoch:67/150 loss:0.1230 acc:0.9491
INFO:__main__:
【val】epoch:67/150 loss:0.2145 acc:0.9150
INFO:__main__:
【Val】:  SENS: 0.8658  SPEC: 0.9350  PPV: 0.8439  NPV: 0.9449 F1:0.8547
INFO:__main__:验证的best_acc:0.9262
INFO:__main__:----------------------------------------------------------------------------------------------------
INFO:__main__:
【train】epoch:68/150 loss:0.1232 acc:0.9500
INFO:__main__:
【val】epoch:68/150 loss:0.2131 acc:0.9187
INFO:__main__:
【Val】:  SENS: 0.8701  SPEC: 0.9385  PPV: 0.8517  NPV: 0.9468 F1:0.8608
INFO:__main__:验证的best_acc:0.9262
INFO:__main__:----------------------------------------------------------------------------------------------------
INFO:__main__:
【train】epoch:69/150 loss:0.1191 acc:0.9556
INFO:__main__:
【val】epoch:69/150 loss:0.1864 acc:0.9250
INFO:__main__:
【Val】:  SENS: 0.8701  SPEC: 0.9473  PPV: 0.8701  NPV: 0.9473 F1:0.8701
INFO:__main__:验证的best_acc:0.9262
INFO:__main__:----------------------------------------------------------------------------------------------------
INFO:__main__:
【train】epoch:70/150 loss:0.1096 acc:0.9585
INFO:__main__:
【val】epoch:70/150 loss:0.2097 acc:0.9162
INFO:__main__:
【Val】:  SENS: 0.8615  SPEC: 0.9385  PPV: 0.8504  NPV: 0.9435 F1:0.8559
INFO:__main__:验证的best_acc:0.9262
INFO:__main__:----------------------------------------------------------------------------------------------------
INFO:__main__:
【train】epoch:71/150 loss:0.1081 acc:0.9561
INFO:__main__:
【val】epoch:71/150 loss:0.2382 acc:0.9175
INFO:__main__:
【Val】:  SENS: 0.9177  SPEC: 0.9174  PPV: 0.8185  NPV: 0.9649 F1:0.8653
INFO:__main__:验证的best_acc:0.9262
INFO:__main__:----------------------------------------------------------------------------------------------------
INFO:__main__:
【train】epoch:72/150 loss:0.1135 acc:0.9555
INFO:__main__:
【val】epoch:72/150 loss:0.2146 acc:0.9175
INFO:__main__:
【Val】:  SENS: 0.8442  SPEC: 0.9473  PPV: 0.8667  NPV: 0.9374 F1:0.8553
INFO:__main__:验证的best_acc:0.9262
INFO:__main__:----------------------------------------------------------------------------------------------------
INFO:__main__:
【train】epoch:73/150 loss:0.1068 acc:0.9579
INFO:__main__:
【val】epoch:73/150 loss:0.2033 acc:0.9250
INFO:__main__:
【Val】:  SENS: 0.8701  SPEC: 0.9473  PPV: 0.8701  NPV: 0.9473 F1:0.8701
INFO:__main__:验证的best_acc:0.9262
INFO:__main__:----------------------------------------------------------------------------------------------------
INFO:__main__:
【train】epoch:74/150 loss:0.1029 acc:0.9588
INFO:__main__:
【val】epoch:74/150 loss:0.2338 acc:0.9225
INFO:__main__:
【Val】:  SENS: 0.9091  SPEC: 0.9279  PPV: 0.8367  NPV: 0.9617 F1:0.8714
INFO:__main__:验证的best_acc:0.9262
INFO:__main__:----------------------------------------------------------------------------------------------------
INFO:__main__:
【train】epoch:75/150 loss:0.1018 acc:0.9626
INFO:__main__:
【val】epoch:75/150 loss:0.2244 acc:0.9237
INFO:__main__:
【Val】:  SENS: 0.8442  SPEC: 0.9561  PPV: 0.8864  NPV: 0.9379 F1:0.8647
INFO:__main__:验证的best_acc:0.9262
INFO:__main__:----------------------------------------------------------------------------------------------------
INFO:__main__:
【train】epoch:76/150 loss:0.1035 acc:0.9604
INFO:__main__:
【val】epoch:76/150 loss:0.2370 acc:0.9212
INFO:__main__:
【Val】:  SENS: 0.8874  SPEC: 0.9350  PPV: 0.8471  NPV: 0.9534 F1:0.8668
INFO:__main__:验证的best_acc:0.9262
INFO:__main__:----------------------------------------------------------------------------------------------------
INFO:__main__:
【train】epoch:77/150 loss:0.1136 acc:0.9573
INFO:__main__:
【val】epoch:77/150 loss:0.2101 acc:0.9212
INFO:__main__:
【Val】:  SENS: 0.8398  SPEC: 0.9543  PPV: 0.8818  NPV: 0.9362 F1:0.8603
INFO:__main__:验证的best_acc:0.9262
INFO:__main__:----------------------------------------------------------------------------------------------------
INFO:__main__:
【train】epoch:78/150 loss:0.1116 acc:0.9580
INFO:__main__:
【val】epoch:78/150 loss:0.2061 acc:0.9125
INFO:__main__:
【Val】:  SENS: 0.8398  SPEC: 0.9420  PPV: 0.8546  NPV: 0.9354 F1:0.8472
INFO:__main__:验证的best_acc:0.9262
INFO:__main__:----------------------------------------------------------------------------------------------------
INFO:__main__:
【train】epoch:79/150 loss:0.1056 acc:0.9607
INFO:__main__:
【val】epoch:79/150 loss:0.2060 acc:0.9262
INFO:__main__:
【Val】:  SENS: 0.8701  SPEC: 0.9490  PPV: 0.8739  NPV: 0.9474 F1:0.8720
INFO:__main__:验证的best_acc:0.9262
INFO:__main__:----------------------------------------------------------------------------------------------------
INFO:__main__:
【train】epoch:80/150 loss:0.0905 acc:0.9639
INFO:__main__:
【val】epoch:80/150 loss:0.2220 acc:0.9200
INFO:__main__:
【Val】:  SENS: 0.8442  SPEC: 0.9508  PPV: 0.8744  NPV: 0.9376 F1:0.8590
INFO:__main__:验证的best_acc:0.9262
INFO:__main__:----------------------------------------------------------------------------------------------------
INFO:__main__:
【train】epoch:81/150 loss:0.0960 acc:0.9620
INFO:__main__:
【val】epoch:81/150 loss:0.2444 acc:0.9250
INFO:__main__:
【Val】:  SENS: 0.8701  SPEC: 0.9473  PPV: 0.8701  NPV: 0.9473 F1:0.8701
INFO:__main__:验证的best_acc:0.9262
INFO:__main__:----------------------------------------------------------------------------------------------------
INFO:__main__:
【train】epoch:82/150 loss:0.0973 acc:0.9626
INFO:__main__:
【val】epoch:82/150 loss:0.2232 acc:0.9250
INFO:__main__:
【Val】:  SENS: 0.8745  SPEC: 0.9455  PPV: 0.8670  NPV: 0.9489 F1:0.8707
INFO:__main__:验证的best_acc:0.9262
INFO:__main__:----------------------------------------------------------------------------------------------------
INFO:__main__:
【train】epoch:83/150 loss:0.0926 acc:0.9626
INFO:__main__:
【val】epoch:83/150 loss:0.2394 acc:0.9187
INFO:__main__:
【Val】:  SENS: 0.8788  SPEC: 0.9350  PPV: 0.8458  NPV: 0.9500 F1:0.8620
INFO:__main__:验证的best_acc:0.9262
INFO:__main__:----------------------------------------------------------------------------------------------------
INFO:__main__:
【train】epoch:84/150 loss:0.0964 acc:0.9615
INFO:__main__:
【val】epoch:84/150 loss:0.2518 acc:0.9150
INFO:__main__:
【Val】:  SENS: 0.9221  SPEC: 0.9121  PPV: 0.8099  NPV: 0.9665 F1:0.8623
INFO:__main__:验证的best_acc:0.9262
INFO:__main__:----------------------------------------------------------------------------------------------------
INFO:__main__:
【train】epoch:85/150 loss:0.0920 acc:0.9641
INFO:__main__:
【val】epoch:85/150 loss:0.2014 acc:0.9250
INFO:__main__:
【Val】:  SENS: 0.8701  SPEC: 0.9473  PPV: 0.8701  NPV: 0.9473 F1:0.8701
INFO:__main__:验证的best_acc:0.9262
INFO:__main__:----------------------------------------------------------------------------------------------------
INFO:__main__:
【train】epoch:86/150 loss:0.0876 acc:0.9665
INFO:__main__:
【val】epoch:86/150 loss:0.2226 acc:0.9200
INFO:__main__:
【Val】:  SENS: 0.8139  SPEC: 0.9631  PPV: 0.8995  NPV: 0.9272 F1:0.8545
INFO:__main__:验证的best_acc:0.9262
INFO:__main__:----------------------------------------------------------------------------------------------------
INFO:__main__:
【train】epoch:87/150 loss:0.0903 acc:0.9660
INFO:__main__:
【val】epoch:87/150 loss:0.2520 acc:0.9162
INFO:__main__:
【Val】:  SENS: 0.8398  SPEC: 0.9473  PPV: 0.8661  NPV: 0.9358 F1:0.8527
INFO:__main__:验证的best_acc:0.9262
INFO:__main__:----------------------------------------------------------------------------------------------------
INFO:__main__:
【train】epoch:88/150 loss:0.0972 acc:0.9633
INFO:__main__:
【val】epoch:88/150 loss:0.2239 acc:0.9162
INFO:__main__:
【Val】:  SENS: 0.8831  SPEC: 0.9297  PPV: 0.8361  NPV: 0.9514 F1:0.8589
INFO:__main__:验证的best_acc:0.9262
INFO:__main__:----------------------------------------------------------------------------------------------------
INFO:__main__:
【train】epoch:89/150 loss:0.0930 acc:0.9626
INFO:__main__:
【val】epoch:89/150 loss:0.1947 acc:0.9175
INFO:__main__:
【Val】:  SENS: 0.8571  SPEC: 0.9420  PPV: 0.8571  NPV: 0.9420 F1:0.8571
INFO:__main__:验证的best_acc:0.9262
INFO:__main__:----------------------------------------------------------------------------------------------------
INFO:__main__:
【train】epoch:90/150 loss:0.0830 acc:0.9688
INFO:__main__:
【val】epoch:90/150 loss:0.2039 acc:0.9112
INFO:__main__:
【Val】:  SENS: 0.8052  SPEC: 0.9543  PPV: 0.8774  NPV: 0.9235 F1:0.8397
INFO:__main__:验证的best_acc:0.9262
INFO:__main__:----------------------------------------------------------------------------------------------------
INFO:__main__:
【train】epoch:91/150 loss:0.0827 acc:0.9695
INFO:__main__:
【val】epoch:91/150 loss:0.2346 acc:0.9262
INFO:__main__:
【Val】:  SENS: 0.8312  SPEC: 0.9649  PPV: 0.9057  NPV: 0.9337 F1:0.8668
INFO:__main__:验证的best_acc:0.9262
INFO:__main__:----------------------------------------------------------------------------------------------------
INFO:__main__:
【train】epoch:92/150 loss:0.0922 acc:0.9662
INFO:__main__:
【val】epoch:92/150 loss:0.1805 acc:0.9325
INFO:__main__:
【Val】:  SENS: 0.8961  SPEC: 0.9473  PPV: 0.8734  NPV: 0.9574 F1:0.8846
INFO:__main__:验证的best_acc:0.9325
INFO:__main__:----------------------------------------------------------------------------------------------------
INFO:__main__:
【train】epoch:93/150 loss:0.0881 acc:0.9636
INFO:__main__:
【val】epoch:93/150 loss:0.2313 acc:0.9262
INFO:__main__:
【Val】:  SENS: 0.8571  SPEC: 0.9543  PPV: 0.8839  NPV: 0.9427 F1:0.8703
INFO:__main__:验证的best_acc:0.9325
INFO:__main__:----------------------------------------------------------------------------------------------------
INFO:__main__:
【train】epoch:94/150 loss:0.0815 acc:0.9683
INFO:__main__:
【val】epoch:94/150 loss:0.2330 acc:0.9175
INFO:__main__:
【Val】:  SENS: 0.8528  SPEC: 0.9438  PPV: 0.8603  NPV: 0.9405 F1:0.8565
INFO:__main__:验证的best_acc:0.9325
INFO:__main__:----------------------------------------------------------------------------------------------------
INFO:__main__:
【train】epoch:95/150 loss:0.0856 acc:0.9647
INFO:__main__:
【val】epoch:95/150 loss:0.2041 acc:0.9237
INFO:__main__:
【Val】:  SENS: 0.8701  SPEC: 0.9455  PPV: 0.8664  NPV: 0.9472 F1:0.8683
INFO:__main__:验证的best_acc:0.9325
INFO:__main__:----------------------------------------------------------------------------------------------------
INFO:__main__:
【train】epoch:96/150 loss:0.0840 acc:0.9688
INFO:__main__:
【val】epoch:96/150 loss:0.2303 acc:0.9212
INFO:__main__:
【Val】:  SENS: 0.8658  SPEC: 0.9438  PPV: 0.8621  NPV: 0.9454 F1:0.8639
INFO:__main__:验证的best_acc:0.9325
INFO:__main__:----------------------------------------------------------------------------------------------------
INFO:__main__:
【train】epoch:97/150 loss:0.0914 acc:0.9636
INFO:__main__:
【val】epoch:97/150 loss:0.2170 acc:0.9262
INFO:__main__:
【Val】:  SENS: 0.8918  SPEC: 0.9402  PPV: 0.8583  NPV: 0.9554 F1:0.8747
INFO:__main__:验证的best_acc:0.9325
INFO:__main__:----------------------------------------------------------------------------------------------------
INFO:__main__:
【train】epoch:98/150 loss:0.0802 acc:0.9678
INFO:__main__:
【val】epoch:98/150 loss:0.2254 acc:0.9250
INFO:__main__:
【Val】:  SENS: 0.9091  SPEC: 0.9315  PPV: 0.8434  NPV: 0.9619 F1:0.8750
INFO:__main__:验证的best_acc:0.9325
INFO:__main__:----------------------------------------------------------------------------------------------------
INFO:__main__:
【train】epoch:99/150 loss:0.0793 acc:0.9698
INFO:__main__:
【val】epoch:99/150 loss:0.2129 acc:0.9275
INFO:__main__:
【Val】:  SENS: 0.8745  SPEC: 0.9490  PPV: 0.8745  NPV: 0.9490 F1:0.8745
INFO:__main__:验证的best_acc:0.9325
INFO:__main__:----------------------------------------------------------------------------------------------------
INFO:__main__:
【train】epoch:100/150 loss:0.0802 acc:0.9712
INFO:__main__:
【val】epoch:100/150 loss:0.2348 acc:0.9225
INFO:__main__:
【Val】:  SENS: 0.8615  SPEC: 0.9473  PPV: 0.8690  NPV: 0.9440 F1:0.8652
INFO:__main__:验证的best_acc:0.9325
INFO:__main__:----------------------------------------------------------------------------------------------------
INFO:__main__:
【train】epoch:101/150 loss:0.0791 acc:0.9688
INFO:__main__:
【val】epoch:101/150 loss:0.2079 acc:0.9250
INFO:__main__:
【Val】:  SENS: 0.8701  SPEC: 0.9473  PPV: 0.8701  NPV: 0.9473 F1:0.8701
INFO:__main__:验证的best_acc:0.9325
INFO:__main__:----------------------------------------------------------------------------------------------------
INFO:__main__:
【train】epoch:102/150 loss:0.0703 acc:0.9743
INFO:__main__:
【val】epoch:102/150 loss:0.2212 acc:0.9225
INFO:__main__:
【Val】:  SENS: 0.8701  SPEC: 0.9438  PPV: 0.8627  NPV: 0.9471 F1:0.8664
INFO:__main__:验证的best_acc:0.9325
INFO:__main__:----------------------------------------------------------------------------------------------------
INFO:__main__:
【train】epoch:103/150 loss:0.0702 acc:0.9727
INFO:__main__:
【val】epoch:103/150 loss:0.2266 acc:0.9225
INFO:__main__:
【Val】:  SENS: 0.8528  SPEC: 0.9508  PPV: 0.8756  NPV: 0.9409 F1:0.8640
INFO:__main__:验证的best_acc:0.9325
INFO:__main__:----------------------------------------------------------------------------------------------------
INFO:__main__:
【train】epoch:104/150 loss:0.0826 acc:0.9653
INFO:__main__:
【val】epoch:104/150 loss:0.2249 acc:0.9262
INFO:__main__:
【Val】:  SENS: 0.8745  SPEC: 0.9473  PPV: 0.8707  NPV: 0.9489 F1:0.8726
INFO:__main__:验证的best_acc:0.9325
INFO:__main__:----------------------------------------------------------------------------------------------------
INFO:__main__:
【train】epoch:105/150 loss:0.0726 acc:0.9716
INFO:__main__:
【val】epoch:105/150 loss:0.2330 acc:0.9212
INFO:__main__:
【Val】:  SENS: 0.8052  SPEC: 0.9684  PPV: 0.9118  NPV: 0.9245 F1:0.8552
INFO:__main__:验证的best_acc:0.9325
INFO:__main__:----------------------------------------------------------------------------------------------------
INFO:__main__:
【train】epoch:106/150 loss:0.0789 acc:0.9684
INFO:__main__:
【val】epoch:106/150 loss:0.2274 acc:0.9212
INFO:__main__:
【Val】:  SENS: 0.8658  SPEC: 0.9438  PPV: 0.8621  NPV: 0.9454 F1:0.8639
INFO:__main__:验证的best_acc:0.9325
INFO:__main__:----------------------------------------------------------------------------------------------------
INFO:__main__:
【train】epoch:107/150 loss:0.0674 acc:0.9722
INFO:__main__:
【val】epoch:107/150 loss:0.2386 acc:0.9250
INFO:__main__:
【Val】:  SENS: 0.8528  SPEC: 0.9543  PPV: 0.8834  NPV: 0.9411 F1:0.8678
INFO:__main__:验证的best_acc:0.9325
INFO:__main__:----------------------------------------------------------------------------------------------------
INFO:__main__:
【train】epoch:108/150 loss:0.0738 acc:0.9701
INFO:__main__:
【val】epoch:108/150 loss:0.1978 acc:0.9300
INFO:__main__:
【Val】:  SENS: 0.8658  SPEC: 0.9561  PPV: 0.8889  NPV: 0.9461 F1:0.8772
INFO:__main__:验证的best_acc:0.9325
INFO:__main__:----------------------------------------------------------------------------------------------------
INFO:__main__:
【train】epoch:109/150 loss:0.0660 acc:0.9749
INFO:__main__:
【val】epoch:109/150 loss:0.2441 acc:0.9200
INFO:__main__:
【Val】:  SENS: 0.8355  SPEC: 0.9543  PPV: 0.8813  NPV: 0.9346 F1:0.8578
INFO:__main__:验证的best_acc:0.9325
INFO:__main__:----------------------------------------------------------------------------------------------------
INFO:__main__:
【train】epoch:110/150 loss:0.0697 acc:0.9733
INFO:__main__:
【val】epoch:110/150 loss:0.1997 acc:0.9325
INFO:__main__:
【Val】:  SENS: 0.8398  SPEC: 0.9701  PPV: 0.9194  NPV: 0.9372 F1:0.8778
INFO:__main__:验证的best_acc:0.9325
INFO:__main__:----------------------------------------------------------------------------------------------------
INFO:__main__:
【train】epoch:111/150 loss:0.0664 acc:0.9757
INFO:__main__:
【val】epoch:111/150 loss:0.2113 acc:0.9262
INFO:__main__:
【Val】:  SENS: 0.8442  SPEC: 0.9596  PPV: 0.8945  NPV: 0.9381 F1:0.8686
INFO:__main__:验证的best_acc:0.9325
INFO:__main__:----------------------------------------------------------------------------------------------------
INFO:__main__:
【train】epoch:112/150 loss:0.0697 acc:0.9724
INFO:__main__:
【val】epoch:112/150 loss:0.2494 acc:0.9212
INFO:__main__:
【Val】:  SENS: 0.8268  SPEC: 0.9596  PPV: 0.8925  NPV: 0.9317 F1:0.8584
INFO:__main__:验证的best_acc:0.9325
INFO:__main__:----------------------------------------------------------------------------------------------------
INFO:__main__:
【train】epoch:113/150 loss:0.0668 acc:0.9737
INFO:__main__:
【val】epoch:113/150 loss:0.2108 acc:0.9237
INFO:__main__:
【Val】:  SENS: 0.8442  SPEC: 0.9561  PPV: 0.8864  NPV: 0.9379 F1:0.8647
INFO:__main__:验证的best_acc:0.9325
INFO:__main__:----------------------------------------------------------------------------------------------------
INFO:__main__:
【train】epoch:114/150 loss:0.0726 acc:0.9742
INFO:__main__:
【val】epoch:114/150 loss:0.2119 acc:0.9237
INFO:__main__:
【Val】:  SENS: 0.8355  SPEC: 0.9596  PPV: 0.8935  NPV: 0.9349 F1:0.8635
INFO:__main__:验证的best_acc:0.9325
INFO:__main__:----------------------------------------------------------------------------------------------------
INFO:__main__:
【train】epoch:115/150 loss:0.0642 acc:0.9748
INFO:__main__:
【val】epoch:115/150 loss:0.2142 acc:0.9262
INFO:__main__:
【Val】:  SENS: 0.8398  SPEC: 0.9613  PPV: 0.8981  NPV: 0.9366 F1:0.8680
INFO:__main__:验证的best_acc:0.9325
INFO:__main__:----------------------------------------------------------------------------------------------------
INFO:__main__:
【train】epoch:116/150 loss:0.0665 acc:0.9755
INFO:__main__:
【val】epoch:116/150 loss:0.2252 acc:0.9287
INFO:__main__:
【Val】:  SENS: 0.8442  SPEC: 0.9631  PPV: 0.9028  NPV: 0.9384 F1:0.8725
INFO:__main__:验证的best_acc:0.9325
INFO:__main__:----------------------------------------------------------------------------------------------------
INFO:__main__:
【train】epoch:117/150 loss:0.0640 acc:0.9780
INFO:__main__:
【val】epoch:117/150 loss:0.2445 acc:0.9262
INFO:__main__:
【Val】:  SENS: 0.8485  SPEC: 0.9578  PPV: 0.8909  NPV: 0.9397 F1:0.8692
INFO:__main__:验证的best_acc:0.9325
INFO:__main__:----------------------------------------------------------------------------------------------------
INFO:__main__:
【train】epoch:118/150 loss:0.0696 acc:0.9728
INFO:__main__:
【val】epoch:118/150 loss:0.2137 acc:0.9275
INFO:__main__:
【Val】:  SENS: 0.8831  SPEC: 0.9455  PPV: 0.8681  NPV: 0.9522 F1:0.8755
INFO:__main__:验证的best_acc:0.9325
INFO:__main__:----------------------------------------------------------------------------------------------------
INFO:__main__:
【train】epoch:119/150 loss:0.0700 acc:0.9734
INFO:__main__:
【val】epoch:119/150 loss:0.2135 acc:0.9250
INFO:__main__:
【Val】:  SENS: 0.8658  SPEC: 0.9490  PPV: 0.8734  NPV: 0.9457 F1:0.8696
INFO:__main__:验证的best_acc:0.9325
INFO:__main__:----------------------------------------------------------------------------------------------------
INFO:__main__:
【train】epoch:120/150 loss:0.0679 acc:0.9728
INFO:__main__:
【val】epoch:120/150 loss:0.2240 acc:0.9225
INFO:__main__:
【Val】:  SENS: 0.8442  SPEC: 0.9543  PPV: 0.8824  NPV: 0.9378 F1:0.8628
INFO:__main__:验证的best_acc:0.9325
INFO:__main__:----------------------------------------------------------------------------------------------------
INFO:__main__:
【train】epoch:121/150 loss:0.0591 acc:0.9771
INFO:__main__:
【val】epoch:121/150 loss:0.2290 acc:0.9312
INFO:__main__:
【Val】:  SENS: 0.8398  SPEC: 0.9684  PPV: 0.9151  NPV: 0.9371 F1:0.8758
INFO:__main__:验证的best_acc:0.9325
INFO:__main__:----------------------------------------------------------------------------------------------------
INFO:__main__:
【train】epoch:122/150 loss:0.0648 acc:0.9745
INFO:__main__:
【val】epoch:122/150 loss:0.2101 acc:0.9312
INFO:__main__:
【Val】:  SENS: 0.8701  SPEC: 0.9561  PPV: 0.8894  NPV: 0.9477 F1:0.8796
INFO:__main__:验证的best_acc:0.9325
INFO:__main__:----------------------------------------------------------------------------------------------------
INFO:__main__:
【train】epoch:123/150 loss:0.0567 acc:0.9777
INFO:__main__:
【val】epoch:123/150 loss:0.1901 acc:0.9362
INFO:__main__:
【Val】:  SENS: 0.9004  SPEC: 0.9508  PPV: 0.8814  NPV: 0.9592 F1:0.8908
INFO:__main__:验证的best_acc:0.9362
INFO:__main__:----------------------------------------------------------------------------------------------------
INFO:__main__:
【train】epoch:124/150 loss:0.0587 acc:0.9775
INFO:__main__:
【val】epoch:124/150 loss:0.2053 acc:0.9250
INFO:__main__:
【Val】:  SENS: 0.8658  SPEC: 0.9490  PPV: 0.8734  NPV: 0.9457 F1:0.8696
INFO:__main__:验证的best_acc:0.9362
INFO:__main__:----------------------------------------------------------------------------------------------------
INFO:__main__:
【train】epoch:125/150 loss:0.0637 acc:0.9755
INFO:__main__:
【val】epoch:125/150 loss:0.2083 acc:0.9262
INFO:__main__:
【Val】:  SENS: 0.8571  SPEC: 0.9543  PPV: 0.8839  NPV: 0.9427 F1:0.8703
INFO:__main__:验证的best_acc:0.9362
INFO:__main__:----------------------------------------------------------------------------------------------------
INFO:__main__:
【train】epoch:126/150 loss:0.0686 acc:0.9760
INFO:__main__:
【val】epoch:126/150 loss:0.2369 acc:0.9212
INFO:__main__:
【Val】:  SENS: 0.8571  SPEC: 0.9473  PPV: 0.8684  NPV: 0.9423 F1:0.8627
INFO:__main__:验证的best_acc:0.9362
INFO:__main__:----------------------------------------------------------------------------------------------------
INFO:__main__:
【train】epoch:127/150 loss:0.0670 acc:0.9736
INFO:__main__:
【val】epoch:127/150 loss:0.2175 acc:0.9212
INFO:__main__:
【Val】:  SENS: 0.8355  SPEC: 0.9561  PPV: 0.8853  NPV: 0.9347 F1:0.8597
INFO:__main__:验证的best_acc:0.9362
INFO:__main__:----------------------------------------------------------------------------------------------------
INFO:__main__:
【train】epoch:128/150 loss:0.0683 acc:0.9737
INFO:__main__:
【val】epoch:128/150 loss:0.2149 acc:0.9237
INFO:__main__:
【Val】:  SENS: 0.8745  SPEC: 0.9438  PPV: 0.8632  NPV: 0.9488 F1:0.8688
INFO:__main__:验证的best_acc:0.9362
INFO:__main__:----------------------------------------------------------------------------------------------------
INFO:__main__:
【train】epoch:129/150 loss:0.0616 acc:0.9763
INFO:__main__:
【val】epoch:129/150 loss:0.2180 acc:0.9250
INFO:__main__:
【Val】:  SENS: 0.8182  SPEC: 0.9684  PPV: 0.9130  NPV: 0.9292 F1:0.8630
INFO:__main__:验证的best_acc:0.9362
INFO:__main__:----------------------------------------------------------------------------------------------------
INFO:__main__:
【train】epoch:130/150 loss:0.0606 acc:0.9780
INFO:__main__:
【val】epoch:130/150 loss:0.2147 acc:0.9225
INFO:__main__:
【Val】:  SENS: 0.8918  SPEC: 0.9350  PPV: 0.8477  NPV: 0.9551 F1:0.8692
INFO:__main__:验证的best_acc:0.9362
INFO:__main__:----------------------------------------------------------------------------------------------------
INFO:__main__:
【train】epoch:131/150 loss:0.0580 acc:0.9771
INFO:__main__:
【val】epoch:131/150 loss:0.2421 acc:0.9237
INFO:__main__:
【Val】:  SENS: 0.8398  SPEC: 0.9578  PPV: 0.8899  NPV: 0.9364 F1:0.8641
INFO:__main__:验证的best_acc:0.9362
INFO:__main__:----------------------------------------------------------------------------------------------------
INFO:__main__:
【train】epoch:132/150 loss:0.0661 acc:0.9733
INFO:__main__:
【val】epoch:132/150 loss:0.2254 acc:0.9250
INFO:__main__:
【Val】:  SENS: 0.8571  SPEC: 0.9525  PPV: 0.8800  NPV: 0.9426 F1:0.8684
INFO:__main__:验证的best_acc:0.9362
INFO:__main__:----------------------------------------------------------------------------------------------------
INFO:__main__:
【train】epoch:133/150 loss:0.0538 acc:0.9807
INFO:__main__:
【val】epoch:133/150 loss:0.2258 acc:0.9237
INFO:__main__:
【Val】:  SENS: 0.8355  SPEC: 0.9596  PPV: 0.8935  NPV: 0.9349 F1:0.8635
INFO:__main__:验证的best_acc:0.9362
INFO:__main__:----------------------------------------------------------------------------------------------------
INFO:__main__:
【train】epoch:134/150 loss:0.0513 acc:0.9804
INFO:__main__:
【val】epoch:134/150 loss:0.2196 acc:0.9225
INFO:__main__:
【Val】:  SENS: 0.8571  SPEC: 0.9490  PPV: 0.8722  NPV: 0.9424 F1:0.8646
INFO:__main__:验证的best_acc:0.9362
INFO:__main__:----------------------------------------------------------------------------------------------------
INFO:__main__:
【train】epoch:135/150 loss:0.0610 acc:0.9769
INFO:__main__:
【val】epoch:135/150 loss:0.2295 acc:0.9187
INFO:__main__:
【Val】:  SENS: 0.8442  SPEC: 0.9490  PPV: 0.8705  NPV: 0.9375 F1:0.8571
INFO:__main__:验证的best_acc:0.9362
INFO:__main__:----------------------------------------------------------------------------------------------------
INFO:__main__:
【train】epoch:136/150 loss:0.0602 acc:0.9783
INFO:__main__:
【val】epoch:136/150 loss:0.2430 acc:0.9150
INFO:__main__:
【Val】:  SENS: 0.8009  SPEC: 0.9613  PPV: 0.8937  NPV: 0.9224 F1:0.8447
INFO:__main__:验证的best_acc:0.9362
INFO:__main__:----------------------------------------------------------------------------------------------------
INFO:__main__:
【train】epoch:137/150 loss:0.0636 acc:0.9796
INFO:__main__:
【val】epoch:137/150 loss:0.2300 acc:0.9300
INFO:__main__:
【Val】:  SENS: 0.8571  SPEC: 0.9596  PPV: 0.8959  NPV: 0.9430 F1:0.8761
INFO:__main__:验证的best_acc:0.9362
INFO:__main__:----------------------------------------------------------------------------------------------------
INFO:__main__:
【train】epoch:138/150 loss:0.0599 acc:0.9771
INFO:__main__:
【val】epoch:138/150 loss:0.2348 acc:0.9250
INFO:__main__:
【Val】:  SENS: 0.8312  SPEC: 0.9631  PPV: 0.9014  NPV: 0.9336 F1:0.8649
INFO:__main__:验证的best_acc:0.9362
INFO:__main__:----------------------------------------------------------------------------------------------------
INFO:__main__:
【train】epoch:139/150 loss:0.0587 acc:0.9774
INFO:__main__:
【val】epoch:139/150 loss:0.2304 acc:0.9287
INFO:__main__:
【Val】:  SENS: 0.8312  SPEC: 0.9684  PPV: 0.9143  NPV: 0.9339 F1:0.8707
INFO:__main__:验证的best_acc:0.9362
INFO:__main__:----------------------------------------------------------------------------------------------------
INFO:__main__:
【train】epoch:140/150 loss:0.0584 acc:0.9772
INFO:__main__:
【val】epoch:140/150 loss:0.2233 acc:0.9262
INFO:__main__:
【Val】:  SENS: 0.8485  SPEC: 0.9578  PPV: 0.8909  NPV: 0.9397 F1:0.8692
INFO:__main__:验证的best_acc:0.9362
INFO:__main__:----------------------------------------------------------------------------------------------------
INFO:__main__:
【train】epoch:141/150 loss:0.0533 acc:0.9810
INFO:__main__:
【val】epoch:141/150 loss:0.2262 acc:0.9262
INFO:__main__:
【Val】:  SENS: 0.8528  SPEC: 0.9561  PPV: 0.8874  NPV: 0.9412 F1:0.8698
INFO:__main__:验证的best_acc:0.9362
INFO:__main__:----------------------------------------------------------------------------------------------------
INFO:__main__:
【train】epoch:142/150 loss:0.0603 acc:0.9795
INFO:__main__:
【val】epoch:142/150 loss:0.2074 acc:0.9287
INFO:__main__:
【Val】:  SENS: 0.8658  SPEC: 0.9543  PPV: 0.8850  NPV: 0.9460 F1:0.8753
INFO:__main__:验证的best_acc:0.9362
INFO:__main__:----------------------------------------------------------------------------------------------------
INFO:__main__:
【train】epoch:143/150 loss:0.0583 acc:0.9784
INFO:__main__:
【val】epoch:143/150 loss:0.2207 acc:0.9250
INFO:__main__:
【Val】:  SENS: 0.8442  SPEC: 0.9578  PPV: 0.8904  NPV: 0.9380 F1:0.8667
INFO:__main__:验证的best_acc:0.9362
INFO:__main__:----------------------------------------------------------------------------------------------------
INFO:__main__:
【train】epoch:144/150 loss:0.0563 acc:0.9792
INFO:__main__:
【val】epoch:144/150 loss:0.2145 acc:0.9312
INFO:__main__:
【Val】:  SENS: 0.8615  SPEC: 0.9596  PPV: 0.8964  NPV: 0.9446 F1:0.8786
INFO:__main__:验证的best_acc:0.9362
INFO:__main__:----------------------------------------------------------------------------------------------------
INFO:__main__:
【train】epoch:145/150 loss:0.0546 acc:0.9775
INFO:__main__:
【val】epoch:145/150 loss:0.2120 acc:0.9212
INFO:__main__:
【Val】:  SENS: 0.8398  SPEC: 0.9543  PPV: 0.8818  NPV: 0.9362 F1:0.8603
INFO:__main__:验证的best_acc:0.9362
INFO:__main__:----------------------------------------------------------------------------------------------------
INFO:__main__:
【train】epoch:146/150 loss:0.0532 acc:0.9796
INFO:__main__:
【val】epoch:146/150 loss:0.2354 acc:0.9212
INFO:__main__:
【Val】:  SENS: 0.8355  SPEC: 0.9561  PPV: 0.8853  NPV: 0.9347 F1:0.8597
INFO:__main__:验证的best_acc:0.9362
INFO:__main__:----------------------------------------------------------------------------------------------------
INFO:__main__:
【train】epoch:147/150 loss:0.0564 acc:0.9793
INFO:__main__:
【val】epoch:147/150 loss:0.2265 acc:0.9225
INFO:__main__:
【Val】:  SENS: 0.8571  SPEC: 0.9490  PPV: 0.8722  NPV: 0.9424 F1:0.8646
INFO:__main__:验证的best_acc:0.9362
INFO:__main__:----------------------------------------------------------------------------------------------------
INFO:__main__:
【train】epoch:148/150 loss:0.0583 acc:0.9801
INFO:__main__:
【val】epoch:148/150 loss:0.2224 acc:0.9300
INFO:__main__:
【Val】:  SENS: 0.8745  SPEC: 0.9525  PPV: 0.8821  NPV: 0.9492 F1:0.8783
INFO:__main__:验证的best_acc:0.9362
INFO:__main__:----------------------------------------------------------------------------------------------------
INFO:__main__:
【train】epoch:149/150 loss:0.0505 acc:0.9828
INFO:__main__:
【val】epoch:149/150 loss:0.2114 acc:0.9250
INFO:__main__:
【Val】:  SENS: 0.8788  SPEC: 0.9438  PPV: 0.8638  NPV: 0.9504 F1:0.8712
INFO:__main__:验证的best_acc:0.9362
INFO:__main__:----------------------------------------------------------------------------------------------------
INFO:__main__:****************************************************************************************************
INFO:__main__:Val_LOSS:['0.5243', '0.4868', '0.4397', '0.6518', '0.4573', '0.4842', '0.4907', '0.6689', '0.4681', '0.2823', '0.3228', '0.3299', '0.3759', '0.3022', '0.2532', '0.2608', '0.2826', '0.2345', '0.2589', '0.2955', '0.2395', '0.2369', '0.2186', '0.2371', '0.2174', '0.2190', '0.2332', '0.2150', '0.2385', '0.2618', '0.2243', '0.2251', '0.2332', '0.2368', '0.2311', '0.2287', '0.2210', '0.2215', '0.2827', '0.2081', '0.2081', '0.2245', '0.2469', '0.2107', '0.2339', '0.2252', '0.2152', '0.2044', '0.2428', '0.2291', '0.2309', '0.2136', '0.2204', '0.2107', '0.2082', '0.2327', '0.2059', '0.2484', '0.2068', '0.1960', '0.2356', '0.2147', '0.2380', '0.2044', '0.1936', '0.2229', '0.2151', '0.2145', '0.2131', '0.1864', '0.2097', '0.2382', '0.2146', '0.2033', '0.2338', '0.2244', '0.2370', '0.2101', '0.2061', '0.2060', '0.2220', '0.2444', '0.2232', '0.2394', '0.2518', '0.2014', '0.2226', '0.2520', '0.2239', '0.1947', '0.2039', '0.2346', '0.1805', '0.2313', '0.2330', '0.2041', '0.2303', '0.2170', '0.2254', '0.2129', '0.2348', '0.2079', '0.2212', '0.2266', '0.2249', '0.2330', '0.2274', '0.2386', '0.1978', '0.2441', '0.1997', '0.2113', '0.2494', '0.2108', '0.2119', '0.2142', '0.2252', '0.2445', '0.2137', '0.2135', '0.2240', '0.2290', '0.2101', '0.1901', '0.2053', '0.2083', '0.2369', '0.2175', '0.2149', '0.2180', '0.2147', '0.2421', '0.2254', '0.2258', '0.2196', '0.2295', '0.2430', '0.2300', '0.2348', '0.2304', '0.2233', '0.2262', '0.2074', '0.2207', '0.2145', '0.2120', '0.2354', '0.2265', '0.2224', '0.2114']
INFO:__main__:Val_ACC:['0.7050', '0.7588', '0.7763', '0.6575', '0.7588', '0.7525', '0.7437', '0.6775', '0.7825', '0.8662', '0.8500', '0.8388', '0.8238', '0.8675', '0.8800', '0.8813', '0.8700', '0.8913', '0.8737', '0.8575', '0.8925', '0.9125', '0.9100', '0.8925', '0.9112', '0.8988', '0.8988', '0.9050', '0.8913', '0.8888', '0.9062', '0.9038', '0.9025', '0.8950', '0.8963', '0.9013', '0.9062', '0.9112', '0.8863', '0.9050', '0.9013', '0.9137', '0.9000', '0.9087', '0.9125', '0.9125', '0.9100', '0.9125', '0.9050', '0.9112', '0.9062', '0.9137', '0.9087', '0.9150', '0.9200', '0.9013', '0.9025', '0.9075', '0.9162', '0.9262', '0.9100', '0.9175', '0.9187', '0.9237', '0.9212', '0.9187', '0.9137', '0.9150', '0.9187', '0.9250', '0.9162', '0.9175', '0.9175', '0.9250', '0.9225', '0.9237', '0.9212', '0.9212', '0.9125', '0.9262', '0.9200', '0.9250', '0.9250', '0.9187', '0.9150', '0.9250', '0.9200', '0.9162', '0.9162', '0.9175', '0.9112', '0.9262', '0.9325', '0.9262', '0.9175', '0.9237', '0.9212', '0.9262', '0.9250', '0.9275', '0.9225', '0.9250', '0.9225', '0.9225', '0.9262', '0.9212', '0.9212', '0.9250', '0.9300', '0.9200', '0.9325', '0.9262', '0.9212', '0.9237', '0.9237', '0.9262', '0.9287', '0.9262', '0.9275', '0.9250', '0.9225', '0.9312', '0.9312', '0.9362', '0.9250', '0.9262', '0.9212', '0.9212', '0.9237', '0.9250', '0.9225', '0.9237', '0.9250', '0.9237', '0.9225', '0.9187', '0.9150', '0.9300', '0.9250', '0.9287', '0.9262', '0.9262', '0.9287', '0.9250', '0.9312', '0.9212', '0.9212', '0.9225', '0.9300', '0.9250']
INFO:__main__:****************************************************************************************************
INFO:__main__: epoch0 测试test_Loss: 0.3215  test_ACC: 0.9246  
INFO:__main__:SENS: 0.8785 SPEC: 0.9440 PPV: 0.8680 NPV: 0.9488 F1:0.8732
INFO:__main__:test_Best_acc:0.9246
INFO:__main__:flops:413867584.0  params:4010110.0
INFO:__main__:处理速度:214.17张图像/秒
