INFO:__main__:
【train】epoch:0/100 loss:0.6459 acc:0.6349
INFO:__main__:
【val】epoch:0/100 loss:0.6458 acc:0.6281
INFO:__main__:
【Val】:  SENS: 0.7120  SPEC: 0.5744  PPV: 0.5174  NPV: 0.7568
INFO:__main__:验证的best_acc:0.6281
INFO:__main__:----------------------------------------------------------------------------------------------------
INFO:__main__:
【train】epoch:0/100 loss:0.6459 acc:0.6349
INFO:__main__:
【val】epoch:0/100 loss:0.6458 acc:0.6281
INFO:__main__:
【Val】:  SENS: 0.7120  SPEC: 0.5744  PPV: 0.5174  NPV: 0.7568
INFO:__main__:验证的best_acc:0.6281
INFO:__main__:----------------------------------------------------------------------------------------------------
INFO:__main__:
【train】epoch:0/100 loss:0.6459 acc:0.6349
INFO:__main__:
【val】epoch:0/100 loss:0.6458 acc:0.6281
INFO:__main__:
【Val】:  SENS: 0.7120  SPEC: 0.5744  PPV: 0.5174  NPV: 0.7568
INFO:__main__:验证的best_acc:0.6281
INFO:__main__:----------------------------------------------------------------------------------------------------
INFO:__main__:
【train】epoch:1/100 loss:0.5712 acc:0.6984
INFO:__main__:
【val】epoch:1/100 loss:0.6286 acc:0.6656
INFO:__main__:
【Val】:  SENS: 0.3040  SPEC: 0.8974  PPV: 0.6552  NPV: 0.6679
INFO:__main__:验证的best_acc:0.6656
INFO:__main__:----------------------------------------------------------------------------------------------------
INFO:__main__:
【train】epoch:2/100 loss:0.5275 acc:0.7368
INFO:__main__:
【val】epoch:2/100 loss:0.8343 acc:0.6781
INFO:__main__:
【Val】:  SENS: 0.4080  SPEC: 0.8513  PPV: 0.6375  NPV: 0.6917
INFO:__main__:验证的best_acc:0.6781
INFO:__main__:----------------------------------------------------------------------------------------------------
INFO:__main__:
【train】epoch:3/100 loss:0.4804 acc:0.7750
INFO:__main__:
【val】epoch:3/100 loss:0.5394 acc:0.7484
INFO:__main__:
【Val】:  SENS: 0.4040  SPEC: 0.9692  PPV: 0.8938  NPV: 0.7173
INFO:__main__:验证的best_acc:0.7484
INFO:__main__:----------------------------------------------------------------------------------------------------
INFO:__main__:
【train】epoch:4/100 loss:0.4364 acc:0.7968
INFO:__main__:
【val】epoch:4/100 loss:0.4182 acc:0.8047
INFO:__main__:
【Val】:  SENS: 0.6000  SPEC: 0.9359  PPV: 0.8571  NPV: 0.7849
INFO:__main__:验证的best_acc:0.8047
INFO:__main__:----------------------------------------------------------------------------------------------------
INFO:__main__:
【train】epoch:5/100 loss:0.4198 acc:0.8100
INFO:__main__:
【val】epoch:5/100 loss:0.3480 acc:0.8344
INFO:__main__:
【Val】:  SENS: 0.6880  SPEC: 0.9282  PPV: 0.8600  NPV: 0.8227
INFO:__main__:验证的best_acc:0.8344
INFO:__main__:----------------------------------------------------------------------------------------------------
INFO:__main__:
【train】epoch:6/100 loss:0.3854 acc:0.8265
INFO:__main__:
【val】epoch:6/100 loss:0.3972 acc:0.8188
INFO:__main__:
【Val】:  SENS: 0.6720  SPEC: 0.9128  PPV: 0.8317  NPV: 0.8128
INFO:__main__:验证的best_acc:0.8344
INFO:__main__:----------------------------------------------------------------------------------------------------
INFO:__main__:
【train】epoch:7/100 loss:0.3721 acc:0.8356
INFO:__main__:
【val】epoch:7/100 loss:0.5404 acc:0.7703
INFO:__main__:
【Val】:  SENS: 0.4320  SPEC: 0.9872  PPV: 0.9558  NPV: 0.7306
INFO:__main__:验证的best_acc:0.8344
INFO:__main__:----------------------------------------------------------------------------------------------------
INFO:__main__:
【train】epoch:8/100 loss:0.3626 acc:0.8414
INFO:__main__:
【val】epoch:8/100 loss:0.3726 acc:0.8406
INFO:__main__:
【Val】:  SENS: 0.6840  SPEC: 0.9410  PPV: 0.8814  NPV: 0.8229
INFO:__main__:验证的best_acc:0.8406
INFO:__main__:----------------------------------------------------------------------------------------------------
INFO:__main__:
【train】epoch:9/100 loss:0.3453 acc:0.8494
INFO:__main__:
【val】epoch:9/100 loss:2.4000 acc:0.6859
INFO:__main__:
【Val】:  SENS: 0.2160  SPEC: 0.9872  PPV: 0.9153  NPV: 0.6627
INFO:__main__:验证的best_acc:0.8406
INFO:__main__:----------------------------------------------------------------------------------------------------
INFO:__main__:
【train】epoch:10/100 loss:0.3276 acc:0.8587
INFO:__main__:
【val】epoch:10/100 loss:0.3841 acc:0.8266
INFO:__main__:
【Val】:  SENS: 0.6440  SPEC: 0.9436  PPV: 0.8798  NPV: 0.8053
INFO:__main__:验证的best_acc:0.8406
INFO:__main__:----------------------------------------------------------------------------------------------------
INFO:__main__:
【train】epoch:11/100 loss:0.3237 acc:0.8597
INFO:__main__:
【val】epoch:11/100 loss:0.3762 acc:0.8438
INFO:__main__:
【Val】:  SENS: 0.7480  SPEC: 0.9051  PPV: 0.8348  NPV: 0.8486
INFO:__main__:验证的best_acc:0.8438
INFO:__main__:----------------------------------------------------------------------------------------------------
INFO:__main__:
【train】epoch:12/100 loss:0.3131 acc:0.8645
INFO:__main__:
【val】epoch:12/100 loss:0.3205 acc:0.8609
INFO:__main__:
【Val】:  SENS: 0.8880  SPEC: 0.8436  PPV: 0.7845  NPV: 0.9216
INFO:__main__:验证的best_acc:0.8609
INFO:__main__:----------------------------------------------------------------------------------------------------
INFO:__main__:
【train】epoch:13/100 loss:0.3050 acc:0.8651
INFO:__main__:
【val】epoch:13/100 loss:0.2987 acc:0.8781
INFO:__main__:
【Val】:  SENS: 0.8320  SPEC: 0.9077  PPV: 0.8525  NPV: 0.8939
INFO:__main__:验证的best_acc:0.8781
INFO:__main__:----------------------------------------------------------------------------------------------------
INFO:__main__:
【train】epoch:14/100 loss:0.3010 acc:0.8651
INFO:__main__:
【val】epoch:14/100 loss:0.3273 acc:0.8578
INFO:__main__:
【Val】:  SENS: 0.7120  SPEC: 0.9513  PPV: 0.9036  NPV: 0.8375
INFO:__main__:验证的best_acc:0.8781
INFO:__main__:----------------------------------------------------------------------------------------------------
INFO:__main__:
【train】epoch:15/100 loss:0.2961 acc:0.8746
INFO:__main__:
【val】epoch:15/100 loss:0.4192 acc:0.8438
INFO:__main__:
【Val】:  SENS: 0.7520  SPEC: 0.9026  PPV: 0.8319  NPV: 0.8502
INFO:__main__:验证的best_acc:0.8781
INFO:__main__:----------------------------------------------------------------------------------------------------
INFO:__main__:
【train】epoch:16/100 loss:0.2927 acc:0.8787
INFO:__main__:
【val】epoch:16/100 loss:0.3421 acc:0.8641
INFO:__main__:
【Val】:  SENS: 0.7720  SPEC: 0.9231  PPV: 0.8655  NPV: 0.8633
INFO:__main__:验证的best_acc:0.8781
INFO:__main__:----------------------------------------------------------------------------------------------------
INFO:__main__:
【train】epoch:17/100 loss:0.2811 acc:0.8773
INFO:__main__:
【val】epoch:17/100 loss:0.3256 acc:0.8562
INFO:__main__:
【Val】:  SENS: 0.8880  SPEC: 0.8359  PPV: 0.7762  NPV: 0.9209
INFO:__main__:验证的best_acc:0.8781
INFO:__main__:----------------------------------------------------------------------------------------------------
INFO:__main__:
【train】epoch:18/100 loss:0.2743 acc:0.8833
INFO:__main__:
【val】epoch:18/100 loss:0.3905 acc:0.8422
INFO:__main__:
【Val】:  SENS: 0.7560  SPEC: 0.8974  PPV: 0.8253  NPV: 0.8516
INFO:__main__:验证的best_acc:0.8781
INFO:__main__:----------------------------------------------------------------------------------------------------
INFO:__main__:
【train】epoch:19/100 loss:0.2650 acc:0.8917
INFO:__main__:
【val】epoch:19/100 loss:0.3356 acc:0.8531
INFO:__main__:
【Val】:  SENS: 0.9320  SPEC: 0.8026  PPV: 0.7516  NPV: 0.9485
INFO:__main__:验证的best_acc:0.8781
INFO:__main__:----------------------------------------------------------------------------------------------------
INFO:__main__:
【train】epoch:20/100 loss:0.2544 acc:0.8952
INFO:__main__:
【val】epoch:20/100 loss:0.3355 acc:0.8578
INFO:__main__:
【Val】:  SENS: 0.9160  SPEC: 0.8205  PPV: 0.7659  NPV: 0.9384
INFO:__main__:验证的best_acc:0.8781
INFO:__main__:----------------------------------------------------------------------------------------------------
INFO:__main__:
【train】epoch:21/100 loss:0.2538 acc:0.8898
INFO:__main__:
【val】epoch:21/100 loss:0.3326 acc:0.8672
INFO:__main__:
【Val】:  SENS: 0.9080  SPEC: 0.8410  PPV: 0.7855  NPV: 0.9345
INFO:__main__:验证的best_acc:0.8781
INFO:__main__:----------------------------------------------------------------------------------------------------
INFO:__main__:
【train】epoch:22/100 loss:0.2553 acc:0.8929
INFO:__main__:
【val】epoch:22/100 loss:0.3050 acc:0.8766
INFO:__main__:
【Val】:  SENS: 0.8080  SPEC: 0.9205  PPV: 0.8670  NPV: 0.8821
INFO:__main__:验证的best_acc:0.8781
INFO:__main__:----------------------------------------------------------------------------------------------------
INFO:__main__:
【train】epoch:23/100 loss:0.2557 acc:0.8946
INFO:__main__:
【val】epoch:23/100 loss:0.3521 acc:0.8625
INFO:__main__:
【Val】:  SENS: 0.8680  SPEC: 0.8590  PPV: 0.7978  NPV: 0.9103
INFO:__main__:验证的best_acc:0.8781
INFO:__main__:----------------------------------------------------------------------------------------------------
INFO:__main__:
【train】epoch:24/100 loss:0.2355 acc:0.9041
INFO:__main__:
【val】epoch:24/100 loss:0.2804 acc:0.8891
INFO:__main__:
【Val】:  SENS: 0.8360  SPEC: 0.9231  PPV: 0.8745  NPV: 0.8978
INFO:__main__:验证的best_acc:0.8891
INFO:__main__:----------------------------------------------------------------------------------------------------
INFO:__main__:
【train】epoch:25/100 loss:0.2432 acc:0.9004
INFO:__main__:
【val】epoch:25/100 loss:0.3261 acc:0.8859
INFO:__main__:
【Val】:  SENS: 0.7800  SPEC: 0.9538  PPV: 0.9155  NPV: 0.8712
INFO:__main__:验证的best_acc:0.8891
INFO:__main__:----------------------------------------------------------------------------------------------------
INFO:__main__:
【train】epoch:26/100 loss:0.2317 acc:0.9014
INFO:__main__:
【val】epoch:26/100 loss:0.3319 acc:0.8922
INFO:__main__:
【Val】:  SENS: 0.8200  SPEC: 0.9385  PPV: 0.8952  NPV: 0.8905
INFO:__main__:验证的best_acc:0.8922
INFO:__main__:----------------------------------------------------------------------------------------------------
INFO:__main__:
【train】epoch:27/100 loss:0.2279 acc:0.9047
INFO:__main__:
【val】epoch:27/100 loss:0.2869 acc:0.8938
INFO:__main__:
【Val】:  SENS: 0.8920  SPEC: 0.8949  PPV: 0.8447  NPV: 0.9282
INFO:__main__:验证的best_acc:0.8938
INFO:__main__:----------------------------------------------------------------------------------------------------
INFO:__main__:
【train】epoch:28/100 loss:0.2274 acc:0.9059
INFO:__main__:
【val】epoch:28/100 loss:0.8451 acc:0.7891
INFO:__main__:
【Val】:  SENS: 0.5160  SPEC: 0.9641  PPV: 0.9021  NPV: 0.7565
INFO:__main__:验证的best_acc:0.8938
INFO:__main__:----------------------------------------------------------------------------------------------------
INFO:__main__:
【train】epoch:29/100 loss:0.2098 acc:0.9109
INFO:__main__:
【val】epoch:29/100 loss:0.3438 acc:0.8734
INFO:__main__:
【Val】:  SENS: 0.8480  SPEC: 0.8897  PPV: 0.8314  NPV: 0.9013
INFO:__main__:验证的best_acc:0.8938
INFO:__main__:----------------------------------------------------------------------------------------------------
INFO:__main__:
【train】epoch:30/100 loss:0.2109 acc:0.9113
INFO:__main__:
【val】epoch:30/100 loss:0.3222 acc:0.8797
INFO:__main__:
【Val】:  SENS: 0.9160  SPEC: 0.8564  PPV: 0.8035  NPV: 0.9408
INFO:__main__:验证的best_acc:0.8938
INFO:__main__:----------------------------------------------------------------------------------------------------
INFO:__main__:
【train】epoch:31/100 loss:0.2015 acc:0.9169
INFO:__main__:
【val】epoch:31/100 loss:0.2817 acc:0.8906
INFO:__main__:
【Val】:  SENS: 0.9000  SPEC: 0.8846  PPV: 0.8333  NPV: 0.9324
INFO:__main__:验证的best_acc:0.8938
INFO:__main__:----------------------------------------------------------------------------------------------------
INFO:__main__:
【train】epoch:32/100 loss:0.1969 acc:0.9191
INFO:__main__:
【val】epoch:32/100 loss:0.2884 acc:0.8984
INFO:__main__:
【Val】:  SENS: 0.8960  SPEC: 0.9000  PPV: 0.8517  NPV: 0.9310
INFO:__main__:验证的best_acc:0.8984
INFO:__main__:----------------------------------------------------------------------------------------------------
INFO:__main__:
【train】epoch:33/100 loss:0.2055 acc:0.9158
INFO:__main__:
【val】epoch:33/100 loss:0.2952 acc:0.8891
INFO:__main__:
【Val】:  SENS: 0.8920  SPEC: 0.8872  PPV: 0.8352  NPV: 0.9276
INFO:__main__:验证的best_acc:0.8984
INFO:__main__:----------------------------------------------------------------------------------------------------
INFO:__main__:
【train】epoch:34/100 loss:0.1929 acc:0.9196
INFO:__main__:
【val】epoch:34/100 loss:0.3497 acc:0.8813
INFO:__main__:
【Val】:  SENS: 0.8760  SPEC: 0.8846  PPV: 0.8295  NPV: 0.9176
INFO:__main__:验证的best_acc:0.8984
INFO:__main__:----------------------------------------------------------------------------------------------------
INFO:__main__:
【train】epoch:35/100 loss:0.1926 acc:0.9239
INFO:__main__:
【val】epoch:35/100 loss:0.3022 acc:0.8906
INFO:__main__:
【Val】:  SENS: 0.8640  SPEC: 0.9077  PPV: 0.8571  NPV: 0.9124
INFO:__main__:验证的best_acc:0.8984
INFO:__main__:----------------------------------------------------------------------------------------------------
INFO:__main__:
【train】epoch:36/100 loss:0.1959 acc:0.9212
INFO:__main__:
【val】epoch:36/100 loss:0.3177 acc:0.8891
INFO:__main__:
【Val】:  SENS: 0.8880  SPEC: 0.8897  PPV: 0.8377  NPV: 0.9253
INFO:__main__:验证的best_acc:0.8984
INFO:__main__:----------------------------------------------------------------------------------------------------
INFO:__main__:
【train】epoch:37/100 loss:0.1895 acc:0.9202
INFO:__main__:
【val】epoch:37/100 loss:0.3129 acc:0.8984
INFO:__main__:
【Val】:  SENS: 0.9280  SPEC: 0.8795  PPV: 0.8315  NPV: 0.9501
INFO:__main__:验证的best_acc:0.8984
INFO:__main__:----------------------------------------------------------------------------------------------------
INFO:__main__:
【train】epoch:38/100 loss:0.1869 acc:0.9249
INFO:__main__:
【val】epoch:38/100 loss:0.3573 acc:0.8891
INFO:__main__:
【Val】:  SENS: 0.8840  SPEC: 0.8923  PPV: 0.8403  NPV: 0.9231
INFO:__main__:验证的best_acc:0.8984
INFO:__main__:----------------------------------------------------------------------------------------------------
INFO:__main__:
【train】epoch:39/100 loss:0.1785 acc:0.9280
INFO:__main__:
【val】epoch:39/100 loss:0.3159 acc:0.8766
INFO:__main__:
【Val】:  SENS: 0.9000  SPEC: 0.8615  PPV: 0.8065  NPV: 0.9307
INFO:__main__:验证的best_acc:0.8984
INFO:__main__:----------------------------------------------------------------------------------------------------
INFO:__main__:
【train】epoch:40/100 loss:0.1695 acc:0.9359
INFO:__main__:
【val】epoch:40/100 loss:0.3641 acc:0.8875
INFO:__main__:
【Val】:  SENS: 0.8920  SPEC: 0.8846  PPV: 0.8321  NPV: 0.9274
INFO:__main__:验证的best_acc:0.8984
INFO:__main__:----------------------------------------------------------------------------------------------------
INFO:__main__:
【train】epoch:41/100 loss:0.1723 acc:0.9309
INFO:__main__:
【val】epoch:41/100 loss:0.3099 acc:0.9031
INFO:__main__:
【Val】:  SENS: 0.8720  SPEC: 0.9231  PPV: 0.8790  NPV: 0.9184
INFO:__main__:验证的best_acc:0.9031
INFO:__main__:----------------------------------------------------------------------------------------------------
INFO:__main__:
【train】epoch:42/100 loss:0.1607 acc:0.9338
INFO:__main__:
【val】epoch:42/100 loss:0.3505 acc:0.8781
INFO:__main__:
【Val】:  SENS: 0.9040  SPEC: 0.8615  PPV: 0.8071  NPV: 0.9333
INFO:__main__:验证的best_acc:0.9031
INFO:__main__:----------------------------------------------------------------------------------------------------
INFO:__main__:
【train】epoch:43/100 loss:0.1665 acc:0.9342
INFO:__main__:
【val】epoch:43/100 loss:0.3061 acc:0.8906
INFO:__main__:
【Val】:  SENS: 0.8480  SPEC: 0.9179  PPV: 0.8689  NPV: 0.9040
INFO:__main__:验证的best_acc:0.9031
INFO:__main__:----------------------------------------------------------------------------------------------------
INFO:__main__:
【train】epoch:44/100 loss:0.1587 acc:0.9342
INFO:__main__:
【val】epoch:44/100 loss:0.2944 acc:0.9141
INFO:__main__:
【Val】:  SENS: 0.9240  SPEC: 0.9077  PPV: 0.8652  NPV: 0.9491
INFO:__main__:验证的best_acc:0.9141
INFO:__main__:----------------------------------------------------------------------------------------------------
INFO:__main__:
【train】epoch:45/100 loss:0.1782 acc:0.9227
INFO:__main__:
【val】epoch:45/100 loss:0.3215 acc:0.8969
INFO:__main__:
【Val】:  SENS: 0.8360  SPEC: 0.9359  PPV: 0.8932  NPV: 0.8990
INFO:__main__:验证的best_acc:0.9141
INFO:__main__:----------------------------------------------------------------------------------------------------
INFO:__main__:
【train】epoch:46/100 loss:0.1728 acc:0.9266
INFO:__main__:
【val】epoch:46/100 loss:0.3461 acc:0.8859
INFO:__main__:
【Val】:  SENS: 0.9000  SPEC: 0.8769  PPV: 0.8242  NPV: 0.9319
INFO:__main__:验证的best_acc:0.9141
INFO:__main__:----------------------------------------------------------------------------------------------------
INFO:__main__:
【train】epoch:47/100 loss:0.1685 acc:0.9309
INFO:__main__:
【val】epoch:47/100 loss:0.3047 acc:0.9047
INFO:__main__:
【Val】:  SENS: 0.8400  SPEC: 0.9462  PPV: 0.9091  NPV: 0.9022
INFO:__main__:验证的best_acc:0.9141
INFO:__main__:----------------------------------------------------------------------------------------------------
INFO:__main__:
【train】epoch:48/100 loss:0.1619 acc:0.9373
INFO:__main__:
【val】epoch:48/100 loss:0.3324 acc:0.8953
INFO:__main__:
【Val】:  SENS: 0.9160  SPEC: 0.8821  PPV: 0.8327  NPV: 0.9425
INFO:__main__:验证的best_acc:0.9141
INFO:__main__:----------------------------------------------------------------------------------------------------
INFO:__main__:
【train】epoch:49/100 loss:0.1619 acc:0.9338
INFO:__main__:
【val】epoch:49/100 loss:0.3059 acc:0.8922
INFO:__main__:
【Val】:  SENS: 0.9080  SPEC: 0.8821  PPV: 0.8315  NPV: 0.9373
INFO:__main__:验证的best_acc:0.9141
INFO:__main__:----------------------------------------------------------------------------------------------------
INFO:__main__:
【train】epoch:50/100 loss:0.1499 acc:0.9394
INFO:__main__:
【val】epoch:50/100 loss:0.3013 acc:0.8969
INFO:__main__:
【Val】:  SENS: 0.8960  SPEC: 0.8974  PPV: 0.8485  NPV: 0.9309
INFO:__main__:验证的best_acc:0.9141
INFO:__main__:----------------------------------------------------------------------------------------------------
INFO:__main__:
【train】epoch:51/100 loss:0.1487 acc:0.9408
INFO:__main__:
【val】epoch:51/100 loss:0.2870 acc:0.9016
INFO:__main__:
【Val】:  SENS: 0.9040  SPEC: 0.9000  PPV: 0.8528  NPV: 0.9360
INFO:__main__:验证的best_acc:0.9141
INFO:__main__:----------------------------------------------------------------------------------------------------
INFO:__main__:
【train】epoch:52/100 loss:0.1382 acc:0.9412
INFO:__main__:
【val】epoch:52/100 loss:0.3329 acc:0.8969
INFO:__main__:
【Val】:  SENS: 0.8600  SPEC: 0.9205  PPV: 0.8740  NPV: 0.9112
INFO:__main__:验证的best_acc:0.9141
INFO:__main__:----------------------------------------------------------------------------------------------------
INFO:__main__:
【train】epoch:53/100 loss:0.1405 acc:0.9420
INFO:__main__:
【val】epoch:53/100 loss:0.3577 acc:0.8891
INFO:__main__:
【Val】:  SENS: 0.8920  SPEC: 0.8872  PPV: 0.8352  NPV: 0.9276
INFO:__main__:验证的best_acc:0.9141
INFO:__main__:----------------------------------------------------------------------------------------------------
INFO:__main__:
【train】epoch:54/100 loss:0.1357 acc:0.9462
INFO:__main__:
【val】epoch:54/100 loss:0.3153 acc:0.9000
INFO:__main__:
【Val】:  SENS: 0.8680  SPEC: 0.9205  PPV: 0.8750  NPV: 0.9158
INFO:__main__:验证的best_acc:0.9141
INFO:__main__:----------------------------------------------------------------------------------------------------
INFO:__main__:
【train】epoch:55/100 loss:0.1412 acc:0.9443
INFO:__main__:
【val】epoch:55/100 loss:0.3266 acc:0.8984
INFO:__main__:
【Val】:  SENS: 0.8640  SPEC: 0.9205  PPV: 0.8745  NPV: 0.9135
INFO:__main__:验证的best_acc:0.9141
INFO:__main__:----------------------------------------------------------------------------------------------------
INFO:__main__:
【train】epoch:56/100 loss:0.1342 acc:0.9466
INFO:__main__:
【val】epoch:56/100 loss:0.3430 acc:0.9078
INFO:__main__:
【Val】:  SENS: 0.9120  SPEC: 0.9051  PPV: 0.8604  NPV: 0.9413
INFO:__main__:验证的best_acc:0.9141
INFO:__main__:----------------------------------------------------------------------------------------------------
INFO:__main__:
【train】epoch:57/100 loss:0.1426 acc:0.9435
INFO:__main__:
【val】epoch:57/100 loss:0.3039 acc:0.8953
INFO:__main__:
【Val】:  SENS: 0.9200  SPEC: 0.8795  PPV: 0.8303  NPV: 0.9449
INFO:__main__:验证的best_acc:0.9141
INFO:__main__:----------------------------------------------------------------------------------------------------
INFO:__main__:
【train】epoch:58/100 loss:0.1314 acc:0.9468
INFO:__main__:
【val】epoch:58/100 loss:0.3168 acc:0.9078
INFO:__main__:
【Val】:  SENS: 0.9360  SPEC: 0.8897  PPV: 0.8448  NPV: 0.9559
INFO:__main__:验证的best_acc:0.9141
INFO:__main__:----------------------------------------------------------------------------------------------------
INFO:__main__:
【train】epoch:59/100 loss:0.1321 acc:0.9491
INFO:__main__:
【val】epoch:59/100 loss:0.3386 acc:0.8922
INFO:__main__:
【Val】:  SENS: 0.9160  SPEC: 0.8769  PPV: 0.8267  NPV: 0.9421
INFO:__main__:验证的best_acc:0.9141
INFO:__main__:----------------------------------------------------------------------------------------------------
INFO:__main__:
【train】epoch:60/100 loss:0.1248 acc:0.9515
INFO:__main__:
【val】epoch:60/100 loss:0.2946 acc:0.9047
INFO:__main__:
【Val】:  SENS: 0.9040  SPEC: 0.9051  PPV: 0.8593  NPV: 0.9363
INFO:__main__:验证的best_acc:0.9141
INFO:__main__:----------------------------------------------------------------------------------------------------
INFO:__main__:
【train】epoch:61/100 loss:0.1220 acc:0.9528
INFO:__main__:
【val】epoch:61/100 loss:0.3197 acc:0.9109
INFO:__main__:
【Val】:  SENS: 0.8920  SPEC: 0.9231  PPV: 0.8814  NPV: 0.9302
INFO:__main__:验证的best_acc:0.9141
INFO:__main__:----------------------------------------------------------------------------------------------------
INFO:__main__:
【train】epoch:62/100 loss:0.1232 acc:0.9490
INFO:__main__:
【val】epoch:62/100 loss:0.2895 acc:0.9109
INFO:__main__:
【Val】:  SENS: 0.9040  SPEC: 0.9154  PPV: 0.8726  NPV: 0.9370
INFO:__main__:验证的best_acc:0.9141
INFO:__main__:----------------------------------------------------------------------------------------------------
INFO:__main__:
【train】epoch:63/100 loss:0.1236 acc:0.9507
INFO:__main__:
【val】epoch:63/100 loss:0.2931 acc:0.9172
INFO:__main__:
【Val】:  SENS: 0.9200  SPEC: 0.9154  PPV: 0.8745  NPV: 0.9469
INFO:__main__:验证的best_acc:0.9172
INFO:__main__:----------------------------------------------------------------------------------------------------
INFO:__main__:
【train】epoch:64/100 loss:0.1198 acc:0.9532
INFO:__main__:
【val】epoch:64/100 loss:0.3220 acc:0.9156
INFO:__main__:
【Val】:  SENS: 0.8840  SPEC: 0.9359  PPV: 0.8984  NPV: 0.9264
INFO:__main__:验证的best_acc:0.9172
INFO:__main__:----------------------------------------------------------------------------------------------------
INFO:__main__:
【train】epoch:65/100 loss:0.1265 acc:0.9511
INFO:__main__:
【val】epoch:65/100 loss:0.3188 acc:0.9000
INFO:__main__:
【Val】:  SENS: 0.8920  SPEC: 0.9051  PPV: 0.8577  NPV: 0.9289
INFO:__main__:验证的best_acc:0.9172
INFO:__main__:----------------------------------------------------------------------------------------------------
INFO:__main__:
【train】epoch:66/100 loss:0.1138 acc:0.9556
INFO:__main__:
【val】epoch:66/100 loss:0.3245 acc:0.9125
INFO:__main__:
【Val】:  SENS: 0.8880  SPEC: 0.9282  PPV: 0.8880  NPV: 0.9282
INFO:__main__:验证的best_acc:0.9172
INFO:__main__:----------------------------------------------------------------------------------------------------
INFO:__main__:
【train】epoch:67/100 loss:0.1163 acc:0.9548
INFO:__main__:
【val】epoch:67/100 loss:0.3298 acc:0.9094
INFO:__main__:
【Val】:  SENS: 0.8840  SPEC: 0.9256  PPV: 0.8840  NPV: 0.9256
INFO:__main__:验证的best_acc:0.9172
INFO:__main__:----------------------------------------------------------------------------------------------------
INFO:__main__:
【train】epoch:68/100 loss:0.1174 acc:0.9563
INFO:__main__:
【val】epoch:68/100 loss:0.3296 acc:0.8922
INFO:__main__:
【Val】:  SENS: 0.9120  SPEC: 0.8795  PPV: 0.8291  NPV: 0.9397
INFO:__main__:验证的best_acc:0.9172
INFO:__main__:----------------------------------------------------------------------------------------------------
INFO:__main__:
【train】epoch:69/100 loss:0.1090 acc:0.9565
INFO:__main__:
【val】epoch:69/100 loss:0.3510 acc:0.9094
INFO:__main__:
【Val】:  SENS: 0.8960  SPEC: 0.9179  PPV: 0.8750  NPV: 0.9323
INFO:__main__:验证的best_acc:0.9172
INFO:__main__:----------------------------------------------------------------------------------------------------
INFO:__main__:
【train】epoch:70/100 loss:0.1123 acc:0.9552
INFO:__main__:
【val】epoch:70/100 loss:0.3286 acc:0.9000
INFO:__main__:
【Val】:  SENS: 0.9000  SPEC: 0.9000  PPV: 0.8523  NPV: 0.9335
INFO:__main__:验证的best_acc:0.9172
INFO:__main__:----------------------------------------------------------------------------------------------------
INFO:__main__:
【train】epoch:71/100 loss:0.0997 acc:0.9612
INFO:__main__:
【val】epoch:71/100 loss:0.3452 acc:0.9047
INFO:__main__:
【Val】:  SENS: 0.9080  SPEC: 0.9026  PPV: 0.8566  NPV: 0.9387
INFO:__main__:验证的best_acc:0.9172
INFO:__main__:----------------------------------------------------------------------------------------------------
INFO:__main__:
【train】epoch:72/100 loss:0.1043 acc:0.9585
INFO:__main__:
【val】epoch:72/100 loss:0.3591 acc:0.8984
INFO:__main__:
【Val】:  SENS: 0.9440  SPEC: 0.8692  PPV: 0.8223  NPV: 0.9603
INFO:__main__:验证的best_acc:0.9172
INFO:__main__:----------------------------------------------------------------------------------------------------
INFO:__main__:
【train】epoch:73/100 loss:0.1047 acc:0.9592
INFO:__main__:
【val】epoch:73/100 loss:0.3539 acc:0.9078
INFO:__main__:
【Val】:  SENS: 0.8840  SPEC: 0.9231  PPV: 0.8805  NPV: 0.9254
INFO:__main__:验证的best_acc:0.9172
INFO:__main__:----------------------------------------------------------------------------------------------------
INFO:__main__:
【train】epoch:74/100 loss:0.1035 acc:0.9596
INFO:__main__:
【val】epoch:74/100 loss:0.3054 acc:0.9141
INFO:__main__:
【Val】:  SENS: 0.9000  SPEC: 0.9231  PPV: 0.8824  NPV: 0.9351
INFO:__main__:验证的best_acc:0.9172
INFO:__main__:----------------------------------------------------------------------------------------------------
INFO:__main__:
【train】epoch:75/100 loss:0.0974 acc:0.9622
INFO:__main__:
【val】epoch:75/100 loss:0.3461 acc:0.9016
INFO:__main__:
【Val】:  SENS: 0.8920  SPEC: 0.9077  PPV: 0.8610  NPV: 0.9291
INFO:__main__:验证的best_acc:0.9172
INFO:__main__:----------------------------------------------------------------------------------------------------
INFO:__main__:
【train】epoch:76/100 loss:0.1005 acc:0.9618
INFO:__main__:
【val】epoch:76/100 loss:0.3902 acc:0.8891
INFO:__main__:
【Val】:  SENS: 0.8760  SPEC: 0.8974  PPV: 0.8456  NPV: 0.9186
INFO:__main__:验证的best_acc:0.9172
INFO:__main__:----------------------------------------------------------------------------------------------------
INFO:__main__:
【train】epoch:77/100 loss:0.0906 acc:0.9668
INFO:__main__:
【val】epoch:77/100 loss:0.3048 acc:0.9094
INFO:__main__:
【Val】:  SENS: 0.8960  SPEC: 0.9179  PPV: 0.8750  NPV: 0.9323
INFO:__main__:验证的best_acc:0.9172
INFO:__main__:----------------------------------------------------------------------------------------------------
INFO:__main__:
【train】epoch:78/100 loss:0.0969 acc:0.9616
INFO:__main__:
【val】epoch:78/100 loss:0.3464 acc:0.9141
INFO:__main__:
【Val】:  SENS: 0.9200  SPEC: 0.9103  PPV: 0.8679  NPV: 0.9467
INFO:__main__:验证的best_acc:0.9172
INFO:__main__:----------------------------------------------------------------------------------------------------
INFO:__main__:
【train】epoch:79/100 loss:0.0982 acc:0.9610
INFO:__main__:
【val】epoch:79/100 loss:0.3782 acc:0.8969
INFO:__main__:
【Val】:  SENS: 0.8200  SPEC: 0.9462  PPV: 0.9071  NPV: 0.8913
INFO:__main__:验证的best_acc:0.9172
INFO:__main__:----------------------------------------------------------------------------------------------------
INFO:__main__:
【train】epoch:80/100 loss:0.0919 acc:0.9637
INFO:__main__:
【val】epoch:80/100 loss:0.3618 acc:0.9078
INFO:__main__:
【Val】:  SENS: 0.8960  SPEC: 0.9154  PPV: 0.8716  NPV: 0.9321
INFO:__main__:验证的best_acc:0.9172
INFO:__main__:----------------------------------------------------------------------------------------------------
INFO:__main__:
【train】epoch:81/100 loss:0.0909 acc:0.9647
INFO:__main__:
【val】epoch:81/100 loss:0.3328 acc:0.9078
INFO:__main__:
【Val】:  SENS: 0.8720  SPEC: 0.9308  PPV: 0.8898  NPV: 0.9190
INFO:__main__:验证的best_acc:0.9172
INFO:__main__:----------------------------------------------------------------------------------------------------
INFO:__main__:
【train】epoch:82/100 loss:0.0952 acc:0.9620
INFO:__main__:
【val】epoch:82/100 loss:0.3442 acc:0.9094
INFO:__main__:
【Val】:  SENS: 0.9160  SPEC: 0.9051  PPV: 0.8609  NPV: 0.9439
INFO:__main__:验证的best_acc:0.9172
INFO:__main__:----------------------------------------------------------------------------------------------------
INFO:__main__:
【train】epoch:83/100 loss:0.0970 acc:0.9620
INFO:__main__:
【val】epoch:83/100 loss:0.3381 acc:0.9016
INFO:__main__:
【Val】:  SENS: 0.8760  SPEC: 0.9179  PPV: 0.8725  NPV: 0.9203
INFO:__main__:验证的best_acc:0.9172
INFO:__main__:----------------------------------------------------------------------------------------------------
INFO:__main__:
【train】epoch:84/100 loss:0.0986 acc:0.9647
INFO:__main__:
【val】epoch:84/100 loss:0.3345 acc:0.9203
INFO:__main__:
【Val】:  SENS: 0.9040  SPEC: 0.9308  PPV: 0.8933  NPV: 0.9380
INFO:__main__:验证的best_acc:0.9203
INFO:__main__:----------------------------------------------------------------------------------------------------
INFO:__main__:
【train】epoch:85/100 loss:0.0952 acc:0.9645
INFO:__main__:
【val】epoch:85/100 loss:0.3376 acc:0.9125
INFO:__main__:
【Val】:  SENS: 0.8760  SPEC: 0.9359  PPV: 0.8975  NPV: 0.9217
INFO:__main__:验证的best_acc:0.9203
INFO:__main__:----------------------------------------------------------------------------------------------------
INFO:__main__:
【train】epoch:86/100 loss:0.0886 acc:0.9678
INFO:__main__:
【val】epoch:86/100 loss:0.4167 acc:0.9016
INFO:__main__:
【Val】:  SENS: 0.8400  SPEC: 0.9410  PPV: 0.9013  NPV: 0.9017
INFO:__main__:验证的best_acc:0.9203
INFO:__main__:----------------------------------------------------------------------------------------------------
INFO:__main__:
【train】epoch:87/100 loss:0.0894 acc:0.9664
INFO:__main__:
【val】epoch:87/100 loss:0.3233 acc:0.9141
INFO:__main__:
【Val】:  SENS: 0.9280  SPEC: 0.9051  PPV: 0.8625  NPV: 0.9515
INFO:__main__:验证的best_acc:0.9203
INFO:__main__:----------------------------------------------------------------------------------------------------
INFO:__main__:
【train】epoch:88/100 loss:0.0856 acc:0.9686
INFO:__main__:
【val】epoch:88/100 loss:0.3530 acc:0.9125
INFO:__main__:
【Val】:  SENS: 0.8760  SPEC: 0.9359  PPV: 0.8975  NPV: 0.9217
INFO:__main__:验证的best_acc:0.9203
INFO:__main__:----------------------------------------------------------------------------------------------------
INFO:__main__:
【train】epoch:89/100 loss:0.0769 acc:0.9728
INFO:__main__:
【val】epoch:89/100 loss:0.3568 acc:0.9109
INFO:__main__:
【Val】:  SENS: 0.8800  SPEC: 0.9308  PPV: 0.8907  NPV: 0.9237
INFO:__main__:验证的best_acc:0.9203
INFO:__main__:----------------------------------------------------------------------------------------------------
INFO:__main__:
【train】epoch:90/100 loss:0.0901 acc:0.9655
INFO:__main__:
【val】epoch:90/100 loss:0.3535 acc:0.9156
INFO:__main__:
【Val】:  SENS: 0.9080  SPEC: 0.9205  PPV: 0.8798  NPV: 0.9398
INFO:__main__:验证的best_acc:0.9203
INFO:__main__:----------------------------------------------------------------------------------------------------
INFO:__main__:
【train】epoch:91/100 loss:0.0785 acc:0.9693
INFO:__main__:
【val】epoch:91/100 loss:0.3237 acc:0.9187
INFO:__main__:
【Val】:  SENS: 0.9120  SPEC: 0.9231  PPV: 0.8837  NPV: 0.9424
INFO:__main__:验证的best_acc:0.9203
INFO:__main__:----------------------------------------------------------------------------------------------------
INFO:__main__:
【train】epoch:92/100 loss:0.0779 acc:0.9691
INFO:__main__:
【val】epoch:92/100 loss:0.3037 acc:0.9172
INFO:__main__:
【Val】:  SENS: 0.8840  SPEC: 0.9385  PPV: 0.9020  NPV: 0.9266
INFO:__main__:验证的best_acc:0.9203
INFO:__main__:----------------------------------------------------------------------------------------------------
INFO:__main__:
【train】epoch:93/100 loss:0.0804 acc:0.9686
INFO:__main__:
【val】epoch:93/100 loss:0.3420 acc:0.9062
INFO:__main__:
【Val】:  SENS: 0.9000  SPEC: 0.9103  PPV: 0.8654  NPV: 0.9342
INFO:__main__:验证的best_acc:0.9203
INFO:__main__:----------------------------------------------------------------------------------------------------
INFO:__main__:
【train】epoch:94/100 loss:0.0776 acc:0.9691
INFO:__main__:
【val】epoch:94/100 loss:0.3426 acc:0.9125
INFO:__main__:
【Val】:  SENS: 0.9040  SPEC: 0.9179  PPV: 0.8760  NPV: 0.9372
INFO:__main__:验证的best_acc:0.9203
INFO:__main__:----------------------------------------------------------------------------------------------------
INFO:__main__:
【train】epoch:95/100 loss:0.0834 acc:0.9670
INFO:__main__:
【val】epoch:95/100 loss:0.3355 acc:0.9062
INFO:__main__:
【Val】:  SENS: 0.8800  SPEC: 0.9231  PPV: 0.8800  NPV: 0.9231
INFO:__main__:验证的best_acc:0.9203
INFO:__main__:----------------------------------------------------------------------------------------------------
INFO:__main__:
【train】epoch:96/100 loss:0.0778 acc:0.9709
INFO:__main__:
【val】epoch:96/100 loss:0.3363 acc:0.9016
INFO:__main__:
【Val】:  SENS: 0.9080  SPEC: 0.8974  PPV: 0.8502  NPV: 0.9383
INFO:__main__:验证的best_acc:0.9203
INFO:__main__:----------------------------------------------------------------------------------------------------
INFO:__main__:
【train】epoch:97/100 loss:0.0769 acc:0.9703
INFO:__main__:
【val】epoch:97/100 loss:0.3444 acc:0.9125
INFO:__main__:
【Val】:  SENS: 0.9120  SPEC: 0.9128  PPV: 0.8702  NPV: 0.9418
INFO:__main__:验证的best_acc:0.9203
INFO:__main__:----------------------------------------------------------------------------------------------------
INFO:__main__:
【train】epoch:98/100 loss:0.0763 acc:0.9693
INFO:__main__:
【val】epoch:98/100 loss:0.3835 acc:0.8984
INFO:__main__:
【Val】:  SENS: 0.8640  SPEC: 0.9205  PPV: 0.8745  NPV: 0.9135
INFO:__main__:验证的best_acc:0.9203
INFO:__main__:----------------------------------------------------------------------------------------------------
INFO:__main__:
【train】epoch:99/100 loss:0.0699 acc:0.9750
INFO:__main__:
【val】epoch:99/100 loss:0.3539 acc:0.9109
INFO:__main__:
【Val】:  SENS: 0.8760  SPEC: 0.9333  PPV: 0.8939  NPV: 0.9215
INFO:__main__:验证的best_acc:0.9203
INFO:__main__:----------------------------------------------------------------------------------------------------
INFO:__main__:****************************************************************************************************
INFO:__main__:Val_LOSS:['0.6458', '0.6286', '0.8343', '0.5394', '0.4182', '0.3480', '0.3972', '0.5404', '0.3726', '2.4000', '0.3841', '0.3762', '0.3205', '0.2987', '0.3273', '0.4192', '0.3421', '0.3256', '0.3905', '0.3356', '0.3355', '0.3326', '0.3050', '0.3521', '0.2804', '0.3261', '0.3319', '0.2869', '0.8451', '0.3438', '0.3222', '0.2817', '0.2884', '0.2952', '0.3497', '0.3022', '0.3177', '0.3129', '0.3573', '0.3159', '0.3641', '0.3099', '0.3505', '0.3061', '0.2944', '0.3215', '0.3461', '0.3047', '0.3324', '0.3059', '0.3013', '0.2870', '0.3329', '0.3577', '0.3153', '0.3266', '0.3430', '0.3039', '0.3168', '0.3386', '0.2946', '0.3197', '0.2895', '0.2931', '0.3220', '0.3188', '0.3245', '0.3298', '0.3296', '0.3510', '0.3286', '0.3452', '0.3591', '0.3539', '0.3054', '0.3461', '0.3902', '0.3048', '0.3464', '0.3782', '0.3618', '0.3328', '0.3442', '0.3381', '0.3345', '0.3376', '0.4167', '0.3233', '0.3530', '0.3568', '0.3535', '0.3237', '0.3037', '0.3420', '0.3426', '0.3355', '0.3363', '0.3444', '0.3835', '0.3539']
INFO:__main__:Val_ACC:['0.6281', '0.6656', '0.6781', '0.7484', '0.8047', '0.8344', '0.8188', '0.7703', '0.8406', '0.6859', '0.8266', '0.8438', '0.8609', '0.8781', '0.8578', '0.8438', '0.8641', '0.8562', '0.8422', '0.8531', '0.8578', '0.8672', '0.8766', '0.8625', '0.8891', '0.8859', '0.8922', '0.8938', '0.7891', '0.8734', '0.8797', '0.8906', '0.8984', '0.8891', '0.8813', '0.8906', '0.8891', '0.8984', '0.8891', '0.8766', '0.8875', '0.9031', '0.8781', '0.8906', '0.9141', '0.8969', '0.8859', '0.9047', '0.8953', '0.8922', '0.8969', '0.9016', '0.8969', '0.8891', '0.9000', '0.8984', '0.9078', '0.8953', '0.9078', '0.8922', '0.9047', '0.9109', '0.9109', '0.9172', '0.9156', '0.9000', '0.9125', '0.9094', '0.8922', '0.9094', '0.9000', '0.9047', '0.8984', '0.9078', '0.9141', '0.9016', '0.8891', '0.9094', '0.9141', '0.8969', '0.9078', '0.9078', '0.9094', '0.9016', '0.9203', '0.9125', '0.9016', '0.9141', '0.9125', '0.9109', '0.9156', '0.9187', '0.9172', '0.9062', '0.9125', '0.9062', '0.9016', '0.9125', '0.8984', '0.9109']
INFO:__main__:****************************************************************************************************
INFO:__main__: epoch0 测试test_Loss: 0.2552  test_ACC: 0.9207  
INFO:__main__:SENS: 0.9231 SPEC: 0.9192 PPV: 0.8824 NPV: 0.9479
INFO:__main__:test_Best_acc:0.9207
