INFO:__main__:
【train】epoch:0/100 loss:0.6541 acc:0.6288
INFO:__main__:
【val】epoch:0/100 loss:0.8144 acc:0.5497
INFO:__main__:
【Val】:  SENS: 0.0000  SPEC: 1.0000  PPV: nan  NPV: 0.5497
INFO:__main__:验证的best_acc:0.5497
INFO:__main__:----------------------------------------------------------------------------------------------------
INFO:__main__:
【train】epoch:1/100 loss:0.6088 acc:0.6730
INFO:__main__:
【val】epoch:1/100 loss:0.7038 acc:0.6548
INFO:__main__:
【Val】:  SENS: 0.2871  SPEC: 0.9561  PPV: 0.8426  NPV: 0.6208
INFO:__main__:验证的best_acc:0.6548
INFO:__main__:----------------------------------------------------------------------------------------------------
INFO:__main__:
【train】epoch:2/100 loss:0.5626 acc:0.7172
INFO:__main__:
【val】epoch:2/100 loss:0.7164 acc:0.6293
INFO:__main__:
【Val】:  SENS: 0.9401  SPEC: 0.3747  PPV: 0.5519  NPV: 0.8841
INFO:__main__:验证的best_acc:0.6548
INFO:__main__:----------------------------------------------------------------------------------------------------
INFO:__main__:
【train】epoch:3/100 loss:0.5033 acc:0.7491
INFO:__main__:
【val】epoch:3/100 loss:0.5643 acc:0.7287
INFO:__main__:
【Val】:  SENS: 0.8675  SPEC: 0.6150  PPV: 0.6486  NPV: 0.8500
INFO:__main__:验证的best_acc:0.7287
INFO:__main__:----------------------------------------------------------------------------------------------------
INFO:__main__:
【train】epoch:4/100 loss:0.4581 acc:0.7785
INFO:__main__:
【val】epoch:4/100 loss:0.5144 acc:0.7571
INFO:__main__:
【Val】:  SENS: 0.9180  SPEC: 0.6253  PPV: 0.6674  NPV: 0.9030
INFO:__main__:验证的best_acc:0.7571
INFO:__main__:----------------------------------------------------------------------------------------------------
INFO:__main__:
【train】epoch:5/100 loss:0.4258 acc:0.8027
INFO:__main__:
【val】epoch:5/100 loss:0.4502 acc:0.7997
INFO:__main__:
【Val】:  SENS: 0.8170  SPEC: 0.7855  PPV: 0.7573  NPV: 0.8398
INFO:__main__:验证的best_acc:0.7997
INFO:__main__:----------------------------------------------------------------------------------------------------
INFO:__main__:
【train】epoch:6/100 loss:0.4164 acc:0.8109
INFO:__main__:
【val】epoch:6/100 loss:0.9789 acc:0.6193
INFO:__main__:
【Val】:  SENS: 0.9874  SPEC: 0.3178  PPV: 0.5425  NPV: 0.9685
INFO:__main__:验证的best_acc:0.7997
INFO:__main__:----------------------------------------------------------------------------------------------------
INFO:__main__:
【train】epoch:7/100 loss:0.4053 acc:0.8132
INFO:__main__:
【val】epoch:7/100 loss:0.6289 acc:0.7315
INFO:__main__:
【Val】:  SENS: 0.9464  SPEC: 0.5556  PPV: 0.6356  NPV: 0.9267
INFO:__main__:验证的best_acc:0.7997
INFO:__main__:----------------------------------------------------------------------------------------------------
INFO:__main__:
【train】epoch:8/100 loss:0.3905 acc:0.8188
INFO:__main__:
【val】epoch:8/100 loss:0.5107 acc:0.7656
INFO:__main__:
【Val】:  SENS: 0.9117  SPEC: 0.6460  PPV: 0.6784  NPV: 0.8993
INFO:__main__:验证的best_acc:0.7997
INFO:__main__:----------------------------------------------------------------------------------------------------
INFO:__main__:
【train】epoch:9/100 loss:0.3797 acc:0.8273
INFO:__main__:
【val】epoch:9/100 loss:0.6719 acc:0.7259
INFO:__main__:
【Val】:  SENS: 0.9716  SPEC: 0.5245  PPV: 0.6260  NPV: 0.9575
INFO:__main__:验证的best_acc:0.7997
INFO:__main__:----------------------------------------------------------------------------------------------------
INFO:__main__:
【train】epoch:10/100 loss:0.3726 acc:0.8322
INFO:__main__:
【val】epoch:10/100 loss:0.4910 acc:0.7656
INFO:__main__:
【Val】:  SENS: 0.9054  SPEC: 0.6512  PPV: 0.6801  NPV: 0.8936
INFO:__main__:验证的best_acc:0.7997
INFO:__main__:----------------------------------------------------------------------------------------------------
INFO:__main__:
【train】epoch:11/100 loss:0.3652 acc:0.8348
INFO:__main__:
【val】epoch:11/100 loss:0.4013 acc:0.8125
INFO:__main__:
【Val】:  SENS: 0.8770  SPEC: 0.7597  PPV: 0.7493  NPV: 0.8829
INFO:__main__:验证的best_acc:0.8125
INFO:__main__:----------------------------------------------------------------------------------------------------
INFO:__main__:
【train】epoch:12/100 loss:0.3618 acc:0.8340
INFO:__main__:
【val】epoch:12/100 loss:0.4224 acc:0.8267
INFO:__main__:
【Val】:  SENS: 0.7823  SPEC: 0.8630  PPV: 0.8239  NPV: 0.8288
INFO:__main__:验证的best_acc:0.8267
INFO:__main__:----------------------------------------------------------------------------------------------------
INFO:__main__:
【train】epoch:13/100 loss:0.3550 acc:0.8371
INFO:__main__:
【val】epoch:13/100 loss:0.3867 acc:0.8196
INFO:__main__:
【Val】:  SENS: 0.8580  SPEC: 0.7881  PPV: 0.7684  NPV: 0.8714
INFO:__main__:验证的best_acc:0.8267
INFO:__main__:----------------------------------------------------------------------------------------------------
INFO:__main__:
【train】epoch:14/100 loss:0.3474 acc:0.8420
INFO:__main__:
【val】epoch:14/100 loss:0.4136 acc:0.8253
INFO:__main__:
【Val】:  SENS: 0.8170  SPEC: 0.8320  PPV: 0.7994  NPV: 0.8474
INFO:__main__:验证的best_acc:0.8267
INFO:__main__:----------------------------------------------------------------------------------------------------
INFO:__main__:
【train】epoch:15/100 loss:0.3471 acc:0.8429
INFO:__main__:
【val】epoch:15/100 loss:0.3713 acc:0.8295
INFO:__main__:
【Val】:  SENS: 0.8580  SPEC: 0.8062  PPV: 0.7839  NPV: 0.8739
INFO:__main__:验证的best_acc:0.8295
INFO:__main__:----------------------------------------------------------------------------------------------------
INFO:__main__:
【train】epoch:16/100 loss:0.3421 acc:0.8465
INFO:__main__:
【val】epoch:16/100 loss:0.4067 acc:0.8153
INFO:__main__:
【Val】:  SENS: 0.9117  SPEC: 0.7364  PPV: 0.7391  NPV: 0.9105
INFO:__main__:验证的best_acc:0.8295
INFO:__main__:----------------------------------------------------------------------------------------------------
INFO:__main__:
【train】epoch:17/100 loss:0.3335 acc:0.8492
INFO:__main__:
【val】epoch:17/100 loss:0.4115 acc:0.8139
INFO:__main__:
【Val】:  SENS: 0.9085  SPEC: 0.7364  PPV: 0.7385  NPV: 0.9076
INFO:__main__:验证的best_acc:0.8295
INFO:__main__:----------------------------------------------------------------------------------------------------
INFO:__main__:
【train】epoch:18/100 loss:0.3292 acc:0.8520
INFO:__main__:
【val】epoch:18/100 loss:0.3887 acc:0.8196
INFO:__main__:
【Val】:  SENS: 0.7981  SPEC: 0.8372  PPV: 0.8006  NPV: 0.8351
INFO:__main__:验证的best_acc:0.8295
INFO:__main__:----------------------------------------------------------------------------------------------------
INFO:__main__:
【train】epoch:19/100 loss:0.3176 acc:0.8560
INFO:__main__:
【val】epoch:19/100 loss:0.3914 acc:0.8409
INFO:__main__:
【Val】:  SENS: 0.8423  SPEC: 0.8398  PPV: 0.8116  NPV: 0.8667
INFO:__main__:验证的best_acc:0.8409
INFO:__main__:----------------------------------------------------------------------------------------------------
INFO:__main__:
【train】epoch:20/100 loss:0.3142 acc:0.8581
INFO:__main__:
【val】epoch:20/100 loss:0.3780 acc:0.8381
INFO:__main__:
【Val】:  SENS: 0.8644  SPEC: 0.8165  PPV: 0.7942  NPV: 0.8802
INFO:__main__:验证的best_acc:0.8409
INFO:__main__:----------------------------------------------------------------------------------------------------
INFO:__main__:
【train】epoch:21/100 loss:0.3052 acc:0.8657
INFO:__main__:
【val】epoch:21/100 loss:0.4002 acc:0.8224
INFO:__main__:
【Val】:  SENS: 0.7950  SPEC: 0.8450  PPV: 0.8077  NPV: 0.8342
INFO:__main__:验证的best_acc:0.8409
INFO:__main__:----------------------------------------------------------------------------------------------------
INFO:__main__:
【train】epoch:22/100 loss:0.3002 acc:0.8654
INFO:__main__:
【val】epoch:22/100 loss:0.4014 acc:0.8338
INFO:__main__:
【Val】:  SENS: 0.8770  SPEC: 0.7984  PPV: 0.7809  NPV: 0.8879
INFO:__main__:验证的best_acc:0.8409
INFO:__main__:----------------------------------------------------------------------------------------------------
INFO:__main__:
【train】epoch:23/100 loss:0.2975 acc:0.8652
INFO:__main__:
【val】epoch:23/100 loss:0.3687 acc:0.8324
INFO:__main__:
【Val】:  SENS: 0.8391  SPEC: 0.8269  PPV: 0.7988  NPV: 0.8625
INFO:__main__:验证的best_acc:0.8409
INFO:__main__:----------------------------------------------------------------------------------------------------
INFO:__main__:
【train】epoch:24/100 loss:0.2967 acc:0.8670
INFO:__main__:
【val】epoch:24/100 loss:0.3961 acc:0.8381
INFO:__main__:
【Val】:  SENS: 0.8013  SPEC: 0.8682  PPV: 0.8328  NPV: 0.8421
INFO:__main__:验证的best_acc:0.8409
INFO:__main__:----------------------------------------------------------------------------------------------------
INFO:__main__:
【train】epoch:25/100 loss:0.2991 acc:0.8706
INFO:__main__:
【val】epoch:25/100 loss:0.3694 acc:0.8310
INFO:__main__:
【Val】:  SENS: 0.8265  SPEC: 0.8346  PPV: 0.8037  NPV: 0.8545
INFO:__main__:验证的best_acc:0.8409
INFO:__main__:----------------------------------------------------------------------------------------------------
INFO:__main__:
【train】epoch:26/100 loss:0.2882 acc:0.8729
INFO:__main__:
【val】epoch:26/100 loss:0.3750 acc:0.8239
INFO:__main__:
【Val】:  SENS: 0.7508  SPEC: 0.8837  PPV: 0.8410  NPV: 0.8124
INFO:__main__:验证的best_acc:0.8409
INFO:__main__:----------------------------------------------------------------------------------------------------
INFO:__main__:
【train】epoch:27/100 loss:0.2821 acc:0.8748
INFO:__main__:
【val】epoch:27/100 loss:0.3745 acc:0.8352
INFO:__main__:
【Val】:  SENS: 0.8770  SPEC: 0.8010  PPV: 0.7831  NPV: 0.8883
INFO:__main__:验证的best_acc:0.8409
INFO:__main__:----------------------------------------------------------------------------------------------------
INFO:__main__:
【train】epoch:28/100 loss:0.2859 acc:0.8753
INFO:__main__:
【val】epoch:28/100 loss:0.3942 acc:0.8324
INFO:__main__:
【Val】:  SENS: 0.8675  SPEC: 0.8036  PPV: 0.7835  NPV: 0.8810
INFO:__main__:验证的best_acc:0.8409
INFO:__main__:----------------------------------------------------------------------------------------------------
INFO:__main__:
【train】epoch:29/100 loss:0.2617 acc:0.8827
INFO:__main__:
【val】epoch:29/100 loss:0.3811 acc:0.8366
INFO:__main__:
【Val】:  SENS: 0.8265  SPEC: 0.8450  PPV: 0.8137  NPV: 0.8560
INFO:__main__:验证的best_acc:0.8409
INFO:__main__:----------------------------------------------------------------------------------------------------
INFO:__main__:
【train】epoch:30/100 loss:0.2595 acc:0.8869
INFO:__main__:
【val】epoch:30/100 loss:0.4146 acc:0.8310
INFO:__main__:
【Val】:  SENS: 0.9211  SPEC: 0.7571  PPV: 0.7565  NPV: 0.9214
INFO:__main__:验证的best_acc:0.8409
INFO:__main__:----------------------------------------------------------------------------------------------------
INFO:__main__:
【train】epoch:31/100 loss:0.2571 acc:0.8918
INFO:__main__:
【val】epoch:31/100 loss:0.3861 acc:0.8352
INFO:__main__:
【Val】:  SENS: 0.8139  SPEC: 0.8527  PPV: 0.8190  NPV: 0.8483
INFO:__main__:验证的best_acc:0.8409
INFO:__main__:----------------------------------------------------------------------------------------------------
INFO:__main__:
【train】epoch:32/100 loss:0.2527 acc:0.8925
INFO:__main__:
【val】epoch:32/100 loss:0.3968 acc:0.8224
INFO:__main__:
【Val】:  SENS: 0.7950  SPEC: 0.8450  PPV: 0.8077  NPV: 0.8342
INFO:__main__:验证的best_acc:0.8409
INFO:__main__:----------------------------------------------------------------------------------------------------
INFO:__main__:
【train】epoch:33/100 loss:0.2471 acc:0.8953
INFO:__main__:
【val】epoch:33/100 loss:0.4015 acc:0.8125
INFO:__main__:
【Val】:  SENS: 0.7729  SPEC: 0.8450  PPV: 0.8033  NPV: 0.8195
INFO:__main__:验证的best_acc:0.8409
INFO:__main__:----------------------------------------------------------------------------------------------------
INFO:__main__:
【train】epoch:34/100 loss:0.2497 acc:0.8930
INFO:__main__:
【val】epoch:34/100 loss:0.4875 acc:0.8182
INFO:__main__:
【Val】:  SENS: 0.7035  SPEC: 0.9121  PPV: 0.8677  NPV: 0.7897
INFO:__main__:验证的best_acc:0.8409
INFO:__main__:----------------------------------------------------------------------------------------------------
INFO:__main__:
【train】epoch:35/100 loss:0.2413 acc:0.8919
INFO:__main__:
【val】epoch:35/100 loss:0.4475 acc:0.8352
INFO:__main__:
【Val】:  SENS: 0.8517  SPEC: 0.8217  PPV: 0.7965  NPV: 0.8712
INFO:__main__:验证的best_acc:0.8409
INFO:__main__:----------------------------------------------------------------------------------------------------
INFO:__main__:
【train】epoch:36/100 loss:0.2418 acc:0.8944
INFO:__main__:
【val】epoch:36/100 loss:0.4841 acc:0.8125
INFO:__main__:
【Val】:  SENS: 0.7729  SPEC: 0.8450  PPV: 0.8033  NPV: 0.8195
INFO:__main__:验证的best_acc:0.8409
INFO:__main__:----------------------------------------------------------------------------------------------------
INFO:__main__:
【train】epoch:37/100 loss:0.2310 acc:0.8968
INFO:__main__:
【val】epoch:37/100 loss:0.5111 acc:0.8196
INFO:__main__:
【Val】:  SENS: 0.6909  SPEC: 0.9251  PPV: 0.8831  NPV: 0.7851
INFO:__main__:验证的best_acc:0.8409
INFO:__main__:----------------------------------------------------------------------------------------------------
INFO:__main__:
【train】epoch:38/100 loss:0.2333 acc:0.9043
INFO:__main__:
【val】epoch:38/100 loss:0.4186 acc:0.8409
INFO:__main__:
【Val】:  SENS: 0.8013  SPEC: 0.8734  PPV: 0.8383  NPV: 0.8429
INFO:__main__:验证的best_acc:0.8409
INFO:__main__:----------------------------------------------------------------------------------------------------
INFO:__main__:
【train】epoch:39/100 loss:0.2121 acc:0.9122
INFO:__main__:
【val】epoch:39/100 loss:0.4790 acc:0.8310
INFO:__main__:
【Val】:  SENS: 0.8076  SPEC: 0.8501  PPV: 0.8153  NPV: 0.8436
INFO:__main__:验证的best_acc:0.8409
INFO:__main__:----------------------------------------------------------------------------------------------------
INFO:__main__:
【train】epoch:40/100 loss:0.2083 acc:0.9104
INFO:__main__:
【val】epoch:40/100 loss:0.4910 acc:0.8011
INFO:__main__:
【Val】:  SENS: 0.7413  SPEC: 0.8501  PPV: 0.8020  NPV: 0.8005
INFO:__main__:验证的best_acc:0.8409
INFO:__main__:----------------------------------------------------------------------------------------------------
INFO:__main__:
【train】epoch:41/100 loss:0.2074 acc:0.9120
INFO:__main__:
【val】epoch:41/100 loss:0.4952 acc:0.8338
INFO:__main__:
【Val】:  SENS: 0.8076  SPEC: 0.8553  PPV: 0.8205  NPV: 0.8444
INFO:__main__:验证的best_acc:0.8409
INFO:__main__:----------------------------------------------------------------------------------------------------
INFO:__main__:
【train】epoch:42/100 loss:0.1990 acc:0.9148
INFO:__main__:
【val】epoch:42/100 loss:0.4932 acc:0.8011
INFO:__main__:
【Val】:  SENS: 0.8233  SPEC: 0.7829  PPV: 0.7565  NPV: 0.8440
INFO:__main__:验证的best_acc:0.8409
INFO:__main__:----------------------------------------------------------------------------------------------------
INFO:__main__:
【train】epoch:43/100 loss:0.2064 acc:0.9153
INFO:__main__:
【val】epoch:43/100 loss:0.4556 acc:0.8281
INFO:__main__:
【Val】:  SENS: 0.8360  SPEC: 0.8217  PPV: 0.7934  NPV: 0.8595
INFO:__main__:验证的best_acc:0.8409
INFO:__main__:----------------------------------------------------------------------------------------------------
INFO:__main__:
【train】epoch:44/100 loss:0.2024 acc:0.9159
INFO:__main__:
【val】epoch:44/100 loss:0.4698 acc:0.8381
INFO:__main__:
【Val】:  SENS: 0.8454  SPEC: 0.8320  PPV: 0.8048  NPV: 0.8679
INFO:__main__:验证的best_acc:0.8409
INFO:__main__:----------------------------------------------------------------------------------------------------
INFO:__main__:
【train】epoch:45/100 loss:0.1947 acc:0.9209
INFO:__main__:
【val】epoch:45/100 loss:0.5383 acc:0.7997
INFO:__main__:
【Val】:  SENS: 0.6972  SPEC: 0.8837  PPV: 0.8308  NPV: 0.7808
INFO:__main__:验证的best_acc:0.8409
INFO:__main__:----------------------------------------------------------------------------------------------------
INFO:__main__:
【train】epoch:46/100 loss:0.1956 acc:0.9176
INFO:__main__:
【val】epoch:46/100 loss:0.5289 acc:0.8196
INFO:__main__:
【Val】:  SENS: 0.6972  SPEC: 0.9199  PPV: 0.8770  NPV: 0.7876
INFO:__main__:验证的best_acc:0.8409
INFO:__main__:----------------------------------------------------------------------------------------------------
INFO:__main__:
【train】epoch:47/100 loss:0.1874 acc:0.9209
INFO:__main__:
【val】epoch:47/100 loss:0.4904 acc:0.8295
INFO:__main__:
【Val】:  SENS: 0.8391  SPEC: 0.8217  PPV: 0.7940  NPV: 0.8618
INFO:__main__:验证的best_acc:0.8409
INFO:__main__:----------------------------------------------------------------------------------------------------
INFO:__main__:
【train】epoch:48/100 loss:0.1870 acc:0.9237
INFO:__main__:
【val】epoch:48/100 loss:0.5681 acc:0.8210
INFO:__main__:
【Val】:  SENS: 0.7666  SPEC: 0.8656  PPV: 0.8237  NPV: 0.8191
INFO:__main__:验证的best_acc:0.8409
INFO:__main__:----------------------------------------------------------------------------------------------------
INFO:__main__:
【train】epoch:49/100 loss:0.1652 acc:0.9344
INFO:__main__:
【val】epoch:49/100 loss:0.5497 acc:0.8210
INFO:__main__:
【Val】:  SENS: 0.7382  SPEC: 0.8889  PPV: 0.8448  NPV: 0.8056
INFO:__main__:验证的best_acc:0.8409
INFO:__main__:----------------------------------------------------------------------------------------------------
INFO:__main__:
【train】epoch:50/100 loss:0.1674 acc:0.9335
INFO:__main__:
【val】epoch:50/100 loss:0.5027 acc:0.8224
INFO:__main__:
【Val】:  SENS: 0.8107  SPEC: 0.8320  PPV: 0.7981  NPV: 0.8429
INFO:__main__:验证的best_acc:0.8409
INFO:__main__:----------------------------------------------------------------------------------------------------
INFO:__main__:
【train】epoch:51/100 loss:0.1602 acc:0.9373
INFO:__main__:
【val】epoch:51/100 loss:0.6137 acc:0.8168
INFO:__main__:
【Val】:  SENS: 0.6909  SPEC: 0.9199  PPV: 0.8760  NPV: 0.7841
INFO:__main__:验证的best_acc:0.8409
INFO:__main__:----------------------------------------------------------------------------------------------------
INFO:__main__:
【train】epoch:52/100 loss:0.1507 acc:0.9380
INFO:__main__:
【val】epoch:52/100 loss:0.5479 acc:0.8352
INFO:__main__:
【Val】:  SENS: 0.8044  SPEC: 0.8605  PPV: 0.8252  NPV: 0.8430
INFO:__main__:验证的best_acc:0.8409
INFO:__main__:----------------------------------------------------------------------------------------------------
INFO:__main__:
【train】epoch:53/100 loss:0.1676 acc:0.9295
INFO:__main__:
【val】epoch:53/100 loss:0.5521 acc:0.8239
INFO:__main__:
【Val】:  SENS: 0.7760  SPEC: 0.8630  PPV: 0.8227  NPV: 0.8247
INFO:__main__:验证的best_acc:0.8409
INFO:__main__:----------------------------------------------------------------------------------------------------
INFO:__main__:
【train】epoch:54/100 loss:0.1501 acc:0.9380
INFO:__main__:
【val】epoch:54/100 loss:0.5830 acc:0.8210
INFO:__main__:
【Val】:  SENS: 0.7981  SPEC: 0.8398  PPV: 0.8032  NPV: 0.8355
INFO:__main__:验证的best_acc:0.8409
INFO:__main__:----------------------------------------------------------------------------------------------------
INFO:__main__:
【train】epoch:55/100 loss:0.1480 acc:0.9380
INFO:__main__:
【val】epoch:55/100 loss:0.6887 acc:0.8068
INFO:__main__:
【Val】:  SENS: 0.6845  SPEC: 0.9070  PPV: 0.8577  NPV: 0.7783
INFO:__main__:验证的best_acc:0.8409
INFO:__main__:----------------------------------------------------------------------------------------------------
INFO:__main__:
【train】epoch:56/100 loss:0.1543 acc:0.9394
INFO:__main__:
【val】epoch:56/100 loss:0.6669 acc:0.7670
INFO:__main__:
【Val】:  SENS: 0.7886  SPEC: 0.7494  PPV: 0.7205  NPV: 0.8123
INFO:__main__:验证的best_acc:0.8409
INFO:__main__:----------------------------------------------------------------------------------------------------
INFO:__main__:
【train】epoch:57/100 loss:0.1321 acc:0.9461
INFO:__main__:
【val】epoch:57/100 loss:0.5921 acc:0.8452
INFO:__main__:
【Val】:  SENS: 0.8360  SPEC: 0.8527  PPV: 0.8230  NPV: 0.8639
INFO:__main__:验证的best_acc:0.8452
INFO:__main__:----------------------------------------------------------------------------------------------------
INFO:__main__:
【train】epoch:58/100 loss:0.1518 acc:0.9406
INFO:__main__:
【val】epoch:58/100 loss:0.6131 acc:0.8295
INFO:__main__:
【Val】:  SENS: 0.7129  SPEC: 0.9251  PPV: 0.8863  NPV: 0.7973
INFO:__main__:验证的best_acc:0.8452
INFO:__main__:----------------------------------------------------------------------------------------------------
INFO:__main__:
【train】epoch:59/100 loss:0.1305 acc:0.9483
INFO:__main__:
【val】epoch:59/100 loss:0.5766 acc:0.8139
INFO:__main__:
【Val】:  SENS: 0.8076  SPEC: 0.8191  PPV: 0.7853  NPV: 0.8386
INFO:__main__:验证的best_acc:0.8452
INFO:__main__:----------------------------------------------------------------------------------------------------
INFO:__main__:
【train】epoch:60/100 loss:0.1192 acc:0.9565
INFO:__main__:
【val】epoch:60/100 loss:0.6502 acc:0.8153
INFO:__main__:
【Val】:  SENS: 0.7539  SPEC: 0.8656  PPV: 0.8213  NPV: 0.8111
INFO:__main__:验证的best_acc:0.8452
INFO:__main__:----------------------------------------------------------------------------------------------------
INFO:__main__:
【train】epoch:61/100 loss:0.1348 acc:0.9462
INFO:__main__:
【val】epoch:61/100 loss:0.6086 acc:0.8295
INFO:__main__:
【Val】:  SENS: 0.7382  SPEC: 0.9044  PPV: 0.8635  NPV: 0.8083
INFO:__main__:验证的best_acc:0.8452
INFO:__main__:----------------------------------------------------------------------------------------------------
INFO:__main__:
【train】epoch:62/100 loss:0.1175 acc:0.9530
INFO:__main__:
【val】epoch:62/100 loss:0.6775 acc:0.7983
INFO:__main__:
【Val】:  SENS: 0.7634  SPEC: 0.8269  PPV: 0.7832  NPV: 0.8101
INFO:__main__:验证的best_acc:0.8452
INFO:__main__:----------------------------------------------------------------------------------------------------
INFO:__main__:
【train】epoch:63/100 loss:0.1192 acc:0.9532
INFO:__main__:
【val】epoch:63/100 loss:0.6371 acc:0.7997
INFO:__main__:
【Val】:  SENS: 0.7413  SPEC: 0.8475  PPV: 0.7993  NPV: 0.8000
INFO:__main__:验证的best_acc:0.8452
INFO:__main__:----------------------------------------------------------------------------------------------------
INFO:__main__:
【train】epoch:64/100 loss:0.1205 acc:0.9539
INFO:__main__:
【val】epoch:64/100 loss:0.6594 acc:0.8082
INFO:__main__:
【Val】:  SENS: 0.7918  SPEC: 0.8217  PPV: 0.7844  NPV: 0.8281
INFO:__main__:验证的best_acc:0.8452
INFO:__main__:----------------------------------------------------------------------------------------------------
INFO:__main__:
【train】epoch:65/100 loss:0.1069 acc:0.9544
INFO:__main__:
【val】epoch:65/100 loss:0.7067 acc:0.8011
INFO:__main__:
【Val】:  SENS: 0.8549  SPEC: 0.7571  PPV: 0.7425  NPV: 0.8643
INFO:__main__:验证的best_acc:0.8452
INFO:__main__:----------------------------------------------------------------------------------------------------
INFO:__main__:
【train】epoch:66/100 loss:0.1193 acc:0.9530
INFO:__main__:
【val】epoch:66/100 loss:0.6003 acc:0.8295
INFO:__main__:
【Val】:  SENS: 0.7950  SPEC: 0.8579  PPV: 0.8208  NPV: 0.8363
INFO:__main__:验证的best_acc:0.8452
INFO:__main__:----------------------------------------------------------------------------------------------------
INFO:__main__:
【train】epoch:67/100 loss:0.1110 acc:0.9579
INFO:__main__:
【val】epoch:67/100 loss:0.6398 acc:0.8153
INFO:__main__:
【Val】:  SENS: 0.7350  SPEC: 0.8811  PPV: 0.8351  NPV: 0.8024
INFO:__main__:验证的best_acc:0.8452
INFO:__main__:----------------------------------------------------------------------------------------------------
INFO:__main__:
【train】epoch:68/100 loss:0.1086 acc:0.9597
INFO:__main__:
【val】epoch:68/100 loss:0.5977 acc:0.8452
INFO:__main__:
【Val】:  SENS: 0.8297  SPEC: 0.8579  PPV: 0.8270  NPV: 0.8601
INFO:__main__:验证的best_acc:0.8452
INFO:__main__:----------------------------------------------------------------------------------------------------
INFO:__main__:
【train】epoch:69/100 loss:0.0991 acc:0.9619
INFO:__main__:
【val】epoch:69/100 loss:0.6591 acc:0.8338
INFO:__main__:
【Val】:  SENS: 0.8076  SPEC: 0.8553  PPV: 0.8205  NPV: 0.8444
INFO:__main__:验证的best_acc:0.8452
INFO:__main__:----------------------------------------------------------------------------------------------------
INFO:__main__:
【train】epoch:70/100 loss:0.0950 acc:0.9663
INFO:__main__:
【val】epoch:70/100 loss:0.6758 acc:0.8381
INFO:__main__:
【Val】:  SENS: 0.8328  SPEC: 0.8424  PPV: 0.8123  NPV: 0.8602
INFO:__main__:验证的best_acc:0.8452
INFO:__main__:----------------------------------------------------------------------------------------------------
INFO:__main__:
【train】epoch:71/100 loss:0.1016 acc:0.9607
INFO:__main__:
【val】epoch:71/100 loss:0.6436 acc:0.8281
INFO:__main__:
【Val】:  SENS: 0.8360  SPEC: 0.8217  PPV: 0.7934  NPV: 0.8595
INFO:__main__:验证的best_acc:0.8452
INFO:__main__:----------------------------------------------------------------------------------------------------
INFO:__main__:
【train】epoch:72/100 loss:0.0879 acc:0.9642
INFO:__main__:
【val】epoch:72/100 loss:0.7009 acc:0.8423
INFO:__main__:
【Val】:  SENS: 0.8454  SPEC: 0.8398  PPV: 0.8121  NPV: 0.8690
INFO:__main__:验证的best_acc:0.8452
INFO:__main__:----------------------------------------------------------------------------------------------------
INFO:__main__:
【train】epoch:73/100 loss:0.0937 acc:0.9602
INFO:__main__:
【val】epoch:73/100 loss:0.6422 acc:0.8082
INFO:__main__:
【Val】:  SENS: 0.7287  SPEC: 0.8734  PPV: 0.8250  NPV: 0.7972
INFO:__main__:验证的best_acc:0.8452
INFO:__main__:----------------------------------------------------------------------------------------------------
INFO:__main__:
【train】epoch:74/100 loss:0.0917 acc:0.9653
INFO:__main__:
【val】epoch:74/100 loss:0.6995 acc:0.8253
INFO:__main__:
【Val】:  SENS: 0.8707  SPEC: 0.7881  PPV: 0.7709  NPV: 0.8815
INFO:__main__:验证的best_acc:0.8452
INFO:__main__:----------------------------------------------------------------------------------------------------
INFO:__main__:
【train】epoch:75/100 loss:0.0872 acc:0.9672
INFO:__main__:
【val】epoch:75/100 loss:0.7406 acc:0.8409
INFO:__main__:
【Val】:  SENS: 0.7634  SPEC: 0.9044  PPV: 0.8674  NPV: 0.8235
INFO:__main__:验证的best_acc:0.8452
INFO:__main__:----------------------------------------------------------------------------------------------------
INFO:__main__:
【train】epoch:76/100 loss:0.0888 acc:0.9675
INFO:__main__:
【val】epoch:76/100 loss:0.7336 acc:0.7969
INFO:__main__:
【Val】:  SENS: 0.7508  SPEC: 0.8346  PPV: 0.7881  NPV: 0.8035
INFO:__main__:验证的best_acc:0.8452
INFO:__main__:----------------------------------------------------------------------------------------------------
INFO:__main__:
【train】epoch:77/100 loss:0.0873 acc:0.9672
INFO:__main__:
【val】epoch:77/100 loss:0.6889 acc:0.8565
INFO:__main__:
【Val】:  SENS: 0.8360  SPEC: 0.8734  PPV: 0.8439  NPV: 0.8667
INFO:__main__:验证的best_acc:0.8565
INFO:__main__:----------------------------------------------------------------------------------------------------
INFO:__main__:
【train】epoch:78/100 loss:0.0802 acc:0.9714
INFO:__main__:
【val】epoch:78/100 loss:0.6472 acc:0.8366
INFO:__main__:
【Val】:  SENS: 0.8170  SPEC: 0.8527  PPV: 0.8196  NPV: 0.8505
INFO:__main__:验证的best_acc:0.8565
INFO:__main__:----------------------------------------------------------------------------------------------------
INFO:__main__:
【train】epoch:79/100 loss:0.0770 acc:0.9717
INFO:__main__:
【val】epoch:79/100 loss:0.6967 acc:0.8139
INFO:__main__:
【Val】:  SENS: 0.7823  SPEC: 0.8398  PPV: 0.8000  NPV: 0.8249
INFO:__main__:验证的best_acc:0.8565
INFO:__main__:----------------------------------------------------------------------------------------------------
INFO:__main__:
【train】epoch:80/100 loss:0.0709 acc:0.9728
INFO:__main__:
【val】epoch:80/100 loss:0.6662 acc:0.8409
INFO:__main__:
【Val】:  SENS: 0.8328  SPEC: 0.8475  PPV: 0.8173  NPV: 0.8609
INFO:__main__:验证的best_acc:0.8565
INFO:__main__:----------------------------------------------------------------------------------------------------
INFO:__main__:
【train】epoch:81/100 loss:0.0620 acc:0.9773
INFO:__main__:
【val】epoch:81/100 loss:0.7722 acc:0.8338
INFO:__main__:
【Val】:  SENS: 0.8517  SPEC: 0.8191  PPV: 0.7941  NPV: 0.8709
INFO:__main__:验证的best_acc:0.8565
INFO:__main__:----------------------------------------------------------------------------------------------------
INFO:__main__:
【train】epoch:82/100 loss:0.0658 acc:0.9757
INFO:__main__:
【val】epoch:82/100 loss:0.6971 acc:0.8338
INFO:__main__:
【Val】:  SENS: 0.8107  SPEC: 0.8527  PPV: 0.8185  NPV: 0.8462
INFO:__main__:验证的best_acc:0.8565
INFO:__main__:----------------------------------------------------------------------------------------------------
INFO:__main__:
【train】epoch:83/100 loss:0.0607 acc:0.9777
INFO:__main__:
【val】epoch:83/100 loss:0.7026 acc:0.8551
INFO:__main__:
【Val】:  SENS: 0.8297  SPEC: 0.8760  PPV: 0.8457  NPV: 0.8626
INFO:__main__:验证的best_acc:0.8565
INFO:__main__:----------------------------------------------------------------------------------------------------
INFO:__main__:
【train】epoch:84/100 loss:0.0604 acc:0.9780
INFO:__main__:
【val】epoch:84/100 loss:0.7158 acc:0.8281
INFO:__main__:
【Val】:  SENS: 0.8265  SPEC: 0.8295  PPV: 0.7988  NPV: 0.8537
INFO:__main__:验证的best_acc:0.8565
INFO:__main__:----------------------------------------------------------------------------------------------------
INFO:__main__:
【train】epoch:85/100 loss:0.0636 acc:0.9775
INFO:__main__:
【val】epoch:85/100 loss:0.7379 acc:0.8409
INFO:__main__:
【Val】:  SENS: 0.8423  SPEC: 0.8398  PPV: 0.8116  NPV: 0.8667
INFO:__main__:验证的best_acc:0.8565
INFO:__main__:----------------------------------------------------------------------------------------------------
INFO:__main__:
【train】epoch:86/100 loss:0.0664 acc:0.9742
INFO:__main__:
【val】epoch:86/100 loss:0.7206 acc:0.8366
INFO:__main__:
【Val】:  SENS: 0.8297  SPEC: 0.8424  PPV: 0.8117  NPV: 0.8579
INFO:__main__:验证的best_acc:0.8565
INFO:__main__:----------------------------------------------------------------------------------------------------
INFO:__main__:
【train】epoch:87/100 loss:0.0619 acc:0.9752
INFO:__main__:
【val】epoch:87/100 loss:0.7585 acc:0.8281
INFO:__main__:
【Val】:  SENS: 0.7634  SPEC: 0.8811  PPV: 0.8403  NPV: 0.8197
INFO:__main__:验证的best_acc:0.8565
INFO:__main__:----------------------------------------------------------------------------------------------------
INFO:__main__:
【train】epoch:88/100 loss:0.0561 acc:0.9808
INFO:__main__:
【val】epoch:88/100 loss:0.7040 acc:0.8423
INFO:__main__:
【Val】:  SENS: 0.8675  SPEC: 0.8217  PPV: 0.7994  NPV: 0.8833
INFO:__main__:验证的best_acc:0.8565
INFO:__main__:----------------------------------------------------------------------------------------------------
INFO:__main__:
【train】epoch:89/100 loss:0.0582 acc:0.9778
INFO:__main__:
【val】epoch:89/100 loss:0.6985 acc:0.8438
INFO:__main__:
【Val】:  SENS: 0.8297  SPEC: 0.8553  PPV: 0.8245  NPV: 0.8597
INFO:__main__:验证的best_acc:0.8565
INFO:__main__:----------------------------------------------------------------------------------------------------
INFO:__main__:
【train】epoch:90/100 loss:0.0535 acc:0.9817
INFO:__main__:
【val】epoch:90/100 loss:0.7251 acc:0.8267
INFO:__main__:
【Val】:  SENS: 0.7697  SPEC: 0.8734  PPV: 0.8328  NPV: 0.8224
INFO:__main__:验证的best_acc:0.8565
INFO:__main__:----------------------------------------------------------------------------------------------------
INFO:__main__:
【train】epoch:91/100 loss:0.0378 acc:0.9873
INFO:__main__:
【val】epoch:91/100 loss:0.7200 acc:0.8636
INFO:__main__:
【Val】:  SENS: 0.8517  SPEC: 0.8734  PPV: 0.8464  NPV: 0.8779
INFO:__main__:验证的best_acc:0.8636
INFO:__main__:----------------------------------------------------------------------------------------------------
INFO:__main__:
【train】epoch:92/100 loss:0.0444 acc:0.9831
INFO:__main__:
【val】epoch:92/100 loss:0.7338 acc:0.8438
INFO:__main__:
【Val】:  SENS: 0.7950  SPEC: 0.8837  PPV: 0.8485  NPV: 0.8403
INFO:__main__:验证的best_acc:0.8636
INFO:__main__:----------------------------------------------------------------------------------------------------
INFO:__main__:
【train】epoch:93/100 loss:0.0505 acc:0.9815
INFO:__main__:
【val】epoch:93/100 loss:0.6727 acc:0.8466
INFO:__main__:
【Val】:  SENS: 0.8139  SPEC: 0.8734  PPV: 0.8404  NPV: 0.8514
INFO:__main__:验证的best_acc:0.8636
INFO:__main__:----------------------------------------------------------------------------------------------------
INFO:__main__:
【train】epoch:94/100 loss:0.0481 acc:0.9803
INFO:__main__:
【val】epoch:94/100 loss:0.7582 acc:0.8509
INFO:__main__:
【Val】:  SENS: 0.8107  SPEC: 0.8837  PPV: 0.8510  NPV: 0.8507
INFO:__main__:验证的best_acc:0.8636
INFO:__main__:----------------------------------------------------------------------------------------------------
INFO:__main__:
【train】epoch:95/100 loss:0.0440 acc:0.9836
INFO:__main__:
【val】epoch:95/100 loss:0.7251 acc:0.8665
INFO:__main__:
【Val】:  SENS: 0.8612  SPEC: 0.8708  PPV: 0.8452  NPV: 0.8845
INFO:__main__:验证的best_acc:0.8665
INFO:__main__:----------------------------------------------------------------------------------------------------
INFO:__main__:
【train】epoch:96/100 loss:0.0437 acc:0.9841
INFO:__main__:
【val】epoch:96/100 loss:0.7359 acc:0.8494
INFO:__main__:
【Val】:  SENS: 0.8297  SPEC: 0.8656  PPV: 0.8349  NPV: 0.8612
INFO:__main__:验证的best_acc:0.8665
INFO:__main__:----------------------------------------------------------------------------------------------------
INFO:__main__:
【train】epoch:97/100 loss:0.0430 acc:0.9841
INFO:__main__:
【val】epoch:97/100 loss:0.7908 acc:0.8409
INFO:__main__:
【Val】:  SENS: 0.8360  SPEC: 0.8450  PPV: 0.8154  NPV: 0.8628
INFO:__main__:验证的best_acc:0.8665
INFO:__main__:----------------------------------------------------------------------------------------------------
INFO:__main__:
【train】epoch:98/100 loss:0.0410 acc:0.9859
INFO:__main__:
【val】epoch:98/100 loss:0.8550 acc:0.8168
INFO:__main__:
【Val】:  SENS: 0.7382  SPEC: 0.8811  PPV: 0.8357  NPV: 0.8042
INFO:__main__:验证的best_acc:0.8665
INFO:__main__:----------------------------------------------------------------------------------------------------
INFO:__main__:
【train】epoch:99/100 loss:0.0445 acc:0.9829
INFO:__main__:
【val】epoch:99/100 loss:0.8126 acc:0.8580
INFO:__main__:
【Val】:  SENS: 0.8170  SPEC: 0.8915  PPV: 0.8605  NPV: 0.8561
INFO:__main__:验证的best_acc:0.8665
INFO:__main__:----------------------------------------------------------------------------------------------------
INFO:__main__:****************************************************************************************************
INFO:__main__:Val_LOSS:['0.8144', '0.7038', '0.7164', '0.5643', '0.5144', '0.4502', '0.9789', '0.6289', '0.5107', '0.6719', '0.4910', '0.4013', '0.4224', '0.3867', '0.4136', '0.3713', '0.4067', '0.4115', '0.3887', '0.3914', '0.3780', '0.4002', '0.4014', '0.3687', '0.3961', '0.3694', '0.3750', '0.3745', '0.3942', '0.3811', '0.4146', '0.3861', '0.3968', '0.4015', '0.4875', '0.4475', '0.4841', '0.5111', '0.4186', '0.4790', '0.4910', '0.4952', '0.4932', '0.4556', '0.4698', '0.5383', '0.5289', '0.4904', '0.5681', '0.5497', '0.5027', '0.6137', '0.5479', '0.5521', '0.5830', '0.6887', '0.6669', '0.5921', '0.6131', '0.5766', '0.6502', '0.6086', '0.6775', '0.6371', '0.6594', '0.7067', '0.6003', '0.6398', '0.5977', '0.6591', '0.6758', '0.6436', '0.7009', '0.6422', '0.6995', '0.7406', '0.7336', '0.6889', '0.6472', '0.6967', '0.6662', '0.7722', '0.6971', '0.7026', '0.7158', '0.7379', '0.7206', '0.7585', '0.7040', '0.6985', '0.7251', '0.7200', '0.7338', '0.6727', '0.7582', '0.7251', '0.7359', '0.7908', '0.8550', '0.8126']
INFO:__main__:Val_ACC:['0.5497', '0.6548', '0.6293', '0.7287', '0.7571', '0.7997', '0.6193', '0.7315', '0.7656', '0.7259', '0.7656', '0.8125', '0.8267', '0.8196', '0.8253', '0.8295', '0.8153', '0.8139', '0.8196', '0.8409', '0.8381', '0.8224', '0.8338', '0.8324', '0.8381', '0.8310', '0.8239', '0.8352', '0.8324', '0.8366', '0.8310', '0.8352', '0.8224', '0.8125', '0.8182', '0.8352', '0.8125', '0.8196', '0.8409', '0.8310', '0.8011', '0.8338', '0.8011', '0.8281', '0.8381', '0.7997', '0.8196', '0.8295', '0.8210', '0.8210', '0.8224', '0.8168', '0.8352', '0.8239', '0.8210', '0.8068', '0.7670', '0.8452', '0.8295', '0.8139', '0.8153', '0.8295', '0.7983', '0.7997', '0.8082', '0.8011', '0.8295', '0.8153', '0.8452', '0.8338', '0.8381', '0.8281', '0.8423', '0.8082', '0.8253', '0.8409', '0.7969', '0.8565', '0.8366', '0.8139', '0.8409', '0.8338', '0.8338', '0.8551', '0.8281', '0.8409', '0.8366', '0.8281', '0.8423', '0.8438', '0.8267', '0.8636', '0.8438', '0.8466', '0.8509', '0.8665', '0.8494', '0.8409', '0.8168', '0.8580']
INFO:__main__:****************************************************************************************************
INFO:__main__: epoch0 测试test_Loss: 0.6454  test_ACC: 0.8666  
INFO:__main__:SENS: 0.8459 SPEC: 0.8838 PPV: 0.8589 NPV: 0.8728
INFO:__main__:test_Best_acc:0.8666


