INFO:__main__:
【train】epoch:0/150 loss:0.5625 acc:0.7139
INFO:__main__:
【val】epoch:0/150 loss:0.4819 acc:0.7525
INFO:__main__:
【Val】:  SENS: 0.2944  SPEC: 0.9385  PPV: 0.6602  NPV: 0.7661 F1:0.4072
INFO:__main__:验证的best_acc:0.7525
INFO:__main__:----------------------------------------------------------------------------------------------------
INFO:__main__:
【train】epoch:1/150 loss:0.5064 acc:0.7431
INFO:__main__:
【val】epoch:1/150 loss:0.5371 acc:0.6888
INFO:__main__:
【Val】:  SENS: 0.8312  SPEC: 0.6309  PPV: 0.4776  NPV: 0.9020 F1:0.6066
INFO:__main__:验证的best_acc:0.7525
INFO:__main__:----------------------------------------------------------------------------------------------------
INFO:__main__:
【train】epoch:2/150 loss:0.4832 acc:0.7529
INFO:__main__:
【val】epoch:2/150 loss:0.4304 acc:0.8037
INFO:__main__:
【Val】:  SENS: 0.6494  SPEC: 0.8664  PPV: 0.6637  NPV: 0.8589 F1:0.6565
INFO:__main__:验证的best_acc:0.8037
INFO:__main__:----------------------------------------------------------------------------------------------------
INFO:__main__:
【train】epoch:3/150 loss:0.4597 acc:0.7729
INFO:__main__:
【val】epoch:3/150 loss:0.4715 acc:0.7325
INFO:__main__:
【Val】:  SENS: 0.8139  SPEC: 0.6995  PPV: 0.5237  NPV: 0.9025 F1:0.6373
INFO:__main__:验证的best_acc:0.8037
INFO:__main__:----------------------------------------------------------------------------------------------------
INFO:__main__:
【train】epoch:4/150 loss:0.4459 acc:0.7775
INFO:__main__:
【val】epoch:4/150 loss:0.4677 acc:0.7575
INFO:__main__:
【Val】:  SENS: 0.8788  SPEC: 0.7083  PPV: 0.5501  NPV: 0.9350 F1:0.6767
INFO:__main__:验证的best_acc:0.8037
INFO:__main__:----------------------------------------------------------------------------------------------------
INFO:__main__:
【train】epoch:5/150 loss:0.4300 acc:0.7912
INFO:__main__:
【val】epoch:5/150 loss:0.5033 acc:0.7300
INFO:__main__:
【Val】:  SENS: 0.7749  SPEC: 0.7118  PPV: 0.5219  NPV: 0.8862 F1:0.6237
INFO:__main__:验证的best_acc:0.8037
INFO:__main__:----------------------------------------------------------------------------------------------------
INFO:__main__:
【train】epoch:6/150 loss:0.4233 acc:0.7932
INFO:__main__:
【val】epoch:6/150 loss:0.4220 acc:0.8000
INFO:__main__:
【Val】:  SENS: 0.8095  SPEC: 0.7961  PPV: 0.6172  NPV: 0.9115 F1:0.7004
INFO:__main__:验证的best_acc:0.8037
INFO:__main__:----------------------------------------------------------------------------------------------------
INFO:__main__:
【train】epoch:7/150 loss:0.4059 acc:0.8071
INFO:__main__:
【val】epoch:7/150 loss:0.7981 acc:0.6350
INFO:__main__:
【Val】:  SENS: 0.9394  SPEC: 0.5114  PPV: 0.4384  NPV: 0.9541 F1:0.5978
INFO:__main__:验证的best_acc:0.8037
INFO:__main__:----------------------------------------------------------------------------------------------------
INFO:__main__:
【train】epoch:8/150 loss:0.3935 acc:0.8145
INFO:__main__:
【val】epoch:8/150 loss:0.4061 acc:0.8100
INFO:__main__:
【Val】:  SENS: 0.8182  SPEC: 0.8067  PPV: 0.6321  NPV: 0.9162 F1:0.7132
INFO:__main__:验证的best_acc:0.8100
INFO:__main__:----------------------------------------------------------------------------------------------------
INFO:__main__:
【train】epoch:9/150 loss:0.3649 acc:0.8318
INFO:__main__:
【val】epoch:9/150 loss:0.4960 acc:0.7887
INFO:__main__:
【Val】:  SENS: 0.8874  SPEC: 0.7487  PPV: 0.5891  NPV: 0.9425 F1:0.7081
INFO:__main__:验证的best_acc:0.8100
INFO:__main__:----------------------------------------------------------------------------------------------------
INFO:__main__:
【train】epoch:10/150 loss:0.3497 acc:0.8415
INFO:__main__:
【val】epoch:10/150 loss:0.3691 acc:0.8250
INFO:__main__:
【Val】:  SENS: 0.7532  SPEC: 0.8541  PPV: 0.6770  NPV: 0.8950 F1:0.7131
INFO:__main__:验证的best_acc:0.8250
INFO:__main__:----------------------------------------------------------------------------------------------------
INFO:__main__:
【train】epoch:11/150 loss:0.3323 acc:0.8516
INFO:__main__:
【val】epoch:11/150 loss:0.3764 acc:0.8350
INFO:__main__:
【Val】:  SENS: 0.7446  SPEC: 0.8717  PPV: 0.7020  NPV: 0.8937 F1:0.7227
INFO:__main__:验证的best_acc:0.8350
INFO:__main__:----------------------------------------------------------------------------------------------------
INFO:__main__:
【train】epoch:12/150 loss:0.3132 acc:0.8601
INFO:__main__:
【val】epoch:12/150 loss:0.3752 acc:0.8350
INFO:__main__:
【Val】:  SENS: 0.8485  SPEC: 0.8295  PPV: 0.6689  NPV: 0.9310 F1:0.7481
INFO:__main__:验证的best_acc:0.8350
INFO:__main__:----------------------------------------------------------------------------------------------------
INFO:__main__:
【train】epoch:13/150 loss:0.3046 acc:0.8670
INFO:__main__:
【val】epoch:13/150 loss:0.5148 acc:0.7962
INFO:__main__:
【Val】:  SENS: 0.2987  SPEC: 0.9982  PPV: 0.9857  NPV: 0.7781 F1:0.4585
INFO:__main__:验证的best_acc:0.8350
INFO:__main__:----------------------------------------------------------------------------------------------------
INFO:__main__:
【train】epoch:14/150 loss:0.3093 acc:0.8601
INFO:__main__:
【val】epoch:14/150 loss:0.3131 acc:0.8725
INFO:__main__:
【Val】:  SENS: 0.6753  SPEC: 0.9525  PPV: 0.8525  NPV: 0.8784 F1:0.7536
INFO:__main__:验证的best_acc:0.8725
INFO:__main__:----------------------------------------------------------------------------------------------------
INFO:__main__:
【train】epoch:15/150 loss:0.3062 acc:0.8664
INFO:__main__:
【val】epoch:15/150 loss:0.3226 acc:0.8500
INFO:__main__:
【Val】:  SENS: 0.8268  SPEC: 0.8594  PPV: 0.7048  NPV: 0.9244 F1:0.7610
INFO:__main__:验证的best_acc:0.8725
INFO:__main__:----------------------------------------------------------------------------------------------------
INFO:__main__:
【train】epoch:16/150 loss:0.2843 acc:0.8776
INFO:__main__:
【val】epoch:16/150 loss:0.2857 acc:0.8825
INFO:__main__:
【Val】:  SENS: 0.7056  SPEC: 0.9543  PPV: 0.8624  NPV: 0.8887 F1:0.7762
INFO:__main__:验证的best_acc:0.8825
INFO:__main__:----------------------------------------------------------------------------------------------------
INFO:__main__:
【train】epoch:17/150 loss:0.2823 acc:0.8767
INFO:__main__:
【val】epoch:17/150 loss:0.3158 acc:0.8650
INFO:__main__:
【Val】:  SENS: 0.6494  SPEC: 0.9525  PPV: 0.8475  NPV: 0.8700 F1:0.7353
INFO:__main__:验证的best_acc:0.8825
INFO:__main__:----------------------------------------------------------------------------------------------------
INFO:__main__:
【train】epoch:18/150 loss:0.2711 acc:0.8836
INFO:__main__:
【val】epoch:18/150 loss:0.3273 acc:0.8587
INFO:__main__:
【Val】:  SENS: 0.7100  SPEC: 0.9192  PPV: 0.7810  NPV: 0.8864 F1:0.7438
INFO:__main__:验证的best_acc:0.8825
INFO:__main__:----------------------------------------------------------------------------------------------------
INFO:__main__:
【train】epoch:19/150 loss:0.2553 acc:0.8893
INFO:__main__:
【val】epoch:19/150 loss:0.2857 acc:0.8775
INFO:__main__:
【Val】:  SENS: 0.7100  SPEC: 0.9455  PPV: 0.8410  NPV: 0.8893 F1:0.7700
INFO:__main__:验证的best_acc:0.8825
INFO:__main__:----------------------------------------------------------------------------------------------------
INFO:__main__:
【train】epoch:20/150 loss:0.2527 acc:0.8871
INFO:__main__:
【val】epoch:20/150 loss:0.2537 acc:0.8913
INFO:__main__:
【Val】:  SENS: 0.7706  SPEC: 0.9402  PPV: 0.8396  NPV: 0.9099 F1:0.8036
INFO:__main__:验证的best_acc:0.8913
INFO:__main__:----------------------------------------------------------------------------------------------------
INFO:__main__:
【train】epoch:21/150 loss:0.2451 acc:0.8936
INFO:__main__:
【val】epoch:21/150 loss:0.2923 acc:0.8750
INFO:__main__:
【Val】:  SENS: 0.7056  SPEC: 0.9438  PPV: 0.8359  NPV: 0.8876 F1:0.7653
INFO:__main__:验证的best_acc:0.8913
INFO:__main__:----------------------------------------------------------------------------------------------------
INFO:__main__:
【train】epoch:22/150 loss:0.2367 acc:0.8967
INFO:__main__:
【val】epoch:22/150 loss:0.2973 acc:0.8687
INFO:__main__:
【Val】:  SENS: 0.7576  SPEC: 0.9139  PPV: 0.7812  NPV: 0.9028 F1:0.7692
INFO:__main__:验证的best_acc:0.8913
INFO:__main__:----------------------------------------------------------------------------------------------------
INFO:__main__:
【train】epoch:23/150 loss:0.2341 acc:0.8999
INFO:__main__:
【val】epoch:23/150 loss:0.3038 acc:0.8662
INFO:__main__:
【Val】:  SENS: 0.8095  SPEC: 0.8893  PPV: 0.7480  NPV: 0.9200 F1:0.7775
INFO:__main__:验证的best_acc:0.8913
INFO:__main__:----------------------------------------------------------------------------------------------------
INFO:__main__:
【train】epoch:24/150 loss:0.2235 acc:0.9047
INFO:__main__:
【val】epoch:24/150 loss:0.3168 acc:0.8700
INFO:__main__:
【Val】:  SENS: 0.7316  SPEC: 0.9262  PPV: 0.8009  NPV: 0.8947 F1:0.7647
INFO:__main__:验证的best_acc:0.8913
INFO:__main__:----------------------------------------------------------------------------------------------------
INFO:__main__:
【train】epoch:25/150 loss:0.2187 acc:0.9013
INFO:__main__:
【val】epoch:25/150 loss:0.2718 acc:0.8788
INFO:__main__:
【Val】:  SENS: 0.8009  SPEC: 0.9104  PPV: 0.7839  NPV: 0.9184 F1:0.7923
INFO:__main__:验证的best_acc:0.8913
INFO:__main__:----------------------------------------------------------------------------------------------------
INFO:__main__:
【train】epoch:26/150 loss:0.2183 acc:0.9069
INFO:__main__:
【val】epoch:26/150 loss:0.3013 acc:0.8888
INFO:__main__:
【Val】:  SENS: 0.7489  SPEC: 0.9455  PPV: 0.8480  NPV: 0.9027 F1:0.7954
INFO:__main__:验证的best_acc:0.8913
INFO:__main__:----------------------------------------------------------------------------------------------------
INFO:__main__:
【train】epoch:27/150 loss:0.2119 acc:0.9067
INFO:__main__:
【val】epoch:27/150 loss:0.3497 acc:0.8800
INFO:__main__:
【Val】:  SENS: 0.7013  SPEC: 0.9525  PPV: 0.8571  NPV: 0.8871 F1:0.7714
INFO:__main__:验证的best_acc:0.8913
INFO:__main__:----------------------------------------------------------------------------------------------------
INFO:__main__:
【train】epoch:28/150 loss:0.2118 acc:0.9108
INFO:__main__:
【val】epoch:28/150 loss:0.3532 acc:0.8737
INFO:__main__:
【Val】:  SENS: 0.6710  SPEC: 0.9561  PPV: 0.8611  NPV: 0.8774 F1:0.7543
INFO:__main__:验证的best_acc:0.8913
INFO:__main__:----------------------------------------------------------------------------------------------------
INFO:__main__:
【train】epoch:29/150 loss:0.1847 acc:0.9197
INFO:__main__:
【val】epoch:29/150 loss:0.3534 acc:0.8612
INFO:__main__:
【Val】:  SENS: 0.8009  SPEC: 0.8858  PPV: 0.7400  NPV: 0.9164 F1:0.7692
INFO:__main__:验证的best_acc:0.8913
INFO:__main__:----------------------------------------------------------------------------------------------------
INFO:__main__:
【train】epoch:30/150 loss:0.1899 acc:0.9209
INFO:__main__:
【val】epoch:30/150 loss:0.2639 acc:0.8850
INFO:__main__:
【Val】:  SENS: 0.8052  SPEC: 0.9174  PPV: 0.7983  NPV: 0.9206 F1:0.8017
INFO:__main__:验证的best_acc:0.8913
INFO:__main__:----------------------------------------------------------------------------------------------------
INFO:__main__:
【train】epoch:31/150 loss:0.1849 acc:0.9221
INFO:__main__:
【val】epoch:31/150 loss:0.2775 acc:0.8813
INFO:__main__:
【Val】:  SENS: 0.7013  SPEC: 0.9543  PPV: 0.8617  NPV: 0.8873 F1:0.7733
INFO:__main__:验证的best_acc:0.8913
INFO:__main__:----------------------------------------------------------------------------------------------------
INFO:__main__:
【train】epoch:32/150 loss:0.1774 acc:0.9242
INFO:__main__:
【val】epoch:32/150 loss:0.2866 acc:0.8938
INFO:__main__:
【Val】:  SENS: 0.7489  SPEC: 0.9525  PPV: 0.8650  NPV: 0.9033 F1:0.8028
INFO:__main__:验证的best_acc:0.8938
INFO:__main__:----------------------------------------------------------------------------------------------------
INFO:__main__:
【train】epoch:33/150 loss:0.1796 acc:0.9248
INFO:__main__:
【val】epoch:33/150 loss:0.3828 acc:0.8687
INFO:__main__:
【Val】:  SENS: 0.7100  SPEC: 0.9332  PPV: 0.8119  NPV: 0.8880 F1:0.7575
INFO:__main__:验证的best_acc:0.8938
INFO:__main__:----------------------------------------------------------------------------------------------------
INFO:__main__:
【train】epoch:34/150 loss:0.1813 acc:0.9238
INFO:__main__:
【val】epoch:34/150 loss:0.4306 acc:0.8575
INFO:__main__:
【Val】:  SENS: 0.6623  SPEC: 0.9367  PPV: 0.8095  NPV: 0.8723 F1:0.7286
INFO:__main__:验证的best_acc:0.8938
INFO:__main__:----------------------------------------------------------------------------------------------------
INFO:__main__:
【train】epoch:35/150 loss:0.1764 acc:0.9272
INFO:__main__:
【val】epoch:35/150 loss:0.3012 acc:0.8900
INFO:__main__:
【Val】:  SENS: 0.7489  SPEC: 0.9473  PPV: 0.8522  NPV: 0.9028 F1:0.7972
INFO:__main__:验证的best_acc:0.8938
INFO:__main__:----------------------------------------------------------------------------------------------------
INFO:__main__:
【train】epoch:36/150 loss:0.1683 acc:0.9272
INFO:__main__:
【val】epoch:36/150 loss:0.2935 acc:0.8763
INFO:__main__:
【Val】:  SENS: 0.6753  SPEC: 0.9578  PPV: 0.8667  NPV: 0.8790 F1:0.7591
INFO:__main__:验证的best_acc:0.8938
INFO:__main__:----------------------------------------------------------------------------------------------------
INFO:__main__:
【train】epoch:37/150 loss:0.1685 acc:0.9300
INFO:__main__:
【val】epoch:37/150 loss:0.3027 acc:0.8662
INFO:__main__:
【Val】:  SENS: 0.6450  SPEC: 0.9561  PPV: 0.8563  NPV: 0.8690 F1:0.7358
INFO:__main__:验证的best_acc:0.8938
INFO:__main__:----------------------------------------------------------------------------------------------------
INFO:__main__:
【train】epoch:38/150 loss:0.1630 acc:0.9337
INFO:__main__:
【val】epoch:38/150 loss:0.3013 acc:0.8913
INFO:__main__:
【Val】:  SENS: 0.7359  SPEC: 0.9543  PPV: 0.8673  NPV: 0.8990 F1:0.7963
INFO:__main__:验证的best_acc:0.8938
INFO:__main__:----------------------------------------------------------------------------------------------------
INFO:__main__:
【train】epoch:39/150 loss:0.1416 acc:0.9417
INFO:__main__:
【val】epoch:39/150 loss:0.2613 acc:0.9025
INFO:__main__:
【Val】:  SENS: 0.7446  SPEC: 0.9666  PPV: 0.9005  NPV: 0.9031 F1:0.8152
INFO:__main__:验证的best_acc:0.9025
INFO:__main__:----------------------------------------------------------------------------------------------------
INFO:__main__:
【train】epoch:40/150 loss:0.1329 acc:0.9444
INFO:__main__:
【val】epoch:40/150 loss:0.4395 acc:0.8600
INFO:__main__:
【Val】:  SENS: 0.5887  SPEC: 0.9701  PPV: 0.8889  NPV: 0.8532 F1:0.7083
INFO:__main__:验证的best_acc:0.9025
INFO:__main__:----------------------------------------------------------------------------------------------------
INFO:__main__:
【train】epoch:41/150 loss:0.1374 acc:0.9423
INFO:__main__:
【val】epoch:41/150 loss:0.2782 acc:0.8888
INFO:__main__:
【Val】:  SENS: 0.7619  SPEC: 0.9402  PPV: 0.8381  NPV: 0.9068 F1:0.7982
INFO:__main__:验证的best_acc:0.9025
INFO:__main__:----------------------------------------------------------------------------------------------------
INFO:__main__:
【train】epoch:42/150 loss:0.1378 acc:0.9437
INFO:__main__:
【val】epoch:42/150 loss:0.3078 acc:0.8763
INFO:__main__:
【Val】:  SENS: 0.7403  SPEC: 0.9315  PPV: 0.8143  NPV: 0.8983 F1:0.7755
INFO:__main__:验证的best_acc:0.9025
INFO:__main__:----------------------------------------------------------------------------------------------------
INFO:__main__:
【train】epoch:43/150 loss:0.1348 acc:0.9469
INFO:__main__:
【val】epoch:43/150 loss:0.2375 acc:0.9087
INFO:__main__:
【Val】:  SENS: 0.8312  SPEC: 0.9402  PPV: 0.8496  NPV: 0.9321 F1:0.8403
INFO:__main__:验证的best_acc:0.9087
INFO:__main__:----------------------------------------------------------------------------------------------------
INFO:__main__:
【train】epoch:44/150 loss:0.1333 acc:0.9467
INFO:__main__:
【val】epoch:44/150 loss:0.5304 acc:0.8562
INFO:__main__:
【Val】:  SENS: 0.5671  SPEC: 0.9736  PPV: 0.8973  NPV: 0.8471 F1:0.6950
INFO:__main__:验证的best_acc:0.9087
INFO:__main__:----------------------------------------------------------------------------------------------------
INFO:__main__:
【train】epoch:45/150 loss:0.1311 acc:0.9479
INFO:__main__:
【val】epoch:45/150 loss:0.2445 acc:0.8950
INFO:__main__:
【Val】:  SENS: 0.8874  SPEC: 0.8981  PPV: 0.7795  NPV: 0.9516 F1:0.8300
INFO:__main__:验证的best_acc:0.9087
INFO:__main__:----------------------------------------------------------------------------------------------------
INFO:__main__:
【train】epoch:46/150 loss:0.1308 acc:0.9458
INFO:__main__:
【val】epoch:46/150 loss:0.3517 acc:0.9038
INFO:__main__:
【Val】:  SENS: 0.7532  SPEC: 0.9649  PPV: 0.8969  NPV: 0.9059 F1:0.8188
INFO:__main__:验证的best_acc:0.9087
INFO:__main__:----------------------------------------------------------------------------------------------------
INFO:__main__:
【train】epoch:47/150 loss:0.1273 acc:0.9506
INFO:__main__:
【val】epoch:47/150 loss:0.2833 acc:0.9013
INFO:__main__:
【Val】:  SENS: 0.7879  SPEC: 0.9473  PPV: 0.8585  NPV: 0.9167 F1:0.8217
INFO:__main__:验证的best_acc:0.9087
INFO:__main__:----------------------------------------------------------------------------------------------------
INFO:__main__:
【train】epoch:48/150 loss:0.1186 acc:0.9540
INFO:__main__:
【val】epoch:48/150 loss:0.4004 acc:0.8788
INFO:__main__:
【Val】:  SENS: 0.7316  SPEC: 0.9385  PPV: 0.8284  NPV: 0.8960 F1:0.7770
INFO:__main__:验证的best_acc:0.9087
INFO:__main__:----------------------------------------------------------------------------------------------------
INFO:__main__:
【train】epoch:49/150 loss:0.1113 acc:0.9559
INFO:__main__:
【val】epoch:49/150 loss:0.2634 acc:0.9013
INFO:__main__:
【Val】:  SENS: 0.8225  SPEC: 0.9332  PPV: 0.8333  NPV: 0.9283 F1:0.8279
INFO:__main__:验证的best_acc:0.9087
INFO:__main__:----------------------------------------------------------------------------------------------------
INFO:__main__:
【train】epoch:50/150 loss:0.0972 acc:0.9611
INFO:__main__:
【val】epoch:50/150 loss:0.2647 acc:0.9050
INFO:__main__:
【Val】:  SENS: 0.8312  SPEC: 0.9350  PPV: 0.8384  NPV: 0.9317 F1:0.8348
INFO:__main__:验证的best_acc:0.9087
INFO:__main__:----------------------------------------------------------------------------------------------------
INFO:__main__:
【train】epoch:51/150 loss:0.0974 acc:0.9600
INFO:__main__:
【val】epoch:51/150 loss:0.3286 acc:0.8975
INFO:__main__:
【Val】:  SENS: 0.7835  SPEC: 0.9438  PPV: 0.8498  NPV: 0.9148 F1:0.8153
INFO:__main__:验证的best_acc:0.9087
INFO:__main__:----------------------------------------------------------------------------------------------------
INFO:__main__:
【train】epoch:52/150 loss:0.1083 acc:0.9574
INFO:__main__:
【val】epoch:52/150 loss:0.3503 acc:0.8975
INFO:__main__:
【Val】:  SENS: 0.7316  SPEC: 0.9649  PPV: 0.8942  NPV: 0.8985 F1:0.8048
INFO:__main__:验证的best_acc:0.9087
INFO:__main__:----------------------------------------------------------------------------------------------------
INFO:__main__:
【train】epoch:53/150 loss:0.0990 acc:0.9588
INFO:__main__:
【val】epoch:53/150 loss:0.3388 acc:0.8975
INFO:__main__:
【Val】:  SENS: 0.8009  SPEC: 0.9367  PPV: 0.8371  NPV: 0.9206 F1:0.8186
INFO:__main__:验证的best_acc:0.9087
INFO:__main__:----------------------------------------------------------------------------------------------------
INFO:__main__:
【train】epoch:54/150 loss:0.1027 acc:0.9611
INFO:__main__:
【val】epoch:54/150 loss:0.2463 acc:0.9162
INFO:__main__:
【Val】:  SENS: 0.8095  SPEC: 0.9596  PPV: 0.8905  NPV: 0.9254 F1:0.8481
INFO:__main__:验证的best_acc:0.9162
INFO:__main__:----------------------------------------------------------------------------------------------------
INFO:__main__:
【train】epoch:55/150 loss:0.1044 acc:0.9585
INFO:__main__:
【val】epoch:55/150 loss:0.2739 acc:0.8988
INFO:__main__:
【Val】:  SENS: 0.8398  SPEC: 0.9227  PPV: 0.8151  NPV: 0.9342 F1:0.8273
INFO:__main__:验证的best_acc:0.9162
INFO:__main__:----------------------------------------------------------------------------------------------------
INFO:__main__:
【train】epoch:56/150 loss:0.0967 acc:0.9621
INFO:__main__:
【val】epoch:56/150 loss:0.3346 acc:0.9000
INFO:__main__:
【Val】:  SENS: 0.7879  SPEC: 0.9455  PPV: 0.8545  NPV: 0.9165 F1:0.8198
INFO:__main__:验证的best_acc:0.9162
INFO:__main__:----------------------------------------------------------------------------------------------------
INFO:__main__:
【train】epoch:57/150 loss:0.0926 acc:0.9632
INFO:__main__:
【val】epoch:57/150 loss:0.4625 acc:0.8938
INFO:__main__:
【Val】:  SENS: 0.7273  SPEC: 0.9613  PPV: 0.8842  NPV: 0.8967 F1:0.7981
INFO:__main__:验证的best_acc:0.9162
INFO:__main__:----------------------------------------------------------------------------------------------------
INFO:__main__:
【train】epoch:58/150 loss:0.0983 acc:0.9635
INFO:__main__:
【val】epoch:58/150 loss:0.2957 acc:0.9075
INFO:__main__:
【Val】:  SENS: 0.7922  SPEC: 0.9543  PPV: 0.8756  NPV: 0.9188 F1:0.8318
INFO:__main__:验证的best_acc:0.9162
INFO:__main__:----------------------------------------------------------------------------------------------------
INFO:__main__:
【train】epoch:59/150 loss:0.0761 acc:0.9703
INFO:__main__:
【val】epoch:59/150 loss:0.2493 acc:0.9187
INFO:__main__:
【Val】:  SENS: 0.8225  SPEC: 0.9578  PPV: 0.8879  NPV: 0.9300 F1:0.8539
INFO:__main__:验证的best_acc:0.9187
INFO:__main__:----------------------------------------------------------------------------------------------------
INFO:__main__:
【train】epoch:60/150 loss:0.0816 acc:0.9681
INFO:__main__:
【val】epoch:60/150 loss:0.2494 acc:0.9100
INFO:__main__:
【Val】:  SENS: 0.8355  SPEC: 0.9402  PPV: 0.8502  NPV: 0.9337 F1:0.8428
INFO:__main__:验证的best_acc:0.9187
INFO:__main__:----------------------------------------------------------------------------------------------------
INFO:__main__:
【train】epoch:61/150 loss:0.0819 acc:0.9691
INFO:__main__:
【val】epoch:61/150 loss:0.2502 acc:0.9050
INFO:__main__:
【Val】:  SENS: 0.8355  SPEC: 0.9332  PPV: 0.8355  NPV: 0.9332 F1:0.8355
INFO:__main__:验证的best_acc:0.9187
INFO:__main__:----------------------------------------------------------------------------------------------------
INFO:__main__:
【train】epoch:62/150 loss:0.0773 acc:0.9703
INFO:__main__:
【val】epoch:62/150 loss:0.3159 acc:0.9025
INFO:__main__:
【Val】:  SENS: 0.7922  SPEC: 0.9473  PPV: 0.8592  NPV: 0.9182 F1:0.8243
INFO:__main__:验证的best_acc:0.9187
INFO:__main__:----------------------------------------------------------------------------------------------------
INFO:__main__:
【train】epoch:63/150 loss:0.0702 acc:0.9725
INFO:__main__:
【val】epoch:63/150 loss:0.2973 acc:0.9100
INFO:__main__:
【Val】:  SENS: 0.7922  SPEC: 0.9578  PPV: 0.8841  NPV: 0.9191 F1:0.8356
INFO:__main__:验证的best_acc:0.9187
INFO:__main__:----------------------------------------------------------------------------------------------------
INFO:__main__:
【train】epoch:64/150 loss:0.0765 acc:0.9707
INFO:__main__:
【val】epoch:64/150 loss:0.2416 acc:0.9162
INFO:__main__:
【Val】:  SENS: 0.8658  SPEC: 0.9367  PPV: 0.8475  NPV: 0.9450 F1:0.8565
INFO:__main__:验证的best_acc:0.9187
INFO:__main__:----------------------------------------------------------------------------------------------------
INFO:__main__:
【train】epoch:65/150 loss:0.0705 acc:0.9751
INFO:__main__:
【val】epoch:65/150 loss:0.3634 acc:0.9025
INFO:__main__:
【Val】:  SENS: 0.7446  SPEC: 0.9666  PPV: 0.9005  NPV: 0.9031 F1:0.8152
INFO:__main__:验证的best_acc:0.9187
INFO:__main__:----------------------------------------------------------------------------------------------------
INFO:__main__:
【train】epoch:66/150 loss:0.0699 acc:0.9716
INFO:__main__:
【val】epoch:66/150 loss:0.2949 acc:0.9100
INFO:__main__:
【Val】:  SENS: 0.8009  SPEC: 0.9543  PPV: 0.8768  NPV: 0.9219 F1:0.8371
INFO:__main__:验证的best_acc:0.9187
INFO:__main__:----------------------------------------------------------------------------------------------------
INFO:__main__:
【train】epoch:67/150 loss:0.0692 acc:0.9724
INFO:__main__:
【val】epoch:67/150 loss:0.3065 acc:0.9013
INFO:__main__:
【Val】:  SENS: 0.8398  SPEC: 0.9262  PPV: 0.8220  NPV: 0.9344 F1:0.8308
INFO:__main__:验证的best_acc:0.9187
INFO:__main__:----------------------------------------------------------------------------------------------------
INFO:__main__:
【train】epoch:68/150 loss:0.0711 acc:0.9719
INFO:__main__:
【val】epoch:68/150 loss:0.2676 acc:0.9187
INFO:__main__:
【Val】:  SENS: 0.8139  SPEC: 0.9613  PPV: 0.8952  NPV: 0.9271 F1:0.8526
INFO:__main__:验证的best_acc:0.9187
INFO:__main__:----------------------------------------------------------------------------------------------------
INFO:__main__:
【train】epoch:69/150 loss:0.0644 acc:0.9748
INFO:__main__:
【val】epoch:69/150 loss:0.3280 acc:0.9075
INFO:__main__:
【Val】:  SENS: 0.8312  SPEC: 0.9385  PPV: 0.8458  NPV: 0.9319 F1:0.8384
INFO:__main__:验证的best_acc:0.9187
INFO:__main__:----------------------------------------------------------------------------------------------------
INFO:__main__:
【train】epoch:70/150 loss:0.0555 acc:0.9784
INFO:__main__:
【val】epoch:70/150 loss:0.2976 acc:0.8950
INFO:__main__:
【Val】:  SENS: 0.8225  SPEC: 0.9244  PPV: 0.8155  NPV: 0.9277 F1:0.8190
INFO:__main__:验证的best_acc:0.9187
INFO:__main__:----------------------------------------------------------------------------------------------------
INFO:__main__:
【train】epoch:71/150 loss:0.0556 acc:0.9814
INFO:__main__:
【val】epoch:71/150 loss:0.2810 acc:0.9175
INFO:__main__:
【Val】:  SENS: 0.8355  SPEC: 0.9508  PPV: 0.8733  NPV: 0.9344 F1:0.8540
INFO:__main__:验证的best_acc:0.9187
INFO:__main__:----------------------------------------------------------------------------------------------------
INFO:__main__:
【train】epoch:72/150 loss:0.0497 acc:0.9811
INFO:__main__:
【val】epoch:72/150 loss:0.2933 acc:0.9013
INFO:__main__:
【Val】:  SENS: 0.7965  SPEC: 0.9438  PPV: 0.8519  NPV: 0.9195 F1:0.8233
INFO:__main__:验证的best_acc:0.9187
INFO:__main__:----------------------------------------------------------------------------------------------------
INFO:__main__:
【train】epoch:73/150 loss:0.0561 acc:0.9802
INFO:__main__:
【val】epoch:73/150 loss:0.2401 acc:0.9162
INFO:__main__:
【Val】:  SENS: 0.8571  SPEC: 0.9402  PPV: 0.8534  NPV: 0.9419 F1:0.8553
INFO:__main__:验证的best_acc:0.9187
INFO:__main__:----------------------------------------------------------------------------------------------------
INFO:__main__:
【train】epoch:74/150 loss:0.0549 acc:0.9787
INFO:__main__:
【val】epoch:74/150 loss:0.3262 acc:0.9225
INFO:__main__:
【Val】:  SENS: 0.7879  SPEC: 0.9772  PPV: 0.9333  NPV: 0.9190 F1:0.8545
INFO:__main__:验证的best_acc:0.9225
INFO:__main__:----------------------------------------------------------------------------------------------------
INFO:__main__:
【train】epoch:75/150 loss:0.0535 acc:0.9777
INFO:__main__:
【val】epoch:75/150 loss:0.3871 acc:0.9000
INFO:__main__:
【Val】:  SENS: 0.7749  SPEC: 0.9508  PPV: 0.8647  NPV: 0.9123 F1:0.8174
INFO:__main__:验证的best_acc:0.9225
INFO:__main__:----------------------------------------------------------------------------------------------------
INFO:__main__:
【train】epoch:76/150 loss:0.0529 acc:0.9811
INFO:__main__:
【val】epoch:76/150 loss:0.2990 acc:0.9187
INFO:__main__:
【Val】:  SENS: 0.7965  SPEC: 0.9684  PPV: 0.9109  NPV: 0.9214 F1:0.8499
INFO:__main__:验证的best_acc:0.9225
INFO:__main__:----------------------------------------------------------------------------------------------------
INFO:__main__:
【train】epoch:77/150 loss:0.0523 acc:0.9798
INFO:__main__:
【val】epoch:77/150 loss:0.3956 acc:0.9050
INFO:__main__:
【Val】:  SENS: 0.7532  SPEC: 0.9666  PPV: 0.9016  NPV: 0.9061 F1:0.8208
INFO:__main__:验证的best_acc:0.9225
INFO:__main__:----------------------------------------------------------------------------------------------------
INFO:__main__:
【train】epoch:78/150 loss:0.0509 acc:0.9798
INFO:__main__:
【val】epoch:78/150 loss:0.2651 acc:0.9175
INFO:__main__:
【Val】:  SENS: 0.9004  SPEC: 0.9244  PPV: 0.8287  NPV: 0.9581 F1:0.8631
INFO:__main__:验证的best_acc:0.9225
INFO:__main__:----------------------------------------------------------------------------------------------------
INFO:__main__:
【train】epoch:79/150 loss:0.0479 acc:0.9817
INFO:__main__:
【val】epoch:79/150 loss:0.2650 acc:0.9237
INFO:__main__:
【Val】:  SENS: 0.8182  SPEC: 0.9666  PPV: 0.9087  NPV: 0.9291 F1:0.8610
INFO:__main__:验证的best_acc:0.9237
INFO:__main__:----------------------------------------------------------------------------------------------------
INFO:__main__:
【train】epoch:80/150 loss:0.0430 acc:0.9834
INFO:__main__:
【val】epoch:80/150 loss:0.2635 acc:0.9187
INFO:__main__:
【Val】:  SENS: 0.8961  SPEC: 0.9279  PPV: 0.8347  NPV: 0.9565 F1:0.8643
INFO:__main__:验证的best_acc:0.9237
INFO:__main__:----------------------------------------------------------------------------------------------------
INFO:__main__:
【train】epoch:81/150 loss:0.0414 acc:0.9855
INFO:__main__:
【val】epoch:81/150 loss:0.2939 acc:0.9225
INFO:__main__:
【Val】:  SENS: 0.7749  SPEC: 0.9824  PPV: 0.9471  NPV: 0.9149 F1:0.8524
INFO:__main__:验证的best_acc:0.9237
INFO:__main__:----------------------------------------------------------------------------------------------------
INFO:__main__:
【train】epoch:82/150 loss:0.0350 acc:0.9897
INFO:__main__:
【val】epoch:82/150 loss:0.2494 acc:0.9237
INFO:__main__:
【Val】:  SENS: 0.8355  SPEC: 0.9596  PPV: 0.8935  NPV: 0.9349 F1:0.8635
INFO:__main__:验证的best_acc:0.9237
INFO:__main__:----------------------------------------------------------------------------------------------------
INFO:__main__:
【train】epoch:83/150 loss:0.0403 acc:0.9858
INFO:__main__:
【val】epoch:83/150 loss:0.2477 acc:0.9137
INFO:__main__:
【Val】:  SENS: 0.8398  SPEC: 0.9438  PPV: 0.8584  NPV: 0.9355 F1:0.8490
INFO:__main__:验证的best_acc:0.9237
INFO:__main__:----------------------------------------------------------------------------------------------------
INFO:__main__:
【train】epoch:84/150 loss:0.0405 acc:0.9854
INFO:__main__:
【val】epoch:84/150 loss:0.2651 acc:0.9287
INFO:__main__:
【Val】:  SENS: 0.8528  SPEC: 0.9596  PPV: 0.8955  NPV: 0.9414 F1:0.8736
INFO:__main__:验证的best_acc:0.9287
INFO:__main__:----------------------------------------------------------------------------------------------------
INFO:__main__:
【train】epoch:85/150 loss:0.0393 acc:0.9858
INFO:__main__:
【val】epoch:85/150 loss:0.3980 acc:0.9038
INFO:__main__:
【Val】:  SENS: 0.8139  SPEC: 0.9402  PPV: 0.8468  NPV: 0.9256 F1:0.8300
INFO:__main__:验证的best_acc:0.9287
INFO:__main__:----------------------------------------------------------------------------------------------------
INFO:__main__:
【train】epoch:86/150 loss:0.0346 acc:0.9869
INFO:__main__:
【val】epoch:86/150 loss:0.2471 acc:0.9350
INFO:__main__:
【Val】:  SENS: 0.8788  SPEC: 0.9578  PPV: 0.8943  NPV: 0.9511 F1:0.8865
INFO:__main__:验证的best_acc:0.9350
INFO:__main__:----------------------------------------------------------------------------------------------------
INFO:__main__:
【train】epoch:87/150 loss:0.0389 acc:0.9870
INFO:__main__:
【val】epoch:87/150 loss:0.3132 acc:0.9100
INFO:__main__:
【Val】:  SENS: 0.8615  SPEC: 0.9297  PPV: 0.8326  NPV: 0.9430 F1:0.8468
INFO:__main__:验证的best_acc:0.9350
INFO:__main__:----------------------------------------------------------------------------------------------------
INFO:__main__:
【train】epoch:88/150 loss:0.0404 acc:0.9854
INFO:__main__:
【val】epoch:88/150 loss:0.2678 acc:0.9225
INFO:__main__:
【Val】:  SENS: 0.8312  SPEC: 0.9596  PPV: 0.8930  NPV: 0.9333 F1:0.8610
INFO:__main__:验证的best_acc:0.9350
INFO:__main__:----------------------------------------------------------------------------------------------------
INFO:__main__:
【train】epoch:89/150 loss:0.0337 acc:0.9882
INFO:__main__:
【val】epoch:89/150 loss:0.2505 acc:0.9212
INFO:__main__:
【Val】:  SENS: 0.8052  SPEC: 0.9684  PPV: 0.9118  NPV: 0.9245 F1:0.8552
INFO:__main__:验证的best_acc:0.9350
INFO:__main__:----------------------------------------------------------------------------------------------------
INFO:__main__:
【train】epoch:90/150 loss:0.0234 acc:0.9926
INFO:__main__:
【val】epoch:90/150 loss:0.2712 acc:0.9225
INFO:__main__:
【Val】:  SENS: 0.8615  SPEC: 0.9473  PPV: 0.8690  NPV: 0.9440 F1:0.8652
INFO:__main__:验证的best_acc:0.9350
INFO:__main__:----------------------------------------------------------------------------------------------------
INFO:__main__:
【train】epoch:91/150 loss:0.0296 acc:0.9879
INFO:__main__:
【val】epoch:91/150 loss:0.2377 acc:0.9262
INFO:__main__:
【Val】:  SENS: 0.8485  SPEC: 0.9578  PPV: 0.8909  NPV: 0.9397 F1:0.8692
INFO:__main__:验证的best_acc:0.9350
INFO:__main__:----------------------------------------------------------------------------------------------------
INFO:__main__:
【train】epoch:92/150 loss:0.0265 acc:0.9914
INFO:__main__:
【val】epoch:92/150 loss:0.3369 acc:0.9125
INFO:__main__:
【Val】:  SENS: 0.7965  SPEC: 0.9596  PPV: 0.8889  NPV: 0.9207 F1:0.8402
INFO:__main__:验证的best_acc:0.9350
INFO:__main__:----------------------------------------------------------------------------------------------------
INFO:__main__:
【train】epoch:93/150 loss:0.0264 acc:0.9902
INFO:__main__:
【val】epoch:93/150 loss:0.2653 acc:0.9200
INFO:__main__:
【Val】:  SENS: 0.8658  SPEC: 0.9420  PPV: 0.8584  NPV: 0.9453 F1:0.8621
INFO:__main__:验证的best_acc:0.9350
INFO:__main__:----------------------------------------------------------------------------------------------------
INFO:__main__:
【train】epoch:94/150 loss:0.0250 acc:0.9925
INFO:__main__:
【val】epoch:94/150 loss:0.3515 acc:0.9200
INFO:__main__:
【Val】:  SENS: 0.7965  SPEC: 0.9701  PPV: 0.9154  NPV: 0.9215 F1:0.8519
INFO:__main__:验证的best_acc:0.9350
INFO:__main__:----------------------------------------------------------------------------------------------------
INFO:__main__:
【train】epoch:95/150 loss:0.0275 acc:0.9905
INFO:__main__:
【val】epoch:95/150 loss:0.3340 acc:0.9175
INFO:__main__:
【Val】:  SENS: 0.7965  SPEC: 0.9666  PPV: 0.9064  NPV: 0.9213 F1:0.8479
INFO:__main__:验证的best_acc:0.9350
INFO:__main__:----------------------------------------------------------------------------------------------------
INFO:__main__:
【train】epoch:96/150 loss:0.0244 acc:0.9915
INFO:__main__:
【val】epoch:96/150 loss:0.3120 acc:0.9200
INFO:__main__:
【Val】:  SENS: 0.7922  SPEC: 0.9719  PPV: 0.9196  NPV: 0.9201 F1:0.8512
INFO:__main__:验证的best_acc:0.9350
INFO:__main__:----------------------------------------------------------------------------------------------------
INFO:__main__:
【train】epoch:97/150 loss:0.0251 acc:0.9914
INFO:__main__:
【val】epoch:97/150 loss:0.2741 acc:0.9262
INFO:__main__:
【Val】:  SENS: 0.8268  SPEC: 0.9666  PPV: 0.9095  NPV: 0.9322 F1:0.8662
INFO:__main__:验证的best_acc:0.9350
INFO:__main__:----------------------------------------------------------------------------------------------------
INFO:__main__:
【train】epoch:98/150 loss:0.0281 acc:0.9921
INFO:__main__:
【val】epoch:98/150 loss:0.3162 acc:0.9162
INFO:__main__:
【Val】:  SENS: 0.8355  SPEC: 0.9490  PPV: 0.8694  NPV: 0.9343 F1:0.8521
INFO:__main__:验证的best_acc:0.9350
INFO:__main__:----------------------------------------------------------------------------------------------------
INFO:__main__:
【train】epoch:99/150 loss:0.0245 acc:0.9911
INFO:__main__:
【val】epoch:99/150 loss:0.2798 acc:0.9300
INFO:__main__:
【Val】:  SENS: 0.8831  SPEC: 0.9490  PPV: 0.8755  NPV: 0.9524 F1:0.8793
INFO:__main__:验证的best_acc:0.9350
INFO:__main__:----------------------------------------------------------------------------------------------------
INFO:__main__:
【train】epoch:100/150 loss:0.0239 acc:0.9923
INFO:__main__:
【val】epoch:100/150 loss:0.3257 acc:0.9225
INFO:__main__:
【Val】:  SENS: 0.8312  SPEC: 0.9596  PPV: 0.8930  NPV: 0.9333 F1:0.8610
INFO:__main__:验证的best_acc:0.9350
INFO:__main__:----------------------------------------------------------------------------------------------------
INFO:__main__:
【train】epoch:101/150 loss:0.0210 acc:0.9931
INFO:__main__:
【val】epoch:101/150 loss:0.3074 acc:0.9287
INFO:__main__:
【Val】:  SENS: 0.8528  SPEC: 0.9596  PPV: 0.8955  NPV: 0.9414 F1:0.8736
INFO:__main__:验证的best_acc:0.9350
INFO:__main__:----------------------------------------------------------------------------------------------------
INFO:__main__:
【train】epoch:102/150 loss:0.0165 acc:0.9937
INFO:__main__:
【val】epoch:102/150 loss:0.3260 acc:0.9250
INFO:__main__:
【Val】:  SENS: 0.8528  SPEC: 0.9543  PPV: 0.8834  NPV: 0.9411 F1:0.8678
INFO:__main__:验证的best_acc:0.9350
INFO:__main__:----------------------------------------------------------------------------------------------------
INFO:__main__:
【train】epoch:103/150 loss:0.0154 acc:0.9950
INFO:__main__:
【val】epoch:103/150 loss:0.3020 acc:0.9312
INFO:__main__:
【Val】:  SENS: 0.8485  SPEC: 0.9649  PPV: 0.9074  NPV: 0.9401 F1:0.8770
INFO:__main__:验证的best_acc:0.9350
INFO:__main__:----------------------------------------------------------------------------------------------------
INFO:__main__:
【train】epoch:104/150 loss:0.0226 acc:0.9914
INFO:__main__:
【val】epoch:104/150 loss:0.3340 acc:0.9262
INFO:__main__:
【Val】:  SENS: 0.8615  SPEC: 0.9525  PPV: 0.8805  NPV: 0.9443 F1:0.8709
INFO:__main__:验证的best_acc:0.9350
INFO:__main__:----------------------------------------------------------------------------------------------------
INFO:__main__:
【train】epoch:105/150 loss:0.0193 acc:0.9937
INFO:__main__:
【val】epoch:105/150 loss:0.3293 acc:0.9212
INFO:__main__:
【Val】:  SENS: 0.8485  SPEC: 0.9508  PPV: 0.8750  NPV: 0.9392 F1:0.8615
INFO:__main__:验证的best_acc:0.9350
INFO:__main__:----------------------------------------------------------------------------------------------------
INFO:__main__:
【train】epoch:106/150 loss:0.0207 acc:0.9921
INFO:__main__:
【val】epoch:106/150 loss:0.3414 acc:0.9375
INFO:__main__:
【Val】:  SENS: 0.8485  SPEC: 0.9736  PPV: 0.9289  NPV: 0.9406 F1:0.8869
INFO:__main__:验证的best_acc:0.9375
INFO:__main__:----------------------------------------------------------------------------------------------------
INFO:__main__:
【train】epoch:107/150 loss:0.0196 acc:0.9938
INFO:__main__:
【val】epoch:107/150 loss:0.3308 acc:0.9312
INFO:__main__:
【Val】:  SENS: 0.8312  SPEC: 0.9719  PPV: 0.9231  NPV: 0.9341 F1:0.8747
INFO:__main__:验证的best_acc:0.9375
INFO:__main__:----------------------------------------------------------------------------------------------------
INFO:__main__:
【train】epoch:108/150 loss:0.0123 acc:0.9973
INFO:__main__:
【val】epoch:108/150 loss:0.3606 acc:0.9275
INFO:__main__:
【Val】:  SENS: 0.8182  SPEC: 0.9719  PPV: 0.9220  NPV: 0.9294 F1:0.8670
INFO:__main__:验证的best_acc:0.9375
INFO:__main__:----------------------------------------------------------------------------------------------------
INFO:__main__:
【train】epoch:109/150 loss:0.0133 acc:0.9962
INFO:__main__:
【val】epoch:109/150 loss:0.2990 acc:0.9225
INFO:__main__:
【Val】:  SENS: 0.8745  SPEC: 0.9420  PPV: 0.8596  NPV: 0.9487 F1:0.8670
INFO:__main__:验证的best_acc:0.9375
INFO:__main__:----------------------------------------------------------------------------------------------------
INFO:__main__:
【train】epoch:110/150 loss:0.0182 acc:0.9935
INFO:__main__:
【val】epoch:110/150 loss:0.3287 acc:0.9175
INFO:__main__:
【Val】:  SENS: 0.8398  SPEC: 0.9490  PPV: 0.8700  NPV: 0.9359 F1:0.8546
INFO:__main__:验证的best_acc:0.9375
INFO:__main__:----------------------------------------------------------------------------------------------------
INFO:__main__:
【train】epoch:111/150 loss:0.0124 acc:0.9959
INFO:__main__:
【val】epoch:111/150 loss:0.3162 acc:0.9300
INFO:__main__:
【Val】:  SENS: 0.8268  SPEC: 0.9719  PPV: 0.9227  NPV: 0.9325 F1:0.8721
INFO:__main__:验证的best_acc:0.9375
INFO:__main__:----------------------------------------------------------------------------------------------------
INFO:__main__:
【train】epoch:112/150 loss:0.0112 acc:0.9967
INFO:__main__:
【val】epoch:112/150 loss:0.2879 acc:0.9337
INFO:__main__:
【Val】:  SENS: 0.8485  SPEC: 0.9684  PPV: 0.9159  NPV: 0.9403 F1:0.8809
INFO:__main__:验证的best_acc:0.9375
INFO:__main__:----------------------------------------------------------------------------------------------------
INFO:__main__:
【train】epoch:113/150 loss:0.0126 acc:0.9958
INFO:__main__:
【val】epoch:113/150 loss:0.2783 acc:0.9300
INFO:__main__:
【Val】:  SENS: 0.8745  SPEC: 0.9525  PPV: 0.8821  NPV: 0.9492 F1:0.8783
INFO:__main__:验证的best_acc:0.9375
INFO:__main__:----------------------------------------------------------------------------------------------------
INFO:__main__:
【train】epoch:114/150 loss:0.0166 acc:0.9946
INFO:__main__:
【val】epoch:114/150 loss:0.3469 acc:0.9262
INFO:__main__:
【Val】:  SENS: 0.8139  SPEC: 0.9719  PPV: 0.9216  NPV: 0.9279 F1:0.8644
INFO:__main__:验证的best_acc:0.9375
INFO:__main__:----------------------------------------------------------------------------------------------------
INFO:__main__:
【train】epoch:115/150 loss:0.0149 acc:0.9937
INFO:__main__:
【val】epoch:115/150 loss:0.2983 acc:0.9312
INFO:__main__:
【Val】:  SENS: 0.8571  SPEC: 0.9613  PPV: 0.9000  NPV: 0.9431 F1:0.8780
INFO:__main__:验证的best_acc:0.9375
INFO:__main__:----------------------------------------------------------------------------------------------------
INFO:__main__:
【train】epoch:116/150 loss:0.0123 acc:0.9970
INFO:__main__:
【val】epoch:116/150 loss:0.3211 acc:0.9275
INFO:__main__:
【Val】:  SENS: 0.8398  SPEC: 0.9631  PPV: 0.9023  NPV: 0.9368 F1:0.8700
INFO:__main__:验证的best_acc:0.9375
INFO:__main__:----------------------------------------------------------------------------------------------------
INFO:__main__:
【train】epoch:117/150 loss:0.0160 acc:0.9946
INFO:__main__:
【val】epoch:117/150 loss:0.3123 acc:0.9262
INFO:__main__:
【Val】:  SENS: 0.8312  SPEC: 0.9649  PPV: 0.9057  NPV: 0.9337 F1:0.8668
INFO:__main__:验证的best_acc:0.9375
INFO:__main__:----------------------------------------------------------------------------------------------------
INFO:__main__:
【train】epoch:118/150 loss:0.0115 acc:0.9961
INFO:__main__:
【val】epoch:118/150 loss:0.2890 acc:0.9362
INFO:__main__:
【Val】:  SENS: 0.8788  SPEC: 0.9596  PPV: 0.8982  NPV: 0.9512 F1:0.8884
INFO:__main__:验证的best_acc:0.9375
INFO:__main__:----------------------------------------------------------------------------------------------------
INFO:__main__:
【train】epoch:119/150 loss:0.0131 acc:0.9964
INFO:__main__:
【val】epoch:119/150 loss:0.3330 acc:0.9275
INFO:__main__:
【Val】:  SENS: 0.8268  SPEC: 0.9684  PPV: 0.9139  NPV: 0.9323 F1:0.8682
INFO:__main__:验证的best_acc:0.9375
INFO:__main__:----------------------------------------------------------------------------------------------------
INFO:__main__:
【train】epoch:120/150 loss:0.0137 acc:0.9950
INFO:__main__:
【val】epoch:120/150 loss:0.3448 acc:0.9200
INFO:__main__:
【Val】:  SENS: 0.8095  SPEC: 0.9649  PPV: 0.9034  NPV: 0.9258 F1:0.8539
INFO:__main__:验证的best_acc:0.9375
INFO:__main__:----------------------------------------------------------------------------------------------------
INFO:__main__:
【train】epoch:121/150 loss:0.0110 acc:0.9965
INFO:__main__:
【val】epoch:121/150 loss:0.3411 acc:0.9175
INFO:__main__:
【Val】:  SENS: 0.8312  SPEC: 0.9525  PPV: 0.8767  NPV: 0.9329 F1:0.8533
INFO:__main__:验证的best_acc:0.9375
INFO:__main__:----------------------------------------------------------------------------------------------------
INFO:__main__:
【train】epoch:122/150 loss:0.0111 acc:0.9953
INFO:__main__:
【val】epoch:122/150 loss:0.2842 acc:0.9362
INFO:__main__:
【Val】:  SENS: 0.8701  SPEC: 0.9631  PPV: 0.9054  NPV: 0.9481 F1:0.8874
INFO:__main__:验证的best_acc:0.9375
INFO:__main__:----------------------------------------------------------------------------------------------------
INFO:__main__:
【train】epoch:123/150 loss:0.0099 acc:0.9967
INFO:__main__:
【val】epoch:123/150 loss:0.3107 acc:0.9362
INFO:__main__:
【Val】:  SENS: 0.8528  SPEC: 0.9701  PPV: 0.9206  NPV: 0.9420 F1:0.8854
INFO:__main__:验证的best_acc:0.9375
INFO:__main__:----------------------------------------------------------------------------------------------------
INFO:__main__:
【train】epoch:124/150 loss:0.0113 acc:0.9959
INFO:__main__:
【val】epoch:124/150 loss:0.3087 acc:0.9275
INFO:__main__:
【Val】:  SENS: 0.8745  SPEC: 0.9490  PPV: 0.8745  NPV: 0.9490 F1:0.8745
INFO:__main__:验证的best_acc:0.9375
INFO:__main__:----------------------------------------------------------------------------------------------------
INFO:__main__:
【train】epoch:125/150 loss:0.0113 acc:0.9965
INFO:__main__:
【val】epoch:125/150 loss:0.3225 acc:0.9300
INFO:__main__:
【Val】:  SENS: 0.8442  SPEC: 0.9649  PPV: 0.9070  NPV: 0.9385 F1:0.8744
INFO:__main__:验证的best_acc:0.9375
INFO:__main__:----------------------------------------------------------------------------------------------------
INFO:__main__:
【train】epoch:126/150 loss:0.0119 acc:0.9950
INFO:__main__:
【val】epoch:126/150 loss:0.3363 acc:0.9237
INFO:__main__:
【Val】:  SENS: 0.8225  SPEC: 0.9649  PPV: 0.9048  NPV: 0.9305 F1:0.8617
INFO:__main__:验证的best_acc:0.9375
INFO:__main__:----------------------------------------------------------------------------------------------------
INFO:__main__:
【train】epoch:127/150 loss:0.0084 acc:0.9977
INFO:__main__:
【val】epoch:127/150 loss:0.2953 acc:0.9287
INFO:__main__:
【Val】:  SENS: 0.8571  SPEC: 0.9578  PPV: 0.8919  NPV: 0.9429 F1:0.8742
INFO:__main__:验证的best_acc:0.9375
INFO:__main__:----------------------------------------------------------------------------------------------------
INFO:__main__:
【train】epoch:128/150 loss:0.0108 acc:0.9959
INFO:__main__:
【val】epoch:128/150 loss:0.3291 acc:0.9225
INFO:__main__:
【Val】:  SENS: 0.8355  SPEC: 0.9578  PPV: 0.8894  NPV: 0.9348 F1:0.8616
INFO:__main__:验证的best_acc:0.9375
INFO:__main__:----------------------------------------------------------------------------------------------------
INFO:__main__:
【train】epoch:129/150 loss:0.0084 acc:0.9974
INFO:__main__:
【val】epoch:129/150 loss:0.2846 acc:0.9337
INFO:__main__:
【Val】:  SENS: 0.8571  SPEC: 0.9649  PPV: 0.9083  NPV: 0.9433 F1:0.8820
INFO:__main__:验证的best_acc:0.9375
INFO:__main__:----------------------------------------------------------------------------------------------------
INFO:__main__:
【train】epoch:130/150 loss:0.0096 acc:0.9968
INFO:__main__:
【val】epoch:130/150 loss:0.3020 acc:0.9312
INFO:__main__:
【Val】:  SENS: 0.8312  SPEC: 0.9719  PPV: 0.9231  NPV: 0.9341 F1:0.8747
INFO:__main__:验证的best_acc:0.9375
INFO:__main__:----------------------------------------------------------------------------------------------------
INFO:__main__:
【train】epoch:131/150 loss:0.0086 acc:0.9967
INFO:__main__:
【val】epoch:131/150 loss:0.3041 acc:0.9212
INFO:__main__:
【Val】:  SENS: 0.8355  SPEC: 0.9561  PPV: 0.8853  NPV: 0.9347 F1:0.8597
INFO:__main__:验证的best_acc:0.9375
INFO:__main__:----------------------------------------------------------------------------------------------------
INFO:__main__:
【train】epoch:132/150 loss:0.0067 acc:0.9980
INFO:__main__:
【val】epoch:132/150 loss:0.2809 acc:0.9325
INFO:__main__:
【Val】:  SENS: 0.8528  SPEC: 0.9649  PPV: 0.9078  NPV: 0.9417 F1:0.8795
INFO:__main__:验证的best_acc:0.9375
INFO:__main__:----------------------------------------------------------------------------------------------------
INFO:__main__:
【train】epoch:133/150 loss:0.0078 acc:0.9977
INFO:__main__:
【val】epoch:133/150 loss:0.3194 acc:0.9212
INFO:__main__:
【Val】:  SENS: 0.8182  SPEC: 0.9631  PPV: 0.9000  NPV: 0.9288 F1:0.8571
INFO:__main__:验证的best_acc:0.9375
INFO:__main__:----------------------------------------------------------------------------------------------------
INFO:__main__:
【train】epoch:134/150 loss:0.0086 acc:0.9973
INFO:__main__:
【val】epoch:134/150 loss:0.3205 acc:0.9300
INFO:__main__:
【Val】:  SENS: 0.8355  SPEC: 0.9684  PPV: 0.9147  NPV: 0.9355 F1:0.8733
INFO:__main__:验证的best_acc:0.9375
INFO:__main__:----------------------------------------------------------------------------------------------------
INFO:__main__:
【train】epoch:135/150 loss:0.0066 acc:0.9986
INFO:__main__:
【val】epoch:135/150 loss:0.3167 acc:0.9262
INFO:__main__:
【Val】:  SENS: 0.8312  SPEC: 0.9649  PPV: 0.9057  NPV: 0.9337 F1:0.8668
INFO:__main__:验证的best_acc:0.9375
INFO:__main__:----------------------------------------------------------------------------------------------------
INFO:__main__:
【train】epoch:136/150 loss:0.0072 acc:0.9985
INFO:__main__:
【val】epoch:136/150 loss:0.2875 acc:0.9312
INFO:__main__:
【Val】:  SENS: 0.8615  SPEC: 0.9596  PPV: 0.8964  NPV: 0.9446 F1:0.8786
INFO:__main__:验证的best_acc:0.9375
INFO:__main__:----------------------------------------------------------------------------------------------------
INFO:__main__:
【train】epoch:137/150 loss:0.0055 acc:0.9986
INFO:__main__:
【val】epoch:137/150 loss:0.3053 acc:0.9262
INFO:__main__:
【Val】:  SENS: 0.8312  SPEC: 0.9649  PPV: 0.9057  NPV: 0.9337 F1:0.8668
INFO:__main__:验证的best_acc:0.9375
INFO:__main__:----------------------------------------------------------------------------------------------------
INFO:__main__:
【train】epoch:138/150 loss:0.0064 acc:0.9977
INFO:__main__:
【val】epoch:138/150 loss:0.3047 acc:0.9300
INFO:__main__:
【Val】:  SENS: 0.8485  SPEC: 0.9631  PPV: 0.9032  NPV: 0.9400 F1:0.8750
INFO:__main__:验证的best_acc:0.9375
INFO:__main__:----------------------------------------------------------------------------------------------------
INFO:__main__:
【train】epoch:139/150 loss:0.0063 acc:0.9980
INFO:__main__:
【val】epoch:139/150 loss:0.2926 acc:0.9237
INFO:__main__:
【Val】:  SENS: 0.8528  SPEC: 0.9525  PPV: 0.8795  NPV: 0.9410 F1:0.8659
INFO:__main__:验证的best_acc:0.9375
INFO:__main__:----------------------------------------------------------------------------------------------------
INFO:__main__:
【train】epoch:140/150 loss:0.0078 acc:0.9971
INFO:__main__:
【val】epoch:140/150 loss:0.2920 acc:0.9275
INFO:__main__:
【Val】:  SENS: 0.8485  SPEC: 0.9596  PPV: 0.8950  NPV: 0.9398 F1:0.8711
INFO:__main__:验证的best_acc:0.9375
INFO:__main__:----------------------------------------------------------------------------------------------------
INFO:__main__:
【train】epoch:141/150 loss:0.0054 acc:0.9985
INFO:__main__:
【val】epoch:141/150 loss:0.2939 acc:0.9312
INFO:__main__:
【Val】:  SENS: 0.8442  SPEC: 0.9666  PPV: 0.9112  NPV: 0.9386 F1:0.8764
INFO:__main__:验证的best_acc:0.9375
INFO:__main__:----------------------------------------------------------------------------------------------------
INFO:__main__:
【train】epoch:142/150 loss:0.0047 acc:0.9985
INFO:__main__:
【val】epoch:142/150 loss:0.2842 acc:0.9325
INFO:__main__:
【Val】:  SENS: 0.8485  SPEC: 0.9666  PPV: 0.9116  NPV: 0.9402 F1:0.8789
INFO:__main__:验证的best_acc:0.9375
INFO:__main__:----------------------------------------------------------------------------------------------------
INFO:__main__:
【train】epoch:143/150 loss:0.0068 acc:0.9976
INFO:__main__:
【val】epoch:143/150 loss:0.2866 acc:0.9262
INFO:__main__:
【Val】:  SENS: 0.8528  SPEC: 0.9561  PPV: 0.8874  NPV: 0.9412 F1:0.8698
INFO:__main__:验证的best_acc:0.9375
INFO:__main__:----------------------------------------------------------------------------------------------------
INFO:__main__:
【train】epoch:144/150 loss:0.0058 acc:0.9982
INFO:__main__:
【val】epoch:144/150 loss:0.3252 acc:0.9212
INFO:__main__:
【Val】:  SENS: 0.8571  SPEC: 0.9473  PPV: 0.8684  NPV: 0.9423 F1:0.8627
INFO:__main__:验证的best_acc:0.9375
INFO:__main__:----------------------------------------------------------------------------------------------------
INFO:__main__:
【train】epoch:145/150 loss:0.0060 acc:0.9983
INFO:__main__:
【val】epoch:145/150 loss:0.3003 acc:0.9287
INFO:__main__:
【Val】:  SENS: 0.8615  SPEC: 0.9561  PPV: 0.8884  NPV: 0.9444 F1:0.8747
INFO:__main__:验证的best_acc:0.9375
INFO:__main__:----------------------------------------------------------------------------------------------------
INFO:__main__:
【train】epoch:146/150 loss:0.0052 acc:0.9983
INFO:__main__:
【val】epoch:146/150 loss:0.2842 acc:0.9413
INFO:__main__:
【Val】:  SENS: 0.8658  SPEC: 0.9719  PPV: 0.9259  NPV: 0.9469 F1:0.8949
INFO:__main__:验证的best_acc:0.9413
INFO:__main__:----------------------------------------------------------------------------------------------------
INFO:__main__:
【train】epoch:147/150 loss:0.0050 acc:0.9988
INFO:__main__:
【val】epoch:147/150 loss:0.3098 acc:0.9312
INFO:__main__:
【Val】:  SENS: 0.8398  SPEC: 0.9684  PPV: 0.9151  NPV: 0.9371 F1:0.8758
INFO:__main__:验证的best_acc:0.9413
INFO:__main__:----------------------------------------------------------------------------------------------------
INFO:__main__:
【train】epoch:148/150 loss:0.0071 acc:0.9977
INFO:__main__:
【val】epoch:148/150 loss:0.3069 acc:0.9250
INFO:__main__:
【Val】:  SENS: 0.8485  SPEC: 0.9561  PPV: 0.8869  NPV: 0.9396 F1:0.8673
INFO:__main__:验证的best_acc:0.9413
INFO:__main__:----------------------------------------------------------------------------------------------------
INFO:__main__:
【train】epoch:149/150 loss:0.0037 acc:0.9991
INFO:__main__:
【val】epoch:149/150 loss:0.3001 acc:0.9375
INFO:__main__:
【Val】:  SENS: 0.8615  SPEC: 0.9684  PPV: 0.9171  NPV: 0.9451 F1:0.8884
INFO:__main__:验证的best_acc:0.9413
INFO:__main__:----------------------------------------------------------------------------------------------------
INFO:__main__:****************************************************************************************************
INFO:__main__:Val_LOSS:['0.4819', '0.5371', '0.4304', '0.4715', '0.4677', '0.5033', '0.4220', '0.7981', '0.4061', '0.4960', '0.3691', '0.3764', '0.3752', '0.5148', '0.3131', '0.3226', '0.2857', '0.3158', '0.3273', '0.2857', '0.2537', '0.2923', '0.2973', '0.3038', '0.3168', '0.2718', '0.3013', '0.3497', '0.3532', '0.3534', '0.2639', '0.2775', '0.2866', '0.3828', '0.4306', '0.3012', '0.2935', '0.3027', '0.3013', '0.2613', '0.4395', '0.2782', '0.3078', '0.2375', '0.5304', '0.2445', '0.3517', '0.2833', '0.4004', '0.2634', '0.2647', '0.3286', '0.3503', '0.3388', '0.2463', '0.2739', '0.3346', '0.4625', '0.2957', '0.2493', '0.2494', '0.2502', '0.3159', '0.2973', '0.2416', '0.3634', '0.2949', '0.3065', '0.2676', '0.3280', '0.2976', '0.2810', '0.2933', '0.2401', '0.3262', '0.3871', '0.2990', '0.3956', '0.2651', '0.2650', '0.2635', '0.2939', '0.2494', '0.2477', '0.2651', '0.3980', '0.2471', '0.3132', '0.2678', '0.2505', '0.2712', '0.2377', '0.3369', '0.2653', '0.3515', '0.3340', '0.3120', '0.2741', '0.3162', '0.2798', '0.3257', '0.3074', '0.3260', '0.3020', '0.3340', '0.3293', '0.3414', '0.3308', '0.3606', '0.2990', '0.3287', '0.3162', '0.2879', '0.2783', '0.3469', '0.2983', '0.3211', '0.3123', '0.2890', '0.3330', '0.3448', '0.3411', '0.2842', '0.3107', '0.3087', '0.3225', '0.3363', '0.2953', '0.3291', '0.2846', '0.3020', '0.3041', '0.2809', '0.3194', '0.3205', '0.3167', '0.2875', '0.3053', '0.3047', '0.2926', '0.2920', '0.2939', '0.2842', '0.2866', '0.3252', '0.3003', '0.2842', '0.3098', '0.3069', '0.3001']
INFO:__main__:Val_ACC:['0.7525', '0.6888', '0.8037', '0.7325', '0.7575', '0.7300', '0.8000', '0.6350', '0.8100', '0.7887', '0.8250', '0.8350', '0.8350', '0.7962', '0.8725', '0.8500', '0.8825', '0.8650', '0.8587', '0.8775', '0.8913', '0.8750', '0.8687', '0.8662', '0.8700', '0.8788', '0.8888', '0.8800', '0.8737', '0.8612', '0.8850', '0.8813', '0.8938', '0.8687', '0.8575', '0.8900', '0.8763', '0.8662', '0.8913', '0.9025', '0.8600', '0.8888', '0.8763', '0.9087', '0.8562', '0.8950', '0.9038', '0.9013', '0.8788', '0.9013', '0.9050', '0.8975', '0.8975', '0.8975', '0.9162', '0.8988', '0.9000', '0.8938', '0.9075', '0.9187', '0.9100', '0.9050', '0.9025', '0.9100', '0.9162', '0.9025', '0.9100', '0.9013', '0.9187', '0.9075', '0.8950', '0.9175', '0.9013', '0.9162', '0.9225', '0.9000', '0.9187', '0.9050', '0.9175', '0.9237', '0.9187', '0.9225', '0.9237', '0.9137', '0.9287', '0.9038', '0.9350', '0.9100', '0.9225', '0.9212', '0.9225', '0.9262', '0.9125', '0.9200', '0.9200', '0.9175', '0.9200', '0.9262', '0.9162', '0.9300', '0.9225', '0.9287', '0.9250', '0.9312', '0.9262', '0.9212', '0.9375', '0.9312', '0.9275', '0.9225', '0.9175', '0.9300', '0.9337', '0.9300', '0.9262', '0.9312', '0.9275', '0.9262', '0.9362', '0.9275', '0.9200', '0.9175', '0.9362', '0.9362', '0.9275', '0.9300', '0.9237', '0.9287', '0.9225', '0.9337', '0.9312', '0.9212', '0.9325', '0.9212', '0.9300', '0.9262', '0.9312', '0.9262', '0.9300', '0.9237', '0.9275', '0.9312', '0.9325', '0.9262', '0.9212', '0.9287', '0.9413', '0.9312', '0.9250', '0.9375']
INFO:__main__:****************************************************************************************************
INFO:__main__: epoch0 测试test_Loss: 0.3170  test_ACC: 0.9342  
INFO:__main__:SENS: 0.8583 SPEC: 0.9660 PPV: 0.9138 NPV: 0.9421 F1:0.8852
INFO:__main__:test_Best_acc:0.9342
INFO:__main__:flops:1510310080.0  params:5601954.0
INFO:__main__:处理速度:211.62张图像/秒
