INFO:__main__:
【train】epoch:0/150 loss:0.5923 acc:0.6770
INFO:__main__:
【val】epoch:0/150 loss:0.5132 acc:0.7188
INFO:__main__:
【Val】:  SENS: 0.4738  SPEC: 0.8581  PPV: 0.6553  NPV: 0.7413 F1:0.5500
INFO:__main__:验证的best_acc:0.7188
INFO:__main__:----------------------------------------------------------------------------------------------------
INFO:__main__:
【train】epoch:1/150 loss:0.5420 acc:0.7084
INFO:__main__:
【val】epoch:1/150 loss:0.7697 acc:0.6652
INFO:__main__:
【Val】:  SENS: 0.1231  SPEC: 0.9737  PPV: 0.7273  NPV: 0.6611 F1:0.2105
INFO:__main__:验证的best_acc:0.7188
INFO:__main__:----------------------------------------------------------------------------------------------------
INFO:__main__:
【train】epoch:2/150 loss:0.5141 acc:0.7306
INFO:__main__:
【val】epoch:2/150 loss:0.9031 acc:0.6641
INFO:__main__:
【Val】:  SENS: 0.1138  SPEC: 0.9772  PPV: 0.7400  NPV: 0.6596 F1:0.1973
INFO:__main__:验证的best_acc:0.7188
INFO:__main__:----------------------------------------------------------------------------------------------------
INFO:__main__:
【train】epoch:3/150 loss:0.5048 acc:0.7344
INFO:__main__:
【val】epoch:3/150 loss:0.5484 acc:0.7232
INFO:__main__:
【Val】:  SENS: 0.3046  SPEC: 0.9615  PPV: 0.8182  NPV: 0.7084 F1:0.4439
INFO:__main__:验证的best_acc:0.7232
INFO:__main__:----------------------------------------------------------------------------------------------------
INFO:__main__:
【train】epoch:4/150 loss:0.4945 acc:0.7427
INFO:__main__:
【val】epoch:4/150 loss:0.4914 acc:0.7567
INFO:__main__:
【Val】:  SENS: 0.4831  SPEC: 0.9124  PPV: 0.7585  NPV: 0.7562 F1:0.5902
INFO:__main__:验证的best_acc:0.7567
INFO:__main__:----------------------------------------------------------------------------------------------------
INFO:__main__:
【train】epoch:5/150 loss:0.4834 acc:0.7569
INFO:__main__:
【val】epoch:5/150 loss:0.6595 acc:0.6853
INFO:__main__:
【Val】:  SENS: 0.1569  SPEC: 0.9860  PPV: 0.8644  NPV: 0.6726 F1:0.2656
INFO:__main__:验证的best_acc:0.7567
INFO:__main__:----------------------------------------------------------------------------------------------------
INFO:__main__:
【train】epoch:6/150 loss:0.4639 acc:0.7692
INFO:__main__:
【val】epoch:6/150 loss:0.4217 acc:0.7757
INFO:__main__:
【Val】:  SENS: 0.5938  SPEC: 0.8792  PPV: 0.7366  NPV: 0.7918 F1:0.6576
INFO:__main__:验证的best_acc:0.7757
INFO:__main__:----------------------------------------------------------------------------------------------------
INFO:__main__:
【train】epoch:7/150 loss:0.4428 acc:0.7829
INFO:__main__:
【val】epoch:7/150 loss:0.4513 acc:0.7556
INFO:__main__:
【Val】:  SENS: 0.5200  SPEC: 0.8897  PPV: 0.7284  NPV: 0.7651 F1:0.6068
INFO:__main__:验证的best_acc:0.7757
INFO:__main__:----------------------------------------------------------------------------------------------------
INFO:__main__:
【train】epoch:8/150 loss:0.4467 acc:0.7785
INFO:__main__:
【val】epoch:8/150 loss:0.4071 acc:0.7980
INFO:__main__:
【Val】:  SENS: 0.6677  SPEC: 0.8722  PPV: 0.7483  NPV: 0.8218 F1:0.7057
INFO:__main__:验证的best_acc:0.7980
INFO:__main__:----------------------------------------------------------------------------------------------------
INFO:__main__:
【train】epoch:9/150 loss:0.3962 acc:0.8139
INFO:__main__:
【val】epoch:9/150 loss:0.3858 acc:0.7857
INFO:__main__:
【Val】:  SENS: 0.5108  SPEC: 0.9422  PPV: 0.8342  NPV: 0.7719 F1:0.6336
INFO:__main__:验证的best_acc:0.7980
INFO:__main__:----------------------------------------------------------------------------------------------------
INFO:__main__:
【train】epoch:10/150 loss:0.3819 acc:0.8215
INFO:__main__:
【val】epoch:10/150 loss:0.4429 acc:0.7768
INFO:__main__:
【Val】:  SENS: 0.4800  SPEC: 0.9457  PPV: 0.8342  NPV: 0.7616 F1:0.6094
INFO:__main__:验证的best_acc:0.7980
INFO:__main__:----------------------------------------------------------------------------------------------------
INFO:__main__:
【train】epoch:11/150 loss:0.3737 acc:0.8307
INFO:__main__:
【val】epoch:11/150 loss:0.3836 acc:0.7980
INFO:__main__:
【Val】:  SENS: 0.5631  SPEC: 0.9317  PPV: 0.8243  NPV: 0.7893 F1:0.6691
INFO:__main__:验证的best_acc:0.7980
INFO:__main__:----------------------------------------------------------------------------------------------------
INFO:__main__:
【train】epoch:12/150 loss:0.3642 acc:0.8317
INFO:__main__:
【val】epoch:12/150 loss:0.6508 acc:0.7422
INFO:__main__:
【Val】:  SENS: 0.3200  SPEC: 0.9825  PPV: 0.9123  NPV: 0.7174 F1:0.4738
INFO:__main__:验证的best_acc:0.7980
INFO:__main__:----------------------------------------------------------------------------------------------------
INFO:__main__:
【train】epoch:13/150 loss:0.3584 acc:0.8334
INFO:__main__:
【val】epoch:13/150 loss:0.4272 acc:0.7779
INFO:__main__:
【Val】:  SENS: 0.4338  SPEC: 0.9737  PPV: 0.9038  NPV: 0.7514 F1:0.5863
INFO:__main__:验证的best_acc:0.7980
INFO:__main__:----------------------------------------------------------------------------------------------------
INFO:__main__:
【train】epoch:14/150 loss:0.3568 acc:0.8356
INFO:__main__:
【val】epoch:14/150 loss:0.5127 acc:0.7746
INFO:__main__:
【Val】:  SENS: 0.4246  SPEC: 0.9737  PPV: 0.9020  NPV: 0.7483 F1:0.5774
INFO:__main__:验证的best_acc:0.7980
INFO:__main__:----------------------------------------------------------------------------------------------------
INFO:__main__:
【train】epoch:15/150 loss:0.3464 acc:0.8433
INFO:__main__:
【val】epoch:15/150 loss:0.3665 acc:0.8170
INFO:__main__:
【Val】:  SENS: 0.5938  SPEC: 0.9440  PPV: 0.8578  NPV: 0.8033 F1:0.7018
INFO:__main__:验证的best_acc:0.8170
INFO:__main__:----------------------------------------------------------------------------------------------------
INFO:__main__:
【train】epoch:16/150 loss:0.3422 acc:0.8442
INFO:__main__:
【val】epoch:16/150 loss:0.3557 acc:0.8426
INFO:__main__:
【Val】:  SENS: 0.6615  SPEC: 0.9457  PPV: 0.8740  NPV: 0.8308 F1:0.7531
INFO:__main__:验证的best_acc:0.8426
INFO:__main__:----------------------------------------------------------------------------------------------------
INFO:__main__:
【train】epoch:17/150 loss:0.3399 acc:0.8486
INFO:__main__:
【val】epoch:17/150 loss:0.3782 acc:0.8058
INFO:__main__:
【Val】:  SENS: 0.5385  SPEC: 0.9580  PPV: 0.8794  NPV: 0.7848 F1:0.6679
INFO:__main__:验证的best_acc:0.8426
INFO:__main__:----------------------------------------------------------------------------------------------------
INFO:__main__:
【train】epoch:18/150 loss:0.3301 acc:0.8482
INFO:__main__:
【val】epoch:18/150 loss:0.3995 acc:0.8136
INFO:__main__:
【Val】:  SENS: 0.5508  SPEC: 0.9632  PPV: 0.8950  NPV: 0.7902 F1:0.6819
INFO:__main__:验证的best_acc:0.8426
INFO:__main__:----------------------------------------------------------------------------------------------------
INFO:__main__:
【train】epoch:19/150 loss:0.3157 acc:0.8579
INFO:__main__:
【val】epoch:19/150 loss:0.3620 acc:0.8326
INFO:__main__:
【Val】:  SENS: 0.6246  SPEC: 0.9510  PPV: 0.8788  NPV: 0.8165 F1:0.7302
INFO:__main__:验证的best_acc:0.8426
INFO:__main__:----------------------------------------------------------------------------------------------------
INFO:__main__:
【train】epoch:20/150 loss:0.3147 acc:0.8613
INFO:__main__:
【val】epoch:20/150 loss:0.3275 acc:0.8471
INFO:__main__:
【Val】:  SENS: 0.7200  SPEC: 0.9194  PPV: 0.8357  NPV: 0.8523 F1:0.7736
INFO:__main__:验证的best_acc:0.8471
INFO:__main__:----------------------------------------------------------------------------------------------------
INFO:__main__:
【train】epoch:21/150 loss:0.3056 acc:0.8615
INFO:__main__:
【val】epoch:21/150 loss:0.3518 acc:0.8404
INFO:__main__:
【Val】:  SENS: 0.6523  SPEC: 0.9475  PPV: 0.8760  NPV: 0.8272 F1:0.7478
INFO:__main__:验证的best_acc:0.8471
INFO:__main__:----------------------------------------------------------------------------------------------------
INFO:__main__:
【train】epoch:22/150 loss:0.3032 acc:0.8662
INFO:__main__:
【val】epoch:22/150 loss:0.4368 acc:0.8013
INFO:__main__:
【Val】:  SENS: 0.5169  SPEC: 0.9632  PPV: 0.8889  NPV: 0.7779 F1:0.6537
INFO:__main__:验证的best_acc:0.8471
INFO:__main__:----------------------------------------------------------------------------------------------------
INFO:__main__:
【train】epoch:23/150 loss:0.2939 acc:0.8678
INFO:__main__:
【val】epoch:23/150 loss:0.4041 acc:0.8225
INFO:__main__:
【Val】:  SENS: 0.5723  SPEC: 0.9650  PPV: 0.9029  NPV: 0.7986 F1:0.7006
INFO:__main__:验证的best_acc:0.8471
INFO:__main__:----------------------------------------------------------------------------------------------------
INFO:__main__:
【train】epoch:24/150 loss:0.2930 acc:0.8666
INFO:__main__:
【val】epoch:24/150 loss:0.3671 acc:0.8225
INFO:__main__:
【Val】:  SENS: 0.6000  SPEC: 0.9492  PPV: 0.8705  NPV: 0.8065 F1:0.7104
INFO:__main__:验证的best_acc:0.8471
INFO:__main__:----------------------------------------------------------------------------------------------------
INFO:__main__:
【train】epoch:25/150 loss:0.2945 acc:0.8712
INFO:__main__:
【val】epoch:25/150 loss:0.3327 acc:0.8415
INFO:__main__:
【Val】:  SENS: 0.6985  SPEC: 0.9229  PPV: 0.8376  NPV: 0.8432 F1:0.7617
INFO:__main__:验证的best_acc:0.8471
INFO:__main__:----------------------------------------------------------------------------------------------------
INFO:__main__:
【train】epoch:26/150 loss:0.2803 acc:0.8686
INFO:__main__:
【val】epoch:26/150 loss:0.3484 acc:0.8471
INFO:__main__:
【Val】:  SENS: 0.6831  SPEC: 0.9405  PPV: 0.8672  NPV: 0.8391 F1:0.7642
INFO:__main__:验证的best_acc:0.8471
INFO:__main__:----------------------------------------------------------------------------------------------------
INFO:__main__:
【train】epoch:27/150 loss:0.2795 acc:0.8762
INFO:__main__:
【val】epoch:27/150 loss:0.3630 acc:0.8482
INFO:__main__:
【Val】:  SENS: 0.6738  SPEC: 0.9475  PPV: 0.8795  NPV: 0.8362 F1:0.7631
INFO:__main__:验证的best_acc:0.8482
INFO:__main__:----------------------------------------------------------------------------------------------------
INFO:__main__:
【train】epoch:28/150 loss:0.2783 acc:0.8774
INFO:__main__:
【val】epoch:28/150 loss:0.4019 acc:0.8348
INFO:__main__:
【Val】:  SENS: 0.6062  SPEC: 0.9650  PPV: 0.9078  NPV: 0.8115 F1:0.7269
INFO:__main__:验证的best_acc:0.8482
INFO:__main__:----------------------------------------------------------------------------------------------------
INFO:__main__:
【train】epoch:29/150 loss:0.2642 acc:0.8867
INFO:__main__:
【val】epoch:29/150 loss:0.3655 acc:0.8292
INFO:__main__:
【Val】:  SENS: 0.6185  SPEC: 0.9492  PPV: 0.8739  NPV: 0.8138 F1:0.7243
INFO:__main__:验证的best_acc:0.8482
INFO:__main__:----------------------------------------------------------------------------------------------------
INFO:__main__:
【train】epoch:30/150 loss:0.2498 acc:0.8946
INFO:__main__:
【val】epoch:30/150 loss:0.3411 acc:0.8471
INFO:__main__:
【Val】:  SENS: 0.7262  SPEC: 0.9159  PPV: 0.8310  NPV: 0.8546 F1:0.7750
INFO:__main__:验证的best_acc:0.8482
INFO:__main__:----------------------------------------------------------------------------------------------------
INFO:__main__:
【train】epoch:31/150 loss:0.2536 acc:0.8868
INFO:__main__:
【val】epoch:31/150 loss:0.4086 acc:0.8404
INFO:__main__:
【Val】:  SENS: 0.6400  SPEC: 0.9545  PPV: 0.8889  NPV: 0.8233 F1:0.7442
INFO:__main__:验证的best_acc:0.8482
INFO:__main__:----------------------------------------------------------------------------------------------------
INFO:__main__:
【train】epoch:32/150 loss:0.2451 acc:0.8938
INFO:__main__:
【val】epoch:32/150 loss:0.3503 acc:0.8560
INFO:__main__:
【Val】:  SENS: 0.7262  SPEC: 0.9299  PPV: 0.8551  NPV: 0.8565 F1:0.7854
INFO:__main__:验证的best_acc:0.8560
INFO:__main__:----------------------------------------------------------------------------------------------------
INFO:__main__:
【train】epoch:33/150 loss:0.2472 acc:0.8927
INFO:__main__:
【val】epoch:33/150 loss:0.3389 acc:0.8571
INFO:__main__:
【Val】:  SENS: 0.7077  SPEC: 0.9422  PPV: 0.8745  NPV: 0.8499 F1:0.7823
INFO:__main__:验证的best_acc:0.8571
INFO:__main__:----------------------------------------------------------------------------------------------------
INFO:__main__:
【train】epoch:34/150 loss:0.2437 acc:0.8962
INFO:__main__:
【val】epoch:34/150 loss:0.3513 acc:0.8482
INFO:__main__:
【Val】:  SENS: 0.7231  SPEC: 0.9194  PPV: 0.8363  NPV: 0.8537 F1:0.7756
INFO:__main__:验证的best_acc:0.8571
INFO:__main__:----------------------------------------------------------------------------------------------------
INFO:__main__:
【train】epoch:35/150 loss:0.2377 acc:0.9000
INFO:__main__:
【val】epoch:35/150 loss:0.3652 acc:0.8504
INFO:__main__:
【Val】:  SENS: 0.6985  SPEC: 0.9370  PPV: 0.8631  NPV: 0.8452 F1:0.7721
INFO:__main__:验证的best_acc:0.8571
INFO:__main__:----------------------------------------------------------------------------------------------------
INFO:__main__:
【train】epoch:36/150 loss:0.2385 acc:0.8966
INFO:__main__:
【val】epoch:36/150 loss:0.3782 acc:0.8493
INFO:__main__:
【Val】:  SENS: 0.7231  SPEC: 0.9212  PPV: 0.8393  NPV: 0.8539 F1:0.7769
INFO:__main__:验证的best_acc:0.8571
INFO:__main__:----------------------------------------------------------------------------------------------------
INFO:__main__:
【train】epoch:37/150 loss:0.2308 acc:0.9010
INFO:__main__:
【val】epoch:37/150 loss:0.3457 acc:0.8549
INFO:__main__:
【Val】:  SENS: 0.6985  SPEC: 0.9440  PPV: 0.8764  NPV: 0.8462 F1:0.7774
INFO:__main__:验证的best_acc:0.8571
INFO:__main__:----------------------------------------------------------------------------------------------------
INFO:__main__:
【train】epoch:38/150 loss:0.2295 acc:0.9042
INFO:__main__:
【val】epoch:38/150 loss:0.3611 acc:0.8449
INFO:__main__:
【Val】:  SENS: 0.6708  SPEC: 0.9440  PPV: 0.8720  NPV: 0.8344 F1:0.7583
INFO:__main__:验证的best_acc:0.8571
INFO:__main__:----------------------------------------------------------------------------------------------------
INFO:__main__:
【train】epoch:39/150 loss:0.2087 acc:0.9135
INFO:__main__:
【val】epoch:39/150 loss:0.4091 acc:0.8527
INFO:__main__:
【Val】:  SENS: 0.7231  SPEC: 0.9264  PPV: 0.8484  NPV: 0.8546 F1:0.7807
INFO:__main__:验证的best_acc:0.8571
INFO:__main__:----------------------------------------------------------------------------------------------------
INFO:__main__:
【train】epoch:40/150 loss:0.2058 acc:0.9122
INFO:__main__:
【val】epoch:40/150 loss:0.3731 acc:0.8650
INFO:__main__:
【Val】:  SENS: 0.7231  SPEC: 0.9457  PPV: 0.8835  NPV: 0.8571 F1:0.7953
INFO:__main__:验证的best_acc:0.8650
INFO:__main__:----------------------------------------------------------------------------------------------------
INFO:__main__:
【train】epoch:41/150 loss:0.2062 acc:0.9122
INFO:__main__:
【val】epoch:41/150 loss:0.4315 acc:0.8292
INFO:__main__:
【Val】:  SENS: 0.6677  SPEC: 0.9212  PPV: 0.8282  NPV: 0.8297 F1:0.7394
INFO:__main__:验证的best_acc:0.8650
INFO:__main__:----------------------------------------------------------------------------------------------------
INFO:__main__:
【train】epoch:42/150 loss:0.2032 acc:0.9154
INFO:__main__:
【val】epoch:42/150 loss:0.5375 acc:0.8292
INFO:__main__:
【Val】:  SENS: 0.6031  SPEC: 0.9580  PPV: 0.8909  NPV: 0.8092 F1:0.7193
INFO:__main__:验证的best_acc:0.8650
INFO:__main__:----------------------------------------------------------------------------------------------------
INFO:__main__:
【train】epoch:43/150 loss:0.2033 acc:0.9193
INFO:__main__:
【val】epoch:43/150 loss:0.3707 acc:0.8493
INFO:__main__:
【Val】:  SENS: 0.7785  SPEC: 0.8897  PPV: 0.8006  NPV: 0.8759 F1:0.7894
INFO:__main__:验证的best_acc:0.8650
INFO:__main__:----------------------------------------------------------------------------------------------------
INFO:__main__:
【train】epoch:44/150 loss:0.1905 acc:0.9238
INFO:__main__:
【val】epoch:44/150 loss:0.3607 acc:0.8560
INFO:__main__:
【Val】:  SENS: 0.7662  SPEC: 0.9072  PPV: 0.8245  NPV: 0.8721 F1:0.7943
INFO:__main__:验证的best_acc:0.8650
INFO:__main__:----------------------------------------------------------------------------------------------------
INFO:__main__:
【train】epoch:45/150 loss:0.1835 acc:0.9261
INFO:__main__:
【val】epoch:45/150 loss:0.4263 acc:0.8404
INFO:__main__:
【Val】:  SENS: 0.8554  SPEC: 0.8319  PPV: 0.7433  NPV: 0.9100 F1:0.7954
INFO:__main__:验证的best_acc:0.8650
INFO:__main__:----------------------------------------------------------------------------------------------------
INFO:__main__:
【train】epoch:46/150 loss:0.1878 acc:0.9227
INFO:__main__:
【val】epoch:46/150 loss:0.4384 acc:0.8404
INFO:__main__:
【Val】:  SENS: 0.6831  SPEC: 0.9299  PPV: 0.8473  NPV: 0.8375 F1:0.7564
INFO:__main__:验证的best_acc:0.8650
INFO:__main__:----------------------------------------------------------------------------------------------------
INFO:__main__:
【train】epoch:47/150 loss:0.1817 acc:0.9221
INFO:__main__:
【val】epoch:47/150 loss:0.4082 acc:0.8527
INFO:__main__:
【Val】:  SENS: 0.7169  SPEC: 0.9299  PPV: 0.8535  NPV: 0.8523 F1:0.7793
INFO:__main__:验证的best_acc:0.8650
INFO:__main__:----------------------------------------------------------------------------------------------------
INFO:__main__:
【train】epoch:48/150 loss:0.1833 acc:0.9201
INFO:__main__:
【val】epoch:48/150 loss:0.3852 acc:0.8683
INFO:__main__:
【Val】:  SENS: 0.7538  SPEC: 0.9335  PPV: 0.8657  NPV: 0.8695 F1:0.8059
INFO:__main__:验证的best_acc:0.8683
INFO:__main__:----------------------------------------------------------------------------------------------------
INFO:__main__:
【train】epoch:49/150 loss:0.1636 acc:0.9327
INFO:__main__:
【val】epoch:49/150 loss:0.4124 acc:0.8404
INFO:__main__:
【Val】:  SENS: 0.7662  SPEC: 0.8827  PPV: 0.7880  NPV: 0.8690 F1:0.7769
INFO:__main__:验证的best_acc:0.8683
INFO:__main__:----------------------------------------------------------------------------------------------------
INFO:__main__:
【train】epoch:50/150 loss:0.1544 acc:0.9374
INFO:__main__:
【val】epoch:50/150 loss:0.3728 acc:0.8605
INFO:__main__:
【Val】:  SENS: 0.8000  SPEC: 0.8949  PPV: 0.8125  NPV: 0.8872 F1:0.8062
INFO:__main__:验证的best_acc:0.8683
INFO:__main__:----------------------------------------------------------------------------------------------------
INFO:__main__:
【train】epoch:51/150 loss:0.1551 acc:0.9370
INFO:__main__:
【val】epoch:51/150 loss:0.4069 acc:0.8583
INFO:__main__:
【Val】:  SENS: 0.7754  SPEC: 0.9054  PPV: 0.8235  NPV: 0.8763 F1:0.7987
INFO:__main__:验证的best_acc:0.8683
INFO:__main__:----------------------------------------------------------------------------------------------------
INFO:__main__:
【train】epoch:52/150 loss:0.1542 acc:0.9371
INFO:__main__:
【val】epoch:52/150 loss:0.3727 acc:0.8683
INFO:__main__:
【Val】:  SENS: 0.8308  SPEC: 0.8897  PPV: 0.8108  NPV: 0.9023 F1:0.8207
INFO:__main__:验证的best_acc:0.8683
INFO:__main__:----------------------------------------------------------------------------------------------------
INFO:__main__:
【train】epoch:53/150 loss:0.1512 acc:0.9402
INFO:__main__:
【val】epoch:53/150 loss:0.4399 acc:0.8393
INFO:__main__:
【Val】:  SENS: 0.8308  SPEC: 0.8441  PPV: 0.7521  NPV: 0.8976 F1:0.7895
INFO:__main__:验证的best_acc:0.8683
INFO:__main__:----------------------------------------------------------------------------------------------------
INFO:__main__:
【train】epoch:54/150 loss:0.1493 acc:0.9394
INFO:__main__:
【val】epoch:54/150 loss:0.4647 acc:0.8438
INFO:__main__:
【Val】:  SENS: 0.8185  SPEC: 0.8581  PPV: 0.7666  NPV: 0.8925 F1:0.7917
INFO:__main__:验证的best_acc:0.8683
INFO:__main__:----------------------------------------------------------------------------------------------------
INFO:__main__:
【train】epoch:55/150 loss:0.1452 acc:0.9406
INFO:__main__:
【val】epoch:55/150 loss:0.4393 acc:0.8616
INFO:__main__:
【Val】:  SENS: 0.7538  SPEC: 0.9229  PPV: 0.8478  NPV: 0.8682 F1:0.7980
INFO:__main__:验证的best_acc:0.8683
INFO:__main__:----------------------------------------------------------------------------------------------------
INFO:__main__:
【train】epoch:56/150 loss:0.1424 acc:0.9416
INFO:__main__:
【val】epoch:56/150 loss:0.4943 acc:0.8415
INFO:__main__:
【Val】:  SENS: 0.6677  SPEC: 0.9405  PPV: 0.8645  NPV: 0.8326 F1:0.7535
INFO:__main__:验证的best_acc:0.8683
INFO:__main__:----------------------------------------------------------------------------------------------------
INFO:__main__:
【train】epoch:57/150 loss:0.1409 acc:0.9433
INFO:__main__:
【val】epoch:57/150 loss:0.3630 acc:0.8672
INFO:__main__:
【Val】:  SENS: 0.8123  SPEC: 0.8984  PPV: 0.8199  NPV: 0.8937 F1:0.8161
INFO:__main__:验证的best_acc:0.8683
INFO:__main__:----------------------------------------------------------------------------------------------------
INFO:__main__:
【train】epoch:58/150 loss:0.1385 acc:0.9431
INFO:__main__:
【val】epoch:58/150 loss:0.4518 acc:0.8638
INFO:__main__:
【Val】:  SENS: 0.8615  SPEC: 0.8651  PPV: 0.7843  NPV: 0.9165 F1:0.8211
INFO:__main__:验证的best_acc:0.8683
INFO:__main__:----------------------------------------------------------------------------------------------------
INFO:__main__:
【train】epoch:59/150 loss:0.1287 acc:0.9465
INFO:__main__:
【val】epoch:59/150 loss:0.4357 acc:0.8616
INFO:__main__:
【Val】:  SENS: 0.7938  SPEC: 0.9002  PPV: 0.8190  NPV: 0.8847 F1:0.8062
INFO:__main__:验证的best_acc:0.8683
INFO:__main__:----------------------------------------------------------------------------------------------------
INFO:__main__:
【train】epoch:60/150 loss:0.1157 acc:0.9549
INFO:__main__:
【val】epoch:60/150 loss:0.4528 acc:0.8616
INFO:__main__:
【Val】:  SENS: 0.7600  SPEC: 0.9194  PPV: 0.8430  NPV: 0.8706 F1:0.7994
INFO:__main__:验证的best_acc:0.8683
INFO:__main__:----------------------------------------------------------------------------------------------------
INFO:__main__:
【train】epoch:61/150 loss:0.1189 acc:0.9527
INFO:__main__:
【val】epoch:61/150 loss:0.4139 acc:0.8661
INFO:__main__:
【Val】:  SENS: 0.7815  SPEC: 0.9142  PPV: 0.8383  NPV: 0.8803 F1:0.8089
INFO:__main__:验证的best_acc:0.8683
INFO:__main__:----------------------------------------------------------------------------------------------------
INFO:__main__:
【train】epoch:62/150 loss:0.1198 acc:0.9542
INFO:__main__:
【val】epoch:62/150 loss:0.4880 acc:0.8471
INFO:__main__:
【Val】:  SENS: 0.7015  SPEC: 0.9299  PPV: 0.8507  NPV: 0.8455 F1:0.7690
INFO:__main__:验证的best_acc:0.8683
INFO:__main__:----------------------------------------------------------------------------------------------------
INFO:__main__:
【train】epoch:63/150 loss:0.1142 acc:0.9534
INFO:__main__:
【val】epoch:63/150 loss:0.4653 acc:0.8426
INFO:__main__:
【Val】:  SENS: 0.8646  SPEC: 0.8301  PPV: 0.7434  NPV: 0.9151 F1:0.7994
INFO:__main__:验证的best_acc:0.8683
INFO:__main__:----------------------------------------------------------------------------------------------------
INFO:__main__:
【train】epoch:64/150 loss:0.1197 acc:0.9529
INFO:__main__:
【val】epoch:64/150 loss:0.4129 acc:0.8717
INFO:__main__:
【Val】:  SENS: 0.8000  SPEC: 0.9124  PPV: 0.8387  NPV: 0.8891 F1:0.8189
INFO:__main__:验证的best_acc:0.8717
INFO:__main__:----------------------------------------------------------------------------------------------------
INFO:__main__:
【train】epoch:65/150 loss:0.1104 acc:0.9567
INFO:__main__:
【val】epoch:65/150 loss:0.4337 acc:0.8694
INFO:__main__:
【Val】:  SENS: 0.7415  SPEC: 0.9422  PPV: 0.8796  NPV: 0.8650 F1:0.8047
INFO:__main__:验证的best_acc:0.8717
INFO:__main__:----------------------------------------------------------------------------------------------------
INFO:__main__:
【train】epoch:66/150 loss:0.1023 acc:0.9626
INFO:__main__:
【val】epoch:66/150 loss:0.4304 acc:0.8705
INFO:__main__:
【Val】:  SENS: 0.8523  SPEC: 0.8809  PPV: 0.8029  NPV: 0.9129 F1:0.8269
INFO:__main__:验证的best_acc:0.8717
INFO:__main__:----------------------------------------------------------------------------------------------------
INFO:__main__:
【train】epoch:67/150 loss:0.1068 acc:0.9594
INFO:__main__:
【val】epoch:67/150 loss:0.4890 acc:0.8471
INFO:__main__:
【Val】:  SENS: 0.7692  SPEC: 0.8914  PPV: 0.8013  NPV: 0.8716 F1:0.7849
INFO:__main__:验证的best_acc:0.8717
INFO:__main__:----------------------------------------------------------------------------------------------------
INFO:__main__:
【train】epoch:68/150 loss:0.1102 acc:0.9557
INFO:__main__:
【val】epoch:68/150 loss:0.4577 acc:0.8761
INFO:__main__:
【Val】:  SENS: 0.7569  SPEC: 0.9440  PPV: 0.8849  NPV: 0.8722 F1:0.8159
INFO:__main__:验证的best_acc:0.8761
INFO:__main__:----------------------------------------------------------------------------------------------------
INFO:__main__:
【train】epoch:69/150 loss:0.0881 acc:0.9652
INFO:__main__:
【val】epoch:69/150 loss:0.4324 acc:0.8728
INFO:__main__:
【Val】:  SENS: 0.8308  SPEC: 0.8967  PPV: 0.8207  NPV: 0.9030 F1:0.8257
INFO:__main__:验证的best_acc:0.8761
INFO:__main__:----------------------------------------------------------------------------------------------------
INFO:__main__:
【train】epoch:70/150 loss:0.0799 acc:0.9700
INFO:__main__:
【val】epoch:70/150 loss:0.5363 acc:0.8571
INFO:__main__:
【Val】:  SENS: 0.8492  SPEC: 0.8616  PPV: 0.7775  NPV: 0.9094 F1:0.8118
INFO:__main__:验证的best_acc:0.8761
INFO:__main__:----------------------------------------------------------------------------------------------------
INFO:__main__:
【train】epoch:71/150 loss:0.0841 acc:0.9673
INFO:__main__:
【val】epoch:71/150 loss:0.5167 acc:0.8482
INFO:__main__:
【Val】:  SENS: 0.8677  SPEC: 0.8371  PPV: 0.7520  NPV: 0.9175 F1:0.8057
INFO:__main__:验证的best_acc:0.8761
INFO:__main__:----------------------------------------------------------------------------------------------------
INFO:__main__:
【train】epoch:72/150 loss:0.0950 acc:0.9645
INFO:__main__:
【val】epoch:72/150 loss:0.4840 acc:0.8627
INFO:__main__:
【Val】:  SENS: 0.8215  SPEC: 0.8862  PPV: 0.8042  NPV: 0.8972 F1:0.8128
INFO:__main__:验证的best_acc:0.8761
INFO:__main__:----------------------------------------------------------------------------------------------------
INFO:__main__:
【train】epoch:73/150 loss:0.0826 acc:0.9685
INFO:__main__:
【val】epoch:73/150 loss:0.4655 acc:0.8750
INFO:__main__:
【Val】:  SENS: 0.8308  SPEC: 0.9002  PPV: 0.8257  NPV: 0.9033 F1:0.8282
INFO:__main__:验证的best_acc:0.8761
INFO:__main__:----------------------------------------------------------------------------------------------------
INFO:__main__:
【train】epoch:74/150 loss:0.0801 acc:0.9697
INFO:__main__:
【val】epoch:74/150 loss:0.4679 acc:0.8482
INFO:__main__:
【Val】:  SENS: 0.8000  SPEC: 0.8757  PPV: 0.7855  NPV: 0.8850 F1:0.7927
INFO:__main__:验证的best_acc:0.8761
INFO:__main__:----------------------------------------------------------------------------------------------------
INFO:__main__:
【train】epoch:75/150 loss:0.0803 acc:0.9704
INFO:__main__:
【val】epoch:75/150 loss:0.5094 acc:0.8638
INFO:__main__:
【Val】:  SENS: 0.7846  SPEC: 0.9089  PPV: 0.8306  NPV: 0.8812 F1:0.8070
INFO:__main__:验证的best_acc:0.8761
INFO:__main__:----------------------------------------------------------------------------------------------------
INFO:__main__:
【train】epoch:76/150 loss:0.0728 acc:0.9685
INFO:__main__:
【val】epoch:76/150 loss:0.5073 acc:0.8627
INFO:__main__:
【Val】:  SENS: 0.7662  SPEC: 0.9177  PPV: 0.8412  NPV: 0.8733 F1:0.8019
INFO:__main__:验证的best_acc:0.8761
INFO:__main__:----------------------------------------------------------------------------------------------------
INFO:__main__:
【train】epoch:77/150 loss:0.0809 acc:0.9698
INFO:__main__:
【val】epoch:77/150 loss:0.5055 acc:0.8661
INFO:__main__:
【Val】:  SENS: 0.8246  SPEC: 0.8897  PPV: 0.8097  NPV: 0.8991 F1:0.8171
INFO:__main__:验证的best_acc:0.8761
INFO:__main__:----------------------------------------------------------------------------------------------------
INFO:__main__:
【train】epoch:78/150 loss:0.0778 acc:0.9719
INFO:__main__:
【val】epoch:78/150 loss:0.5121 acc:0.8460
INFO:__main__:
【Val】:  SENS: 0.7938  SPEC: 0.8757  PPV: 0.7842  NPV: 0.8818 F1:0.7890
INFO:__main__:验证的best_acc:0.8761
INFO:__main__:----------------------------------------------------------------------------------------------------
INFO:__main__:
【train】epoch:79/150 loss:0.0724 acc:0.9721
INFO:__main__:
【val】epoch:79/150 loss:0.4933 acc:0.8538
INFO:__main__:
【Val】:  SENS: 0.7969  SPEC: 0.8862  PPV: 0.7994  NPV: 0.8846 F1:0.7982
INFO:__main__:验证的best_acc:0.8761
INFO:__main__:----------------------------------------------------------------------------------------------------
INFO:__main__:
【train】epoch:80/150 loss:0.0707 acc:0.9721
INFO:__main__:
【val】epoch:80/150 loss:0.5727 acc:0.8672
INFO:__main__:
【Val】:  SENS: 0.8523  SPEC: 0.8757  PPV: 0.7960  NPV: 0.9124 F1:0.8232
INFO:__main__:验证的best_acc:0.8761
INFO:__main__:----------------------------------------------------------------------------------------------------
INFO:__main__:
【train】epoch:81/150 loss:0.0535 acc:0.9792
INFO:__main__:
【val】epoch:81/150 loss:0.5630 acc:0.8571
INFO:__main__:
【Val】:  SENS: 0.8062  SPEC: 0.8862  PPV: 0.8012  NPV: 0.8893 F1:0.8037
INFO:__main__:验证的best_acc:0.8761
INFO:__main__:----------------------------------------------------------------------------------------------------
INFO:__main__:
【train】epoch:82/150 loss:0.0640 acc:0.9749
INFO:__main__:
【val】epoch:82/150 loss:0.5176 acc:0.8705
INFO:__main__:
【Val】:  SENS: 0.8277  SPEC: 0.8949  PPV: 0.8176  NPV: 0.9012 F1:0.8226
INFO:__main__:验证的best_acc:0.8761
INFO:__main__:----------------------------------------------------------------------------------------------------
INFO:__main__:
【train】epoch:83/150 loss:0.0702 acc:0.9740
INFO:__main__:
【val】epoch:83/150 loss:0.5148 acc:0.8650
INFO:__main__:
【Val】:  SENS: 0.7969  SPEC: 0.9037  PPV: 0.8248  NPV: 0.8866 F1:0.8106
INFO:__main__:验证的best_acc:0.8761
INFO:__main__:----------------------------------------------------------------------------------------------------
INFO:__main__:
【train】epoch:84/150 loss:0.0583 acc:0.9760
INFO:__main__:
【val】epoch:84/150 loss:0.5275 acc:0.8594
INFO:__main__:
【Val】:  SENS: 0.8308  SPEC: 0.8757  PPV: 0.7918  NPV: 0.9009 F1:0.8108
INFO:__main__:验证的best_acc:0.8761
INFO:__main__:----------------------------------------------------------------------------------------------------
INFO:__main__:
【train】epoch:85/150 loss:0.0583 acc:0.9788
INFO:__main__:
【val】epoch:85/150 loss:0.5696 acc:0.8449
INFO:__main__:
【Val】:  SENS: 0.8892  SPEC: 0.8196  PPV: 0.7372  NPV: 0.9286 F1:0.8061
INFO:__main__:验证的best_acc:0.8761
INFO:__main__:----------------------------------------------------------------------------------------------------
INFO:__main__:
【train】epoch:86/150 loss:0.0542 acc:0.9793
INFO:__main__:
【val】epoch:86/150 loss:0.6155 acc:0.8594
INFO:__main__:
【Val】:  SENS: 0.8154  SPEC: 0.8844  PPV: 0.8006  NPV: 0.8938 F1:0.8079
INFO:__main__:验证的best_acc:0.8761
INFO:__main__:----------------------------------------------------------------------------------------------------
INFO:__main__:
【train】epoch:87/150 loss:0.0611 acc:0.9776
INFO:__main__:
【val】epoch:87/150 loss:0.5059 acc:0.8661
INFO:__main__:
【Val】:  SENS: 0.7785  SPEC: 0.9159  PPV: 0.8405  NPV: 0.8790 F1:0.8083
INFO:__main__:验证的best_acc:0.8761
INFO:__main__:----------------------------------------------------------------------------------------------------
INFO:__main__:
【train】epoch:88/150 loss:0.0526 acc:0.9807
INFO:__main__:
【val】epoch:88/150 loss:0.5965 acc:0.8549
INFO:__main__:
【Val】:  SENS: 0.8308  SPEC: 0.8687  PPV: 0.7826  NPV: 0.9002 F1:0.8060
INFO:__main__:验证的best_acc:0.8761
INFO:__main__:----------------------------------------------------------------------------------------------------
INFO:__main__:
【train】epoch:89/150 loss:0.0515 acc:0.9812
INFO:__main__:
【val】epoch:89/150 loss:0.5649 acc:0.8717
INFO:__main__:
【Val】:  SENS: 0.7692  SPEC: 0.9299  PPV: 0.8621  NPV: 0.8762 F1:0.8130
INFO:__main__:验证的best_acc:0.8761
INFO:__main__:----------------------------------------------------------------------------------------------------
INFO:__main__:
【train】epoch:90/150 loss:0.0458 acc:0.9807
INFO:__main__:
【val】epoch:90/150 loss:0.4433 acc:0.8839
INFO:__main__:
【Val】:  SENS: 0.8277  SPEC: 0.9159  PPV: 0.8486  NPV: 0.9033 F1:0.8380
INFO:__main__:验证的best_acc:0.8839
INFO:__main__:----------------------------------------------------------------------------------------------------
INFO:__main__:
【train】epoch:91/150 loss:0.0413 acc:0.9840
INFO:__main__:
【val】epoch:91/150 loss:0.5151 acc:0.8839
INFO:__main__:
【Val】:  SENS: 0.8615  SPEC: 0.8967  PPV: 0.8260  NPV: 0.9192 F1:0.8434
INFO:__main__:验证的best_acc:0.8839
INFO:__main__:----------------------------------------------------------------------------------------------------
INFO:__main__:
【train】epoch:92/150 loss:0.0473 acc:0.9832
INFO:__main__:
【val】epoch:92/150 loss:0.5096 acc:0.8672
INFO:__main__:
【Val】:  SENS: 0.8492  SPEC: 0.8774  PPV: 0.7977  NPV: 0.9109 F1:0.8227
INFO:__main__:验证的best_acc:0.8839
INFO:__main__:----------------------------------------------------------------------------------------------------
INFO:__main__:
【train】epoch:93/150 loss:0.0466 acc:0.9827
INFO:__main__:
【val】epoch:93/150 loss:0.4856 acc:0.8728
INFO:__main__:
【Val】:  SENS: 0.8246  SPEC: 0.9002  PPV: 0.8246  NPV: 0.9002 F1:0.8246
INFO:__main__:验证的best_acc:0.8839
INFO:__main__:----------------------------------------------------------------------------------------------------
INFO:__main__:
【train】epoch:94/150 loss:0.0385 acc:0.9867
INFO:__main__:
【val】epoch:94/150 loss:0.5646 acc:0.8772
INFO:__main__:
【Val】:  SENS: 0.8769  SPEC: 0.8774  PPV: 0.8028  NPV: 0.9261 F1:0.8382
INFO:__main__:验证的best_acc:0.8839
INFO:__main__:----------------------------------------------------------------------------------------------------
INFO:__main__:
【train】epoch:95/150 loss:0.0460 acc:0.9825
INFO:__main__:
【val】epoch:95/150 loss:0.5219 acc:0.8694
INFO:__main__:
【Val】:  SENS: 0.8031  SPEC: 0.9072  PPV: 0.8312  NPV: 0.8900 F1:0.8169
INFO:__main__:验证的best_acc:0.8839
INFO:__main__:----------------------------------------------------------------------------------------------------
INFO:__main__:
【train】epoch:96/150 loss:0.0439 acc:0.9840
INFO:__main__:
【val】epoch:96/150 loss:0.6181 acc:0.8683
INFO:__main__:
【Val】:  SENS: 0.8431  SPEC: 0.8827  PPV: 0.8035  NPV: 0.9081 F1:0.8228
INFO:__main__:验证的best_acc:0.8839
INFO:__main__:----------------------------------------------------------------------------------------------------
INFO:__main__:
【train】epoch:97/150 loss:0.0456 acc:0.9825
INFO:__main__:
【val】epoch:97/150 loss:0.6821 acc:0.8605
INFO:__main__:
【Val】:  SENS: 0.7754  SPEC: 0.9089  PPV: 0.8289  NPV: 0.8767 F1:0.8013
INFO:__main__:验证的best_acc:0.8839
INFO:__main__:----------------------------------------------------------------------------------------------------
INFO:__main__:
【train】epoch:98/150 loss:0.0388 acc:0.9865
INFO:__main__:
【val】epoch:98/150 loss:0.5873 acc:0.8583
INFO:__main__:
【Val】:  SENS: 0.8246  SPEC: 0.8774  PPV: 0.7929  NPV: 0.8978 F1:0.8084
INFO:__main__:验证的best_acc:0.8839
INFO:__main__:----------------------------------------------------------------------------------------------------
INFO:__main__:
【train】epoch:99/150 loss:0.0346 acc:0.9882
INFO:__main__:
【val】epoch:99/150 loss:0.6017 acc:0.8661
INFO:__main__:
【Val】:  SENS: 0.7877  SPEC: 0.9107  PPV: 0.8339  NPV: 0.8829 F1:0.8101
INFO:__main__:验证的best_acc:0.8839
INFO:__main__:----------------------------------------------------------------------------------------------------
INFO:__main__:
【train】epoch:100/150 loss:0.0314 acc:0.9898
INFO:__main__:
【val】epoch:100/150 loss:0.5660 acc:0.8739
INFO:__main__:
【Val】:  SENS: 0.7785  SPEC: 0.9282  PPV: 0.8605  NPV: 0.8804 F1:0.8174
INFO:__main__:验证的best_acc:0.8839
INFO:__main__:----------------------------------------------------------------------------------------------------
INFO:__main__:
【train】epoch:101/150 loss:0.0324 acc:0.9889
INFO:__main__:
【val】epoch:101/150 loss:0.5957 acc:0.8549
INFO:__main__:
【Val】:  SENS: 0.8400  SPEC: 0.8634  PPV: 0.7778  NPV: 0.9046 F1:0.8077
INFO:__main__:验证的best_acc:0.8839
INFO:__main__:----------------------------------------------------------------------------------------------------
INFO:__main__:
【train】epoch:102/150 loss:0.0288 acc:0.9913
INFO:__main__:
【val】epoch:102/150 loss:0.5321 acc:0.8650
INFO:__main__:
【Val】:  SENS: 0.8277  SPEC: 0.8862  PPV: 0.8054  NPV: 0.9004 F1:0.8164
INFO:__main__:验证的best_acc:0.8839
INFO:__main__:----------------------------------------------------------------------------------------------------
INFO:__main__:
【train】epoch:103/150 loss:0.0297 acc:0.9908
INFO:__main__:
【val】epoch:103/150 loss:0.5747 acc:0.8694
INFO:__main__:
【Val】:  SENS: 0.8154  SPEC: 0.9002  PPV: 0.8230  NPV: 0.8955 F1:0.8192
INFO:__main__:验证的best_acc:0.8839
INFO:__main__:----------------------------------------------------------------------------------------------------
INFO:__main__:
【train】epoch:104/150 loss:0.0285 acc:0.9883
INFO:__main__:
【val】epoch:104/150 loss:0.5827 acc:0.8605
INFO:__main__:
【Val】:  SENS: 0.8092  SPEC: 0.8897  PPV: 0.8067  NPV: 0.8912 F1:0.8080
INFO:__main__:验证的best_acc:0.8839
INFO:__main__:----------------------------------------------------------------------------------------------------
INFO:__main__:
【train】epoch:105/150 loss:0.0299 acc:0.9901
INFO:__main__:
【val】epoch:105/150 loss:0.6118 acc:0.8817
INFO:__main__:
【Val】:  SENS: 0.8246  SPEC: 0.9142  PPV: 0.8454  NPV: 0.9016 F1:0.8349
INFO:__main__:验证的best_acc:0.8839
INFO:__main__:----------------------------------------------------------------------------------------------------
INFO:__main__:
【train】epoch:106/150 loss:0.0331 acc:0.9879
INFO:__main__:
【val】epoch:106/150 loss:0.5930 acc:0.8661
INFO:__main__:
【Val】:  SENS: 0.8031  SPEC: 0.9019  PPV: 0.8233  NPV: 0.8895 F1:0.8131
INFO:__main__:验证的best_acc:0.8839
INFO:__main__:----------------------------------------------------------------------------------------------------
INFO:__main__:
【train】epoch:107/150 loss:0.0266 acc:0.9908
INFO:__main__:
【val】epoch:107/150 loss:0.5582 acc:0.8739
INFO:__main__:
【Val】:  SENS: 0.8092  SPEC: 0.9107  PPV: 0.8376  NPV: 0.8935 F1:0.8232
INFO:__main__:验证的best_acc:0.8839
INFO:__main__:----------------------------------------------------------------------------------------------------
INFO:__main__:
【train】epoch:108/150 loss:0.0290 acc:0.9910
INFO:__main__:
【val】epoch:108/150 loss:0.5801 acc:0.8917
INFO:__main__:
【Val】:  SENS: 0.8031  SPEC: 0.9422  PPV: 0.8878  NPV: 0.8937 F1:0.8433
INFO:__main__:验证的best_acc:0.8917
INFO:__main__:----------------------------------------------------------------------------------------------------
INFO:__main__:
【train】epoch:109/150 loss:0.0304 acc:0.9898
INFO:__main__:
【val】epoch:109/150 loss:0.5297 acc:0.8862
INFO:__main__:
【Val】:  SENS: 0.8369  SPEC: 0.9142  PPV: 0.8474  NPV: 0.9078 F1:0.8421
INFO:__main__:验证的best_acc:0.8917
INFO:__main__:----------------------------------------------------------------------------------------------------
INFO:__main__:
【train】epoch:110/150 loss:0.0287 acc:0.9876
INFO:__main__:
【val】epoch:110/150 loss:0.6479 acc:0.8672
INFO:__main__:
【Val】:  SENS: 0.8246  SPEC: 0.8914  PPV: 0.8121  NPV: 0.8993 F1:0.8183
INFO:__main__:验证的best_acc:0.8917
INFO:__main__:----------------------------------------------------------------------------------------------------
INFO:__main__:
【train】epoch:111/150 loss:0.0218 acc:0.9913
INFO:__main__:
【val】epoch:111/150 loss:0.6313 acc:0.8638
INFO:__main__:
【Val】:  SENS: 0.8462  SPEC: 0.8739  PPV: 0.7925  NPV: 0.9089 F1:0.8185
INFO:__main__:验证的best_acc:0.8917
INFO:__main__:----------------------------------------------------------------------------------------------------
INFO:__main__:
【train】epoch:112/150 loss:0.0231 acc:0.9916
INFO:__main__:
【val】epoch:112/150 loss:0.5696 acc:0.8694
INFO:__main__:
【Val】:  SENS: 0.8277  SPEC: 0.8932  PPV: 0.8152  NPV: 0.9011 F1:0.8214
INFO:__main__:验证的best_acc:0.8917
INFO:__main__:----------------------------------------------------------------------------------------------------
INFO:__main__:
【train】epoch:113/150 loss:0.0199 acc:0.9925
INFO:__main__:
【val】epoch:113/150 loss:0.5578 acc:0.8750
INFO:__main__:
【Val】:  SENS: 0.8277  SPEC: 0.9019  PPV: 0.8277  NPV: 0.9019 F1:0.8277
INFO:__main__:验证的best_acc:0.8917
INFO:__main__:----------------------------------------------------------------------------------------------------
INFO:__main__:
【train】epoch:114/150 loss:0.0237 acc:0.9901
INFO:__main__:
【val】epoch:114/150 loss:0.6232 acc:0.8650
INFO:__main__:
【Val】:  SENS: 0.8092  SPEC: 0.8967  PPV: 0.8168  NPV: 0.8920 F1:0.8130
INFO:__main__:验证的best_acc:0.8917
INFO:__main__:----------------------------------------------------------------------------------------------------
INFO:__main__:
【train】epoch:115/150 loss:0.0233 acc:0.9920
INFO:__main__:
【val】epoch:115/150 loss:0.5620 acc:0.8772
INFO:__main__:
【Val】:  SENS: 0.8154  SPEC: 0.9124  PPV: 0.8413  NPV: 0.8967 F1:0.8281
INFO:__main__:验证的best_acc:0.8917
INFO:__main__:----------------------------------------------------------------------------------------------------
INFO:__main__:
【train】epoch:116/150 loss:0.0200 acc:0.9935
INFO:__main__:
【val】epoch:116/150 loss:0.6222 acc:0.8705
INFO:__main__:
【Val】:  SENS: 0.8246  SPEC: 0.8967  PPV: 0.8196  NPV: 0.8998 F1:0.8221
INFO:__main__:验证的best_acc:0.8917
INFO:__main__:----------------------------------------------------------------------------------------------------
INFO:__main__:
【train】epoch:117/150 loss:0.0194 acc:0.9932
INFO:__main__:
【val】epoch:117/150 loss:0.5582 acc:0.8906
INFO:__main__:
【Val】:  SENS: 0.8462  SPEC: 0.9159  PPV: 0.8514  NPV: 0.9127 F1:0.8488
INFO:__main__:验证的best_acc:0.8917
INFO:__main__:----------------------------------------------------------------------------------------------------
INFO:__main__:
【train】epoch:118/150 loss:0.0166 acc:0.9951
INFO:__main__:
【val】epoch:118/150 loss:0.6118 acc:0.8783
INFO:__main__:
【Val】:  SENS: 0.8369  SPEC: 0.9019  PPV: 0.8293  NPV: 0.9067 F1:0.8331
INFO:__main__:验证的best_acc:0.8917
INFO:__main__:----------------------------------------------------------------------------------------------------
INFO:__main__:
【train】epoch:119/150 loss:0.0158 acc:0.9942
INFO:__main__:
【val】epoch:119/150 loss:0.5851 acc:0.8739
INFO:__main__:
【Val】:  SENS: 0.8277  SPEC: 0.9002  PPV: 0.8252  NPV: 0.9018 F1:0.8264
INFO:__main__:验证的best_acc:0.8917
INFO:__main__:----------------------------------------------------------------------------------------------------
INFO:__main__:
【train】epoch:120/150 loss:0.0188 acc:0.9937
INFO:__main__:
【val】epoch:120/150 loss:0.6037 acc:0.8795
INFO:__main__:
【Val】:  SENS: 0.8123  SPEC: 0.9177  PPV: 0.8489  NPV: 0.8957 F1:0.8302
INFO:__main__:验证的best_acc:0.8917
INFO:__main__:----------------------------------------------------------------------------------------------------
INFO:__main__:
【train】epoch:121/150 loss:0.0169 acc:0.9946
INFO:__main__:
【val】epoch:121/150 loss:0.5778 acc:0.8862
INFO:__main__:
【Val】:  SENS: 0.8369  SPEC: 0.9142  PPV: 0.8474  NPV: 0.9078 F1:0.8421
INFO:__main__:验证的best_acc:0.8917
INFO:__main__:----------------------------------------------------------------------------------------------------
INFO:__main__:
【train】epoch:122/150 loss:0.0124 acc:0.9965
INFO:__main__:
【val】epoch:122/150 loss:0.5598 acc:0.8783
INFO:__main__:
【Val】:  SENS: 0.8215  SPEC: 0.9107  PPV: 0.8396  NPV: 0.8997 F1:0.8305
INFO:__main__:验证的best_acc:0.8917
INFO:__main__:----------------------------------------------------------------------------------------------------
INFO:__main__:
【train】epoch:123/150 loss:0.0121 acc:0.9962
INFO:__main__:
【val】epoch:123/150 loss:0.5730 acc:0.8884
INFO:__main__:
【Val】:  SENS: 0.8554  SPEC: 0.9072  PPV: 0.8399  NPV: 0.9168 F1:0.8476
INFO:__main__:验证的best_acc:0.8917
INFO:__main__:----------------------------------------------------------------------------------------------------
INFO:__main__:
【train】epoch:124/150 loss:0.0134 acc:0.9958
INFO:__main__:
【val】epoch:124/150 loss:0.5590 acc:0.8951
INFO:__main__:
【Val】:  SENS: 0.8431  SPEC: 0.9247  PPV: 0.8644  NPV: 0.9119 F1:0.8536
INFO:__main__:验证的best_acc:0.8951
INFO:__main__:----------------------------------------------------------------------------------------------------
INFO:__main__:
【train】epoch:125/150 loss:0.0134 acc:0.9961
INFO:__main__:
【val】epoch:125/150 loss:0.5678 acc:0.8828
INFO:__main__:
【Val】:  SENS: 0.8462  SPEC: 0.9037  PPV: 0.8333  NPV: 0.9117 F1:0.8397
INFO:__main__:验证的best_acc:0.8951
INFO:__main__:----------------------------------------------------------------------------------------------------
INFO:__main__:
【train】epoch:126/150 loss:0.0170 acc:0.9940
INFO:__main__:
【val】epoch:126/150 loss:0.5884 acc:0.8895
INFO:__main__:
【Val】:  SENS: 0.8338  SPEC: 0.9212  PPV: 0.8576  NPV: 0.9069 F1:0.8456
INFO:__main__:验证的best_acc:0.8951
INFO:__main__:----------------------------------------------------------------------------------------------------
INFO:__main__:
【train】epoch:127/150 loss:0.0147 acc:0.9948
INFO:__main__:
【val】epoch:127/150 loss:0.6076 acc:0.8806
INFO:__main__:
【Val】:  SENS: 0.8338  SPEC: 0.9072  PPV: 0.8364  NPV: 0.9056 F1:0.8351
INFO:__main__:验证的best_acc:0.8951
INFO:__main__:----------------------------------------------------------------------------------------------------
INFO:__main__:
【train】epoch:128/150 loss:0.0156 acc:0.9943
INFO:__main__:
【val】epoch:128/150 loss:0.5672 acc:0.8795
INFO:__main__:
【Val】:  SENS: 0.8523  SPEC: 0.8949  PPV: 0.8220  NPV: 0.9141 F1:0.8369
INFO:__main__:验证的best_acc:0.8951
INFO:__main__:----------------------------------------------------------------------------------------------------
INFO:__main__:
【train】epoch:129/150 loss:0.0130 acc:0.9965
INFO:__main__:
【val】epoch:129/150 loss:0.5780 acc:0.8906
INFO:__main__:
【Val】:  SENS: 0.8615  SPEC: 0.9072  PPV: 0.8408  NPV: 0.9201 F1:0.8511
INFO:__main__:验证的best_acc:0.8951
INFO:__main__:----------------------------------------------------------------------------------------------------
INFO:__main__:
【train】epoch:130/150 loss:0.0135 acc:0.9959
INFO:__main__:
【val】epoch:130/150 loss:0.5946 acc:0.8783
INFO:__main__:
【Val】:  SENS: 0.8123  SPEC: 0.9159  PPV: 0.8462  NPV: 0.8955 F1:0.8289
INFO:__main__:验证的best_acc:0.8951
INFO:__main__:----------------------------------------------------------------------------------------------------
INFO:__main__:
【train】epoch:131/150 loss:0.0097 acc:0.9973
INFO:__main__:
【val】epoch:131/150 loss:0.6224 acc:0.8772
INFO:__main__:
【Val】:  SENS: 0.8123  SPEC: 0.9142  PPV: 0.8435  NPV: 0.8954 F1:0.8276
INFO:__main__:验证的best_acc:0.8951
INFO:__main__:----------------------------------------------------------------------------------------------------
INFO:__main__:
【train】epoch:132/150 loss:0.0108 acc:0.9965
INFO:__main__:
【val】epoch:132/150 loss:0.5953 acc:0.8761
INFO:__main__:
【Val】:  SENS: 0.8277  SPEC: 0.9037  PPV: 0.8302  NPV: 0.9021 F1:0.8290
INFO:__main__:验证的best_acc:0.8951
INFO:__main__:----------------------------------------------------------------------------------------------------
INFO:__main__:
【train】epoch:133/150 loss:0.0101 acc:0.9977
INFO:__main__:
【val】epoch:133/150 loss:0.5810 acc:0.8817
INFO:__main__:
【Val】:  SENS: 0.8338  SPEC: 0.9089  PPV: 0.8390  NPV: 0.9058 F1:0.8364
INFO:__main__:验证的best_acc:0.8951
INFO:__main__:----------------------------------------------------------------------------------------------------
INFO:__main__:
【train】epoch:134/150 loss:0.0120 acc:0.9962
INFO:__main__:
【val】epoch:134/150 loss:0.5958 acc:0.8839
INFO:__main__:
【Val】:  SENS: 0.8554  SPEC: 0.9002  PPV: 0.8299  NPV: 0.9162 F1:0.8424
INFO:__main__:验证的best_acc:0.8951
INFO:__main__:----------------------------------------------------------------------------------------------------
INFO:__main__:
【train】epoch:135/150 loss:0.0093 acc:0.9971
INFO:__main__:
【val】epoch:135/150 loss:0.6005 acc:0.8806
INFO:__main__:
【Val】:  SENS: 0.8462  SPEC: 0.9002  PPV: 0.8283  NPV: 0.9113 F1:0.8371
INFO:__main__:验证的best_acc:0.8951
INFO:__main__:----------------------------------------------------------------------------------------------------
INFO:__main__:
【train】epoch:136/150 loss:0.0092 acc:0.9966
INFO:__main__:
【val】epoch:136/150 loss:0.6191 acc:0.8817
INFO:__main__:
【Val】:  SENS: 0.8462  SPEC: 0.9019  PPV: 0.8308  NPV: 0.9115 F1:0.8384
INFO:__main__:验证的best_acc:0.8951
INFO:__main__:----------------------------------------------------------------------------------------------------
INFO:__main__:
【train】epoch:137/150 loss:0.0098 acc:0.9973
INFO:__main__:
【val】epoch:137/150 loss:0.5721 acc:0.8862
INFO:__main__:
【Val】:  SENS: 0.8554  SPEC: 0.9037  PPV: 0.8348  NPV: 0.9165 F1:0.8450
INFO:__main__:验证的best_acc:0.8951
INFO:__main__:----------------------------------------------------------------------------------------------------
INFO:__main__:
【train】epoch:138/150 loss:0.0104 acc:0.9962
INFO:__main__:
【val】epoch:138/150 loss:0.6289 acc:0.8817
INFO:__main__:
【Val】:  SENS: 0.8615  SPEC: 0.8932  PPV: 0.8211  NPV: 0.9189 F1:0.8408
INFO:__main__:验证的best_acc:0.8951
INFO:__main__:----------------------------------------------------------------------------------------------------
INFO:__main__:
【train】epoch:139/150 loss:0.0081 acc:0.9971
INFO:__main__:
【val】epoch:139/150 loss:0.5981 acc:0.8795
INFO:__main__:
【Val】:  SENS: 0.8246  SPEC: 0.9107  PPV: 0.8401  NPV: 0.9012 F1:0.8323
INFO:__main__:验证的best_acc:0.8951
INFO:__main__:----------------------------------------------------------------------------------------------------
INFO:__main__:
【train】epoch:140/150 loss:0.0090 acc:0.9978
INFO:__main__:
【val】epoch:140/150 loss:0.6045 acc:0.8795
INFO:__main__:
【Val】:  SENS: 0.8462  SPEC: 0.8984  PPV: 0.8258  NPV: 0.9112 F1:0.8359
INFO:__main__:验证的best_acc:0.8951
INFO:__main__:----------------------------------------------------------------------------------------------------
INFO:__main__:
【train】epoch:141/150 loss:0.0061 acc:0.9984
INFO:__main__:
【val】epoch:141/150 loss:0.5878 acc:0.8839
INFO:__main__:
【Val】:  SENS: 0.8585  SPEC: 0.8984  PPV: 0.8279  NPV: 0.9177 F1:0.8429
INFO:__main__:验证的best_acc:0.8951
INFO:__main__:----------------------------------------------------------------------------------------------------
INFO:__main__:
【train】epoch:142/150 loss:0.0058 acc:0.9989
INFO:__main__:
【val】epoch:142/150 loss:0.5787 acc:0.8873
INFO:__main__:
【Val】:  SENS: 0.8338  SPEC: 0.9177  PPV: 0.8522  NPV: 0.9066 F1:0.8429
INFO:__main__:验证的best_acc:0.8951
INFO:__main__:----------------------------------------------------------------------------------------------------
INFO:__main__:
【train】epoch:143/150 loss:0.0071 acc:0.9978
INFO:__main__:
【val】epoch:143/150 loss:0.6043 acc:0.8850
INFO:__main__:
【Val】:  SENS: 0.8369  SPEC: 0.9124  PPV: 0.8447  NPV: 0.9077 F1:0.8408
INFO:__main__:验证的best_acc:0.8951
INFO:__main__:----------------------------------------------------------------------------------------------------
INFO:__main__:
【train】epoch:144/150 loss:0.0094 acc:0.9969
INFO:__main__:
【val】epoch:144/150 loss:0.5700 acc:0.8795
INFO:__main__:
【Val】:  SENS: 0.8492  SPEC: 0.8967  PPV: 0.8239  NPV: 0.9127 F1:0.8364
INFO:__main__:验证的best_acc:0.8951
INFO:__main__:----------------------------------------------------------------------------------------------------
INFO:__main__:
【train】epoch:145/150 loss:0.0074 acc:0.9970
INFO:__main__:
【val】epoch:145/150 loss:0.5668 acc:0.8873
INFO:__main__:
【Val】:  SENS: 0.8677  SPEC: 0.8984  PPV: 0.8294  NPV: 0.9227 F1:0.8481
INFO:__main__:验证的best_acc:0.8951
INFO:__main__:----------------------------------------------------------------------------------------------------
INFO:__main__:
【train】epoch:146/150 loss:0.0081 acc:0.9974
INFO:__main__:
【val】epoch:146/150 loss:0.5771 acc:0.8839
INFO:__main__:
【Val】:  SENS: 0.8308  SPEC: 0.9142  PPV: 0.8464  NPV: 0.9047 F1:0.8385
INFO:__main__:验证的best_acc:0.8951
INFO:__main__:----------------------------------------------------------------------------------------------------
INFO:__main__:
【train】epoch:147/150 loss:0.0065 acc:0.9984
INFO:__main__:
【val】epoch:147/150 loss:0.5840 acc:0.8817
INFO:__main__:
【Val】:  SENS: 0.8308  SPEC: 0.9107  PPV: 0.8411  NPV: 0.9043 F1:0.8359
INFO:__main__:验证的best_acc:0.8951
INFO:__main__:----------------------------------------------------------------------------------------------------
INFO:__main__:
【train】epoch:148/150 loss:0.0078 acc:0.9978
INFO:__main__:
【val】epoch:148/150 loss:0.5805 acc:0.8862
INFO:__main__:
【Val】:  SENS: 0.8738  SPEC: 0.8932  PPV: 0.8232  NPV: 0.9256 F1:0.8478
INFO:__main__:验证的best_acc:0.8951
INFO:__main__:----------------------------------------------------------------------------------------------------
INFO:__main__:
【train】epoch:149/150 loss:0.0067 acc:0.9984
INFO:__main__:
【val】epoch:149/150 loss:0.5815 acc:0.8906
INFO:__main__:
【Val】:  SENS: 0.8615  SPEC: 0.9072  PPV: 0.8408  NPV: 0.9201 F1:0.8511
INFO:__main__:验证的best_acc:0.8951
INFO:__main__:----------------------------------------------------------------------------------------------------
INFO:__main__:****************************************************************************************************
INFO:__main__:Val_LOSS:['0.5132', '0.7697', '0.9031', '0.5484', '0.4914', '0.6595', '0.4217', '0.4513', '0.4071', '0.3858', '0.4429', '0.3836', '0.6508', '0.4272', '0.5127', '0.3665', '0.3557', '0.3782', '0.3995', '0.3620', '0.3275', '0.3518', '0.4368', '0.4041', '0.3671', '0.3327', '0.3484', '0.3630', '0.4019', '0.3655', '0.3411', '0.4086', '0.3503', '0.3389', '0.3513', '0.3652', '0.3782', '0.3457', '0.3611', '0.4091', '0.3731', '0.4315', '0.5375', '0.3707', '0.3607', '0.4263', '0.4384', '0.4082', '0.3852', '0.4124', '0.3728', '0.4069', '0.3727', '0.4399', '0.4647', '0.4393', '0.4943', '0.3630', '0.4518', '0.4357', '0.4528', '0.4139', '0.4880', '0.4653', '0.4129', '0.4337', '0.4304', '0.4890', '0.4577', '0.4324', '0.5363', '0.5167', '0.4840', '0.4655', '0.4679', '0.5094', '0.5073', '0.5055', '0.5121', '0.4933', '0.5727', '0.5630', '0.5176', '0.5148', '0.5275', '0.5696', '0.6155', '0.5059', '0.5965', '0.5649', '0.4433', '0.5151', '0.5096', '0.4856', '0.5646', '0.5219', '0.6181', '0.6821', '0.5873', '0.6017', '0.5660', '0.5957', '0.5321', '0.5747', '0.5827', '0.6118', '0.5930', '0.5582', '0.5801', '0.5297', '0.6479', '0.6313', '0.5696', '0.5578', '0.6232', '0.5620', '0.6222', '0.5582', '0.6118', '0.5851', '0.6037', '0.5778', '0.5598', '0.5730', '0.5590', '0.5678', '0.5884', '0.6076', '0.5672', '0.5780', '0.5946', '0.6224', '0.5953', '0.5810', '0.5958', '0.6005', '0.6191', '0.5721', '0.6289', '0.5981', '0.6045', '0.5878', '0.5787', '0.6043', '0.5700', '0.5668', '0.5771', '0.5840', '0.5805', '0.5815']
INFO:__main__:Val_ACC:['0.7188', '0.6652', '0.6641', '0.7232', '0.7567', '0.6853', '0.7757', '0.7556', '0.7980', '0.7857', '0.7768', '0.7980', '0.7422', '0.7779', '0.7746', '0.8170', '0.8426', '0.8058', '0.8136', '0.8326', '0.8471', '0.8404', '0.8013', '0.8225', '0.8225', '0.8415', '0.8471', '0.8482', '0.8348', '0.8292', '0.8471', '0.8404', '0.8560', '0.8571', '0.8482', '0.8504', '0.8493', '0.8549', '0.8449', '0.8527', '0.8650', '0.8292', '0.8292', '0.8493', '0.8560', '0.8404', '0.8404', '0.8527', '0.8683', '0.8404', '0.8605', '0.8583', '0.8683', '0.8393', '0.8438', '0.8616', '0.8415', '0.8672', '0.8638', '0.8616', '0.8616', '0.8661', '0.8471', '0.8426', '0.8717', '0.8694', '0.8705', '0.8471', '0.8761', '0.8728', '0.8571', '0.8482', '0.8627', '0.8750', '0.8482', '0.8638', '0.8627', '0.8661', '0.8460', '0.8538', '0.8672', '0.8571', '0.8705', '0.8650', '0.8594', '0.8449', '0.8594', '0.8661', '0.8549', '0.8717', '0.8839', '0.8839', '0.8672', '0.8728', '0.8772', '0.8694', '0.8683', '0.8605', '0.8583', '0.8661', '0.8739', '0.8549', '0.8650', '0.8694', '0.8605', '0.8817', '0.8661', '0.8739', '0.8917', '0.8862', '0.8672', '0.8638', '0.8694', '0.8750', '0.8650', '0.8772', '0.8705', '0.8906', '0.8783', '0.8739', '0.8795', '0.8862', '0.8783', '0.8884', '0.8951', '0.8828', '0.8895', '0.8806', '0.8795', '0.8906', '0.8783', '0.8772', '0.8761', '0.8817', '0.8839', '0.8806', '0.8817', '0.8862', '0.8817', '0.8795', '0.8795', '0.8839', '0.8873', '0.8850', '0.8795', '0.8873', '0.8839', '0.8817', '0.8862', '0.8906']
INFO:__main__:****************************************************************************************************
INFO:__main__: epoch0 测试test_Loss: 0.9351  test_ACC: 0.8605  
INFO:__main__:SENS: 0.7872 SPEC: 0.9032 PPV: 0.8257 NPV: 0.8793 F1:0.8060
INFO:__main__:test_Best_acc:0.8605
INFO:__main__:flops:1510310080.0  params:5601954.0
