INFO:__main__:
【train】epoch:0/150 loss:0.5982 acc:0.6969
INFO:__main__:
【val】epoch:0/150 loss:0.5231 acc:0.7312
INFO:__main__:
【Val】:  SENS: 0.2035  SPEC: 0.9455  PPV: 0.6026  NPV: 0.7452 F1:0.3042
INFO:__main__:验证的best_acc:0.7312
INFO:__main__:----------------------------------------------------------------------------------------------------
INFO:__main__:
【train】epoch:1/150 loss:0.5529 acc:0.7139
INFO:__main__:
【val】epoch:1/150 loss:0.4631 acc:0.7638
INFO:__main__:
【Val】:  SENS: 0.4848  SPEC: 0.8770  PPV: 0.6154  NPV: 0.8074 F1:0.5424
INFO:__main__:验证的best_acc:0.7638
INFO:__main__:----------------------------------------------------------------------------------------------------
INFO:__main__:
【train】epoch:2/150 loss:0.5302 acc:0.7283
INFO:__main__:
【val】epoch:2/150 loss:0.4488 acc:0.7688
INFO:__main__:
【Val】:  SENS: 0.4329  SPEC: 0.9051  PPV: 0.6494  NPV: 0.7972 F1:0.5195
INFO:__main__:验证的best_acc:0.7688
INFO:__main__:----------------------------------------------------------------------------------------------------
INFO:__main__:
【train】epoch:3/150 loss:0.5082 acc:0.7397
INFO:__main__:
【val】epoch:3/150 loss:0.5066 acc:0.7287
INFO:__main__:
【Val】:  SENS: 0.7835  SPEC: 0.7065  PPV: 0.5201  NPV: 0.8894 F1:0.6252
INFO:__main__:验证的best_acc:0.7688
INFO:__main__:----------------------------------------------------------------------------------------------------
INFO:__main__:
【train】epoch:4/150 loss:0.4922 acc:0.7471
INFO:__main__:
【val】epoch:4/150 loss:0.4437 acc:0.7750
INFO:__main__:
【Val】:  SENS: 0.4026  SPEC: 0.9262  PPV: 0.6889  NPV: 0.7925 F1:0.5082
INFO:__main__:验证的best_acc:0.7750
INFO:__main__:----------------------------------------------------------------------------------------------------
INFO:__main__:
【train】epoch:5/150 loss:0.4810 acc:0.7545
INFO:__main__:
【val】epoch:5/150 loss:0.4695 acc:0.7713
INFO:__main__:
【Val】:  SENS: 0.3203  SPEC: 0.9543  PPV: 0.7400  NPV: 0.7757 F1:0.4471
INFO:__main__:验证的best_acc:0.7750
INFO:__main__:----------------------------------------------------------------------------------------------------
INFO:__main__:
【train】epoch:6/150 loss:0.4602 acc:0.7672
INFO:__main__:
【val】epoch:6/150 loss:0.4052 acc:0.7950
INFO:__main__:
【Val】:  SENS: 0.5801  SPEC: 0.8822  PPV: 0.6667  NPV: 0.8381 F1:0.6204
INFO:__main__:验证的best_acc:0.7950
INFO:__main__:----------------------------------------------------------------------------------------------------
INFO:__main__:
【train】epoch:7/150 loss:0.4528 acc:0.7693
INFO:__main__:
【val】epoch:7/150 loss:0.4424 acc:0.7713
INFO:__main__:
【Val】:  SENS: 0.7879  SPEC: 0.7645  PPV: 0.5759  NPV: 0.8988 F1:0.6654
INFO:__main__:验证的best_acc:0.7950
INFO:__main__:----------------------------------------------------------------------------------------------------
INFO:__main__:
【train】epoch:8/150 loss:0.4408 acc:0.7826
INFO:__main__:
【val】epoch:8/150 loss:0.6836 acc:0.6850
INFO:__main__:
【Val】:  SENS: 0.9048  SPEC: 0.5958  PPV: 0.4761  NPV: 0.9391 F1:0.6239
INFO:__main__:验证的best_acc:0.7950
INFO:__main__:----------------------------------------------------------------------------------------------------
INFO:__main__:
【train】epoch:9/150 loss:0.4214 acc:0.7980
INFO:__main__:
【val】epoch:9/150 loss:0.4847 acc:0.7450
INFO:__main__:
【Val】:  SENS: 0.7576  SPEC: 0.7399  PPV: 0.5418  NPV: 0.8826 F1:0.6318
INFO:__main__:验证的best_acc:0.7950
INFO:__main__:----------------------------------------------------------------------------------------------------
INFO:__main__:
【train】epoch:10/150 loss:0.4089 acc:0.8001
INFO:__main__:
【val】epoch:10/150 loss:0.5813 acc:0.7025
INFO:__main__:
【Val】:  SENS: 0.7922  SPEC: 0.6661  PPV: 0.4906  NPV: 0.8876 F1:0.6060
INFO:__main__:验证的best_acc:0.7950
INFO:__main__:----------------------------------------------------------------------------------------------------
INFO:__main__:
【train】epoch:11/150 loss:0.3948 acc:0.8084
INFO:__main__:
【val】epoch:11/150 loss:0.6444 acc:0.7138
INFO:__main__:
【Val】:  SENS: 0.8961  SPEC: 0.6397  PPV: 0.5024  NPV: 0.9381 F1:0.6439
INFO:__main__:验证的best_acc:0.7950
INFO:__main__:----------------------------------------------------------------------------------------------------
INFO:__main__:
【train】epoch:12/150 loss:0.3725 acc:0.8264
INFO:__main__:
【val】epoch:12/150 loss:0.4353 acc:0.7900
INFO:__main__:
【Val】:  SENS: 0.8312  SPEC: 0.7733  PPV: 0.5981  NPV: 0.9186 F1:0.6957
INFO:__main__:验证的best_acc:0.7950
INFO:__main__:----------------------------------------------------------------------------------------------------
INFO:__main__:
【train】epoch:13/150 loss:0.3644 acc:0.8315
INFO:__main__:
【val】epoch:13/150 loss:0.3762 acc:0.8200
INFO:__main__:
【Val】:  SENS: 0.6364  SPEC: 0.8946  PPV: 0.7101  NPV: 0.8583 F1:0.6712
INFO:__main__:验证的best_acc:0.8200
INFO:__main__:----------------------------------------------------------------------------------------------------
INFO:__main__:
【train】epoch:14/150 loss:0.3490 acc:0.8438
INFO:__main__:
【val】epoch:14/150 loss:0.6285 acc:0.7275
INFO:__main__:
【Val】:  SENS: 0.8874  SPEC: 0.6626  PPV: 0.5164  NPV: 0.9355 F1:0.6529
INFO:__main__:验证的best_acc:0.8200
INFO:__main__:----------------------------------------------------------------------------------------------------
INFO:__main__:
【train】epoch:15/150 loss:0.3471 acc:0.8419
INFO:__main__:
【val】epoch:15/150 loss:0.3650 acc:0.8413
INFO:__main__:
【Val】:  SENS: 0.7403  SPEC: 0.8822  PPV: 0.7185  NPV: 0.8932 F1:0.7292
INFO:__main__:验证的best_acc:0.8413
INFO:__main__:----------------------------------------------------------------------------------------------------
INFO:__main__:
【train】epoch:16/150 loss:0.3402 acc:0.8478
INFO:__main__:
【val】epoch:16/150 loss:0.3273 acc:0.8537
INFO:__main__:
【Val】:  SENS: 0.7100  SPEC: 0.9121  PPV: 0.7664  NPV: 0.8857 F1:0.7371
INFO:__main__:验证的best_acc:0.8537
INFO:__main__:----------------------------------------------------------------------------------------------------
INFO:__main__:
【train】epoch:17/150 loss:0.3308 acc:0.8492
INFO:__main__:
【val】epoch:17/150 loss:0.3236 acc:0.8550
INFO:__main__:
【Val】:  SENS: 0.7706  SPEC: 0.8893  PPV: 0.7386  NPV: 0.9052 F1:0.7542
INFO:__main__:验证的best_acc:0.8550
INFO:__main__:----------------------------------------------------------------------------------------------------
INFO:__main__:
【train】epoch:18/150 loss:0.3249 acc:0.8510
INFO:__main__:
【val】epoch:18/150 loss:0.3572 acc:0.8425
INFO:__main__:
【Val】:  SENS: 0.6883  SPEC: 0.9051  PPV: 0.7465  NPV: 0.8773 F1:0.7162
INFO:__main__:验证的best_acc:0.8550
INFO:__main__:----------------------------------------------------------------------------------------------------
INFO:__main__:
【train】epoch:19/150 loss:0.3049 acc:0.8641
INFO:__main__:
【val】epoch:19/150 loss:0.3650 acc:0.8487
INFO:__main__:
【Val】:  SENS: 0.8442  SPEC: 0.8506  PPV: 0.6964  NPV: 0.9308 F1:0.7632
INFO:__main__:验证的best_acc:0.8550
INFO:__main__:----------------------------------------------------------------------------------------------------
INFO:__main__:
【train】epoch:20/150 loss:0.2957 acc:0.8658
INFO:__main__:
【val】epoch:20/150 loss:0.3422 acc:0.8587
INFO:__main__:
【Val】:  SENS: 0.8009  SPEC: 0.8822  PPV: 0.7341  NPV: 0.9161 F1:0.7660
INFO:__main__:验证的best_acc:0.8587
INFO:__main__:----------------------------------------------------------------------------------------------------
INFO:__main__:
【train】epoch:21/150 loss:0.2984 acc:0.8671
INFO:__main__:
【val】epoch:21/150 loss:0.3623 acc:0.8575
INFO:__main__:
【Val】:  SENS: 0.6190  SPEC: 0.9543  PPV: 0.8462  NPV: 0.8605 F1:0.7150
INFO:__main__:验证的best_acc:0.8587
INFO:__main__:----------------------------------------------------------------------------------------------------
INFO:__main__:
【train】epoch:22/150 loss:0.2945 acc:0.8696
INFO:__main__:
【val】epoch:22/150 loss:0.3163 acc:0.8587
INFO:__main__:
【Val】:  SENS: 0.6926  SPEC: 0.9262  PPV: 0.7921  NPV: 0.8813 F1:0.7390
INFO:__main__:验证的best_acc:0.8587
INFO:__main__:----------------------------------------------------------------------------------------------------
INFO:__main__:
【train】epoch:23/150 loss:0.2876 acc:0.8703
INFO:__main__:
【val】epoch:23/150 loss:0.4478 acc:0.7875
INFO:__main__:
【Val】:  SENS: 0.5714  SPEC: 0.8752  PPV: 0.6502  NPV: 0.8342 F1:0.6083
INFO:__main__:验证的best_acc:0.8587
INFO:__main__:----------------------------------------------------------------------------------------------------
INFO:__main__:
【train】epoch:24/150 loss:0.2803 acc:0.8758
INFO:__main__:
【val】epoch:24/150 loss:0.3562 acc:0.8550
INFO:__main__:
【Val】:  SENS: 0.6450  SPEC: 0.9402  PPV: 0.8142  NPV: 0.8671 F1:0.7198
INFO:__main__:验证的best_acc:0.8587
INFO:__main__:----------------------------------------------------------------------------------------------------
INFO:__main__:
【train】epoch:25/150 loss:0.2733 acc:0.8795
INFO:__main__:
【val】epoch:25/150 loss:0.3055 acc:0.8863
INFO:__main__:
【Val】:  SENS: 0.7922  SPEC: 0.9244  PPV: 0.8097  NPV: 0.9164 F1:0.8009
INFO:__main__:验证的best_acc:0.8863
INFO:__main__:----------------------------------------------------------------------------------------------------
INFO:__main__:
【train】epoch:26/150 loss:0.2633 acc:0.8816
INFO:__main__:
【val】epoch:26/150 loss:0.3585 acc:0.8650
INFO:__main__:
【Val】:  SENS: 0.6277  SPEC: 0.9613  PPV: 0.8683  NPV: 0.8641 F1:0.7286
INFO:__main__:验证的best_acc:0.8863
INFO:__main__:----------------------------------------------------------------------------------------------------
INFO:__main__:
【train】epoch:27/150 loss:0.2694 acc:0.8830
INFO:__main__:
【val】epoch:27/150 loss:0.3140 acc:0.8750
INFO:__main__:
【Val】:  SENS: 0.7706  SPEC: 0.9174  PPV: 0.7911  NPV: 0.9078 F1:0.7807
INFO:__main__:验证的best_acc:0.8863
INFO:__main__:----------------------------------------------------------------------------------------------------
INFO:__main__:
【train】epoch:28/150 loss:0.2676 acc:0.8812
INFO:__main__:
【val】epoch:28/150 loss:0.3277 acc:0.8600
INFO:__main__:
【Val】:  SENS: 0.7879  SPEC: 0.8893  PPV: 0.7429  NPV: 0.9117 F1:0.7647
INFO:__main__:验证的best_acc:0.8863
INFO:__main__:----------------------------------------------------------------------------------------------------
INFO:__main__:
【train】epoch:29/150 loss:0.2490 acc:0.8946
INFO:__main__:
【val】epoch:29/150 loss:0.3460 acc:0.8537
INFO:__main__:
【Val】:  SENS: 0.6407  SPEC: 0.9402  PPV: 0.8132  NPV: 0.8657 F1:0.7167
INFO:__main__:验证的best_acc:0.8863
INFO:__main__:----------------------------------------------------------------------------------------------------
INFO:__main__:
【train】epoch:30/150 loss:0.2440 acc:0.8946
INFO:__main__:
【val】epoch:30/150 loss:0.3165 acc:0.8700
INFO:__main__:
【Val】:  SENS: 0.7316  SPEC: 0.9262  PPV: 0.8009  NPV: 0.8947 F1:0.7647
INFO:__main__:验证的best_acc:0.8863
INFO:__main__:----------------------------------------------------------------------------------------------------
INFO:__main__:
【train】epoch:31/150 loss:0.2396 acc:0.8984
INFO:__main__:
【val】epoch:31/150 loss:0.3330 acc:0.8487
INFO:__main__:
【Val】:  SENS: 0.7446  SPEC: 0.8910  PPV: 0.7350  NPV: 0.8958 F1:0.7398
INFO:__main__:验证的best_acc:0.8863
INFO:__main__:----------------------------------------------------------------------------------------------------
INFO:__main__:
【train】epoch:32/150 loss:0.2353 acc:0.8995
INFO:__main__:
【val】epoch:32/150 loss:0.3409 acc:0.8512
INFO:__main__:
【Val】:  SENS: 0.6797  SPEC: 0.9209  PPV: 0.7772  NPV: 0.8763 F1:0.7252
INFO:__main__:验证的best_acc:0.8863
INFO:__main__:----------------------------------------------------------------------------------------------------
INFO:__main__:
【train】epoch:33/150 loss:0.2300 acc:0.9022
INFO:__main__:
【val】epoch:33/150 loss:0.3457 acc:0.8687
INFO:__main__:
【Val】:  SENS: 0.7922  SPEC: 0.8998  PPV: 0.7625  NPV: 0.9143 F1:0.7771
INFO:__main__:验证的best_acc:0.8863
INFO:__main__:----------------------------------------------------------------------------------------------------
INFO:__main__:
【train】epoch:34/150 loss:0.2344 acc:0.9041
INFO:__main__:
【val】epoch:34/150 loss:0.3458 acc:0.8612
INFO:__main__:
【Val】:  SENS: 0.6797  SPEC: 0.9350  PPV: 0.8093  NPV: 0.8779 F1:0.7388
INFO:__main__:验证的best_acc:0.8863
INFO:__main__:----------------------------------------------------------------------------------------------------
INFO:__main__:
【train】epoch:35/150 loss:0.2327 acc:0.8990
INFO:__main__:
【val】epoch:35/150 loss:0.3253 acc:0.8662
INFO:__main__:
【Val】:  SENS: 0.7619  SPEC: 0.9086  PPV: 0.7719  NPV: 0.9038 F1:0.7669
INFO:__main__:验证的best_acc:0.8863
INFO:__main__:----------------------------------------------------------------------------------------------------
INFO:__main__:
【train】epoch:36/150 loss:0.2193 acc:0.9067
INFO:__main__:
【val】epoch:36/150 loss:0.3288 acc:0.8763
INFO:__main__:
【Val】:  SENS: 0.7749  SPEC: 0.9174  PPV: 0.7920  NPV: 0.9094 F1:0.7834
INFO:__main__:验证的best_acc:0.8863
INFO:__main__:----------------------------------------------------------------------------------------------------
INFO:__main__:
【train】epoch:37/150 loss:0.2215 acc:0.9079
INFO:__main__:
【val】epoch:37/150 loss:0.3623 acc:0.8487
INFO:__main__:
【Val】:  SENS: 0.6883  SPEC: 0.9139  PPV: 0.7644  NPV: 0.8784 F1:0.7244
INFO:__main__:验证的best_acc:0.8863
INFO:__main__:----------------------------------------------------------------------------------------------------
INFO:__main__:
【train】epoch:38/150 loss:0.2200 acc:0.9082
INFO:__main__:
【val】epoch:38/150 loss:0.4378 acc:0.8313
INFO:__main__:
【Val】:  SENS: 0.7186  SPEC: 0.8770  PPV: 0.7034  NPV: 0.8848 F1:0.7109
INFO:__main__:验证的best_acc:0.8863
INFO:__main__:----------------------------------------------------------------------------------------------------
INFO:__main__:
【train】epoch:39/150 loss:0.2022 acc:0.9152
INFO:__main__:
【val】epoch:39/150 loss:0.3167 acc:0.8800
INFO:__main__:
【Val】:  SENS: 0.7792  SPEC: 0.9209  PPV: 0.8000  NPV: 0.9113 F1:0.7895
INFO:__main__:验证的best_acc:0.8863
INFO:__main__:----------------------------------------------------------------------------------------------------
INFO:__main__:
【train】epoch:40/150 loss:0.1998 acc:0.9195
INFO:__main__:
【val】epoch:40/150 loss:0.4025 acc:0.8425
INFO:__main__:
【Val】:  SENS: 0.6667  SPEC: 0.9139  PPV: 0.7586  NPV: 0.8710 F1:0.7097
INFO:__main__:验证的best_acc:0.8863
INFO:__main__:----------------------------------------------------------------------------------------------------
INFO:__main__:
【train】epoch:41/150 loss:0.1877 acc:0.9206
INFO:__main__:
【val】epoch:41/150 loss:0.4417 acc:0.8450
INFO:__main__:
【Val】:  SENS: 0.6277  SPEC: 0.9332  PPV: 0.7923  NPV: 0.8606 F1:0.7005
INFO:__main__:验证的best_acc:0.8863
INFO:__main__:----------------------------------------------------------------------------------------------------
INFO:__main__:
【train】epoch:42/150 loss:0.1854 acc:0.9203
INFO:__main__:
【val】epoch:42/150 loss:0.3692 acc:0.8625
INFO:__main__:
【Val】:  SENS: 0.8095  SPEC: 0.8840  PPV: 0.7391  NPV: 0.9196 F1:0.7727
INFO:__main__:验证的best_acc:0.8863
INFO:__main__:----------------------------------------------------------------------------------------------------
INFO:__main__:
【train】epoch:43/150 loss:0.1883 acc:0.9245
INFO:__main__:
【val】epoch:43/150 loss:0.3782 acc:0.8700
INFO:__main__:
【Val】:  SENS: 0.8485  SPEC: 0.8787  PPV: 0.7396  NPV: 0.9346 F1:0.7903
INFO:__main__:验证的best_acc:0.8863
INFO:__main__:----------------------------------------------------------------------------------------------------
INFO:__main__:
【train】epoch:44/150 loss:0.1902 acc:0.9229
INFO:__main__:
【val】epoch:44/150 loss:0.3539 acc:0.8687
INFO:__main__:
【Val】:  SENS: 0.7359  SPEC: 0.9227  PPV: 0.7944  NPV: 0.8959 F1:0.7640
INFO:__main__:验证的best_acc:0.8863
INFO:__main__:----------------------------------------------------------------------------------------------------
INFO:__main__:
【train】epoch:45/150 loss:0.1818 acc:0.9268
INFO:__main__:
【val】epoch:45/150 loss:0.3889 acc:0.8712
INFO:__main__:
【Val】:  SENS: 0.7186  SPEC: 0.9332  PPV: 0.8137  NPV: 0.8909 F1:0.7632
INFO:__main__:验证的best_acc:0.8863
INFO:__main__:----------------------------------------------------------------------------------------------------
INFO:__main__:
【train】epoch:46/150 loss:0.1926 acc:0.9213
INFO:__main__:
【val】epoch:46/150 loss:0.3874 acc:0.8712
INFO:__main__:
【Val】:  SENS: 0.7532  SPEC: 0.9192  PPV: 0.7909  NPV: 0.9017 F1:0.7716
INFO:__main__:验证的best_acc:0.8863
INFO:__main__:----------------------------------------------------------------------------------------------------
INFO:__main__:
【train】epoch:47/150 loss:0.1887 acc:0.9226
INFO:__main__:
【val】epoch:47/150 loss:0.5042 acc:0.8112
INFO:__main__:
【Val】:  SENS: 0.8701  SPEC: 0.7873  PPV: 0.6242  NPV: 0.9372 F1:0.7269
INFO:__main__:验证的best_acc:0.8863
INFO:__main__:----------------------------------------------------------------------------------------------------
INFO:__main__:
【train】epoch:48/150 loss:0.1779 acc:0.9281
INFO:__main__:
【val】epoch:48/150 loss:0.3754 acc:0.8750
INFO:__main__:
【Val】:  SENS: 0.6753  SPEC: 0.9561  PPV: 0.8619  NPV: 0.8788 F1:0.7573
INFO:__main__:验证的best_acc:0.8863
INFO:__main__:----------------------------------------------------------------------------------------------------
INFO:__main__:
【train】epoch:49/150 loss:0.1730 acc:0.9298
INFO:__main__:
【val】epoch:49/150 loss:0.3459 acc:0.8850
INFO:__main__:
【Val】:  SENS: 0.7662  SPEC: 0.9332  PPV: 0.8233  NPV: 0.9077 F1:0.7937
INFO:__main__:验证的best_acc:0.8863
INFO:__main__:----------------------------------------------------------------------------------------------------
INFO:__main__:
【train】epoch:50/150 loss:0.1465 acc:0.9404
INFO:__main__:
【val】epoch:50/150 loss:0.3612 acc:0.8725
INFO:__main__:
【Val】:  SENS: 0.7792  SPEC: 0.9104  PPV: 0.7792  NPV: 0.9104 F1:0.7792
INFO:__main__:验证的best_acc:0.8863
INFO:__main__:----------------------------------------------------------------------------------------------------
INFO:__main__:
【train】epoch:51/150 loss:0.1574 acc:0.9366
INFO:__main__:
【val】epoch:51/150 loss:0.4154 acc:0.8687
INFO:__main__:
【Val】:  SENS: 0.7576  SPEC: 0.9139  PPV: 0.7812  NPV: 0.9028 F1:0.7692
INFO:__main__:验证的best_acc:0.8863
INFO:__main__:----------------------------------------------------------------------------------------------------
INFO:__main__:
【train】epoch:52/150 loss:0.1707 acc:0.9292
INFO:__main__:
【val】epoch:52/150 loss:0.3627 acc:0.8838
INFO:__main__:
【Val】:  SENS: 0.8052  SPEC: 0.9156  PPV: 0.7949  NPV: 0.9205 F1:0.8000
INFO:__main__:验证的best_acc:0.8863
INFO:__main__:----------------------------------------------------------------------------------------------------
INFO:__main__:
【train】epoch:53/150 loss:0.1608 acc:0.9343
INFO:__main__:
【val】epoch:53/150 loss:0.3259 acc:0.8913
INFO:__main__:
【Val】:  SENS: 0.7619  SPEC: 0.9438  PPV: 0.8462  NPV: 0.9071 F1:0.8018
INFO:__main__:验证的best_acc:0.8913
INFO:__main__:----------------------------------------------------------------------------------------------------
INFO:__main__:
【train】epoch:54/150 loss:0.1569 acc:0.9384
INFO:__main__:
【val】epoch:54/150 loss:0.3776 acc:0.8825
INFO:__main__:
【Val】:  SENS: 0.8355  SPEC: 0.9016  PPV: 0.7751  NPV: 0.9310 F1:0.8042
INFO:__main__:验证的best_acc:0.8913
INFO:__main__:----------------------------------------------------------------------------------------------------
INFO:__main__:
【train】epoch:55/150 loss:0.1615 acc:0.9361
INFO:__main__:
【val】epoch:55/150 loss:0.4013 acc:0.8662
INFO:__main__:
【Val】:  SENS: 0.8485  SPEC: 0.8735  PPV: 0.7313  NPV: 0.9342 F1:0.7856
INFO:__main__:验证的best_acc:0.8913
INFO:__main__:----------------------------------------------------------------------------------------------------
INFO:__main__:
【train】epoch:56/150 loss:0.1676 acc:0.9306
INFO:__main__:
【val】epoch:56/150 loss:0.4477 acc:0.8737
INFO:__main__:
【Val】:  SENS: 0.6840  SPEC: 0.9508  PPV: 0.8495  NPV: 0.8811 F1:0.7578
INFO:__main__:验证的best_acc:0.8913
INFO:__main__:----------------------------------------------------------------------------------------------------
INFO:__main__:
【train】epoch:57/150 loss:0.1476 acc:0.9404
INFO:__main__:
【val】epoch:57/150 loss:0.3738 acc:0.8850
INFO:__main__:
【Val】:  SENS: 0.7619  SPEC: 0.9350  PPV: 0.8263  NPV: 0.9063 F1:0.7928
INFO:__main__:验证的best_acc:0.8913
INFO:__main__:----------------------------------------------------------------------------------------------------
INFO:__main__:
【train】epoch:58/150 loss:0.1537 acc:0.9401
INFO:__main__:
【val】epoch:58/150 loss:0.3824 acc:0.8763
INFO:__main__:
【Val】:  SENS: 0.8312  SPEC: 0.8946  PPV: 0.7619  NPV: 0.9288 F1:0.7950
INFO:__main__:验证的best_acc:0.8913
INFO:__main__:----------------------------------------------------------------------------------------------------
INFO:__main__:
【train】epoch:59/150 loss:0.1386 acc:0.9457
INFO:__main__:
【val】epoch:59/150 loss:0.3834 acc:0.8850
INFO:__main__:
【Val】:  SENS: 0.8268  SPEC: 0.9086  PPV: 0.7860  NPV: 0.9282 F1:0.8059
INFO:__main__:验证的best_acc:0.8913
INFO:__main__:----------------------------------------------------------------------------------------------------
INFO:__main__:
【train】epoch:60/150 loss:0.1493 acc:0.9417
INFO:__main__:
【val】epoch:60/150 loss:0.3425 acc:0.8963
INFO:__main__:
【Val】:  SENS: 0.7619  SPEC: 0.9508  PPV: 0.8627  NPV: 0.9077 F1:0.8092
INFO:__main__:验证的best_acc:0.8963
INFO:__main__:----------------------------------------------------------------------------------------------------
INFO:__main__:
【train】epoch:61/150 loss:0.1404 acc:0.9420
INFO:__main__:
【val】epoch:61/150 loss:0.3902 acc:0.8775
INFO:__main__:
【Val】:  SENS: 0.8225  SPEC: 0.8998  PPV: 0.7692  NPV: 0.9259 F1:0.7950
INFO:__main__:验证的best_acc:0.8963
INFO:__main__:----------------------------------------------------------------------------------------------------
INFO:__main__:
【train】epoch:62/150 loss:0.1356 acc:0.9464
INFO:__main__:
【val】epoch:62/150 loss:0.4103 acc:0.8763
INFO:__main__:
【Val】:  SENS: 0.8528  SPEC: 0.8858  PPV: 0.7519  NPV: 0.9368 F1:0.7992
INFO:__main__:验证的best_acc:0.8963
INFO:__main__:----------------------------------------------------------------------------------------------------
INFO:__main__:
【train】epoch:63/150 loss:0.1288 acc:0.9506
INFO:__main__:
【val】epoch:63/150 loss:0.5101 acc:0.8625
INFO:__main__:
【Val】:  SENS: 0.8528  SPEC: 0.8664  PPV: 0.7216  NPV: 0.9355 F1:0.7817
INFO:__main__:验证的best_acc:0.8963
INFO:__main__:----------------------------------------------------------------------------------------------------
INFO:__main__:
【train】epoch:64/150 loss:0.1436 acc:0.9425
INFO:__main__:
【val】epoch:64/150 loss:0.3688 acc:0.8850
INFO:__main__:
【Val】:  SENS: 0.7965  SPEC: 0.9209  PPV: 0.8035  NPV: 0.9177 F1:0.8000
INFO:__main__:验证的best_acc:0.8963
INFO:__main__:----------------------------------------------------------------------------------------------------
INFO:__main__:
【train】epoch:65/150 loss:0.1358 acc:0.9484
INFO:__main__:
【val】epoch:65/150 loss:0.4412 acc:0.8612
INFO:__main__:
【Val】:  SENS: 0.8571  SPEC: 0.8629  PPV: 0.7174  NPV: 0.9370 F1:0.7811
INFO:__main__:验证的best_acc:0.8963
INFO:__main__:----------------------------------------------------------------------------------------------------
INFO:__main__:
【train】epoch:66/150 loss:0.1308 acc:0.9520
INFO:__main__:
【val】epoch:66/150 loss:0.4087 acc:0.8850
INFO:__main__:
【Val】:  SENS: 0.8052  SPEC: 0.9174  PPV: 0.7983  NPV: 0.9206 F1:0.8017
INFO:__main__:验证的best_acc:0.8963
INFO:__main__:----------------------------------------------------------------------------------------------------
INFO:__main__:
【train】epoch:67/150 loss:0.1251 acc:0.9512
INFO:__main__:
【val】epoch:67/150 loss:0.4072 acc:0.8700
INFO:__main__:
【Val】:  SENS: 0.8485  SPEC: 0.8787  PPV: 0.7396  NPV: 0.9346 F1:0.7903
INFO:__main__:验证的best_acc:0.8963
INFO:__main__:----------------------------------------------------------------------------------------------------
INFO:__main__:
【train】epoch:68/150 loss:0.1321 acc:0.9487
INFO:__main__:
【val】epoch:68/150 loss:0.3735 acc:0.8875
INFO:__main__:
【Val】:  SENS: 0.8182  SPEC: 0.9156  PPV: 0.7975  NPV: 0.9254 F1:0.8077
INFO:__main__:验证的best_acc:0.8963
INFO:__main__:----------------------------------------------------------------------------------------------------
INFO:__main__:
【train】epoch:69/150 loss:0.1134 acc:0.9541
INFO:__main__:
【val】epoch:69/150 loss:0.4004 acc:0.8725
INFO:__main__:
【Val】:  SENS: 0.8009  SPEC: 0.9016  PPV: 0.7676  NPV: 0.9177 F1:0.7839
INFO:__main__:验证的best_acc:0.8963
INFO:__main__:----------------------------------------------------------------------------------------------------
INFO:__main__:
【train】epoch:70/150 loss:0.1149 acc:0.9555
INFO:__main__:
【val】epoch:70/150 loss:0.3937 acc:0.8750
INFO:__main__:
【Val】:  SENS: 0.7706  SPEC: 0.9174  PPV: 0.7911  NPV: 0.9078 F1:0.7807
INFO:__main__:验证的best_acc:0.8963
INFO:__main__:----------------------------------------------------------------------------------------------------
INFO:__main__:
【train】epoch:71/150 loss:0.1150 acc:0.9529
INFO:__main__:
【val】epoch:71/150 loss:0.4798 acc:0.8637
INFO:__main__:
【Val】:  SENS: 0.8745  SPEC: 0.8594  PPV: 0.7163  NPV: 0.9440 F1:0.7875
INFO:__main__:验证的best_acc:0.8963
INFO:__main__:----------------------------------------------------------------------------------------------------
INFO:__main__:
【train】epoch:72/150 loss:0.1169 acc:0.9567
INFO:__main__:
【val】epoch:72/150 loss:0.4374 acc:0.8675
INFO:__main__:
【Val】:  SENS: 0.8398  SPEC: 0.8787  PPV: 0.7376  NPV: 0.9311 F1:0.7854
INFO:__main__:验证的best_acc:0.8963
INFO:__main__:----------------------------------------------------------------------------------------------------
INFO:__main__:
【train】epoch:73/150 loss:0.1115 acc:0.9576
INFO:__main__:
【val】epoch:73/150 loss:0.4247 acc:0.8763
INFO:__main__:
【Val】:  SENS: 0.8355  SPEC: 0.8928  PPV: 0.7598  NPV: 0.9304 F1:0.7959
INFO:__main__:验证的best_acc:0.8963
INFO:__main__:----------------------------------------------------------------------------------------------------
INFO:__main__:
【train】epoch:74/150 loss:0.1124 acc:0.9561
INFO:__main__:
【val】epoch:74/150 loss:0.4259 acc:0.8800
INFO:__main__:
【Val】:  SENS: 0.8398  SPEC: 0.8963  PPV: 0.7668  NPV: 0.9324 F1:0.8017
INFO:__main__:验证的best_acc:0.8963
INFO:__main__:----------------------------------------------------------------------------------------------------
INFO:__main__:
【train】epoch:75/150 loss:0.0988 acc:0.9633
INFO:__main__:
【val】epoch:75/150 loss:0.4168 acc:0.8750
INFO:__main__:
【Val】:  SENS: 0.7835  SPEC: 0.9121  PPV: 0.7835  NPV: 0.9121 F1:0.7835
INFO:__main__:验证的best_acc:0.8963
INFO:__main__:----------------------------------------------------------------------------------------------------
INFO:__main__:
【train】epoch:76/150 loss:0.1016 acc:0.9601
INFO:__main__:
【val】epoch:76/150 loss:0.3896 acc:0.8875
INFO:__main__:
【Val】:  SENS: 0.8139  SPEC: 0.9174  PPV: 0.8000  NPV: 0.9239 F1:0.8069
INFO:__main__:验证的best_acc:0.8963
INFO:__main__:----------------------------------------------------------------------------------------------------
INFO:__main__:
【train】epoch:77/150 loss:0.1087 acc:0.9573
INFO:__main__:
【val】epoch:77/150 loss:0.5428 acc:0.8575
INFO:__main__:
【Val】:  SENS: 0.8398  SPEC: 0.8647  PPV: 0.7159  NPV: 0.9301 F1:0.7729
INFO:__main__:验证的best_acc:0.8963
INFO:__main__:----------------------------------------------------------------------------------------------------
INFO:__main__:
【train】epoch:78/150 loss:0.1025 acc:0.9604
INFO:__main__:
【val】epoch:78/150 loss:0.4505 acc:0.8712
INFO:__main__:
【Val】:  SENS: 0.8442  SPEC: 0.8822  PPV: 0.7443  NPV: 0.9331 F1:0.7911
INFO:__main__:验证的best_acc:0.8963
INFO:__main__:----------------------------------------------------------------------------------------------------
INFO:__main__:
【train】epoch:79/150 loss:0.1075 acc:0.9627
INFO:__main__:
【val】epoch:79/150 loss:0.3744 acc:0.8950
INFO:__main__:
【Val】:  SENS: 0.7879  SPEC: 0.9385  PPV: 0.8387  NPV: 0.9160 F1:0.8125
INFO:__main__:验证的best_acc:0.8963
INFO:__main__:----------------------------------------------------------------------------------------------------
INFO:__main__:
【train】epoch:80/150 loss:0.0949 acc:0.9644
INFO:__main__:
【val】epoch:80/150 loss:0.4156 acc:0.9000
INFO:__main__:
【Val】:  SENS: 0.8268  SPEC: 0.9297  PPV: 0.8268  NPV: 0.9297 F1:0.8268
INFO:__main__:验证的best_acc:0.9000
INFO:__main__:----------------------------------------------------------------------------------------------------
INFO:__main__:
【train】epoch:81/150 loss:0.1005 acc:0.9595
INFO:__main__:
【val】epoch:81/150 loss:0.3767 acc:0.9013
INFO:__main__:
【Val】:  SENS: 0.8442  SPEC: 0.9244  PPV: 0.8193  NPV: 0.9359 F1:0.8316
INFO:__main__:验证的best_acc:0.9013
INFO:__main__:----------------------------------------------------------------------------------------------------
INFO:__main__:
【train】epoch:82/150 loss:0.0857 acc:0.9665
INFO:__main__:
【val】epoch:82/150 loss:0.3562 acc:0.8938
INFO:__main__:
【Val】:  SENS: 0.8052  SPEC: 0.9297  PPV: 0.8230  NPV: 0.9216 F1:0.8140
INFO:__main__:验证的best_acc:0.9013
INFO:__main__:----------------------------------------------------------------------------------------------------
INFO:__main__:
【train】epoch:83/150 loss:0.0907 acc:0.9644
INFO:__main__:
【val】epoch:83/150 loss:0.3932 acc:0.8800
INFO:__main__:
【Val】:  SENS: 0.8182  SPEC: 0.9051  PPV: 0.7778  NPV: 0.9246 F1:0.7975
INFO:__main__:验证的best_acc:0.9013
INFO:__main__:----------------------------------------------------------------------------------------------------
INFO:__main__:
【train】epoch:84/150 loss:0.0989 acc:0.9623
INFO:__main__:
【val】epoch:84/150 loss:0.3858 acc:0.8813
INFO:__main__:
【Val】:  SENS: 0.8355  SPEC: 0.8998  PPV: 0.7720  NPV: 0.9309 F1:0.8025
INFO:__main__:验证的best_acc:0.9013
INFO:__main__:----------------------------------------------------------------------------------------------------
INFO:__main__:
【train】epoch:85/150 loss:0.0906 acc:0.9641
INFO:__main__:
【val】epoch:85/150 loss:0.3826 acc:0.8925
INFO:__main__:
【Val】:  SENS: 0.8485  SPEC: 0.9104  PPV: 0.7935  NPV: 0.9367 F1:0.8201
INFO:__main__:验证的best_acc:0.9013
INFO:__main__:----------------------------------------------------------------------------------------------------
INFO:__main__:
【train】epoch:86/150 loss:0.0823 acc:0.9677
INFO:__main__:
【val】epoch:86/150 loss:0.4458 acc:0.8850
INFO:__main__:
【Val】:  SENS: 0.8658  SPEC: 0.8928  PPV: 0.7663  NPV: 0.9425 F1:0.8130
INFO:__main__:验证的best_acc:0.9013
INFO:__main__:----------------------------------------------------------------------------------------------------
INFO:__main__:
【train】epoch:87/150 loss:0.0882 acc:0.9657
INFO:__main__:
【val】epoch:87/150 loss:0.4180 acc:0.8838
INFO:__main__:
【Val】:  SENS: 0.8009  SPEC: 0.9174  PPV: 0.7974  NPV: 0.9190 F1:0.7991
INFO:__main__:验证的best_acc:0.9013
INFO:__main__:----------------------------------------------------------------------------------------------------
INFO:__main__:
【train】epoch:88/150 loss:0.0944 acc:0.9632
INFO:__main__:
【val】epoch:88/150 loss:0.4069 acc:0.8975
INFO:__main__:
【Val】:  SENS: 0.8528  SPEC: 0.9156  PPV: 0.8041  NPV: 0.9387 F1:0.8277
INFO:__main__:验证的best_acc:0.9013
INFO:__main__:----------------------------------------------------------------------------------------------------
INFO:__main__:
【train】epoch:89/150 loss:0.0853 acc:0.9638
INFO:__main__:
【val】epoch:89/150 loss:0.4265 acc:0.8838
INFO:__main__:
【Val】:  SENS: 0.7619  SPEC: 0.9332  PPV: 0.8224  NPV: 0.9061 F1:0.7910
INFO:__main__:验证的best_acc:0.9013
INFO:__main__:----------------------------------------------------------------------------------------------------
INFO:__main__:
【train】epoch:90/150 loss:0.0776 acc:0.9697
INFO:__main__:
【val】epoch:90/150 loss:0.3892 acc:0.9000
INFO:__main__:
【Val】:  SENS: 0.7965  SPEC: 0.9420  PPV: 0.8479  NPV: 0.9194 F1:0.8214
INFO:__main__:验证的best_acc:0.9013
INFO:__main__:----------------------------------------------------------------------------------------------------
INFO:__main__:
【train】epoch:91/150 loss:0.0856 acc:0.9666
INFO:__main__:
【val】epoch:91/150 loss:0.4149 acc:0.8850
INFO:__main__:
【Val】:  SENS: 0.7835  SPEC: 0.9262  PPV: 0.8117  NPV: 0.9133 F1:0.7974
INFO:__main__:验证的best_acc:0.9013
INFO:__main__:----------------------------------------------------------------------------------------------------
INFO:__main__:
【train】epoch:92/150 loss:0.0779 acc:0.9718
INFO:__main__:
【val】epoch:92/150 loss:0.4478 acc:0.8813
INFO:__main__:
【Val】:  SENS: 0.7922  SPEC: 0.9174  PPV: 0.7957  NPV: 0.9158 F1:0.7939
INFO:__main__:验证的best_acc:0.9013
INFO:__main__:----------------------------------------------------------------------------------------------------
INFO:__main__:
【train】epoch:93/150 loss:0.0811 acc:0.9691
INFO:__main__:
【val】epoch:93/150 loss:0.4258 acc:0.8913
INFO:__main__:
【Val】:  SENS: 0.8268  SPEC: 0.9174  PPV: 0.8025  NPV: 0.9288 F1:0.8145
INFO:__main__:验证的best_acc:0.9013
INFO:__main__:----------------------------------------------------------------------------------------------------
INFO:__main__:
【train】epoch:94/150 loss:0.0847 acc:0.9701
INFO:__main__:
【val】epoch:94/150 loss:0.4059 acc:0.9038
INFO:__main__:
【Val】:  SENS: 0.8139  SPEC: 0.9402  PPV: 0.8468  NPV: 0.9256 F1:0.8300
INFO:__main__:验证的best_acc:0.9038
INFO:__main__:----------------------------------------------------------------------------------------------------
INFO:__main__:
【train】epoch:95/150 loss:0.0698 acc:0.9727
INFO:__main__:
【val】epoch:95/150 loss:0.4216 acc:0.9013
INFO:__main__:
【Val】:  SENS: 0.8139  SPEC: 0.9367  PPV: 0.8393  NPV: 0.9253 F1:0.8264
INFO:__main__:验证的best_acc:0.9038
INFO:__main__:----------------------------------------------------------------------------------------------------
INFO:__main__:
【train】epoch:96/150 loss:0.0775 acc:0.9701
INFO:__main__:
【val】epoch:96/150 loss:0.4397 acc:0.8938
INFO:__main__:
【Val】:  SENS: 0.8182  SPEC: 0.9244  PPV: 0.8147  NPV: 0.9261 F1:0.8164
INFO:__main__:验证的best_acc:0.9038
INFO:__main__:----------------------------------------------------------------------------------------------------
INFO:__main__:
【train】epoch:97/150 loss:0.0813 acc:0.9719
INFO:__main__:
【val】epoch:97/150 loss:0.4348 acc:0.8788
INFO:__main__:
【Val】:  SENS: 0.7792  SPEC: 0.9192  PPV: 0.7965  NPV: 0.9111 F1:0.7877
INFO:__main__:验证的best_acc:0.9038
INFO:__main__:----------------------------------------------------------------------------------------------------
INFO:__main__:
【train】epoch:98/150 loss:0.0684 acc:0.9731
INFO:__main__:
【val】epoch:98/150 loss:0.4625 acc:0.8800
INFO:__main__:
【Val】:  SENS: 0.8052  SPEC: 0.9104  PPV: 0.7848  NPV: 0.9201 F1:0.7949
INFO:__main__:验证的best_acc:0.9038
INFO:__main__:----------------------------------------------------------------------------------------------------
INFO:__main__:
【train】epoch:99/150 loss:0.0694 acc:0.9751
INFO:__main__:
【val】epoch:99/150 loss:0.4537 acc:0.8850
INFO:__main__:
【Val】:  SENS: 0.8052  SPEC: 0.9174  PPV: 0.7983  NPV: 0.9206 F1:0.8017
INFO:__main__:验证的best_acc:0.9038
INFO:__main__:----------------------------------------------------------------------------------------------------
INFO:__main__:
【train】epoch:100/150 loss:0.0712 acc:0.9752
INFO:__main__:
【val】epoch:100/150 loss:0.4368 acc:0.8925
INFO:__main__:
【Val】:  SENS: 0.8009  SPEC: 0.9297  PPV: 0.8222  NPV: 0.9200 F1:0.8114
INFO:__main__:验证的best_acc:0.9038
INFO:__main__:----------------------------------------------------------------------------------------------------
INFO:__main__:
【train】epoch:101/150 loss:0.0698 acc:0.9736
INFO:__main__:
【val】epoch:101/150 loss:0.4358 acc:0.9000
INFO:__main__:
【Val】:  SENS: 0.8225  SPEC: 0.9315  PPV: 0.8297  NPV: 0.9282 F1:0.8261
INFO:__main__:验证的best_acc:0.9038
INFO:__main__:----------------------------------------------------------------------------------------------------
INFO:__main__:
【train】epoch:102/150 loss:0.0663 acc:0.9746
INFO:__main__:
【val】epoch:102/150 loss:0.4295 acc:0.9038
INFO:__main__:
【Val】:  SENS: 0.8052  SPEC: 0.9438  PPV: 0.8532  NPV: 0.9227 F1:0.8285
INFO:__main__:验证的best_acc:0.9038
INFO:__main__:----------------------------------------------------------------------------------------------------
INFO:__main__:
【train】epoch:103/150 loss:0.0666 acc:0.9761
INFO:__main__:
【val】epoch:103/150 loss:0.4518 acc:0.8963
INFO:__main__:
【Val】:  SENS: 0.8268  SPEC: 0.9244  PPV: 0.8162  NPV: 0.9293 F1:0.8215
INFO:__main__:验证的best_acc:0.9038
INFO:__main__:----------------------------------------------------------------------------------------------------
INFO:__main__:
【train】epoch:104/150 loss:0.0708 acc:0.9743
INFO:__main__:
【val】epoch:104/150 loss:0.4324 acc:0.9000
INFO:__main__:
【Val】:  SENS: 0.8225  SPEC: 0.9315  PPV: 0.8297  NPV: 0.9282 F1:0.8261
INFO:__main__:验证的best_acc:0.9038
INFO:__main__:----------------------------------------------------------------------------------------------------
INFO:__main__:
【train】epoch:105/150 loss:0.0709 acc:0.9749
INFO:__main__:
【val】epoch:105/150 loss:0.4539 acc:0.8850
INFO:__main__:
【Val】:  SENS: 0.8182  SPEC: 0.9121  PPV: 0.7908  NPV: 0.9251 F1:0.8043
INFO:__main__:验证的best_acc:0.9038
INFO:__main__:----------------------------------------------------------------------------------------------------
INFO:__main__:
【train】epoch:106/150 loss:0.0652 acc:0.9730
INFO:__main__:
【val】epoch:106/150 loss:0.4679 acc:0.8763
INFO:__main__:
【Val】:  SENS: 0.7662  SPEC: 0.9209  PPV: 0.7973  NPV: 0.9066 F1:0.7815
INFO:__main__:验证的best_acc:0.9038
INFO:__main__:----------------------------------------------------------------------------------------------------
INFO:__main__:
【train】epoch:107/150 loss:0.0687 acc:0.9746
INFO:__main__:
【val】epoch:107/150 loss:0.4762 acc:0.8800
INFO:__main__:
【Val】:  SENS: 0.8182  SPEC: 0.9051  PPV: 0.7778  NPV: 0.9246 F1:0.7975
INFO:__main__:验证的best_acc:0.9038
INFO:__main__:----------------------------------------------------------------------------------------------------
INFO:__main__:
【train】epoch:108/150 loss:0.0669 acc:0.9749
INFO:__main__:
【val】epoch:108/150 loss:0.4335 acc:0.9000
INFO:__main__:
【Val】:  SENS: 0.8658  SPEC: 0.9139  PPV: 0.8032  NPV: 0.9437 F1:0.8333
INFO:__main__:验证的best_acc:0.9038
INFO:__main__:----------------------------------------------------------------------------------------------------
INFO:__main__:
【train】epoch:109/150 loss:0.0601 acc:0.9774
INFO:__main__:
【val】epoch:109/150 loss:0.4292 acc:0.8900
INFO:__main__:
【Val】:  SENS: 0.8355  SPEC: 0.9121  PPV: 0.7942  NPV: 0.9318 F1:0.8143
INFO:__main__:验证的best_acc:0.9038
INFO:__main__:----------------------------------------------------------------------------------------------------
INFO:__main__:
【train】epoch:110/150 loss:0.0695 acc:0.9748
INFO:__main__:
【val】epoch:110/150 loss:0.4206 acc:0.9025
INFO:__main__:
【Val】:  SENS: 0.8268  SPEC: 0.9332  PPV: 0.8341  NPV: 0.9299 F1:0.8304
INFO:__main__:验证的best_acc:0.9038
INFO:__main__:----------------------------------------------------------------------------------------------------
INFO:__main__:
【train】epoch:111/150 loss:0.0570 acc:0.9771
INFO:__main__:
【val】epoch:111/150 loss:0.4365 acc:0.8938
INFO:__main__:
【Val】:  SENS: 0.7965  SPEC: 0.9332  PPV: 0.8288  NPV: 0.9187 F1:0.8124
INFO:__main__:验证的best_acc:0.9038
INFO:__main__:----------------------------------------------------------------------------------------------------
INFO:__main__:
【train】epoch:112/150 loss:0.0606 acc:0.9774
INFO:__main__:
【val】epoch:112/150 loss:0.4161 acc:0.8963
INFO:__main__:
【Val】:  SENS: 0.7662  SPEC: 0.9490  PPV: 0.8592  NPV: 0.9091 F1:0.8101
INFO:__main__:验证的best_acc:0.9038
INFO:__main__:----------------------------------------------------------------------------------------------------
INFO:__main__:
【train】epoch:113/150 loss:0.0582 acc:0.9786
INFO:__main__:
【val】epoch:113/150 loss:0.4332 acc:0.8950
INFO:__main__:
【Val】:  SENS: 0.7965  SPEC: 0.9350  PPV: 0.8326  NPV: 0.9188 F1:0.8142
INFO:__main__:验证的best_acc:0.9038
INFO:__main__:----------------------------------------------------------------------------------------------------
INFO:__main__:
【train】epoch:114/150 loss:0.0598 acc:0.9793
INFO:__main__:
【val】epoch:114/150 loss:0.4584 acc:0.8800
INFO:__main__:
【Val】:  SENS: 0.7965  SPEC: 0.9139  PPV: 0.7897  NPV: 0.9171 F1:0.7931
INFO:__main__:验证的best_acc:0.9038
INFO:__main__:----------------------------------------------------------------------------------------------------
INFO:__main__:
【train】epoch:115/150 loss:0.0600 acc:0.9777
INFO:__main__:
【val】epoch:115/150 loss:0.4287 acc:0.9000
INFO:__main__:
【Val】:  SENS: 0.7879  SPEC: 0.9455  PPV: 0.8545  NPV: 0.9165 F1:0.8198
INFO:__main__:验证的best_acc:0.9038
INFO:__main__:----------------------------------------------------------------------------------------------------
INFO:__main__:
【train】epoch:116/150 loss:0.0552 acc:0.9796
INFO:__main__:
【val】epoch:116/150 loss:0.4504 acc:0.8900
INFO:__main__:
【Val】:  SENS: 0.8225  SPEC: 0.9174  PPV: 0.8017  NPV: 0.9272 F1:0.8120
INFO:__main__:验证的best_acc:0.9038
INFO:__main__:----------------------------------------------------------------------------------------------------
INFO:__main__:
【train】epoch:117/150 loss:0.0489 acc:0.9819
INFO:__main__:
【val】epoch:117/150 loss:0.4670 acc:0.8763
INFO:__main__:
【Val】:  SENS: 0.8009  SPEC: 0.9069  PPV: 0.7773  NPV: 0.9181 F1:0.7889
INFO:__main__:验证的best_acc:0.9038
INFO:__main__:----------------------------------------------------------------------------------------------------
INFO:__main__:
【train】epoch:118/150 loss:0.0540 acc:0.9807
INFO:__main__:
【val】epoch:118/150 loss:0.4361 acc:0.8900
INFO:__main__:
【Val】:  SENS: 0.7922  SPEC: 0.9297  PPV: 0.8206  NPV: 0.9168 F1:0.8062
INFO:__main__:验证的best_acc:0.9038
INFO:__main__:----------------------------------------------------------------------------------------------------
INFO:__main__:
【train】epoch:119/150 loss:0.0557 acc:0.9817
INFO:__main__:
【val】epoch:119/150 loss:0.4503 acc:0.8938
INFO:__main__:
【Val】:  SENS: 0.8139  SPEC: 0.9262  PPV: 0.8174  NPV: 0.9246 F1:0.8156
INFO:__main__:验证的best_acc:0.9038
INFO:__main__:----------------------------------------------------------------------------------------------------
INFO:__main__:
【train】epoch:120/150 loss:0.0505 acc:0.9793
INFO:__main__:
【val】epoch:120/150 loss:0.4456 acc:0.9000
INFO:__main__:
【Val】:  SENS: 0.8095  SPEC: 0.9367  PPV: 0.8386  NPV: 0.9237 F1:0.8238
INFO:__main__:验证的best_acc:0.9038
INFO:__main__:----------------------------------------------------------------------------------------------------
INFO:__main__:
【train】epoch:121/150 loss:0.0494 acc:0.9819
INFO:__main__:
【val】epoch:121/150 loss:0.4569 acc:0.8900
INFO:__main__:
【Val】:  SENS: 0.7879  SPEC: 0.9315  PPV: 0.8235  NPV: 0.9154 F1:0.8053
INFO:__main__:验证的best_acc:0.9038
INFO:__main__:----------------------------------------------------------------------------------------------------
INFO:__main__:
【train】epoch:122/150 loss:0.0565 acc:0.9778
INFO:__main__:
【val】epoch:122/150 loss:0.4519 acc:0.8913
INFO:__main__:
【Val】:  SENS: 0.7965  SPEC: 0.9297  PPV: 0.8214  NPV: 0.9184 F1:0.8088
INFO:__main__:验证的best_acc:0.9038
INFO:__main__:----------------------------------------------------------------------------------------------------
INFO:__main__:
【train】epoch:123/150 loss:0.0543 acc:0.9811
INFO:__main__:
【val】epoch:123/150 loss:0.4693 acc:0.8938
INFO:__main__:
【Val】:  SENS: 0.8268  SPEC: 0.9209  PPV: 0.8093  NPV: 0.9291 F1:0.8180
INFO:__main__:验证的best_acc:0.9038
INFO:__main__:----------------------------------------------------------------------------------------------------
INFO:__main__:
【train】epoch:124/150 loss:0.0528 acc:0.9805
INFO:__main__:
【val】epoch:124/150 loss:0.4456 acc:0.8950
INFO:__main__:
【Val】:  SENS: 0.7965  SPEC: 0.9350  PPV: 0.8326  NPV: 0.9188 F1:0.8142
INFO:__main__:验证的best_acc:0.9038
INFO:__main__:----------------------------------------------------------------------------------------------------
INFO:__main__:
【train】epoch:125/150 loss:0.0523 acc:0.9798
INFO:__main__:
【val】epoch:125/150 loss:0.4386 acc:0.8988
INFO:__main__:
【Val】:  SENS: 0.7965  SPEC: 0.9402  PPV: 0.8440  NPV: 0.9192 F1:0.8196
INFO:__main__:验证的best_acc:0.9038
INFO:__main__:----------------------------------------------------------------------------------------------------
INFO:__main__:
【train】epoch:126/150 loss:0.0546 acc:0.9789
INFO:__main__:
【val】epoch:126/150 loss:0.4662 acc:0.8838
INFO:__main__:
【Val】:  SENS: 0.8052  SPEC: 0.9156  PPV: 0.7949  NPV: 0.9205 F1:0.8000
INFO:__main__:验证的best_acc:0.9038
INFO:__main__:----------------------------------------------------------------------------------------------------
INFO:__main__:
【train】epoch:127/150 loss:0.0513 acc:0.9817
INFO:__main__:
【val】epoch:127/150 loss:0.4381 acc:0.9000
INFO:__main__:
【Val】:  SENS: 0.8182  SPEC: 0.9332  PPV: 0.8326  NPV: 0.9267 F1:0.8253
INFO:__main__:验证的best_acc:0.9038
INFO:__main__:----------------------------------------------------------------------------------------------------
INFO:__main__:
【train】epoch:128/150 loss:0.0538 acc:0.9808
INFO:__main__:
【val】epoch:128/150 loss:0.4565 acc:0.8875
INFO:__main__:
【Val】:  SENS: 0.8009  SPEC: 0.9227  PPV: 0.8079  NPV: 0.9194 F1:0.8043
INFO:__main__:验证的best_acc:0.9038
INFO:__main__:----------------------------------------------------------------------------------------------------
INFO:__main__:
【train】epoch:129/150 loss:0.0496 acc:0.9817
INFO:__main__:
【val】epoch:129/150 loss:0.4474 acc:0.8963
INFO:__main__:
【Val】:  SENS: 0.8139  SPEC: 0.9297  PPV: 0.8246  NPV: 0.9248 F1:0.8192
INFO:__main__:验证的best_acc:0.9038
INFO:__main__:----------------------------------------------------------------------------------------------------
INFO:__main__:
【train】epoch:130/150 loss:0.0544 acc:0.9813
INFO:__main__:
【val】epoch:130/150 loss:0.4457 acc:0.8938
INFO:__main__:
【Val】:  SENS: 0.8139  SPEC: 0.9262  PPV: 0.8174  NPV: 0.9246 F1:0.8156
INFO:__main__:验证的best_acc:0.9038
INFO:__main__:----------------------------------------------------------------------------------------------------
INFO:__main__:
【train】epoch:131/150 loss:0.0500 acc:0.9825
INFO:__main__:
【val】epoch:131/150 loss:0.4512 acc:0.8900
INFO:__main__:
【Val】:  SENS: 0.7879  SPEC: 0.9315  PPV: 0.8235  NPV: 0.9154 F1:0.8053
INFO:__main__:验证的best_acc:0.9038
INFO:__main__:----------------------------------------------------------------------------------------------------
INFO:__main__:
【train】epoch:132/150 loss:0.0446 acc:0.9851
INFO:__main__:
【val】epoch:132/150 loss:0.4531 acc:0.8950
INFO:__main__:
【Val】:  SENS: 0.8095  SPEC: 0.9297  PPV: 0.8238  NPV: 0.9232 F1:0.8166
INFO:__main__:验证的best_acc:0.9038
INFO:__main__:----------------------------------------------------------------------------------------------------
INFO:__main__:
【train】epoch:133/150 loss:0.0409 acc:0.9860
INFO:__main__:
【val】epoch:133/150 loss:0.4629 acc:0.8963
INFO:__main__:
【Val】:  SENS: 0.7706  SPEC: 0.9473  PPV: 0.8558  NPV: 0.9105 F1:0.8109
INFO:__main__:验证的best_acc:0.9038
INFO:__main__:----------------------------------------------------------------------------------------------------
INFO:__main__:
【train】epoch:134/150 loss:0.0450 acc:0.9845
INFO:__main__:
【val】epoch:134/150 loss:0.4526 acc:0.8950
INFO:__main__:
【Val】:  SENS: 0.8139  SPEC: 0.9279  PPV: 0.8210  NPV: 0.9247 F1:0.8174
INFO:__main__:验证的best_acc:0.9038
INFO:__main__:----------------------------------------------------------------------------------------------------
INFO:__main__:
【train】epoch:135/150 loss:0.0501 acc:0.9808
INFO:__main__:
【val】epoch:135/150 loss:0.4707 acc:0.8900
INFO:__main__:
【Val】:  SENS: 0.7706  SPEC: 0.9385  PPV: 0.8357  NPV: 0.9097 F1:0.8018
INFO:__main__:验证的best_acc:0.9038
INFO:__main__:----------------------------------------------------------------------------------------------------
INFO:__main__:
【train】epoch:136/150 loss:0.0474 acc:0.9826
INFO:__main__:
【val】epoch:136/150 loss:0.4363 acc:0.8963
INFO:__main__:
【Val】:  SENS: 0.7965  SPEC: 0.9367  PPV: 0.8364  NPV: 0.9190 F1:0.8160
INFO:__main__:验证的best_acc:0.9038
INFO:__main__:----------------------------------------------------------------------------------------------------
INFO:__main__:
【train】epoch:137/150 loss:0.0431 acc:0.9848
INFO:__main__:
【val】epoch:137/150 loss:0.4362 acc:0.8963
INFO:__main__:
【Val】:  SENS: 0.8052  SPEC: 0.9332  PPV: 0.8304  NPV: 0.9219 F1:0.8176
INFO:__main__:验证的best_acc:0.9038
INFO:__main__:----------------------------------------------------------------------------------------------------
INFO:__main__:
【train】epoch:138/150 loss:0.0523 acc:0.9798
INFO:__main__:
【val】epoch:138/150 loss:0.4325 acc:0.9025
INFO:__main__:
【Val】:  SENS: 0.8139  SPEC: 0.9385  PPV: 0.8430  NPV: 0.9255 F1:0.8282
INFO:__main__:验证的best_acc:0.9038
INFO:__main__:----------------------------------------------------------------------------------------------------
INFO:__main__:
【train】epoch:139/150 loss:0.0445 acc:0.9837
INFO:__main__:
【val】epoch:139/150 loss:0.4515 acc:0.9025
INFO:__main__:
【Val】:  SENS: 0.7965  SPEC: 0.9455  PPV: 0.8558  NPV: 0.9197 F1:0.8251
INFO:__main__:验证的best_acc:0.9038
INFO:__main__:----------------------------------------------------------------------------------------------------
INFO:__main__:
【train】epoch:140/150 loss:0.0458 acc:0.9828
INFO:__main__:
【val】epoch:140/150 loss:0.4665 acc:0.9050
INFO:__main__:
【Val】:  SENS: 0.8095  SPEC: 0.9438  PPV: 0.8539  NPV: 0.9243 F1:0.8311
INFO:__main__:验证的best_acc:0.9050
INFO:__main__:----------------------------------------------------------------------------------------------------
INFO:__main__:
【train】epoch:141/150 loss:0.0421 acc:0.9860
INFO:__main__:
【val】epoch:141/150 loss:0.4505 acc:0.9013
INFO:__main__:
【Val】:  SENS: 0.8182  SPEC: 0.9350  PPV: 0.8363  NPV: 0.9268 F1:0.8271
INFO:__main__:验证的best_acc:0.9050
INFO:__main__:----------------------------------------------------------------------------------------------------
INFO:__main__:
【train】epoch:142/150 loss:0.0439 acc:0.9823
INFO:__main__:
【val】epoch:142/150 loss:0.4617 acc:0.8925
INFO:__main__:
【Val】:  SENS: 0.8139  SPEC: 0.9244  PPV: 0.8139  NPV: 0.9244 F1:0.8139
INFO:__main__:验证的best_acc:0.9050
INFO:__main__:----------------------------------------------------------------------------------------------------
INFO:__main__:
【train】epoch:143/150 loss:0.0460 acc:0.9822
INFO:__main__:
【val】epoch:143/150 loss:0.4574 acc:0.8938
INFO:__main__:
【Val】:  SENS: 0.7922  SPEC: 0.9350  PPV: 0.8318  NPV: 0.9172 F1:0.8115
INFO:__main__:验证的best_acc:0.9050
INFO:__main__:----------------------------------------------------------------------------------------------------
INFO:__main__:
【train】epoch:144/150 loss:0.0421 acc:0.9860
INFO:__main__:
【val】epoch:144/150 loss:0.4755 acc:0.8975
INFO:__main__:
【Val】:  SENS: 0.8095  SPEC: 0.9332  PPV: 0.8311  NPV: 0.9235 F1:0.8202
INFO:__main__:验证的best_acc:0.9050
INFO:__main__:----------------------------------------------------------------------------------------------------
INFO:__main__:
【train】epoch:145/150 loss:0.0419 acc:0.9858
INFO:__main__:
【val】epoch:145/150 loss:0.4656 acc:0.9000
INFO:__main__:
【Val】:  SENS: 0.8139  SPEC: 0.9350  PPV: 0.8356  NPV: 0.9252 F1:0.8246
INFO:__main__:验证的best_acc:0.9050
INFO:__main__:----------------------------------------------------------------------------------------------------
INFO:__main__:
【train】epoch:146/150 loss:0.0428 acc:0.9837
INFO:__main__:
【val】epoch:146/150 loss:0.4623 acc:0.9013
INFO:__main__:
【Val】:  SENS: 0.8182  SPEC: 0.9350  PPV: 0.8363  NPV: 0.9268 F1:0.8271
INFO:__main__:验证的best_acc:0.9050
INFO:__main__:----------------------------------------------------------------------------------------------------
INFO:__main__:
【train】epoch:147/150 loss:0.0413 acc:0.9857
INFO:__main__:
【val】epoch:147/150 loss:0.4589 acc:0.9000
INFO:__main__:
【Val】:  SENS: 0.8095  SPEC: 0.9367  PPV: 0.8386  NPV: 0.9237 F1:0.8238
INFO:__main__:验证的best_acc:0.9050
INFO:__main__:----------------------------------------------------------------------------------------------------
INFO:__main__:
【train】epoch:148/150 loss:0.0465 acc:0.9826
INFO:__main__:
【val】epoch:148/150 loss:0.4587 acc:0.9000
INFO:__main__:
【Val】:  SENS: 0.8182  SPEC: 0.9332  PPV: 0.8326  NPV: 0.9267 F1:0.8253
INFO:__main__:验证的best_acc:0.9050
INFO:__main__:----------------------------------------------------------------------------------------------------
INFO:__main__:
【train】epoch:149/150 loss:0.0437 acc:0.9837
INFO:__main__:
【val】epoch:149/150 loss:0.4550 acc:0.8963
INFO:__main__:
【Val】:  SENS: 0.8009  SPEC: 0.9350  PPV: 0.8333  NPV: 0.9204 F1:0.8168
INFO:__main__:验证的best_acc:0.9050
INFO:__main__:----------------------------------------------------------------------------------------------------
INFO:__main__:****************************************************************************************************
INFO:__main__:Val_LOSS:['0.5231', '0.4631', '0.4488', '0.5066', '0.4437', '0.4695', '0.4052', '0.4424', '0.6836', '0.4847', '0.5813', '0.6444', '0.4353', '0.3762', '0.6285', '0.3650', '0.3273', '0.3236', '0.3572', '0.3650', '0.3422', '0.3623', '0.3163', '0.4478', '0.3562', '0.3055', '0.3585', '0.3140', '0.3277', '0.3460', '0.3165', '0.3330', '0.3409', '0.3457', '0.3458', '0.3253', '0.3288', '0.3623', '0.4378', '0.3167', '0.4025', '0.4417', '0.3692', '0.3782', '0.3539', '0.3889', '0.3874', '0.5042', '0.3754', '0.3459', '0.3612', '0.4154', '0.3627', '0.3259', '0.3776', '0.4013', '0.4477', '0.3738', '0.3824', '0.3834', '0.3425', '0.3902', '0.4103', '0.5101', '0.3688', '0.4412', '0.4087', '0.4072', '0.3735', '0.4004', '0.3937', '0.4798', '0.4374', '0.4247', '0.4259', '0.4168', '0.3896', '0.5428', '0.4505', '0.3744', '0.4156', '0.3767', '0.3562', '0.3932', '0.3858', '0.3826', '0.4458', '0.4180', '0.4069', '0.4265', '0.3892', '0.4149', '0.4478', '0.4258', '0.4059', '0.4216', '0.4397', '0.4348', '0.4625', '0.4537', '0.4368', '0.4358', '0.4295', '0.4518', '0.4324', '0.4539', '0.4679', '0.4762', '0.4335', '0.4292', '0.4206', '0.4365', '0.4161', '0.4332', '0.4584', '0.4287', '0.4504', '0.4670', '0.4361', '0.4503', '0.4456', '0.4569', '0.4519', '0.4693', '0.4456', '0.4386', '0.4662', '0.4381', '0.4565', '0.4474', '0.4457', '0.4512', '0.4531', '0.4629', '0.4526', '0.4707', '0.4363', '0.4362', '0.4325', '0.4515', '0.4665', '0.4505', '0.4617', '0.4574', '0.4755', '0.4656', '0.4623', '0.4589', '0.4587', '0.4550']
INFO:__main__:Val_ACC:['0.7312', '0.7638', '0.7688', '0.7287', '0.7750', '0.7713', '0.7950', '0.7713', '0.6850', '0.7450', '0.7025', '0.7138', '0.7900', '0.8200', '0.7275', '0.8413', '0.8537', '0.8550', '0.8425', '0.8487', '0.8587', '0.8575', '0.8587', '0.7875', '0.8550', '0.8863', '0.8650', '0.8750', '0.8600', '0.8537', '0.8700', '0.8487', '0.8512', '0.8687', '0.8612', '0.8662', '0.8763', '0.8487', '0.8313', '0.8800', '0.8425', '0.8450', '0.8625', '0.8700', '0.8687', '0.8712', '0.8712', '0.8112', '0.8750', '0.8850', '0.8725', '0.8687', '0.8838', '0.8913', '0.8825', '0.8662', '0.8737', '0.8850', '0.8763', '0.8850', '0.8963', '0.8775', '0.8763', '0.8625', '0.8850', '0.8612', '0.8850', '0.8700', '0.8875', '0.8725', '0.8750', '0.8637', '0.8675', '0.8763', '0.8800', '0.8750', '0.8875', '0.8575', '0.8712', '0.8950', '0.9000', '0.9013', '0.8938', '0.8800', '0.8813', '0.8925', '0.8850', '0.8838', '0.8975', '0.8838', '0.9000', '0.8850', '0.8813', '0.8913', '0.9038', '0.9013', '0.8938', '0.8788', '0.8800', '0.8850', '0.8925', '0.9000', '0.9038', '0.8963', '0.9000', '0.8850', '0.8763', '0.8800', '0.9000', '0.8900', '0.9025', '0.8938', '0.8963', '0.8950', '0.8800', '0.9000', '0.8900', '0.8763', '0.8900', '0.8938', '0.9000', '0.8900', '0.8913', '0.8938', '0.8950', '0.8988', '0.8838', '0.9000', '0.8875', '0.8963', '0.8938', '0.8900', '0.8950', '0.8963', '0.8950', '0.8900', '0.8963', '0.8963', '0.9025', '0.9025', '0.9050', '0.9013', '0.8925', '0.8938', '0.8975', '0.9000', '0.9013', '0.9000', '0.9000', '0.8963']
INFO:__main__:****************************************************************************************************
INFO:__main__: epoch0 测试test_Loss: 0.5057  test_ACC: 0.9043  
INFO:__main__:SENS: 0.7976 SPEC: 0.9491 PPV: 0.8678 NPV: 0.9179 F1:0.8312
INFO:__main__:test_Best_acc:0.9043
INFO:__main__:flops:326209280.0  params:2226434.0
INFO:__main__:处理速度:211.99张图像/秒
