INFO:__main__:
【train】epoch:0/150 loss:0.6336 acc:0.6414
INFO:__main__:
【val】epoch:0/150 loss:0.6311 acc:0.6060
INFO:__main__:
【Val】:  SENS: 0.2585  SPEC: 0.8039  PPV: 0.4286  NPV: 0.6557 F1:0.3225
INFO:__main__:验证的best_acc:0.6060
INFO:__main__:----------------------------------------------------------------------------------------------------
INFO:__main__:
【train】epoch:1/150 loss:0.6018 acc:0.6647
INFO:__main__:
【val】epoch:1/150 loss:0.7206 acc:0.4844
INFO:__main__:
【Val】:  SENS: 0.9569  SPEC: 0.2154  PPV: 0.4097  NPV: 0.8978 F1:0.5738
INFO:__main__:验证的best_acc:0.6060
INFO:__main__:----------------------------------------------------------------------------------------------------
INFO:__main__:
【train】epoch:2/150 loss:0.5732 acc:0.6785
INFO:__main__:
【val】epoch:2/150 loss:0.8675 acc:0.6507
INFO:__main__:
【Val】:  SENS: 0.0431  SPEC: 0.9965  PPV: 0.8750  NPV: 0.6466 F1:0.0821
INFO:__main__:验证的best_acc:0.6507
INFO:__main__:----------------------------------------------------------------------------------------------------
INFO:__main__:
【train】epoch:3/150 loss:0.5616 acc:0.6929
INFO:__main__:
【val】epoch:3/150 loss:0.5146 acc:0.7266
INFO:__main__:
【Val】:  SENS: 0.4062  SPEC: 0.9089  PPV: 0.7174  NPV: 0.7289 F1:0.5187
INFO:__main__:验证的best_acc:0.7266
INFO:__main__:----------------------------------------------------------------------------------------------------
INFO:__main__:
【train】epoch:4/150 loss:0.5451 acc:0.7056
INFO:__main__:
【val】epoch:4/150 loss:0.4752 acc:0.7500
INFO:__main__:
【Val】:  SENS: 0.5785  SPEC: 0.8476  PPV: 0.6836  NPV: 0.7794 F1:0.6267
INFO:__main__:验证的best_acc:0.7500
INFO:__main__:----------------------------------------------------------------------------------------------------
INFO:__main__:
【train】epoch:5/150 loss:0.5338 acc:0.7188
INFO:__main__:
【val】epoch:5/150 loss:0.6231 acc:0.6116
INFO:__main__:
【Val】:  SENS: 0.9323  SPEC: 0.4291  PPV: 0.4817  NPV: 0.9176 F1:0.6352
INFO:__main__:验证的best_acc:0.7500
INFO:__main__:----------------------------------------------------------------------------------------------------
INFO:__main__:
【train】epoch:6/150 loss:0.5215 acc:0.7264
INFO:__main__:
【val】epoch:6/150 loss:0.5916 acc:0.6417
INFO:__main__:
【Val】:  SENS: 0.9200  SPEC: 0.4834  PPV: 0.5034  NPV: 0.9139 F1:0.6507
INFO:__main__:验证的best_acc:0.7500
INFO:__main__:----------------------------------------------------------------------------------------------------
INFO:__main__:
【train】epoch:7/150 loss:0.4776 acc:0.7626
INFO:__main__:
【val】epoch:7/150 loss:0.7966 acc:0.6897
INFO:__main__:
【Val】:  SENS: 0.1846  SPEC: 0.9772  PPV: 0.8219  NPV: 0.6780 F1:0.3015
INFO:__main__:验证的best_acc:0.7500
INFO:__main__:----------------------------------------------------------------------------------------------------
INFO:__main__:
【train】epoch:8/150 loss:0.4456 acc:0.7864
INFO:__main__:
【val】epoch:8/150 loss:0.6104 acc:0.7266
INFO:__main__:
【Val】:  SENS: 0.2862  SPEC: 0.9772  PPV: 0.8774  NPV: 0.7063 F1:0.4316
INFO:__main__:验证的best_acc:0.7500
INFO:__main__:----------------------------------------------------------------------------------------------------
INFO:__main__:
【train】epoch:9/150 loss:0.4166 acc:0.8029
INFO:__main__:
【val】epoch:9/150 loss:0.3562 acc:0.8382
INFO:__main__:
【Val】:  SENS: 0.7292  SPEC: 0.9002  PPV: 0.8061  NPV: 0.8538 F1:0.7658
INFO:__main__:验证的best_acc:0.8382
INFO:__main__:----------------------------------------------------------------------------------------------------
INFO:__main__:
【train】epoch:10/150 loss:0.4126 acc:0.8090
INFO:__main__:
【val】epoch:10/150 loss:0.5534 acc:0.7623
INFO:__main__:
【Val】:  SENS: 0.4523  SPEC: 0.9387  PPV: 0.8077  NPV: 0.7507 F1:0.5799
INFO:__main__:验证的best_acc:0.8382
INFO:__main__:----------------------------------------------------------------------------------------------------
INFO:__main__:
【train】epoch:11/150 loss:0.3948 acc:0.8205
INFO:__main__:
【val】epoch:11/150 loss:0.4037 acc:0.7991
INFO:__main__:
【Val】:  SENS: 0.5846  SPEC: 0.9212  PPV: 0.8085  NPV: 0.7958 F1:0.6786
INFO:__main__:验证的best_acc:0.8382
INFO:__main__:----------------------------------------------------------------------------------------------------
INFO:__main__:
【train】epoch:12/150 loss:0.3901 acc:0.8200
INFO:__main__:
【val】epoch:12/150 loss:0.3929 acc:0.8192
INFO:__main__:
【Val】:  SENS: 0.6585  SPEC: 0.9107  PPV: 0.8075  NPV: 0.8241 F1:0.7254
INFO:__main__:验证的best_acc:0.8382
INFO:__main__:----------------------------------------------------------------------------------------------------
INFO:__main__:
【train】epoch:13/150 loss:0.3770 acc:0.8231
INFO:__main__:
【val】epoch:13/150 loss:0.4875 acc:0.7589
INFO:__main__:
【Val】:  SENS: 0.3754  SPEC: 0.9772  PPV: 0.9037  NPV: 0.7332 F1:0.5304
INFO:__main__:验证的best_acc:0.8382
INFO:__main__:----------------------------------------------------------------------------------------------------
INFO:__main__:
【train】epoch:14/150 loss:0.3762 acc:0.8277
INFO:__main__:
【val】epoch:14/150 loss:0.3727 acc:0.8259
INFO:__main__:
【Val】:  SENS: 0.5723  SPEC: 0.9702  PPV: 0.9163  NPV: 0.7994 F1:0.7045
INFO:__main__:验证的best_acc:0.8382
INFO:__main__:----------------------------------------------------------------------------------------------------
INFO:__main__:
【train】epoch:15/150 loss:0.3667 acc:0.8337
INFO:__main__:
【val】epoch:15/150 loss:0.3334 acc:0.8627
INFO:__main__:
【Val】:  SENS: 0.7477  SPEC: 0.9282  PPV: 0.8556  NPV: 0.8660 F1:0.7980
INFO:__main__:验证的best_acc:0.8627
INFO:__main__:----------------------------------------------------------------------------------------------------
INFO:__main__:
【train】epoch:16/150 loss:0.3582 acc:0.8399
INFO:__main__:
【val】epoch:16/150 loss:0.3362 acc:0.8493
INFO:__main__:
【Val】:  SENS: 0.7969  SPEC: 0.8792  PPV: 0.7896  NPV: 0.8838 F1:0.7933
INFO:__main__:验证的best_acc:0.8627
INFO:__main__:----------------------------------------------------------------------------------------------------
INFO:__main__:
【train】epoch:17/150 loss:0.3587 acc:0.8395
INFO:__main__:
【val】epoch:17/150 loss:0.3392 acc:0.8438
INFO:__main__:
【Val】:  SENS: 0.6677  SPEC: 0.9440  PPV: 0.8715  NPV: 0.8331 F1:0.7561
INFO:__main__:验证的best_acc:0.8627
INFO:__main__:----------------------------------------------------------------------------------------------------
INFO:__main__:
【train】epoch:18/150 loss:0.3497 acc:0.8405
INFO:__main__:
【val】epoch:18/150 loss:0.3324 acc:0.8516
INFO:__main__:
【Val】:  SENS: 0.8400  SPEC: 0.8581  PPV: 0.7712  NPV: 0.9041 F1:0.8041
INFO:__main__:验证的best_acc:0.8627
INFO:__main__:----------------------------------------------------------------------------------------------------
INFO:__main__:
【train】epoch:19/150 loss:0.3371 acc:0.8490
INFO:__main__:
【val】epoch:19/150 loss:0.3166 acc:0.8638
INFO:__main__:
【Val】:  SENS: 0.7785  SPEC: 0.9124  PPV: 0.8350  NPV: 0.8786 F1:0.8057
INFO:__main__:验证的best_acc:0.8638
INFO:__main__:----------------------------------------------------------------------------------------------------
INFO:__main__:
【train】epoch:20/150 loss:0.3371 acc:0.8507
INFO:__main__:
【val】epoch:20/150 loss:0.3063 acc:0.8661
INFO:__main__:
【Val】:  SENS: 0.7508  SPEC: 0.9317  PPV: 0.8622  NPV: 0.8679 F1:0.8026
INFO:__main__:验证的best_acc:0.8661
INFO:__main__:----------------------------------------------------------------------------------------------------
INFO:__main__:
【train】epoch:21/150 loss:0.3232 acc:0.8496
INFO:__main__:
【val】epoch:21/150 loss:0.3162 acc:0.8627
INFO:__main__:
【Val】:  SENS: 0.7846  SPEC: 0.9072  PPV: 0.8279  NPV: 0.8810 F1:0.8057
INFO:__main__:验证的best_acc:0.8661
INFO:__main__:----------------------------------------------------------------------------------------------------
INFO:__main__:
【train】epoch:22/150 loss:0.3271 acc:0.8523
INFO:__main__:
【val】epoch:22/150 loss:0.3315 acc:0.8482
INFO:__main__:
【Val】:  SENS: 0.8031  SPEC: 0.8739  PPV: 0.7838  NPV: 0.8863 F1:0.7933
INFO:__main__:验证的best_acc:0.8661
INFO:__main__:----------------------------------------------------------------------------------------------------
INFO:__main__:
【train】epoch:23/150 loss:0.3217 acc:0.8587
INFO:__main__:
【val】epoch:23/150 loss:0.3219 acc:0.8527
INFO:__main__:
【Val】:  SENS: 0.7200  SPEC: 0.9282  PPV: 0.8509  NPV: 0.8535 F1:0.7800
INFO:__main__:验证的best_acc:0.8661
INFO:__main__:----------------------------------------------------------------------------------------------------
INFO:__main__:
【train】epoch:24/150 loss:0.3204 acc:0.8583
INFO:__main__:
【val】epoch:24/150 loss:0.3480 acc:0.8393
INFO:__main__:
【Val】:  SENS: 0.8246  SPEC: 0.8476  PPV: 0.7549  NPV: 0.8946 F1:0.7882
INFO:__main__:验证的best_acc:0.8661
INFO:__main__:----------------------------------------------------------------------------------------------------
INFO:__main__:
【train】epoch:25/150 loss:0.3134 acc:0.8595
INFO:__main__:
【val】epoch:25/150 loss:0.3286 acc:0.8449
INFO:__main__:
【Val】:  SENS: 0.7077  SPEC: 0.9229  PPV: 0.8394  NPV: 0.8473 F1:0.7679
INFO:__main__:验证的best_acc:0.8661
INFO:__main__:----------------------------------------------------------------------------------------------------
INFO:__main__:
【train】epoch:26/150 loss:0.3128 acc:0.8586
INFO:__main__:
【val】epoch:26/150 loss:0.3680 acc:0.8404
INFO:__main__:
【Val】:  SENS: 0.8677  SPEC: 0.8249  PPV: 0.7382  NPV: 0.9163 F1:0.7977
INFO:__main__:验证的best_acc:0.8661
INFO:__main__:----------------------------------------------------------------------------------------------------
INFO:__main__:
【train】epoch:27/150 loss:0.3096 acc:0.8626
INFO:__main__:
【val】epoch:27/150 loss:0.3160 acc:0.8549
INFO:__main__:
【Val】:  SENS: 0.7662  SPEC: 0.9054  PPV: 0.8218  NPV: 0.8718 F1:0.7930
INFO:__main__:验证的best_acc:0.8661
INFO:__main__:----------------------------------------------------------------------------------------------------
INFO:__main__:
【train】epoch:28/150 loss:0.3075 acc:0.8622
INFO:__main__:
【val】epoch:28/150 loss:0.3402 acc:0.8493
INFO:__main__:
【Val】:  SENS: 0.8308  SPEC: 0.8599  PPV: 0.7714  NPV: 0.8993 F1:0.8000
INFO:__main__:验证的best_acc:0.8661
INFO:__main__:----------------------------------------------------------------------------------------------------
INFO:__main__:
【train】epoch:29/150 loss:0.2990 acc:0.8689
INFO:__main__:
【val】epoch:29/150 loss:0.3027 acc:0.8594
INFO:__main__:
【Val】:  SENS: 0.7385  SPEC: 0.9282  PPV: 0.8541  NPV: 0.8618 F1:0.7921
INFO:__main__:验证的best_acc:0.8661
INFO:__main__:----------------------------------------------------------------------------------------------------
INFO:__main__:
【train】epoch:30/150 loss:0.2867 acc:0.8717
INFO:__main__:
【val】epoch:30/150 loss:0.3419 acc:0.8616
INFO:__main__:
【Val】:  SENS: 0.7785  SPEC: 0.9089  PPV: 0.8295  NPV: 0.8782 F1:0.8032
INFO:__main__:验证的best_acc:0.8661
INFO:__main__:----------------------------------------------------------------------------------------------------
INFO:__main__:
【train】epoch:31/150 loss:0.2878 acc:0.8696
INFO:__main__:
【val】epoch:31/150 loss:0.3265 acc:0.8672
INFO:__main__:
【Val】:  SENS: 0.8185  SPEC: 0.8949  PPV: 0.8160  NPV: 0.8965 F1:0.8172
INFO:__main__:验证的best_acc:0.8672
INFO:__main__:----------------------------------------------------------------------------------------------------
INFO:__main__:
【train】epoch:32/150 loss:0.2863 acc:0.8732
INFO:__main__:
【val】epoch:32/150 loss:0.3279 acc:0.8739
INFO:__main__:
【Val】:  SENS: 0.8646  SPEC: 0.8792  PPV: 0.8029  NPV: 0.9194 F1:0.8326
INFO:__main__:验证的best_acc:0.8739
INFO:__main__:----------------------------------------------------------------------------------------------------
INFO:__main__:
【train】epoch:33/150 loss:0.2796 acc:0.8783
INFO:__main__:
【val】epoch:33/150 loss:0.3171 acc:0.8672
INFO:__main__:
【Val】:  SENS: 0.7938  SPEC: 0.9089  PPV: 0.8323  NPV: 0.8857 F1:0.8126
INFO:__main__:验证的best_acc:0.8739
INFO:__main__:----------------------------------------------------------------------------------------------------
INFO:__main__:
【train】epoch:34/150 loss:0.2816 acc:0.8810
INFO:__main__:
【val】epoch:34/150 loss:0.3410 acc:0.8583
INFO:__main__:
【Val】:  SENS: 0.7692  SPEC: 0.9089  PPV: 0.8278  NPV: 0.8737 F1:0.7974
INFO:__main__:验证的best_acc:0.8739
INFO:__main__:----------------------------------------------------------------------------------------------------
INFO:__main__:
【train】epoch:35/150 loss:0.2767 acc:0.8783
INFO:__main__:
【val】epoch:35/150 loss:0.3275 acc:0.8661
INFO:__main__:
【Val】:  SENS: 0.8062  SPEC: 0.9002  PPV: 0.8213  NPV: 0.8908 F1:0.8137
INFO:__main__:验证的best_acc:0.8739
INFO:__main__:----------------------------------------------------------------------------------------------------
INFO:__main__:
【train】epoch:36/150 loss:0.2707 acc:0.8853
INFO:__main__:
【val】epoch:36/150 loss:0.3459 acc:0.8482
INFO:__main__:
【Val】:  SENS: 0.7785  SPEC: 0.8879  PPV: 0.7981  NPV: 0.8756 F1:0.7882
INFO:__main__:验证的best_acc:0.8739
INFO:__main__:----------------------------------------------------------------------------------------------------
INFO:__main__:
【train】epoch:37/150 loss:0.2727 acc:0.8832
INFO:__main__:
【val】epoch:37/150 loss:0.3525 acc:0.8516
INFO:__main__:
【Val】:  SENS: 0.7077  SPEC: 0.9335  PPV: 0.8582  NPV: 0.8487 F1:0.7757
INFO:__main__:验证的best_acc:0.8739
INFO:__main__:----------------------------------------------------------------------------------------------------
INFO:__main__:
【train】epoch:38/150 loss:0.2718 acc:0.8852
INFO:__main__:
【val】epoch:38/150 loss:0.3228 acc:0.8728
INFO:__main__:
【Val】:  SENS: 0.8246  SPEC: 0.9002  PPV: 0.8246  NPV: 0.9002 F1:0.8246
INFO:__main__:验证的best_acc:0.8739
INFO:__main__:----------------------------------------------------------------------------------------------------
INFO:__main__:
【train】epoch:39/150 loss:0.2535 acc:0.8928
INFO:__main__:
【val】epoch:39/150 loss:0.3259 acc:0.8627
INFO:__main__:
【Val】:  SENS: 0.8185  SPEC: 0.8879  PPV: 0.8061  NPV: 0.8958 F1:0.8122
INFO:__main__:验证的best_acc:0.8739
INFO:__main__:----------------------------------------------------------------------------------------------------
INFO:__main__:
【train】epoch:40/150 loss:0.2516 acc:0.8938
INFO:__main__:
【val】epoch:40/150 loss:0.3218 acc:0.8594
INFO:__main__:
【Val】:  SENS: 0.7631  SPEC: 0.9142  PPV: 0.8350  NPV: 0.8715 F1:0.7974
INFO:__main__:验证的best_acc:0.8739
INFO:__main__:----------------------------------------------------------------------------------------------------
INFO:__main__:
【train】epoch:41/150 loss:0.2467 acc:0.8955
INFO:__main__:
【val】epoch:41/150 loss:0.3238 acc:0.8795
INFO:__main__:
【Val】:  SENS: 0.7877  SPEC: 0.9317  PPV: 0.8678  NPV: 0.8852 F1:0.8258
INFO:__main__:验证的best_acc:0.8795
INFO:__main__:----------------------------------------------------------------------------------------------------
INFO:__main__:
【train】epoch:42/150 loss:0.2480 acc:0.8951
INFO:__main__:
【val】epoch:42/150 loss:0.3559 acc:0.8504
INFO:__main__:
【Val】:  SENS: 0.6892  SPEC: 0.9422  PPV: 0.8716  NPV: 0.8419 F1:0.7698
INFO:__main__:验证的best_acc:0.8795
INFO:__main__:----------------------------------------------------------------------------------------------------
INFO:__main__:
【train】epoch:43/150 loss:0.2451 acc:0.8958
INFO:__main__:
【val】epoch:43/150 loss:0.3190 acc:0.8616
INFO:__main__:
【Val】:  SENS: 0.8123  SPEC: 0.8897  PPV: 0.8073  NPV: 0.8928 F1:0.8098
INFO:__main__:验证的best_acc:0.8795
INFO:__main__:----------------------------------------------------------------------------------------------------
INFO:__main__:
【train】epoch:44/150 loss:0.2486 acc:0.8957
INFO:__main__:
【val】epoch:44/150 loss:0.3790 acc:0.8460
INFO:__main__:
【Val】:  SENS: 0.8431  SPEC: 0.8476  PPV: 0.7590  NPV: 0.9047 F1:0.7988
INFO:__main__:验证的best_acc:0.8795
INFO:__main__:----------------------------------------------------------------------------------------------------
INFO:__main__:
【train】epoch:45/150 loss:0.2410 acc:0.9003
INFO:__main__:
【val】epoch:45/150 loss:0.3158 acc:0.8750
INFO:__main__:
【Val】:  SENS: 0.7938  SPEC: 0.9212  PPV: 0.8515  NPV: 0.8870 F1:0.8217
INFO:__main__:验证的best_acc:0.8795
INFO:__main__:----------------------------------------------------------------------------------------------------
INFO:__main__:
【train】epoch:46/150 loss:0.2347 acc:0.9015
INFO:__main__:
【val】epoch:46/150 loss:0.3037 acc:0.8783
INFO:__main__:
【Val】:  SENS: 0.8585  SPEC: 0.8897  PPV: 0.8158  NPV: 0.9170 F1:0.8366
INFO:__main__:验证的best_acc:0.8795
INFO:__main__:----------------------------------------------------------------------------------------------------
INFO:__main__:
【train】epoch:47/150 loss:0.2356 acc:0.9037
INFO:__main__:
【val】epoch:47/150 loss:0.3685 acc:0.8482
INFO:__main__:
【Val】:  SENS: 0.6923  SPEC: 0.9370  PPV: 0.8621  NPV: 0.8425 F1:0.7679
INFO:__main__:验证的best_acc:0.8795
INFO:__main__:----------------------------------------------------------------------------------------------------
INFO:__main__:
【train】epoch:48/150 loss:0.2286 acc:0.9015
INFO:__main__:
【val】epoch:48/150 loss:0.3452 acc:0.8594
INFO:__main__:
【Val】:  SENS: 0.7200  SPEC: 0.9387  PPV: 0.8699  NPV: 0.8549 F1:0.7879
INFO:__main__:验证的best_acc:0.8795
INFO:__main__:----------------------------------------------------------------------------------------------------
INFO:__main__:
【train】epoch:49/150 loss:0.2202 acc:0.9090
INFO:__main__:
【val】epoch:49/150 loss:0.3280 acc:0.8627
INFO:__main__:
【Val】:  SENS: 0.8185  SPEC: 0.8879  PPV: 0.8061  NPV: 0.8958 F1:0.8122
INFO:__main__:验证的best_acc:0.8795
INFO:__main__:----------------------------------------------------------------------------------------------------
INFO:__main__:
【train】epoch:50/150 loss:0.2257 acc:0.9079
INFO:__main__:
【val】epoch:50/150 loss:0.3494 acc:0.8549
INFO:__main__:
【Val】:  SENS: 0.8277  SPEC: 0.8704  PPV: 0.7843  NPV: 0.8987 F1:0.8054
INFO:__main__:验证的best_acc:0.8795
INFO:__main__:----------------------------------------------------------------------------------------------------
INFO:__main__:
【train】epoch:51/150 loss:0.2196 acc:0.9133
INFO:__main__:
【val】epoch:51/150 loss:0.3316 acc:0.8605
INFO:__main__:
【Val】:  SENS: 0.7754  SPEC: 0.9089  PPV: 0.8289  NPV: 0.8767 F1:0.8013
INFO:__main__:验证的best_acc:0.8795
INFO:__main__:----------------------------------------------------------------------------------------------------
INFO:__main__:
【train】epoch:52/150 loss:0.2175 acc:0.9079
INFO:__main__:
【val】epoch:52/150 loss:0.3514 acc:0.8605
INFO:__main__:
【Val】:  SENS: 0.7908  SPEC: 0.9002  PPV: 0.8185  NPV: 0.8832 F1:0.8044
INFO:__main__:验证的best_acc:0.8795
INFO:__main__:----------------------------------------------------------------------------------------------------
INFO:__main__:
【train】epoch:53/150 loss:0.2101 acc:0.9164
INFO:__main__:
【val】epoch:53/150 loss:0.3620 acc:0.8661
INFO:__main__:
【Val】:  SENS: 0.7323  SPEC: 0.9422  PPV: 0.8782  NPV: 0.8608 F1:0.7987
INFO:__main__:验证的best_acc:0.8795
INFO:__main__:----------------------------------------------------------------------------------------------------
INFO:__main__:
【train】epoch:54/150 loss:0.2078 acc:0.9151
INFO:__main__:
【val】epoch:54/150 loss:0.4470 acc:0.8281
INFO:__main__:
【Val】:  SENS: 0.7785  SPEC: 0.8564  PPV: 0.7552  NPV: 0.8717 F1:0.7667
INFO:__main__:验证的best_acc:0.8795
INFO:__main__:----------------------------------------------------------------------------------------------------
INFO:__main__:
【train】epoch:55/150 loss:0.1993 acc:0.9198
INFO:__main__:
【val】epoch:55/150 loss:0.3338 acc:0.8694
INFO:__main__:
【Val】:  SENS: 0.8123  SPEC: 0.9019  PPV: 0.8250  NPV: 0.8941 F1:0.8186
INFO:__main__:验证的best_acc:0.8795
INFO:__main__:----------------------------------------------------------------------------------------------------
INFO:__main__:
【train】epoch:56/150 loss:0.2095 acc:0.9167
INFO:__main__:
【val】epoch:56/150 loss:0.3364 acc:0.8627
INFO:__main__:
【Val】:  SENS: 0.7846  SPEC: 0.9072  PPV: 0.8279  NPV: 0.8810 F1:0.8057
INFO:__main__:验证的best_acc:0.8795
INFO:__main__:----------------------------------------------------------------------------------------------------
INFO:__main__:
【train】epoch:57/150 loss:0.2037 acc:0.9136
INFO:__main__:
【val】epoch:57/150 loss:0.3194 acc:0.8672
INFO:__main__:
【Val】:  SENS: 0.7938  SPEC: 0.9089  PPV: 0.8323  NPV: 0.8857 F1:0.8126
INFO:__main__:验证的best_acc:0.8795
INFO:__main__:----------------------------------------------------------------------------------------------------
INFO:__main__:
【train】epoch:58/150 loss:0.1955 acc:0.9227
INFO:__main__:
【val】epoch:58/150 loss:0.3905 acc:0.8482
INFO:__main__:
【Val】:  SENS: 0.7354  SPEC: 0.9124  PPV: 0.8270  NPV: 0.8583 F1:0.7785
INFO:__main__:验证的best_acc:0.8795
INFO:__main__:----------------------------------------------------------------------------------------------------
INFO:__main__:
【train】epoch:59/150 loss:0.1950 acc:0.9235
INFO:__main__:
【val】epoch:59/150 loss:0.3556 acc:0.8571
INFO:__main__:
【Val】:  SENS: 0.7846  SPEC: 0.8984  PPV: 0.8147  NPV: 0.8799 F1:0.7994
INFO:__main__:验证的best_acc:0.8795
INFO:__main__:----------------------------------------------------------------------------------------------------
INFO:__main__:
【train】epoch:60/150 loss:0.1843 acc:0.9242
INFO:__main__:
【val】epoch:60/150 loss:0.3459 acc:0.8728
INFO:__main__:
【Val】:  SENS: 0.7938  SPEC: 0.9177  PPV: 0.8459  NPV: 0.8866 F1:0.8190
INFO:__main__:验证的best_acc:0.8795
INFO:__main__:----------------------------------------------------------------------------------------------------
INFO:__main__:
【train】epoch:61/150 loss:0.1867 acc:0.9246
INFO:__main__:
【val】epoch:61/150 loss:0.3434 acc:0.8728
INFO:__main__:
【Val】:  SENS: 0.7908  SPEC: 0.9194  PPV: 0.8482  NPV: 0.8853 F1:0.8185
INFO:__main__:验证的best_acc:0.8795
INFO:__main__:----------------------------------------------------------------------------------------------------
INFO:__main__:
【train】epoch:62/150 loss:0.1813 acc:0.9262
INFO:__main__:
【val】epoch:62/150 loss:0.3285 acc:0.8683
INFO:__main__:
【Val】:  SENS: 0.8369  SPEC: 0.8862  PPV: 0.8071  NPV: 0.9052 F1:0.8218
INFO:__main__:验证的best_acc:0.8795
INFO:__main__:----------------------------------------------------------------------------------------------------
INFO:__main__:
【train】epoch:63/150 loss:0.1827 acc:0.9236
INFO:__main__:
【val】epoch:63/150 loss:0.3500 acc:0.8761
INFO:__main__:
【Val】:  SENS: 0.8000  SPEC: 0.9194  PPV: 0.8497  NPV: 0.8898 F1:0.8241
INFO:__main__:验证的best_acc:0.8795
INFO:__main__:----------------------------------------------------------------------------------------------------
INFO:__main__:
【train】epoch:64/150 loss:0.1768 acc:0.9298
INFO:__main__:
【val】epoch:64/150 loss:0.3581 acc:0.8717
INFO:__main__:
【Val】:  SENS: 0.8185  SPEC: 0.9019  PPV: 0.8261  NPV: 0.8972 F1:0.8223
INFO:__main__:验证的best_acc:0.8795
INFO:__main__:----------------------------------------------------------------------------------------------------
INFO:__main__:
【train】epoch:65/150 loss:0.1807 acc:0.9279
INFO:__main__:
【val】epoch:65/150 loss:0.3528 acc:0.8661
INFO:__main__:
【Val】:  SENS: 0.7846  SPEC: 0.9124  PPV: 0.8361  NPV: 0.8816 F1:0.8095
INFO:__main__:验证的best_acc:0.8795
INFO:__main__:----------------------------------------------------------------------------------------------------
INFO:__main__:
【train】epoch:66/150 loss:0.1684 acc:0.9303
INFO:__main__:
【val】epoch:66/150 loss:0.3803 acc:0.8705
INFO:__main__:
【Val】:  SENS: 0.8215  SPEC: 0.8984  PPV: 0.8215  NPV: 0.8984 F1:0.8215
INFO:__main__:验证的best_acc:0.8795
INFO:__main__:----------------------------------------------------------------------------------------------------
INFO:__main__:
【train】epoch:67/150 loss:0.1725 acc:0.9291
INFO:__main__:
【val】epoch:67/150 loss:0.3784 acc:0.8650
INFO:__main__:
【Val】:  SENS: 0.8492  SPEC: 0.8739  PPV: 0.7931  NPV: 0.9106 F1:0.8202
INFO:__main__:验证的best_acc:0.8795
INFO:__main__:----------------------------------------------------------------------------------------------------
INFO:__main__:
【train】epoch:68/150 loss:0.1717 acc:0.9336
INFO:__main__:
【val】epoch:68/150 loss:0.3707 acc:0.8694
INFO:__main__:
【Val】:  SENS: 0.8031  SPEC: 0.9072  PPV: 0.8312  NPV: 0.8900 F1:0.8169
INFO:__main__:验证的best_acc:0.8795
INFO:__main__:----------------------------------------------------------------------------------------------------
INFO:__main__:
【train】epoch:69/150 loss:0.1627 acc:0.9364
INFO:__main__:
【val】epoch:69/150 loss:0.3578 acc:0.8728
INFO:__main__:
【Val】:  SENS: 0.7938  SPEC: 0.9177  PPV: 0.8459  NPV: 0.8866 F1:0.8190
INFO:__main__:验证的best_acc:0.8795
INFO:__main__:----------------------------------------------------------------------------------------------------
INFO:__main__:
【train】epoch:70/150 loss:0.1582 acc:0.9340
INFO:__main__:
【val】epoch:70/150 loss:0.3683 acc:0.8583
INFO:__main__:
【Val】:  SENS: 0.7723  SPEC: 0.9072  PPV: 0.8257  NPV: 0.8750 F1:0.7981
INFO:__main__:验证的best_acc:0.8795
INFO:__main__:----------------------------------------------------------------------------------------------------
INFO:__main__:
【train】epoch:71/150 loss:0.1608 acc:0.9368
INFO:__main__:
【val】epoch:71/150 loss:0.3822 acc:0.8538
INFO:__main__:
【Val】:  SENS: 0.7631  SPEC: 0.9054  PPV: 0.8212  NPV: 0.8704 F1:0.7911
INFO:__main__:验证的best_acc:0.8795
INFO:__main__:----------------------------------------------------------------------------------------------------
INFO:__main__:
【train】epoch:72/150 loss:0.1573 acc:0.9393
INFO:__main__:
【val】epoch:72/150 loss:0.3980 acc:0.8549
INFO:__main__:
【Val】:  SENS: 0.8031  SPEC: 0.8844  PPV: 0.7982  NPV: 0.8875 F1:0.8006
INFO:__main__:验证的best_acc:0.8795
INFO:__main__:----------------------------------------------------------------------------------------------------
INFO:__main__:
【train】epoch:73/150 loss:0.1559 acc:0.9363
INFO:__main__:
【val】epoch:73/150 loss:0.3703 acc:0.8672
INFO:__main__:
【Val】:  SENS: 0.7877  SPEC: 0.9124  PPV: 0.8366  NPV: 0.8831 F1:0.8114
INFO:__main__:验证的best_acc:0.8795
INFO:__main__:----------------------------------------------------------------------------------------------------
INFO:__main__:
【train】epoch:74/150 loss:0.1533 acc:0.9395
INFO:__main__:
【val】epoch:74/150 loss:0.3764 acc:0.8538
INFO:__main__:
【Val】:  SENS: 0.7969  SPEC: 0.8862  PPV: 0.7994  NPV: 0.8846 F1:0.7982
INFO:__main__:验证的best_acc:0.8795
INFO:__main__:----------------------------------------------------------------------------------------------------
INFO:__main__:
【train】epoch:75/150 loss:0.1575 acc:0.9383
INFO:__main__:
【val】epoch:75/150 loss:0.3744 acc:0.8795
INFO:__main__:
【Val】:  SENS: 0.7938  SPEC: 0.9282  PPV: 0.8629  NPV: 0.8878 F1:0.8269
INFO:__main__:验证的best_acc:0.8795
INFO:__main__:----------------------------------------------------------------------------------------------------
INFO:__main__:
【train】epoch:76/150 loss:0.1499 acc:0.9418
INFO:__main__:
【val】epoch:76/150 loss:0.3838 acc:0.8638
INFO:__main__:
【Val】:  SENS: 0.8092  SPEC: 0.8949  PPV: 0.8142  NPV: 0.8918 F1:0.8117
INFO:__main__:验证的best_acc:0.8795
INFO:__main__:----------------------------------------------------------------------------------------------------
INFO:__main__:
【train】epoch:77/150 loss:0.1558 acc:0.9399
INFO:__main__:
【val】epoch:77/150 loss:0.3640 acc:0.8772
INFO:__main__:
【Val】:  SENS: 0.8154  SPEC: 0.9124  PPV: 0.8413  NPV: 0.8967 F1:0.8281
INFO:__main__:验证的best_acc:0.8795
INFO:__main__:----------------------------------------------------------------------------------------------------
INFO:__main__:
【train】epoch:78/150 loss:0.1473 acc:0.9452
INFO:__main__:
【val】epoch:78/150 loss:0.3565 acc:0.8638
INFO:__main__:
【Val】:  SENS: 0.8369  SPEC: 0.8792  PPV: 0.7977  NPV: 0.9045 F1:0.8168
INFO:__main__:验证的best_acc:0.8795
INFO:__main__:----------------------------------------------------------------------------------------------------
INFO:__main__:
【train】epoch:79/150 loss:0.1351 acc:0.9473
INFO:__main__:
【val】epoch:79/150 loss:0.3781 acc:0.8750
INFO:__main__:
【Val】:  SENS: 0.8215  SPEC: 0.9054  PPV: 0.8318  NPV: 0.8991 F1:0.8266
INFO:__main__:验证的best_acc:0.8795
INFO:__main__:----------------------------------------------------------------------------------------------------
INFO:__main__:
【train】epoch:80/150 loss:0.1432 acc:0.9443
INFO:__main__:
【val】epoch:80/150 loss:0.3775 acc:0.8717
INFO:__main__:
【Val】:  SENS: 0.7938  SPEC: 0.9159  PPV: 0.8431  NPV: 0.8864 F1:0.8177
INFO:__main__:验证的best_acc:0.8795
INFO:__main__:----------------------------------------------------------------------------------------------------
INFO:__main__:
【train】epoch:81/150 loss:0.1330 acc:0.9478
INFO:__main__:
【val】epoch:81/150 loss:0.3690 acc:0.8828
INFO:__main__:
【Val】:  SENS: 0.8523  SPEC: 0.9002  PPV: 0.8293  NPV: 0.9146 F1:0.8407
INFO:__main__:验证的best_acc:0.8828
INFO:__main__:----------------------------------------------------------------------------------------------------
INFO:__main__:
【train】epoch:82/150 loss:0.1378 acc:0.9481
INFO:__main__:
【val】epoch:82/150 loss:0.3834 acc:0.8616
INFO:__main__:
【Val】:  SENS: 0.7815  SPEC: 0.9072  PPV: 0.8274  NPV: 0.8795 F1:0.8038
INFO:__main__:验证的best_acc:0.8828
INFO:__main__:----------------------------------------------------------------------------------------------------
INFO:__main__:
【train】epoch:83/150 loss:0.1317 acc:0.9516
INFO:__main__:
【val】epoch:83/150 loss:0.3715 acc:0.8672
INFO:__main__:
【Val】:  SENS: 0.7723  SPEC: 0.9212  PPV: 0.8480  NPV: 0.8767 F1:0.8084
INFO:__main__:验证的best_acc:0.8828
INFO:__main__:----------------------------------------------------------------------------------------------------
INFO:__main__:
【train】epoch:84/150 loss:0.1379 acc:0.9450
INFO:__main__:
【val】epoch:84/150 loss:0.3789 acc:0.8683
INFO:__main__:
【Val】:  SENS: 0.8123  SPEC: 0.9002  PPV: 0.8224  NPV: 0.8939 F1:0.8173
INFO:__main__:验证的best_acc:0.8828
INFO:__main__:----------------------------------------------------------------------------------------------------
INFO:__main__:
【train】epoch:85/150 loss:0.1337 acc:0.9485
INFO:__main__:
【val】epoch:85/150 loss:0.3873 acc:0.8583
INFO:__main__:
【Val】:  SENS: 0.7969  SPEC: 0.8932  PPV: 0.8094  NPV: 0.8854 F1:0.8031
INFO:__main__:验证的best_acc:0.8828
INFO:__main__:----------------------------------------------------------------------------------------------------
INFO:__main__:
【train】epoch:86/150 loss:0.1238 acc:0.9507
INFO:__main__:
【val】epoch:86/150 loss:0.4275 acc:0.8661
INFO:__main__:
【Val】:  SENS: 0.8062  SPEC: 0.9002  PPV: 0.8213  NPV: 0.8908 F1:0.8137
INFO:__main__:验证的best_acc:0.8828
INFO:__main__:----------------------------------------------------------------------------------------------------
INFO:__main__:
【train】epoch:87/150 loss:0.1275 acc:0.9497
INFO:__main__:
【val】epoch:87/150 loss:0.4207 acc:0.8638
INFO:__main__:
【Val】:  SENS: 0.7815  SPEC: 0.9107  PPV: 0.8328  NPV: 0.8799 F1:0.8063
INFO:__main__:验证的best_acc:0.8828
INFO:__main__:----------------------------------------------------------------------------------------------------
INFO:__main__:
【train】epoch:88/150 loss:0.1274 acc:0.9534
INFO:__main__:
【val】epoch:88/150 loss:0.4234 acc:0.8717
INFO:__main__:
【Val】:  SENS: 0.7846  SPEC: 0.9212  PPV: 0.8500  NPV: 0.8826 F1:0.8160
INFO:__main__:验证的best_acc:0.8828
INFO:__main__:----------------------------------------------------------------------------------------------------
INFO:__main__:
【train】epoch:89/150 loss:0.1234 acc:0.9526
INFO:__main__:
【val】epoch:89/150 loss:0.3947 acc:0.8683
INFO:__main__:
【Val】:  SENS: 0.7938  SPEC: 0.9107  PPV: 0.8350  NPV: 0.8859 F1:0.8139
INFO:__main__:验证的best_acc:0.8828
INFO:__main__:----------------------------------------------------------------------------------------------------
INFO:__main__:
【train】epoch:90/150 loss:0.1187 acc:0.9571
INFO:__main__:
【val】epoch:90/150 loss:0.4080 acc:0.8739
INFO:__main__:
【Val】:  SENS: 0.7969  SPEC: 0.9177  PPV: 0.8464  NPV: 0.8881 F1:0.8209
INFO:__main__:验证的best_acc:0.8828
INFO:__main__:----------------------------------------------------------------------------------------------------
INFO:__main__:
【train】epoch:91/150 loss:0.1104 acc:0.9563
INFO:__main__:
【val】epoch:91/150 loss:0.3867 acc:0.8694
INFO:__main__:
【Val】:  SENS: 0.8000  SPEC: 0.9089  PPV: 0.8333  NPV: 0.8887 F1:0.8163
INFO:__main__:验证的best_acc:0.8828
INFO:__main__:----------------------------------------------------------------------------------------------------
INFO:__main__:
【train】epoch:92/150 loss:0.1212 acc:0.9518
INFO:__main__:
【val】epoch:92/150 loss:0.4041 acc:0.8717
INFO:__main__:
【Val】:  SENS: 0.7846  SPEC: 0.9212  PPV: 0.8500  NPV: 0.8826 F1:0.8160
INFO:__main__:验证的best_acc:0.8828
INFO:__main__:----------------------------------------------------------------------------------------------------
INFO:__main__:
【train】epoch:93/150 loss:0.1170 acc:0.9569
INFO:__main__:
【val】epoch:93/150 loss:0.3753 acc:0.8650
INFO:__main__:
【Val】:  SENS: 0.8000  SPEC: 0.9019  PPV: 0.8228  NPV: 0.8879 F1:0.8112
INFO:__main__:验证的best_acc:0.8828
INFO:__main__:----------------------------------------------------------------------------------------------------
INFO:__main__:
【train】epoch:94/150 loss:0.1175 acc:0.9550
INFO:__main__:
【val】epoch:94/150 loss:0.3844 acc:0.8795
INFO:__main__:
【Val】:  SENS: 0.8431  SPEC: 0.9002  PPV: 0.8278  NPV: 0.9097 F1:0.8354
INFO:__main__:验证的best_acc:0.8828
INFO:__main__:----------------------------------------------------------------------------------------------------
INFO:__main__:
【train】epoch:95/150 loss:0.1168 acc:0.9531
INFO:__main__:
【val】epoch:95/150 loss:0.3824 acc:0.8605
INFO:__main__:
【Val】:  SENS: 0.7938  SPEC: 0.8984  PPV: 0.8165  NPV: 0.8845 F1:0.8050
INFO:__main__:验证的best_acc:0.8828
INFO:__main__:----------------------------------------------------------------------------------------------------
INFO:__main__:
【train】epoch:96/150 loss:0.1167 acc:0.9549
INFO:__main__:
【val】epoch:96/150 loss:0.4242 acc:0.8672
INFO:__main__:
【Val】:  SENS: 0.8000  SPEC: 0.9054  PPV: 0.8280  NPV: 0.8883 F1:0.8138
INFO:__main__:验证的best_acc:0.8828
INFO:__main__:----------------------------------------------------------------------------------------------------
INFO:__main__:
【train】epoch:97/150 loss:0.1158 acc:0.9526
INFO:__main__:
【val】epoch:97/150 loss:0.4336 acc:0.8672
INFO:__main__:
【Val】:  SENS: 0.8246  SPEC: 0.8914  PPV: 0.8121  NPV: 0.8993 F1:0.8183
INFO:__main__:验证的best_acc:0.8828
INFO:__main__:----------------------------------------------------------------------------------------------------
INFO:__main__:
【train】epoch:98/150 loss:0.1054 acc:0.9601
INFO:__main__:
【val】epoch:98/150 loss:0.4171 acc:0.8583
INFO:__main__:
【Val】:  SENS: 0.8062  SPEC: 0.8879  PPV: 0.8037  NPV: 0.8895 F1:0.8049
INFO:__main__:验证的best_acc:0.8828
INFO:__main__:----------------------------------------------------------------------------------------------------
INFO:__main__:
【train】epoch:99/150 loss:0.1102 acc:0.9602
INFO:__main__:
【val】epoch:99/150 loss:0.4117 acc:0.8638
INFO:__main__:
【Val】:  SENS: 0.7908  SPEC: 0.9054  PPV: 0.8264  NPV: 0.8838 F1:0.8082
INFO:__main__:验证的best_acc:0.8828
INFO:__main__:----------------------------------------------------------------------------------------------------
INFO:__main__:
【train】epoch:100/150 loss:0.1054 acc:0.9595
INFO:__main__:
【val】epoch:100/150 loss:0.4002 acc:0.8638
INFO:__main__:
【Val】:  SENS: 0.8031  SPEC: 0.8984  PPV: 0.8182  NPV: 0.8891 F1:0.8106
INFO:__main__:验证的best_acc:0.8828
INFO:__main__:----------------------------------------------------------------------------------------------------
INFO:__main__:
【train】epoch:101/150 loss:0.1016 acc:0.9622
INFO:__main__:
【val】epoch:101/150 loss:0.4471 acc:0.8650
INFO:__main__:
【Val】:  SENS: 0.7754  SPEC: 0.9159  PPV: 0.8400  NPV: 0.8775 F1:0.8064
INFO:__main__:验证的best_acc:0.8828
INFO:__main__:----------------------------------------------------------------------------------------------------
INFO:__main__:
【train】epoch:102/150 loss:0.0979 acc:0.9628
INFO:__main__:
【val】epoch:102/150 loss:0.4289 acc:0.8616
INFO:__main__:
【Val】:  SENS: 0.7908  SPEC: 0.9019  PPV: 0.8211  NPV: 0.8834 F1:0.8056
INFO:__main__:验证的best_acc:0.8828
INFO:__main__:----------------------------------------------------------------------------------------------------
INFO:__main__:
【train】epoch:103/150 loss:0.0961 acc:0.9633
INFO:__main__:
【val】epoch:103/150 loss:0.4519 acc:0.8650
INFO:__main__:
【Val】:  SENS: 0.8123  SPEC: 0.8949  PPV: 0.8148  NPV: 0.8934 F1:0.8136
INFO:__main__:验证的best_acc:0.8828
INFO:__main__:----------------------------------------------------------------------------------------------------
INFO:__main__:
【train】epoch:104/150 loss:0.1077 acc:0.9592
INFO:__main__:
【val】epoch:104/150 loss:0.4659 acc:0.8705
INFO:__main__:
【Val】:  SENS: 0.7908  SPEC: 0.9159  PPV: 0.8426  NPV: 0.8849 F1:0.8159
INFO:__main__:验证的best_acc:0.8828
INFO:__main__:----------------------------------------------------------------------------------------------------
INFO:__main__:
【train】epoch:105/150 loss:0.1083 acc:0.9601
INFO:__main__:
【val】epoch:105/150 loss:0.4874 acc:0.8728
INFO:__main__:
【Val】:  SENS: 0.7754  SPEC: 0.9282  PPV: 0.8601  NPV: 0.8789 F1:0.8155
INFO:__main__:验证的best_acc:0.8828
INFO:__main__:----------------------------------------------------------------------------------------------------
INFO:__main__:
【train】epoch:106/150 loss:0.0960 acc:0.9635
INFO:__main__:
【val】epoch:106/150 loss:0.4265 acc:0.8638
INFO:__main__:
【Val】:  SENS: 0.8154  SPEC: 0.8914  PPV: 0.8104  NPV: 0.8946 F1:0.8129
INFO:__main__:验证的best_acc:0.8828
INFO:__main__:----------------------------------------------------------------------------------------------------
INFO:__main__:
【train】epoch:107/150 loss:0.0997 acc:0.9606
INFO:__main__:
【val】epoch:107/150 loss:0.4495 acc:0.8672
INFO:__main__:
【Val】:  SENS: 0.8185  SPEC: 0.8949  PPV: 0.8160  NPV: 0.8965 F1:0.8172
INFO:__main__:验证的best_acc:0.8828
INFO:__main__:----------------------------------------------------------------------------------------------------
INFO:__main__:
【train】epoch:108/150 loss:0.0912 acc:0.9651
INFO:__main__:
【val】epoch:108/150 loss:0.4731 acc:0.8683
INFO:__main__:
【Val】:  SENS: 0.8000  SPEC: 0.9072  PPV: 0.8307  NPV: 0.8885 F1:0.8150
INFO:__main__:验证的best_acc:0.8828
INFO:__main__:----------------------------------------------------------------------------------------------------
INFO:__main__:
【train】epoch:109/150 loss:0.0981 acc:0.9639
INFO:__main__:
【val】epoch:109/150 loss:0.4434 acc:0.8750
INFO:__main__:
【Val】:  SENS: 0.8000  SPEC: 0.9177  PPV: 0.8469  NPV: 0.8896 F1:0.8228
INFO:__main__:验证的best_acc:0.8828
INFO:__main__:----------------------------------------------------------------------------------------------------
INFO:__main__:
【train】epoch:110/150 loss:0.0908 acc:0.9656
INFO:__main__:
【val】epoch:110/150 loss:0.4275 acc:0.8761
INFO:__main__:
【Val】:  SENS: 0.8092  SPEC: 0.9142  PPV: 0.8429  NPV: 0.8938 F1:0.8257
INFO:__main__:验证的best_acc:0.8828
INFO:__main__:----------------------------------------------------------------------------------------------------
INFO:__main__:
【train】epoch:111/150 loss:0.0839 acc:0.9679
INFO:__main__:
【val】epoch:111/150 loss:0.4327 acc:0.8705
INFO:__main__:
【Val】:  SENS: 0.8246  SPEC: 0.8967  PPV: 0.8196  NPV: 0.8998 F1:0.8221
INFO:__main__:验证的best_acc:0.8828
INFO:__main__:----------------------------------------------------------------------------------------------------
INFO:__main__:
【train】epoch:112/150 loss:0.0863 acc:0.9666
INFO:__main__:
【val】epoch:112/150 loss:0.4562 acc:0.8717
INFO:__main__:
【Val】:  SENS: 0.8092  SPEC: 0.9072  PPV: 0.8323  NPV: 0.8931 F1:0.8206
INFO:__main__:验证的best_acc:0.8828
INFO:__main__:----------------------------------------------------------------------------------------------------
INFO:__main__:
【train】epoch:113/150 loss:0.0926 acc:0.9617
INFO:__main__:
【val】epoch:113/150 loss:0.4426 acc:0.8661
INFO:__main__:
【Val】:  SENS: 0.7785  SPEC: 0.9159  PPV: 0.8405  NPV: 0.8790 F1:0.8083
INFO:__main__:验证的best_acc:0.8828
INFO:__main__:----------------------------------------------------------------------------------------------------
INFO:__main__:
【train】epoch:114/150 loss:0.0917 acc:0.9656
INFO:__main__:
【val】epoch:114/150 loss:0.4682 acc:0.8661
INFO:__main__:
【Val】:  SENS: 0.7815  SPEC: 0.9142  PPV: 0.8383  NPV: 0.8803 F1:0.8089
INFO:__main__:验证的best_acc:0.8828
INFO:__main__:----------------------------------------------------------------------------------------------------
INFO:__main__:
【train】epoch:115/150 loss:0.0908 acc:0.9674
INFO:__main__:
【val】epoch:115/150 loss:0.4433 acc:0.8717
INFO:__main__:
【Val】:  SENS: 0.7877  SPEC: 0.9194  PPV: 0.8477  NPV: 0.8838 F1:0.8166
INFO:__main__:验证的best_acc:0.8828
INFO:__main__:----------------------------------------------------------------------------------------------------
INFO:__main__:
【train】epoch:116/150 loss:0.0865 acc:0.9637
INFO:__main__:
【val】epoch:116/150 loss:0.4503 acc:0.8672
INFO:__main__:
【Val】:  SENS: 0.7846  SPEC: 0.9142  PPV: 0.8388  NPV: 0.8818 F1:0.8108
INFO:__main__:验证的best_acc:0.8828
INFO:__main__:----------------------------------------------------------------------------------------------------
INFO:__main__:
【train】epoch:117/150 loss:0.0808 acc:0.9713
INFO:__main__:
【val】epoch:117/150 loss:0.4622 acc:0.8638
INFO:__main__:
【Val】:  SENS: 0.8154  SPEC: 0.8914  PPV: 0.8104  NPV: 0.8946 F1:0.8129
INFO:__main__:验证的best_acc:0.8828
INFO:__main__:----------------------------------------------------------------------------------------------------
INFO:__main__:
【train】epoch:118/150 loss:0.0895 acc:0.9663
INFO:__main__:
【val】epoch:118/150 loss:0.4345 acc:0.8728
INFO:__main__:
【Val】:  SENS: 0.8369  SPEC: 0.8932  PPV: 0.8168  NPV: 0.9059 F1:0.8267
INFO:__main__:验证的best_acc:0.8828
INFO:__main__:----------------------------------------------------------------------------------------------------
INFO:__main__:
【train】epoch:119/150 loss:0.0847 acc:0.9671
INFO:__main__:
【val】epoch:119/150 loss:0.4427 acc:0.8761
INFO:__main__:
【Val】:  SENS: 0.8431  SPEC: 0.8949  PPV: 0.8204  NPV: 0.9093 F1:0.8316
INFO:__main__:验证的best_acc:0.8828
INFO:__main__:----------------------------------------------------------------------------------------------------
INFO:__main__:
【train】epoch:120/150 loss:0.0848 acc:0.9700
INFO:__main__:
【val】epoch:120/150 loss:0.4508 acc:0.8783
INFO:__main__:
【Val】:  SENS: 0.8277  SPEC: 0.9072  PPV: 0.8354  NPV: 0.9024 F1:0.8315
INFO:__main__:验证的best_acc:0.8828
INFO:__main__:----------------------------------------------------------------------------------------------------
INFO:__main__:
【train】epoch:121/150 loss:0.0820 acc:0.9689
INFO:__main__:
【val】epoch:121/150 loss:0.4639 acc:0.8627
INFO:__main__:
【Val】:  SENS: 0.8369  SPEC: 0.8774  PPV: 0.7953  NPV: 0.9043 F1:0.8156
INFO:__main__:验证的best_acc:0.8828
INFO:__main__:----------------------------------------------------------------------------------------------------
INFO:__main__:
【train】epoch:122/150 loss:0.0738 acc:0.9711
INFO:__main__:
【val】epoch:122/150 loss:0.4551 acc:0.8672
INFO:__main__:
【Val】:  SENS: 0.8031  SPEC: 0.9037  PPV: 0.8259  NPV: 0.8897 F1:0.8144
INFO:__main__:验证的best_acc:0.8828
INFO:__main__:----------------------------------------------------------------------------------------------------
INFO:__main__:
【train】epoch:123/150 loss:0.0820 acc:0.9693
INFO:__main__:
【val】epoch:123/150 loss:0.4594 acc:0.8694
INFO:__main__:
【Val】:  SENS: 0.8092  SPEC: 0.9037  PPV: 0.8270  NPV: 0.8927 F1:0.8180
INFO:__main__:验证的best_acc:0.8828
INFO:__main__:----------------------------------------------------------------------------------------------------
INFO:__main__:
【train】epoch:124/150 loss:0.0798 acc:0.9712
INFO:__main__:
【val】epoch:124/150 loss:0.4776 acc:0.8650
INFO:__main__:
【Val】:  SENS: 0.8092  SPEC: 0.8967  PPV: 0.8168  NPV: 0.8920 F1:0.8130
INFO:__main__:验证的best_acc:0.8828
INFO:__main__:----------------------------------------------------------------------------------------------------
INFO:__main__:
【train】epoch:125/150 loss:0.0758 acc:0.9711
INFO:__main__:
【val】epoch:125/150 loss:0.4822 acc:0.8739
INFO:__main__:
【Val】:  SENS: 0.8000  SPEC: 0.9159  PPV: 0.8442  NPV: 0.8895 F1:0.8215
INFO:__main__:验证的best_acc:0.8828
INFO:__main__:----------------------------------------------------------------------------------------------------
INFO:__main__:
【train】epoch:126/150 loss:0.0820 acc:0.9677
INFO:__main__:
【val】epoch:126/150 loss:0.4742 acc:0.8672
INFO:__main__:
【Val】:  SENS: 0.7877  SPEC: 0.9124  PPV: 0.8366  NPV: 0.8831 F1:0.8114
INFO:__main__:验证的best_acc:0.8828
INFO:__main__:----------------------------------------------------------------------------------------------------
INFO:__main__:
【train】epoch:127/150 loss:0.0716 acc:0.9732
INFO:__main__:
【val】epoch:127/150 loss:0.4765 acc:0.8672
INFO:__main__:
【Val】:  SENS: 0.8092  SPEC: 0.9002  PPV: 0.8219  NPV: 0.8924 F1:0.8155
INFO:__main__:验证的best_acc:0.8828
INFO:__main__:----------------------------------------------------------------------------------------------------
INFO:__main__:
【train】epoch:128/150 loss:0.0849 acc:0.9685
INFO:__main__:
【val】epoch:128/150 loss:0.4612 acc:0.8672
INFO:__main__:
【Val】:  SENS: 0.8154  SPEC: 0.8967  PPV: 0.8179  NPV: 0.8951 F1:0.8166
INFO:__main__:验证的best_acc:0.8828
INFO:__main__:----------------------------------------------------------------------------------------------------
INFO:__main__:
【train】epoch:129/150 loss:0.0709 acc:0.9734
INFO:__main__:
【val】epoch:129/150 loss:0.4749 acc:0.8661
INFO:__main__:
【Val】:  SENS: 0.8000  SPEC: 0.9037  PPV: 0.8254  NPV: 0.8881 F1:0.8125
INFO:__main__:验证的best_acc:0.8828
INFO:__main__:----------------------------------------------------------------------------------------------------
INFO:__main__:
【train】epoch:130/150 loss:0.0769 acc:0.9702
INFO:__main__:
【val】epoch:130/150 loss:0.4513 acc:0.8683
INFO:__main__:
【Val】:  SENS: 0.8000  SPEC: 0.9072  PPV: 0.8307  NPV: 0.8885 F1:0.8150
INFO:__main__:验证的best_acc:0.8828
INFO:__main__:----------------------------------------------------------------------------------------------------
INFO:__main__:
【train】epoch:131/150 loss:0.0827 acc:0.9696
INFO:__main__:
【val】epoch:131/150 loss:0.4725 acc:0.8717
INFO:__main__:
【Val】:  SENS: 0.7938  SPEC: 0.9159  PPV: 0.8431  NPV: 0.8864 F1:0.8177
INFO:__main__:验证的best_acc:0.8828
INFO:__main__:----------------------------------------------------------------------------------------------------
INFO:__main__:
【train】epoch:132/150 loss:0.0755 acc:0.9726
INFO:__main__:
【val】epoch:132/150 loss:0.4453 acc:0.8717
INFO:__main__:
【Val】:  SENS: 0.8031  SPEC: 0.9107  PPV: 0.8365  NPV: 0.8904 F1:0.8195
INFO:__main__:验证的best_acc:0.8828
INFO:__main__:----------------------------------------------------------------------------------------------------
INFO:__main__:
【train】epoch:133/150 loss:0.0674 acc:0.9755
INFO:__main__:
【val】epoch:133/150 loss:0.4630 acc:0.8705
INFO:__main__:
【Val】:  SENS: 0.7969  SPEC: 0.9124  PPV: 0.8382  NPV: 0.8876 F1:0.8170
INFO:__main__:验证的best_acc:0.8828
INFO:__main__:----------------------------------------------------------------------------------------------------
INFO:__main__:
【train】epoch:134/150 loss:0.0704 acc:0.9750
INFO:__main__:
【val】epoch:134/150 loss:0.4605 acc:0.8728
INFO:__main__:
【Val】:  SENS: 0.8154  SPEC: 0.9054  PPV: 0.8307  NPV: 0.8960 F1:0.8230
INFO:__main__:验证的best_acc:0.8828
INFO:__main__:----------------------------------------------------------------------------------------------------
INFO:__main__:
【train】epoch:135/150 loss:0.0635 acc:0.9754
INFO:__main__:
【val】epoch:135/150 loss:0.4790 acc:0.8717
INFO:__main__:
【Val】:  SENS: 0.8215  SPEC: 0.9002  PPV: 0.8241  NPV: 0.8986 F1:0.8228
INFO:__main__:验证的best_acc:0.8828
INFO:__main__:----------------------------------------------------------------------------------------------------
INFO:__main__:
【train】epoch:136/150 loss:0.0683 acc:0.9765
INFO:__main__:
【val】epoch:136/150 loss:0.4776 acc:0.8772
INFO:__main__:
【Val】:  SENS: 0.7754  SPEC: 0.9352  PPV: 0.8720  NPV: 0.8797 F1:0.8208
INFO:__main__:验证的best_acc:0.8828
INFO:__main__:----------------------------------------------------------------------------------------------------
INFO:__main__:
【train】epoch:137/150 loss:0.0749 acc:0.9730
INFO:__main__:
【val】epoch:137/150 loss:0.4596 acc:0.8795
INFO:__main__:
【Val】:  SENS: 0.8308  SPEC: 0.9072  PPV: 0.8359  NPV: 0.9040 F1:0.8333
INFO:__main__:验证的best_acc:0.8828
INFO:__main__:----------------------------------------------------------------------------------------------------
INFO:__main__:
【train】epoch:138/150 loss:0.0677 acc:0.9761
INFO:__main__:
【val】epoch:138/150 loss:0.4854 acc:0.8728
INFO:__main__:
【Val】:  SENS: 0.8092  SPEC: 0.9089  PPV: 0.8349  NPV: 0.8933 F1:0.8219
INFO:__main__:验证的best_acc:0.8828
INFO:__main__:----------------------------------------------------------------------------------------------------
INFO:__main__:
【train】epoch:139/150 loss:0.0674 acc:0.9746
INFO:__main__:
【val】epoch:139/150 loss:0.4929 acc:0.8795
INFO:__main__:
【Val】:  SENS: 0.8031  SPEC: 0.9229  PPV: 0.8557  NPV: 0.8917 F1:0.8286
INFO:__main__:验证的best_acc:0.8828
INFO:__main__:----------------------------------------------------------------------------------------------------
INFO:__main__:
【train】epoch:140/150 loss:0.0724 acc:0.9738
INFO:__main__:
【val】epoch:140/150 loss:0.4706 acc:0.8839
INFO:__main__:
【Val】:  SENS: 0.8277  SPEC: 0.9159  PPV: 0.8486  NPV: 0.9033 F1:0.8380
INFO:__main__:验证的best_acc:0.8839
INFO:__main__:----------------------------------------------------------------------------------------------------
INFO:__main__:
【train】epoch:141/150 loss:0.0660 acc:0.9745
INFO:__main__:
【val】epoch:141/150 loss:0.4937 acc:0.8828
INFO:__main__:
【Val】:  SENS: 0.8062  SPEC: 0.9264  PPV: 0.8618  NPV: 0.8936 F1:0.8331
INFO:__main__:验证的best_acc:0.8839
INFO:__main__:----------------------------------------------------------------------------------------------------
INFO:__main__:
【train】epoch:142/150 loss:0.0586 acc:0.9802
INFO:__main__:
【val】epoch:142/150 loss:0.4678 acc:0.8862
INFO:__main__:
【Val】:  SENS: 0.8185  SPEC: 0.9247  PPV: 0.8608  NPV: 0.8995 F1:0.8391
INFO:__main__:验证的best_acc:0.8862
INFO:__main__:----------------------------------------------------------------------------------------------------
INFO:__main__:
【train】epoch:143/150 loss:0.0708 acc:0.9751
INFO:__main__:
【val】epoch:143/150 loss:0.4884 acc:0.8795
INFO:__main__:
【Val】:  SENS: 0.8123  SPEC: 0.9177  PPV: 0.8489  NPV: 0.8957 F1:0.8302
INFO:__main__:验证的best_acc:0.8862
INFO:__main__:----------------------------------------------------------------------------------------------------
INFO:__main__:
【train】epoch:144/150 loss:0.0641 acc:0.9787
INFO:__main__:
【val】epoch:144/150 loss:0.4736 acc:0.8694
INFO:__main__:
【Val】:  SENS: 0.7938  SPEC: 0.9124  PPV: 0.8377  NPV: 0.8861 F1:0.8152
INFO:__main__:验证的best_acc:0.8862
INFO:__main__:----------------------------------------------------------------------------------------------------
INFO:__main__:
【train】epoch:145/150 loss:0.0624 acc:0.9777
INFO:__main__:
【val】epoch:145/150 loss:0.4748 acc:0.8783
INFO:__main__:
【Val】:  SENS: 0.8062  SPEC: 0.9194  PPV: 0.8506  NPV: 0.8929 F1:0.8278
INFO:__main__:验证的best_acc:0.8862
INFO:__main__:----------------------------------------------------------------------------------------------------
INFO:__main__:
【train】epoch:146/150 loss:0.0621 acc:0.9779
INFO:__main__:
【val】epoch:146/150 loss:0.4507 acc:0.8750
INFO:__main__:
【Val】:  SENS: 0.8031  SPEC: 0.9159  PPV: 0.8447  NPV: 0.8910 F1:0.8233
INFO:__main__:验证的best_acc:0.8862
INFO:__main__:----------------------------------------------------------------------------------------------------
INFO:__main__:
【train】epoch:147/150 loss:0.0652 acc:0.9747
INFO:__main__:
【val】epoch:147/150 loss:0.4894 acc:0.8728
INFO:__main__:
【Val】:  SENS: 0.8154  SPEC: 0.9054  PPV: 0.8307  NPV: 0.8960 F1:0.8230
INFO:__main__:验证的best_acc:0.8862
INFO:__main__:----------------------------------------------------------------------------------------------------
INFO:__main__:
【train】epoch:148/150 loss:0.0638 acc:0.9753
INFO:__main__:
【val】epoch:148/150 loss:0.4638 acc:0.8661
INFO:__main__:
【Val】:  SENS: 0.8092  SPEC: 0.8984  PPV: 0.8193  NPV: 0.8922 F1:0.8142
INFO:__main__:验证的best_acc:0.8862
INFO:__main__:----------------------------------------------------------------------------------------------------
INFO:__main__:
【train】epoch:149/150 loss:0.0600 acc:0.9765
INFO:__main__:
【val】epoch:149/150 loss:0.4771 acc:0.8717
INFO:__main__:
【Val】:  SENS: 0.8062  SPEC: 0.9089  PPV: 0.8344  NPV: 0.8918 F1:0.8200
INFO:__main__:验证的best_acc:0.8862
INFO:__main__:----------------------------------------------------------------------------------------------------
INFO:__main__:****************************************************************************************************
INFO:__main__:Val_LOSS:['0.6311', '0.7206', '0.8675', '0.5146', '0.4752', '0.6231', '0.5916', '0.7966', '0.6104', '0.3562', '0.5534', '0.4037', '0.3929', '0.4875', '0.3727', '0.3334', '0.3362', '0.3392', '0.3324', '0.3166', '0.3063', '0.3162', '0.3315', '0.3219', '0.3480', '0.3286', '0.3680', '0.3160', '0.3402', '0.3027', '0.3419', '0.3265', '0.3279', '0.3171', '0.3410', '0.3275', '0.3459', '0.3525', '0.3228', '0.3259', '0.3218', '0.3238', '0.3559', '0.3190', '0.3790', '0.3158', '0.3037', '0.3685', '0.3452', '0.3280', '0.3494', '0.3316', '0.3514', '0.3620', '0.4470', '0.3338', '0.3364', '0.3194', '0.3905', '0.3556', '0.3459', '0.3434', '0.3285', '0.3500', '0.3581', '0.3528', '0.3803', '0.3784', '0.3707', '0.3578', '0.3683', '0.3822', '0.3980', '0.3703', '0.3764', '0.3744', '0.3838', '0.3640', '0.3565', '0.3781', '0.3775', '0.3690', '0.3834', '0.3715', '0.3789', '0.3873', '0.4275', '0.4207', '0.4234', '0.3947', '0.4080', '0.3867', '0.4041', '0.3753', '0.3844', '0.3824', '0.4242', '0.4336', '0.4171', '0.4117', '0.4002', '0.4471', '0.4289', '0.4519', '0.4659', '0.4874', '0.4265', '0.4495', '0.4731', '0.4434', '0.4275', '0.4327', '0.4562', '0.4426', '0.4682', '0.4433', '0.4503', '0.4622', '0.4345', '0.4427', '0.4508', '0.4639', '0.4551', '0.4594', '0.4776', '0.4822', '0.4742', '0.4765', '0.4612', '0.4749', '0.4513', '0.4725', '0.4453', '0.4630', '0.4605', '0.4790', '0.4776', '0.4596', '0.4854', '0.4929', '0.4706', '0.4937', '0.4678', '0.4884', '0.4736', '0.4748', '0.4507', '0.4894', '0.4638', '0.4771']
INFO:__main__:Val_ACC:['0.6060', '0.4844', '0.6507', '0.7266', '0.7500', '0.6116', '0.6417', '0.6897', '0.7266', '0.8382', '0.7623', '0.7991', '0.8192', '0.7589', '0.8259', '0.8627', '0.8493', '0.8438', '0.8516', '0.8638', '0.8661', '0.8627', '0.8482', '0.8527', '0.8393', '0.8449', '0.8404', '0.8549', '0.8493', '0.8594', '0.8616', '0.8672', '0.8739', '0.8672', '0.8583', '0.8661', '0.8482', '0.8516', '0.8728', '0.8627', '0.8594', '0.8795', '0.8504', '0.8616', '0.8460', '0.8750', '0.8783', '0.8482', '0.8594', '0.8627', '0.8549', '0.8605', '0.8605', '0.8661', '0.8281', '0.8694', '0.8627', '0.8672', '0.8482', '0.8571', '0.8728', '0.8728', '0.8683', '0.8761', '0.8717', '0.8661', '0.8705', '0.8650', '0.8694', '0.8728', '0.8583', '0.8538', '0.8549', '0.8672', '0.8538', '0.8795', '0.8638', '0.8772', '0.8638', '0.8750', '0.8717', '0.8828', '0.8616', '0.8672', '0.8683', '0.8583', '0.8661', '0.8638', '0.8717', '0.8683', '0.8739', '0.8694', '0.8717', '0.8650', '0.8795', '0.8605', '0.8672', '0.8672', '0.8583', '0.8638', '0.8638', '0.8650', '0.8616', '0.8650', '0.8705', '0.8728', '0.8638', '0.8672', '0.8683', '0.8750', '0.8761', '0.8705', '0.8717', '0.8661', '0.8661', '0.8717', '0.8672', '0.8638', '0.8728', '0.8761', '0.8783', '0.8627', '0.8672', '0.8694', '0.8650', '0.8739', '0.8672', '0.8672', '0.8672', '0.8661', '0.8683', '0.8717', '0.8717', '0.8705', '0.8728', '0.8717', '0.8772', '0.8795', '0.8728', '0.8795', '0.8839', '0.8828', '0.8862', '0.8795', '0.8694', '0.8783', '0.8750', '0.8728', '0.8661', '0.8717']
INFO:__main__:****************************************************************************************************
INFO:__main__: epoch0 测试test_Loss: 0.7222  test_ACC: 0.8466  
INFO:__main__:SENS: 0.7551 SPEC: 0.8998 PPV: 0.8145 NPV: 0.8632 F1:0.7837
INFO:__main__:test_Best_acc:0.8466
INFO:__main__:flops:326209280.0  params:2226434.0
