INFO:__main__:
【train】epoch:0/100 loss:0.6603 acc:0.6155
INFO:__main__:
【val】epoch:0/100 loss:0.7659 acc:0.5031
INFO:__main__:
【Val】:  SENS: 0.9520  SPEC: 0.2154  PPV: 0.4375  NPV: 0.8750
INFO:__main__:验证的best_acc:0.5031
INFO:__main__:----------------------------------------------------------------------------------------------------
INFO:__main__:
【train】epoch:1/100 loss:0.5920 acc:0.6885
INFO:__main__:
【val】epoch:1/100 loss:0.6261 acc:0.6609
INFO:__main__:
【Val】:  SENS: 0.8760  SPEC: 0.5231  PPV: 0.5407  NPV: 0.8681
INFO:__main__:验证的best_acc:0.6609
INFO:__main__:----------------------------------------------------------------------------------------------------
INFO:__main__:
【train】epoch:2/100 loss:0.5670 acc:0.6993
INFO:__main__:
【val】epoch:2/100 loss:0.5252 acc:0.7359
INFO:__main__:
【Val】:  SENS: 0.4560  SPEC: 0.9154  PPV: 0.7755  NPV: 0.7241
INFO:__main__:验证的best_acc:0.7359
INFO:__main__:----------------------------------------------------------------------------------------------------
INFO:__main__:
【train】epoch:3/100 loss:0.5241 acc:0.7389
INFO:__main__:
【val】epoch:3/100 loss:0.4373 acc:0.7844
INFO:__main__:
【Val】:  SENS: 0.8040  SPEC: 0.7718  PPV: 0.6931  NPV: 0.8600
INFO:__main__:验证的best_acc:0.7844
INFO:__main__:----------------------------------------------------------------------------------------------------
INFO:__main__:
【train】epoch:4/100 loss:0.4944 acc:0.7587
INFO:__main__:
【val】epoch:4/100 loss:0.4766 acc:0.7531
INFO:__main__:
【Val】:  SENS: 0.4400  SPEC: 0.9538  PPV: 0.8594  NPV: 0.7266
INFO:__main__:验证的best_acc:0.7844
INFO:__main__:----------------------------------------------------------------------------------------------------
INFO:__main__:
【train】epoch:5/100 loss:0.4592 acc:0.7801
INFO:__main__:
【val】epoch:5/100 loss:0.4515 acc:0.8000
INFO:__main__:
【Val】:  SENS: 0.6160  SPEC: 0.9179  PPV: 0.8280  NPV: 0.7885
INFO:__main__:验证的best_acc:0.8000
INFO:__main__:----------------------------------------------------------------------------------------------------
INFO:__main__:
【train】epoch:6/100 loss:0.4272 acc:0.8003
INFO:__main__:
【val】epoch:6/100 loss:0.3493 acc:0.8391
INFO:__main__:
【Val】:  SENS: 0.8040  SPEC: 0.8615  PPV: 0.7882  NPV: 0.8727
INFO:__main__:验证的best_acc:0.8391
INFO:__main__:----------------------------------------------------------------------------------------------------
INFO:__main__:
【train】epoch:7/100 loss:0.3926 acc:0.8253
INFO:__main__:
【val】epoch:7/100 loss:0.5456 acc:0.7703
INFO:__main__:
【Val】:  SENS: 0.4600  SPEC: 0.9692  PPV: 0.9055  NPV: 0.7368
INFO:__main__:验证的best_acc:0.8391
INFO:__main__:----------------------------------------------------------------------------------------------------
INFO:__main__:
【train】epoch:8/100 loss:0.3889 acc:0.8309
INFO:__main__:
【val】epoch:8/100 loss:0.4816 acc:0.7656
INFO:__main__:
【Val】:  SENS: 0.9120  SPEC: 0.6718  PPV: 0.6404  NPV: 0.9225
INFO:__main__:验证的best_acc:0.8391
INFO:__main__:----------------------------------------------------------------------------------------------------
INFO:__main__:
【train】epoch:9/100 loss:0.3625 acc:0.8385
INFO:__main__:
【val】epoch:9/100 loss:0.3750 acc:0.8250
INFO:__main__:
【Val】:  SENS: 0.8960  SPEC: 0.7795  PPV: 0.7226  NPV: 0.9212
INFO:__main__:验证的best_acc:0.8391
INFO:__main__:----------------------------------------------------------------------------------------------------
INFO:__main__:
【train】epoch:10/100 loss:0.3422 acc:0.8519
INFO:__main__:
【val】epoch:10/100 loss:0.3190 acc:0.8656
INFO:__main__:
【Val】:  SENS: 0.7440  SPEC: 0.9436  PPV: 0.8942  NPV: 0.8519
INFO:__main__:验证的best_acc:0.8656
INFO:__main__:----------------------------------------------------------------------------------------------------
INFO:__main__:
【train】epoch:11/100 loss:0.3342 acc:0.8529
INFO:__main__:
【val】epoch:11/100 loss:0.3360 acc:0.8578
INFO:__main__:
【Val】:  SENS: 0.9080  SPEC: 0.8256  PPV: 0.7695  NPV: 0.9333
INFO:__main__:验证的best_acc:0.8656
INFO:__main__:----------------------------------------------------------------------------------------------------
INFO:__main__:
【train】epoch:12/100 loss:0.3236 acc:0.8626
INFO:__main__:
【val】epoch:12/100 loss:0.3422 acc:0.8469
INFO:__main__:
【Val】:  SENS: 0.7520  SPEC: 0.9077  PPV: 0.8393  NPV: 0.8510
INFO:__main__:验证的best_acc:0.8656
INFO:__main__:----------------------------------------------------------------------------------------------------
INFO:__main__:
【train】epoch:13/100 loss:0.3127 acc:0.8721
INFO:__main__:
【val】epoch:13/100 loss:1.0000 acc:0.6641
INFO:__main__:
【Val】:  SENS: 0.1400  SPEC: 1.0000  PPV: 1.0000  NPV: 0.6446
INFO:__main__:验证的best_acc:0.8656
INFO:__main__:----------------------------------------------------------------------------------------------------
INFO:__main__:
【train】epoch:14/100 loss:0.3114 acc:0.8700
INFO:__main__:
【val】epoch:14/100 loss:0.2979 acc:0.8656
INFO:__main__:
【Val】:  SENS: 0.7600  SPEC: 0.9333  PPV: 0.8796  NPV: 0.8585
INFO:__main__:验证的best_acc:0.8656
INFO:__main__:----------------------------------------------------------------------------------------------------
INFO:__main__:
【train】epoch:15/100 loss:0.3050 acc:0.8709
INFO:__main__:
【val】epoch:15/100 loss:0.2750 acc:0.8875
INFO:__main__:
【Val】:  SENS: 0.8360  SPEC: 0.9205  PPV: 0.8708  NPV: 0.8975
INFO:__main__:验证的best_acc:0.8875
INFO:__main__:----------------------------------------------------------------------------------------------------
INFO:__main__:
【train】epoch:16/100 loss:0.3045 acc:0.8711
INFO:__main__:
【val】epoch:16/100 loss:0.3049 acc:0.8781
INFO:__main__:
【Val】:  SENS: 0.9000  SPEC: 0.8641  PPV: 0.8094  NPV: 0.9309
INFO:__main__:验证的best_acc:0.8875
INFO:__main__:----------------------------------------------------------------------------------------------------
INFO:__main__:
【train】epoch:17/100 loss:0.2949 acc:0.8762
INFO:__main__:
【val】epoch:17/100 loss:0.3740 acc:0.8516
INFO:__main__:
【Val】:  SENS: 0.6760  SPEC: 0.9641  PPV: 0.9235  NPV: 0.8228
INFO:__main__:验证的best_acc:0.8875
INFO:__main__:----------------------------------------------------------------------------------------------------
INFO:__main__:
【train】epoch:18/100 loss:0.2848 acc:0.8793
INFO:__main__:
【val】epoch:18/100 loss:0.4289 acc:0.8297
INFO:__main__:
【Val】:  SENS: 0.6240  SPEC: 0.9615  PPV: 0.9123  NPV: 0.7996
INFO:__main__:验证的best_acc:0.8875
INFO:__main__:----------------------------------------------------------------------------------------------------
INFO:__main__:
【train】epoch:19/100 loss:0.2737 acc:0.8865
INFO:__main__:
【val】epoch:19/100 loss:0.2900 acc:0.8766
INFO:__main__:
【Val】:  SENS: 0.7760  SPEC: 0.9410  PPV: 0.8940  NPV: 0.8676
INFO:__main__:验证的best_acc:0.8875
INFO:__main__:----------------------------------------------------------------------------------------------------
INFO:__main__:
【train】epoch:20/100 loss:0.2639 acc:0.8884
INFO:__main__:
【val】epoch:20/100 loss:0.2800 acc:0.8875
INFO:__main__:
【Val】:  SENS: 0.8480  SPEC: 0.9128  PPV: 0.8618  NPV: 0.9036
INFO:__main__:验证的best_acc:0.8875
INFO:__main__:----------------------------------------------------------------------------------------------------
INFO:__main__:
【train】epoch:21/100 loss:0.2592 acc:0.8896
INFO:__main__:
【val】epoch:21/100 loss:0.3595 acc:0.8750
INFO:__main__:
【Val】:  SENS: 0.7200  SPEC: 0.9744  PPV: 0.9474  NPV: 0.8444
INFO:__main__:验证的best_acc:0.8875
INFO:__main__:----------------------------------------------------------------------------------------------------
INFO:__main__:
【train】epoch:22/100 loss:0.2654 acc:0.8866
INFO:__main__:
【val】epoch:22/100 loss:0.3291 acc:0.8625
INFO:__main__:
【Val】:  SENS: 0.9200  SPEC: 0.8256  PPV: 0.7718  NPV: 0.9415
INFO:__main__:验证的best_acc:0.8875
INFO:__main__:----------------------------------------------------------------------------------------------------
INFO:__main__:
【train】epoch:23/100 loss:0.2558 acc:0.8936
INFO:__main__:
【val】epoch:23/100 loss:0.2735 acc:0.8922
INFO:__main__:
【Val】:  SENS: 0.8800  SPEC: 0.9000  PPV: 0.8494  NPV: 0.9213
INFO:__main__:验证的best_acc:0.8922
INFO:__main__:----------------------------------------------------------------------------------------------------
INFO:__main__:
【train】epoch:24/100 loss:0.2491 acc:0.8958
INFO:__main__:
【val】epoch:24/100 loss:0.3547 acc:0.8781
INFO:__main__:
【Val】:  SENS: 0.7560  SPEC: 0.9564  PPV: 0.9175  NPV: 0.8594
INFO:__main__:验证的best_acc:0.8922
INFO:__main__:----------------------------------------------------------------------------------------------------
INFO:__main__:
【train】epoch:25/100 loss:0.2496 acc:0.8958
INFO:__main__:
【val】epoch:25/100 loss:0.2888 acc:0.8828
INFO:__main__:
【Val】:  SENS: 0.8920  SPEC: 0.8769  PPV: 0.8229  NPV: 0.9268
INFO:__main__:验证的best_acc:0.8922
INFO:__main__:----------------------------------------------------------------------------------------------------
INFO:__main__:
【train】epoch:26/100 loss:0.2391 acc:0.8998
INFO:__main__:
【val】epoch:26/100 loss:0.2897 acc:0.8813
INFO:__main__:
【Val】:  SENS: 0.7720  SPEC: 0.9513  PPV: 0.9104  NPV: 0.8668
INFO:__main__:验证的best_acc:0.8922
INFO:__main__:----------------------------------------------------------------------------------------------------
INFO:__main__:
【train】epoch:27/100 loss:0.2451 acc:0.8960
INFO:__main__:
【val】epoch:27/100 loss:0.2962 acc:0.8938
INFO:__main__:
【Val】:  SENS: 0.8120  SPEC: 0.9462  PPV: 0.9062  NPV: 0.8870
INFO:__main__:验证的best_acc:0.8938
INFO:__main__:----------------------------------------------------------------------------------------------------
INFO:__main__:
【train】epoch:28/100 loss:0.2379 acc:0.8987
INFO:__main__:
【val】epoch:28/100 loss:0.2882 acc:0.8813
INFO:__main__:
【Val】:  SENS: 0.7920  SPEC: 0.9385  PPV: 0.8919  NPV: 0.8756
INFO:__main__:验证的best_acc:0.8938
INFO:__main__:----------------------------------------------------------------------------------------------------
INFO:__main__:
【train】epoch:29/100 loss:0.2185 acc:0.9062
INFO:__main__:
【val】epoch:29/100 loss:0.2880 acc:0.9016
INFO:__main__:
【Val】:  SENS: 0.8080  SPEC: 0.9615  PPV: 0.9309  NPV: 0.8865
INFO:__main__:验证的best_acc:0.9016
INFO:__main__:----------------------------------------------------------------------------------------------------
INFO:__main__:
【train】epoch:30/100 loss:0.2248 acc:0.9055
INFO:__main__:
【val】epoch:30/100 loss:0.3046 acc:0.8875
INFO:__main__:
【Val】:  SENS: 0.8400  SPEC: 0.9179  PPV: 0.8678  NPV: 0.8995
INFO:__main__:验证的best_acc:0.9016
INFO:__main__:----------------------------------------------------------------------------------------------------
INFO:__main__:
【train】epoch:31/100 loss:0.2139 acc:0.9148
INFO:__main__:
【val】epoch:31/100 loss:0.4125 acc:0.8562
INFO:__main__:
【Val】:  SENS: 0.6680  SPEC: 0.9769  PPV: 0.9489  NPV: 0.8211
INFO:__main__:验证的best_acc:0.9016
INFO:__main__:----------------------------------------------------------------------------------------------------
INFO:__main__:
【train】epoch:32/100 loss:0.2043 acc:0.9158
INFO:__main__:
【val】epoch:32/100 loss:0.2846 acc:0.8875
INFO:__main__:
【Val】:  SENS: 0.8040  SPEC: 0.9410  PPV: 0.8973  NPV: 0.8822
INFO:__main__:验证的best_acc:0.9016
INFO:__main__:----------------------------------------------------------------------------------------------------
INFO:__main__:
【train】epoch:33/100 loss:0.2094 acc:0.9152
INFO:__main__:
【val】epoch:33/100 loss:0.2628 acc:0.8984
INFO:__main__:
【Val】:  SENS: 0.8400  SPEC: 0.9359  PPV: 0.8936  NPV: 0.9012
INFO:__main__:验证的best_acc:0.9016
INFO:__main__:----------------------------------------------------------------------------------------------------
INFO:__main__:
【train】epoch:34/100 loss:0.2061 acc:0.9160
INFO:__main__:
【val】epoch:34/100 loss:0.2876 acc:0.9000
INFO:__main__:
【Val】:  SENS: 0.8800  SPEC: 0.9128  PPV: 0.8661  NPV: 0.9223
INFO:__main__:验证的best_acc:0.9016
INFO:__main__:----------------------------------------------------------------------------------------------------
INFO:__main__:
【train】epoch:35/100 loss:0.2095 acc:0.9142
INFO:__main__:
【val】epoch:35/100 loss:0.3074 acc:0.8734
INFO:__main__:
【Val】:  SENS: 0.8960  SPEC: 0.8590  PPV: 0.8029  NPV: 0.9280
INFO:__main__:验证的best_acc:0.9016
INFO:__main__:----------------------------------------------------------------------------------------------------
INFO:__main__:
【train】epoch:36/100 loss:0.1995 acc:0.9187
INFO:__main__:
【val】epoch:36/100 loss:0.3197 acc:0.8875
INFO:__main__:
【Val】:  SENS: 0.8480  SPEC: 0.9128  PPV: 0.8618  NPV: 0.9036
INFO:__main__:验证的best_acc:0.9016
INFO:__main__:----------------------------------------------------------------------------------------------------
INFO:__main__:
【train】epoch:37/100 loss:0.2024 acc:0.9158
INFO:__main__:
【val】epoch:37/100 loss:0.4560 acc:0.8469
INFO:__main__:
【Val】:  SENS: 0.6360  SPEC: 0.9821  PPV: 0.9578  NPV: 0.8080
INFO:__main__:验证的best_acc:0.9016
INFO:__main__:----------------------------------------------------------------------------------------------------
INFO:__main__:
【train】epoch:38/100 loss:0.1992 acc:0.9175
INFO:__main__:
【val】epoch:38/100 loss:0.3280 acc:0.8906
INFO:__main__:
【Val】:  SENS: 0.8000  SPEC: 0.9487  PPV: 0.9091  NPV: 0.8810
INFO:__main__:验证的best_acc:0.9016
INFO:__main__:----------------------------------------------------------------------------------------------------
INFO:__main__:
【train】epoch:39/100 loss:0.1886 acc:0.9255
INFO:__main__:
【val】epoch:39/100 loss:0.2661 acc:0.8922
INFO:__main__:
【Val】:  SENS: 0.8160  SPEC: 0.9410  PPV: 0.8987  NPV: 0.8886
INFO:__main__:验证的best_acc:0.9016
INFO:__main__:----------------------------------------------------------------------------------------------------
INFO:__main__:
【train】epoch:40/100 loss:0.1790 acc:0.9274
INFO:__main__:
【val】epoch:40/100 loss:0.2704 acc:0.8875
INFO:__main__:
【Val】:  SENS: 0.8280  SPEC: 0.9256  PPV: 0.8771  NPV: 0.8936
INFO:__main__:验证的best_acc:0.9016
INFO:__main__:----------------------------------------------------------------------------------------------------
INFO:__main__:
【train】epoch:41/100 loss:0.1719 acc:0.9323
INFO:__main__:
【val】epoch:41/100 loss:0.3088 acc:0.8969
INFO:__main__:
【Val】:  SENS: 0.8120  SPEC: 0.9513  PPV: 0.9144  NPV: 0.8876
INFO:__main__:验证的best_acc:0.9016
INFO:__main__:----------------------------------------------------------------------------------------------------
INFO:__main__:
【train】epoch:42/100 loss:0.1693 acc:0.9305
INFO:__main__:
【val】epoch:42/100 loss:0.2603 acc:0.9156
INFO:__main__:
【Val】:  SENS: 0.8560  SPEC: 0.9538  PPV: 0.9224  NPV: 0.9118
INFO:__main__:验证的best_acc:0.9156
INFO:__main__:----------------------------------------------------------------------------------------------------
INFO:__main__:
【train】epoch:43/100 loss:0.1761 acc:0.9288
INFO:__main__:
【val】epoch:43/100 loss:0.3752 acc:0.8859
INFO:__main__:
【Val】:  SENS: 0.7400  SPEC: 0.9795  PPV: 0.9585  NPV: 0.8546
INFO:__main__:验证的best_acc:0.9156
INFO:__main__:----------------------------------------------------------------------------------------------------
INFO:__main__:
【train】epoch:44/100 loss:0.1731 acc:0.9325
INFO:__main__:
【val】epoch:44/100 loss:0.2856 acc:0.9000
INFO:__main__:
【Val】:  SENS: 0.8440  SPEC: 0.9359  PPV: 0.8941  NPV: 0.9035
INFO:__main__:验证的best_acc:0.9156
INFO:__main__:----------------------------------------------------------------------------------------------------
INFO:__main__:
【train】epoch:45/100 loss:0.1679 acc:0.9323
INFO:__main__:
【val】epoch:45/100 loss:0.2883 acc:0.9062
INFO:__main__:
【Val】:  SENS: 0.8520  SPEC: 0.9410  PPV: 0.9025  NPV: 0.9084
INFO:__main__:验证的best_acc:0.9156
INFO:__main__:----------------------------------------------------------------------------------------------------
INFO:__main__:
【train】epoch:46/100 loss:0.1694 acc:0.9352
INFO:__main__:
【val】epoch:46/100 loss:0.2817 acc:0.8938
INFO:__main__:
【Val】:  SENS: 0.8560  SPEC: 0.9179  PPV: 0.8699  NPV: 0.9086
INFO:__main__:验证的best_acc:0.9156
INFO:__main__:----------------------------------------------------------------------------------------------------
INFO:__main__:
【train】epoch:47/100 loss:0.1688 acc:0.9375
INFO:__main__:
【val】epoch:47/100 loss:0.2821 acc:0.9062
INFO:__main__:
【Val】:  SENS: 0.8440  SPEC: 0.9462  PPV: 0.9095  NPV: 0.9044
INFO:__main__:验证的best_acc:0.9156
INFO:__main__:----------------------------------------------------------------------------------------------------
INFO:__main__:
【train】epoch:48/100 loss:0.1528 acc:0.9392
INFO:__main__:
【val】epoch:48/100 loss:0.3186 acc:0.8844
INFO:__main__:
【Val】:  SENS: 0.8240  SPEC: 0.9231  PPV: 0.8729  NPV: 0.8911
INFO:__main__:验证的best_acc:0.9156
INFO:__main__:----------------------------------------------------------------------------------------------------
INFO:__main__:
【train】epoch:49/100 loss:0.1586 acc:0.9402
INFO:__main__:
【val】epoch:49/100 loss:0.3179 acc:0.8922
INFO:__main__:
【Val】:  SENS: 0.8120  SPEC: 0.9436  PPV: 0.9022  NPV: 0.8867
INFO:__main__:验证的best_acc:0.9156
INFO:__main__:----------------------------------------------------------------------------------------------------
INFO:__main__:
【train】epoch:50/100 loss:0.1583 acc:0.9383
INFO:__main__:
【val】epoch:50/100 loss:0.2869 acc:0.9000
INFO:__main__:
【Val】:  SENS: 0.9000  SPEC: 0.9000  PPV: 0.8523  NPV: 0.9335
INFO:__main__:验证的best_acc:0.9156
INFO:__main__:----------------------------------------------------------------------------------------------------
INFO:__main__:
【train】epoch:51/100 loss:0.1452 acc:0.9427
INFO:__main__:
【val】epoch:51/100 loss:0.2663 acc:0.9031
INFO:__main__:
【Val】:  SENS: 0.8640  SPEC: 0.9282  PPV: 0.8852  NPV: 0.9141
INFO:__main__:验证的best_acc:0.9156
INFO:__main__:----------------------------------------------------------------------------------------------------
INFO:__main__:
【train】epoch:52/100 loss:0.1436 acc:0.9470
INFO:__main__:
【val】epoch:52/100 loss:0.3744 acc:0.8813
INFO:__main__:
【Val】:  SENS: 0.7520  SPEC: 0.9641  PPV: 0.9307  NPV: 0.8584
INFO:__main__:验证的best_acc:0.9156
INFO:__main__:----------------------------------------------------------------------------------------------------
INFO:__main__:
【train】epoch:53/100 loss:0.1446 acc:0.9470
INFO:__main__:
【val】epoch:53/100 loss:0.3185 acc:0.8922
INFO:__main__:
【Val】:  SENS: 0.7840  SPEC: 0.9615  PPV: 0.9289  NPV: 0.8741
INFO:__main__:验证的best_acc:0.9156
INFO:__main__:----------------------------------------------------------------------------------------------------
INFO:__main__:
【train】epoch:54/100 loss:0.1449 acc:0.9451
INFO:__main__:
【val】epoch:54/100 loss:0.2877 acc:0.8938
INFO:__main__:
【Val】:  SENS: 0.8120  SPEC: 0.9462  PPV: 0.9062  NPV: 0.8870
INFO:__main__:验证的best_acc:0.9156
INFO:__main__:----------------------------------------------------------------------------------------------------
INFO:__main__:
【train】epoch:55/100 loss:0.1402 acc:0.9482
INFO:__main__:
【val】epoch:55/100 loss:0.3195 acc:0.8953
INFO:__main__:
【Val】:  SENS: 0.8080  SPEC: 0.9513  PPV: 0.9140  NPV: 0.8854
INFO:__main__:验证的best_acc:0.9156
INFO:__main__:----------------------------------------------------------------------------------------------------
INFO:__main__:
【train】epoch:56/100 loss:0.1259 acc:0.9515
INFO:__main__:
【val】epoch:56/100 loss:0.3744 acc:0.8781
INFO:__main__:
【Val】:  SENS: 0.7520  SPEC: 0.9590  PPV: 0.9216  NPV: 0.8578
INFO:__main__:验证的best_acc:0.9156
INFO:__main__:----------------------------------------------------------------------------------------------------
INFO:__main__:
【train】epoch:57/100 loss:0.1412 acc:0.9466
INFO:__main__:
【val】epoch:57/100 loss:0.2913 acc:0.8953
INFO:__main__:
【Val】:  SENS: 0.8000  SPEC: 0.9564  PPV: 0.9217  NPV: 0.8818
INFO:__main__:验证的best_acc:0.9156
INFO:__main__:----------------------------------------------------------------------------------------------------
INFO:__main__:
【train】epoch:58/100 loss:0.1257 acc:0.9509
INFO:__main__:
【val】epoch:58/100 loss:0.3933 acc:0.8672
INFO:__main__:
【Val】:  SENS: 0.7120  SPEC: 0.9667  PPV: 0.9319  NPV: 0.8396
INFO:__main__:验证的best_acc:0.9156
INFO:__main__:----------------------------------------------------------------------------------------------------
INFO:__main__:
【train】epoch:59/100 loss:0.1360 acc:0.9476
INFO:__main__:
【val】epoch:59/100 loss:0.2783 acc:0.8969
INFO:__main__:
【Val】:  SENS: 0.8320  SPEC: 0.9385  PPV: 0.8966  NPV: 0.8971
INFO:__main__:验证的best_acc:0.9156
INFO:__main__:----------------------------------------------------------------------------------------------------
INFO:__main__:
【train】epoch:60/100 loss:0.1332 acc:0.9468
INFO:__main__:
【val】epoch:60/100 loss:0.2953 acc:0.9109
INFO:__main__:
【Val】:  SENS: 0.8640  SPEC: 0.9410  PPV: 0.9038  NPV: 0.9152
INFO:__main__:验证的best_acc:0.9156
INFO:__main__:----------------------------------------------------------------------------------------------------
INFO:__main__:
【train】epoch:61/100 loss:0.1266 acc:0.9511
INFO:__main__:
【val】epoch:61/100 loss:0.4268 acc:0.8734
INFO:__main__:
【Val】:  SENS: 0.7280  SPEC: 0.9667  PPV: 0.9333  NPV: 0.8472
INFO:__main__:验证的best_acc:0.9156
INFO:__main__:----------------------------------------------------------------------------------------------------
INFO:__main__:
【train】epoch:62/100 loss:0.1242 acc:0.9532
INFO:__main__:
【val】epoch:62/100 loss:0.2716 acc:0.9109
INFO:__main__:
【Val】:  SENS: 0.8480  SPEC: 0.9513  PPV: 0.9177  NPV: 0.9071
INFO:__main__:验证的best_acc:0.9156
INFO:__main__:----------------------------------------------------------------------------------------------------
INFO:__main__:
【train】epoch:63/100 loss:0.1272 acc:0.9493
INFO:__main__:
【val】epoch:63/100 loss:0.2827 acc:0.9094
INFO:__main__:
【Val】:  SENS: 0.8720  SPEC: 0.9333  PPV: 0.8934  NPV: 0.9192
INFO:__main__:验证的best_acc:0.9156
INFO:__main__:----------------------------------------------------------------------------------------------------
INFO:__main__:
【train】epoch:64/100 loss:0.1269 acc:0.9515
INFO:__main__:
【val】epoch:64/100 loss:0.3192 acc:0.8781
INFO:__main__:
【Val】:  SENS: 0.8040  SPEC: 0.9256  PPV: 0.8739  NPV: 0.8805
INFO:__main__:验证的best_acc:0.9156
INFO:__main__:----------------------------------------------------------------------------------------------------
INFO:__main__:
【train】epoch:65/100 loss:0.1210 acc:0.9532
INFO:__main__:
【val】epoch:65/100 loss:0.2890 acc:0.9031
INFO:__main__:
【Val】:  SENS: 0.8600  SPEC: 0.9308  PPV: 0.8884  NPV: 0.9121
INFO:__main__:验证的best_acc:0.9156
INFO:__main__:----------------------------------------------------------------------------------------------------
INFO:__main__:
【train】epoch:66/100 loss:0.1190 acc:0.9538
INFO:__main__:
【val】epoch:66/100 loss:0.3050 acc:0.9016
INFO:__main__:
【Val】:  SENS: 0.8080  SPEC: 0.9615  PPV: 0.9309  NPV: 0.8865
INFO:__main__:验证的best_acc:0.9156
INFO:__main__:----------------------------------------------------------------------------------------------------
INFO:__main__:
【train】epoch:67/100 loss:0.1229 acc:0.9536
INFO:__main__:
【val】epoch:67/100 loss:0.3193 acc:0.9031
INFO:__main__:
【Val】:  SENS: 0.7960  SPEC: 0.9718  PPV: 0.9476  NPV: 0.8814
INFO:__main__:验证的best_acc:0.9156
INFO:__main__:----------------------------------------------------------------------------------------------------
INFO:__main__:
【train】epoch:68/100 loss:0.1195 acc:0.9532
INFO:__main__:
【val】epoch:68/100 loss:0.3201 acc:0.9031
INFO:__main__:
【Val】:  SENS: 0.8280  SPEC: 0.9513  PPV: 0.9159  NPV: 0.8961
INFO:__main__:验证的best_acc:0.9156
INFO:__main__:----------------------------------------------------------------------------------------------------
INFO:__main__:
【train】epoch:69/100 loss:0.1071 acc:0.9620
INFO:__main__:
【val】epoch:69/100 loss:0.2920 acc:0.9094
INFO:__main__:
【Val】:  SENS: 0.8400  SPEC: 0.9538  PPV: 0.9211  NPV: 0.9029
INFO:__main__:验证的best_acc:0.9156
INFO:__main__:----------------------------------------------------------------------------------------------------
INFO:__main__:
【train】epoch:70/100 loss:0.1001 acc:0.9600
INFO:__main__:
【val】epoch:70/100 loss:0.3214 acc:0.9047
INFO:__main__:
【Val】:  SENS: 0.8600  SPEC: 0.9333  PPV: 0.8921  NPV: 0.9123
INFO:__main__:验证的best_acc:0.9156
INFO:__main__:----------------------------------------------------------------------------------------------------
INFO:__main__:
【train】epoch:71/100 loss:0.0989 acc:0.9604
INFO:__main__:
【val】epoch:71/100 loss:0.2967 acc:0.9172
INFO:__main__:
【Val】:  SENS: 0.8840  SPEC: 0.9385  PPV: 0.9020  NPV: 0.9266
INFO:__main__:验证的best_acc:0.9172
INFO:__main__:----------------------------------------------------------------------------------------------------
INFO:__main__:
【train】epoch:72/100 loss:0.1092 acc:0.9612
INFO:__main__:
【val】epoch:72/100 loss:0.3213 acc:0.8969
INFO:__main__:
【Val】:  SENS: 0.8160  SPEC: 0.9487  PPV: 0.9107  NPV: 0.8894
INFO:__main__:验证的best_acc:0.9172
INFO:__main__:----------------------------------------------------------------------------------------------------
INFO:__main__:
【train】epoch:73/100 loss:0.1037 acc:0.9604
INFO:__main__:
【val】epoch:73/100 loss:0.3574 acc:0.8938
INFO:__main__:
【Val】:  SENS: 0.8120  SPEC: 0.9462  PPV: 0.9062  NPV: 0.8870
INFO:__main__:验证的best_acc:0.9172
INFO:__main__:----------------------------------------------------------------------------------------------------
INFO:__main__:
【train】epoch:0/100 loss:0.6603 acc:0.6155
INFO:__main__:
【val】epoch:0/100 loss:0.7659 acc:0.5031
INFO:__main__:
【Val】:  SENS: 0.9520  SPEC: 0.2154  PPV: 0.4375  NPV: 0.8750
INFO:__main__:验证的best_acc:0.5031
INFO:__main__:----------------------------------------------------------------------------------------------------
INFO:__main__:
【train】epoch:1/100 loss:0.5920 acc:0.6885
INFO:__main__:
【val】epoch:1/100 loss:0.6261 acc:0.6609
INFO:__main__:
【Val】:  SENS: 0.8760  SPEC: 0.5231  PPV: 0.5407  NPV: 0.8681
INFO:__main__:验证的best_acc:0.6609
INFO:__main__:----------------------------------------------------------------------------------------------------
INFO:__main__:
【train】epoch:2/100 loss:0.5670 acc:0.6993
INFO:__main__:
【val】epoch:2/100 loss:0.5252 acc:0.7359
INFO:__main__:
【Val】:  SENS: 0.4560  SPEC: 0.9154  PPV: 0.7755  NPV: 0.7241
INFO:__main__:验证的best_acc:0.7359
INFO:__main__:----------------------------------------------------------------------------------------------------
INFO:__main__:
【train】epoch:3/100 loss:0.5241 acc:0.7389
INFO:__main__:
【val】epoch:3/100 loss:0.4373 acc:0.7844
INFO:__main__:
【Val】:  SENS: 0.8040  SPEC: 0.7718  PPV: 0.6931  NPV: 0.8600
INFO:__main__:验证的best_acc:0.7844
INFO:__main__:----------------------------------------------------------------------------------------------------
INFO:__main__:
【train】epoch:4/100 loss:0.4944 acc:0.7587
INFO:__main__:
【val】epoch:4/100 loss:0.4766 acc:0.7531
INFO:__main__:
【Val】:  SENS: 0.4400  SPEC: 0.9538  PPV: 0.8594  NPV: 0.7266
INFO:__main__:验证的best_acc:0.7844
INFO:__main__:----------------------------------------------------------------------------------------------------
INFO:__main__:
【train】epoch:5/100 loss:0.4592 acc:0.7801
INFO:__main__:
【val】epoch:5/100 loss:0.4515 acc:0.8000
INFO:__main__:
【Val】:  SENS: 0.6160  SPEC: 0.9179  PPV: 0.8280  NPV: 0.7885
INFO:__main__:验证的best_acc:0.8000
INFO:__main__:----------------------------------------------------------------------------------------------------
INFO:__main__:
【train】epoch:6/100 loss:0.4272 acc:0.8003
INFO:__main__:
【val】epoch:6/100 loss:0.3493 acc:0.8391
INFO:__main__:
【Val】:  SENS: 0.8040  SPEC: 0.8615  PPV: 0.7882  NPV: 0.8727
INFO:__main__:验证的best_acc:0.8391
INFO:__main__:----------------------------------------------------------------------------------------------------
INFO:__main__:
【train】epoch:7/100 loss:0.3926 acc:0.8253
INFO:__main__:
【val】epoch:7/100 loss:0.5456 acc:0.7703
INFO:__main__:
【Val】:  SENS: 0.4600  SPEC: 0.9692  PPV: 0.9055  NPV: 0.7368
INFO:__main__:验证的best_acc:0.8391
INFO:__main__:----------------------------------------------------------------------------------------------------
INFO:__main__:
【train】epoch:8/100 loss:0.3889 acc:0.8309
INFO:__main__:
【val】epoch:8/100 loss:0.4816 acc:0.7656
INFO:__main__:
【Val】:  SENS: 0.9120  SPEC: 0.6718  PPV: 0.6404  NPV: 0.9225
INFO:__main__:验证的best_acc:0.8391
INFO:__main__:----------------------------------------------------------------------------------------------------
INFO:__main__:
【train】epoch:9/100 loss:0.3625 acc:0.8385
INFO:__main__:
【val】epoch:9/100 loss:0.3750 acc:0.8250
INFO:__main__:
【Val】:  SENS: 0.8960  SPEC: 0.7795  PPV: 0.7226  NPV: 0.9212
INFO:__main__:验证的best_acc:0.8391
INFO:__main__:----------------------------------------------------------------------------------------------------
INFO:__main__:
【train】epoch:10/100 loss:0.3422 acc:0.8519
INFO:__main__:
【val】epoch:10/100 loss:0.3190 acc:0.8656
INFO:__main__:
【Val】:  SENS: 0.7440  SPEC: 0.9436  PPV: 0.8942  NPV: 0.8519
INFO:__main__:验证的best_acc:0.8656
INFO:__main__:----------------------------------------------------------------------------------------------------
INFO:__main__:
【train】epoch:11/100 loss:0.3342 acc:0.8529
INFO:__main__:
【val】epoch:11/100 loss:0.3360 acc:0.8578
INFO:__main__:
【Val】:  SENS: 0.9080  SPEC: 0.8256  PPV: 0.7695  NPV: 0.9333
INFO:__main__:验证的best_acc:0.8656
INFO:__main__:----------------------------------------------------------------------------------------------------
INFO:__main__:
【train】epoch:12/100 loss:0.3236 acc:0.8626
INFO:__main__:
【val】epoch:12/100 loss:0.3422 acc:0.8469
INFO:__main__:
【Val】:  SENS: 0.7520  SPEC: 0.9077  PPV: 0.8393  NPV: 0.8510
INFO:__main__:验证的best_acc:0.8656
INFO:__main__:----------------------------------------------------------------------------------------------------
INFO:__main__:
【train】epoch:13/100 loss:0.3127 acc:0.8721
INFO:__main__:
【val】epoch:13/100 loss:1.0000 acc:0.6641
INFO:__main__:
【Val】:  SENS: 0.1400  SPEC: 1.0000  PPV: 1.0000  NPV: 0.6446
INFO:__main__:验证的best_acc:0.8656
INFO:__main__:----------------------------------------------------------------------------------------------------
INFO:__main__:
【train】epoch:14/100 loss:0.3114 acc:0.8700
INFO:__main__:
【val】epoch:14/100 loss:0.2979 acc:0.8656
INFO:__main__:
【Val】:  SENS: 0.7600  SPEC: 0.9333  PPV: 0.8796  NPV: 0.8585
INFO:__main__:验证的best_acc:0.8656
INFO:__main__:----------------------------------------------------------------------------------------------------
INFO:__main__:
【train】epoch:15/100 loss:0.3050 acc:0.8709
INFO:__main__:
【val】epoch:15/100 loss:0.2750 acc:0.8875
INFO:__main__:
【Val】:  SENS: 0.8360  SPEC: 0.9205  PPV: 0.8708  NPV: 0.8975
INFO:__main__:验证的best_acc:0.8875
INFO:__main__:----------------------------------------------------------------------------------------------------
INFO:__main__:
【train】epoch:16/100 loss:0.3045 acc:0.8711
INFO:__main__:
【val】epoch:16/100 loss:0.3049 acc:0.8781
INFO:__main__:
【Val】:  SENS: 0.9000  SPEC: 0.8641  PPV: 0.8094  NPV: 0.9309
INFO:__main__:验证的best_acc:0.8875
INFO:__main__:----------------------------------------------------------------------------------------------------
INFO:__main__:
【train】epoch:17/100 loss:0.2949 acc:0.8762
INFO:__main__:
【val】epoch:17/100 loss:0.3740 acc:0.8516
INFO:__main__:
【Val】:  SENS: 0.6760  SPEC: 0.9641  PPV: 0.9235  NPV: 0.8228
INFO:__main__:验证的best_acc:0.8875
INFO:__main__:----------------------------------------------------------------------------------------------------
INFO:__main__:
【train】epoch:18/100 loss:0.2848 acc:0.8793
INFO:__main__:
【val】epoch:18/100 loss:0.4289 acc:0.8297
INFO:__main__:
【Val】:  SENS: 0.6240  SPEC: 0.9615  PPV: 0.9123  NPV: 0.7996
INFO:__main__:验证的best_acc:0.8875
INFO:__main__:----------------------------------------------------------------------------------------------------
INFO:__main__:
【train】epoch:19/100 loss:0.2737 acc:0.8865
INFO:__main__:
【val】epoch:19/100 loss:0.2900 acc:0.8766
INFO:__main__:
【Val】:  SENS: 0.7760  SPEC: 0.9410  PPV: 0.8940  NPV: 0.8676
INFO:__main__:验证的best_acc:0.8875
INFO:__main__:----------------------------------------------------------------------------------------------------
INFO:__main__:
【train】epoch:20/100 loss:0.2639 acc:0.8884
INFO:__main__:
【val】epoch:20/100 loss:0.2800 acc:0.8875
INFO:__main__:
【Val】:  SENS: 0.8480  SPEC: 0.9128  PPV: 0.8618  NPV: 0.9036
INFO:__main__:验证的best_acc:0.8875
INFO:__main__:----------------------------------------------------------------------------------------------------
INFO:__main__:
【train】epoch:21/100 loss:0.2592 acc:0.8896
INFO:__main__:
【val】epoch:21/100 loss:0.3595 acc:0.8750
INFO:__main__:
【Val】:  SENS: 0.7200  SPEC: 0.9744  PPV: 0.9474  NPV: 0.8444
INFO:__main__:验证的best_acc:0.8875
INFO:__main__:----------------------------------------------------------------------------------------------------
INFO:__main__:
【train】epoch:22/100 loss:0.2654 acc:0.8866
INFO:__main__:
【val】epoch:22/100 loss:0.3291 acc:0.8625
INFO:__main__:
【Val】:  SENS: 0.9200  SPEC: 0.8256  PPV: 0.7718  NPV: 0.9415
INFO:__main__:验证的best_acc:0.8875
INFO:__main__:----------------------------------------------------------------------------------------------------
INFO:__main__:
【train】epoch:23/100 loss:0.2558 acc:0.8936
INFO:__main__:
【val】epoch:23/100 loss:0.2735 acc:0.8922
INFO:__main__:
【Val】:  SENS: 0.8800  SPEC: 0.9000  PPV: 0.8494  NPV: 0.9213
INFO:__main__:验证的best_acc:0.8922
INFO:__main__:----------------------------------------------------------------------------------------------------
INFO:__main__:
【train】epoch:24/100 loss:0.2491 acc:0.8958
INFO:__main__:
【val】epoch:24/100 loss:0.3547 acc:0.8781
INFO:__main__:
【Val】:  SENS: 0.7560  SPEC: 0.9564  PPV: 0.9175  NPV: 0.8594
INFO:__main__:验证的best_acc:0.8922
INFO:__main__:----------------------------------------------------------------------------------------------------
INFO:__main__:
【train】epoch:25/100 loss:0.2496 acc:0.8958
INFO:__main__:
【val】epoch:25/100 loss:0.2888 acc:0.8828
INFO:__main__:
【Val】:  SENS: 0.8920  SPEC: 0.8769  PPV: 0.8229  NPV: 0.9268
INFO:__main__:验证的best_acc:0.8922
INFO:__main__:----------------------------------------------------------------------------------------------------
INFO:__main__:
【train】epoch:26/100 loss:0.2391 acc:0.8998
INFO:__main__:
【val】epoch:26/100 loss:0.2897 acc:0.8813
INFO:__main__:
【Val】:  SENS: 0.7720  SPEC: 0.9513  PPV: 0.9104  NPV: 0.8668
INFO:__main__:验证的best_acc:0.8922
INFO:__main__:----------------------------------------------------------------------------------------------------
INFO:__main__:
【train】epoch:27/100 loss:0.2451 acc:0.8960
INFO:__main__:
【val】epoch:27/100 loss:0.2962 acc:0.8938
INFO:__main__:
【Val】:  SENS: 0.8120  SPEC: 0.9462  PPV: 0.9062  NPV: 0.8870
INFO:__main__:验证的best_acc:0.8938
INFO:__main__:----------------------------------------------------------------------------------------------------
INFO:__main__:
【train】epoch:28/100 loss:0.2379 acc:0.8987
INFO:__main__:
【val】epoch:28/100 loss:0.2882 acc:0.8813
INFO:__main__:
【Val】:  SENS: 0.7920  SPEC: 0.9385  PPV: 0.8919  NPV: 0.8756
INFO:__main__:验证的best_acc:0.8938
INFO:__main__:----------------------------------------------------------------------------------------------------
INFO:__main__:
【train】epoch:29/100 loss:0.2185 acc:0.9062
INFO:__main__:
【val】epoch:29/100 loss:0.2880 acc:0.9016
INFO:__main__:
【Val】:  SENS: 0.8080  SPEC: 0.9615  PPV: 0.9309  NPV: 0.8865
INFO:__main__:验证的best_acc:0.9016
INFO:__main__:----------------------------------------------------------------------------------------------------
INFO:__main__:
【train】epoch:30/100 loss:0.2248 acc:0.9055
INFO:__main__:
【val】epoch:30/100 loss:0.3046 acc:0.8875
INFO:__main__:
【Val】:  SENS: 0.8400  SPEC: 0.9179  PPV: 0.8678  NPV: 0.8995
INFO:__main__:验证的best_acc:0.9016
INFO:__main__:----------------------------------------------------------------------------------------------------
INFO:__main__:
【train】epoch:31/100 loss:0.2139 acc:0.9148
INFO:__main__:
【val】epoch:31/100 loss:0.4125 acc:0.8562
INFO:__main__:
【Val】:  SENS: 0.6680  SPEC: 0.9769  PPV: 0.9489  NPV: 0.8211
INFO:__main__:验证的best_acc:0.9016
INFO:__main__:----------------------------------------------------------------------------------------------------
INFO:__main__:
【train】epoch:32/100 loss:0.2043 acc:0.9158
INFO:__main__:
【val】epoch:32/100 loss:0.2846 acc:0.8875
INFO:__main__:
【Val】:  SENS: 0.8040  SPEC: 0.9410  PPV: 0.8973  NPV: 0.8822
INFO:__main__:验证的best_acc:0.9016
INFO:__main__:----------------------------------------------------------------------------------------------------
INFO:__main__:
【train】epoch:33/100 loss:0.2094 acc:0.9152
INFO:__main__:
【val】epoch:33/100 loss:0.2628 acc:0.8984
INFO:__main__:
【Val】:  SENS: 0.8400  SPEC: 0.9359  PPV: 0.8936  NPV: 0.9012
INFO:__main__:验证的best_acc:0.9016
INFO:__main__:----------------------------------------------------------------------------------------------------
INFO:__main__:
【train】epoch:34/100 loss:0.2061 acc:0.9160
INFO:__main__:
【val】epoch:34/100 loss:0.2876 acc:0.9000
INFO:__main__:
【Val】:  SENS: 0.8800  SPEC: 0.9128  PPV: 0.8661  NPV: 0.9223
INFO:__main__:验证的best_acc:0.9016
INFO:__main__:----------------------------------------------------------------------------------------------------
INFO:__main__:
【train】epoch:35/100 loss:0.2095 acc:0.9142
INFO:__main__:
【val】epoch:35/100 loss:0.3074 acc:0.8734
INFO:__main__:
【Val】:  SENS: 0.8960  SPEC: 0.8590  PPV: 0.8029  NPV: 0.9280
INFO:__main__:验证的best_acc:0.9016
INFO:__main__:----------------------------------------------------------------------------------------------------
INFO:__main__:
【train】epoch:36/100 loss:0.1995 acc:0.9187
INFO:__main__:
【val】epoch:36/100 loss:0.3197 acc:0.8875
INFO:__main__:
【Val】:  SENS: 0.8480  SPEC: 0.9128  PPV: 0.8618  NPV: 0.9036
INFO:__main__:验证的best_acc:0.9016
INFO:__main__:----------------------------------------------------------------------------------------------------
INFO:__main__:
【train】epoch:37/100 loss:0.2024 acc:0.9158
INFO:__main__:
【val】epoch:37/100 loss:0.4560 acc:0.8469
INFO:__main__:
【Val】:  SENS: 0.6360  SPEC: 0.9821  PPV: 0.9578  NPV: 0.8080
INFO:__main__:验证的best_acc:0.9016
INFO:__main__:----------------------------------------------------------------------------------------------------
INFO:__main__:
【train】epoch:38/100 loss:0.1992 acc:0.9175
INFO:__main__:
【val】epoch:38/100 loss:0.3280 acc:0.8906
INFO:__main__:
【Val】:  SENS: 0.8000  SPEC: 0.9487  PPV: 0.9091  NPV: 0.8810
INFO:__main__:验证的best_acc:0.9016
INFO:__main__:----------------------------------------------------------------------------------------------------
INFO:__main__:
【train】epoch:39/100 loss:0.1886 acc:0.9255
INFO:__main__:
【val】epoch:39/100 loss:0.2661 acc:0.8922
INFO:__main__:
【Val】:  SENS: 0.8160  SPEC: 0.9410  PPV: 0.8987  NPV: 0.8886
INFO:__main__:验证的best_acc:0.9016
INFO:__main__:----------------------------------------------------------------------------------------------------
INFO:__main__:
【train】epoch:40/100 loss:0.1790 acc:0.9274
INFO:__main__:
【val】epoch:40/100 loss:0.2704 acc:0.8875
INFO:__main__:
【Val】:  SENS: 0.8280  SPEC: 0.9256  PPV: 0.8771  NPV: 0.8936
INFO:__main__:验证的best_acc:0.9016
INFO:__main__:----------------------------------------------------------------------------------------------------
INFO:__main__:
【train】epoch:41/100 loss:0.1719 acc:0.9323
INFO:__main__:
【val】epoch:41/100 loss:0.3088 acc:0.8969
INFO:__main__:
【Val】:  SENS: 0.8120  SPEC: 0.9513  PPV: 0.9144  NPV: 0.8876
INFO:__main__:验证的best_acc:0.9016
INFO:__main__:----------------------------------------------------------------------------------------------------
INFO:__main__:
【train】epoch:42/100 loss:0.1693 acc:0.9305
INFO:__main__:
【val】epoch:42/100 loss:0.2603 acc:0.9156
INFO:__main__:
【Val】:  SENS: 0.8560  SPEC: 0.9538  PPV: 0.9224  NPV: 0.9118
INFO:__main__:验证的best_acc:0.9156
INFO:__main__:----------------------------------------------------------------------------------------------------
INFO:__main__:
【train】epoch:43/100 loss:0.1761 acc:0.9288
INFO:__main__:
【val】epoch:43/100 loss:0.3752 acc:0.8859
INFO:__main__:
【Val】:  SENS: 0.7400  SPEC: 0.9795  PPV: 0.9585  NPV: 0.8546
INFO:__main__:验证的best_acc:0.9156
INFO:__main__:----------------------------------------------------------------------------------------------------
INFO:__main__:
【train】epoch:44/100 loss:0.1731 acc:0.9325
INFO:__main__:
【val】epoch:44/100 loss:0.2856 acc:0.9000
INFO:__main__:
【Val】:  SENS: 0.8440  SPEC: 0.9359  PPV: 0.8941  NPV: 0.9035
INFO:__main__:验证的best_acc:0.9156
INFO:__main__:----------------------------------------------------------------------------------------------------
INFO:__main__:
【train】epoch:45/100 loss:0.1679 acc:0.9323
INFO:__main__:
【val】epoch:45/100 loss:0.2883 acc:0.9062
INFO:__main__:
【Val】:  SENS: 0.8520  SPEC: 0.9410  PPV: 0.9025  NPV: 0.9084
INFO:__main__:验证的best_acc:0.9156
INFO:__main__:----------------------------------------------------------------------------------------------------
INFO:__main__:
【train】epoch:46/100 loss:0.1694 acc:0.9352
INFO:__main__:
【val】epoch:46/100 loss:0.2817 acc:0.8938
INFO:__main__:
【Val】:  SENS: 0.8560  SPEC: 0.9179  PPV: 0.8699  NPV: 0.9086
INFO:__main__:验证的best_acc:0.9156
INFO:__main__:----------------------------------------------------------------------------------------------------
INFO:__main__:
【train】epoch:47/100 loss:0.1688 acc:0.9375
INFO:__main__:
【val】epoch:47/100 loss:0.2821 acc:0.9062
INFO:__main__:
【Val】:  SENS: 0.8440  SPEC: 0.9462  PPV: 0.9095  NPV: 0.9044
INFO:__main__:验证的best_acc:0.9156
INFO:__main__:----------------------------------------------------------------------------------------------------
INFO:__main__:
【train】epoch:48/100 loss:0.1528 acc:0.9392
INFO:__main__:
【val】epoch:48/100 loss:0.3186 acc:0.8844
INFO:__main__:
【Val】:  SENS: 0.8240  SPEC: 0.9231  PPV: 0.8729  NPV: 0.8911
INFO:__main__:验证的best_acc:0.9156
INFO:__main__:----------------------------------------------------------------------------------------------------
INFO:__main__:
【train】epoch:49/100 loss:0.1586 acc:0.9402
INFO:__main__:
【val】epoch:49/100 loss:0.3179 acc:0.8922
INFO:__main__:
【Val】:  SENS: 0.8120  SPEC: 0.9436  PPV: 0.9022  NPV: 0.8867
INFO:__main__:验证的best_acc:0.9156
INFO:__main__:----------------------------------------------------------------------------------------------------
INFO:__main__:
【train】epoch:50/100 loss:0.1583 acc:0.9383
INFO:__main__:
【val】epoch:50/100 loss:0.2869 acc:0.9000
INFO:__main__:
【Val】:  SENS: 0.9000  SPEC: 0.9000  PPV: 0.8523  NPV: 0.9335
INFO:__main__:验证的best_acc:0.9156
INFO:__main__:----------------------------------------------------------------------------------------------------
INFO:__main__:
【train】epoch:51/100 loss:0.1452 acc:0.9427
INFO:__main__:
【val】epoch:51/100 loss:0.2663 acc:0.9031
INFO:__main__:
【Val】:  SENS: 0.8640  SPEC: 0.9282  PPV: 0.8852  NPV: 0.9141
INFO:__main__:验证的best_acc:0.9156
INFO:__main__:----------------------------------------------------------------------------------------------------
INFO:__main__:
【train】epoch:52/100 loss:0.1436 acc:0.9470
INFO:__main__:
【val】epoch:52/100 loss:0.3744 acc:0.8813
INFO:__main__:
【Val】:  SENS: 0.7520  SPEC: 0.9641  PPV: 0.9307  NPV: 0.8584
INFO:__main__:验证的best_acc:0.9156
INFO:__main__:----------------------------------------------------------------------------------------------------
INFO:__main__:
【train】epoch:53/100 loss:0.1446 acc:0.9470
INFO:__main__:
【val】epoch:53/100 loss:0.3185 acc:0.8922
INFO:__main__:
【Val】:  SENS: 0.7840  SPEC: 0.9615  PPV: 0.9289  NPV: 0.8741
INFO:__main__:验证的best_acc:0.9156
INFO:__main__:----------------------------------------------------------------------------------------------------
INFO:__main__:
【train】epoch:54/100 loss:0.1449 acc:0.9451
INFO:__main__:
【val】epoch:54/100 loss:0.2877 acc:0.8938
INFO:__main__:
【Val】:  SENS: 0.8120  SPEC: 0.9462  PPV: 0.9062  NPV: 0.8870
INFO:__main__:验证的best_acc:0.9156
INFO:__main__:----------------------------------------------------------------------------------------------------
INFO:__main__:
【train】epoch:55/100 loss:0.1402 acc:0.9482
INFO:__main__:
【val】epoch:55/100 loss:0.3195 acc:0.8953
INFO:__main__:
【Val】:  SENS: 0.8080  SPEC: 0.9513  PPV: 0.9140  NPV: 0.8854
INFO:__main__:验证的best_acc:0.9156
INFO:__main__:----------------------------------------------------------------------------------------------------
INFO:__main__:
【train】epoch:56/100 loss:0.1259 acc:0.9515
INFO:__main__:
【val】epoch:56/100 loss:0.3744 acc:0.8781
INFO:__main__:
【Val】:  SENS: 0.7520  SPEC: 0.9590  PPV: 0.9216  NPV: 0.8578
INFO:__main__:验证的best_acc:0.9156
INFO:__main__:----------------------------------------------------------------------------------------------------
INFO:__main__:
【train】epoch:57/100 loss:0.1412 acc:0.9466
INFO:__main__:
【val】epoch:57/100 loss:0.2913 acc:0.8953
INFO:__main__:
【Val】:  SENS: 0.8000  SPEC: 0.9564  PPV: 0.9217  NPV: 0.8818
INFO:__main__:验证的best_acc:0.9156
INFO:__main__:----------------------------------------------------------------------------------------------------
INFO:__main__:
【train】epoch:58/100 loss:0.1257 acc:0.9509
INFO:__main__:
【val】epoch:58/100 loss:0.3933 acc:0.8672
INFO:__main__:
【Val】:  SENS: 0.7120  SPEC: 0.9667  PPV: 0.9319  NPV: 0.8396
INFO:__main__:验证的best_acc:0.9156
INFO:__main__:----------------------------------------------------------------------------------------------------
INFO:__main__:
【train】epoch:59/100 loss:0.1360 acc:0.9476
INFO:__main__:
【val】epoch:59/100 loss:0.2783 acc:0.8969
INFO:__main__:
【Val】:  SENS: 0.8320  SPEC: 0.9385  PPV: 0.8966  NPV: 0.8971
INFO:__main__:验证的best_acc:0.9156
INFO:__main__:----------------------------------------------------------------------------------------------------
INFO:__main__:
【train】epoch:60/100 loss:0.1332 acc:0.9468
INFO:__main__:
【val】epoch:60/100 loss:0.2953 acc:0.9109
INFO:__main__:
【Val】:  SENS: 0.8640  SPEC: 0.9410  PPV: 0.9038  NPV: 0.9152
INFO:__main__:验证的best_acc:0.9156
INFO:__main__:----------------------------------------------------------------------------------------------------
INFO:__main__:
【train】epoch:61/100 loss:0.1266 acc:0.9511
INFO:__main__:
【val】epoch:61/100 loss:0.4268 acc:0.8734
INFO:__main__:
【Val】:  SENS: 0.7280  SPEC: 0.9667  PPV: 0.9333  NPV: 0.8472
INFO:__main__:验证的best_acc:0.9156
INFO:__main__:----------------------------------------------------------------------------------------------------
INFO:__main__:
【train】epoch:62/100 loss:0.1242 acc:0.9532
INFO:__main__:
【val】epoch:62/100 loss:0.2716 acc:0.9109
INFO:__main__:
【Val】:  SENS: 0.8480  SPEC: 0.9513  PPV: 0.9177  NPV: 0.9071
INFO:__main__:验证的best_acc:0.9156
INFO:__main__:----------------------------------------------------------------------------------------------------
INFO:__main__:
【train】epoch:63/100 loss:0.1272 acc:0.9493
INFO:__main__:
【val】epoch:63/100 loss:0.2827 acc:0.9094
INFO:__main__:
【Val】:  SENS: 0.8720  SPEC: 0.9333  PPV: 0.8934  NPV: 0.9192
INFO:__main__:验证的best_acc:0.9156
INFO:__main__:----------------------------------------------------------------------------------------------------
INFO:__main__:
【train】epoch:64/100 loss:0.1269 acc:0.9515
INFO:__main__:
【val】epoch:64/100 loss:0.3192 acc:0.8781
INFO:__main__:
【Val】:  SENS: 0.8040  SPEC: 0.9256  PPV: 0.8739  NPV: 0.8805
INFO:__main__:验证的best_acc:0.9156
INFO:__main__:----------------------------------------------------------------------------------------------------
INFO:__main__:
【train】epoch:65/100 loss:0.1210 acc:0.9532
INFO:__main__:
【val】epoch:65/100 loss:0.2890 acc:0.9031
INFO:__main__:
【Val】:  SENS: 0.8600  SPEC: 0.9308  PPV: 0.8884  NPV: 0.9121
INFO:__main__:验证的best_acc:0.9156
INFO:__main__:----------------------------------------------------------------------------------------------------
INFO:__main__:
【train】epoch:66/100 loss:0.1190 acc:0.9538
INFO:__main__:
【val】epoch:66/100 loss:0.3050 acc:0.9016
INFO:__main__:
【Val】:  SENS: 0.8080  SPEC: 0.9615  PPV: 0.9309  NPV: 0.8865
INFO:__main__:验证的best_acc:0.9156
INFO:__main__:----------------------------------------------------------------------------------------------------
INFO:__main__:
【train】epoch:67/100 loss:0.1229 acc:0.9536
INFO:__main__:
【val】epoch:67/100 loss:0.3193 acc:0.9031
INFO:__main__:
【Val】:  SENS: 0.7960  SPEC: 0.9718  PPV: 0.9476  NPV: 0.8814
INFO:__main__:验证的best_acc:0.9156
INFO:__main__:----------------------------------------------------------------------------------------------------
INFO:__main__:
【train】epoch:68/100 loss:0.1195 acc:0.9532
INFO:__main__:
【val】epoch:68/100 loss:0.3201 acc:0.9031
INFO:__main__:
【Val】:  SENS: 0.8280  SPEC: 0.9513  PPV: 0.9159  NPV: 0.8961
INFO:__main__:验证的best_acc:0.9156
INFO:__main__:----------------------------------------------------------------------------------------------------
INFO:__main__:
【train】epoch:69/100 loss:0.1071 acc:0.9620
INFO:__main__:
【val】epoch:69/100 loss:0.2920 acc:0.9094
INFO:__main__:
【Val】:  SENS: 0.8400  SPEC: 0.9538  PPV: 0.9211  NPV: 0.9029
INFO:__main__:验证的best_acc:0.9156
INFO:__main__:----------------------------------------------------------------------------------------------------
INFO:__main__:
【train】epoch:70/100 loss:0.1001 acc:0.9600
INFO:__main__:
【val】epoch:70/100 loss:0.3214 acc:0.9047
INFO:__main__:
【Val】:  SENS: 0.8600  SPEC: 0.9333  PPV: 0.8921  NPV: 0.9123
INFO:__main__:验证的best_acc:0.9156
INFO:__main__:----------------------------------------------------------------------------------------------------
INFO:__main__:
【train】epoch:71/100 loss:0.0989 acc:0.9604
INFO:__main__:
【val】epoch:71/100 loss:0.2967 acc:0.9172
INFO:__main__:
【Val】:  SENS: 0.8840  SPEC: 0.9385  PPV: 0.9020  NPV: 0.9266
INFO:__main__:验证的best_acc:0.9172
INFO:__main__:----------------------------------------------------------------------------------------------------
INFO:__main__:
【train】epoch:72/100 loss:0.1092 acc:0.9612
INFO:__main__:
【val】epoch:72/100 loss:0.3213 acc:0.8969
INFO:__main__:
【Val】:  SENS: 0.8160  SPEC: 0.9487  PPV: 0.9107  NPV: 0.8894
INFO:__main__:验证的best_acc:0.9172
INFO:__main__:----------------------------------------------------------------------------------------------------
INFO:__main__:
【train】epoch:73/100 loss:0.1037 acc:0.9604
INFO:__main__:
【val】epoch:73/100 loss:0.3574 acc:0.8938
INFO:__main__:
【Val】:  SENS: 0.8120  SPEC: 0.9462  PPV: 0.9062  NPV: 0.8870
INFO:__main__:验证的best_acc:0.9172
INFO:__main__:----------------------------------------------------------------------------------------------------
INFO:__main__:
【train】epoch:74/100 loss:0.1162 acc:0.9589
INFO:__main__:
【val】epoch:74/100 loss:0.3260 acc:0.9125
INFO:__main__:
【Val】:  SENS: 0.8320  SPEC: 0.9641  PPV: 0.9369  NPV: 0.8995
INFO:__main__:验证的best_acc:0.9172
INFO:__main__:----------------------------------------------------------------------------------------------------
INFO:__main__:
【train】epoch:75/100 loss:0.0918 acc:0.9639
INFO:__main__:
【val】epoch:75/100 loss:0.3504 acc:0.9016
INFO:__main__:
【Val】:  SENS: 0.8040  SPEC: 0.9641  PPV: 0.9349  NPV: 0.8847
INFO:__main__:验证的best_acc:0.9172
INFO:__main__:----------------------------------------------------------------------------------------------------
INFO:__main__:
【train】epoch:76/100 loss:0.1088 acc:0.9575
INFO:__main__:
【val】epoch:76/100 loss:0.2918 acc:0.9125
INFO:__main__:
【Val】:  SENS: 0.8560  SPEC: 0.9487  PPV: 0.9145  NPV: 0.9113
INFO:__main__:验证的best_acc:0.9172
INFO:__main__:----------------------------------------------------------------------------------------------------
INFO:__main__:
【train】epoch:77/100 loss:0.1033 acc:0.9623
INFO:__main__:
【val】epoch:77/100 loss:0.3120 acc:0.9047
INFO:__main__:
【Val】:  SENS: 0.8560  SPEC: 0.9359  PPV: 0.8954  NPV: 0.9102
INFO:__main__:验证的best_acc:0.9172
INFO:__main__:----------------------------------------------------------------------------------------------------
INFO:__main__:
【train】epoch:78/100 loss:0.1073 acc:0.9602
INFO:__main__:
【val】epoch:78/100 loss:0.3441 acc:0.8953
INFO:__main__:
【Val】:  SENS: 0.8040  SPEC: 0.9538  PPV: 0.9178  NPV: 0.8836
INFO:__main__:验证的best_acc:0.9172
INFO:__main__:----------------------------------------------------------------------------------------------------
INFO:__main__:
【train】epoch:79/100 loss:0.0978 acc:0.9651
INFO:__main__:
【val】epoch:79/100 loss:0.3026 acc:0.9078
INFO:__main__:
【Val】:  SENS: 0.8280  SPEC: 0.9590  PPV: 0.9283  NPV: 0.8969
INFO:__main__:验证的best_acc:0.9172
INFO:__main__:----------------------------------------------------------------------------------------------------
INFO:__main__:
【train】epoch:80/100 loss:0.0937 acc:0.9629
INFO:__main__:
【val】epoch:80/100 loss:0.2970 acc:0.9156
INFO:__main__:
【Val】:  SENS: 0.8800  SPEC: 0.9385  PPV: 0.9016  NPV: 0.9242
INFO:__main__:验证的best_acc:0.9172
INFO:__main__:----------------------------------------------------------------------------------------------------
INFO:__main__:
【train】epoch:81/100 loss:0.0902 acc:0.9660
INFO:__main__:
【val】epoch:81/100 loss:0.3358 acc:0.9109
INFO:__main__:
【Val】:  SENS: 0.8480  SPEC: 0.9513  PPV: 0.9177  NPV: 0.9071
INFO:__main__:验证的best_acc:0.9172
INFO:__main__:----------------------------------------------------------------------------------------------------
INFO:__main__:
【train】epoch:82/100 loss:0.0880 acc:0.9676
INFO:__main__:
【val】epoch:82/100 loss:0.2954 acc:0.9031
INFO:__main__:
【Val】:  SENS: 0.8320  SPEC: 0.9487  PPV: 0.9123  NPV: 0.8981
INFO:__main__:验证的best_acc:0.9172
INFO:__main__:----------------------------------------------------------------------------------------------------
INFO:__main__:
【train】epoch:83/100 loss:0.0914 acc:0.9643
INFO:__main__:
【val】epoch:83/100 loss:0.3334 acc:0.9047
INFO:__main__:
【Val】:  SENS: 0.8240  SPEC: 0.9564  PPV: 0.9238  NPV: 0.8945
INFO:__main__:验证的best_acc:0.9172
INFO:__main__:----------------------------------------------------------------------------------------------------
INFO:__main__:
【train】epoch:84/100 loss:0.0918 acc:0.9658
INFO:__main__:
【val】epoch:84/100 loss:0.3205 acc:0.8969
INFO:__main__:
【Val】:  SENS: 0.8160  SPEC: 0.9487  PPV: 0.9107  NPV: 0.8894
INFO:__main__:验证的best_acc:0.9172
INFO:__main__:----------------------------------------------------------------------------------------------------
INFO:__main__:
【train】epoch:85/100 loss:0.0929 acc:0.9656
INFO:__main__:
【val】epoch:85/100 loss:0.3377 acc:0.9078
INFO:__main__:
【Val】:  SENS: 0.8440  SPEC: 0.9487  PPV: 0.9134  NPV: 0.9046
INFO:__main__:验证的best_acc:0.9172
INFO:__main__:----------------------------------------------------------------------------------------------------
INFO:__main__:
【train】epoch:86/100 loss:0.0883 acc:0.9660
INFO:__main__:
【val】epoch:86/100 loss:0.4338 acc:0.8813
INFO:__main__:
【Val】:  SENS: 0.7400  SPEC: 0.9718  PPV: 0.9439  NPV: 0.8536
INFO:__main__:验证的best_acc:0.9172
INFO:__main__:----------------------------------------------------------------------------------------------------
INFO:__main__:
【train】epoch:87/100 loss:0.0901 acc:0.9682
INFO:__main__:
【val】epoch:87/100 loss:0.3171 acc:0.9141
INFO:__main__:
【Val】:  SENS: 0.8720  SPEC: 0.9410  PPV: 0.9046  NPV: 0.9198
INFO:__main__:验证的best_acc:0.9172
INFO:__main__:----------------------------------------------------------------------------------------------------
INFO:__main__:
【train】epoch:88/100 loss:0.0834 acc:0.9709
INFO:__main__:
【val】epoch:88/100 loss:0.3364 acc:0.9141
INFO:__main__:
【Val】:  SENS: 0.8520  SPEC: 0.9538  PPV: 0.9221  NPV: 0.9095
INFO:__main__:验证的best_acc:0.9172
INFO:__main__:----------------------------------------------------------------------------------------------------
INFO:__main__:
【train】epoch:89/100 loss:0.0835 acc:0.9678
INFO:__main__:
【val】epoch:89/100 loss:0.3213 acc:0.9109
INFO:__main__:
【Val】:  SENS: 0.8680  SPEC: 0.9385  PPV: 0.9004  NPV: 0.9173
INFO:__main__:验证的best_acc:0.9172
INFO:__main__:----------------------------------------------------------------------------------------------------
INFO:__main__:
【train】epoch:90/100 loss:0.0796 acc:0.9711
INFO:__main__:
【val】epoch:90/100 loss:0.3135 acc:0.9141
INFO:__main__:
【Val】:  SENS: 0.8720  SPEC: 0.9410  PPV: 0.9046  NPV: 0.9198
INFO:__main__:验证的best_acc:0.9172
INFO:__main__:----------------------------------------------------------------------------------------------------
INFO:__main__:
【train】epoch:91/100 loss:0.0706 acc:0.9746
INFO:__main__:
【val】epoch:91/100 loss:0.3151 acc:0.9141
INFO:__main__:
【Val】:  SENS: 0.8680  SPEC: 0.9436  PPV: 0.9079  NPV: 0.9177
INFO:__main__:验证的best_acc:0.9172
INFO:__main__:----------------------------------------------------------------------------------------------------
INFO:__main__:
【train】epoch:92/100 loss:0.0800 acc:0.9711
INFO:__main__:
【val】epoch:92/100 loss:0.3139 acc:0.9094
INFO:__main__:
【Val】:  SENS: 0.8600  SPEC: 0.9410  PPV: 0.9034  NPV: 0.9129
INFO:__main__:验证的best_acc:0.9172
INFO:__main__:----------------------------------------------------------------------------------------------------
INFO:__main__:
【train】epoch:93/100 loss:0.0732 acc:0.9732
INFO:__main__:
【val】epoch:93/100 loss:0.3127 acc:0.9031
INFO:__main__:
【Val】:  SENS: 0.8480  SPEC: 0.9385  PPV: 0.8983  NPV: 0.9059
INFO:__main__:验证的best_acc:0.9172
INFO:__main__:----------------------------------------------------------------------------------------------------
INFO:__main__:
【train】epoch:94/100 loss:0.0665 acc:0.9734
INFO:__main__:
【val】epoch:94/100 loss:0.3661 acc:0.8984
INFO:__main__:
【Val】:  SENS: 0.8240  SPEC: 0.9462  PPV: 0.9075  NPV: 0.8935
INFO:__main__:验证的best_acc:0.9172
INFO:__main__:----------------------------------------------------------------------------------------------------
INFO:__main__:
【train】epoch:95/100 loss:0.0769 acc:0.9722
INFO:__main__:
【val】epoch:95/100 loss:0.3434 acc:0.9047
INFO:__main__:
【Val】:  SENS: 0.8200  SPEC: 0.9590  PPV: 0.9276  NPV: 0.8926
INFO:__main__:验证的best_acc:0.9172
INFO:__main__:----------------------------------------------------------------------------------------------------
INFO:__main__:
【train】epoch:96/100 loss:0.0733 acc:0.9693
INFO:__main__:
【val】epoch:96/100 loss:0.3504 acc:0.9078
INFO:__main__:
【Val】:  SENS: 0.8400  SPEC: 0.9513  PPV: 0.9170  NPV: 0.9027
INFO:__main__:验证的best_acc:0.9172
INFO:__main__:----------------------------------------------------------------------------------------------------
INFO:__main__:
【train】epoch:97/100 loss:0.0748 acc:0.9742
INFO:__main__:
【val】epoch:97/100 loss:0.3389 acc:0.9141
INFO:__main__:
【Val】:  SENS: 0.8680  SPEC: 0.9436  PPV: 0.9079  NPV: 0.9177
INFO:__main__:验证的best_acc:0.9172
INFO:__main__:----------------------------------------------------------------------------------------------------
INFO:__main__:
【train】epoch:98/100 loss:0.0716 acc:0.9726
INFO:__main__:
【val】epoch:98/100 loss:0.3365 acc:0.9047
INFO:__main__:
【Val】:  SENS: 0.8560  SPEC: 0.9359  PPV: 0.8954  NPV: 0.9102
INFO:__main__:验证的best_acc:0.9172
INFO:__main__:----------------------------------------------------------------------------------------------------
INFO:__main__:
【train】epoch:99/100 loss:0.0600 acc:0.9786
INFO:__main__:
【val】epoch:99/100 loss:0.3105 acc:0.9187
INFO:__main__:
【Val】:  SENS: 0.8680  SPEC: 0.9513  PPV: 0.9195  NPV: 0.9183
INFO:__main__:验证的best_acc:0.9187
INFO:__main__:----------------------------------------------------------------------------------------------------
INFO:__main__:****************************************************************************************************
INFO:__main__:Val_LOSS:['0.7659', '0.6261', '0.5252', '0.4373', '0.4766', '0.4515', '0.3493', '0.5456', '0.4816', '0.3750', '0.3190', '0.3360', '0.3422', '1.0000', '0.2979', '0.2750', '0.3049', '0.3740', '0.4289', '0.2900', '0.2800', '0.3595', '0.3291', '0.2735', '0.3547', '0.2888', '0.2897', '0.2962', '0.2882', '0.2880', '0.3046', '0.4125', '0.2846', '0.2628', '0.2876', '0.3074', '0.3197', '0.4560', '0.3280', '0.2661', '0.2704', '0.3088', '0.2603', '0.3752', '0.2856', '0.2883', '0.2817', '0.2821', '0.3186', '0.3179', '0.2869', '0.2663', '0.3744', '0.3185', '0.2877', '0.3195', '0.3744', '0.2913', '0.3933', '0.2783', '0.2953', '0.4268', '0.2716', '0.2827', '0.3192', '0.2890', '0.3050', '0.3193', '0.3201', '0.2920', '0.3214', '0.2967', '0.3213', '0.3574', '0.3260', '0.3504', '0.2918', '0.3120', '0.3441', '0.3026', '0.2970', '0.3358', '0.2954', '0.3334', '0.3205', '0.3377', '0.4338', '0.3171', '0.3364', '0.3213', '0.3135', '0.3151', '0.3139', '0.3127', '0.3661', '0.3434', '0.3504', '0.3389', '0.3365', '0.3105']
INFO:__main__:Val_ACC:['0.5031', '0.6609', '0.7359', '0.7844', '0.7531', '0.8000', '0.8391', '0.7703', '0.7656', '0.8250', '0.8656', '0.8578', '0.8469', '0.6641', '0.8656', '0.8875', '0.8781', '0.8516', '0.8297', '0.8766', '0.8875', '0.8750', '0.8625', '0.8922', '0.8781', '0.8828', '0.8813', '0.8938', '0.8813', '0.9016', '0.8875', '0.8562', '0.8875', '0.8984', '0.9000', '0.8734', '0.8875', '0.8469', '0.8906', '0.8922', '0.8875', '0.8969', '0.9156', '0.8859', '0.9000', '0.9062', '0.8938', '0.9062', '0.8844', '0.8922', '0.9000', '0.9031', '0.8813', '0.8922', '0.8938', '0.8953', '0.8781', '0.8953', '0.8672', '0.8969', '0.9109', '0.8734', '0.9109', '0.9094', '0.8781', '0.9031', '0.9016', '0.9031', '0.9031', '0.9094', '0.9047', '0.9172', '0.8969', '0.8938', '0.9125', '0.9016', '0.9125', '0.9047', '0.8953', '0.9078', '0.9156', '0.9109', '0.9031', '0.9047', '0.8969', '0.9078', '0.8813', '0.9141', '0.9141', '0.9109', '0.9141', '0.9141', '0.9094', '0.9031', '0.8984', '0.9047', '0.9078', '0.9141', '0.9047', '0.9187']
INFO:__main__:****************************************************************************************************
INFO:__main__: epoch0 测试test_Loss: 0.2769  test_ACC: 0.9253  
INFO:__main__:SENS: 0.8885 SPEC: 0.9495 PPV: 0.9203 NPV: 0.9284
INFO:__main__:test_Best_acc:0.9253

