INFO:__main__:
【train】epoch:0/100 loss:0.6928 acc:0.5782
INFO:__main__:
【val】epoch:0/100 loss:0.8602 acc:0.5710
INFO:__main__:
【Val】:  SENS: 0.0757  SPEC: 0.9767  PPV: 0.7273  NPV: 0.5633
INFO:__main__:验证的best_acc:0.5710
INFO:__main__:----------------------------------------------------------------------------------------------------
INFO:__main__:
【train】epoch:1/100 loss:0.6562 acc:0.6248
INFO:__main__:
【val】epoch:1/100 loss:0.6767 acc:0.6406
INFO:__main__:
【Val】:  SENS: 0.3533  SPEC: 0.8760  PPV: 0.7000  NPV: 0.6232
INFO:__main__:验证的best_acc:0.6406
INFO:__main__:----------------------------------------------------------------------------------------------------
INFO:__main__:
【train】epoch:2/100 loss:0.6206 acc:0.6634
INFO:__main__:
【val】epoch:2/100 loss:0.7205 acc:0.6705
INFO:__main__:
【Val】:  SENS: 0.3722  SPEC: 0.9147  PPV: 0.7815  NPV: 0.6401
INFO:__main__:验证的best_acc:0.6705
INFO:__main__:----------------------------------------------------------------------------------------------------
INFO:__main__:
【train】epoch:3/100 loss:0.5948 acc:0.6830
INFO:__main__:
【val】epoch:3/100 loss:0.5992 acc:0.6903
INFO:__main__:
【Val】:  SENS: 0.4637  SPEC: 0.8760  PPV: 0.7538  NPV: 0.6660
INFO:__main__:验证的best_acc:0.6903
INFO:__main__:----------------------------------------------------------------------------------------------------
INFO:__main__:
【train】epoch:4/100 loss:0.5775 acc:0.6995
INFO:__main__:
【val】epoch:4/100 loss:0.5427 acc:0.7301
INFO:__main__:
【Val】:  SENS: 0.6782  SPEC: 0.7726  PPV: 0.7096  NPV: 0.7456
INFO:__main__:验证的best_acc:0.7301
INFO:__main__:----------------------------------------------------------------------------------------------------
INFO:__main__:
【train】epoch:5/100 loss:0.5621 acc:0.7104
INFO:__main__:
【val】epoch:5/100 loss:0.5168 acc:0.7457
INFO:__main__:
【Val】:  SENS: 0.6719  SPEC: 0.8062  PPV: 0.7396  NPV: 0.7500
INFO:__main__:验证的best_acc:0.7457
INFO:__main__:----------------------------------------------------------------------------------------------------
INFO:__main__:
【train】epoch:6/100 loss:0.5238 acc:0.7315
INFO:__main__:
【val】epoch:6/100 loss:0.5675 acc:0.7628
INFO:__main__:
【Val】:  SENS: 0.8044  SPEC: 0.7287  PPV: 0.7083  NPV: 0.8198
INFO:__main__:验证的best_acc:0.7628
INFO:__main__:----------------------------------------------------------------------------------------------------
INFO:__main__:
【train】epoch:7/100 loss:0.4840 acc:0.7640
INFO:__main__:
【val】epoch:7/100 loss:0.7464 acc:0.7088
INFO:__main__:
【Val】:  SENS: 0.7918  SPEC: 0.6408  PPV: 0.6436  NPV: 0.7898
INFO:__main__:验证的best_acc:0.7628
INFO:__main__:----------------------------------------------------------------------------------------------------
INFO:__main__:
【train】epoch:8/100 loss:0.4513 acc:0.7856
INFO:__main__:
【val】epoch:8/100 loss:0.5109 acc:0.7770
INFO:__main__:
【Val】:  SENS: 0.8454  SPEC: 0.7209  PPV: 0.7128  NPV: 0.8506
INFO:__main__:验证的best_acc:0.7770
INFO:__main__:----------------------------------------------------------------------------------------------------
INFO:__main__:
【train】epoch:9/100 loss:0.4276 acc:0.8001
INFO:__main__:
【val】epoch:9/100 loss:0.4876 acc:0.7784
INFO:__main__:
【Val】:  SENS: 0.9085  SPEC: 0.6718  PPV: 0.6940  NPV: 0.8997
INFO:__main__:验证的best_acc:0.7784
INFO:__main__:----------------------------------------------------------------------------------------------------
INFO:__main__:
【train】epoch:10/100 loss:0.4164 acc:0.8015
INFO:__main__:
【val】epoch:10/100 loss:0.4736 acc:0.7798
INFO:__main__:
【Val】:  SENS: 0.8233  SPEC: 0.7442  PPV: 0.7250  NPV: 0.8372
INFO:__main__:验证的best_acc:0.7798
INFO:__main__:----------------------------------------------------------------------------------------------------
INFO:__main__:
【train】epoch:11/100 loss:0.3950 acc:0.8142
INFO:__main__:
【val】epoch:11/100 loss:0.4823 acc:0.7884
INFO:__main__:
【Val】:  SENS: 0.6467  SPEC: 0.9044  PPV: 0.8471  NPV: 0.7576
INFO:__main__:验证的best_acc:0.7884
INFO:__main__:----------------------------------------------------------------------------------------------------
INFO:__main__:
【train】epoch:12/100 loss:0.3930 acc:0.8162
INFO:__main__:
【val】epoch:12/100 loss:0.4292 acc:0.8111
INFO:__main__:
【Val】:  SENS: 0.7413  SPEC: 0.8682  PPV: 0.8217  NPV: 0.8038
INFO:__main__:验证的best_acc:0.8111
INFO:__main__:----------------------------------------------------------------------------------------------------
INFO:__main__:
【train】epoch:13/100 loss:0.3839 acc:0.8233
INFO:__main__:
【val】epoch:13/100 loss:0.4423 acc:0.8054
INFO:__main__:
【Val】:  SENS: 0.8013  SPEC: 0.8088  PPV: 0.7744  NPV: 0.8324
INFO:__main__:验证的best_acc:0.8111
INFO:__main__:----------------------------------------------------------------------------------------------------
INFO:__main__:
【train】epoch:14/100 loss:0.3797 acc:0.8219
INFO:__main__:
【val】epoch:14/100 loss:0.4902 acc:0.7983
INFO:__main__:
【Val】:  SENS: 0.8675  SPEC: 0.7416  PPV: 0.7333  NPV: 0.8723
INFO:__main__:验证的best_acc:0.8111
INFO:__main__:----------------------------------------------------------------------------------------------------
INFO:__main__:
【train】epoch:15/100 loss:0.3670 acc:0.8303
INFO:__main__:
【val】epoch:15/100 loss:0.7473 acc:0.6960
INFO:__main__:
【Val】:  SENS: 0.9180  SPEC: 0.5142  PPV: 0.6075  NPV: 0.8844
INFO:__main__:验证的best_acc:0.8111
INFO:__main__:----------------------------------------------------------------------------------------------------
INFO:__main__:
【train】epoch:16/100 loss:0.3596 acc:0.8366
INFO:__main__:
【val】epoch:16/100 loss:0.4788 acc:0.7827
INFO:__main__:
【Val】:  SENS: 0.8580  SPEC: 0.7209  PPV: 0.7158  NPV: 0.8611
INFO:__main__:验证的best_acc:0.8111
INFO:__main__:----------------------------------------------------------------------------------------------------
INFO:__main__:
【train】epoch:17/100 loss:0.3488 acc:0.8413
INFO:__main__:
【val】epoch:17/100 loss:0.4225 acc:0.8153
INFO:__main__:
【Val】:  SENS: 0.7823  SPEC: 0.8424  PPV: 0.8026  NPV: 0.8253
INFO:__main__:验证的best_acc:0.8153
INFO:__main__:----------------------------------------------------------------------------------------------------
INFO:__main__:
【train】epoch:18/100 loss:0.3471 acc:0.8441
INFO:__main__:
【val】epoch:18/100 loss:0.4030 acc:0.8011
INFO:__main__:
【Val】:  SENS: 0.8107  SPEC: 0.7933  PPV: 0.7626  NPV: 0.8365
INFO:__main__:验证的best_acc:0.8153
INFO:__main__:----------------------------------------------------------------------------------------------------
INFO:__main__:
【train】epoch:19/100 loss:0.3331 acc:0.8492
INFO:__main__:
【val】epoch:19/100 loss:0.4355 acc:0.8082
INFO:__main__:
【Val】:  SENS: 0.7161  SPEC: 0.8837  PPV: 0.8346  NPV: 0.7917
INFO:__main__:验证的best_acc:0.8153
INFO:__main__:----------------------------------------------------------------------------------------------------
INFO:__main__:
【train】epoch:20/100 loss:0.3276 acc:0.8574
INFO:__main__:
【val】epoch:20/100 loss:0.4441 acc:0.7955
INFO:__main__:
【Val】:  SENS: 0.6467  SPEC: 0.9173  PPV: 0.8650  NPV: 0.7602
INFO:__main__:验证的best_acc:0.8153
INFO:__main__:----------------------------------------------------------------------------------------------------
INFO:__main__:
【train】epoch:21/100 loss:0.3163 acc:0.8637
INFO:__main__:
【val】epoch:21/100 loss:0.4918 acc:0.8040
INFO:__main__:
【Val】:  SENS: 0.7066  SPEC: 0.8837  PPV: 0.8327  NPV: 0.7862
INFO:__main__:验证的best_acc:0.8153
INFO:__main__:----------------------------------------------------------------------------------------------------
INFO:__main__:
【train】epoch:22/100 loss:0.3112 acc:0.8619
INFO:__main__:
【val】epoch:22/100 loss:0.4205 acc:0.8153
INFO:__main__:
【Val】:  SENS: 0.7886  SPEC: 0.8372  PPV: 0.7987  NPV: 0.8286
INFO:__main__:验证的best_acc:0.8153
INFO:__main__:----------------------------------------------------------------------------------------------------
INFO:__main__:
【train】epoch:23/100 loss:0.3084 acc:0.8638
INFO:__main__:
【val】epoch:23/100 loss:0.4426 acc:0.8168
INFO:__main__:
【Val】:  SENS: 0.7287  SPEC: 0.8889  PPV: 0.8431  NPV: 0.8000
INFO:__main__:验证的best_acc:0.8168
INFO:__main__:----------------------------------------------------------------------------------------------------
INFO:__main__:
【train】epoch:24/100 loss:0.3207 acc:0.8612
INFO:__main__:
【val】epoch:24/100 loss:0.4176 acc:0.8139
INFO:__main__:
【Val】:  SENS: 0.6909  SPEC: 0.9147  PPV: 0.8690  NPV: 0.7832
INFO:__main__:验证的best_acc:0.8168
INFO:__main__:----------------------------------------------------------------------------------------------------
INFO:__main__:
【train】epoch:25/100 loss:0.3017 acc:0.8687
INFO:__main__:
【val】epoch:25/100 loss:0.4213 acc:0.8068
INFO:__main__:
【Val】:  SENS: 0.8423  SPEC: 0.7778  PPV: 0.7564  NPV: 0.8575
INFO:__main__:验证的best_acc:0.8168
INFO:__main__:----------------------------------------------------------------------------------------------------
INFO:__main__:
【train】epoch:26/100 loss:0.3074 acc:0.8675
INFO:__main__:
【val】epoch:26/100 loss:0.4382 acc:0.8182
INFO:__main__:
【Val】:  SENS: 0.6909  SPEC: 0.9225  PPV: 0.8795  NPV: 0.7846
INFO:__main__:验证的best_acc:0.8182
INFO:__main__:----------------------------------------------------------------------------------------------------
INFO:__main__:
【train】epoch:27/100 loss:0.2912 acc:0.8724
INFO:__main__:
【val】epoch:27/100 loss:0.4005 acc:0.8281
INFO:__main__:
【Val】:  SENS: 0.8202  SPEC: 0.8346  PPV: 0.8025  NPV: 0.8500
INFO:__main__:验证的best_acc:0.8281
INFO:__main__:----------------------------------------------------------------------------------------------------
INFO:__main__:
【train】epoch:28/100 loss:0.2949 acc:0.8712
INFO:__main__:
【val】epoch:28/100 loss:0.4389 acc:0.8068
INFO:__main__:
【Val】:  SENS: 0.8139  SPEC: 0.8010  PPV: 0.7701  NPV: 0.8401
INFO:__main__:验证的best_acc:0.8281
INFO:__main__:----------------------------------------------------------------------------------------------------
INFO:__main__:
【train】epoch:29/100 loss:0.2724 acc:0.8820
INFO:__main__:
【val】epoch:29/100 loss:0.7368 acc:0.7543
INFO:__main__:
【Val】:  SENS: 0.4921  SPEC: 0.9690  PPV: 0.9286  NPV: 0.6996
INFO:__main__:验证的best_acc:0.8281
INFO:__main__:----------------------------------------------------------------------------------------------------
INFO:__main__:
【train】epoch:30/100 loss:0.2677 acc:0.8844
INFO:__main__:
【val】epoch:30/100 loss:0.5363 acc:0.8111
INFO:__main__:
【Val】:  SENS: 0.6467  SPEC: 0.9457  PPV: 0.9071  NPV: 0.7657
INFO:__main__:验证的best_acc:0.8281
INFO:__main__:----------------------------------------------------------------------------------------------------
INFO:__main__:
【train】epoch:31/100 loss:0.2870 acc:0.8766
INFO:__main__:
【val】epoch:31/100 loss:0.4342 acc:0.8239
INFO:__main__:
【Val】:  SENS: 0.7098  SPEC: 0.9173  PPV: 0.8755  NPV: 0.7942
INFO:__main__:验证的best_acc:0.8281
INFO:__main__:----------------------------------------------------------------------------------------------------
INFO:__main__:
【train】epoch:32/100 loss:0.2561 acc:0.8872
INFO:__main__:
【val】epoch:32/100 loss:0.4301 acc:0.8168
INFO:__main__:
【Val】:  SENS: 0.7129  SPEC: 0.9018  PPV: 0.8561  NPV: 0.7932
INFO:__main__:验证的best_acc:0.8281
INFO:__main__:----------------------------------------------------------------------------------------------------
INFO:__main__:
【train】epoch:33/100 loss:0.2655 acc:0.8863
INFO:__main__:
【val】epoch:33/100 loss:0.5661 acc:0.7955
INFO:__main__:
【Val】:  SENS: 0.6814  SPEC: 0.8889  PPV: 0.8340  NPV: 0.7730
INFO:__main__:验证的best_acc:0.8281
INFO:__main__:----------------------------------------------------------------------------------------------------
INFO:__main__:
【train】epoch:34/100 loss:0.2676 acc:0.8853
INFO:__main__:
【val】epoch:34/100 loss:0.4762 acc:0.8097
INFO:__main__:
【Val】:  SENS: 0.6782  SPEC: 0.9173  PPV: 0.8704  NPV: 0.7768
INFO:__main__:验证的best_acc:0.8281
INFO:__main__:----------------------------------------------------------------------------------------------------
INFO:__main__:
【train】epoch:35/100 loss:0.2604 acc:0.8916
INFO:__main__:
【val】epoch:35/100 loss:0.4131 acc:0.8253
INFO:__main__:
【Val】:  SENS: 0.8044  SPEC: 0.8424  PPV: 0.8070  NPV: 0.8402
INFO:__main__:验证的best_acc:0.8281
INFO:__main__:----------------------------------------------------------------------------------------------------
INFO:__main__:
【train】epoch:36/100 loss:0.2548 acc:0.8869
INFO:__main__:
【val】epoch:36/100 loss:0.4237 acc:0.8097
INFO:__main__:
【Val】:  SENS: 0.7256  SPEC: 0.8786  PPV: 0.8303  NPV: 0.7963
INFO:__main__:验证的best_acc:0.8281
INFO:__main__:----------------------------------------------------------------------------------------------------
INFO:__main__:
【train】epoch:37/100 loss:0.2542 acc:0.8918
INFO:__main__:
【val】epoch:37/100 loss:0.4113 acc:0.8366
INFO:__main__:
【Val】:  SENS: 0.7539  SPEC: 0.9044  PPV: 0.8659  NPV: 0.8178
INFO:__main__:验证的best_acc:0.8366
INFO:__main__:----------------------------------------------------------------------------------------------------
INFO:__main__:
【train】epoch:38/100 loss:0.2500 acc:0.8932
INFO:__main__:
【val】epoch:38/100 loss:0.4463 acc:0.8366
INFO:__main__:
【Val】:  SENS: 0.7634  SPEC: 0.8966  PPV: 0.8582  NPV: 0.8223
INFO:__main__:验证的best_acc:0.8366
INFO:__main__:----------------------------------------------------------------------------------------------------
INFO:__main__:
【train】epoch:39/100 loss:0.2372 acc:0.8980
INFO:__main__:
【val】epoch:39/100 loss:0.4599 acc:0.8168
INFO:__main__:
【Val】:  SENS: 0.7382  SPEC: 0.8811  PPV: 0.8357  NPV: 0.8042
INFO:__main__:验证的best_acc:0.8366
INFO:__main__:----------------------------------------------------------------------------------------------------
INFO:__main__:
【train】epoch:40/100 loss:0.2240 acc:0.9075
INFO:__main__:
【val】epoch:40/100 loss:0.6668 acc:0.7784
INFO:__main__:
【Val】:  SENS: 0.5804  SPEC: 0.9406  PPV: 0.8889  NPV: 0.7324
INFO:__main__:验证的best_acc:0.8366
INFO:__main__:----------------------------------------------------------------------------------------------------
INFO:__main__:
【train】epoch:41/100 loss:0.2295 acc:0.9078
INFO:__main__:
【val】epoch:41/100 loss:0.4571 acc:0.8125
INFO:__main__:
【Val】:  SENS: 0.7508  SPEC: 0.8630  PPV: 0.8179  NPV: 0.8087
INFO:__main__:验证的best_acc:0.8366
INFO:__main__:----------------------------------------------------------------------------------------------------
INFO:__main__:
【train】epoch:42/100 loss:0.2274 acc:0.9047
INFO:__main__:
【val】epoch:42/100 loss:0.4140 acc:0.8281
INFO:__main__:
【Val】:  SENS: 0.8233  SPEC: 0.8320  PPV: 0.8006  NPV: 0.8519
INFO:__main__:验证的best_acc:0.8366
INFO:__main__:----------------------------------------------------------------------------------------------------
INFO:__main__:
【train】epoch:43/100 loss:0.2232 acc:0.9078
INFO:__main__:
【val】epoch:43/100 loss:0.5082 acc:0.7969
INFO:__main__:
【Val】:  SENS: 0.6625  SPEC: 0.9070  PPV: 0.8537  NPV: 0.7664
INFO:__main__:验证的best_acc:0.8366
INFO:__main__:----------------------------------------------------------------------------------------------------
INFO:__main__:
【train】epoch:44/100 loss:0.2202 acc:0.9124
INFO:__main__:
【val】epoch:44/100 loss:0.5019 acc:0.8082
INFO:__main__:
【Val】:  SENS: 0.7319  SPEC: 0.8708  PPV: 0.8227  NPV: 0.7986
INFO:__main__:验证的best_acc:0.8366
INFO:__main__:----------------------------------------------------------------------------------------------------
INFO:__main__:
【train】epoch:45/100 loss:0.2137 acc:0.9124
INFO:__main__:
【val】epoch:45/100 loss:0.4881 acc:0.8153
INFO:__main__:
【Val】:  SENS: 0.7350  SPEC: 0.8811  PPV: 0.8351  NPV: 0.8024
INFO:__main__:验证的best_acc:0.8366
INFO:__main__:----------------------------------------------------------------------------------------------------
INFO:__main__:
【train】epoch:46/100 loss:0.2117 acc:0.9099
INFO:__main__:
【val】epoch:46/100 loss:0.5388 acc:0.8068
INFO:__main__:
【Val】:  SENS: 0.6688  SPEC: 0.9199  PPV: 0.8724  NPV: 0.7722
INFO:__main__:验证的best_acc:0.8366
INFO:__main__:----------------------------------------------------------------------------------------------------
INFO:__main__:
【train】epoch:47/100 loss:0.2124 acc:0.9120
INFO:__main__:
【val】epoch:47/100 loss:0.5163 acc:0.8139
INFO:__main__:
【Val】:  SENS: 0.7035  SPEC: 0.9044  PPV: 0.8577  NPV: 0.7883
INFO:__main__:验证的best_acc:0.8366
INFO:__main__:----------------------------------------------------------------------------------------------------
INFO:__main__:
【train】epoch:48/100 loss:0.2088 acc:0.9103
INFO:__main__:
【val】epoch:48/100 loss:0.5016 acc:0.8310
INFO:__main__:
【Val】:  SENS: 0.7287  SPEC: 0.9147  PPV: 0.8750  NPV: 0.8045
INFO:__main__:验证的best_acc:0.8366
INFO:__main__:----------------------------------------------------------------------------------------------------
INFO:__main__:
【train】epoch:49/100 loss:0.1936 acc:0.9235
INFO:__main__:
【val】epoch:49/100 loss:0.5039 acc:0.8224
INFO:__main__:
【Val】:  SENS: 0.7823  SPEC: 0.8553  PPV: 0.8158  NPV: 0.8275
INFO:__main__:验证的best_acc:0.8366
INFO:__main__:----------------------------------------------------------------------------------------------------
INFO:__main__:
【train】epoch:50/100 loss:0.1914 acc:0.9244
INFO:__main__:
【val】epoch:50/100 loss:0.6121 acc:0.8153
INFO:__main__:
【Val】:  SENS: 0.7066  SPEC: 0.9044  PPV: 0.8582  NPV: 0.7901
INFO:__main__:验证的best_acc:0.8366
INFO:__main__:----------------------------------------------------------------------------------------------------
INFO:__main__:
【train】epoch:51/100 loss:0.1851 acc:0.9279
INFO:__main__:
【val】epoch:51/100 loss:0.4395 acc:0.8438
INFO:__main__:
【Val】:  SENS: 0.8107  SPEC: 0.8708  PPV: 0.8371  NPV: 0.8489
INFO:__main__:验证的best_acc:0.8438
INFO:__main__:----------------------------------------------------------------------------------------------------
INFO:__main__:
【train】epoch:52/100 loss:0.1801 acc:0.9281
INFO:__main__:
【val】epoch:52/100 loss:0.5064 acc:0.8253
INFO:__main__:
【Val】:  SENS: 0.8265  SPEC: 0.8243  PPV: 0.7939  NPV: 0.8529
INFO:__main__:验证的best_acc:0.8438
INFO:__main__:----------------------------------------------------------------------------------------------------
INFO:__main__:
【train】epoch:53/100 loss:0.1855 acc:0.9253
INFO:__main__:
【val】epoch:53/100 loss:0.5375 acc:0.8182
INFO:__main__:
【Val】:  SENS: 0.7697  SPEC: 0.8579  PPV: 0.8161  NPV: 0.8198
INFO:__main__:验证的best_acc:0.8438
INFO:__main__:----------------------------------------------------------------------------------------------------
INFO:__main__:
【train】epoch:54/100 loss:0.1735 acc:0.9302
INFO:__main__:
【val】epoch:54/100 loss:0.5094 acc:0.8352
INFO:__main__:
【Val】:  SENS: 0.7382  SPEC: 0.9147  PPV: 0.8764  NPV: 0.8101
INFO:__main__:验证的best_acc:0.8438
INFO:__main__:----------------------------------------------------------------------------------------------------
INFO:__main__:
【train】epoch:55/100 loss:0.1831 acc:0.9286
INFO:__main__:
【val】epoch:55/100 loss:0.4930 acc:0.8224
INFO:__main__:
【Val】:  SENS: 0.7445  SPEC: 0.8863  PPV: 0.8429  NPV: 0.8090
INFO:__main__:验证的best_acc:0.8438
INFO:__main__:----------------------------------------------------------------------------------------------------
INFO:__main__:
【train】epoch:56/100 loss:0.1798 acc:0.9319
INFO:__main__:
【val】epoch:56/100 loss:0.6130 acc:0.7969
INFO:__main__:
【Val】:  SENS: 0.7129  SPEC: 0.8656  PPV: 0.8129  NPV: 0.7864
INFO:__main__:验证的best_acc:0.8438
INFO:__main__:----------------------------------------------------------------------------------------------------
INFO:__main__:
【train】epoch:57/100 loss:0.1724 acc:0.9298
INFO:__main__:
【val】epoch:57/100 loss:0.4709 acc:0.8366
INFO:__main__:
【Val】:  SENS: 0.8170  SPEC: 0.8527  PPV: 0.8196  NPV: 0.8505
INFO:__main__:验证的best_acc:0.8438
INFO:__main__:----------------------------------------------------------------------------------------------------
INFO:__main__:
【train】epoch:58/100 loss:0.1688 acc:0.9358
INFO:__main__:
【val】epoch:58/100 loss:0.5726 acc:0.8324
INFO:__main__:
【Val】:  SENS: 0.8044  SPEC: 0.8553  PPV: 0.8199  NPV: 0.8422
INFO:__main__:验证的best_acc:0.8438
INFO:__main__:----------------------------------------------------------------------------------------------------
INFO:__main__:
【train】epoch:59/100 loss:0.1614 acc:0.9375
INFO:__main__:
【val】epoch:59/100 loss:0.5150 acc:0.8153
INFO:__main__:
【Val】:  SENS: 0.7445  SPEC: 0.8734  PPV: 0.8281  NPV: 0.8067
INFO:__main__:验证的best_acc:0.8438
INFO:__main__:----------------------------------------------------------------------------------------------------
INFO:__main__:
【train】epoch:60/100 loss:0.1483 acc:0.9412
INFO:__main__:
【val】epoch:60/100 loss:0.5327 acc:0.8210
INFO:__main__:
【Val】:  SENS: 0.8013  SPEC: 0.8372  PPV: 0.8013  NPV: 0.8372
INFO:__main__:验证的best_acc:0.8438
INFO:__main__:----------------------------------------------------------------------------------------------------
INFO:__main__:
【train】epoch:61/100 loss:0.1587 acc:0.9368
INFO:__main__:
【val】epoch:61/100 loss:0.5503 acc:0.8281
INFO:__main__:
【Val】:  SENS: 0.7918  SPEC: 0.8579  PPV: 0.8203  NPV: 0.8342
INFO:__main__:验证的best_acc:0.8438
INFO:__main__:----------------------------------------------------------------------------------------------------
INFO:__main__:
【train】epoch:62/100 loss:0.1582 acc:0.9399
INFO:__main__:
【val】epoch:62/100 loss:0.5658 acc:0.8168
INFO:__main__:
【Val】:  SENS: 0.8202  SPEC: 0.8140  PPV: 0.7831  NPV: 0.8468
INFO:__main__:验证的best_acc:0.8438
INFO:__main__:----------------------------------------------------------------------------------------------------
INFO:__main__:
【train】epoch:63/100 loss:0.1532 acc:0.9392
INFO:__main__:
【val】epoch:63/100 loss:0.4954 acc:0.8452
INFO:__main__:
【Val】:  SENS: 0.8170  SPEC: 0.8682  PPV: 0.8355  NPV: 0.8528
INFO:__main__:验证的best_acc:0.8452
INFO:__main__:----------------------------------------------------------------------------------------------------
INFO:__main__:
【train】epoch:64/100 loss:0.1445 acc:0.9413
INFO:__main__:
【val】epoch:64/100 loss:0.5214 acc:0.8281
INFO:__main__:
【Val】:  SENS: 0.7823  SPEC: 0.8656  PPV: 0.8267  NPV: 0.8292
INFO:__main__:验证的best_acc:0.8452
INFO:__main__:----------------------------------------------------------------------------------------------------
INFO:__main__:
【train】epoch:65/100 loss:0.1545 acc:0.9387
INFO:__main__:
【val】epoch:65/100 loss:0.5450 acc:0.8210
INFO:__main__:
【Val】:  SENS: 0.7918  SPEC: 0.8450  PPV: 0.8071  NPV: 0.8321
INFO:__main__:验证的best_acc:0.8452
INFO:__main__:----------------------------------------------------------------------------------------------------
INFO:__main__:
【train】epoch:66/100 loss:0.1467 acc:0.9394
INFO:__main__:
【val】epoch:66/100 loss:0.5667 acc:0.8281
INFO:__main__:
【Val】:  SENS: 0.7539  SPEC: 0.8889  PPV: 0.8475  NPV: 0.8152
INFO:__main__:验证的best_acc:0.8452
INFO:__main__:----------------------------------------------------------------------------------------------------
INFO:__main__:
【train】epoch:67/100 loss:0.1519 acc:0.9413
INFO:__main__:
【val】epoch:67/100 loss:0.5473 acc:0.8224
INFO:__main__:
【Val】:  SENS: 0.7476  SPEC: 0.8837  PPV: 0.8404  NPV: 0.8104
INFO:__main__:验证的best_acc:0.8452
INFO:__main__:----------------------------------------------------------------------------------------------------
INFO:__main__:
【train】epoch:68/100 loss:0.1470 acc:0.9405
INFO:__main__:
【val】epoch:68/100 loss:0.5721 acc:0.8395
INFO:__main__:
【Val】:  SENS: 0.8170  SPEC: 0.8579  PPV: 0.8248  NPV: 0.8513
INFO:__main__:验证的best_acc:0.8452
INFO:__main__:----------------------------------------------------------------------------------------------------
INFO:__main__:
【train】epoch:69/100 loss:0.1393 acc:0.9461
INFO:__main__:
【val】epoch:69/100 loss:0.5048 acc:0.8551
INFO:__main__:
【Val】:  SENS: 0.8233  SPEC: 0.8811  PPV: 0.8502  NPV: 0.8589
INFO:__main__:验证的best_acc:0.8551
INFO:__main__:----------------------------------------------------------------------------------------------------
INFO:__main__:
【train】epoch:70/100 loss:0.1359 acc:0.9487
INFO:__main__:
【val】epoch:70/100 loss:0.5952 acc:0.8295
INFO:__main__:
【Val】:  SENS: 0.7981  SPEC: 0.8553  PPV: 0.8188  NPV: 0.8380
INFO:__main__:验证的best_acc:0.8551
INFO:__main__:----------------------------------------------------------------------------------------------------
INFO:__main__:
【train】epoch:71/100 loss:0.1260 acc:0.9516
INFO:__main__:
【val】epoch:71/100 loss:0.6054 acc:0.8139
INFO:__main__:
【Val】:  SENS: 0.7634  SPEC: 0.8553  PPV: 0.8121  NPV: 0.8153
INFO:__main__:验证的best_acc:0.8551
INFO:__main__:----------------------------------------------------------------------------------------------------
INFO:__main__:
【train】epoch:72/100 loss:0.1285 acc:0.9501
INFO:__main__:
【val】epoch:72/100 loss:0.5790 acc:0.8253
INFO:__main__:
【Val】:  SENS: 0.7886  SPEC: 0.8553  PPV: 0.8170  NPV: 0.8317
INFO:__main__:验证的best_acc:0.8551
INFO:__main__:----------------------------------------------------------------------------------------------------
INFO:__main__:
【train】epoch:73/100 loss:0.1262 acc:0.9509
INFO:__main__:
【val】epoch:73/100 loss:0.5478 acc:0.8466
INFO:__main__:
【Val】:  SENS: 0.8139  SPEC: 0.8734  PPV: 0.8404  NPV: 0.8514
INFO:__main__:验证的best_acc:0.8551
INFO:__main__:----------------------------------------------------------------------------------------------------
INFO:__main__:
【train】epoch:74/100 loss:0.1272 acc:0.9530
INFO:__main__:
【val】epoch:74/100 loss:0.6205 acc:0.8082
INFO:__main__:
【Val】:  SENS: 0.7666  SPEC: 0.8424  PPV: 0.7993  NPV: 0.8150
INFO:__main__:验证的best_acc:0.8551
INFO:__main__:----------------------------------------------------------------------------------------------------
INFO:__main__:
【train】epoch:75/100 loss:0.1353 acc:0.9495
INFO:__main__:
【val】epoch:75/100 loss:0.6103 acc:0.8239
INFO:__main__:
【Val】:  SENS: 0.7981  SPEC: 0.8450  PPV: 0.8083  NPV: 0.8363
INFO:__main__:验证的best_acc:0.8551
INFO:__main__:----------------------------------------------------------------------------------------------------
INFO:__main__:
【train】epoch:76/100 loss:0.1268 acc:0.9550
INFO:__main__:
【val】epoch:76/100 loss:0.6830 acc:0.7926
INFO:__main__:
【Val】:  SENS: 0.7003  SPEC: 0.8682  PPV: 0.8132  NPV: 0.7796
INFO:__main__:验证的best_acc:0.8551
INFO:__main__:----------------------------------------------------------------------------------------------------
INFO:__main__:
【train】epoch:77/100 loss:0.1278 acc:0.9509
INFO:__main__:
【val】epoch:77/100 loss:0.5926 acc:0.8324
INFO:__main__:
【Val】:  SENS: 0.7918  SPEC: 0.8656  PPV: 0.8284  NPV: 0.8354
INFO:__main__:验证的best_acc:0.8551
INFO:__main__:----------------------------------------------------------------------------------------------------
INFO:__main__:
【train】epoch:78/100 loss:0.1213 acc:0.9492
INFO:__main__:
【val】epoch:78/100 loss:0.6276 acc:0.8210
INFO:__main__:
【Val】:  SENS: 0.8044  SPEC: 0.8346  PPV: 0.7994  NPV: 0.8390
INFO:__main__:验证的best_acc:0.8551
INFO:__main__:----------------------------------------------------------------------------------------------------
INFO:__main__:
【train】epoch:79/100 loss:0.1118 acc:0.9564
INFO:__main__:
【val】epoch:79/100 loss:0.5338 acc:0.8466
INFO:__main__:
【Val】:  SENS: 0.8202  SPEC: 0.8682  PPV: 0.8360  NPV: 0.8550
INFO:__main__:验证的best_acc:0.8551
INFO:__main__:----------------------------------------------------------------------------------------------------
INFO:__main__:
【train】epoch:80/100 loss:0.1093 acc:0.9595
INFO:__main__:
【val】epoch:80/100 loss:0.5893 acc:0.8409
INFO:__main__:
【Val】:  SENS: 0.8107  SPEC: 0.8656  PPV: 0.8317  NPV: 0.8481
INFO:__main__:验证的best_acc:0.8551
INFO:__main__:----------------------------------------------------------------------------------------------------
INFO:__main__:
【train】epoch:81/100 loss:0.1105 acc:0.9588
INFO:__main__:
【val】epoch:81/100 loss:0.5763 acc:0.8452
INFO:__main__:
【Val】:  SENS: 0.7918  SPEC: 0.8889  PPV: 0.8537  NPV: 0.8390
INFO:__main__:验证的best_acc:0.8551
INFO:__main__:----------------------------------------------------------------------------------------------------
INFO:__main__:
【train】epoch:82/100 loss:0.1145 acc:0.9548
INFO:__main__:
【val】epoch:82/100 loss:0.6151 acc:0.8295
INFO:__main__:
【Val】:  SENS: 0.7886  SPEC: 0.8630  PPV: 0.8251  NPV: 0.8329
INFO:__main__:验证的best_acc:0.8551
INFO:__main__:----------------------------------------------------------------------------------------------------
INFO:__main__:
【train】epoch:83/100 loss:0.1117 acc:0.9600
INFO:__main__:
【val】epoch:83/100 loss:0.5992 acc:0.8381
INFO:__main__:
【Val】:  SENS: 0.7918  SPEC: 0.8760  PPV: 0.8395  NPV: 0.8370
INFO:__main__:验证的best_acc:0.8551
INFO:__main__:----------------------------------------------------------------------------------------------------
INFO:__main__:
【train】epoch:84/100 loss:0.1105 acc:0.9562
INFO:__main__:
【val】epoch:84/100 loss:0.6079 acc:0.8352
INFO:__main__:
【Val】:  SENS: 0.7823  SPEC: 0.8786  PPV: 0.8407  NPV: 0.8313
INFO:__main__:验证的best_acc:0.8551
INFO:__main__:----------------------------------------------------------------------------------------------------
INFO:__main__:
【train】epoch:85/100 loss:0.1004 acc:0.9626
INFO:__main__:
【val】epoch:85/100 loss:0.6308 acc:0.8324
INFO:__main__:
【Val】:  SENS: 0.8265  SPEC: 0.8372  PPV: 0.8062  NPV: 0.8549
INFO:__main__:验证的best_acc:0.8551
INFO:__main__:----------------------------------------------------------------------------------------------------
INFO:__main__:
【train】epoch:86/100 loss:0.1081 acc:0.9597
INFO:__main__:
【val】epoch:86/100 loss:0.6908 acc:0.8381
INFO:__main__:
【Val】:  SENS: 0.8076  SPEC: 0.8630  PPV: 0.8285  NPV: 0.8456
INFO:__main__:验证的best_acc:0.8551
INFO:__main__:----------------------------------------------------------------------------------------------------
INFO:__main__:
【train】epoch:87/100 loss:0.1022 acc:0.9600
INFO:__main__:
【val】epoch:87/100 loss:0.6598 acc:0.8210
INFO:__main__:
【Val】:  SENS: 0.7918  SPEC: 0.8450  PPV: 0.8071  NPV: 0.8321
INFO:__main__:验证的best_acc:0.8551
INFO:__main__:----------------------------------------------------------------------------------------------------
INFO:__main__:
【train】epoch:88/100 loss:0.1034 acc:0.9605
INFO:__main__:
【val】epoch:88/100 loss:0.6818 acc:0.8338
INFO:__main__:
【Val】:  SENS: 0.8328  SPEC: 0.8346  PPV: 0.8049  NPV: 0.8590
INFO:__main__:验证的best_acc:0.8551
INFO:__main__:----------------------------------------------------------------------------------------------------
INFO:__main__:
【train】epoch:89/100 loss:0.1052 acc:0.9595
INFO:__main__:
【val】epoch:89/100 loss:0.6313 acc:0.8310
INFO:__main__:
【Val】:  SENS: 0.8013  SPEC: 0.8553  PPV: 0.8194  NPV: 0.8401
INFO:__main__:验证的best_acc:0.8551
INFO:__main__:----------------------------------------------------------------------------------------------------
INFO:__main__:
【train】epoch:90/100 loss:0.0984 acc:0.9640
INFO:__main__:
【val】epoch:90/100 loss:0.6532 acc:0.8352
INFO:__main__:
【Val】:  SENS: 0.7918  SPEC: 0.8708  PPV: 0.8339  NPV: 0.8362
INFO:__main__:验证的best_acc:0.8551
INFO:__main__:----------------------------------------------------------------------------------------------------
INFO:__main__:
【train】epoch:91/100 loss:0.0909 acc:0.9653
INFO:__main__:
【val】epoch:91/100 loss:0.6798 acc:0.8381
INFO:__main__:
【Val】:  SENS: 0.8202  SPEC: 0.8527  PPV: 0.8202  NPV: 0.8527
INFO:__main__:验证的best_acc:0.8551
INFO:__main__:----------------------------------------------------------------------------------------------------
INFO:__main__:
【train】epoch:92/100 loss:0.0920 acc:0.9660
INFO:__main__:
【val】epoch:92/100 loss:0.7342 acc:0.8281
INFO:__main__:
【Val】:  SENS: 0.8139  SPEC: 0.8398  PPV: 0.8062  NPV: 0.8464
INFO:__main__:验证的best_acc:0.8551
INFO:__main__:----------------------------------------------------------------------------------------------------
INFO:__main__:
【train】epoch:93/100 loss:0.0922 acc:0.9660
INFO:__main__:
【val】epoch:93/100 loss:0.6795 acc:0.8352
INFO:__main__:
【Val】:  SENS: 0.8233  SPEC: 0.8450  PPV: 0.8131  NPV: 0.8538
INFO:__main__:验证的best_acc:0.8551
INFO:__main__:----------------------------------------------------------------------------------------------------
INFO:__main__:
【train】epoch:94/100 loss:0.0916 acc:0.9677
INFO:__main__:
【val】epoch:94/100 loss:0.6709 acc:0.8239
INFO:__main__:
【Val】:  SENS: 0.7823  SPEC: 0.8579  PPV: 0.8185  NPV: 0.8279
INFO:__main__:验证的best_acc:0.8551
INFO:__main__:----------------------------------------------------------------------------------------------------
INFO:__main__:
【train】epoch:95/100 loss:0.0959 acc:0.9647
INFO:__main__:
【val】epoch:95/100 loss:0.6770 acc:0.8352
INFO:__main__:
【Val】:  SENS: 0.8328  SPEC: 0.8372  PPV: 0.8073  NPV: 0.8594
INFO:__main__:验证的best_acc:0.8551
INFO:__main__:----------------------------------------------------------------------------------------------------
INFO:__main__:
【train】epoch:96/100 loss:0.0996 acc:0.9644
INFO:__main__:
【val】epoch:96/100 loss:0.6752 acc:0.8452
INFO:__main__:
【Val】:  SENS: 0.7950  SPEC: 0.8863  PPV: 0.8514  NPV: 0.8407
INFO:__main__:验证的best_acc:0.8551
INFO:__main__:----------------------------------------------------------------------------------------------------
INFO:__main__:
【train】epoch:97/100 loss:0.0893 acc:0.9647
INFO:__main__:
【val】epoch:97/100 loss:0.6870 acc:0.8409
INFO:__main__:
【Val】:  SENS: 0.8076  SPEC: 0.8682  PPV: 0.8339  NPV: 0.8463
INFO:__main__:验证的best_acc:0.8551
INFO:__main__:----------------------------------------------------------------------------------------------------
INFO:__main__:
【train】epoch:98/100 loss:0.0928 acc:0.9632
INFO:__main__:
【val】epoch:98/100 loss:0.7302 acc:0.8210
INFO:__main__:
【Val】:  SENS: 0.7950  SPEC: 0.8424  PPV: 0.8051  NPV: 0.8338
INFO:__main__:验证的best_acc:0.8551
INFO:__main__:----------------------------------------------------------------------------------------------------
INFO:__main__:
【train】epoch:99/100 loss:0.0782 acc:0.9701
INFO:__main__:
【val】epoch:99/100 loss:0.7073 acc:0.8409
INFO:__main__:
【Val】:  SENS: 0.8233  SPEC: 0.8553  PPV: 0.8233  NPV: 0.8553
INFO:__main__:验证的best_acc:0.8551
INFO:__main__:----------------------------------------------------------------------------------------------------
INFO:__main__:****************************************************************************************************
INFO:__main__:Val_LOSS:['0.8602', '0.6767', '0.7205', '0.5992', '0.5427', '0.5168', '0.5675', '0.7464', '0.5109', '0.4876', '0.4736', '0.4823', '0.4292', '0.4423', '0.4902', '0.7473', '0.4788', '0.4225', '0.4030', '0.4355', '0.4441', '0.4918', '0.4205', '0.4426', '0.4176', '0.4213', '0.4382', '0.4005', '0.4389', '0.7368', '0.5363', '0.4342', '0.4301', '0.5661', '0.4762', '0.4131', '0.4237', '0.4113', '0.4463', '0.4599', '0.6668', '0.4571', '0.4140', '0.5082', '0.5019', '0.4881', '0.5388', '0.5163', '0.5016', '0.5039', '0.6121', '0.4395', '0.5064', '0.5375', '0.5094', '0.4930', '0.6130', '0.4709', '0.5726', '0.5150', '0.5327', '0.5503', '0.5658', '0.4954', '0.5214', '0.5450', '0.5667', '0.5473', '0.5721', '0.5048', '0.5952', '0.6054', '0.5790', '0.5478', '0.6205', '0.6103', '0.6830', '0.5926', '0.6276', '0.5338', '0.5893', '0.5763', '0.6151', '0.5992', '0.6079', '0.6308', '0.6908', '0.6598', '0.6818', '0.6313', '0.6532', '0.6798', '0.7342', '0.6795', '0.6709', '0.6770', '0.6752', '0.6870', '0.7302', '0.7073']
INFO:__main__:Val_ACC:['0.5710', '0.6406', '0.6705', '0.6903', '0.7301', '0.7457', '0.7628', '0.7088', '0.7770', '0.7784', '0.7798', '0.7884', '0.8111', '0.8054', '0.7983', '0.6960', '0.7827', '0.8153', '0.8011', '0.8082', '0.7955', '0.8040', '0.8153', '0.8168', '0.8139', '0.8068', '0.8182', '0.8281', '0.8068', '0.7543', '0.8111', '0.8239', '0.8168', '0.7955', '0.8097', '0.8253', '0.8097', '0.8366', '0.8366', '0.8168', '0.7784', '0.8125', '0.8281', '0.7969', '0.8082', '0.8153', '0.8068', '0.8139', '0.8310', '0.8224', '0.8153', '0.8438', '0.8253', '0.8182', '0.8352', '0.8224', '0.7969', '0.8366', '0.8324', '0.8153', '0.8210', '0.8281', '0.8168', '0.8452', '0.8281', '0.8210', '0.8281', '0.8224', '0.8395', '0.8551', '0.8295', '0.8139', '0.8253', '0.8466', '0.8082', '0.8239', '0.7926', '0.8324', '0.8210', '0.8466', '0.8409', '0.8452', '0.8295', '0.8381', '0.8352', '0.8324', '0.8381', '0.8210', '0.8338', '0.8310', '0.8352', '0.8381', '0.8281', '0.8352', '0.8239', '0.8352', '0.8452', '0.8409', '0.8210', '0.8409']
INFO:__main__:****************************************************************************************************
INFO:__main__: epoch0 测试test_Loss: 0.4877  test_ACC: 0.8638  
INFO:__main__:SENS: 0.8278 SPEC: 0.8939 PPV: 0.8671 NPV: 0.8613
INFO:__main__:test_Best_acc:0.8638

