INFO:__main__:
【train】epoch:0/150 loss:1.6184 acc:0.5839
INFO:__main__:
【val】epoch:0/150 loss:5.7471 acc:0.6790
INFO:__main__:
【Val】:  SENS: 0.6877  SPEC: 0.6718  PPV: 0.6319  NPV: 0.7242 F1:0.6586
INFO:__main__:验证的best_acc:0.6790
INFO:__main__:----------------------------------------------------------------------------------------------------
INFO:__main__:
【train】epoch:0/150 loss:1.6184 acc:0.5839
INFO:__main__:
【val】epoch:0/150 loss:5.7471 acc:0.6790
INFO:__main__:
【Val】:  SENS: 0.6877  SPEC: 0.6718  PPV: 0.6319  NPV: 0.7242 F1:0.6586
INFO:__main__:验证的best_acc:0.6790
INFO:__main__:----------------------------------------------------------------------------------------------------
INFO:__main__:
【train】epoch:1/150 loss:0.8724 acc:0.6459
INFO:__main__:
【val】epoch:1/150 loss:0.5709 acc:0.6974
INFO:__main__:
【Val】:  SENS: 0.7035  SPEC: 0.6925  PPV: 0.6520  NPV: 0.7403 F1:0.6768
INFO:__main__:验证的best_acc:0.6974
INFO:__main__:----------------------------------------------------------------------------------------------------
INFO:__main__:
【train】epoch:2/150 loss:0.7831 acc:0.6861
INFO:__main__:
【val】epoch:2/150 loss:1.2150 acc:0.7116
INFO:__main__:
【Val】:  SENS: 0.5931  SPEC: 0.8088  PPV: 0.7176  NPV: 0.7081 F1:0.6494
INFO:__main__:验证的best_acc:0.7116
INFO:__main__:----------------------------------------------------------------------------------------------------
INFO:__main__:
【train】epoch:3/150 loss:0.7189 acc:0.7252
INFO:__main__:
【val】epoch:3/150 loss:1.1965 acc:0.7514
INFO:__main__:
【Val】:  SENS: 0.6656  SPEC: 0.8217  PPV: 0.7536  NPV: 0.7500 F1:0.7069
INFO:__main__:验证的best_acc:0.7514
INFO:__main__:----------------------------------------------------------------------------------------------------
INFO:__main__:
【train】epoch:4/150 loss:0.6553 acc:0.7643
INFO:__main__:
【val】epoch:4/150 loss:0.5266 acc:0.7571
INFO:__main__:
【Val】:  SENS: 0.7287  SPEC: 0.7804  PPV: 0.7310  NPV: 0.7784 F1:0.7299
INFO:__main__:验证的best_acc:0.7571
INFO:__main__:----------------------------------------------------------------------------------------------------
INFO:__main__:
【train】epoch:5/150 loss:0.5930 acc:0.7933
INFO:__main__:
【val】epoch:5/150 loss:0.5692 acc:0.7585
INFO:__main__:
【Val】:  SENS: 0.8549  SPEC: 0.6796  PPV: 0.6861  NPV: 0.8511 F1:0.7612
INFO:__main__:验证的best_acc:0.7585
INFO:__main__:----------------------------------------------------------------------------------------------------
INFO:__main__:
【train】epoch:6/150 loss:0.5563 acc:0.8066
INFO:__main__:
【val】epoch:6/150 loss:0.4252 acc:0.8068
INFO:__main__:
【Val】:  SENS: 0.7192  SPEC: 0.8786  PPV: 0.8291  NPV: 0.7925 F1:0.7703
INFO:__main__:验证的best_acc:0.8068
INFO:__main__:----------------------------------------------------------------------------------------------------
INFO:__main__:
【train】epoch:7/150 loss:0.5313 acc:0.8151
INFO:__main__:
【val】epoch:7/150 loss:0.4494 acc:0.7713
INFO:__main__:
【Val】:  SENS: 0.6782  SPEC: 0.8475  PPV: 0.7847  NPV: 0.7628 F1:0.7276
INFO:__main__:验证的best_acc:0.8068
INFO:__main__:----------------------------------------------------------------------------------------------------
INFO:__main__:
【train】epoch:8/150 loss:0.5112 acc:0.8214
INFO:__main__:
【val】epoch:8/150 loss:0.5147 acc:0.7699
INFO:__main__:
【Val】:  SENS: 0.8675  SPEC: 0.6899  PPV: 0.6962  NPV: 0.8641 F1:0.7725
INFO:__main__:验证的best_acc:0.8068
INFO:__main__:----------------------------------------------------------------------------------------------------
INFO:__main__:
【train】epoch:9/150 loss:0.4830 acc:0.8385
INFO:__main__:
【val】epoch:9/150 loss:0.3745 acc:0.8310
INFO:__main__:
【Val】:  SENS: 0.7760  SPEC: 0.8760  PPV: 0.8367  NPV: 0.8268 F1:0.8052
INFO:__main__:验证的best_acc:0.8310
INFO:__main__:----------------------------------------------------------------------------------------------------
INFO:__main__:
【train】epoch:10/150 loss:0.4801 acc:0.8345
INFO:__main__:
【val】epoch:10/150 loss:0.5633 acc:0.7656
INFO:__main__:
【Val】:  SENS: 0.8612  SPEC: 0.6873  PPV: 0.6929  NPV: 0.8581 F1:0.7679
INFO:__main__:验证的best_acc:0.8310
INFO:__main__:----------------------------------------------------------------------------------------------------
INFO:__main__:
【train】epoch:11/150 loss:0.4669 acc:0.8403
INFO:__main__:
【val】epoch:11/150 loss:0.5872 acc:0.7727
INFO:__main__:
【Val】:  SENS: 0.8612  SPEC: 0.7003  PPV: 0.7018  NPV: 0.8603 F1:0.7734
INFO:__main__:验证的best_acc:0.8310
INFO:__main__:----------------------------------------------------------------------------------------------------
INFO:__main__:
【train】epoch:12/150 loss:0.4545 acc:0.8493
INFO:__main__:
【val】epoch:12/150 loss:0.5829 acc:0.7585
INFO:__main__:
【Val】:  SENS: 0.8612  SPEC: 0.6744  PPV: 0.6842  NPV: 0.8557 F1:0.7626
INFO:__main__:验证的best_acc:0.8310
INFO:__main__:----------------------------------------------------------------------------------------------------
INFO:__main__:
【train】epoch:13/150 loss:0.4481 acc:0.8465
INFO:__main__:
【val】epoch:13/150 loss:0.3998 acc:0.8125
INFO:__main__:
【Val】:  SENS: 0.7603  SPEC: 0.8553  PPV: 0.8114  NPV: 0.8133 F1:0.7850
INFO:__main__:验证的best_acc:0.8310
INFO:__main__:----------------------------------------------------------------------------------------------------
INFO:__main__:
【train】epoch:14/150 loss:0.4446 acc:0.8497
INFO:__main__:
【val】epoch:14/150 loss:0.4961 acc:0.7699
INFO:__main__:
【Val】:  SENS: 0.8517  SPEC: 0.7028  PPV: 0.7013  NPV: 0.8527 F1:0.7692
INFO:__main__:验证的best_acc:0.8310
INFO:__main__:----------------------------------------------------------------------------------------------------
INFO:__main__:
【train】epoch:15/150 loss:0.4294 acc:0.8549
INFO:__main__:
【val】epoch:15/150 loss:0.3814 acc:0.8295
INFO:__main__:
【Val】:  SENS: 0.8202  SPEC: 0.8372  PPV: 0.8050  NPV: 0.8504 F1:0.8125
INFO:__main__:验证的best_acc:0.8310
INFO:__main__:----------------------------------------------------------------------------------------------------
INFO:__main__:
【train】epoch:16/150 loss:0.4330 acc:0.8521
INFO:__main__:
【val】epoch:16/150 loss:0.3984 acc:0.8438
INFO:__main__:
【Val】:  SENS: 0.8644  SPEC: 0.8269  PPV: 0.8035  NPV: 0.8815 F1:0.8328
INFO:__main__:验证的best_acc:0.8438
INFO:__main__:----------------------------------------------------------------------------------------------------
INFO:__main__:
【train】epoch:17/150 loss:0.4269 acc:0.8577
INFO:__main__:
【val】epoch:17/150 loss:0.4357 acc:0.8253
INFO:__main__:
【Val】:  SENS: 0.8833  SPEC: 0.7778  PPV: 0.7650  NPV: 0.8905 F1:0.8199
INFO:__main__:验证的best_acc:0.8438
INFO:__main__:----------------------------------------------------------------------------------------------------
INFO:__main__:
【train】epoch:18/150 loss:0.4126 acc:0.8637
INFO:__main__:
【val】epoch:18/150 loss:0.3701 acc:0.8480
INFO:__main__:
【Val】:  SENS: 0.8549  SPEC: 0.8424  PPV: 0.8163  NPV: 0.8763 F1:0.8351
INFO:__main__:验证的best_acc:0.8480
INFO:__main__:----------------------------------------------------------------------------------------------------
INFO:__main__:
【train】epoch:19/150 loss:0.3999 acc:0.8701
INFO:__main__:
【val】epoch:19/150 loss:0.3626 acc:0.8366
INFO:__main__:
【Val】:  SENS: 0.8738  SPEC: 0.8062  PPV: 0.7869  NPV: 0.8864 F1:0.8281
INFO:__main__:验证的best_acc:0.8480
INFO:__main__:----------------------------------------------------------------------------------------------------
INFO:__main__:
【train】epoch:20/150 loss:0.3915 acc:0.8724
INFO:__main__:
【val】epoch:20/150 loss:0.4036 acc:0.8366
INFO:__main__:
【Val】:  SENS: 0.8454  SPEC: 0.8295  PPV: 0.8024  NPV: 0.8676 F1:0.8233
INFO:__main__:验证的best_acc:0.8480
INFO:__main__:----------------------------------------------------------------------------------------------------
INFO:__main__:
【train】epoch:21/150 loss:0.3878 acc:0.8747
INFO:__main__:
【val】epoch:21/150 loss:0.3938 acc:0.8253
INFO:__main__:
【Val】:  SENS: 0.7950  SPEC: 0.8501  PPV: 0.8129  NPV: 0.8350 F1:0.8038
INFO:__main__:验证的best_acc:0.8480
INFO:__main__:----------------------------------------------------------------------------------------------------
INFO:__main__:
【train】epoch:22/150 loss:0.3793 acc:0.8792
INFO:__main__:
【val】epoch:22/150 loss:0.3798 acc:0.8295
INFO:__main__:
【Val】:  SENS: 0.8297  SPEC: 0.8295  PPV: 0.7994  NPV: 0.8560 F1:0.8142
INFO:__main__:验证的best_acc:0.8480
INFO:__main__:----------------------------------------------------------------------------------------------------
INFO:__main__:
【train】epoch:23/150 loss:0.3671 acc:0.8851
INFO:__main__:
【val】epoch:23/150 loss:0.4162 acc:0.8196
INFO:__main__:
【Val】:  SENS: 0.7666  SPEC: 0.8630  PPV: 0.8209  NPV: 0.8186 F1:0.7928
INFO:__main__:验证的best_acc:0.8480
INFO:__main__:----------------------------------------------------------------------------------------------------
INFO:__main__:
【train】epoch:24/150 loss:0.3682 acc:0.8801
INFO:__main__:
【val】epoch:24/150 loss:0.4483 acc:0.8182
INFO:__main__:
【Val】:  SENS: 0.7729  SPEC: 0.8553  PPV: 0.8140  NPV: 0.8213 F1:0.7929
INFO:__main__:验证的best_acc:0.8480
INFO:__main__:----------------------------------------------------------------------------------------------------
INFO:__main__:
【train】epoch:25/150 loss:0.3691 acc:0.8837
INFO:__main__:
【val】epoch:25/150 loss:0.4013 acc:0.8224
INFO:__main__:
【Val】:  SENS: 0.7729  SPEC: 0.8630  PPV: 0.8221  NPV: 0.8227 F1:0.7967
INFO:__main__:验证的best_acc:0.8480
INFO:__main__:----------------------------------------------------------------------------------------------------
INFO:__main__:
【train】epoch:26/150 loss:0.3580 acc:0.8877
INFO:__main__:
【val】epoch:26/150 loss:0.4535 acc:0.8196
INFO:__main__:
【Val】:  SENS: 0.8991  SPEC: 0.7545  PPV: 0.7500  NPV: 0.9012 F1:0.8178
INFO:__main__:验证的best_acc:0.8480
INFO:__main__:----------------------------------------------------------------------------------------------------
INFO:__main__:
【train】epoch:27/150 loss:0.3550 acc:0.8850
INFO:__main__:
【val】epoch:27/150 loss:0.4864 acc:0.8352
INFO:__main__:
【Val】:  SENS: 0.8139  SPEC: 0.8527  PPV: 0.8190  NPV: 0.8483 F1:0.8165
INFO:__main__:验证的best_acc:0.8480
INFO:__main__:----------------------------------------------------------------------------------------------------
INFO:__main__:
【train】epoch:28/150 loss:0.3446 acc:0.8897
INFO:__main__:
【val】epoch:28/150 loss:0.4115 acc:0.8480
INFO:__main__:
【Val】:  SENS: 0.9054  SPEC: 0.8010  PPV: 0.7885  NPV: 0.9118 F1:0.8429
INFO:__main__:验证的best_acc:0.8480
INFO:__main__:----------------------------------------------------------------------------------------------------
INFO:__main__:
【train】epoch:29/150 loss:0.3258 acc:0.9014
INFO:__main__:
【val】epoch:29/150 loss:0.3754 acc:0.8480
INFO:__main__:
【Val】:  SENS: 0.8265  SPEC: 0.8656  PPV: 0.8344  NPV: 0.8590 F1:0.8304
INFO:__main__:验证的best_acc:0.8480
INFO:__main__:----------------------------------------------------------------------------------------------------
INFO:__main__:
【train】epoch:30/150 loss:0.3235 acc:0.9003
INFO:__main__:
【val】epoch:30/150 loss:0.4293 acc:0.8409
INFO:__main__:
【Val】:  SENS: 0.8896  SPEC: 0.8010  PPV: 0.7855  NPV: 0.8986 F1:0.8343
INFO:__main__:验证的best_acc:0.8480
INFO:__main__:----------------------------------------------------------------------------------------------------
INFO:__main__:
【train】epoch:31/150 loss:0.3158 acc:0.9024
INFO:__main__:
【val】epoch:31/150 loss:0.4529 acc:0.8196
INFO:__main__:
【Val】:  SENS: 0.7476  SPEC: 0.8786  PPV: 0.8345  NPV: 0.8095 F1:0.7887
INFO:__main__:验证的best_acc:0.8480
INFO:__main__:----------------------------------------------------------------------------------------------------
INFO:__main__:
【train】epoch:32/150 loss:0.3120 acc:0.9029
INFO:__main__:
【val】epoch:32/150 loss:0.3983 acc:0.8366
INFO:__main__:
【Val】:  SENS: 0.7918  SPEC: 0.8734  PPV: 0.8367  NPV: 0.8366 F1:0.8136
INFO:__main__:验证的best_acc:0.8480
INFO:__main__:----------------------------------------------------------------------------------------------------
INFO:__main__:
【train】epoch:33/150 loss:0.3067 acc:0.9085
INFO:__main__:
【val】epoch:33/150 loss:0.4000 acc:0.8523
INFO:__main__:
【Val】:  SENS: 0.8675  SPEC: 0.8398  PPV: 0.8160  NPV: 0.8856 F1:0.8410
INFO:__main__:验证的best_acc:0.8523
INFO:__main__:----------------------------------------------------------------------------------------------------
INFO:__main__:
【train】epoch:34/150 loss:0.2942 acc:0.9124
INFO:__main__:
【val】epoch:34/150 loss:0.3801 acc:0.8438
INFO:__main__:
【Val】:  SENS: 0.8233  SPEC: 0.8605  PPV: 0.8286  NPV: 0.8560 F1:0.8259
INFO:__main__:验证的best_acc:0.8523
INFO:__main__:----------------------------------------------------------------------------------------------------
INFO:__main__:
【train】epoch:35/150 loss:0.3006 acc:0.9104
INFO:__main__:
【val】epoch:35/150 loss:0.4215 acc:0.8509
INFO:__main__:
【Val】:  SENS: 0.7950  SPEC: 0.8966  PPV: 0.8630  NPV: 0.8422 F1:0.8276
INFO:__main__:验证的best_acc:0.8523
INFO:__main__:----------------------------------------------------------------------------------------------------
INFO:__main__:
【train】epoch:36/150 loss:0.3040 acc:0.9056
INFO:__main__:
【val】epoch:36/150 loss:0.3984 acc:0.8537
INFO:__main__:
【Val】:  SENS: 0.8612  SPEC: 0.8475  PPV: 0.8223  NPV: 0.8817 F1:0.8413
INFO:__main__:验证的best_acc:0.8537
INFO:__main__:----------------------------------------------------------------------------------------------------
INFO:__main__:
【train】epoch:37/150 loss:0.2954 acc:0.9097
INFO:__main__:
【val】epoch:37/150 loss:0.4189 acc:0.8409
INFO:__main__:
【Val】:  SENS: 0.8738  SPEC: 0.8140  PPV: 0.7937  NPV: 0.8873 F1:0.8318
INFO:__main__:验证的best_acc:0.8537
INFO:__main__:----------------------------------------------------------------------------------------------------
INFO:__main__:
【train】epoch:38/150 loss:0.2775 acc:0.9145
INFO:__main__:
【val】epoch:38/150 loss:0.4029 acc:0.8452
INFO:__main__:
【Val】:  SENS: 0.8265  SPEC: 0.8605  PPV: 0.8291  NPV: 0.8582 F1:0.8278
INFO:__main__:验证的best_acc:0.8537
INFO:__main__:----------------------------------------------------------------------------------------------------
INFO:__main__:
【train】epoch:39/150 loss:0.2710 acc:0.9232
INFO:__main__:
【val】epoch:39/150 loss:0.3921 acc:0.8352
INFO:__main__:
【Val】:  SENS: 0.8107  SPEC: 0.8553  PPV: 0.8211  NPV: 0.8465 F1:0.8159
INFO:__main__:验证的best_acc:0.8537
INFO:__main__:----------------------------------------------------------------------------------------------------
INFO:__main__:
【train】epoch:40/150 loss:0.2620 acc:0.9265
INFO:__main__:
【val】epoch:40/150 loss:0.4341 acc:0.8452
INFO:__main__:
【Val】:  SENS: 0.7918  SPEC: 0.8889  PPV: 0.8537  NPV: 0.8390 F1:0.8216
INFO:__main__:验证的best_acc:0.8537
INFO:__main__:----------------------------------------------------------------------------------------------------
INFO:__main__:
【train】epoch:41/150 loss:0.2606 acc:0.9286
INFO:__main__:
【val】epoch:41/150 loss:0.4411 acc:0.8438
INFO:__main__:
【Val】:  SENS: 0.8675  SPEC: 0.8243  PPV: 0.8017  NPV: 0.8837 F1:0.8333
INFO:__main__:验证的best_acc:0.8537
INFO:__main__:----------------------------------------------------------------------------------------------------
INFO:__main__:
【train】epoch:42/150 loss:0.2488 acc:0.9305
INFO:__main__:
【val】epoch:42/150 loss:0.5541 acc:0.8338
INFO:__main__:
【Val】:  SENS: 0.7760  SPEC: 0.8811  PPV: 0.8425  NPV: 0.8277 F1:0.8079
INFO:__main__:验证的best_acc:0.8537
INFO:__main__:----------------------------------------------------------------------------------------------------
INFO:__main__:
【train】epoch:43/150 loss:0.2557 acc:0.9262
INFO:__main__:
【val】epoch:43/150 loss:0.4818 acc:0.8253
INFO:__main__:
【Val】:  SENS: 0.7634  SPEC: 0.8760  PPV: 0.8345  NPV: 0.8188 F1:0.7974
INFO:__main__:验证的best_acc:0.8537
INFO:__main__:----------------------------------------------------------------------------------------------------
INFO:__main__:
【train】epoch:44/150 loss:0.2513 acc:0.9295
INFO:__main__:
【val】epoch:44/150 loss:0.4764 acc:0.8480
INFO:__main__:
【Val】:  SENS: 0.7918  SPEC: 0.8941  PPV: 0.8596  NPV: 0.8398 F1:0.8243
INFO:__main__:验证的best_acc:0.8537
INFO:__main__:----------------------------------------------------------------------------------------------------
INFO:__main__:
【train】epoch:45/150 loss:0.2373 acc:0.9326
INFO:__main__:
【val】epoch:45/150 loss:0.5026 acc:0.8253
INFO:__main__:
【Val】:  SENS: 0.7287  SPEC: 0.9044  PPV: 0.8619  NPV: 0.8028 F1:0.7897
INFO:__main__:验证的best_acc:0.8537
INFO:__main__:----------------------------------------------------------------------------------------------------
INFO:__main__:
【train】epoch:46/150 loss:0.2370 acc:0.9349
INFO:__main__:
【val】epoch:46/150 loss:0.4214 acc:0.8580
INFO:__main__:
【Val】:  SENS: 0.8517  SPEC: 0.8630  PPV: 0.8359  NPV: 0.8766 F1:0.8437
INFO:__main__:验证的best_acc:0.8580
INFO:__main__:----------------------------------------------------------------------------------------------------
INFO:__main__:
【train】epoch:47/150 loss:0.2440 acc:0.9303
INFO:__main__:
【val】epoch:47/150 loss:0.5307 acc:0.8423
INFO:__main__:
【Val】:  SENS: 0.7918  SPEC: 0.8837  PPV: 0.8480  NPV: 0.8382 F1:0.8189
INFO:__main__:验证的best_acc:0.8580
INFO:__main__:----------------------------------------------------------------------------------------------------
INFO:__main__:
【train】epoch:48/150 loss:0.2373 acc:0.9351
INFO:__main__:
【val】epoch:48/150 loss:0.4428 acc:0.8509
INFO:__main__:
【Val】:  SENS: 0.8265  SPEC: 0.8708  PPV: 0.8397  NPV: 0.8597 F1:0.8331
INFO:__main__:验证的best_acc:0.8580
INFO:__main__:----------------------------------------------------------------------------------------------------
INFO:__main__:
【train】epoch:49/150 loss:0.2134 acc:0.9417
INFO:__main__:
【val】epoch:49/150 loss:0.5084 acc:0.8395
INFO:__main__:
【Val】:  SENS: 0.7792  SPEC: 0.8889  PPV: 0.8517  NPV: 0.8309 F1:0.8138
INFO:__main__:验证的best_acc:0.8580
INFO:__main__:----------------------------------------------------------------------------------------------------
INFO:__main__:
【train】epoch:50/150 loss:0.2343 acc:0.9352
INFO:__main__:
【val】epoch:50/150 loss:0.4733 acc:0.8494
INFO:__main__:
【Val】:  SENS: 0.8076  SPEC: 0.8837  PPV: 0.8505  NPV: 0.8486 F1:0.8285
INFO:__main__:验证的best_acc:0.8580
INFO:__main__:----------------------------------------------------------------------------------------------------
INFO:__main__:
【train】epoch:51/150 loss:0.2101 acc:0.9433
INFO:__main__:
【val】epoch:51/150 loss:0.5108 acc:0.8395
INFO:__main__:
【Val】:  SENS: 0.8297  SPEC: 0.8475  PPV: 0.8168  NPV: 0.8586 F1:0.8232
INFO:__main__:验证的best_acc:0.8580
INFO:__main__:----------------------------------------------------------------------------------------------------
INFO:__main__:
【train】epoch:52/150 loss:0.2048 acc:0.9462
INFO:__main__:
【val】epoch:52/150 loss:0.4652 acc:0.8324
INFO:__main__:
【Val】:  SENS: 0.8833  SPEC: 0.7907  PPV: 0.7756  NPV: 0.8921 F1:0.8260
INFO:__main__:验证的best_acc:0.8580
INFO:__main__:----------------------------------------------------------------------------------------------------
INFO:__main__:
【train】epoch:53/150 loss:0.2032 acc:0.9478
INFO:__main__:
【val】epoch:53/150 loss:0.4898 acc:0.8622
INFO:__main__:
【Val】:  SENS: 0.8454  SPEC: 0.8760  PPV: 0.8481  NPV: 0.8737 F1:0.8468
INFO:__main__:验证的best_acc:0.8622
INFO:__main__:----------------------------------------------------------------------------------------------------
INFO:__main__:
【train】epoch:54/150 loss:0.2047 acc:0.9436
INFO:__main__:
【val】epoch:54/150 loss:0.5700 acc:0.8480
INFO:__main__:
【Val】:  SENS: 0.7950  SPEC: 0.8915  PPV: 0.8571  NPV: 0.8415 F1:0.8249
INFO:__main__:验证的best_acc:0.8622
INFO:__main__:----------------------------------------------------------------------------------------------------
INFO:__main__:
【train】epoch:55/150 loss:0.2013 acc:0.9481
INFO:__main__:
【val】epoch:55/150 loss:0.5194 acc:0.8565
INFO:__main__:
【Val】:  SENS: 0.8076  SPEC: 0.8966  PPV: 0.8649  NPV: 0.8505 F1:0.8352
INFO:__main__:验证的best_acc:0.8622
INFO:__main__:----------------------------------------------------------------------------------------------------
INFO:__main__:
【train】epoch:56/150 loss:0.2026 acc:0.9454
INFO:__main__:
【val】epoch:56/150 loss:0.5219 acc:0.8494
INFO:__main__:
【Val】:  SENS: 0.8076  SPEC: 0.8837  PPV: 0.8505  NPV: 0.8486 F1:0.8285
INFO:__main__:验证的best_acc:0.8622
INFO:__main__:----------------------------------------------------------------------------------------------------
INFO:__main__:
【train】epoch:57/150 loss:0.1987 acc:0.9492
INFO:__main__:
【val】epoch:57/150 loss:0.4513 acc:0.8494
INFO:__main__:
【Val】:  SENS: 0.8644  SPEC: 0.8372  PPV: 0.8131  NPV: 0.8828 F1:0.8379
INFO:__main__:验证的best_acc:0.8622
INFO:__main__:----------------------------------------------------------------------------------------------------
INFO:__main__:
【train】epoch:58/150 loss:0.1892 acc:0.9537
INFO:__main__:
【val】epoch:58/150 loss:0.4767 acc:0.8608
INFO:__main__:
【Val】:  SENS: 0.8391  SPEC: 0.8786  PPV: 0.8498  NPV: 0.8696 F1:0.8444
INFO:__main__:验证的best_acc:0.8622
INFO:__main__:----------------------------------------------------------------------------------------------------
INFO:__main__:
【train】epoch:59/150 loss:0.1695 acc:0.9574
INFO:__main__:
【val】epoch:59/150 loss:0.5061 acc:0.8580
INFO:__main__:
【Val】:  SENS: 0.8580  SPEC: 0.8579  PPV: 0.8318  NPV: 0.8806 F1:0.8447
INFO:__main__:验证的best_acc:0.8622
INFO:__main__:----------------------------------------------------------------------------------------------------
INFO:__main__:
【train】epoch:60/150 loss:0.1663 acc:0.9626
INFO:__main__:
【val】epoch:60/150 loss:10.6174 acc:0.8551
INFO:__main__:
【Val】:  SENS: 0.8549  SPEC: 0.8553  PPV: 0.8287  NPV: 0.8780 F1:0.8416
INFO:__main__:验证的best_acc:0.8622
INFO:__main__:----------------------------------------------------------------------------------------------------
INFO:__main__:
【train】epoch:61/150 loss:0.1685 acc:0.9595
INFO:__main__:
【val】epoch:61/150 loss:0.5326 acc:0.8608
INFO:__main__:
【Val】:  SENS: 0.8391  SPEC: 0.8786  PPV: 0.8498  NPV: 0.8696 F1:0.8444
INFO:__main__:验证的best_acc:0.8622
INFO:__main__:----------------------------------------------------------------------------------------------------
INFO:__main__:
【train】epoch:62/150 loss:0.1678 acc:0.9590
INFO:__main__:
【val】epoch:62/150 loss:207.8069 acc:0.8494
INFO:__main__:
【Val】:  SENS: 0.8328  SPEC: 0.8630  PPV: 0.8328  NPV: 0.8630 F1:0.8328
INFO:__main__:验证的best_acc:0.8622
INFO:__main__:----------------------------------------------------------------------------------------------------
INFO:__main__:
【train】epoch:63/150 loss:0.1706 acc:0.9595
INFO:__main__:
【val】epoch:63/150 loss:0.5534 acc:0.8395
INFO:__main__:
【Val】:  SENS: 0.7792  SPEC: 0.8889  PPV: 0.8517  NPV: 0.8309 F1:0.8138
INFO:__main__:验证的best_acc:0.8622
INFO:__main__:----------------------------------------------------------------------------------------------------
INFO:__main__:
【train】epoch:64/150 loss:0.1545 acc:0.9654
INFO:__main__:
【val】epoch:64/150 loss:15.6995 acc:0.8480
INFO:__main__:
【Val】:  SENS: 0.8044  SPEC: 0.8837  PPV: 0.8500  NPV: 0.8465 F1:0.8266
INFO:__main__:验证的best_acc:0.8622
INFO:__main__:----------------------------------------------------------------------------------------------------
INFO:__main__:
【train】epoch:65/150 loss:0.1648 acc:0.9593
INFO:__main__:
【val】epoch:65/150 loss:0.9755 acc:0.8622
INFO:__main__:
【Val】:  SENS: 0.8486  SPEC: 0.8734  PPV: 0.8459  NPV: 0.8756 F1:0.8472
INFO:__main__:验证的best_acc:0.8622
INFO:__main__:----------------------------------------------------------------------------------------------------
INFO:__main__:
【train】epoch:66/150 loss:0.1655 acc:0.9626
INFO:__main__:
【val】epoch:66/150 loss:0.5109 acc:0.8466
INFO:__main__:
【Val】:  SENS: 0.8233  SPEC: 0.8656  PPV: 0.8339  NPV: 0.8568 F1:0.8286
INFO:__main__:验证的best_acc:0.8622
INFO:__main__:----------------------------------------------------------------------------------------------------
INFO:__main__:
【train】epoch:67/150 loss:0.1640 acc:0.9604
INFO:__main__:
【val】epoch:67/150 loss:123.7428 acc:0.8466
INFO:__main__:
【Val】:  SENS: 0.8265  SPEC: 0.8630  PPV: 0.8317  NPV: 0.8586 F1:0.8291
INFO:__main__:验证的best_acc:0.8622
INFO:__main__:----------------------------------------------------------------------------------------------------
INFO:__main__:
【train】epoch:68/150 loss:0.1444 acc:0.9696
INFO:__main__:
【val】epoch:68/150 loss:262.5408 acc:0.8381
INFO:__main__:
【Val】:  SENS: 0.7697  SPEC: 0.8941  PPV: 0.8561  NPV: 0.8258 F1:0.8106
INFO:__main__:验证的best_acc:0.8622
INFO:__main__:----------------------------------------------------------------------------------------------------
INFO:__main__:
【train】epoch:69/150 loss:0.1479 acc:0.9679
INFO:__main__:
【val】epoch:69/150 loss:292.8794 acc:0.8665
INFO:__main__:
【Val】:  SENS: 0.8770  SPEC: 0.8579  PPV: 0.8348  NPV: 0.8949 F1:0.8554
INFO:__main__:验证的best_acc:0.8665
INFO:__main__:----------------------------------------------------------------------------------------------------
INFO:__main__:
【train】epoch:70/150 loss:0.1446 acc:0.9691
INFO:__main__:
【val】epoch:70/150 loss:253.7289 acc:0.8707
INFO:__main__:
【Val】:  SENS: 0.8801  SPEC: 0.8630  PPV: 0.8404  NPV: 0.8978 F1:0.8598
INFO:__main__:验证的best_acc:0.8707
INFO:__main__:----------------------------------------------------------------------------------------------------
INFO:__main__:
【train】epoch:71/150 loss:0.1488 acc:0.9686
INFO:__main__:
【val】epoch:71/150 loss:115.5280 acc:0.8622
INFO:__main__:
【Val】:  SENS: 0.8486  SPEC: 0.8734  PPV: 0.8459  NPV: 0.8756 F1:0.8472
INFO:__main__:验证的best_acc:0.8707
INFO:__main__:----------------------------------------------------------------------------------------------------
INFO:__main__:
【train】epoch:72/150 loss:0.1393 acc:0.9682
INFO:__main__:
【val】epoch:72/150 loss:180.9584 acc:0.8523
INFO:__main__:
【Val】:  SENS: 0.8612  SPEC: 0.8450  PPV: 0.8198  NPV: 0.8814 F1:0.8400
INFO:__main__:验证的best_acc:0.8707
INFO:__main__:----------------------------------------------------------------------------------------------------
INFO:__main__:
【train】epoch:73/150 loss:0.1292 acc:0.9738
INFO:__main__:
【val】epoch:73/150 loss:227.6842 acc:0.8551
INFO:__main__:
【Val】:  SENS: 0.8297  SPEC: 0.8760  PPV: 0.8457  NPV: 0.8626 F1:0.8376
INFO:__main__:验证的best_acc:0.8707
INFO:__main__:----------------------------------------------------------------------------------------------------
INFO:__main__:
【train】epoch:74/150 loss:0.1269 acc:0.9728
INFO:__main__:
【val】epoch:74/150 loss:710.9336 acc:0.8580
INFO:__main__:
【Val】:  SENS: 0.8423  SPEC: 0.8708  PPV: 0.8423  NPV: 0.8708 F1:0.8423
INFO:__main__:验证的best_acc:0.8707
INFO:__main__:----------------------------------------------------------------------------------------------------
INFO:__main__:
【train】epoch:75/150 loss:0.1263 acc:0.9747
INFO:__main__:
【val】epoch:75/150 loss:73.4930 acc:0.8679
INFO:__main__:
【Val】:  SENS: 0.8517  SPEC: 0.8811  PPV: 0.8544  NPV: 0.8789 F1:0.8531
INFO:__main__:验证的best_acc:0.8707
INFO:__main__:----------------------------------------------------------------------------------------------------
INFO:__main__:
【train】epoch:76/150 loss:0.1248 acc:0.9747
INFO:__main__:
【val】epoch:76/150 loss:103.8847 acc:0.8594
INFO:__main__:
【Val】:  SENS: 0.8549  SPEC: 0.8630  PPV: 0.8364  NPV: 0.8789 F1:0.8456
INFO:__main__:验证的best_acc:0.8707
INFO:__main__:----------------------------------------------------------------------------------------------------
INFO:__main__:
【train】epoch:77/150 loss:0.1383 acc:0.9726
INFO:__main__:
【val】epoch:77/150 loss:171.4222 acc:0.8551
INFO:__main__:
【Val】:  SENS: 0.8454  SPEC: 0.8630  PPV: 0.8349  NPV: 0.8721 F1:0.8401
INFO:__main__:验证的best_acc:0.8707
INFO:__main__:----------------------------------------------------------------------------------------------------
INFO:__main__:
【train】epoch:78/150 loss:0.1297 acc:0.9724
INFO:__main__:
【val】epoch:78/150 loss:255.2574 acc:0.8608
INFO:__main__:
【Val】:  SENS: 0.8549  SPEC: 0.8656  PPV: 0.8390  NPV: 0.8793 F1:0.8469
INFO:__main__:验证的best_acc:0.8707
INFO:__main__:----------------------------------------------------------------------------------------------------
INFO:__main__:
【train】epoch:79/150 loss:0.1279 acc:0.9724
INFO:__main__:
【val】epoch:79/150 loss:389.8093 acc:0.8665
INFO:__main__:
【Val】:  SENS: 0.8612  SPEC: 0.8708  PPV: 0.8452  NPV: 0.8845 F1:0.8531
INFO:__main__:验证的best_acc:0.8707
INFO:__main__:----------------------------------------------------------------------------------------------------
INFO:__main__:
【train】epoch:80/150 loss:0.1122 acc:0.9794
INFO:__main__:
【val】epoch:80/150 loss:1166.0875 acc:0.8565
INFO:__main__:
【Val】:  SENS: 0.8612  SPEC: 0.8527  PPV: 0.8273  NPV: 0.8824 F1:0.8439
INFO:__main__:验证的best_acc:0.8707
INFO:__main__:----------------------------------------------------------------------------------------------------
INFO:__main__:
【train】epoch:81/150 loss:0.1181 acc:0.9777
INFO:__main__:
【val】epoch:81/150 loss:20.1105 acc:0.8537
INFO:__main__:
【Val】:  SENS: 0.8265  SPEC: 0.8760  PPV: 0.8452  NPV: 0.8604 F1:0.8357
INFO:__main__:验证的best_acc:0.8707
INFO:__main__:----------------------------------------------------------------------------------------------------
INFO:__main__:
【train】epoch:82/150 loss:0.1107 acc:0.9796
INFO:__main__:
【val】epoch:82/150 loss:1487.4084 acc:0.8551
INFO:__main__:
【Val】:  SENS: 0.8328  SPEC: 0.8734  PPV: 0.8435  NPV: 0.8645 F1:0.8381
INFO:__main__:验证的best_acc:0.8707
INFO:__main__:----------------------------------------------------------------------------------------------------
INFO:__main__:
【train】epoch:83/150 loss:0.1135 acc:0.9799
INFO:__main__:
【val】epoch:83/150 loss:639.4175 acc:0.8651
INFO:__main__:
【Val】:  SENS: 0.8580  SPEC: 0.8708  PPV: 0.8447  NPV: 0.8822 F1:0.8513
INFO:__main__:验证的best_acc:0.8707
INFO:__main__:----------------------------------------------------------------------------------------------------
INFO:__main__:
【train】epoch:84/150 loss:0.1099 acc:0.9804
INFO:__main__:
【val】epoch:84/150 loss:200.4328 acc:0.8594
INFO:__main__:
【Val】:  SENS: 0.8233  SPEC: 0.8889  PPV: 0.8586  NPV: 0.8600 F1:0.8406
INFO:__main__:验证的best_acc:0.8707
INFO:__main__:----------------------------------------------------------------------------------------------------
INFO:__main__:
【train】epoch:85/150 loss:0.1071 acc:0.9794
INFO:__main__:
【val】epoch:85/150 loss:839.6288 acc:0.8580
INFO:__main__:
【Val】:  SENS: 0.8675  SPEC: 0.8501  PPV: 0.8258  NPV: 0.8868 F1:0.8462
INFO:__main__:验证的best_acc:0.8707
INFO:__main__:----------------------------------------------------------------------------------------------------
INFO:__main__:
【train】epoch:86/150 loss:0.0988 acc:0.9836
INFO:__main__:
【val】epoch:86/150 loss:361.6578 acc:0.8651
INFO:__main__:
【Val】:  SENS: 0.8770  SPEC: 0.8553  PPV: 0.8323  NPV: 0.8946 F1:0.8541
INFO:__main__:验证的best_acc:0.8707
INFO:__main__:----------------------------------------------------------------------------------------------------
INFO:__main__:
【train】epoch:87/150 loss:0.0917 acc:0.9871
INFO:__main__:
【val】epoch:87/150 loss:454.7643 acc:0.8608
INFO:__main__:
【Val】:  SENS: 0.8801  SPEC: 0.8450  PPV: 0.8230  NPV: 0.8959 F1:0.8506
INFO:__main__:验证的best_acc:0.8707
INFO:__main__:----------------------------------------------------------------------------------------------------
INFO:__main__:
【train】epoch:88/150 loss:0.1074 acc:0.9831
INFO:__main__:
【val】epoch:88/150 loss:172.3917 acc:0.8651
INFO:__main__:
【Val】:  SENS: 0.8486  SPEC: 0.8786  PPV: 0.8513  NPV: 0.8763 F1:0.8499
INFO:__main__:验证的best_acc:0.8707
INFO:__main__:----------------------------------------------------------------------------------------------------
INFO:__main__:
【train】epoch:89/150 loss:0.0891 acc:0.9855
INFO:__main__:
【val】epoch:89/150 loss:657.4248 acc:0.8665
INFO:__main__:
【Val】:  SENS: 0.8801  SPEC: 0.8553  PPV: 0.8328  NPV: 0.8970 F1:0.8558
INFO:__main__:验证的best_acc:0.8707
INFO:__main__:----------------------------------------------------------------------------------------------------
INFO:__main__:
【train】epoch:90/150 loss:0.0909 acc:0.9855
INFO:__main__:
【val】epoch:90/150 loss:1209.9134 acc:0.8736
INFO:__main__:
【Val】:  SENS: 0.8360  SPEC: 0.9044  PPV: 0.8775  NPV: 0.8706 F1:0.8562
INFO:__main__:验证的best_acc:0.8736
INFO:__main__:----------------------------------------------------------------------------------------------------
INFO:__main__:
【train】epoch:91/150 loss:0.0824 acc:0.9878
INFO:__main__:
【val】epoch:91/150 loss:1425.0922 acc:0.8651
INFO:__main__:
【Val】:  SENS: 0.8391  SPEC: 0.8863  PPV: 0.8581  NPV: 0.8706 F1:0.8485
INFO:__main__:验证的best_acc:0.8736
INFO:__main__:----------------------------------------------------------------------------------------------------
INFO:__main__:
【train】epoch:92/150 loss:0.0851 acc:0.9880
INFO:__main__:
【val】epoch:92/150 loss:312.6743 acc:0.8594
INFO:__main__:
【Val】:  SENS: 0.8612  SPEC: 0.8579  PPV: 0.8323  NPV: 0.8830 F1:0.8465
INFO:__main__:验证的best_acc:0.8736
INFO:__main__:----------------------------------------------------------------------------------------------------
INFO:__main__:
【train】epoch:93/150 loss:0.0946 acc:0.9846
INFO:__main__:
【val】epoch:93/150 loss:133.2353 acc:0.8551
INFO:__main__:
【Val】:  SENS: 0.8675  SPEC: 0.8450  PPV: 0.8209  NPV: 0.8862 F1:0.8436
INFO:__main__:验证的best_acc:0.8736
INFO:__main__:----------------------------------------------------------------------------------------------------
INFO:__main__:
【train】epoch:94/150 loss:0.0997 acc:0.9829
INFO:__main__:
【val】epoch:94/150 loss:617.4489 acc:0.8523
INFO:__main__:
【Val】:  SENS: 0.8233  SPEC: 0.8760  PPV: 0.8447  NPV: 0.8582 F1:0.8339
INFO:__main__:验证的best_acc:0.8736
INFO:__main__:----------------------------------------------------------------------------------------------------
INFO:__main__:
【train】epoch:95/150 loss:0.0829 acc:0.9894
INFO:__main__:
【val】epoch:95/150 loss:325.9388 acc:0.8736
INFO:__main__:
【Val】:  SENS: 0.8801  SPEC: 0.8682  PPV: 0.8455  NPV: 0.8984 F1:0.8624
INFO:__main__:验证的best_acc:0.8736
INFO:__main__:----------------------------------------------------------------------------------------------------
INFO:__main__:
【train】epoch:96/150 loss:0.0801 acc:0.9881
INFO:__main__:
【val】epoch:96/150 loss:559.0406 acc:0.8693
INFO:__main__:
【Val】:  SENS: 0.8391  SPEC: 0.8941  PPV: 0.8664  NPV: 0.8715 F1:0.8526
INFO:__main__:验证的best_acc:0.8736
INFO:__main__:----------------------------------------------------------------------------------------------------
INFO:__main__:
【train】epoch:97/150 loss:0.0898 acc:0.9860
INFO:__main__:
【val】epoch:97/150 loss:441.9170 acc:0.8665
INFO:__main__:
【Val】:  SENS: 0.8517  SPEC: 0.8786  PPV: 0.8517  NPV: 0.8786 F1:0.8517
INFO:__main__:验证的best_acc:0.8736
INFO:__main__:----------------------------------------------------------------------------------------------------
INFO:__main__:
【train】epoch:98/150 loss:0.0879 acc:0.9860
INFO:__main__:
【val】epoch:98/150 loss:621.7279 acc:0.8622
INFO:__main__:
【Val】:  SENS: 0.8612  SPEC: 0.8630  PPV: 0.8374  NPV: 0.8836 F1:0.8491
INFO:__main__:验证的best_acc:0.8736
INFO:__main__:----------------------------------------------------------------------------------------------------
INFO:__main__:
【train】epoch:99/150 loss:0.0835 acc:0.9874
INFO:__main__:
【val】epoch:99/150 loss:906.3946 acc:0.8665
INFO:__main__:
【Val】:  SENS: 0.8580  SPEC: 0.8734  PPV: 0.8474  NPV: 0.8825 F1:0.8527
INFO:__main__:验证的best_acc:0.8736
INFO:__main__:----------------------------------------------------------------------------------------------------
INFO:__main__:
【train】epoch:100/150 loss:0.0695 acc:0.9930
INFO:__main__:
【val】epoch:100/150 loss:277.2601 acc:0.8608
INFO:__main__:
【Val】:  SENS: 0.8738  SPEC: 0.8501  PPV: 0.8269  NPV: 0.8916 F1:0.8497
INFO:__main__:验证的best_acc:0.8736
INFO:__main__:----------------------------------------------------------------------------------------------------
INFO:__main__:
【train】epoch:101/150 loss:0.0747 acc:0.9909
INFO:__main__:
【val】epoch:101/150 loss:456.7998 acc:0.8736
INFO:__main__:
【Val】:  SENS: 0.8738  SPEC: 0.8734  PPV: 0.8497  NPV: 0.8942 F1:0.8616
INFO:__main__:验证的best_acc:0.8736
INFO:__main__:----------------------------------------------------------------------------------------------------
INFO:__main__:
【train】epoch:102/150 loss:0.0805 acc:0.9895
INFO:__main__:
【val】epoch:102/150 loss:384.7342 acc:0.8636
INFO:__main__:
【Val】:  SENS: 0.8486  SPEC: 0.8760  PPV: 0.8486  NPV: 0.8760 F1:0.8486
INFO:__main__:验证的best_acc:0.8736
INFO:__main__:----------------------------------------------------------------------------------------------------
INFO:__main__:
【train】epoch:103/150 loss:0.0778 acc:0.9888
INFO:__main__:
【val】epoch:103/150 loss:928.5969 acc:0.8622
INFO:__main__:
【Val】:  SENS: 0.8675  SPEC: 0.8579  PPV: 0.8333  NPV: 0.8877 F1:0.8501
INFO:__main__:验证的best_acc:0.8736
INFO:__main__:----------------------------------------------------------------------------------------------------
INFO:__main__:
【train】epoch:104/150 loss:0.0701 acc:0.9932
INFO:__main__:
【val】epoch:104/150 loss:591.3955 acc:0.8693
INFO:__main__:
【Val】:  SENS: 0.8738  SPEC: 0.8656  PPV: 0.8419  NPV: 0.8933 F1:0.8576
INFO:__main__:验证的best_acc:0.8736
INFO:__main__:----------------------------------------------------------------------------------------------------
INFO:__main__:
【train】epoch:105/150 loss:0.0669 acc:0.9928
INFO:__main__:
【val】epoch:105/150 loss:540.9713 acc:0.8580
INFO:__main__:
【Val】:  SENS: 0.8612  SPEC: 0.8553  PPV: 0.8298  NPV: 0.8827 F1:0.8452
INFO:__main__:验证的best_acc:0.8736
INFO:__main__:----------------------------------------------------------------------------------------------------
INFO:__main__:
【train】epoch:106/150 loss:0.0722 acc:0.9897
INFO:__main__:
【val】epoch:106/150 loss:456.6549 acc:0.8608
INFO:__main__:
【Val】:  SENS: 0.8549  SPEC: 0.8656  PPV: 0.8390  NPV: 0.8793 F1:0.8469
INFO:__main__:验证的best_acc:0.8736
INFO:__main__:----------------------------------------------------------------------------------------------------
INFO:__main__:
【train】epoch:107/150 loss:0.0684 acc:0.9920
INFO:__main__:
【val】epoch:107/150 loss:966.0006 acc:0.8707
INFO:__main__:
【Val】:  SENS: 0.8959  SPEC: 0.8501  PPV: 0.8304  NPV: 0.9088 F1:0.8619
INFO:__main__:验证的best_acc:0.8736
INFO:__main__:----------------------------------------------------------------------------------------------------
INFO:__main__:
【train】epoch:108/150 loss:0.0719 acc:0.9895
INFO:__main__:
【val】epoch:108/150 loss:1537.8315 acc:0.8665
INFO:__main__:
【Val】:  SENS: 0.8833  SPEC: 0.8527  PPV: 0.8309  NPV: 0.8992 F1:0.8563
INFO:__main__:验证的best_acc:0.8736
INFO:__main__:----------------------------------------------------------------------------------------------------
INFO:__main__:
【train】epoch:109/150 loss:0.0746 acc:0.9913
INFO:__main__:
【val】epoch:109/150 loss:990.1635 acc:0.8622
INFO:__main__:
【Val】:  SENS: 0.8486  SPEC: 0.8734  PPV: 0.8459  NPV: 0.8756 F1:0.8472
INFO:__main__:验证的best_acc:0.8736
INFO:__main__:----------------------------------------------------------------------------------------------------
INFO:__main__:
【train】epoch:110/150 loss:0.0691 acc:0.9918
INFO:__main__:
【val】epoch:110/150 loss:1776.4671 acc:0.8665
INFO:__main__:
【Val】:  SENS: 0.8707  SPEC: 0.8630  PPV: 0.8389  NPV: 0.8907 F1:0.8545
INFO:__main__:验证的best_acc:0.8736
INFO:__main__:----------------------------------------------------------------------------------------------------
INFO:__main__:
【train】epoch:111/150 loss:0.0621 acc:0.9958
INFO:__main__:
【val】epoch:111/150 loss:1136.9293 acc:0.8707
INFO:__main__:
【Val】:  SENS: 0.8549  SPEC: 0.8837  PPV: 0.8576  NPV: 0.8814 F1:0.8562
INFO:__main__:验证的best_acc:0.8736
INFO:__main__:----------------------------------------------------------------------------------------------------
INFO:__main__:
【train】epoch:112/150 loss:0.0635 acc:0.9930
INFO:__main__:
【val】epoch:112/150 loss:2002.2005 acc:0.8636
INFO:__main__:
【Val】:  SENS: 0.8580  SPEC: 0.8682  PPV: 0.8421  NPV: 0.8819 F1:0.8500
INFO:__main__:验证的best_acc:0.8736
INFO:__main__:----------------------------------------------------------------------------------------------------
INFO:__main__:
【train】epoch:113/150 loss:0.0640 acc:0.9944
INFO:__main__:
【val】epoch:113/150 loss:1604.5962 acc:0.8622
INFO:__main__:
【Val】:  SENS: 0.8454  SPEC: 0.8760  PPV: 0.8481  NPV: 0.8737 F1:0.8468
INFO:__main__:验证的best_acc:0.8736
INFO:__main__:----------------------------------------------------------------------------------------------------
INFO:__main__:
【train】epoch:114/150 loss:0.0666 acc:0.9921
INFO:__main__:
【val】epoch:114/150 loss:1039.3606 acc:0.8551
INFO:__main__:
【Val】:  SENS: 0.8423  SPEC: 0.8656  PPV: 0.8370  NPV: 0.8701 F1:0.8396
INFO:__main__:验证的best_acc:0.8736
INFO:__main__:----------------------------------------------------------------------------------------------------
INFO:__main__:
【train】epoch:115/150 loss:0.0688 acc:0.9909
INFO:__main__:
【val】epoch:115/150 loss:2058.9159 acc:0.8707
INFO:__main__:
【Val】:  SENS: 0.8612  SPEC: 0.8786  PPV: 0.8531  NPV: 0.8854 F1:0.8571
INFO:__main__:验证的best_acc:0.8736
INFO:__main__:----------------------------------------------------------------------------------------------------
INFO:__main__:
【train】epoch:116/150 loss:0.0585 acc:0.9958
INFO:__main__:
【val】epoch:116/150 loss:1349.6908 acc:0.8636
INFO:__main__:
【Val】:  SENS: 0.8580  SPEC: 0.8682  PPV: 0.8421  NPV: 0.8819 F1:0.8500
INFO:__main__:验证的best_acc:0.8736
INFO:__main__:----------------------------------------------------------------------------------------------------
INFO:__main__:
【train】epoch:117/150 loss:0.0595 acc:0.9953
INFO:__main__:
【val】epoch:117/150 loss:870.5382 acc:0.8693
INFO:__main__:
【Val】:  SENS: 0.8580  SPEC: 0.8786  PPV: 0.8527  NPV: 0.8831 F1:0.8553
INFO:__main__:验证的best_acc:0.8736
INFO:__main__:----------------------------------------------------------------------------------------------------
INFO:__main__:
【train】epoch:118/150 loss:0.0625 acc:0.9942
INFO:__main__:
【val】epoch:118/150 loss:2532.4306 acc:0.8651
INFO:__main__:
【Val】:  SENS: 0.8644  SPEC: 0.8656  PPV: 0.8405  NPV: 0.8862 F1:0.8523
INFO:__main__:验证的best_acc:0.8736
INFO:__main__:----------------------------------------------------------------------------------------------------
INFO:__main__:
【train】epoch:119/150 loss:0.0607 acc:0.9935
INFO:__main__:
【val】epoch:119/150 loss:1153.7962 acc:0.8665
INFO:__main__:
【Val】:  SENS: 0.8801  SPEC: 0.8553  PPV: 0.8328  NPV: 0.8970 F1:0.8558
INFO:__main__:验证的best_acc:0.8736
INFO:__main__:----------------------------------------------------------------------------------------------------
INFO:__main__:
【train】epoch:120/150 loss:0.0584 acc:0.9942
INFO:__main__:
【val】epoch:120/150 loss:1151.9797 acc:0.8693
INFO:__main__:
【Val】:  SENS: 0.8707  SPEC: 0.8682  PPV: 0.8440  NPV: 0.8912 F1:0.8571
INFO:__main__:验证的best_acc:0.8736
INFO:__main__:----------------------------------------------------------------------------------------------------
INFO:__main__:
【train】epoch:121/150 loss:0.0577 acc:0.9951
INFO:__main__:
【val】epoch:121/150 loss:2279.8748 acc:0.8537
INFO:__main__:
【Val】:  SENS: 0.8738  SPEC: 0.8372  PPV: 0.8147  NPV: 0.8901 F1:0.8432
INFO:__main__:验证的best_acc:0.8736
INFO:__main__:----------------------------------------------------------------------------------------------------
INFO:__main__:
【train】epoch:122/150 loss:0.0561 acc:0.9951
INFO:__main__:
【val】epoch:122/150 loss:2096.0530 acc:0.8693
INFO:__main__:
【Val】:  SENS: 0.8486  SPEC: 0.8863  PPV: 0.8594  NPV: 0.8772 F1:0.8540
INFO:__main__:验证的best_acc:0.8736
INFO:__main__:----------------------------------------------------------------------------------------------------
INFO:__main__:
【train】epoch:123/150 loss:0.0556 acc:0.9955
INFO:__main__:
【val】epoch:123/150 loss:1232.8616 acc:0.8551
INFO:__main__:
【Val】:  SENS: 0.8738  SPEC: 0.8398  PPV: 0.8171  NPV: 0.8904 F1:0.8445
INFO:__main__:验证的best_acc:0.8736
INFO:__main__:----------------------------------------------------------------------------------------------------
INFO:__main__:
【train】epoch:124/150 loss:0.0610 acc:0.9946
INFO:__main__:
【val】epoch:124/150 loss:1178.7161 acc:0.8707
INFO:__main__:
【Val】:  SENS: 0.8612  SPEC: 0.8786  PPV: 0.8531  NPV: 0.8854 F1:0.8571
INFO:__main__:验证的best_acc:0.8736
INFO:__main__:----------------------------------------------------------------------------------------------------
INFO:__main__:
【train】epoch:125/150 loss:0.0599 acc:0.9932
INFO:__main__:
【val】epoch:125/150 loss:2752.9536 acc:0.8651
INFO:__main__:
【Val】:  SENS: 0.8423  SPEC: 0.8837  PPV: 0.8558  NPV: 0.8724 F1:0.8490
INFO:__main__:验证的best_acc:0.8736
INFO:__main__:----------------------------------------------------------------------------------------------------
INFO:__main__:
【train】epoch:126/150 loss:0.0589 acc:0.9934
INFO:__main__:
【val】epoch:126/150 loss:4280.3976 acc:0.8594
INFO:__main__:
【Val】:  SENS: 0.8580  SPEC: 0.8605  PPV: 0.8344  NPV: 0.8810 F1:0.8460
INFO:__main__:验证的best_acc:0.8736
INFO:__main__:----------------------------------------------------------------------------------------------------
INFO:__main__:
【train】epoch:127/150 loss:0.0601 acc:0.9937
INFO:__main__:
【val】epoch:127/150 loss:3342.8024 acc:0.8679
INFO:__main__:
【Val】:  SENS: 0.8423  SPEC: 0.8889  PPV: 0.8613  NPV: 0.8731 F1:0.8517
INFO:__main__:验证的best_acc:0.8736
INFO:__main__:----------------------------------------------------------------------------------------------------
INFO:__main__:
【train】epoch:128/150 loss:0.0571 acc:0.9949
INFO:__main__:
【val】epoch:128/150 loss:3193.3424 acc:0.8665
INFO:__main__:
【Val】:  SENS: 0.8612  SPEC: 0.8708  PPV: 0.8452  NPV: 0.8845 F1:0.8531
INFO:__main__:验证的best_acc:0.8736
INFO:__main__:----------------------------------------------------------------------------------------------------
INFO:__main__:
【train】epoch:129/150 loss:0.0548 acc:0.9955
INFO:__main__:
【val】epoch:129/150 loss:1668.7314 acc:0.8722
INFO:__main__:
【Val】:  SENS: 0.8738  SPEC: 0.8708  PPV: 0.8471  NPV: 0.8939 F1:0.8602
INFO:__main__:验证的best_acc:0.8736
INFO:__main__:----------------------------------------------------------------------------------------------------
INFO:__main__:
【train】epoch:130/150 loss:0.0490 acc:0.9970
INFO:__main__:
【val】epoch:130/150 loss:1604.4891 acc:0.8679
INFO:__main__:
【Val】:  SENS: 0.8612  SPEC: 0.8734  PPV: 0.8478  NPV: 0.8848 F1:0.8545
INFO:__main__:验证的best_acc:0.8736
INFO:__main__:----------------------------------------------------------------------------------------------------
INFO:__main__:
【train】epoch:131/150 loss:0.0533 acc:0.9960
INFO:__main__:
【val】epoch:131/150 loss:2087.9152 acc:0.8622
INFO:__main__:
【Val】:  SENS: 0.8549  SPEC: 0.8682  PPV: 0.8416  NPV: 0.8796 F1:0.8482
INFO:__main__:验证的best_acc:0.8736
INFO:__main__:----------------------------------------------------------------------------------------------------
INFO:__main__:
【train】epoch:132/150 loss:0.0541 acc:0.9953
INFO:__main__:
【val】epoch:132/150 loss:2731.4486 acc:0.8537
INFO:__main__:
【Val】:  SENS: 0.8517  SPEC: 0.8553  PPV: 0.8282  NPV: 0.8757 F1:0.8398
INFO:__main__:验证的best_acc:0.8736
INFO:__main__:----------------------------------------------------------------------------------------------------
INFO:__main__:
【train】epoch:133/150 loss:0.0540 acc:0.9955
INFO:__main__:
【val】epoch:133/150 loss:1452.3976 acc:0.8636
INFO:__main__:
【Val】:  SENS: 0.8580  SPEC: 0.8682  PPV: 0.8421  NPV: 0.8819 F1:0.8500
INFO:__main__:验证的best_acc:0.8736
INFO:__main__:----------------------------------------------------------------------------------------------------
INFO:__main__:
【train】epoch:134/150 loss:0.0515 acc:0.9960
INFO:__main__:
【val】epoch:134/150 loss:3494.4909 acc:0.8636
INFO:__main__:
【Val】:  SENS: 0.8707  SPEC: 0.8579  PPV: 0.8338  NPV: 0.8901 F1:0.8519
INFO:__main__:验证的best_acc:0.8736
INFO:__main__:----------------------------------------------------------------------------------------------------
INFO:__main__:
【train】epoch:135/150 loss:0.0544 acc:0.9955
INFO:__main__:
【val】epoch:135/150 loss:3365.6155 acc:0.8665
INFO:__main__:
【Val】:  SENS: 0.8644  SPEC: 0.8682  PPV: 0.8431  NPV: 0.8865 F1:0.8536
INFO:__main__:验证的best_acc:0.8736
INFO:__main__:----------------------------------------------------------------------------------------------------
INFO:__main__:
【train】epoch:136/150 loss:0.0530 acc:0.9963
INFO:__main__:
【val】epoch:136/150 loss:4197.1946 acc:0.8651
INFO:__main__:
【Val】:  SENS: 0.8549  SPEC: 0.8734  PPV: 0.8469  NPV: 0.8802 F1:0.8509
INFO:__main__:验证的best_acc:0.8736
INFO:__main__:----------------------------------------------------------------------------------------------------
INFO:__main__:
【train】epoch:137/150 loss:0.0483 acc:0.9965
INFO:__main__:
【val】epoch:137/150 loss:4111.7720 acc:0.8651
INFO:__main__:
【Val】:  SENS: 0.8549  SPEC: 0.8734  PPV: 0.8469  NPV: 0.8802 F1:0.8509
INFO:__main__:验证的best_acc:0.8736
INFO:__main__:----------------------------------------------------------------------------------------------------
INFO:__main__:
【train】epoch:138/150 loss:0.0511 acc:0.9965
INFO:__main__:
【val】epoch:138/150 loss:3290.7689 acc:0.8594
INFO:__main__:
【Val】:  SENS: 0.8580  SPEC: 0.8605  PPV: 0.8344  NPV: 0.8810 F1:0.8460
INFO:__main__:验证的best_acc:0.8736
INFO:__main__:----------------------------------------------------------------------------------------------------
INFO:__main__:
【train】epoch:139/150 loss:0.0546 acc:0.9962
INFO:__main__:
【val】epoch:139/150 loss:4483.8192 acc:0.8608
INFO:__main__:
【Val】:  SENS: 0.8675  SPEC: 0.8553  PPV: 0.8308  NPV: 0.8874 F1:0.8488
INFO:__main__:验证的best_acc:0.8736
INFO:__main__:----------------------------------------------------------------------------------------------------
INFO:__main__:
【train】epoch:140/150 loss:0.0475 acc:0.9976
INFO:__main__:
【val】epoch:140/150 loss:3455.1759 acc:0.8651
INFO:__main__:
【Val】:  SENS: 0.8675  SPEC: 0.8630  PPV: 0.8384  NPV: 0.8883 F1:0.8527
INFO:__main__:验证的best_acc:0.8736
INFO:__main__:----------------------------------------------------------------------------------------------------
INFO:__main__:
【train】epoch:141/150 loss:0.0495 acc:0.9969
INFO:__main__:
【val】epoch:141/150 loss:3522.1279 acc:0.8608
INFO:__main__:
【Val】:  SENS: 0.8517  SPEC: 0.8682  PPV: 0.8411  NPV: 0.8773 F1:0.8464
INFO:__main__:验证的best_acc:0.8736
INFO:__main__:----------------------------------------------------------------------------------------------------
INFO:__main__:
【train】epoch:142/150 loss:0.0492 acc:0.9976
INFO:__main__:
【val】epoch:142/150 loss:4906.2473 acc:0.8665
INFO:__main__:
【Val】:  SENS: 0.8707  SPEC: 0.8630  PPV: 0.8389  NPV: 0.8907 F1:0.8545
INFO:__main__:验证的best_acc:0.8736
INFO:__main__:----------------------------------------------------------------------------------------------------
INFO:__main__:
【train】epoch:143/150 loss:0.0462 acc:0.9972
INFO:__main__:
【val】epoch:143/150 loss:2238.7710 acc:0.8693
INFO:__main__:
【Val】:  SENS: 0.8707  SPEC: 0.8682  PPV: 0.8440  NPV: 0.8912 F1:0.8571
INFO:__main__:验证的best_acc:0.8736
INFO:__main__:----------------------------------------------------------------------------------------------------
INFO:__main__:
【train】epoch:144/150 loss:0.0456 acc:0.9977
INFO:__main__:
【val】epoch:144/150 loss:2300.5663 acc:0.8679
INFO:__main__:
【Val】:  SENS: 0.8770  SPEC: 0.8605  PPV: 0.8373  NPV: 0.8952 F1:0.8567
INFO:__main__:验证的best_acc:0.8736
INFO:__main__:----------------------------------------------------------------------------------------------------
INFO:__main__:
【train】epoch:145/150 loss:0.0463 acc:0.9979
INFO:__main__:
【val】epoch:145/150 loss:1961.4916 acc:0.8679
INFO:__main__:
【Val】:  SENS: 0.8549  SPEC: 0.8786  PPV: 0.8522  NPV: 0.8808 F1:0.8535
INFO:__main__:验证的best_acc:0.8736
INFO:__main__:----------------------------------------------------------------------------------------------------
INFO:__main__:
【train】epoch:146/150 loss:0.0478 acc:0.9972
INFO:__main__:
【val】epoch:146/150 loss:1764.9941 acc:0.8622
INFO:__main__:
【Val】:  SENS: 0.8580  SPEC: 0.8656  PPV: 0.8395  NPV: 0.8816 F1:0.8487
INFO:__main__:验证的best_acc:0.8736
INFO:__main__:----------------------------------------------------------------------------------------------------
INFO:__main__:
【train】epoch:147/150 loss:0.0459 acc:0.9976
INFO:__main__:
【val】epoch:147/150 loss:81.3777 acc:0.8665
INFO:__main__:
【Val】:  SENS: 0.8580  SPEC: 0.8734  PPV: 0.8474  NPV: 0.8825 F1:0.8527
INFO:__main__:验证的best_acc:0.8736
INFO:__main__:----------------------------------------------------------------------------------------------------
INFO:__main__:
【train】epoch:148/150 loss:0.0487 acc:0.9963
INFO:__main__:
【val】epoch:148/150 loss:1158.8582 acc:0.8622
INFO:__main__:
【Val】:  SENS: 0.8486  SPEC: 0.8734  PPV: 0.8459  NPV: 0.8756 F1:0.8472
INFO:__main__:验证的best_acc:0.8736
INFO:__main__:----------------------------------------------------------------------------------------------------
INFO:__main__:
【train】epoch:149/150 loss:0.0485 acc:0.9976
INFO:__main__:
【val】epoch:149/150 loss:1502.1403 acc:0.8665
INFO:__main__:
【Val】:  SENS: 0.8580  SPEC: 0.8734  PPV: 0.8474  NPV: 0.8825 F1:0.8527
INFO:__main__:验证的best_acc:0.8736
INFO:__main__:----------------------------------------------------------------------------------------------------
INFO:__main__:****************************************************************************************************
INFO:__main__:Val_LOSS:['5.7471', '0.5709', '1.2150', '1.1965', '0.5266', '0.5692', '0.4252', '0.4494', '0.5147', '0.3745', '0.5633', '0.5872', '0.5829', '0.3998', '0.4961', '0.3814', '0.3984', '0.4357', '0.3701', '0.3626', '0.4036', '0.3938', '0.3798', '0.4162', '0.4483', '0.4013', '0.4535', '0.4864', '0.4115', '0.3754', '0.4293', '0.4529', '0.3983', '0.4000', '0.3801', '0.4215', '0.3984', '0.4189', '0.4029', '0.3921', '0.4341', '0.4411', '0.5541', '0.4818', '0.4764', '0.5026', '0.4214', '0.5307', '0.4428', '0.5084', '0.4733', '0.5108', '0.4652', '0.4898', '0.5700', '0.5194', '0.5219', '0.4513', '0.4767', '0.5061', '10.6174', '0.5326', '207.8069', '0.5534', '15.6995', '0.9755', '0.5109', '123.7428', '262.5408', '292.8794', '253.7289', '115.5280', '180.9584', '227.6842', '710.9336', '73.4930', '103.8847', '171.4222', '255.2574', '389.8093', '1166.0875', '20.1105', '1487.4084', '639.4175', '200.4328', '839.6288', '361.6578', '454.7643', '172.3917', '657.4248', '1209.9134', '1425.0922', '312.6743', '133.2353', '617.4489', '325.9388', '559.0406', '441.9170', '621.7279', '906.3946', '277.2601', '456.7998', '384.7342', '928.5969', '591.3955', '540.9713', '456.6549', '966.0006', '1537.8315', '990.1635', '1776.4671', '1136.9293', '2002.2005', '1604.5962', '1039.3606', '2058.9159', '1349.6908', '870.5382', '2532.4306', '1153.7962', '1151.9797', '2279.8748', '2096.0530', '1232.8616', '1178.7161', '2752.9536', '4280.3976', '3342.8024', '3193.3424', '1668.7314', '1604.4891', '2087.9152', '2731.4486', '1452.3976', '3494.4909', '3365.6155', '4197.1946', '4111.7720', '3290.7689', '4483.8192', '3455.1759', '3522.1279', '4906.2473', '2238.7710', '2300.5663', '1961.4916', '1764.9941', '81.3777', '1158.8582', '1502.1403']
INFO:__main__:Val_ACC:['0.6790', '0.6974', '0.7116', '0.7514', '0.7571', '0.7585', '0.8068', '0.7713', '0.7699', '0.8310', '0.7656', '0.7727', '0.7585', '0.8125', '0.7699', '0.8295', '0.8438', '0.8253', '0.8480', '0.8366', '0.8366', '0.8253', '0.8295', '0.8196', '0.8182', '0.8224', '0.8196', '0.8352', '0.8480', '0.8480', '0.8409', '0.8196', '0.8366', '0.8523', '0.8438', '0.8509', '0.8537', '0.8409', '0.8452', '0.8352', '0.8452', '0.8438', '0.8338', '0.8253', '0.8480', '0.8253', '0.8580', '0.8423', '0.8509', '0.8395', '0.8494', '0.8395', '0.8324', '0.8622', '0.8480', '0.8565', '0.8494', '0.8494', '0.8608', '0.8580', '0.8551', '0.8608', '0.8494', '0.8395', '0.8480', '0.8622', '0.8466', '0.8466', '0.8381', '0.8665', '0.8707', '0.8622', '0.8523', '0.8551', '0.8580', '0.8679', '0.8594', '0.8551', '0.8608', '0.8665', '0.8565', '0.8537', '0.8551', '0.8651', '0.8594', '0.8580', '0.8651', '0.8608', '0.8651', '0.8665', '0.8736', '0.8651', '0.8594', '0.8551', '0.8523', '0.8736', '0.8693', '0.8665', '0.8622', '0.8665', '0.8608', '0.8736', '0.8636', '0.8622', '0.8693', '0.8580', '0.8608', '0.8707', '0.8665', '0.8622', '0.8665', '0.8707', '0.8636', '0.8622', '0.8551', '0.8707', '0.8636', '0.8693', '0.8651', '0.8665', '0.8693', '0.8537', '0.8693', '0.8551', '0.8707', '0.8651', '0.8594', '0.8679', '0.8665', '0.8722', '0.8679', '0.8622', '0.8537', '0.8636', '0.8636', '0.8665', '0.8651', '0.8651', '0.8594', '0.8608', '0.8651', '0.8608', '0.8665', '0.8693', '0.8679', '0.8679', '0.8622', '0.8665', '0.8622', '0.8665']
INFO:__main__:****************************************************************************************************
