INFO:__main__:
【train】epoch:0/150 loss:1.4378 acc:0.6987
INFO:__main__:
【val】epoch:0/150 loss:0.6358 acc:0.6338
INFO:__main__:
【Val】:  SENS: 0.7316  SPEC: 0.5940  PPV: 0.4225  NPV: 0.8450 F1:0.5357
INFO:__main__:验证的best_acc:0.6338
INFO:__main__:----------------------------------------------------------------------------------------------------
INFO:__main__:
【train】epoch:1/150 loss:0.7476 acc:0.7325
INFO:__main__:
【val】epoch:1/150 loss:0.5015 acc:0.7287
INFO:__main__:
【Val】:  SENS: 0.6840  SPEC: 0.7469  PPV: 0.5232  NPV: 0.8534 F1:0.5929
INFO:__main__:验证的best_acc:0.7287
INFO:__main__:----------------------------------------------------------------------------------------------------
INFO:__main__:
【train】epoch:2/150 loss:0.6694 acc:0.7494
INFO:__main__:
【val】epoch:2/150 loss:0.5303 acc:0.7225
INFO:__main__:
【Val】:  SENS: 0.7835  SPEC: 0.6977  PPV: 0.5127  NPV: 0.8881 F1:0.6199
INFO:__main__:验证的best_acc:0.7287
INFO:__main__:----------------------------------------------------------------------------------------------------
INFO:__main__:
【train】epoch:3/150 loss:0.6315 acc:0.7580
INFO:__main__:
【val】epoch:3/150 loss:0.4946 acc:0.7475
INFO:__main__:
【Val】:  SENS: 0.7489  SPEC: 0.7469  PPV: 0.5457  NPV: 0.8799 F1:0.6314
INFO:__main__:验证的best_acc:0.7475
INFO:__main__:----------------------------------------------------------------------------------------------------
INFO:__main__:
【train】epoch:4/150 loss:0.6114 acc:0.7692
INFO:__main__:
【val】epoch:4/150 loss:0.4511 acc:0.7738
INFO:__main__:
【Val】:  SENS: 0.7576  SPEC: 0.7803  PPV: 0.5833  NPV: 0.8880 F1:0.6591
INFO:__main__:验证的best_acc:0.7738
INFO:__main__:----------------------------------------------------------------------------------------------------
INFO:__main__:
【train】epoch:5/150 loss:0.5878 acc:0.7791
INFO:__main__:
【val】epoch:5/150 loss:0.4270 acc:0.8025
INFO:__main__:
【Val】:  SENS: 0.6494  SPEC: 0.8647  PPV: 0.6608  NPV: 0.8586 F1:0.6550
INFO:__main__:验证的best_acc:0.8025
INFO:__main__:----------------------------------------------------------------------------------------------------
INFO:__main__:
【train】epoch:6/150 loss:0.5644 acc:0.7909
INFO:__main__:
【val】epoch:6/150 loss:0.4472 acc:0.7850
INFO:__main__:
【Val】:  SENS: 0.7619  SPEC: 0.7944  PPV: 0.6007  NPV: 0.8915 F1:0.6718
INFO:__main__:验证的best_acc:0.8025
INFO:__main__:----------------------------------------------------------------------------------------------------
INFO:__main__:
【train】epoch:7/150 loss:0.5492 acc:0.7960
INFO:__main__:
【val】epoch:7/150 loss:0.4278 acc:0.7825
INFO:__main__:
【Val】:  SENS: 0.7532  SPEC: 0.7944  PPV: 0.5979  NPV: 0.8880 F1:0.6667
INFO:__main__:验证的best_acc:0.8025
INFO:__main__:----------------------------------------------------------------------------------------------------
INFO:__main__:
【train】epoch:8/150 loss:0.5377 acc:0.8056
INFO:__main__:
【val】epoch:8/150 loss:0.8074 acc:0.6350
INFO:__main__:
【Val】:  SENS: 0.9091  SPEC: 0.5237  PPV: 0.4366  NPV: 0.9342 F1:0.5899
INFO:__main__:验证的best_acc:0.8025
INFO:__main__:----------------------------------------------------------------------------------------------------
INFO:__main__:
【train】epoch:9/150 loss:0.5022 acc:0.8214
INFO:__main__:
【val】epoch:9/150 loss:0.4095 acc:0.8150
INFO:__main__:
【Val】:  SENS: 0.7316  SPEC: 0.8489  PPV: 0.6627  NPV: 0.8862 F1:0.6955
INFO:__main__:验证的best_acc:0.8150
INFO:__main__:----------------------------------------------------------------------------------------------------
INFO:__main__:
【train】epoch:10/150 loss:0.4827 acc:0.8312
INFO:__main__:
【val】epoch:10/150 loss:0.5288 acc:0.7362
INFO:__main__:
【Val】:  SENS: 0.8615  SPEC: 0.6854  PPV: 0.5265  NPV: 0.9242 F1:0.6535
INFO:__main__:验证的best_acc:0.8150
INFO:__main__:----------------------------------------------------------------------------------------------------
INFO:__main__:
【train】epoch:11/150 loss:0.4678 acc:0.8320
INFO:__main__:
【val】epoch:11/150 loss:0.3899 acc:0.8163
INFO:__main__:
【Val】:  SENS: 0.7922  SPEC: 0.8260  PPV: 0.6489  NPV: 0.9073 F1:0.7135
INFO:__main__:验证的best_acc:0.8163
INFO:__main__:----------------------------------------------------------------------------------------------------
INFO:__main__:
【train】epoch:12/150 loss:0.4582 acc:0.8400
INFO:__main__:
【val】epoch:12/150 loss:0.4906 acc:0.8213
INFO:__main__:
【Val】:  SENS: 0.7186  SPEC: 0.8629  PPV: 0.6803  NPV: 0.8831 F1:0.6989
INFO:__main__:验证的best_acc:0.8213
INFO:__main__:----------------------------------------------------------------------------------------------------
INFO:__main__:
【train】epoch:13/150 loss:0.4358 acc:0.8527
INFO:__main__:
【val】epoch:13/150 loss:0.5546 acc:0.8438
INFO:__main__:
【Val】:  SENS: 0.8268  SPEC: 0.8506  PPV: 0.6920  NPV: 0.9237 F1:0.7535
INFO:__main__:验证的best_acc:0.8438
INFO:__main__:----------------------------------------------------------------------------------------------------
INFO:__main__:
【train】epoch:14/150 loss:0.4230 acc:0.8601
INFO:__main__:
【val】epoch:14/150 loss:0.4209 acc:0.8375
INFO:__main__:
【Val】:  SENS: 0.8485  SPEC: 0.8330  PPV: 0.6735  NPV: 0.9312 F1:0.7510
INFO:__main__:验证的best_acc:0.8438
INFO:__main__:----------------------------------------------------------------------------------------------------
INFO:__main__:
【train】epoch:15/150 loss:0.4045 acc:0.8693
INFO:__main__:
【val】epoch:15/150 loss:2.1161 acc:0.8512
INFO:__main__:
【Val】:  SENS: 0.8139  SPEC: 0.8664  PPV: 0.7121  NPV: 0.9198 F1:0.7596
INFO:__main__:验证的best_acc:0.8512
INFO:__main__:----------------------------------------------------------------------------------------------------
INFO:__main__:
【train】epoch:16/150 loss:0.3920 acc:0.8735
INFO:__main__:
【val】epoch:16/150 loss:0.5445 acc:0.8037
INFO:__main__:
【Val】:  SENS: 0.8831  SPEC: 0.7715  PPV: 0.6108  NPV: 0.9421 F1:0.7221
INFO:__main__:验证的best_acc:0.8512
INFO:__main__:----------------------------------------------------------------------------------------------------
INFO:__main__:
【train】epoch:17/150 loss:0.3697 acc:0.8818
INFO:__main__:
【val】epoch:17/150 loss:0.8268 acc:0.8512
INFO:__main__:
【Val】:  SENS: 0.7965  SPEC: 0.8735  PPV: 0.7188  NPV: 0.9136 F1:0.7556
INFO:__main__:验证的best_acc:0.8512
INFO:__main__:----------------------------------------------------------------------------------------------------
INFO:__main__:
【train】epoch:18/150 loss:0.3640 acc:0.8841
INFO:__main__:
【val】epoch:18/150 loss:0.5299 acc:0.8350
INFO:__main__:
【Val】:  SENS: 0.8918  SPEC: 0.8120  PPV: 0.6581  NPV: 0.9487 F1:0.7574
INFO:__main__:验证的best_acc:0.8512
INFO:__main__:----------------------------------------------------------------------------------------------------
INFO:__main__:
【train】epoch:19/150 loss:0.3418 acc:0.8892
INFO:__main__:
【val】epoch:19/150 loss:3.6328 acc:0.8775
INFO:__main__:
【Val】:  SENS: 0.8139  SPEC: 0.9033  PPV: 0.7737  NPV: 0.9228 F1:0.7932
INFO:__main__:验证的best_acc:0.8775
INFO:__main__:----------------------------------------------------------------------------------------------------
INFO:__main__:
【train】epoch:20/150 loss:0.3287 acc:0.9005
INFO:__main__:
【val】epoch:20/150 loss:1.2334 acc:0.8850
INFO:__main__:
【Val】:  SENS: 0.7965  SPEC: 0.9209  PPV: 0.8035  NPV: 0.9177 F1:0.8000
INFO:__main__:验证的best_acc:0.8850
INFO:__main__:----------------------------------------------------------------------------------------------------
INFO:__main__:
【train】epoch:21/150 loss:0.3196 acc:0.9019
INFO:__main__:
【val】epoch:21/150 loss:1.1915 acc:0.8750
INFO:__main__:
【Val】:  SENS: 0.8485  SPEC: 0.8858  PPV: 0.7510  NPV: 0.9351 F1:0.7967
INFO:__main__:验证的best_acc:0.8850
INFO:__main__:----------------------------------------------------------------------------------------------------
INFO:__main__:
【train】epoch:22/150 loss:0.3179 acc:0.9037
INFO:__main__:
【val】epoch:22/150 loss:2.4484 acc:0.8950
INFO:__main__:
【Val】:  SENS: 0.8182  SPEC: 0.9262  PPV: 0.8182  NPV: 0.9262 F1:0.8182
INFO:__main__:验证的best_acc:0.8950
INFO:__main__:----------------------------------------------------------------------------------------------------
INFO:__main__:
【train】epoch:23/150 loss:0.3052 acc:0.9093
INFO:__main__:
【val】epoch:23/150 loss:0.8071 acc:0.8875
INFO:__main__:
【Val】:  SENS: 0.8442  SPEC: 0.9051  PPV: 0.7831  NPV: 0.9347 F1:0.8125
INFO:__main__:验证的best_acc:0.8950
INFO:__main__:----------------------------------------------------------------------------------------------------
INFO:__main__:
【train】epoch:24/150 loss:0.3075 acc:0.9093
INFO:__main__:
【val】epoch:24/150 loss:1.1098 acc:0.9150
INFO:__main__:
【Val】:  SENS: 0.7792  SPEC: 0.9701  PPV: 0.9137  NPV: 0.9154 F1:0.8411
INFO:__main__:验证的best_acc:0.9150
INFO:__main__:----------------------------------------------------------------------------------------------------
INFO:__main__:
【train】epoch:25/150 loss:0.2973 acc:0.9078
INFO:__main__:
【val】epoch:25/150 loss:0.7078 acc:0.8838
INFO:__main__:
【Val】:  SENS: 0.6970  SPEC: 0.9596  PPV: 0.8750  NPV: 0.8864 F1:0.7759
INFO:__main__:验证的best_acc:0.9150
INFO:__main__:----------------------------------------------------------------------------------------------------
INFO:__main__:
【train】epoch:26/150 loss:0.2789 acc:0.9167
INFO:__main__:
【val】epoch:26/150 loss:4.2256 acc:0.8950
INFO:__main__:
【Val】:  SENS: 0.8009  SPEC: 0.9332  PPV: 0.8296  NPV: 0.9203 F1:0.8150
INFO:__main__:验证的best_acc:0.9150
INFO:__main__:----------------------------------------------------------------------------------------------------
INFO:__main__:
【train】epoch:27/150 loss:0.2791 acc:0.9200
INFO:__main__:
【val】epoch:27/150 loss:4.3692 acc:0.8687
INFO:__main__:
【Val】:  SENS: 0.8485  SPEC: 0.8770  PPV: 0.7368  NPV: 0.9345 F1:0.7887
INFO:__main__:验证的best_acc:0.9150
INFO:__main__:----------------------------------------------------------------------------------------------------
INFO:__main__:
【train】epoch:28/150 loss:0.2695 acc:0.9216
INFO:__main__:
【val】epoch:28/150 loss:1.2190 acc:0.8925
INFO:__main__:
【Val】:  SENS: 0.7922  SPEC: 0.9332  PPV: 0.8281  NPV: 0.9171 F1:0.8097
INFO:__main__:验证的best_acc:0.9150
INFO:__main__:----------------------------------------------------------------------------------------------------
INFO:__main__:
【train】epoch:29/150 loss:0.2490 acc:0.9266
INFO:__main__:
【val】epoch:29/150 loss:0.8860 acc:0.9125
INFO:__main__:
【Val】:  SENS: 0.8571  SPEC: 0.9350  PPV: 0.8426  NPV: 0.9416 F1:0.8498
INFO:__main__:验证的best_acc:0.9150
INFO:__main__:----------------------------------------------------------------------------------------------------
INFO:__main__:
【train】epoch:30/150 loss:0.2427 acc:0.9351
INFO:__main__:
【val】epoch:30/150 loss:1.1083 acc:0.8988
INFO:__main__:
【Val】:  SENS: 0.8442  SPEC: 0.9209  PPV: 0.8125  NPV: 0.9357 F1:0.8280
INFO:__main__:验证的best_acc:0.9150
INFO:__main__:----------------------------------------------------------------------------------------------------
INFO:__main__:
【train】epoch:31/150 loss:0.2326 acc:0.9351
INFO:__main__:
【val】epoch:31/150 loss:1.0587 acc:0.8975
INFO:__main__:
【Val】:  SENS: 0.7619  SPEC: 0.9525  PPV: 0.8670  NPV: 0.9079 F1:0.8111
INFO:__main__:验证的best_acc:0.9150
INFO:__main__:----------------------------------------------------------------------------------------------------
INFO:__main__:
【train】epoch:32/150 loss:0.2365 acc:0.9313
INFO:__main__:
【val】epoch:32/150 loss:0.8685 acc:0.9025
INFO:__main__:
【Val】:  SENS: 0.8571  SPEC: 0.9209  PPV: 0.8148  NPV: 0.9408 F1:0.8354
INFO:__main__:验证的best_acc:0.9150
INFO:__main__:----------------------------------------------------------------------------------------------------
INFO:__main__:
【train】epoch:33/150 loss:0.2265 acc:0.9355
INFO:__main__:
【val】epoch:33/150 loss:0.2724 acc:0.9000
INFO:__main__:
【Val】:  SENS: 0.8052  SPEC: 0.9385  PPV: 0.8416  NPV: 0.9223 F1:0.8230
INFO:__main__:验证的best_acc:0.9150
INFO:__main__:----------------------------------------------------------------------------------------------------
INFO:__main__:
【train】epoch:34/150 loss:0.2258 acc:0.9367
INFO:__main__:
【val】epoch:34/150 loss:0.8607 acc:0.9187
INFO:__main__:
【Val】:  SENS: 0.7879  SPEC: 0.9719  PPV: 0.9192  NPV: 0.9186 F1:0.8485
INFO:__main__:验证的best_acc:0.9187
INFO:__main__:----------------------------------------------------------------------------------------------------
INFO:__main__:
【train】epoch:35/150 loss:0.2220 acc:0.9395
INFO:__main__:
【val】epoch:35/150 loss:1.5154 acc:0.9025
INFO:__main__:
【Val】:  SENS: 0.7706  SPEC: 0.9561  PPV: 0.8768  NPV: 0.9112 F1:0.8203
INFO:__main__:验证的best_acc:0.9187
INFO:__main__:----------------------------------------------------------------------------------------------------
INFO:__main__:
【train】epoch:36/150 loss:0.2063 acc:0.9452
INFO:__main__:
【val】epoch:36/150 loss:0.4620 acc:0.9062
INFO:__main__:
【Val】:  SENS: 0.8528  SPEC: 0.9279  PPV: 0.8277  NPV: 0.9395 F1:0.8401
INFO:__main__:验证的best_acc:0.9187
INFO:__main__:----------------------------------------------------------------------------------------------------
INFO:__main__:
【train】epoch:37/150 loss:0.2082 acc:0.9426
INFO:__main__:
【val】epoch:37/150 loss:1.8560 acc:0.9162
INFO:__main__:
【Val】:  SENS: 0.7749  SPEC: 0.9736  PPV: 0.9227  NPV: 0.9142 F1:0.8424
INFO:__main__:验证的best_acc:0.9187
INFO:__main__:----------------------------------------------------------------------------------------------------
INFO:__main__:
【train】epoch:38/150 loss:0.2112 acc:0.9426
INFO:__main__:
【val】epoch:38/150 loss:0.3614 acc:0.9075
INFO:__main__:
【Val】:  SENS: 0.7619  SPEC: 0.9666  PPV: 0.9026  NPV: 0.9091 F1:0.8263
INFO:__main__:验证的best_acc:0.9187
INFO:__main__:----------------------------------------------------------------------------------------------------
INFO:__main__:
【train】epoch:39/150 loss:0.1949 acc:0.9503
INFO:__main__:
【val】epoch:39/150 loss:0.5060 acc:0.9150
INFO:__main__:
【Val】:  SENS: 0.8095  SPEC: 0.9578  PPV: 0.8863  NPV: 0.9253 F1:0.8462
INFO:__main__:验证的best_acc:0.9187
INFO:__main__:----------------------------------------------------------------------------------------------------
INFO:__main__:
【train】epoch:40/150 loss:0.1827 acc:0.9521
INFO:__main__:
【val】epoch:40/150 loss:1.8120 acc:0.9175
INFO:__main__:
【Val】:  SENS: 0.8701  SPEC: 0.9367  PPV: 0.8481  NPV: 0.9467 F1:0.8590
INFO:__main__:验证的best_acc:0.9187
INFO:__main__:----------------------------------------------------------------------------------------------------
INFO:__main__:
【train】epoch:41/150 loss:0.1784 acc:0.9523
INFO:__main__:
【val】epoch:41/150 loss:1.2543 acc:0.9125
INFO:__main__:
【Val】:  SENS: 0.7749  SPEC: 0.9684  PPV: 0.9086  NPV: 0.9138 F1:0.8364
INFO:__main__:验证的best_acc:0.9187
INFO:__main__:----------------------------------------------------------------------------------------------------
INFO:__main__:
【train】epoch:42/150 loss:0.1758 acc:0.9532
INFO:__main__:
【val】epoch:42/150 loss:0.2361 acc:0.9100
INFO:__main__:
【Val】:  SENS: 0.8874  SPEC: 0.9192  PPV: 0.8167  NPV: 0.9526 F1:0.8506
INFO:__main__:验证的best_acc:0.9187
INFO:__main__:----------------------------------------------------------------------------------------------------
INFO:__main__:
【train】epoch:43/150 loss:0.1749 acc:0.9553
INFO:__main__:
【val】epoch:43/150 loss:0.3212 acc:0.9100
INFO:__main__:
【Val】:  SENS: 0.8139  SPEC: 0.9490  PPV: 0.8664  NPV: 0.9262 F1:0.8393
INFO:__main__:验证的best_acc:0.9187
INFO:__main__:----------------------------------------------------------------------------------------------------
INFO:__main__:
【train】epoch:44/150 loss:0.1677 acc:0.9552
INFO:__main__:
【val】epoch:44/150 loss:0.3126 acc:0.8925
INFO:__main__:
【Val】:  SENS: 0.9048  SPEC: 0.8875  PPV: 0.7656  NPV: 0.9583 F1:0.8294
INFO:__main__:验证的best_acc:0.9187
INFO:__main__:----------------------------------------------------------------------------------------------------
INFO:__main__:
【train】epoch:45/150 loss:0.1732 acc:0.9561
INFO:__main__:
【val】epoch:45/150 loss:0.5147 acc:0.9225
INFO:__main__:
【Val】:  SENS: 0.8312  SPEC: 0.9596  PPV: 0.8930  NPV: 0.9333 F1:0.8610
INFO:__main__:验证的best_acc:0.9225
INFO:__main__:----------------------------------------------------------------------------------------------------
INFO:__main__:
【train】epoch:46/150 loss:0.1642 acc:0.9618
INFO:__main__:
【val】epoch:46/150 loss:2.0791 acc:0.9200
INFO:__main__:
【Val】:  SENS: 0.8052  SPEC: 0.9666  PPV: 0.9073  NPV: 0.9244 F1:0.8532
INFO:__main__:验证的best_acc:0.9225
INFO:__main__:----------------------------------------------------------------------------------------------------
INFO:__main__:
【train】epoch:47/150 loss:0.1672 acc:0.9579
INFO:__main__:
【val】epoch:47/150 loss:0.2749 acc:0.9150
INFO:__main__:
【Val】:  SENS: 0.8225  SPEC: 0.9525  PPV: 0.8756  NPV: 0.9297 F1:0.8482
INFO:__main__:验证的best_acc:0.9225
INFO:__main__:----------------------------------------------------------------------------------------------------
INFO:__main__:
【train】epoch:48/150 loss:0.1629 acc:0.9603
INFO:__main__:
【val】epoch:48/150 loss:0.3012 acc:0.9062
INFO:__main__:
【Val】:  SENS: 0.8009  SPEC: 0.9490  PPV: 0.8645  NPV: 0.9215 F1:0.8315
INFO:__main__:验证的best_acc:0.9225
INFO:__main__:----------------------------------------------------------------------------------------------------
INFO:__main__:
【train】epoch:49/150 loss:0.1463 acc:0.9681
INFO:__main__:
【val】epoch:49/150 loss:1.7818 acc:0.9087
INFO:__main__:
【Val】:  SENS: 0.8182  SPEC: 0.9455  PPV: 0.8591  NPV: 0.9276 F1:0.8381
INFO:__main__:验证的best_acc:0.9225
INFO:__main__:----------------------------------------------------------------------------------------------------
INFO:__main__:
【train】epoch:50/150 loss:0.1358 acc:0.9680
INFO:__main__:
【val】epoch:50/150 loss:0.4702 acc:0.9187
INFO:__main__:
【Val】:  SENS: 0.8182  SPEC: 0.9596  PPV: 0.8915  NPV: 0.9286 F1:0.8533
INFO:__main__:验证的best_acc:0.9225
INFO:__main__:----------------------------------------------------------------------------------------------------
INFO:__main__:
【train】epoch:51/150 loss:0.1301 acc:0.9716
INFO:__main__:
【val】epoch:51/150 loss:0.3336 acc:0.9100
INFO:__main__:
【Val】:  SENS: 0.8442  SPEC: 0.9367  PPV: 0.8442  NPV: 0.9367 F1:0.8442
INFO:__main__:验证的best_acc:0.9225
INFO:__main__:----------------------------------------------------------------------------------------------------
INFO:__main__:
【train】epoch:52/150 loss:0.1420 acc:0.9663
INFO:__main__:
【val】epoch:52/150 loss:0.3012 acc:0.9137
INFO:__main__:
【Val】:  SENS: 0.8398  SPEC: 0.9438  PPV: 0.8584  NPV: 0.9355 F1:0.8490
INFO:__main__:验证的best_acc:0.9225
INFO:__main__:----------------------------------------------------------------------------------------------------
INFO:__main__:
【train】epoch:53/150 loss:0.1331 acc:0.9692
INFO:__main__:
【val】epoch:53/150 loss:0.3941 acc:0.9125
INFO:__main__:
【Val】:  SENS: 0.8095  SPEC: 0.9543  PPV: 0.8779  NPV: 0.9250 F1:0.8423
INFO:__main__:验证的best_acc:0.9225
INFO:__main__:----------------------------------------------------------------------------------------------------
INFO:__main__:
【train】epoch:54/150 loss:0.1305 acc:0.9713
INFO:__main__:
【val】epoch:54/150 loss:0.2973 acc:0.9062
INFO:__main__:
【Val】:  SENS: 0.8485  SPEC: 0.9297  PPV: 0.8305  NPV: 0.9379 F1:0.8394
INFO:__main__:验证的best_acc:0.9225
INFO:__main__:----------------------------------------------------------------------------------------------------
INFO:__main__:
【train】epoch:55/150 loss:0.1254 acc:0.9719
INFO:__main__:
【val】epoch:55/150 loss:0.4055 acc:0.9112
INFO:__main__:
【Val】:  SENS: 0.8312  SPEC: 0.9438  PPV: 0.8571  NPV: 0.9323 F1:0.8440
INFO:__main__:验证的best_acc:0.9225
INFO:__main__:----------------------------------------------------------------------------------------------------
INFO:__main__:
【train】epoch:56/150 loss:0.1209 acc:0.9722
INFO:__main__:
【val】epoch:56/150 loss:0.3224 acc:0.9025
INFO:__main__:
【Val】:  SENS: 0.8485  SPEC: 0.9244  PPV: 0.8201  NPV: 0.9376 F1:0.8340
INFO:__main__:验证的best_acc:0.9225
INFO:__main__:----------------------------------------------------------------------------------------------------
INFO:__main__:
【train】epoch:57/150 loss:0.1270 acc:0.9688
INFO:__main__:
【val】epoch:57/150 loss:0.3097 acc:0.9112
INFO:__main__:
【Val】:  SENS: 0.8442  SPEC: 0.9385  PPV: 0.8478  NPV: 0.9368 F1:0.8460
INFO:__main__:验证的best_acc:0.9225
INFO:__main__:----------------------------------------------------------------------------------------------------
INFO:__main__:
【train】epoch:58/150 loss:0.1156 acc:0.9743
INFO:__main__:
【val】epoch:58/150 loss:0.3166 acc:0.9112
INFO:__main__:
【Val】:  SENS: 0.8788  SPEC: 0.9244  PPV: 0.8252  NPV: 0.9495 F1:0.8512
INFO:__main__:验证的best_acc:0.9225
INFO:__main__:----------------------------------------------------------------------------------------------------
INFO:__main__:
【train】epoch:59/150 loss:0.1172 acc:0.9734
INFO:__main__:
【val】epoch:59/150 loss:0.3115 acc:0.9225
INFO:__main__:
【Val】:  SENS: 0.8528  SPEC: 0.9508  PPV: 0.8756  NPV: 0.9409 F1:0.8640
INFO:__main__:验证的best_acc:0.9225
INFO:__main__:----------------------------------------------------------------------------------------------------
INFO:__main__:
【train】epoch:60/150 loss:0.1151 acc:0.9758
INFO:__main__:
【val】epoch:60/150 loss:0.3544 acc:0.9112
INFO:__main__:
【Val】:  SENS: 0.8701  SPEC: 0.9279  PPV: 0.8306  NPV: 0.9462 F1:0.8499
INFO:__main__:验证的best_acc:0.9225
INFO:__main__:----------------------------------------------------------------------------------------------------
INFO:__main__:
【train】epoch:61/150 loss:0.1058 acc:0.9789
INFO:__main__:
【val】epoch:61/150 loss:0.3503 acc:0.9087
INFO:__main__:
【Val】:  SENS: 0.8485  SPEC: 0.9332  PPV: 0.8376  NPV: 0.9382 F1:0.8430
INFO:__main__:验证的best_acc:0.9225
INFO:__main__:----------------------------------------------------------------------------------------------------
INFO:__main__:
【train】epoch:62/150 loss:0.1036 acc:0.9781
INFO:__main__:
【val】epoch:62/150 loss:0.3085 acc:0.9125
INFO:__main__:
【Val】:  SENS: 0.8745  SPEC: 0.9279  PPV: 0.8313  NPV: 0.9479 F1:0.8523
INFO:__main__:验证的best_acc:0.9225
INFO:__main__:----------------------------------------------------------------------------------------------------
INFO:__main__:
【train】epoch:63/150 loss:0.0944 acc:0.9819
INFO:__main__:
【val】epoch:63/150 loss:0.4122 acc:0.9050
INFO:__main__:
【Val】:  SENS: 0.8571  SPEC: 0.9244  PPV: 0.8216  NPV: 0.9410 F1:0.8390
INFO:__main__:验证的best_acc:0.9225
INFO:__main__:----------------------------------------------------------------------------------------------------
INFO:__main__:
【train】epoch:64/150 loss:0.1000 acc:0.9799
INFO:__main__:
【val】epoch:64/150 loss:0.2834 acc:0.9137
INFO:__main__:
【Val】:  SENS: 0.8745  SPEC: 0.9297  PPV: 0.8347  NPV: 0.9480 F1:0.8541
INFO:__main__:验证的best_acc:0.9225
INFO:__main__:----------------------------------------------------------------------------------------------------
INFO:__main__:
【train】epoch:65/150 loss:0.0965 acc:0.9813
INFO:__main__:
【val】epoch:65/150 loss:0.3829 acc:0.8850
INFO:__main__:
【Val】:  SENS: 0.8961  SPEC: 0.8805  PPV: 0.7527  NPV: 0.9543 F1:0.8182
INFO:__main__:验证的best_acc:0.9225
INFO:__main__:----------------------------------------------------------------------------------------------------
INFO:__main__:
【train】epoch:66/150 loss:0.1028 acc:0.9764
INFO:__main__:
【val】epoch:66/150 loss:0.3052 acc:0.9025
INFO:__main__:
【Val】:  SENS: 0.8485  SPEC: 0.9244  PPV: 0.8201  NPV: 0.9376 F1:0.8340
INFO:__main__:验证的best_acc:0.9225
INFO:__main__:----------------------------------------------------------------------------------------------------
INFO:__main__:
【train】epoch:67/150 loss:0.0937 acc:0.9810
INFO:__main__:
【val】epoch:67/150 loss:0.3282 acc:0.9025
INFO:__main__:
【Val】:  SENS: 0.8701  SPEC: 0.9156  PPV: 0.8072  NPV: 0.9456 F1:0.8375
INFO:__main__:验证的best_acc:0.9225
INFO:__main__:----------------------------------------------------------------------------------------------------
INFO:__main__:
【train】epoch:68/150 loss:0.1019 acc:0.9771
INFO:__main__:
【val】epoch:68/150 loss:0.3454 acc:0.9112
INFO:__main__:
【Val】:  SENS: 0.8268  SPEC: 0.9455  PPV: 0.8604  NPV: 0.9308 F1:0.8433
INFO:__main__:验证的best_acc:0.9225
INFO:__main__:----------------------------------------------------------------------------------------------------
INFO:__main__:
【train】epoch:69/150 loss:0.0857 acc:0.9820
INFO:__main__:
【val】epoch:69/150 loss:0.3083 acc:0.9200
INFO:__main__:
【Val】:  SENS: 0.8571  SPEC: 0.9455  PPV: 0.8646  NPV: 0.9422 F1:0.8609
INFO:__main__:验证的best_acc:0.9225
INFO:__main__:----------------------------------------------------------------------------------------------------
INFO:__main__:
【train】epoch:70/150 loss:0.0919 acc:0.9799
INFO:__main__:
【val】epoch:70/150 loss:0.3582 acc:0.8963
INFO:__main__:
【Val】:  SENS: 0.8745  SPEC: 0.9051  PPV: 0.7891  NPV: 0.9467 F1:0.8296
INFO:__main__:验证的best_acc:0.9225
INFO:__main__:----------------------------------------------------------------------------------------------------
INFO:__main__:
【train】epoch:71/150 loss:0.0804 acc:0.9869
INFO:__main__:
【val】epoch:71/150 loss:0.3391 acc:0.9125
INFO:__main__:
【Val】:  SENS: 0.8658  SPEC: 0.9315  PPV: 0.8368  NPV: 0.9447 F1:0.8511
INFO:__main__:验证的best_acc:0.9225
INFO:__main__:----------------------------------------------------------------------------------------------------
INFO:__main__:
【train】epoch:72/150 loss:0.0741 acc:0.9890
INFO:__main__:
【val】epoch:72/150 loss:0.3810 acc:0.9125
INFO:__main__:
【Val】:  SENS: 0.8268  SPEC: 0.9473  PPV: 0.8643  NPV: 0.9309 F1:0.8451
INFO:__main__:验证的best_acc:0.9225
INFO:__main__:----------------------------------------------------------------------------------------------------
INFO:__main__:
【train】epoch:73/150 loss:0.0860 acc:0.9834
INFO:__main__:
【val】epoch:73/150 loss:0.3152 acc:0.9287
INFO:__main__:
【Val】:  SENS: 0.8745  SPEC: 0.9508  PPV: 0.8783  NPV: 0.9491 F1:0.8764
INFO:__main__:验证的best_acc:0.9287
INFO:__main__:----------------------------------------------------------------------------------------------------
INFO:__main__:
【train】epoch:74/150 loss:0.0793 acc:0.9848
INFO:__main__:
【val】epoch:74/150 loss:0.3544 acc:0.9125
INFO:__main__:
【Val】:  SENS: 0.8831  SPEC: 0.9244  PPV: 0.8259  NPV: 0.9512 F1:0.8536
INFO:__main__:验证的best_acc:0.9287
INFO:__main__:----------------------------------------------------------------------------------------------------
INFO:__main__:
【train】epoch:75/150 loss:0.0805 acc:0.9854
INFO:__main__:
【val】epoch:75/150 loss:0.3527 acc:0.9150
INFO:__main__:
【Val】:  SENS: 0.8442  SPEC: 0.9438  PPV: 0.8590  NPV: 0.9372 F1:0.8515
INFO:__main__:验证的best_acc:0.9287
INFO:__main__:----------------------------------------------------------------------------------------------------
INFO:__main__:
【train】epoch:76/150 loss:0.0781 acc:0.9845
INFO:__main__:
【val】epoch:76/150 loss:0.3491 acc:0.9175
INFO:__main__:
【Val】:  SENS: 0.8485  SPEC: 0.9455  PPV: 0.8634  NPV: 0.9389 F1:0.8559
INFO:__main__:验证的best_acc:0.9287
INFO:__main__:----------------------------------------------------------------------------------------------------
INFO:__main__:
【train】epoch:77/150 loss:0.0805 acc:0.9854
INFO:__main__:
【val】epoch:77/150 loss:0.3816 acc:0.9025
INFO:__main__:
【Val】:  SENS: 0.8745  SPEC: 0.9139  PPV: 0.8048  NPV: 0.9472 F1:0.8382
INFO:__main__:验证的best_acc:0.9287
INFO:__main__:----------------------------------------------------------------------------------------------------
INFO:__main__:
【train】epoch:78/150 loss:0.0735 acc:0.9876
INFO:__main__:
【val】epoch:78/150 loss:0.4000 acc:0.9112
INFO:__main__:
【Val】:  SENS: 0.8182  SPEC: 0.9490  PPV: 0.8670  NPV: 0.9278 F1:0.8419
INFO:__main__:验证的best_acc:0.9287
INFO:__main__:----------------------------------------------------------------------------------------------------
INFO:__main__:
【train】epoch:79/150 loss:0.0660 acc:0.9887
INFO:__main__:
【val】epoch:79/150 loss:0.3191 acc:0.9250
INFO:__main__:
【Val】:  SENS: 0.8701  SPEC: 0.9473  PPV: 0.8701  NPV: 0.9473 F1:0.8701
INFO:__main__:验证的best_acc:0.9287
INFO:__main__:----------------------------------------------------------------------------------------------------
INFO:__main__:
【train】epoch:80/150 loss:0.0639 acc:0.9888
INFO:__main__:
【val】epoch:80/150 loss:0.3682 acc:0.9162
INFO:__main__:
【Val】:  SENS: 0.8658  SPEC: 0.9367  PPV: 0.8475  NPV: 0.9450 F1:0.8565
INFO:__main__:验证的best_acc:0.9287
INFO:__main__:----------------------------------------------------------------------------------------------------
INFO:__main__:
【train】epoch:81/150 loss:0.0642 acc:0.9900
INFO:__main__:
【val】epoch:81/150 loss:0.3791 acc:0.9187
INFO:__main__:
【Val】:  SENS: 0.8485  SPEC: 0.9473  PPV: 0.8673  NPV: 0.9390 F1:0.8578
INFO:__main__:验证的best_acc:0.9287
INFO:__main__:----------------------------------------------------------------------------------------------------
INFO:__main__:
【train】epoch:82/150 loss:0.0573 acc:0.9928
INFO:__main__:
【val】epoch:82/150 loss:0.3603 acc:0.9175
INFO:__main__:
【Val】:  SENS: 0.8528  SPEC: 0.9438  PPV: 0.8603  NPV: 0.9405 F1:0.8565
INFO:__main__:验证的best_acc:0.9287
INFO:__main__:----------------------------------------------------------------------------------------------------
INFO:__main__:
【train】epoch:83/150 loss:0.0617 acc:0.9894
INFO:__main__:
【val】epoch:83/150 loss:0.3521 acc:0.9212
INFO:__main__:
【Val】:  SENS: 0.8571  SPEC: 0.9473  PPV: 0.8684  NPV: 0.9423 F1:0.8627
INFO:__main__:验证的best_acc:0.9287
INFO:__main__:----------------------------------------------------------------------------------------------------
INFO:__main__:
【train】epoch:84/150 loss:0.0586 acc:0.9915
INFO:__main__:
【val】epoch:84/150 loss:0.3678 acc:0.9225
INFO:__main__:
【Val】:  SENS: 0.8528  SPEC: 0.9508  PPV: 0.8756  NPV: 0.9409 F1:0.8640
INFO:__main__:验证的best_acc:0.9287
INFO:__main__:----------------------------------------------------------------------------------------------------
INFO:__main__:
【train】epoch:85/150 loss:0.0655 acc:0.9890
INFO:__main__:
【val】epoch:85/150 loss:0.4024 acc:0.9262
INFO:__main__:
【Val】:  SENS: 0.8442  SPEC: 0.9596  PPV: 0.8945  NPV: 0.9381 F1:0.8686
INFO:__main__:验证的best_acc:0.9287
INFO:__main__:----------------------------------------------------------------------------------------------------
INFO:__main__:
【train】epoch:86/150 loss:0.0622 acc:0.9902
INFO:__main__:
【val】epoch:86/150 loss:0.3960 acc:0.9187
INFO:__main__:
【Val】:  SENS: 0.8788  SPEC: 0.9350  PPV: 0.8458  NPV: 0.9500 F1:0.8620
INFO:__main__:验证的best_acc:0.9287
INFO:__main__:----------------------------------------------------------------------------------------------------
INFO:__main__:
【train】epoch:87/150 loss:0.0660 acc:0.9894
INFO:__main__:
【val】epoch:87/150 loss:0.4020 acc:0.9125
INFO:__main__:
【Val】:  SENS: 0.8398  SPEC: 0.9420  PPV: 0.8546  NPV: 0.9354 F1:0.8472
INFO:__main__:验证的best_acc:0.9287
INFO:__main__:----------------------------------------------------------------------------------------------------
INFO:__main__:
【train】epoch:88/150 loss:0.0658 acc:0.9891
INFO:__main__:
【val】epoch:88/150 loss:0.3627 acc:0.9162
INFO:__main__:
【Val】:  SENS: 0.8658  SPEC: 0.9367  PPV: 0.8475  NPV: 0.9450 F1:0.8565
INFO:__main__:验证的best_acc:0.9287
INFO:__main__:----------------------------------------------------------------------------------------------------
INFO:__main__:
【train】epoch:89/150 loss:0.0514 acc:0.9938
INFO:__main__:
【val】epoch:89/150 loss:0.3585 acc:0.9237
INFO:__main__:
【Val】:  SENS: 0.8615  SPEC: 0.9490  PPV: 0.8728  NPV: 0.9441 F1:0.8671
INFO:__main__:验证的best_acc:0.9287
INFO:__main__:----------------------------------------------------------------------------------------------------
INFO:__main__:
【train】epoch:90/150 loss:0.0574 acc:0.9914
INFO:__main__:
【val】epoch:90/150 loss:0.3785 acc:0.9175
INFO:__main__:
【Val】:  SENS: 0.8355  SPEC: 0.9508  PPV: 0.8733  NPV: 0.9344 F1:0.8540
INFO:__main__:验证的best_acc:0.9287
INFO:__main__:----------------------------------------------------------------------------------------------------
INFO:__main__:
【train】epoch:91/150 loss:0.0530 acc:0.9932
INFO:__main__:
【val】epoch:91/150 loss:0.3755 acc:0.9225
INFO:__main__:
【Val】:  SENS: 0.8745  SPEC: 0.9420  PPV: 0.8596  NPV: 0.9487 F1:0.8670
INFO:__main__:验证的best_acc:0.9287
INFO:__main__:----------------------------------------------------------------------------------------------------
INFO:__main__:
【train】epoch:92/150 loss:0.0517 acc:0.9931
INFO:__main__:
【val】epoch:92/150 loss:0.3838 acc:0.9200
INFO:__main__:
【Val】:  SENS: 0.8615  SPEC: 0.9438  PPV: 0.8615  NPV: 0.9438 F1:0.8615
INFO:__main__:验证的best_acc:0.9287
INFO:__main__:----------------------------------------------------------------------------------------------------
INFO:__main__:
【train】epoch:93/150 loss:0.0495 acc:0.9941
INFO:__main__:
【val】epoch:93/150 loss:0.3479 acc:0.9187
INFO:__main__:
【Val】:  SENS: 0.8658  SPEC: 0.9402  PPV: 0.8547  NPV: 0.9452 F1:0.8602
INFO:__main__:验证的best_acc:0.9287
INFO:__main__:----------------------------------------------------------------------------------------------------
INFO:__main__:
【train】epoch:94/150 loss:0.0523 acc:0.9938
INFO:__main__:
【val】epoch:94/150 loss:0.3519 acc:0.9275
INFO:__main__:
【Val】:  SENS: 0.8701  SPEC: 0.9508  PPV: 0.8777  NPV: 0.9475 F1:0.8739
INFO:__main__:验证的best_acc:0.9287
INFO:__main__:----------------------------------------------------------------------------------------------------
INFO:__main__:
【train】epoch:95/150 loss:0.0582 acc:0.9917
INFO:__main__:
【val】epoch:95/150 loss:0.3970 acc:0.9262
INFO:__main__:
【Val】:  SENS: 0.8701  SPEC: 0.9490  PPV: 0.8739  NPV: 0.9474 F1:0.8720
INFO:__main__:验证的best_acc:0.9287
INFO:__main__:----------------------------------------------------------------------------------------------------
INFO:__main__:
【train】epoch:96/150 loss:0.0546 acc:0.9931
INFO:__main__:
【val】epoch:96/150 loss:0.3456 acc:0.9275
INFO:__main__:
【Val】:  SENS: 0.8701  SPEC: 0.9508  PPV: 0.8777  NPV: 0.9475 F1:0.8739
INFO:__main__:验证的best_acc:0.9287
INFO:__main__:----------------------------------------------------------------------------------------------------
INFO:__main__:
【train】epoch:97/150 loss:0.0545 acc:0.9920
INFO:__main__:
【val】epoch:97/150 loss:0.3264 acc:0.9200
INFO:__main__:
【Val】:  SENS: 0.8571  SPEC: 0.9455  PPV: 0.8646  NPV: 0.9422 F1:0.8609
INFO:__main__:验证的best_acc:0.9287
INFO:__main__:----------------------------------------------------------------------------------------------------
INFO:__main__:
【train】epoch:98/150 loss:0.0465 acc:0.9946
INFO:__main__:
【val】epoch:98/150 loss:0.3655 acc:0.9275
INFO:__main__:
【Val】:  SENS: 0.8701  SPEC: 0.9508  PPV: 0.8777  NPV: 0.9475 F1:0.8739
INFO:__main__:验证的best_acc:0.9287
INFO:__main__:----------------------------------------------------------------------------------------------------
INFO:__main__:
【train】epoch:99/150 loss:0.0482 acc:0.9937
INFO:__main__:
【val】epoch:99/150 loss:0.3794 acc:0.9225
INFO:__main__:
【Val】:  SENS: 0.8788  SPEC: 0.9402  PPV: 0.8565  NPV: 0.9503 F1:0.8675
INFO:__main__:验证的best_acc:0.9287
INFO:__main__:----------------------------------------------------------------------------------------------------
INFO:__main__:
【train】epoch:100/150 loss:0.0474 acc:0.9955
INFO:__main__:
【val】epoch:100/150 loss:0.3499 acc:0.9250
INFO:__main__:
【Val】:  SENS: 0.8745  SPEC: 0.9455  PPV: 0.8670  NPV: 0.9489 F1:0.8707
INFO:__main__:验证的best_acc:0.9287
INFO:__main__:----------------------------------------------------------------------------------------------------
INFO:__main__:
【train】epoch:101/150 loss:0.0467 acc:0.9943
INFO:__main__:
【val】epoch:101/150 loss:0.3495 acc:0.9187
INFO:__main__:
【Val】:  SENS: 0.8745  SPEC: 0.9367  PPV: 0.8487  NPV: 0.9484 F1:0.8614
INFO:__main__:验证的best_acc:0.9287
INFO:__main__:----------------------------------------------------------------------------------------------------
INFO:__main__:
【train】epoch:102/150 loss:0.0473 acc:0.9938
INFO:__main__:
【val】epoch:102/150 loss:0.4095 acc:0.9187
INFO:__main__:
【Val】:  SENS: 0.8571  SPEC: 0.9438  PPV: 0.8609  NPV: 0.9421 F1:0.8590
INFO:__main__:验证的best_acc:0.9287
INFO:__main__:----------------------------------------------------------------------------------------------------
INFO:__main__:
【train】epoch:103/150 loss:0.0448 acc:0.9947
INFO:__main__:
【val】epoch:103/150 loss:0.3649 acc:0.9225
INFO:__main__:
【Val】:  SENS: 0.8745  SPEC: 0.9420  PPV: 0.8596  NPV: 0.9487 F1:0.8670
INFO:__main__:验证的best_acc:0.9287
INFO:__main__:----------------------------------------------------------------------------------------------------
INFO:__main__:
【train】epoch:104/150 loss:0.0446 acc:0.9952
INFO:__main__:
【val】epoch:104/150 loss:0.3604 acc:0.9125
INFO:__main__:
【Val】:  SENS: 0.8398  SPEC: 0.9420  PPV: 0.8546  NPV: 0.9354 F1:0.8472
INFO:__main__:验证的best_acc:0.9287
INFO:__main__:----------------------------------------------------------------------------------------------------
INFO:__main__:
【train】epoch:105/150 loss:0.0385 acc:0.9971
INFO:__main__:
【val】epoch:105/150 loss:0.3821 acc:0.9212
INFO:__main__:
【Val】:  SENS: 0.8788  SPEC: 0.9385  PPV: 0.8529  NPV: 0.9502 F1:0.8657
INFO:__main__:验证的best_acc:0.9287
INFO:__main__:----------------------------------------------------------------------------------------------------
INFO:__main__:
【train】epoch:106/150 loss:0.0431 acc:0.9952
INFO:__main__:
【val】epoch:106/150 loss:0.3826 acc:0.9250
INFO:__main__:
【Val】:  SENS: 0.8571  SPEC: 0.9525  PPV: 0.8800  NPV: 0.9426 F1:0.8684
INFO:__main__:验证的best_acc:0.9287
INFO:__main__:----------------------------------------------------------------------------------------------------
INFO:__main__:
【train】epoch:107/150 loss:0.0401 acc:0.9964
INFO:__main__:
【val】epoch:107/150 loss:0.4185 acc:0.9212
INFO:__main__:
【Val】:  SENS: 0.8571  SPEC: 0.9473  PPV: 0.8684  NPV: 0.9423 F1:0.8627
INFO:__main__:验证的best_acc:0.9287
INFO:__main__:----------------------------------------------------------------------------------------------------
INFO:__main__:
【train】epoch:108/150 loss:0.0442 acc:0.9944
INFO:__main__:
【val】epoch:108/150 loss:0.3879 acc:0.9237
INFO:__main__:
【Val】:  SENS: 0.8831  SPEC: 0.9402  PPV: 0.8571  NPV: 0.9520 F1:0.8699
INFO:__main__:验证的best_acc:0.9287
INFO:__main__:----------------------------------------------------------------------------------------------------
INFO:__main__:
【train】epoch:109/150 loss:0.0419 acc:0.9959
INFO:__main__:
【val】epoch:109/150 loss:0.3820 acc:0.9300
INFO:__main__:
【Val】:  SENS: 0.8874  SPEC: 0.9473  PPV: 0.8723  NPV: 0.9540 F1:0.8798
INFO:__main__:验证的best_acc:0.9300
INFO:__main__:----------------------------------------------------------------------------------------------------
INFO:__main__:
【train】epoch:110/150 loss:0.0414 acc:0.9955
INFO:__main__:
【val】epoch:110/150 loss:0.4232 acc:0.9250
INFO:__main__:
【Val】:  SENS: 0.8571  SPEC: 0.9525  PPV: 0.8800  NPV: 0.9426 F1:0.8684
INFO:__main__:验证的best_acc:0.9300
INFO:__main__:----------------------------------------------------------------------------------------------------
INFO:__main__:
【train】epoch:111/150 loss:0.0391 acc:0.9970
INFO:__main__:
【val】epoch:111/150 loss:0.3890 acc:0.9262
INFO:__main__:
【Val】:  SENS: 0.8745  SPEC: 0.9473  PPV: 0.8707  NPV: 0.9489 F1:0.8726
INFO:__main__:验证的best_acc:0.9300
INFO:__main__:----------------------------------------------------------------------------------------------------
INFO:__main__:
【train】epoch:112/150 loss:0.0367 acc:0.9968
INFO:__main__:
【val】epoch:112/150 loss:0.4188 acc:0.9200
INFO:__main__:
【Val】:  SENS: 0.8571  SPEC: 0.9455  PPV: 0.8646  NPV: 0.9422 F1:0.8609
INFO:__main__:验证的best_acc:0.9300
INFO:__main__:----------------------------------------------------------------------------------------------------
INFO:__main__:
【train】epoch:113/150 loss:0.0426 acc:0.9965
INFO:__main__:
【val】epoch:113/150 loss:0.3748 acc:0.9262
INFO:__main__:
【Val】:  SENS: 0.8788  SPEC: 0.9455  PPV: 0.8675  NPV: 0.9505 F1:0.8731
INFO:__main__:验证的best_acc:0.9300
INFO:__main__:----------------------------------------------------------------------------------------------------
INFO:__main__:
【train】epoch:114/150 loss:0.0366 acc:0.9977
INFO:__main__:
【val】epoch:114/150 loss:0.4168 acc:0.9212
INFO:__main__:
【Val】:  SENS: 0.8398  SPEC: 0.9543  PPV: 0.8818  NPV: 0.9362 F1:0.8603
INFO:__main__:验证的best_acc:0.9300
INFO:__main__:----------------------------------------------------------------------------------------------------
INFO:__main__:
【train】epoch:115/150 loss:0.0371 acc:0.9962
INFO:__main__:
【val】epoch:115/150 loss:0.4015 acc:0.9175
INFO:__main__:
【Val】:  SENS: 0.8442  SPEC: 0.9473  PPV: 0.8667  NPV: 0.9374 F1:0.8553
INFO:__main__:验证的best_acc:0.9300
INFO:__main__:----------------------------------------------------------------------------------------------------
INFO:__main__:
【train】epoch:116/150 loss:0.0334 acc:0.9983
INFO:__main__:
【val】epoch:116/150 loss:0.4256 acc:0.9187
INFO:__main__:
【Val】:  SENS: 0.8398  SPEC: 0.9508  PPV: 0.8739  NPV: 0.9360 F1:0.8565
INFO:__main__:验证的best_acc:0.9300
INFO:__main__:----------------------------------------------------------------------------------------------------
INFO:__main__:
【train】epoch:117/150 loss:0.0367 acc:0.9965
INFO:__main__:
【val】epoch:117/150 loss:0.4238 acc:0.9225
INFO:__main__:
【Val】:  SENS: 0.8485  SPEC: 0.9525  PPV: 0.8789  NPV: 0.9393 F1:0.8634
INFO:__main__:验证的best_acc:0.9300
INFO:__main__:----------------------------------------------------------------------------------------------------
INFO:__main__:
【train】epoch:118/150 loss:0.0394 acc:0.9971
INFO:__main__:
【val】epoch:118/150 loss:0.4237 acc:0.9237
INFO:__main__:
【Val】:  SENS: 0.8485  SPEC: 0.9543  PPV: 0.8829  NPV: 0.9394 F1:0.8653
INFO:__main__:验证的best_acc:0.9300
INFO:__main__:----------------------------------------------------------------------------------------------------
INFO:__main__:
【train】epoch:119/150 loss:0.0347 acc:0.9973
INFO:__main__:
【val】epoch:119/150 loss:0.4072 acc:0.9287
INFO:__main__:
【Val】:  SENS: 0.8701  SPEC: 0.9525  PPV: 0.8816  NPV: 0.9476 F1:0.8758
INFO:__main__:验证的best_acc:0.9300
INFO:__main__:----------------------------------------------------------------------------------------------------
INFO:__main__:
【train】epoch:120/150 loss:0.0361 acc:0.9962
INFO:__main__:
【val】epoch:120/150 loss:0.4027 acc:0.9262
INFO:__main__:
【Val】:  SENS: 0.8615  SPEC: 0.9525  PPV: 0.8805  NPV: 0.9443 F1:0.8709
INFO:__main__:验证的best_acc:0.9300
INFO:__main__:----------------------------------------------------------------------------------------------------
INFO:__main__:
【train】epoch:121/150 loss:0.0338 acc:0.9976
INFO:__main__:
【val】epoch:121/150 loss:0.4309 acc:0.9175
INFO:__main__:
【Val】:  SENS: 0.8701  SPEC: 0.9367  PPV: 0.8481  NPV: 0.9467 F1:0.8590
INFO:__main__:验证的best_acc:0.9300
INFO:__main__:----------------------------------------------------------------------------------------------------
INFO:__main__:
【train】epoch:122/150 loss:0.0351 acc:0.9967
INFO:__main__:
【val】epoch:122/150 loss:0.4270 acc:0.9150
INFO:__main__:
【Val】:  SENS: 0.8658  SPEC: 0.9350  PPV: 0.8439  NPV: 0.9449 F1:0.8547
INFO:__main__:验证的best_acc:0.9300
INFO:__main__:----------------------------------------------------------------------------------------------------
INFO:__main__:
【train】epoch:123/150 loss:0.0380 acc:0.9962
INFO:__main__:
【val】epoch:123/150 loss:0.4433 acc:0.9125
INFO:__main__:
【Val】:  SENS: 0.8398  SPEC: 0.9420  PPV: 0.8546  NPV: 0.9354 F1:0.8472
INFO:__main__:验证的best_acc:0.9300
INFO:__main__:----------------------------------------------------------------------------------------------------
INFO:__main__:
【train】epoch:124/150 loss:0.0366 acc:0.9965
INFO:__main__:
【val】epoch:124/150 loss:0.4109 acc:0.9250
INFO:__main__:
【Val】:  SENS: 0.8831  SPEC: 0.9420  PPV: 0.8608  NPV: 0.9520 F1:0.8718
INFO:__main__:验证的best_acc:0.9300
INFO:__main__:----------------------------------------------------------------------------------------------------
INFO:__main__:
【train】epoch:125/150 loss:0.0316 acc:0.9982
INFO:__main__:
【val】epoch:125/150 loss:0.4197 acc:0.9187
INFO:__main__:
【Val】:  SENS: 0.8485  SPEC: 0.9473  PPV: 0.8673  NPV: 0.9390 F1:0.8578
INFO:__main__:验证的best_acc:0.9300
INFO:__main__:----------------------------------------------------------------------------------------------------
INFO:__main__:
【train】epoch:126/150 loss:0.0342 acc:0.9974
INFO:__main__:
【val】epoch:126/150 loss:0.4140 acc:0.9212
INFO:__main__:
【Val】:  SENS: 0.8658  SPEC: 0.9438  PPV: 0.8621  NPV: 0.9454 F1:0.8639
INFO:__main__:验证的best_acc:0.9300
INFO:__main__:----------------------------------------------------------------------------------------------------
INFO:__main__:
【train】epoch:127/150 loss:0.0315 acc:0.9983
INFO:__main__:
【val】epoch:127/150 loss:0.4240 acc:0.9212
INFO:__main__:
【Val】:  SENS: 0.8615  SPEC: 0.9455  PPV: 0.8652  NPV: 0.9439 F1:0.8633
INFO:__main__:验证的best_acc:0.9300
INFO:__main__:----------------------------------------------------------------------------------------------------
INFO:__main__:
【train】epoch:128/150 loss:0.0345 acc:0.9980
INFO:__main__:
【val】epoch:128/150 loss:0.4550 acc:0.9225
INFO:__main__:
【Val】:  SENS: 0.8398  SPEC: 0.9561  PPV: 0.8858  NPV: 0.9363 F1:0.8622
INFO:__main__:验证的best_acc:0.9300
INFO:__main__:----------------------------------------------------------------------------------------------------
INFO:__main__:
【train】epoch:129/150 loss:0.0351 acc:0.9979
INFO:__main__:
【val】epoch:129/150 loss:0.4482 acc:0.9200
INFO:__main__:
【Val】:  SENS: 0.8312  SPEC: 0.9561  PPV: 0.8848  NPV: 0.9331 F1:0.8571
INFO:__main__:验证的best_acc:0.9300
INFO:__main__:----------------------------------------------------------------------------------------------------
INFO:__main__:
【train】epoch:130/150 loss:0.0309 acc:0.9986
INFO:__main__:
【val】epoch:130/150 loss:0.4326 acc:0.9200
INFO:__main__:
【Val】:  SENS: 0.8701  SPEC: 0.9402  PPV: 0.8553  NPV: 0.9469 F1:0.8627
INFO:__main__:验证的best_acc:0.9300
INFO:__main__:----------------------------------------------------------------------------------------------------
INFO:__main__:
【train】epoch:131/150 loss:0.0306 acc:0.9983
INFO:__main__:
【val】epoch:131/150 loss:0.4239 acc:0.9237
INFO:__main__:
【Val】:  SENS: 0.8745  SPEC: 0.9438  PPV: 0.8632  NPV: 0.9488 F1:0.8688
INFO:__main__:验证的best_acc:0.9300
INFO:__main__:----------------------------------------------------------------------------------------------------
INFO:__main__:
【train】epoch:132/150 loss:0.0313 acc:0.9980
INFO:__main__:
【val】epoch:132/150 loss:0.4212 acc:0.9237
INFO:__main__:
【Val】:  SENS: 0.8745  SPEC: 0.9438  PPV: 0.8632  NPV: 0.9488 F1:0.8688
INFO:__main__:验证的best_acc:0.9300
INFO:__main__:----------------------------------------------------------------------------------------------------
INFO:__main__:
【train】epoch:133/150 loss:0.0341 acc:0.9974
INFO:__main__:
【val】epoch:133/150 loss:0.4202 acc:0.9187
INFO:__main__:
【Val】:  SENS: 0.8398  SPEC: 0.9508  PPV: 0.8739  NPV: 0.9360 F1:0.8565
INFO:__main__:验证的best_acc:0.9300
INFO:__main__:----------------------------------------------------------------------------------------------------
INFO:__main__:
【train】epoch:134/150 loss:0.0316 acc:0.9982
INFO:__main__:
【val】epoch:134/150 loss:0.4139 acc:0.9275
INFO:__main__:
【Val】:  SENS: 0.8701  SPEC: 0.9508  PPV: 0.8777  NPV: 0.9475 F1:0.8739
INFO:__main__:验证的best_acc:0.9300
INFO:__main__:----------------------------------------------------------------------------------------------------
INFO:__main__:
【train】epoch:135/150 loss:0.0321 acc:0.9979
INFO:__main__:
【val】epoch:135/150 loss:0.4247 acc:0.9150
INFO:__main__:
【Val】:  SENS: 0.8355  SPEC: 0.9473  PPV: 0.8655  NPV: 0.9341 F1:0.8502
INFO:__main__:验证的best_acc:0.9300
INFO:__main__:----------------------------------------------------------------------------------------------------
INFO:__main__:
【train】epoch:136/150 loss:0.0301 acc:0.9991
INFO:__main__:
【val】epoch:136/150 loss:0.4266 acc:0.9262
INFO:__main__:
【Val】:  SENS: 0.8788  SPEC: 0.9455  PPV: 0.8675  NPV: 0.9505 F1:0.8731
INFO:__main__:验证的best_acc:0.9300
INFO:__main__:----------------------------------------------------------------------------------------------------
INFO:__main__:
【train】epoch:137/150 loss:0.0340 acc:0.9971
INFO:__main__:
【val】epoch:137/150 loss:0.4271 acc:0.9225
INFO:__main__:
【Val】:  SENS: 0.8658  SPEC: 0.9455  PPV: 0.8658  NPV: 0.9455 F1:0.8658
INFO:__main__:验证的best_acc:0.9300
INFO:__main__:----------------------------------------------------------------------------------------------------
INFO:__main__:
【train】epoch:138/150 loss:0.0321 acc:0.9979
INFO:__main__:
【val】epoch:138/150 loss:0.4377 acc:0.9225
INFO:__main__:
【Val】:  SENS: 0.8528  SPEC: 0.9508  PPV: 0.8756  NPV: 0.9409 F1:0.8640
INFO:__main__:验证的best_acc:0.9300
INFO:__main__:----------------------------------------------------------------------------------------------------
INFO:__main__:
【train】epoch:139/150 loss:0.0310 acc:0.9982
INFO:__main__:
【val】epoch:139/150 loss:0.4352 acc:0.9200
INFO:__main__:
【Val】:  SENS: 0.8442  SPEC: 0.9508  PPV: 0.8744  NPV: 0.9376 F1:0.8590
INFO:__main__:验证的best_acc:0.9300
INFO:__main__:----------------------------------------------------------------------------------------------------
INFO:__main__:
【train】epoch:140/150 loss:0.0294 acc:0.9983
INFO:__main__:
【val】epoch:140/150 loss:0.4351 acc:0.9250
INFO:__main__:
【Val】:  SENS: 0.8571  SPEC: 0.9525  PPV: 0.8800  NPV: 0.9426 F1:0.8684
INFO:__main__:验证的best_acc:0.9300
INFO:__main__:----------------------------------------------------------------------------------------------------
INFO:__main__:
【train】epoch:141/150 loss:0.0300 acc:0.9988
INFO:__main__:
【val】epoch:141/150 loss:0.4126 acc:0.9250
INFO:__main__:
【Val】:  SENS: 0.8788  SPEC: 0.9438  PPV: 0.8638  NPV: 0.9504 F1:0.8712
INFO:__main__:验证的best_acc:0.9300
INFO:__main__:----------------------------------------------------------------------------------------------------
INFO:__main__:
【train】epoch:142/150 loss:0.0281 acc:0.9994
INFO:__main__:
【val】epoch:142/150 loss:0.4108 acc:0.9262
INFO:__main__:
【Val】:  SENS: 0.8788  SPEC: 0.9455  PPV: 0.8675  NPV: 0.9505 F1:0.8731
INFO:__main__:验证的best_acc:0.9300
INFO:__main__:----------------------------------------------------------------------------------------------------
INFO:__main__:
【train】epoch:143/150 loss:0.0294 acc:0.9985
INFO:__main__:
【val】epoch:143/150 loss:0.4367 acc:0.9225
INFO:__main__:
【Val】:  SENS: 0.8658  SPEC: 0.9455  PPV: 0.8658  NPV: 0.9455 F1:0.8658
INFO:__main__:验证的best_acc:0.9300
INFO:__main__:----------------------------------------------------------------------------------------------------
INFO:__main__:
【train】epoch:144/150 loss:0.0280 acc:0.9991
INFO:__main__:
【val】epoch:144/150 loss:0.4040 acc:0.9225
INFO:__main__:
【Val】:  SENS: 0.8615  SPEC: 0.9473  PPV: 0.8690  NPV: 0.9440 F1:0.8652
INFO:__main__:验证的best_acc:0.9300
INFO:__main__:----------------------------------------------------------------------------------------------------
INFO:__main__:
【train】epoch:145/150 loss:0.0285 acc:0.9992
INFO:__main__:
【val】epoch:145/150 loss:0.4242 acc:0.9250
INFO:__main__:
【Val】:  SENS: 0.8701  SPEC: 0.9473  PPV: 0.8701  NPV: 0.9473 F1:0.8701
INFO:__main__:验证的best_acc:0.9300
INFO:__main__:----------------------------------------------------------------------------------------------------
INFO:__main__:
【train】epoch:146/150 loss:0.0290 acc:0.9989
INFO:__main__:
【val】epoch:146/150 loss:0.4269 acc:0.9225
INFO:__main__:
【Val】:  SENS: 0.8745  SPEC: 0.9420  PPV: 0.8596  NPV: 0.9487 F1:0.8670
INFO:__main__:验证的best_acc:0.9300
INFO:__main__:----------------------------------------------------------------------------------------------------
INFO:__main__:
【train】epoch:147/150 loss:0.0286 acc:0.9988
INFO:__main__:
【val】epoch:147/150 loss:0.4502 acc:0.9212
INFO:__main__:
【Val】:  SENS: 0.8571  SPEC: 0.9473  PPV: 0.8684  NPV: 0.9423 F1:0.8627
INFO:__main__:验证的best_acc:0.9300
INFO:__main__:----------------------------------------------------------------------------------------------------
INFO:__main__:
【train】epoch:148/150 loss:0.0274 acc:0.9992
INFO:__main__:
【val】epoch:148/150 loss:0.4332 acc:0.9237
INFO:__main__:
【Val】:  SENS: 0.8615  SPEC: 0.9490  PPV: 0.8728  NPV: 0.9441 F1:0.8671
INFO:__main__:验证的best_acc:0.9300
INFO:__main__:----------------------------------------------------------------------------------------------------
INFO:__main__:
【train】epoch:149/150 loss:0.0279 acc:0.9992
INFO:__main__:
【val】epoch:149/150 loss:0.4435 acc:0.9237
INFO:__main__:
【Val】:  SENS: 0.8658  SPEC: 0.9473  PPV: C NPV: 0.9456 F1:0.8677
INFO:__main__:验证的best_acc:0.9300
INFO:__main__:----------------------------------------------------------------------------------------------------
INFO:__main__:****************************************************************************************************
INFO:__main__:Val_LOSS:['0.6358', '0.5015', '0.5303', '0.4946', '0.4511', '0.4270', '0.4472', '0.4278', '0.8074', '0.4095', '0.5288', '0.3899', '0.4906', '0.5546', '0.4209', '2.1161', '0.5445', '0.8268', '0.5299', '3.6328', '1.2334', '1.1915', '2.4484', '0.8071', '1.1098', '0.7078', '4.2256', '4.3692', '1.2190', '0.8860', '1.1083', '1.0587', '0.8685', '0.2724', '0.8607', '1.5154', '0.4620', '1.8560', '0.3614', '0.5060', '1.8120', '1.2543', '0.2361', '0.3212', '0.3126', '0.5147', '2.0791', '0.2749', '0.3012', '1.7818', '0.4702', '0.3336', '0.3012', '0.3941', '0.2973', '0.4055', '0.3224', '0.3097', '0.3166', '0.3115', '0.3544', '0.3503', '0.3085', '0.4122', '0.2834', '0.3829', '0.3052', '0.3282', '0.3454', '0.3083', '0.3582', '0.3391', '0.3810', '0.3152', '0.3544', '0.3527', '0.3491', '0.3816', '0.4000', '0.3191', '0.3682', '0.3791', '0.3603', '0.3521', '0.3678', '0.4024', '0.3960', '0.4020', '0.3627', '0.3585', '0.3785', '0.3755', '0.3838', '0.3479', '0.3519', '0.3970', '0.3456', '0.3264', '0.3655', '0.3794', '0.3499', '0.3495', '0.4095', '0.3649', '0.3604', '0.3821', '0.3826', '0.4185', '0.3879', '0.3820', '0.4232', '0.3890', '0.4188', '0.3748', '0.4168', '0.4015', '0.4256', '0.4238', '0.4237', '0.4072', '0.4027', '0.4309', '0.4270', '0.4433', '0.4109', '0.4197', '0.4140', '0.4240', '0.4550', '0.4482', '0.4326', '0.4239', '0.4212', '0.4202', '0.4139', '0.4247', '0.4266', '0.4271', '0.4377', '0.4352', '0.4351', '0.4126', '0.4108', '0.4367', '0.4040', '0.4242', '0.4269', '0.4502', '0.4332', '0.4435']
INFO:__main__:Val_ACC:['0.6338', '0.7287', '0.7225', '0.7475', '0.7738', '0.8025', '0.7850', '0.7825', '0.6350', '0.8150', '0.7362', '0.8163', '0.8213', '0.8438', '0.8375', '0.8512', '0.8037', '0.8512', '0.8350', '0.8775', '0.8850', '0.8750', '0.8950', '0.8875', '0.9150', '0.8838', '0.8950', '0.8687', '0.8925', '0.9125', '0.8988', '0.8975', '0.9025', '0.9000', '0.9187', '0.9025', '0.9062', '0.9162', '0.9075', '0.9150', '0.9175', '0.9125', '0.9100', '0.9100', '0.8925', '0.9225', '0.9200', '0.9150', '0.9062', '0.9087', '0.9187', '0.9100', '0.9137', '0.9125', '0.9062', '0.9112', '0.9025', '0.9112', '0.9112', '0.9225', '0.9112', '0.9087', '0.9125', '0.9050', '0.9137', '0.8850', '0.9025', '0.9025', '0.9112', '0.9200', '0.8963', '0.9125', '0.9125', '0.9287', '0.9125', '0.9150', '0.9175', '0.9025', '0.9112', '0.9250', '0.9162', '0.9187', '0.9175', '0.9212', '0.9225', '0.9262', '0.9187', '0.9125', '0.9162', '0.9237', '0.9175', '0.9225', '0.9200', '0.9187', '0.9275', '0.9262', '0.9275', '0.9200', '0.9275', '0.9225', '0.9250', '0.9187', '0.9187', '0.9225', '0.9125', '0.9212', '0.9250', '0.9212', '0.9237', '0.9300', '0.9250', '0.9262', '0.9200', '0.9262', '0.9212', '0.9175', '0.9187', '0.9225', '0.9237', '0.9287', '0.9262', '0.9175', '0.9150', '0.9125', '0.9250', '0.9187', '0.9212', '0.9212', '0.9225', '0.9200', '0.9200', '0.9237', '0.9237', '0.9187', '0.9275', '0.9150', '0.9262', '0.9225', '0.9225', '0.9200', '0.9250', '0.9250', '0.9262', '0.9225', '0.9225', '0.9250', '0.9225', '0.9212', '0.9237', '0.9237']
INFO:__main__:****************************************************************************************************
