INFO:__main__:
【train】epoch:0/150 loss:1.6262 acc:0.6172
INFO:__main__:
【val】epoch:0/150 loss:33.4479 acc:0.6281
INFO:__main__:
【Val】:  SENS: 0.7600  SPEC: 0.5436  PPV: 0.5163  NPV: 0.7794 F1:0.6149
INFO:__main__:验证的best_acc:0.6281
INFO:__main__:----------------------------------------------------------------------------------------------------
INFO:__main__:
【train】epoch:1/150 loss:0.8300 acc:0.6793
INFO:__main__:
【val】epoch:1/150 loss:1.9023 acc:0.6687
INFO:__main__:
【Val】:  SENS: 0.7640  SPEC: 0.6077  PPV: 0.5552  NPV: 0.8007 F1:0.6431
INFO:__main__:验证的best_acc:0.6687
INFO:__main__:----------------------------------------------------------------------------------------------------
INFO:__main__:
【train】epoch:2/150 loss:0.7256 acc:0.7219
INFO:__main__:
【val】epoch:2/150 loss:5.8679 acc:0.7484
INFO:__main__:
【Val】:  SENS: 0.7800  SPEC: 0.7282  PPV: 0.6478  NPV: 0.8378 F1:0.7078
INFO:__main__:验证的best_acc:0.7484
INFO:__main__:----------------------------------------------------------------------------------------------------
INFO:__main__:
【train】epoch:3/150 loss:0.6758 acc:0.7471
INFO:__main__:
【val】epoch:3/150 loss:2.5531 acc:0.7500
INFO:__main__:
【Val】:  SENS: 0.8240  SPEC: 0.7026  PPV: 0.6398  NPV: 0.8616 F1:0.7203
INFO:__main__:验证的best_acc:0.7500
INFO:__main__:----------------------------------------------------------------------------------------------------
INFO:__main__:
【train】epoch:4/150 loss:0.6110 acc:0.7836
INFO:__main__:
【val】epoch:4/150 loss:2.9850 acc:0.7937
INFO:__main__:
【Val】:  SENS: 0.6600  SPEC: 0.8795  PPV: 0.7783  NPV: 0.8014 F1:0.7143
INFO:__main__:验证的best_acc:0.7937
INFO:__main__:----------------------------------------------------------------------------------------------------
INFO:__main__:
【train】epoch:5/150 loss:0.5658 acc:0.8051
INFO:__main__:
【val】epoch:5/150 loss:0.4444 acc:0.7922
INFO:__main__:
【Val】:  SENS: 0.5640  SPEC: 0.9385  PPV: 0.8545  NPV: 0.7705 F1:0.6795
INFO:__main__:验证的best_acc:0.7937
INFO:__main__:----------------------------------------------------------------------------------------------------
INFO:__main__:
【train】epoch:6/150 loss:0.5383 acc:0.8139
INFO:__main__:
【val】epoch:6/150 loss:1.5658 acc:0.8375
INFO:__main__:
【Val】:  SENS: 0.8320  SPEC: 0.8410  PPV: 0.7704  NPV: 0.8865 F1:0.8000
INFO:__main__:验证的best_acc:0.8375
INFO:__main__:----------------------------------------------------------------------------------------------------
INFO:__main__:
【train】epoch:7/150 loss:0.5048 acc:0.8350
INFO:__main__:
【val】epoch:7/150 loss:0.3728 acc:0.8266
INFO:__main__:
【Val】:  SENS: 0.8560  SPEC: 0.8077  PPV: 0.7405  NPV: 0.8974 F1:0.7941
INFO:__main__:验证的best_acc:0.8375
INFO:__main__:----------------------------------------------------------------------------------------------------
INFO:__main__:
【train】epoch:8/150 loss:0.4850 acc:0.8375
INFO:__main__:
【val】epoch:8/150 loss:0.5069 acc:0.8313
INFO:__main__:
【Val】:  SENS: 0.7480  SPEC: 0.8846  PPV: 0.8060  NPV: 0.8456 F1:0.7759
INFO:__main__:验证的best_acc:0.8375
INFO:__main__:----------------------------------------------------------------------------------------------------
INFO:__main__:
【train】epoch:9/150 loss:0.4528 acc:0.8500
INFO:__main__:
【val】epoch:9/150 loss:1.3397 acc:0.8469
INFO:__main__:
【Val】:  SENS: 0.8440  SPEC: 0.8487  PPV: 0.7815  NPV: 0.8946 F1:0.8115
INFO:__main__:验证的best_acc:0.8469
INFO:__main__:----------------------------------------------------------------------------------------------------
INFO:__main__:
【train】epoch:10/150 loss:0.4358 acc:0.8602
INFO:__main__:
【val】epoch:10/150 loss:2.4776 acc:0.8609
INFO:__main__:
【Val】:  SENS: 0.8360  SPEC: 0.8769  PPV: 0.8132  NPV: 0.8930 F1:0.8245
INFO:__main__:验证的best_acc:0.8609
INFO:__main__:----------------------------------------------------------------------------------------------------
INFO:__main__:
【train】epoch:11/150 loss:0.4262 acc:0.8606
INFO:__main__:
【val】epoch:11/150 loss:1.1888 acc:0.8484
INFO:__main__:
【Val】:  SENS: 0.8520  SPEC: 0.8462  PPV: 0.7802  NPV: 0.8992 F1:0.8145
INFO:__main__:验证的best_acc:0.8609
INFO:__main__:----------------------------------------------------------------------------------------------------
INFO:__main__:
【train】epoch:12/150 loss:0.4070 acc:0.8684
INFO:__main__:
【val】epoch:12/150 loss:0.8012 acc:0.8562
INFO:__main__:
【Val】:  SENS: 0.8600  SPEC: 0.8538  PPV: 0.7904  NPV: 0.9049 F1:0.8238
INFO:__main__:验证的best_acc:0.8609
INFO:__main__:----------------------------------------------------------------------------------------------------
INFO:__main__:
【train】epoch:13/150 loss:0.3992 acc:0.8748
INFO:__main__:
【val】epoch:13/150 loss:0.3129 acc:0.8594
INFO:__main__:
【Val】:  SENS: 0.8680  SPEC: 0.8538  PPV: 0.7920  NPV: 0.9098 F1:0.8282
INFO:__main__:验证的best_acc:0.8609
INFO:__main__:----------------------------------------------------------------------------------------------------
INFO:__main__:
【train】epoch:14/150 loss:0.3850 acc:0.8701
INFO:__main__:
【val】epoch:14/150 loss:0.4550 acc:0.8422
INFO:__main__:
【Val】:  SENS: 0.8960  SPEC: 0.8077  PPV: 0.7492  NPV: 0.9238 F1:0.8160
INFO:__main__:验证的best_acc:0.8609
INFO:__main__:----------------------------------------------------------------------------------------------------
INFO:__main__:
【train】epoch:15/150 loss:0.3886 acc:0.8729
INFO:__main__:
【val】epoch:15/150 loss:0.3294 acc:0.8484
INFO:__main__:
【Val】:  SENS: 0.8920  SPEC: 0.8205  PPV: 0.7611  NPV: 0.9222 F1:0.8214
INFO:__main__:验证的best_acc:0.8609
INFO:__main__:----------------------------------------------------------------------------------------------------
INFO:__main__:
【train】epoch:16/150 loss:0.3754 acc:0.8812
INFO:__main__:
【val】epoch:16/150 loss:0.3642 acc:0.8344
INFO:__main__:
【Val】:  SENS: 0.9080  SPEC: 0.7872  PPV: 0.7323  NPV: 0.9303 F1:0.8107
INFO:__main__:验证的best_acc:0.8609
INFO:__main__:----------------------------------------------------------------------------------------------------
INFO:__main__:
【train】epoch:17/150 loss:0.3619 acc:0.8814
INFO:__main__:
【val】epoch:17/150 loss:0.3300 acc:0.8906
INFO:__main__:
【Val】:  SENS: 0.8840  SPEC: 0.8949  PPV: 0.8435  NPV: 0.9233 F1:0.8633
INFO:__main__:验证的best_acc:0.8906
INFO:__main__:----------------------------------------------------------------------------------------------------
INFO:__main__:
【train】epoch:18/150 loss:0.3586 acc:0.8863
INFO:__main__:
【val】epoch:18/150 loss:0.5795 acc:0.8891
INFO:__main__:
【Val】:  SENS: 0.8280  SPEC: 0.9282  PPV: 0.8809  NPV: 0.8938 F1:0.8536
INFO:__main__:验证的best_acc:0.8906
INFO:__main__:----------------------------------------------------------------------------------------------------
INFO:__main__:
【train】epoch:19/150 loss:0.3334 acc:0.8950
INFO:__main__:
【val】epoch:19/150 loss:0.2898 acc:0.8813
INFO:__main__:
【Val】:  SENS: 0.9160  SPEC: 0.8590  PPV: 0.8063  NPV: 0.9410 F1:0.8577
INFO:__main__:验证的best_acc:0.8906
INFO:__main__:----------------------------------------------------------------------------------------------------
INFO:__main__:
【train】epoch:20/150 loss:0.3240 acc:0.8993
INFO:__main__:
【val】epoch:20/150 loss:0.6269 acc:0.8844
INFO:__main__:
【Val】:  SENS: 0.8720  SPEC: 0.8923  PPV: 0.8385  NPV: 0.9158 F1:0.8549
INFO:__main__:验证的best_acc:0.8906
INFO:__main__:----------------------------------------------------------------------------------------------------
INFO:__main__:
【train】epoch:21/150 loss:0.3120 acc:0.9086
INFO:__main__:
【val】epoch:21/150 loss:0.2983 acc:0.8938
INFO:__main__:
【Val】:  SENS: 0.8360  SPEC: 0.9308  PPV: 0.8856  NPV: 0.8985 F1:0.8601
INFO:__main__:验证的best_acc:0.8938
INFO:__main__:----------------------------------------------------------------------------------------------------
INFO:__main__:
【train】epoch:22/150 loss:0.2995 acc:0.9107
INFO:__main__:
【val】epoch:22/150 loss:0.3573 acc:0.8938
INFO:__main__:
【Val】:  SENS: 0.9000  SPEC: 0.8897  PPV: 0.8396  NPV: 0.9328 F1:0.8687
INFO:__main__:验证的best_acc:0.8938
INFO:__main__:----------------------------------------------------------------------------------------------------
INFO:__main__:
【train】epoch:23/150 loss:0.3097 acc:0.9014
INFO:__main__:
【val】epoch:23/150 loss:0.3579 acc:0.9078
INFO:__main__:
【Val】:  SENS: 0.8760  SPEC: 0.9282  PPV: 0.8866  NPV: 0.9211 F1:0.8813
INFO:__main__:验证的best_acc:0.9078
INFO:__main__:----------------------------------------------------------------------------------------------------
INFO:__main__:
【train】epoch:24/150 loss:0.2915 acc:0.9082
INFO:__main__:
【val】epoch:24/150 loss:0.3213 acc:0.8797
INFO:__main__:
【Val】:  SENS: 0.8920  SPEC: 0.8718  PPV: 0.8168  NPV: 0.9264 F1:0.8528
INFO:__main__:验证的best_acc:0.9078
INFO:__main__:----------------------------------------------------------------------------------------------------
INFO:__main__:
【train】epoch:25/150 loss:0.2796 acc:0.9191
INFO:__main__:
【val】epoch:25/150 loss:0.6263 acc:0.8922
INFO:__main__:
【Val】:  SENS: 0.9000  SPEC: 0.8872  PPV: 0.8364  NPV: 0.9326 F1:0.8671
INFO:__main__:验证的best_acc:0.9078
INFO:__main__:----------------------------------------------------------------------------------------------------
INFO:__main__:
【train】epoch:26/150 loss:0.2785 acc:0.9171
INFO:__main__:
【val】epoch:26/150 loss:0.3471 acc:0.8906
INFO:__main__:
【Val】:  SENS: 0.9000  SPEC: 0.8846  PPV: 0.8333  NPV: 0.9324 F1:0.8654
INFO:__main__:验证的best_acc:0.9078
INFO:__main__:----------------------------------------------------------------------------------------------------
INFO:__main__:
【train】epoch:27/150 loss:0.2774 acc:0.9210
INFO:__main__:
【val】epoch:27/150 loss:0.4161 acc:0.9062
INFO:__main__:
【Val】:  SENS: 0.8600  SPEC: 0.9359  PPV: 0.8958  NPV: 0.9125 F1:0.8776
INFO:__main__:验证的best_acc:0.9078
INFO:__main__:----------------------------------------------------------------------------------------------------
INFO:__main__:
【train】epoch:28/150 loss:0.2714 acc:0.9227
INFO:__main__:
【val】epoch:28/150 loss:4.1637 acc:0.9031
INFO:__main__:
【Val】:  SENS: 0.8600  SPEC: 0.9308  PPV: 0.8884  NPV: 0.9121 F1:0.8740
INFO:__main__:验证的best_acc:0.9078
INFO:__main__:----------------------------------------------------------------------------------------------------
INFO:__main__:
【train】epoch:29/150 loss:0.2651 acc:0.9241
INFO:__main__:
【val】epoch:29/150 loss:1.2930 acc:0.9047
INFO:__main__:
【Val】:  SENS: 0.8560  SPEC: 0.9359  PPV: 0.8954  NPV: 0.9102 F1:0.8753
INFO:__main__:验证的best_acc:0.9078
INFO:__main__:----------------------------------------------------------------------------------------------------
INFO:__main__:
【train】epoch:30/150 loss:0.2417 acc:0.9290
INFO:__main__:
【val】epoch:30/150 loss:0.3594 acc:0.8984
INFO:__main__:
【Val】:  SENS: 0.8360  SPEC: 0.9385  PPV: 0.8970  NPV: 0.8993 F1:0.8654
INFO:__main__:验证的best_acc:0.9078
INFO:__main__:----------------------------------------------------------------------------------------------------
INFO:__main__:
【train】epoch:31/150 loss:0.2426 acc:0.9303
INFO:__main__:
【val】epoch:31/150 loss:0.3168 acc:0.8969
INFO:__main__:
【Val】:  SENS: 0.8880  SPEC: 0.9026  PPV: 0.8538  NPV: 0.9263 F1:0.8706
INFO:__main__:验证的best_acc:0.9078
INFO:__main__:----------------------------------------------------------------------------------------------------
INFO:__main__:
【train】epoch:32/150 loss:0.2319 acc:0.9328
INFO:__main__:
【val】epoch:32/150 loss:0.3766 acc:0.9031
INFO:__main__:
【Val】:  SENS: 0.8480  SPEC: 0.9385  PPV: 0.8983  NPV: 0.9059 F1:0.8724
INFO:__main__:验证的best_acc:0.9078
INFO:__main__:----------------------------------------------------------------------------------------------------
INFO:__main__:
【train】epoch:33/150 loss:0.2157 acc:0.9404
INFO:__main__:
【val】epoch:33/150 loss:2.0028 acc:0.8766
INFO:__main__:
【Val】:  SENS: 0.8320  SPEC: 0.9051  PPV: 0.8490  NPV: 0.8937 F1:0.8404
INFO:__main__:验证的best_acc:0.9078
INFO:__main__:----------------------------------------------------------------------------------------------------
INFO:__main__:
【train】epoch:34/150 loss:0.2233 acc:0.9385
INFO:__main__:
【val】epoch:34/150 loss:14.7585 acc:0.8969
INFO:__main__:
【Val】:  SENS: 0.8560  SPEC: 0.9231  PPV: 0.8770  NPV: 0.9091 F1:0.8664
INFO:__main__:验证的best_acc:0.9078
INFO:__main__:----------------------------------------------------------------------------------------------------
INFO:__main__:
【train】epoch:35/150 loss:0.2214 acc:0.9389
INFO:__main__:
【val】epoch:35/150 loss:2.6077 acc:0.8922
INFO:__main__:
【Val】:  SENS: 0.7960  SPEC: 0.9538  PPV: 0.9171  NPV: 0.8794 F1:0.8522
INFO:__main__:验证的best_acc:0.9078
INFO:__main__:----------------------------------------------------------------------------------------------------
INFO:__main__:
【train】epoch:36/150 loss:0.2251 acc:0.9404
INFO:__main__:
【val】epoch:36/150 loss:68.6393 acc:0.8953
INFO:__main__:
【Val】:  SENS: 0.8920  SPEC: 0.8974  PPV: 0.8479  NPV: 0.9284 F1:0.8694
INFO:__main__:验证的best_acc:0.9078
INFO:__main__:----------------------------------------------------------------------------------------------------
INFO:__main__:
【train】epoch:37/150 loss:0.2202 acc:0.9398
INFO:__main__:
【val】epoch:37/150 loss:5.0046 acc:0.8844
INFO:__main__:
【Val】:  SENS: 0.8080  SPEC: 0.9333  PPV: 0.8860  NPV: 0.8835 F1:0.8452
INFO:__main__:验证的best_acc:0.9078
INFO:__main__:----------------------------------------------------------------------------------------------------
INFO:__main__:
【train】epoch:38/150 loss:0.1945 acc:0.9486
INFO:__main__:
【val】epoch:38/150 loss:0.5391 acc:0.9000
INFO:__main__:
【Val】:  SENS: 0.8640  SPEC: 0.9231  PPV: 0.8780  NPV: 0.9137 F1:0.8710
INFO:__main__:验证的best_acc:0.9078
INFO:__main__:----------------------------------------------------------------------------------------------------
INFO:__main__:
【train】epoch:39/150 loss:0.1992 acc:0.9474
INFO:__main__:
【val】epoch:39/150 loss:1.4425 acc:0.9078
INFO:__main__:
【Val】:  SENS: 0.9120  SPEC: 0.9051  PPV: 0.8604  NPV: 0.9413 F1:0.8854
INFO:__main__:验证的best_acc:0.9078
INFO:__main__:----------------------------------------------------------------------------------------------------
INFO:__main__:
【train】epoch:40/150 loss:0.1825 acc:0.9536
INFO:__main__:
【val】epoch:40/150 loss:1.2365 acc:0.9031
INFO:__main__:
【Val】:  SENS: 0.8720  SPEC: 0.9231  PPV: 0.8790  NPV: 0.9184 F1:0.8755
INFO:__main__:验证的best_acc:0.9078
INFO:__main__:----------------------------------------------------------------------------------------------------
INFO:__main__:
【train】epoch:41/150 loss:0.1797 acc:0.9550
INFO:__main__:
【val】epoch:41/150 loss:48.9176 acc:0.9016
INFO:__main__:
【Val】:  SENS: 0.8720  SPEC: 0.9205  PPV: 0.8755  NPV: 0.9182 F1:0.8737
INFO:__main__:验证的best_acc:0.9078
INFO:__main__:----------------------------------------------------------------------------------------------------
INFO:__main__:
【train】epoch:42/150 loss:0.1790 acc:0.9532
INFO:__main__:
【val】epoch:42/150 loss:0.5597 acc:0.9125
INFO:__main__:
【Val】:  SENS: 0.8760  SPEC: 0.9359  PPV: 0.8975  NPV: 0.9217 F1:0.8866
INFO:__main__:验证的best_acc:0.9125
INFO:__main__:----------------------------------------------------------------------------------------------------
INFO:__main__:
【train】epoch:43/150 loss:0.1722 acc:0.9559
INFO:__main__:
【val】epoch:43/150 loss:0.6751 acc:0.8922
INFO:__main__:
【Val】:  SENS: 0.8280  SPEC: 0.9333  PPV: 0.8884  NPV: 0.8943 F1:0.8571
INFO:__main__:验证的best_acc:0.9125
INFO:__main__:----------------------------------------------------------------------------------------------------
INFO:__main__:
【train】epoch:44/150 loss:0.1745 acc:0.9585
INFO:__main__:
【val】epoch:44/150 loss:0.8711 acc:0.9062
INFO:__main__:
【Val】:  SENS: 0.8800  SPEC: 0.9231  PPV: 0.8800  NPV: 0.9231 F1:0.8800
INFO:__main__:验证的best_acc:0.9125
INFO:__main__:----------------------------------------------------------------------------------------------------
INFO:__main__:
【train】epoch:45/150 loss:0.1744 acc:0.9544
INFO:__main__:
【val】epoch:45/150 loss:0.4157 acc:0.9172
INFO:__main__:
【Val】:  SENS: 0.8520  SPEC: 0.9590  PPV: 0.9301  NPV: 0.9100 F1:0.8894
INFO:__main__:验证的best_acc:0.9172
INFO:__main__:----------------------------------------------------------------------------------------------------
INFO:__main__:
【train】epoch:46/150 loss:0.1641 acc:0.9579
INFO:__main__:
【val】epoch:46/150 loss:1.0210 acc:0.8906
INFO:__main__:
【Val】:  SENS: 0.9120  SPEC: 0.8769  PPV: 0.8261  NPV: 0.9396 F1:0.8669
INFO:__main__:验证的best_acc:0.9172
INFO:__main__:----------------------------------------------------------------------------------------------------
INFO:__main__:
【train】epoch:47/150 loss:0.1642 acc:0.9614
INFO:__main__:
【val】epoch:47/150 loss:0.7808 acc:0.9016
INFO:__main__:
【Val】:  SENS: 0.8440  SPEC: 0.9385  PPV: 0.8979  NPV: 0.9037 F1:0.8701
INFO:__main__:验证的best_acc:0.9172
INFO:__main__:----------------------------------------------------------------------------------------------------
INFO:__main__:
【train】epoch:48/150 loss:0.1599 acc:0.9614
INFO:__main__:
【val】epoch:48/150 loss:0.4030 acc:0.8891
INFO:__main__:
【Val】:  SENS: 0.9000  SPEC: 0.8821  PPV: 0.8303  NPV: 0.9322 F1:0.8637
INFO:__main__:验证的best_acc:0.9172
INFO:__main__:----------------------------------------------------------------------------------------------------
INFO:__main__:
【train】epoch:49/150 loss:0.1500 acc:0.9660
INFO:__main__:
【val】epoch:49/150 loss:3.5779 acc:0.8844
INFO:__main__:
【Val】:  SENS: 0.8520  SPEC: 0.9051  PPV: 0.8520  NPV: 0.9051 F1:0.8520
INFO:__main__:验证的best_acc:0.9172
INFO:__main__:----------------------------------------------------------------------------------------------------
INFO:__main__:
【train】epoch:50/150 loss:0.1430 acc:0.9670
INFO:__main__:
【val】epoch:50/150 loss:17.1795 acc:0.8922
INFO:__main__:
【Val】:  SENS: 0.8920  SPEC: 0.8923  PPV: 0.8415  NPV: 0.9280 F1:0.8660
INFO:__main__:验证的best_acc:0.9172
INFO:__main__:----------------------------------------------------------------------------------------------------
INFO:__main__:
【train】epoch:51/150 loss:0.1413 acc:0.9656
INFO:__main__:
【val】epoch:51/150 loss:0.5353 acc:0.8953
INFO:__main__:
【Val】:  SENS: 0.8280  SPEC: 0.9385  PPV: 0.8961  NPV: 0.8949 F1:0.8607
INFO:__main__:验证的best_acc:0.9172
INFO:__main__:----------------------------------------------------------------------------------------------------
INFO:__main__:
【train】epoch:52/150 loss:0.1350 acc:0.9658
INFO:__main__:
【val】epoch:52/150 loss:3.7707 acc:0.8938
INFO:__main__:
【Val】:  SENS: 0.8760  SPEC: 0.9051  PPV: 0.8555  NPV: 0.9193 F1:0.8656
INFO:__main__:验证的best_acc:0.9172
INFO:__main__:----------------------------------------------------------------------------------------------------
INFO:__main__:
【train】epoch:53/150 loss:0.1383 acc:0.9666
INFO:__main__:
【val】epoch:53/150 loss:5.5908 acc:0.8953
INFO:__main__:
【Val】:  SENS: 0.8880  SPEC: 0.9000  PPV: 0.8506  NPV: 0.9261 F1:0.8689
INFO:__main__:验证的best_acc:0.9172
INFO:__main__:----------------------------------------------------------------------------------------------------
INFO:__main__:
【train】epoch:54/150 loss:0.1370 acc:0.9649
INFO:__main__:
【val】epoch:54/150 loss:1.5043 acc:0.9062
INFO:__main__:
【Val】:  SENS: 0.8600  SPEC: 0.9359  PPV: 0.8958  NPV: 0.9125 F1:0.8776
INFO:__main__:验证的best_acc:0.9172
INFO:__main__:----------------------------------------------------------------------------------------------------
INFO:__main__:
【train】epoch:55/150 loss:0.1197 acc:0.9759
INFO:__main__:
【val】epoch:55/150 loss:22.1272 acc:0.8984
INFO:__main__:
【Val】:  SENS: 0.8240  SPEC: 0.9462  PPV: 0.9075  NPV: 0.8935 F1:0.8637
INFO:__main__:验证的best_acc:0.9172
INFO:__main__:----------------------------------------------------------------------------------------------------
INFO:__main__:
【train】epoch:56/150 loss:0.1339 acc:0.9678
INFO:__main__:
【val】epoch:56/150 loss:4.6582 acc:0.9125
INFO:__main__:
【Val】:  SENS: 0.8640  SPEC: 0.9436  PPV: 0.9076  NPV: 0.9154 F1:0.8852
INFO:__main__:验证的best_acc:0.9172
INFO:__main__:----------------------------------------------------------------------------------------------------
INFO:__main__:
【train】epoch:57/150 loss:0.1259 acc:0.9724
INFO:__main__:
【val】epoch:57/150 loss:243.7839 acc:0.9016
INFO:__main__:
【Val】:  SENS: 0.8080  SPEC: 0.9615  PPV: 0.9309  NPV: 0.8865 F1:0.8651
INFO:__main__:验证的best_acc:0.9172
INFO:__main__:----------------------------------------------------------------------------------------------------
INFO:__main__:
【train】epoch:58/150 loss:0.1296 acc:0.9688
INFO:__main__:
【val】epoch:58/150 loss:10.2826 acc:0.8938
INFO:__main__:
【Val】:  SENS: 0.8560  SPEC: 0.9179  PPV: 0.8699  NPV: 0.9086 F1:0.8629
INFO:__main__:验证的best_acc:0.9172
INFO:__main__:----------------------------------------------------------------------------------------------------
INFO:__main__:
【train】epoch:59/150 loss:0.1111 acc:0.9761
INFO:__main__:
【val】epoch:59/150 loss:26.8502 acc:0.9062
INFO:__main__:
【Val】:  SENS: 0.8960  SPEC: 0.9128  PPV: 0.8682  NPV: 0.9319 F1:0.8819
INFO:__main__:验证的best_acc:0.9172
INFO:__main__:----------------------------------------------------------------------------------------------------
INFO:__main__:
【train】epoch:60/150 loss:0.1175 acc:0.9740
INFO:__main__:
【val】epoch:60/150 loss:17.5686 acc:0.8922
INFO:__main__:
【Val】:  SENS: 0.8400  SPEC: 0.9256  PPV: 0.8787  NPV: 0.9002 F1:0.8589
INFO:__main__:验证的best_acc:0.9172
INFO:__main__:----------------------------------------------------------------------------------------------------
INFO:__main__:
【train】epoch:61/150 loss:0.1083 acc:0.9781
INFO:__main__:
【val】epoch:61/150 loss:21.6030 acc:0.8938
INFO:__main__:
【Val】:  SENS: 0.8560  SPEC: 0.9179  PPV: 0.8699  NPV: 0.9086 F1:0.8629
INFO:__main__:验证的best_acc:0.9172
INFO:__main__:----------------------------------------------------------------------------------------------------
INFO:__main__:
【train】epoch:62/150 loss:0.1088 acc:0.9753
INFO:__main__:
【val】epoch:62/150 loss:298.2045 acc:0.9172
INFO:__main__:
【Val】:  SENS: 0.8800  SPEC: 0.9410  PPV: 0.9053  NPV: 0.9244 F1:0.8925
INFO:__main__:验证的best_acc:0.9172
INFO:__main__:----------------------------------------------------------------------------------------------------
INFO:__main__:
【train】epoch:63/150 loss:0.1111 acc:0.9748
INFO:__main__:
【val】epoch:63/150 loss:6.6094 acc:0.9016
INFO:__main__:
【Val】:  SENS: 0.8400  SPEC: 0.9410  PPV: 0.9013  NPV: 0.9017 F1:0.8696
INFO:__main__:验证的best_acc:0.9172
INFO:__main__:----------------------------------------------------------------------------------------------------
INFO:__main__:
【train】epoch:64/150 loss:0.1046 acc:0.9785
INFO:__main__:
【val】epoch:64/150 loss:34.4869 acc:0.9062
INFO:__main__:
【Val】:  SENS: 0.8320  SPEC: 0.9538  PPV: 0.9204  NPV: 0.8986 F1:0.8739
INFO:__main__:验证的best_acc:0.9172
INFO:__main__:----------------------------------------------------------------------------------------------------
INFO:__main__:
【train】epoch:65/150 loss:0.1060 acc:0.9777
INFO:__main__:
【val】epoch:65/150 loss:12.4855 acc:0.9141
INFO:__main__:
【Val】:  SENS: 0.8920  SPEC: 0.9282  PPV: 0.8884  NPV: 0.9306 F1:0.8902
INFO:__main__:验证的best_acc:0.9172
INFO:__main__:----------------------------------------------------------------------------------------------------
INFO:__main__:
【train】epoch:66/150 loss:0.1061 acc:0.9750
INFO:__main__:
【val】epoch:66/150 loss:438.5781 acc:0.9141
INFO:__main__:
【Val】:  SENS: 0.8880  SPEC: 0.9308  PPV: 0.8916  NPV: 0.9284 F1:0.8898
INFO:__main__:验证的best_acc:0.9172
INFO:__main__:----------------------------------------------------------------------------------------------------
INFO:__main__:
【train】epoch:67/150 loss:0.1127 acc:0.9742
INFO:__main__:
【val】epoch:67/150 loss:39.0129 acc:0.9016
INFO:__main__:
【Val】:  SENS: 0.7880  SPEC: 0.9744  PPV: 0.9517  NPV: 0.8776 F1:0.8621
INFO:__main__:验证的best_acc:0.9172
INFO:__main__:----------------------------------------------------------------------------------------------------
INFO:__main__:
【train】epoch:68/150 loss:0.0911 acc:0.9818
INFO:__main__:
【val】epoch:68/150 loss:10.5982 acc:0.9187
INFO:__main__:
【Val】:  SENS: 0.8760  SPEC: 0.9462  PPV: 0.9125  NPV: 0.9225 F1:0.8939
INFO:__main__:验证的best_acc:0.9187
INFO:__main__:----------------------------------------------------------------------------------------------------
INFO:__main__:
【train】epoch:69/150 loss:0.0872 acc:0.9845
INFO:__main__:
【val】epoch:69/150 loss:2.6012 acc:0.9078
INFO:__main__:
【Val】:  SENS: 0.8520  SPEC: 0.9436  PPV: 0.9064  NPV: 0.9086 F1:0.8784
INFO:__main__:验证的best_acc:0.9187
INFO:__main__:----------------------------------------------------------------------------------------------------
INFO:__main__:
【train】epoch:70/150 loss:0.0819 acc:0.9823
INFO:__main__:
【val】epoch:70/150 loss:35.7543 acc:0.9094
INFO:__main__:
【Val】:  SENS: 0.8480  SPEC: 0.9487  PPV: 0.9138  NPV: 0.9069 F1:0.8797
INFO:__main__:验证的best_acc:0.9187
INFO:__main__:----------------------------------------------------------------------------------------------------
INFO:__main__:
【train】epoch:71/150 loss:0.0849 acc:0.9845
INFO:__main__:
【val】epoch:71/150 loss:27.8525 acc:0.9172
INFO:__main__:
【Val】:  SENS: 0.8720  SPEC: 0.9462  PPV: 0.9121  NPV: 0.9202 F1:0.8916
INFO:__main__:验证的best_acc:0.9187
INFO:__main__:----------------------------------------------------------------------------------------------------
INFO:__main__:
【train】epoch:72/150 loss:0.0800 acc:0.9866
INFO:__main__:
【val】epoch:72/150 loss:124.5852 acc:0.9031
INFO:__main__:
【Val】:  SENS: 0.8400  SPEC: 0.9436  PPV: 0.9052  NPV: 0.9020 F1:0.8714
INFO:__main__:验证的best_acc:0.9187
INFO:__main__:----------------------------------------------------------------------------------------------------
INFO:__main__:
【train】epoch:73/150 loss:0.0848 acc:0.9852
INFO:__main__:
【val】epoch:73/150 loss:18.6221 acc:0.9016
INFO:__main__:
【Val】:  SENS: 0.8600  SPEC: 0.9282  PPV: 0.8848  NPV: 0.9118 F1:0.8722
INFO:__main__:验证的best_acc:0.9187
INFO:__main__:----------------------------------------------------------------------------------------------------
INFO:__main__:
【train】epoch:74/150 loss:0.0689 acc:0.9880
INFO:__main__:
【val】epoch:74/150 loss:9.2732 acc:0.8984
INFO:__main__:
【Val】:  SENS: 0.8800  SPEC: 0.9103  PPV: 0.8627  NPV: 0.9221 F1:0.8713
INFO:__main__:验证的best_acc:0.9187
INFO:__main__:----------------------------------------------------------------------------------------------------
INFO:__main__:
【train】epoch:75/150 loss:0.0728 acc:0.9876
INFO:__main__:
【val】epoch:75/150 loss:134.3208 acc:0.9016
INFO:__main__:
【Val】:  SENS: 0.8240  SPEC: 0.9513  PPV: 0.9156  NPV: 0.8940 F1:0.8674
INFO:__main__:验证的best_acc:0.9187
INFO:__main__:----------------------------------------------------------------------------------------------------
INFO:__main__:
【train】epoch:76/150 loss:0.0857 acc:0.9831
INFO:__main__:
【val】epoch:76/150 loss:2.6693 acc:0.9062
INFO:__main__:
【Val】:  SENS: 0.8320  SPEC: 0.9538  PPV: 0.9204  NPV: 0.8986 F1:0.8739
INFO:__main__:验证的best_acc:0.9187
INFO:__main__:----------------------------------------------------------------------------------------------------
INFO:__main__:
【train】epoch:77/150 loss:0.0844 acc:0.9837
INFO:__main__:
【val】epoch:77/150 loss:17.0472 acc:0.8969
INFO:__main__:
【Val】:  SENS: 0.8040  SPEC: 0.9564  PPV: 0.9220  NPV: 0.8839 F1:0.8590
INFO:__main__:验证的best_acc:0.9187
INFO:__main__:----------------------------------------------------------------------------------------------------
INFO:__main__:
【train】epoch:78/150 loss:0.0839 acc:0.9852
INFO:__main__:
【val】epoch:78/150 loss:141.7564 acc:0.9062
INFO:__main__:
【Val】:  SENS: 0.8520  SPEC: 0.9410  PPV: 0.9025  NPV: 0.9084 F1:0.8765
INFO:__main__:验证的best_acc:0.9187
INFO:__main__:----------------------------------------------------------------------------------------------------
INFO:__main__:
【train】epoch:79/150 loss:0.0719 acc:0.9889
INFO:__main__:
【val】epoch:79/150 loss:86.1310 acc:0.9125
INFO:__main__:
【Val】:  SENS: 0.8720  SPEC: 0.9385  PPV: 0.9008  NPV: 0.9196 F1:0.8862
INFO:__main__:验证的best_acc:0.9187
INFO:__main__:----------------------------------------------------------------------------------------------------
INFO:__main__:
【train】epoch:80/150 loss:0.0665 acc:0.9880
INFO:__main__:
【val】epoch:80/150 loss:21.6749 acc:0.9031
INFO:__main__:
【Val】:  SENS: 0.8800  SPEC: 0.9179  PPV: 0.8730  NPV: 0.9227 F1:0.8765
INFO:__main__:验证的best_acc:0.9187
INFO:__main__:----------------------------------------------------------------------------------------------------
INFO:__main__:
【train】epoch:81/150 loss:0.0760 acc:0.9856
INFO:__main__:
【val】epoch:81/150 loss:266.6551 acc:0.9094
INFO:__main__:
【Val】:  SENS: 0.8360  SPEC: 0.9564  PPV: 0.9248  NPV: 0.9010 F1:0.8782
INFO:__main__:验证的best_acc:0.9187
INFO:__main__:----------------------------------------------------------------------------------------------------
INFO:__main__:
【train】epoch:82/150 loss:0.0700 acc:0.9895
INFO:__main__:
【val】epoch:82/150 loss:180.8265 acc:0.9031
INFO:__main__:
【Val】:  SENS: 0.8800  SPEC: 0.9179  PPV: 0.8730  NPV: 0.9227 F1:0.8765
INFO:__main__:验证的best_acc:0.9187
INFO:__main__:----------------------------------------------------------------------------------------------------
INFO:__main__:
【train】epoch:83/150 loss:0.0666 acc:0.9891
INFO:__main__:
【val】epoch:83/150 loss:180.3182 acc:0.9109
INFO:__main__:
【Val】:  SENS: 0.8640  SPEC: 0.9410  PPV: 0.9038  NPV: 0.9152 F1:0.8834
INFO:__main__:验证的best_acc:0.9187
INFO:__main__:----------------------------------------------------------------------------------------------------
INFO:__main__:
【train】epoch:84/150 loss:0.0583 acc:0.9924
INFO:__main__:
【val】epoch:84/150 loss:47.8507 acc:0.9109
INFO:__main__:
【Val】:  SENS: 0.8560  SPEC: 0.9462  PPV: 0.9106  NPV: 0.9111 F1:0.8825
INFO:__main__:验证的best_acc:0.9187
INFO:__main__:----------------------------------------------------------------------------------------------------
INFO:__main__:
【train】epoch:85/150 loss:0.0584 acc:0.9905
INFO:__main__:
【val】epoch:85/150 loss:18.1896 acc:0.9031
INFO:__main__:
【Val】:  SENS: 0.8280  SPEC: 0.9513  PPV: 0.9159  NPV: 0.8961 F1:0.8697
INFO:__main__:验证的best_acc:0.9187
INFO:__main__:----------------------------------------------------------------------------------------------------
INFO:__main__:
【train】epoch:86/150 loss:0.0547 acc:0.9924
INFO:__main__:
【val】epoch:86/150 loss:127.8193 acc:0.9047
INFO:__main__:
【Val】:  SENS: 0.8360  SPEC: 0.9487  PPV: 0.9127  NPV: 0.9002 F1:0.8727
INFO:__main__:验证的best_acc:0.9187
INFO:__main__:----------------------------------------------------------------------------------------------------
INFO:__main__:
【train】epoch:87/150 loss:0.0569 acc:0.9913
INFO:__main__:
【val】epoch:87/150 loss:279.3520 acc:0.9109
INFO:__main__:
【Val】:  SENS: 0.8440  SPEC: 0.9538  PPV: 0.9214  NPV: 0.9051 F1:0.8810
INFO:__main__:验证的best_acc:0.9187
INFO:__main__:----------------------------------------------------------------------------------------------------
INFO:__main__:
【train】epoch:88/150 loss:0.0662 acc:0.9905
INFO:__main__:
【val】epoch:88/150 loss:391.3429 acc:0.9078
INFO:__main__:
【Val】:  SENS: 0.8600  SPEC: 0.9385  PPV: 0.8996  NPV: 0.9127 F1:0.8793
INFO:__main__:验证的best_acc:0.9187
INFO:__main__:----------------------------------------------------------------------------------------------------
INFO:__main__:
【train】epoch:89/150 loss:0.0566 acc:0.9930
INFO:__main__:
【val】epoch:89/150 loss:272.0591 acc:0.9109
INFO:__main__:
【Val】:  SENS: 0.8600  SPEC: 0.9436  PPV: 0.9072  NPV: 0.9132 F1:0.8830
INFO:__main__:验证的best_acc:0.9187
INFO:__main__:----------------------------------------------------------------------------------------------------
INFO:__main__:
【train】epoch:90/150 loss:0.0559 acc:0.9920
INFO:__main__:
【val】epoch:90/150 loss:195.8635 acc:0.9062
INFO:__main__:
【Val】:  SENS: 0.8520  SPEC: 0.9410  PPV: 0.9025  NPV: 0.9084 F1:0.8765
INFO:__main__:验证的best_acc:0.9187
INFO:__main__:----------------------------------------------------------------------------------------------------
INFO:__main__:
【train】epoch:91/150 loss:0.0465 acc:0.9955
INFO:__main__:
【val】epoch:91/150 loss:209.5600 acc:0.9172
INFO:__main__:
【Val】:  SENS: 0.8600  SPEC: 0.9538  PPV: 0.9227  NPV: 0.9140 F1:0.8903
INFO:__main__:验证的best_acc:0.9187
INFO:__main__:----------------------------------------------------------------------------------------------------
INFO:__main__:
【train】epoch:92/150 loss:0.0526 acc:0.9932
INFO:__main__:
【val】epoch:92/150 loss:209.2578 acc:0.9078
INFO:__main__:
【Val】:  SENS: 0.8400  SPEC: 0.9513  PPV: 0.9170  NPV: 0.9027 F1:0.8768
INFO:__main__:验证的best_acc:0.9187
INFO:__main__:----------------------------------------------------------------------------------------------------
INFO:__main__:
【train】epoch:93/150 loss:0.0489 acc:0.9944
INFO:__main__:
【val】epoch:93/150 loss:298.6777 acc:0.9156
INFO:__main__:
【Val】:  SENS: 0.8680  SPEC: 0.9462  PPV: 0.9118  NPV: 0.9179 F1:0.8893
INFO:__main__:验证的best_acc:0.9187
INFO:__main__:----------------------------------------------------------------------------------------------------
INFO:__main__:
【train】epoch:94/150 loss:0.0500 acc:0.9938
INFO:__main__:
【val】epoch:94/150 loss:173.6483 acc:0.9094
INFO:__main__:
【Val】:  SENS: 0.8640  SPEC: 0.9385  PPV: 0.9000  NPV: 0.9150 F1:0.8816
INFO:__main__:验证的best_acc:0.9187
INFO:__main__:----------------------------------------------------------------------------------------------------
INFO:__main__:
【train】epoch:95/150 loss:0.0498 acc:0.9924
INFO:__main__:
【val】epoch:95/150 loss:124.2964 acc:0.9031
INFO:__main__:
【Val】:  SENS: 0.8680  SPEC: 0.9256  PPV: 0.8821  NPV: 0.9162 F1:0.8750
INFO:__main__:验证的best_acc:0.9187
INFO:__main__:----------------------------------------------------------------------------------------------------
INFO:__main__:
【train】epoch:96/150 loss:0.0493 acc:0.9944
INFO:__main__:
【val】epoch:96/150 loss:130.3673 acc:0.9062
INFO:__main__:
【Val】:  SENS: 0.8720  SPEC: 0.9282  PPV: 0.8862  NPV: 0.9188 F1:0.8790
INFO:__main__:验证的best_acc:0.9187
INFO:__main__:----------------------------------------------------------------------------------------------------
INFO:__main__:
【train】epoch:97/150 loss:0.0505 acc:0.9932
INFO:__main__:
【val】epoch:97/150 loss:2.3559 acc:0.9016
INFO:__main__:
【Val】:  SENS: 0.8560  SPEC: 0.9308  PPV: 0.8880  NPV: 0.9098 F1:0.8717
INFO:__main__:验证的best_acc:0.9187
INFO:__main__:----------------------------------------------------------------------------------------------------
INFO:__main__:
【train】epoch:98/150 loss:0.0478 acc:0.9938
INFO:__main__:
【val】epoch:98/150 loss:0.6567 acc:0.8984
INFO:__main__:
【Val】:  SENS: 0.8560  SPEC: 0.9256  PPV: 0.8807  NPV: 0.9093 F1:0.8682
INFO:__main__:验证的best_acc:0.9187
INFO:__main__:----------------------------------------------------------------------------------------------------
INFO:__main__:
【train】epoch:99/150 loss:0.0430 acc:0.9965
INFO:__main__:
【val】epoch:99/150 loss:5.0179 acc:0.9031
INFO:__main__:
【Val】:  SENS: 0.8440  SPEC: 0.9410  PPV: 0.9017  NPV: 0.9039 F1:0.8719
INFO:__main__:验证的best_acc:0.9187
INFO:__main__:----------------------------------------------------------------------------------------------------
INFO:__main__:
【train】epoch:100/150 loss:0.0495 acc:0.9940
INFO:__main__:
【val】epoch:100/150 loss:35.7448 acc:0.9031
INFO:__main__:
【Val】:  SENS: 0.8280  SPEC: 0.9513  PPV: 0.9159  NPV: 0.8961 F1:0.8697
INFO:__main__:验证的best_acc:0.9187
INFO:__main__:----------------------------------------------------------------------------------------------------
INFO:__main__:
【train】epoch:101/150 loss:0.0474 acc:0.9930
INFO:__main__:
【val】epoch:101/150 loss:46.6235 acc:0.9078
INFO:__main__:
【Val】:  SENS: 0.8680  SPEC: 0.9333  PPV: 0.8930  NPV: 0.9169 F1:0.8803
INFO:__main__:验证的best_acc:0.9187
INFO:__main__:----------------------------------------------------------------------------------------------------
INFO:__main__:
【train】epoch:102/150 loss:0.0472 acc:0.9951
INFO:__main__:
【val】epoch:102/150 loss:64.6868 acc:0.9109
INFO:__main__:
【Val】:  SENS: 0.8640  SPEC: 0.9410  PPV: 0.9038  NPV: 0.9152 F1:0.8834
INFO:__main__:验证的best_acc:0.9187
INFO:__main__:----------------------------------------------------------------------------------------------------
INFO:__main__:
【train】epoch:103/150 loss:0.0422 acc:0.9967
INFO:__main__:
【val】epoch:103/150 loss:120.0236 acc:0.9109
INFO:__main__:
【Val】:  SENS: 0.8400  SPEC: 0.9564  PPV: 0.9251  NPV: 0.9031 F1:0.8805
INFO:__main__:验证的best_acc:0.9187
INFO:__main__:----------------------------------------------------------------------------------------------------
INFO:__main__:
【train】epoch:104/150 loss:0.0426 acc:0.9959
INFO:__main__:
【val】epoch:104/150 loss:80.6862 acc:0.9141
INFO:__main__:
【Val】:  SENS: 0.8600  SPEC: 0.9487  PPV: 0.9149  NPV: 0.9136 F1:0.8866
INFO:__main__:验证的best_acc:0.9187
INFO:__main__:----------------------------------------------------------------------------------------------------
INFO:__main__:
【train】epoch:105/150 loss:0.0431 acc:0.9965
INFO:__main__:
【val】epoch:105/150 loss:182.1712 acc:0.9016
INFO:__main__:
【Val】:  SENS: 0.8520  SPEC: 0.9333  PPV: 0.8912  NPV: 0.9077 F1:0.8712
INFO:__main__:验证的best_acc:0.9187
INFO:__main__:----------------------------------------------------------------------------------------------------
INFO:__main__:
【train】epoch:106/150 loss:0.0482 acc:0.9932
INFO:__main__:
【val】epoch:106/150 loss:85.5999 acc:0.9125
INFO:__main__:
【Val】:  SENS: 0.8600  SPEC: 0.9462  PPV: 0.9110  NPV: 0.9134 F1:0.8848
INFO:__main__:验证的best_acc:0.9187
INFO:__main__:----------------------------------------------------------------------------------------------------
INFO:__main__:
【train】epoch:107/150 loss:0.0445 acc:0.9950
INFO:__main__:
【val】epoch:107/150 loss:204.7937 acc:0.9156
INFO:__main__:
【Val】:  SENS: 0.8560  SPEC: 0.9538  PPV: 0.9224  NPV: 0.9118 F1:0.8880
INFO:__main__:验证的best_acc:0.9187
INFO:__main__:----------------------------------------------------------------------------------------------------
INFO:__main__:
【train】epoch:108/150 loss:0.0423 acc:0.9965
INFO:__main__:
【val】epoch:108/150 loss:341.2784 acc:0.9156
INFO:__main__:
【Val】:  SENS: 0.8560  SPEC: 0.9538  PPV: 0.9224  NPV: 0.9118 F1:0.8880
INFO:__main__:验证的best_acc:0.9187
INFO:__main__:----------------------------------------------------------------------------------------------------
INFO:__main__:
【train】epoch:109/150 loss:0.0416 acc:0.9965
INFO:__main__:
【val】epoch:109/150 loss:263.1833 acc:0.9000
INFO:__main__:
【Val】:  SENS: 0.8320  SPEC: 0.9436  PPV: 0.9043  NPV: 0.8976 F1:0.8667
INFO:__main__:验证的best_acc:0.9187
INFO:__main__:----------------------------------------------------------------------------------------------------
INFO:__main__:
【train】epoch:110/150 loss:0.0438 acc:0.9957
INFO:__main__:
【val】epoch:110/150 loss:163.9140 acc:0.9031
INFO:__main__:
【Val】:  SENS: 0.8600  SPEC: 0.9308  PPV: 0.8884  NPV: 0.9121 F1:0.8740
INFO:__main__:验证的best_acc:0.9187
INFO:__main__:----------------------------------------------------------------------------------------------------
INFO:__main__:
【train】epoch:111/150 loss:0.0461 acc:0.9953
INFO:__main__:
【val】epoch:111/150 loss:158.4505 acc:0.9078
INFO:__main__:
【Val】:  SENS: 0.8640  SPEC: 0.9359  PPV: 0.8963  NPV: 0.9148 F1:0.8798
INFO:__main__:验证的best_acc:0.9187
INFO:__main__:----------------------------------------------------------------------------------------------------
INFO:__main__:
【train】epoch:112/150 loss:0.0409 acc:0.9959
INFO:__main__:
【val】epoch:112/150 loss:108.3214 acc:0.9031
INFO:__main__:
【Val】:  SENS: 0.8360  SPEC: 0.9462  PPV: 0.9087  NPV: 0.9000 F1:0.8708
INFO:__main__:验证的best_acc:0.9187
INFO:__main__:----------------------------------------------------------------------------------------------------
INFO:__main__:
【train】epoch:113/150 loss:0.0402 acc:0.9957
INFO:__main__:
【val】epoch:113/150 loss:47.4670 acc:0.9141
INFO:__main__:
【Val】:  SENS: 0.8720  SPEC: 0.9410  PPV: 0.9046  NPV: 0.9198 F1:0.8880
INFO:__main__:验证的best_acc:0.9187
INFO:__main__:----------------------------------------------------------------------------------------------------
INFO:__main__:
【train】epoch:114/150 loss:0.0418 acc:0.9955
INFO:__main__:
【val】epoch:114/150 loss:117.6684 acc:0.9109
INFO:__main__:
【Val】:  SENS: 0.8720  SPEC: 0.9359  PPV: 0.8971  NPV: 0.9194 F1:0.8844
INFO:__main__:验证的best_acc:0.9187
INFO:__main__:----------------------------------------------------------------------------------------------------
INFO:__main__:
【train】epoch:115/150 loss:0.0383 acc:0.9971
INFO:__main__:
【val】epoch:115/150 loss:29.1803 acc:0.9094
INFO:__main__:
【Val】:  SENS: 0.8720  SPEC: 0.9333  PPV: 0.8934  NPV: 0.9192 F1:0.8826
INFO:__main__:验证的best_acc:0.9187
INFO:__main__:----------------------------------------------------------------------------------------------------
INFO:__main__:
【train】epoch:116/150 loss:0.0408 acc:0.9957
INFO:__main__:
【val】epoch:116/150 loss:84.9418 acc:0.9109
INFO:__main__:
【Val】:  SENS: 0.8680  SPEC: 0.9385  PPV: 0.9004  NPV: 0.9173 F1:0.8839
INFO:__main__:验证的best_acc:0.9187
INFO:__main__:----------------------------------------------------------------------------------------------------
INFO:__main__:
【train】epoch:117/150 loss:0.0403 acc:0.9961
INFO:__main__:
【val】epoch:117/150 loss:211.2770 acc:0.9141
INFO:__main__:
【Val】:  SENS: 0.8720  SPEC: 0.9410  PPV: 0.9046  NPV: 0.9198 F1:0.8880
INFO:__main__:验证的best_acc:0.9187
INFO:__main__:----------------------------------------------------------------------------------------------------
INFO:__main__:
【train】epoch:118/150 loss:0.0411 acc:0.9963
INFO:__main__:
【val】epoch:118/150 loss:130.9122 acc:0.9156
INFO:__main__:
【Val】:  SENS: 0.8720  SPEC: 0.9436  PPV: 0.9083  NPV: 0.9200 F1:0.8898
INFO:__main__:验证的best_acc:0.9187
INFO:__main__:----------------------------------------------------------------------------------------------------
INFO:__main__:
【train】epoch:119/150 loss:0.0469 acc:0.9951
INFO:__main__:
【val】epoch:119/150 loss:47.4187 acc:0.9109
INFO:__main__:
【Val】:  SENS: 0.8480  SPEC: 0.9513  PPV: 0.9177  NPV: 0.9071 F1:0.8815
INFO:__main__:验证的best_acc:0.9187
INFO:__main__:----------------------------------------------------------------------------------------------------
INFO:__main__:
【train】epoch:120/150 loss:0.0357 acc:0.9977
INFO:__main__:
【val】epoch:120/150 loss:143.7014 acc:0.9078
INFO:__main__:
【Val】:  SENS: 0.8480  SPEC: 0.9462  PPV: 0.9099  NPV: 0.9066 F1:0.8778
INFO:__main__:验证的best_acc:0.9187
INFO:__main__:----------------------------------------------------------------------------------------------------
INFO:__main__:
【train】epoch:121/150 loss:0.0370 acc:0.9973
INFO:__main__:
【val】epoch:121/150 loss:167.1683 acc:0.9109
INFO:__main__:
【Val】:  SENS: 0.8480  SPEC: 0.9513  PPV: 0.9177  NPV: 0.9071 F1:0.8815
INFO:__main__:验证的best_acc:0.9187
INFO:__main__:----------------------------------------------------------------------------------------------------
INFO:__main__:
【train】epoch:122/150 loss:0.0327 acc:0.9988
INFO:__main__:
【val】epoch:122/150 loss:147.5898 acc:0.9094
INFO:__main__:
【Val】:  SENS: 0.8520  SPEC: 0.9462  PPV: 0.9103  NPV: 0.9089 F1:0.8802
INFO:__main__:验证的best_acc:0.9187
INFO:__main__:----------------------------------------------------------------------------------------------------
INFO:__main__:
【train】epoch:123/150 loss:0.0377 acc:0.9971
INFO:__main__:
【val】epoch:123/150 loss:235.6987 acc:0.9078
INFO:__main__:
【Val】:  SENS: 0.8640  SPEC: 0.9359  PPV: 0.8963  NPV: 0.9148 F1:0.8798
INFO:__main__:验证的best_acc:0.9187
INFO:__main__:----------------------------------------------------------------------------------------------------
INFO:__main__:
【train】epoch:124/150 loss:0.0363 acc:0.9975
INFO:__main__:
【val】epoch:124/150 loss:188.7253 acc:0.9062
INFO:__main__:
【Val】:  SENS: 0.8680  SPEC: 0.9308  PPV: 0.8893  NPV: 0.9167 F1:0.8785
INFO:__main__:验证的best_acc:0.9187
INFO:__main__:----------------------------------------------------------------------------------------------------
INFO:__main__:
【train】epoch:125/150 loss:0.0351 acc:0.9983
INFO:__main__:
【val】epoch:125/150 loss:122.4172 acc:0.8984
INFO:__main__:
【Val】:  SENS: 0.8440  SPEC: 0.9333  PPV: 0.8903  NPV: 0.9032 F1:0.8665
INFO:__main__:验证的best_acc:0.9187
INFO:__main__:----------------------------------------------------------------------------------------------------
INFO:__main__:
【train】epoch:126/150 loss:0.0369 acc:0.9967
INFO:__main__:
【val】epoch:126/150 loss:354.9327 acc:0.9031
INFO:__main__:
【Val】:  SENS: 0.8480  SPEC: 0.9385  PPV: 0.8983  NPV: 0.9059 F1:0.8724
INFO:__main__:验证的best_acc:0.9187
INFO:__main__:----------------------------------------------------------------------------------------------------
INFO:__main__:
【train】epoch:127/150 loss:0.0390 acc:0.9965
INFO:__main__:
【val】epoch:127/150 loss:261.0581 acc:0.9109
INFO:__main__:
【Val】:  SENS: 0.8600  SPEC: 0.9436  PPV: 0.9072  NPV: 0.9132 F1:0.8830
INFO:__main__:验证的best_acc:0.9187
INFO:__main__:----------------------------------------------------------------------------------------------------
INFO:__main__:
【train】epoch:128/150 loss:0.0377 acc:0.9981
INFO:__main__:
【val】epoch:128/150 loss:384.6488 acc:0.9078
INFO:__main__:
【Val】:  SENS: 0.8600  SPEC: 0.9385  PPV: 0.8996  NPV: 0.9127 F1:0.8793
INFO:__main__:验证的best_acc:0.9187
INFO:__main__:----------------------------------------------------------------------------------------------------
INFO:__main__:
【train】epoch:129/150 loss:0.0363 acc:0.9973
INFO:__main__:
【val】epoch:129/150 loss:161.9805 acc:0.9062
INFO:__main__:
【Val】:  SENS: 0.8560  SPEC: 0.9385  PPV: 0.8992  NPV: 0.9104 F1:0.8770
INFO:__main__:验证的best_acc:0.9187
INFO:__main__:----------------------------------------------------------------------------------------------------
INFO:__main__:
【train】epoch:130/150 loss:0.0349 acc:0.9971
INFO:__main__:
【val】epoch:130/150 loss:346.0312 acc:0.9062
INFO:__main__:
【Val】:  SENS: 0.8360  SPEC: 0.9513  PPV: 0.9167  NPV: 0.9005 F1:0.8745
INFO:__main__:验证的best_acc:0.9187
INFO:__main__:----------------------------------------------------------------------------------------------------
INFO:__main__:
【train】epoch:131/150 loss:0.0321 acc:0.9988
INFO:__main__:
【val】epoch:131/150 loss:345.9815 acc:0.9062
INFO:__main__:
【Val】:  SENS: 0.8480  SPEC: 0.9436  PPV: 0.9060  NPV: 0.9064 F1:0.8760
INFO:__main__:验证的best_acc:0.9187
INFO:__main__:----------------------------------------------------------------------------------------------------
INFO:__main__:
【train】epoch:132/150 loss:0.0319 acc:0.9981
INFO:__main__:
【val】epoch:132/150 loss:188.1938 acc:0.9078
INFO:__main__:
【Val】:  SENS: 0.8560  SPEC: 0.9410  PPV: 0.9030  NPV: 0.9107 F1:0.8789
INFO:__main__:验证的best_acc:0.9187
INFO:__main__:----------------------------------------------------------------------------------------------------
INFO:__main__:
【train】epoch:133/150 loss:0.0323 acc:0.9981
INFO:__main__:
【val】epoch:133/150 loss:92.2924 acc:0.9000
INFO:__main__:
【Val】:  SENS: 0.8440  SPEC: 0.9359  PPV: 0.8941  NPV: 0.9035 F1:0.8683
INFO:__main__:验证的best_acc:0.9187
INFO:__main__:----------------------------------------------------------------------------------------------------
INFO:__main__:
【train】epoch:134/150 loss:0.0314 acc:0.9986
INFO:__main__:
【val】epoch:134/150 loss:156.6368 acc:0.9078
INFO:__main__:
【Val】:  SENS: 0.8560  SPEC: 0.9410  PPV: 0.9030  NPV: 0.9107 F1:0.8789
INFO:__main__:验证的best_acc:0.9187
INFO:__main__:----------------------------------------------------------------------------------------------------
INFO:__main__:
【train】epoch:135/150 loss:0.0346 acc:0.9973
INFO:__main__:
【val】epoch:135/150 loss:177.6438 acc:0.9094
INFO:__main__:
【Val】:  SENS: 0.8520  SPEC: 0.9462  PPV: 0.9103  NPV: 0.9089 F1:0.8802
INFO:__main__:验证的best_acc:0.9187
INFO:__main__:----------------------------------------------------------------------------------------------------
INFO:__main__:
【train】epoch:136/150 loss:0.0355 acc:0.9973
INFO:__main__:
【val】epoch:136/150 loss:92.7947 acc:0.9016
INFO:__main__:
【Val】:  SENS: 0.8320  SPEC: 0.9462  PPV: 0.9083  NPV: 0.8978 F1:0.8685
INFO:__main__:验证的best_acc:0.9187
INFO:__main__:----------------------------------------------------------------------------------------------------
INFO:__main__:
【train】epoch:137/150 loss:0.0327 acc:0.9981
INFO:__main__:
【val】epoch:137/150 loss:133.0952 acc:0.9094
INFO:__main__:
【Val】:  SENS: 0.8480  SPEC: 0.9487  PPV: 0.9138  NPV: 0.9069 F1:0.8797
INFO:__main__:验证的best_acc:0.9187
INFO:__main__:----------------------------------------------------------------------------------------------------
INFO:__main__:
【train】epoch:138/150 loss:0.0301 acc:0.9988
INFO:__main__:
【val】epoch:138/150 loss:185.1949 acc:0.9141
INFO:__main__:
【Val】:  SENS: 0.8600  SPEC: 0.9487  PPV: 0.9149  NPV: 0.9136 F1:0.8866
INFO:__main__:验证的best_acc:0.9187
INFO:__main__:----------------------------------------------------------------------------------------------------
INFO:__main__:
【train】epoch:139/150 loss:0.0307 acc:0.9988
INFO:__main__:
【val】epoch:139/150 loss:232.1631 acc:0.9094
INFO:__main__:
【Val】:  SENS: 0.8560  SPEC: 0.9436  PPV: 0.9068  NPV: 0.9109 F1:0.8807
INFO:__main__:验证的best_acc:0.9187
INFO:__main__:----------------------------------------------------------------------------------------------------
INFO:__main__:
【train】epoch:140/150 loss:0.0303 acc:0.9986
INFO:__main__:
【val】epoch:140/150 loss:93.4416 acc:0.9125
INFO:__main__:
【Val】:  SENS: 0.8640  SPEC: 0.9436  PPV: 0.9076  NPV: 0.9154 F1:0.8852
INFO:__main__:验证的best_acc:0.9187
INFO:__main__:----------------------------------------------------------------------------------------------------
INFO:__main__:
【train】epoch:141/150 loss:0.0294 acc:0.9992
INFO:__main__:
【val】epoch:141/150 loss:126.2867 acc:0.9094
INFO:__main__:
【Val】:  SENS: 0.8560  SPEC: 0.9436  PPV: 0.9068  NPV: 0.9109 F1:0.8807
INFO:__main__:验证的best_acc:0.9187
INFO:__main__:----------------------------------------------------------------------------------------------------
INFO:__main__:
【train】epoch:142/150 loss:0.0325 acc:0.9983
INFO:__main__:
【val】epoch:142/150 loss:80.3871 acc:0.9141
INFO:__main__:
【Val】:  SENS: 0.8720  SPEC: 0.9410  PPV: 0.9046  NPV: 0.9198 F1:0.8880
INFO:__main__:验证的best_acc:0.9187
INFO:__main__:----------------------------------------------------------------------------------------------------
INFO:__main__:
【train】epoch:143/150 loss:0.0314 acc:0.9983
INFO:__main__:
【val】epoch:143/150 loss:192.9740 acc:0.9016
INFO:__main__:
【Val】:  SENS: 0.8480  SPEC: 0.9359  PPV: 0.8945  NPV: 0.9057 F1:0.8706
INFO:__main__:验证的best_acc:0.9187
INFO:__main__:----------------------------------------------------------------------------------------------------
INFO:__main__:
【train】epoch:144/150 loss:0.0300 acc:0.9986
INFO:__main__:
【val】epoch:144/150 loss:254.4497 acc:0.9062
INFO:__main__:
【Val】:  SENS: 0.8640  SPEC: 0.9333  PPV: 0.8926  NPV: 0.9146 F1:0.8780
INFO:__main__:验证的best_acc:0.9187
INFO:__main__:----------------------------------------------------------------------------------------------------
INFO:__main__:
【train】epoch:145/150 loss:0.0316 acc:0.9981
INFO:__main__:
【val】epoch:145/150 loss:198.5038 acc:0.9031
INFO:__main__:
【Val】:  SENS: 0.8520  SPEC: 0.9359  PPV: 0.8950  NPV: 0.9080 F1:0.8730
INFO:__main__:验证的best_acc:0.9187
INFO:__main__:----------------------------------------------------------------------------------------------------
INFO:__main__:
【train】epoch:146/150 loss:0.0314 acc:0.9983
INFO:__main__:
【val】epoch:146/150 loss:68.9848 acc:0.9109
INFO:__main__:
【Val】:  SENS: 0.8600  SPEC: 0.9436  PPV: 0.9072  NPV: 0.9132 F1:0.8830
INFO:__main__:验证的best_acc:0.9187
INFO:__main__:----------------------------------------------------------------------------------------------------
INFO:__main__:
【train】epoch:147/150 loss:0.0331 acc:0.9979
INFO:__main__:
【val】epoch:147/150 loss:197.8055 acc:0.9078
INFO:__main__:
【Val】:  SENS: 0.8440  SPEC: 0.9487  PPV: 0.9134  NPV: 0.9046 F1:0.8773
INFO:__main__:验证的best_acc:0.9187
INFO:__main__:----------------------------------------------------------------------------------------------------
INFO:__main__:
【train】epoch:148/150 loss:0.0284 acc:0.9996
INFO:__main__:
【val】epoch:148/150 loss:206.4672 acc:0.9047
INFO:__main__:
【Val】:  SENS: 0.8400  SPEC: 0.9462  PPV: 0.9091  NPV: 0.9022 F1:0.8732
INFO:__main__:验证的best_acc:0.9187
INFO:__main__:----------------------------------------------------------------------------------------------------
INFO:__main__:
【train】epoch:149/150 loss:0.0293 acc:0.9983
INFO:__main__:
【val】epoch:149/150 loss:140.2590 acc:0.9078
INFO:__main__:
【Val】:  SENS: 0.8520  SPEC: 0.9436  PPV: 0.9064  NPV: 0.9086 F1:0.8784
INFO:__main__:验证的best_acc:0.9187
INFO:__main__:----------------------------------------------------------------------------------------------------
INFO:__main__:****************************************************************************************************
INFO:__main__:Val_LOSS:['33.4479', '1.9023', '5.8679', '2.5531', '2.9850', '0.4444', '1.5658', '0.3728', '0.5069', '1.3397', '2.4776', '1.1888', '0.8012', '0.3129', '0.4550', '0.3294', '0.3642', '0.3300', '0.5795', '0.2898', '0.6269', '0.2983', '0.3573', '0.3579', '0.3213', '0.6263', '0.3471', '0.4161', '4.1637', '1.2930', '0.3594', '0.3168', '0.3766', '2.0028', '14.7585', '2.6077', '68.6393', '5.0046', '0.5391', '1.4425', '1.2365', '48.9176', '0.5597', '0.6751', '0.8711', '0.4157', '1.0210', '0.7808', '0.4030', '3.5779', '17.1795', '0.5353', '3.7707', '5.5908', '1.5043', '22.1272', '4.6582', '243.7839', '10.2826', '26.8502', '17.5686', '21.6030', '298.2045', '6.6094', '34.4869', '12.4855', '438.5781', '39.0129', '10.5982', '2.6012', '35.7543', '27.8525', '124.5852', '18.6221', '9.2732', '134.3208', '2.6693', '17.0472', '141.7564', '86.1310', '21.6749', '266.6551', '180.8265', '180.3182', '47.8507', '18.1896', '127.8193', '279.3520', '391.3429', '272.0591', '195.8635', '209.5600', '209.2578', '298.6777', '173.6483', '124.2964', '130.3673', '2.3559', '0.6567', '5.0179', '35.7448', '46.6235', '64.6868', '120.0236', '80.6862', '182.1712', '85.5999', '204.7937', '341.2784', '263.1833', '163.9140', '158.4505', '108.3214', '47.4670', '117.6684', '29.1803', '84.9418', '211.2770', '130.9122', '47.4187', '143.7014', '167.1683', '147.5898', '235.6987', '188.7253', '122.4172', '354.9327', '261.0581', '384.6488', '161.9805', '346.0312', '345.9815', '188.1938', '92.2924', '156.6368', '177.6438', '92.7947', '133.0952', '185.1949', '232.1631', '93.4416', '126.2867', '80.3871', '192.9740', '254.4497', '198.5038', '68.9848', '197.8055', '206.4672', '140.2590']
INFO:__main__:Val_ACC:['0.6281', '0.6687', '0.7484', '0.7500', '0.7937', '0.7922', '0.8375', '0.8266', '0.8313', '0.8469', '0.8609', '0.8484', '0.8562', '0.8594', '0.8422', '0.8484', '0.8344', '0.8906', '0.8891', '0.8813', '0.8844', '0.8938', '0.8938', '0.9078', '0.8797', '0.8922', '0.8906', '0.9062', '0.9031', '0.9047', '0.8984', '0.8969', '0.9031', '0.8766', '0.8969', '0.8922', '0.8953', '0.8844', '0.9000', '0.9078', '0.9031', '0.9016', '0.9125', '0.8922', '0.9062', '0.9172', '0.8906', '0.9016', '0.8891', '0.8844', '0.8922', '0.8953', '0.8938', '0.8953', '0.9062', '0.8984', '0.9125', '0.9016', '0.8938', '0.9062', '0.8922', '0.8938', '0.9172', '0.9016', '0.9062', '0.9141', '0.9141', '0.9016', '0.9187', '0.9078', '0.9094', '0.9172', '0.9031', '0.9016', '0.8984', '0.9016', '0.9062', '0.8969', '0.9062', '0.9125', '0.9031', '0.9094', '0.9031', '0.9109', '0.9109', '0.9031', '0.9047', '0.9109', '0.9078', '0.9109', '0.9062', '0.9172', '0.9078', '0.9156', '0.9094', '0.9031', '0.9062', '0.9016', '0.8984', '0.9031', '0.9031', '0.9078', '0.9109', '0.9109', '0.9141', '0.9016', '0.9125', '0.9156', '0.9156', '0.9000', '0.9031', '0.9078', '0.9031', '0.9141', '0.9109', '0.9094', '0.9109', '0.9141', '0.9156', '0.9109', '0.9078', '0.9109', '0.9094', '0.9078', '0.9062', '0.8984', '0.9031', '0.9109', '0.9078', '0.9062', '0.9062', '0.9062', '0.9078', '0.9000', '0.9078', '0.9094', '0.9016', '0.9094', '0.9141', '0.9094', '0.9125', '0.9094', '0.9141', '0.9016', '0.9062', '0.9031', '0.9109', '0.9078', '0.9047', '0.9078']
INFO:__main__:****************************************************************************************************
