INFO:__main__:
【train】epoch:0/100 loss:1.0816 acc:0.5395
INFO:__main__:
【val】epoch:0/100 loss:0.6556 acc:0.6491
INFO:__main__:
【Val】:  SENS: 0.6814  SPEC: 0.6227  PPV: 0.5967  NPV: 0.7047
INFO:__main__:验证的best_acc:0.6491
INFO:__main__:----------------------------------------------------------------------------------------------------
INFO:__main__:
【train】epoch:1/100 loss:0.7277 acc:0.6130
INFO:__main__:
【val】epoch:1/100 loss:0.6112 acc:0.6705
INFO:__main__:
【Val】:  SENS: 0.3691  SPEC: 0.9173  PPV: 0.7852  NPV: 0.6396
INFO:__main__:验证的best_acc:0.6705
INFO:__main__:----------------------------------------------------------------------------------------------------
INFO:__main__:
【train】epoch:2/100 loss:0.6621 acc:0.6856
INFO:__main__:
【val】epoch:2/100 loss:0.9849 acc:0.5639
INFO:__main__:
【Val】:  SENS: 0.0315  SPEC: 1.0000  PPV: 1.0000  NPV: 0.5576
INFO:__main__:验证的best_acc:0.6705
INFO:__main__:----------------------------------------------------------------------------------------------------
INFO:__main__:
【train】epoch:3/100 loss:0.5713 acc:0.7399
INFO:__main__:
【val】epoch:3/100 loss:0.6585 acc:0.6534
INFO:__main__:
【Val】:  SENS: 0.3186  SPEC: 0.9276  PPV: 0.7829  NPV: 0.6243
INFO:__main__:验证的best_acc:0.6705
INFO:__main__:----------------------------------------------------------------------------------------------------
INFO:__main__:
【train】epoch:4/100 loss:0.5623 acc:0.7261
INFO:__main__:
【val】epoch:4/100 loss:0.5389 acc:0.7656
INFO:__main__:
【Val】:  SENS: 0.8170  SPEC: 0.7235  PPV: 0.7077  NPV: 0.8284
INFO:__main__:验证的best_acc:0.7656
INFO:__main__:----------------------------------------------------------------------------------------------------
INFO:__main__:
【train】epoch:5/100 loss:0.4989 acc:0.7718
INFO:__main__:
【val】epoch:5/100 loss:0.5894 acc:0.7514
INFO:__main__:
【Val】:  SENS: 0.8139  SPEC: 0.7003  PPV: 0.6898  NPV: 0.8212
INFO:__main__:验证的best_acc:0.7656
INFO:__main__:----------------------------------------------------------------------------------------------------
INFO:__main__:
【train】epoch:6/100 loss:0.4745 acc:0.7807
INFO:__main__:
【val】epoch:6/100 loss:1.1136 acc:0.6747
INFO:__main__:
【Val】:  SENS: 0.9432  SPEC: 0.4548  PPV: 0.5863  NPV: 0.9072
INFO:__main__:验证的best_acc:0.7656
INFO:__main__:----------------------------------------------------------------------------------------------------
INFO:__main__:
【train】epoch:7/100 loss:0.4589 acc:0.7826
INFO:__main__:
【val】epoch:7/100 loss:0.8849 acc:0.7045
INFO:__main__:
【Val】:  SENS: 0.9527  SPEC: 0.5013  PPV: 0.6101  NPV: 0.9282
INFO:__main__:验证的best_acc:0.7656
INFO:__main__:----------------------------------------------------------------------------------------------------
INFO:__main__:
【train】epoch:8/100 loss:0.4494 acc:0.7924
INFO:__main__:
【val】epoch:8/100 loss:0.8528 acc:0.7131
INFO:__main__:
【Val】:  SENS: 0.9369  SPEC: 0.5297  PPV: 0.6200  NPV: 0.9111
INFO:__main__:验证的best_acc:0.7656
INFO:__main__:----------------------------------------------------------------------------------------------------
INFO:__main__:
【train】epoch:9/100 loss:0.4189 acc:0.8059
INFO:__main__:
【val】epoch:9/100 loss:1.7604 acc:0.6023
INFO:__main__:
【Val】:  SENS: 0.9874  SPEC: 0.2868  PPV: 0.5314  NPV: 0.9652
INFO:__main__:验证的best_acc:0.7656
INFO:__main__:----------------------------------------------------------------------------------------------------
INFO:__main__:
【train】epoch:10/100 loss:0.4137 acc:0.8122
INFO:__main__:
【val】epoch:10/100 loss:0.5092 acc:0.7841
INFO:__main__:
【Val】:  SENS: 0.8770  SPEC: 0.7080  PPV: 0.7110  NPV: 0.8754
INFO:__main__:验证的best_acc:0.7841
INFO:__main__:----------------------------------------------------------------------------------------------------
INFO:__main__:
【train】epoch:11/100 loss:0.4076 acc:0.8111
INFO:__main__:
【val】epoch:11/100 loss:0.9383 acc:0.6932
INFO:__main__:
【Val】:  SENS: 0.9716  SPEC: 0.4651  PPV: 0.5981  NPV: 0.9524
INFO:__main__:验证的best_acc:0.7841
INFO:__main__:----------------------------------------------------------------------------------------------------
INFO:__main__:
【train】epoch:12/100 loss:0.4027 acc:0.8190
INFO:__main__:
【val】epoch:12/100 loss:0.8569 acc:0.7159
INFO:__main__:
【Val】:  SENS: 0.9685  SPEC: 0.5090  PPV: 0.6177  NPV: 0.9517
INFO:__main__:验证的best_acc:0.7841
INFO:__main__:----------------------------------------------------------------------------------------------------
INFO:__main__:
【train】epoch:13/100 loss:0.3907 acc:0.8202
INFO:__main__:
【val】epoch:13/100 loss:0.8121 acc:0.7259
INFO:__main__:
【Val】:  SENS: 0.9495  SPEC: 0.5426  PPV: 0.6297  NPV: 0.9292
INFO:__main__:验证的best_acc:0.7841
INFO:__main__:----------------------------------------------------------------------------------------------------
INFO:__main__:
【train】epoch:14/100 loss:0.3975 acc:0.8139
INFO:__main__:
【val】epoch:14/100 loss:0.4597 acc:0.7955
INFO:__main__:
【Val】:  SENS: 0.8770  SPEC: 0.7287  PPV: 0.7258  NPV: 0.8785
INFO:__main__:验证的best_acc:0.7955
INFO:__main__:----------------------------------------------------------------------------------------------------
INFO:__main__:
【train】epoch:15/100 loss:0.3820 acc:0.8293
INFO:__main__:
【val】epoch:15/100 loss:0.6259 acc:0.7770
INFO:__main__:
【Val】:  SENS: 0.9274  SPEC: 0.6537  PPV: 0.6869  NPV: 0.9167
INFO:__main__:验证的best_acc:0.7955
INFO:__main__:----------------------------------------------------------------------------------------------------
INFO:__main__:
【train】epoch:16/100 loss:0.3820 acc:0.8284
INFO:__main__:
【val】epoch:16/100 loss:0.4826 acc:0.7983
INFO:__main__:
【Val】:  SENS: 0.6530  SPEC: 0.9173  PPV: 0.8661  NPV: 0.7634
INFO:__main__:验证的best_acc:0.7983
INFO:__main__:----------------------------------------------------------------------------------------------------
INFO:__main__:
【train】epoch:17/100 loss:0.3809 acc:0.8305
INFO:__main__:
【val】epoch:17/100 loss:0.9592 acc:0.6918
INFO:__main__:
【Val】:  SENS: 0.9748  SPEC: 0.4599  PPV: 0.5965  NPV: 0.9570
INFO:__main__:验证的best_acc:0.7983
INFO:__main__:----------------------------------------------------------------------------------------------------
INFO:__main__:
【train】epoch:18/100 loss:0.3750 acc:0.8324
INFO:__main__:
【val】epoch:18/100 loss:1.0122 acc:0.7017
INFO:__main__:
【Val】:  SENS: 0.9716  SPEC: 0.4806  PPV: 0.6051  NPV: 0.9538
INFO:__main__:验证的best_acc:0.7983
INFO:__main__:----------------------------------------------------------------------------------------------------
INFO:__main__:
【train】epoch:19/100 loss:0.3574 acc:0.8413
INFO:__main__:
【val】epoch:19/100 loss:0.4025 acc:0.8139
INFO:__main__:
【Val】:  SENS: 0.7823  SPEC: 0.8398  PPV: 0.8000  NPV: 0.8249
INFO:__main__:验证的best_acc:0.8139
INFO:__main__:----------------------------------------------------------------------------------------------------
INFO:__main__:
【train】epoch:20/100 loss:0.3569 acc:0.8403
INFO:__main__:
【val】epoch:20/100 loss:0.6321 acc:0.7699
INFO:__main__:
【Val】:  SENS: 0.9527  SPEC: 0.6202  PPV: 0.6726  NPV: 0.9412
INFO:__main__:验证的best_acc:0.8139
INFO:__main__:----------------------------------------------------------------------------------------------------
INFO:__main__:
【train】epoch:21/100 loss:0.3501 acc:0.8458
INFO:__main__:
【val】epoch:21/100 loss:0.4164 acc:0.8239
INFO:__main__:
【Val】:  SENS: 0.9022  SPEC: 0.7597  PPV: 0.7546  NPV: 0.9046
INFO:__main__:验证的best_acc:0.8239
INFO:__main__:----------------------------------------------------------------------------------------------------
INFO:__main__:
【train】epoch:22/100 loss:0.3469 acc:0.8446
INFO:__main__:
【val】epoch:22/100 loss:0.9720 acc:0.6932
INFO:__main__:
【Val】:  SENS: 0.9748  SPEC: 0.4625  PPV: 0.5977  NPV: 0.9572
INFO:__main__:验证的best_acc:0.8239
INFO:__main__:----------------------------------------------------------------------------------------------------
INFO:__main__:
【train】epoch:23/100 loss:0.3356 acc:0.8499
INFO:__main__:
【val】epoch:23/100 loss:0.3970 acc:0.8281
INFO:__main__:
【Val】:  SENS: 0.8612  SPEC: 0.8010  PPV: 0.7800  NPV: 0.8757
INFO:__main__:验证的best_acc:0.8281
INFO:__main__:----------------------------------------------------------------------------------------------------
INFO:__main__:
【train】epoch:24/100 loss:0.3416 acc:0.8457
INFO:__main__:
【val】epoch:24/100 loss:0.6372 acc:0.7898
INFO:__main__:
【Val】:  SENS: 0.6246  SPEC: 0.9251  PPV: 0.8722  NPV: 0.7505
INFO:__main__:验证的best_acc:0.8281
INFO:__main__:----------------------------------------------------------------------------------------------------
INFO:__main__:
【train】epoch:25/100 loss:0.3376 acc:0.8500
INFO:__main__:
【val】epoch:25/100 loss:0.4790 acc:0.8026
INFO:__main__:
【Val】:  SENS: 0.6751  SPEC: 0.9070  PPV: 0.8560  NPV: 0.7731
INFO:__main__:验证的best_acc:0.8281
INFO:__main__:----------------------------------------------------------------------------------------------------
INFO:__main__:
【train】epoch:26/100 loss:0.3311 acc:0.8481
INFO:__main__:
【val】epoch:26/100 loss:0.4715 acc:0.8125
INFO:__main__:
【Val】:  SENS: 0.8328  SPEC: 0.7959  PPV: 0.7697  NPV: 0.8532
INFO:__main__:验证的best_acc:0.8281
INFO:__main__:----------------------------------------------------------------------------------------------------
INFO:__main__:
【train】epoch:27/100 loss:0.3293 acc:0.8514
INFO:__main__:
【val】epoch:27/100 loss:0.3957 acc:0.8366
INFO:__main__:
【Val】:  SENS: 0.8139  SPEC: 0.8553  PPV: 0.8217  NPV: 0.8487
INFO:__main__:验证的best_acc:0.8366
INFO:__main__:----------------------------------------------------------------------------------------------------
INFO:__main__:
【train】epoch:28/100 loss:0.3286 acc:0.8537
INFO:__main__:
【val】epoch:28/100 loss:0.4480 acc:0.8125
INFO:__main__:
【Val】:  SENS: 0.7508  SPEC: 0.8630  PPV: 0.8179  NPV: 0.8087
INFO:__main__:验证的best_acc:0.8366
INFO:__main__:----------------------------------------------------------------------------------------------------
INFO:__main__:
【train】epoch:29/100 loss:0.3127 acc:0.8616
INFO:__main__:
【val】epoch:29/100 loss:0.4084 acc:0.8310
INFO:__main__:
【Val】:  SENS: 0.7634  SPEC: 0.8863  PPV: 0.8462  NPV: 0.8206
INFO:__main__:验证的best_acc:0.8366
INFO:__main__:----------------------------------------------------------------------------------------------------
INFO:__main__:
【train】epoch:30/100 loss:0.3076 acc:0.8663
INFO:__main__:
【val】epoch:30/100 loss:0.4392 acc:0.8210
INFO:__main__:
【Val】:  SENS: 0.7287  SPEC: 0.8966  PPV: 0.8524  NPV: 0.8014
INFO:__main__:验证的best_acc:0.8366
INFO:__main__:----------------------------------------------------------------------------------------------------
INFO:__main__:
【train】epoch:31/100 loss:0.3064 acc:0.8609
INFO:__main__:
【val】epoch:31/100 loss:0.5265 acc:0.8040
INFO:__main__:
【Val】:  SENS: 0.6498  SPEC: 0.9302  PPV: 0.8841  NPV: 0.7643
INFO:__main__:验证的best_acc:0.8366
INFO:__main__:----------------------------------------------------------------------------------------------------
INFO:__main__:
【train】epoch:32/100 loss:0.3037 acc:0.8684
INFO:__main__:
【val】epoch:32/100 loss:0.4533 acc:0.8253
INFO:__main__:
【Val】:  SENS: 0.7886  SPEC: 0.8553  PPV: 0.8170  NPV: 0.8317
INFO:__main__:验证的best_acc:0.8366
INFO:__main__:----------------------------------------------------------------------------------------------------
INFO:__main__:
【train】epoch:33/100 loss:0.2953 acc:0.8680
INFO:__main__:
【val】epoch:33/100 loss:0.4473 acc:0.8352
INFO:__main__:
【Val】:  SENS: 0.7823  SPEC: 0.8786  PPV: 0.8407  NPV: 0.8313
INFO:__main__:验证的best_acc:0.8366
INFO:__main__:----------------------------------------------------------------------------------------------------
INFO:__main__:
【train】epoch:34/100 loss:0.3089 acc:0.8610
INFO:__main__:
【val】epoch:34/100 loss:0.3853 acc:0.8239
INFO:__main__:
【Val】:  SENS: 0.8580  SPEC: 0.7959  PPV: 0.7749  NPV: 0.8725
INFO:__main__:验证的best_acc:0.8366
INFO:__main__:----------------------------------------------------------------------------------------------------
INFO:__main__:
【train】epoch:35/100 loss:0.2939 acc:0.8710
INFO:__main__:
【val】epoch:35/100 loss:0.4165 acc:0.8324
INFO:__main__:
【Val】:  SENS: 0.8265  SPEC: 0.8372  PPV: 0.8062  NPV: 0.8549
INFO:__main__:验证的best_acc:0.8366
INFO:__main__:----------------------------------------------------------------------------------------------------
INFO:__main__:
【train】epoch:36/100 loss:0.2977 acc:0.8666
INFO:__main__:
【val】epoch:36/100 loss:0.4586 acc:0.8196
INFO:__main__:
【Val】:  SENS: 0.8454  SPEC: 0.7984  PPV: 0.7746  NPV: 0.8631
INFO:__main__:验证的best_acc:0.8366
INFO:__main__:----------------------------------------------------------------------------------------------------
INFO:__main__:
【train】epoch:37/100 loss:0.2970 acc:0.8712
INFO:__main__:
【val】epoch:37/100 loss:0.4355 acc:0.8153
INFO:__main__:
【Val】:  SENS: 0.8107  SPEC: 0.8191  PPV: 0.7859  NPV: 0.8408
INFO:__main__:验证的best_acc:0.8366
INFO:__main__:----------------------------------------------------------------------------------------------------
INFO:__main__:
【train】epoch:38/100 loss:0.2854 acc:0.8762
INFO:__main__:
【val】epoch:38/100 loss:0.3984 acc:0.8239
INFO:__main__:
【Val】:  SENS: 0.8486  SPEC: 0.8036  PPV: 0.7797  NPV: 0.8663
INFO:__main__:验证的best_acc:0.8366
INFO:__main__:----------------------------------------------------------------------------------------------------
INFO:__main__:
【train】epoch:39/100 loss:0.2802 acc:0.8781
INFO:__main__:
【val】epoch:39/100 loss:0.3939 acc:0.8395
INFO:__main__:
【Val】:  SENS: 0.8801  SPEC: 0.8062  PPV: 0.7881  NPV: 0.8914
INFO:__main__:验证的best_acc:0.8395
INFO:__main__:----------------------------------------------------------------------------------------------------
INFO:__main__:
【train】epoch:40/100 loss:0.2748 acc:0.8799
INFO:__main__:
【val】epoch:40/100 loss:0.4109 acc:0.8409
INFO:__main__:
【Val】:  SENS: 0.9338  SPEC: 0.7649  PPV: 0.7649  NPV: 0.9338
INFO:__main__:验证的best_acc:0.8409
INFO:__main__:----------------------------------------------------------------------------------------------------
INFO:__main__:
【train】epoch:41/100 loss:0.2788 acc:0.8827
INFO:__main__:
【val】epoch:41/100 loss:0.4590 acc:0.8026
INFO:__main__:
【Val】:  SENS: 0.9117  SPEC: 0.7132  PPV: 0.7225  NPV: 0.9079
INFO:__main__:验证的best_acc:0.8409
INFO:__main__:----------------------------------------------------------------------------------------------------
INFO:__main__:
【train】epoch:42/100 loss:0.2752 acc:0.8792
INFO:__main__:
【val】epoch:42/100 loss:0.4355 acc:0.8310
INFO:__main__:
【Val】:  SENS: 0.7792  SPEC: 0.8734  PPV: 0.8345  NPV: 0.8284
INFO:__main__:验证的best_acc:0.8409
INFO:__main__:----------------------------------------------------------------------------------------------------
INFO:__main__:
【train】epoch:43/100 loss:0.2694 acc:0.8883
INFO:__main__:
【val】epoch:43/100 loss:0.4315 acc:0.8366
INFO:__main__:
【Val】:  SENS: 0.7918  SPEC: 0.8734  PPV: 0.8367  NPV: 0.8366
INFO:__main__:验证的best_acc:0.8409
INFO:__main__:----------------------------------------------------------------------------------------------------
INFO:__main__:
【train】epoch:44/100 loss:0.2659 acc:0.8818
INFO:__main__:
【val】epoch:44/100 loss:0.4095 acc:0.8381
INFO:__main__:
【Val】:  SENS: 0.8580  SPEC: 0.8217  PPV: 0.7977  NPV: 0.8760
INFO:__main__:验证的best_acc:0.8409
INFO:__main__:----------------------------------------------------------------------------------------------------
INFO:__main__:
【train】epoch:45/100 loss:0.2654 acc:0.8851
INFO:__main__:
【val】epoch:45/100 loss:0.4454 acc:0.8168
INFO:__main__:
【Val】:  SENS: 0.7760  SPEC: 0.8501  PPV: 0.8092  NPV: 0.8225
INFO:__main__:验证的best_acc:0.8409
INFO:__main__:----------------------------------------------------------------------------------------------------
INFO:__main__:
【train】epoch:46/100 loss:0.2677 acc:0.8823
INFO:__main__:
【val】epoch:46/100 loss:0.4223 acc:0.8352
INFO:__main__:
【Val】:  SENS: 0.7760  SPEC: 0.8837  PPV: 0.8454  NPV: 0.8281
INFO:__main__:验证的best_acc:0.8409
INFO:__main__:----------------------------------------------------------------------------------------------------
INFO:__main__:
【train】epoch:47/100 loss:0.2697 acc:0.8836
INFO:__main__:
【val】epoch:47/100 loss:0.4749 acc:0.8153
INFO:__main__:
【Val】:  SENS: 0.9148  SPEC: 0.7339  PPV: 0.7379  NPV: 0.9132
INFO:__main__:验证的best_acc:0.8409
INFO:__main__:----------------------------------------------------------------------------------------------------
INFO:__main__:
【train】epoch:48/100 loss:0.2625 acc:0.8895
INFO:__main__:
【val】epoch:48/100 loss:0.4987 acc:0.7997
INFO:__main__:
【Val】:  SENS: 0.9054  SPEC: 0.7132  PPV: 0.7211  NPV: 0.9020
INFO:__main__:验证的best_acc:0.8409
INFO:__main__:----------------------------------------------------------------------------------------------------
INFO:__main__:
【train】epoch:49/100 loss:0.2456 acc:0.8930
INFO:__main__:
【val】epoch:49/100 loss:0.4069 acc:0.8409
INFO:__main__:
【Val】:  SENS: 0.8265  SPEC: 0.8527  PPV: 0.8213  NPV: 0.8571
INFO:__main__:验证的best_acc:0.8409
INFO:__main__:----------------------------------------------------------------------------------------------------
INFO:__main__:
【train】epoch:50/100 loss:0.2474 acc:0.8954
INFO:__main__:
【val】epoch:50/100 loss:0.4242 acc:0.8438
INFO:__main__:
【Val】:  SENS: 0.8328  SPEC: 0.8527  PPV: 0.8224  NPV: 0.8616
INFO:__main__:验证的best_acc:0.8438
INFO:__main__:----------------------------------------------------------------------------------------------------
INFO:__main__:
【train】epoch:51/100 loss:0.2447 acc:0.9007
INFO:__main__:
【val】epoch:51/100 loss:0.4093 acc:0.8395
INFO:__main__:
【Val】:  SENS: 0.8644  SPEC: 0.8191  PPV: 0.7965  NPV: 0.8806
INFO:__main__:验证的best_acc:0.8438
INFO:__main__:----------------------------------------------------------------------------------------------------
INFO:__main__:
【train】epoch:52/100 loss:0.2423 acc:0.8966
INFO:__main__:
【val】epoch:52/100 loss:0.4891 acc:0.8295
INFO:__main__:
【Val】:  SENS: 0.9211  SPEC: 0.7545  PPV: 0.7545  NPV: 0.9211
INFO:__main__:验证的best_acc:0.8438
INFO:__main__:----------------------------------------------------------------------------------------------------
INFO:__main__:
【train】epoch:53/100 loss:0.2405 acc:0.8956
INFO:__main__:
【val】epoch:53/100 loss:0.4759 acc:0.8253
INFO:__main__:
【Val】:  SENS: 0.7382  SPEC: 0.8966  PPV: 0.8540  NPV: 0.8070
INFO:__main__:验证的best_acc:0.8438
INFO:__main__:----------------------------------------------------------------------------------------------------
INFO:__main__:
【train】epoch:54/100 loss:0.2417 acc:0.8970
INFO:__main__:
【val】epoch:54/100 loss:0.8093 acc:0.7557
INFO:__main__:
【Val】:  SENS: 0.9464  SPEC: 0.5995  PPV: 0.6593  NPV: 0.9317
INFO:__main__:验证的best_acc:0.8438
INFO:__main__:----------------------------------------------------------------------------------------------------
INFO:__main__:
【train】epoch:55/100 loss:0.2265 acc:0.9087
INFO:__main__:
【val】epoch:55/100 loss:0.4827 acc:0.8352
INFO:__main__:
【Val】:  SENS: 0.7981  SPEC: 0.8656  PPV: 0.8295  NPV: 0.8396
INFO:__main__:验证的best_acc:0.8438
INFO:__main__:----------------------------------------------------------------------------------------------------
INFO:__main__:
【train】epoch:56/100 loss:0.2286 acc:0.9069
INFO:__main__:
【val】epoch:56/100 loss:0.9062 acc:0.7443
INFO:__main__:
【Val】:  SENS: 0.9685  SPEC: 0.5607  PPV: 0.6436  NPV: 0.9559
INFO:__main__:验证的best_acc:0.8438
INFO:__main__:----------------------------------------------------------------------------------------------------
INFO:__main__:
【train】epoch:57/100 loss:0.2199 acc:0.9117
INFO:__main__:
【val】epoch:57/100 loss:0.4559 acc:0.8139
INFO:__main__:
【Val】:  SENS: 0.8612  SPEC: 0.7752  PPV: 0.7583  NPV: 0.8721
INFO:__main__:验证的best_acc:0.8438
INFO:__main__:----------------------------------------------------------------------------------------------------
INFO:__main__:
【train】epoch:58/100 loss:0.2287 acc:0.8975
INFO:__main__:
【val】epoch:58/100 loss:0.4348 acc:0.8366
INFO:__main__:
【Val】:  SENS: 0.7981  SPEC: 0.8682  PPV: 0.8322  NPV: 0.8400
INFO:__main__:验证的best_acc:0.8438
INFO:__main__:----------------------------------------------------------------------------------------------------
INFO:__main__:
【train】epoch:59/100 loss:0.2243 acc:0.9056
INFO:__main__:
【val】epoch:59/100 loss:0.4491 acc:0.8295
INFO:__main__:
【Val】:  SENS: 0.8801  SPEC: 0.7881  PPV: 0.7729  NPV: 0.8892
INFO:__main__:验证的best_acc:0.8438
INFO:__main__:----------------------------------------------------------------------------------------------------
INFO:__main__:
【train】epoch:60/100 loss:0.2049 acc:0.9155
INFO:__main__:
【val】epoch:60/100 loss:0.4822 acc:0.8253
INFO:__main__:
【Val】:  SENS: 0.7760  SPEC: 0.8656  PPV: 0.8255  NPV: 0.8251
INFO:__main__:验证的best_acc:0.8438
INFO:__main__:----------------------------------------------------------------------------------------------------
INFO:__main__:
【train】epoch:61/100 loss:0.2170 acc:0.9078
INFO:__main__:
【val】epoch:61/100 loss:0.5161 acc:0.8253
INFO:__main__:
【Val】:  SENS: 0.8517  SPEC: 0.8036  PPV: 0.7803  NPV: 0.8687
INFO:__main__:验证的best_acc:0.8438
INFO:__main__:----------------------------------------------------------------------------------------------------
INFO:__main__:
【train】epoch:62/100 loss:0.2034 acc:0.9153
INFO:__main__:
【val】epoch:62/100 loss:0.5233 acc:0.8224
INFO:__main__:
【Val】:  SENS: 0.7760  SPEC: 0.8605  PPV: 0.8200  NPV: 0.8243
INFO:__main__:验证的best_acc:0.8438
INFO:__main__:----------------------------------------------------------------------------------------------------
INFO:__main__:
【train】epoch:63/100 loss:0.2130 acc:0.9118
INFO:__main__:
【val】epoch:63/100 loss:0.4133 acc:0.8395
INFO:__main__:
【Val】:  SENS: 0.8328  SPEC: 0.8450  PPV: 0.8148  NPV: 0.8605
INFO:__main__:验证的best_acc:0.8438
INFO:__main__:----------------------------------------------------------------------------------------------------
INFO:__main__:
【train】epoch:64/100 loss:0.2086 acc:0.9118
INFO:__main__:
【val】epoch:64/100 loss:0.4201 acc:0.8381
INFO:__main__:
【Val】:  SENS: 0.8170  SPEC: 0.8553  PPV: 0.8222  NPV: 0.8509
INFO:__main__:验证的best_acc:0.8438
INFO:__main__:----------------------------------------------------------------------------------------------------
INFO:__main__:
【train】epoch:65/100 loss:0.1962 acc:0.9192
INFO:__main__:
【val】epoch:65/100 loss:0.4714 acc:0.8466
INFO:__main__:
【Val】:  SENS: 0.8517  SPEC: 0.8424  PPV: 0.8157  NPV: 0.8740
INFO:__main__:验证的best_acc:0.8466
INFO:__main__:----------------------------------------------------------------------------------------------------
INFO:__main__:
【train】epoch:66/100 loss:0.2106 acc:0.9132
INFO:__main__:
【val】epoch:66/100 loss:0.5300 acc:0.8253
INFO:__main__:
【Val】:  SENS: 0.7161  SPEC: 0.9147  PPV: 0.8731  NPV: 0.7973
INFO:__main__:验证的best_acc:0.8466
INFO:__main__:----------------------------------------------------------------------------------------------------
INFO:__main__:
【train】epoch:67/100 loss:0.2130 acc:0.9152
INFO:__main__:
【val】epoch:67/100 loss:0.4649 acc:0.8352
INFO:__main__:
【Val】:  SENS: 0.7729  SPEC: 0.8863  PPV: 0.8478  NPV: 0.8265
INFO:__main__:验证的best_acc:0.8466
INFO:__main__:----------------------------------------------------------------------------------------------------
INFO:__main__:
【train】epoch:68/100 loss:0.1988 acc:0.9152
INFO:__main__:
【val】epoch:68/100 loss:0.4927 acc:0.8295
INFO:__main__:
【Val】:  SENS: 0.8580  SPEC: 0.8062  PPV: 0.7839  NPV: 0.8739
INFO:__main__:验证的best_acc:0.8466
INFO:__main__:----------------------------------------------------------------------------------------------------
INFO:__main__:
【train】epoch:69/100 loss:0.2007 acc:0.9172
INFO:__main__:
【val】epoch:69/100 loss:0.4314 acc:0.8608
INFO:__main__:
【Val】:  SENS: 0.8738  SPEC: 0.8501  PPV: 0.8269  NPV: 0.8916
INFO:__main__:验证的best_acc:0.8608
INFO:__main__:----------------------------------------------------------------------------------------------------
INFO:__main__:
【train】epoch:70/100 loss:0.1882 acc:0.9206
INFO:__main__:
【val】epoch:70/100 loss:0.5701 acc:0.8267
INFO:__main__:
【Val】:  SENS: 0.8139  SPEC: 0.8372  PPV: 0.8037  NPV: 0.8460
INFO:__main__:验证的best_acc:0.8608
INFO:__main__:----------------------------------------------------------------------------------------------------
INFO:__main__:
【train】epoch:71/100 loss:0.1877 acc:0.9260
INFO:__main__:
【val】epoch:71/100 loss:0.4440 acc:0.8438
INFO:__main__:
【Val】:  SENS: 0.8644  SPEC: 0.8269  PPV: 0.8035  NPV: 0.8815
INFO:__main__:验证的best_acc:0.8608
INFO:__main__:----------------------------------------------------------------------------------------------------
INFO:__main__:
【train】epoch:72/100 loss:0.1761 acc:0.9286
INFO:__main__:
【val】epoch:72/100 loss:0.5624 acc:0.8253
INFO:__main__:
【Val】:  SENS: 0.7603  SPEC: 0.8786  PPV: 0.8368  NPV: 0.8173
INFO:__main__:验证的best_acc:0.8608
INFO:__main__:----------------------------------------------------------------------------------------------------
INFO:__main__:
【train】epoch:73/100 loss:0.1785 acc:0.9265
INFO:__main__:
【val】epoch:73/100 loss:0.4712 acc:0.8381
INFO:__main__:
【Val】:  SENS: 0.7666  SPEC: 0.8966  PPV: 0.8587  NPV: 0.8242
INFO:__main__:验证的best_acc:0.8608
INFO:__main__:----------------------------------------------------------------------------------------------------
INFO:__main__:
【train】epoch:74/100 loss:0.1771 acc:0.9324
INFO:__main__:
【val】epoch:74/100 loss:0.4626 acc:0.8509
INFO:__main__:
【Val】:  SENS: 0.8738  SPEC: 0.8320  PPV: 0.8099  NPV: 0.8895
INFO:__main__:验证的best_acc:0.8608
INFO:__main__:----------------------------------------------------------------------------------------------------
INFO:__main__:
【train】epoch:75/100 loss:0.1839 acc:0.9303
INFO:__main__:
【val】epoch:75/100 loss:0.5548 acc:0.8295
INFO:__main__:
【Val】:  SENS: 0.8959  SPEC: 0.7752  PPV: 0.7655  NPV: 0.9009
INFO:__main__:验证的best_acc:0.8608
INFO:__main__:----------------------------------------------------------------------------------------------------
INFO:__main__:
【train】epoch:76/100 loss:0.1728 acc:0.9298
INFO:__main__:
【val】epoch:76/100 loss:0.4742 acc:0.8381
INFO:__main__:
【Val】:  SENS: 0.8454  SPEC: 0.8320  PPV: 0.8048  NPV: 0.8679
INFO:__main__:验证的best_acc:0.8608
INFO:__main__:----------------------------------------------------------------------------------------------------
INFO:__main__:
【train】epoch:77/100 loss:0.1800 acc:0.9269
INFO:__main__:
【val】epoch:77/100 loss:0.4534 acc:0.8523
INFO:__main__:
【Val】:  SENS: 0.8707  SPEC: 0.8372  PPV: 0.8142  NPV: 0.8877
INFO:__main__:验证的best_acc:0.8608
INFO:__main__:----------------------------------------------------------------------------------------------------
INFO:__main__:
【train】epoch:78/100 loss:0.1719 acc:0.9303
INFO:__main__:
【val】epoch:78/100 loss:0.4845 acc:0.8438
INFO:__main__:
【Val】:  SENS: 0.8549  SPEC: 0.8346  PPV: 0.8090  NPV: 0.8753
INFO:__main__:验证的best_acc:0.8608
INFO:__main__:----------------------------------------------------------------------------------------------------
INFO:__main__:
【train】epoch:79/100 loss:0.1671 acc:0.9286
INFO:__main__:
【val】epoch:79/100 loss:0.5276 acc:0.8438
INFO:__main__:
【Val】:  SENS: 0.8328  SPEC: 0.8527  PPV: 0.8224  NPV: 0.8616
INFO:__main__:验证的best_acc:0.8608
INFO:__main__:----------------------------------------------------------------------------------------------------
INFO:__main__:
【train】epoch:80/100 loss:0.1613 acc:0.9377
INFO:__main__:
【val】epoch:80/100 loss:0.4773 acc:0.8523
INFO:__main__:
【Val】:  SENS: 0.8139  SPEC: 0.8837  PPV: 0.8515  NPV: 0.8529
INFO:__main__:验证的best_acc:0.8608
INFO:__main__:----------------------------------------------------------------------------------------------------
INFO:__main__:
【train】epoch:81/100 loss:0.1686 acc:0.9324
INFO:__main__:
【val】epoch:81/100 loss:0.4510 acc:0.8480
INFO:__main__:
【Val】:  SENS: 0.7918  SPEC: 0.8941  PPV: 0.8596  NPV: 0.8398
INFO:__main__:验证的best_acc:0.8608
INFO:__main__:----------------------------------------------------------------------------------------------------
INFO:__main__:
【train】epoch:82/100 loss:0.1622 acc:0.9358
INFO:__main__:
【val】epoch:82/100 loss:0.5259 acc:0.8466
INFO:__main__:
【Val】:  SENS: 0.8044  SPEC: 0.8811  PPV: 0.8472  NPV: 0.8462
INFO:__main__:验证的best_acc:0.8608
INFO:__main__:----------------------------------------------------------------------------------------------------
INFO:__main__:
【train】epoch:83/100 loss:0.1627 acc:0.9401
INFO:__main__:
【val】epoch:83/100 loss:0.6065 acc:0.8381
INFO:__main__:
【Val】:  SENS: 0.7319  SPEC: 0.9251  PPV: 0.8889  NPV: 0.8081
INFO:__main__:验证的best_acc:0.8608
INFO:__main__:----------------------------------------------------------------------------------------------------
INFO:__main__:
【train】epoch:84/100 loss:0.1597 acc:0.9378
INFO:__main__:
【val】epoch:84/100 loss:0.5641 acc:0.8281
INFO:__main__:
【Val】:  SENS: 0.7508  SPEC: 0.8915  PPV: 0.8500  NPV: 0.8137
INFO:__main__:验证的best_acc:0.8608
INFO:__main__:----------------------------------------------------------------------------------------------------
INFO:__main__:
【train】epoch:85/100 loss:0.1689 acc:0.9312
INFO:__main__:
【val】epoch:85/100 loss:0.4742 acc:0.8466
INFO:__main__:
【Val】:  SENS: 0.7918  SPEC: 0.8915  PPV: 0.8567  NPV: 0.8394
INFO:__main__:验证的best_acc:0.8608
INFO:__main__:----------------------------------------------------------------------------------------------------
INFO:__main__:
【train】epoch:86/100 loss:0.1541 acc:0.9389
INFO:__main__:
【val】epoch:86/100 loss:0.4768 acc:0.8565
INFO:__main__:
【Val】:  SENS: 0.8770  SPEC: 0.8398  PPV: 0.8176  NPV: 0.8929
INFO:__main__:验证的best_acc:0.8608
INFO:__main__:----------------------------------------------------------------------------------------------------
INFO:__main__:
【train】epoch:87/100 loss:0.1643 acc:0.9368
INFO:__main__:
【val】epoch:87/100 loss:0.4528 acc:0.8466
INFO:__main__:
【Val】:  SENS: 0.8013  SPEC: 0.8837  PPV: 0.8495  NPV: 0.8444
INFO:__main__:验证的best_acc:0.8608
INFO:__main__:----------------------------------------------------------------------------------------------------
INFO:__main__:
【train】epoch:88/100 loss:0.1579 acc:0.9356
INFO:__main__:
【val】epoch:88/100 loss:0.5202 acc:0.8551
INFO:__main__:
【Val】:  SENS: 0.8328  SPEC: 0.8734  PPV: 0.8435  NPV: 0.8645
INFO:__main__:验证的best_acc:0.8608
INFO:__main__:----------------------------------------------------------------------------------------------------
INFO:__main__:
【train】epoch:89/100 loss:0.1560 acc:0.9384
INFO:__main__:
【val】epoch:89/100 loss:0.4894 acc:0.8523
INFO:__main__:
【Val】:  SENS: 0.8675  SPEC: 0.8398  PPV: 0.8160  NPV: 0.8856
INFO:__main__:验证的best_acc:0.8608
INFO:__main__:----------------------------------------------------------------------------------------------------
INFO:__main__:
【train】epoch:90/100 loss:0.1534 acc:0.9412
INFO:__main__:
【val】epoch:90/100 loss:0.4778 acc:0.8452
INFO:__main__:
【Val】:  SENS: 0.8013  SPEC: 0.8811  PPV: 0.8467  NPV: 0.8441
INFO:__main__:验证的best_acc:0.8608
INFO:__main__:----------------------------------------------------------------------------------------------------
INFO:__main__:
【train】epoch:91/100 loss:0.1345 acc:0.9488
INFO:__main__:
【val】epoch:91/100 loss:0.4876 acc:0.8395
INFO:__main__:
【Val】:  SENS: 0.7855  SPEC: 0.8837  PPV: 0.8469  NPV: 0.8341
INFO:__main__:验证的best_acc:0.8608
INFO:__main__:----------------------------------------------------------------------------------------------------
INFO:__main__:
【train】epoch:92/100 loss:0.1433 acc:0.9419
INFO:__main__:
【val】epoch:92/100 loss:0.5047 acc:0.8452
INFO:__main__:
【Val】:  SENS: 0.7760  SPEC: 0.9018  PPV: 0.8662  NPV: 0.8310
INFO:__main__:验证的best_acc:0.8608
INFO:__main__:----------------------------------------------------------------------------------------------------
INFO:__main__:
【train】epoch:93/100 loss:0.1433 acc:0.9447
INFO:__main__:
【val】epoch:93/100 loss:0.5176 acc:0.8480
INFO:__main__:
【Val】:  SENS: 0.7886  SPEC: 0.8966  PPV: 0.8621  NPV: 0.8382
INFO:__main__:验证的best_acc:0.8608
INFO:__main__:----------------------------------------------------------------------------------------------------
INFO:__main__:
【train】epoch:94/100 loss:0.1427 acc:0.9429
INFO:__main__:
【val】epoch:94/100 loss:0.4644 acc:0.8537
INFO:__main__:
【Val】:  SENS: 0.8107  SPEC: 0.8889  PPV: 0.8567  NPV: 0.8515
INFO:__main__:验证的best_acc:0.8608
INFO:__main__:----------------------------------------------------------------------------------------------------
INFO:__main__:
【train】epoch:95/100 loss:0.1314 acc:0.9480
INFO:__main__:
【val】epoch:95/100 loss:0.6595 acc:0.8409
INFO:__main__:
【Val】:  SENS: 0.7445  SPEC: 0.9199  PPV: 0.8839  NPV: 0.8146
INFO:__main__:验证的best_acc:0.8608
INFO:__main__:----------------------------------------------------------------------------------------------------
INFO:__main__:
【train】epoch:96/100 loss:0.1453 acc:0.9443
INFO:__main__:
【val】epoch:96/100 loss:0.5393 acc:0.8381
INFO:__main__:
【Val】:  SENS: 0.7918  SPEC: 0.8760  PPV: 0.8395  NPV: 0.8370
INFO:__main__:验证的best_acc:0.8608
INFO:__main__:----------------------------------------------------------------------------------------------------
INFO:__main__:
【train】epoch:97/100 loss:0.1324 acc:0.9502
INFO:__main__:
【val】epoch:97/100 loss:0.5104 acc:0.8324
INFO:__main__:
【Val】:  SENS: 0.7729  SPEC: 0.8811  PPV: 0.8419  NPV: 0.8257
INFO:__main__:验证的best_acc:0.8608
INFO:__main__:----------------------------------------------------------------------------------------------------
INFO:__main__:
【train】epoch:98/100 loss:0.1360 acc:0.9499
INFO:__main__:
【val】epoch:98/100 loss:0.5430 acc:0.8381
INFO:__main__:
【Val】:  SENS: 0.8170  SPEC: 0.8553  PPV: 0.8222  NPV: 0.8509
INFO:__main__:验证的best_acc:0.8608
INFO:__main__:----------------------------------------------------------------------------------------------------
INFO:__main__:
【train】epoch:99/100 loss:0.1320 acc:0.9504
INFO:__main__:
【val】epoch:99/100 loss:0.5045 acc:0.8466
INFO:__main__:
【Val】:  SENS: 0.8139  SPEC: 0.8734  PPV: 0.8404  NPV: 0.8514
INFO:__main__:验证的best_acc:0.8608
INFO:__main__:----------------------------------------------------------------------------------------------------
INFO:__main__:****************************************************************************************************
INFO:__main__:Val_LOSS:['0.6556', '0.6112', '0.9849', '0.6585', '0.5389', '0.5894', '1.1136', '0.8849', '0.8528', '1.7604', '0.5092', '0.9383', '0.8569', '0.8121', '0.4597', '0.6259', '0.4826', '0.9592', '1.0122', '0.4025', '0.6321', '0.4164', '0.9720', '0.3970', '0.6372', '0.4790', '0.4715', '0.3957', '0.4480', '0.4084', '0.4392', '0.5265', '0.4533', '0.4473', '0.3853', '0.4165', '0.4586', '0.4355', '0.3984', '0.3939', '0.4109', '0.4590', '0.4355', '0.4315', '0.4095', '0.4454', '0.4223', '0.4749', '0.4987', '0.4069', '0.4242', '0.4093', '0.4891', '0.4759', '0.8093', '0.4827', '0.9062', '0.4559', '0.4348', '0.4491', '0.4822', '0.5161', '0.5233', '0.4133', '0.4201', '0.4714', '0.5300', '0.4649', '0.4927', '0.4314', '0.5701', '0.4440', '0.5624', '0.4712', '0.4626', '0.5548', '0.4742', '0.4534', '0.4845', '0.5276', '0.4773', '0.4510', '0.5259', '0.6065', '0.5641', '0.4742', '0.4768', '0.4528', '0.5202', '0.4894', '0.4778', '0.4876', '0.5047', '0.5176', '0.4644', '0.6595', '0.5393', '0.5104', '0.5430', '0.5045']
INFO:__main__:Val_ACC:['0.6491', '0.6705', '0.5639', '0.6534', '0.7656', '0.7514', '0.6747', '0.7045', '0.7131', '0.6023', '0.7841', '0.6932', '0.7159', '0.7259', '0.7955', '0.7770', '0.7983', '0.6918', '0.7017', '0.8139', '0.7699', '0.8239', '0.6932', '0.8281', '0.7898', '0.8026', '0.8125', '0.8366', '0.8125', '0.8310', '0.8210', '0.8040', '0.8253', '0.8352', '0.8239', '0.8324', '0.8196', '0.8153', '0.8239', '0.8395', '0.8409', '0.8026', '0.8310', '0.8366', '0.8381', '0.8168', '0.8352', '0.8153', '0.7997', '0.8409', '0.8438', '0.8395', '0.8295', '0.8253', '0.7557', '0.8352', '0.7443', '0.8139', '0.8366', '0.8295', '0.8253', '0.8253', '0.8224', '0.8395', '0.8381', '0.8466', '0.8253', '0.8352', '0.8295', '0.8608', '0.8267', '0.8438', '0.8253', '0.8381', '0.8509', '0.8295', '0.8381', '0.8523', '0.8438', '0.8438', '0.8523', '0.8480', '0.8466', '0.8381', '0.8281', '0.8466', '0.8565', '0.8466', '0.8551', '0.8523', '0.8452', '0.8395', '0.8452', '0.8480', '0.8537', '0.8409', '0.8381', '0.8324', '0.8381', '0.8466']
INFO:__main__:****************************************************************************************************
INFO:__main__: epoch0 测试test_Loss: 0.4412  test_ACC: 0.8459  
INFO:__main__:SENS: 0.8489 SPEC: 0.8434 PPV: 0.8192 NPV: 0.8698
INFO:__main__:test_Best_acc:0.8459
INFO:__main__:处理速度:131.50张图像/秒





