INFO:__main__:
【train】epoch:0/100 loss:0.6742 acc:0.5730
INFO:__main__:
【val】epoch:0/100 loss:0.6357 acc:0.5767
INFO:__main__:
【Val】:  SENS: 0.1136  SPEC: 0.9561  PPV: 0.6792  NPV: 0.5684
INFO:__main__:验证的best_acc:0.5767
INFO:__main__:----------------------------------------------------------------------------------------------------
INFO:__main__:
【train】epoch:1/100 loss:0.6582 acc:0.5941
INFO:__main__:
【val】epoch:1/100 loss:0.5904 acc:0.6591
INFO:__main__:
【Val】:  SENS: 0.4259  SPEC: 0.8501  PPV: 0.6995  NPV: 0.6438
INFO:__main__:验证的best_acc:0.6591
INFO:__main__:----------------------------------------------------------------------------------------------------
INFO:__main__:
【train】epoch:2/100 loss:0.6448 acc:0.6082
INFO:__main__:
【val】epoch:2/100 loss:0.6401 acc:0.6080
INFO:__main__:
【Val】:  SENS: 0.2050  SPEC: 0.9380  PPV: 0.7303  NPV: 0.5902
INFO:__main__:验证的best_acc:0.6591
INFO:__main__:----------------------------------------------------------------------------------------------------
INFO:__main__:
【train】epoch:3/100 loss:0.6287 acc:0.6362
INFO:__main__:
【val】epoch:3/100 loss:0.5636 acc:0.7045
INFO:__main__:
【Val】:  SENS: 0.5300  SPEC: 0.8475  PPV: 0.7401  NPV: 0.6876
INFO:__main__:验证的best_acc:0.7045
INFO:__main__:----------------------------------------------------------------------------------------------------
INFO:__main__:
【train】epoch:4/100 loss:0.6173 acc:0.6573
INFO:__main__:
【val】epoch:4/100 loss:0.5604 acc:0.7216
INFO:__main__:
【Val】:  SENS: 0.5647  SPEC: 0.8501  PPV: 0.7553  NPV: 0.7045
INFO:__main__:验证的best_acc:0.7216
INFO:__main__:----------------------------------------------------------------------------------------------------
INFO:__main__:
【train】epoch:5/100 loss:0.6012 acc:0.6692
INFO:__main__:
【val】epoch:5/100 loss:0.5959 acc:0.6733
INFO:__main__:
【Val】:  SENS: 0.3344  SPEC: 0.9509  PPV: 0.8480  NPV: 0.6356
INFO:__main__:验证的best_acc:0.7216
INFO:__main__:----------------------------------------------------------------------------------------------------
INFO:__main__:
【train】epoch:6/100 loss:0.5933 acc:0.6798
INFO:__main__:
【val】epoch:6/100 loss:0.5575 acc:0.7003
INFO:__main__:
【Val】:  SENS: 0.3880  SPEC: 0.9561  PPV: 0.8786  NPV: 0.6560
INFO:__main__:验证的best_acc:0.7216
INFO:__main__:----------------------------------------------------------------------------------------------------
INFO:__main__:
【train】epoch:7/100 loss:0.5652 acc:0.7058
INFO:__main__:
【val】epoch:7/100 loss:0.5418 acc:0.7301
INFO:__main__:
【Val】:  SENS: 0.4700  SPEC: 0.9432  PPV: 0.8713  NPV: 0.6848
INFO:__main__:验证的best_acc:0.7301
INFO:__main__:----------------------------------------------------------------------------------------------------
INFO:__main__:
【train】epoch:8/100 loss:0.5289 acc:0.7322
INFO:__main__:
【val】epoch:8/100 loss:0.4523 acc:0.7983
INFO:__main__:
【Val】:  SENS: 0.7129  SPEC: 0.8682  PPV: 0.8159  NPV: 0.7869
INFO:__main__:验证的best_acc:0.7983
INFO:__main__:----------------------------------------------------------------------------------------------------
INFO:__main__:
【train】epoch:9/100 loss:0.4982 acc:0.7620
INFO:__main__:
【val】epoch:9/100 loss:0.4387 acc:0.7940
INFO:__main__:
【Val】:  SENS: 0.6656  SPEC: 0.8992  PPV: 0.8440  NPV: 0.7665
INFO:__main__:验证的best_acc:0.7983
INFO:__main__:----------------------------------------------------------------------------------------------------
INFO:__main__:
【train】epoch:10/100 loss:0.4724 acc:0.7760
INFO:__main__:
【val】epoch:10/100 loss:0.4089 acc:0.8125
INFO:__main__:
【Val】:  SENS: 0.7634  SPEC: 0.8527  PPV: 0.8094  NPV: 0.8148
INFO:__main__:验证的best_acc:0.8125
INFO:__main__:----------------------------------------------------------------------------------------------------
INFO:__main__:
【train】epoch:11/100 loss:0.4824 acc:0.7689
INFO:__main__:
【val】epoch:11/100 loss:0.4183 acc:0.8082
INFO:__main__:
【Val】:  SENS: 0.7287  SPEC: 0.8734  PPV: 0.8250  NPV: 0.7972
INFO:__main__:验证的best_acc:0.8125
INFO:__main__:----------------------------------------------------------------------------------------------------
INFO:__main__:
【train】epoch:12/100 loss:0.4560 acc:0.7847
INFO:__main__:
【val】epoch:12/100 loss:0.4147 acc:0.8026
INFO:__main__:
【Val】:  SENS: 0.6909  SPEC: 0.8941  PPV: 0.8423  NPV: 0.7793
INFO:__main__:验证的best_acc:0.8125
INFO:__main__:----------------------------------------------------------------------------------------------------
INFO:__main__:
【train】epoch:13/100 loss:0.4500 acc:0.7861
INFO:__main__:
【val】epoch:13/100 loss:0.4081 acc:0.8196
INFO:__main__:
【Val】:  SENS: 0.7413  SPEC: 0.8837  PPV: 0.8393  NPV: 0.8066
INFO:__main__:验证的best_acc:0.8196
INFO:__main__:----------------------------------------------------------------------------------------------------
INFO:__main__:
【train】epoch:14/100 loss:0.4442 acc:0.7928
INFO:__main__:
【val】epoch:14/100 loss:0.3921 acc:0.8182
INFO:__main__:
【Val】:  SENS: 0.7855  SPEC: 0.8450  PPV: 0.8058  NPV: 0.8278
INFO:__main__:验证的best_acc:0.8196
INFO:__main__:----------------------------------------------------------------------------------------------------
INFO:__main__:
【train】epoch:15/100 loss:0.4273 acc:0.8048
INFO:__main__:
【val】epoch:15/100 loss:0.4091 acc:0.8168
INFO:__main__:
【Val】:  SENS: 0.7224  SPEC: 0.8941  PPV: 0.8481  NPV: 0.7972
INFO:__main__:验证的best_acc:0.8196
INFO:__main__:----------------------------------------------------------------------------------------------------
INFO:__main__:
【train】epoch:16/100 loss:0.4219 acc:0.8087
INFO:__main__:
【val】epoch:16/100 loss:0.4176 acc:0.8082
INFO:__main__:
【Val】:  SENS: 0.7571  SPEC: 0.8501  PPV: 0.8054  NPV: 0.8103
INFO:__main__:验证的best_acc:0.8196
INFO:__main__:----------------------------------------------------------------------------------------------------
INFO:__main__:
【train】epoch:17/100 loss:0.4187 acc:0.8043
INFO:__main__:
【val】epoch:17/100 loss:0.3999 acc:0.8139
INFO:__main__:
【Val】:  SENS: 0.7256  SPEC: 0.8863  PPV: 0.8394  NPV: 0.7977
INFO:__main__:验证的best_acc:0.8196
INFO:__main__:----------------------------------------------------------------------------------------------------
INFO:__main__:
【train】epoch:18/100 loss:0.4137 acc:0.8064
INFO:__main__:
【val】epoch:18/100 loss:0.3855 acc:0.8253
INFO:__main__:
【Val】:  SENS: 0.8013  SPEC: 0.8450  PPV: 0.8089  NPV: 0.8385
INFO:__main__:验证的best_acc:0.8253
INFO:__main__:----------------------------------------------------------------------------------------------------
INFO:__main__:
【train】epoch:19/100 loss:0.4005 acc:0.8149
INFO:__main__:
【val】epoch:19/100 loss:0.3969 acc:0.8210
INFO:__main__:
【Val】:  SENS: 0.7571  SPEC: 0.8734  PPV: 0.8304  NPV: 0.8145
INFO:__main__:验证的best_acc:0.8253
INFO:__main__:----------------------------------------------------------------------------------------------------
INFO:__main__:
【train】epoch:20/100 loss:0.3971 acc:0.8167
INFO:__main__:
【val】epoch:20/100 loss:0.3711 acc:0.8295
INFO:__main__:
【Val】:  SENS: 0.8170  SPEC: 0.8398  PPV: 0.8069  NPV: 0.8486
INFO:__main__:验证的best_acc:0.8295
INFO:__main__:----------------------------------------------------------------------------------------------------
INFO:__main__:
【train】epoch:21/100 loss:0.3859 acc:0.8263
INFO:__main__:
【val】epoch:21/100 loss:0.4086 acc:0.8068
INFO:__main__:
【Val】:  SENS: 0.7161  SPEC: 0.8811  PPV: 0.8315  NPV: 0.7912
INFO:__main__:验证的best_acc:0.8295
INFO:__main__:----------------------------------------------------------------------------------------------------
INFO:__main__:
【train】epoch:22/100 loss:0.3868 acc:0.8235
INFO:__main__:
【val】epoch:22/100 loss:0.3823 acc:0.8182
INFO:__main__:
【Val】:  SENS: 0.7886  SPEC: 0.8424  PPV: 0.8039  NPV: 0.8295
INFO:__main__:验证的best_acc:0.8295
INFO:__main__:----------------------------------------------------------------------------------------------------
INFO:__main__:
【train】epoch:23/100 loss:0.3911 acc:0.8172
INFO:__main__:
【val】epoch:23/100 loss:0.3905 acc:0.8139
INFO:__main__:
【Val】:  SENS: 0.7319  SPEC: 0.8811  PPV: 0.8345  NPV: 0.8005
INFO:__main__:验证的best_acc:0.8295
INFO:__main__:----------------------------------------------------------------------------------------------------
INFO:__main__:
【train】epoch:24/100 loss:0.3884 acc:0.8225
INFO:__main__:
【val】epoch:24/100 loss:0.3811 acc:0.8253
INFO:__main__:
【Val】:  SENS: 0.7918  SPEC: 0.8527  PPV: 0.8149  NPV: 0.8333
INFO:__main__:验证的best_acc:0.8295
INFO:__main__:----------------------------------------------------------------------------------------------------
INFO:__main__:
【train】epoch:25/100 loss:0.3795 acc:0.8307
INFO:__main__:
【val】epoch:25/100 loss:0.3600 acc:0.8310
INFO:__main__:
【Val】:  SENS: 0.8044  SPEC: 0.8527  PPV: 0.8173  NPV: 0.8418
INFO:__main__:验证的best_acc:0.8310
INFO:__main__:----------------------------------------------------------------------------------------------------
INFO:__main__:
【train】epoch:26/100 loss:0.3789 acc:0.8293
INFO:__main__:
【val】epoch:26/100 loss:0.3673 acc:0.8239
INFO:__main__:
【Val】:  SENS: 0.8076  SPEC: 0.8372  PPV: 0.8025  NPV: 0.8416
INFO:__main__:验证的best_acc:0.8310
INFO:__main__:----------------------------------------------------------------------------------------------------
INFO:__main__:
【train】epoch:27/100 loss:0.3690 acc:0.8315
INFO:__main__:
【val】epoch:27/100 loss:0.3975 acc:0.8182
INFO:__main__:
【Val】:  SENS: 0.7666  SPEC: 0.8605  PPV: 0.8182  NPV: 0.8182
INFO:__main__:验证的best_acc:0.8310
INFO:__main__:----------------------------------------------------------------------------------------------------
INFO:__main__:
【train】epoch:28/100 loss:0.3696 acc:0.8333
INFO:__main__:
【val】epoch:28/100 loss:0.3883 acc:0.8153
INFO:__main__:
【Val】:  SENS: 0.7950  SPEC: 0.8320  PPV: 0.7950  NPV: 0.8320
INFO:__main__:验证的best_acc:0.8310
INFO:__main__:----------------------------------------------------------------------------------------------------
INFO:__main__:
【train】epoch:29/100 loss:0.3632 acc:0.8341
INFO:__main__:
【val】epoch:29/100 loss:0.4060 acc:0.8111
INFO:__main__:
【Val】:  SENS: 0.7350  SPEC: 0.8734  PPV: 0.8262  NPV: 0.8009
INFO:__main__:验证的best_acc:0.8310
INFO:__main__:----------------------------------------------------------------------------------------------------
INFO:__main__:
【train】epoch:30/100 loss:0.3564 acc:0.8401
INFO:__main__:
【val】epoch:30/100 loss:0.3986 acc:0.8281
INFO:__main__:
【Val】:  SENS: 0.7666  SPEC: 0.8786  PPV: 0.8379  NPV: 0.8213
INFO:__main__:验证的best_acc:0.8310
INFO:__main__:----------------------------------------------------------------------------------------------------
INFO:__main__:
【train】epoch:31/100 loss:0.3574 acc:0.8408
INFO:__main__:
【val】epoch:31/100 loss:0.3756 acc:0.8267
INFO:__main__:
【Val】:  SENS: 0.7855  SPEC: 0.8605  PPV: 0.8218  NPV: 0.8304
INFO:__main__:验证的best_acc:0.8310
INFO:__main__:----------------------------------------------------------------------------------------------------
INFO:__main__:
【train】epoch:32/100 loss:0.3520 acc:0.8432
INFO:__main__:
【val】epoch:32/100 loss:0.3780 acc:0.8253
INFO:__main__:
【Val】:  SENS: 0.7886  SPEC: 0.8553  PPV: 0.8170  NPV: 0.8317
INFO:__main__:验证的best_acc:0.8310
INFO:__main__:----------------------------------------------------------------------------------------------------
INFO:__main__:
【train】epoch:33/100 loss:0.3486 acc:0.8460
INFO:__main__:
【val】epoch:33/100 loss:0.3774 acc:0.8324
INFO:__main__:
【Val】:  SENS: 0.8170  SPEC: 0.8450  PPV: 0.8119  NPV: 0.8494
INFO:__main__:验证的best_acc:0.8324
INFO:__main__:----------------------------------------------------------------------------------------------------
INFO:__main__:
【train】epoch:34/100 loss:0.3473 acc:0.8438
INFO:__main__:
【val】epoch:34/100 loss:0.3753 acc:0.8196
INFO:__main__:
【Val】:  SENS: 0.7950  SPEC: 0.8398  PPV: 0.8025  NPV: 0.8333
INFO:__main__:验证的best_acc:0.8324
INFO:__main__:----------------------------------------------------------------------------------------------------
INFO:__main__:
【train】epoch:35/100 loss:0.3396 acc:0.8490
INFO:__main__:
【val】epoch:35/100 loss:0.3851 acc:0.8224
INFO:__main__:
【Val】:  SENS: 0.7823  SPEC: 0.8553  PPV: 0.8158  NPV: 0.8275
INFO:__main__:验证的best_acc:0.8324
INFO:__main__:----------------------------------------------------------------------------------------------------
INFO:__main__:
【train】epoch:36/100 loss:0.3434 acc:0.8476
INFO:__main__:
【val】epoch:36/100 loss:0.3733 acc:0.8295
INFO:__main__:
【Val】:  SENS: 0.8044  SPEC: 0.8501  PPV: 0.8147  NPV: 0.8414
INFO:__main__:验证的best_acc:0.8324
INFO:__main__:----------------------------------------------------------------------------------------------------
INFO:__main__:
【train】epoch:37/100 loss:0.3383 acc:0.8523
INFO:__main__:
【val】epoch:37/100 loss:0.3716 acc:0.8267
INFO:__main__:
【Val】:  SENS: 0.8139  SPEC: 0.8372  PPV: 0.8037  NPV: 0.8460
INFO:__main__:验证的best_acc:0.8324
INFO:__main__:----------------------------------------------------------------------------------------------------
INFO:__main__:
【train】epoch:38/100 loss:0.3333 acc:0.8485
INFO:__main__:
【val】epoch:38/100 loss:0.4042 acc:0.8281
INFO:__main__:
【Val】:  SENS: 0.7603  SPEC: 0.8837  PPV: 0.8427  NPV: 0.8182
INFO:__main__:验证的best_acc:0.8324
INFO:__main__:----------------------------------------------------------------------------------------------------
INFO:__main__:
【train】epoch:39/100 loss:0.3344 acc:0.8521
INFO:__main__:
【val】epoch:39/100 loss:0.3702 acc:0.8281
INFO:__main__:
【Val】:  SENS: 0.8107  SPEC: 0.8424  PPV: 0.8082  NPV: 0.8446
INFO:__main__:验证的best_acc:0.8324
INFO:__main__:----------------------------------------------------------------------------------------------------
INFO:__main__:
【train】epoch:40/100 loss:0.3258 acc:0.8591
INFO:__main__:
【val】epoch:40/100 loss:0.3879 acc:0.8310
INFO:__main__:
【Val】:  SENS: 0.8013  SPEC: 0.8553  PPV: 0.8194  NPV: 0.8401
INFO:__main__:验证的best_acc:0.8324
INFO:__main__:----------------------------------------------------------------------------------------------------
INFO:__main__:
【train】epoch:41/100 loss:0.3285 acc:0.8532
INFO:__main__:
【val】epoch:41/100 loss:0.3745 acc:0.8324
INFO:__main__:
【Val】:  SENS: 0.8170  SPEC: 0.8450  PPV: 0.8119  NPV: 0.8494
INFO:__main__:验证的best_acc:0.8324
INFO:__main__:----------------------------------------------------------------------------------------------------
INFO:__main__:
【train】epoch:42/100 loss:0.3289 acc:0.8561
INFO:__main__:
【val】epoch:42/100 loss:0.3530 acc:0.8381
INFO:__main__:
【Val】:  SENS: 0.8076  SPEC: 0.8630  PPV: 0.8285  NPV: 0.8456
INFO:__main__:验证的best_acc:0.8381
INFO:__main__:----------------------------------------------------------------------------------------------------
INFO:__main__:
【train】epoch:43/100 loss:0.3197 acc:0.8623
INFO:__main__:
【val】epoch:43/100 loss:0.3796 acc:0.8253
INFO:__main__:
【Val】:  SENS: 0.7981  SPEC: 0.8475  PPV: 0.8109  NPV: 0.8367
INFO:__main__:验证的best_acc:0.8381
INFO:__main__:----------------------------------------------------------------------------------------------------
INFO:__main__:
【train】epoch:44/100 loss:0.3178 acc:0.8614
INFO:__main__:
【val】epoch:44/100 loss:0.3490 acc:0.8395
INFO:__main__:
【Val】:  SENS: 0.8076  SPEC: 0.8656  PPV: 0.8312  NPV: 0.8460
INFO:__main__:验证的best_acc:0.8395
INFO:__main__:----------------------------------------------------------------------------------------------------
INFO:__main__:
【train】epoch:45/100 loss:0.3175 acc:0.8598
INFO:__main__:
【val】epoch:45/100 loss:0.3523 acc:0.8352
INFO:__main__:
【Val】:  SENS: 0.8297  SPEC: 0.8398  PPV: 0.8092  NPV: 0.8575
INFO:__main__:验证的best_acc:0.8395
INFO:__main__:----------------------------------------------------------------------------------------------------
INFO:__main__:
【train】epoch:46/100 loss:0.3155 acc:0.8633
INFO:__main__:
【val】epoch:46/100 loss:0.3492 acc:0.8452
INFO:__main__:
【Val】:  SENS: 0.8265  SPEC: 0.8605  PPV: 0.8291  NPV: 0.8582
INFO:__main__:验证的best_acc:0.8452
INFO:__main__:----------------------------------------------------------------------------------------------------
INFO:__main__:
【train】epoch:47/100 loss:0.3167 acc:0.8649
INFO:__main__:
【val】epoch:47/100 loss:0.3253 acc:0.8480
INFO:__main__:
【Val】:  SENS: 0.8391  SPEC: 0.8553  PPV: 0.8261  NPV: 0.8665
INFO:__main__:验证的best_acc:0.8480
INFO:__main__:----------------------------------------------------------------------------------------------------
INFO:__main__:
【train】epoch:48/100 loss:0.3128 acc:0.8652
INFO:__main__:
【val】epoch:48/100 loss:0.3489 acc:0.8381
INFO:__main__:
【Val】:  SENS: 0.8360  SPEC: 0.8398  PPV: 0.8104  NPV: 0.8621
INFO:__main__:验证的best_acc:0.8480
INFO:__main__:----------------------------------------------------------------------------------------------------
INFO:__main__:
【train】epoch:49/100 loss:0.3039 acc:0.8685
INFO:__main__:
【val】epoch:49/100 loss:0.3392 acc:0.8509
INFO:__main__:
【Val】:  SENS: 0.8580  SPEC: 0.8450  PPV: 0.8193  NPV: 0.8790
INFO:__main__:验证的best_acc:0.8509
INFO:__main__:----------------------------------------------------------------------------------------------------
INFO:__main__:
【train】epoch:50/100 loss:0.3006 acc:0.8717
INFO:__main__:
【val】epoch:50/100 loss:0.3504 acc:0.8395
INFO:__main__:
【Val】:  SENS: 0.8391  SPEC: 0.8398  PPV: 0.8110  NPV: 0.8644
INFO:__main__:验证的best_acc:0.8509
INFO:__main__:----------------------------------------------------------------------------------------------------
INFO:__main__:
【train】epoch:51/100 loss:0.3016 acc:0.8682
INFO:__main__:
【val】epoch:51/100 loss:0.3200 acc:0.8580
INFO:__main__:
【Val】:  SENS: 0.8707  SPEC: 0.8475  PPV: 0.8239  NPV: 0.8889
INFO:__main__:验证的best_acc:0.8580
INFO:__main__:----------------------------------------------------------------------------------------------------
INFO:__main__:
【train】epoch:52/100 loss:0.3029 acc:0.8657
INFO:__main__:
【val】epoch:52/100 loss:0.3268 acc:0.8494
INFO:__main__:
【Val】:  SENS: 0.8612  SPEC: 0.8398  PPV: 0.8149  NPV: 0.8808
INFO:__main__:验证的best_acc:0.8580
INFO:__main__:----------------------------------------------------------------------------------------------------
INFO:__main__:
【train】epoch:53/100 loss:0.2889 acc:0.8766
INFO:__main__:
【val】epoch:53/100 loss:0.3108 acc:0.8622
INFO:__main__:
【Val】:  SENS: 0.8612  SPEC: 0.8630  PPV: 0.8374  NPV: 0.8836
INFO:__main__:验证的best_acc:0.8622
INFO:__main__:----------------------------------------------------------------------------------------------------
INFO:__main__:
【train】epoch:54/100 loss:0.2913 acc:0.8717
INFO:__main__:
【val】epoch:54/100 loss:0.3423 acc:0.8480
INFO:__main__:
【Val】:  SENS: 0.8517  SPEC: 0.8450  PPV: 0.8182  NPV: 0.8743
INFO:__main__:验证的best_acc:0.8622
INFO:__main__:----------------------------------------------------------------------------------------------------
INFO:__main__:
【train】epoch:55/100 loss:0.2911 acc:0.8698
INFO:__main__:
【val】epoch:55/100 loss:0.3147 acc:0.8608
INFO:__main__:
【Val】:  SENS: 0.8770  SPEC: 0.8475  PPV: 0.8249  NPV: 0.8937
INFO:__main__:验证的best_acc:0.8622
INFO:__main__:----------------------------------------------------------------------------------------------------
INFO:__main__:
【train】epoch:56/100 loss:0.2976 acc:0.8713
INFO:__main__:
【val】epoch:56/100 loss:0.3593 acc:0.8466
INFO:__main__:
【Val】:  SENS: 0.8612  SPEC: 0.8346  PPV: 0.8101  NPV: 0.8801
INFO:__main__:验证的best_acc:0.8622
INFO:__main__:----------------------------------------------------------------------------------------------------
INFO:__main__:
【train】epoch:57/100 loss:0.2904 acc:0.8747
INFO:__main__:
【val】epoch:57/100 loss:0.3175 acc:0.8594
INFO:__main__:
【Val】:  SENS: 0.8517  SPEC: 0.8656  PPV: 0.8385  NPV: 0.8770
INFO:__main__:验证的best_acc:0.8622
INFO:__main__:----------------------------------------------------------------------------------------------------
INFO:__main__:
【train】epoch:58/100 loss:0.2867 acc:0.8755
INFO:__main__:
【val】epoch:58/100 loss:0.3187 acc:0.8580
INFO:__main__:
【Val】:  SENS: 0.8391  SPEC: 0.8734  PPV: 0.8444  NPV: 0.8689
INFO:__main__:验证的best_acc:0.8622
INFO:__main__:----------------------------------------------------------------------------------------------------
INFO:__main__:
【train】epoch:59/100 loss:0.2818 acc:0.8823
INFO:__main__:
【val】epoch:59/100 loss:0.3463 acc:0.8466
INFO:__main__:
【Val】:  SENS: 0.8612  SPEC: 0.8346  PPV: 0.8101  NPV: 0.8801
INFO:__main__:验证的best_acc:0.8622
INFO:__main__:----------------------------------------------------------------------------------------------------
INFO:__main__:
【train】epoch:60/100 loss:0.2787 acc:0.8855
INFO:__main__:
【val】epoch:60/100 loss:0.3189 acc:0.8523
INFO:__main__:
【Val】:  SENS: 0.8612  SPEC: 0.8450  PPV: 0.8198  NPV: 0.8814
INFO:__main__:验证的best_acc:0.8622
INFO:__main__:----------------------------------------------------------------------------------------------------
INFO:__main__:
【train】epoch:61/100 loss:0.2854 acc:0.8797
INFO:__main__:
【val】epoch:61/100 loss:0.3290 acc:0.8565
INFO:__main__:
【Val】:  SENS: 0.8707  SPEC: 0.8450  PPV: 0.8214  NPV: 0.8886
INFO:__main__:验证的best_acc:0.8622
INFO:__main__:----------------------------------------------------------------------------------------------------
INFO:__main__:
【train】epoch:62/100 loss:0.2771 acc:0.8804
INFO:__main__:
【val】epoch:62/100 loss:0.3262 acc:0.8537
INFO:__main__:
【Val】:  SENS: 0.8517  SPEC: 0.8553  PPV: 0.8282  NPV: 0.8757
INFO:__main__:验证的best_acc:0.8622
INFO:__main__:----------------------------------------------------------------------------------------------------
INFO:__main__:
【train】epoch:63/100 loss:0.2726 acc:0.8853
INFO:__main__:
【val】epoch:63/100 loss:0.3295 acc:0.8594
INFO:__main__:
【Val】:  SENS: 0.8991  SPEC: 0.8269  PPV: 0.8097  NPV: 0.9091
INFO:__main__:验证的best_acc:0.8622
INFO:__main__:----------------------------------------------------------------------------------------------------
INFO:__main__:
【train】epoch:64/100 loss:0.2725 acc:0.8863
INFO:__main__:
【val】epoch:64/100 loss:0.3335 acc:0.8580
INFO:__main__:
【Val】:  SENS: 0.8927  SPEC: 0.8295  PPV: 0.8109  NPV: 0.9042
INFO:__main__:验证的best_acc:0.8622
INFO:__main__:----------------------------------------------------------------------------------------------------
INFO:__main__:
【train】epoch:65/100 loss:0.2691 acc:0.8850
INFO:__main__:
【val】epoch:65/100 loss:0.3241 acc:0.8537
INFO:__main__:
【Val】:  SENS: 0.9054  SPEC: 0.8114  PPV: 0.7972  NPV: 0.9128
INFO:__main__:验证的best_acc:0.8622
INFO:__main__:----------------------------------------------------------------------------------------------------
INFO:__main__:
【train】epoch:66/100 loss:0.2751 acc:0.8820
INFO:__main__:
【val】epoch:66/100 loss:0.3207 acc:0.8480
INFO:__main__:
【Val】:  SENS: 0.8644  SPEC: 0.8346  PPV: 0.8107  NPV: 0.8825
INFO:__main__:验证的best_acc:0.8622
INFO:__main__:----------------------------------------------------------------------------------------------------
INFO:__main__:
【train】epoch:67/100 loss:0.2636 acc:0.8898
INFO:__main__:
【val】epoch:67/100 loss:0.3456 acc:0.8494
INFO:__main__:
【Val】:  SENS: 0.8517  SPEC: 0.8475  PPV: 0.8207  NPV: 0.8747
INFO:__main__:验证的best_acc:0.8622
INFO:__main__:----------------------------------------------------------------------------------------------------
INFO:__main__:
【train】epoch:68/100 loss:0.2679 acc:0.8925
INFO:__main__:
【val】epoch:68/100 loss:0.3554 acc:0.8494
INFO:__main__:
【Val】:  SENS: 0.8328  SPEC: 0.8630  PPV: 0.8328  NPV: 0.8630
INFO:__main__:验证的best_acc:0.8622
INFO:__main__:----------------------------------------------------------------------------------------------------
INFO:__main__:
【train】epoch:69/100 loss:0.2544 acc:0.8932
INFO:__main__:
【val】epoch:69/100 loss:0.3277 acc:0.8551
INFO:__main__:
【Val】:  SENS: 0.8801  SPEC: 0.8346  PPV: 0.8134  NPV: 0.8947
INFO:__main__:验证的best_acc:0.8622
INFO:__main__:----------------------------------------------------------------------------------------------------
INFO:__main__:
【train】epoch:70/100 loss:0.2570 acc:0.8921
INFO:__main__:
【val】epoch:70/100 loss:0.3291 acc:0.8636
INFO:__main__:
【Val】:  SENS: 0.9054  SPEC: 0.8295  PPV: 0.8130  NPV: 0.9145
INFO:__main__:验证的best_acc:0.8636
INFO:__main__:----------------------------------------------------------------------------------------------------
INFO:__main__:
【train】epoch:71/100 loss:0.2488 acc:0.8968
INFO:__main__:
【val】epoch:71/100 loss:0.3503 acc:0.8466
INFO:__main__:
【Val】:  SENS: 0.9054  SPEC: 0.7984  PPV: 0.7863  NPV: 0.9115
INFO:__main__:验证的best_acc:0.8636
INFO:__main__:----------------------------------------------------------------------------------------------------
INFO:__main__:
【train】epoch:72/100 loss:0.2520 acc:0.8951
INFO:__main__:
【val】epoch:72/100 loss:0.3302 acc:0.8608
INFO:__main__:
【Val】:  SENS: 0.8770  SPEC: 0.8475  PPV: 0.8249  NPV: 0.8937
INFO:__main__:验证的best_acc:0.8636
INFO:__main__:----------------------------------------------------------------------------------------------------
INFO:__main__:
【train】epoch:73/100 loss:0.2515 acc:0.8959
INFO:__main__:
【val】epoch:73/100 loss:0.3271 acc:0.8565
INFO:__main__:
【Val】:  SENS: 0.8833  SPEC: 0.8346  PPV: 0.8140  NPV: 0.8972
INFO:__main__:验证的best_acc:0.8636
INFO:__main__:----------------------------------------------------------------------------------------------------
INFO:__main__:
【train】epoch:74/100 loss:0.2519 acc:0.8937
INFO:__main__:
【val】epoch:74/100 loss:0.3249 acc:0.8636
INFO:__main__:
【Val】:  SENS: 0.8927  SPEC: 0.8398  PPV: 0.8203  NPV: 0.9053
INFO:__main__:验证的best_acc:0.8636
INFO:__main__:----------------------------------------------------------------------------------------------------
INFO:__main__:
【train】epoch:75/100 loss:0.2464 acc:0.8959
INFO:__main__:
【val】epoch:75/100 loss:0.3463 acc:0.8551
INFO:__main__:
【Val】:  SENS: 0.8959  SPEC: 0.8217  PPV: 0.8045  NPV: 0.9060
INFO:__main__:验证的best_acc:0.8636
INFO:__main__:----------------------------------------------------------------------------------------------------
INFO:__main__:
【train】epoch:76/100 loss:0.2473 acc:0.8977
INFO:__main__:
【val】epoch:76/100 loss:0.3196 acc:0.8636
INFO:__main__:
【Val】:  SENS: 0.8675  SPEC: 0.8605  PPV: 0.8359  NPV: 0.8880
INFO:__main__:验证的best_acc:0.8636
INFO:__main__:----------------------------------------------------------------------------------------------------
INFO:__main__:
【train】epoch:77/100 loss:0.2562 acc:0.8944
INFO:__main__:
【val】epoch:77/100 loss:0.3179 acc:0.8622
INFO:__main__:
【Val】:  SENS: 0.9022  SPEC: 0.8295  PPV: 0.8125  NPV: 0.9119
INFO:__main__:验证的best_acc:0.8636
INFO:__main__:----------------------------------------------------------------------------------------------------
INFO:__main__:
【train】epoch:78/100 loss:0.2454 acc:0.8996
INFO:__main__:
【val】epoch:78/100 loss:0.3550 acc:0.8494
INFO:__main__:
【Val】:  SENS: 0.8738  SPEC: 0.8295  PPV: 0.8076  NPV: 0.8892
INFO:__main__:验证的best_acc:0.8636
INFO:__main__:----------------------------------------------------------------------------------------------------
INFO:__main__:
【train】epoch:79/100 loss:0.2392 acc:0.8993
INFO:__main__:
【val】epoch:79/100 loss:0.3624 acc:0.8494
INFO:__main__:
【Val】:  SENS: 0.8707  SPEC: 0.8320  PPV: 0.8094  NPV: 0.8871
INFO:__main__:验证的best_acc:0.8636
INFO:__main__:----------------------------------------------------------------------------------------------------
INFO:__main__:
【train】epoch:80/100 loss:0.2370 acc:0.9042
INFO:__main__:
【val】epoch:80/100 loss:0.3615 acc:0.8551
INFO:__main__:
【Val】:  SENS: 0.8927  SPEC: 0.8243  PPV: 0.8063  NPV: 0.9037
INFO:__main__:验证的best_acc:0.8636
INFO:__main__:----------------------------------------------------------------------------------------------------
INFO:__main__:
【train】epoch:81/100 loss:0.2412 acc:0.9017
INFO:__main__:
【val】epoch:81/100 loss:0.3175 acc:0.8565
INFO:__main__:
【Val】:  SENS: 0.8833  SPEC: 0.8346  PPV: 0.8140  NPV: 0.8972
INFO:__main__:验证的best_acc:0.8636
INFO:__main__:----------------------------------------------------------------------------------------------------
INFO:__main__:
【train】epoch:82/100 loss:0.2371 acc:0.9007
INFO:__main__:
【val】epoch:82/100 loss:0.3169 acc:0.8594
INFO:__main__:
【Val】:  SENS: 0.8801  SPEC: 0.8424  PPV: 0.8206  NPV: 0.8956
INFO:__main__:验证的best_acc:0.8636
INFO:__main__:----------------------------------------------------------------------------------------------------
INFO:__main__:
【train】epoch:83/100 loss:0.2352 acc:0.9043
INFO:__main__:
【val】epoch:83/100 loss:0.3414 acc:0.8509
INFO:__main__:
【Val】:  SENS: 0.9085  SPEC: 0.8036  PPV: 0.7912  NPV: 0.9147
INFO:__main__:验证的best_acc:0.8636
INFO:__main__:----------------------------------------------------------------------------------------------------
INFO:__main__:
【train】epoch:84/100 loss:0.2315 acc:0.9062
INFO:__main__:
【val】epoch:84/100 loss:0.3477 acc:0.8565
INFO:__main__:
【Val】:  SENS: 0.8801  SPEC: 0.8372  PPV: 0.8158  NPV: 0.8950
INFO:__main__:验证的best_acc:0.8636
INFO:__main__:----------------------------------------------------------------------------------------------------
INFO:__main__:
【train】epoch:85/100 loss:0.2338 acc:0.9057
INFO:__main__:
【val】epoch:85/100 loss:0.3203 acc:0.8594
INFO:__main__:
【Val】:  SENS: 0.9148  SPEC: 0.8140  PPV: 0.8011  NPV: 0.9211
INFO:__main__:验证的best_acc:0.8636
INFO:__main__:----------------------------------------------------------------------------------------------------
INFO:__main__:
【train】epoch:86/100 loss:0.2331 acc:0.9089
INFO:__main__:
【val】epoch:86/100 loss:0.3568 acc:0.8594
INFO:__main__:
【Val】:  SENS: 0.8580  SPEC: 0.8605  PPV: 0.8344  NPV: 0.8810
INFO:__main__:验证的best_acc:0.8636
INFO:__main__:----------------------------------------------------------------------------------------------------
INFO:__main__:
【train】epoch:87/100 loss:0.2334 acc:0.9054
INFO:__main__:
【val】epoch:87/100 loss:0.3389 acc:0.8551
INFO:__main__:
【Val】:  SENS: 0.8864  SPEC: 0.8295  PPV: 0.8098  NPV: 0.8992
INFO:__main__:验证的best_acc:0.8636
INFO:__main__:----------------------------------------------------------------------------------------------------
INFO:__main__:
【train】epoch:88/100 loss:0.2393 acc:0.9033
INFO:__main__:
【val】epoch:88/100 loss:0.3442 acc:0.8523
INFO:__main__:
【Val】:  SENS: 0.8644  SPEC: 0.8424  PPV: 0.8179  NPV: 0.8835
INFO:__main__:验证的best_acc:0.8636
INFO:__main__:----------------------------------------------------------------------------------------------------
INFO:__main__:
【train】epoch:89/100 loss:0.2317 acc:0.9050
INFO:__main__:
【val】epoch:89/100 loss:0.3478 acc:0.8537
INFO:__main__:
【Val】:  SENS: 0.8770  SPEC: 0.8346  PPV: 0.8129  NPV: 0.8923
INFO:__main__:验证的best_acc:0.8636
INFO:__main__:----------------------------------------------------------------------------------------------------
INFO:__main__:
【train】epoch:90/100 loss:0.2136 acc:0.9111
INFO:__main__:
【val】epoch:90/100 loss:0.3562 acc:0.8466
INFO:__main__:
【Val】:  SENS: 0.8833  SPEC: 0.8165  PPV: 0.7977  NPV: 0.8952
INFO:__main__:验证的best_acc:0.8636
INFO:__main__:----------------------------------------------------------------------------------------------------
INFO:__main__:
【train】epoch:91/100 loss:0.2174 acc:0.9129
INFO:__main__:
【val】epoch:91/100 loss:0.3525 acc:0.8565
INFO:__main__:
【Val】:  SENS: 0.8770  SPEC: 0.8398  PPV: 0.8176  NPV: 0.8929
INFO:__main__:验证的best_acc:0.8636
INFO:__main__:----------------------------------------------------------------------------------------------------
INFO:__main__:
【train】epoch:92/100 loss:0.2166 acc:0.9153
INFO:__main__:
【val】epoch:92/100 loss:0.3741 acc:0.8580
INFO:__main__:
【Val】:  SENS: 0.8864  SPEC: 0.8346  PPV: 0.8145  NPV: 0.8997
INFO:__main__:验证的best_acc:0.8636
INFO:__main__:----------------------------------------------------------------------------------------------------
INFO:__main__:
【train】epoch:93/100 loss:0.2092 acc:0.9152
INFO:__main__:
【val】epoch:93/100 loss:0.3642 acc:0.8509
INFO:__main__:
【Val】:  SENS: 0.8833  SPEC: 0.8243  PPV: 0.8046  NPV: 0.8961
INFO:__main__:验证的best_acc:0.8636
INFO:__main__:----------------------------------------------------------------------------------------------------
INFO:__main__:
【train】epoch:94/100 loss:0.2116 acc:0.9172
INFO:__main__:
【val】epoch:94/100 loss:0.3516 acc:0.8636
INFO:__main__:
【Val】:  SENS: 0.8833  SPEC: 0.8475  PPV: 0.8260  NPV: 0.8986
INFO:__main__:验证的best_acc:0.8636
INFO:__main__:----------------------------------------------------------------------------------------------------
INFO:__main__:
【train】epoch:95/100 loss:0.2142 acc:0.9146
INFO:__main__:
【val】epoch:95/100 loss:0.3740 acc:0.8594
INFO:__main__:
【Val】:  SENS: 0.8549  SPEC: 0.8630  PPV: 0.8364  NPV: 0.8789
INFO:__main__:验证的best_acc:0.8636
INFO:__main__:----------------------------------------------------------------------------------------------------
INFO:__main__:
【train】epoch:96/100 loss:0.2068 acc:0.9172
INFO:__main__:
【val】epoch:96/100 loss:0.3597 acc:0.8551
INFO:__main__:
【Val】:  SENS: 0.8833  SPEC: 0.8320  PPV: 0.8116  NPV: 0.8969
INFO:__main__:验证的best_acc:0.8636
INFO:__main__:----------------------------------------------------------------------------------------------------
INFO:__main__:
【train】epoch:97/100 loss:0.2142 acc:0.9146
INFO:__main__:
【val】epoch:97/100 loss:0.3384 acc:0.8594
INFO:__main__:
【Val】:  SENS: 0.8675  SPEC: 0.8527  PPV: 0.8283  NPV: 0.8871
INFO:__main__:验证的best_acc:0.8636
INFO:__main__:----------------------------------------------------------------------------------------------------
INFO:__main__:
【train】epoch:98/100 loss:0.2167 acc:0.9134
INFO:__main__:
【val】epoch:98/100 loss:0.3415 acc:0.8622
INFO:__main__:
【Val】:  SENS: 0.8959  SPEC: 0.8346  PPV: 0.8161  NPV: 0.9073
INFO:__main__:验证的best_acc:0.8636
INFO:__main__:----------------------------------------------------------------------------------------------------
INFO:__main__:
【train】epoch:99/100 loss:0.2115 acc:0.9160
INFO:__main__:
【val】epoch:99/100 loss:0.3613 acc:0.8537
INFO:__main__:
【Val】:  SENS: 0.8896  SPEC: 0.8243  PPV: 0.8057  NPV: 0.9011
INFO:__main__:验证的best_acc:0.8636
INFO:__main__:----------------------------------------------------------------------------------------------------
INFO:__main__:****************************************************************************************************
INFO:__main__:Val_LOSS:['0.6357', '0.5904', '0.6401', '0.5636', '0.5604', '0.5959', '0.5575', '0.5418', '0.4523', '0.4387', '0.4089', '0.4183', '0.4147', '0.4081', '0.3921', '0.4091', '0.4176', '0.3999', '0.3855', '0.3969', '0.3711', '0.4086', '0.3823', '0.3905', '0.3811', '0.3600', '0.3673', '0.3975', '0.3883', '0.4060', '0.3986', '0.3756', '0.3780', '0.3774', '0.3753', '0.3851', '0.3733', '0.3716', '0.4042', '0.3702', '0.3879', '0.3745', '0.3530', '0.3796', '0.3490', '0.3523', '0.3492', '0.3253', '0.3489', '0.3392', '0.3504', '0.3200', '0.3268', '0.3108', '0.3423', '0.3147', '0.3593', '0.3175', '0.3187', '0.3463', '0.3189', '0.3290', '0.3262', '0.3295', '0.3335', '0.3241', '0.3207', '0.3456', '0.3554', '0.3277', '0.3291', '0.3503', '0.3302', '0.3271', '0.3249', '0.3463', '0.3196', '0.3179', '0.3550', '0.3624', '0.3615', '0.3175', '0.3169', '0.3414', '0.3477', '0.3203', '0.3568', '0.3389', '0.3442', '0.3478', '0.3562', '0.3525', '0.3741', '0.3642', '0.3516', '0.3740', '0.3597', '0.3384', '0.3415', '0.3613']
INFO:__main__:Val_ACC:['0.5767', '0.6591', '0.6080', '0.7045', '0.7216', '0.6733', '0.7003', '0.7301', '0.7983', '0.7940', '0.8125', '0.8082', '0.8026', '0.8196', '0.8182', '0.8168', '0.8082', '0.8139', '0.8253', '0.8210', '0.8295', '0.8068', '0.8182', '0.8139', '0.8253', '0.8310', '0.8239', '0.8182', '0.8153', '0.8111', '0.8281', '0.8267', '0.8253', '0.8324', '0.8196', '0.8224', '0.8295', '0.8267', '0.8281', '0.8281', '0.8310', '0.8324', '0.8381', '0.8253', '0.8395', '0.8352', '0.8452', '0.8480', '0.8381', '0.8509', '0.8395', '0.8580', '0.8494', '0.8622', '0.8480', '0.8608', '0.8466', '0.8594', '0.8580', '0.8466', '0.8523', '0.8565', '0.8537', '0.8594', '0.8580', '0.8537', '0.8480', '0.8494', '0.8494', '0.8551', '0.8636', '0.8466', '0.8608', '0.8565', '0.8636', '0.8551', '0.8636', '0.8622', '0.8494', '0.8494', '0.8551', '0.8565', '0.8594', '0.8509', '0.8565', '0.8594', '0.8594', '0.8551', '0.8523', '0.8537', '0.8466', '0.8565', '0.8580', '0.8509', '0.8636', '0.8594', '0.8551', '0.8594', '0.8622', '0.8537']
INFO:__main__:****************************************************************************************************
INFO:__main__: epoch0 测试test_Loss: 0.3855  test_ACC: 0.8391  
INFO:__main__:SENS: 0.8701 SPEC: 0.8131 PPV: 0.7956 NPV: 0.8822
INFO:__main__:test_Best_acc:0.8391









