INFO:__main__:
【train】epoch:0/150 loss:0.5868 acc:0.6954
INFO:__main__:
【val】epoch:0/150 loss:0.4797 acc:0.7614
INFO:__main__:
【Val】:  SENS: 0.6593  SPEC: 0.8450  PPV: 0.7770  NPV: 0.7517
INFO:__main__:验证的best_acc:0.7614
INFO:__main__:----------------------------------------------------------------------------------------------------
INFO:__main__:
【train】epoch:1/150 loss:0.4719 acc:0.7793
INFO:__main__:
【val】epoch:1/150 loss:0.4511 acc:0.7969
INFO:__main__:
【Val】:  SENS: 0.6656  SPEC: 0.9044  PPV: 0.8508  NPV: 0.7675
INFO:__main__:验证的best_acc:0.7969
INFO:__main__:----------------------------------------------------------------------------------------------------
INFO:__main__:
【train】epoch:2/150 loss:0.4324 acc:0.8050
INFO:__main__:
【val】epoch:2/150 loss:0.4560 acc:0.7827
INFO:__main__:
【Val】:  SENS: 0.7792  SPEC: 0.7855  PPV: 0.7485  NPV: 0.8128
INFO:__main__:验证的best_acc:0.7969
INFO:__main__:----------------------------------------------------------------------------------------------------
INFO:__main__:
【train】epoch:3/150 loss:0.4107 acc:0.8139
INFO:__main__:
【val】epoch:3/150 loss:0.4468 acc:0.7997
INFO:__main__:
【Val】:  SENS: 0.7445  SPEC: 0.8450  PPV: 0.7973  NPV: 0.8015
INFO:__main__:验证的best_acc:0.7997
INFO:__main__:----------------------------------------------------------------------------------------------------
INFO:__main__:
【train】epoch:4/150 loss:0.3832 acc:0.8266
INFO:__main__:
【val】epoch:4/150 loss:0.4589 acc:0.7827
INFO:__main__:
【Val】:  SENS: 0.7729  SPEC: 0.7907  PPV: 0.7515  NPV: 0.8095
INFO:__main__:验证的best_acc:0.7997
INFO:__main__:----------------------------------------------------------------------------------------------------
INFO:__main__:
【train】epoch:5/150 loss:0.3749 acc:0.8366
INFO:__main__:
【val】epoch:5/150 loss:0.4016 acc:0.8224
INFO:__main__:
【Val】:  SENS: 0.7918  SPEC: 0.8475  PPV: 0.8097  NPV: 0.8325
INFO:__main__:验证的best_acc:0.8224
INFO:__main__:----------------------------------------------------------------------------------------------------
INFO:__main__:
【train】epoch:6/150 loss:0.3660 acc:0.8380
INFO:__main__:
【val】epoch:6/150 loss:0.4143 acc:0.8097
INFO:__main__:
【Val】:  SENS: 0.8549  SPEC: 0.7726  PPV: 0.7549  NPV: 0.8667
INFO:__main__:验证的best_acc:0.8224
INFO:__main__:----------------------------------------------------------------------------------------------------
INFO:__main__:
【train】epoch:7/150 loss:0.3497 acc:0.8499
INFO:__main__:
【val】epoch:7/150 loss:0.4124 acc:0.8139
INFO:__main__:
【Val】:  SENS: 0.8391  SPEC: 0.7933  PPV: 0.7688  NPV: 0.8575
INFO:__main__:验证的best_acc:0.8224
INFO:__main__:----------------------------------------------------------------------------------------------------
INFO:__main__:
【train】epoch:8/150 loss:0.3579 acc:0.8420
INFO:__main__:
【val】epoch:8/150 loss:0.4023 acc:0.8210
INFO:__main__:
【Val】:  SENS: 0.8801  SPEC: 0.7726  PPV: 0.7602  NPV: 0.8872
INFO:__main__:验证的best_acc:0.8224
INFO:__main__:----------------------------------------------------------------------------------------------------
INFO:__main__:
【train】epoch:9/150 loss:0.3318 acc:0.8558
INFO:__main__:
【val】epoch:9/150 loss:0.3790 acc:0.8310
INFO:__main__:
【Val】:  SENS: 0.8517  SPEC: 0.8140  PPV: 0.7895  NPV: 0.8702
INFO:__main__:验证的best_acc:0.8310
INFO:__main__:----------------------------------------------------------------------------------------------------
INFO:__main__:
【train】epoch:10/150 loss:0.3200 acc:0.8623
INFO:__main__:
【val】epoch:10/150 loss:0.3756 acc:0.8352
INFO:__main__:
【Val】:  SENS: 0.8517  SPEC: 0.8217  PPV: 0.7965  NPV: 0.8712
INFO:__main__:验证的best_acc:0.8352
INFO:__main__:----------------------------------------------------------------------------------------------------
INFO:__main__:
【train】epoch:11/150 loss:0.3060 acc:0.8682
INFO:__main__:
【val】epoch:11/150 loss:0.3830 acc:0.8224
INFO:__main__:
【Val】:  SENS: 0.8644  SPEC: 0.7881  PPV: 0.7697  NPV: 0.8764
INFO:__main__:验证的best_acc:0.8352
INFO:__main__:----------------------------------------------------------------------------------------------------
INFO:__main__:
【train】epoch:12/150 loss:0.3047 acc:0.8670
INFO:__main__:
【val】epoch:12/150 loss:0.3634 acc:0.8381
INFO:__main__:
【Val】:  SENS: 0.8076  SPEC: 0.8630  PPV: 0.8285  NPV: 0.8456
INFO:__main__:验证的best_acc:0.8381
INFO:__main__:----------------------------------------------------------------------------------------------------
INFO:__main__:
【train】epoch:13/150 loss:0.2968 acc:0.8757
INFO:__main__:
【val】epoch:13/150 loss:0.3863 acc:0.8239
INFO:__main__:
【Val】:  SENS: 0.8770  SPEC: 0.7804  PPV: 0.7658  NPV: 0.8856
INFO:__main__:验证的best_acc:0.8381
INFO:__main__:----------------------------------------------------------------------------------------------------
INFO:__main__:
【train】epoch:14/150 loss:0.2898 acc:0.8834
INFO:__main__:
【val】epoch:14/150 loss:0.3657 acc:0.8338
INFO:__main__:
【Val】:  SENS: 0.8675  SPEC: 0.8062  PPV: 0.7857  NPV: 0.8814
INFO:__main__:验证的best_acc:0.8381
INFO:__main__:----------------------------------------------------------------------------------------------------
INFO:__main__:
【train】epoch:15/150 loss:0.2837 acc:0.8795
INFO:__main__:
【val】epoch:15/150 loss:0.3675 acc:0.8338
INFO:__main__:
【Val】:  SENS: 0.8644  SPEC: 0.8088  PPV: 0.7874  NPV: 0.8792
INFO:__main__:验证的best_acc:0.8381
INFO:__main__:----------------------------------------------------------------------------------------------------
INFO:__main__:
【train】epoch:16/150 loss:0.2832 acc:0.8802
INFO:__main__:
【val】epoch:16/150 loss:0.3833 acc:0.8310
INFO:__main__:
【Val】:  SENS: 0.8139  SPEC: 0.8450  PPV: 0.8113  NPV: 0.8472
INFO:__main__:验证的best_acc:0.8381
INFO:__main__:----------------------------------------------------------------------------------------------------
INFO:__main__:
【train】epoch:17/150 loss:0.2723 acc:0.8888
INFO:__main__:
【val】epoch:17/150 loss:0.3747 acc:0.8381
INFO:__main__:
【Val】:  SENS: 0.8580  SPEC: 0.8217  PPV: 0.7977  NPV: 0.8760
INFO:__main__:验证的best_acc:0.8381
INFO:__main__:----------------------------------------------------------------------------------------------------
INFO:__main__:
【train】epoch:18/150 loss:0.2702 acc:0.8893
INFO:__main__:
【val】epoch:18/150 loss:0.3512 acc:0.8480
INFO:__main__:
【Val】:  SENS: 0.8265  SPEC: 0.8656  PPV: 0.8344  NPV: 0.8590
INFO:__main__:验证的best_acc:0.8480
INFO:__main__:----------------------------------------------------------------------------------------------------
INFO:__main__:
【train】epoch:19/150 loss:0.2616 acc:0.8912
INFO:__main__:
【val】epoch:19/150 loss:0.3233 acc:0.8608
INFO:__main__:
【Val】:  SENS: 0.8486  SPEC: 0.8708  PPV: 0.8433  NPV: 0.8753
INFO:__main__:验证的best_acc:0.8608
INFO:__main__:----------------------------------------------------------------------------------------------------
INFO:__main__:
【train】epoch:20/150 loss:0.2452 acc:0.8994
INFO:__main__:
【val】epoch:20/150 loss:0.3593 acc:0.8480
INFO:__main__:
【Val】:  SENS: 0.8265  SPEC: 0.8656  PPV: 0.8344  NPV: 0.8590
INFO:__main__:验证的best_acc:0.8608
INFO:__main__:----------------------------------------------------------------------------------------------------
INFO:__main__:
【train】epoch:21/150 loss:0.2419 acc:0.9017
INFO:__main__:
【val】epoch:21/150 loss:0.3396 acc:0.8551
INFO:__main__:
【Val】:  SENS: 0.8580  SPEC: 0.8527  PPV: 0.8267  NPV: 0.8800
INFO:__main__:验证的best_acc:0.8608
INFO:__main__:----------------------------------------------------------------------------------------------------
INFO:__main__:
【train】epoch:22/150 loss:0.2428 acc:0.9049
INFO:__main__:
【val】epoch:22/150 loss:0.3467 acc:0.8580
INFO:__main__:
【Val】:  SENS: 0.8580  SPEC: 0.8579  PPV: 0.8318  NPV: 0.8806
INFO:__main__:验证的best_acc:0.8608
INFO:__main__:----------------------------------------------------------------------------------------------------
INFO:__main__:
【train】epoch:23/150 loss:0.2283 acc:0.9035
INFO:__main__:
【val】epoch:23/150 loss:0.3795 acc:0.8551
INFO:__main__:
【Val】:  SENS: 0.8139  SPEC: 0.8889  PPV: 0.8571  NPV: 0.8536
INFO:__main__:验证的best_acc:0.8608
INFO:__main__:----------------------------------------------------------------------------------------------------
INFO:__main__:
【train】epoch:24/150 loss:0.2217 acc:0.9127
INFO:__main__:
【val】epoch:24/150 loss:0.4095 acc:0.8295
INFO:__main__:
【Val】:  SENS: 0.7886  SPEC: 0.8630  PPV: 0.8251  NPV: 0.8329
INFO:__main__:验证的best_acc:0.8608
INFO:__main__:----------------------------------------------------------------------------------------------------
INFO:__main__:
【train】epoch:25/150 loss:0.2283 acc:0.9073
INFO:__main__:
【val】epoch:25/150 loss:0.3267 acc:0.8736
INFO:__main__:
【Val】:  SENS: 0.8454  SPEC: 0.8966  PPV: 0.8701  NPV: 0.8763
INFO:__main__:验证的best_acc:0.8736
INFO:__main__:----------------------------------------------------------------------------------------------------
INFO:__main__:
【train】epoch:26/150 loss:0.2269 acc:0.9059
INFO:__main__:
【val】epoch:26/150 loss:0.3335 acc:0.8537
INFO:__main__:
【Val】:  SENS: 0.8517  SPEC: 0.8553  PPV: 0.8282  NPV: 0.8757
INFO:__main__:验证的best_acc:0.8736
INFO:__main__:----------------------------------------------------------------------------------------------------
INFO:__main__:
【train】epoch:27/150 loss:0.2253 acc:0.9104
INFO:__main__:
【val】epoch:27/150 loss:0.3935 acc:0.8551
INFO:__main__:
【Val】:  SENS: 0.8644  SPEC: 0.8475  PPV: 0.8228  NPV: 0.8841
INFO:__main__:验证的best_acc:0.8736
INFO:__main__:----------------------------------------------------------------------------------------------------
INFO:__main__:
【train】epoch:28/150 loss:0.2146 acc:0.9125
INFO:__main__:
【val】epoch:28/150 loss:0.4068 acc:0.8494
INFO:__main__:
【Val】:  SENS: 0.7950  SPEC: 0.8941  PPV: 0.8601  NPV: 0.8418
INFO:__main__:验证的best_acc:0.8736
INFO:__main__:----------------------------------------------------------------------------------------------------
INFO:__main__:
【train】epoch:29/150 loss:0.1991 acc:0.9199
INFO:__main__:
【val】epoch:29/150 loss:0.3932 acc:0.8438
INFO:__main__:
【Val】:  SENS: 0.8612  SPEC: 0.8295  PPV: 0.8053  NPV: 0.8795
INFO:__main__:验证的best_acc:0.8736
INFO:__main__:----------------------------------------------------------------------------------------------------
INFO:__main__:
【train】epoch:30/150 loss:0.2085 acc:0.9206
INFO:__main__:
【val】epoch:30/150 loss:0.3403 acc:0.8636
INFO:__main__:
【Val】:  SENS: 0.8517  SPEC: 0.8734  PPV: 0.8464  NPV: 0.8779
INFO:__main__:验证的best_acc:0.8736
INFO:__main__:----------------------------------------------------------------------------------------------------
INFO:__main__:
【train】epoch:31/150 loss:0.1938 acc:0.9213
INFO:__main__:
【val】epoch:31/150 loss:0.3257 acc:0.8551
INFO:__main__:
【Val】:  SENS: 0.8139  SPEC: 0.8889  PPV: 0.8571  NPV: 0.8536
INFO:__main__:验证的best_acc:0.8736
INFO:__main__:----------------------------------------------------------------------------------------------------
INFO:__main__:
【train】epoch:32/150 loss:0.1932 acc:0.9242
INFO:__main__:
【val】epoch:32/150 loss:0.3419 acc:0.8679
INFO:__main__:
【Val】:  SENS: 0.8328  SPEC: 0.8966  PPV: 0.8684  NPV: 0.8675
INFO:__main__:验证的best_acc:0.8736
INFO:__main__:----------------------------------------------------------------------------------------------------
INFO:__main__:
【train】epoch:33/150 loss:0.1911 acc:0.9265
INFO:__main__:
【val】epoch:33/150 loss:0.3374 acc:0.8537
INFO:__main__:
【Val】:  SENS: 0.8013  SPEC: 0.8966  PPV: 0.8639  NPV: 0.8463
INFO:__main__:验证的best_acc:0.8736
INFO:__main__:----------------------------------------------------------------------------------------------------
INFO:__main__:
【train】epoch:34/150 loss:0.1826 acc:0.9317
INFO:__main__:
【val】epoch:34/150 loss:0.4077 acc:0.8395
INFO:__main__:
【Val】:  SENS: 0.7697  SPEC: 0.8966  PPV: 0.8592  NPV: 0.8262
INFO:__main__:验证的best_acc:0.8736
INFO:__main__:----------------------------------------------------------------------------------------------------
INFO:__main__:
【train】epoch:35/150 loss:0.1810 acc:0.9281
INFO:__main__:
【val】epoch:35/150 loss:0.3705 acc:0.8537
INFO:__main__:
【Val】:  SENS: 0.8233  SPEC: 0.8786  PPV: 0.8474  NPV: 0.8586
INFO:__main__:验证的best_acc:0.8736
INFO:__main__:----------------------------------------------------------------------------------------------------
INFO:__main__:
【train】epoch:36/150 loss:0.1810 acc:0.9321
INFO:__main__:
【val】epoch:36/150 loss:0.3822 acc:0.8509
INFO:__main__:
【Val】:  SENS: 0.8517  SPEC: 0.8501  PPV: 0.8232  NPV: 0.8750
INFO:__main__:验证的best_acc:0.8736
INFO:__main__:----------------------------------------------------------------------------------------------------
INFO:__main__:
【train】epoch:37/150 loss:0.1801 acc:0.9289
INFO:__main__:
【val】epoch:37/150 loss:0.4073 acc:0.8509
INFO:__main__:
【Val】:  SENS: 0.8202  SPEC: 0.8760  PPV: 0.8442  NPV: 0.8561
INFO:__main__:验证的best_acc:0.8736
INFO:__main__:----------------------------------------------------------------------------------------------------
INFO:__main__:
【train】epoch:38/150 loss:0.1799 acc:0.9295
INFO:__main__:
【val】epoch:38/150 loss:0.3787 acc:0.8551
INFO:__main__:
【Val】:  SENS: 0.8202  SPEC: 0.8837  PPV: 0.8525  NPV: 0.8571
INFO:__main__:验证的best_acc:0.8736
INFO:__main__:----------------------------------------------------------------------------------------------------
INFO:__main__:
【train】epoch:39/150 loss:0.1660 acc:0.9377
INFO:__main__:
【val】epoch:39/150 loss:0.3460 acc:0.8764
INFO:__main__:
【Val】:  SENS: 0.8297  SPEC: 0.9147  PPV: 0.8885  NPV: 0.8676
INFO:__main__:验证的best_acc:0.8764
INFO:__main__:----------------------------------------------------------------------------------------------------
INFO:__main__:
【train】epoch:40/150 loss:0.1602 acc:0.9389
INFO:__main__:
【val】epoch:40/150 loss:0.3763 acc:0.8594
INFO:__main__:
【Val】:  SENS: 0.8328  SPEC: 0.8811  PPV: 0.8516  NPV: 0.8655
INFO:__main__:验证的best_acc:0.8764
INFO:__main__:----------------------------------------------------------------------------------------------------
INFO:__main__:
【train】epoch:41/150 loss:0.1532 acc:0.9408
INFO:__main__:
【val】epoch:41/150 loss:0.3632 acc:0.8594
INFO:__main__:
【Val】:  SENS: 0.8265  SPEC: 0.8863  PPV: 0.8562  NPV: 0.8618
INFO:__main__:验证的best_acc:0.8764
INFO:__main__:----------------------------------------------------------------------------------------------------
INFO:__main__:
【train】epoch:42/150 loss:0.1592 acc:0.9365
INFO:__main__:
【val】epoch:42/150 loss:0.3701 acc:0.8679
INFO:__main__:
【Val】:  SENS: 0.8549  SPEC: 0.8786  PPV: 0.8522  NPV: 0.8808
INFO:__main__:验证的best_acc:0.8764
INFO:__main__:----------------------------------------------------------------------------------------------------
INFO:__main__:
【train】epoch:43/150 loss:0.1543 acc:0.9424
INFO:__main__:
【val】epoch:43/150 loss:0.3579 acc:0.8722
INFO:__main__:
【Val】:  SENS: 0.8580  SPEC: 0.8837  PPV: 0.8580  NPV: 0.8837
INFO:__main__:验证的best_acc:0.8764
INFO:__main__:----------------------------------------------------------------------------------------------------
INFO:__main__:
【train】epoch:44/150 loss:0.1464 acc:0.9440
INFO:__main__:
【val】epoch:44/150 loss:0.3855 acc:0.8651
INFO:__main__:
【Val】:  SENS: 0.8423  SPEC: 0.8837  PPV: 0.8558  NPV: 0.8724
INFO:__main__:验证的best_acc:0.8764
INFO:__main__:----------------------------------------------------------------------------------------------------
INFO:__main__:
【train】epoch:45/150 loss:0.1425 acc:0.9461
INFO:__main__:
【val】epoch:45/150 loss:0.4670 acc:0.8636
INFO:__main__:
【Val】:  SENS: 0.8486  SPEC: 0.8760  PPV: 0.8486  NPV: 0.8760
INFO:__main__:验证的best_acc:0.8764
INFO:__main__:----------------------------------------------------------------------------------------------------
INFO:__main__:
【train】epoch:46/150 loss:0.1461 acc:0.9413
INFO:__main__:
【val】epoch:46/150 loss:0.3744 acc:0.8622
INFO:__main__:
【Val】:  SENS: 0.8486  SPEC: 0.8734  PPV: 0.8459  NPV: 0.8756
INFO:__main__:验证的best_acc:0.8764
INFO:__main__:----------------------------------------------------------------------------------------------------
INFO:__main__:
【train】epoch:47/150 loss:0.1428 acc:0.9448
INFO:__main__:
【val】epoch:47/150 loss:0.4133 acc:0.8537
INFO:__main__:
【Val】:  SENS: 0.8170  SPEC: 0.8837  PPV: 0.8520  NPV: 0.8550
INFO:__main__:验证的best_acc:0.8764
INFO:__main__:----------------------------------------------------------------------------------------------------
INFO:__main__:
【train】epoch:48/150 loss:0.1501 acc:0.9392
INFO:__main__:
【val】epoch:48/150 loss:0.4132 acc:0.8551
INFO:__main__:
【Val】:  SENS: 0.8517  SPEC: 0.8579  PPV: 0.8308  NPV: 0.8760
INFO:__main__:验证的best_acc:0.8764
INFO:__main__:----------------------------------------------------------------------------------------------------
INFO:__main__:
【train】epoch:49/150 loss:0.1425 acc:0.9448
INFO:__main__:
【val】epoch:49/150 loss:0.4429 acc:0.8636
INFO:__main__:
【Val】:  SENS: 0.8580  SPEC: 0.8682  PPV: 0.8421  NPV: 0.8819
INFO:__main__:验证的best_acc:0.8764
INFO:__main__:----------------------------------------------------------------------------------------------------
INFO:__main__:
【train】epoch:50/150 loss:0.1336 acc:0.9461
INFO:__main__:
【val】epoch:50/150 loss:0.3941 acc:0.8651
INFO:__main__:
【Val】:  SENS: 0.8486  SPEC: 0.8786  PPV: 0.8513  NPV: 0.8763
INFO:__main__:验证的best_acc:0.8764
INFO:__main__:----------------------------------------------------------------------------------------------------
INFO:__main__:
【train】epoch:51/150 loss:0.1324 acc:0.9480
INFO:__main__:
【val】epoch:51/150 loss:0.4329 acc:0.8594
INFO:__main__:
【Val】:  SENS: 0.8644  SPEC: 0.8553  PPV: 0.8303  NPV: 0.8850
INFO:__main__:验证的best_acc:0.8764
INFO:__main__:----------------------------------------------------------------------------------------------------
INFO:__main__:
【train】epoch:52/150 loss:0.1267 acc:0.9539
INFO:__main__:
【val】epoch:52/150 loss:0.4532 acc:0.8466
INFO:__main__:
【Val】:  SENS: 0.8044  SPEC: 0.8811  PPV: 0.8472  NPV: 0.8462
INFO:__main__:验证的best_acc:0.8764
INFO:__main__:----------------------------------------------------------------------------------------------------
INFO:__main__:
【train】epoch:53/150 loss:0.1262 acc:0.9499
INFO:__main__:
【val】epoch:53/150 loss:0.4921 acc:0.8580
INFO:__main__:
【Val】:  SENS: 0.8391  SPEC: 0.8734  PPV: 0.8444  NPV: 0.8689
INFO:__main__:验证的best_acc:0.8764
INFO:__main__:----------------------------------------------------------------------------------------------------
INFO:__main__:
【train】epoch:54/150 loss:0.1259 acc:0.9515
INFO:__main__:
【val】epoch:54/150 loss:0.4672 acc:0.8509
INFO:__main__:
【Val】:  SENS: 0.7981  SPEC: 0.8941  PPV: 0.8605  NPV: 0.8439
INFO:__main__:验证的best_acc:0.8764
INFO:__main__:----------------------------------------------------------------------------------------------------
INFO:__main__:
【train】epoch:55/150 loss:0.1222 acc:0.9525
INFO:__main__:
【val】epoch:55/150 loss:0.4596 acc:0.8537
INFO:__main__:
【Val】:  SENS: 0.8644  SPEC: 0.8450  PPV: 0.8204  NPV: 0.8838
INFO:__main__:验证的best_acc:0.8764
INFO:__main__:----------------------------------------------------------------------------------------------------
INFO:__main__:
【train】epoch:56/150 loss:0.1167 acc:0.9516
INFO:__main__:
【val】epoch:56/150 loss:0.4026 acc:0.8679
INFO:__main__:
【Val】:  SENS: 0.8612  SPEC: 0.8734  PPV: 0.8478  NPV: 0.8848
INFO:__main__:验证的best_acc:0.8764
INFO:__main__:----------------------------------------------------------------------------------------------------
INFO:__main__:
【train】epoch:57/150 loss:0.1189 acc:0.9529
INFO:__main__:
【val】epoch:57/150 loss:0.4350 acc:0.8580
INFO:__main__:
【Val】:  SENS: 0.8423  SPEC: 0.8708  PPV: 0.8423  NPV: 0.8708
INFO:__main__:验证的best_acc:0.8764
INFO:__main__:----------------------------------------------------------------------------------------------------
INFO:__main__:
【train】epoch:58/150 loss:0.1166 acc:0.9548
INFO:__main__:
【val】epoch:58/150 loss:0.4362 acc:0.8722
INFO:__main__:
【Val】:  SENS: 0.8770  SPEC: 0.8682  PPV: 0.8450  NPV: 0.8960
INFO:__main__:验证的best_acc:0.8764
INFO:__main__:----------------------------------------------------------------------------------------------------
INFO:__main__:
【train】epoch:59/150 loss:0.1098 acc:0.9578
INFO:__main__:
【val】epoch:59/150 loss:0.5148 acc:0.8665
INFO:__main__:
【Val】:  SENS: 0.9085  SPEC: 0.8320  PPV: 0.8159  NPV: 0.9174
INFO:__main__:验证的best_acc:0.8764
INFO:__main__:----------------------------------------------------------------------------------------------------
INFO:__main__:
【train】epoch:60/150 loss:0.1028 acc:0.9591
INFO:__main__:
【val】epoch:60/150 loss:0.4501 acc:0.8580
INFO:__main__:
【Val】:  SENS: 0.8738  SPEC: 0.8450  PPV: 0.8220  NPV: 0.8910
INFO:__main__:验证的best_acc:0.8764
INFO:__main__:----------------------------------------------------------------------------------------------------
INFO:__main__:
【train】epoch:61/150 loss:0.1052 acc:0.9591
INFO:__main__:
【val】epoch:61/150 loss:0.4575 acc:0.8537
INFO:__main__:
【Val】:  SENS: 0.8486  SPEC: 0.8579  PPV: 0.8302  NPV: 0.8737
INFO:__main__:验证的best_acc:0.8764
INFO:__main__:----------------------------------------------------------------------------------------------------
INFO:__main__:
【train】epoch:62/150 loss:0.0973 acc:0.9621
INFO:__main__:
【val】epoch:62/150 loss:0.4494 acc:0.8651
INFO:__main__:
【Val】:  SENS: 0.8675  SPEC: 0.8630  PPV: 0.8384  NPV: 0.8883
INFO:__main__:验证的best_acc:0.8764
INFO:__main__:----------------------------------------------------------------------------------------------------
INFO:__main__:
【train】epoch:63/150 loss:0.1060 acc:0.9609
INFO:__main__:
【val】epoch:63/150 loss:0.4822 acc:0.8722
INFO:__main__:
【Val】:  SENS: 0.8770  SPEC: 0.8682  PPV: 0.8450  NPV: 0.8960
INFO:__main__:验证的best_acc:0.8764
INFO:__main__:----------------------------------------------------------------------------------------------------
INFO:__main__:
【train】epoch:64/150 loss:0.1112 acc:0.9567
INFO:__main__:
【val】epoch:64/150 loss:0.4327 acc:0.8636
INFO:__main__:
【Val】:  SENS: 0.8423  SPEC: 0.8811  PPV: 0.8530  NPV: 0.8721
INFO:__main__:验证的best_acc:0.8764
INFO:__main__:----------------------------------------------------------------------------------------------------
INFO:__main__:
【train】epoch:65/150 loss:0.0939 acc:0.9651
INFO:__main__:
【val】epoch:65/150 loss:0.5220 acc:0.8665
INFO:__main__:
【Val】:  SENS: 0.8707  SPEC: 0.8630  PPV: 0.8389  NPV: 0.8907
INFO:__main__:验证的best_acc:0.8764
INFO:__main__:----------------------------------------------------------------------------------------------------
INFO:__main__:
【train】epoch:66/150 loss:0.0970 acc:0.9630
INFO:__main__:
【val】epoch:66/150 loss:0.5032 acc:0.8665
INFO:__main__:
【Val】:  SENS: 0.8738  SPEC: 0.8605  PPV: 0.8369  NPV: 0.8928
INFO:__main__:验证的best_acc:0.8764
INFO:__main__:----------------------------------------------------------------------------------------------------
INFO:__main__:
【train】epoch:67/150 loss:0.0929 acc:0.9647
INFO:__main__:
【val】epoch:67/150 loss:0.4744 acc:0.8438
INFO:__main__:
【Val】:  SENS: 0.8391  SPEC: 0.8475  PPV: 0.8185  NPV: 0.8654
INFO:__main__:验证的best_acc:0.8764
INFO:__main__:----------------------------------------------------------------------------------------------------
INFO:__main__:
【train】epoch:68/150 loss:0.0977 acc:0.9611
INFO:__main__:
【val】epoch:68/150 loss:0.4571 acc:0.8580
INFO:__main__:
【Val】:  SENS: 0.8644  SPEC: 0.8527  PPV: 0.8278  NPV: 0.8847
INFO:__main__:验证的best_acc:0.8764
INFO:__main__:----------------------------------------------------------------------------------------------------
INFO:__main__:
【train】epoch:69/150 loss:0.0929 acc:0.9626
INFO:__main__:
【val】epoch:69/150 loss:0.4674 acc:0.8651
INFO:__main__:
【Val】:  SENS: 0.8486  SPEC: 0.8786  PPV: 0.8513  NPV: 0.8763
INFO:__main__:验证的best_acc:0.8764
INFO:__main__:----------------------------------------------------------------------------------------------------
INFO:__main__:
【train】epoch:70/150 loss:0.0999 acc:0.9584
INFO:__main__:
【val】epoch:70/150 loss:0.4277 acc:0.8665
INFO:__main__:
【Val】:  SENS: 0.8454  SPEC: 0.8837  PPV: 0.8562  NPV: 0.8747
INFO:__main__:验证的best_acc:0.8764
INFO:__main__:----------------------------------------------------------------------------------------------------
INFO:__main__:
【train】epoch:71/150 loss:0.0829 acc:0.9686
INFO:__main__:
【val】epoch:71/150 loss:0.4331 acc:0.8722
INFO:__main__:
【Val】:  SENS: 0.8517  SPEC: 0.8889  PPV: 0.8626  NPV: 0.8798
INFO:__main__:验证的best_acc:0.8764
INFO:__main__:----------------------------------------------------------------------------------------------------
INFO:__main__:
【train】epoch:72/150 loss:0.0807 acc:0.9700
INFO:__main__:
【val】epoch:72/150 loss:0.5161 acc:0.8707
INFO:__main__:
【Val】:  SENS: 0.9022  SPEC: 0.8450  PPV: 0.8266  NPV: 0.9134
INFO:__main__:验证的best_acc:0.8764
INFO:__main__:----------------------------------------------------------------------------------------------------
INFO:__main__:
【train】epoch:73/150 loss:0.0933 acc:0.9656
INFO:__main__:
【val】epoch:73/150 loss:0.4789 acc:0.8736
INFO:__main__:
【Val】:  SENS: 0.8738  SPEC: 0.8734  PPV: 0.8497  NPV: 0.8942
INFO:__main__:验证的best_acc:0.8764
INFO:__main__:----------------------------------------------------------------------------------------------------
INFO:__main__:
【train】epoch:74/150 loss:0.0868 acc:0.9660
INFO:__main__:
【val】epoch:74/150 loss:0.4766 acc:0.8793
INFO:__main__:
【Val】:  SENS: 0.8833  SPEC: 0.8760  PPV: 0.8537  NPV: 0.9016
INFO:__main__:验证的best_acc:0.8793
INFO:__main__:----------------------------------------------------------------------------------------------------
INFO:__main__:
【train】epoch:75/150 loss:0.0852 acc:0.9675
INFO:__main__:
【val】epoch:75/150 loss:0.4687 acc:0.8679
INFO:__main__:
【Val】:  SENS: 0.8454  SPEC: 0.8863  PPV: 0.8590  NPV: 0.8750
INFO:__main__:验证的best_acc:0.8793
INFO:__main__:----------------------------------------------------------------------------------------------------
INFO:__main__:
【train】epoch:76/150 loss:0.0801 acc:0.9708
INFO:__main__:
【val】epoch:76/150 loss:0.4742 acc:0.8821
INFO:__main__:
【Val】:  SENS: 0.8833  SPEC: 0.8811  PPV: 0.8589  NPV: 0.9021
INFO:__main__:验证的best_acc:0.8821
INFO:__main__:----------------------------------------------------------------------------------------------------
INFO:__main__:
【train】epoch:77/150 loss:0.0817 acc:0.9679
INFO:__main__:
【val】epoch:77/150 loss:0.5139 acc:0.8651
INFO:__main__:
【Val】:  SENS: 0.8644  SPEC: 0.8656  PPV: 0.8405  NPV: 0.8862
INFO:__main__:验证的best_acc:0.8821
INFO:__main__:----------------------------------------------------------------------------------------------------
INFO:__main__:
【train】epoch:78/150 loss:0.0726 acc:0.9717
INFO:__main__:
【val】epoch:78/150 loss:0.4954 acc:0.8778
INFO:__main__:
【Val】:  SENS: 0.8360  SPEC: 0.9121  PPV: 0.8863  NPV: 0.8716
INFO:__main__:验证的best_acc:0.8821
INFO:__main__:----------------------------------------------------------------------------------------------------
INFO:__main__:
【train】epoch:79/150 loss:0.0742 acc:0.9707
INFO:__main__:
【val】epoch:79/150 loss:0.5362 acc:0.8693
INFO:__main__:
【Val】:  SENS: 0.8833  SPEC: 0.8579  PPV: 0.8358  NPV: 0.8997
INFO:__main__:验证的best_acc:0.8821
INFO:__main__:----------------------------------------------------------------------------------------------------
INFO:__main__:
【train】epoch:80/150 loss:0.0627 acc:0.9768
INFO:__main__:
【val】epoch:80/150 loss:0.5016 acc:0.8693
INFO:__main__:
【Val】:  SENS: 0.8580  SPEC: 0.8786  PPV: 0.8527  NPV: 0.8831
INFO:__main__:验证的best_acc:0.8821
INFO:__main__:----------------------------------------------------------------------------------------------------
INFO:__main__:
【train】epoch:81/150 loss:0.0717 acc:0.9719
INFO:__main__:
【val】epoch:81/150 loss:0.4847 acc:0.8750
INFO:__main__:
【Val】:  SENS: 0.8833  SPEC: 0.8682  PPV: 0.8459  NPV: 0.9008
INFO:__main__:验证的best_acc:0.8821
INFO:__main__:----------------------------------------------------------------------------------------------------
INFO:__main__:
【train】epoch:82/150 loss:0.0772 acc:0.9694
INFO:__main__:
【val】epoch:82/150 loss:0.4717 acc:0.8736
INFO:__main__:
【Val】:  SENS: 0.8644  SPEC: 0.8811  PPV: 0.8562  NPV: 0.8880
INFO:__main__:验证的best_acc:0.8821
INFO:__main__:----------------------------------------------------------------------------------------------------
INFO:__main__:
【train】epoch:83/150 loss:0.0681 acc:0.9750
INFO:__main__:
【val】epoch:83/150 loss:0.5285 acc:0.8580
INFO:__main__:
【Val】:  SENS: 0.8770  SPEC: 0.8424  PPV: 0.8201  NPV: 0.8932
INFO:__main__:验证的best_acc:0.8821
INFO:__main__:----------------------------------------------------------------------------------------------------
INFO:__main__:
【train】epoch:84/150 loss:0.0709 acc:0.9722
INFO:__main__:
【val】epoch:84/150 loss:0.4895 acc:0.8764
INFO:__main__:
【Val】:  SENS: 0.8612  SPEC: 0.8889  PPV: 0.8639  NPV: 0.8866
INFO:__main__:验证的best_acc:0.8821
INFO:__main__:----------------------------------------------------------------------------------------------------
INFO:__main__:
【train】epoch:85/150 loss:0.0709 acc:0.9724
INFO:__main__:
【val】epoch:85/150 loss:0.4943 acc:0.8679
INFO:__main__:
【Val】:  SENS: 0.8612  SPEC: 0.8734  PPV: 0.8478  NPV: 0.8848
INFO:__main__:验证的best_acc:0.8821
INFO:__main__:----------------------------------------------------------------------------------------------------
INFO:__main__:
【train】epoch:86/150 loss:0.0579 acc:0.9791
INFO:__main__:
【val】epoch:86/150 loss:0.5889 acc:0.8736
INFO:__main__:
【Val】:  SENS: 0.8833  SPEC: 0.8656  PPV: 0.8434  NPV: 0.9005
INFO:__main__:验证的best_acc:0.8821
INFO:__main__:----------------------------------------------------------------------------------------------------
INFO:__main__:
【train】epoch:87/150 loss:0.0560 acc:0.9804
INFO:__main__:
【val】epoch:87/150 loss:0.5540 acc:0.8494
INFO:__main__:
【Val】:  SENS: 0.8423  SPEC: 0.8553  PPV: 0.8266  NPV: 0.8688
INFO:__main__:验证的best_acc:0.8821
INFO:__main__:----------------------------------------------------------------------------------------------------
INFO:__main__:
【train】epoch:88/150 loss:0.0648 acc:0.9750
INFO:__main__:
【val】epoch:88/150 loss:0.5293 acc:0.8778
INFO:__main__:
【Val】:  SENS: 0.8738  SPEC: 0.8811  PPV: 0.8576  NPV: 0.8950
INFO:__main__:验证的best_acc:0.8821
INFO:__main__:----------------------------------------------------------------------------------------------------
INFO:__main__:
【train】epoch:89/150 loss:0.0541 acc:0.9811
INFO:__main__:
【val】epoch:89/150 loss:0.5550 acc:0.8778
INFO:__main__:
【Val】:  SENS: 0.8959  SPEC: 0.8630  PPV: 0.8427  NPV: 0.9101
INFO:__main__:验证的best_acc:0.8821
INFO:__main__:----------------------------------------------------------------------------------------------------
INFO:__main__:
【train】epoch:90/150 loss:0.0531 acc:0.9794
INFO:__main__:
【val】epoch:90/150 loss:0.5419 acc:0.8722
INFO:__main__:
【Val】:  SENS: 0.8644  SPEC: 0.8786  PPV: 0.8536  NPV: 0.8877
INFO:__main__:验证的best_acc:0.8821
INFO:__main__:----------------------------------------------------------------------------------------------------
INFO:__main__:
【train】epoch:91/150 loss:0.0574 acc:0.9785
INFO:__main__:
【val】epoch:91/150 loss:0.5233 acc:0.8722
INFO:__main__:
【Val】:  SENS: 0.8612  SPEC: 0.8811  PPV: 0.8558  NPV: 0.8857
INFO:__main__:验证的best_acc:0.8821
INFO:__main__:----------------------------------------------------------------------------------------------------
INFO:__main__:
【train】epoch:92/150 loss:0.0531 acc:0.9801
INFO:__main__:
【val】epoch:92/150 loss:0.5111 acc:0.8778
INFO:__main__:
【Val】:  SENS: 0.8644  SPEC: 0.8889  PPV: 0.8644  NPV: 0.8889
INFO:__main__:验证的best_acc:0.8821
INFO:__main__:----------------------------------------------------------------------------------------------------
INFO:__main__:
【train】epoch:93/150 loss:0.0586 acc:0.9768
INFO:__main__:
【val】epoch:93/150 loss:0.5154 acc:0.8750
INFO:__main__:
【Val】:  SENS: 0.8896  SPEC: 0.8630  PPV: 0.8418  NPV: 0.9051
INFO:__main__:验证的best_acc:0.8821
INFO:__main__:----------------------------------------------------------------------------------------------------
INFO:__main__:
【train】epoch:94/150 loss:0.0650 acc:0.9745
INFO:__main__:
【val】epoch:94/150 loss:0.5636 acc:0.8693
INFO:__main__:
【Val】:  SENS: 0.8770  SPEC: 0.8630  PPV: 0.8399  NPV: 0.8954
INFO:__main__:验证的best_acc:0.8821
INFO:__main__:----------------------------------------------------------------------------------------------------
INFO:__main__:
【train】epoch:95/150 loss:0.0506 acc:0.9825
INFO:__main__:
【val】epoch:95/150 loss:0.5296 acc:0.8793
INFO:__main__:
【Val】:  SENS: 0.8707  SPEC: 0.8863  PPV: 0.8625  NPV: 0.8932
INFO:__main__:验证的best_acc:0.8821
INFO:__main__:----------------------------------------------------------------------------------------------------
INFO:__main__:
【train】epoch:96/150 loss:0.0569 acc:0.9785
INFO:__main__:
【val】epoch:96/150 loss:0.5487 acc:0.8793
INFO:__main__:
【Val】:  SENS: 0.8927  SPEC: 0.8682  PPV: 0.8473  NPV: 0.9081
INFO:__main__:验证的best_acc:0.8821
INFO:__main__:----------------------------------------------------------------------------------------------------
INFO:__main__:
【train】epoch:97/150 loss:0.0538 acc:0.9804
INFO:__main__:
【val】epoch:97/150 loss:0.5605 acc:0.8707
INFO:__main__:
【Val】:  SENS: 0.8864  SPEC: 0.8579  PPV: 0.8363  NPV: 0.9022
INFO:__main__:验证的best_acc:0.8821
INFO:__main__:----------------------------------------------------------------------------------------------------
INFO:__main__:
【train】epoch:98/150 loss:0.0566 acc:0.9782
INFO:__main__:
【val】epoch:98/150 loss:0.4905 acc:0.8835
INFO:__main__:
【Val】:  SENS: 0.8738  SPEC: 0.8915  PPV: 0.8683  NPV: 0.8961
INFO:__main__:验证的best_acc:0.8835
INFO:__main__:----------------------------------------------------------------------------------------------------
INFO:__main__:
【train】epoch:99/150 loss:0.0522 acc:0.9782
INFO:__main__:
【val】epoch:99/150 loss:0.5491 acc:0.8764
INFO:__main__:
【Val】:  SENS: 0.8864  SPEC: 0.8682  PPV: 0.8464  NPV: 0.9032
INFO:__main__:验证的best_acc:0.8835
INFO:__main__:----------------------------------------------------------------------------------------------------
INFO:__main__:
【train】epoch:100/150 loss:0.0413 acc:0.9852
INFO:__main__:
【val】epoch:100/150 loss:0.5734 acc:0.8608
INFO:__main__:
【Val】:  SENS: 0.8580  SPEC: 0.8630  PPV: 0.8369  NPV: 0.8813
INFO:__main__:验证的best_acc:0.8835
INFO:__main__:----------------------------------------------------------------------------------------------------
INFO:__main__:
【train】epoch:101/150 loss:0.0420 acc:0.9841
INFO:__main__:
【val】epoch:101/150 loss:0.6037 acc:0.8693
INFO:__main__:
【Val】:  SENS: 0.8549  SPEC: 0.8811  PPV: 0.8549  NPV: 0.8811
INFO:__main__:验证的best_acc:0.8835
INFO:__main__:----------------------------------------------------------------------------------------------------
INFO:__main__:
【train】epoch:102/150 loss:0.0460 acc:0.9831
INFO:__main__:
【val】epoch:102/150 loss:0.5793 acc:0.8750
INFO:__main__:
【Val】:  SENS: 0.8738  SPEC: 0.8760  PPV: 0.8523  NPV: 0.8945
INFO:__main__:验证的best_acc:0.8835
INFO:__main__:----------------------------------------------------------------------------------------------------
INFO:__main__:
【train】epoch:103/150 loss:0.0415 acc:0.9853
INFO:__main__:
【val】epoch:103/150 loss:0.5906 acc:0.8665
INFO:__main__:
【Val】:  SENS: 0.8644  SPEC: 0.8682  PPV: 0.8431  NPV: 0.8865
INFO:__main__:验证的best_acc:0.8835
INFO:__main__:----------------------------------------------------------------------------------------------------
INFO:__main__:
【train】epoch:104/150 loss:0.0420 acc:0.9839
INFO:__main__:
【val】epoch:104/150 loss:0.6028 acc:0.8764
INFO:__main__:
【Val】:  SENS: 0.8675  SPEC: 0.8837  PPV: 0.8594  NPV: 0.8906
INFO:__main__:验证的best_acc:0.8835
INFO:__main__:----------------------------------------------------------------------------------------------------
INFO:__main__:
【train】epoch:105/150 loss:0.0424 acc:0.9846
INFO:__main__:
【val】epoch:105/150 loss:0.6094 acc:0.8722
INFO:__main__:
【Val】:  SENS: 0.8707  SPEC: 0.8734  PPV: 0.8492  NPV: 0.8918
INFO:__main__:验证的best_acc:0.8835
INFO:__main__:----------------------------------------------------------------------------------------------------
INFO:__main__:
【train】epoch:106/150 loss:0.0388 acc:0.9845
INFO:__main__:
【val】epoch:106/150 loss:0.6211 acc:0.8821
INFO:__main__:
【Val】:  SENS: 0.8738  SPEC: 0.8889  PPV: 0.8656  NPV: 0.8958
INFO:__main__:验证的best_acc:0.8835
INFO:__main__:----------------------------------------------------------------------------------------------------
INFO:__main__:
【train】epoch:107/150 loss:0.0426 acc:0.9825
INFO:__main__:
【val】epoch:107/150 loss:0.5860 acc:0.8665
INFO:__main__:
【Val】:  SENS: 0.8675  SPEC: 0.8656  PPV: 0.8410  NPV: 0.8886
INFO:__main__:验证的best_acc:0.8835
INFO:__main__:----------------------------------------------------------------------------------------------------
INFO:__main__:
【train】epoch:108/150 loss:0.0414 acc:0.9831
INFO:__main__:
【val】epoch:108/150 loss:0.6165 acc:0.8693
INFO:__main__:
【Val】:  SENS: 0.8833  SPEC: 0.8579  PPV: 0.8358  NPV: 0.8997
INFO:__main__:验证的best_acc:0.8835
INFO:__main__:----------------------------------------------------------------------------------------------------
INFO:__main__:
【train】epoch:109/150 loss:0.0345 acc:0.9878
INFO:__main__:
【val】epoch:109/150 loss:0.5996 acc:0.8707
INFO:__main__:
【Val】:  SENS: 0.8738  SPEC: 0.8682  PPV: 0.8445  NPV: 0.8936
INFO:__main__:验证的best_acc:0.8835
INFO:__main__:----------------------------------------------------------------------------------------------------
INFO:__main__:
【train】epoch:110/150 loss:0.0413 acc:0.9843
INFO:__main__:
【val】epoch:110/150 loss:0.5685 acc:0.8849
INFO:__main__:
【Val】:  SENS: 0.8801  SPEC: 0.8889  PPV: 0.8665  NPV: 0.9005
INFO:__main__:验证的best_acc:0.8849
INFO:__main__:----------------------------------------------------------------------------------------------------
INFO:__main__:
【train】epoch:111/150 loss:0.0375 acc:0.9862
INFO:__main__:
【val】epoch:111/150 loss:0.5867 acc:0.8736
INFO:__main__:
【Val】:  SENS: 0.8770  SPEC: 0.8708  PPV: 0.8476  NPV: 0.8963
INFO:__main__:验证的best_acc:0.8849
INFO:__main__:----------------------------------------------------------------------------------------------------
INFO:__main__:
【train】epoch:112/150 loss:0.0328 acc:0.9871
INFO:__main__:
【val】epoch:112/150 loss:0.5951 acc:0.8736
INFO:__main__:
【Val】:  SENS: 0.8833  SPEC: 0.8656  PPV: 0.8434  NPV: 0.9005
INFO:__main__:验证的best_acc:0.8849
INFO:__main__:----------------------------------------------------------------------------------------------------
INFO:__main__:
【train】epoch:113/150 loss:0.0387 acc:0.9873
INFO:__main__:
【val】epoch:113/150 loss:0.5494 acc:0.8793
INFO:__main__:
【Val】:  SENS: 0.8738  SPEC: 0.8837  PPV: 0.8602  NPV: 0.8953
INFO:__main__:验证的best_acc:0.8849
INFO:__main__:----------------------------------------------------------------------------------------------------
INFO:__main__:
【train】epoch:114/150 loss:0.0412 acc:0.9841
INFO:__main__:
【val】epoch:114/150 loss:0.6099 acc:0.8679
INFO:__main__:
【Val】:  SENS: 0.8927  SPEC: 0.8475  PPV: 0.8275  NPV: 0.9061
INFO:__main__:验证的best_acc:0.8849
INFO:__main__:----------------------------------------------------------------------------------------------------
INFO:__main__:
【train】epoch:115/150 loss:0.0405 acc:0.9853
INFO:__main__:
【val】epoch:115/150 loss:0.5721 acc:0.8722
INFO:__main__:
【Val】:  SENS: 0.8896  SPEC: 0.8579  PPV: 0.8368  NPV: 0.9046
INFO:__main__:验证的best_acc:0.8849
INFO:__main__:----------------------------------------------------------------------------------------------------
INFO:__main__:
【train】epoch:116/150 loss:0.0375 acc:0.9883
INFO:__main__:
【val】epoch:116/150 loss:0.5237 acc:0.8793
INFO:__main__:
【Val】:  SENS: 0.8644  SPEC: 0.8915  PPV: 0.8671  NPV: 0.8892
INFO:__main__:验证的best_acc:0.8849
INFO:__main__:----------------------------------------------------------------------------------------------------
INFO:__main__:
【train】epoch:117/150 loss:0.0335 acc:0.9871
INFO:__main__:
【val】epoch:117/150 loss:0.5678 acc:0.8835
INFO:__main__:
【Val】:  SENS: 0.8896  SPEC: 0.8786  PPV: 0.8571  NPV: 0.9067
INFO:__main__:验证的best_acc:0.8849
INFO:__main__:----------------------------------------------------------------------------------------------------
INFO:__main__:
【train】epoch:118/150 loss:0.0356 acc:0.9867
INFO:__main__:
【val】epoch:118/150 loss:0.5555 acc:0.8835
INFO:__main__:
【Val】:  SENS: 0.8896  SPEC: 0.8786  PPV: 0.8571  NPV: 0.9067
INFO:__main__:验证的best_acc:0.8849
INFO:__main__:----------------------------------------------------------------------------------------------------
INFO:__main__:
【train】epoch:119/150 loss:0.0275 acc:0.9888
INFO:__main__:
【val】epoch:119/150 loss:0.6170 acc:0.8778
INFO:__main__:
【Val】:  SENS: 0.8896  SPEC: 0.8682  PPV: 0.8468  NPV: 0.9057
INFO:__main__:验证的best_acc:0.8849
INFO:__main__:----------------------------------------------------------------------------------------------------
INFO:__main__:
【train】epoch:120/150 loss:0.0250 acc:0.9902
INFO:__main__:
【val】epoch:120/150 loss:0.5886 acc:0.8793
INFO:__main__:
【Val】:  SENS: 0.8927  SPEC: 0.8682  PPV: 0.8473  NPV: 0.9081
INFO:__main__:验证的best_acc:0.8849
INFO:__main__:----------------------------------------------------------------------------------------------------
INFO:__main__:
【train】epoch:121/150 loss:0.0305 acc:0.9888
INFO:__main__:
【val】epoch:121/150 loss:0.6141 acc:0.8750
INFO:__main__:
【Val】:  SENS: 0.8991  SPEC: 0.8553  PPV: 0.8358  NPV: 0.9118
INFO:__main__:验证的best_acc:0.8849
INFO:__main__:----------------------------------------------------------------------------------------------------
INFO:__main__:
【train】epoch:122/150 loss:0.0253 acc:0.9911
INFO:__main__:
【val】epoch:122/150 loss:0.6388 acc:0.8793
INFO:__main__:
【Val】:  SENS: 0.8991  SPEC: 0.8630  PPV: 0.8432  NPV: 0.9126
INFO:__main__:验证的best_acc:0.8849
INFO:__main__:----------------------------------------------------------------------------------------------------
INFO:__main__:
【train】epoch:123/150 loss:0.0273 acc:0.9897
INFO:__main__:
【val】epoch:123/150 loss:0.6237 acc:0.8778
INFO:__main__:
【Val】:  SENS: 0.8959  SPEC: 0.8630  PPV: 0.8427  NPV: 0.9101
INFO:__main__:验证的best_acc:0.8849
INFO:__main__:----------------------------------------------------------------------------------------------------
INFO:__main__:
【train】epoch:124/150 loss:0.0316 acc:0.9887
INFO:__main__:
【val】epoch:124/150 loss:0.6382 acc:0.8750
INFO:__main__:
【Val】:  SENS: 0.8864  SPEC: 0.8656  PPV: 0.8438  NPV: 0.9030
INFO:__main__:验证的best_acc:0.8849
INFO:__main__:----------------------------------------------------------------------------------------------------
INFO:__main__:
【train】epoch:125/150 loss:0.0237 acc:0.9914
INFO:__main__:
【val】epoch:125/150 loss:0.6847 acc:0.8807
INFO:__main__:
【Val】:  SENS: 0.8991  SPEC: 0.8656  PPV: 0.8457  NPV: 0.9128
INFO:__main__:验证的best_acc:0.8849
INFO:__main__:----------------------------------------------------------------------------------------------------
INFO:__main__:
【train】epoch:126/150 loss:0.0264 acc:0.9913
INFO:__main__:
【val】epoch:126/150 loss:0.6774 acc:0.8793
INFO:__main__:
【Val】:  SENS: 0.8896  SPEC: 0.8708  PPV: 0.8494  NPV: 0.9059
INFO:__main__:验证的best_acc:0.8849
INFO:__main__:----------------------------------------------------------------------------------------------------
INFO:__main__:
【train】epoch:127/150 loss:0.0271 acc:0.9902
INFO:__main__:
【val】epoch:127/150 loss:0.6977 acc:0.8778
INFO:__main__:
【Val】:  SENS: 0.8770  SPEC: 0.8786  PPV: 0.8554  NPV: 0.8971
INFO:__main__:验证的best_acc:0.8849
INFO:__main__:----------------------------------------------------------------------------------------------------
INFO:__main__:
【train】epoch:128/150 loss:0.0366 acc:0.9839
INFO:__main__:
【val】epoch:128/150 loss:0.6785 acc:0.8722
INFO:__main__:
【Val】:  SENS: 0.8801  SPEC: 0.8656  PPV: 0.8429  NPV: 0.8981
INFO:__main__:验证的best_acc:0.8849
INFO:__main__:----------------------------------------------------------------------------------------------------
INFO:__main__:
【train】epoch:129/150 loss:0.0325 acc:0.9869
INFO:__main__:
【val】epoch:129/150 loss:0.6357 acc:0.8736
INFO:__main__:
【Val】:  SENS: 0.8864  SPEC: 0.8630  PPV: 0.8413  NPV: 0.9027
INFO:__main__:验证的best_acc:0.8849
INFO:__main__:----------------------------------------------------------------------------------------------------
INFO:__main__:
【train】epoch:130/150 loss:0.0257 acc:0.9892
INFO:__main__:
【val】epoch:130/150 loss:0.6812 acc:0.8793
INFO:__main__:
【Val】:  SENS: 0.8927  SPEC: 0.8682  PPV: 0.8473  NPV: 0.9081
INFO:__main__:验证的best_acc:0.8849
INFO:__main__:----------------------------------------------------------------------------------------------------
INFO:__main__:
【train】epoch:131/150 loss:0.0277 acc:0.9899
INFO:__main__:
【val】epoch:131/150 loss:0.6437 acc:0.8722
INFO:__main__:
【Val】:  SENS: 0.8801  SPEC: 0.8656  PPV: 0.8429  NPV: 0.8981
INFO:__main__:验证的best_acc:0.8849
INFO:__main__:----------------------------------------------------------------------------------------------------
INFO:__main__:
【train】epoch:132/150 loss:0.0294 acc:0.9887
INFO:__main__:
【val】epoch:132/150 loss:0.6317 acc:0.8778
INFO:__main__:
【Val】:  SENS: 0.8770  SPEC: 0.8786  PPV: 0.8554  NPV: 0.8971
INFO:__main__:验证的best_acc:0.8849
INFO:__main__:----------------------------------------------------------------------------------------------------
INFO:__main__:
【train】epoch:133/150 loss:0.0230 acc:0.9920
INFO:__main__:
【val】epoch:133/150 loss:0.6325 acc:0.8793
INFO:__main__:
【Val】:  SENS: 0.8801  SPEC: 0.8786  PPV: 0.8558  NPV: 0.8995
INFO:__main__:验证的best_acc:0.8849
INFO:__main__:----------------------------------------------------------------------------------------------------
INFO:__main__:
【train】epoch:134/150 loss:0.0282 acc:0.9900
INFO:__main__:
【val】epoch:134/150 loss:0.6427 acc:0.8736
INFO:__main__:
【Val】:  SENS: 0.8675  SPEC: 0.8786  PPV: 0.8540  NPV: 0.8901
INFO:__main__:验证的best_acc:0.8849
INFO:__main__:----------------------------------------------------------------------------------------------------
INFO:__main__:
【train】epoch:135/150 loss:0.0233 acc:0.9918
INFO:__main__:
【val】epoch:135/150 loss:0.6634 acc:0.8793
INFO:__main__:
【Val】:  SENS: 0.8864  SPEC: 0.8734  PPV: 0.8515  NPV: 0.9037
INFO:__main__:验证的best_acc:0.8849
INFO:__main__:----------------------------------------------------------------------------------------------------
INFO:__main__:
【train】epoch:136/150 loss:0.0234 acc:0.9923
INFO:__main__:
【val】epoch:136/150 loss:0.6666 acc:0.8764
INFO:__main__:
【Val】:  SENS: 0.8801  SPEC: 0.8734  PPV: 0.8506  NPV: 0.8989
INFO:__main__:验证的best_acc:0.8849
INFO:__main__:----------------------------------------------------------------------------------------------------
INFO:__main__:
【train】epoch:137/150 loss:0.0234 acc:0.9907
INFO:__main__:
【val】epoch:137/150 loss:0.6253 acc:0.8764
INFO:__main__:
【Val】:  SENS: 0.8738  SPEC: 0.8786  PPV: 0.8549  NPV: 0.8947
INFO:__main__:验证的best_acc:0.8849
INFO:__main__:----------------------------------------------------------------------------------------------------
INFO:__main__:
【train】epoch:138/150 loss:0.0209 acc:0.9930
INFO:__main__:
【val】epoch:138/150 loss:0.6362 acc:0.8835
INFO:__main__:
【Val】:  SENS: 0.8738  SPEC: 0.8915  PPV: 0.8683  NPV: 0.8961
INFO:__main__:验证的best_acc:0.8849
INFO:__main__:----------------------------------------------------------------------------------------------------
INFO:__main__:
【train】epoch:139/150 loss:0.0230 acc:0.9909
INFO:__main__:
【val】epoch:139/150 loss:0.6381 acc:0.8835
INFO:__main__:
【Val】:  SENS: 0.8770  SPEC: 0.8889  PPV: 0.8660  NPV: 0.8982
INFO:__main__:验证的best_acc:0.8849
INFO:__main__:----------------------------------------------------------------------------------------------------
INFO:__main__:
【train】epoch:140/150 loss:0.0169 acc:0.9941
INFO:__main__:
【val】epoch:140/150 loss:0.6572 acc:0.8906
INFO:__main__:
【Val】:  SENS: 0.8959  SPEC: 0.8863  PPV: 0.8659  NPV: 0.9122
INFO:__main__:验证的best_acc:0.8906
INFO:__main__:----------------------------------------------------------------------------------------------------
INFO:__main__:
【train】epoch:141/150 loss:0.0209 acc:0.9941
INFO:__main__:
【val】epoch:141/150 loss:0.6620 acc:0.8807
INFO:__main__:
【Val】:  SENS: 0.8864  SPEC: 0.8760  PPV: 0.8541  NPV: 0.9040
INFO:__main__:验证的best_acc:0.8906
INFO:__main__:----------------------------------------------------------------------------------------------------
INFO:__main__:
【train】epoch:142/150 loss:0.0178 acc:0.9930
INFO:__main__:
【val】epoch:142/150 loss:0.6627 acc:0.8821
INFO:__main__:
【Val】:  SENS: 0.8896  SPEC: 0.8760  PPV: 0.8545  NPV: 0.9064
INFO:__main__:验证的best_acc:0.8906
INFO:__main__:----------------------------------------------------------------------------------------------------
INFO:__main__:
【train】epoch:143/150 loss:0.0252 acc:0.9904
INFO:__main__:
【val】epoch:143/150 loss:0.6762 acc:0.8835
INFO:__main__:
【Val】:  SENS: 0.8864  SPEC: 0.8811  PPV: 0.8593  NPV: 0.9045
INFO:__main__:验证的best_acc:0.8906
INFO:__main__:----------------------------------------------------------------------------------------------------
INFO:__main__:
【train】epoch:144/150 loss:0.0162 acc:0.9948
INFO:__main__:
【val】epoch:144/150 loss:0.7064 acc:0.8849
INFO:__main__:
【Val】:  SENS: 0.8991  SPEC: 0.8734  PPV: 0.8533  NPV: 0.9135
INFO:__main__:验证的best_acc:0.8906
INFO:__main__:----------------------------------------------------------------------------------------------------
INFO:__main__:
【train】epoch:145/150 loss:0.0181 acc:0.9928
INFO:__main__:
【val】epoch:145/150 loss:0.7197 acc:0.8821
INFO:__main__:
【Val】:  SENS: 0.8927  SPEC: 0.8734  PPV: 0.8524  NPV: 0.9086
INFO:__main__:验证的best_acc:0.8906
INFO:__main__:----------------------------------------------------------------------------------------------------
INFO:__main__:
【train】epoch:146/150 loss:0.0163 acc:0.9932
INFO:__main__:
【val】epoch:146/150 loss:0.7134 acc:0.8835
INFO:__main__:
【Val】:  SENS: 0.8959  SPEC: 0.8734  PPV: 0.8529  NPV: 0.9111
INFO:__main__:验证的best_acc:0.8906
INFO:__main__:----------------------------------------------------------------------------------------------------
INFO:__main__:
【train】epoch:147/150 loss:0.0192 acc:0.9932
INFO:__main__:
【val】epoch:147/150 loss:0.7130 acc:0.8764
INFO:__main__:
【Val】:  SENS: 0.8959  SPEC: 0.8605  PPV: 0.8402  NPV: 0.9098
INFO:__main__:验证的best_acc:0.8906
INFO:__main__:----------------------------------------------------------------------------------------------------
INFO:__main__:
【train】epoch:148/150 loss:0.0210 acc:0.9920
INFO:__main__:
【val】epoch:148/150 loss:0.7206 acc:0.8793
INFO:__main__:
【Val】:  SENS: 0.8991  SPEC: 0.8630  PPV: 0.8432  NPV: 0.9126
INFO:__main__:验证的best_acc:0.8906
INFO:__main__:----------------------------------------------------------------------------------------------------
INFO:__main__:
【train】epoch:149/150 loss:0.0210 acc:0.9920
INFO:__main__:
【val】epoch:149/150 loss:0.7040 acc:0.8849
INFO:__main__:
【Val】:  SENS: 0.8864  SPEC: 0.8837  PPV: 0.8620  NPV: 0.9048
INFO:__main__:验证的best_acc:0.8906
INFO:__main__:----------------------------------------------------------------------------------------------------
INFO:__main__:****************************************************************************************************
INFO:__main__:Val_LOSS:['0.4797', '0.4511', '0.4560', '0.4468', '0.4589', '0.4016', '0.4143', '0.4124', '0.4023', '0.3790', '0.3756', '0.3830', '0.3634', '0.3863', '0.3657', '0.3675', '0.3833', '0.3747', '0.3512', '0.3233', '0.3593', '0.3396', '0.3467', '0.3795', '0.4095', '0.3267', '0.3335', '0.3935', '0.4068', '0.3932', '0.3403', '0.3257', '0.3419', '0.3374', '0.4077', '0.3705', '0.3822', '0.4073', '0.3787', '0.3460', '0.3763', '0.3632', '0.3701', '0.3579', '0.3855', '0.4670', '0.3744', '0.4133', '0.4132', '0.4429', '0.3941', '0.4329', '0.4532', '0.4921', '0.4672', '0.4596', '0.4026', '0.4350', '0.4362', '0.5148', '0.4501', '0.4575', '0.4494', '0.4822', '0.4327', '0.5220', '0.5032', '0.4744', '0.4571', '0.4674', '0.4277', '0.4331', '0.5161', '0.4789', '0.4766', '0.4687', '0.4742', '0.5139', '0.4954', '0.5362', '0.5016', '0.4847', '0.4717', '0.5285', '0.4895', '0.4943', '0.5889', '0.5540', '0.5293', '0.5550', '0.5419', '0.5233', '0.5111', '0.5154', '0.5636', '0.5296', '0.5487', '0.5605', '0.4905', '0.5491', '0.5734', '0.6037', '0.5793', '0.5906', '0.6028', '0.6094', '0.6211', '0.5860', '0.6165', '0.5996', '0.5685', '0.5867', '0.5951', '0.5494', '0.6099', '0.5721', '0.5237', '0.5678', '0.5555', '0.6170', '0.5886', '0.6141', '0.6388', '0.6237', '0.6382', '0.6847', '0.6774', '0.6977', '0.6785', '0.6357', '0.6812', '0.6437', '0.6317', '0.6325', '0.6427', '0.6634', '0.6666', '0.6253', '0.6362', '0.6381', '0.6572', '0.6620', '0.6627', '0.6762', '0.7064', '0.7197', '0.7134', '0.7130', '0.7206', '0.7040']
INFO:__main__:Val_ACC:['0.7614', '0.7969', '0.7827', '0.7997', '0.7827', '0.8224', '0.8097', '0.8139', '0.8210', '0.8310', '0.8352', '0.8224', '0.8381', '0.8239', '0.8338', '0.8338', '0.8310', '0.8381', '0.8480', '0.8608', '0.8480', '0.8551', '0.8580', '0.8551', '0.8295', '0.8736', '0.8537', '0.8551', '0.8494', '0.8438', '0.8636', '0.8551', '0.8679', '0.8537', '0.8395', '0.8537', '0.8509', '0.8509', '0.8551', '0.8764', '0.8594', '0.8594', '0.8679', '0.8722', '0.8651', '0.8636', '0.8622', '0.8537', '0.8551', '0.8636', '0.8651', '0.8594', '0.8466', '0.8580', '0.8509', '0.8537', '0.8679', '0.8580', '0.8722', '0.8665', '0.8580', '0.8537', '0.8651', '0.8722', '0.8636', '0.8665', '0.8665', '0.8438', '0.8580', '0.8651', '0.8665', '0.8722', '0.8707', '0.8736', '0.8793', '0.8679', '0.8821', '0.8651', '0.8778', '0.8693', '0.8693', '0.8750', '0.8736', '0.8580', '0.8764', '0.8679', '0.8736', '0.8494', '0.8778', '0.8778', '0.8722', '0.8722', '0.8778', '0.8750', '0.8693', '0.8793', '0.8793', '0.8707', '0.8835', '0.8764', '0.8608', '0.8693', '0.8750', '0.8665', '0.8764', '0.8722', '0.8821', '0.8665', '0.8693', '0.8707', '0.8849', '0.8736', '0.8736', '0.8793', '0.8679', '0.8722', '0.8793', '0.8835', '0.8835', '0.8778', '0.8793', '0.8750', '0.8793', '0.8778', '0.8750', '0.8807', '0.8793', '0.8778', '0.8722', '0.8736', '0.8793', '0.8722', '0.8778', '0.8793', '0.8736', '0.8793', '0.8764', '0.8764', '0.8835', '0.8835', '0.8906', '0.8807', '0.8821', '0.8835', '0.8849', '0.8821', '0.8835', '0.8764', '0.8793', '0.8849']
INFO:__main__:****************************************************************************************************
INFO:__main__: epoch0 测试test_Loss: 0.6309  test_ACC: 0.8803  
INFO:__main__:SENS: 0.8792 SPEC: 0.8813 PPV: 0.8609 NPV: 0.8972
INFO:__main__:test_Best_acc:0.8803
INFO:__main__:处理速度:260.25张图像/秒
