INFO:__main__:
【train】epoch:0/150 loss:0.5409 acc:0.7169
INFO:__main__:
【val】epoch:0/150 loss:0.5138 acc:0.7113
INFO:__main__:
【Val】:  SENS: 0.7186  SPEC: 0.7083  PPV: 0.5000  NPV: 0.8611 F1:0.5897
INFO:__main__:验证的best_acc:0.7113
INFO:__main__:----------------------------------------------------------------------------------------------------
INFO:__main__:
【train】epoch:1/150 loss:0.4871 acc:0.7542
INFO:__main__:
【val】epoch:1/150 loss:0.4305 acc:0.7850
INFO:__main__:
【Val】:  SENS: 0.6104  SPEC: 0.8559  PPV: 0.6323  NPV: 0.8440 F1:0.6211
INFO:__main__:验证的best_acc:0.7850
INFO:__main__:----------------------------------------------------------------------------------------------------
INFO:__main__:
【train】epoch:2/150 loss:0.4518 acc:0.7794
INFO:__main__:
【val】epoch:2/150 loss:0.3853 acc:0.8125
INFO:__main__:
【Val】:  SENS: 0.5541  SPEC: 0.9174  PPV: 0.7314  NPV: 0.8352 F1:0.6305
INFO:__main__:验证的best_acc:0.8125
INFO:__main__:----------------------------------------------------------------------------------------------------
INFO:__main__:
【train】epoch:3/150 loss:0.4186 acc:0.8048
INFO:__main__:
【val】epoch:3/150 loss:0.3802 acc:0.8100
INFO:__main__:
【Val】:  SENS: 0.4242  SPEC: 0.9666  PPV: 0.8376  NPV: 0.8053 F1:0.5632
INFO:__main__:验证的best_acc:0.8125
INFO:__main__:----------------------------------------------------------------------------------------------------
INFO:__main__:
【train】epoch:4/150 loss:0.3918 acc:0.8110
INFO:__main__:
【val】epoch:4/150 loss:0.3603 acc:0.8350
INFO:__main__:
【Val】:  SENS: 0.5541  SPEC: 0.9490  PPV: 0.8153  NPV: 0.8398 F1:0.6598
INFO:__main__:验证的best_acc:0.8350
INFO:__main__:----------------------------------------------------------------------------------------------------
INFO:__main__:
【train】epoch:5/150 loss:0.3528 acc:0.8409
INFO:__main__:
【val】epoch:5/150 loss:0.5379 acc:0.6938
INFO:__main__:
【Val】:  SENS: 0.9481  SPEC: 0.5905  PPV: 0.4845  NPV: 0.9655 F1:0.6413
INFO:__main__:验证的best_acc:0.8350
INFO:__main__:----------------------------------------------------------------------------------------------------
INFO:__main__:
【train】epoch:6/150 loss:0.3437 acc:0.8441
INFO:__main__:
【val】epoch:6/150 loss:0.3852 acc:0.8225
INFO:__main__:
【Val】:  SENS: 0.8182  SPEC: 0.8243  PPV: 0.6540  NPV: 0.9178 F1:0.7269
INFO:__main__:验证的best_acc:0.8350
INFO:__main__:----------------------------------------------------------------------------------------------------
INFO:__main__:
【train】epoch:7/150 loss:0.3287 acc:0.8519
INFO:__main__:
【val】epoch:7/150 loss:0.3374 acc:0.8487
INFO:__main__:
【Val】:  SENS: 0.9048  SPEC: 0.8260  PPV: 0.6786  NPV: 0.9553 F1:0.7755
INFO:__main__:验证的best_acc:0.8487
INFO:__main__:----------------------------------------------------------------------------------------------------
INFO:__main__:
【train】epoch:8/150 loss:0.3225 acc:0.8599
INFO:__main__:
【val】epoch:8/150 loss:0.3330 acc:0.8450
INFO:__main__:
【Val】:  SENS: 0.8268  SPEC: 0.8524  PPV: 0.6945  NPV: 0.9238 F1:0.7549
INFO:__main__:验证的best_acc:0.8487
INFO:__main__:----------------------------------------------------------------------------------------------------
INFO:__main__:
【train】epoch:9/150 loss:0.2930 acc:0.8694
INFO:__main__:
【val】epoch:9/150 loss:0.2873 acc:0.8788
INFO:__main__:
【Val】:  SENS: 0.6277  SPEC: 0.9807  PPV: 0.9295  NPV: 0.8665 F1:0.7494
INFO:__main__:验证的best_acc:0.8788
INFO:__main__:----------------------------------------------------------------------------------------------------
INFO:__main__:
【train】epoch:10/150 loss:0.2753 acc:0.8853
INFO:__main__:
【val】epoch:10/150 loss:0.2424 acc:0.9025
INFO:__main__:
【Val】:  SENS: 0.8658  SPEC: 0.9174  PPV: 0.8097  NPV: 0.9439 F1:0.8368
INFO:__main__:验证的best_acc:0.9025
INFO:__main__:----------------------------------------------------------------------------------------------------
INFO:__main__:
【train】epoch:11/150 loss:0.2621 acc:0.8924
INFO:__main__:
【val】epoch:11/150 loss:0.2691 acc:0.8687
INFO:__main__:
【Val】:  SENS: 0.8485  SPEC: 0.8770  PPV: 0.7368  NPV: 0.9345 F1:0.7887
INFO:__main__:验证的best_acc:0.9025
INFO:__main__:----------------------------------------------------------------------------------------------------
INFO:__main__:
【train】epoch:12/150 loss:0.2589 acc:0.8902
INFO:__main__:
【val】epoch:12/150 loss:0.2369 acc:0.9013
INFO:__main__:
【Val】:  SENS: 0.9091  SPEC: 0.8981  PPV: 0.7836  NPV: 0.9605 F1:0.8417
INFO:__main__:验证的best_acc:0.9025
INFO:__main__:----------------------------------------------------------------------------------------------------
INFO:__main__:
【train】epoch:13/150 loss:0.2433 acc:0.8992
INFO:__main__:
【val】epoch:13/150 loss:0.2321 acc:0.9087
INFO:__main__:
【Val】:  SENS: 0.8268  SPEC: 0.9420  PPV: 0.8527  NPV: 0.9306 F1:0.8396
INFO:__main__:验证的best_acc:0.9087
INFO:__main__:----------------------------------------------------------------------------------------------------
INFO:__main__:
【train】epoch:14/150 loss:0.2383 acc:0.9020
INFO:__main__:
【val】epoch:14/150 loss:0.2685 acc:0.8813
INFO:__main__:
【Val】:  SENS: 0.8312  SPEC: 0.9016  PPV: 0.7742  NPV: 0.9293 F1:0.8017
INFO:__main__:验证的best_acc:0.9087
INFO:__main__:----------------------------------------------------------------------------------------------------
INFO:__main__:
【train】epoch:15/150 loss:0.2298 acc:0.9035
INFO:__main__:
【val】epoch:15/150 loss:0.2674 acc:0.8800
INFO:__main__:
【Val】:  SENS: 0.8701  SPEC: 0.8840  PPV: 0.7528  NPV: 0.9437 F1:0.8072
INFO:__main__:验证的best_acc:0.9087
INFO:__main__:----------------------------------------------------------------------------------------------------
INFO:__main__:
【train】epoch:16/150 loss:0.2333 acc:0.9044
INFO:__main__:
【val】epoch:16/150 loss:0.2582 acc:0.8938
INFO:__main__:
【Val】:  SENS: 0.8831  SPEC: 0.8981  PPV: 0.7786  NPV: 0.9498 F1:0.8276
INFO:__main__:验证的best_acc:0.9087
INFO:__main__:----------------------------------------------------------------------------------------------------
INFO:__main__:
【train】epoch:17/150 loss:0.2246 acc:0.9059
INFO:__main__:
【val】epoch:17/150 loss:0.2607 acc:0.8938
INFO:__main__:
【Val】:  SENS: 0.8745  SPEC: 0.9016  PPV: 0.7829  NPV: 0.9465 F1:0.8262
INFO:__main__:验证的best_acc:0.9087
INFO:__main__:----------------------------------------------------------------------------------------------------
INFO:__main__:
【train】epoch:18/150 loss:0.2137 acc:0.9133
INFO:__main__:
【val】epoch:18/150 loss:0.3605 acc:0.8450
INFO:__main__:
【Val】:  SENS: 0.8745  SPEC: 0.8330  PPV: 0.6801  NPV: 0.9423 F1:0.7652
INFO:__main__:验证的best_acc:0.9087
INFO:__main__:----------------------------------------------------------------------------------------------------
INFO:__main__:
【train】epoch:19/150 loss:0.2027 acc:0.9177
INFO:__main__:
【val】epoch:19/150 loss:0.2062 acc:0.9175
INFO:__main__:
【Val】:  SENS: 0.8615  SPEC: 0.9402  PPV: 0.8541  NPV: 0.9436 F1:0.8578
INFO:__main__:验证的best_acc:0.9175
INFO:__main__:----------------------------------------------------------------------------------------------------
INFO:__main__:
【train】epoch:20/150 loss:0.1818 acc:0.9271
INFO:__main__:
【val】epoch:20/150 loss:0.4321 acc:0.8562
INFO:__main__:
【Val】:  SENS: 0.8961  SPEC: 0.8401  PPV: 0.6946  NPV: 0.9522 F1:0.7826
INFO:__main__:验证的best_acc:0.9175
INFO:__main__:----------------------------------------------------------------------------------------------------
INFO:__main__:
【train】epoch:21/150 loss:0.1779 acc:0.9241
INFO:__main__:
【val】epoch:21/150 loss:0.2697 acc:0.8913
INFO:__main__:
【Val】:  SENS: 0.8355  SPEC: 0.9139  PPV: 0.7975  NPV: 0.9319 F1:0.8161
INFO:__main__:验证的best_acc:0.9175
INFO:__main__:----------------------------------------------------------------------------------------------------
INFO:__main__:
【train】epoch:22/150 loss:0.1785 acc:0.9309
INFO:__main__:
【val】epoch:22/150 loss:0.2775 acc:0.9038
INFO:__main__:
【Val】:  SENS: 0.7446  SPEC: 0.9684  PPV: 0.9053  NPV: 0.9033 F1:0.8171
INFO:__main__:验证的best_acc:0.9175
INFO:__main__:----------------------------------------------------------------------------------------------------
INFO:__main__:
【train】epoch:23/150 loss:0.1717 acc:0.9300
INFO:__main__:
【val】epoch:23/150 loss:0.2745 acc:0.8938
INFO:__main__:
【Val】:  SENS: 0.8918  SPEC: 0.8946  PPV: 0.7744  NPV: 0.9532 F1:0.8290
INFO:__main__:验证的best_acc:0.9175
INFO:__main__:----------------------------------------------------------------------------------------------------
INFO:__main__:
【train】epoch:24/150 loss:0.1627 acc:0.9386
INFO:__main__:
【val】epoch:24/150 loss:0.2083 acc:0.9212
INFO:__main__:
【Val】:  SENS: 0.8268  SPEC: 0.9596  PPV: 0.8925  NPV: 0.9317 F1:0.8584
INFO:__main__:验证的best_acc:0.9212
INFO:__main__:----------------------------------------------------------------------------------------------------
INFO:__main__:
【train】epoch:25/150 loss:0.1630 acc:0.9343
INFO:__main__:
【val】epoch:25/150 loss:0.2968 acc:0.8925
INFO:__main__:
【Val】:  SENS: 0.8442  SPEC: 0.9121  PPV: 0.7959  NPV: 0.9351 F1:0.8193
INFO:__main__:验证的best_acc:0.9212
INFO:__main__:----------------------------------------------------------------------------------------------------
INFO:__main__:
【train】epoch:26/150 loss:0.1683 acc:0.9340
INFO:__main__:
【val】epoch:26/150 loss:0.2244 acc:0.9225
INFO:__main__:
【Val】:  SENS: 0.8701  SPEC: 0.9438  PPV: 0.8627  NPV: 0.9471 F1:0.8664
INFO:__main__:验证的best_acc:0.9225
INFO:__main__:----------------------------------------------------------------------------------------------------
INFO:__main__:
【train】epoch:27/150 loss:0.1539 acc:0.9392
INFO:__main__:
【val】epoch:27/150 loss:0.2593 acc:0.9025
INFO:__main__:
【Val】:  SENS: 0.7879  SPEC: 0.9490  PPV: 0.8626  NPV: 0.9168 F1:0.8235
INFO:__main__:验证的best_acc:0.9225
INFO:__main__:----------------------------------------------------------------------------------------------------
INFO:__main__:
【train】epoch:28/150 loss:0.1597 acc:0.9364
INFO:__main__:
【val】epoch:28/150 loss:0.2276 acc:0.9150
INFO:__main__:
【Val】:  SENS: 0.8658  SPEC: 0.9350  PPV: 0.8439  NPV: 0.9449 F1:0.8547
INFO:__main__:验证的best_acc:0.9225
INFO:__main__:----------------------------------------------------------------------------------------------------
INFO:__main__:
【train】epoch:29/150 loss:0.1410 acc:0.9467
INFO:__main__:
【val】epoch:29/150 loss:0.2401 acc:0.9200
INFO:__main__:
【Val】:  SENS: 0.9004  SPEC: 0.9279  PPV: 0.8353  NPV: 0.9583 F1:0.8667
INFO:__main__:验证的best_acc:0.9225
INFO:__main__:----------------------------------------------------------------------------------------------------
INFO:__main__:
【train】epoch:30/150 loss:0.1344 acc:0.9472
INFO:__main__:
【val】epoch:30/150 loss:0.1934 acc:0.9262
INFO:__main__:
【Val】:  SENS: 0.7749  SPEC: 0.9877  PPV: 0.9624  NPV: 0.9153 F1:0.8585
INFO:__main__:验证的best_acc:0.9262
INFO:__main__:----------------------------------------------------------------------------------------------------
INFO:__main__:
【train】epoch:31/150 loss:0.1362 acc:0.9472
INFO:__main__:
【val】epoch:31/150 loss:0.2134 acc:0.9325
INFO:__main__:
【Val】:  SENS: 0.8398  SPEC: 0.9701  PPV: 0.9194  NPV: 0.9372 F1:0.8778
INFO:__main__:验证的best_acc:0.9325
INFO:__main__:----------------------------------------------------------------------------------------------------
INFO:__main__:
【train】epoch:32/150 loss:0.1265 acc:0.9521
INFO:__main__:
【val】epoch:32/150 loss:0.1920 acc:0.9300
INFO:__main__:
【Val】:  SENS: 0.8874  SPEC: 0.9473  PPV: 0.8723  NPV: 0.9540 F1:0.8798
INFO:__main__:验证的best_acc:0.9325
INFO:__main__:----------------------------------------------------------------------------------------------------
INFO:__main__:
【train】epoch:33/150 loss:0.1322 acc:0.9499
INFO:__main__:
【val】epoch:33/150 loss:0.2351 acc:0.9162
INFO:__main__:
【Val】:  SENS: 0.9177  SPEC: 0.9156  PPV: 0.8154  NPV: 0.9648 F1:0.8635
INFO:__main__:验证的best_acc:0.9325
INFO:__main__:----------------------------------------------------------------------------------------------------
INFO:__main__:
【train】epoch:34/150 loss:0.1298 acc:0.9500
INFO:__main__:
【val】epoch:34/150 loss:0.2365 acc:0.9212
INFO:__main__:
【Val】:  SENS: 0.8225  SPEC: 0.9613  PPV: 0.8962  NPV: 0.9303 F1:0.8578
INFO:__main__:验证的best_acc:0.9325
INFO:__main__:----------------------------------------------------------------------------------------------------
INFO:__main__:
【train】epoch:35/150 loss:0.1171 acc:0.9549
INFO:__main__:
【val】epoch:35/150 loss:0.2334 acc:0.9275
INFO:__main__:
【Val】:  SENS: 0.8398  SPEC: 0.9631  PPV: 0.9023  NPV: 0.9368 F1:0.8700
INFO:__main__:验证的best_acc:0.9325
INFO:__main__:----------------------------------------------------------------------------------------------------
INFO:__main__:
【train】epoch:36/150 loss:0.1157 acc:0.9573
INFO:__main__:
【val】epoch:36/150 loss:0.2678 acc:0.9125
INFO:__main__:
【Val】:  SENS: 0.9437  SPEC: 0.8998  PPV: 0.7927  NPV: 0.9752 F1:0.8617
INFO:__main__:验证的best_acc:0.9325
INFO:__main__:----------------------------------------------------------------------------------------------------
INFO:__main__:
【train】epoch:37/150 loss:0.1111 acc:0.9561
INFO:__main__:
【val】epoch:37/150 loss:0.2513 acc:0.9087
INFO:__main__:
【Val】:  SENS: 0.8355  SPEC: 0.9385  PPV: 0.8465  NPV: 0.9336 F1:0.8410
INFO:__main__:验证的best_acc:0.9325
INFO:__main__:----------------------------------------------------------------------------------------------------
INFO:__main__:
【train】epoch:38/150 loss:0.1146 acc:0.9558
INFO:__main__:
【val】epoch:38/150 loss:0.2140 acc:0.9312
INFO:__main__:
【Val】:  SENS: 0.9048  SPEC: 0.9420  PPV: 0.8636  NPV: 0.9606 F1:0.8837
INFO:__main__:验证的best_acc:0.9325
INFO:__main__:----------------------------------------------------------------------------------------------------
INFO:__main__:
【train】epoch:39/150 loss:0.1060 acc:0.9595
INFO:__main__:
【val】epoch:39/150 loss:0.2106 acc:0.9212
INFO:__main__:
【Val】:  SENS: 0.9004  SPEC: 0.9297  PPV: 0.8387  NPV: 0.9583 F1:0.8685
INFO:__main__:验证的best_acc:0.9325
INFO:__main__:----------------------------------------------------------------------------------------------------
INFO:__main__:
【train】epoch:40/150 loss:0.1017 acc:0.9603
INFO:__main__:
【val】epoch:40/150 loss:0.1960 acc:0.9300
INFO:__main__:
【Val】:  SENS: 0.8615  SPEC: 0.9578  PPV: 0.8924  NPV: 0.9445 F1:0.8767
INFO:__main__:验证的best_acc:0.9325
INFO:__main__:----------------------------------------------------------------------------------------------------
INFO:__main__:
【train】epoch:41/150 loss:0.0970 acc:0.9621
INFO:__main__:
【val】epoch:41/150 loss:0.1647 acc:0.9413
INFO:__main__:
【Val】:  SENS: 0.9048  SPEC: 0.9561  PPV: 0.8932  NPV: 0.9611 F1:0.8989
INFO:__main__:验证的best_acc:0.9413
INFO:__main__:----------------------------------------------------------------------------------------------------
INFO:__main__:
【train】epoch:42/150 loss:0.0925 acc:0.9636
INFO:__main__:
【val】epoch:42/150 loss:0.2098 acc:0.9312
INFO:__main__:
【Val】:  SENS: 0.8571  SPEC: 0.9613  PPV: 0.9000  NPV: 0.9431 F1:0.8780
INFO:__main__:验证的best_acc:0.9413
INFO:__main__:----------------------------------------------------------------------------------------------------
INFO:__main__:
【train】epoch:43/150 loss:0.0945 acc:0.9627
INFO:__main__:
【val】epoch:43/150 loss:0.1796 acc:0.9413
INFO:__main__:
【Val】:  SENS: 0.8701  SPEC: 0.9701  PPV: 0.9220  NPV: 0.9485 F1:0.8953
INFO:__main__:验证的best_acc:0.9413
INFO:__main__:----------------------------------------------------------------------------------------------------
INFO:__main__:
【train】epoch:44/150 loss:0.0948 acc:0.9636
INFO:__main__:
【val】epoch:44/150 loss:0.2066 acc:0.9287
INFO:__main__:
【Val】:  SENS: 0.8874  SPEC: 0.9455  PPV: 0.8686  NPV: 0.9539 F1:0.8779
INFO:__main__:验证的best_acc:0.9413
INFO:__main__:----------------------------------------------------------------------------------------------------
INFO:__main__:
【train】epoch:45/150 loss:0.0851 acc:0.9666
INFO:__main__:
【val】epoch:45/150 loss:0.2760 acc:0.9087
INFO:__main__:
【Val】:  SENS: 0.9307  SPEC: 0.8998  PPV: 0.7904  NPV: 0.9697 F1:0.8549
INFO:__main__:验证的best_acc:0.9413
INFO:__main__:----------------------------------------------------------------------------------------------------
INFO:__main__:
【train】epoch:46/150 loss:0.0838 acc:0.9675
INFO:__main__:
【val】epoch:46/150 loss:0.1980 acc:0.9388
INFO:__main__:
【Val】:  SENS: 0.9221  SPEC: 0.9455  PPV: 0.8730  NPV: 0.9676 F1:0.8968
INFO:__main__:验证的best_acc:0.9413
INFO:__main__:----------------------------------------------------------------------------------------------------
INFO:__main__:
【train】epoch:47/150 loss:0.0891 acc:0.9651
INFO:__main__:
【val】epoch:47/150 loss:0.1798 acc:0.9388
INFO:__main__:
【Val】:  SENS: 0.8701  SPEC: 0.9666  PPV: 0.9136  NPV: 0.9483 F1:0.8914
INFO:__main__:验证的best_acc:0.9413
INFO:__main__:----------------------------------------------------------------------------------------------------
INFO:__main__:
【train】epoch:48/150 loss:0.0869 acc:0.9651
INFO:__main__:
【val】epoch:48/150 loss:0.2419 acc:0.9137
INFO:__main__:
【Val】:  SENS: 0.9091  SPEC: 0.9156  PPV: 0.8140  NPV: 0.9613 F1:0.8589
INFO:__main__:验证的best_acc:0.9413
INFO:__main__:----------------------------------------------------------------------------------------------------
INFO:__main__:
【train】epoch:49/150 loss:0.0799 acc:0.9683
INFO:__main__:
【val】epoch:49/150 loss:0.2039 acc:0.9287
INFO:__main__:
【Val】:  SENS: 0.9134  SPEC: 0.9350  PPV: 0.8508  NPV: 0.9638 F1:0.8810
INFO:__main__:验证的best_acc:0.9413
INFO:__main__:----------------------------------------------------------------------------------------------------
INFO:__main__:
【train】epoch:50/150 loss:0.0792 acc:0.9703
INFO:__main__:
【val】epoch:50/150 loss:0.1640 acc:0.9513
INFO:__main__:
【Val】:  SENS: 0.8961  SPEC: 0.9736  PPV: 0.9324  NPV: 0.9585 F1:0.9139
INFO:__main__:验证的best_acc:0.9513
INFO:__main__:----------------------------------------------------------------------------------------------------
INFO:__main__:
【train】epoch:51/150 loss:0.0711 acc:0.9721
INFO:__main__:
【val】epoch:51/150 loss:0.2062 acc:0.9362
INFO:__main__:
【Val】:  SENS: 0.9004  SPEC: 0.9508  PPV: 0.8814  NPV: 0.9592 F1:0.8908
INFO:__main__:验证的best_acc:0.9513
INFO:__main__:----------------------------------------------------------------------------------------------------
INFO:__main__:
【train】epoch:52/150 loss:0.0812 acc:0.9721
INFO:__main__:
【val】epoch:52/150 loss:0.1916 acc:0.9425
INFO:__main__:
【Val】:  SENS: 0.8831  SPEC: 0.9666  PPV: 0.9148  NPV: 0.9532 F1:0.8987
INFO:__main__:验证的best_acc:0.9513
INFO:__main__:----------------------------------------------------------------------------------------------------
INFO:__main__:
【train】epoch:53/150 loss:0.0674 acc:0.9742
INFO:__main__:
【val】epoch:53/150 loss:0.2200 acc:0.9287
INFO:__main__:
【Val】:  SENS: 0.8442  SPEC: 0.9631  PPV: 0.9028  NPV: 0.9384 F1:0.8725
INFO:__main__:验证的best_acc:0.9513
INFO:__main__:----------------------------------------------------------------------------------------------------
INFO:__main__:
【train】epoch:54/150 loss:0.0714 acc:0.9739
INFO:__main__:
【val】epoch:54/150 loss:0.4019 acc:0.8788
INFO:__main__:
【Val】:  SENS: 0.9524  SPEC: 0.8489  PPV: 0.7190  NPV: 0.9777 F1:0.8194
INFO:__main__:验证的best_acc:0.9513
INFO:__main__:----------------------------------------------------------------------------------------------------
INFO:__main__:
【train】epoch:55/150 loss:0.0734 acc:0.9724
INFO:__main__:
【val】epoch:55/150 loss:0.1995 acc:0.9362
INFO:__main__:
【Val】:  SENS: 0.9134  SPEC: 0.9455  PPV: 0.8719  NPV: 0.9642 F1:0.8922
INFO:__main__:验证的best_acc:0.9513
INFO:__main__:----------------------------------------------------------------------------------------------------
INFO:__main__:
【train】epoch:56/150 loss:0.0715 acc:0.9737
INFO:__main__:
【val】epoch:56/150 loss:0.1947 acc:0.9488
INFO:__main__:
【Val】:  SENS: 0.8745  SPEC: 0.9789  PPV: 0.9439  NPV: 0.9505 F1:0.9079
INFO:__main__:验证的best_acc:0.9513
INFO:__main__:----------------------------------------------------------------------------------------------------
INFO:__main__:
【train】epoch:57/150 loss:0.0635 acc:0.9775
INFO:__main__:
【val】epoch:57/150 loss:0.1902 acc:0.9438
INFO:__main__:
【Val】:  SENS: 0.9134  SPEC: 0.9561  PPV: 0.8941  NPV: 0.9645 F1:0.9036
INFO:__main__:验证的best_acc:0.9513
INFO:__main__:----------------------------------------------------------------------------------------------------
INFO:__main__:
【train】epoch:58/150 loss:0.0677 acc:0.9707
INFO:__main__:
【val】epoch:58/150 loss:0.1739 acc:0.9463
INFO:__main__:
【Val】:  SENS: 0.8745  SPEC: 0.9754  PPV: 0.9352  NPV: 0.9503 F1:0.9038
INFO:__main__:验证的best_acc:0.9513
INFO:__main__:----------------------------------------------------------------------------------------------------
INFO:__main__:
【train】epoch:59/150 loss:0.0669 acc:0.9754
INFO:__main__:
【val】epoch:59/150 loss:0.1697 acc:0.9513
INFO:__main__:
【Val】:  SENS: 0.8961  SPEC: 0.9736  PPV: 0.9324  NPV: 0.9585 F1:0.9139
INFO:__main__:验证的best_acc:0.9513
INFO:__main__:----------------------------------------------------------------------------------------------------
INFO:__main__:
【train】epoch:60/150 loss:0.0538 acc:0.9801
INFO:__main__:
【val】epoch:60/150 loss:0.1807 acc:0.9525
INFO:__main__:
【Val】:  SENS: 0.9004  SPEC: 0.9736  PPV: 0.9327  NPV: 0.9601 F1:0.9163
INFO:__main__:验证的best_acc:0.9525
INFO:__main__:----------------------------------------------------------------------------------------------------
INFO:__main__:
【train】epoch:61/150 loss:0.0597 acc:0.9780
INFO:__main__:
【val】epoch:61/150 loss:0.1949 acc:0.9350
INFO:__main__:
【Val】:  SENS: 0.8139  SPEC: 0.9842  PPV: 0.9543  NPV: 0.9287 F1:0.8785
INFO:__main__:验证的best_acc:0.9525
INFO:__main__:----------------------------------------------------------------------------------------------------
INFO:__main__:
【train】epoch:62/150 loss:0.0587 acc:0.9783
INFO:__main__:
【val】epoch:62/150 loss:0.1873 acc:0.9463
INFO:__main__:
【Val】:  SENS: 0.9091  SPEC: 0.9613  PPV: 0.9052  NPV: 0.9630 F1:0.9071
INFO:__main__:验证的best_acc:0.9525
INFO:__main__:----------------------------------------------------------------------------------------------------
INFO:__main__:
【train】epoch:63/150 loss:0.0591 acc:0.9783
INFO:__main__:
【val】epoch:63/150 loss:0.2216 acc:0.9350
INFO:__main__:
【Val】:  SENS: 0.9221  SPEC: 0.9402  PPV: 0.8623  NPV: 0.9675 F1:0.8912
INFO:__main__:验证的best_acc:0.9525
INFO:__main__:----------------------------------------------------------------------------------------------------
INFO:__main__:
【train】epoch:64/150 loss:0.0597 acc:0.9783
INFO:__main__:
【val】epoch:64/150 loss:0.1934 acc:0.9425
INFO:__main__:
【Val】:  SENS: 0.8918  SPEC: 0.9631  PPV: 0.9075  NPV: 0.9564 F1:0.8996
INFO:__main__:验证的best_acc:0.9525
INFO:__main__:----------------------------------------------------------------------------------------------------
INFO:__main__:
【train】epoch:65/150 loss:0.0549 acc:0.9802
INFO:__main__:
【val】epoch:65/150 loss:0.1741 acc:0.9475
INFO:__main__:
【Val】:  SENS: 0.9394  SPEC: 0.9508  PPV: 0.8857  NPV: 0.9748 F1:0.9118
INFO:__main__:验证的best_acc:0.9525
INFO:__main__:----------------------------------------------------------------------------------------------------
INFO:__main__:
【train】epoch:66/150 loss:0.0478 acc:0.9817
INFO:__main__:
【val】epoch:66/150 loss:0.2174 acc:0.9300
INFO:__main__:
【Val】:  SENS: 0.8442  SPEC: 0.9649  PPV: 0.9070  NPV: 0.9385 F1:0.8744
INFO:__main__:验证的best_acc:0.9525
INFO:__main__:----------------------------------------------------------------------------------------------------
INFO:__main__:
【train】epoch:67/150 loss:0.0539 acc:0.9810
INFO:__main__:
【val】epoch:67/150 loss:0.1957 acc:0.9388
INFO:__main__:
【Val】:  SENS: 0.8831  SPEC: 0.9613  PPV: 0.9027  NPV: 0.9530 F1:0.8928
INFO:__main__:验证的best_acc:0.9525
INFO:__main__:----------------------------------------------------------------------------------------------------
INFO:__main__:
【train】epoch:68/150 loss:0.0557 acc:0.9798
INFO:__main__:
【val】epoch:68/150 loss:0.2021 acc:0.9425
INFO:__main__:
【Val】:  SENS: 0.8658  SPEC: 0.9736  PPV: 0.9302  NPV: 0.9470 F1:0.8969
INFO:__main__:验证的best_acc:0.9525
INFO:__main__:----------------------------------------------------------------------------------------------------
INFO:__main__:
【train】epoch:69/150 loss:0.0494 acc:0.9807
INFO:__main__:
【val】epoch:69/150 loss:0.1805 acc:0.9538
INFO:__main__:
【Val】:  SENS: 0.8918  SPEC: 0.9789  PPV: 0.9450  NPV: 0.9570 F1:0.9176
INFO:__main__:验证的best_acc:0.9538
INFO:__main__:----------------------------------------------------------------------------------------------------
INFO:__main__:
【train】epoch:70/150 loss:0.0479 acc:0.9825
INFO:__main__:
【val】epoch:70/150 loss:0.1457 acc:0.9575
INFO:__main__:
【Val】:  SENS: 0.9048  SPEC: 0.9789  PPV: 0.9457  NPV: 0.9620 F1:0.9248
INFO:__main__:验证的best_acc:0.9575
INFO:__main__:----------------------------------------------------------------------------------------------------
INFO:__main__:
【train】epoch:71/150 loss:0.0429 acc:0.9841
INFO:__main__:
【val】epoch:71/150 loss:0.1570 acc:0.9550
INFO:__main__:
【Val】:  SENS: 0.9134  SPEC: 0.9719  PPV: 0.9295  NPV: 0.9651 F1:0.9214
INFO:__main__:验证的best_acc:0.9575
INFO:__main__:----------------------------------------------------------------------------------------------------
INFO:__main__:
【train】epoch:72/150 loss:0.0401 acc:0.9843
INFO:__main__:
【val】epoch:72/150 loss:0.1903 acc:0.9425
INFO:__main__:
【Val】:  SENS: 0.8961  SPEC: 0.9613  PPV: 0.9039  NPV: 0.9580 F1:0.9000
INFO:__main__:验证的best_acc:0.9575
INFO:__main__:----------------------------------------------------------------------------------------------------
INFO:__main__:
【train】epoch:73/150 loss:0.0450 acc:0.9840
INFO:__main__:
【val】epoch:73/150 loss:0.2365 acc:0.9375
INFO:__main__:
【Val】:  SENS: 0.8615  SPEC: 0.9684  PPV: 0.9171  NPV: 0.9451 F1:0.8884
INFO:__main__:验证的best_acc:0.9575
INFO:__main__:----------------------------------------------------------------------------------------------------
INFO:__main__:
【train】epoch:74/150 loss:0.0464 acc:0.9826
INFO:__main__:
【val】epoch:74/150 loss:0.2197 acc:0.9388
INFO:__main__:
【Val】:  SENS: 0.8442  SPEC: 0.9772  PPV: 0.9375  NPV: 0.9392 F1:0.8884
INFO:__main__:验证的best_acc:0.9575
INFO:__main__:----------------------------------------------------------------------------------------------------
INFO:__main__:
【train】epoch:75/150 loss:0.0451 acc:0.9845
INFO:__main__:
【val】epoch:75/150 loss:0.1986 acc:0.9475
INFO:__main__:
【Val】:  SENS: 0.8745  SPEC: 0.9772  PPV: 0.9395  NPV: 0.9504 F1:0.9058
INFO:__main__:验证的best_acc:0.9575
INFO:__main__:----------------------------------------------------------------------------------------------------
INFO:__main__:
【train】epoch:76/150 loss:0.0430 acc:0.9840
INFO:__main__:
【val】epoch:76/150 loss:0.2453 acc:0.9287
INFO:__main__:
【Val】:  SENS: 0.8095  SPEC: 0.9772  PPV: 0.9350  NPV: 0.9267 F1:0.8677
INFO:__main__:验证的best_acc:0.9575
INFO:__main__:----------------------------------------------------------------------------------------------------
INFO:__main__:
【train】epoch:77/150 loss:0.0410 acc:0.9840
INFO:__main__:
【val】epoch:77/150 loss:0.1935 acc:0.9450
INFO:__main__:
【Val】:  SENS: 0.8961  SPEC: 0.9649  PPV: 0.9119  NPV: 0.9581 F1:0.9039
INFO:__main__:验证的best_acc:0.9575
INFO:__main__:----------------------------------------------------------------------------------------------------
INFO:__main__:
【train】epoch:78/150 loss:0.0349 acc:0.9870
INFO:__main__:
【val】epoch:78/150 loss:0.2181 acc:0.9475
INFO:__main__:
【Val】:  SENS: 0.8961  SPEC: 0.9684  PPV: 0.9200  NPV: 0.9583 F1:0.9079
INFO:__main__:验证的best_acc:0.9575
INFO:__main__:----------------------------------------------------------------------------------------------------
INFO:__main__:
【train】epoch:79/150 loss:0.0415 acc:0.9848
INFO:__main__:
【val】epoch:79/150 loss:0.1905 acc:0.9413
INFO:__main__:
【Val】:  SENS: 0.8571  SPEC: 0.9754  PPV: 0.9340  NPV: 0.9439 F1:0.8939
INFO:__main__:验证的best_acc:0.9575
INFO:__main__:----------------------------------------------------------------------------------------------------
INFO:__main__:
【train】epoch:80/150 loss:0.0397 acc:0.9848
INFO:__main__:
【val】epoch:80/150 loss:0.1864 acc:0.9500
INFO:__main__:
【Val】:  SENS: 0.9048  SPEC: 0.9684  PPV: 0.9207  NPV: 0.9616 F1:0.9127
INFO:__main__:验证的best_acc:0.9575
INFO:__main__:----------------------------------------------------------------------------------------------------
INFO:__main__:
【train】epoch:81/150 loss:0.0281 acc:0.9903
INFO:__main__:
【val】epoch:81/150 loss:0.2188 acc:0.9413
INFO:__main__:
【Val】:  SENS: 0.8658  SPEC: 0.9719  PPV: 0.9259  NPV: 0.9469 F1:0.8949
INFO:__main__:验证的best_acc:0.9575
INFO:__main__:----------------------------------------------------------------------------------------------------
INFO:__main__:
【train】epoch:82/150 loss:0.0305 acc:0.9885
INFO:__main__:
【val】epoch:82/150 loss:0.1837 acc:0.9488
INFO:__main__:
【Val】:  SENS: 0.8874  SPEC: 0.9736  PPV: 0.9318  NPV: 0.9552 F1:0.9091
INFO:__main__:验证的best_acc:0.9575
INFO:__main__:----------------------------------------------------------------------------------------------------
INFO:__main__:
【train】epoch:83/150 loss:0.0336 acc:0.9879
INFO:__main__:
【val】epoch:83/150 loss:0.2214 acc:0.9463
INFO:__main__:
【Val】:  SENS: 0.8658  SPEC: 0.9789  PPV: 0.9434  NPV: 0.9473 F1:0.9029
INFO:__main__:验证的best_acc:0.9575
INFO:__main__:----------------------------------------------------------------------------------------------------
INFO:__main__:
【train】epoch:84/150 loss:0.0303 acc:0.9884
INFO:__main__:
【val】epoch:84/150 loss:0.2193 acc:0.9400
INFO:__main__:
【Val】:  SENS: 0.8831  SPEC: 0.9631  PPV: 0.9067  NPV: 0.9530 F1:0.8947
INFO:__main__:验证的best_acc:0.9575
INFO:__main__:----------------------------------------------------------------------------------------------------
INFO:__main__:
【train】epoch:85/150 loss:0.0390 acc:0.9848
INFO:__main__:
【val】epoch:85/150 loss:0.3025 acc:0.9287
INFO:__main__:
【Val】:  SENS: 0.8225  SPEC: 0.9719  PPV: 0.9223  NPV: 0.9310 F1:0.8696
INFO:__main__:验证的best_acc:0.9575
INFO:__main__:----------------------------------------------------------------------------------------------------
INFO:__main__:
【train】epoch:86/150 loss:0.0367 acc:0.9867
INFO:__main__:
【val】epoch:86/150 loss:0.2046 acc:0.9500
INFO:__main__:
【Val】:  SENS: 0.9134  SPEC: 0.9649  PPV: 0.9134  NPV: 0.9649 F1:0.9134
INFO:__main__:验证的best_acc:0.9575
INFO:__main__:----------------------------------------------------------------------------------------------------
INFO:__main__:
【train】epoch:87/150 loss:0.0346 acc:0.9887
INFO:__main__:
【val】epoch:87/150 loss:0.2070 acc:0.9488
INFO:__main__:
【Val】:  SENS: 0.8874  SPEC: 0.9736  PPV: 0.9318  NPV: 0.9552 F1:0.9091
INFO:__main__:验证的best_acc:0.9575
INFO:__main__:----------------------------------------------------------------------------------------------------
INFO:__main__:
【train】epoch:88/150 loss:0.0309 acc:0.9878
INFO:__main__:
【val】epoch:88/150 loss:0.2367 acc:0.9400
INFO:__main__:
【Val】:  SENS: 0.8745  SPEC: 0.9666  PPV: 0.9140  NPV: 0.9499 F1:0.8938
INFO:__main__:验证的best_acc:0.9575
INFO:__main__:----------------------------------------------------------------------------------------------------
INFO:__main__:
【train】epoch:89/150 loss:0.0232 acc:0.9921
INFO:__main__:
【val】epoch:89/150 loss:0.2234 acc:0.9525
INFO:__main__:
【Val】:  SENS: 0.8961  SPEC: 0.9754  PPV: 0.9367  NPV: 0.9585 F1:0.9159
INFO:__main__:验证的best_acc:0.9575
INFO:__main__:----------------------------------------------------------------------------------------------------
INFO:__main__:
【train】epoch:90/150 loss:0.0254 acc:0.9903
INFO:__main__:
【val】epoch:90/150 loss:0.2224 acc:0.9463
INFO:__main__:
【Val】:  SENS: 0.8961  SPEC: 0.9666  PPV: 0.9159  NPV: 0.9582 F1:0.9059
INFO:__main__:验证的best_acc:0.9575
INFO:__main__:----------------------------------------------------------------------------------------------------
INFO:__main__:
【train】epoch:91/150 loss:0.0240 acc:0.9909
INFO:__main__:
【val】epoch:91/150 loss:0.2109 acc:0.9525
INFO:__main__:
【Val】:  SENS: 0.9091  SPEC: 0.9701  PPV: 0.9251  NPV: 0.9634 F1:0.9170
INFO:__main__:验证的best_acc:0.9575
INFO:__main__:----------------------------------------------------------------------------------------------------
INFO:__main__:
【train】epoch:92/150 loss:0.0263 acc:0.9917
INFO:__main__:
【val】epoch:92/150 loss:0.2144 acc:0.9488
INFO:__main__:
【Val】:  SENS: 0.8831  SPEC: 0.9754  PPV: 0.9358  NPV: 0.9536 F1:0.9087
INFO:__main__:验证的best_acc:0.9575
INFO:__main__:----------------------------------------------------------------------------------------------------
INFO:__main__:
【train】epoch:93/150 loss:0.0279 acc:0.9890
INFO:__main__:
【val】epoch:93/150 loss:0.2069 acc:0.9450
INFO:__main__:
【Val】:  SENS: 0.9048  SPEC: 0.9613  PPV: 0.9048  NPV: 0.9613 F1:0.9048
INFO:__main__:验证的best_acc:0.9575
INFO:__main__:----------------------------------------------------------------------------------------------------
INFO:__main__:
【train】epoch:94/150 loss:0.0327 acc:0.9891
INFO:__main__:
【val】epoch:94/150 loss:0.2695 acc:0.9413
INFO:__main__:
【Val】:  SENS: 0.8961  SPEC: 0.9596  PPV: 0.9000  NPV: 0.9579 F1:0.8980
INFO:__main__:验证的best_acc:0.9575
INFO:__main__:----------------------------------------------------------------------------------------------------
INFO:__main__:
【train】epoch:95/150 loss:0.0243 acc:0.9911
INFO:__main__:
【val】epoch:95/150 loss:0.2002 acc:0.9525
INFO:__main__:
【Val】:  SENS: 0.9091  SPEC: 0.9701  PPV: 0.9251  NPV: 0.9634 F1:0.9170
INFO:__main__:验证的best_acc:0.9575
INFO:__main__:----------------------------------------------------------------------------------------------------
INFO:__main__:
【train】epoch:96/150 loss:0.0244 acc:0.9923
INFO:__main__:
【val】epoch:96/150 loss:0.2067 acc:0.9488
INFO:__main__:
【Val】:  SENS: 0.8831  SPEC: 0.9754  PPV: 0.9358  NPV: 0.9536 F1:0.9087
INFO:__main__:验证的best_acc:0.9575
INFO:__main__:----------------------------------------------------------------------------------------------------
INFO:__main__:
【train】epoch:97/150 loss:0.0257 acc:0.9905
INFO:__main__:
【val】epoch:97/150 loss:0.2207 acc:0.9475
INFO:__main__:
【Val】:  SENS: 0.8831  SPEC: 0.9736  PPV: 0.9315  NPV: 0.9535 F1:0.9067
INFO:__main__:验证的best_acc:0.9575
INFO:__main__:----------------------------------------------------------------------------------------------------
INFO:__main__:
【train】epoch:98/150 loss:0.0211 acc:0.9931
INFO:__main__:
【val】epoch:98/150 loss:0.2247 acc:0.9488
INFO:__main__:
【Val】:  SENS: 0.8874  SPEC: 0.9736  PPV: 0.9318  NPV: 0.9552 F1:0.9091
INFO:__main__:验证的best_acc:0.9575
INFO:__main__:----------------------------------------------------------------------------------------------------
INFO:__main__:
【train】epoch:99/150 loss:0.0219 acc:0.9923
INFO:__main__:
【val】epoch:99/150 loss:0.2469 acc:0.9425
INFO:__main__:
【Val】:  SENS: 0.8571  SPEC: 0.9772  PPV: 0.9384  NPV: 0.9440 F1:0.8959
INFO:__main__:验证的best_acc:0.9575
INFO:__main__:----------------------------------------------------------------------------------------------------
INFO:__main__:
【train】epoch:100/150 loss:0.0214 acc:0.9914
INFO:__main__:
【val】epoch:100/150 loss:0.2287 acc:0.9475
INFO:__main__:
【Val】:  SENS: 0.8831  SPEC: 0.9736  PPV: 0.9315  NPV: 0.9535 F1:0.9067
INFO:__main__:验证的best_acc:0.9575
INFO:__main__:----------------------------------------------------------------------------------------------------
INFO:__main__:
【train】epoch:101/150 loss:0.0191 acc:0.9937
INFO:__main__:
【val】epoch:101/150 loss:0.2296 acc:0.9425
INFO:__main__:
【Val】:  SENS: 0.8745  SPEC: 0.9701  PPV: 0.9224  NPV: 0.9501 F1:0.8978
INFO:__main__:验证的best_acc:0.9575
INFO:__main__:----------------------------------------------------------------------------------------------------
INFO:__main__:
【train】epoch:102/150 loss:0.0203 acc:0.9923
INFO:__main__:
【val】epoch:102/150 loss:0.2166 acc:0.9475
INFO:__main__:
【Val】:  SENS: 0.8918  SPEC: 0.9701  PPV: 0.9238  NPV: 0.9567 F1:0.9075
INFO:__main__:验证的best_acc:0.9575
INFO:__main__:----------------------------------------------------------------------------------------------------
INFO:__main__:
【train】epoch:103/150 loss:0.0209 acc:0.9934
INFO:__main__:
【val】epoch:103/150 loss:0.2396 acc:0.9500
INFO:__main__:
【Val】:  SENS: 0.8788  SPEC: 0.9789  PPV: 0.9442  NPV: 0.9521 F1:0.9103
INFO:__main__:验证的best_acc:0.9575
INFO:__main__:----------------------------------------------------------------------------------------------------
INFO:__main__:
【train】epoch:104/150 loss:0.0179 acc:0.9940
INFO:__main__:
【val】epoch:104/150 loss:0.2131 acc:0.9475
INFO:__main__:
【Val】:  SENS: 0.9134  SPEC: 0.9613  PPV: 0.9056  NPV: 0.9647 F1:0.9095
INFO:__main__:验证的best_acc:0.9575
INFO:__main__:----------------------------------------------------------------------------------------------------
INFO:__main__:
【train】epoch:105/150 loss:0.0206 acc:0.9934
INFO:__main__:
【val】epoch:105/150 loss:0.2268 acc:0.9438
INFO:__main__:
【Val】:  SENS: 0.8788  SPEC: 0.9701  PPV: 0.9227  NPV: 0.9517 F1:0.9002
INFO:__main__:验证的best_acc:0.9575
INFO:__main__:----------------------------------------------------------------------------------------------------
INFO:__main__:
【train】epoch:106/150 loss:0.0217 acc:0.9915
INFO:__main__:
【val】epoch:106/150 loss:0.2426 acc:0.9500
INFO:__main__:
【Val】:  SENS: 0.8918  SPEC: 0.9736  PPV: 0.9321  NPV: 0.9568 F1:0.9115
INFO:__main__:验证的best_acc:0.9575
INFO:__main__:----------------------------------------------------------------------------------------------------
INFO:__main__:
【train】epoch:107/150 loss:0.0225 acc:0.9911
INFO:__main__:
【val】epoch:107/150 loss:0.2648 acc:0.9400
INFO:__main__:
【Val】:  SENS: 0.8745  SPEC: 0.9666  PPV: 0.9140  NPV: 0.9499 F1:0.8938
INFO:__main__:验证的best_acc:0.9575
INFO:__main__:----------------------------------------------------------------------------------------------------
INFO:__main__:
【train】epoch:108/150 loss:0.0160 acc:0.9931
INFO:__main__:
【val】epoch:108/150 loss:0.2361 acc:0.9413
INFO:__main__:
【Val】:  SENS: 0.8918  SPEC: 0.9613  PPV: 0.9035  NPV: 0.9563 F1:0.8976
INFO:__main__:验证的best_acc:0.9575
INFO:__main__:----------------------------------------------------------------------------------------------------
INFO:__main__:
【train】epoch:109/150 loss:0.0174 acc:0.9938
INFO:__main__:
【val】epoch:109/150 loss:0.2397 acc:0.9450
INFO:__main__:
【Val】:  SENS: 0.9091  SPEC: 0.9596  PPV: 0.9013  NPV: 0.9630 F1:0.9052
INFO:__main__:验证的best_acc:0.9575
INFO:__main__:----------------------------------------------------------------------------------------------------
INFO:__main__:
【train】epoch:110/150 loss:0.0150 acc:0.9944
INFO:__main__:
【val】epoch:110/150 loss:0.2501 acc:0.9425
INFO:__main__:
【Val】:  SENS: 0.9177  SPEC: 0.9525  PPV: 0.8870  NPV: 0.9661 F1:0.9021
INFO:__main__:验证的best_acc:0.9575
INFO:__main__:----------------------------------------------------------------------------------------------------
INFO:__main__:
【train】epoch:111/150 loss:0.0203 acc:0.9925
INFO:__main__:
【val】epoch:111/150 loss:0.2416 acc:0.9413
INFO:__main__:
【Val】:  SENS: 0.8831  SPEC: 0.9649  PPV: 0.9107  NPV: 0.9531 F1:0.8967
INFO:__main__:验证的best_acc:0.9575
INFO:__main__:----------------------------------------------------------------------------------------------------
INFO:__main__:
【train】epoch:112/150 loss:0.0153 acc:0.9946
INFO:__main__:
【val】epoch:112/150 loss:0.2501 acc:0.9538
INFO:__main__:
【Val】:  SENS: 0.8961  SPEC: 0.9772  PPV: 0.9409  NPV: 0.9586 F1:0.9180
INFO:__main__:验证的best_acc:0.9575
INFO:__main__:----------------------------------------------------------------------------------------------------
INFO:__main__:
【train】epoch:113/150 loss:0.0181 acc:0.9935
INFO:__main__:
【val】epoch:113/150 loss:0.2528 acc:0.9475
INFO:__main__:
【Val】:  SENS: 0.8961  SPEC: 0.9684  PPV: 0.9200  NPV: 0.9583 F1:0.9079
INFO:__main__:验证的best_acc:0.9575
INFO:__main__:----------------------------------------------------------------------------------------------------
INFO:__main__:
【train】epoch:114/150 loss:0.0149 acc:0.9938
INFO:__main__:
【val】epoch:114/150 loss:0.2268 acc:0.9513
INFO:__main__:
【Val】:  SENS: 0.9004  SPEC: 0.9719  PPV: 0.9286  NPV: 0.9601 F1:0.9143
INFO:__main__:验证的best_acc:0.9575
INFO:__main__:----------------------------------------------------------------------------------------------------
INFO:__main__:
【train】epoch:115/150 loss:0.0142 acc:0.9956
INFO:__main__:
【val】epoch:115/150 loss:0.2637 acc:0.9500
INFO:__main__:
【Val】:  SENS: 0.9307  SPEC: 0.9578  PPV: 0.8996  NPV: 0.9715 F1:0.9149
INFO:__main__:验证的best_acc:0.9575
INFO:__main__:----------------------------------------------------------------------------------------------------
INFO:__main__:
【train】epoch:116/150 loss:0.0142 acc:0.9950
INFO:__main__:
【val】epoch:116/150 loss:0.2468 acc:0.9450
INFO:__main__:
【Val】:  SENS: 0.8701  SPEC: 0.9754  PPV: 0.9349  NPV: 0.9487 F1:0.9013
INFO:__main__:验证的best_acc:0.9575
INFO:__main__:----------------------------------------------------------------------------------------------------
INFO:__main__:
【train】epoch:117/150 loss:0.0140 acc:0.9949
INFO:__main__:
【val】epoch:117/150 loss:0.2384 acc:0.9500
INFO:__main__:
【Val】:  SENS: 0.9048  SPEC: 0.9684  PPV: 0.9207  NPV: 0.9616 F1:0.9127
INFO:__main__:验证的best_acc:0.9575
INFO:__main__:----------------------------------------------------------------------------------------------------
INFO:__main__:
【train】epoch:118/150 loss:0.0134 acc:0.9950
INFO:__main__:
【val】epoch:118/150 loss:0.3212 acc:0.9350
INFO:__main__:
【Val】:  SENS: 0.8571  SPEC: 0.9666  PPV: 0.9124  NPV: 0.9434 F1:0.8839
INFO:__main__:验证的best_acc:0.9575
INFO:__main__:----------------------------------------------------------------------------------------------------
INFO:__main__:
【train】epoch:119/150 loss:0.0114 acc:0.9961
INFO:__main__:
【val】epoch:119/150 loss:0.2391 acc:0.9538
INFO:__main__:
【Val】:  SENS: 0.9004  SPEC: 0.9754  PPV: 0.9369  NPV: 0.9602 F1:0.9183
INFO:__main__:验证的best_acc:0.9575
INFO:__main__:----------------------------------------------------------------------------------------------------
INFO:__main__:
【train】epoch:120/150 loss:0.0130 acc:0.9958
INFO:__main__:
【val】epoch:120/150 loss:0.2287 acc:0.9550
INFO:__main__:
【Val】:  SENS: 0.9134  SPEC: 0.9719  PPV: 0.9295  NPV: 0.9651 F1:0.9214
INFO:__main__:验证的best_acc:0.9575
INFO:__main__:----------------------------------------------------------------------------------------------------
INFO:__main__:
【train】epoch:121/150 loss:0.0095 acc:0.9962
INFO:__main__:
【val】epoch:121/150 loss:0.2381 acc:0.9525
INFO:__main__:
【Val】:  SENS: 0.9091  SPEC: 0.9701  PPV: 0.9251  NPV: 0.9634 F1:0.9170
INFO:__main__:验证的best_acc:0.9575
INFO:__main__:----------------------------------------------------------------------------------------------------
INFO:__main__:
【train】epoch:122/150 loss:0.0135 acc:0.9956
INFO:__main__:
【val】epoch:122/150 loss:0.2569 acc:0.9488
INFO:__main__:
【Val】:  SENS: 0.8874  SPEC: 0.9736  PPV: 0.9318  NPV: 0.9552 F1:0.9091
INFO:__main__:验证的best_acc:0.9575
INFO:__main__:----------------------------------------------------------------------------------------------------
INFO:__main__:
【train】epoch:123/150 loss:0.0108 acc:0.9962
INFO:__main__:
【val】epoch:123/150 loss:0.2714 acc:0.9463
INFO:__main__:
【Val】:  SENS: 0.8788  SPEC: 0.9736  PPV: 0.9312  NPV: 0.9519 F1:0.9042
INFO:__main__:验证的best_acc:0.9575
INFO:__main__:----------------------------------------------------------------------------------------------------
INFO:__main__:
【train】epoch:124/150 loss:0.0099 acc:0.9970
INFO:__main__:
【val】epoch:124/150 loss:0.2576 acc:0.9463
INFO:__main__:
【Val】:  SENS: 0.8831  SPEC: 0.9719  PPV: 0.9273  NPV: 0.9534 F1:0.9047
INFO:__main__:验证的best_acc:0.9575
INFO:__main__:----------------------------------------------------------------------------------------------------
INFO:__main__:
【train】epoch:125/150 loss:0.0139 acc:0.9956
INFO:__main__:
【val】epoch:125/150 loss:0.2569 acc:0.9450
INFO:__main__:
【Val】:  SENS: 0.8701  SPEC: 0.9754  PPV: 0.9349  NPV: 0.9487 F1:0.9013
INFO:__main__:验证的best_acc:0.9575
INFO:__main__:----------------------------------------------------------------------------------------------------
INFO:__main__:
【train】epoch:126/150 loss:0.0102 acc:0.9956
INFO:__main__:
【val】epoch:126/150 loss:0.2635 acc:0.9413
INFO:__main__:
【Val】:  SENS: 0.8658  SPEC: 0.9719  PPV: 0.9259  NPV: 0.9469 F1:0.8949
INFO:__main__:验证的best_acc:0.9575
INFO:__main__:----------------------------------------------------------------------------------------------------
INFO:__main__:
【train】epoch:127/150 loss:0.0104 acc:0.9955
INFO:__main__:
【val】epoch:127/150 loss:0.2704 acc:0.9425
INFO:__main__:
【Val】:  SENS: 0.8831  SPEC: 0.9666  PPV: 0.9148  NPV: 0.9532 F1:0.8987
INFO:__main__:验证的best_acc:0.9575
INFO:__main__:----------------------------------------------------------------------------------------------------
INFO:__main__:
【train】epoch:128/150 loss:0.0097 acc:0.9964
INFO:__main__:
【val】epoch:128/150 loss:0.2533 acc:0.9388
INFO:__main__:
【Val】:  SENS: 0.8788  SPEC: 0.9631  PPV: 0.9062  NPV: 0.9514 F1:0.8923
INFO:__main__:验证的best_acc:0.9575
INFO:__main__:----------------------------------------------------------------------------------------------------
INFO:__main__:
【train】epoch:129/150 loss:0.0078 acc:0.9973
INFO:__main__:
【val】epoch:129/150 loss:0.2474 acc:0.9525
INFO:__main__:
【Val】:  SENS: 0.9134  SPEC: 0.9684  PPV: 0.9214  NPV: 0.9650 F1:0.9174
INFO:__main__:验证的best_acc:0.9575
INFO:__main__:----------------------------------------------------------------------------------------------------
INFO:__main__:
【train】epoch:130/150 loss:0.0141 acc:0.9956
INFO:__main__:
【val】epoch:130/150 loss:0.2541 acc:0.9463
INFO:__main__:
【Val】:  SENS: 0.8961  SPEC: 0.9666  PPV: 0.9159  NPV: 0.9582 F1:0.9059
INFO:__main__:验证的best_acc:0.9575
INFO:__main__:----------------------------------------------------------------------------------------------------
INFO:__main__:
【train】epoch:131/150 loss:0.0107 acc:0.9956
INFO:__main__:
【val】epoch:131/150 loss:0.2464 acc:0.9500
INFO:__main__:
【Val】:  SENS: 0.9048  SPEC: 0.9684  PPV: 0.9207  NPV: 0.9616 F1:0.9127
INFO:__main__:验证的best_acc:0.9575
INFO:__main__:----------------------------------------------------------------------------------------------------
INFO:__main__:
【train】epoch:132/150 loss:0.0081 acc:0.9976
INFO:__main__:
【val】epoch:132/150 loss:0.2402 acc:0.9500
INFO:__main__:
【Val】:  SENS: 0.9048  SPEC: 0.9684  PPV: 0.9207  NPV: 0.9616 F1:0.9127
INFO:__main__:验证的best_acc:0.9575
INFO:__main__:----------------------------------------------------------------------------------------------------
INFO:__main__:
【train】epoch:133/150 loss:0.0106 acc:0.9970
INFO:__main__:
【val】epoch:133/150 loss:0.2235 acc:0.9575
INFO:__main__:
【Val】:  SENS: 0.9221  SPEC: 0.9719  PPV: 0.9301  NPV: 0.9685 F1:0.9261
INFO:__main__:验证的best_acc:0.9575
INFO:__main__:----------------------------------------------------------------------------------------------------
INFO:__main__:
【train】epoch:134/150 loss:0.0057 acc:0.9985
INFO:__main__:
【val】epoch:134/150 loss:0.2264 acc:0.9575
INFO:__main__:
【Val】:  SENS: 0.9221  SPEC: 0.9719  PPV: 0.9301  NPV: 0.9685 F1:0.9261
INFO:__main__:验证的best_acc:0.9575
INFO:__main__:----------------------------------------------------------------------------------------------------
INFO:__main__:
【train】epoch:135/150 loss:0.0074 acc:0.9974
INFO:__main__:
【val】epoch:135/150 loss:0.2505 acc:0.9500
INFO:__main__:
【Val】:  SENS: 0.9091  SPEC: 0.9666  PPV: 0.9170  NPV: 0.9632 F1:0.9130
INFO:__main__:验证的best_acc:0.9575
INFO:__main__:----------------------------------------------------------------------------------------------------
INFO:__main__:
【train】epoch:136/150 loss:0.0084 acc:0.9964
INFO:__main__:
【val】epoch:136/150 loss:0.2478 acc:0.9500
INFO:__main__:
【Val】:  SENS: 0.8874  SPEC: 0.9754  PPV: 0.9361  NPV: 0.9552 F1:0.9111
INFO:__main__:验证的best_acc:0.9575
INFO:__main__:----------------------------------------------------------------------------------------------------
INFO:__main__:
【train】epoch:137/150 loss:0.0076 acc:0.9979
INFO:__main__:
【val】epoch:137/150 loss:0.2419 acc:0.9513
INFO:__main__:
【Val】:  SENS: 0.9177  SPEC: 0.9649  PPV: 0.9138  NPV: 0.9665 F1:0.9158
INFO:__main__:验证的best_acc:0.9575
INFO:__main__:----------------------------------------------------------------------------------------------------
INFO:__main__:
【train】epoch:138/150 loss:0.0068 acc:0.9974
INFO:__main__:
【val】epoch:138/150 loss:0.2516 acc:0.9513
INFO:__main__:
【Val】:  SENS: 0.9134  SPEC: 0.9666  PPV: 0.9174  NPV: 0.9649 F1:0.9154
INFO:__main__:验证的best_acc:0.9575
INFO:__main__:----------------------------------------------------------------------------------------------------
INFO:__main__:
【train】epoch:139/150 loss:0.0100 acc:0.9961
INFO:__main__:
【val】epoch:139/150 loss:0.2657 acc:0.9425
INFO:__main__:
【Val】:  SENS: 0.8961  SPEC: 0.9613  PPV: 0.9039  NPV: 0.9580 F1:0.9000
INFO:__main__:验证的best_acc:0.9575
INFO:__main__:----------------------------------------------------------------------------------------------------
INFO:__main__:
【train】epoch:140/150 loss:0.0086 acc:0.9962
INFO:__main__:
【val】epoch:140/150 loss:0.2584 acc:0.9475
INFO:__main__:
【Val】:  SENS: 0.9177  SPEC: 0.9596  PPV: 0.9021  NPV: 0.9664 F1:0.9099
INFO:__main__:验证的best_acc:0.9575
INFO:__main__:----------------------------------------------------------------------------------------------------
INFO:__main__:
【train】epoch:141/150 loss:0.0086 acc:0.9970
INFO:__main__:
【val】epoch:141/150 loss:0.2666 acc:0.9463
INFO:__main__:
【Val】:  SENS: 0.8918  SPEC: 0.9684  PPV: 0.9196  NPV: 0.9566 F1:0.9055
INFO:__main__:验证的best_acc:0.9575
INFO:__main__:----------------------------------------------------------------------------------------------------
INFO:__main__:
【train】epoch:142/150 loss:0.0053 acc:0.9985
INFO:__main__:
【val】epoch:142/150 loss:0.2649 acc:0.9500
INFO:__main__:
【Val】:  SENS: 0.9048  SPEC: 0.9684  PPV: 0.9207  NPV: 0.9616 F1:0.9127
INFO:__main__:验证的best_acc:0.9575
INFO:__main__:----------------------------------------------------------------------------------------------------
INFO:__main__:
【train】epoch:143/150 loss:0.0044 acc:0.9989
INFO:__main__:
【val】epoch:143/150 loss:0.2609 acc:0.9538
INFO:__main__:
【Val】:  SENS: 0.9048  SPEC: 0.9736  PPV: 0.9330  NPV: 0.9618 F1:0.9187
INFO:__main__:验证的best_acc:0.9575
INFO:__main__:----------------------------------------------------------------------------------------------------
INFO:__main__:
【train】epoch:144/150 loss:0.0067 acc:0.9983
INFO:__main__:
【val】epoch:144/150 loss:0.2711 acc:0.9463
INFO:__main__:
【Val】:  SENS: 0.8961  SPEC: 0.9666  PPV: 0.9159  NPV: 0.9582 F1:0.9059
INFO:__main__:验证的best_acc:0.9575
INFO:__main__:----------------------------------------------------------------------------------------------------
INFO:__main__:
【train】epoch:145/150 loss:0.0082 acc:0.9974
INFO:__main__:
【val】epoch:145/150 loss:0.2686 acc:0.9500
INFO:__main__:
【Val】:  SENS: 0.8961  SPEC: 0.9719  PPV: 0.9283  NPV: 0.9584 F1:0.9119
INFO:__main__:验证的best_acc:0.9575
INFO:__main__:----------------------------------------------------------------------------------------------------
INFO:__main__:
【train】epoch:146/150 loss:0.0059 acc:0.9980
INFO:__main__:
【val】epoch:146/150 loss:0.2561 acc:0.9475
INFO:__main__:
【Val】:  SENS: 0.9134  SPEC: 0.9613  PPV: 0.9056  NPV: 0.9647 F1:0.9095
INFO:__main__:验证的best_acc:0.9575
INFO:__main__:----------------------------------------------------------------------------------------------------
INFO:__main__:
【train】epoch:147/150 loss:0.0066 acc:0.9979
INFO:__main__:
【val】epoch:147/150 loss:0.2496 acc:0.9488
INFO:__main__:
【Val】:  SENS: 0.9091  SPEC: 0.9649  PPV: 0.9130  NPV: 0.9632 F1:0.9111
INFO:__main__:验证的best_acc:0.9575
INFO:__main__:----------------------------------------------------------------------------------------------------
INFO:__main__:
【train】epoch:148/150 loss:0.0067 acc:0.9974
INFO:__main__:
【val】epoch:148/150 loss:0.2566 acc:0.9513
INFO:__main__:
【Val】:  SENS: 0.9091  SPEC: 0.9684  PPV: 0.9211  NPV: 0.9633 F1:0.9150
INFO:__main__:验证的best_acc:0.9575
INFO:__main__:----------------------------------------------------------------------------------------------------
INFO:__main__:
【train】epoch:149/150 loss:0.0062 acc:0.9971
INFO:__main__:
【val】epoch:149/150 loss:0.2447 acc:0.9563
INFO:__main__:
【Val】:  SENS: 0.9177  SPEC: 0.9719  PPV: 0.9298  NPV: 0.9668 F1:0.9237
INFO:__main__:验证的best_acc:0.9575
INFO:__main__:----------------------------------------------------------------------------------------------------
INFO:__main__:****************************************************************************************************
INFO:__main__:Val_LOSS:['0.5138', '0.4305', '0.3853', '0.3802', '0.3603', '0.5379', '0.3852', '0.3374', '0.3330', '0.2873', '0.2424', '0.2691', '0.2369', '0.2321', '0.2685', '0.2674', '0.2582', '0.2607', '0.3605', '0.2062', '0.4321', '0.2697', '0.2775', '0.2745', '0.2083', '0.2968', '0.2244', '0.2593', '0.2276', '0.2401', '0.1934', '0.2134', '0.1920', '0.2351', '0.2365', '0.2334', '0.2678', '0.2513', '0.2140', '0.2106', '0.1960', '0.1647', '0.2098', '0.1796', '0.2066', '0.2760', '0.1980', '0.1798', '0.2419', '0.2039', '0.1640', '0.2062', '0.1916', '0.2200', '0.4019', '0.1995', '0.1947', '0.1902', '0.1739', '0.1697', '0.1807', '0.1949', '0.1873', '0.2216', '0.1934', '0.1741', '0.2174', '0.1957', '0.2021', '0.1805', '0.1457', '0.1570', '0.1903', '0.2365', '0.2197', '0.1986', '0.2453', '0.1935', '0.2181', '0.1905', '0.1864', '0.2188', '0.1837', '0.2214', '0.2193', '0.3025', '0.2046', '0.2070', '0.2367', '0.2234', '0.2224', '0.2109', '0.2144', '0.2069', '0.2695', '0.2002', '0.2067', '0.2207', '0.2247', '0.2469', '0.2287', '0.2296', '0.2166', '0.2396', '0.2131', '0.2268', '0.2426', '0.2648', '0.2361', '0.2397', '0.2501', '0.2416', '0.2501', '0.2528', '0.2268', '0.2637', '0.2468', '0.2384', '0.3212', '0.2391', '0.2287', '0.2381', '0.2569', '0.2714', '0.2576', '0.2569', '0.2635', '0.2704', '0.2533', '0.2474', '0.2541', '0.2464', '0.2402', '0.2235', '0.2264', '0.2505', '0.2478', '0.2419', '0.2516', '0.2657', '0.2584', '0.2666', '0.2649', '0.2609', '0.2711', '0.2686', '0.2561', '0.2496', '0.2566', '0.2447']
INFO:__main__:Val_ACC:['0.7113', '0.7850', '0.8125', '0.8100', '0.8350', '0.6938', '0.8225', '0.8487', '0.8450', '0.8788', '0.9025', '0.8687', '0.9013', '0.9087', '0.8813', '0.8800', '0.8938', '0.8938', '0.8450', '0.9175', '0.8562', '0.8913', '0.9038', '0.8938', '0.9212', '0.8925', '0.9225', '0.9025', '0.9150', '0.9200', '0.9262', '0.9325', '0.9300', '0.9162', '0.9212', '0.9275', '0.9125', '0.9087', '0.9312', '0.9212', '0.9300', '0.9413', '0.9312', '0.9413', '0.9287', '0.9087', '0.9388', '0.9388', '0.9137', '0.9287', '0.9513', '0.9362', '0.9425', '0.9287', '0.8788', '0.9362', '0.9488', '0.9438', '0.9463', '0.9513', '0.9525', '0.9350', '0.9463', '0.9350', '0.9425', '0.9475', '0.9300', '0.9388', '0.9425', '0.9538', '0.9575', '0.9550', '0.9425', '0.9375', '0.9388', '0.9475', '0.9287', '0.9450', '0.9475', '0.9413', '0.9500', '0.9413', '0.9488', '0.9463', '0.9400', '0.9287', '0.9500', '0.9488', '0.9400', '0.9525', '0.9463', '0.9525', '0.9488', '0.9450', '0.9413', '0.9525', '0.9488', '0.9475', '0.9488', '0.9425', '0.9475', '0.9425', '0.9475', '0.9500', '0.9475', '0.9438', '0.9500', '0.9400', '0.9413', '0.9450', '0.9425', '0.9413', '0.9538', '0.9475', '0.9513', '0.9500', '0.9450', '0.9500', '0.9350', '0.9538', '0.9550', '0.9525', '0.9488', '0.9463', '0.9463', '0.9450', '0.9413', '0.9425', '0.9388', '0.9525', '0.9463', '0.9500', '0.9500', '0.9575', '0.9575', '0.9500', '0.9500', '0.9513', '0.9513', '0.9425', '0.9475', '0.9463', '0.9500', '0.9538', '0.9463', '0.9500', '0.9475', '0.9488', '0.9513', '0.9563']
INFO:__main__:****************************************************************************************************
INFO:__main__: epoch0 测试test_Loss: 0.1920  test_ACC: 0.9390  
INFO:__main__:SENS: 0.8745 SPEC: 0.9660 PPV: 0.9153 NPV: 0.9483 F1:0.8944
INFO:__main__:test_Best_acc:0.9390
INFO:__main__:flops:2323740064.0  params:14128629.0
