INFO:__main__:
【train】epoch:0/150 loss:0.6251 acc:0.6605
INFO:__main__:
【val】epoch:0/150 loss:0.7291 acc:0.6741
INFO:__main__:
【Val】:  SENS: 0.1446  SPEC: 0.9755  PPV: 0.7705  NPV: 0.6671 F1:0.2435
INFO:__main__:验证的best_acc:0.6741
INFO:__main__:----------------------------------------------------------------------------------------------------
INFO:__main__:
【train】epoch:1/150 loss:0.5673 acc:0.6927
INFO:__main__:
【val】epoch:1/150 loss:0.4838 acc:0.7243
INFO:__main__:
【Val】:  SENS: 0.4277  SPEC: 0.8932  PPV: 0.6950  NPV: 0.7328 F1:0.5295
INFO:__main__:验证的best_acc:0.7243
INFO:__main__:----------------------------------------------------------------------------------------------------
INFO:__main__:
【train】epoch:2/150 loss:0.5257 acc:0.7344
INFO:__main__:
【val】epoch:2/150 loss:0.5339 acc:0.6942
INFO:__main__:
【Val】:  SENS: 0.4862  SPEC: 0.8126  PPV: 0.5962  NPV: 0.7353 F1:0.5356
INFO:__main__:验证的best_acc:0.7243
INFO:__main__:----------------------------------------------------------------------------------------------------
INFO:__main__:
【train】epoch:3/150 loss:0.5012 acc:0.7558
INFO:__main__:
【val】epoch:3/150 loss:0.4594 acc:0.7623
INFO:__main__:
【Val】:  SENS: 0.4431  SPEC: 0.9440  PPV: 0.8182  NPV: 0.7486 F1:0.5749
INFO:__main__:验证的best_acc:0.7623
INFO:__main__:----------------------------------------------------------------------------------------------------
INFO:__main__:
【train】epoch:4/150 loss:0.4550 acc:0.7917
INFO:__main__:
【val】epoch:4/150 loss:0.3710 acc:0.8181
INFO:__main__:
【Val】:  SENS: 0.8615  SPEC: 0.7933  PPV: 0.7035  NPV: 0.9096 F1:0.7746
INFO:__main__:验证的best_acc:0.8181
INFO:__main__:----------------------------------------------------------------------------------------------------
INFO:__main__:
【train】epoch:5/150 loss:0.4177 acc:0.8077
INFO:__main__:
【val】epoch:5/150 loss:0.3123 acc:0.8783
INFO:__main__:
【Val】:  SENS: 0.7908  SPEC: 0.9282  PPV: 0.8624  NPV: 0.8863 F1:0.8250
INFO:__main__:验证的best_acc:0.8783
INFO:__main__:----------------------------------------------------------------------------------------------------
INFO:__main__:
【train】epoch:6/150 loss:0.4004 acc:0.8175
INFO:__main__:
【val】epoch:6/150 loss:0.4656 acc:0.7857
INFO:__main__:
【Val】:  SENS: 0.4800  SPEC: 0.9597  PPV: 0.8715  NPV: 0.7643 F1:0.6190
INFO:__main__:验证的best_acc:0.8783
INFO:__main__:----------------------------------------------------------------------------------------------------
INFO:__main__:
【train】epoch:7/150 loss:0.3845 acc:0.8261
INFO:__main__:
【val】epoch:7/150 loss:0.4400 acc:0.8415
INFO:__main__:
【Val】:  SENS: 0.7354  SPEC: 0.9019  PPV: 0.8102  NPV: 0.8569 F1:0.7710
INFO:__main__:验证的best_acc:0.8783
INFO:__main__:----------------------------------------------------------------------------------------------------
INFO:__main__:
【train】epoch:8/150 loss:0.3822 acc:0.8284
INFO:__main__:
【val】epoch:8/150 loss:0.3735 acc:0.8527
INFO:__main__:
【Val】:  SENS: 0.7600  SPEC: 0.9054  PPV: 0.8206  NPV: 0.8689 F1:0.7891
INFO:__main__:验证的best_acc:0.8783
INFO:__main__:----------------------------------------------------------------------------------------------------
INFO:__main__:
【train】epoch:9/150 loss:0.3557 acc:0.8414
INFO:__main__:
【val】epoch:9/150 loss:0.3370 acc:0.8504
INFO:__main__:
【Val】:  SENS: 0.7600  SPEC: 0.9019  PPV: 0.8152  NPV: 0.8685 F1:0.7866
INFO:__main__:验证的best_acc:0.8783
INFO:__main__:----------------------------------------------------------------------------------------------------
INFO:__main__:
【train】epoch:10/150 loss:0.3533 acc:0.8435
INFO:__main__:
【val】epoch:10/150 loss:0.3622 acc:0.8114
INFO:__main__:
【Val】:  SENS: 0.5631  SPEC: 0.9527  PPV: 0.8714  NPV: 0.7930 F1:0.6841
INFO:__main__:验证的best_acc:0.8783
INFO:__main__:----------------------------------------------------------------------------------------------------
INFO:__main__:
【train】epoch:11/150 loss:0.3494 acc:0.8444
INFO:__main__:
【val】epoch:11/150 loss:0.3176 acc:0.8616
INFO:__main__:
【Val】:  SENS: 0.7292  SPEC: 0.9370  PPV: 0.8681  NPV: 0.8587 F1:0.7926
INFO:__main__:验证的best_acc:0.8783
INFO:__main__:----------------------------------------------------------------------------------------------------
INFO:__main__:
【train】epoch:12/150 loss:0.3446 acc:0.8458
INFO:__main__:
【val】epoch:12/150 loss:0.2981 acc:0.8728
INFO:__main__:
【Val】:  SENS: 0.8369  SPEC: 0.8932  PPV: 0.8168  NPV: 0.9059 F1:0.8267
INFO:__main__:验证的best_acc:0.8783
INFO:__main__:----------------------------------------------------------------------------------------------------
INFO:__main__:
【train】epoch:13/150 loss:0.3341 acc:0.8518
INFO:__main__:
【val】epoch:13/150 loss:0.4303 acc:0.8225
INFO:__main__:
【Val】:  SENS: 0.5692  SPEC: 0.9667  PPV: 0.9069  NPV: 0.7977 F1:0.6994
INFO:__main__:验证的best_acc:0.8783
INFO:__main__:----------------------------------------------------------------------------------------------------
INFO:__main__:
【train】epoch:14/150 loss:0.3331 acc:0.8534
INFO:__main__:
【val】epoch:14/150 loss:0.3370 acc:0.8404
INFO:__main__:
【Val】:  SENS: 0.6831  SPEC: 0.9299  PPV: 0.8473  NPV: 0.8375 F1:0.7564
INFO:__main__:验证的best_acc:0.8783
INFO:__main__:----------------------------------------------------------------------------------------------------
INFO:__main__:
【train】epoch:15/150 loss:0.3219 acc:0.8575
INFO:__main__:
【val】epoch:15/150 loss:0.3833 acc:0.8002
INFO:__main__:
【Val】:  SENS: 0.5046  SPEC: 0.9685  PPV: 0.9011  NPV: 0.7745 F1:0.6469
INFO:__main__:验证的best_acc:0.8783
INFO:__main__:----------------------------------------------------------------------------------------------------
INFO:__main__:
【train】epoch:16/150 loss:0.3246 acc:0.8586
INFO:__main__:
【val】epoch:16/150 loss:0.3014 acc:0.8683
INFO:__main__:
【Val】:  SENS: 0.8062  SPEC: 0.9037  PPV: 0.8265  NPV: 0.8912 F1:0.8162
INFO:__main__:验证的best_acc:0.8783
INFO:__main__:----------------------------------------------------------------------------------------------------
INFO:__main__:
【train】epoch:17/150 loss:0.3147 acc:0.8648
INFO:__main__:
【val】epoch:17/150 loss:0.3077 acc:0.8728
INFO:__main__:
【Val】:  SENS: 0.9015  SPEC: 0.8564  PPV: 0.7813  NPV: 0.9386 F1:0.8371
INFO:__main__:验证的best_acc:0.8783
INFO:__main__:----------------------------------------------------------------------------------------------------
INFO:__main__:
【train】epoch:18/150 loss:0.3174 acc:0.8575
INFO:__main__:
【val】epoch:18/150 loss:0.3075 acc:0.8627
INFO:__main__:
【Val】:  SENS: 0.8585  SPEC: 0.8651  PPV: 0.7837  NPV: 0.9148 F1:0.8194
INFO:__main__:验证的best_acc:0.8783
INFO:__main__:----------------------------------------------------------------------------------------------------
INFO:__main__:
【train】epoch:19/150 loss:0.2918 acc:0.8749
INFO:__main__:
【val】epoch:19/150 loss:0.3202 acc:0.8549
INFO:__main__:
【Val】:  SENS: 0.7446  SPEC: 0.9177  PPV: 0.8374  NPV: 0.8633 F1:0.7883
INFO:__main__:验证的best_acc:0.8783
INFO:__main__:----------------------------------------------------------------------------------------------------
INFO:__main__:
【train】epoch:20/150 loss:0.2825 acc:0.8793
INFO:__main__:
【val】epoch:20/150 loss:0.2983 acc:0.8806
INFO:__main__:
【Val】:  SENS: 0.8492  SPEC: 0.8984  PPV: 0.8263  NPV: 0.9128 F1:0.8376
INFO:__main__:验证的best_acc:0.8806
INFO:__main__:----------------------------------------------------------------------------------------------------
INFO:__main__:
【train】epoch:21/150 loss:0.2843 acc:0.8793
INFO:__main__:
【val】epoch:21/150 loss:0.3267 acc:0.8638
INFO:__main__:
【Val】:  SENS: 0.9108  SPEC: 0.8371  PPV: 0.7609  NPV: 0.9428 F1:0.8291
INFO:__main__:验证的best_acc:0.8806
INFO:__main__:----------------------------------------------------------------------------------------------------
INFO:__main__:
【train】epoch:0/150 loss:0.6251 acc:0.6605
INFO:__main__:
【val】epoch:0/150 loss:0.7291 acc:0.6741
INFO:__main__:
【Val】:  SENS: 0.1446  SPEC: 0.9755  PPV: 0.7705  NPV: 0.6671 F1:0.2435
INFO:__main__:验证的best_acc:0.6741
INFO:__main__:----------------------------------------------------------------------------------------------------
INFO:__main__:
【train】epoch:1/150 loss:0.5673 acc:0.6927
INFO:__main__:
【val】epoch:1/150 loss:0.4838 acc:0.7243
INFO:__main__:
【Val】:  SENS: 0.4277  SPEC: 0.8932  PPV: 0.6950  NPV: 0.7328 F1:0.5295
INFO:__main__:验证的best_acc:0.7243
INFO:__main__:----------------------------------------------------------------------------------------------------
INFO:__main__:
【train】epoch:2/150 loss:0.5257 acc:0.7344
INFO:__main__:
【val】epoch:2/150 loss:0.5339 acc:0.6942
INFO:__main__:
【Val】:  SENS: 0.4862  SPEC: 0.8126  PPV: 0.5962  NPV: 0.7353 F1:0.5356
INFO:__main__:验证的best_acc:0.7243
INFO:__main__:----------------------------------------------------------------------------------------------------
INFO:__main__:
【train】epoch:3/150 loss:0.5012 acc:0.7558
INFO:__main__:
【val】epoch:3/150 loss:0.4594 acc:0.7623
INFO:__main__:
【Val】:  SENS: 0.4431  SPEC: 0.9440  PPV: 0.8182  NPV: 0.7486 F1:0.5749
INFO:__main__:验证的best_acc:0.7623
INFO:__main__:----------------------------------------------------------------------------------------------------
INFO:__main__:
【train】epoch:4/150 loss:0.4550 acc:0.7917
INFO:__main__:
【val】epoch:4/150 loss:0.3710 acc:0.8181
INFO:__main__:
【Val】:  SENS: 0.8615  SPEC: 0.7933  PPV: 0.7035  NPV: 0.9096 F1:0.7746
INFO:__main__:验证的best_acc:0.8181
INFO:__main__:----------------------------------------------------------------------------------------------------
INFO:__main__:
【train】epoch:5/150 loss:0.4177 acc:0.8077
INFO:__main__:
【val】epoch:5/150 loss:0.3123 acc:0.8783
INFO:__main__:
【Val】:  SENS: 0.7908  SPEC: 0.9282  PPV: 0.8624  NPV: 0.8863 F1:0.8250
INFO:__main__:验证的best_acc:0.8783
INFO:__main__:----------------------------------------------------------------------------------------------------
INFO:__main__:
【train】epoch:6/150 loss:0.4004 acc:0.8175
INFO:__main__:
【val】epoch:6/150 loss:0.4656 acc:0.7857
INFO:__main__:
【Val】:  SENS: 0.4800  SPEC: 0.9597  PPV: 0.8715  NPV: 0.7643 F1:0.6190
INFO:__main__:验证的best_acc:0.8783
INFO:__main__:----------------------------------------------------------------------------------------------------
INFO:__main__:
【train】epoch:7/150 loss:0.3845 acc:0.8261
INFO:__main__:
【val】epoch:7/150 loss:0.4400 acc:0.8415
INFO:__main__:
【Val】:  SENS: 0.7354  SPEC: 0.9019  PPV: 0.8102  NPV: 0.8569 F1:0.7710
INFO:__main__:验证的best_acc:0.8783
INFO:__main__:----------------------------------------------------------------------------------------------------
INFO:__main__:
【train】epoch:8/150 loss:0.3822 acc:0.8284
INFO:__main__:
【val】epoch:8/150 loss:0.3735 acc:0.8527
INFO:__main__:
【Val】:  SENS: 0.7600  SPEC: 0.9054  PPV: 0.8206  NPV: 0.8689 F1:0.7891
INFO:__main__:验证的best_acc:0.8783
INFO:__main__:----------------------------------------------------------------------------------------------------
INFO:__main__:
【train】epoch:9/150 loss:0.3557 acc:0.8414
INFO:__main__:
【val】epoch:9/150 loss:0.3370 acc:0.8504
INFO:__main__:
【Val】:  SENS: 0.7600  SPEC: 0.9019  PPV: 0.8152  NPV: 0.8685 F1:0.7866
INFO:__main__:验证的best_acc:0.8783
INFO:__main__:----------------------------------------------------------------------------------------------------
INFO:__main__:
【train】epoch:10/150 loss:0.3533 acc:0.8435
INFO:__main__:
【val】epoch:10/150 loss:0.3622 acc:0.8114
INFO:__main__:
【Val】:  SENS: 0.5631  SPEC: 0.9527  PPV: 0.8714  NPV: 0.7930 F1:0.6841
INFO:__main__:验证的best_acc:0.8783
INFO:__main__:----------------------------------------------------------------------------------------------------
INFO:__main__:
【train】epoch:11/150 loss:0.3494 acc:0.8444
INFO:__main__:
【val】epoch:11/150 loss:0.3176 acc:0.8616
INFO:__main__:
【Val】:  SENS: 0.7292  SPEC: 0.9370  PPV: 0.8681  NPV: 0.8587 F1:0.7926
INFO:__main__:验证的best_acc:0.8783
INFO:__main__:----------------------------------------------------------------------------------------------------
INFO:__main__:
【train】epoch:12/150 loss:0.3446 acc:0.8458
INFO:__main__:
【val】epoch:12/150 loss:0.2981 acc:0.8728
INFO:__main__:
【Val】:  SENS: 0.8369  SPEC: 0.8932  PPV: 0.8168  NPV: 0.9059 F1:0.8267
INFO:__main__:验证的best_acc:0.8783
INFO:__main__:----------------------------------------------------------------------------------------------------
INFO:__main__:
【train】epoch:13/150 loss:0.3341 acc:0.8518
INFO:__main__:
【val】epoch:13/150 loss:0.4303 acc:0.8225
INFO:__main__:
【Val】:  SENS: 0.5692  SPEC: 0.9667  PPV: 0.9069  NPV: 0.7977 F1:0.6994
INFO:__main__:验证的best_acc:0.8783
INFO:__main__:----------------------------------------------------------------------------------------------------
INFO:__main__:
【train】epoch:14/150 loss:0.3331 acc:0.8534
INFO:__main__:
【val】epoch:14/150 loss:0.3370 acc:0.8404
INFO:__main__:
【Val】:  SENS: 0.6831  SPEC: 0.9299  PPV: 0.8473  NPV: 0.8375 F1:0.7564
INFO:__main__:验证的best_acc:0.8783
INFO:__main__:----------------------------------------------------------------------------------------------------
INFO:__main__:
【train】epoch:15/150 loss:0.3219 acc:0.8575
INFO:__main__:
【val】epoch:15/150 loss:0.3833 acc:0.8002
INFO:__main__:
【Val】:  SENS: 0.5046  SPEC: 0.9685  PPV: 0.9011  NPV: 0.7745 F1:0.6469
INFO:__main__:验证的best_acc:0.8783
INFO:__main__:----------------------------------------------------------------------------------------------------
INFO:__main__:
【train】epoch:16/150 loss:0.3246 acc:0.8586
INFO:__main__:
【val】epoch:16/150 loss:0.3014 acc:0.8683
INFO:__main__:
【Val】:  SENS: 0.8062  SPEC: 0.9037  PPV: 0.8265  NPV: 0.8912 F1:0.8162
INFO:__main__:验证的best_acc:0.8783
INFO:__main__:----------------------------------------------------------------------------------------------------
INFO:__main__:
【train】epoch:17/150 loss:0.3147 acc:0.8648
INFO:__main__:
【val】epoch:17/150 loss:0.3077 acc:0.8728
INFO:__main__:
【Val】:  SENS: 0.9015  SPEC: 0.8564  PPV: 0.7813  NPV: 0.9386 F1:0.8371
INFO:__main__:验证的best_acc:0.8783
INFO:__main__:----------------------------------------------------------------------------------------------------
INFO:__main__:
【train】epoch:18/150 loss:0.3174 acc:0.8575
INFO:__main__:
【val】epoch:18/150 loss:0.3075 acc:0.8627
INFO:__main__:
【Val】:  SENS: 0.8585  SPEC: 0.8651  PPV: 0.7837  NPV: 0.9148 F1:0.8194
INFO:__main__:验证的best_acc:0.8783
INFO:__main__:----------------------------------------------------------------------------------------------------
INFO:__main__:
【train】epoch:19/150 loss:0.2918 acc:0.8749
INFO:__main__:
【val】epoch:19/150 loss:0.3202 acc:0.8549
INFO:__main__:
【Val】:  SENS: 0.7446  SPEC: 0.9177  PPV: 0.8374  NPV: 0.8633 F1:0.7883
INFO:__main__:验证的best_acc:0.8783
INFO:__main__:----------------------------------------------------------------------------------------------------
INFO:__main__:
【train】epoch:20/150 loss:0.2825 acc:0.8793
INFO:__main__:
【val】epoch:20/150 loss:0.2983 acc:0.8806
INFO:__main__:
【Val】:  SENS: 0.8492  SPEC: 0.8984  PPV: 0.8263  NPV: 0.9128 F1:0.8376
INFO:__main__:验证的best_acc:0.8806
INFO:__main__:----------------------------------------------------------------------------------------------------
INFO:__main__:
【train】epoch:21/150 loss:0.2843 acc:0.8793
INFO:__main__:
【val】epoch:21/150 loss:0.3267 acc:0.8638
INFO:__main__:
【Val】:  SENS: 0.9108  SPEC: 0.8371  PPV: 0.7609  NPV: 0.9428 F1:0.8291
INFO:__main__:验证的best_acc:0.8806
INFO:__main__:----------------------------------------------------------------------------------------------------
INFO:__main__:
【train】epoch:22/150 loss:0.2802 acc:0.8815
INFO:__main__:
【val】epoch:22/150 loss:0.3183 acc:0.8538
INFO:__main__:
【Val】:  SENS: 0.7785  SPEC: 0.8967  PPV: 0.8109  NPV: 0.8767 F1:0.7943
INFO:__main__:验证的best_acc:0.8806
INFO:__main__:----------------------------------------------------------------------------------------------------
INFO:__main__:
【train】epoch:23/150 loss:0.2759 acc:0.8785
INFO:__main__:
【val】epoch:23/150 loss:0.2877 acc:0.8694
INFO:__main__:
【Val】:  SENS: 0.7877  SPEC: 0.9159  PPV: 0.8421  NPV: 0.8834 F1:0.8140
INFO:__main__:验证的best_acc:0.8806
INFO:__main__:----------------------------------------------------------------------------------------------------
INFO:__main__:
【train】epoch:24/150 loss:0.2647 acc:0.8914
INFO:__main__:
【val】epoch:24/150 loss:0.3057 acc:0.8627
INFO:__main__:
【Val】:  SENS: 0.8062  SPEC: 0.8949  PPV: 0.8137  NPV: 0.8902 F1:0.8099
INFO:__main__:验证的best_acc:0.8806
INFO:__main__:----------------------------------------------------------------------------------------------------
INFO:__main__:
【train】epoch:25/150 loss:0.2666 acc:0.8860
INFO:__main__:
【val】epoch:25/150 loss:0.3174 acc:0.8527
INFO:__main__:
【Val】:  SENS: 0.8492  SPEC: 0.8546  PPV: 0.7688  NPV: 0.9088 F1:0.8070
INFO:__main__:验证的best_acc:0.8806
INFO:__main__:----------------------------------------------------------------------------------------------------
INFO:__main__:
【train】epoch:26/150 loss:0.2714 acc:0.8810
INFO:__main__:
【val】epoch:26/150 loss:0.3487 acc:0.8304
INFO:__main__:
【Val】:  SENS: 0.9015  SPEC: 0.7898  PPV: 0.7094  NPV: 0.9337 F1:0.7940
INFO:__main__:验证的best_acc:0.8806
INFO:__main__:----------------------------------------------------------------------------------------------------
INFO:__main__:
【train】epoch:27/150 loss:0.2680 acc:0.8822
INFO:__main__:
【val】epoch:27/150 loss:0.3030 acc:0.8683
INFO:__main__:
【Val】:  SENS: 0.8308  SPEC: 0.8897  PPV: 0.8108  NPV: 0.9023 F1:0.8207
INFO:__main__:验证的best_acc:0.8806
INFO:__main__:----------------------------------------------------------------------------------------------------
INFO:__main__:
【train】epoch:28/150 loss:0.2639 acc:0.8833
INFO:__main__:
【val】epoch:28/150 loss:0.3280 acc:0.8493
INFO:__main__:
【Val】:  SENS: 0.7323  SPEC: 0.9159  PPV: 0.8322  NPV: 0.8574 F1:0.7791
INFO:__main__:验证的best_acc:0.8806
INFO:__main__:----------------------------------------------------------------------------------------------------
INFO:__main__:
【train】epoch:29/150 loss:0.2438 acc:0.8955
INFO:__main__:
【val】epoch:29/150 loss:0.2971 acc:0.8750
INFO:__main__:
【Val】:  SENS: 0.8215  SPEC: 0.9054  PPV: 0.8318  NPV: 0.8991 F1:0.8266
INFO:__main__:验证的best_acc:0.8806
INFO:__main__:----------------------------------------------------------------------------------------------------
INFO:__main__:
【train】epoch:30/150 loss:0.2464 acc:0.8977
INFO:__main__:
【val】epoch:30/150 loss:0.3267 acc:0.8761
INFO:__main__:
【Val】:  SENS: 0.8892  SPEC: 0.8687  PPV: 0.7940  NPV: 0.9323 F1:0.8389
INFO:__main__:验证的best_acc:0.8806
INFO:__main__:----------------------------------------------------------------------------------------------------
INFO:__main__:
【train】epoch:31/150 loss:0.2273 acc:0.9026
INFO:__main__:
【val】epoch:31/150 loss:0.3402 acc:0.8783
INFO:__main__:
【Val】:  SENS: 0.8400  SPEC: 0.9002  PPV: 0.8273  NPV: 0.9081 F1:0.8336
INFO:__main__:验证的best_acc:0.8806
INFO:__main__:----------------------------------------------------------------------------------------------------
INFO:__main__:
【train】epoch:32/150 loss:0.2280 acc:0.9039
INFO:__main__:
【val】epoch:32/150 loss:0.3464 acc:0.8571
INFO:__main__:
【Val】:  SENS: 0.8338  SPEC: 0.8704  PPV: 0.7855  NPV: 0.9020 F1:0.8090
INFO:__main__:验证的best_acc:0.8806
INFO:__main__:----------------------------------------------------------------------------------------------------
INFO:__main__:
【train】epoch:33/150 loss:0.2343 acc:0.8986
INFO:__main__:
【val】epoch:33/150 loss:0.3209 acc:0.8616
INFO:__main__:
【Val】:  SENS: 0.8154  SPEC: 0.8879  PPV: 0.8055  NPV: 0.8942 F1:0.8104
INFO:__main__:验证的best_acc:0.8806
INFO:__main__:----------------------------------------------------------------------------------------------------
INFO:__main__:
【train】epoch:34/150 loss:0.2304 acc:0.9067
INFO:__main__:
【val】epoch:34/150 loss:0.3276 acc:0.8683
INFO:__main__:
【Val】:  SENS: 0.8708  SPEC: 0.8669  PPV: 0.7883  NPV: 0.9218 F1:0.8275
INFO:__main__:验证的best_acc:0.8806
INFO:__main__:----------------------------------------------------------------------------------------------------
INFO:__main__:
【train】epoch:35/150 loss:0.2295 acc:0.9018
INFO:__main__:
【val】epoch:35/150 loss:0.3277 acc:0.8638
INFO:__main__:
【Val】:  SENS: 0.8215  SPEC: 0.8879  PPV: 0.8066  NPV: 0.8973 F1:0.8140
INFO:__main__:验证的best_acc:0.8806
INFO:__main__:----------------------------------------------------------------------------------------------------
INFO:__main__:
【train】epoch:36/150 loss:0.2246 acc:0.9053
INFO:__main__:
【val】epoch:36/150 loss:0.3261 acc:0.8705
INFO:__main__:
【Val】:  SENS: 0.8462  SPEC: 0.8844  PPV: 0.8065  NPV: 0.9099 F1:0.8258
INFO:__main__:验证的best_acc:0.8806
INFO:__main__:----------------------------------------------------------------------------------------------------
INFO:__main__:
【train】epoch:37/150 loss:0.2191 acc:0.9090
INFO:__main__:
【val】epoch:37/150 loss:0.3019 acc:0.8728
INFO:__main__:
【Val】:  SENS: 0.8462  SPEC: 0.8879  PPV: 0.8112  NPV: 0.9102 F1:0.8283
INFO:__main__:验证的best_acc:0.8806
INFO:__main__:----------------------------------------------------------------------------------------------------
INFO:__main__:
【train】epoch:38/150 loss:0.2247 acc:0.9052
INFO:__main__:
【val】epoch:38/150 loss:0.3336 acc:0.8672
INFO:__main__:
【Val】:  SENS: 0.8185  SPEC: 0.8949  PPV: 0.8160  NPV: 0.8965 F1:0.8172
INFO:__main__:验证的best_acc:0.8806
INFO:__main__:----------------------------------------------------------------------------------------------------
INFO:__main__:
【train】epoch:39/150 loss:0.2093 acc:0.9135
INFO:__main__:
【val】epoch:39/150 loss:0.3208 acc:0.8728
INFO:__main__:
【Val】:  SENS: 0.8585  SPEC: 0.8809  PPV: 0.8040  NPV: 0.9162 F1:0.8304
INFO:__main__:验证的best_acc:0.8806
INFO:__main__:----------------------------------------------------------------------------------------------------
INFO:__main__:
【train】epoch:40/150 loss:0.2024 acc:0.9141
INFO:__main__:
【val】epoch:40/150 loss:0.3175 acc:0.8806
INFO:__main__:
【Val】:  SENS: 0.8708  SPEC: 0.8862  PPV: 0.8132  NPV: 0.9234 F1:0.8410
INFO:__main__:验证的best_acc:0.8806
INFO:__main__:----------------------------------------------------------------------------------------------------
INFO:__main__:
【train】epoch:41/150 loss:0.1915 acc:0.9251
INFO:__main__:
【val】epoch:41/150 loss:0.3141 acc:0.8895
INFO:__main__:
【Val】:  SENS: 0.8338  SPEC: 0.9212  PPV: 0.8576  NPV: 0.9069 F1:0.8456
INFO:__main__:验证的best_acc:0.8895
INFO:__main__:----------------------------------------------------------------------------------------------------
INFO:__main__:
【train】epoch:42/150 loss:0.1882 acc:0.9208
INFO:__main__:
【val】epoch:42/150 loss:0.3909 acc:0.8728
INFO:__main__:
【Val】:  SENS: 0.8831  SPEC: 0.8669  PPV: 0.7906  NPV: 0.9287 F1:0.8343
INFO:__main__:验证的best_acc:0.8895
INFO:__main__:----------------------------------------------------------------------------------------------------
INFO:__main__:
【train】epoch:43/150 loss:0.1914 acc:0.9205
INFO:__main__:
【val】epoch:43/150 loss:0.3719 acc:0.8616
INFO:__main__:
【Val】:  SENS: 0.9169  SPEC: 0.8301  PPV: 0.7544  NPV: 0.9461 F1:0.8278
INFO:__main__:验证的best_acc:0.8895
INFO:__main__:----------------------------------------------------------------------------------------------------
INFO:__main__:
【train】epoch:44/150 loss:0.1937 acc:0.9204
INFO:__main__:
【val】epoch:44/150 loss:0.3447 acc:0.8683
INFO:__main__:
【Val】:  SENS: 0.8769  SPEC: 0.8634  PPV: 0.7851  NPV: 0.9250 F1:0.8285
INFO:__main__:验证的best_acc:0.8895
INFO:__main__:----------------------------------------------------------------------------------------------------
INFO:__main__:
【train】epoch:45/150 loss:0.1931 acc:0.9227
INFO:__main__:
【val】epoch:45/150 loss:0.3704 acc:0.8672
INFO:__main__:
【Val】:  SENS: 0.8431  SPEC: 0.8809  PPV: 0.8012  NPV: 0.9079 F1:0.8216
INFO:__main__:验证的best_acc:0.8895
INFO:__main__:----------------------------------------------------------------------------------------------------
INFO:__main__:
【train】epoch:46/150 loss:0.1924 acc:0.9182
INFO:__main__:
【val】epoch:46/150 loss:0.3830 acc:0.8728
INFO:__main__:
【Val】:  SENS: 0.8769  SPEC: 0.8704  PPV: 0.7939  NPV: 0.9255 F1:0.8333
INFO:__main__:验证的best_acc:0.8895
INFO:__main__:----------------------------------------------------------------------------------------------------
INFO:__main__:
【train】epoch:47/150 loss:0.1930 acc:0.9170
INFO:__main__:
【val】epoch:47/150 loss:0.2964 acc:0.8873
INFO:__main__:
【Val】:  SENS: 0.8585  SPEC: 0.9037  PPV: 0.8353  NPV: 0.9181 F1:0.8467
INFO:__main__:验证的best_acc:0.8895
INFO:__main__:----------------------------------------------------------------------------------------------------
INFO:__main__:
【train】epoch:48/150 loss:0.1907 acc:0.9212
INFO:__main__:
【val】epoch:48/150 loss:0.3504 acc:0.8739
INFO:__main__:
【Val】:  SENS: 0.8492  SPEC: 0.8879  PPV: 0.8118  NPV: 0.9119 F1:0.8301
INFO:__main__:验证的best_acc:0.8895
INFO:__main__:----------------------------------------------------------------------------------------------------
INFO:__main__:
【train】epoch:49/150 loss:0.1789 acc:0.9254
INFO:__main__:
【val】epoch:49/150 loss:0.3529 acc:0.8817
INFO:__main__:
【Val】:  SENS: 0.9292  SPEC: 0.8546  PPV: 0.7844  NPV: 0.9550 F1:0.8507
INFO:__main__:验证的best_acc:0.8895
INFO:__main__:----------------------------------------------------------------------------------------------------
INFO:__main__:
【train】epoch:50/150 loss:0.1740 acc:0.9281
INFO:__main__:
【val】epoch:50/150 loss:0.3210 acc:0.8895
INFO:__main__:
【Val】:  SENS: 0.8954  SPEC: 0.8862  PPV: 0.8174  NPV: 0.9370 F1:0.8546
INFO:__main__:验证的best_acc:0.8895
INFO:__main__:----------------------------------------------------------------------------------------------------
INFO:__main__:
【train】epoch:51/150 loss:0.1738 acc:0.9287
INFO:__main__:
【val】epoch:51/150 loss:0.3836 acc:0.8694
INFO:__main__:
【Val】:  SENS: 0.8923  SPEC: 0.8564  PPV: 0.7796  NPV: 0.9332 F1:0.8321
INFO:__main__:验证的best_acc:0.8895
INFO:__main__:----------------------------------------------------------------------------------------------------
INFO:__main__:
【train】epoch:52/150 loss:0.1658 acc:0.9306
INFO:__main__:
【val】epoch:52/150 loss:0.3458 acc:0.8839
INFO:__main__:
【Val】:  SENS: 0.8677  SPEC: 0.8932  PPV: 0.8222  NPV: 0.9222 F1:0.8443
INFO:__main__:验证的best_acc:0.8895
INFO:__main__:----------------------------------------------------------------------------------------------------
INFO:__main__:
【train】epoch:53/150 loss:0.1665 acc:0.9303
INFO:__main__:
【val】epoch:53/150 loss:0.3815 acc:0.8605
INFO:__main__:
【Val】:  SENS: 0.8985  SPEC: 0.8389  PPV: 0.7604  NPV: 0.9355 F1:0.8237
INFO:__main__:验证的best_acc:0.8895
INFO:__main__:----------------------------------------------------------------------------------------------------
INFO:__main__:
【train】epoch:54/150 loss:0.1678 acc:0.9323
INFO:__main__:
【val】epoch:54/150 loss:0.3607 acc:0.8750
INFO:__main__:
【Val】:  SENS: 0.8985  SPEC: 0.8616  PPV: 0.7871  NPV: 0.9371 F1:0.8391
INFO:__main__:验证的best_acc:0.8895
INFO:__main__:----------------------------------------------------------------------------------------------------
INFO:__main__:
【train】epoch:55/150 loss:0.1631 acc:0.9312
INFO:__main__:
【val】epoch:55/150 loss:0.3277 acc:0.8739
INFO:__main__:
【Val】:  SENS: 0.9046  SPEC: 0.8564  PPV: 0.7819  NPV: 0.9404 F1:0.8388
INFO:__main__:验证的best_acc:0.8895
INFO:__main__:----------------------------------------------------------------------------------------------------
INFO:__main__:
【train】epoch:56/150 loss:0.1669 acc:0.9322
INFO:__main__:
【val】epoch:56/150 loss:0.3716 acc:0.8739
INFO:__main__:
【Val】:  SENS: 0.9262  SPEC: 0.8441  PPV: 0.7718  NPV: 0.9526 F1:0.8420
INFO:__main__:验证的best_acc:0.8895
INFO:__main__:----------------------------------------------------------------------------------------------------
INFO:__main__:
【train】epoch:57/150 loss:0.1538 acc:0.9336
INFO:__main__:
【val】epoch:57/150 loss:0.3964 acc:0.8828
INFO:__main__:
【Val】:  SENS: 0.8677  SPEC: 0.8914  PPV: 0.8198  NPV: 0.9221 F1:0.8430
INFO:__main__:验证的best_acc:0.8895
INFO:__main__:----------------------------------------------------------------------------------------------------
INFO:__main__:
【train】epoch:58/150 loss:0.1637 acc:0.9330
INFO:__main__:
【val】epoch:58/150 loss:0.3415 acc:0.8739
INFO:__main__:
【Val】:  SENS: 0.8954  SPEC: 0.8616  PPV: 0.7865  NPV: 0.9354 F1:0.8374
INFO:__main__:验证的best_acc:0.8895
INFO:__main__:----------------------------------------------------------------------------------------------------
INFO:__main__:
【train】epoch:59/150 loss:0.1426 acc:0.9424
INFO:__main__:
【val】epoch:59/150 loss:0.3593 acc:0.8873
INFO:__main__:
【Val】:  SENS: 0.8615  SPEC: 0.9019  PPV: 0.8333  NPV: 0.9196 F1:0.8472
INFO:__main__:验证的best_acc:0.8895
INFO:__main__:----------------------------------------------------------------------------------------------------
INFO:__main__:
【train】epoch:60/150 loss:0.1354 acc:0.9480
INFO:__main__:
【val】epoch:60/150 loss:0.4112 acc:0.8616
INFO:__main__:
【Val】:  SENS: 0.8523  SPEC: 0.8669  PPV: 0.7847  NPV: 0.9116 F1:0.8171
INFO:__main__:验证的best_acc:0.8895
INFO:__main__:----------------------------------------------------------------------------------------------------
INFO:__main__:
【train】epoch:61/150 loss:0.1523 acc:0.9405
INFO:__main__:
【val】epoch:61/150 loss:0.4185 acc:0.8638
INFO:__main__:
【Val】:  SENS: 0.9077  SPEC: 0.8389  PPV: 0.7623  NPV: 0.9411 F1:0.8287
INFO:__main__:验证的best_acc:0.8895
INFO:__main__:----------------------------------------------------------------------------------------------------
INFO:__main__:
【train】epoch:62/150 loss:0.1450 acc:0.9408
INFO:__main__:
【val】epoch:62/150 loss:0.4031 acc:0.8705
INFO:__main__:
【Val】:  SENS: 0.9262  SPEC: 0.8389  PPV: 0.7659  NPV: 0.9523 F1:0.8384
INFO:__main__:验证的best_acc:0.8895
INFO:__main__:----------------------------------------------------------------------------------------------------
INFO:__main__:
【train】epoch:63/150 loss:0.1484 acc:0.9417
INFO:__main__:
【val】epoch:63/150 loss:0.3619 acc:0.8929
INFO:__main__:
【Val】:  SENS: 0.8831  SPEC: 0.8984  PPV: 0.8319  NPV: 0.9310 F1:0.8567
INFO:__main__:验证的best_acc:0.8929
INFO:__main__:----------------------------------------------------------------------------------------------------
INFO:__main__:
【train】epoch:64/150 loss:0.1424 acc:0.9418
INFO:__main__:
【val】epoch:64/150 loss:0.3994 acc:0.8817
INFO:__main__:
【Val】:  SENS: 0.8954  SPEC: 0.8739  PPV: 0.8017  NPV: 0.9362 F1:0.8459
INFO:__main__:验证的best_acc:0.8929
INFO:__main__:----------------------------------------------------------------------------------------------------
INFO:__main__:
【train】epoch:65/150 loss:0.1344 acc:0.9427
INFO:__main__:
【val】epoch:65/150 loss:0.4466 acc:0.8683
INFO:__main__:
【Val】:  SENS: 0.8862  SPEC: 0.8581  PPV: 0.7805  NPV: 0.9298 F1:0.8300
INFO:__main__:验证的best_acc:0.8929
INFO:__main__:----------------------------------------------------------------------------------------------------
INFO:__main__:
【train】epoch:66/150 loss:0.1432 acc:0.9399
INFO:__main__:
【val】epoch:66/150 loss:0.3677 acc:0.8895
INFO:__main__:
【Val】:  SENS: 0.9015  SPEC: 0.8827  PPV: 0.8139  NPV: 0.9403 F1:0.8555
INFO:__main__:验证的best_acc:0.8929
INFO:__main__:----------------------------------------------------------------------------------------------------
INFO:__main__:
【train】epoch:67/150 loss:0.1475 acc:0.9425
INFO:__main__:
【val】epoch:67/150 loss:0.3355 acc:0.8951
INFO:__main__:
【Val】:  SENS: 0.8585  SPEC: 0.9159  PPV: 0.8532  NPV: 0.9192 F1:0.8558
INFO:__main__:验证的best_acc:0.8951
INFO:__main__:----------------------------------------------------------------------------------------------------
INFO:__main__:
【train】epoch:68/150 loss:0.1418 acc:0.9442
INFO:__main__:
【val】epoch:68/150 loss:0.3450 acc:0.8873
INFO:__main__:
【Val】:  SENS: 0.8677  SPEC: 0.8984  PPV: 0.8294  NPV: 0.9227 F1:0.8481
INFO:__main__:验证的best_acc:0.8951
INFO:__main__:----------------------------------------------------------------------------------------------------
INFO:__main__:
【train】epoch:69/150 loss:0.1308 acc:0.9477
INFO:__main__:
【val】epoch:69/150 loss:0.4172 acc:0.8717
INFO:__main__:
【Val】:  SENS: 0.8215  SPEC: 0.9002  PPV: 0.8241  NPV: 0.8986 F1:0.8228
INFO:__main__:验证的best_acc:0.8951
INFO:__main__:----------------------------------------------------------------------------------------------------
INFO:__main__:
【train】epoch:70/150 loss:0.1373 acc:0.9433
INFO:__main__:
【val】epoch:70/150 loss:0.3372 acc:0.8906
INFO:__main__:
【Val】:  SENS: 0.8923  SPEC: 0.8897  PPV: 0.8215  NPV: 0.9355 F1:0.8555
INFO:__main__:验证的best_acc:0.8951
INFO:__main__:----------------------------------------------------------------------------------------------------
INFO:__main__:
【train】epoch:71/150 loss:0.1287 acc:0.9482
INFO:__main__:
【val】epoch:71/150 loss:0.3503 acc:0.8895
INFO:__main__:
【Val】:  SENS: 0.8708  SPEC: 0.9002  PPV: 0.8324  NPV: 0.9245 F1:0.8511
INFO:__main__:验证的best_acc:0.8951
INFO:__main__:----------------------------------------------------------------------------------------------------
INFO:__main__:
【train】epoch:72/150 loss:0.1209 acc:0.9526
INFO:__main__:
【val】epoch:72/150 loss:0.3550 acc:0.8917
INFO:__main__:
【Val】:  SENS: 0.8923  SPEC: 0.8914  PPV: 0.8239  NPV: 0.9357 F1:0.8567
INFO:__main__:验证的best_acc:0.8951
INFO:__main__:----------------------------------------------------------------------------------------------------
INFO:__main__:
【train】epoch:73/150 loss:0.1231 acc:0.9519
INFO:__main__:
【val】epoch:73/150 loss:0.3293 acc:0.9018
INFO:__main__:
【Val】:  SENS: 0.9200  SPEC: 0.8914  PPV: 0.8283  NPV: 0.9514 F1:0.8717
INFO:__main__:验证的best_acc:0.9018
INFO:__main__:----------------------------------------------------------------------------------------------------
INFO:__main__:
【train】epoch:74/150 loss:0.1173 acc:0.9538
INFO:__main__:
【val】epoch:74/150 loss:0.3631 acc:0.8951
INFO:__main__:
【Val】:  SENS: 0.9046  SPEC: 0.8897  PPV: 0.8235  NPV: 0.9425 F1:0.8622
INFO:__main__:验证的best_acc:0.9018
INFO:__main__:----------------------------------------------------------------------------------------------------
INFO:__main__:
【train】epoch:75/150 loss:0.1187 acc:0.9548
INFO:__main__:
【val】epoch:75/150 loss:0.3899 acc:0.8873
INFO:__main__:
【Val】:  SENS: 0.9015  SPEC: 0.8792  PPV: 0.8094  NPV: 0.9401 F1:0.8530
INFO:__main__:验证的best_acc:0.9018
INFO:__main__:----------------------------------------------------------------------------------------------------
INFO:__main__:
【train】epoch:76/150 loss:0.1181 acc:0.9535
INFO:__main__:
【val】epoch:76/150 loss:0.4028 acc:0.8817
INFO:__main__:
【Val】:  SENS: 0.8677  SPEC: 0.8897  PPV: 0.8174  NPV: 0.9220 F1:0.8418
INFO:__main__:验证的best_acc:0.9018
INFO:__main__:----------------------------------------------------------------------------------------------------
INFO:__main__:
【train】epoch:77/150 loss:0.1212 acc:0.9499
INFO:__main__:
【val】epoch:77/150 loss:0.4242 acc:0.8728
INFO:__main__:
【Val】:  SENS: 0.9015  SPEC: 0.8564  PPV: 0.7813  NPV: 0.9386 F1:0.8371
INFO:__main__:验证的best_acc:0.9018
INFO:__main__:----------------------------------------------------------------------------------------------------
INFO:__main__:
【train】epoch:78/150 loss:0.1198 acc:0.9504
INFO:__main__:
【val】epoch:78/150 loss:0.4166 acc:0.8761
INFO:__main__:
【Val】:  SENS: 0.9108  SPEC: 0.8564  PPV: 0.7831  NPV: 0.9440 F1:0.8421
INFO:__main__:验证的best_acc:0.9018
INFO:__main__:----------------------------------------------------------------------------------------------------
INFO:__main__:
【train】epoch:79/150 loss:0.1203 acc:0.9531
INFO:__main__:
【val】epoch:79/150 loss:0.3936 acc:0.8828
INFO:__main__:
【Val】:  SENS: 0.8615  SPEC: 0.8949  PPV: 0.8235  NPV: 0.9191 F1:0.8421
INFO:__main__:验证的best_acc:0.9018
INFO:__main__:----------------------------------------------------------------------------------------------------
INFO:__main__:
【train】epoch:80/150 loss:0.1017 acc:0.9590
INFO:__main__:
【val】epoch:80/150 loss:0.4112 acc:0.8873
INFO:__main__:
【Val】:  SENS: 0.8862  SPEC: 0.8879  PPV: 0.8182  NPV: 0.9320 F1:0.8508
INFO:__main__:验证的best_acc:0.9018
INFO:__main__:----------------------------------------------------------------------------------------------------
INFO:__main__:
【train】epoch:81/150 loss:0.1112 acc:0.9545
INFO:__main__:
【val】epoch:81/150 loss:0.3979 acc:0.8862
INFO:__main__:
【Val】:  SENS: 0.8831  SPEC: 0.8879  PPV: 0.8177  NPV: 0.9303 F1:0.8491
INFO:__main__:验证的best_acc:0.9018
INFO:__main__:----------------------------------------------------------------------------------------------------
INFO:__main__:
【train】epoch:82/150 loss:0.0997 acc:0.9605
INFO:__main__:
【val】epoch:82/150 loss:0.3711 acc:0.8973
INFO:__main__:
【Val】:  SENS: 0.9169  SPEC: 0.8862  PPV: 0.8209  NPV: 0.9493 F1:0.8663
INFO:__main__:验证的best_acc:0.9018
INFO:__main__:----------------------------------------------------------------------------------------------------
INFO:__main__:
【train】epoch:83/150 loss:0.1032 acc:0.9587
INFO:__main__:
【val】epoch:83/150 loss:0.3869 acc:0.8884
INFO:__main__:
【Val】:  SENS: 0.8892  SPEC: 0.8879  PPV: 0.8187  NPV: 0.9337 F1:0.8525
INFO:__main__:验证的best_acc:0.9018
INFO:__main__:----------------------------------------------------------------------------------------------------
INFO:__main__:
【train】epoch:84/150 loss:0.1063 acc:0.9567
INFO:__main__:
【val】epoch:84/150 loss:0.4035 acc:0.8850
INFO:__main__:
【Val】:  SENS: 0.8646  SPEC: 0.8967  PPV: 0.8265  NPV: 0.9209 F1:0.8451
INFO:__main__:验证的best_acc:0.9018
INFO:__main__:----------------------------------------------------------------------------------------------------
INFO:__main__:
【train】epoch:85/150 loss:0.1027 acc:0.9611
INFO:__main__:
【val】epoch:85/150 loss:0.4079 acc:0.8906
INFO:__main__:
【Val】:  SENS: 0.8985  SPEC: 0.8862  PPV: 0.8179  NPV: 0.9388 F1:0.8563
INFO:__main__:验证的best_acc:0.9018
INFO:__main__:----------------------------------------------------------------------------------------------------
INFO:__main__:
【train】epoch:86/150 loss:0.1034 acc:0.9573
INFO:__main__:
【val】epoch:86/150 loss:0.3827 acc:0.8929
INFO:__main__:
【Val】:  SENS: 0.8985  SPEC: 0.8897  PPV: 0.8225  NPV: 0.9390 F1:0.8588
INFO:__main__:验证的best_acc:0.9018
INFO:__main__:----------------------------------------------------------------------------------------------------
INFO:__main__:
【train】epoch:87/150 loss:0.1077 acc:0.9553
INFO:__main__:
【val】epoch:87/150 loss:0.3962 acc:0.8873
INFO:__main__:
【Val】:  SENS: 0.8954  SPEC: 0.8827  PPV: 0.8128  NPV: 0.9368 F1:0.8521
INFO:__main__:验证的best_acc:0.9018
INFO:__main__:----------------------------------------------------------------------------------------------------
INFO:__main__:
【train】epoch:88/150 loss:0.1090 acc:0.9554
INFO:__main__:
【val】epoch:88/150 loss:0.4293 acc:0.8772
INFO:__main__:
【Val】:  SENS: 0.8369  SPEC: 0.9002  PPV: 0.8267  NPV: 0.9065 F1:0.8318
INFO:__main__:验证的best_acc:0.9018
INFO:__main__:----------------------------------------------------------------------------------------------------
INFO:__main__:
【train】epoch:0/150 loss:0.6349 acc:0.6492
INFO:__main__:
【val】epoch:0/150 loss:0.6480 acc:0.6261
INFO:__main__:
【Val】:  SENS: 0.8308  SPEC: 0.5096  PPV: 0.4909  NPV: 0.8410 F1:0.6171
INFO:__main__:验证的best_acc:0.6261
INFO:__main__:----------------------------------------------------------------------------------------------------
INFO:__main__:
【train】epoch:1/150 loss:0.5937 acc:0.6802
INFO:__main__:
【val】epoch:1/150 loss:0.5405 acc:0.6897
INFO:__main__:
【Val】:  SENS: 0.3108  SPEC: 0.9054  PPV: 0.6516  NPV: 0.6977 F1:0.4208
INFO:__main__:验证的best_acc:0.6897
INFO:__main__:----------------------------------------------------------------------------------------------------
INFO:__main__:
【train】epoch:2/150 loss:0.5656 acc:0.7114
INFO:__main__:
【val】epoch:2/150 loss:0.5244 acc:0.7210
INFO:__main__:
【Val】:  SENS: 0.3446  SPEC: 0.9352  PPV: 0.7517  NPV: 0.7149 F1:0.4726
INFO:__main__:验证的best_acc:0.7210
INFO:__main__:----------------------------------------------------------------------------------------------------
INFO:__main__:
【train】epoch:3/150 loss:0.5450 acc:0.7219
INFO:__main__:
【val】epoch:3/150 loss:0.4577 acc:0.7600
INFO:__main__:
【Val】:  SENS: 0.5846  SPEC: 0.8599  PPV: 0.7037  NPV: 0.7843 F1:0.6387
INFO:__main__:验证的best_acc:0.7600
INFO:__main__:----------------------------------------------------------------------------------------------------
INFO:__main__:
【train】epoch:4/150 loss:0.4894 acc:0.7549
INFO:__main__:
【val】epoch:4/150 loss:0.4253 acc:0.7779
INFO:__main__:
【Val】:  SENS: 0.5569  SPEC: 0.9037  PPV: 0.7669  NPV: 0.7818 F1:0.6453
INFO:__main__:验证的best_acc:0.7779
INFO:__main__:----------------------------------------------------------------------------------------------------
INFO:__main__:
【train】epoch:5/150 loss:0.4580 acc:0.7827
INFO:__main__:
【val】epoch:5/150 loss:0.4243 acc:0.7980
INFO:__main__:
【Val】:  SENS: 0.6246  SPEC: 0.8967  PPV: 0.7748  NPV: 0.8076 F1:0.6917
INFO:__main__:验证的best_acc:0.7980
INFO:__main__:----------------------------------------------------------------------------------------------------
INFO:__main__:
【train】epoch:6/150 loss:0.4375 acc:0.8041
INFO:__main__:
【val】epoch:6/150 loss:0.7400 acc:0.7165
INFO:__main__:
【Val】:  SENS: 0.2308  SPEC: 0.9930  PPV: 0.9494  NPV: 0.6940 F1:0.3713
INFO:__main__:验证的best_acc:0.7980
INFO:__main__:----------------------------------------------------------------------------------------------------
INFO:__main__:
【train】epoch:7/150 loss:0.4038 acc:0.8201
INFO:__main__:
【val】epoch:7/150 loss:0.3281 acc:0.8594
INFO:__main__:
【Val】:  SENS: 0.8246  SPEC: 0.8792  PPV: 0.7953  NPV: 0.8980 F1:0.8097
INFO:__main__:验证的best_acc:0.8594
INFO:__main__:----------------------------------------------------------------------------------------------------
INFO:__main__:
【train】epoch:8/150 loss:0.3918 acc:0.8242
INFO:__main__:
【val】epoch:8/150 loss:0.3923 acc:0.8214
INFO:__main__:
【Val】:  SENS: 0.5508  SPEC: 0.9755  PPV: 0.9275  NPV: 0.7923 F1:0.6911
INFO:__main__:验证的best_acc:0.8594
INFO:__main__:----------------------------------------------------------------------------------------------------
INFO:__main__:
【train】epoch:9/150 loss:0.3688 acc:0.8390
INFO:__main__:
【val】epoch:9/150 loss:0.3841 acc:0.8114
INFO:__main__:
【Val】:  SENS: 0.5262  SPEC: 0.9737  PPV: 0.9194  NPV: 0.7831 F1:0.6693
INFO:__main__:验证的best_acc:0.8594
INFO:__main__:----------------------------------------------------------------------------------------------------
INFO:__main__:
【train】epoch:10/150 loss:0.3516 acc:0.8450
INFO:__main__:
【val】epoch:10/150 loss:0.3551 acc:0.8259
INFO:__main__:
【Val】:  SENS: 0.5969  SPEC: 0.9562  PPV: 0.8858  NPV: 0.8065 F1:0.7132
INFO:__main__:验证的best_acc:0.8594
INFO:__main__:----------------------------------------------------------------------------------------------------
INFO:__main__:
【train】epoch:11/150 loss:0.3473 acc:0.8505
INFO:__main__:
【val】epoch:11/150 loss:0.3444 acc:0.8326
INFO:__main__:
【Val】:  SENS: 0.6523  SPEC: 0.9352  PPV: 0.8514  NPV: 0.8253 F1:0.7387
INFO:__main__:验证的best_acc:0.8594
INFO:__main__:----------------------------------------------------------------------------------------------------
INFO:__main__:
【train】epoch:12/150 loss:0.3369 acc:0.8539
INFO:__main__:
【val】epoch:12/150 loss:0.2957 acc:0.8683
INFO:__main__:
【Val】:  SENS: 0.7754  SPEC: 0.9212  PPV: 0.8485  NPV: 0.8781 F1:0.8103
INFO:__main__:验证的best_acc:0.8683
INFO:__main__:----------------------------------------------------------------------------------------------------
INFO:__main__:
【train】epoch:13/150 loss:0.3337 acc:0.8531
INFO:__main__:
【val】epoch:13/150 loss:0.3303 acc:0.8549
INFO:__main__:
【Val】:  SENS: 0.6831  SPEC: 0.9527  PPV: 0.8916  NPV: 0.8408 F1:0.7735
INFO:__main__:验证的best_acc:0.8683
INFO:__main__:----------------------------------------------------------------------------------------------------
INFO:__main__:
【train】epoch:14/150 loss:0.3250 acc:0.8592
INFO:__main__:
【val】epoch:14/150 loss:0.3349 acc:0.8382
INFO:__main__:
【Val】:  SENS: 0.6308  SPEC: 0.9562  PPV: 0.8913  NPV: 0.8198 F1:0.7387
INFO:__main__:验证的best_acc:0.8683
INFO:__main__:----------------------------------------------------------------------------------------------------
INFO:__main__:
【train】epoch:15/150 loss:0.3212 acc:0.8610
INFO:__main__:
【val】epoch:15/150 loss:0.3177 acc:0.8594
INFO:__main__:
【Val】:  SENS: 0.7692  SPEC: 0.9107  PPV: 0.8306  NPV: 0.8739 F1:0.7987
INFO:__main__:验证的best_acc:0.8683
INFO:__main__:----------------------------------------------------------------------------------------------------
INFO:__main__:
【train】epoch:16/150 loss:0.3196 acc:0.8583
INFO:__main__:
【val】epoch:16/150 loss:0.2941 acc:0.8750
INFO:__main__:
【Val】:  SENS: 0.8431  SPEC: 0.8932  PPV: 0.8179  NPV: 0.9091 F1:0.8303
INFO:__main__:验证的best_acc:0.8750
INFO:__main__:----------------------------------------------------------------------------------------------------
INFO:__main__:
【train】epoch:17/150 loss:0.3093 acc:0.8622
INFO:__main__:
【val】epoch:17/150 loss:0.3383 acc:0.8404
INFO:__main__:
【Val】:  SENS: 0.7354  SPEC: 0.9002  PPV: 0.8074  NPV: 0.8567 F1:0.7697
INFO:__main__:验证的best_acc:0.8750
INFO:__main__:----------------------------------------------------------------------------------------------------
INFO:__main__:
【train】epoch:18/150 loss:0.3107 acc:0.8673
INFO:__main__:
【val】epoch:18/150 loss:0.3226 acc:0.8571
INFO:__main__:
【Val】:  SENS: 0.7785  SPEC: 0.9019  PPV: 0.8188  NPV: 0.8773 F1:0.7981
INFO:__main__:验证的best_acc:0.8750
INFO:__main__:----------------------------------------------------------------------------------------------------
INFO:__main__:
【train】epoch:19/150 loss:0.3004 acc:0.8696
INFO:__main__:
【val】epoch:19/150 loss:0.3343 acc:0.8583
INFO:__main__:
【Val】:  SENS: 0.8308  SPEC: 0.8739  PPV: 0.7895  NPV: 0.9007 F1:0.8096
INFO:__main__:验证的best_acc:0.8750
INFO:__main__:----------------------------------------------------------------------------------------------------
INFO:__main__:
【train】epoch:20/150 loss:0.2810 acc:0.8789
INFO:__main__:
【val】epoch:20/150 loss:0.3335 acc:0.8672
INFO:__main__:
【Val】:  SENS: 0.7385  SPEC: 0.9405  PPV: 0.8759  NPV: 0.8633 F1:0.8013
INFO:__main__:验证的best_acc:0.8750
INFO:__main__:----------------------------------------------------------------------------------------------------
INFO:__main__:
【train】epoch:21/150 loss:0.2779 acc:0.8810
INFO:__main__:
【val】epoch:21/150 loss:0.3123 acc:0.8694
INFO:__main__:
【Val】:  SENS: 0.8369  SPEC: 0.8879  PPV: 0.8095  NPV: 0.9054 F1:0.8230
INFO:__main__:验证的best_acc:0.8750
INFO:__main__:----------------------------------------------------------------------------------------------------
INFO:__main__:
【train】epoch:22/150 loss:0.2717 acc:0.8840
INFO:__main__:
【val】epoch:22/150 loss:0.3109 acc:0.8683
INFO:__main__:
【Val】:  SENS: 0.8154  SPEC: 0.8984  PPV: 0.8204  NPV: 0.8953 F1:0.8179
INFO:__main__:验证的best_acc:0.8750
INFO:__main__:----------------------------------------------------------------------------------------------------
INFO:__main__:
【train】epoch:23/150 loss:0.2656 acc:0.8861
INFO:__main__:
【val】epoch:23/150 loss:0.3401 acc:0.8482
INFO:__main__:
【Val】:  SENS: 0.7169  SPEC: 0.9229  PPV: 0.8412  NPV: 0.8514 F1:0.7741
INFO:__main__:验证的best_acc:0.8750
INFO:__main__:----------------------------------------------------------------------------------------------------
INFO:__main__:
【train】epoch:24/150 loss:0.2667 acc:0.8846
INFO:__main__:
【val】epoch:24/150 loss:0.3342 acc:0.8672
INFO:__main__:
【Val】:  SENS: 0.8554  SPEC: 0.8739  PPV: 0.7943  NPV: 0.9139 F1:0.8237
INFO:__main__:验证的best_acc:0.8750
INFO:__main__:----------------------------------------------------------------------------------------------------
INFO:__main__:
【train】epoch:25/150 loss:0.2661 acc:0.8852
INFO:__main__:
【val】epoch:25/150 loss:0.2788 acc:0.8806
INFO:__main__:
【Val】:  SENS: 0.8185  SPEC: 0.9159  PPV: 0.8471  NPV: 0.8986 F1:0.8326
INFO:__main__:验证的best_acc:0.8806
INFO:__main__:----------------------------------------------------------------------------------------------------
INFO:__main__:
【train】epoch:26/150 loss:0.2569 acc:0.8864
INFO:__main__:
【val】epoch:26/150 loss:0.3052 acc:0.8605
INFO:__main__:
【Val】:  SENS: 0.7908  SPEC: 0.9002  PPV: 0.8185  NPV: 0.8832 F1:0.8044
INFO:__main__:验证的best_acc:0.8806
INFO:__main__:----------------------------------------------------------------------------------------------------
INFO:__main__:
【train】epoch:27/150 loss:0.2529 acc:0.8909
INFO:__main__:
【val】epoch:27/150 loss:0.2947 acc:0.8616
INFO:__main__:
【Val】:  SENS: 0.7508  SPEC: 0.9247  PPV: 0.8502  NPV: 0.8670 F1:0.7974
INFO:__main__:验证的best_acc:0.8806
INFO:__main__:----------------------------------------------------------------------------------------------------
INFO:__main__:
【train】epoch:28/150 loss:0.2553 acc:0.8864
INFO:__main__:
【val】epoch:28/150 loss:0.2985 acc:0.8605
INFO:__main__:
【Val】:  SENS: 0.8431  SPEC: 0.8704  PPV: 0.7874  NPV: 0.9069 F1:0.8143
INFO:__main__:验证的best_acc:0.8806
INFO:__main__:----------------------------------------------------------------------------------------------------
INFO:__main__:
【train】epoch:29/150 loss:0.2280 acc:0.9086
INFO:__main__:
【val】epoch:29/150 loss:0.3450 acc:0.8583
INFO:__main__:
【Val】:  SENS: 0.8738  SPEC: 0.8494  PPV: 0.7676  NPV: 0.9221 F1:0.8173
INFO:__main__:验证的best_acc:0.8806
INFO:__main__:----------------------------------------------------------------------------------------------------
INFO:__main__:
【train】epoch:30/150 loss:0.2295 acc:0.9019
INFO:__main__:
【val】epoch:30/150 loss:0.3539 acc:0.8761
INFO:__main__:
【Val】:  SENS: 0.8615  SPEC: 0.8844  PPV: 0.8092  NPV: 0.9182 F1:0.8346
INFO:__main__:验证的best_acc:0.8806
INFO:__main__:----------------------------------------------------------------------------------------------------
INFO:__main__:
【train】epoch:31/150 loss:0.2259 acc:0.9029
INFO:__main__:
【val】epoch:31/150 loss:0.2941 acc:0.8761
INFO:__main__:
【Val】:  SENS: 0.8585  SPEC: 0.8862  PPV: 0.8110  NPV: 0.9167 F1:0.8341
INFO:__main__:验证的best_acc:0.8806
INFO:__main__:----------------------------------------------------------------------------------------------------
INFO:__main__:
【train】epoch:32/150 loss:0.2174 acc:0.9121
INFO:__main__:
【val】epoch:32/150 loss:0.3154 acc:0.8694
INFO:__main__:
【Val】:  SENS: 0.8215  SPEC: 0.8967  PPV: 0.8190  NPV: 0.8982 F1:0.8203
INFO:__main__:验证的best_acc:0.8806
INFO:__main__:----------------------------------------------------------------------------------------------------
INFO:__main__:
【train】epoch:33/150 loss:0.2237 acc:0.9062
INFO:__main__:
【val】epoch:33/150 loss:0.3095 acc:0.8772
INFO:__main__:
【Val】:  SENS: 0.8369  SPEC: 0.9002  PPV: 0.8267  NPV: 0.9065 F1:0.8318
INFO:__main__:验证的best_acc:0.8806
INFO:__main__:----------------------------------------------------------------------------------------------------
INFO:__main__:
【train】epoch:34/150 loss:0.2150 acc:0.9099
INFO:__main__:
【val】epoch:34/150 loss:0.3222 acc:0.8638
INFO:__main__:
【Val】:  SENS: 0.8492  SPEC: 0.8722  PPV: 0.7908  NPV: 0.9104 F1:0.8190
INFO:__main__:验证的best_acc:0.8806
INFO:__main__:----------------------------------------------------------------------------------------------------
INFO:__main__:
【train】epoch:35/150 loss:0.2156 acc:0.9102
INFO:__main__:
【val】epoch:35/150 loss:0.3137 acc:0.8594
INFO:__main__:
【Val】:  SENS: 0.8215  SPEC: 0.8809  PPV: 0.7970  NPV: 0.8966 F1:0.8091
INFO:__main__:验证的best_acc:0.8806
INFO:__main__:----------------------------------------------------------------------------------------------------
INFO:__main__:
【train】epoch:36/150 loss:0.2159 acc:0.9107
INFO:__main__:
【val】epoch:36/150 loss:0.2896 acc:0.8795
INFO:__main__:
【Val】:  SENS: 0.8369  SPEC: 0.9037  PPV: 0.8318  NPV: 0.9069 F1:0.8344
INFO:__main__:验证的best_acc:0.8806
INFO:__main__:----------------------------------------------------------------------------------------------------
INFO:__main__:
【train】epoch:37/150 loss:0.2094 acc:0.9149
INFO:__main__:
【val】epoch:37/150 loss:0.2979 acc:0.8717
INFO:__main__:
【Val】:  SENS: 0.8831  SPEC: 0.8651  PPV: 0.7885  NPV: 0.9286 F1:0.8331
INFO:__main__:验证的best_acc:0.8806
INFO:__main__:----------------------------------------------------------------------------------------------------
INFO:__main__:
【train】epoch:38/150 loss:0.2060 acc:0.9136
INFO:__main__:
【val】epoch:38/150 loss:0.3748 acc:0.8650
INFO:__main__:
【Val】:  SENS: 0.8092  SPEC: 0.8967  PPV: 0.8168  NPV: 0.8920 F1:0.8130
INFO:__main__:验证的best_acc:0.8806
INFO:__main__:----------------------------------------------------------------------------------------------------
INFO:__main__:
【train】epoch:39/150 loss:0.1992 acc:0.9168
INFO:__main__:
【val】epoch:39/150 loss:0.3115 acc:0.8739
INFO:__main__:
【Val】:  SENS: 0.8308  SPEC: 0.8984  PPV: 0.8232  NPV: 0.9032 F1:0.8270
INFO:__main__:验证的best_acc:0.8806
INFO:__main__:----------------------------------------------------------------------------------------------------
INFO:__main__:
【train】epoch:40/150 loss:0.1983 acc:0.9160
INFO:__main__:
【val】epoch:40/150 loss:0.3835 acc:0.8549
INFO:__main__:
【Val】:  SENS: 0.8215  SPEC: 0.8739  PPV: 0.7876  NPV: 0.8959 F1:0.8042
INFO:__main__:验证的best_acc:0.8806
INFO:__main__:----------------------------------------------------------------------------------------------------
INFO:__main__:
【train】epoch:41/150 loss:0.1937 acc:0.9202
INFO:__main__:
【val】epoch:41/150 loss:0.3355 acc:0.8783
INFO:__main__:
【Val】:  SENS: 0.8123  SPEC: 0.9159  PPV: 0.8462  NPV: 0.8955 F1:0.8289
INFO:__main__:验证的best_acc:0.8806
INFO:__main__:----------------------------------------------------------------------------------------------------
INFO:__main__:
【train】epoch:42/150 loss:0.1772 acc:0.9230
INFO:__main__:
【val】epoch:42/150 loss:0.3400 acc:0.8839
INFO:__main__:
【Val】:  SENS: 0.8462  SPEC: 0.9054  PPV: 0.8359  NPV: 0.9118 F1:0.8410
INFO:__main__:验证的best_acc:0.8839
INFO:__main__:----------------------------------------------------------------------------------------------------
INFO:__main__:
【train】epoch:43/150 loss:0.1728 acc:0.9314
INFO:__main__:
【val】epoch:43/150 loss:0.3789 acc:0.8638
INFO:__main__:
【Val】:  SENS: 0.8123  SPEC: 0.8932  PPV: 0.8123  NPV: 0.8932 F1:0.8123
INFO:__main__:验证的best_acc:0.8839
INFO:__main__:----------------------------------------------------------------------------------------------------
INFO:__main__:
【train】epoch:44/150 loss:0.1830 acc:0.9284
INFO:__main__:
【val】epoch:44/150 loss:0.3417 acc:0.8828
INFO:__main__:
【Val】:  SENS: 0.8462  SPEC: 0.9037  PPV: 0.8333  NPV: 0.9117 F1:0.8397
INFO:__main__:验证的best_acc:0.8839
INFO:__main__:----------------------------------------------------------------------------------------------------
INFO:__main__:
【train】epoch:45/150 loss:0.1745 acc:0.9274
INFO:__main__:
【val】epoch:45/150 loss:0.3617 acc:0.8605
INFO:__main__:
【Val】:  SENS: 0.8400  SPEC: 0.8722  PPV: 0.7890  NPV: 0.9055 F1:0.8137
INFO:__main__:验证的best_acc:0.8839
INFO:__main__:----------------------------------------------------------------------------------------------------
INFO:__main__:
【train】epoch:46/150 loss:0.1791 acc:0.9276
INFO:__main__:
【val】epoch:46/150 loss:0.3486 acc:0.8661
INFO:__main__:
【Val】:  SENS: 0.8585  SPEC: 0.8704  PPV: 0.7904  NPV: 0.9153 F1:0.8230
INFO:__main__:验证的best_acc:0.8839
INFO:__main__:----------------------------------------------------------------------------------------------------
INFO:__main__:
【train】epoch:47/150 loss:0.1730 acc:0.9255
INFO:__main__:
【val】epoch:47/150 loss:0.3700 acc:0.8728
INFO:__main__:
【Val】:  SENS: 0.8554  SPEC: 0.8827  PPV: 0.8058  NPV: 0.9147 F1:0.8299
INFO:__main__:验证的best_acc:0.8839
INFO:__main__:----------------------------------------------------------------------------------------------------
INFO:__main__:
【train】epoch:48/150 loss:0.1711 acc:0.9292
INFO:__main__:
【val】epoch:48/150 loss:0.4286 acc:0.8672
INFO:__main__:
【Val】:  SENS: 0.8277  SPEC: 0.8897  PPV: 0.8102  NPV: 0.9007 F1:0.8189
INFO:__main__:验证的best_acc:0.8839
INFO:__main__:----------------------------------------------------------------------------------------------------
INFO:__main__:
【train】epoch:49/150 loss:0.1670 acc:0.9299
INFO:__main__:
【val】epoch:49/150 loss:0.4095 acc:0.8694
INFO:__main__:
【Val】:  SENS: 0.8954  SPEC: 0.8546  PPV: 0.7781  NPV: 0.9349 F1:0.8326
INFO:__main__:验证的best_acc:0.8839
INFO:__main__:----------------------------------------------------------------------------------------------------
INFO:__main__:
【train】epoch:50/150 loss:0.1530 acc:0.9375
INFO:__main__:
【val】epoch:50/150 loss:0.3784 acc:0.8772
INFO:__main__:
【Val】:  SENS: 0.8554  SPEC: 0.8897  PPV: 0.8152  NPV: 0.9153 F1:0.8348
INFO:__main__:验证的best_acc:0.8839
INFO:__main__:----------------------------------------------------------------------------------------------------
INFO:__main__:
【train】epoch:51/150 loss:0.1509 acc:0.9393
INFO:__main__:
【val】epoch:51/150 loss:0.3934 acc:0.8739
INFO:__main__:
【Val】:  SENS: 0.8215  SPEC: 0.9037  PPV: 0.8292  NPV: 0.8990 F1:0.8253
INFO:__main__:验证的best_acc:0.8839
INFO:__main__:----------------------------------------------------------------------------------------------------
INFO:__main__:
【train】epoch:52/150 loss:0.1595 acc:0.9368
INFO:__main__:
【val】epoch:52/150 loss:0.3953 acc:0.8705
INFO:__main__:
【Val】:  SENS: 0.9046  SPEC: 0.8511  PPV: 0.7757  NPV: 0.9400 F1:0.8352
INFO:__main__:验证的best_acc:0.8839
INFO:__main__:----------------------------------------------------------------------------------------------------
INFO:__main__:
【train】epoch:53/150 loss:0.1490 acc:0.9405
INFO:__main__:
【val】epoch:53/150 loss:0.4353 acc:0.8583
INFO:__main__:
【Val】:  SENS: 0.8892  SPEC: 0.8406  PPV: 0.7605  NPV: 0.9302 F1:0.8199
INFO:__main__:验证的best_acc:0.8839
INFO:__main__:----------------------------------------------------------------------------------------------------
INFO:__main__:
【train】epoch:54/150 loss:0.1464 acc:0.9404
INFO:__main__:
【val】epoch:54/150 loss:0.3705 acc:0.8750
INFO:__main__:
【Val】:  SENS: 0.8800  SPEC: 0.8722  PPV: 0.7967  NPV: 0.9274 F1:0.8363
INFO:__main__:验证的best_acc:0.8839
INFO:__main__:----------------------------------------------------------------------------------------------------
INFO:__main__:
【train】epoch:55/150 loss:0.1420 acc:0.9428
INFO:__main__:
【val】epoch:55/150 loss:0.4116 acc:0.8504
INFO:__main__:
【Val】:  SENS: 0.8677  SPEC: 0.8406  PPV: 0.7560  NPV: 0.9178 F1:0.8080
INFO:__main__:验证的best_acc:0.8839
INFO:__main__:----------------------------------------------------------------------------------------------------
INFO:__main__:
【train】epoch:56/150 loss:0.1472 acc:0.9379
INFO:__main__:
【val】epoch:56/150 loss:0.3940 acc:0.8594
INFO:__main__:
【Val】:  SENS: 0.8400  SPEC: 0.8704  PPV: 0.7867  NPV: 0.9053 F1:0.8125
INFO:__main__:验证的best_acc:0.8839
INFO:__main__:----------------------------------------------------------------------------------------------------
INFO:__main__:
【train】epoch:57/150 loss:0.1487 acc:0.9394
INFO:__main__:
【val】epoch:57/150 loss:0.3410 acc:0.8761
INFO:__main__:
【Val】:  SENS: 0.8185  SPEC: 0.9089  PPV: 0.8365  NPV: 0.8979 F1:0.8274
INFO:__main__:验证的best_acc:0.8839
INFO:__main__:----------------------------------------------------------------------------------------------------
INFO:__main__:
【train】epoch:58/150 loss:0.1490 acc:0.9404
INFO:__main__:
【val】epoch:58/150 loss:0.3489 acc:0.8817
INFO:__main__:
【Val】:  SENS: 0.8923  SPEC: 0.8757  PPV: 0.8033  NPV: 0.9346 F1:0.8455
INFO:__main__:验证的best_acc:0.8839
INFO:__main__:----------------------------------------------------------------------------------------------------
INFO:__main__:
【train】epoch:59/150 loss:0.1325 acc:0.9459
INFO:__main__:
【val】epoch:59/150 loss:0.3601 acc:0.8806
INFO:__main__:
【Val】:  SENS: 0.8769  SPEC: 0.8827  PPV: 0.8097  NPV: 0.9265 F1:0.8419
INFO:__main__:验证的best_acc:0.8839
INFO:__main__:----------------------------------------------------------------------------------------------------
INFO:__main__:
【train】epoch:60/150 loss:0.1348 acc:0.9455
INFO:__main__:
【val】epoch:60/150 loss:0.3026 acc:0.8850
INFO:__main__:
【Val】:  SENS: 0.8677  SPEC: 0.8949  PPV: 0.8246  NPV: 0.9224 F1:0.8456
INFO:__main__:验证的best_acc:0.8850
INFO:__main__:----------------------------------------------------------------------------------------------------
INFO:__main__:
【train】epoch:61/150 loss:0.1264 acc:0.9512
INFO:__main__:
【val】epoch:61/150 loss:0.3916 acc:0.8806
INFO:__main__:
【Val】:  SENS: 0.8800  SPEC: 0.8809  PPV: 0.8079  NPV: 0.9280 F1:0.8424
INFO:__main__:验证的best_acc:0.8850
INFO:__main__:----------------------------------------------------------------------------------------------------
INFO:__main__:
【train】epoch:62/150 loss:0.1274 acc:0.9496
INFO:__main__:
【val】epoch:62/150 loss:0.3759 acc:0.8728
INFO:__main__:
【Val】:  SENS: 0.8523  SPEC: 0.8844  PPV: 0.8076  NPV: 0.9132 F1:0.8293
INFO:__main__:验证的best_acc:0.8850
INFO:__main__:----------------------------------------------------------------------------------------------------
INFO:__main__:
【train】epoch:63/150 loss:0.1253 acc:0.9505
INFO:__main__:
【val】epoch:63/150 loss:0.3702 acc:0.8795
INFO:__main__:
【Val】:  SENS: 0.8615  SPEC: 0.8897  PPV: 0.8163  NPV: 0.9186 F1:0.8383
INFO:__main__:验证的best_acc:0.8850
INFO:__main__:----------------------------------------------------------------------------------------------------
INFO:__main__:
【train】epoch:64/150 loss:0.1258 acc:0.9482
INFO:__main__:
【val】epoch:64/150 loss:0.3684 acc:0.8917
INFO:__main__:
【Val】:  SENS: 0.9077  SPEC: 0.8827  PPV: 0.8149  NPV: 0.9438 F1:0.8588
INFO:__main__:验证的best_acc:0.8917
INFO:__main__:----------------------------------------------------------------------------------------------------
INFO:__main__:
【train】epoch:65/150 loss:0.1274 acc:0.9480
INFO:__main__:
【val】epoch:65/150 loss:0.3661 acc:0.8839
INFO:__main__:
【Val】:  SENS: 0.8308  SPEC: 0.9142  PPV: 0.8464  NPV: 0.9047 F1:0.8385
INFO:__main__:验证的best_acc:0.8917
INFO:__main__:----------------------------------------------------------------------------------------------------
INFO:__main__:
【train】epoch:66/150 loss:0.1228 acc:0.9505
INFO:__main__:
【val】epoch:66/150 loss:0.3367 acc:0.8884
INFO:__main__:
【Val】:  SENS: 0.8862  SPEC: 0.8897  PPV: 0.8205  NPV: 0.9321 F1:0.8521
INFO:__main__:验证的best_acc:0.8917
INFO:__main__:----------------------------------------------------------------------------------------------------
INFO:__main__:
【train】epoch:67/150 loss:0.1242 acc:0.9486
INFO:__main__:
【val】epoch:67/150 loss:0.4320 acc:0.8672
INFO:__main__:
【Val】:  SENS: 0.8215  SPEC: 0.8932  PPV: 0.8140  NPV: 0.8979 F1:0.8178
INFO:__main__:验证的best_acc:0.8917
INFO:__main__:----------------------------------------------------------------------------------------------------
INFO:__main__:
【train】epoch:68/150 loss:0.1345 acc:0.9469
INFO:__main__:
【val】epoch:68/150 loss:0.3639 acc:0.8806
INFO:__main__:
【Val】:  SENS: 0.9077  SPEC: 0.8651  PPV: 0.7930  NPV: 0.9427 F1:0.8465
INFO:__main__:验证的best_acc:0.8917
INFO:__main__:----------------------------------------------------------------------------------------------------
INFO:__main__:
【train】epoch:69/150 loss:0.1162 acc:0.9530
INFO:__main__:
【val】epoch:69/150 loss:0.3480 acc:0.8862
INFO:__main__:
【Val】:  SENS: 0.8800  SPEC: 0.8897  PPV: 0.8195  NPV: 0.9287 F1:0.8487
INFO:__main__:验证的best_acc:0.8917
INFO:__main__:----------------------------------------------------------------------------------------------------
INFO:__main__:
【train】epoch:70/150 loss:0.1131 acc:0.9557
INFO:__main__:
【val】epoch:70/150 loss:0.3637 acc:0.8806
INFO:__main__:
【Val】:  SENS: 0.8400  SPEC: 0.9037  PPV: 0.8323  NPV: 0.9085 F1:0.8361
INFO:__main__:验证的best_acc:0.8917
INFO:__main__:----------------------------------------------------------------------------------------------------
INFO:__main__:
【train】epoch:71/150 loss:0.1185 acc:0.9531
INFO:__main__:
【val】epoch:71/150 loss:0.3658 acc:0.8862
INFO:__main__:
【Val】:  SENS: 0.8923  SPEC: 0.8827  PPV: 0.8123  NPV: 0.9351 F1:0.8504
INFO:__main__:验证的best_acc:0.8917
INFO:__main__:----------------------------------------------------------------------------------------------------
INFO:__main__:
【train】epoch:72/150 loss:0.1072 acc:0.9579
INFO:__main__:
【val】epoch:72/150 loss:0.3037 acc:0.9007
INFO:__main__:
【Val】:  SENS: 0.9015  SPEC: 0.9002  PPV: 0.8371  NPV: 0.9414 F1:0.8681
INFO:__main__:验证的best_acc:0.9007
INFO:__main__:----------------------------------------------------------------------------------------------------
INFO:__main__:
【train】epoch:73/150 loss:0.1095 acc:0.9542
INFO:__main__:
【val】epoch:73/150 loss:0.3381 acc:0.9029
INFO:__main__:
【Val】:  SENS: 0.8985  SPEC: 0.9054  PPV: 0.8439  NPV: 0.9400 F1:0.8703
INFO:__main__:验证的best_acc:0.9029
INFO:__main__:----------------------------------------------------------------------------------------------------
INFO:__main__:
【train】epoch:74/150 loss:0.1114 acc:0.9561
INFO:__main__:
【val】epoch:74/150 loss:0.3799 acc:0.8884
INFO:__main__:
【Val】:  SENS: 0.8708  SPEC: 0.8984  PPV: 0.8299  NPV: 0.9243 F1:0.8498
INFO:__main__:验证的best_acc:0.9029
INFO:__main__:----------------------------------------------------------------------------------------------------
INFO:__main__:
【train】epoch:75/150 loss:0.1006 acc:0.9605
INFO:__main__:
【val】epoch:75/150 loss:0.3321 acc:0.8906
INFO:__main__:
【Val】:  SENS: 0.8646  SPEC: 0.9054  PPV: 0.8388  NPV: 0.9216 F1:0.8515
INFO:__main__:验证的best_acc:0.9029
INFO:__main__:----------------------------------------------------------------------------------------------------
INFO:__main__:
【train】epoch:76/150 loss:0.1070 acc:0.9567
INFO:__main__:
【val】epoch:76/150 loss:0.3842 acc:0.8940
INFO:__main__:
【Val】:  SENS: 0.8923  SPEC: 0.8949  PPV: 0.8286  NPV: 0.9359 F1:0.8593
INFO:__main__:验证的best_acc:0.9029
INFO:__main__:----------------------------------------------------------------------------------------------------
INFO:__main__:
【train】epoch:77/150 loss:0.1091 acc:0.9573
INFO:__main__:
【val】epoch:77/150 loss:0.3973 acc:0.8772
INFO:__main__:
【Val】:  SENS: 0.8092  SPEC: 0.9159  PPV: 0.8457  NPV: 0.8940 F1:0.8270
INFO:__main__:验证的best_acc:0.9029
INFO:__main__:----------------------------------------------------------------------------------------------------
INFO:__main__:
【train】epoch:78/150 loss:0.1045 acc:0.9592
INFO:__main__:
【val】epoch:78/150 loss:0.3748 acc:0.8839
INFO:__main__:
【Val】:  SENS: 0.8431  SPEC: 0.9072  PPV: 0.8379  NPV: 0.9104 F1:0.8405
INFO:__main__:验证的best_acc:0.9029
INFO:__main__:----------------------------------------------------------------------------------------------------
INFO:__main__:
【train】epoch:79/150 loss:0.1016 acc:0.9580
INFO:__main__:
【val】epoch:79/150 loss:0.3542 acc:0.8984
INFO:__main__:
【Val】:  SENS: 0.8338  SPEC: 0.9352  PPV: 0.8799  NPV: 0.9082 F1:0.8562
INFO:__main__:验证的best_acc:0.9029
INFO:__main__:----------------------------------------------------------------------------------------------------
INFO:__main__:
【train】epoch:80/150 loss:0.0969 acc:0.9591
INFO:__main__:
【val】epoch:80/150 loss:0.3485 acc:0.8962
INFO:__main__:
【Val】:  SENS: 0.8831  SPEC: 0.9037  PPV: 0.8392  NPV: 0.9314 F1:0.8606
INFO:__main__:验证的best_acc:0.9029
INFO:__main__:----------------------------------------------------------------------------------------------------
INFO:__main__:
【train】epoch:81/150 loss:0.0944 acc:0.9643
INFO:__main__:
【val】epoch:81/150 loss:0.3436 acc:0.8940
INFO:__main__:
【Val】:  SENS: 0.8985  SPEC: 0.8914  PPV: 0.8249  NPV: 0.9391 F1:0.8601
INFO:__main__:验证的best_acc:0.9029
INFO:__main__:----------------------------------------------------------------------------------------------------
INFO:__main__:
【train】epoch:82/150 loss:0.0886 acc:0.9649
INFO:__main__:
【val】epoch:82/150 loss:0.3913 acc:0.8850
INFO:__main__:
【Val】:  SENS: 0.8892  SPEC: 0.8827  PPV: 0.8118  NPV: 0.9333 F1:0.8488
INFO:__main__:验证的best_acc:0.9029
INFO:__main__:----------------------------------------------------------------------------------------------------
INFO:__main__:
【train】epoch:83/150 loss:0.0850 acc:0.9662
INFO:__main__:
【val】epoch:83/150 loss:0.5097 acc:0.8739
INFO:__main__:
【Val】:  SENS: 0.8615  SPEC: 0.8809  PPV: 0.8046  NPV: 0.9179 F1:0.8321
INFO:__main__:验证的best_acc:0.9029
INFO:__main__:----------------------------------------------------------------------------------------------------
INFO:__main__:
【train】epoch:84/150 loss:0.0971 acc:0.9626
INFO:__main__:
【val】epoch:84/150 loss:0.3445 acc:0.8951
INFO:__main__:
【Val】:  SENS: 0.8985  SPEC: 0.8932  PPV: 0.8272  NPV: 0.9392 F1:0.8614
INFO:__main__:验证的best_acc:0.9029
INFO:__main__:----------------------------------------------------------------------------------------------------
INFO:__main__:
【train】epoch:85/150 loss:0.0933 acc:0.9614
INFO:__main__:
【val】epoch:85/150 loss:0.3914 acc:0.8862
INFO:__main__:
【Val】:  SENS: 0.8646  SPEC: 0.8984  PPV: 0.8289  NPV: 0.9210 F1:0.8464
INFO:__main__:验证的best_acc:0.9029
INFO:__main__:----------------------------------------------------------------------------------------------------
INFO:__main__:
【train】epoch:86/150 loss:0.0890 acc:0.9652
INFO:__main__:
【val】epoch:86/150 loss:0.3667 acc:0.8917
INFO:__main__:
【Val】:  SENS: 0.8585  SPEC: 0.9107  PPV: 0.8455  NPV: 0.9187 F1:0.8519
INFO:__main__:验证的best_acc:0.9029
INFO:__main__:----------------------------------------------------------------------------------------------------
INFO:__main__:
【train】epoch:87/150 loss:0.0922 acc:0.9647
INFO:__main__:
【val】epoch:87/150 loss:0.3682 acc:0.8906
INFO:__main__:
【Val】:  SENS: 0.8677  SPEC: 0.9037  PPV: 0.8368  NPV: 0.9231 F1:0.8520
INFO:__main__:验证的best_acc:0.9029
INFO:__main__:----------------------------------------------------------------------------------------------------
INFO:__main__:
【train】epoch:88/150 loss:0.0835 acc:0.9681
INFO:__main__:
【val】epoch:88/150 loss:0.4477 acc:0.8806
INFO:__main__:
【Val】:  SENS: 0.8554  SPEC: 0.8949  PPV: 0.8225  NPV: 0.9158 F1:0.8386
INFO:__main__:验证的best_acc:0.9029
INFO:__main__:----------------------------------------------------------------------------------------------------
INFO:__main__:
【train】epoch:89/150 loss:0.0861 acc:0.9648
INFO:__main__:
【val】epoch:89/150 loss:0.4073 acc:0.8850
INFO:__main__:
【Val】:  SENS: 0.8708  SPEC: 0.8932  PPV: 0.8227  NPV: 0.9239 F1:0.8460
INFO:__main__:验证的best_acc:0.9029
INFO:__main__:----------------------------------------------------------------------------------------------------
INFO:__main__:
【train】epoch:90/150 loss:0.0854 acc:0.9655
INFO:__main__:
【val】epoch:90/150 loss:0.3979 acc:0.8839
INFO:__main__:
【Val】:  SENS: 0.8431  SPEC: 0.9072  PPV: 0.8379  NPV: 0.9104 F1:0.8405
INFO:__main__:验证的best_acc:0.9029
INFO:__main__:----------------------------------------------------------------------------------------------------
INFO:__main__:
【train】epoch:91/150 loss:0.0787 acc:0.9705
INFO:__main__:
【val】epoch:91/150 loss:0.3898 acc:0.8873
INFO:__main__:
【Val】:  SENS: 0.8646  SPEC: 0.9002  PPV: 0.8314  NPV: 0.9211 F1:0.8477
INFO:__main__:验证的best_acc:0.9029
INFO:__main__:----------------------------------------------------------------------------------------------------
INFO:__main__:
【train】epoch:92/150 loss:0.0796 acc:0.9688
INFO:__main__:
【val】epoch:92/150 loss:0.4183 acc:0.8940
INFO:__main__:
【Val】:  SENS: 0.8769  SPEC: 0.9037  PPV: 0.8382  NPV: 0.9281 F1:0.8571
INFO:__main__:验证的best_acc:0.9029
INFO:__main__:----------------------------------------------------------------------------------------------------
INFO:__main__:
【train】epoch:93/150 loss:0.0739 acc:0.9717
INFO:__main__:
【val】epoch:93/150 loss:0.3885 acc:0.8917
INFO:__main__:
【Val】:  SENS: 0.8338  SPEC: 0.9247  PPV: 0.8631  NPV: 0.9072 F1:0.8482
INFO:__main__:验证的best_acc:0.9029
INFO:__main__:----------------------------------------------------------------------------------------------------
INFO:__main__:
【train】epoch:94/150 loss:0.0736 acc:0.9693
INFO:__main__:
【val】epoch:94/150 loss:0.3954 acc:0.8962
INFO:__main__:
【Val】:  SENS: 0.8554  SPEC: 0.9194  PPV: 0.8580  NPV: 0.9178 F1:0.8567
INFO:__main__:验证的best_acc:0.9029
INFO:__main__:----------------------------------------------------------------------------------------------------
INFO:__main__:
【train】epoch:95/150 loss:0.0792 acc:0.9698
INFO:__main__:
【val】epoch:95/150 loss:0.4006 acc:0.8929
INFO:__main__:
【Val】:  SENS: 0.8738  SPEC: 0.9037  PPV: 0.8378  NPV: 0.9264 F1:0.8554
INFO:__main__:验证的best_acc:0.9029
INFO:__main__:----------------------------------------------------------------------------------------------------
INFO:__main__:
【train】epoch:96/150 loss:0.0760 acc:0.9735
INFO:__main__:
【val】epoch:96/150 loss:0.3908 acc:0.8962
INFO:__main__:
【Val】:  SENS: 0.8585  SPEC: 0.9177  PPV: 0.8558  NPV: 0.9193 F1:0.8571
INFO:__main__:验证的best_acc:0.9029
INFO:__main__:----------------------------------------------------------------------------------------------------
INFO:__main__:
【train】epoch:97/150 loss:0.0752 acc:0.9701
INFO:__main__:
【val】epoch:97/150 loss:0.3854 acc:0.8929
INFO:__main__:
【Val】:  SENS: 0.8462  SPEC: 0.9194  PPV: 0.8567  NPV: 0.9130 F1:0.8514
INFO:__main__:验证的best_acc:0.9029
INFO:__main__:----------------------------------------------------------------------------------------------------
INFO:__main__:
【train】epoch:98/150 loss:0.0757 acc:0.9726
INFO:__main__:
【val】epoch:98/150 loss:0.4031 acc:0.8996
INFO:__main__:
【Val】:  SENS: 0.8708  SPEC: 0.9159  PPV: 0.8550  NPV: 0.9257 F1:0.8628
INFO:__main__:验证的best_acc:0.9029
INFO:__main__:----------------------------------------------------------------------------------------------------
INFO:__main__:
【train】epoch:99/150 loss:0.0648 acc:0.9736
INFO:__main__:
【val】epoch:99/150 loss:0.4038 acc:0.8962
INFO:__main__:
【Val】:  SENS: 0.8831  SPEC: 0.9037  PPV: 0.8392  NPV: 0.9314 F1:0.8606
INFO:__main__:验证的best_acc:0.9029
INFO:__main__:----------------------------------------------------------------------------------------------------
INFO:__main__:
【train】epoch:100/150 loss:0.0678 acc:0.9715
INFO:__main__:
【val】epoch:100/150 loss:0.3954 acc:0.8873
INFO:__main__:
【Val】:  SENS: 0.8523  SPEC: 0.9072  PPV: 0.8394  NPV: 0.9152 F1:0.8458
INFO:__main__:验证的best_acc:0.9029
INFO:__main__:----------------------------------------------------------------------------------------------------
INFO:__main__:
【train】epoch:101/150 loss:0.0549 acc:0.9791
INFO:__main__:
【val】epoch:101/150 loss:0.4378 acc:0.8962
INFO:__main__:
【Val】:  SENS: 0.8431  SPEC: 0.9264  PPV: 0.8671  NPV: 0.9121 F1:0.8549
INFO:__main__:验证的best_acc:0.9029
INFO:__main__:----------------------------------------------------------------------------------------------------
INFO:__main__:
【train】epoch:102/150 loss:0.0667 acc:0.9755
INFO:__main__:
【val】epoch:102/150 loss:0.4055 acc:0.9040
INFO:__main__:
【Val】:  SENS: 0.8831  SPEC: 0.9159  PPV: 0.8567  NPV: 0.9323 F1:0.8697
INFO:__main__:验证的best_acc:0.9040
INFO:__main__:----------------------------------------------------------------------------------------------------
INFO:__main__:
【train】epoch:103/150 loss:0.0648 acc:0.9746
INFO:__main__:
【val】epoch:103/150 loss:0.4410 acc:0.8940
INFO:__main__:
【Val】:  SENS: 0.8738  SPEC: 0.9054  PPV: 0.8402  NPV: 0.9265 F1:0.8567
INFO:__main__:验证的best_acc:0.9040
INFO:__main__:----------------------------------------------------------------------------------------------------
INFO:__main__:
【train】epoch:104/150 loss:0.0736 acc:0.9709
INFO:__main__:
【val】epoch:104/150 loss:0.3670 acc:0.9051
INFO:__main__:
【Val】:  SENS: 0.8492  SPEC: 0.9370  PPV: 0.8846  NPV: 0.9161 F1:0.8666
INFO:__main__:验证的best_acc:0.9051
INFO:__main__:----------------------------------------------------------------------------------------------------
INFO:__main__:
【train】epoch:105/150 loss:0.0719 acc:0.9739
INFO:__main__:
【val】epoch:105/150 loss:0.3884 acc:0.9018
INFO:__main__:
【Val】:  SENS: 0.8769  SPEC: 0.9159  PPV: 0.8559  NPV: 0.9290 F1:0.8663
INFO:__main__:验证的best_acc:0.9051
INFO:__main__:----------------------------------------------------------------------------------------------------
INFO:__main__:
【train】epoch:106/150 loss:0.0616 acc:0.9743
INFO:__main__:
【val】epoch:106/150 loss:0.3777 acc:0.9018
INFO:__main__:
【Val】:  SENS: 0.8585  SPEC: 0.9264  PPV: 0.8692  NPV: 0.9200 F1:0.8638
INFO:__main__:验证的best_acc:0.9051
INFO:__main__:----------------------------------------------------------------------------------------------------
INFO:__main__:
【train】epoch:107/150 loss:0.0642 acc:0.9754
INFO:__main__:
【val】epoch:107/150 loss:0.4121 acc:0.8862
INFO:__main__:
【Val】:  SENS: 0.8769  SPEC: 0.8914  PPV: 0.8213  NPV: 0.9271 F1:0.8482
INFO:__main__:验证的best_acc:0.9051
INFO:__main__:----------------------------------------------------------------------------------------------------
INFO:__main__:
【train】epoch:108/150 loss:0.0694 acc:0.9730
INFO:__main__:
【val】epoch:108/150 loss:0.4531 acc:0.8795
INFO:__main__:
【Val】:  SENS: 0.8954  SPEC: 0.8704  PPV: 0.7973  NPV: 0.9360 F1:0.8435
INFO:__main__:验证的best_acc:0.9051
INFO:__main__:----------------------------------------------------------------------------------------------------
INFO:__main__:
【train】epoch:109/150 loss:0.0562 acc:0.9779
INFO:__main__:
【val】epoch:109/150 loss:0.4418 acc:0.8884
INFO:__main__:
【Val】:  SENS: 0.8646  SPEC: 0.9019  PPV: 0.8338  NPV: 0.9213 F1:0.8489
INFO:__main__:验证的best_acc:0.9051
INFO:__main__:----------------------------------------------------------------------------------------------------
INFO:__main__:
【train】epoch:110/150 loss:0.0617 acc:0.9743
INFO:__main__:
【val】epoch:110/150 loss:0.4112 acc:0.8884
INFO:__main__:
【Val】:  SENS: 0.8462  SPEC: 0.9124  PPV: 0.8462  NPV: 0.9124 F1:0.8462
INFO:__main__:验证的best_acc:0.9051
INFO:__main__:----------------------------------------------------------------------------------------------------
INFO:__main__:
【train】epoch:111/150 loss:0.0504 acc:0.9791
INFO:__main__:
【val】epoch:111/150 loss:0.4496 acc:0.8873
INFO:__main__:
【Val】:  SENS: 0.8369  SPEC: 0.9159  PPV: 0.8500  NPV: 0.9080 F1:0.8434
INFO:__main__:验证的best_acc:0.9051
INFO:__main__:----------------------------------------------------------------------------------------------------
INFO:__main__:
【train】epoch:112/150 loss:0.0559 acc:0.9777
INFO:__main__:
【val】epoch:112/150 loss:0.4487 acc:0.8929
INFO:__main__:
【Val】:  SENS: 0.8400  SPEC: 0.9229  PPV: 0.8612  NPV: 0.9102 F1:0.8505
INFO:__main__:验证的best_acc:0.9051
INFO:__main__:----------------------------------------------------------------------------------------------------
INFO:__main__:
【train】epoch:113/150 loss:0.0551 acc:0.9802
INFO:__main__:
【val】epoch:113/150 loss:0.4484 acc:0.8973
INFO:__main__:
【Val】:  SENS: 0.8523  SPEC: 0.9229  PPV: 0.8629  NPV: 0.9165 F1:0.8576
INFO:__main__:验证的best_acc:0.9051
INFO:__main__:----------------------------------------------------------------------------------------------------
INFO:__main__:
【train】epoch:114/150 loss:0.0587 acc:0.9777
INFO:__main__:
【val】epoch:114/150 loss:0.4305 acc:0.8884
INFO:__main__:
【Val】:  SENS: 0.8400  SPEC: 0.9159  PPV: 0.8505  NPV: 0.9096 F1:0.8452
INFO:__main__:验证的best_acc:0.9051
INFO:__main__:----------------------------------------------------------------------------------------------------
INFO:__main__:
【train】epoch:115/150 loss:0.0578 acc:0.9781
INFO:__main__:
【val】epoch:115/150 loss:0.4508 acc:0.8884
INFO:__main__:
【Val】:  SENS: 0.8708  SPEC: 0.8984  PPV: 0.8299  NPV: 0.9243 F1:0.8498
INFO:__main__:验证的best_acc:0.9051
INFO:__main__:----------------------------------------------------------------------------------------------------
INFO:__main__:
【train】epoch:116/150 loss:0.0532 acc:0.9787
INFO:__main__:
【val】epoch:116/150 loss:0.4416 acc:0.8895
INFO:__main__:
【Val】:  SENS: 0.8585  SPEC: 0.9072  PPV: 0.8404  NPV: 0.9184 F1:0.8493
INFO:__main__:验证的best_acc:0.9051
INFO:__main__:----------------------------------------------------------------------------------------------------
INFO:__main__:
【train】epoch:117/150 loss:0.0543 acc:0.9789
INFO:__main__:
【val】epoch:117/150 loss:0.4452 acc:0.8884
INFO:__main__:
【Val】:  SENS: 0.8369  SPEC: 0.9177  PPV: 0.8527  NPV: 0.9081 F1:0.8447
INFO:__main__:验证的best_acc:0.9051
INFO:__main__:----------------------------------------------------------------------------------------------------
INFO:__main__:
【train】epoch:118/150 loss:0.0571 acc:0.9777
INFO:__main__:
【val】epoch:118/150 loss:0.4603 acc:0.8862
INFO:__main__:
【Val】:  SENS: 0.8338  SPEC: 0.9159  PPV: 0.8495  NPV: 0.9064 F1:0.8416
INFO:__main__:验证的best_acc:0.9051
INFO:__main__:----------------------------------------------------------------------------------------------------
INFO:__main__:
【train】epoch:119/150 loss:0.0455 acc:0.9837
INFO:__main__:
【val】epoch:119/150 loss:0.4464 acc:0.8873
INFO:__main__:
【Val】:  SENS: 0.8738  SPEC: 0.8949  PPV: 0.8256  NPV: 0.9257 F1:0.8490
INFO:__main__:验证的best_acc:0.9051
INFO:__main__:----------------------------------------------------------------------------------------------------
INFO:__main__:
【train】epoch:120/150 loss:0.0517 acc:0.9815
INFO:__main__:
【val】epoch:120/150 loss:0.4653 acc:0.8929
INFO:__main__:
【Val】:  SENS: 0.8400  SPEC: 0.9229  PPV: 0.8612  NPV: 0.9102 F1:0.8505
INFO:__main__:验证的best_acc:0.9051
INFO:__main__:----------------------------------------------------------------------------------------------------
INFO:__main__:
【train】epoch:121/150 loss:0.0483 acc:0.9812
INFO:__main__:
【val】epoch:121/150 loss:0.4256 acc:0.9040
INFO:__main__:
【Val】:  SENS: 0.8677  SPEC: 0.9247  PPV: 0.8677  NPV: 0.9247 F1:0.8677
INFO:__main__:验证的best_acc:0.9051
INFO:__main__:----------------------------------------------------------------------------------------------------
INFO:__main__:
【train】epoch:122/150 loss:0.0423 acc:0.9838
INFO:__main__:
【val】epoch:122/150 loss:0.4641 acc:0.8895
INFO:__main__:
【Val】:  SENS: 0.8492  SPEC: 0.9124  PPV: 0.8466  NPV: 0.9140 F1:0.8479
INFO:__main__:验证的best_acc:0.9051
INFO:__main__:----------------------------------------------------------------------------------------------------
INFO:__main__:
【train】epoch:123/150 loss:0.0451 acc:0.9808
INFO:__main__:
【val】epoch:123/150 loss:0.4691 acc:0.8984
INFO:__main__:
【Val】:  SENS: 0.8431  SPEC: 0.9299  PPV: 0.8726  NPV: 0.9124 F1:0.8576
INFO:__main__:验证的best_acc:0.9051
INFO:__main__:----------------------------------------------------------------------------------------------------
INFO:__main__:
【train】epoch:124/150 loss:0.0505 acc:0.9789
INFO:__main__:
【val】epoch:124/150 loss:0.4528 acc:0.8906
INFO:__main__:
【Val】:  SENS: 0.8554  SPEC: 0.9107  PPV: 0.8450  NPV: 0.9171 F1:0.8502
INFO:__main__:验证的best_acc:0.9051
INFO:__main__:----------------------------------------------------------------------------------------------------
INFO:__main__:
【train】epoch:125/150 loss:0.0442 acc:0.9853
INFO:__main__:
【val】epoch:125/150 loss:0.4669 acc:0.8984
INFO:__main__:
【Val】:  SENS: 0.8554  SPEC: 0.9229  PPV: 0.8634  NPV: 0.9181 F1:0.8594
INFO:__main__:验证的best_acc:0.9051
INFO:__main__:----------------------------------------------------------------------------------------------------
INFO:__main__:
【train】epoch:126/150 loss:0.0394 acc:0.9855
INFO:__main__:
【val】epoch:126/150 loss:0.4696 acc:0.9018
INFO:__main__:
【Val】:  SENS: 0.8923  SPEC: 0.9072  PPV: 0.8455  NPV: 0.9367 F1:0.8683
INFO:__main__:验证的best_acc:0.9051
INFO:__main__:----------------------------------------------------------------------------------------------------
INFO:__main__:
【train】epoch:127/150 loss:0.0482 acc:0.9818
INFO:__main__:
【val】epoch:127/150 loss:0.4643 acc:0.8962
INFO:__main__:
【Val】:  SENS: 0.8708  SPEC: 0.9107  PPV: 0.8473  NPV: 0.9253 F1:0.8589
INFO:__main__:验证的best_acc:0.9051
INFO:__main__:----------------------------------------------------------------------------------------------------
INFO:__main__:
【train】epoch:128/150 loss:0.0479 acc:0.9826
INFO:__main__:
【val】epoch:128/150 loss:0.4874 acc:0.8973
INFO:__main__:
【Val】:  SENS: 0.8738  SPEC: 0.9107  PPV: 0.8478  NPV: 0.9269 F1:0.8606
INFO:__main__:验证的best_acc:0.9051
INFO:__main__:----------------------------------------------------------------------------------------------------
INFO:__main__:
【train】epoch:129/150 loss:0.0420 acc:0.9859
INFO:__main__:
【val】epoch:129/150 loss:0.4548 acc:0.9007
INFO:__main__:
【Val】:  SENS: 0.8492  SPEC: 0.9299  PPV: 0.8734  NPV: 0.9155 F1:0.8612
INFO:__main__:验证的best_acc:0.9051
INFO:__main__:----------------------------------------------------------------------------------------------------
INFO:__main__:
【train】epoch:130/150 loss:0.0401 acc:0.9844
INFO:__main__:
【val】epoch:130/150 loss:0.4719 acc:0.8917
INFO:__main__:
【Val】:  SENS: 0.8523  SPEC: 0.9142  PPV: 0.8497  NPV: 0.9158 F1:0.8510
INFO:__main__:验证的best_acc:0.9051
INFO:__main__:----------------------------------------------------------------------------------------------------
INFO:__main__:
【train】epoch:131/150 loss:0.0398 acc:0.9841
INFO:__main__:
【val】epoch:131/150 loss:0.4676 acc:0.8884
INFO:__main__:
【Val】:  SENS: 0.8400  SPEC: 0.9159  PPV: 0.8505  NPV: 0.9096 F1:0.8452
INFO:__main__:验证的best_acc:0.9051
INFO:__main__:----------------------------------------------------------------------------------------------------
INFO:__main__:
【train】epoch:132/150 loss:0.0394 acc:0.9852
INFO:__main__:
【val】epoch:132/150 loss:0.4850 acc:0.8951
INFO:__main__:
【Val】:  SENS: 0.8831  SPEC: 0.9019  PPV: 0.8367  NPV: 0.9313 F1:0.8593
INFO:__main__:验证的best_acc:0.9051
INFO:__main__:----------------------------------------------------------------------------------------------------
INFO:__main__:
【train】epoch:133/150 loss:0.0379 acc:0.9857
INFO:__main__:
【val】epoch:133/150 loss:0.4941 acc:0.9007
INFO:__main__:
【Val】:  SENS: 0.8585  SPEC: 0.9247  PPV: 0.8665  NPV: 0.9199 F1:0.8624
INFO:__main__:验证的best_acc:0.9051
INFO:__main__:----------------------------------------------------------------------------------------------------
INFO:__main__:
【train】epoch:134/150 loss:0.0411 acc:0.9857
INFO:__main__:
【val】epoch:134/150 loss:0.4471 acc:0.8996
INFO:__main__:
【Val】:  SENS: 0.8585  SPEC: 0.9229  PPV: 0.8638  NPV: 0.9197 F1:0.8611
INFO:__main__:验证的best_acc:0.9051
INFO:__main__:----------------------------------------------------------------------------------------------------
INFO:__main__:
【train】epoch:135/150 loss:0.0387 acc:0.9849
INFO:__main__:
【val】epoch:135/150 loss:0.4825 acc:0.8850
INFO:__main__:
【Val】:  SENS: 0.8646  SPEC: 0.8967  PPV: 0.8265  NPV: 0.9209 F1:0.8451
INFO:__main__:验证的best_acc:0.9051
INFO:__main__:----------------------------------------------------------------------------------------------------
INFO:__main__:
【train】epoch:136/150 loss:0.0311 acc:0.9883
INFO:__main__:
【val】epoch:136/150 loss:0.4782 acc:0.8929
INFO:__main__:
【Val】:  SENS: 0.8431  SPEC: 0.9212  PPV: 0.8589  NPV: 0.9116 F1:0.8509
INFO:__main__:验证的best_acc:0.9051
INFO:__main__:----------------------------------------------------------------------------------------------------
INFO:__main__:
【train】epoch:137/150 loss:0.0325 acc:0.9864
INFO:__main__:
【val】epoch:137/150 loss:0.5277 acc:0.8850
INFO:__main__:
【Val】:  SENS: 0.8677  SPEC: 0.8949  PPV: 0.8246  NPV: 0.9224 F1:0.8456
INFO:__main__:验证的best_acc:0.9051
INFO:__main__:----------------------------------------------------------------------------------------------------
INFO:__main__:
【train】epoch:138/150 loss:0.0361 acc:0.9856
INFO:__main__:
【val】epoch:138/150 loss:0.5091 acc:0.8884
INFO:__main__:
【Val】:  SENS: 0.8492  SPEC: 0.9107  PPV: 0.8440  NPV: 0.9139 F1:0.8466
INFO:__main__:验证的best_acc:0.9051
INFO:__main__:----------------------------------------------------------------------------------------------------
INFO:__main__:
【train】epoch:139/150 loss:0.0415 acc:0.9829
INFO:__main__:
【val】epoch:139/150 loss:0.4425 acc:0.8962
INFO:__main__:
【Val】:  SENS: 0.8615  SPEC: 0.9159  PPV: 0.8537  NPV: 0.9208 F1:0.8576
INFO:__main__:验证的best_acc:0.9051
INFO:__main__:----------------------------------------------------------------------------------------------------
INFO:__main__:
【train】epoch:140/150 loss:0.0318 acc:0.9890
INFO:__main__:
【val】epoch:140/150 loss:0.4108 acc:0.8962
INFO:__main__:
【Val】:  SENS: 0.8708  SPEC: 0.9107  PPV: 0.8473  NPV: 0.9253 F1:0.8589
INFO:__main__:验证的best_acc:0.9051
INFO:__main__:----------------------------------------------------------------------------------------------------
INFO:__main__:
【train】epoch:141/150 loss:0.0305 acc:0.9882
INFO:__main__:
【val】epoch:141/150 loss:0.4477 acc:0.9051
INFO:__main__:
【Val】:  SENS: 0.8800  SPEC: 0.9194  PPV: 0.8614  NPV: 0.9309 F1:0.8706
INFO:__main__:验证的best_acc:0.9051
INFO:__main__:----------------------------------------------------------------------------------------------------
INFO:__main__:
【train】epoch:142/150 loss:0.0295 acc:0.9890
INFO:__main__:
【val】epoch:142/150 loss:0.4517 acc:0.9029
INFO:__main__:
【Val】:  SENS: 0.8615  SPEC: 0.9264  PPV: 0.8696  NPV: 0.9216 F1:0.8655
INFO:__main__:验证的best_acc:0.9051
INFO:__main__:----------------------------------------------------------------------------------------------------
INFO:__main__:
【train】epoch:143/150 loss:0.0383 acc:0.9861
INFO:__main__:
【val】epoch:143/150 loss:0.4197 acc:0.9051
INFO:__main__:
【Val】:  SENS: 0.8923  SPEC: 0.9124  PPV: 0.8529  NPV: 0.9371 F1:0.8722
INFO:__main__:验证的best_acc:0.9051
INFO:__main__:----------------------------------------------------------------------------------------------------
INFO:__main__:
【train】epoch:144/150 loss:0.0316 acc:0.9894
INFO:__main__:
【val】epoch:144/150 loss:0.4611 acc:0.8951
INFO:__main__:
【Val】:  SENS: 0.8585  SPEC: 0.9159  PPV: 0.8532  NPV: 0.9192 F1:0.8558
INFO:__main__:验证的best_acc:0.9051
INFO:__main__:----------------------------------------------------------------------------------------------------
INFO:__main__:
【train】epoch:145/150 loss:0.0274 acc:0.9891
INFO:__main__:
【val】epoch:145/150 loss:0.5038 acc:0.9007
INFO:__main__:
【Val】:  SENS: 0.8646  SPEC: 0.9212  PPV: 0.8620  NPV: 0.9228 F1:0.8633
INFO:__main__:验证的best_acc:0.9051
INFO:__main__:----------------------------------------------------------------------------------------------------
INFO:__main__:
【train】epoch:146/150 loss:0.0324 acc:0.9889
INFO:__main__:
【val】epoch:146/150 loss:0.5219 acc:0.8906
INFO:__main__:
【Val】:  SENS: 0.8646  SPEC: 0.9054  PPV: 0.8388  NPV: 0.9216 F1:0.8515
INFO:__main__:验证的best_acc:0.9051
INFO:__main__:----------------------------------------------------------------------------------------------------
INFO:__main__:
【train】epoch:147/150 loss:0.0308 acc:0.9886
INFO:__main__:
【val】epoch:147/150 loss:0.4882 acc:0.8973
INFO:__main__:
【Val】:  SENS: 0.8369  SPEC: 0.9317  PPV: 0.8746  NPV: 0.9094 F1:0.8553
INFO:__main__:验证的best_acc:0.9051
INFO:__main__:----------------------------------------------------------------------------------------------------
INFO:__main__:
【train】epoch:148/150 loss:0.0322 acc:0.9880
INFO:__main__:
【val】epoch:148/150 loss:0.5004 acc:0.8973
INFO:__main__:
【Val】:  SENS: 0.8708  SPEC: 0.9124  PPV: 0.8498  NPV: 0.9254 F1:0.8602
INFO:__main__:验证的best_acc:0.9051
INFO:__main__:----------------------------------------------------------------------------------------------------
INFO:__main__:
【train】epoch:149/150 loss:0.0280 acc:0.9894
INFO:__main__:
【val】epoch:149/150 loss:0.4878 acc:0.8984
INFO:__main__:
【Val】:  SENS: 0.8400  SPEC: 0.9317  PPV: 0.8750  NPV: 0.9110 F1:0.8571
INFO:__main__:验证的best_acc:0.9051
INFO:__main__:----------------------------------------------------------------------------------------------------
INFO:__main__:****************************************************************************************************
INFO:__main__:Val_LOSS:['0.6480', '0.5405', '0.5244', '0.4577', '0.4253', '0.4243', '0.7400', '0.3281', '0.3923', '0.3841', '0.3551', '0.3444', '0.2957', '0.3303', '0.3349', '0.3177', '0.2941', '0.3383', '0.3226', '0.3343', '0.3335', '0.3123', '0.3109', '0.3401', '0.3342', '0.2788', '0.3052', '0.2947', '0.2985', '0.3450', '0.3539', '0.2941', '0.3154', '0.3095', '0.3222', '0.3137', '0.2896', '0.2979', '0.3748', '0.3115', '0.3835', '0.3355', '0.3400', '0.3789', '0.3417', '0.3617', '0.3486', '0.3700', '0.4286', '0.4095', '0.3784', '0.3934', '0.3953', '0.4353', '0.3705', '0.4116', '0.3940', '0.3410', '0.3489', '0.3601', '0.3026', '0.3916', '0.3759', '0.3702', '0.3684', '0.3661', '0.3367', '0.4320', '0.3639', '0.3480', '0.3637', '0.3658', '0.3037', '0.3381', '0.3799', '0.3321', '0.3842', '0.3973', '0.3748', '0.3542', '0.3485', '0.3436', '0.3913', '0.5097', '0.3445', '0.3914', '0.3667', '0.3682', '0.4477', '0.4073', '0.3979', '0.3898', '0.4183', '0.3885', '0.3954', '0.4006', '0.3908', '0.3854', '0.4031', '0.4038', '0.3954', '0.4378', '0.4055', '0.4410', '0.3670', '0.3884', '0.3777', '0.4121', '0.4531', '0.4418', '0.4112', '0.4496', '0.4487', '0.4484', '0.4305', '0.4508', '0.4416', '0.4452', '0.4603', '0.4464', '0.4653', '0.4256', '0.4641', '0.4691', '0.4528', '0.4669', '0.4696', '0.4643', '0.4874', '0.4548', '0.4719', '0.4676', '0.4850', '0.4941', '0.4471', '0.4825', '0.4782', '0.5277', '0.5091', '0.4425', '0.4108', '0.4477', '0.4517', '0.4197', '0.4611', '0.5038', '0.5219', '0.4882', '0.5004', '0.4878']
INFO:__main__:Val_ACC:['0.6261', '0.6897', '0.7210', '0.7600', '0.7779', '0.7980', '0.7165', '0.8594', '0.8214', '0.8114', '0.8259', '0.8326', '0.8683', '0.8549', '0.8382', '0.8594', '0.8750', '0.8404', '0.8571', '0.8583', '0.8672', '0.8694', '0.8683', '0.8482', '0.8672', '0.8806', '0.8605', '0.8616', '0.8605', '0.8583', '0.8761', '0.8761', '0.8694', '0.8772', '0.8638', '0.8594', '0.8795', '0.8717', '0.8650', '0.8739', '0.8549', '0.8783', '0.8839', '0.8638', '0.8828', '0.8605', '0.8661', '0.8728', '0.8672', '0.8694', '0.8772', '0.8739', '0.8705', '0.8583', '0.8750', '0.8504', '0.8594', '0.8761', '0.8817', '0.8806', '0.8850', '0.8806', '0.8728', '0.8795', '0.8917', '0.8839', '0.8884', '0.8672', '0.8806', '0.8862', '0.8806', '0.8862', '0.9007', '0.9029', '0.8884', '0.8906', '0.8940', '0.8772', '0.8839', '0.8984', '0.8962', '0.8940', '0.8850', '0.8739', '0.8951', '0.8862', '0.8917', '0.8906', '0.8806', '0.8850', '0.8839', '0.8873', '0.8940', '0.8917', '0.8962', '0.8929', '0.8962', '0.8929', '0.8996', '0.8962', '0.8873', '0.8962', '0.9040', '0.8940', '0.9051', '0.9018', '0.9018', '0.8862', '0.8795', '0.8884', '0.8884', '0.8873', '0.8929', '0.8973', '0.8884', '0.8884', '0.8895', '0.8884', '0.8862', '0.8873', '0.8929', '0.9040', '0.8895', '0.8984', '0.8906', '0.8984', '0.9018', '0.8962', '0.8973', '0.9007', '0.8917', '0.8884', '0.8951', '0.9007', '0.8996', '0.8850', '0.8929', '0.8850', '0.8884', '0.8962', '0.8962', '0.9051', '0.9029', '0.9051', '0.8951', '0.9007', '0.8906', '0.8973', '0.8973', '0.8984']
INFO:__main__:****************************************************************************************************
INFO:__main__: epoch0 测试test_Loss: 0.5337  test_ACC: 0.8777  
INFO:__main__:SENS: 0.7988 SPEC: 0.9236 PPV: 0.8589 NPV: 0.8874 F1:0.8278
INFO:__main__:test_Best_acc:0.8777
INFO:__main__:flops:2323740064.0  params:14128629.0
