INFO:__main__:
【train】epoch:0/150 loss:0.6252 acc:0.6573
INFO:__main__:
【val】epoch:0/150 loss:0.5425 acc:0.7287
INFO:__main__:
【Val】:  SENS: 0.6814  SPEC: 0.7674  PPV: 0.7059  NPV: 0.7462 F1:0.6934
INFO:__main__:验证的best_acc:0.7287
INFO:__main__:----------------------------------------------------------------------------------------------------
INFO:__main__:
【train】epoch:1/150 loss:0.4787 acc:0.7785
INFO:__main__:
【val】epoch:1/150 loss:0.4524 acc:0.7983
INFO:__main__:
【Val】:  SENS: 0.8139  SPEC: 0.7855  PPV: 0.7566  NPV: 0.8375 F1:0.7842
INFO:__main__:验证的best_acc:0.7983
INFO:__main__:----------------------------------------------------------------------------------------------------
INFO:__main__:
【train】epoch:2/150 loss:0.4529 acc:0.7931
INFO:__main__:
【val】epoch:2/150 loss:0.4296 acc:0.7841
INFO:__main__:
【Val】:  SENS: 0.8391  SPEC: 0.7390  PPV: 0.7248  NPV: 0.8487 F1:0.7778
INFO:__main__:验证的best_acc:0.7983
INFO:__main__:----------------------------------------------------------------------------------------------------
INFO:__main__:
【train】epoch:3/150 loss:0.4158 acc:0.8125
INFO:__main__:
【val】epoch:3/150 loss:0.4250 acc:0.8097
INFO:__main__:
【Val】:  SENS: 0.7918  SPEC: 0.8243  PPV: 0.7868  NPV: 0.8286 F1:0.7893
INFO:__main__:验证的best_acc:0.8097
INFO:__main__:----------------------------------------------------------------------------------------------------
INFO:__main__:
【train】epoch:4/150 loss:0.3899 acc:0.8214
INFO:__main__:
【val】epoch:4/150 loss:0.3995 acc:0.8366
INFO:__main__:
【Val】:  SENS: 0.8202  SPEC: 0.8501  PPV: 0.8176  NPV: 0.8523 F1:0.8189
INFO:__main__:验证的best_acc:0.8366
INFO:__main__:----------------------------------------------------------------------------------------------------
INFO:__main__:
【train】epoch:5/150 loss:0.3797 acc:0.8345
INFO:__main__:
【val】epoch:5/150 loss:0.4623 acc:0.7969
INFO:__main__:
【Val】:  SENS: 0.6372  SPEC: 0.9276  PPV: 0.8783  NPV: 0.7574 F1:0.7386
INFO:__main__:验证的best_acc:0.8366
INFO:__main__:----------------------------------------------------------------------------------------------------
INFO:__main__:
【train】epoch:6/150 loss:0.3740 acc:0.8366
INFO:__main__:
【val】epoch:6/150 loss:0.4500 acc:0.7997
INFO:__main__:
【Val】:  SENS: 0.7666  SPEC: 0.8269  PPV: 0.7839  NPV: 0.8122 F1:0.7751
INFO:__main__:验证的best_acc:0.8366
INFO:__main__:----------------------------------------------------------------------------------------------------
INFO:__main__:
【train】epoch:7/150 loss:0.3509 acc:0.8450
INFO:__main__:
【val】epoch:7/150 loss:0.3837 acc:0.8352
INFO:__main__:
【Val】:  SENS: 0.7981  SPEC: 0.8656  PPV: 0.8295  NPV: 0.8396 F1:0.8135
INFO:__main__:验证的best_acc:0.8366
INFO:__main__:----------------------------------------------------------------------------------------------------
INFO:__main__:
【train】epoch:8/150 loss:0.3472 acc:0.8493
INFO:__main__:
【val】epoch:8/150 loss:0.3837 acc:0.8267
INFO:__main__:
【Val】:  SENS: 0.7445  SPEC: 0.8941  PPV: 0.8520  NPV: 0.8103 F1:0.7946
INFO:__main__:验证的best_acc:0.8366
INFO:__main__:----------------------------------------------------------------------------------------------------
INFO:__main__:
【train】epoch:9/150 loss:0.3311 acc:0.8567
INFO:__main__:
【val】epoch:9/150 loss:0.3698 acc:0.8182
INFO:__main__:
【Val】:  SENS: 0.8423  SPEC: 0.7984  PPV: 0.7739  NPV: 0.8607 F1:0.8066
INFO:__main__:验证的best_acc:0.8366
INFO:__main__:----------------------------------------------------------------------------------------------------
INFO:__main__:
【train】epoch:10/150 loss:0.3193 acc:0.8595
INFO:__main__:
【val】epoch:10/150 loss:0.3617 acc:0.8338
INFO:__main__:
【Val】:  SENS: 0.8265  SPEC: 0.8398  PPV: 0.8086  NPV: 0.8553 F1:0.8175
INFO:__main__:验证的best_acc:0.8366
INFO:__main__:----------------------------------------------------------------------------------------------------
INFO:__main__:
【train】epoch:11/150 loss:0.3038 acc:0.8705
INFO:__main__:
【val】epoch:11/150 loss:0.4315 acc:0.8082
INFO:__main__:
【Val】:  SENS: 0.7350  SPEC: 0.8682  PPV: 0.8204  NPV: 0.8000 F1:0.7754
INFO:__main__:验证的best_acc:0.8366
INFO:__main__:----------------------------------------------------------------------------------------------------
INFO:__main__:
【train】epoch:12/150 loss:0.3033 acc:0.8727
INFO:__main__:
【val】epoch:12/150 loss:0.4033 acc:0.8267
INFO:__main__:
【Val】:  SENS: 0.7129  SPEC: 0.9199  PPV: 0.8794  NPV: 0.7964 F1:0.7875
INFO:__main__:验证的best_acc:0.8366
INFO:__main__:----------------------------------------------------------------------------------------------------
INFO:__main__:
【train】epoch:13/150 loss:0.2900 acc:0.8759
INFO:__main__:
【val】epoch:13/150 loss:0.3754 acc:0.8366
INFO:__main__:
【Val】:  SENS: 0.8517  SPEC: 0.8243  PPV: 0.7988  NPV: 0.8716 F1:0.8244
INFO:__main__:验证的best_acc:0.8366
INFO:__main__:----------------------------------------------------------------------------------------------------
INFO:__main__:
【train】epoch:14/150 loss:0.2862 acc:0.8804
INFO:__main__:
【val】epoch:14/150 loss:0.3853 acc:0.8324
INFO:__main__:
【Val】:  SENS: 0.7855  SPEC: 0.8708  PPV: 0.8328  NPV: 0.8321 F1:0.8084
INFO:__main__:验证的best_acc:0.8366
INFO:__main__:----------------------------------------------------------------------------------------------------
INFO:__main__:
【train】epoch:15/150 loss:0.2831 acc:0.8809
INFO:__main__:
【val】epoch:15/150 loss:0.3929 acc:0.8125
INFO:__main__:
【Val】:  SENS: 0.7539  SPEC: 0.8605  PPV: 0.8157  NPV: 0.8102 F1:0.7836
INFO:__main__:验证的best_acc:0.8366
INFO:__main__:----------------------------------------------------------------------------------------------------
INFO:__main__:
【train】epoch:16/150 loss:0.2748 acc:0.8837
INFO:__main__:
【val】epoch:16/150 loss:0.3590 acc:0.8395
INFO:__main__:
【Val】:  SENS: 0.8644  SPEC: 0.8191  PPV: 0.7965  NPV: 0.8806 F1:0.8290
INFO:__main__:验证的best_acc:0.8395
INFO:__main__:----------------------------------------------------------------------------------------------------
INFO:__main__:
【train】epoch:17/150 loss:0.2715 acc:0.8858
INFO:__main__:
【val】epoch:17/150 loss:0.3477 acc:0.8466
INFO:__main__:
【Val】:  SENS: 0.8013  SPEC: 0.8837  PPV: 0.8495  NPV: 0.8444 F1:0.8247
INFO:__main__:验证的best_acc:0.8466
INFO:__main__:----------------------------------------------------------------------------------------------------
INFO:__main__:
【train】epoch:18/150 loss:0.2617 acc:0.8916
INFO:__main__:
【val】epoch:18/150 loss:0.3611 acc:0.8622
INFO:__main__:
【Val】:  SENS: 0.8328  SPEC: 0.8863  PPV: 0.8571  NPV: 0.8662 F1:0.8448
INFO:__main__:验证的best_acc:0.8622
INFO:__main__:----------------------------------------------------------------------------------------------------
INFO:__main__:
【train】epoch:19/150 loss:0.2543 acc:0.8932
INFO:__main__:
【val】epoch:19/150 loss:0.3566 acc:0.8352
INFO:__main__:
【Val】:  SENS: 0.7729  SPEC: 0.8863  PPV: 0.8478  NPV: 0.8265 F1:0.8086
INFO:__main__:验证的best_acc:0.8622
INFO:__main__:----------------------------------------------------------------------------------------------------
INFO:__main__:
【train】epoch:20/150 loss:0.2509 acc:0.8968
INFO:__main__:
【val】epoch:20/150 loss:0.3215 acc:0.8651
INFO:__main__:
【Val】:  SENS: 0.8580  SPEC: 0.8708  PPV: 0.8447  NPV: 0.8822 F1:0.8513
INFO:__main__:验证的best_acc:0.8651
INFO:__main__:----------------------------------------------------------------------------------------------------
INFO:__main__:
【train】epoch:21/150 loss:0.2502 acc:0.8961
INFO:__main__:
【val】epoch:21/150 loss:0.3474 acc:0.8551
INFO:__main__:
【Val】:  SENS: 0.8517  SPEC: 0.8579  PPV: 0.8308  NPV: 0.8760 F1:0.8411
INFO:__main__:验证的best_acc:0.8651
INFO:__main__:----------------------------------------------------------------------------------------------------
INFO:__main__:
【train】epoch:22/150 loss:0.2294 acc:0.9075
INFO:__main__:
【val】epoch:22/150 loss:0.3742 acc:0.8395
INFO:__main__:
【Val】:  SENS: 0.8707  SPEC: 0.8140  PPV: 0.7931  NPV: 0.8848 F1:0.8301
INFO:__main__:验证的best_acc:0.8651
INFO:__main__:----------------------------------------------------------------------------------------------------
INFO:__main__:
【train】epoch:23/150 loss:0.2261 acc:0.9080
INFO:__main__:
【val】epoch:23/150 loss:0.3604 acc:0.8494
INFO:__main__:
【Val】:  SENS: 0.8391  SPEC: 0.8579  PPV: 0.8287  NPV: 0.8668 F1:0.8339
INFO:__main__:验证的best_acc:0.8651
INFO:__main__:----------------------------------------------------------------------------------------------------
INFO:__main__:
【train】epoch:24/150 loss:0.2284 acc:0.9062
INFO:__main__:
【val】epoch:24/150 loss:0.3736 acc:0.8338
INFO:__main__:
【Val】:  SENS: 0.7256  SPEC: 0.9225  PPV: 0.8846  NPV: 0.8041 F1:0.7972
INFO:__main__:验证的best_acc:0.8651
INFO:__main__:----------------------------------------------------------------------------------------------------
INFO:__main__:
【train】epoch:25/150 loss:0.2228 acc:0.9106
INFO:__main__:
【val】epoch:25/150 loss:0.3564 acc:0.8509
INFO:__main__:
【Val】:  SENS: 0.8202  SPEC: 0.8760  PPV: 0.8442  NPV: 0.8561 F1:0.8320
INFO:__main__:验证的best_acc:0.8651
INFO:__main__:----------------------------------------------------------------------------------------------------
INFO:__main__:
【train】epoch:26/150 loss:0.2195 acc:0.9103
INFO:__main__:
【val】epoch:26/150 loss:0.4091 acc:0.8295
INFO:__main__:
【Val】:  SENS: 0.7697  SPEC: 0.8786  PPV: 0.8385  NPV: 0.8232 F1:0.8026
INFO:__main__:验证的best_acc:0.8651
INFO:__main__:----------------------------------------------------------------------------------------------------
INFO:__main__:
【train】epoch:27/150 loss:0.2094 acc:0.9141
INFO:__main__:
【val】epoch:27/150 loss:0.3822 acc:0.8196
INFO:__main__:
【Val】:  SENS: 0.7224  SPEC: 0.8992  PPV: 0.8545  NPV: 0.7982 F1:0.7829
INFO:__main__:验证的best_acc:0.8651
INFO:__main__:----------------------------------------------------------------------------------------------------
INFO:__main__:
【train】epoch:28/150 loss:0.2119 acc:0.9122
INFO:__main__:
【val】epoch:28/150 loss:0.3988 acc:0.8224
INFO:__main__:
【Val】:  SENS: 0.7066  SPEC: 0.9173  PPV: 0.8750  NPV: 0.7924 F1:0.7818
INFO:__main__:验证的best_acc:0.8651
INFO:__main__:----------------------------------------------------------------------------------------------------
INFO:__main__:
【train】epoch:29/150 loss:0.2095 acc:0.9157
INFO:__main__:
【val】epoch:29/150 loss:0.3829 acc:0.8423
INFO:__main__:
【Val】:  SENS: 0.7760  SPEC: 0.8966  PPV: 0.8601  NPV: 0.8301 F1:0.8159
INFO:__main__:验证的best_acc:0.8651
INFO:__main__:----------------------------------------------------------------------------------------------------
INFO:__main__:
【train】epoch:30/150 loss:0.1966 acc:0.9193
INFO:__main__:
【val】epoch:30/150 loss:0.4456 acc:0.7983
INFO:__main__:
【Val】:  SENS: 0.6751  SPEC: 0.8992  PPV: 0.8458  NPV: 0.7716 F1:0.7509
INFO:__main__:验证的best_acc:0.8651
INFO:__main__:----------------------------------------------------------------------------------------------------
INFO:__main__:
【train】epoch:31/150 loss:0.1859 acc:0.9269
INFO:__main__:
【val】epoch:31/150 loss:0.4069 acc:0.8551
INFO:__main__:
【Val】:  SENS: 0.8139  SPEC: 0.8889  PPV: 0.8571  NPV: 0.8536 F1:0.8350
INFO:__main__:验证的best_acc:0.8651
INFO:__main__:----------------------------------------------------------------------------------------------------
INFO:__main__:
【train】epoch:32/150 loss:0.1801 acc:0.9289
INFO:__main__:
【val】epoch:32/150 loss:0.4191 acc:0.8352
INFO:__main__:
【Val】:  SENS: 0.7350  SPEC: 0.9173  PPV: 0.8792  NPV: 0.8087 F1:0.8007
INFO:__main__:验证的best_acc:0.8651
INFO:__main__:----------------------------------------------------------------------------------------------------
INFO:__main__:
【train】epoch:33/150 loss:0.1924 acc:0.9246
INFO:__main__:
【val】epoch:33/150 loss:0.3950 acc:0.8537
INFO:__main__:
【Val】:  SENS: 0.7981  SPEC: 0.8992  PPV: 0.8664  NPV: 0.8447 F1:0.8309
INFO:__main__:验证的best_acc:0.8651
INFO:__main__:----------------------------------------------------------------------------------------------------
INFO:__main__:
【train】epoch:34/150 loss:0.1756 acc:0.9291
INFO:__main__:
【val】epoch:34/150 loss:0.3337 acc:0.8494
INFO:__main__:
【Val】:  SENS: 0.7792  SPEC: 0.9070  PPV: 0.8728  NPV: 0.8337 F1:0.8233
INFO:__main__:验证的best_acc:0.8651
INFO:__main__:----------------------------------------------------------------------------------------------------
INFO:__main__:
【train】epoch:35/150 loss:0.1735 acc:0.9331
INFO:__main__:
【val】epoch:35/150 loss:0.4088 acc:0.8523
INFO:__main__:
【Val】:  SENS: 0.8486  SPEC: 0.8553  PPV: 0.8277  NPV: 0.8734 F1:0.8380
INFO:__main__:验证的best_acc:0.8651
INFO:__main__:----------------------------------------------------------------------------------------------------
INFO:__main__:
【train】epoch:36/150 loss:0.1730 acc:0.9282
INFO:__main__:
【val】epoch:36/150 loss:0.4124 acc:0.8665
INFO:__main__:
【Val】:  SENS: 0.8580  SPEC: 0.8734  PPV: 0.8474  NPV: 0.8825 F1:0.8527
INFO:__main__:验证的best_acc:0.8665
INFO:__main__:----------------------------------------------------------------------------------------------------
INFO:__main__:
【train】epoch:37/150 loss:0.1754 acc:0.9291
INFO:__main__:
【val】epoch:37/150 loss:0.3507 acc:0.8594
INFO:__main__:
【Val】:  SENS: 0.8454  SPEC: 0.8708  PPV: 0.8428  NPV: 0.8731 F1:0.8441
INFO:__main__:验证的best_acc:0.8665
INFO:__main__:----------------------------------------------------------------------------------------------------
INFO:__main__:
【train】epoch:38/150 loss:0.1749 acc:0.9275
INFO:__main__:
【val】epoch:38/150 loss:0.3582 acc:0.8523
INFO:__main__:
【Val】:  SENS: 0.8328  SPEC: 0.8682  PPV: 0.8381  NPV: 0.8638 F1:0.8354
INFO:__main__:验证的best_acc:0.8665
INFO:__main__:----------------------------------------------------------------------------------------------------
INFO:__main__:
【train】epoch:39/150 loss:0.1542 acc:0.9398
INFO:__main__:
【val】epoch:39/150 loss:0.4269 acc:0.8665
INFO:__main__:
【Val】:  SENS: 0.9022  SPEC: 0.8372  PPV: 0.8195  NPV: 0.9127 F1:0.8589
INFO:__main__:验证的best_acc:0.8665
INFO:__main__:----------------------------------------------------------------------------------------------------
INFO:__main__:
【train】epoch:40/150 loss:0.1608 acc:0.9373
INFO:__main__:
【val】epoch:40/150 loss:0.4327 acc:0.8622
INFO:__main__:
【Val】:  SENS: 0.8738  SPEC: 0.8527  PPV: 0.8293  NPV: 0.8919 F1:0.8510
INFO:__main__:验证的best_acc:0.8665
INFO:__main__:----------------------------------------------------------------------------------------------------
INFO:__main__:
【train】epoch:41/150 loss:0.1453 acc:0.9431
INFO:__main__:
【val】epoch:41/150 loss:0.4355 acc:0.8580
INFO:__main__:
【Val】:  SENS: 0.8297  SPEC: 0.8811  PPV: 0.8511  NPV: 0.8633 F1:0.8403
INFO:__main__:验证的best_acc:0.8665
INFO:__main__:----------------------------------------------------------------------------------------------------
INFO:__main__:
【train】epoch:42/150 loss:0.1492 acc:0.9419
INFO:__main__:
【val】epoch:42/150 loss:0.4308 acc:0.8509
INFO:__main__:
【Val】:  SENS: 0.8549  SPEC: 0.8475  PPV: 0.8212  NPV: 0.8770 F1:0.8377
INFO:__main__:验证的best_acc:0.8665
INFO:__main__:----------------------------------------------------------------------------------------------------
INFO:__main__:
【train】epoch:43/150 loss:0.1433 acc:0.9403
INFO:__main__:
【val】epoch:43/150 loss:0.4320 acc:0.8551
INFO:__main__:
【Val】:  SENS: 0.8454  SPEC: 0.8630  PPV: 0.8349  NPV: 0.8721 F1:0.8401
INFO:__main__:验证的best_acc:0.8665
INFO:__main__:----------------------------------------------------------------------------------------------------
INFO:__main__:
【train】epoch:44/150 loss:0.1405 acc:0.9455
INFO:__main__:
【val】epoch:44/150 loss:0.3599 acc:0.8622
INFO:__main__:
【Val】:  SENS: 0.8202  SPEC: 0.8966  PPV: 0.8667  NPV: 0.8589 F1:0.8428
INFO:__main__:验证的best_acc:0.8665
INFO:__main__:----------------------------------------------------------------------------------------------------
INFO:__main__:
【train】epoch:45/150 loss:0.1472 acc:0.9398
INFO:__main__:
【val】epoch:45/150 loss:0.4262 acc:0.8537
INFO:__main__:
【Val】:  SENS: 0.8580  SPEC: 0.8501  PPV: 0.8242  NPV: 0.8797 F1:0.8408
INFO:__main__:验证的best_acc:0.8665
INFO:__main__:----------------------------------------------------------------------------------------------------
INFO:__main__:
【train】epoch:46/150 loss:0.1445 acc:0.9406
INFO:__main__:
【val】epoch:46/150 loss:0.4824 acc:0.8509
INFO:__main__:
【Val】:  SENS: 0.8076  SPEC: 0.8863  PPV: 0.8533  NPV: 0.8490 F1:0.8298
INFO:__main__:验证的best_acc:0.8665
INFO:__main__:----------------------------------------------------------------------------------------------------
INFO:__main__:
【train】epoch:47/150 loss:0.1349 acc:0.9473
INFO:__main__:
【val】epoch:47/150 loss:0.4981 acc:0.8466
INFO:__main__:
【Val】:  SENS: 0.8139  SPEC: 0.8734  PPV: 0.8404  NPV: 0.8514 F1:0.8269
INFO:__main__:验证的best_acc:0.8665
INFO:__main__:----------------------------------------------------------------------------------------------------
INFO:__main__:
【train】epoch:48/150 loss:0.1365 acc:0.9480
INFO:__main__:
【val】epoch:48/150 loss:0.4042 acc:0.8622
INFO:__main__:
【Val】:  SENS: 0.8675  SPEC: 0.8579  PPV: 0.8333  NPV: 0.8877 F1:0.8501
INFO:__main__:验证的best_acc:0.8665
INFO:__main__:----------------------------------------------------------------------------------------------------
INFO:__main__:
【train】epoch:49/150 loss:0.1262 acc:0.9504
INFO:__main__:
【val】epoch:49/150 loss:0.4365 acc:0.8679
INFO:__main__:
【Val】:  SENS: 0.8927  SPEC: 0.8475  PPV: 0.8275  NPV: 0.9061 F1:0.8589
INFO:__main__:验证的best_acc:0.8679
INFO:__main__:----------------------------------------------------------------------------------------------------
INFO:__main__:
【train】epoch:50/150 loss:0.1335 acc:0.9466
INFO:__main__:
【val】epoch:50/150 loss:0.4581 acc:0.8423
INFO:__main__:
【Val】:  SENS: 0.8644  SPEC: 0.8243  PPV: 0.8012  NPV: 0.8812 F1:0.8316
INFO:__main__:验证的best_acc:0.8679
INFO:__main__:----------------------------------------------------------------------------------------------------
INFO:__main__:
【train】epoch:51/150 loss:0.1211 acc:0.9550
INFO:__main__:
【val】epoch:51/150 loss:0.5045 acc:0.8636
INFO:__main__:
【Val】:  SENS: 0.8801  SPEC: 0.8501  PPV: 0.8279  NPV: 0.8965 F1:0.8532
INFO:__main__:验证的best_acc:0.8679
INFO:__main__:----------------------------------------------------------------------------------------------------
INFO:__main__:
【train】epoch:52/150 loss:0.1219 acc:0.9548
INFO:__main__:
【val】epoch:52/150 loss:0.4561 acc:0.8523
INFO:__main__:
【Val】:  SENS: 0.8833  SPEC: 0.8269  PPV: 0.8069  NPV: 0.8964 F1:0.8434
INFO:__main__:验证的best_acc:0.8679
INFO:__main__:----------------------------------------------------------------------------------------------------
INFO:__main__:
【train】epoch:53/150 loss:0.1194 acc:0.9527
INFO:__main__:
【val】epoch:53/150 loss:0.4678 acc:0.8736
INFO:__main__:
【Val】:  SENS: 0.9022  SPEC: 0.8501  PPV: 0.8314  NPV: 0.9139 F1:0.8654
INFO:__main__:验证的best_acc:0.8736
INFO:__main__:----------------------------------------------------------------------------------------------------
INFO:__main__:
【train】epoch:54/150 loss:0.1159 acc:0.9520
INFO:__main__:
【val】epoch:54/150 loss:0.5585 acc:0.8608
INFO:__main__:
【Val】:  SENS: 0.8675  SPEC: 0.8553  PPV: 0.8308  NPV: 0.8874 F1:0.8488
INFO:__main__:验证的best_acc:0.8736
INFO:__main__:----------------------------------------------------------------------------------------------------
INFO:__main__:
【train】epoch:55/150 loss:0.1181 acc:0.9557
INFO:__main__:
【val】epoch:55/150 loss:0.5090 acc:0.8608
INFO:__main__:
【Val】:  SENS: 0.8896  SPEC: 0.8372  PPV: 0.8174  NPV: 0.9025 F1:0.8520
INFO:__main__:验证的best_acc:0.8736
INFO:__main__:----------------------------------------------------------------------------------------------------
INFO:__main__:
【train】epoch:56/150 loss:0.1134 acc:0.9562
INFO:__main__:
【val】epoch:56/150 loss:0.4896 acc:0.8693
INFO:__main__:
【Val】:  SENS: 0.8770  SPEC: 0.8630  PPV: 0.8399  NPV: 0.8954 F1:0.8580
INFO:__main__:验证的best_acc:0.8736
INFO:__main__:----------------------------------------------------------------------------------------------------
INFO:__main__:
【train】epoch:57/150 loss:0.1112 acc:0.9520
INFO:__main__:
【val】epoch:57/150 loss:0.4940 acc:0.8452
INFO:__main__:
【Val】:  SENS: 0.8391  SPEC: 0.8501  PPV: 0.8210  NPV: 0.8658 F1:0.8300
INFO:__main__:验证的best_acc:0.8736
INFO:__main__:----------------------------------------------------------------------------------------------------
INFO:__main__:
【train】epoch:58/150 loss:0.1076 acc:0.9593
INFO:__main__:
【val】epoch:58/150 loss:0.4799 acc:0.8494
INFO:__main__:
【Val】:  SENS: 0.8170  SPEC: 0.8760  PPV: 0.8436  NPV: 0.8539 F1:0.8301
INFO:__main__:验证的best_acc:0.8736
INFO:__main__:----------------------------------------------------------------------------------------------------
INFO:__main__:
【train】epoch:59/150 loss:0.0957 acc:0.9632
INFO:__main__:
【val】epoch:59/150 loss:0.5182 acc:0.8565
INFO:__main__:
【Val】:  SENS: 0.8864  SPEC: 0.8320  PPV: 0.8121  NPV: 0.8994 F1:0.8477
INFO:__main__:验证的best_acc:0.8736
INFO:__main__:----------------------------------------------------------------------------------------------------
INFO:__main__:
【train】epoch:60/150 loss:0.1028 acc:0.9581
INFO:__main__:
【val】epoch:60/150 loss:0.5201 acc:0.8565
INFO:__main__:
【Val】:  SENS: 0.8801  SPEC: 0.8372  PPV: 0.8158  NPV: 0.8950 F1:0.8467
INFO:__main__:验证的best_acc:0.8736
INFO:__main__:----------------------------------------------------------------------------------------------------
INFO:__main__:
【train】epoch:61/150 loss:0.0983 acc:0.9626
INFO:__main__:
【val】epoch:61/150 loss:0.5069 acc:0.8580
INFO:__main__:
【Val】:  SENS: 0.8864  SPEC: 0.8346  PPV: 0.8145  NPV: 0.8997 F1:0.8489
INFO:__main__:验证的best_acc:0.8736
INFO:__main__:----------------------------------------------------------------------------------------------------
INFO:__main__:
【train】epoch:62/150 loss:0.1007 acc:0.9597
INFO:__main__:
【val】epoch:62/150 loss:0.4984 acc:0.8651
INFO:__main__:
【Val】:  SENS: 0.8738  SPEC: 0.8579  PPV: 0.8343  NPV: 0.8925 F1:0.8536
INFO:__main__:验证的best_acc:0.8736
INFO:__main__:----------------------------------------------------------------------------------------------------
INFO:__main__:
【train】epoch:63/150 loss:0.1010 acc:0.9586
INFO:__main__:
【val】epoch:63/150 loss:0.5227 acc:0.8636
INFO:__main__:
【Val】:  SENS: 0.8675  SPEC: 0.8605  PPV: 0.8359  NPV: 0.8880 F1:0.8514
INFO:__main__:验证的best_acc:0.8736
INFO:__main__:----------------------------------------------------------------------------------------------------
INFO:__main__:
【train】epoch:64/150 loss:0.0981 acc:0.9656
INFO:__main__:
【val】epoch:64/150 loss:0.5814 acc:0.8636
INFO:__main__:
【Val】:  SENS: 0.8612  SPEC: 0.8656  PPV: 0.8400  NPV: 0.8839 F1:0.8505
INFO:__main__:验证的best_acc:0.8736
INFO:__main__:----------------------------------------------------------------------------------------------------
INFO:__main__:
【train】epoch:65/150 loss:0.0936 acc:0.9632
INFO:__main__:
【val】epoch:65/150 loss:0.5396 acc:0.8622
INFO:__main__:
【Val】:  SENS: 0.8738  SPEC: 0.8527  PPV: 0.8293  NPV: 0.8919 F1:0.8510
INFO:__main__:验证的best_acc:0.8736
INFO:__main__:----------------------------------------------------------------------------------------------------
INFO:__main__:
【train】epoch:66/150 loss:0.0911 acc:0.9651
INFO:__main__:
【val】epoch:66/150 loss:0.5124 acc:0.8580
INFO:__main__:
【Val】:  SENS: 0.8328  SPEC: 0.8786  PPV: 0.8489  NPV: 0.8651 F1:0.8408
INFO:__main__:验证的best_acc:0.8736
INFO:__main__:----------------------------------------------------------------------------------------------------
INFO:__main__:
【train】epoch:67/150 loss:0.0842 acc:0.9668
INFO:__main__:
【val】epoch:67/150 loss:0.5350 acc:0.8636
INFO:__main__:
【Val】:  SENS: 0.8833  SPEC: 0.8475  PPV: 0.8260  NPV: 0.8986 F1:0.8537
INFO:__main__:验证的best_acc:0.8736
INFO:__main__:----------------------------------------------------------------------------------------------------
INFO:__main__:
【train】epoch:68/150 loss:0.0912 acc:0.9646
INFO:__main__:
【val】epoch:68/150 loss:0.5734 acc:0.8324
INFO:__main__:
【Val】:  SENS: 0.8770  SPEC: 0.7959  PPV: 0.7787  NPV: 0.8876 F1:0.8249
INFO:__main__:验证的best_acc:0.8736
INFO:__main__:----------------------------------------------------------------------------------------------------
INFO:__main__:
【train】epoch:69/150 loss:0.0741 acc:0.9715
INFO:__main__:
【val】epoch:69/150 loss:0.5031 acc:0.8608
INFO:__main__:
【Val】:  SENS: 0.8833  SPEC: 0.8424  PPV: 0.8211  NPV: 0.8981 F1:0.8511
INFO:__main__:验证的best_acc:0.8736
INFO:__main__:----------------------------------------------------------------------------------------------------
INFO:__main__:
【train】epoch:70/150 loss:0.0704 acc:0.9726
INFO:__main__:
【val】epoch:70/150 loss:0.5627 acc:0.8736
INFO:__main__:
【Val】:  SENS: 0.8738  SPEC: 0.8734  PPV: 0.8497  NPV: 0.8942 F1:0.8616
INFO:__main__:验证的best_acc:0.8736
INFO:__main__:----------------------------------------------------------------------------------------------------
INFO:__main__:
【train】epoch:71/150 loss:0.0767 acc:0.9712
INFO:__main__:
【val】epoch:71/150 loss:0.5860 acc:0.8679
INFO:__main__:
【Val】:  SENS: 0.8328  SPEC: 0.8966  PPV: 0.8684  NPV: 0.8675 F1:0.8502
INFO:__main__:验证的best_acc:0.8736
INFO:__main__:----------------------------------------------------------------------------------------------------
INFO:__main__:
【train】epoch:72/150 loss:0.0823 acc:0.9679
INFO:__main__:
【val】epoch:72/150 loss:0.5813 acc:0.8537
INFO:__main__:
【Val】:  SENS: 0.8959  SPEC: 0.8191  PPV: 0.8023  NPV: 0.9057 F1:0.8465
INFO:__main__:验证的best_acc:0.8736
INFO:__main__:----------------------------------------------------------------------------------------------------
INFO:__main__:
【train】epoch:73/150 loss:0.0792 acc:0.9705
INFO:__main__:
【val】epoch:73/150 loss:0.5402 acc:0.8707
INFO:__main__:
【Val】:  SENS: 0.8864  SPEC: 0.8579  PPV: 0.8363  NPV: 0.9022 F1:0.8606
INFO:__main__:验证的best_acc:0.8736
INFO:__main__:----------------------------------------------------------------------------------------------------
INFO:__main__:
【train】epoch:74/150 loss:0.0722 acc:0.9722
INFO:__main__:
【val】epoch:74/150 loss:0.5256 acc:0.8509
INFO:__main__:
【Val】:  SENS: 0.8233  SPEC: 0.8734  PPV: 0.8419  NPV: 0.8579 F1:0.8325
INFO:__main__:验证的best_acc:0.8736
INFO:__main__:----------------------------------------------------------------------------------------------------
INFO:__main__:
【train】epoch:75/150 loss:0.0657 acc:0.9738
INFO:__main__:
【val】epoch:75/150 loss:0.6315 acc:0.8636
INFO:__main__:
【Val】:  SENS: 0.9022  SPEC: 0.8320  PPV: 0.8148  NPV: 0.9122 F1:0.8563
INFO:__main__:验证的best_acc:0.8736
INFO:__main__:----------------------------------------------------------------------------------------------------
INFO:__main__:
【train】epoch:76/150 loss:0.0702 acc:0.9733
INFO:__main__:
【val】epoch:76/150 loss:0.5593 acc:0.8693
INFO:__main__:
【Val】:  SENS: 0.8864  SPEC: 0.8553  PPV: 0.8338  NPV: 0.9019 F1:0.8593
INFO:__main__:验证的best_acc:0.8736
INFO:__main__:----------------------------------------------------------------------------------------------------
INFO:__main__:
【train】epoch:77/150 loss:0.0670 acc:0.9742
INFO:__main__:
【val】epoch:77/150 loss:0.6004 acc:0.8551
INFO:__main__:
【Val】:  SENS: 0.8738  SPEC: 0.8398  PPV: 0.8171  NPV: 0.8904 F1:0.8445
INFO:__main__:验证的best_acc:0.8736
INFO:__main__:----------------------------------------------------------------------------------------------------
INFO:__main__:
【train】epoch:78/150 loss:0.0705 acc:0.9728
INFO:__main__:
【val】epoch:78/150 loss:0.5525 acc:0.8622
INFO:__main__:
【Val】:  SENS: 0.8801  SPEC: 0.8475  PPV: 0.8254  NPV: 0.8962 F1:0.8519
INFO:__main__:验证的best_acc:0.8736
INFO:__main__:----------------------------------------------------------------------------------------------------
INFO:__main__:
【train】epoch:79/150 loss:0.0676 acc:0.9729
INFO:__main__:
【val】epoch:79/150 loss:0.5670 acc:0.8651
INFO:__main__:
【Val】:  SENS: 0.9117  SPEC: 0.8269  PPV: 0.8118  NPV: 0.9195 F1:0.8588
INFO:__main__:验证的best_acc:0.8736
INFO:__main__:----------------------------------------------------------------------------------------------------
INFO:__main__:
【train】epoch:80/150 loss:0.0645 acc:0.9761
INFO:__main__:
【val】epoch:80/150 loss:0.5449 acc:0.8651
INFO:__main__:
【Val】:  SENS: 0.8675  SPEC: 0.8630  PPV: 0.8384  NPV: 0.8883 F1:0.8527
INFO:__main__:验证的best_acc:0.8736
INFO:__main__:----------------------------------------------------------------------------------------------------
INFO:__main__:
【train】epoch:81/150 loss:0.0654 acc:0.9770
INFO:__main__:
【val】epoch:81/150 loss:0.5425 acc:0.8636
INFO:__main__:
【Val】:  SENS: 0.8580  SPEC: 0.8682  PPV: 0.8421  NPV: 0.8819 F1:0.8500
INFO:__main__:验证的best_acc:0.8736
INFO:__main__:----------------------------------------------------------------------------------------------------
INFO:__main__:
【train】epoch:82/150 loss:0.0530 acc:0.9787
INFO:__main__:
【val】epoch:82/150 loss:0.5422 acc:0.8636
INFO:__main__:
【Val】:  SENS: 0.8833  SPEC: 0.8475  PPV: 0.8260  NPV: 0.8986 F1:0.8537
INFO:__main__:验证的best_acc:0.8736
INFO:__main__:----------------------------------------------------------------------------------------------------
INFO:__main__:
【train】epoch:83/150 loss:0.0683 acc:0.9724
INFO:__main__:
【val】epoch:83/150 loss:0.5076 acc:0.8608
INFO:__main__:
【Val】:  SENS: 0.8644  SPEC: 0.8579  PPV: 0.8328  NPV: 0.8853 F1:0.8483
INFO:__main__:验证的best_acc:0.8736
INFO:__main__:----------------------------------------------------------------------------------------------------
INFO:__main__:
【train】epoch:84/150 loss:0.0643 acc:0.9785
INFO:__main__:
【val】epoch:84/150 loss:0.5620 acc:0.8523
INFO:__main__:
【Val】:  SENS: 0.8738  SPEC: 0.8346  PPV: 0.8123  NPV: 0.8898 F1:0.8419
INFO:__main__:验证的best_acc:0.8736
INFO:__main__:----------------------------------------------------------------------------------------------------
INFO:__main__:
【train】epoch:85/150 loss:0.0590 acc:0.9752
INFO:__main__:
【val】epoch:85/150 loss:0.5590 acc:0.8651
INFO:__main__:
【Val】:  SENS: 0.8864  SPEC: 0.8475  PPV: 0.8265  NPV: 0.9011 F1:0.8554
INFO:__main__:验证的best_acc:0.8736
INFO:__main__:----------------------------------------------------------------------------------------------------
INFO:__main__:
【train】epoch:86/150 loss:0.0606 acc:0.9782
INFO:__main__:
【val】epoch:86/150 loss:0.6045 acc:0.8679
INFO:__main__:
【Val】:  SENS: 0.8991  SPEC: 0.8424  PPV: 0.8237  NPV: 0.9106 F1:0.8597
INFO:__main__:验证的best_acc:0.8736
INFO:__main__:----------------------------------------------------------------------------------------------------
INFO:__main__:
【train】epoch:87/150 loss:0.0660 acc:0.9738
INFO:__main__:
【val】epoch:87/150 loss:0.5586 acc:0.8622
INFO:__main__:
【Val】:  SENS: 0.8580  SPEC: 0.8656  PPV: 0.8395  NPV: 0.8816 F1:0.8487
INFO:__main__:验证的best_acc:0.8736
INFO:__main__:----------------------------------------------------------------------------------------------------
INFO:__main__:
【train】epoch:88/150 loss:0.0552 acc:0.9791
INFO:__main__:
【val】epoch:88/150 loss:0.5863 acc:0.8622
INFO:__main__:
【Val】:  SENS: 0.8707  SPEC: 0.8553  PPV: 0.8313  NPV: 0.8898 F1:0.8505
INFO:__main__:验证的best_acc:0.8736
INFO:__main__:----------------------------------------------------------------------------------------------------
INFO:__main__:
【train】epoch:89/150 loss:0.0540 acc:0.9784
INFO:__main__:
【val】epoch:89/150 loss:0.5846 acc:0.8764
INFO:__main__:
【Val】:  SENS: 0.8833  SPEC: 0.8708  PPV: 0.8485  NPV: 0.9011 F1:0.8655
INFO:__main__:验证的best_acc:0.8764
INFO:__main__:----------------------------------------------------------------------------------------------------
INFO:__main__:
【train】epoch:90/150 loss:0.0526 acc:0.9817
INFO:__main__:
【val】epoch:90/150 loss:0.5980 acc:0.8551
INFO:__main__:
【Val】:  SENS: 0.8991  SPEC: 0.8191  PPV: 0.8028  NPV: 0.9083 F1:0.8482
INFO:__main__:验证的best_acc:0.8764
INFO:__main__:----------------------------------------------------------------------------------------------------
INFO:__main__:
【train】epoch:91/150 loss:0.0541 acc:0.9822
INFO:__main__:
【val】epoch:91/150 loss:0.5211 acc:0.8793
INFO:__main__:
【Val】:  SENS: 0.8896  SPEC: 0.8708  PPV: 0.8494  NPV: 0.9059 F1:0.8690
INFO:__main__:验证的best_acc:0.8793
INFO:__main__:----------------------------------------------------------------------------------------------------
INFO:__main__:
【train】epoch:92/150 loss:0.0483 acc:0.9817
INFO:__main__:
【val】epoch:92/150 loss:0.5804 acc:0.8679
INFO:__main__:
【Val】:  SENS: 0.8833  SPEC: 0.8553  PPV: 0.8333  NPV: 0.8995 F1:0.8576
INFO:__main__:验证的best_acc:0.8793
INFO:__main__:----------------------------------------------------------------------------------------------------
INFO:__main__:
【train】epoch:93/150 loss:0.0517 acc:0.9796
INFO:__main__:
【val】epoch:93/150 loss:0.5994 acc:0.8608
INFO:__main__:
【Val】:  SENS: 0.9022  SPEC: 0.8269  PPV: 0.8102  NPV: 0.9117 F1:0.8537
INFO:__main__:验证的best_acc:0.8793
INFO:__main__:----------------------------------------------------------------------------------------------------
INFO:__main__:
【train】epoch:94/150 loss:0.0469 acc:0.9818
INFO:__main__:
【val】epoch:94/150 loss:0.5655 acc:0.8636
INFO:__main__:
【Val】:  SENS: 0.8770  SPEC: 0.8527  PPV: 0.8299  NPV: 0.8943 F1:0.8528
INFO:__main__:验证的best_acc:0.8793
INFO:__main__:----------------------------------------------------------------------------------------------------
INFO:__main__:
【train】epoch:95/150 loss:0.0564 acc:0.9775
INFO:__main__:
【val】epoch:95/150 loss:0.5360 acc:0.8608
INFO:__main__:
【Val】:  SENS: 0.8864  SPEC: 0.8398  PPV: 0.8192  NPV: 0.9003 F1:0.8515
INFO:__main__:验证的best_acc:0.8793
INFO:__main__:----------------------------------------------------------------------------------------------------
INFO:__main__:
【train】epoch:96/150 loss:0.0424 acc:0.9852
INFO:__main__:
【val】epoch:96/150 loss:0.6127 acc:0.8580
INFO:__main__:
【Val】:  SENS: 0.8707  SPEC: 0.8475  PPV: 0.8239  NPV: 0.8889 F1:0.8466
INFO:__main__:验证的best_acc:0.8793
INFO:__main__:----------------------------------------------------------------------------------------------------
INFO:__main__:
【train】epoch:97/150 loss:0.0438 acc:0.9824
INFO:__main__:
【val】epoch:97/150 loss:0.5593 acc:0.8651
INFO:__main__:
【Val】:  SENS: 0.8738  SPEC: 0.8579  PPV: 0.8343  NPV: 0.8925 F1:0.8536
INFO:__main__:验证的best_acc:0.8793
INFO:__main__:----------------------------------------------------------------------------------------------------
INFO:__main__:
【train】epoch:98/150 loss:0.0472 acc:0.9825
INFO:__main__:
【val】epoch:98/150 loss:0.5577 acc:0.8608
INFO:__main__:
【Val】:  SENS: 0.8738  SPEC: 0.8501  PPV: 0.8269  NPV: 0.8916 F1:0.8497
INFO:__main__:验证的best_acc:0.8793
INFO:__main__:----------------------------------------------------------------------------------------------------
INFO:__main__:
【train】epoch:99/150 loss:0.0472 acc:0.9822
INFO:__main__:
【val】epoch:99/150 loss:0.6118 acc:0.8537
INFO:__main__:
【Val】:  SENS: 0.8517  SPEC: 0.8553  PPV: 0.8282  NPV: 0.8757 F1:0.8398
INFO:__main__:验证的best_acc:0.8793
INFO:__main__:----------------------------------------------------------------------------------------------------
INFO:__main__:
【train】epoch:100/150 loss:0.0378 acc:0.9862
INFO:__main__:
【val】epoch:100/150 loss:0.6230 acc:0.8622
INFO:__main__:
【Val】:  SENS: 0.8770  SPEC: 0.8501  PPV: 0.8274  NPV: 0.8940 F1:0.8515
INFO:__main__:验证的best_acc:0.8793
INFO:__main__:----------------------------------------------------------------------------------------------------
INFO:__main__:
【train】epoch:101/150 loss:0.0378 acc:0.9846
INFO:__main__:
【val】epoch:101/150 loss:0.6058 acc:0.8750
INFO:__main__:
【Val】:  SENS: 0.8864  SPEC: 0.8656  PPV: 0.8438  NPV: 0.9030 F1:0.8646
INFO:__main__:验证的best_acc:0.8793
INFO:__main__:----------------------------------------------------------------------------------------------------
INFO:__main__:
【train】epoch:102/150 loss:0.0356 acc:0.9857
INFO:__main__:
【val】epoch:102/150 loss:0.6058 acc:0.8736
INFO:__main__:
【Val】:  SENS: 0.8738  SPEC: 0.8734  PPV: 0.8497  NPV: 0.8942 F1:0.8616
INFO:__main__:验证的best_acc:0.8793
INFO:__main__:----------------------------------------------------------------------------------------------------
INFO:__main__:
【train】epoch:103/150 loss:0.0297 acc:0.9885
INFO:__main__:
【val】epoch:103/150 loss:0.6890 acc:0.8651
INFO:__main__:
【Val】:  SENS: 0.8896  SPEC: 0.8450  PPV: 0.8246  NPV: 0.9033 F1:0.8558
INFO:__main__:验证的best_acc:0.8793
INFO:__main__:----------------------------------------------------------------------------------------------------
INFO:__main__:
【train】epoch:104/150 loss:0.0418 acc:0.9843
INFO:__main__:
【val】epoch:104/150 loss:0.6790 acc:0.8722
INFO:__main__:
【Val】:  SENS: 0.9054  SPEC: 0.8450  PPV: 0.8271  NPV: 0.9160 F1:0.8645
INFO:__main__:验证的best_acc:0.8793
INFO:__main__:----------------------------------------------------------------------------------------------------
INFO:__main__:
【train】epoch:105/150 loss:0.0428 acc:0.9850
INFO:__main__:
【val】epoch:105/150 loss:0.5794 acc:0.8736
INFO:__main__:
【Val】:  SENS: 0.8896  SPEC: 0.8605  PPV: 0.8393  NPV: 0.9049 F1:0.8637
INFO:__main__:验证的best_acc:0.8793
INFO:__main__:----------------------------------------------------------------------------------------------------
INFO:__main__:
【train】epoch:106/150 loss:0.0329 acc:0.9894
INFO:__main__:
【val】epoch:106/150 loss:0.6110 acc:0.8651
INFO:__main__:
【Val】:  SENS: 0.9022  SPEC: 0.8346  PPV: 0.8171  NPV: 0.9124 F1:0.8576
INFO:__main__:验证的best_acc:0.8793
INFO:__main__:----------------------------------------------------------------------------------------------------
INFO:__main__:
【train】epoch:107/150 loss:0.0338 acc:0.9881
INFO:__main__:
【val】epoch:107/150 loss:0.5938 acc:0.8764
INFO:__main__:
【Val】:  SENS: 0.8707  SPEC: 0.8811  PPV: 0.8571  NPV: 0.8927 F1:0.8638
INFO:__main__:验证的best_acc:0.8793
INFO:__main__:----------------------------------------------------------------------------------------------------
INFO:__main__:
【train】epoch:108/150 loss:0.0379 acc:0.9850
INFO:__main__:
【val】epoch:108/150 loss:0.6248 acc:0.8665
INFO:__main__:
【Val】:  SENS: 0.9054  SPEC: 0.8346  PPV: 0.8177  NPV: 0.9150 F1:0.8593
INFO:__main__:验证的best_acc:0.8793
INFO:__main__:----------------------------------------------------------------------------------------------------
INFO:__main__:
【train】epoch:109/150 loss:0.0329 acc:0.9885
INFO:__main__:
【val】epoch:109/150 loss:0.6172 acc:0.8651
INFO:__main__:
【Val】:  SENS: 0.8896  SPEC: 0.8450  PPV: 0.8246  NPV: 0.9033 F1:0.8558
INFO:__main__:验证的best_acc:0.8793
INFO:__main__:----------------------------------------------------------------------------------------------------
INFO:__main__:
【train】epoch:110/150 loss:0.0275 acc:0.9892
INFO:__main__:
【val】epoch:110/150 loss:0.5702 acc:0.8778
INFO:__main__:
【Val】:  SENS: 0.8833  SPEC: 0.8734  PPV: 0.8511  NPV: 0.9013 F1:0.8669
INFO:__main__:验证的best_acc:0.8793
INFO:__main__:----------------------------------------------------------------------------------------------------
INFO:__main__:
【train】epoch:111/150 loss:0.0252 acc:0.9911
INFO:__main__:
【val】epoch:111/150 loss:0.6048 acc:0.8821
INFO:__main__:
【Val】:  SENS: 0.8991  SPEC: 0.8682  PPV: 0.8482  NPV: 0.9130 F1:0.8729
INFO:__main__:验证的best_acc:0.8821
INFO:__main__:----------------------------------------------------------------------------------------------------
INFO:__main__:
【train】epoch:112/150 loss:0.0359 acc:0.9874
INFO:__main__:
【val】epoch:112/150 loss:0.6026 acc:0.8636
INFO:__main__:
【Val】:  SENS: 0.8833  SPEC: 0.8475  PPV: 0.8260  NPV: 0.8986 F1:0.8537
INFO:__main__:验证的best_acc:0.8821
INFO:__main__:----------------------------------------------------------------------------------------------------
INFO:__main__:
【train】epoch:113/150 loss:0.0323 acc:0.9881
INFO:__main__:
【val】epoch:113/150 loss:0.6796 acc:0.8594
INFO:__main__:
【Val】:  SENS: 0.8896  SPEC: 0.8346  PPV: 0.8150  NPV: 0.9022 F1:0.8507
INFO:__main__:验证的best_acc:0.8821
INFO:__main__:----------------------------------------------------------------------------------------------------
INFO:__main__:
【train】epoch:114/150 loss:0.0266 acc:0.9883
INFO:__main__:
【val】epoch:114/150 loss:0.6150 acc:0.8764
INFO:__main__:
【Val】:  SENS: 0.8864  SPEC: 0.8682  PPV: 0.8464  NPV: 0.9032 F1:0.8659
INFO:__main__:验证的best_acc:0.8821
INFO:__main__:----------------------------------------------------------------------------------------------------
INFO:__main__:
【train】epoch:115/150 loss:0.0314 acc:0.9892
INFO:__main__:
【val】epoch:115/150 loss:0.6509 acc:0.8665
INFO:__main__:
【Val】:  SENS: 0.8738  SPEC: 0.8605  PPV: 0.8369  NPV: 0.8928 F1:0.8549
INFO:__main__:验证的best_acc:0.8821
INFO:__main__:----------------------------------------------------------------------------------------------------
INFO:__main__:
【train】epoch:116/150 loss:0.0243 acc:0.9909
INFO:__main__:
【val】epoch:116/150 loss:0.6482 acc:0.8722
INFO:__main__:
【Val】:  SENS: 0.8927  SPEC: 0.8553  PPV: 0.8348  NPV: 0.9068 F1:0.8628
INFO:__main__:验证的best_acc:0.8821
INFO:__main__:----------------------------------------------------------------------------------------------------
INFO:__main__:
【train】epoch:117/150 loss:0.0239 acc:0.9921
INFO:__main__:
【val】epoch:117/150 loss:0.6749 acc:0.8693
INFO:__main__:
【Val】:  SENS: 0.8991  SPEC: 0.8450  PPV: 0.8261  NPV: 0.9109 F1:0.8610
INFO:__main__:验证的best_acc:0.8821
INFO:__main__:----------------------------------------------------------------------------------------------------
INFO:__main__:
【train】epoch:118/150 loss:0.0276 acc:0.9894
INFO:__main__:
【val】epoch:118/150 loss:0.7166 acc:0.8651
INFO:__main__:
【Val】:  SENS: 0.9054  SPEC: 0.8320  PPV: 0.8153  NPV: 0.9148 F1:0.8580
INFO:__main__:验证的best_acc:0.8821
INFO:__main__:----------------------------------------------------------------------------------------------------
INFO:__main__:
【train】epoch:119/150 loss:0.0257 acc:0.9904
INFO:__main__:
【val】epoch:119/150 loss:0.6746 acc:0.8636
INFO:__main__:
【Val】:  SENS: 0.8644  SPEC: 0.8630  PPV: 0.8379  NPV: 0.8859 F1:0.8509
INFO:__main__:验证的best_acc:0.8821
INFO:__main__:----------------------------------------------------------------------------------------------------
INFO:__main__:
【train】epoch:120/150 loss:0.0249 acc:0.9907
INFO:__main__:
【val】epoch:120/150 loss:0.6521 acc:0.8736
INFO:__main__:
【Val】:  SENS: 0.8801  SPEC: 0.8682  PPV: 0.8455  NPV: 0.8984 F1:0.8624
INFO:__main__:验证的best_acc:0.8821
INFO:__main__:----------------------------------------------------------------------------------------------------
INFO:__main__:
【train】epoch:121/150 loss:0.0296 acc:0.9888
INFO:__main__:
【val】epoch:121/150 loss:0.6191 acc:0.8707
INFO:__main__:
【Val】:  SENS: 0.8927  SPEC: 0.8527  PPV: 0.8324  NPV: 0.9066 F1:0.8615
INFO:__main__:验证的best_acc:0.8821
INFO:__main__:----------------------------------------------------------------------------------------------------
INFO:__main__:
【train】epoch:122/150 loss:0.0221 acc:0.9925
INFO:__main__:
【val】epoch:122/150 loss:0.6581 acc:0.8651
INFO:__main__:
【Val】:  SENS: 0.8896  SPEC: 0.8450  PPV: 0.8246  NPV: 0.9033 F1:0.8558
INFO:__main__:验证的best_acc:0.8821
INFO:__main__:----------------------------------------------------------------------------------------------------
INFO:__main__:
【train】epoch:123/150 loss:0.0247 acc:0.9897
INFO:__main__:
【val】epoch:123/150 loss:0.6767 acc:0.8778
INFO:__main__:
【Val】:  SENS: 0.8991  SPEC: 0.8605  PPV: 0.8407  NPV: 0.9123 F1:0.8689
INFO:__main__:验证的best_acc:0.8821
INFO:__main__:----------------------------------------------------------------------------------------------------
INFO:__main__:
【train】epoch:124/150 loss:0.0221 acc:0.9920
INFO:__main__:
【val】epoch:124/150 loss:0.6930 acc:0.8764
INFO:__main__:
【Val】:  SENS: 0.8991  SPEC: 0.8579  PPV: 0.8382  NPV: 0.9121 F1:0.8676
INFO:__main__:验证的best_acc:0.8821
INFO:__main__:----------------------------------------------------------------------------------------------------
INFO:__main__:
【train】epoch:125/150 loss:0.0271 acc:0.9909
INFO:__main__:
【val】epoch:125/150 loss:0.7406 acc:0.8693
INFO:__main__:
【Val】:  SENS: 0.9022  SPEC: 0.8424  PPV: 0.8242  NPV: 0.9132 F1:0.8614
INFO:__main__:验证的best_acc:0.8821
INFO:__main__:----------------------------------------------------------------------------------------------------
INFO:__main__:
【train】epoch:126/150 loss:0.0230 acc:0.9906
INFO:__main__:
【val】epoch:126/150 loss:0.6817 acc:0.8750
INFO:__main__:
【Val】:  SENS: 0.8896  SPEC: 0.8630  PPV: 0.8418  NPV: 0.9051 F1:0.8650
INFO:__main__:验证的best_acc:0.8821
INFO:__main__:----------------------------------------------------------------------------------------------------
INFO:__main__:
【train】epoch:127/150 loss:0.0269 acc:0.9906
INFO:__main__:
【val】epoch:127/150 loss:0.6580 acc:0.8693
INFO:__main__:
【Val】:  SENS: 0.8707  SPEC: 0.8682  PPV: 0.8440  NPV: 0.8912 F1:0.8571
INFO:__main__:验证的best_acc:0.8821
INFO:__main__:----------------------------------------------------------------------------------------------------
INFO:__main__:
【train】epoch:128/150 loss:0.0205 acc:0.9934
INFO:__main__:
【val】epoch:128/150 loss:0.6778 acc:0.8722
INFO:__main__:
【Val】:  SENS: 0.8864  SPEC: 0.8605  PPV: 0.8388  NPV: 0.9024 F1:0.8620
INFO:__main__:验证的best_acc:0.8821
INFO:__main__:----------------------------------------------------------------------------------------------------
INFO:__main__:
【train】epoch:129/150 loss:0.0164 acc:0.9953
INFO:__main__:
【val】epoch:129/150 loss:0.6816 acc:0.8707
INFO:__main__:
【Val】:  SENS: 0.8896  SPEC: 0.8553  PPV: 0.8343  NPV: 0.9044 F1:0.8611
INFO:__main__:验证的best_acc:0.8821
INFO:__main__:----------------------------------------------------------------------------------------------------
INFO:__main__:
【train】epoch:130/150 loss:0.0184 acc:0.9942
INFO:__main__:
【val】epoch:130/150 loss:0.7090 acc:0.8722
INFO:__main__:
【Val】:  SENS: 0.8959  SPEC: 0.8527  PPV: 0.8328  NPV: 0.9091 F1:0.8632
INFO:__main__:验证的best_acc:0.8821
INFO:__main__:----------------------------------------------------------------------------------------------------
INFO:__main__:
【train】epoch:131/150 loss:0.0189 acc:0.9927
INFO:__main__:
【val】epoch:131/150 loss:0.7039 acc:0.8736
INFO:__main__:
【Val】:  SENS: 0.8991  SPEC: 0.8527  PPV: 0.8333  NPV: 0.9116 F1:0.8649
INFO:__main__:验证的best_acc:0.8821
INFO:__main__:----------------------------------------------------------------------------------------------------
INFO:__main__:
【train】epoch:132/150 loss:0.0196 acc:0.9925
INFO:__main__:
【val】epoch:132/150 loss:0.6441 acc:0.8736
INFO:__main__:
【Val】:  SENS: 0.8864  SPEC: 0.8630  PPV: 0.8413  NPV: 0.9027 F1:0.8633
INFO:__main__:验证的best_acc:0.8821
INFO:__main__:----------------------------------------------------------------------------------------------------
INFO:__main__:
【train】epoch:133/150 loss:0.0154 acc:0.9951
INFO:__main__:
【val】epoch:133/150 loss:0.7295 acc:0.8707
INFO:__main__:
【Val】:  SENS: 0.8770  SPEC: 0.8656  PPV: 0.8424  NPV: 0.8957 F1:0.8594
INFO:__main__:验证的best_acc:0.8821
INFO:__main__:----------------------------------------------------------------------------------------------------
INFO:__main__:
【train】epoch:134/150 loss:0.0169 acc:0.9942
INFO:__main__:
【val】epoch:134/150 loss:0.7501 acc:0.8736
INFO:__main__:
【Val】:  SENS: 0.9022  SPEC: 0.8501  PPV: 0.8314  NPV: 0.9139 F1:0.8654
INFO:__main__:验证的best_acc:0.8821
INFO:__main__:----------------------------------------------------------------------------------------------------
INFO:__main__:
【train】epoch:135/150 loss:0.0234 acc:0.9925
INFO:__main__:
【val】epoch:135/150 loss:0.6901 acc:0.8551
INFO:__main__:
【Val】:  SENS: 0.8738  SPEC: 0.8398  PPV: 0.8171  NPV: 0.8904 F1:0.8445
INFO:__main__:验证的best_acc:0.8821
INFO:__main__:----------------------------------------------------------------------------------------------------
INFO:__main__:
【train】epoch:136/150 loss:0.0215 acc:0.9920
INFO:__main__:
【val】epoch:136/150 loss:0.7214 acc:0.8679
INFO:__main__:
【Val】:  SENS: 0.8833  SPEC: 0.8553  PPV: 0.8333  NPV: 0.8995 F1:0.8576
INFO:__main__:验证的best_acc:0.8821
INFO:__main__:----------------------------------------------------------------------------------------------------
INFO:__main__:
【train】epoch:137/150 loss:0.0230 acc:0.9906
INFO:__main__:
【val】epoch:137/150 loss:0.7059 acc:0.8722
INFO:__main__:
【Val】:  SENS: 0.8927  SPEC: 0.8553  PPV: 0.8348  NPV: 0.9068 F1:0.8628
INFO:__main__:验证的best_acc:0.8821
INFO:__main__:----------------------------------------------------------------------------------------------------
INFO:__main__:
【train】epoch:138/150 loss:0.0225 acc:0.9918
INFO:__main__:
【val】epoch:138/150 loss:0.7056 acc:0.8665
INFO:__main__:
【Val】:  SENS: 0.8991  SPEC: 0.8398  PPV: 0.8213  NPV: 0.9104 F1:0.8584
INFO:__main__:验证的best_acc:0.8821
INFO:__main__:----------------------------------------------------------------------------------------------------
INFO:__main__:
【train】epoch:139/150 loss:0.0189 acc:0.9934
INFO:__main__:
【val】epoch:139/150 loss:0.6671 acc:0.8693
INFO:__main__:
【Val】:  SENS: 0.8801  SPEC: 0.8605  PPV: 0.8378  NPV: 0.8976 F1:0.8585
INFO:__main__:验证的best_acc:0.8821
INFO:__main__:----------------------------------------------------------------------------------------------------
INFO:__main__:
【train】epoch:140/150 loss:0.0202 acc:0.9923
INFO:__main__:
【val】epoch:140/150 loss:0.6965 acc:0.8722
INFO:__main__:
【Val】:  SENS: 0.8801  SPEC: 0.8656  PPV: 0.8429  NPV: 0.8981 F1:0.8611
INFO:__main__:验证的best_acc:0.8821
INFO:__main__:----------------------------------------------------------------------------------------------------
INFO:__main__:
【train】epoch:141/150 loss:0.0141 acc:0.9955
INFO:__main__:
【val】epoch:141/150 loss:0.6782 acc:0.8750
INFO:__main__:
【Val】:  SENS: 0.8801  SPEC: 0.8708  PPV: 0.8480  NPV: 0.8987 F1:0.8638
INFO:__main__:验证的best_acc:0.8821
INFO:__main__:----------------------------------------------------------------------------------------------------
INFO:__main__:
【train】epoch:142/150 loss:0.0118 acc:0.9965
INFO:__main__:
【val】epoch:142/150 loss:0.6697 acc:0.8764
INFO:__main__:
【Val】:  SENS: 0.8896  SPEC: 0.8656  PPV: 0.8443  NPV: 0.9054 F1:0.8664
INFO:__main__:验证的best_acc:0.8821
INFO:__main__:----------------------------------------------------------------------------------------------------
INFO:__main__:
【train】epoch:143/150 loss:0.0210 acc:0.9934
INFO:__main__:
【val】epoch:143/150 loss:0.7176 acc:0.8750
INFO:__main__:
【Val】:  SENS: 0.8991  SPEC: 0.8553  PPV: 0.8358  NPV: 0.9118 F1:0.8663
INFO:__main__:验证的best_acc:0.8821
INFO:__main__:----------------------------------------------------------------------------------------------------
INFO:__main__:
【train】epoch:144/150 loss:0.0183 acc:0.9934
INFO:__main__:
【val】epoch:144/150 loss:0.6801 acc:0.8764
INFO:__main__:
【Val】:  SENS: 0.8833  SPEC: 0.8708  PPV: 0.8485  NPV: 0.9011 F1:0.8655
INFO:__main__:验证的best_acc:0.8821
INFO:__main__:----------------------------------------------------------------------------------------------------
INFO:__main__:
【train】epoch:145/150 loss:0.0185 acc:0.9930
INFO:__main__:
【val】epoch:145/150 loss:0.7015 acc:0.8821
INFO:__main__:
【Val】:  SENS: 0.8991  SPEC: 0.8682  PPV: 0.8482  NPV: 0.9130 F1:0.8729
INFO:__main__:验证的best_acc:0.8821
INFO:__main__:----------------------------------------------------------------------------------------------------
INFO:__main__:
【train】epoch:146/150 loss:0.0151 acc:0.9941
INFO:__main__:
【val】epoch:146/150 loss:0.6868 acc:0.8793
INFO:__main__:
【Val】:  SENS: 0.8896  SPEC: 0.8708  PPV: 0.8494  NPV: 0.9059 F1:0.8690
INFO:__main__:验证的best_acc:0.8821
INFO:__main__:----------------------------------------------------------------------------------------------------
INFO:__main__:
【train】epoch:147/150 loss:0.0123 acc:0.9948
INFO:__main__:
【val】epoch:147/150 loss:0.7049 acc:0.8778
INFO:__main__:
【Val】:  SENS: 0.8896  SPEC: 0.8682  PPV: 0.8468  NPV: 0.9057 F1:0.8677
INFO:__main__:验证的best_acc:0.8821
INFO:__main__:----------------------------------------------------------------------------------------------------
INFO:__main__:
【train】epoch:148/150 loss:0.0127 acc:0.9951
INFO:__main__:
【val】epoch:148/150 loss:0.7765 acc:0.8679
INFO:__main__:
【Val】:  SENS: 0.8959  SPEC: 0.8450  PPV: 0.8256  NPV: 0.9083 F1:0.8593
INFO:__main__:验证的best_acc:0.8821
INFO:__main__:----------------------------------------------------------------------------------------------------
INFO:__main__:
【train】epoch:149/150 loss:0.0095 acc:0.9976
INFO:__main__:
【val】epoch:149/150 loss:0.7562 acc:0.8750
INFO:__main__:
【Val】:  SENS: 0.8896  SPEC: 0.8630  PPV: 0.8418  NPV: 0.9051 F1:0.8650
INFO:__main__:验证的best_acc:0.8821
INFO:__main__:----------------------------------------------------------------------------------------------------
INFO:__main__:****************************************************************************************************
INFO:__main__:Val_LOSS:['0.5425', '0.4524', '0.4296', '0.4250', '0.3995', '0.4623', '0.4500', '0.3837', '0.3837', '0.3698', '0.3617', '0.4315', '0.4033', '0.3754', '0.3853', '0.3929', '0.3590', '0.3477', '0.3611', '0.3566', '0.3215', '0.3474', '0.3742', '0.3604', '0.3736', '0.3564', '0.4091', '0.3822', '0.3988', '0.3829', '0.4456', '0.4069', '0.4191', '0.3950', '0.3337', '0.4088', '0.4124', '0.3507', '0.3582', '0.4269', '0.4327', '0.4355', '0.4308', '0.4320', '0.3599', '0.4262', '0.4824', '0.4981', '0.4042', '0.4365', '0.4581', '0.5045', '0.4561', '0.4678', '0.5585', '0.5090', '0.4896', '0.4940', '0.4799', '0.5182', '0.5201', '0.5069', '0.4984', '0.5227', '0.5814', '0.5396', '0.5124', '0.5350', '0.5734', '0.5031', '0.5627', '0.5860', '0.5813', '0.5402', '0.5256', '0.6315', '0.5593', '0.6004', '0.5525', '0.5670', '0.5449', '0.5425', '0.5422', '0.5076', '0.5620', '0.5590', '0.6045', '0.5586', '0.5863', '0.5846', '0.5980', '0.5211', '0.5804', '0.5994', '0.5655', '0.5360', '0.6127', '0.5593', '0.5577', '0.6118', '0.6230', '0.6058', '0.6058', '0.6890', '0.6790', '0.5794', '0.6110', '0.5938', '0.6248', '0.6172', '0.5702', '0.6048', '0.6026', '0.6796', '0.6150', '0.6509', '0.6482', '0.6749', '0.7166', '0.6746', '0.6521', '0.6191', '0.6581', '0.6767', '0.6930', '0.7406', '0.6817', '0.6580', '0.6778', '0.6816', '0.7090', '0.7039', '0.6441', '0.7295', '0.7501', '0.6901', '0.7214', '0.7059', '0.7056', '0.6671', '0.6965', '0.6782', '0.6697', '0.7176', '0.6801', '0.7015', '0.6868', '0.7049', '0.7765', '0.7562']
INFO:__main__:Val_ACC:['0.7287', '0.7983', '0.7841', '0.8097', '0.8366', '0.7969', '0.7997', '0.8352', '0.8267', '0.8182', '0.8338', '0.8082', '0.8267', '0.8366', '0.8324', '0.8125', '0.8395', '0.8466', '0.8622', '0.8352', '0.8651', '0.8551', '0.8395', '0.8494', '0.8338', '0.8509', '0.8295', '0.8196', '0.8224', '0.8423', '0.7983', '0.8551', '0.8352', '0.8537', '0.8494', '0.8523', '0.8665', '0.8594', '0.8523', '0.8665', '0.8622', '0.8580', '0.8509', '0.8551', '0.8622', '0.8537', '0.8509', '0.8466', '0.8622', '0.8679', '0.8423', '0.8636', '0.8523', '0.8736', '0.8608', '0.8608', '0.8693', '0.8452', '0.8494', '0.8565', '0.8565', '0.8580', '0.8651', '0.8636', '0.8636', '0.8622', '0.8580', '0.8636', '0.8324', '0.8608', '0.8736', '0.8679', '0.8537', '0.8707', '0.8509', '0.8636', '0.8693', '0.8551', '0.8622', '0.8651', '0.8651', '0.8636', '0.8636', '0.8608', '0.8523', '0.8651', '0.8679', '0.8622', '0.8622', '0.8764', '0.8551', '0.8793', '0.8679', '0.8608', '0.8636', '0.8608', '0.8580', '0.8651', '0.8608', '0.8537', '0.8622', '0.8750', '0.8736', '0.8651', '0.8722', '0.8736', '0.8651', '0.8764', '0.8665', '0.8651', '0.8778', '0.8821', '0.8636', '0.8594', '0.8764', '0.8665', '0.8722', '0.8693', '0.8651', '0.8636', '0.8736', '0.8707', '0.8651', '0.8778', '0.8764', '0.8693', '0.8750', '0.8693', '0.8722', '0.8707', '0.8722', '0.8736', '0.8736', '0.8707', '0.8736', '0.8551', '0.8679', '0.8722', '0.8665', '0.8693', '0.8722', '0.8750', '0.8764', '0.8750', '0.8764', '0.8821', '0.8793', '0.8778', '0.8679', '0.8750']
INFO:__main__:****************************************************************************************************
INFO:__main__: epoch0 测试test_Loss: 0.6216  test_ACC: 0.8680  
INFO:__main__:SENS: 0.8671 SPEC: 0.8687 PPV: 0.8466 NPV: 0.8866 F1:0.8567
INFO:__main__:test_Best_acc:0.8680
INFO:__main__:flops:2351437216.0  params:14205429.0
