INFO:__main__:
【train】epoch:0/150 loss:0.6296 acc:0.6496
INFO:__main__:
【val】epoch:0/150 loss:0.7312 acc:0.6662
INFO:__main__:
【Val】:  SENS: 0.3438  SPEC: 0.9302  PPV: 0.8015  NPV: 0.6338 F1:0.4812
INFO:__main__:验证的best_acc:0.6662
INFO:__main__:----------------------------------------------------------------------------------------------------
INFO:__main__:
【train】epoch:1/150 loss:0.4952 acc:0.7610
INFO:__main__:
【val】epoch:1/150 loss:0.4770 acc:0.7614
INFO:__main__:
【Val】:  SENS: 0.6183  SPEC: 0.8786  PPV: 0.8066  NPV: 0.7375 F1:0.7000
INFO:__main__:验证的best_acc:0.7614
INFO:__main__:----------------------------------------------------------------------------------------------------
INFO:__main__:
【train】epoch:2/150 loss:0.4393 acc:0.8001
INFO:__main__:
【val】epoch:2/150 loss:0.4172 acc:0.8026
INFO:__main__:
【Val】:  SENS: 0.8076  SPEC: 0.7984  PPV: 0.7665  NPV: 0.8351 F1:0.7865
INFO:__main__:验证的best_acc:0.8026
INFO:__main__:----------------------------------------------------------------------------------------------------
INFO:__main__:
【train】epoch:3/150 loss:0.4056 acc:0.8251
INFO:__main__:
【val】epoch:3/150 loss:0.4057 acc:0.8125
INFO:__main__:
【Val】:  SENS: 0.8391  SPEC: 0.7907  PPV: 0.7666  NPV: 0.8571 F1:0.8012
INFO:__main__:验证的best_acc:0.8125
INFO:__main__:----------------------------------------------------------------------------------------------------
INFO:__main__:
【train】epoch:4/150 loss:0.3776 acc:0.8317
INFO:__main__:
【val】epoch:4/150 loss:0.4290 acc:0.7926
INFO:__main__:
【Val】:  SENS: 0.9274  SPEC: 0.6822  PPV: 0.7050  NPV: 0.9199 F1:0.8011
INFO:__main__:验证的best_acc:0.8125
INFO:__main__:----------------------------------------------------------------------------------------------------
INFO:__main__:
【train】epoch:5/150 loss:0.3729 acc:0.8404
INFO:__main__:
【val】epoch:5/150 loss:0.3841 acc:0.8267
INFO:__main__:
【Val】:  SENS: 0.8423  SPEC: 0.8140  PPV: 0.7876  NPV: 0.8630 F1:0.8140
INFO:__main__:验证的best_acc:0.8267
INFO:__main__:----------------------------------------------------------------------------------------------------
INFO:__main__:
【train】epoch:6/150 loss:0.3612 acc:0.8392
INFO:__main__:
【val】epoch:6/150 loss:0.3787 acc:0.8267
INFO:__main__:
【Val】:  SENS: 0.7634  SPEC: 0.8786  PPV: 0.8374  NPV: 0.8193 F1:0.7987
INFO:__main__:验证的best_acc:0.8267
INFO:__main__:----------------------------------------------------------------------------------------------------
INFO:__main__:
【train】epoch:7/150 loss:0.3485 acc:0.8457
INFO:__main__:
【val】epoch:7/150 loss:0.3614 acc:0.8480
INFO:__main__:
【Val】:  SENS: 0.8454  SPEC: 0.8501  PPV: 0.8221  NPV: 0.8704 F1:0.8336
INFO:__main__:验证的best_acc:0.8480
INFO:__main__:----------------------------------------------------------------------------------------------------
INFO:__main__:
【train】epoch:8/150 loss:0.3463 acc:0.8516
INFO:__main__:
【val】epoch:8/150 loss:0.3755 acc:0.8239
INFO:__main__:
【Val】:  SENS: 0.8107  SPEC: 0.8346  PPV: 0.8006  NPV: 0.8433 F1:0.8056
INFO:__main__:验证的best_acc:0.8480
INFO:__main__:----------------------------------------------------------------------------------------------------
INFO:__main__:
【train】epoch:9/150 loss:0.3333 acc:0.8563
INFO:__main__:
【val】epoch:9/150 loss:0.4072 acc:0.8097
INFO:__main__:
【Val】:  SENS: 0.7634  SPEC: 0.8475  PPV: 0.8040  NPV: 0.8139 F1:0.7832
INFO:__main__:验证的best_acc:0.8480
INFO:__main__:----------------------------------------------------------------------------------------------------
INFO:__main__:
【train】epoch:10/150 loss:0.3272 acc:0.8609
INFO:__main__:
【val】epoch:10/150 loss:0.3665 acc:0.8523
INFO:__main__:
【Val】:  SENS: 0.8044  SPEC: 0.8915  PPV: 0.8586  NPV: 0.8477 F1:0.8306
INFO:__main__:验证的best_acc:0.8523
INFO:__main__:----------------------------------------------------------------------------------------------------
INFO:__main__:
【train】epoch:11/150 loss:0.3096 acc:0.8677
INFO:__main__:
【val】epoch:11/150 loss:0.3539 acc:0.8452
INFO:__main__:
【Val】:  SENS: 0.8076  SPEC: 0.8760  PPV: 0.8421  NPV: 0.8475 F1:0.8245
INFO:__main__:验证的best_acc:0.8523
INFO:__main__:----------------------------------------------------------------------------------------------------
INFO:__main__:
【train】epoch:12/150 loss:0.3032 acc:0.8689
INFO:__main__:
【val】epoch:12/150 loss:0.3868 acc:0.8310
INFO:__main__:
【Val】:  SENS: 0.8139  SPEC: 0.8450  PPV: 0.8113  NPV: 0.8472 F1:0.8126
INFO:__main__:验证的best_acc:0.8523
INFO:__main__:----------------------------------------------------------------------------------------------------
INFO:__main__:
【train】epoch:13/150 loss:0.3002 acc:0.8710
INFO:__main__:
【val】epoch:13/150 loss:0.3694 acc:0.8409
INFO:__main__:
【Val】:  SENS: 0.8297  SPEC: 0.8501  PPV: 0.8193  NPV: 0.8590 F1:0.8245
INFO:__main__:验证的best_acc:0.8523
INFO:__main__:----------------------------------------------------------------------------------------------------
INFO:__main__:
【train】epoch:14/150 loss:0.2898 acc:0.8820
INFO:__main__:
【val】epoch:14/150 loss:0.3510 acc:0.8310
INFO:__main__:
【Val】:  SENS: 0.7666  SPEC: 0.8837  PPV: 0.8438  NPV: 0.8221 F1:0.8033
INFO:__main__:验证的best_acc:0.8523
INFO:__main__:----------------------------------------------------------------------------------------------------
INFO:__main__:
【train】epoch:15/150 loss:0.2873 acc:0.8762
INFO:__main__:
【val】epoch:15/150 loss:0.3731 acc:0.8352
INFO:__main__:
【Val】:  SENS: 0.7918  SPEC: 0.8708  PPV: 0.8339  NPV: 0.8362 F1:0.8123
INFO:__main__:验证的best_acc:0.8523
INFO:__main__:----------------------------------------------------------------------------------------------------
INFO:__main__:
【train】epoch:16/150 loss:0.2872 acc:0.8785
INFO:__main__:
【val】epoch:16/150 loss:0.3819 acc:0.8352
INFO:__main__:
【Val】:  SENS: 0.8423  SPEC: 0.8295  PPV: 0.8018  NPV: 0.8652 F1:0.8215
INFO:__main__:验证的best_acc:0.8523
INFO:__main__:----------------------------------------------------------------------------------------------------
INFO:__main__:
【train】epoch:17/150 loss:0.2850 acc:0.8799
INFO:__main__:
【val】epoch:17/150 loss:0.3819 acc:0.8352
INFO:__main__:
【Val】:  SENS: 0.7760  SPEC: 0.8837  PPV: 0.8454  NPV: 0.8281 F1:0.8092
INFO:__main__:验证的best_acc:0.8523
INFO:__main__:----------------------------------------------------------------------------------------------------
INFO:__main__:
【train】epoch:18/150 loss:0.2701 acc:0.8858
INFO:__main__:
【val】epoch:18/150 loss:0.4019 acc:0.8224
INFO:__main__:
【Val】:  SENS: 0.7886  SPEC: 0.8501  PPV: 0.8117  NPV: 0.8308 F1:0.8000
INFO:__main__:验证的best_acc:0.8523
INFO:__main__:----------------------------------------------------------------------------------------------------
INFO:__main__:
【train】epoch:19/150 loss:0.2611 acc:0.8909
INFO:__main__:
【val】epoch:19/150 loss:0.3575 acc:0.8466
INFO:__main__:
【Val】:  SENS: 0.7823  SPEC: 0.8992  PPV: 0.8641  NPV: 0.8345 F1:0.8212
INFO:__main__:验证的best_acc:0.8523
INFO:__main__:----------------------------------------------------------------------------------------------------
INFO:__main__:
【train】epoch:20/150 loss:0.2530 acc:0.8987
INFO:__main__:
【val】epoch:20/150 loss:0.3527 acc:0.8366
INFO:__main__:
【Val】:  SENS: 0.8297  SPEC: 0.8424  PPV: 0.8117  NPV: 0.8579 F1:0.8206
INFO:__main__:验证的best_acc:0.8523
INFO:__main__:----------------------------------------------------------------------------------------------------
INFO:__main__:
【train】epoch:21/150 loss:0.2503 acc:0.8928
INFO:__main__:
【val】epoch:21/150 loss:0.3923 acc:0.8395
INFO:__main__:
【Val】:  SENS: 0.8139  SPEC: 0.8605  PPV: 0.8269  NPV: 0.8495 F1:0.8203
INFO:__main__:验证的best_acc:0.8523
INFO:__main__:----------------------------------------------------------------------------------------------------
INFO:__main__:
【train】epoch:22/150 loss:0.2437 acc:0.9022
INFO:__main__:
【val】epoch:22/150 loss:0.4032 acc:0.8253
INFO:__main__:
【Val】:  SENS: 0.7760  SPEC: 0.8656  PPV: 0.8255  NPV: 0.8251 F1:0.8000
INFO:__main__:验证的best_acc:0.8523
INFO:__main__:----------------------------------------------------------------------------------------------------
INFO:__main__:
【train】epoch:23/150 loss:0.2326 acc:0.9042
INFO:__main__:
【val】epoch:23/150 loss:0.3888 acc:0.8366
INFO:__main__:
【Val】:  SENS: 0.7823  SPEC: 0.8811  PPV: 0.8435  NPV: 0.8317 F1:0.8118
INFO:__main__:验证的best_acc:0.8523
INFO:__main__:----------------------------------------------------------------------------------------------------
INFO:__main__:
【train】epoch:24/150 loss:0.2388 acc:0.9024
INFO:__main__:
【val】epoch:24/150 loss:0.4050 acc:0.8239
INFO:__main__:
【Val】:  SENS: 0.7319  SPEC: 0.8992  PPV: 0.8561  NPV: 0.8037 F1:0.7891
INFO:__main__:验证的best_acc:0.8523
INFO:__main__:----------------------------------------------------------------------------------------------------
INFO:__main__:
【train】epoch:25/150 loss:0.2370 acc:0.9061
INFO:__main__:
【val】epoch:25/150 loss:0.3750 acc:0.8324
INFO:__main__:
【Val】:  SENS: 0.8202  SPEC: 0.8424  PPV: 0.8100  NPV: 0.8512 F1:0.8150
INFO:__main__:验证的best_acc:0.8523
INFO:__main__:----------------------------------------------------------------------------------------------------
INFO:__main__:
【train】epoch:26/150 loss:0.2252 acc:0.9089
INFO:__main__:
【val】epoch:26/150 loss:0.4001 acc:0.8537
INFO:__main__:
【Val】:  SENS: 0.8076  SPEC: 0.8915  PPV: 0.8591  NPV: 0.8498 F1:0.8325
INFO:__main__:验证的best_acc:0.8537
INFO:__main__:----------------------------------------------------------------------------------------------------
INFO:__main__:
【train】epoch:27/150 loss:0.2277 acc:0.9056
INFO:__main__:
【val】epoch:27/150 loss:0.3507 acc:0.8651
INFO:__main__:
【Val】:  SENS: 0.8139  SPEC: 0.9070  PPV: 0.8776  NPV: 0.8561 F1:0.8445
INFO:__main__:验证的best_acc:0.8651
INFO:__main__:----------------------------------------------------------------------------------------------------
INFO:__main__:
【train】epoch:28/150 loss:0.2269 acc:0.9049
INFO:__main__:
【val】epoch:28/150 loss:0.4010 acc:0.8423
INFO:__main__:
【Val】:  SENS: 0.7729  SPEC: 0.8992  PPV: 0.8627  NPV: 0.8286 F1:0.8153
INFO:__main__:验证的best_acc:0.8651
INFO:__main__:----------------------------------------------------------------------------------------------------
INFO:__main__:
【train】epoch:29/150 loss:0.2084 acc:0.9148
INFO:__main__:
【val】epoch:29/150 loss:0.3908 acc:0.8253
INFO:__main__:
【Val】:  SENS: 0.7981  SPEC: 0.8475  PPV: 0.8109  NPV: 0.8367 F1:0.8045
INFO:__main__:验证的best_acc:0.8651
INFO:__main__:----------------------------------------------------------------------------------------------------
INFO:__main__:
【train】epoch:30/150 loss:0.2052 acc:0.9186
INFO:__main__:
【val】epoch:30/150 loss:0.4210 acc:0.8139
INFO:__main__:
【Val】:  SENS: 0.7571  SPEC: 0.8605  PPV: 0.8163  NPV: 0.8122 F1:0.7856
INFO:__main__:验证的best_acc:0.8651
INFO:__main__:----------------------------------------------------------------------------------------------------
INFO:__main__:
【train】epoch:31/150 loss:0.1954 acc:0.9181
INFO:__main__:
【val】epoch:31/150 loss:0.4199 acc:0.8324
INFO:__main__:
【Val】:  SENS: 0.7823  SPEC: 0.8734  PPV: 0.8350  NPV: 0.8305 F1:0.8078
INFO:__main__:验证的best_acc:0.8651
INFO:__main__:----------------------------------------------------------------------------------------------------
INFO:__main__:
【train】epoch:32/150 loss:0.2053 acc:0.9213
INFO:__main__:
【val】epoch:32/150 loss:0.4242 acc:0.8125
INFO:__main__:
【Val】:  SENS: 0.7886  SPEC: 0.8320  PPV: 0.7937  NPV: 0.8278 F1:0.7911
INFO:__main__:验证的best_acc:0.8651
INFO:__main__:----------------------------------------------------------------------------------------------------
INFO:__main__:
【train】epoch:33/150 loss:0.2054 acc:0.9136
INFO:__main__:
【val】epoch:33/150 loss:0.3872 acc:0.8494
INFO:__main__:
【Val】:  SENS: 0.8139  SPEC: 0.8786  PPV: 0.8459  NPV: 0.8521 F1:0.8296
INFO:__main__:验证的best_acc:0.8651
INFO:__main__:----------------------------------------------------------------------------------------------------
INFO:__main__:
【train】epoch:34/150 loss:0.1900 acc:0.9242
INFO:__main__:
【val】epoch:34/150 loss:0.4096 acc:0.8395
INFO:__main__:
【Val】:  SENS: 0.7603  SPEC: 0.9044  PPV: 0.8669  NPV: 0.8216 F1:0.8101
INFO:__main__:验证的best_acc:0.8651
INFO:__main__:----------------------------------------------------------------------------------------------------
INFO:__main__:
【train】epoch:35/150 loss:0.1934 acc:0.9181
INFO:__main__:
【val】epoch:35/150 loss:0.3723 acc:0.8494
INFO:__main__:
【Val】:  SENS: 0.8360  SPEC: 0.8605  PPV: 0.8307  NPV: 0.8649 F1:0.8333
INFO:__main__:验证的best_acc:0.8651
INFO:__main__:----------------------------------------------------------------------------------------------------
INFO:__main__:
【train】epoch:36/150 loss:0.1758 acc:0.9274
INFO:__main__:
【val】epoch:36/150 loss:0.4541 acc:0.8423
INFO:__main__:
【Val】:  SENS: 0.7886  SPEC: 0.8863  PPV: 0.8503  NPV: 0.8366 F1:0.8183
INFO:__main__:验证的best_acc:0.8651
INFO:__main__:----------------------------------------------------------------------------------------------------
INFO:__main__:
【train】epoch:37/150 loss:0.1872 acc:0.9239
INFO:__main__:
【val】epoch:37/150 loss:0.4291 acc:0.8537
INFO:__main__:
【Val】:  SENS: 0.8486  SPEC: 0.8579  PPV: 0.8302  NPV: 0.8737 F1:0.8393
INFO:__main__:验证的best_acc:0.8651
INFO:__main__:----------------------------------------------------------------------------------------------------
INFO:__main__:
【train】epoch:38/150 loss:0.1940 acc:0.9218
INFO:__main__:
【val】epoch:38/150 loss:0.3898 acc:0.8537
INFO:__main__:
【Val】:  SENS: 0.8644  SPEC: 0.8450  PPV: 0.8204  NPV: 0.8838 F1:0.8418
INFO:__main__:验证的best_acc:0.8651
INFO:__main__:----------------------------------------------------------------------------------------------------
INFO:__main__:
【train】epoch:39/150 loss:0.1736 acc:0.9296
INFO:__main__:
【val】epoch:39/150 loss:0.4256 acc:0.8594
INFO:__main__:
【Val】:  SENS: 0.8454  SPEC: 0.8708  PPV: 0.8428  NPV: 0.8731 F1:0.8441
INFO:__main__:验证的best_acc:0.8651
INFO:__main__:----------------------------------------------------------------------------------------------------
INFO:__main__:
【train】epoch:40/150 loss:0.1791 acc:0.9260
INFO:__main__:
【val】epoch:40/150 loss:0.4116 acc:0.8565
INFO:__main__:
【Val】:  SENS: 0.8170  SPEC: 0.8889  PPV: 0.8576  NPV: 0.8557 F1:0.8368
INFO:__main__:验证的best_acc:0.8651
INFO:__main__:----------------------------------------------------------------------------------------------------
INFO:__main__:
【train】epoch:41/150 loss:0.1552 acc:0.9391
INFO:__main__:
【val】epoch:41/150 loss:0.4700 acc:0.8423
INFO:__main__:
【Val】:  SENS: 0.8170  SPEC: 0.8630  PPV: 0.8301  NPV: 0.8520 F1:0.8235
INFO:__main__:验证的best_acc:0.8651
INFO:__main__:----------------------------------------------------------------------------------------------------
INFO:__main__:
【train】epoch:42/150 loss:0.1635 acc:0.9344
INFO:__main__:
【val】epoch:42/150 loss:0.4757 acc:0.8395
INFO:__main__:
【Val】:  SENS: 0.7823  SPEC: 0.8863  PPV: 0.8493  NPV: 0.8325 F1:0.8144
INFO:__main__:验证的best_acc:0.8651
INFO:__main__:----------------------------------------------------------------------------------------------------
INFO:__main__:
【train】epoch:43/150 loss:0.1545 acc:0.9410
INFO:__main__:
【val】epoch:43/150 loss:0.4153 acc:0.8665
INFO:__main__:
【Val】:  SENS: 0.8612  SPEC: 0.8708  PPV: 0.8452  NPV: 0.8845 F1:0.8531
INFO:__main__:验证的best_acc:0.8665
INFO:__main__:----------------------------------------------------------------------------------------------------
INFO:__main__:
【train】epoch:44/150 loss:0.1559 acc:0.9398
INFO:__main__:
【val】epoch:44/150 loss:0.3869 acc:0.8395
INFO:__main__:
【Val】:  SENS: 0.7981  SPEC: 0.8734  PPV: 0.8377  NPV: 0.8408 F1:0.8174
INFO:__main__:验证的best_acc:0.8665
INFO:__main__:----------------------------------------------------------------------------------------------------
INFO:__main__:
【train】epoch:45/150 loss:0.1602 acc:0.9368
INFO:__main__:
【val】epoch:45/150 loss:0.4034 acc:0.8580
INFO:__main__:
【Val】:  SENS: 0.8454  SPEC: 0.8682  PPV: 0.8401  NPV: 0.8727 F1:0.8428
INFO:__main__:验证的best_acc:0.8665
INFO:__main__:----------------------------------------------------------------------------------------------------
INFO:__main__:
【train】epoch:46/150 loss:0.1605 acc:0.9354
INFO:__main__:
【val】epoch:46/150 loss:0.4541 acc:0.8537
INFO:__main__:
【Val】:  SENS: 0.8391  SPEC: 0.8656  PPV: 0.8365  NPV: 0.8679 F1:0.8378
INFO:__main__:验证的best_acc:0.8665
INFO:__main__:----------------------------------------------------------------------------------------------------
INFO:__main__:
【train】epoch:47/150 loss:0.1507 acc:0.9408
INFO:__main__:
【val】epoch:47/150 loss:0.4155 acc:0.8565
INFO:__main__:
【Val】:  SENS: 0.8707  SPEC: 0.8450  PPV: 0.8214  NPV: 0.8886 F1:0.8453
INFO:__main__:验证的best_acc:0.8665
INFO:__main__:----------------------------------------------------------------------------------------------------
INFO:__main__:
【train】epoch:48/150 loss:0.1516 acc:0.9399
INFO:__main__:
【val】epoch:48/150 loss:0.4523 acc:0.8565
INFO:__main__:
【Val】:  SENS: 0.8644  SPEC: 0.8501  PPV: 0.8253  NPV: 0.8844 F1:0.8444
INFO:__main__:验证的best_acc:0.8665
INFO:__main__:----------------------------------------------------------------------------------------------------
INFO:__main__:
【train】epoch:49/150 loss:0.1374 acc:0.9447
INFO:__main__:
【val】epoch:49/150 loss:0.4443 acc:0.8580
INFO:__main__:
【Val】:  SENS: 0.8738  SPEC: 0.8450  PPV: 0.8220  NPV: 0.8910 F1:0.8471
INFO:__main__:验证的best_acc:0.8665
INFO:__main__:----------------------------------------------------------------------------------------------------
INFO:__main__:
【train】epoch:50/150 loss:0.1489 acc:0.9426
INFO:__main__:
【val】epoch:50/150 loss:0.4443 acc:0.8395
INFO:__main__:
【Val】:  SENS: 0.8738  SPEC: 0.8114  PPV: 0.7914  NPV: 0.8870 F1:0.8306
INFO:__main__:验证的best_acc:0.8665
INFO:__main__:----------------------------------------------------------------------------------------------------
INFO:__main__:
【train】epoch:51/150 loss:0.1371 acc:0.9469
INFO:__main__:
【val】epoch:51/150 loss:0.4519 acc:0.8594
INFO:__main__:
【Val】:  SENS: 0.8328  SPEC: 0.8811  PPV: 0.8516  NPV: 0.8655 F1:0.8421
INFO:__main__:验证的best_acc:0.8665
INFO:__main__:----------------------------------------------------------------------------------------------------
INFO:__main__:
【train】epoch:52/150 loss:0.1393 acc:0.9455
INFO:__main__:
【val】epoch:52/150 loss:0.4293 acc:0.8608
INFO:__main__:
【Val】:  SENS: 0.8202  SPEC: 0.8941  PPV: 0.8638  NPV: 0.8586 F1:0.8414
INFO:__main__:验证的best_acc:0.8665
INFO:__main__:----------------------------------------------------------------------------------------------------
INFO:__main__:
【train】epoch:53/150 loss:0.1329 acc:0.9475
INFO:__main__:
【val】epoch:53/150 loss:0.4363 acc:0.8608
INFO:__main__:
【Val】:  SENS: 0.8896  SPEC: 0.8372  PPV: 0.8174  NPV: 0.9025 F1:0.8520
INFO:__main__:验证的best_acc:0.8665
INFO:__main__:----------------------------------------------------------------------------------------------------
INFO:__main__:
【train】epoch:54/150 loss:0.1376 acc:0.9475
INFO:__main__:
【val】epoch:54/150 loss:0.4604 acc:0.8551
INFO:__main__:
【Val】:  SENS: 0.8360  SPEC: 0.8708  PPV: 0.8413  NPV: 0.8663 F1:0.8386
INFO:__main__:验证的best_acc:0.8665
INFO:__main__:----------------------------------------------------------------------------------------------------
INFO:__main__:
【train】epoch:55/150 loss:0.1239 acc:0.9483
INFO:__main__:
【val】epoch:55/150 loss:0.4849 acc:0.8551
INFO:__main__:
【Val】:  SENS: 0.8328  SPEC: 0.8734  PPV: 0.8435  NPV: 0.8645 F1:0.8381
INFO:__main__:验证的best_acc:0.8665
INFO:__main__:----------------------------------------------------------------------------------------------------
INFO:__main__:
【train】epoch:56/150 loss:0.1336 acc:0.9457
INFO:__main__:
【val】epoch:56/150 loss:0.5034 acc:0.8423
INFO:__main__:
【Val】:  SENS: 0.8612  SPEC: 0.8269  PPV: 0.8029  NPV: 0.8791 F1:0.8311
INFO:__main__:验证的best_acc:0.8665
INFO:__main__:----------------------------------------------------------------------------------------------------
INFO:__main__:
【train】epoch:57/150 loss:0.1268 acc:0.9469
INFO:__main__:
【val】epoch:57/150 loss:0.4298 acc:0.8523
INFO:__main__:
【Val】:  SENS: 0.8770  SPEC: 0.8320  PPV: 0.8105  NPV: 0.8920 F1:0.8424
INFO:__main__:验证的best_acc:0.8665
INFO:__main__:----------------------------------------------------------------------------------------------------
INFO:__main__:
【train】epoch:58/150 loss:0.1222 acc:0.9504
INFO:__main__:
【val】epoch:58/150 loss:0.4486 acc:0.8509
INFO:__main__:
【Val】:  SENS: 0.8675  SPEC: 0.8372  PPV: 0.8136  NPV: 0.8852 F1:0.8397
INFO:__main__:验证的best_acc:0.8665
INFO:__main__:----------------------------------------------------------------------------------------------------
INFO:__main__:
【train】epoch:59/150 loss:0.1102 acc:0.9569
INFO:__main__:
【val】epoch:59/150 loss:0.5220 acc:0.8494
INFO:__main__:
【Val】:  SENS: 0.8770  SPEC: 0.8269  PPV: 0.8058  NPV: 0.8914 F1:0.8399
INFO:__main__:验证的best_acc:0.8665
INFO:__main__:----------------------------------------------------------------------------------------------------
INFO:__main__:
【train】epoch:60/150 loss:0.1098 acc:0.9546
INFO:__main__:
【val】epoch:60/150 loss:0.4210 acc:0.8594
INFO:__main__:
【Val】:  SENS: 0.8549  SPEC: 0.8630  PPV: 0.8364  NPV: 0.8789 F1:0.8456
INFO:__main__:验证的best_acc:0.8665
INFO:__main__:----------------------------------------------------------------------------------------------------
INFO:__main__:
【train】epoch:61/150 loss:0.1172 acc:0.9537
INFO:__main__:
【val】epoch:61/150 loss:0.5083 acc:0.8466
INFO:__main__:
【Val】:  SENS: 0.8864  SPEC: 0.8140  PPV: 0.7960  NPV: 0.8974 F1:0.8388
INFO:__main__:验证的best_acc:0.8665
INFO:__main__:----------------------------------------------------------------------------------------------------
INFO:__main__:
【train】epoch:62/150 loss:0.1120 acc:0.9562
INFO:__main__:
【val】epoch:62/150 loss:0.4896 acc:0.8551
INFO:__main__:
【Val】:  SENS: 0.8738  SPEC: 0.8398  PPV: 0.8171  NPV: 0.8904 F1:0.8445
INFO:__main__:验证的best_acc:0.8665
INFO:__main__:----------------------------------------------------------------------------------------------------
INFO:__main__:
【train】epoch:63/150 loss:0.1114 acc:0.9562
INFO:__main__:
【val】epoch:63/150 loss:0.4595 acc:0.8651
INFO:__main__:
【Val】:  SENS: 0.8644  SPEC: 0.8656  PPV: 0.8405  NPV: 0.8862 F1:0.8523
INFO:__main__:验证的best_acc:0.8665
INFO:__main__:----------------------------------------------------------------------------------------------------
INFO:__main__:
【train】epoch:64/150 loss:0.1065 acc:0.9567
INFO:__main__:
【val】epoch:64/150 loss:0.6101 acc:0.8423
INFO:__main__:
【Val】:  SENS: 0.8675  SPEC: 0.8217  PPV: 0.7994  NPV: 0.8833 F1:0.8321
INFO:__main__:验证的best_acc:0.8665
INFO:__main__:----------------------------------------------------------------------------------------------------
INFO:__main__:
【train】epoch:65/150 loss:0.1072 acc:0.9576
INFO:__main__:
【val】epoch:65/150 loss:0.4776 acc:0.8466
INFO:__main__:
【Val】:  SENS: 0.8297  SPEC: 0.8605  PPV: 0.8297  NPV: 0.8605 F1:0.8297
INFO:__main__:验证的best_acc:0.8665
INFO:__main__:----------------------------------------------------------------------------------------------------
INFO:__main__:
【train】epoch:66/150 loss:0.1079 acc:0.9571
INFO:__main__:
【val】epoch:66/150 loss:0.4840 acc:0.8537
INFO:__main__:
【Val】:  SENS: 0.8486  SPEC: 0.8579  PPV: 0.8302  NPV: 0.8737 F1:0.8393
INFO:__main__:验证的best_acc:0.8665
INFO:__main__:----------------------------------------------------------------------------------------------------
INFO:__main__:
【train】epoch:67/150 loss:0.1046 acc:0.9595
INFO:__main__:
【val】epoch:67/150 loss:0.5163 acc:0.8565
INFO:__main__:
【Val】:  SENS: 0.8675  SPEC: 0.8475  PPV: 0.8234  NPV: 0.8865 F1:0.8449
INFO:__main__:验证的best_acc:0.8665
INFO:__main__:----------------------------------------------------------------------------------------------------
INFO:__main__:
【train】epoch:68/150 loss:0.1091 acc:0.9567
INFO:__main__:
【val】epoch:68/150 loss:0.4786 acc:0.8636
INFO:__main__:
【Val】:  SENS: 0.8675  SPEC: 0.8605  PPV: 0.8359  NPV: 0.8880 F1:0.8514
INFO:__main__:验证的best_acc:0.8665
INFO:__main__:----------------------------------------------------------------------------------------------------
INFO:__main__:
【train】epoch:69/150 loss:0.0945 acc:0.9663
INFO:__main__:
【val】epoch:69/150 loss:0.4315 acc:0.8707
INFO:__main__:
【Val】:  SENS: 0.8738  SPEC: 0.8682  PPV: 0.8445  NPV: 0.8936 F1:0.8589
INFO:__main__:验证的best_acc:0.8707
INFO:__main__:----------------------------------------------------------------------------------------------------
INFO:__main__:
【train】epoch:70/150 loss:0.0919 acc:0.9635
INFO:__main__:
【val】epoch:70/150 loss:0.4832 acc:0.8608
INFO:__main__:
【Val】:  SENS: 0.8801  SPEC: 0.8450  PPV: 0.8230  NPV: 0.8959 F1:0.8506
INFO:__main__:验证的best_acc:0.8707
INFO:__main__:----------------------------------------------------------------------------------------------------
INFO:__main__:
【train】epoch:71/150 loss:0.0972 acc:0.9618
INFO:__main__:
【val】epoch:71/150 loss:0.4919 acc:0.8551
INFO:__main__:
【Val】:  SENS: 0.8486  SPEC: 0.8605  PPV: 0.8328  NPV: 0.8740 F1:0.8406
INFO:__main__:验证的best_acc:0.8707
INFO:__main__:----------------------------------------------------------------------------------------------------
INFO:__main__:
【train】epoch:72/150 loss:0.0947 acc:0.9618
INFO:__main__:
【val】epoch:72/150 loss:0.4876 acc:0.8665
INFO:__main__:
【Val】:  SENS: 0.8391  SPEC: 0.8889  PPV: 0.8608  NPV: 0.8709 F1:0.8498
INFO:__main__:验证的best_acc:0.8707
INFO:__main__:----------------------------------------------------------------------------------------------------
INFO:__main__:
【train】epoch:73/150 loss:0.0916 acc:0.9658
INFO:__main__:
【val】epoch:73/150 loss:0.5791 acc:0.8580
INFO:__main__:
【Val】:  SENS: 0.8738  SPEC: 0.8450  PPV: 0.8220  NPV: 0.8910 F1:0.8471
INFO:__main__:验证的best_acc:0.8707
INFO:__main__:----------------------------------------------------------------------------------------------------
INFO:__main__:
【train】epoch:74/150 loss:0.0930 acc:0.9633
INFO:__main__:
【val】epoch:74/150 loss:0.5102 acc:0.8509
INFO:__main__:
【Val】:  SENS: 0.8170  SPEC: 0.8786  PPV: 0.8464  NPV: 0.8543 F1:0.8315
INFO:__main__:验证的best_acc:0.8707
INFO:__main__:----------------------------------------------------------------------------------------------------
INFO:__main__:
【train】epoch:75/150 loss:0.0848 acc:0.9646
INFO:__main__:
【val】epoch:75/150 loss:0.5476 acc:0.8651
INFO:__main__:
【Val】:  SENS: 0.8801  SPEC: 0.8527  PPV: 0.8304  NPV: 0.8967 F1:0.8545
INFO:__main__:验证的best_acc:0.8707
INFO:__main__:----------------------------------------------------------------------------------------------------
INFO:__main__:
【train】epoch:76/150 loss:0.0890 acc:0.9667
INFO:__main__:
【val】epoch:76/150 loss:0.5186 acc:0.8636
INFO:__main__:
【Val】:  SENS: 0.8801  SPEC: 0.8501  PPV: 0.8279  NPV: 0.8965 F1:0.8532
INFO:__main__:验证的best_acc:0.8707
INFO:__main__:----------------------------------------------------------------------------------------------------
INFO:__main__:
【train】epoch:77/150 loss:0.0815 acc:0.9681
INFO:__main__:
【val】epoch:77/150 loss:0.6009 acc:0.8580
INFO:__main__:
【Val】:  SENS: 0.8991  SPEC: 0.8243  PPV: 0.8074  NPV: 0.9088 F1:0.8507
INFO:__main__:验证的best_acc:0.8707
INFO:__main__:----------------------------------------------------------------------------------------------------
INFO:__main__:
【train】epoch:78/150 loss:0.0842 acc:0.9677
INFO:__main__:
【val】epoch:78/150 loss:0.5359 acc:0.8651
INFO:__main__:
【Val】:  SENS: 0.8486  SPEC: 0.8786  PPV: 0.8513  NPV: 0.8763 F1:0.8499
INFO:__main__:验证的best_acc:0.8707
INFO:__main__:----------------------------------------------------------------------------------------------------
INFO:__main__:
【train】epoch:79/150 loss:0.0848 acc:0.9646
INFO:__main__:
【val】epoch:79/150 loss:0.5679 acc:0.8551
INFO:__main__:
【Val】:  SENS: 0.8549  SPEC: 0.8553  PPV: 0.8287  NPV: 0.8780 F1:0.8416
INFO:__main__:验证的best_acc:0.8707
INFO:__main__:----------------------------------------------------------------------------------------------------
INFO:__main__:
【train】epoch:80/150 loss:0.0813 acc:0.9696
INFO:__main__:
【val】epoch:80/150 loss:0.5509 acc:0.8551
INFO:__main__:
【Val】:  SENS: 0.8738  SPEC: 0.8398  PPV: 0.8171  NPV: 0.8904 F1:0.8445
INFO:__main__:验证的best_acc:0.8707
INFO:__main__:----------------------------------------------------------------------------------------------------
INFO:__main__:
【train】epoch:81/150 loss:0.0815 acc:0.9688
INFO:__main__:
【val】epoch:81/150 loss:0.5096 acc:0.8736
INFO:__main__:
【Val】:  SENS: 0.8801  SPEC: 0.8682  PPV: 0.8455  NPV: 0.8984 F1:0.8624
INFO:__main__:验证的best_acc:0.8736
INFO:__main__:----------------------------------------------------------------------------------------------------
INFO:__main__:
【train】epoch:82/150 loss:0.0722 acc:0.9714
INFO:__main__:
【val】epoch:82/150 loss:0.5236 acc:0.8679
INFO:__main__:
【Val】:  SENS: 0.8644  SPEC: 0.8708  PPV: 0.8457  NPV: 0.8868 F1:0.8549
INFO:__main__:验证的best_acc:0.8736
INFO:__main__:----------------------------------------------------------------------------------------------------
INFO:__main__:
【train】epoch:83/150 loss:0.0843 acc:0.9677
INFO:__main__:
【val】epoch:83/150 loss:0.5044 acc:0.8608
INFO:__main__:
【Val】:  SENS: 0.8991  SPEC: 0.8295  PPV: 0.8120  NPV: 0.9093 F1:0.8533
INFO:__main__:验证的best_acc:0.8736
INFO:__main__:----------------------------------------------------------------------------------------------------
INFO:__main__:
【train】epoch:84/150 loss:0.0753 acc:0.9681
INFO:__main__:
【val】epoch:84/150 loss:0.5744 acc:0.8580
INFO:__main__:
【Val】:  SENS: 0.8580  SPEC: 0.8579  PPV: 0.8318  NPV: 0.8806 F1:0.8447
INFO:__main__:验证的best_acc:0.8736
INFO:__main__:----------------------------------------------------------------------------------------------------
INFO:__main__:
【train】epoch:85/150 loss:0.0774 acc:0.9693
INFO:__main__:
【val】epoch:85/150 loss:0.5993 acc:0.8480
INFO:__main__:
【Val】:  SENS: 0.8864  SPEC: 0.8165  PPV: 0.7983  NPV: 0.8977 F1:0.8401
INFO:__main__:验证的best_acc:0.8736
INFO:__main__:----------------------------------------------------------------------------------------------------
INFO:__main__:
【train】epoch:86/150 loss:0.0753 acc:0.9705
INFO:__main__:
【val】epoch:86/150 loss:0.5355 acc:0.8722
INFO:__main__:
【Val】:  SENS: 0.9054  SPEC: 0.8450  PPV: 0.8271  NPV: 0.9160 F1:0.8645
INFO:__main__:验证的best_acc:0.8736
INFO:__main__:----------------------------------------------------------------------------------------------------
INFO:__main__:
【train】epoch:87/150 loss:0.0682 acc:0.9729
INFO:__main__:
【val】epoch:87/150 loss:0.5696 acc:0.8651
INFO:__main__:
【Val】:  SENS: 0.8675  SPEC: 0.8630  PPV: 0.8384  NPV: 0.8883 F1:0.8527
INFO:__main__:验证的best_acc:0.8736
INFO:__main__:----------------------------------------------------------------------------------------------------
INFO:__main__:
【train】epoch:88/150 loss:0.0829 acc:0.9677
INFO:__main__:
【val】epoch:88/150 loss:0.5455 acc:0.8707
INFO:__main__:
【Val】:  SENS: 0.8738  SPEC: 0.8682  PPV: 0.8445  NPV: 0.8936 F1:0.8589
INFO:__main__:验证的best_acc:0.8736
INFO:__main__:----------------------------------------------------------------------------------------------------
INFO:__main__:
【train】epoch:89/150 loss:0.0652 acc:0.9743
INFO:__main__:
【val】epoch:89/150 loss:0.6322 acc:0.8438
INFO:__main__:
【Val】:  SENS: 0.8580  SPEC: 0.8320  PPV: 0.8071  NPV: 0.8774 F1:0.8318
INFO:__main__:验证的best_acc:0.8736
INFO:__main__:----------------------------------------------------------------------------------------------------
INFO:__main__:
【train】epoch:90/150 loss:0.0724 acc:0.9728
INFO:__main__:
【val】epoch:90/150 loss:0.5587 acc:0.8580
INFO:__main__:
【Val】:  SENS: 0.8644  SPEC: 0.8527  PPV: 0.8278  NPV: 0.8847 F1:0.8457
INFO:__main__:验证的best_acc:0.8736
INFO:__main__:----------------------------------------------------------------------------------------------------
INFO:__main__:
【train】epoch:91/150 loss:0.0644 acc:0.9742
INFO:__main__:
【val】epoch:91/150 loss:0.5560 acc:0.8636
INFO:__main__:
【Val】:  SENS: 0.8580  SPEC: 0.8682  PPV: 0.8421  NPV: 0.8819 F1:0.8500
INFO:__main__:验证的best_acc:0.8736
INFO:__main__:----------------------------------------------------------------------------------------------------
INFO:__main__:
【train】epoch:92/150 loss:0.0674 acc:0.9729
INFO:__main__:
【val】epoch:92/150 loss:0.5699 acc:0.8651
INFO:__main__:
【Val】:  SENS: 0.8864  SPEC: 0.8475  PPV: 0.8265  NPV: 0.9011 F1:0.8554
INFO:__main__:验证的best_acc:0.8736
INFO:__main__:----------------------------------------------------------------------------------------------------
INFO:__main__:
【train】epoch:93/150 loss:0.0618 acc:0.9757
INFO:__main__:
【val】epoch:93/150 loss:0.5586 acc:0.8608
INFO:__main__:
【Val】:  SENS: 0.8959  SPEC: 0.8320  PPV: 0.8138  NPV: 0.9070 F1:0.8529
INFO:__main__:验证的best_acc:0.8736
INFO:__main__:----------------------------------------------------------------------------------------------------
INFO:__main__:
【train】epoch:94/150 loss:0.0603 acc:0.9764
INFO:__main__:
【val】epoch:94/150 loss:0.6016 acc:0.8665
INFO:__main__:
【Val】:  SENS: 0.9054  SPEC: 0.8346  PPV: 0.8177  NPV: 0.9150 F1:0.8593
INFO:__main__:验证的best_acc:0.8736
INFO:__main__:----------------------------------------------------------------------------------------------------
INFO:__main__:
【train】epoch:95/150 loss:0.0656 acc:0.9726
INFO:__main__:
【val】epoch:95/150 loss:0.5958 acc:0.8608
INFO:__main__:
【Val】:  SENS: 0.8801  SPEC: 0.8450  PPV: 0.8230  NPV: 0.8959 F1:0.8506
INFO:__main__:验证的best_acc:0.8736
INFO:__main__:----------------------------------------------------------------------------------------------------
INFO:__main__:
【train】epoch:96/150 loss:0.0548 acc:0.9784
INFO:__main__:
【val】epoch:96/150 loss:0.6344 acc:0.8636
INFO:__main__:
【Val】:  SENS: 0.8707  SPEC: 0.8579  PPV: 0.8338  NPV: 0.8901 F1:0.8519
INFO:__main__:验证的best_acc:0.8736
INFO:__main__:----------------------------------------------------------------------------------------------------
INFO:__main__:
【train】epoch:97/150 loss:0.0624 acc:0.9740
INFO:__main__:
【val】epoch:97/150 loss:0.6084 acc:0.8551
INFO:__main__:
【Val】:  SENS: 0.8612  SPEC: 0.8501  PPV: 0.8248  NPV: 0.8820 F1:0.8426
INFO:__main__:验证的best_acc:0.8736
INFO:__main__:----------------------------------------------------------------------------------------------------
INFO:__main__:
【train】epoch:98/150 loss:0.0609 acc:0.9773
INFO:__main__:
【val】epoch:98/150 loss:0.6004 acc:0.8480
INFO:__main__:
【Val】:  SENS: 0.8454  SPEC: 0.8501  PPV: 0.8221  NPV: 0.8704 F1:0.8336
INFO:__main__:验证的best_acc:0.8736
INFO:__main__:----------------------------------------------------------------------------------------------------
INFO:__main__:
【train】epoch:99/150 loss:0.0579 acc:0.9771
INFO:__main__:
【val】epoch:99/150 loss:0.5798 acc:0.8622
INFO:__main__:
【Val】:  SENS: 0.8738  SPEC: 0.8527  PPV: 0.8293  NPV: 0.8919 F1:0.8510
INFO:__main__:验证的best_acc:0.8736
INFO:__main__:----------------------------------------------------------------------------------------------------
INFO:__main__:
【train】epoch:100/150 loss:0.0570 acc:0.9780
INFO:__main__:
【val】epoch:100/150 loss:0.6092 acc:0.8551
INFO:__main__:
【Val】:  SENS: 0.8423  SPEC: 0.8656  PPV: 0.8370  NPV: 0.8701 F1:0.8396
INFO:__main__:验证的best_acc:0.8736
INFO:__main__:----------------------------------------------------------------------------------------------------
INFO:__main__:
【train】epoch:101/150 loss:0.0539 acc:0.9785
INFO:__main__:
【val】epoch:101/150 loss:0.6184 acc:0.8580
INFO:__main__:
【Val】:  SENS: 0.8644  SPEC: 0.8527  PPV: 0.8278  NPV: 0.8847 F1:0.8457
INFO:__main__:验证的best_acc:0.8736
INFO:__main__:----------------------------------------------------------------------------------------------------
INFO:__main__:
【train】epoch:102/150 loss:0.0568 acc:0.9785
INFO:__main__:
【val】epoch:102/150 loss:0.6108 acc:0.8523
INFO:__main__:
【Val】:  SENS: 0.8297  SPEC: 0.8708  PPV: 0.8403  NPV: 0.8619 F1:0.8349
INFO:__main__:验证的best_acc:0.8736
INFO:__main__:----------------------------------------------------------------------------------------------------
INFO:__main__:
【train】epoch:103/150 loss:0.0499 acc:0.9804
INFO:__main__:
【val】epoch:103/150 loss:0.5740 acc:0.8622
INFO:__main__:
【Val】:  SENS: 0.8770  SPEC: 0.8501  PPV: 0.8274  NPV: 0.8940 F1:0.8515
INFO:__main__:验证的best_acc:0.8736
INFO:__main__:----------------------------------------------------------------------------------------------------
INFO:__main__:
【train】epoch:104/150 loss:0.0525 acc:0.9791
INFO:__main__:
【val】epoch:104/150 loss:0.5920 acc:0.8594
INFO:__main__:
【Val】:  SENS: 0.8549  SPEC: 0.8630  PPV: 0.8364  NPV: 0.8789 F1:0.8456
INFO:__main__:验证的best_acc:0.8736
INFO:__main__:----------------------------------------------------------------------------------------------------
INFO:__main__:
【train】epoch:105/150 loss:0.0543 acc:0.9806
INFO:__main__:
【val】epoch:105/150 loss:0.6277 acc:0.8608
INFO:__main__:
【Val】:  SENS: 0.8864  SPEC: 0.8398  PPV: 0.8192  NPV: 0.9003 F1:0.8515
INFO:__main__:验证的best_acc:0.8736
INFO:__main__:----------------------------------------------------------------------------------------------------
INFO:__main__:
【train】epoch:106/150 loss:0.0520 acc:0.9799
INFO:__main__:
【val】epoch:106/150 loss:0.5909 acc:0.8580
INFO:__main__:
【Val】:  SENS: 0.8644  SPEC: 0.8527  PPV: 0.8278  NPV: 0.8847 F1:0.8457
INFO:__main__:验证的best_acc:0.8736
INFO:__main__:----------------------------------------------------------------------------------------------------
INFO:__main__:
【train】epoch:107/150 loss:0.0510 acc:0.9803
INFO:__main__:
【val】epoch:107/150 loss:0.6215 acc:0.8651
INFO:__main__:
【Val】:  SENS: 0.8896  SPEC: 0.8450  PPV: 0.8246  NPV: 0.9033 F1:0.8558
INFO:__main__:验证的best_acc:0.8736
INFO:__main__:----------------------------------------------------------------------------------------------------
INFO:__main__:
【train】epoch:108/150 loss:0.0500 acc:0.9815
INFO:__main__:
【val】epoch:108/150 loss:0.6451 acc:0.8580
INFO:__main__:
【Val】:  SENS: 0.8738  SPEC: 0.8450  PPV: 0.8220  NPV: 0.8910 F1:0.8471
INFO:__main__:验证的best_acc:0.8736
INFO:__main__:----------------------------------------------------------------------------------------------------
INFO:__main__:
【train】epoch:109/150 loss:0.0460 acc:0.9813
INFO:__main__:
【val】epoch:109/150 loss:0.6579 acc:0.8580
INFO:__main__:
【Val】:  SENS: 0.8423  SPEC: 0.8708  PPV: 0.8423  NPV: 0.8708 F1:0.8423
INFO:__main__:验证的best_acc:0.8736
INFO:__main__:----------------------------------------------------------------------------------------------------
INFO:__main__:
【train】epoch:110/150 loss:0.0470 acc:0.9813
INFO:__main__:
【val】epoch:110/150 loss:0.5968 acc:0.8594
INFO:__main__:
【Val】:  SENS: 0.8454  SPEC: 0.8708  PPV: 0.8428  NPV: 0.8731 F1:0.8441
INFO:__main__:验证的best_acc:0.8736
INFO:__main__:----------------------------------------------------------------------------------------------------
INFO:__main__:
【train】epoch:111/150 loss:0.0403 acc:0.9846
INFO:__main__:
【val】epoch:111/150 loss:0.6199 acc:0.8636
INFO:__main__:
【Val】:  SENS: 0.8612  SPEC: 0.8656  PPV: 0.8400  NPV: 0.8839 F1:0.8505
INFO:__main__:验证的best_acc:0.8736
INFO:__main__:----------------------------------------------------------------------------------------------------
INFO:__main__:
【train】epoch:112/150 loss:0.0459 acc:0.9831
INFO:__main__:
【val】epoch:112/150 loss:0.6145 acc:0.8551
INFO:__main__:
【Val】:  SENS: 0.8549  SPEC: 0.8553  PPV: 0.8287  NPV: 0.8780 F1:0.8416
INFO:__main__:验证的best_acc:0.8736
INFO:__main__:----------------------------------------------------------------------------------------------------
INFO:__main__:
【train】epoch:113/150 loss:0.0429 acc:0.9825
INFO:__main__:
【val】epoch:113/150 loss:0.7107 acc:0.8665
INFO:__main__:
【Val】:  SENS: 0.8707  SPEC: 0.8630  PPV: 0.8389  NPV: 0.8907 F1:0.8545
INFO:__main__:验证的best_acc:0.8736
INFO:__main__:----------------------------------------------------------------------------------------------------
INFO:__main__:
【train】epoch:114/150 loss:0.0456 acc:0.9822
INFO:__main__:
【val】epoch:114/150 loss:0.6346 acc:0.8551
INFO:__main__:
【Val】:  SENS: 0.8612  SPEC: 0.8501  PPV: 0.8248  NPV: 0.8820 F1:0.8426
INFO:__main__:验证的best_acc:0.8736
INFO:__main__:----------------------------------------------------------------------------------------------------
INFO:__main__:
【train】epoch:115/150 loss:0.0501 acc:0.9804
INFO:__main__:
【val】epoch:115/150 loss:0.6153 acc:0.8537
INFO:__main__:
【Val】:  SENS: 0.8391  SPEC: 0.8656  PPV: 0.8365  NPV: 0.8679 F1:0.8378
INFO:__main__:验证的best_acc:0.8736
INFO:__main__:----------------------------------------------------------------------------------------------------
INFO:__main__:
【train】epoch:116/150 loss:0.0401 acc:0.9846
INFO:__main__:
【val】epoch:116/150 loss:0.6770 acc:0.8651
INFO:__main__:
【Val】:  SENS: 0.8517  SPEC: 0.8760  PPV: 0.8491  NPV: 0.8782 F1:0.8504
INFO:__main__:验证的best_acc:0.8736
INFO:__main__:----------------------------------------------------------------------------------------------------
INFO:__main__:
【train】epoch:117/150 loss:0.0418 acc:0.9836
INFO:__main__:
【val】epoch:117/150 loss:0.6712 acc:0.8580
INFO:__main__:
【Val】:  SENS: 0.8770  SPEC: 0.8424  PPV: 0.8201  NPV: 0.8932 F1:0.8476
INFO:__main__:验证的best_acc:0.8736
INFO:__main__:----------------------------------------------------------------------------------------------------
INFO:__main__:
【train】epoch:118/150 loss:0.0428 acc:0.9829
INFO:__main__:
【val】epoch:118/150 loss:0.6825 acc:0.8565
INFO:__main__:
【Val】:  SENS: 0.8675  SPEC: 0.8475  PPV: 0.8234  NPV: 0.8865 F1:0.8449
INFO:__main__:验证的best_acc:0.8736
INFO:__main__:----------------------------------------------------------------------------------------------------
INFO:__main__:
【train】epoch:119/150 loss:0.0411 acc:0.9846
INFO:__main__:
【val】epoch:119/150 loss:0.6792 acc:0.8565
INFO:__main__:
【Val】:  SENS: 0.8675  SPEC: 0.8475  PPV: 0.8234  NPV: 0.8865 F1:0.8449
INFO:__main__:验证的best_acc:0.8736
INFO:__main__:----------------------------------------------------------------------------------------------------
INFO:__main__:
【train】epoch:120/150 loss:0.0374 acc:0.9859
INFO:__main__:
【val】epoch:120/150 loss:0.6587 acc:0.8636
INFO:__main__:
【Val】:  SENS: 0.8423  SPEC: 0.8811  PPV: 0.8530  NPV: 0.8721 F1:0.8476
INFO:__main__:验证的best_acc:0.8736
INFO:__main__:----------------------------------------------------------------------------------------------------
INFO:__main__:
【train】epoch:121/150 loss:0.0431 acc:0.9836
INFO:__main__:
【val】epoch:121/150 loss:0.6363 acc:0.8608
INFO:__main__:
【Val】:  SENS: 0.8927  SPEC: 0.8346  PPV: 0.8156  NPV: 0.9048 F1:0.8524
INFO:__main__:验证的best_acc:0.8736
INFO:__main__:----------------------------------------------------------------------------------------------------
INFO:__main__:
【train】epoch:122/150 loss:0.0417 acc:0.9839
INFO:__main__:
【val】epoch:122/150 loss:0.6233 acc:0.8594
INFO:__main__:
【Val】:  SENS: 0.8770  SPEC: 0.8450  PPV: 0.8225  NPV: 0.8934 F1:0.8489
INFO:__main__:验证的best_acc:0.8736
INFO:__main__:----------------------------------------------------------------------------------------------------
INFO:__main__:
【train】epoch:123/150 loss:0.0351 acc:0.9871
INFO:__main__:
【val】epoch:123/150 loss:0.6824 acc:0.8452
INFO:__main__:
【Val】:  SENS: 0.8233  SPEC: 0.8630  PPV: 0.8312  NPV: 0.8564 F1:0.8273
INFO:__main__:验证的best_acc:0.8736
INFO:__main__:----------------------------------------------------------------------------------------------------
INFO:__main__:
【train】epoch:124/150 loss:0.0380 acc:0.9867
INFO:__main__:
【val】epoch:124/150 loss:0.6841 acc:0.8580
INFO:__main__:
【Val】:  SENS: 0.8549  SPEC: 0.8605  PPV: 0.8338  NPV: 0.8786 F1:0.8442
INFO:__main__:验证的best_acc:0.8736
INFO:__main__:----------------------------------------------------------------------------------------------------
INFO:__main__:
【train】epoch:125/150 loss:0.0283 acc:0.9897
INFO:__main__:
【val】epoch:125/150 loss:0.7056 acc:0.8565
INFO:__main__:
【Val】:  SENS: 0.8738  SPEC: 0.8424  PPV: 0.8195  NPV: 0.8907 F1:0.8458
INFO:__main__:验证的best_acc:0.8736
INFO:__main__:----------------------------------------------------------------------------------------------------
INFO:__main__:
【train】epoch:126/150 loss:0.0325 acc:0.9880
INFO:__main__:
【val】epoch:126/150 loss:0.6985 acc:0.8636
INFO:__main__:
【Val】:  SENS: 0.8707  SPEC: 0.8579  PPV: 0.8338  NPV: 0.8901 F1:0.8519
INFO:__main__:验证的best_acc:0.8736
INFO:__main__:----------------------------------------------------------------------------------------------------
INFO:__main__:
【train】epoch:127/150 loss:0.0290 acc:0.9892
INFO:__main__:
【val】epoch:127/150 loss:0.7140 acc:0.8622
INFO:__main__:
【Val】:  SENS: 0.8644  SPEC: 0.8605  PPV: 0.8354  NPV: 0.8856 F1:0.8496
INFO:__main__:验证的best_acc:0.8736
INFO:__main__:----------------------------------------------------------------------------------------------------
INFO:__main__:
【train】epoch:128/150 loss:0.0357 acc:0.9866
INFO:__main__:
【val】epoch:128/150 loss:0.7012 acc:0.8565
INFO:__main__:
【Val】:  SENS: 0.8297  SPEC: 0.8786  PPV: 0.8484  NPV: 0.8629 F1:0.8389
INFO:__main__:验证的best_acc:0.8736
INFO:__main__:----------------------------------------------------------------------------------------------------
INFO:__main__:
【train】epoch:129/150 loss:0.0311 acc:0.9881
INFO:__main__:
【val】epoch:129/150 loss:0.6409 acc:0.8580
INFO:__main__:
【Val】:  SENS: 0.8644  SPEC: 0.8527  PPV: 0.8278  NPV: 0.8847 F1:0.8457
INFO:__main__:验证的best_acc:0.8736
INFO:__main__:----------------------------------------------------------------------------------------------------
INFO:__main__:
【train】epoch:130/150 loss:0.0373 acc:0.9848
INFO:__main__:
【val】epoch:130/150 loss:0.6762 acc:0.8580
INFO:__main__:
【Val】:  SENS: 0.8486  SPEC: 0.8656  PPV: 0.8380  NPV: 0.8747 F1:0.8433
INFO:__main__:验证的best_acc:0.8736
INFO:__main__:----------------------------------------------------------------------------------------------------
INFO:__main__:
【train】epoch:131/150 loss:0.0297 acc:0.9874
INFO:__main__:
【val】epoch:131/150 loss:0.6806 acc:0.8651
INFO:__main__:
【Val】:  SENS: 0.8612  SPEC: 0.8682  PPV: 0.8426  NPV: 0.8842 F1:0.8518
INFO:__main__:验证的best_acc:0.8736
INFO:__main__:----------------------------------------------------------------------------------------------------
INFO:__main__:
【train】epoch:132/150 loss:0.0275 acc:0.9895
INFO:__main__:
【val】epoch:132/150 loss:0.6871 acc:0.8651
INFO:__main__:
【Val】:  SENS: 0.8549  SPEC: 0.8734  PPV: 0.8469  NPV: 0.8802 F1:0.8509
INFO:__main__:验证的best_acc:0.8736
INFO:__main__:----------------------------------------------------------------------------------------------------
INFO:__main__:
【train】epoch:133/150 loss:0.0270 acc:0.9895
INFO:__main__:
【val】epoch:133/150 loss:0.6940 acc:0.8565
INFO:__main__:
【Val】:  SENS: 0.8391  SPEC: 0.8708  PPV: 0.8418  NPV: 0.8686 F1:0.8404
INFO:__main__:验证的best_acc:0.8736
INFO:__main__:----------------------------------------------------------------------------------------------------
INFO:__main__:
【train】epoch:134/150 loss:0.0280 acc:0.9883
INFO:__main__:
【val】epoch:134/150 loss:0.6941 acc:0.8636
INFO:__main__:
【Val】:  SENS: 0.8549  SPEC: 0.8708  PPV: 0.8442  NPV: 0.8799 F1:0.8495
INFO:__main__:验证的best_acc:0.8736
INFO:__main__:----------------------------------------------------------------------------------------------------
INFO:__main__:
【train】epoch:135/150 loss:0.0354 acc:0.9874
INFO:__main__:
【val】epoch:135/150 loss:0.6894 acc:0.8651
INFO:__main__:
【Val】:  SENS: 0.8927  SPEC: 0.8424  PPV: 0.8227  NPV: 0.9056 F1:0.8563
INFO:__main__:验证的best_acc:0.8736
INFO:__main__:----------------------------------------------------------------------------------------------------
INFO:__main__:
【train】epoch:136/150 loss:0.0307 acc:0.9892
INFO:__main__:
【val】epoch:136/150 loss:0.7302 acc:0.8551
INFO:__main__:
【Val】:  SENS: 0.8801  SPEC: 0.8346  PPV: 0.8134  NPV: 0.8947 F1:0.8455
INFO:__main__:验证的best_acc:0.8736
INFO:__main__:----------------------------------------------------------------------------------------------------
INFO:__main__:
【train】epoch:137/150 loss:0.0308 acc:0.9888
INFO:__main__:
【val】epoch:137/150 loss:0.7153 acc:0.8594
INFO:__main__:
【Val】:  SENS: 0.8707  SPEC: 0.8501  PPV: 0.8263  NPV: 0.8892 F1:0.8479
INFO:__main__:验证的best_acc:0.8736
INFO:__main__:----------------------------------------------------------------------------------------------------
INFO:__main__:
【train】epoch:138/150 loss:0.0346 acc:0.9885
INFO:__main__:
【val】epoch:138/150 loss:0.6826 acc:0.8594
INFO:__main__:
【Val】:  SENS: 0.8580  SPEC: 0.8605  PPV: 0.8344  NPV: 0.8810 F1:0.8460
INFO:__main__:验证的best_acc:0.8736
INFO:__main__:----------------------------------------------------------------------------------------------------
INFO:__main__:
【train】epoch:139/150 loss:0.0280 acc:0.9904
INFO:__main__:
【val】epoch:139/150 loss:0.6822 acc:0.8494
INFO:__main__:
【Val】:  SENS: 0.8391  SPEC: 0.8579  PPV: 0.8287  NPV: 0.8668 F1:0.8339
INFO:__main__:验证的best_acc:0.8736
INFO:__main__:----------------------------------------------------------------------------------------------------
INFO:__main__:
【train】epoch:140/150 loss:0.0256 acc:0.9887
INFO:__main__:
【val】epoch:140/150 loss:0.7468 acc:0.8452
INFO:__main__:
【Val】:  SENS: 0.8423  SPEC: 0.8475  PPV: 0.8190  NPV: 0.8677 F1:0.8305
INFO:__main__:验证的best_acc:0.8736
INFO:__main__:----------------------------------------------------------------------------------------------------
INFO:__main__:
【train】epoch:141/150 loss:0.0289 acc:0.9899
INFO:__main__:
【val】epoch:141/150 loss:0.7163 acc:0.8523
INFO:__main__:
【Val】:  SENS: 0.8517  SPEC: 0.8527  PPV: 0.8257  NPV: 0.8753 F1:0.8385
INFO:__main__:验证的best_acc:0.8736
INFO:__main__:----------------------------------------------------------------------------------------------------
INFO:__main__:
【train】epoch:142/150 loss:0.0207 acc:0.9918
INFO:__main__:
【val】epoch:142/150 loss:0.7110 acc:0.8608
INFO:__main__:
【Val】:  SENS: 0.8770  SPEC: 0.8475  PPV: 0.8249  NPV: 0.8937 F1:0.8502
INFO:__main__:验证的best_acc:0.8736
INFO:__main__:----------------------------------------------------------------------------------------------------
INFO:__main__:
【train】epoch:143/150 loss:0.0233 acc:0.9920
INFO:__main__:
【val】epoch:143/150 loss:0.7448 acc:0.8622
INFO:__main__:
【Val】:  SENS: 0.8770  SPEC: 0.8501  PPV: 0.8274  NPV: 0.8940 F1:0.8515
INFO:__main__:验证的best_acc:0.8736
INFO:__main__:----------------------------------------------------------------------------------------------------
INFO:__main__:
【train】epoch:144/150 loss:0.0278 acc:0.9906
INFO:__main__:
【val】epoch:144/150 loss:0.7215 acc:0.8480
INFO:__main__:
【Val】:  SENS: 0.8454  SPEC: 0.8501  PPV: 0.8221  NPV: 0.8704 F1:0.8336
INFO:__main__:验证的best_acc:0.8736
INFO:__main__:----------------------------------------------------------------------------------------------------
INFO:__main__:
【train】epoch:145/150 loss:0.0255 acc:0.9902
INFO:__main__:
【val】epoch:145/150 loss:0.7024 acc:0.8580
INFO:__main__:
【Val】:  SENS: 0.8517  SPEC: 0.8630  PPV: 0.8359  NPV: 0.8766 F1:0.8437
INFO:__main__:验证的best_acc:0.8736
INFO:__main__:----------------------------------------------------------------------------------------------------
INFO:__main__:
【train】epoch:146/150 loss:0.0250 acc:0.9897
INFO:__main__:
【val】epoch:146/150 loss:0.7320 acc:0.8537
INFO:__main__:
【Val】:  SENS: 0.8644  SPEC: 0.8450  PPV: 0.8204  NPV: 0.8838 F1:0.8418
INFO:__main__:验证的best_acc:0.8736
INFO:__main__:----------------------------------------------------------------------------------------------------
INFO:__main__:
【train】epoch:147/150 loss:0.0252 acc:0.9906
INFO:__main__:
【val】epoch:147/150 loss:0.7640 acc:0.8622
INFO:__main__:
【Val】:  SENS: 0.8580  SPEC: 0.8656  PPV: 0.8395  NPV: 0.8816 F1:0.8487
INFO:__main__:验证的best_acc:0.8736
INFO:__main__:----------------------------------------------------------------------------------------------------
INFO:__main__:
【train】epoch:148/150 loss:0.0210 acc:0.9921
INFO:__main__:
【val】epoch:148/150 loss:0.7691 acc:0.8608
INFO:__main__:
【Val】:  SENS: 0.8707  SPEC: 0.8527  PPV: 0.8288  NPV: 0.8895 F1:0.8492
INFO:__main__:验证的best_acc:0.8736
INFO:__main__:----------------------------------------------------------------------------------------------------
INFO:__main__:
【train】epoch:149/150 loss:0.0217 acc:0.9911
INFO:__main__:
【val】epoch:149/150 loss:0.7481 acc:0.8594
INFO:__main__:
【Val】:  SENS: 0.8549  SPEC: 0.8630  PPV: 0.8364  NPV: 0.8789 F1:0.8456
INFO:__main__:验证的best_acc:0.8736
INFO:__main__:----------------------------------------------------------------------------------------------------
INFO:__main__:****************************************************************************************************
INFO:__main__:Val_LOSS:['0.7312', '0.4770', '0.4172', '0.4057', '0.4290', '0.3841', '0.3787', '0.3614', '0.3755', '0.4072', '0.3665', '0.3539', '0.3868', '0.3694', '0.3510', '0.3731', '0.3819', '0.3819', '0.4019', '0.3575', '0.3527', '0.3923', '0.4032', '0.3888', '0.4050', '0.3750', '0.4001', '0.3507', '0.4010', '0.3908', '0.4210', '0.4199', '0.4242', '0.3872', '0.4096', '0.3723', '0.4541', '0.4291', '0.3898', '0.4256', '0.4116', '0.4700', '0.4757', '0.4153', '0.3869', '0.4034', '0.4541', '0.4155', '0.4523', '0.4443', '0.4443', '0.4519', '0.4293', '0.4363', '0.4604', '0.4849', '0.5034', '0.4298', '0.4486', '0.5220', '0.4210', '0.5083', '0.4896', '0.4595', '0.6101', '0.4776', '0.4840', '0.5163', '0.4786', '0.4315', '0.4832', '0.4919', '0.4876', '0.5791', '0.5102', '0.5476', '0.5186', '0.6009', '0.5359', '0.5679', '0.5509', '0.5096', '0.5236', '0.5044', '0.5744', '0.5993', '0.5355', '0.5696', '0.5455', '0.6322', '0.5587', '0.5560', '0.5699', '0.5586', '0.6016', '0.5958', '0.6344', '0.6084', '0.6004', '0.5798', '0.6092', '0.6184', '0.6108', '0.5740', '0.5920', '0.6277', '0.5909', '0.6215', '0.6451', '0.6579', '0.5968', '0.6199', '0.6145', '0.7107', '0.6346', '0.6153', '0.6770', '0.6712', '0.6825', '0.6792', '0.6587', '0.6363', '0.6233', '0.6824', '0.6841', '0.7056', '0.6985', '0.7140', '0.7012', '0.6409', '0.6762', '0.6806', '0.6871', '0.6940', '0.6941', '0.6894', '0.7302', '0.7153', '0.6826', '0.6822', '0.7468', '0.7163', '0.7110', '0.7448', '0.7215', '0.7024', '0.7320', '0.7640', '0.7691', '0.7481']
INFO:__main__:Val_ACC:['0.6662', '0.7614', '0.8026', '0.8125', '0.7926', '0.8267', '0.8267', '0.8480', '0.8239', '0.8097', '0.8523', '0.8452', '0.8310', '0.8409', '0.8310', '0.8352', '0.8352', '0.8352', '0.8224', '0.8466', '0.8366', '0.8395', '0.8253', '0.8366', '0.8239', '0.8324', '0.8537', '0.8651', '0.8423', '0.8253', '0.8139', '0.8324', '0.8125', '0.8494', '0.8395', '0.8494', '0.8423', '0.8537', '0.8537', '0.8594', '0.8565', '0.8423', '0.8395', '0.8665', '0.8395', '0.8580', '0.8537', '0.8565', '0.8565', '0.8580', '0.8395', '0.8594', '0.8608', '0.8608', '0.8551', '0.8551', '0.8423', '0.8523', '0.8509', '0.8494', '0.8594', '0.8466', '0.8551', '0.8651', '0.8423', '0.8466', '0.8537', '0.8565', '0.8636', '0.8707', '0.8608', '0.8551', '0.8665', '0.8580', '0.8509', '0.8651', '0.8636', '0.8580', '0.8651', '0.8551', '0.8551', '0.8736', '0.8679', '0.8608', '0.8580', '0.8480', '0.8722', '0.8651', '0.8707', '0.8438', '0.8580', '0.8636', '0.8651', '0.8608', '0.8665', '0.8608', '0.8636', '0.8551', '0.8480', '0.8622', '0.8551', '0.8580', '0.8523', '0.8622', '0.8594', '0.8608', '0.8580', '0.8651', '0.8580', '0.8580', '0.8594', '0.8636', '0.8551', '0.8665', '0.8551', '0.8537', '0.8651', '0.8580', '0.8565', '0.8565', '0.8636', '0.8608', '0.8594', '0.8452', '0.8580', '0.8565', '0.8636', '0.8622', '0.8565', '0.8580', '0.8580', '0.8651', '0.8651', '0.8565', '0.8636', '0.8651', '0.8551', '0.8594', '0.8594', '0.8494', '0.8452', '0.8523', '0.8608', '0.8622', '0.8480', '0.8580', '0.8537', '0.8622', '0.8608', '0.8594']
INFO:__main__:****************************************************************************************************
INFO:__main__: epoch0 测试test_Loss: 0.5168  test_ACC: 0.8735  
INFO:__main__:SENS: 0.8610 SPEC: 0.8838 PPV: 0.8610 NPV: 0.8838 F1:0.8610
INFO:__main__:test_Best_acc:0.8735
INFO:__main__:flops:2296042912.0  params:14051829.0
