INFO:__main__:
【train】epoch:0/120 loss:0.5962 acc:0.6720
INFO:__main__:
【val】epoch:0/120 loss:0.5567 acc:0.6763
INFO:__main__:
【Val】:  SENS: 0.7600  SPEC: 0.6287  PPV: 0.5381  NPV: 0.8215 F1:0.6301
INFO:__main__:验证的best_acc:0.6763
INFO:__main__:----------------------------------------------------------------------------------------------------
INFO:__main__:
【train】epoch:1/120 loss:0.5399 acc:0.7115
INFO:__main__:
【val】epoch:1/120 loss:0.5730 acc:0.7154
INFO:__main__:
【Val】:  SENS: 0.5877  SPEC: 0.7881  PPV: 0.6122  NPV: 0.7705 F1:0.5997
INFO:__main__:验证的best_acc:0.7154
INFO:__main__:----------------------------------------------------------------------------------------------------
INFO:__main__:
【train】epoch:2/120 loss:0.4997 acc:0.7470
INFO:__main__:
【val】epoch:2/120 loss:0.4149 acc:0.7812
INFO:__main__:
【Val】:  SENS: 0.5569  SPEC: 0.9089  PPV: 0.7768  NPV: 0.7828 F1:0.6487
INFO:__main__:验证的best_acc:0.7812
INFO:__main__:----------------------------------------------------------------------------------------------------
INFO:__main__:
【train】epoch:3/120 loss:0.4528 acc:0.7736
INFO:__main__:
【val】epoch:3/120 loss:0.4693 acc:0.7511
INFO:__main__:
【Val】:  SENS: 0.4400  SPEC: 0.9282  PPV: 0.7772  NPV: 0.7444 F1:0.5619
INFO:__main__:验证的best_acc:0.7812
INFO:__main__:----------------------------------------------------------------------------------------------------
INFO:__main__:
【train】epoch:4/120 loss:0.4255 acc:0.7980
INFO:__main__:
【val】epoch:4/120 loss:0.3834 acc:0.8036
INFO:__main__:
【Val】:  SENS: 0.7723  SPEC: 0.8214  PPV: 0.7110  NPV: 0.8637 F1:0.7404
INFO:__main__:验证的best_acc:0.8036
INFO:__main__:----------------------------------------------------------------------------------------------------
INFO:__main__:
【train】epoch:5/120 loss:0.4069 acc:0.8033
INFO:__main__:
【val】epoch:5/120 loss:0.3910 acc:0.8225
INFO:__main__:
【Val】:  SENS: 0.8185  SPEC: 0.8249  PPV: 0.7268  NPV: 0.8887 F1:0.7699
INFO:__main__:验证的best_acc:0.8225
INFO:__main__:----------------------------------------------------------------------------------------------------
INFO:__main__:
【train】epoch:6/120 loss:0.3794 acc:0.8245
INFO:__main__:
【val】epoch:6/120 loss:0.4771 acc:0.7690
INFO:__main__:
【Val】:  SENS: 0.4062  SPEC: 0.9755  PPV: 0.9041  NPV: 0.7427 F1:0.5605
INFO:__main__:验证的best_acc:0.8225
INFO:__main__:----------------------------------------------------------------------------------------------------
INFO:__main__:
【train】epoch:7/120 loss:0.3670 acc:0.8293
INFO:__main__:
【val】epoch:7/120 loss:0.3781 acc:0.7946
INFO:__main__:
【Val】:  SENS: 0.5354  SPEC: 0.9422  PPV: 0.8406  NPV: 0.7808 F1:0.6541
INFO:__main__:验证的best_acc:0.8225
INFO:__main__:----------------------------------------------------------------------------------------------------
INFO:__main__:
【train】epoch:8/120 loss:0.3606 acc:0.8359
INFO:__main__:
【val】epoch:8/120 loss:0.3134 acc:0.8571
INFO:__main__:
【Val】:  SENS: 0.7200  SPEC: 0.9352  PPV: 0.8635  NPV: 0.8544 F1:0.7852
INFO:__main__:验证的best_acc:0.8571
INFO:__main__:----------------------------------------------------------------------------------------------------
INFO:__main__:
【train】epoch:9/120 loss:0.3342 acc:0.8471
INFO:__main__:
【val】epoch:9/120 loss:0.3456 acc:0.8460
INFO:__main__:
【Val】:  SENS: 0.6585  SPEC: 0.9527  PPV: 0.8880  NPV: 0.8305 F1:0.7562
INFO:__main__:验证的best_acc:0.8571
INFO:__main__:----------------------------------------------------------------------------------------------------
INFO:__main__:
【train】epoch:10/120 loss:0.3247 acc:0.8529
INFO:__main__:
【val】epoch:10/120 loss:0.3592 acc:0.8404
INFO:__main__:
【Val】:  SENS: 0.6523  SPEC: 0.9475  PPV: 0.8760  NPV: 0.8272 F1:0.7478
INFO:__main__:验证的best_acc:0.8571
INFO:__main__:----------------------------------------------------------------------------------------------------
INFO:__main__:
【train】epoch:11/120 loss:0.3178 acc:0.8583
INFO:__main__:
【val】epoch:11/120 loss:0.3915 acc:0.8304
INFO:__main__:
【Val】:  SENS: 0.5908  SPEC: 0.9667  PPV: 0.9100  NPV: 0.8058 F1:0.7164
INFO:__main__:验证的best_acc:0.8571
INFO:__main__:----------------------------------------------------------------------------------------------------
INFO:__main__:
【train】epoch:12/120 loss:0.3105 acc:0.8601
INFO:__main__:
【val】epoch:12/120 loss:0.3361 acc:0.8415
INFO:__main__:
【Val】:  SENS: 0.6492  SPEC: 0.9510  PPV: 0.8828  NPV: 0.8265 F1:0.7482
INFO:__main__:验证的best_acc:0.8571
INFO:__main__:----------------------------------------------------------------------------------------------------
INFO:__main__:
【train】epoch:13/120 loss:0.3116 acc:0.8617
INFO:__main__:
【val】epoch:13/120 loss:0.5411 acc:0.7857
INFO:__main__:
【Val】:  SENS: 0.4369  SPEC: 0.9842  PPV: 0.9404  NPV: 0.7544 F1:0.5966
INFO:__main__:验证的best_acc:0.8571
INFO:__main__:----------------------------------------------------------------------------------------------------
INFO:__main__:
【train】epoch:14/120 loss:0.3050 acc:0.8626
INFO:__main__:
【val】epoch:14/120 loss:0.4541 acc:0.7946
INFO:__main__:
【Val】:  SENS: 0.4769  SPEC: 0.9755  PPV: 0.9172  NPV: 0.7662 F1:0.6275
INFO:__main__:验证的best_acc:0.8571
INFO:__main__:----------------------------------------------------------------------------------------------------
INFO:__main__:
【train】epoch:15/120 loss:0.2949 acc:0.8673
INFO:__main__:
【val】epoch:15/120 loss:0.3710 acc:0.8371
INFO:__main__:
【Val】:  SENS: 0.6338  SPEC: 0.9527  PPV: 0.8841  NPV: 0.8205 F1:0.7384
INFO:__main__:验证的best_acc:0.8571
INFO:__main__:----------------------------------------------------------------------------------------------------
INFO:__main__:
【train】epoch:16/120 loss:0.2917 acc:0.8739
INFO:__main__:
【val】epoch:16/120 loss:0.3911 acc:0.8326
INFO:__main__:
【Val】:  SENS: 0.6185  SPEC: 0.9545  PPV: 0.8855  NPV: 0.8146 F1:0.7283
INFO:__main__:验证的best_acc:0.8571
INFO:__main__:----------------------------------------------------------------------------------------------------
INFO:__main__:
【train】epoch:17/120 loss:0.2849 acc:0.8751
INFO:__main__:
【val】epoch:17/120 loss:0.3326 acc:0.8426
INFO:__main__:
【Val】:  SENS: 0.7323  SPEC: 0.9054  PPV: 0.8151  NPV: 0.8560 F1:0.7715
INFO:__main__:验证的best_acc:0.8571
INFO:__main__:----------------------------------------------------------------------------------------------------
INFO:__main__:
【train】epoch:18/120 loss:0.2852 acc:0.8730
INFO:__main__:
【val】epoch:18/120 loss:0.3852 acc:0.8158
INFO:__main__:
【Val】:  SENS: 0.6123  SPEC: 0.9317  PPV: 0.8361  NPV: 0.8085 F1:0.7069
INFO:__main__:验证的best_acc:0.8571
INFO:__main__:----------------------------------------------------------------------------------------------------
INFO:__main__:
【train】epoch:19/120 loss:0.2611 acc:0.8856
INFO:__main__:
【val】epoch:19/120 loss:0.3182 acc:0.8795
INFO:__main__:
【Val】:  SENS: 0.8092  SPEC: 0.9194  PPV: 0.8511  NPV: 0.8944 F1:0.8297
INFO:__main__:验证的best_acc:0.8795
INFO:__main__:----------------------------------------------------------------------------------------------------
INFO:__main__:
【train】epoch:20/120 loss:0.2578 acc:0.8865
INFO:__main__:
【val】epoch:20/120 loss:0.2972 acc:0.8616
INFO:__main__:
【Val】:  SENS: 0.8277  SPEC: 0.8809  PPV: 0.7982  NPV: 0.8998 F1:0.8127
INFO:__main__:验证的best_acc:0.8795
INFO:__main__:----------------------------------------------------------------------------------------------------
INFO:__main__:
【train】epoch:21/120 loss:0.2535 acc:0.8890
INFO:__main__:
【val】epoch:21/120 loss:0.3126 acc:0.8594
INFO:__main__:
【Val】:  SENS: 0.8062  SPEC: 0.8897  PPV: 0.8062  NPV: 0.8897 F1:0.8062
INFO:__main__:验证的best_acc:0.8795
INFO:__main__:----------------------------------------------------------------------------------------------------
INFO:__main__:
【train】epoch:22/120 loss:0.2466 acc:0.8914
INFO:__main__:
【val】epoch:22/120 loss:0.3619 acc:0.8348
INFO:__main__:
【Val】:  SENS: 0.8308  SPEC: 0.8371  PPV: 0.7438  NPV: 0.8968 F1:0.7849
INFO:__main__:验证的best_acc:0.8795
INFO:__main__:----------------------------------------------------------------------------------------------------
INFO:__main__:
【train】epoch:23/120 loss:0.2381 acc:0.8942
INFO:__main__:
【val】epoch:23/120 loss:0.3066 acc:0.8717
INFO:__main__:
【Val】:  SENS: 0.7662  SPEC: 0.9317  PPV: 0.8646  NPV: 0.8750 F1:0.8124
INFO:__main__:验证的best_acc:0.8795
INFO:__main__:----------------------------------------------------------------------------------------------------
INFO:__main__:
【train】epoch:24/120 loss:0.2431 acc:0.8977
INFO:__main__:
【val】epoch:24/120 loss:0.3205 acc:0.8650
INFO:__main__:
【Val】:  SENS: 0.8738  SPEC: 0.8599  PPV: 0.7802  NPV: 0.9229 F1:0.8244
INFO:__main__:验证的best_acc:0.8795
INFO:__main__:----------------------------------------------------------------------------------------------------
INFO:__main__:
【train】epoch:25/120 loss:0.2317 acc:0.9027
INFO:__main__:
【val】epoch:25/120 loss:0.3425 acc:0.8638
INFO:__main__:
【Val】:  SENS: 0.8523  SPEC: 0.8704  PPV: 0.7892  NPV: 0.9119 F1:0.8195
INFO:__main__:验证的best_acc:0.8795
INFO:__main__:----------------------------------------------------------------------------------------------------
INFO:__main__:
【train】epoch:26/120 loss:0.2227 acc:0.9056
INFO:__main__:
【val】epoch:26/120 loss:0.3009 acc:0.8717
INFO:__main__:
【Val】:  SENS: 0.8277  SPEC: 0.8967  PPV: 0.8201  NPV: 0.9014 F1:0.8239
INFO:__main__:验证的best_acc:0.8795
INFO:__main__:----------------------------------------------------------------------------------------------------
INFO:__main__:
【train】epoch:27/120 loss:0.2199 acc:0.9082
INFO:__main__:
【val】epoch:27/120 loss:0.3341 acc:0.8638
INFO:__main__:
【Val】:  SENS: 0.7508  SPEC: 0.9282  PPV: 0.8561  NPV: 0.8674 F1:0.8000
INFO:__main__:验证的best_acc:0.8795
INFO:__main__:----------------------------------------------------------------------------------------------------
INFO:__main__:
【train】epoch:28/120 loss:0.2216 acc:0.9088
INFO:__main__:
【val】epoch:28/120 loss:0.3181 acc:0.8772
INFO:__main__:
【Val】:  SENS: 0.8462  SPEC: 0.8949  PPV: 0.8209  NPV: 0.9109 F1:0.8333
INFO:__main__:验证的best_acc:0.8795
INFO:__main__:----------------------------------------------------------------------------------------------------
INFO:__main__:
【train】epoch:29/120 loss:0.2062 acc:0.9151
INFO:__main__:
【val】epoch:29/120 loss:0.3341 acc:0.8482
INFO:__main__:
【Val】:  SENS: 0.9046  SPEC: 0.8161  PPV: 0.7368  NPV: 0.9376 F1:0.8122
INFO:__main__:验证的best_acc:0.8795
INFO:__main__:----------------------------------------------------------------------------------------------------
INFO:__main__:
【train】epoch:30/120 loss:0.1955 acc:0.9185
INFO:__main__:
【val】epoch:30/120 loss:0.4110 acc:0.8426
INFO:__main__:
【Val】:  SENS: 0.8769  SPEC: 0.8231  PPV: 0.7383  NPV: 0.9216 F1:0.8017
INFO:__main__:验证的best_acc:0.8795
INFO:__main__:----------------------------------------------------------------------------------------------------
INFO:__main__:
【train】epoch:31/120 loss:0.1861 acc:0.9246
INFO:__main__:
【val】epoch:31/120 loss:0.3202 acc:0.8616
INFO:__main__:
【Val】:  SENS: 0.8400  SPEC: 0.8739  PPV: 0.7913  NPV: 0.9056 F1:0.8149
INFO:__main__:验证的best_acc:0.8795
INFO:__main__:----------------------------------------------------------------------------------------------------
INFO:__main__:
【train】epoch:32/120 loss:0.1823 acc:0.9251
INFO:__main__:
【val】epoch:32/120 loss:0.3584 acc:0.8616
INFO:__main__:
【Val】:  SENS: 0.8585  SPEC: 0.8634  PPV: 0.7815  NPV: 0.9147 F1:0.8182
INFO:__main__:验证的best_acc:0.8795
INFO:__main__:----------------------------------------------------------------------------------------------------
INFO:__main__:
【train】epoch:33/120 loss:0.1789 acc:0.9245
INFO:__main__:
【val】epoch:33/120 loss:0.3436 acc:0.8750
INFO:__main__:
【Val】:  SENS: 0.8985  SPEC: 0.8616  PPV: 0.7871  NPV: 0.9371 F1:0.8391
INFO:__main__:验证的best_acc:0.8795
INFO:__main__:----------------------------------------------------------------------------------------------------
INFO:__main__:
【train】epoch:34/120 loss:0.1698 acc:0.9327
INFO:__main__:
【val】epoch:34/120 loss:0.4703 acc:0.8594
INFO:__main__:
【Val】:  SENS: 0.9046  SPEC: 0.8336  PPV: 0.7558  NPV: 0.9389 F1:0.8235
INFO:__main__:验证的best_acc:0.8795
INFO:__main__:----------------------------------------------------------------------------------------------------
INFO:__main__:
【train】epoch:35/120 loss:0.1791 acc:0.9266
INFO:__main__:
【val】epoch:35/120 loss:0.4542 acc:0.8438
INFO:__main__:
【Val】:  SENS: 0.8738  SPEC: 0.8266  PPV: 0.7415  NPV: 0.9201 F1:0.8023
INFO:__main__:验证的best_acc:0.8795
INFO:__main__:----------------------------------------------------------------------------------------------------
INFO:__main__:
【train】epoch:36/120 loss:0.1830 acc:0.9273
INFO:__main__:
【val】epoch:36/120 loss:0.3207 acc:0.8583
INFO:__main__:
【Val】:  SENS: 0.8708  SPEC: 0.8511  PPV: 0.7690  NPV: 0.9205 F1:0.8167
INFO:__main__:验证的best_acc:0.8795
INFO:__main__:----------------------------------------------------------------------------------------------------
INFO:__main__:
【train】epoch:37/120 loss:0.1683 acc:0.9300
INFO:__main__:
【val】epoch:37/120 loss:0.3658 acc:0.8795
INFO:__main__:
【Val】:  SENS: 0.8800  SPEC: 0.8792  PPV: 0.8056  NPV: 0.9279 F1:0.8412
INFO:__main__:验证的best_acc:0.8795
INFO:__main__:----------------------------------------------------------------------------------------------------
INFO:__main__:
【train】epoch:38/120 loss:0.1742 acc:0.9284
INFO:__main__:
【val】epoch:38/120 loss:0.3813 acc:0.8627
INFO:__main__:
【Val】:  SENS: 0.8031  SPEC: 0.8967  PPV: 0.8156  NPV: 0.8889 F1:0.8093
INFO:__main__:验证的best_acc:0.8795
INFO:__main__:----------------------------------------------------------------------------------------------------
INFO:__main__:
【train】epoch:39/120 loss:0.1589 acc:0.9378
INFO:__main__:
【val】epoch:39/120 loss:0.3630 acc:0.8650
INFO:__main__:
【Val】:  SENS: 0.8369  SPEC: 0.8809  PPV: 0.8000  NPV: 0.9047 F1:0.8180
INFO:__main__:验证的best_acc:0.8795
INFO:__main__:----------------------------------------------------------------------------------------------------
INFO:__main__:
【train】epoch:40/120 loss:0.1481 acc:0.9406
INFO:__main__:
【val】epoch:40/120 loss:0.4222 acc:0.8728
INFO:__main__:
【Val】:  SENS: 0.7938  SPEC: 0.9177  PPV: 0.8459  NPV: 0.8866 F1:0.8190
INFO:__main__:验证的best_acc:0.8795
INFO:__main__:----------------------------------------------------------------------------------------------------
INFO:__main__:
【train】epoch:41/120 loss:0.1461 acc:0.9390
INFO:__main__:
【val】epoch:41/120 loss:0.4192 acc:0.8605
INFO:__main__:
【Val】:  SENS: 0.8769  SPEC: 0.8511  PPV: 0.7703  NPV: 0.9240 F1:0.8201
INFO:__main__:验证的best_acc:0.8795
INFO:__main__:----------------------------------------------------------------------------------------------------
INFO:__main__:
【train】epoch:42/120 loss:0.1495 acc:0.9399
INFO:__main__:
【val】epoch:42/120 loss:0.3430 acc:0.8661
INFO:__main__:
【Val】:  SENS: 0.8800  SPEC: 0.8581  PPV: 0.7793  NPV: 0.9263 F1:0.8266
INFO:__main__:验证的best_acc:0.8795
INFO:__main__:----------------------------------------------------------------------------------------------------
INFO:__main__:
【train】epoch:43/120 loss:0.1368 acc:0.9457
INFO:__main__:
【val】epoch:43/120 loss:0.4527 acc:0.8672
INFO:__main__:
【Val】:  SENS: 0.8892  SPEC: 0.8546  PPV: 0.7769  NPV: 0.9313 F1:0.8293
INFO:__main__:验证的best_acc:0.8795
INFO:__main__:----------------------------------------------------------------------------------------------------
INFO:__main__:
【train】epoch:44/120 loss:0.1343 acc:0.9429
INFO:__main__:
【val】epoch:44/120 loss:0.3820 acc:0.8772
INFO:__main__:
【Val】:  SENS: 0.8708  SPEC: 0.8809  PPV: 0.8063  NPV: 0.9229 F1:0.8373
INFO:__main__:验证的best_acc:0.8795
INFO:__main__:----------------------------------------------------------------------------------------------------
INFO:__main__:
【train】epoch:45/120 loss:0.1431 acc:0.9424
INFO:__main__:
【val】epoch:45/120 loss:0.3618 acc:0.8739
INFO:__main__:
【Val】:  SENS: 0.8554  SPEC: 0.8844  PPV: 0.8081  NPV: 0.9149 F1:0.8311
INFO:__main__:验证的best_acc:0.8795
INFO:__main__:----------------------------------------------------------------------------------------------------
INFO:__main__:
【train】epoch:46/120 loss:0.1243 acc:0.9476
INFO:__main__:
【val】epoch:46/120 loss:0.4609 acc:0.8683
INFO:__main__:
【Val】:  SENS: 0.8923  SPEC: 0.8546  PPV: 0.7775  NPV: 0.9331 F1:0.8309
INFO:__main__:验证的best_acc:0.8795
INFO:__main__:----------------------------------------------------------------------------------------------------
INFO:__main__:
【train】epoch:47/120 loss:0.1281 acc:0.9496
INFO:__main__:
【val】epoch:47/120 loss:0.4267 acc:0.8683
INFO:__main__:
【Val】:  SENS: 0.8800  SPEC: 0.8616  PPV: 0.7836  NPV: 0.9266 F1:0.8290
INFO:__main__:验证的best_acc:0.8795
INFO:__main__:----------------------------------------------------------------------------------------------------
INFO:__main__:
【train】epoch:48/120 loss:0.1269 acc:0.9477
INFO:__main__:
【val】epoch:48/120 loss:0.3594 acc:0.8739
INFO:__main__:
【Val】:  SENS: 0.8769  SPEC: 0.8722  PPV: 0.7961  NPV: 0.9257 F1:0.8346
INFO:__main__:验证的best_acc:0.8795
INFO:__main__:----------------------------------------------------------------------------------------------------
INFO:__main__:
【train】epoch:49/120 loss:0.1209 acc:0.9526
INFO:__main__:
【val】epoch:49/120 loss:0.3653 acc:0.8806
INFO:__main__:
【Val】:  SENS: 0.8800  SPEC: 0.8809  PPV: 0.8079  NPV: 0.9280 F1:0.8424
INFO:__main__:验证的best_acc:0.8806
INFO:__main__:----------------------------------------------------------------------------------------------------
INFO:__main__:
【train】epoch:50/120 loss:0.1179 acc:0.9534
INFO:__main__:
【val】epoch:50/120 loss:0.3822 acc:0.8806
INFO:__main__:
【Val】:  SENS: 0.8554  SPEC: 0.8949  PPV: 0.8225  NPV: 0.9158 F1:0.8386
INFO:__main__:验证的best_acc:0.8806
INFO:__main__:----------------------------------------------------------------------------------------------------
INFO:__main__:
【train】epoch:51/120 loss:0.1128 acc:0.9541
INFO:__main__:
【val】epoch:51/120 loss:0.3671 acc:0.8884
INFO:__main__:
【Val】:  SENS: 0.8708  SPEC: 0.8984  PPV: 0.8299  NPV: 0.9243 F1:0.8498
INFO:__main__:验证的best_acc:0.8884
INFO:__main__:----------------------------------------------------------------------------------------------------
INFO:__main__:
【train】epoch:52/120 loss:0.1097 acc:0.9568
INFO:__main__:
【val】epoch:52/120 loss:0.4093 acc:0.8761
INFO:__main__:
【Val】:  SENS: 0.8923  SPEC: 0.8669  PPV: 0.7923  NPV: 0.9340 F1:0.8394
INFO:__main__:验证的best_acc:0.8884
INFO:__main__:----------------------------------------------------------------------------------------------------
INFO:__main__:
【train】epoch:53/120 loss:0.1053 acc:0.9590
INFO:__main__:
【val】epoch:53/120 loss:0.4119 acc:0.8683
INFO:__main__:
【Val】:  SENS: 0.8585  SPEC: 0.8739  PPV: 0.7949  NPV: 0.9156 F1:0.8254
INFO:__main__:验证的best_acc:0.8884
INFO:__main__:----------------------------------------------------------------------------------------------------
INFO:__main__:
【train】epoch:54/120 loss:0.1169 acc:0.9526
INFO:__main__:
【val】epoch:54/120 loss:0.4035 acc:0.8672
INFO:__main__:
【Val】:  SENS: 0.8400  SPEC: 0.8827  PPV: 0.8029  NPV: 0.9065 F1:0.8211
INFO:__main__:验证的best_acc:0.8884
INFO:__main__:----------------------------------------------------------------------------------------------------
INFO:__main__:
【train】epoch:55/120 loss:0.1051 acc:0.9592
INFO:__main__:
【val】epoch:55/120 loss:0.4343 acc:0.8783
INFO:__main__:
【Val】:  SENS: 0.8523  SPEC: 0.8932  PPV: 0.8195  NPV: 0.9140 F1:0.8356
INFO:__main__:验证的best_acc:0.8884
INFO:__main__:----------------------------------------------------------------------------------------------------
INFO:__main__:
【train】epoch:56/120 loss:0.1010 acc:0.9614
INFO:__main__:
【val】epoch:56/120 loss:0.4327 acc:0.8783
INFO:__main__:
【Val】:  SENS: 0.8215  SPEC: 0.9107  PPV: 0.8396  NPV: 0.8997 F1:0.8305
INFO:__main__:验证的best_acc:0.8884
INFO:__main__:----------------------------------------------------------------------------------------------------
INFO:__main__:
【train】epoch:57/120 loss:0.1035 acc:0.9573
INFO:__main__:
【val】epoch:57/120 loss:0.3502 acc:0.8873
INFO:__main__:
【Val】:  SENS: 0.8585  SPEC: 0.9037  PPV: 0.8353  NPV: 0.9181 F1:0.8467
INFO:__main__:验证的best_acc:0.8884
INFO:__main__:----------------------------------------------------------------------------------------------------
INFO:__main__:
【train】epoch:58/120 loss:0.0991 acc:0.9607
INFO:__main__:
【val】epoch:58/120 loss:0.4148 acc:0.8828
INFO:__main__:
【Val】:  SENS: 0.8677  SPEC: 0.8914  PPV: 0.8198  NPV: 0.9221 F1:0.8430
INFO:__main__:验证的best_acc:0.8884
INFO:__main__:----------------------------------------------------------------------------------------------------
INFO:__main__:
【train】epoch:59/120 loss:0.0936 acc:0.9633
INFO:__main__:
【val】epoch:59/120 loss:0.3914 acc:0.8850
INFO:__main__:
【Val】:  SENS: 0.8677  SPEC: 0.8949  PPV: 0.8246  NPV: 0.9224 F1:0.8456
INFO:__main__:验证的best_acc:0.8884
INFO:__main__:----------------------------------------------------------------------------------------------------
INFO:__main__:
【train】epoch:60/120 loss:0.0940 acc:0.9610
INFO:__main__:
【val】epoch:60/120 loss:0.3589 acc:0.8940
INFO:__main__:
【Val】:  SENS: 0.8800  SPEC: 0.9019  PPV: 0.8363  NPV: 0.9296 F1:0.8576
INFO:__main__:验证的best_acc:0.8940
INFO:__main__:----------------------------------------------------------------------------------------------------
INFO:__main__:
【train】epoch:61/120 loss:0.0884 acc:0.9652
INFO:__main__:
【val】epoch:61/120 loss:0.4215 acc:0.8951
INFO:__main__:
【Val】:  SENS: 0.8646  SPEC: 0.9124  PPV: 0.8489  NPV: 0.9221 F1:0.8567
INFO:__main__:验证的best_acc:0.8951
INFO:__main__:----------------------------------------------------------------------------------------------------
INFO:__main__:
【train】epoch:62/120 loss:0.0880 acc:0.9629
INFO:__main__:
【val】epoch:62/120 loss:0.4691 acc:0.8750
INFO:__main__:
【Val】:  SENS: 0.8831  SPEC: 0.8704  PPV: 0.7950  NPV: 0.9290 F1:0.8367
INFO:__main__:验证的best_acc:0.8951
INFO:__main__:----------------------------------------------------------------------------------------------------
INFO:__main__:
【train】epoch:63/120 loss:0.0809 acc:0.9682
INFO:__main__:
【val】epoch:63/120 loss:0.3918 acc:0.8906
INFO:__main__:
【Val】:  SENS: 0.8277  SPEC: 0.9264  PPV: 0.8650  NPV: 0.9043 F1:0.8459
INFO:__main__:验证的best_acc:0.8951
INFO:__main__:----------------------------------------------------------------------------------------------------
INFO:__main__:
【train】epoch:64/120 loss:0.0853 acc:0.9647
INFO:__main__:
【val】epoch:64/120 loss:0.3871 acc:0.8996
INFO:__main__:
【Val】:  SENS: 0.8277  SPEC: 0.9405  PPV: 0.8878  NPV: 0.9056 F1:0.8567
INFO:__main__:验证的best_acc:0.8996
INFO:__main__:----------------------------------------------------------------------------------------------------
INFO:__main__:
【train】epoch:65/120 loss:0.0834 acc:0.9663
INFO:__main__:
【val】epoch:65/120 loss:0.4066 acc:0.8862
INFO:__main__:
【Val】:  SENS: 0.8615  SPEC: 0.9002  PPV: 0.8309  NPV: 0.9195 F1:0.8459
INFO:__main__:验证的best_acc:0.8996
INFO:__main__:----------------------------------------------------------------------------------------------------
INFO:__main__:
【train】epoch:66/120 loss:0.0847 acc:0.9670
INFO:__main__:
【val】epoch:66/120 loss:0.4248 acc:0.8828
INFO:__main__:
【Val】:  SENS: 0.8523  SPEC: 0.9002  PPV: 0.8293  NPV: 0.9146 F1:0.8407
INFO:__main__:验证的best_acc:0.8996
INFO:__main__:----------------------------------------------------------------------------------------------------
INFO:__main__:
【train】epoch:67/120 loss:0.0775 acc:0.9697
INFO:__main__:
【val】epoch:67/120 loss:0.3953 acc:0.8884
INFO:__main__:
【Val】:  SENS: 0.8492  SPEC: 0.9107  PPV: 0.8440  NPV: 0.9139 F1:0.8466
INFO:__main__:验证的best_acc:0.8996
INFO:__main__:----------------------------------------------------------------------------------------------------
INFO:__main__:
【train】epoch:68/120 loss:0.0773 acc:0.9659
INFO:__main__:
【val】epoch:68/120 loss:0.4336 acc:0.8817
INFO:__main__:
【Val】:  SENS: 0.8646  SPEC: 0.8914  PPV: 0.8192  NPV: 0.9204 F1:0.8413
INFO:__main__:验证的best_acc:0.8996
INFO:__main__:----------------------------------------------------------------------------------------------------
INFO:__main__:
【train】epoch:69/120 loss:0.0811 acc:0.9671
INFO:__main__:
【val】epoch:69/120 loss:0.3782 acc:0.8951
INFO:__main__:
【Val】:  SENS: 0.8615  SPEC: 0.9142  PPV: 0.8511  NPV: 0.9206 F1:0.8563
INFO:__main__:验证的best_acc:0.8996
INFO:__main__:----------------------------------------------------------------------------------------------------
INFO:__main__:
【train】epoch:70/120 loss:0.0685 acc:0.9743
INFO:__main__:
【val】epoch:70/120 loss:0.4192 acc:0.8873
INFO:__main__:
【Val】:  SENS: 0.8400  SPEC: 0.9142  PPV: 0.8478  NPV: 0.9094 F1:0.8439
INFO:__main__:验证的best_acc:0.8996
INFO:__main__:----------------------------------------------------------------------------------------------------
INFO:__main__:
【train】epoch:71/120 loss:0.0701 acc:0.9735
INFO:__main__:
【val】epoch:71/120 loss:0.4120 acc:0.8973
INFO:__main__:
【Val】:  SENS: 0.8400  SPEC: 0.9299  PPV: 0.8722  NPV: 0.9108 F1:0.8558
INFO:__main__:验证的best_acc:0.8996
INFO:__main__:----------------------------------------------------------------------------------------------------
INFO:__main__:
【train】epoch:72/120 loss:0.0713 acc:0.9711
INFO:__main__:
【val】epoch:72/120 loss:0.3863 acc:0.9062
INFO:__main__:
【Val】:  SENS: 0.8800  SPEC: 0.9212  PPV: 0.8640  NPV: 0.9310 F1:0.8720
INFO:__main__:验证的best_acc:0.9062
INFO:__main__:----------------------------------------------------------------------------------------------------
INFO:__main__:
【train】epoch:73/120 loss:0.0646 acc:0.9761
INFO:__main__:
【val】epoch:73/120 loss:0.4445 acc:0.8839
INFO:__main__:
【Val】:  SENS: 0.8277  SPEC: 0.9159  PPV: 0.8486  NPV: 0.9033 F1:0.8380
INFO:__main__:验证的best_acc:0.9062
INFO:__main__:----------------------------------------------------------------------------------------------------
INFO:__main__:
【train】epoch:74/120 loss:0.0733 acc:0.9721
INFO:__main__:
【val】epoch:74/120 loss:0.4015 acc:0.8951
INFO:__main__:
【Val】:  SENS: 0.8523  SPEC: 0.9194  PPV: 0.8576  NPV: 0.9162 F1:0.8549
INFO:__main__:验证的best_acc:0.9062
INFO:__main__:----------------------------------------------------------------------------------------------------
INFO:__main__:
【train】epoch:75/120 loss:0.0689 acc:0.9694
INFO:__main__:
【val】epoch:75/120 loss:0.4414 acc:0.8873
INFO:__main__:
【Val】:  SENS: 0.8769  SPEC: 0.8932  PPV: 0.8237  NPV: 0.9273 F1:0.8495
INFO:__main__:验证的best_acc:0.9062
INFO:__main__:----------------------------------------------------------------------------------------------------
INFO:__main__:
【train】epoch:76/120 loss:0.0691 acc:0.9734
INFO:__main__:
【val】epoch:76/120 loss:0.3702 acc:0.9051
INFO:__main__:
【Val】:  SENS: 0.8400  SPEC: 0.9422  PPV: 0.8922  NPV: 0.9119 F1:0.8653
INFO:__main__:验证的best_acc:0.9062
INFO:__main__:----------------------------------------------------------------------------------------------------
INFO:__main__:
【train】epoch:77/120 loss:0.0669 acc:0.9732
INFO:__main__:
【val】epoch:77/120 loss:0.3757 acc:0.8895
INFO:__main__:
【Val】:  SENS: 0.8369  SPEC: 0.9194  PPV: 0.8553  NPV: 0.9083 F1:0.8460
INFO:__main__:验证的best_acc:0.9062
INFO:__main__:----------------------------------------------------------------------------------------------------
INFO:__main__:
【train】epoch:78/120 loss:0.0629 acc:0.9777
INFO:__main__:
【val】epoch:78/120 loss:0.3877 acc:0.8962
INFO:__main__:
【Val】:  SENS: 0.8400  SPEC: 0.9282  PPV: 0.8694  NPV: 0.9107 F1:0.8545
INFO:__main__:验证的best_acc:0.9062
INFO:__main__:----------------------------------------------------------------------------------------------------
INFO:__main__:
【train】epoch:79/120 loss:0.0588 acc:0.9803
INFO:__main__:
【val】epoch:79/120 loss:0.4003 acc:0.9018
INFO:__main__:
【Val】:  SENS: 0.8492  SPEC: 0.9317  PPV: 0.8762  NPV: 0.9157 F1:0.8625
INFO:__main__:验证的best_acc:0.9062
INFO:__main__:----------------------------------------------------------------------------------------------------
INFO:__main__:
【train】epoch:80/120 loss:0.0552 acc:0.9793
INFO:__main__:
【val】epoch:80/120 loss:0.4477 acc:0.9007
INFO:__main__:
【Val】:  SENS: 0.8431  SPEC: 0.9335  PPV: 0.8782  NPV: 0.9127 F1:0.8603
INFO:__main__:验证的best_acc:0.9062
INFO:__main__:----------------------------------------------------------------------------------------------------
INFO:__main__:
【train】epoch:81/120 loss:0.0587 acc:0.9774
INFO:__main__:
【val】epoch:81/120 loss:0.4092 acc:0.9018
INFO:__main__:
【Val】:  SENS: 0.8923  SPEC: 0.9072  PPV: 0.8455  NPV: 0.9367 F1:0.8683
INFO:__main__:验证的best_acc:0.9062
INFO:__main__:----------------------------------------------------------------------------------------------------
INFO:__main__:
【train】epoch:82/120 loss:0.0538 acc:0.9793
INFO:__main__:
【val】epoch:82/120 loss:0.4129 acc:0.9018
INFO:__main__:
【Val】:  SENS: 0.8738  SPEC: 0.9177  PPV: 0.8580  NPV: 0.9274 F1:0.8659
INFO:__main__:验证的best_acc:0.9062
INFO:__main__:----------------------------------------------------------------------------------------------------
INFO:__main__:
【train】epoch:83/120 loss:0.0525 acc:0.9787
INFO:__main__:
【val】epoch:83/120 loss:0.4698 acc:0.9007
INFO:__main__:
【Val】:  SENS: 0.8492  SPEC: 0.9299  PPV: 0.8734  NPV: 0.9155 F1:0.8612
INFO:__main__:验证的best_acc:0.9062
INFO:__main__:----------------------------------------------------------------------------------------------------
INFO:__main__:
【train】epoch:84/120 loss:0.0567 acc:0.9772
INFO:__main__:
【val】epoch:84/120 loss:0.4230 acc:0.8951
INFO:__main__:
【Val】:  SENS: 0.8215  SPEC: 0.9370  PPV: 0.8812  NPV: 0.9022 F1:0.8503
INFO:__main__:验证的best_acc:0.9062
INFO:__main__:----------------------------------------------------------------------------------------------------
INFO:__main__:
【train】epoch:85/120 loss:0.0530 acc:0.9779
INFO:__main__:
【val】epoch:85/120 loss:0.4198 acc:0.8984
INFO:__main__:
【Val】:  SENS: 0.8615  SPEC: 0.9194  PPV: 0.8589  NPV: 0.9211 F1:0.8602
INFO:__main__:验证的best_acc:0.9062
INFO:__main__:----------------------------------------------------------------------------------------------------
INFO:__main__:
【train】epoch:86/120 loss:0.0472 acc:0.9804
INFO:__main__:
【val】epoch:86/120 loss:0.4253 acc:0.9118
INFO:__main__:
【Val】:  SENS: 0.8831  SPEC: 0.9282  PPV: 0.8750  NPV: 0.9331 F1:0.8790
INFO:__main__:验证的best_acc:0.9118
INFO:__main__:----------------------------------------------------------------------------------------------------
INFO:__main__:
【train】epoch:87/120 loss:0.0453 acc:0.9826
INFO:__main__:
【val】epoch:87/120 loss:0.4355 acc:0.8951
INFO:__main__:
【Val】:  SENS: 0.8338  SPEC: 0.9299  PPV: 0.8714  NPV: 0.9077 F1:0.8522
INFO:__main__:验证的best_acc:0.9118
INFO:__main__:----------------------------------------------------------------------------------------------------
INFO:__main__:
【train】epoch:88/120 loss:0.0494 acc:0.9802
INFO:__main__:
【val】epoch:88/120 loss:0.4599 acc:0.8895
INFO:__main__:
【Val】:  SENS: 0.8585  SPEC: 0.9072  PPV: 0.8404  NPV: 0.9184 F1:0.8493
INFO:__main__:验证的best_acc:0.9118
INFO:__main__:----------------------------------------------------------------------------------------------------
INFO:__main__:
【train】epoch:89/120 loss:0.0481 acc:0.9802
INFO:__main__:
【val】epoch:89/120 loss:0.4803 acc:0.8850
INFO:__main__:
【Val】:  SENS: 0.8554  SPEC: 0.9019  PPV: 0.8323  NPV: 0.9164 F1:0.8437
INFO:__main__:验证的best_acc:0.9118
INFO:__main__:----------------------------------------------------------------------------------------------------
INFO:__main__:
【train】epoch:90/120 loss:0.0468 acc:0.9814
INFO:__main__:
【val】epoch:90/120 loss:0.4788 acc:0.9018
INFO:__main__:
【Val】:  SENS: 0.8431  SPEC: 0.9352  PPV: 0.8810  NPV: 0.9128 F1:0.8616
INFO:__main__:验证的best_acc:0.9118
INFO:__main__:----------------------------------------------------------------------------------------------------
INFO:__main__:
【train】epoch:91/120 loss:0.0429 acc:0.9840
INFO:__main__:
【val】epoch:91/120 loss:0.4560 acc:0.8940
INFO:__main__:
【Val】:  SENS: 0.8462  SPEC: 0.9212  PPV: 0.8594  NPV: 0.9132 F1:0.8527
INFO:__main__:验证的best_acc:0.9118
INFO:__main__:----------------------------------------------------------------------------------------------------
INFO:__main__:
【train】epoch:92/120 loss:0.0372 acc:0.9852
INFO:__main__:
【val】epoch:92/120 loss:0.4970 acc:0.8929
INFO:__main__:
【Val】:  SENS: 0.8431  SPEC: 0.9212  PPV: 0.8589  NPV: 0.9116 F1:0.8509
INFO:__main__:验证的best_acc:0.9118
INFO:__main__:----------------------------------------------------------------------------------------------------
INFO:__main__:
【train】epoch:93/120 loss:0.0485 acc:0.9792
INFO:__main__:
【val】epoch:93/120 loss:0.4753 acc:0.8984
INFO:__main__:
【Val】:  SENS: 0.8554  SPEC: 0.9229  PPV: 0.8634  NPV: 0.9181 F1:0.8594
INFO:__main__:验证的best_acc:0.9118
INFO:__main__:----------------------------------------------------------------------------------------------------
INFO:__main__:
【train】epoch:94/120 loss:0.0405 acc:0.9841
INFO:__main__:
【val】epoch:94/120 loss:0.5059 acc:0.9018
INFO:__main__:
【Val】:  SENS: 0.8369  SPEC: 0.9387  PPV: 0.8860  NPV: 0.9100 F1:0.8608
INFO:__main__:验证的best_acc:0.9118
INFO:__main__:----------------------------------------------------------------------------------------------------
INFO:__main__:
【train】epoch:95/120 loss:0.0423 acc:0.9834
INFO:__main__:
【val】epoch:95/120 loss:0.4444 acc:0.8962
INFO:__main__:
【Val】:  SENS: 0.8400  SPEC: 0.9282  PPV: 0.8694  NPV: 0.9107 F1:0.8545
INFO:__main__:验证的best_acc:0.9118
INFO:__main__:----------------------------------------------------------------------------------------------------
INFO:__main__:
【train】epoch:96/120 loss:0.0414 acc:0.9808
INFO:__main__:
【val】epoch:96/120 loss:0.4854 acc:0.8929
INFO:__main__:
【Val】:  SENS: 0.8646  SPEC: 0.9089  PPV: 0.8438  NPV: 0.9218 F1:0.8541
INFO:__main__:验证的best_acc:0.9118
INFO:__main__:----------------------------------------------------------------------------------------------------
INFO:__main__:
【train】epoch:97/120 loss:0.0411 acc:0.9841
INFO:__main__:
【val】epoch:97/120 loss:0.4730 acc:0.8884
INFO:__main__:
【Val】:  SENS: 0.8492  SPEC: 0.9107  PPV: 0.8440  NPV: 0.9139 F1:0.8466
INFO:__main__:验证的best_acc:0.9118
INFO:__main__:----------------------------------------------------------------------------------------------------
INFO:__main__:
【train】epoch:98/120 loss:0.0434 acc:0.9842
INFO:__main__:
【val】epoch:98/120 loss:0.5001 acc:0.8795
INFO:__main__:
【Val】:  SENS: 0.8092  SPEC: 0.9194  PPV: 0.8511  NPV: 0.8944 F1:0.8297
INFO:__main__:验证的best_acc:0.9118
INFO:__main__:----------------------------------------------------------------------------------------------------
INFO:__main__:
【train】epoch:99/120 loss:0.0375 acc:0.9865
INFO:__main__:
【val】epoch:99/120 loss:0.4999 acc:0.8951
INFO:__main__:
【Val】:  SENS: 0.8492  SPEC: 0.9212  PPV: 0.8598  NPV: 0.9148 F1:0.8545
INFO:__main__:验证的best_acc:0.9118
INFO:__main__:----------------------------------------------------------------------------------------------------
INFO:__main__:
【train】epoch:100/120 loss:0.0362 acc:0.9870
INFO:__main__:
【val】epoch:100/120 loss:0.4849 acc:0.8996
INFO:__main__:
【Val】:  SENS: 0.8554  SPEC: 0.9247  PPV: 0.8660  NPV: 0.9183 F1:0.8607
INFO:__main__:验证的best_acc:0.9118
INFO:__main__:----------------------------------------------------------------------------------------------------
INFO:__main__:
【train】epoch:101/120 loss:0.0347 acc:0.9876
INFO:__main__:
【val】epoch:101/120 loss:0.4972 acc:0.8951
INFO:__main__:
【Val】:  SENS: 0.8585  SPEC: 0.9159  PPV: 0.8532  NPV: 0.9192 F1:0.8558
INFO:__main__:验证的best_acc:0.9118
INFO:__main__:----------------------------------------------------------------------------------------------------
INFO:__main__:
【train】epoch:102/120 loss:0.0370 acc:0.9846
INFO:__main__:
【val】epoch:102/120 loss:0.4650 acc:0.8996
INFO:__main__:
【Val】:  SENS: 0.8646  SPEC: 0.9194  PPV: 0.8593  NPV: 0.9227 F1:0.8620
INFO:__main__:验证的best_acc:0.9118
INFO:__main__:----------------------------------------------------------------------------------------------------
INFO:__main__:
【train】epoch:103/120 loss:0.0305 acc:0.9886
INFO:__main__:
【val】epoch:103/120 loss:0.4672 acc:0.9051
INFO:__main__:
【Val】:  SENS: 0.8677  SPEC: 0.9264  PPV: 0.8704  NPV: 0.9248 F1:0.8690
INFO:__main__:验证的best_acc:0.9118
INFO:__main__:----------------------------------------------------------------------------------------------------
INFO:__main__:
【train】epoch:104/120 loss:0.0305 acc:0.9885
INFO:__main__:
【val】epoch:104/120 loss:0.5125 acc:0.8996
INFO:__main__:
【Val】:  SENS: 0.8431  SPEC: 0.9317  PPV: 0.8754  NPV: 0.9125 F1:0.8589
INFO:__main__:验证的best_acc:0.9118
INFO:__main__:----------------------------------------------------------------------------------------------------
INFO:__main__:
【train】epoch:105/120 loss:0.0345 acc:0.9880
INFO:__main__:
【val】epoch:105/120 loss:0.4552 acc:0.9040
INFO:__main__:
【Val】:  SENS: 0.8554  SPEC: 0.9317  PPV: 0.8770  NPV: 0.9188 F1:0.8660
INFO:__main__:验证的best_acc:0.9118
INFO:__main__:----------------------------------------------------------------------------------------------------
INFO:__main__:
【train】epoch:106/120 loss:0.0303 acc:0.9885
INFO:__main__:
【val】epoch:106/120 loss:0.4519 acc:0.9062
INFO:__main__:
【Val】:  SENS: 0.8554  SPEC: 0.9352  PPV: 0.8825  NPV: 0.9191 F1:0.8687
INFO:__main__:验证的best_acc:0.9118
INFO:__main__:----------------------------------------------------------------------------------------------------
INFO:__main__:
【train】epoch:107/120 loss:0.0298 acc:0.9890
INFO:__main__:
【val】epoch:107/120 loss:0.5364 acc:0.8962
INFO:__main__:
【Val】:  SENS: 0.8646  SPEC: 0.9142  PPV: 0.8515  NPV: 0.9223 F1:0.8580
INFO:__main__:验证的best_acc:0.9118
INFO:__main__:----------------------------------------------------------------------------------------------------
INFO:__main__:
【train】epoch:108/120 loss:0.0302 acc:0.9883
INFO:__main__:
【val】epoch:108/120 loss:0.4633 acc:0.9051
INFO:__main__:
【Val】:  SENS: 0.8646  SPEC: 0.9282  PPV: 0.8727  NPV: 0.9233 F1:0.8686
INFO:__main__:验证的best_acc:0.9118
INFO:__main__:----------------------------------------------------------------------------------------------------
INFO:__main__:
【train】epoch:109/120 loss:0.0235 acc:0.9906
INFO:__main__:
【val】epoch:109/120 loss:0.4722 acc:0.9085
INFO:__main__:
【Val】:  SENS: 0.8554  SPEC: 0.9387  PPV: 0.8882  NPV: 0.9194 F1:0.8715
INFO:__main__:验证的best_acc:0.9118
INFO:__main__:----------------------------------------------------------------------------------------------------
INFO:__main__:
【train】epoch:110/120 loss:0.0252 acc:0.9906
INFO:__main__:
【val】epoch:110/120 loss:0.4878 acc:0.9085
INFO:__main__:
【Val】:  SENS: 0.8677  SPEC: 0.9317  PPV: 0.8785  NPV: 0.9252 F1:0.8731
INFO:__main__:验证的best_acc:0.9118
INFO:__main__:----------------------------------------------------------------------------------------------------
INFO:__main__:
【train】epoch:111/120 loss:0.0286 acc:0.9889
INFO:__main__:
【val】epoch:111/120 loss:0.4712 acc:0.9118
INFO:__main__:
【Val】:  SENS: 0.8585  SPEC: 0.9422  PPV: 0.8942  NPV: 0.9212 F1:0.8760
INFO:__main__:验证的best_acc:0.9118
INFO:__main__:----------------------------------------------------------------------------------------------------
INFO:__main__:
【train】epoch:112/120 loss:0.0265 acc:0.9905
INFO:__main__:
【val】epoch:112/120 loss:0.4966 acc:0.9018
INFO:__main__:
【Val】:  SENS: 0.8554  SPEC: 0.9282  PPV: 0.8715  NPV: 0.9185 F1:0.8634
INFO:__main__:验证的best_acc:0.9118
INFO:__main__:----------------------------------------------------------------------------------------------------
INFO:__main__:
【train】epoch:113/120 loss:0.0252 acc:0.9910
INFO:__main__:
【val】epoch:113/120 loss:0.4526 acc:0.9107
INFO:__main__:
【Val】:  SENS: 0.8831  SPEC: 0.9264  PPV: 0.8723  NPV: 0.9330 F1:0.8777
INFO:__main__:验证的best_acc:0.9118
INFO:__main__:----------------------------------------------------------------------------------------------------
INFO:__main__:
【train】epoch:114/120 loss:0.0227 acc:0.9914
INFO:__main__:
【val】epoch:114/120 loss:0.4496 acc:0.9152
INFO:__main__:
【Val】:  SENS: 0.8708  SPEC: 0.9405  PPV: 0.8927  NPV: 0.9275 F1:0.8816
INFO:__main__:验证的best_acc:0.9152
INFO:__main__:----------------------------------------------------------------------------------------------------
INFO:__main__:
【train】epoch:115/120 loss:0.0214 acc:0.9917
INFO:__main__:
【val】epoch:115/120 loss:0.4345 acc:0.9129
INFO:__main__:
【Val】:  SENS: 0.8708  SPEC: 0.9370  PPV: 0.8871  NPV: 0.9272 F1:0.8789
INFO:__main__:验证的best_acc:0.9152
INFO:__main__:----------------------------------------------------------------------------------------------------
INFO:__main__:
【train】epoch:116/120 loss:0.0240 acc:0.9909
INFO:__main__:
【val】epoch:116/120 loss:0.4915 acc:0.9040
INFO:__main__:
【Val】:  SENS: 0.8862  SPEC: 0.9142  PPV: 0.8546  NPV: 0.9338 F1:0.8701
INFO:__main__:验证的best_acc:0.9152
INFO:__main__:----------------------------------------------------------------------------------------------------
INFO:__main__:
【train】epoch:117/120 loss:0.0239 acc:0.9912
INFO:__main__:
【val】epoch:117/120 loss:0.4629 acc:0.9085
INFO:__main__:
【Val】:  SENS: 0.8646  SPEC: 0.9335  PPV: 0.8809  NPV: 0.9237 F1:0.8727
INFO:__main__:验证的best_acc:0.9152
INFO:__main__:----------------------------------------------------------------------------------------------------
INFO:__main__:
【train】epoch:118/120 loss:0.0241 acc:0.9910
INFO:__main__:
【val】epoch:118/120 loss:0.4377 acc:0.9074
INFO:__main__:
【Val】:  SENS: 0.8585  SPEC: 0.9352  PPV: 0.8829  NPV: 0.9207 F1:0.8705
INFO:__main__:验证的best_acc:0.9152
INFO:__main__:----------------------------------------------------------------------------------------------------
INFO:__main__:
【train】epoch:119/120 loss:0.0217 acc:0.9921
INFO:__main__:
【val】epoch:119/120 loss:0.4270 acc:0.9196
INFO:__main__:
【Val】:  SENS: 0.8738  SPEC: 0.9457  PPV: 0.9016  NPV: 0.9294 F1:0.8875
INFO:__main__:验证的best_acc:0.9196
INFO:__main__:----------------------------------------------------------------------------------------------------
INFO:__main__:****************************************************************************************************
INFO:__main__:Val_LOSS:['0.5567', '0.5730', '0.4149', '0.4693', '0.3834', '0.3910', '0.4771', '0.3781', '0.3134', '0.3456', '0.3592', '0.3915', '0.3361', '0.5411', '0.4541', '0.3710', '0.3911', '0.3326', '0.3852', '0.3182', '0.2972', '0.3126', '0.3619', '0.3066', '0.3205', '0.3425', '0.3009', '0.3341', '0.3181', '0.3341', '0.4110', '0.3202', '0.3584', '0.3436', '0.4703', '0.4542', '0.3207', '0.3658', '0.3813', '0.3630', '0.4222', '0.4192', '0.3430', '0.4527', '0.3820', '0.3618', '0.4609', '0.4267', '0.3594', '0.3653', '0.3822', '0.3671', '0.4093', '0.4119', '0.4035', '0.4343', '0.4327', '0.3502', '0.4148', '0.3914', '0.3589', '0.4215', '0.4691', '0.3918', '0.3871', '0.4066', '0.4248', '0.3953', '0.4336', '0.3782', '0.4192', '0.4120', '0.3863', '0.4445', '0.4015', '0.4414', '0.3702', '0.3757', '0.3877', '0.4003', '0.4477', '0.4092', '0.4129', '0.4698', '0.4230', '0.4198', '0.4253', '0.4355', '0.4599', '0.4803', '0.4788', '0.4560', '0.4970', '0.4753', '0.5059', '0.4444', '0.4854', '0.4730', '0.5001', '0.4999', '0.4849', '0.4972', '0.4650', '0.4672', '0.5125', '0.4552', '0.4519', '0.5364', '0.4633', '0.4722', '0.4878', '0.4712', '0.4966', '0.4526', '0.4496', '0.4345', '0.4915', '0.4629', '0.4377', '0.4270']
INFO:__main__:Val_ACC:['0.6763', '0.7154', '0.7812', '0.7511', '0.8036', '0.8225', '0.7690', '0.7946', '0.8571', '0.8460', '0.8404', '0.8304', '0.8415', '0.7857', '0.7946', '0.8371', '0.8326', '0.8426', '0.8158', '0.8795', '0.8616', '0.8594', '0.8348', '0.8717', '0.8650', '0.8638', '0.8717', '0.8638', '0.8772', '0.8482', '0.8426', '0.8616', '0.8616', '0.8750', '0.8594', '0.8438', '0.8583', '0.8795', '0.8627', '0.8650', '0.8728', '0.8605', '0.8661', '0.8672', '0.8772', '0.8739', '0.8683', '0.8683', '0.8739', '0.8806', '0.8806', '0.8884', '0.8761', '0.8683', '0.8672', '0.8783', '0.8783', '0.8873', '0.8828', '0.8850', '0.8940', '0.8951', '0.8750', '0.8906', '0.8996', '0.8862', '0.8828', '0.8884', '0.8817', '0.8951', '0.8873', '0.8973', '0.9062', '0.8839', '0.8951', '0.8873', '0.9051', '0.8895', '0.8962', '0.9018', '0.9007', '0.9018', '0.9018', '0.9007', '0.8951', '0.8984', '0.9118', '0.8951', '0.8895', '0.8850', '0.9018', '0.8940', '0.8929', '0.8984', '0.9018', '0.8962', '0.8929', '0.8884', '0.8795', '0.8951', '0.8996', '0.8951', '0.8996', '0.9051', '0.8996', '0.9040', '0.9062', '0.8962', '0.9051', '0.9085', '0.9085', '0.9118', '0.9018', '0.9107', '0.9152', '0.9129', '0.9040', '0.9085', '0.9074', '0.9196']
INFO:__main__:****************************************************************************************************
INFO:__main__: epoch0 测试test_Loss: 0.7914  test_ACC: 0.8734  
INFO:__main__:SENS: 0.7901 SPEC: 0.9219 PPV: 0.8549 NPV: 0.8829 F1:0.8212
INFO:__main__:test_Best_acc:0.8734
INFO:__main__:flops:7428500800.0  params:54952437.0
