INFO:__main__:
【train】epoch:0/120 loss:0.5844 acc:0.6962
INFO:__main__:
【val】epoch:0/120 loss:0.5614 acc:0.7078
INFO:__main__:
【Val】:  SENS: 0.7880  SPEC: 0.6564  PPV: 0.5952  NPV: 0.8285 F1:0.6781
INFO:__main__:验证的best_acc:0.7078
INFO:__main__:----------------------------------------------------------------------------------------------------
INFO:__main__:
【train】epoch:1/120 loss:0.4869 acc:0.7661
INFO:__main__:
【val】epoch:1/120 loss:0.5424 acc:0.7422
INFO:__main__:
【Val】:  SENS: 0.4440  SPEC: 0.9333  PPV: 0.8102  NPV: 0.7237 F1:0.5736
INFO:__main__:验证的best_acc:0.7422
INFO:__main__:----------------------------------------------------------------------------------------------------
INFO:__main__:
【train】epoch:2/120 loss:0.4226 acc:0.8061
INFO:__main__:
【val】epoch:2/120 loss:0.4008 acc:0.8062
INFO:__main__:
【Val】:  SENS: 0.6360  SPEC: 0.9154  PPV: 0.8281  NPV: 0.7969 F1:0.7195
INFO:__main__:验证的best_acc:0.8062
INFO:__main__:----------------------------------------------------------------------------------------------------
INFO:__main__:
【train】epoch:3/120 loss:0.3651 acc:0.8430
INFO:__main__:
【val】epoch:3/120 loss:0.3552 acc:0.8313
INFO:__main__:
【Val】:  SENS: 0.7040  SPEC: 0.9128  PPV: 0.8381  NPV: 0.8279 F1:0.7652
INFO:__main__:验证的best_acc:0.8313
INFO:__main__:----------------------------------------------------------------------------------------------------
INFO:__main__:
【train】epoch:4/120 loss:0.3496 acc:0.8467
INFO:__main__:
【val】epoch:4/120 loss:0.3525 acc:0.8359
INFO:__main__:
【Val】:  SENS: 0.7560  SPEC: 0.8872  PPV: 0.8112  NPV: 0.8501 F1:0.7826
INFO:__main__:验证的best_acc:0.8359
INFO:__main__:----------------------------------------------------------------------------------------------------
INFO:__main__:
【train】epoch:5/120 loss:0.3326 acc:0.8589
INFO:__main__:
【val】epoch:5/120 loss:0.3293 acc:0.8391
INFO:__main__:
【Val】:  SENS: 0.7920  SPEC: 0.8692  PPV: 0.7952  NPV: 0.8670 F1:0.7936
INFO:__main__:验证的best_acc:0.8391
INFO:__main__:----------------------------------------------------------------------------------------------------
INFO:__main__:
【train】epoch:6/120 loss:0.3210 acc:0.8667
INFO:__main__:
【val】epoch:6/120 loss:0.3215 acc:0.8500
INFO:__main__:
【Val】:  SENS: 0.7480  SPEC: 0.9154  PPV: 0.8500  NPV: 0.8500 F1:0.7957
INFO:__main__:验证的best_acc:0.8500
INFO:__main__:----------------------------------------------------------------------------------------------------
INFO:__main__:
【train】epoch:7/120 loss:0.3058 acc:0.8692
INFO:__main__:
【val】epoch:7/120 loss:0.3021 acc:0.8562
INFO:__main__:
【Val】:  SENS: 0.7520  SPEC: 0.9231  PPV: 0.8624  NPV: 0.8531 F1:0.8034
INFO:__main__:验证的best_acc:0.8562
INFO:__main__:----------------------------------------------------------------------------------------------------
INFO:__main__:
【train】epoch:8/120 loss:0.2914 acc:0.8777
INFO:__main__:
【val】epoch:8/120 loss:0.3817 acc:0.8313
INFO:__main__:
【Val】:  SENS: 0.6320  SPEC: 0.9590  PPV: 0.9080  NPV: 0.8026 F1:0.7453
INFO:__main__:验证的best_acc:0.8562
INFO:__main__:----------------------------------------------------------------------------------------------------
INFO:__main__:
【train】epoch:9/120 loss:0.2703 acc:0.8882
INFO:__main__:
【val】epoch:9/120 loss:0.3069 acc:0.8656
INFO:__main__:
【Val】:  SENS: 0.7080  SPEC: 0.9667  PPV: 0.9316  NPV: 0.8378 F1:0.8045
INFO:__main__:验证的best_acc:0.8656
INFO:__main__:----------------------------------------------------------------------------------------------------
INFO:__main__:
【train】epoch:10/120 loss:0.2559 acc:0.8950
INFO:__main__:
【val】epoch:10/120 loss:0.2642 acc:0.8969
INFO:__main__:
【Val】:  SENS: 0.8400  SPEC: 0.9333  PPV: 0.8898  NPV: 0.9010 F1:0.8642
INFO:__main__:验证的best_acc:0.8969
INFO:__main__:----------------------------------------------------------------------------------------------------
INFO:__main__:
【train】epoch:11/120 loss:0.2540 acc:0.8940
INFO:__main__:
【val】epoch:11/120 loss:0.2784 acc:0.8797
INFO:__main__:
【Val】:  SENS: 0.7960  SPEC: 0.9333  PPV: 0.8844  NPV: 0.8771 F1:0.8379
INFO:__main__:验证的best_acc:0.8969
INFO:__main__:----------------------------------------------------------------------------------------------------
INFO:__main__:
【train】epoch:12/120 loss:0.2517 acc:0.8967
INFO:__main__:
【val】epoch:12/120 loss:0.3176 acc:0.8813
INFO:__main__:
【Val】:  SENS: 0.7520  SPEC: 0.9641  PPV: 0.9307  NPV: 0.8584 F1:0.8319
INFO:__main__:验证的best_acc:0.8969
INFO:__main__:----------------------------------------------------------------------------------------------------
INFO:__main__:
【train】epoch:13/120 loss:0.2414 acc:0.9006
INFO:__main__:
【val】epoch:13/120 loss:0.2462 acc:0.9062
INFO:__main__:
【Val】:  SENS: 0.8480  SPEC: 0.9436  PPV: 0.9060  NPV: 0.9064 F1:0.8760
INFO:__main__:验证的best_acc:0.9062
INFO:__main__:----------------------------------------------------------------------------------------------------
INFO:__main__:
【train】epoch:14/120 loss:0.2381 acc:0.9028
INFO:__main__:
【val】epoch:14/120 loss:0.2993 acc:0.8797
INFO:__main__:
【Val】:  SENS: 0.7560  SPEC: 0.9590  PPV: 0.9220  NPV: 0.8598 F1:0.8308
INFO:__main__:验证的best_acc:0.9062
INFO:__main__:----------------------------------------------------------------------------------------------------
INFO:__main__:
【train】epoch:15/120 loss:0.2237 acc:0.9090
INFO:__main__:
【val】epoch:15/120 loss:0.2929 acc:0.8781
INFO:__main__:
【Val】:  SENS: 0.7640  SPEC: 0.9513  PPV: 0.9095  NPV: 0.8628 F1:0.8304
INFO:__main__:验证的best_acc:0.9062
INFO:__main__:----------------------------------------------------------------------------------------------------
INFO:__main__:
【train】epoch:16/120 loss:0.2171 acc:0.9115
INFO:__main__:
【val】epoch:16/120 loss:0.3563 acc:0.8531
INFO:__main__:
【Val】:  SENS: 0.6720  SPEC: 0.9692  PPV: 0.9333  NPV: 0.8217 F1:0.7814
INFO:__main__:验证的best_acc:0.9062
INFO:__main__:----------------------------------------------------------------------------------------------------
INFO:__main__:
【train】epoch:17/120 loss:0.2175 acc:0.9123
INFO:__main__:
【val】epoch:17/120 loss:0.3011 acc:0.8750
INFO:__main__:
【Val】:  SENS: 0.7480  SPEC: 0.9564  PPV: 0.9167  NPV: 0.8555 F1:0.8238
INFO:__main__:验证的best_acc:0.9062
INFO:__main__:----------------------------------------------------------------------------------------------------
INFO:__main__:
【train】epoch:18/120 loss:0.2021 acc:0.9187
INFO:__main__:
【val】epoch:18/120 loss:0.2861 acc:0.8875
INFO:__main__:
【Val】:  SENS: 0.8000  SPEC: 0.9436  PPV: 0.9009  NPV: 0.8804 F1:0.8475
INFO:__main__:验证的best_acc:0.9062
INFO:__main__:----------------------------------------------------------------------------------------------------
INFO:__main__:
【train】epoch:19/120 loss:0.1895 acc:0.9247
INFO:__main__:
【val】epoch:19/120 loss:0.2782 acc:0.8969
INFO:__main__:
【Val】:  SENS: 0.8680  SPEC: 0.9154  PPV: 0.8680  NPV: 0.9154 F1:0.8680
INFO:__main__:验证的best_acc:0.9062
INFO:__main__:----------------------------------------------------------------------------------------------------
INFO:__main__:
【train】epoch:20/120 loss:0.1750 acc:0.9311
INFO:__main__:
【val】epoch:20/120 loss:0.2604 acc:0.9000
INFO:__main__:
【Val】:  SENS: 0.8320  SPEC: 0.9436  PPV: 0.9043  NPV: 0.8976 F1:0.8667
INFO:__main__:验证的best_acc:0.9062
INFO:__main__:----------------------------------------------------------------------------------------------------
INFO:__main__:
【train】epoch:21/120 loss:0.1831 acc:0.9255
INFO:__main__:
【val】epoch:21/120 loss:0.3332 acc:0.8687
INFO:__main__:
【Val】:  SENS: 0.7000  SPEC: 0.9769  PPV: 0.9511  NPV: 0.8355 F1:0.8065
INFO:__main__:验证的best_acc:0.9062
INFO:__main__:----------------------------------------------------------------------------------------------------
INFO:__main__:
【train】epoch:22/120 loss:0.1830 acc:0.9280
INFO:__main__:
【val】epoch:22/120 loss:0.3858 acc:0.8703
INFO:__main__:
【Val】:  SENS: 0.7400  SPEC: 0.9538  PPV: 0.9113  NPV: 0.8513 F1:0.8168
INFO:__main__:验证的best_acc:0.9062
INFO:__main__:----------------------------------------------------------------------------------------------------
INFO:__main__:
【train】epoch:23/120 loss:0.1704 acc:0.9332
INFO:__main__:
【val】epoch:23/120 loss:0.4066 acc:0.8547
INFO:__main__:
【Val】:  SENS: 0.6680  SPEC: 0.9744  PPV: 0.9435  NPV: 0.8207 F1:0.7822
INFO:__main__:验证的best_acc:0.9062
INFO:__main__:----------------------------------------------------------------------------------------------------
INFO:__main__:
【train】epoch:24/120 loss:0.1693 acc:0.9338
INFO:__main__:
【val】epoch:24/120 loss:0.3482 acc:0.8766
INFO:__main__:
【Val】:  SENS: 0.7320  SPEC: 0.9692  PPV: 0.9385  NPV: 0.8494 F1:0.8225
INFO:__main__:验证的best_acc:0.9062
INFO:__main__:----------------------------------------------------------------------------------------------------
INFO:__main__:
【train】epoch:25/120 loss:0.1670 acc:0.9369
INFO:__main__:
【val】epoch:25/120 loss:0.2566 acc:0.9047
INFO:__main__:
【Val】:  SENS: 0.8280  SPEC: 0.9538  PPV: 0.9200  NPV: 0.8964 F1:0.8716
INFO:__main__:验证的best_acc:0.9062
INFO:__main__:----------------------------------------------------------------------------------------------------
INFO:__main__:
【train】epoch:26/120 loss:0.1602 acc:0.9361
INFO:__main__:
【val】epoch:26/120 loss:0.2930 acc:0.8906
INFO:__main__:
【Val】:  SENS: 0.8080  SPEC: 0.9436  PPV: 0.9018  NPV: 0.8846 F1:0.8523
INFO:__main__:验证的best_acc:0.9062
INFO:__main__:----------------------------------------------------------------------------------------------------
INFO:__main__:
【train】epoch:27/120 loss:0.1496 acc:0.9437
INFO:__main__:
【val】epoch:27/120 loss:0.2836 acc:0.8969
INFO:__main__:
【Val】:  SENS: 0.7920  SPEC: 0.9641  PPV: 0.9340  NPV: 0.8785 F1:0.8571
INFO:__main__:验证的best_acc:0.9062
INFO:__main__:----------------------------------------------------------------------------------------------------
INFO:__main__:
【train】epoch:28/120 loss:0.1501 acc:0.9400
INFO:__main__:
【val】epoch:28/120 loss:0.3325 acc:0.8859
INFO:__main__:
【Val】:  SENS: 0.7680  SPEC: 0.9615  PPV: 0.9275  NPV: 0.8661 F1:0.8403
INFO:__main__:验证的best_acc:0.9062
INFO:__main__:----------------------------------------------------------------------------------------------------
INFO:__main__:
【train】epoch:29/120 loss:0.1449 acc:0.9462
INFO:__main__:
【val】epoch:29/120 loss:0.2930 acc:0.8859
INFO:__main__:
【Val】:  SENS: 0.7760  SPEC: 0.9564  PPV: 0.9194  NPV: 0.8695 F1:0.8416
INFO:__main__:验证的best_acc:0.9062
INFO:__main__:----------------------------------------------------------------------------------------------------
INFO:__main__:
【train】epoch:30/120 loss:0.1369 acc:0.9453
INFO:__main__:
【val】epoch:30/120 loss:0.2790 acc:0.8922
INFO:__main__:
【Val】:  SENS: 0.7960  SPEC: 0.9538  PPV: 0.9171  NPV: 0.8794 F1:0.8522
INFO:__main__:验证的best_acc:0.9062
INFO:__main__:----------------------------------------------------------------------------------------------------
INFO:__main__:
【train】epoch:31/120 loss:0.1302 acc:0.9478
INFO:__main__:
【val】epoch:31/120 loss:0.2965 acc:0.9125
INFO:__main__:
【Val】:  SENS: 0.8120  SPEC: 0.9769  PPV: 0.9575  NPV: 0.8902 F1:0.8788
INFO:__main__:验证的best_acc:0.9125
INFO:__main__:----------------------------------------------------------------------------------------------------
INFO:__main__:
【train】epoch:32/120 loss:0.1284 acc:0.9480
INFO:__main__:
【val】epoch:32/120 loss:0.3399 acc:0.8813
INFO:__main__:
【Val】:  SENS: 0.7440  SPEC: 0.9692  PPV: 0.9394  NPV: 0.8552 F1:0.8304
INFO:__main__:验证的best_acc:0.9125
INFO:__main__:----------------------------------------------------------------------------------------------------
INFO:__main__:
【train】epoch:33/120 loss:0.1363 acc:0.9455
INFO:__main__:
【val】epoch:33/120 loss:0.2510 acc:0.9141
INFO:__main__:
【Val】:  SENS: 0.8440  SPEC: 0.9590  PPV: 0.9295  NPV: 0.9056 F1:0.8847
INFO:__main__:验证的best_acc:0.9141
INFO:__main__:----------------------------------------------------------------------------------------------------
INFO:__main__:
【train】epoch:34/120 loss:0.1286 acc:0.9513
INFO:__main__:
【val】epoch:34/120 loss:0.3087 acc:0.9172
INFO:__main__:
【Val】:  SENS: 0.8280  SPEC: 0.9744  PPV: 0.9539  NPV: 0.8983 F1:0.8865
INFO:__main__:验证的best_acc:0.9172
INFO:__main__:----------------------------------------------------------------------------------------------------
INFO:__main__:
【train】epoch:35/120 loss:0.1172 acc:0.9548
INFO:__main__:
【val】epoch:35/120 loss:0.3475 acc:0.8922
INFO:__main__:
【Val】:  SENS: 0.7920  SPEC: 0.9564  PPV: 0.9209  NPV: 0.8776 F1:0.8516
INFO:__main__:验证的best_acc:0.9172
INFO:__main__:----------------------------------------------------------------------------------------------------
INFO:__main__:
【train】epoch:36/120 loss:0.1282 acc:0.9497
INFO:__main__:
【val】epoch:36/120 loss:0.2792 acc:0.9016
INFO:__main__:
【Val】:  SENS: 0.7960  SPEC: 0.9692  PPV: 0.9431  NPV: 0.8811 F1:0.8633
INFO:__main__:验证的best_acc:0.9172
INFO:__main__:----------------------------------------------------------------------------------------------------
INFO:__main__:
【train】epoch:37/120 loss:0.1202 acc:0.9559
INFO:__main__:
【val】epoch:37/120 loss:0.2798 acc:0.9047
INFO:__main__:
【Val】:  SENS: 0.8360  SPEC: 0.9487  PPV: 0.9127  NPV: 0.9002 F1:0.8727
INFO:__main__:验证的best_acc:0.9172
INFO:__main__:----------------------------------------------------------------------------------------------------
INFO:__main__:
【train】epoch:38/120 loss:0.1163 acc:0.9554
INFO:__main__:
【val】epoch:38/120 loss:0.2512 acc:0.9125
INFO:__main__:
【Val】:  SENS: 0.8840  SPEC: 0.9308  PPV: 0.8911  NPV: 0.9260 F1:0.8876
INFO:__main__:验证的best_acc:0.9172
INFO:__main__:----------------------------------------------------------------------------------------------------
INFO:__main__:
【train】epoch:39/120 loss:0.1065 acc:0.9610
INFO:__main__:
【val】epoch:39/120 loss:0.2962 acc:0.9172
INFO:__main__:
【Val】:  SENS: 0.8720  SPEC: 0.9462  PPV: 0.9121  NPV: 0.9202 F1:0.8916
INFO:__main__:验证的best_acc:0.9172
INFO:__main__:----------------------------------------------------------------------------------------------------
INFO:__main__:
【train】epoch:40/120 loss:0.1103 acc:0.9573
INFO:__main__:
【val】epoch:40/120 loss:0.2827 acc:0.9016
INFO:__main__:
【Val】:  SENS: 0.8160  SPEC: 0.9564  PPV: 0.9231  NPV: 0.8902 F1:0.8662
INFO:__main__:验证的best_acc:0.9172
INFO:__main__:----------------------------------------------------------------------------------------------------
INFO:__main__:
【train】epoch:41/120 loss:0.1034 acc:0.9606
INFO:__main__:
【val】epoch:41/120 loss:0.2721 acc:0.9187
INFO:__main__:
【Val】:  SENS: 0.8360  SPEC: 0.9718  PPV: 0.9500  NPV: 0.9024 F1:0.8894
INFO:__main__:验证的best_acc:0.9187
INFO:__main__:----------------------------------------------------------------------------------------------------
INFO:__main__:
【train】epoch:42/120 loss:0.1074 acc:0.9598
INFO:__main__:
【val】epoch:42/120 loss:0.2842 acc:0.9047
INFO:__main__:
【Val】:  SENS: 0.8400  SPEC: 0.9462  PPV: 0.9091  NPV: 0.9022 F1:0.8732
INFO:__main__:验证的best_acc:0.9187
INFO:__main__:----------------------------------------------------------------------------------------------------
INFO:__main__:
【train】epoch:43/120 loss:0.0952 acc:0.9639
INFO:__main__:
【val】epoch:43/120 loss:0.3002 acc:0.9094
INFO:__main__:
【Val】:  SENS: 0.8520  SPEC: 0.9462  PPV: 0.9103  NPV: 0.9089 F1:0.8802
INFO:__main__:验证的best_acc:0.9187
INFO:__main__:----------------------------------------------------------------------------------------------------
INFO:__main__:
【train】epoch:44/120 loss:0.0957 acc:0.9631
INFO:__main__:
【val】epoch:44/120 loss:0.2677 acc:0.9094
INFO:__main__:
【Val】:  SENS: 0.8400  SPEC: 0.9538  PPV: 0.9211  NPV: 0.9029 F1:0.8787
INFO:__main__:验证的best_acc:0.9187
INFO:__main__:----------------------------------------------------------------------------------------------------
INFO:__main__:
【train】epoch:45/120 loss:0.0992 acc:0.9600
INFO:__main__:
【val】epoch:45/120 loss:0.2717 acc:0.9031
INFO:__main__:
【Val】:  SENS: 0.8400  SPEC: 0.9436  PPV: 0.9052  NPV: 0.9020 F1:0.8714
INFO:__main__:验证的best_acc:0.9187
INFO:__main__:----------------------------------------------------------------------------------------------------
INFO:__main__:
【train】epoch:46/120 loss:0.0907 acc:0.9668
INFO:__main__:
【val】epoch:46/120 loss:0.2959 acc:0.9062
INFO:__main__:
【Val】:  SENS: 0.8320  SPEC: 0.9538  PPV: 0.9204  NPV: 0.8986 F1:0.8739
INFO:__main__:验证的best_acc:0.9187
INFO:__main__:----------------------------------------------------------------------------------------------------
INFO:__main__:
【train】epoch:47/120 loss:0.0958 acc:0.9643
INFO:__main__:
【val】epoch:47/120 loss:0.3103 acc:0.9062
INFO:__main__:
【Val】:  SENS: 0.8240  SPEC: 0.9590  PPV: 0.9279  NPV: 0.8947 F1:0.8729
INFO:__main__:验证的best_acc:0.9187
INFO:__main__:----------------------------------------------------------------------------------------------------
INFO:__main__:
【train】epoch:48/120 loss:0.0974 acc:0.9618
INFO:__main__:
【val】epoch:48/120 loss:0.2608 acc:0.9219
INFO:__main__:
【Val】:  SENS: 0.9160  SPEC: 0.9256  PPV: 0.8876  NPV: 0.9450 F1:0.9016
INFO:__main__:验证的best_acc:0.9219
INFO:__main__:----------------------------------------------------------------------------------------------------
INFO:__main__:
【train】epoch:49/120 loss:0.0748 acc:0.9724
INFO:__main__:
【val】epoch:49/120 loss:0.3323 acc:0.9109
INFO:__main__:
【Val】:  SENS: 0.8800  SPEC: 0.9308  PPV: 0.8907  NPV: 0.9237 F1:0.8853
INFO:__main__:验证的best_acc:0.9219
INFO:__main__:----------------------------------------------------------------------------------------------------
INFO:__main__:
【train】epoch:50/120 loss:0.0828 acc:0.9664
INFO:__main__:
【val】epoch:50/120 loss:0.3298 acc:0.9125
INFO:__main__:
【Val】:  SENS: 0.8760  SPEC: 0.9359  PPV: 0.8975  NPV: 0.9217 F1:0.8866
INFO:__main__:验证的best_acc:0.9219
INFO:__main__:----------------------------------------------------------------------------------------------------
INFO:__main__:
【train】epoch:51/120 loss:0.0784 acc:0.9697
INFO:__main__:
【val】epoch:51/120 loss:0.2980 acc:0.9187
INFO:__main__:
【Val】:  SENS: 0.8640  SPEC: 0.9538  PPV: 0.9231  NPV: 0.9163 F1:0.8926
INFO:__main__:验证的best_acc:0.9219
INFO:__main__:----------------------------------------------------------------------------------------------------
INFO:__main__:
【train】epoch:52/120 loss:0.0667 acc:0.9761
INFO:__main__:
【val】epoch:52/120 loss:0.3135 acc:0.9156
INFO:__main__:
【Val】:  SENS: 0.8640  SPEC: 0.9487  PPV: 0.9153  NPV: 0.9158 F1:0.8889
INFO:__main__:验证的best_acc:0.9219
INFO:__main__:----------------------------------------------------------------------------------------------------
INFO:__main__:
【train】epoch:53/120 loss:0.0812 acc:0.9691
INFO:__main__:
【val】epoch:53/120 loss:0.3074 acc:0.9031
INFO:__main__:
【Val】:  SENS: 0.8200  SPEC: 0.9564  PPV: 0.9234  NPV: 0.8923 F1:0.8686
INFO:__main__:验证的best_acc:0.9219
INFO:__main__:----------------------------------------------------------------------------------------------------
INFO:__main__:
【train】epoch:54/120 loss:0.0742 acc:0.9707
INFO:__main__:
【val】epoch:54/120 loss:0.2830 acc:0.9203
INFO:__main__:
【Val】:  SENS: 0.8920  SPEC: 0.9385  PPV: 0.9028  NPV: 0.9313 F1:0.8974
INFO:__main__:验证的best_acc:0.9219
INFO:__main__:----------------------------------------------------------------------------------------------------
INFO:__main__:
【train】epoch:55/120 loss:0.0747 acc:0.9688
INFO:__main__:
【val】epoch:55/120 loss:0.3223 acc:0.9094
INFO:__main__:
【Val】:  SENS: 0.8360  SPEC: 0.9564  PPV: 0.9248  NPV: 0.9010 F1:0.8782
INFO:__main__:验证的best_acc:0.9219
INFO:__main__:----------------------------------------------------------------------------------------------------
INFO:__main__:
【train】epoch:56/120 loss:0.0676 acc:0.9736
INFO:__main__:
【val】epoch:56/120 loss:0.2581 acc:0.9203
INFO:__main__:
【Val】:  SENS: 0.8920  SPEC: 0.9385  PPV: 0.9028  NPV: 0.9313 F1:0.8974
INFO:__main__:验证的best_acc:0.9219
INFO:__main__:----------------------------------------------------------------------------------------------------
INFO:__main__:
【train】epoch:57/120 loss:0.0724 acc:0.9720
INFO:__main__:
【val】epoch:57/120 loss:0.2563 acc:0.9187
INFO:__main__:
【Val】:  SENS: 0.8640  SPEC: 0.9538  PPV: 0.9231  NPV: 0.9163 F1:0.8926
INFO:__main__:验证的best_acc:0.9219
INFO:__main__:----------------------------------------------------------------------------------------------------
INFO:__main__:
【train】epoch:58/120 loss:0.0690 acc:0.9740
INFO:__main__:
【val】epoch:58/120 loss:0.2680 acc:0.9172
INFO:__main__:
【Val】:  SENS: 0.8920  SPEC: 0.9333  PPV: 0.8956  NPV: 0.9309 F1:0.8938
INFO:__main__:验证的best_acc:0.9219
INFO:__main__:----------------------------------------------------------------------------------------------------
INFO:__main__:
【train】epoch:59/120 loss:0.0662 acc:0.9746
INFO:__main__:
【val】epoch:59/120 loss:0.2812 acc:0.9281
INFO:__main__:
【Val】:  SENS: 0.8840  SPEC: 0.9564  PPV: 0.9286  NPV: 0.9279 F1:0.9057
INFO:__main__:验证的best_acc:0.9281
INFO:__main__:----------------------------------------------------------------------------------------------------
INFO:__main__:
【train】epoch:60/120 loss:0.0631 acc:0.9744
INFO:__main__:
【val】epoch:60/120 loss:0.3141 acc:0.9156
INFO:__main__:
【Val】:  SENS: 0.8600  SPEC: 0.9513  PPV: 0.9188  NPV: 0.9138 F1:0.8884
INFO:__main__:验证的best_acc:0.9281
INFO:__main__:----------------------------------------------------------------------------------------------------
INFO:__main__:
【train】epoch:61/120 loss:0.0595 acc:0.9788
INFO:__main__:
【val】epoch:61/120 loss:0.3190 acc:0.9078
INFO:__main__:
【Val】:  SENS: 0.8960  SPEC: 0.9154  PPV: 0.8716  NPV: 0.9321 F1:0.8836
INFO:__main__:验证的best_acc:0.9281
INFO:__main__:----------------------------------------------------------------------------------------------------
INFO:__main__:
【train】epoch:62/120 loss:0.0588 acc:0.9779
INFO:__main__:
【val】epoch:62/120 loss:0.2925 acc:0.9187
INFO:__main__:
【Val】:  SENS: 0.8880  SPEC: 0.9385  PPV: 0.9024  NPV: 0.9289 F1:0.8952
INFO:__main__:验证的best_acc:0.9281
INFO:__main__:----------------------------------------------------------------------------------------------------
INFO:__main__:
【train】epoch:63/120 loss:0.0558 acc:0.9786
INFO:__main__:
【val】epoch:63/120 loss:0.3275 acc:0.9156
INFO:__main__:
【Val】:  SENS: 0.8880  SPEC: 0.9333  PPV: 0.8952  NPV: 0.9286 F1:0.8916
INFO:__main__:验证的best_acc:0.9281
INFO:__main__:----------------------------------------------------------------------------------------------------
INFO:__main__:
【train】epoch:64/120 loss:0.0535 acc:0.9804
INFO:__main__:
【val】epoch:64/120 loss:0.3130 acc:0.9172
INFO:__main__:
【Val】:  SENS: 0.8840  SPEC: 0.9385  PPV: 0.9020  NPV: 0.9266 F1:0.8929
INFO:__main__:验证的best_acc:0.9281
INFO:__main__:----------------------------------------------------------------------------------------------------
INFO:__main__:
【train】epoch:65/120 loss:0.0611 acc:0.9769
INFO:__main__:
【val】epoch:65/120 loss:0.2894 acc:0.9234
INFO:__main__:
【Val】:  SENS: 0.8960  SPEC: 0.9410  PPV: 0.9069  NPV: 0.9338 F1:0.9014
INFO:__main__:验证的best_acc:0.9281
INFO:__main__:----------------------------------------------------------------------------------------------------
INFO:__main__:
【train】epoch:66/120 loss:0.0563 acc:0.9771
INFO:__main__:
【val】epoch:66/120 loss:0.3259 acc:0.9047
INFO:__main__:
【Val】:  SENS: 0.8600  SPEC: 0.9333  PPV: 0.8921  NPV: 0.9123 F1:0.8758
INFO:__main__:验证的best_acc:0.9281
INFO:__main__:----------------------------------------------------------------------------------------------------
INFO:__main__:
【train】epoch:67/120 loss:0.0609 acc:0.9786
INFO:__main__:
【val】epoch:67/120 loss:0.3185 acc:0.9172
INFO:__main__:
【Val】:  SENS: 0.8920  SPEC: 0.9333  PPV: 0.8956  NPV: 0.9309 F1:0.8938
INFO:__main__:验证的best_acc:0.9281
INFO:__main__:----------------------------------------------------------------------------------------------------
INFO:__main__:
【train】epoch:68/120 loss:0.0519 acc:0.9798
INFO:__main__:
【val】epoch:68/120 loss:0.2884 acc:0.9141
INFO:__main__:
【Val】:  SENS: 0.9080  SPEC: 0.9179  PPV: 0.8764  NPV: 0.9396 F1:0.8919
INFO:__main__:验证的best_acc:0.9281
INFO:__main__:----------------------------------------------------------------------------------------------------
INFO:__main__:
【train】epoch:69/120 loss:0.0561 acc:0.9798
INFO:__main__:
【val】epoch:69/120 loss:0.2927 acc:0.9141
INFO:__main__:
【Val】:  SENS: 0.9000  SPEC: 0.9231  PPV: 0.8824  NPV: 0.9351 F1:0.8911
INFO:__main__:验证的best_acc:0.9281
INFO:__main__:----------------------------------------------------------------------------------------------------
INFO:__main__:
【train】epoch:70/120 loss:0.0491 acc:0.9804
INFO:__main__:
【val】epoch:70/120 loss:0.3259 acc:0.9109
INFO:__main__:
【Val】:  SENS: 0.8920  SPEC: 0.9231  PPV: 0.8814  NPV: 0.9302 F1:0.8867
INFO:__main__:验证的best_acc:0.9281
INFO:__main__:----------------------------------------------------------------------------------------------------
INFO:__main__:
【train】epoch:71/120 loss:0.0557 acc:0.9806
INFO:__main__:
【val】epoch:71/120 loss:0.3342 acc:0.9109
INFO:__main__:
【Val】:  SENS: 0.8600  SPEC: 0.9436  PPV: 0.9072  NPV: 0.9132 F1:0.8830
INFO:__main__:验证的best_acc:0.9281
INFO:__main__:----------------------------------------------------------------------------------------------------
INFO:__main__:
【train】epoch:72/120 loss:0.0457 acc:0.9835
INFO:__main__:
【val】epoch:72/120 loss:0.3282 acc:0.9094
INFO:__main__:
【Val】:  SENS: 0.8720  SPEC: 0.9333  PPV: 0.8934  NPV: 0.9192 F1:0.8826
INFO:__main__:验证的best_acc:0.9281
INFO:__main__:----------------------------------------------------------------------------------------------------
INFO:__main__:
【train】epoch:73/120 loss:0.0439 acc:0.9841
INFO:__main__:
【val】epoch:73/120 loss:0.2962 acc:0.9250
INFO:__main__:
【Val】:  SENS: 0.8760  SPEC: 0.9564  PPV: 0.9280  NPV: 0.9233 F1:0.9012
INFO:__main__:验证的best_acc:0.9281
INFO:__main__:----------------------------------------------------------------------------------------------------
INFO:__main__:
【train】epoch:74/120 loss:0.0525 acc:0.9808
INFO:__main__:
【val】epoch:74/120 loss:0.2920 acc:0.9219
INFO:__main__:
【Val】:  SENS: 0.8920  SPEC: 0.9410  PPV: 0.9065  NPV: 0.9315 F1:0.8992
INFO:__main__:验证的best_acc:0.9281
INFO:__main__:----------------------------------------------------------------------------------------------------
INFO:__main__:
【train】epoch:75/120 loss:0.0418 acc:0.9833
INFO:__main__:
【val】epoch:75/120 loss:0.3151 acc:0.9234
INFO:__main__:
【Val】:  SENS: 0.8920  SPEC: 0.9436  PPV: 0.9102  NPV: 0.9316 F1:0.9010
INFO:__main__:验证的best_acc:0.9281
INFO:__main__:----------------------------------------------------------------------------------------------------
INFO:__main__:
【train】epoch:76/120 loss:0.0505 acc:0.9796
INFO:__main__:
【val】epoch:76/120 loss:0.2616 acc:0.9219
INFO:__main__:
【Val】:  SENS: 0.8920  SPEC: 0.9410  PPV: 0.9065  NPV: 0.9315 F1:0.8992
INFO:__main__:验证的best_acc:0.9281
INFO:__main__:----------------------------------------------------------------------------------------------------
INFO:__main__:
【train】epoch:77/120 loss:0.0368 acc:0.9858
INFO:__main__:
【val】epoch:77/120 loss:0.3450 acc:0.9172
INFO:__main__:
【Val】:  SENS: 0.8520  SPEC: 0.9590  PPV: 0.9301  NPV: 0.9100 F1:0.8894
INFO:__main__:验证的best_acc:0.9281
INFO:__main__:----------------------------------------------------------------------------------------------------
INFO:__main__:
【train】epoch:78/120 loss:0.0459 acc:0.9819
INFO:__main__:
【val】epoch:78/120 loss:0.3552 acc:0.9172
INFO:__main__:
【Val】:  SENS: 0.8800  SPEC: 0.9410  PPV: 0.9053  NPV: 0.9244 F1:0.8925
INFO:__main__:验证的best_acc:0.9281
INFO:__main__:----------------------------------------------------------------------------------------------------
INFO:__main__:
【train】epoch:79/120 loss:0.0418 acc:0.9852
INFO:__main__:
【val】epoch:79/120 loss:0.3248 acc:0.9219
INFO:__main__:
【Val】:  SENS: 0.8880  SPEC: 0.9436  PPV: 0.9098  NPV: 0.9293 F1:0.8988
INFO:__main__:验证的best_acc:0.9281
INFO:__main__:----------------------------------------------------------------------------------------------------
INFO:__main__:
【train】epoch:80/120 loss:0.0418 acc:0.9851
INFO:__main__:
【val】epoch:80/120 loss:0.3502 acc:0.9156
INFO:__main__:
【Val】:  SENS: 0.8840  SPEC: 0.9359  PPV: 0.8984  NPV: 0.9264 F1:0.8911
INFO:__main__:验证的best_acc:0.9281
INFO:__main__:----------------------------------------------------------------------------------------------------
INFO:__main__:
【train】epoch:81/120 loss:0.0333 acc:0.9880
INFO:__main__:
【val】epoch:81/120 loss:0.3608 acc:0.9109
INFO:__main__:
【Val】:  SENS: 0.8840  SPEC: 0.9282  PPV: 0.8876  NPV: 0.9258 F1:0.8858
INFO:__main__:验证的best_acc:0.9281
INFO:__main__:----------------------------------------------------------------------------------------------------
INFO:__main__:
【train】epoch:82/120 loss:0.0424 acc:0.9835
INFO:__main__:
【val】epoch:82/120 loss:0.3340 acc:0.9141
INFO:__main__:
【Val】:  SENS: 0.8640  SPEC: 0.9462  PPV: 0.9114  NPV: 0.9156 F1:0.8871
INFO:__main__:验证的best_acc:0.9281
INFO:__main__:----------------------------------------------------------------------------------------------------
INFO:__main__:
【train】epoch:83/120 loss:0.0313 acc:0.9887
INFO:__main__:
【val】epoch:83/120 loss:0.3680 acc:0.9172
INFO:__main__:
【Val】:  SENS: 0.8720  SPEC: 0.9462  PPV: 0.9121  NPV: 0.9202 F1:0.8916
INFO:__main__:验证的best_acc:0.9281
INFO:__main__:----------------------------------------------------------------------------------------------------
INFO:__main__:
【train】epoch:84/120 loss:0.0360 acc:0.9862
INFO:__main__:
【val】epoch:84/120 loss:0.3576 acc:0.9234
INFO:__main__:
【Val】:  SENS: 0.8880  SPEC: 0.9462  PPV: 0.9136  NPV: 0.9295 F1:0.9006
INFO:__main__:验证的best_acc:0.9281
INFO:__main__:----------------------------------------------------------------------------------------------------
INFO:__main__:
【train】epoch:85/120 loss:0.0431 acc:0.9849
INFO:__main__:
【val】epoch:85/120 loss:0.3136 acc:0.9172
INFO:__main__:
【Val】:  SENS: 0.8880  SPEC: 0.9359  PPV: 0.8988  NPV: 0.9288 F1:0.8934
INFO:__main__:验证的best_acc:0.9281
INFO:__main__:----------------------------------------------------------------------------------------------------
INFO:__main__:
【train】epoch:86/120 loss:0.0280 acc:0.9893
INFO:__main__:
【val】epoch:86/120 loss:0.3770 acc:0.9172
INFO:__main__:
【Val】:  SENS: 0.8720  SPEC: 0.9462  PPV: 0.9121  NPV: 0.9202 F1:0.8916
INFO:__main__:验证的best_acc:0.9281
INFO:__main__:----------------------------------------------------------------------------------------------------
INFO:__main__:
【train】epoch:87/120 loss:0.0348 acc:0.9874
INFO:__main__:
【val】epoch:87/120 loss:0.2952 acc:0.9234
INFO:__main__:
【Val】:  SENS: 0.9000  SPEC: 0.9385  PPV: 0.9036  NPV: 0.9361 F1:0.9018
INFO:__main__:验证的best_acc:0.9281
INFO:__main__:----------------------------------------------------------------------------------------------------
INFO:__main__:
【train】epoch:88/120 loss:0.0264 acc:0.9897
INFO:__main__:
【val】epoch:88/120 loss:0.3450 acc:0.9125
INFO:__main__:
【Val】:  SENS: 0.8880  SPEC: 0.9282  PPV: 0.8880  NPV: 0.9282 F1:0.8880
INFO:__main__:验证的best_acc:0.9281
INFO:__main__:----------------------------------------------------------------------------------------------------
INFO:__main__:
【train】epoch:89/120 loss:0.0288 acc:0.9897
INFO:__main__:
【val】epoch:89/120 loss:0.3796 acc:0.9203
INFO:__main__:
【Val】:  SENS: 0.8880  SPEC: 0.9410  PPV: 0.9061  NPV: 0.9291 F1:0.8970
INFO:__main__:验证的best_acc:0.9281
INFO:__main__:----------------------------------------------------------------------------------------------------
INFO:__main__:
【train】epoch:90/120 loss:0.0294 acc:0.9891
INFO:__main__:
【val】epoch:90/120 loss:0.3606 acc:0.9281
INFO:__main__:
【Val】:  SENS: 0.8720  SPEC: 0.9641  PPV: 0.9397  NPV: 0.9216 F1:0.9046
INFO:__main__:验证的best_acc:0.9281
INFO:__main__:----------------------------------------------------------------------------------------------------
INFO:__main__:
【train】epoch:91/120 loss:0.0330 acc:0.9874
INFO:__main__:
【val】epoch:91/120 loss:0.3402 acc:0.9187
INFO:__main__:
【Val】:  SENS: 0.8840  SPEC: 0.9410  PPV: 0.9057  NPV: 0.9268 F1:0.8947
INFO:__main__:验证的best_acc:0.9281
INFO:__main__:----------------------------------------------------------------------------------------------------
INFO:__main__:
【train】epoch:92/120 loss:0.0341 acc:0.9878
INFO:__main__:
【val】epoch:92/120 loss:0.3472 acc:0.9266
INFO:__main__:
【Val】:  SENS: 0.8800  SPEC: 0.9564  PPV: 0.9283  NPV: 0.9256 F1:0.9035
INFO:__main__:验证的best_acc:0.9281
INFO:__main__:----------------------------------------------------------------------------------------------------
INFO:__main__:
【train】epoch:93/120 loss:0.0219 acc:0.9913
INFO:__main__:
【val】epoch:93/120 loss:0.3721 acc:0.9125
INFO:__main__:
【Val】:  SENS: 0.8960  SPEC: 0.9231  PPV: 0.8819  NPV: 0.9326 F1:0.8889
INFO:__main__:验证的best_acc:0.9281
INFO:__main__:----------------------------------------------------------------------------------------------------
INFO:__main__:
【train】epoch:94/120 loss:0.0271 acc:0.9907
INFO:__main__:
【val】epoch:94/120 loss:0.3552 acc:0.9250
INFO:__main__:
【Val】:  SENS: 0.9000  SPEC: 0.9410  PPV: 0.9073  NPV: 0.9362 F1:0.9036
INFO:__main__:验证的best_acc:0.9281
INFO:__main__:----------------------------------------------------------------------------------------------------
INFO:__main__:
【train】epoch:95/120 loss:0.0224 acc:0.9920
INFO:__main__:
【val】epoch:95/120 loss:0.3482 acc:0.9266
INFO:__main__:
【Val】:  SENS: 0.9000  SPEC: 0.9436  PPV: 0.9109  NPV: 0.9364 F1:0.9054
INFO:__main__:验证的best_acc:0.9281
INFO:__main__:----------------------------------------------------------------------------------------------------
INFO:__main__:
【train】epoch:96/120 loss:0.0295 acc:0.9893
INFO:__main__:
【val】epoch:96/120 loss:0.2995 acc:0.9297
INFO:__main__:
【Val】:  SENS: 0.9000  SPEC: 0.9487  PPV: 0.9184  NPV: 0.9367 F1:0.9091
INFO:__main__:验证的best_acc:0.9297
INFO:__main__:----------------------------------------------------------------------------------------------------
INFO:__main__:
【train】epoch:97/120 loss:0.0287 acc:0.9899
INFO:__main__:
【val】epoch:97/120 loss:0.3275 acc:0.9219
INFO:__main__:
【Val】:  SENS: 0.8920  SPEC: 0.9410  PPV: 0.9065  NPV: 0.9315 F1:0.8992
INFO:__main__:验证的best_acc:0.9297
INFO:__main__:----------------------------------------------------------------------------------------------------
INFO:__main__:
【train】epoch:98/120 loss:0.0244 acc:0.9915
INFO:__main__:
【val】epoch:98/120 loss:0.3687 acc:0.9250
INFO:__main__:
【Val】:  SENS: 0.8840  SPEC: 0.9513  PPV: 0.9208  NPV: 0.9275 F1:0.9020
INFO:__main__:验证的best_acc:0.9297
INFO:__main__:----------------------------------------------------------------------------------------------------
INFO:__main__:
【train】epoch:99/120 loss:0.0282 acc:0.9903
INFO:__main__:
【val】epoch:99/120 loss:0.3591 acc:0.9266
INFO:__main__:
【Val】:  SENS: 0.9000  SPEC: 0.9436  PPV: 0.9109  NPV: 0.9364 F1:0.9054
INFO:__main__:验证的best_acc:0.9297
INFO:__main__:----------------------------------------------------------------------------------------------------
INFO:__main__:
【train】epoch:100/120 loss:0.0254 acc:0.9903
INFO:__main__:
【val】epoch:100/120 loss:0.3362 acc:0.9234
INFO:__main__:
【Val】:  SENS: 0.9040  SPEC: 0.9359  PPV: 0.9004  NPV: 0.9383 F1:0.9022
INFO:__main__:验证的best_acc:0.9297
INFO:__main__:----------------------------------------------------------------------------------------------------
INFO:__main__:
【train】epoch:101/120 loss:0.0243 acc:0.9909
INFO:__main__:
【val】epoch:101/120 loss:0.3771 acc:0.9234
INFO:__main__:
【Val】:  SENS: 0.8800  SPEC: 0.9513  PPV: 0.9205  NPV: 0.9252 F1:0.8998
INFO:__main__:验证的best_acc:0.9297
INFO:__main__:----------------------------------------------------------------------------------------------------
INFO:__main__:
【train】epoch:102/120 loss:0.0233 acc:0.9918
INFO:__main__:
【val】epoch:102/120 loss:0.3833 acc:0.9281
INFO:__main__:
【Val】:  SENS: 0.8960  SPEC: 0.9487  PPV: 0.9180  NPV: 0.9343 F1:0.9069
INFO:__main__:验证的best_acc:0.9297
INFO:__main__:----------------------------------------------------------------------------------------------------
INFO:__main__:
【train】epoch:103/120 loss:0.0245 acc:0.9917
INFO:__main__:
【val】epoch:103/120 loss:0.3697 acc:0.9187
INFO:__main__:
【Val】:  SENS: 0.8880  SPEC: 0.9385  PPV: 0.9024  NPV: 0.9289 F1:0.8952
INFO:__main__:验证的best_acc:0.9297
INFO:__main__:----------------------------------------------------------------------------------------------------
INFO:__main__:
【train】epoch:104/120 loss:0.0203 acc:0.9934
INFO:__main__:
【val】epoch:104/120 loss:0.3624 acc:0.9250
INFO:__main__:
【Val】:  SENS: 0.9080  SPEC: 0.9359  PPV: 0.9008  NPV: 0.9407 F1:0.9044
INFO:__main__:验证的best_acc:0.9297
INFO:__main__:----------------------------------------------------------------------------------------------------
INFO:__main__:
【train】epoch:105/120 loss:0.0203 acc:0.9936
INFO:__main__:
【val】epoch:105/120 loss:0.3384 acc:0.9328
INFO:__main__:
【Val】:  SENS: 0.8920  SPEC: 0.9590  PPV: 0.9331  NPV: 0.9327 F1:0.9121
INFO:__main__:验证的best_acc:0.9328
INFO:__main__:----------------------------------------------------------------------------------------------------
INFO:__main__:
【train】epoch:106/120 loss:0.0238 acc:0.9903
INFO:__main__:
【val】epoch:106/120 loss:0.3532 acc:0.9297
INFO:__main__:
【Val】:  SENS: 0.8800  SPEC: 0.9615  PPV: 0.9362  NPV: 0.9259 F1:0.9072
INFO:__main__:验证的best_acc:0.9328
INFO:__main__:----------------------------------------------------------------------------------------------------
INFO:__main__:
【train】epoch:107/120 loss:0.0198 acc:0.9928
INFO:__main__:
【val】epoch:107/120 loss:0.3561 acc:0.9250
INFO:__main__:
【Val】:  SENS: 0.8920  SPEC: 0.9462  PPV: 0.9139  NPV: 0.9318 F1:0.9028
INFO:__main__:验证的best_acc:0.9328
INFO:__main__:----------------------------------------------------------------------------------------------------
INFO:__main__:
【train】epoch:108/120 loss:0.0223 acc:0.9901
INFO:__main__:
【val】epoch:108/120 loss:0.3248 acc:0.9266
INFO:__main__:
【Val】:  SENS: 0.8880  SPEC: 0.9513  PPV: 0.9212  NPV: 0.9298 F1:0.9043
INFO:__main__:验证的best_acc:0.9328
INFO:__main__:----------------------------------------------------------------------------------------------------
INFO:__main__:
【train】epoch:109/120 loss:0.0162 acc:0.9944
INFO:__main__:
【val】epoch:109/120 loss:0.3212 acc:0.9344
INFO:__main__:
【Val】:  SENS: 0.9120  SPEC: 0.9487  PPV: 0.9194  NPV: 0.9439 F1:0.9157
INFO:__main__:验证的best_acc:0.9344
INFO:__main__:----------------------------------------------------------------------------------------------------
INFO:__main__:
【train】epoch:110/120 loss:0.0183 acc:0.9932
INFO:__main__:
【val】epoch:110/120 loss:0.3666 acc:0.9203
INFO:__main__:
【Val】:  SENS: 0.8880  SPEC: 0.9410  PPV: 0.9061  NPV: 0.9291 F1:0.8970
INFO:__main__:验证的best_acc:0.9344
INFO:__main__:----------------------------------------------------------------------------------------------------
INFO:__main__:
【train】epoch:111/120 loss:0.0206 acc:0.9930
INFO:__main__:
【val】epoch:111/120 loss:0.3602 acc:0.9266
INFO:__main__:
【Val】:  SENS: 0.8840  SPEC: 0.9538  PPV: 0.9247  NPV: 0.9277 F1:0.9039
INFO:__main__:验证的best_acc:0.9344
INFO:__main__:----------------------------------------------------------------------------------------------------
INFO:__main__:
【train】epoch:112/120 loss:0.0184 acc:0.9928
INFO:__main__:
【val】epoch:112/120 loss:0.3518 acc:0.9250
INFO:__main__:
【Val】:  SENS: 0.8800  SPEC: 0.9538  PPV: 0.9244  NPV: 0.9254 F1:0.9016
INFO:__main__:验证的best_acc:0.9344
INFO:__main__:----------------------------------------------------------------------------------------------------
INFO:__main__:
【train】epoch:113/120 loss:0.0150 acc:0.9948
INFO:__main__:
【val】epoch:113/120 loss:0.3733 acc:0.9281
INFO:__main__:
【Val】:  SENS: 0.8880  SPEC: 0.9538  PPV: 0.9250  NPV: 0.9300 F1:0.9061
INFO:__main__:验证的best_acc:0.9344
INFO:__main__:----------------------------------------------------------------------------------------------------
INFO:__main__:
【train】epoch:114/120 loss:0.0156 acc:0.9944
INFO:__main__:
【val】epoch:114/120 loss:0.3540 acc:0.9359
INFO:__main__:
【Val】:  SENS: 0.9000  SPEC: 0.9590  PPV: 0.9336  NPV: 0.9373 F1:0.9165
INFO:__main__:验证的best_acc:0.9359
INFO:__main__:----------------------------------------------------------------------------------------------------
INFO:__main__:
【train】epoch:115/120 loss:0.0148 acc:0.9944
INFO:__main__:
【val】epoch:115/120 loss:0.4253 acc:0.9219
INFO:__main__:
【Val】:  SENS: 0.8840  SPEC: 0.9462  PPV: 0.9132  NPV: 0.9271 F1:0.8984
INFO:__main__:验证的best_acc:0.9359
INFO:__main__:----------------------------------------------------------------------------------------------------
INFO:__main__:
【train】epoch:116/120 loss:0.0137 acc:0.9944
INFO:__main__:
【val】epoch:116/120 loss:0.4118 acc:0.9281
INFO:__main__:
【Val】:  SENS: 0.8960  SPEC: 0.9487  PPV: 0.9180  NPV: 0.9343 F1:0.9069
INFO:__main__:验证的best_acc:0.9359
INFO:__main__:----------------------------------------------------------------------------------------------------
INFO:__main__:
【train】epoch:117/120 loss:0.0199 acc:0.9930
INFO:__main__:
【val】epoch:117/120 loss:0.4031 acc:0.9234
INFO:__main__:
【Val】:  SENS: 0.8880  SPEC: 0.9462  PPV: 0.9136  NPV: 0.9295 F1:0.9006
INFO:__main__:验证的best_acc:0.9359
INFO:__main__:----------------------------------------------------------------------------------------------------
INFO:__main__:
【train】epoch:118/120 loss:0.0195 acc:0.9930
INFO:__main__:
【val】epoch:118/120 loss:0.3818 acc:0.9281
INFO:__main__:
【Val】:  SENS: 0.8840  SPEC: 0.9564  PPV: 0.9286  NPV: 0.9279 F1:0.9057
INFO:__main__:验证的best_acc:0.9359
INFO:__main__:----------------------------------------------------------------------------------------------------
INFO:__main__:
【train】epoch:119/120 loss:0.0152 acc:0.9938
INFO:__main__:
【val】epoch:119/120 loss:0.3709 acc:0.9266
INFO:__main__:
【Val】:  SENS: 0.8880  SPEC: 0.9513  PPV: 0.9212  NPV: 0.9298 F1:0.9043
INFO:__main__:验证的best_acc:0.9359
INFO:__main__:----------------------------------------------------------------------------------------------------
INFO:__main__:****************************************************************************************************
INFO:__main__:Val_LOSS:['0.5614', '0.5424', '0.4008', '0.3552', '0.3525', '0.3293', '0.3215', '0.3021', '0.3817', '0.3069', '0.2642', '0.2784', '0.3176', '0.2462', '0.2993', '0.2929', '0.3563', '0.3011', '0.2861', '0.2782', '0.2604', '0.3332', '0.3858', '0.4066', '0.3482', '0.2566', '0.2930', '0.2836', '0.3325', '0.2930', '0.2790', '0.2965', '0.3399', '0.2510', '0.3087', '0.3475', '0.2792', '0.2798', '0.2512', '0.2962', '0.2827', '0.2721', '0.2842', '0.3002', '0.2677', '0.2717', '0.2959', '0.3103', '0.2608', '0.3323', '0.3298', '0.2980', '0.3135', '0.3074', '0.2830', '0.3223', '0.2581', '0.2563', '0.2680', '0.2812', '0.3141', '0.3190', '0.2925', '0.3275', '0.3130', '0.2894', '0.3259', '0.3185', '0.2884', '0.2927', '0.3259', '0.3342', '0.3282', '0.2962', '0.2920', '0.3151', '0.2616', '0.3450', '0.3552', '0.3248', '0.3502', '0.3608', '0.3340', '0.3680', '0.3576', '0.3136', '0.3770', '0.2952', '0.3450', '0.3796', '0.3606', '0.3402', '0.3472', '0.3721', '0.3552', '0.3482', '0.2995', '0.3275', '0.3687', '0.3591', '0.3362', '0.3771', '0.3833', '0.3697', '0.3624', '0.3384', '0.3532', '0.3561', '0.3248', '0.3212', '0.3666', '0.3602', '0.3518', '0.3733', '0.3540', '0.4253', '0.4118', '0.4031', '0.3818', '0.3709']
INFO:__main__:Val_ACC:['0.7078', '0.7422', '0.8062', '0.8313', '0.8359', '0.8391', '0.8500', '0.8562', '0.8313', '0.8656', '0.8969', '0.8797', '0.8813', '0.9062', '0.8797', '0.8781', '0.8531', '0.8750', '0.8875', '0.8969', '0.9000', '0.8687', '0.8703', '0.8547', '0.8766', '0.9047', '0.8906', '0.8969', '0.8859', '0.8859', '0.8922', '0.9125', '0.8813', '0.9141', '0.9172', '0.8922', '0.9016', '0.9047', '0.9125', '0.9172', '0.9016', '0.9187', '0.9047', '0.9094', '0.9094', '0.9031', '0.9062', '0.9062', '0.9219', '0.9109', '0.9125', '0.9187', '0.9156', '0.9031', '0.9203', '0.9094', '0.9203', '0.9187', '0.9172', '0.9281', '0.9156', '0.9078', '0.9187', '0.9156', '0.9172', '0.9234', '0.9047', '0.9172', '0.9141', '0.9141', '0.9109', '0.9109', '0.9094', '0.9250', '0.9219', '0.9234', '0.9219', '0.9172', '0.9172', '0.9219', '0.9156', '0.9109', '0.9141', '0.9172', '0.9234', '0.9172', '0.9172', '0.9234', '0.9125', '0.9203', '0.9281', '0.9187', '0.9266', '0.9125', '0.9250', '0.9266', '0.9297', '0.9219', '0.9250', '0.9266', '0.9234', '0.9234', '0.9281', '0.9187', '0.9250', '0.9328', '0.9297', '0.9250', '0.9266', '0.9344', '0.9203', '0.9266', '0.9250', '0.9281', '0.9359', '0.9219', '0.9281', '0.9234', '0.9281', '0.9266']
INFO:__main__:****************************************************************************************************
INFO:__main__: epoch0 测试test_Loss: 0.3031  test_ACC: 0.9329  
INFO:__main__:SENS: 0.9154 SPEC: 0.9444 PPV: 0.9154 NPV: 0.9444 F1:0.9154
INFO:__main__:test_Best_acc:0.9329
INFO:__main__:flops:2296042912.0  params:14051829.0
