INFO:__main__:
【train】epoch:0/150 loss:0.6779 acc:0.5828
INFO:__main__:
【val】epoch:0/150 loss:0.6743 acc:0.5582
INFO:__main__:
【Val】:  SENS: 0.5331  SPEC: 0.5788  PPV: 0.5090  NPV: 0.6022 F1:0.5208
INFO:__main__:验证的best_acc:0.5582
INFO:__main__:----------------------------------------------------------------------------------------------------
INFO:__main__:
【train】epoch:1/150 loss:0.6509 acc:0.6173
INFO:__main__:
【val】epoch:1/150 loss:0.6547 acc:0.5838
INFO:__main__:
【Val】:  SENS: 0.4921  SPEC: 0.6589  PPV: 0.5417  NPV: 0.6130 F1:0.5157
INFO:__main__:验证的best_acc:0.5838
INFO:__main__:----------------------------------------------------------------------------------------------------
INFO:__main__:
【train】epoch:2/150 loss:0.6326 acc:0.6409
INFO:__main__:
【val】epoch:2/150 loss:0.6033 acc:0.6491
INFO:__main__:
【Val】:  SENS: 0.5457  SPEC: 0.7339  PPV: 0.6268  NPV: 0.6636 F1:0.5835
INFO:__main__:验证的best_acc:0.6491
INFO:__main__:----------------------------------------------------------------------------------------------------
INFO:__main__:
【train】epoch:3/150 loss:0.5775 acc:0.7032
INFO:__main__:
【val】epoch:3/150 loss:0.6673 acc:0.6349
INFO:__main__:
【Val】:  SENS: 0.3754  SPEC: 0.8475  PPV: 0.6685  NPV: 0.6236 F1:0.4808
INFO:__main__:验证的best_acc:0.6491
INFO:__main__:----------------------------------------------------------------------------------------------------
INFO:__main__:
【train】epoch:4/150 loss:0.4921 acc:0.7634
INFO:__main__:
【val】epoch:4/150 loss:0.5387 acc:0.7031
INFO:__main__:
【Val】:  SENS: 0.4479  SPEC: 0.9121  PPV: 0.8068  NPV: 0.6686 F1:0.5761
INFO:__main__:验证的best_acc:0.7031
INFO:__main__:----------------------------------------------------------------------------------------------------
INFO:__main__:
【train】epoch:5/150 loss:0.4348 acc:0.7978
INFO:__main__:
【val】epoch:5/150 loss:0.4389 acc:0.8040
INFO:__main__:
【Val】:  SENS: 0.6215  SPEC: 0.9535  PPV: 0.9163  NPV: 0.7546 F1:0.7406
INFO:__main__:验证的best_acc:0.8040
INFO:__main__:----------------------------------------------------------------------------------------------------
INFO:__main__:
【train】epoch:6/150 loss:0.4155 acc:0.8024
INFO:__main__:
【val】epoch:6/150 loss:0.5252 acc:0.7301
INFO:__main__:
【Val】:  SENS: 0.4290  SPEC: 0.9767  PPV: 0.9379  NPV: 0.6762 F1:0.5887
INFO:__main__:验证的best_acc:0.8040
INFO:__main__:----------------------------------------------------------------------------------------------------
INFO:__main__:
【train】epoch:7/150 loss:0.4185 acc:0.8067
INFO:__main__:
【val】epoch:7/150 loss:0.4276 acc:0.8153
INFO:__main__:
【Val】:  SENS: 0.7445  SPEC: 0.8734  PPV: 0.8281  NPV: 0.8067 F1:0.7841
INFO:__main__:验证的best_acc:0.8153
INFO:__main__:----------------------------------------------------------------------------------------------------
INFO:__main__:
【train】epoch:8/150 loss:0.4058 acc:0.8132
INFO:__main__:
【val】epoch:8/150 loss:0.4270 acc:0.8097
INFO:__main__:
【Val】:  SENS: 0.8139  SPEC: 0.8062  PPV: 0.7748  NPV: 0.8410 F1:0.7938
INFO:__main__:验证的best_acc:0.8153
INFO:__main__:----------------------------------------------------------------------------------------------------
INFO:__main__:
【train】epoch:9/150 loss:0.3878 acc:0.8296
INFO:__main__:
【val】epoch:9/150 loss:0.4033 acc:0.8097
INFO:__main__:
【Val】:  SENS: 0.8707  SPEC: 0.7597  PPV: 0.7480  NPV: 0.8776 F1:0.8047
INFO:__main__:验证的best_acc:0.8153
INFO:__main__:----------------------------------------------------------------------------------------------------
INFO:__main__:
【train】epoch:10/150 loss:0.3775 acc:0.8336
INFO:__main__:
【val】epoch:10/150 loss:0.3756 acc:0.8438
INFO:__main__:
【Val】:  SENS: 0.7729  SPEC: 0.9018  PPV: 0.8657  NPV: 0.8290 F1:0.8167
INFO:__main__:验证的best_acc:0.8438
INFO:__main__:----------------------------------------------------------------------------------------------------
INFO:__main__:
【train】epoch:11/150 loss:0.3682 acc:0.8355
INFO:__main__:
【val】epoch:11/150 loss:0.3827 acc:0.8295
INFO:__main__:
【Val】:  SENS: 0.8454  SPEC: 0.8165  PPV: 0.7906  NPV: 0.8658 F1:0.8171
INFO:__main__:验证的best_acc:0.8438
INFO:__main__:----------------------------------------------------------------------------------------------------
INFO:__main__:
【train】epoch:12/150 loss:0.3676 acc:0.8348
INFO:__main__:
【val】epoch:12/150 loss:0.3757 acc:0.8281
INFO:__main__:
【Val】:  SENS: 0.8612  SPEC: 0.8010  PPV: 0.7800  NPV: 0.8757 F1:0.8186
INFO:__main__:验证的best_acc:0.8438
INFO:__main__:----------------------------------------------------------------------------------------------------
INFO:__main__:
【train】epoch:13/150 loss:0.3715 acc:0.8340
INFO:__main__:
【val】epoch:13/150 loss:0.3657 acc:0.8423
INFO:__main__:
【Val】:  SENS: 0.8612  SPEC: 0.8269  PPV: 0.8029  NPV: 0.8791 F1:0.8311
INFO:__main__:验证的best_acc:0.8438
INFO:__main__:----------------------------------------------------------------------------------------------------
INFO:__main__:
【train】epoch:14/150 loss:0.3629 acc:0.8369
INFO:__main__:
【val】epoch:14/150 loss:0.3567 acc:0.8366
INFO:__main__:
【Val】:  SENS: 0.8328  SPEC: 0.8398  PPV: 0.8098  NPV: 0.8598 F1:0.8212
INFO:__main__:验证的best_acc:0.8438
INFO:__main__:----------------------------------------------------------------------------------------------------
INFO:__main__:
【train】epoch:15/150 loss:0.3526 acc:0.8469
INFO:__main__:
【val】epoch:15/150 loss:0.3782 acc:0.8267
INFO:__main__:
【Val】:  SENS: 0.9369  SPEC: 0.7364  PPV: 0.7444  NPV: 0.9344 F1:0.8296
INFO:__main__:验证的best_acc:0.8438
INFO:__main__:----------------------------------------------------------------------------------------------------
INFO:__main__:
【train】epoch:16/150 loss:0.3531 acc:0.8436
INFO:__main__:
【val】epoch:16/150 loss:0.3603 acc:0.8423
INFO:__main__:
【Val】:  SENS: 0.8202  SPEC: 0.8605  PPV: 0.8280  NPV: 0.8538 F1:0.8241
INFO:__main__:验证的best_acc:0.8438
INFO:__main__:----------------------------------------------------------------------------------------------------
INFO:__main__:
【train】epoch:17/150 loss:0.3535 acc:0.8478
INFO:__main__:
【val】epoch:17/150 loss:0.4227 acc:0.8111
INFO:__main__:
【Val】:  SENS: 0.6688  SPEC: 0.9276  PPV: 0.8833  NPV: 0.7737 F1:0.7612
INFO:__main__:验证的best_acc:0.8438
INFO:__main__:----------------------------------------------------------------------------------------------------
INFO:__main__:
【train】epoch:18/150 loss:0.3496 acc:0.8502
INFO:__main__:
【val】epoch:18/150 loss:0.3348 acc:0.8494
INFO:__main__:
【Val】:  SENS: 0.8675  SPEC: 0.8346  PPV: 0.8112  NPV: 0.8849 F1:0.8384
INFO:__main__:验证的best_acc:0.8494
INFO:__main__:----------------------------------------------------------------------------------------------------
INFO:__main__:
【train】epoch:19/150 loss:0.3302 acc:0.8598
INFO:__main__:
【val】epoch:19/150 loss:0.3235 acc:0.8409
INFO:__main__:
【Val】:  SENS: 0.8644  SPEC: 0.8217  PPV: 0.7988  NPV: 0.8809 F1:0.8303
INFO:__main__:验证的best_acc:0.8494
INFO:__main__:----------------------------------------------------------------------------------------------------
INFO:__main__:
【train】epoch:20/150 loss:0.3299 acc:0.8530
INFO:__main__:
【val】epoch:20/150 loss:0.3238 acc:0.8679
INFO:__main__:
【Val】:  SENS: 0.8770  SPEC: 0.8605  PPV: 0.8373  NPV: 0.8952 F1:0.8567
INFO:__main__:验证的best_acc:0.8679
INFO:__main__:----------------------------------------------------------------------------------------------------
INFO:__main__:
【train】epoch:21/150 loss:0.3191 acc:0.8664
INFO:__main__:
【val】epoch:21/150 loss:0.3416 acc:0.8352
INFO:__main__:
【Val】:  SENS: 0.8454  SPEC: 0.8269  PPV: 0.8000  NPV: 0.8672 F1:0.8221
INFO:__main__:验证的best_acc:0.8679
INFO:__main__:----------------------------------------------------------------------------------------------------
INFO:__main__:
【train】epoch:22/150 loss:0.3220 acc:0.8568
INFO:__main__:
【val】epoch:22/150 loss:0.3357 acc:0.8466
INFO:__main__:
【Val】:  SENS: 0.8612  SPEC: 0.8346  PPV: 0.8101  NPV: 0.8801 F1:0.8349
INFO:__main__:验证的best_acc:0.8679
INFO:__main__:----------------------------------------------------------------------------------------------------
INFO:__main__:
【train】epoch:23/150 loss:0.3217 acc:0.8609
INFO:__main__:
【val】epoch:23/150 loss:0.3316 acc:0.8551
INFO:__main__:
【Val】:  SENS: 0.8864  SPEC: 0.8295  PPV: 0.8098  NPV: 0.8992 F1:0.8464
INFO:__main__:验证的best_acc:0.8679
INFO:__main__:----------------------------------------------------------------------------------------------------
INFO:__main__:
【train】epoch:24/150 loss:0.3206 acc:0.8614
INFO:__main__:
【val】epoch:24/150 loss:0.3907 acc:0.8196
INFO:__main__:
【Val】:  SENS: 0.7981  SPEC: 0.8372  PPV: 0.8006  NPV: 0.8351 F1:0.7994
INFO:__main__:验证的best_acc:0.8679
INFO:__main__:----------------------------------------------------------------------------------------------------
INFO:__main__:
【train】epoch:25/150 loss:0.3202 acc:0.8614
INFO:__main__:
【val】epoch:25/150 loss:0.3376 acc:0.8438
INFO:__main__:
【Val】:  SENS: 0.8896  SPEC: 0.8062  PPV: 0.7899  NPV: 0.8991 F1:0.8368
INFO:__main__:验证的best_acc:0.8679
INFO:__main__:----------------------------------------------------------------------------------------------------
INFO:__main__:
【train】epoch:26/150 loss:0.3189 acc:0.8640
INFO:__main__:
【val】epoch:26/150 loss:0.3365 acc:0.8494
INFO:__main__:
【Val】:  SENS: 0.9022  SPEC: 0.8062  PPV: 0.7922  NPV: 0.9096 F1:0.8437
INFO:__main__:验证的best_acc:0.8679
INFO:__main__:----------------------------------------------------------------------------------------------------
INFO:__main__:
【train】epoch:27/150 loss:0.3097 acc:0.8687
INFO:__main__:
【val】epoch:27/150 loss:0.3338 acc:0.8494
INFO:__main__:
【Val】:  SENS: 0.9243  SPEC: 0.7881  PPV: 0.7813  NPV: 0.9271 F1:0.8468
INFO:__main__:验证的best_acc:0.8679
INFO:__main__:----------------------------------------------------------------------------------------------------
INFO:__main__:
【train】epoch:28/150 loss:0.3110 acc:0.8699
INFO:__main__:
【val】epoch:28/150 loss:0.3554 acc:0.8494
INFO:__main__:
【Val】:  SENS: 0.8423  SPEC: 0.8553  PPV: 0.8266  NPV: 0.8688 F1:0.8344
INFO:__main__:验证的best_acc:0.8679
INFO:__main__:----------------------------------------------------------------------------------------------------
INFO:__main__:
【train】epoch:29/150 loss:0.3005 acc:0.8719
INFO:__main__:
【val】epoch:29/150 loss:0.3446 acc:0.8466
INFO:__main__:
【Val】:  SENS: 0.8454  SPEC: 0.8475  PPV: 0.8196  NPV: 0.8700 F1:0.8323
INFO:__main__:验证的best_acc:0.8679
INFO:__main__:----------------------------------------------------------------------------------------------------
INFO:__main__:
【train】epoch:30/150 loss:0.2939 acc:0.8788
INFO:__main__:
【val】epoch:30/150 loss:0.3808 acc:0.8224
INFO:__main__:
【Val】:  SENS: 0.9211  SPEC: 0.7416  PPV: 0.7449  NPV: 0.9199 F1:0.8237
INFO:__main__:验证的best_acc:0.8679
INFO:__main__:----------------------------------------------------------------------------------------------------
INFO:__main__:
【train】epoch:31/150 loss:0.2963 acc:0.8747
INFO:__main__:
【val】epoch:31/150 loss:0.3605 acc:0.8523
INFO:__main__:
【Val】:  SENS: 0.9054  SPEC: 0.8088  PPV: 0.7950  NPV: 0.9125 F1:0.8466
INFO:__main__:验证的best_acc:0.8679
INFO:__main__:----------------------------------------------------------------------------------------------------
INFO:__main__:
【train】epoch:32/150 loss:0.2879 acc:0.8795
INFO:__main__:
【val】epoch:32/150 loss:0.3705 acc:0.8239
INFO:__main__:
【Val】:  SENS: 0.8991  SPEC: 0.7623  PPV: 0.7560  NPV: 0.9021 F1:0.8213
INFO:__main__:验证的best_acc:0.8679
INFO:__main__:----------------------------------------------------------------------------------------------------
INFO:__main__:
【train】epoch:33/150 loss:0.2899 acc:0.8764
INFO:__main__:
【val】epoch:33/150 loss:0.3626 acc:0.8310
INFO:__main__:
【Val】:  SENS: 0.9148  SPEC: 0.7623  PPV: 0.7592  NPV: 0.9161 F1:0.8298
INFO:__main__:验证的best_acc:0.8679
INFO:__main__:----------------------------------------------------------------------------------------------------
INFO:__main__:
【train】epoch:34/150 loss:0.2903 acc:0.8771
INFO:__main__:
【val】epoch:34/150 loss:0.3732 acc:0.8381
INFO:__main__:
【Val】:  SENS: 0.8139  SPEC: 0.8579  PPV: 0.8243  NPV: 0.8491 F1:0.8190
INFO:__main__:验证的best_acc:0.8679
INFO:__main__:----------------------------------------------------------------------------------------------------
INFO:__main__:
【train】epoch:35/150 loss:0.2922 acc:0.8747
INFO:__main__:
【val】epoch:35/150 loss:0.3562 acc:0.8395
INFO:__main__:
【Val】:  SENS: 0.8517  SPEC: 0.8295  PPV: 0.8036  NPV: 0.8723 F1:0.8270
INFO:__main__:验证的best_acc:0.8679
INFO:__main__:----------------------------------------------------------------------------------------------------
INFO:__main__:
【train】epoch:36/150 loss:0.2882 acc:0.8743
INFO:__main__:
【val】epoch:36/150 loss:0.3815 acc:0.8267
INFO:__main__:
【Val】:  SENS: 0.8801  SPEC: 0.7829  PPV: 0.7686  NPV: 0.8886 F1:0.8206
INFO:__main__:验证的best_acc:0.8679
INFO:__main__:----------------------------------------------------------------------------------------------------
INFO:__main__:
【train】epoch:37/150 loss:0.2819 acc:0.8790
INFO:__main__:
【val】epoch:37/150 loss:0.3666 acc:0.8352
INFO:__main__:
【Val】:  SENS: 0.8612  SPEC: 0.8140  PPV: 0.7913  NPV: 0.8774 F1:0.8248
INFO:__main__:验证的best_acc:0.8679
INFO:__main__:----------------------------------------------------------------------------------------------------
INFO:__main__:
【train】epoch:38/150 loss:0.2851 acc:0.8781
INFO:__main__:
【val】epoch:38/150 loss:0.4052 acc:0.8168
INFO:__main__:
【Val】:  SENS: 0.8265  SPEC: 0.8088  PPV: 0.7798  NPV: 0.8505 F1:0.8025
INFO:__main__:验证的best_acc:0.8679
INFO:__main__:----------------------------------------------------------------------------------------------------
INFO:__main__:
【train】epoch:39/150 loss:0.2745 acc:0.8836
INFO:__main__:
【val】epoch:39/150 loss:0.3675 acc:0.8466
INFO:__main__:
【Val】:  SENS: 0.8328  SPEC: 0.8579  PPV: 0.8276  NPV: 0.8623 F1:0.8302
INFO:__main__:验证的best_acc:0.8679
INFO:__main__:----------------------------------------------------------------------------------------------------
INFO:__main__:
【train】epoch:40/150 loss:0.2686 acc:0.8877
INFO:__main__:
【val】epoch:40/150 loss:0.3379 acc:0.8651
INFO:__main__:
【Val】:  SENS: 0.9306  SPEC: 0.8114  PPV: 0.8016  NPV: 0.9345 F1:0.8613
INFO:__main__:验证的best_acc:0.8679
INFO:__main__:----------------------------------------------------------------------------------------------------
INFO:__main__:
【train】epoch:41/150 loss:0.2621 acc:0.8884
INFO:__main__:
【val】epoch:41/150 loss:0.3678 acc:0.8494
INFO:__main__:
【Val】:  SENS: 0.8549  SPEC: 0.8450  PPV: 0.8187  NPV: 0.8767 F1:0.8364
INFO:__main__:验证的best_acc:0.8679
INFO:__main__:----------------------------------------------------------------------------------------------------
INFO:__main__:
【train】epoch:42/150 loss:0.2595 acc:0.8881
INFO:__main__:
【val】epoch:42/150 loss:0.3230 acc:0.8565
INFO:__main__:
【Val】:  SENS: 0.8612  SPEC: 0.8527  PPV: 0.8273  NPV: 0.8824 F1:0.8439
INFO:__main__:验证的best_acc:0.8679
INFO:__main__:----------------------------------------------------------------------------------------------------
INFO:__main__:
【train】epoch:43/150 loss:0.2529 acc:0.8895
INFO:__main__:
【val】epoch:43/150 loss:0.3988 acc:0.8438
INFO:__main__:
【Val】:  SENS: 0.8549  SPEC: 0.8346  PPV: 0.8090  NPV: 0.8753 F1:0.8313
INFO:__main__:验证的best_acc:0.8679
INFO:__main__:----------------------------------------------------------------------------------------------------
INFO:__main__:
【train】epoch:44/150 loss:0.2564 acc:0.8953
INFO:__main__:
【val】epoch:44/150 loss:0.3718 acc:0.8295
INFO:__main__:
【Val】:  SENS: 0.8297  SPEC: 0.8295  PPV: 0.7994  NPV: 0.8560 F1:0.8142
INFO:__main__:验证的best_acc:0.8679
INFO:__main__:----------------------------------------------------------------------------------------------------
INFO:__main__:
【train】epoch:45/150 loss:0.2634 acc:0.8909
INFO:__main__:
【val】epoch:45/150 loss:0.3466 acc:0.8509
INFO:__main__:
【Val】:  SENS: 0.8833  SPEC: 0.8243  PPV: 0.8046  NPV: 0.8961 F1:0.8421
INFO:__main__:验证的best_acc:0.8679
INFO:__main__:----------------------------------------------------------------------------------------------------
INFO:__main__:
【train】epoch:46/150 loss:0.2544 acc:0.8926
INFO:__main__:
【val】epoch:46/150 loss:0.3785 acc:0.8423
INFO:__main__:
【Val】:  SENS: 0.8675  SPEC: 0.8217  PPV: 0.7994  NPV: 0.8833 F1:0.8321
INFO:__main__:验证的best_acc:0.8679
INFO:__main__:----------------------------------------------------------------------------------------------------
INFO:__main__:
【train】epoch:47/150 loss:0.2528 acc:0.8970
INFO:__main__:
【val】epoch:47/150 loss:0.3744 acc:0.8452
INFO:__main__:
【Val】:  SENS: 0.8360  SPEC: 0.8527  PPV: 0.8230  NPV: 0.8639 F1:0.8294
INFO:__main__:验证的best_acc:0.8679
INFO:__main__:----------------------------------------------------------------------------------------------------
INFO:__main__:
【train】epoch:48/150 loss:0.2435 acc:0.9012
INFO:__main__:
【val】epoch:48/150 loss:0.3808 acc:0.8438
INFO:__main__:
【Val】:  SENS: 0.8391  SPEC: 0.8475  PPV: 0.8185  NPV: 0.8654 F1:0.8287
INFO:__main__:验证的best_acc:0.8679
INFO:__main__:----------------------------------------------------------------------------------------------------
INFO:__main__:
【train】epoch:49/150 loss:0.2416 acc:0.9021
INFO:__main__:
【val】epoch:49/150 loss:0.3649 acc:0.8381
INFO:__main__:
【Val】:  SENS: 0.8644  SPEC: 0.8165  PPV: 0.7942  NPV: 0.8802 F1:0.8278
INFO:__main__:验证的best_acc:0.8679
INFO:__main__:----------------------------------------------------------------------------------------------------
INFO:__main__:
【train】epoch:50/150 loss:0.2303 acc:0.9036
INFO:__main__:
【val】epoch:50/150 loss:0.3776 acc:0.8537
INFO:__main__:
【Val】:  SENS: 0.8612  SPEC: 0.8475  PPV: 0.8223  NPV: 0.8817 F1:0.8413
INFO:__main__:验证的best_acc:0.8679
INFO:__main__:----------------------------------------------------------------------------------------------------
INFO:__main__:
【train】epoch:51/150 loss:0.2392 acc:0.8991
INFO:__main__:
【val】epoch:51/150 loss:0.3485 acc:0.8438
INFO:__main__:
【Val】:  SENS: 0.8580  SPEC: 0.8320  PPV: 0.8071  NPV: 0.8774 F1:0.8318
INFO:__main__:验证的best_acc:0.8679
INFO:__main__:----------------------------------------------------------------------------------------------------
INFO:__main__:
【train】epoch:52/150 loss:0.2276 acc:0.9038
INFO:__main__:
【val】epoch:52/150 loss:0.3466 acc:0.8523
INFO:__main__:
【Val】:  SENS: 0.8202  SPEC: 0.8786  PPV: 0.8469  NPV: 0.8564 F1:0.8333
INFO:__main__:验证的best_acc:0.8679
INFO:__main__:----------------------------------------------------------------------------------------------------
INFO:__main__:
【train】epoch:53/150 loss:0.2331 acc:0.9054
INFO:__main__:
【val】epoch:53/150 loss:0.3513 acc:0.8466
INFO:__main__:
【Val】:  SENS: 0.8707  SPEC: 0.8269  PPV: 0.8047  NPV: 0.8864 F1:0.8364
INFO:__main__:验证的best_acc:0.8679
INFO:__main__:----------------------------------------------------------------------------------------------------
INFO:__main__:
【train】epoch:54/150 loss:0.2250 acc:0.9066
INFO:__main__:
【val】epoch:54/150 loss:0.4029 acc:0.8452
INFO:__main__:
【Val】:  SENS: 0.8707  SPEC: 0.8243  PPV: 0.8023  NPV: 0.8861 F1:0.8351
INFO:__main__:验证的best_acc:0.8679
INFO:__main__:----------------------------------------------------------------------------------------------------
INFO:__main__:
【train】epoch:55/150 loss:0.2200 acc:0.9141
INFO:__main__:
【val】epoch:55/150 loss:0.4074 acc:0.8438
INFO:__main__:
【Val】:  SENS: 0.8580  SPEC: 0.8320  PPV: 0.8071  NPV: 0.8774 F1:0.8318
INFO:__main__:验证的best_acc:0.8679
INFO:__main__:----------------------------------------------------------------------------------------------------
INFO:__main__:
【train】epoch:56/150 loss:0.2254 acc:0.9080
INFO:__main__:
【val】epoch:56/150 loss:0.3840 acc:0.8281
INFO:__main__:
【Val】:  SENS: 0.8265  SPEC: 0.8295  PPV: 0.7988  NPV: 0.8537 F1:0.8124
INFO:__main__:验证的best_acc:0.8679
INFO:__main__:----------------------------------------------------------------------------------------------------
INFO:__main__:
【train】epoch:57/150 loss:0.2171 acc:0.9145
INFO:__main__:
【val】epoch:57/150 loss:0.4198 acc:0.8409
INFO:__main__:
【Val】:  SENS: 0.9054  SPEC: 0.7881  PPV: 0.7778  NPV: 0.9104 F1:0.8367
INFO:__main__:验证的best_acc:0.8679
INFO:__main__:----------------------------------------------------------------------------------------------------
INFO:__main__:
【train】epoch:58/150 loss:0.2183 acc:0.9129
INFO:__main__:
【val】epoch:58/150 loss:0.4206 acc:0.8352
INFO:__main__:
【Val】:  SENS: 0.9022  SPEC: 0.7804  PPV: 0.7709  NPV: 0.9069 F1:0.8314
INFO:__main__:验证的best_acc:0.8679
INFO:__main__:----------------------------------------------------------------------------------------------------
INFO:__main__:
【train】epoch:59/150 loss:0.2086 acc:0.9183
INFO:__main__:
【val】epoch:59/150 loss:0.4302 acc:0.8466
INFO:__main__:
【Val】:  SENS: 0.8391  SPEC: 0.8527  PPV: 0.8235  NPV: 0.8661 F1:0.8313
INFO:__main__:验证的best_acc:0.8679
INFO:__main__:----------------------------------------------------------------------------------------------------
INFO:__main__:
【train】epoch:60/150 loss:0.2075 acc:0.9117
INFO:__main__:
【val】epoch:60/150 loss:0.3769 acc:0.8352
INFO:__main__:
【Val】:  SENS: 0.8233  SPEC: 0.8450  PPV: 0.8131  NPV: 0.8538 F1:0.8182
INFO:__main__:验证的best_acc:0.8679
INFO:__main__:----------------------------------------------------------------------------------------------------
INFO:__main__:
【train】epoch:61/150 loss:0.2037 acc:0.9185
INFO:__main__:
【val】epoch:61/150 loss:0.3744 acc:0.8565
INFO:__main__:
【Val】:  SENS: 0.8707  SPEC: 0.8450  PPV: 0.8214  NPV: 0.8886 F1:0.8453
INFO:__main__:验证的best_acc:0.8679
INFO:__main__:----------------------------------------------------------------------------------------------------
INFO:__main__:
【train】epoch:62/150 loss:0.2024 acc:0.9204
INFO:__main__:
【val】epoch:62/150 loss:0.4037 acc:0.8551
INFO:__main__:
【Val】:  SENS: 0.8864  SPEC: 0.8295  PPV: 0.8098  NPV: 0.8992 F1:0.8464
INFO:__main__:验证的best_acc:0.8679
INFO:__main__:----------------------------------------------------------------------------------------------------
INFO:__main__:
【train】epoch:63/150 loss:0.2034 acc:0.9186
INFO:__main__:
【val】epoch:63/150 loss:0.4163 acc:0.8381
INFO:__main__:
【Val】:  SENS: 0.8612  SPEC: 0.8191  PPV: 0.7959  NPV: 0.8781 F1:0.8273
INFO:__main__:验证的best_acc:0.8679
INFO:__main__:----------------------------------------------------------------------------------------------------
INFO:__main__:
【train】epoch:64/150 loss:0.1932 acc:0.9235
INFO:__main__:
【val】epoch:64/150 loss:0.4180 acc:0.8438
INFO:__main__:
【Val】:  SENS: 0.8864  SPEC: 0.8088  PPV: 0.7915  NPV: 0.8968 F1:0.8363
INFO:__main__:验证的best_acc:0.8679
INFO:__main__:----------------------------------------------------------------------------------------------------
INFO:__main__:
【train】epoch:65/150 loss:0.2008 acc:0.9186
INFO:__main__:
【val】epoch:65/150 loss:0.3741 acc:0.8608
INFO:__main__:
【Val】:  SENS: 0.8233  SPEC: 0.8915  PPV: 0.8614  NPV: 0.8603 F1:0.8419
INFO:__main__:验证的best_acc:0.8679
INFO:__main__:----------------------------------------------------------------------------------------------------
INFO:__main__:
【train】epoch:66/150 loss:0.2033 acc:0.9164
INFO:__main__:
【val】epoch:66/150 loss:0.4925 acc:0.8224
INFO:__main__:
【Val】:  SENS: 0.9054  SPEC: 0.7545  PPV: 0.7513  NPV: 0.9068 F1:0.8212
INFO:__main__:验证的best_acc:0.8679
INFO:__main__:----------------------------------------------------------------------------------------------------
INFO:__main__:
【train】epoch:67/150 loss:0.1952 acc:0.9171
INFO:__main__:
【val】epoch:67/150 loss:0.3929 acc:0.8537
INFO:__main__:
【Val】:  SENS: 0.8486  SPEC: 0.8579  PPV: 0.8302  NPV: 0.8737 F1:0.8393
INFO:__main__:验证的best_acc:0.8679
INFO:__main__:----------------------------------------------------------------------------------------------------
INFO:__main__:
【train】epoch:68/150 loss:0.1860 acc:0.9253
INFO:__main__:
【val】epoch:68/150 loss:0.4375 acc:0.8509
INFO:__main__:
【Val】:  SENS: 0.9338  SPEC: 0.7829  PPV: 0.7789  NPV: 0.9352 F1:0.8494
INFO:__main__:验证的best_acc:0.8679
INFO:__main__:----------------------------------------------------------------------------------------------------
INFO:__main__:
【train】epoch:69/150 loss:0.1887 acc:0.9239
INFO:__main__:
【val】epoch:69/150 loss:0.3831 acc:0.8480
INFO:__main__:
【Val】:  SENS: 0.8202  SPEC: 0.8708  PPV: 0.8387  NPV: 0.8553 F1:0.8293
INFO:__main__:验证的best_acc:0.8679
INFO:__main__:----------------------------------------------------------------------------------------------------
INFO:__main__:
【train】epoch:70/150 loss:0.1771 acc:0.9303
INFO:__main__:
【val】epoch:70/150 loss:0.3750 acc:0.8736
INFO:__main__:
【Val】:  SENS: 0.8927  SPEC: 0.8579  PPV: 0.8373  NPV: 0.9071 F1:0.8641
INFO:__main__:验证的best_acc:0.8736
INFO:__main__:----------------------------------------------------------------------------------------------------
INFO:__main__:
【train】epoch:71/150 loss:0.1805 acc:0.9262
INFO:__main__:
【val】epoch:71/150 loss:0.3951 acc:0.8608
INFO:__main__:
【Val】:  SENS: 0.9117  SPEC: 0.8191  PPV: 0.8050  NPV: 0.9188 F1:0.8550
INFO:__main__:验证的best_acc:0.8736
INFO:__main__:----------------------------------------------------------------------------------------------------
INFO:__main__:
【train】epoch:72/150 loss:0.1770 acc:0.9302
INFO:__main__:
【val】epoch:72/150 loss:0.3913 acc:0.8651
INFO:__main__:
【Val】:  SENS: 0.8833  SPEC: 0.8501  PPV: 0.8284  NPV: 0.8989 F1:0.8550
INFO:__main__:验证的best_acc:0.8736
INFO:__main__:----------------------------------------------------------------------------------------------------
INFO:__main__:
【train】epoch:73/150 loss:0.1638 acc:0.9358
INFO:__main__:
【val】epoch:73/150 loss:0.4141 acc:0.8651
INFO:__main__:
【Val】:  SENS: 0.8991  SPEC: 0.8372  PPV: 0.8190  NPV: 0.9101 F1:0.8571
INFO:__main__:验证的best_acc:0.8736
INFO:__main__:----------------------------------------------------------------------------------------------------
INFO:__main__:
【train】epoch:74/150 loss:0.1706 acc:0.9345
INFO:__main__:
【val】epoch:74/150 loss:0.4167 acc:0.8608
INFO:__main__:
【Val】:  SENS: 0.8927  SPEC: 0.8346  PPV: 0.8156  NPV: 0.9048 F1:0.8524
INFO:__main__:验证的best_acc:0.8736
INFO:__main__:----------------------------------------------------------------------------------------------------
INFO:__main__:
【train】epoch:75/150 loss:0.1717 acc:0.9310
INFO:__main__:
【val】epoch:75/150 loss:0.4567 acc:0.8551
INFO:__main__:
【Val】:  SENS: 0.8675  SPEC: 0.8450  PPV: 0.8209  NPV: 0.8862 F1:0.8436
INFO:__main__:验证的best_acc:0.8736
INFO:__main__:----------------------------------------------------------------------------------------------------
INFO:__main__:
【train】epoch:76/150 loss:0.1595 acc:0.9356
INFO:__main__:
【val】epoch:76/150 loss:0.4698 acc:0.8494
INFO:__main__:
【Val】:  SENS: 0.8454  SPEC: 0.8527  PPV: 0.8246  NPV: 0.8707 F1:0.8349
INFO:__main__:验证的best_acc:0.8736
INFO:__main__:----------------------------------------------------------------------------------------------------
INFO:__main__:
【train】epoch:77/150 loss:0.1713 acc:0.9319
INFO:__main__:
【val】epoch:77/150 loss:0.3940 acc:0.8651
INFO:__main__:
【Val】:  SENS: 0.8833  SPEC: 0.8501  PPV: 0.8284  NPV: 0.8989 F1:0.8550
INFO:__main__:验证的best_acc:0.8736
INFO:__main__:----------------------------------------------------------------------------------------------------
INFO:__main__:
【train】epoch:78/150 loss:0.1782 acc:0.9253
INFO:__main__:
【val】epoch:78/150 loss:0.3982 acc:0.8523
INFO:__main__:
【Val】:  SENS: 0.8707  SPEC: 0.8372  PPV: 0.8142  NPV: 0.8877 F1:0.8415
INFO:__main__:验证的best_acc:0.8736
INFO:__main__:----------------------------------------------------------------------------------------------------
INFO:__main__:
【train】epoch:79/150 loss:0.1662 acc:0.9312
INFO:__main__:
【val】epoch:79/150 loss:0.4947 acc:0.8438
INFO:__main__:
【Val】:  SENS: 0.7981  SPEC: 0.8811  PPV: 0.8462  NPV: 0.8420 F1:0.8214
INFO:__main__:验证的best_acc:0.8736
INFO:__main__:----------------------------------------------------------------------------------------------------
INFO:__main__:
【train】epoch:80/150 loss:0.1676 acc:0.9342
INFO:__main__:
【val】epoch:80/150 loss:0.4044 acc:0.8509
INFO:__main__:
【Val】:  SENS: 0.8297  SPEC: 0.8682  PPV: 0.8376  NPV: 0.8615 F1:0.8336
INFO:__main__:验证的best_acc:0.8736
INFO:__main__:----------------------------------------------------------------------------------------------------
INFO:__main__:
【train】epoch:81/150 loss:0.1524 acc:0.9401
INFO:__main__:
【val】epoch:81/150 loss:0.4627 acc:0.8366
INFO:__main__:
【Val】:  SENS: 0.7855  SPEC: 0.8786  PPV: 0.8412  NPV: 0.8333 F1:0.8124
INFO:__main__:验证的best_acc:0.8736
INFO:__main__:----------------------------------------------------------------------------------------------------
INFO:__main__:
【train】epoch:82/150 loss:0.1580 acc:0.9370
INFO:__main__:
【val】epoch:82/150 loss:0.4323 acc:0.8523
INFO:__main__:
【Val】:  SENS: 0.8833  SPEC: 0.8269  PPV: 0.8069  NPV: 0.8964 F1:0.8434
INFO:__main__:验证的best_acc:0.8736
INFO:__main__:----------------------------------------------------------------------------------------------------
INFO:__main__:
【train】epoch:83/150 loss:0.1576 acc:0.9365
INFO:__main__:
【val】epoch:83/150 loss:0.4581 acc:0.8509
INFO:__main__:
【Val】:  SENS: 0.8202  SPEC: 0.8760  PPV: 0.8442  NPV: 0.8561 F1:0.8320
INFO:__main__:验证的best_acc:0.8736
INFO:__main__:----------------------------------------------------------------------------------------------------
INFO:__main__:
【train】epoch:84/150 loss:0.1521 acc:0.9385
INFO:__main__:
【val】epoch:84/150 loss:0.4872 acc:0.8395
INFO:__main__:
【Val】:  SENS: 0.8139  SPEC: 0.8605  PPV: 0.8269  NPV: 0.8495 F1:0.8203
INFO:__main__:验证的best_acc:0.8736
INFO:__main__:----------------------------------------------------------------------------------------------------
INFO:__main__:
【train】epoch:85/150 loss:0.1557 acc:0.9356
INFO:__main__:
【val】epoch:85/150 loss:0.4734 acc:0.8537
INFO:__main__:
【Val】:  SENS: 0.8486  SPEC: 0.8579  PPV: 0.8302  NPV: 0.8737 F1:0.8393
INFO:__main__:验证的best_acc:0.8736
INFO:__main__:----------------------------------------------------------------------------------------------------
INFO:__main__:
【train】epoch:86/150 loss:0.1437 acc:0.9424
INFO:__main__:
【val】epoch:86/150 loss:0.4514 acc:0.8565
INFO:__main__:
【Val】:  SENS: 0.8328  SPEC: 0.8760  PPV: 0.8462  NPV: 0.8648 F1:0.8394
INFO:__main__:验证的best_acc:0.8736
INFO:__main__:----------------------------------------------------------------------------------------------------
INFO:__main__:
【train】epoch:87/150 loss:0.1559 acc:0.9359
INFO:__main__:
【val】epoch:87/150 loss:0.3976 acc:0.8665
INFO:__main__:
【Val】:  SENS: 0.8833  SPEC: 0.8527  PPV: 0.8309  NPV: 0.8992 F1:0.8563
INFO:__main__:验证的best_acc:0.8736
INFO:__main__:----------------------------------------------------------------------------------------------------
INFO:__main__:
【train】epoch:88/150 loss:0.1551 acc:0.9403
INFO:__main__:
【val】epoch:88/150 loss:0.4771 acc:0.8494
INFO:__main__:
【Val】:  SENS: 0.8454  SPEC: 0.8527  PPV: 0.8246  NPV: 0.8707 F1:0.8349
INFO:__main__:验证的best_acc:0.8736
INFO:__main__:----------------------------------------------------------------------------------------------------
INFO:__main__:
【train】epoch:89/150 loss:0.1393 acc:0.9445
INFO:__main__:
【val】epoch:89/150 loss:0.4578 acc:0.8651
INFO:__main__:
【Val】:  SENS: 0.8549  SPEC: 0.8734  PPV: 0.8469  NPV: 0.8802 F1:0.8509
INFO:__main__:验证的best_acc:0.8736
INFO:__main__:----------------------------------------------------------------------------------------------------
INFO:__main__:
【train】epoch:90/150 loss:0.1361 acc:0.9464
INFO:__main__:
【val】epoch:90/150 loss:0.4326 acc:0.8636
INFO:__main__:
【Val】:  SENS: 0.8707  SPEC: 0.8579  PPV: 0.8338  NPV: 0.8901 F1:0.8519
INFO:__main__:验证的best_acc:0.8736
INFO:__main__:----------------------------------------------------------------------------------------------------
INFO:__main__:
【train】epoch:91/150 loss:0.1401 acc:0.9417
INFO:__main__:
【val】epoch:91/150 loss:0.4827 acc:0.8651
INFO:__main__:
【Val】:  SENS: 0.8707  SPEC: 0.8605  PPV: 0.8364  NPV: 0.8904 F1:0.8532
INFO:__main__:验证的best_acc:0.8736
INFO:__main__:----------------------------------------------------------------------------------------------------
INFO:__main__:
【train】epoch:92/150 loss:0.1318 acc:0.9468
INFO:__main__:
【val】epoch:92/150 loss:0.4695 acc:0.8608
INFO:__main__:
【Val】:  SENS: 0.8675  SPEC: 0.8553  PPV: 0.8308  NPV: 0.8874 F1:0.8488
INFO:__main__:验证的best_acc:0.8736
INFO:__main__:----------------------------------------------------------------------------------------------------
INFO:__main__:
【train】epoch:93/150 loss:0.1338 acc:0.9480
INFO:__main__:
【val】epoch:93/150 loss:0.5180 acc:0.8523
INFO:__main__:
【Val】:  SENS: 0.8864  SPEC: 0.8243  PPV: 0.8052  NPV: 0.8986 F1:0.8438
INFO:__main__:验证的best_acc:0.8736
INFO:__main__:----------------------------------------------------------------------------------------------------
INFO:__main__:
【train】epoch:94/150 loss:0.1330 acc:0.9469
INFO:__main__:
【val】epoch:94/150 loss:0.5075 acc:0.8494
INFO:__main__:
【Val】:  SENS: 0.8580  SPEC: 0.8424  PPV: 0.8168  NPV: 0.8787 F1:0.8369
INFO:__main__:验证的best_acc:0.8736
INFO:__main__:----------------------------------------------------------------------------------------------------
INFO:__main__:
【train】epoch:95/150 loss:0.1309 acc:0.9476
INFO:__main__:
【val】epoch:95/150 loss:0.4836 acc:0.8537
INFO:__main__:
【Val】:  SENS: 0.8675  SPEC: 0.8424  PPV: 0.8185  NPV: 0.8859 F1:0.8423
INFO:__main__:验证的best_acc:0.8736
INFO:__main__:----------------------------------------------------------------------------------------------------
INFO:__main__:
【train】epoch:96/150 loss:0.1334 acc:0.9464
INFO:__main__:
【val】epoch:96/150 loss:0.4642 acc:0.8665
INFO:__main__:
【Val】:  SENS: 0.8801  SPEC: 0.8553  PPV: 0.8328  NPV: 0.8970 F1:0.8558
INFO:__main__:验证的best_acc:0.8736
INFO:__main__:----------------------------------------------------------------------------------------------------
INFO:__main__:
【train】epoch:97/150 loss:0.1424 acc:0.9431
INFO:__main__:
【val】epoch:97/150 loss:0.4591 acc:0.8707
INFO:__main__:
【Val】:  SENS: 0.8927  SPEC: 0.8527  PPV: 0.8324  NPV: 0.9066 F1:0.8615
INFO:__main__:验证的best_acc:0.8736
INFO:__main__:----------------------------------------------------------------------------------------------------
INFO:__main__:
【train】epoch:98/150 loss:0.1381 acc:0.9441
INFO:__main__:
【val】epoch:98/150 loss:0.4658 acc:0.8565
INFO:__main__:
【Val】:  SENS: 0.8707  SPEC: 0.8450  PPV: 0.8214  NPV: 0.8886 F1:0.8453
INFO:__main__:验证的best_acc:0.8736
INFO:__main__:----------------------------------------------------------------------------------------------------
INFO:__main__:
【train】epoch:99/150 loss:0.1295 acc:0.9490
INFO:__main__:
【val】epoch:99/150 loss:0.4727 acc:0.8679
INFO:__main__:
【Val】:  SENS: 0.8991  SPEC: 0.8424  PPV: 0.8237  NPV: 0.9106 F1:0.8597
INFO:__main__:验证的best_acc:0.8736
INFO:__main__:----------------------------------------------------------------------------------------------------
INFO:__main__:
【train】epoch:100/150 loss:0.1329 acc:0.9468
INFO:__main__:
【val】epoch:100/150 loss:0.4641 acc:0.8736
INFO:__main__:
【Val】:  SENS: 0.8644  SPEC: 0.8811  PPV: 0.8562  NPV: 0.8880 F1:0.8603
INFO:__main__:验证的best_acc:0.8736
INFO:__main__:----------------------------------------------------------------------------------------------------
INFO:__main__:
【train】epoch:101/150 loss:0.1370 acc:0.9471
INFO:__main__:
【val】epoch:101/150 loss:0.4281 acc:0.8722
INFO:__main__:
【Val】:  SENS: 0.8801  SPEC: 0.8656  PPV: 0.8429  NPV: 0.8981 F1:0.8611
INFO:__main__:验证的best_acc:0.8736
INFO:__main__:----------------------------------------------------------------------------------------------------
INFO:__main__:
【train】epoch:102/150 loss:0.1368 acc:0.9415
INFO:__main__:
【val】epoch:102/150 loss:0.4614 acc:0.8736
INFO:__main__:
【Val】:  SENS: 0.8644  SPEC: 0.8811  PPV: 0.8562  NPV: 0.8880 F1:0.8603
INFO:__main__:验证的best_acc:0.8736
INFO:__main__:----------------------------------------------------------------------------------------------------
INFO:__main__:
【train】epoch:103/150 loss:0.1151 acc:0.9546
INFO:__main__:
【val】epoch:103/150 loss:0.4956 acc:0.8636
INFO:__main__:
【Val】:  SENS: 0.8644  SPEC: 0.8630  PPV: 0.8379  NPV: 0.8859 F1:0.8509
INFO:__main__:验证的best_acc:0.8736
INFO:__main__:----------------------------------------------------------------------------------------------------
INFO:__main__:
【train】epoch:104/150 loss:0.1267 acc:0.9497
INFO:__main__:
【val】epoch:104/150 loss:0.4967 acc:0.8722
INFO:__main__:
【Val】:  SENS: 0.8896  SPEC: 0.8579  PPV: 0.8368  NPV: 0.9046 F1:0.8624
INFO:__main__:验证的best_acc:0.8736
INFO:__main__:----------------------------------------------------------------------------------------------------
INFO:__main__:
【train】epoch:105/150 loss:0.1243 acc:0.9513
INFO:__main__:
【val】epoch:105/150 loss:0.5039 acc:0.8636
INFO:__main__:
【Val】:  SENS: 0.8612  SPEC: 0.8656  PPV: 0.8400  NPV: 0.8839 F1:0.8505
INFO:__main__:验证的best_acc:0.8736
INFO:__main__:----------------------------------------------------------------------------------------------------
INFO:__main__:
【train】epoch:106/150 loss:0.1223 acc:0.9513
INFO:__main__:
【val】epoch:106/150 loss:0.5054 acc:0.8565
INFO:__main__:
【Val】:  SENS: 0.8391  SPEC: 0.8708  PPV: 0.8418  NPV: 0.8686 F1:0.8404
INFO:__main__:验证的best_acc:0.8736
INFO:__main__:----------------------------------------------------------------------------------------------------
INFO:__main__:
【train】epoch:107/150 loss:0.1234 acc:0.9518
INFO:__main__:
【val】epoch:107/150 loss:0.4780 acc:0.8693
INFO:__main__:
【Val】:  SENS: 0.8801  SPEC: 0.8605  PPV: 0.8378  NPV: 0.8976 F1:0.8585
INFO:__main__:验证的best_acc:0.8736
INFO:__main__:----------------------------------------------------------------------------------------------------
INFO:__main__:
【train】epoch:108/150 loss:0.1275 acc:0.9476
INFO:__main__:
【val】epoch:108/150 loss:0.4742 acc:0.8679
INFO:__main__:
【Val】:  SENS: 0.8675  SPEC: 0.8682  PPV: 0.8436  NPV: 0.8889 F1:0.8554
INFO:__main__:验证的best_acc:0.8736
INFO:__main__:----------------------------------------------------------------------------------------------------
INFO:__main__:
【train】epoch:109/150 loss:0.1157 acc:0.9532
INFO:__main__:
【val】epoch:109/150 loss:0.4930 acc:0.8679
INFO:__main__:
【Val】:  SENS: 0.8896  SPEC: 0.8501  PPV: 0.8294  NPV: 0.9038 F1:0.8584
INFO:__main__:验证的best_acc:0.8736
INFO:__main__:----------------------------------------------------------------------------------------------------
INFO:__main__:
【train】epoch:110/150 loss:0.1243 acc:0.9511
INFO:__main__:
【val】epoch:110/150 loss:0.5066 acc:0.8736
INFO:__main__:
【Val】:  SENS: 0.8927  SPEC: 0.8579  PPV: 0.8373  NPV: 0.9071 F1:0.8641
INFO:__main__:验证的best_acc:0.8736
INFO:__main__:----------------------------------------------------------------------------------------------------
INFO:__main__:
【train】epoch:111/150 loss:0.1196 acc:0.9548
INFO:__main__:
【val】epoch:111/150 loss:0.5053 acc:0.8679
INFO:__main__:
【Val】:  SENS: 0.8644  SPEC: 0.8708  PPV: 0.8457  NPV: 0.8868 F1:0.8549
INFO:__main__:验证的best_acc:0.8736
INFO:__main__:----------------------------------------------------------------------------------------------------
INFO:__main__:
【train】epoch:112/150 loss:0.1224 acc:0.9494
INFO:__main__:
【val】epoch:112/150 loss:0.5042 acc:0.8651
INFO:__main__:
【Val】:  SENS: 0.8707  SPEC: 0.8605  PPV: 0.8364  NPV: 0.8904 F1:0.8532
INFO:__main__:验证的best_acc:0.8736
INFO:__main__:----------------------------------------------------------------------------------------------------
INFO:__main__:
【train】epoch:113/150 loss:0.1226 acc:0.9508
INFO:__main__:
【val】epoch:113/150 loss:0.4983 acc:0.8608
INFO:__main__:
【Val】:  SENS: 0.8707  SPEC: 0.8527  PPV: 0.8288  NPV: 0.8895 F1:0.8492
INFO:__main__:验证的best_acc:0.8736
INFO:__main__:----------------------------------------------------------------------------------------------------
INFO:__main__:
【train】epoch:114/150 loss:0.1160 acc:0.9539
INFO:__main__:
【val】epoch:114/150 loss:0.5067 acc:0.8594
INFO:__main__:
【Val】:  SENS: 0.8391  SPEC: 0.8760  PPV: 0.8471  NPV: 0.8692 F1:0.8431
INFO:__main__:验证的best_acc:0.8736
INFO:__main__:----------------------------------------------------------------------------------------------------
INFO:__main__:
【train】epoch:115/150 loss:0.1101 acc:0.9557
INFO:__main__:
【val】epoch:115/150 loss:0.5001 acc:0.8651
INFO:__main__:
【Val】:  SENS: 0.8549  SPEC: 0.8734  PPV: 0.8469  NPV: 0.8802 F1:0.8509
INFO:__main__:验证的best_acc:0.8736
INFO:__main__:----------------------------------------------------------------------------------------------------
INFO:__main__:
【train】epoch:116/150 loss:0.1133 acc:0.9544
INFO:__main__:
【val】epoch:116/150 loss:0.4768 acc:0.8651
INFO:__main__:
【Val】:  SENS: 0.8612  SPEC: 0.8682  PPV: 0.8426  NPV: 0.8842 F1:0.8518
INFO:__main__:验证的best_acc:0.8736
INFO:__main__:----------------------------------------------------------------------------------------------------
INFO:__main__:
【train】epoch:117/150 loss:0.1163 acc:0.9527
INFO:__main__:
【val】epoch:117/150 loss:0.5268 acc:0.8679
INFO:__main__:
【Val】:  SENS: 0.8959  SPEC: 0.8450  PPV: 0.8256  NPV: 0.9083 F1:0.8593
INFO:__main__:验证的best_acc:0.8736
INFO:__main__:----------------------------------------------------------------------------------------------------
INFO:__main__:
【train】epoch:118/150 loss:0.1134 acc:0.9550
INFO:__main__:
【val】epoch:118/150 loss:0.5069 acc:0.8707
INFO:__main__:
【Val】:  SENS: 0.8612  SPEC: 0.8786  PPV: 0.8531  NPV: 0.8854 F1:0.8571
INFO:__main__:验证的best_acc:0.8736
INFO:__main__:----------------------------------------------------------------------------------------------------
INFO:__main__:
【train】epoch:119/150 loss:0.1078 acc:0.9572
INFO:__main__:
【val】epoch:119/150 loss:0.5188 acc:0.8651
INFO:__main__:
【Val】:  SENS: 0.8517  SPEC: 0.8760  PPV: 0.8491  NPV: 0.8782 F1:0.8504
INFO:__main__:验证的best_acc:0.8736
INFO:__main__:----------------------------------------------------------------------------------------------------
INFO:__main__:
【train】epoch:120/150 loss:0.1059 acc:0.9595
INFO:__main__:
【val】epoch:120/150 loss:0.5487 acc:0.8693
INFO:__main__:
【Val】:  SENS: 0.8644  SPEC: 0.8734  PPV: 0.8483  NPV: 0.8871 F1:0.8562
INFO:__main__:验证的best_acc:0.8736
INFO:__main__:----------------------------------------------------------------------------------------------------
INFO:__main__:
【train】epoch:121/150 loss:0.1058 acc:0.9586
INFO:__main__:
【val】epoch:121/150 loss:0.5173 acc:0.8693
INFO:__main__:
【Val】:  SENS: 0.8864  SPEC: 0.8553  PPV: 0.8338  NPV: 0.9019 F1:0.8593
INFO:__main__:验证的best_acc:0.8736
INFO:__main__:----------------------------------------------------------------------------------------------------
INFO:__main__:
【train】epoch:122/150 loss:0.1048 acc:0.9586
INFO:__main__:
【val】epoch:122/150 loss:0.5201 acc:0.8707
INFO:__main__:
【Val】:  SENS: 0.8707  SPEC: 0.8708  PPV: 0.8466  NPV: 0.8915 F1:0.8585
INFO:__main__:验证的best_acc:0.8736
INFO:__main__:----------------------------------------------------------------------------------------------------
INFO:__main__:
【train】epoch:123/150 loss:0.1088 acc:0.9572
INFO:__main__:
【val】epoch:123/150 loss:0.5304 acc:0.8651
INFO:__main__:
【Val】:  SENS: 0.8644  SPEC: 0.8656  PPV: 0.8405  NPV: 0.8862 F1:0.8523
INFO:__main__:验证的best_acc:0.8736
INFO:__main__:----------------------------------------------------------------------------------------------------
INFO:__main__:
【train】epoch:124/150 loss:0.1022 acc:0.9586
INFO:__main__:
【val】epoch:124/150 loss:0.5406 acc:0.8665
INFO:__main__:
【Val】:  SENS: 0.8707  SPEC: 0.8630  PPV: 0.8389  NPV: 0.8907 F1:0.8545
INFO:__main__:验证的best_acc:0.8736
INFO:__main__:----------------------------------------------------------------------------------------------------
INFO:__main__:
【train】epoch:125/150 loss:0.1038 acc:0.9591
INFO:__main__:
【val】epoch:125/150 loss:0.5440 acc:0.8764
INFO:__main__:
【Val】:  SENS: 0.8864  SPEC: 0.8682  PPV: 0.8464  NPV: 0.9032 F1:0.8659
INFO:__main__:验证的best_acc:0.8764
INFO:__main__:----------------------------------------------------------------------------------------------------
INFO:__main__:
【train】epoch:126/150 loss:0.1034 acc:0.9611
INFO:__main__:
【val】epoch:126/150 loss:0.5558 acc:0.8665
INFO:__main__:
【Val】:  SENS: 0.8896  SPEC: 0.8475  PPV: 0.8270  NPV: 0.9036 F1:0.8571
INFO:__main__:验证的best_acc:0.8764
INFO:__main__:----------------------------------------------------------------------------------------------------
INFO:__main__:
【train】epoch:127/150 loss:0.1034 acc:0.9588
INFO:__main__:
【val】epoch:127/150 loss:0.5316 acc:0.8693
INFO:__main__:
【Val】:  SENS: 0.8707  SPEC: 0.8682  PPV: 0.8440  NPV: 0.8912 F1:0.8571
INFO:__main__:验证的best_acc:0.8764
INFO:__main__:----------------------------------------------------------------------------------------------------
INFO:__main__:
【train】epoch:128/150 loss:0.1036 acc:0.9604
INFO:__main__:
【val】epoch:128/150 loss:0.5644 acc:0.8651
INFO:__main__:
【Val】:  SENS: 0.8864  SPEC: 0.8475  PPV: 0.8265  NPV: 0.9011 F1:0.8554
INFO:__main__:验证的best_acc:0.8764
INFO:__main__:----------------------------------------------------------------------------------------------------
INFO:__main__:
【train】epoch:129/150 loss:0.1038 acc:0.9595
INFO:__main__:
【val】epoch:129/150 loss:0.5595 acc:0.8722
INFO:__main__:
【Val】:  SENS: 0.8864  SPEC: 0.8605  PPV: 0.8388  NPV: 0.9024 F1:0.8620
INFO:__main__:验证的best_acc:0.8764
INFO:__main__:----------------------------------------------------------------------------------------------------
INFO:__main__:
【train】epoch:130/150 loss:0.0979 acc:0.9612
INFO:__main__:
【val】epoch:130/150 loss:0.5354 acc:0.8736
INFO:__main__:
【Val】:  SENS: 0.8833  SPEC: 0.8656  PPV: 0.8434  NPV: 0.9005 F1:0.8629
INFO:__main__:验证的best_acc:0.8764
INFO:__main__:----------------------------------------------------------------------------------------------------
INFO:__main__:
【train】epoch:131/150 loss:0.0968 acc:0.9604
INFO:__main__:
【val】epoch:131/150 loss:0.5591 acc:0.8622
INFO:__main__:
【Val】:  SENS: 0.8770  SPEC: 0.8501  PPV: 0.8274  NPV: 0.8940 F1:0.8515
INFO:__main__:验证的best_acc:0.8764
INFO:__main__:----------------------------------------------------------------------------------------------------
INFO:__main__:
【train】epoch:132/150 loss:0.1007 acc:0.9600
INFO:__main__:
【val】epoch:132/150 loss:0.5494 acc:0.8693
INFO:__main__:
【Val】:  SENS: 0.8801  SPEC: 0.8605  PPV: 0.8378  NPV: 0.8976 F1:0.8585
INFO:__main__:验证的best_acc:0.8764
INFO:__main__:----------------------------------------------------------------------------------------------------
INFO:__main__:
【train】epoch:133/150 loss:0.0982 acc:0.9621
INFO:__main__:
【val】epoch:133/150 loss:0.5645 acc:0.8665
INFO:__main__:
【Val】:  SENS: 0.8707  SPEC: 0.8630  PPV: 0.8389  NPV: 0.8907 F1:0.8545
INFO:__main__:验证的best_acc:0.8764
INFO:__main__:----------------------------------------------------------------------------------------------------
INFO:__main__:
【train】epoch:134/150 loss:0.0992 acc:0.9595
INFO:__main__:
【val】epoch:134/150 loss:0.5534 acc:0.8764
INFO:__main__:
【Val】:  SENS: 0.8959  SPEC: 0.8605  PPV: 0.8402  NPV: 0.9098 F1:0.8672
INFO:__main__:验证的best_acc:0.8764
INFO:__main__:----------------------------------------------------------------------------------------------------
INFO:__main__:
【train】epoch:135/150 loss:0.1033 acc:0.9593
INFO:__main__:
【val】epoch:135/150 loss:0.5404 acc:0.8750
INFO:__main__:
【Val】:  SENS: 0.8927  SPEC: 0.8605  PPV: 0.8398  NPV: 0.9074 F1:0.8654
INFO:__main__:验证的best_acc:0.8764
INFO:__main__:----------------------------------------------------------------------------------------------------
INFO:__main__:
【train】epoch:136/150 loss:0.1033 acc:0.9590
INFO:__main__:
【val】epoch:136/150 loss:0.5676 acc:0.8651
INFO:__main__:
【Val】:  SENS: 0.8675  SPEC: 0.8630  PPV: 0.8384  NPV: 0.8883 F1:0.8527
INFO:__main__:验证的best_acc:0.8764
INFO:__main__:----------------------------------------------------------------------------------------------------
INFO:__main__:
【train】epoch:137/150 loss:0.0989 acc:0.9583
INFO:__main__:
【val】epoch:137/150 loss:0.5527 acc:0.8707
INFO:__main__:
【Val】:  SENS: 0.8896  SPEC: 0.8553  PPV: 0.8343  NPV: 0.9044 F1:0.8611
INFO:__main__:验证的best_acc:0.8764
INFO:__main__:----------------------------------------------------------------------------------------------------
INFO:__main__:
【train】epoch:138/150 loss:0.1013 acc:0.9598
INFO:__main__:
【val】epoch:138/150 loss:0.5533 acc:0.8693
INFO:__main__:
【Val】:  SENS: 0.8644  SPEC: 0.8734  PPV: 0.8483  NPV: 0.8871 F1:0.8562
INFO:__main__:验证的best_acc:0.8764
INFO:__main__:----------------------------------------------------------------------------------------------------
INFO:__main__:
【train】epoch:139/150 loss:0.1000 acc:0.9604
INFO:__main__:
【val】epoch:139/150 loss:0.5494 acc:0.8722
INFO:__main__:
【Val】:  SENS: 0.8896  SPEC: 0.8579  PPV: 0.8368  NPV: 0.9046 F1:0.8624
INFO:__main__:验证的best_acc:0.8764
INFO:__main__:----------------------------------------------------------------------------------------------------
INFO:__main__:
【train】epoch:140/150 loss:0.0902 acc:0.9640
INFO:__main__:
【val】epoch:140/150 loss:0.5720 acc:0.8778
INFO:__main__:
【Val】:  SENS: 0.8991  SPEC: 0.8605  PPV: 0.8407  NPV: 0.9123 F1:0.8689
INFO:__main__:验证的best_acc:0.8778
INFO:__main__:----------------------------------------------------------------------------------------------------
INFO:__main__:
【train】epoch:141/150 loss:0.0972 acc:0.9625
INFO:__main__:
【val】epoch:141/150 loss:0.5694 acc:0.8651
INFO:__main__:
【Val】:  SENS: 0.8770  SPEC: 0.8553  PPV: 0.8323  NPV: 0.8946 F1:0.8541
INFO:__main__:验证的best_acc:0.8778
INFO:__main__:----------------------------------------------------------------------------------------------------
INFO:__main__:
【train】epoch:142/150 loss:0.0967 acc:0.9611
INFO:__main__:
【val】epoch:142/150 loss:0.5543 acc:0.8693
INFO:__main__:
【Val】:  SENS: 0.8833  SPEC: 0.8579  PPV: 0.8358  NPV: 0.8997 F1:0.8589
INFO:__main__:验证的best_acc:0.8778
INFO:__main__:----------------------------------------------------------------------------------------------------
INFO:__main__:
【train】epoch:143/150 loss:0.0975 acc:0.9609
INFO:__main__:
【val】epoch:143/150 loss:0.5746 acc:0.8693
INFO:__main__:
【Val】:  SENS: 0.8864  SPEC: 0.8553  PPV: 0.8338  NPV: 0.9019 F1:0.8593
INFO:__main__:验证的best_acc:0.8778
INFO:__main__:----------------------------------------------------------------------------------------------------
INFO:__main__:
【train】epoch:144/150 loss:0.0947 acc:0.9623
INFO:__main__:
【val】epoch:144/150 loss:0.5784 acc:0.8707
INFO:__main__:
【Val】:  SENS: 0.8896  SPEC: 0.8553  PPV: 0.8343  NPV: 0.9044 F1:0.8611
INFO:__main__:验证的best_acc:0.8778
INFO:__main__:----------------------------------------------------------------------------------------------------
INFO:__main__:
【train】epoch:145/150 loss:0.0907 acc:0.9626
INFO:__main__:
【val】epoch:145/150 loss:0.5597 acc:0.8679
INFO:__main__:
【Val】:  SENS: 0.8770  SPEC: 0.8605  PPV: 0.8373  NPV: 0.8952 F1:0.8567
INFO:__main__:验证的best_acc:0.8778
INFO:__main__:----------------------------------------------------------------------------------------------------
INFO:__main__:
【train】epoch:146/150 loss:0.0898 acc:0.9618
INFO:__main__:
【val】epoch:146/150 loss:0.5596 acc:0.8707
INFO:__main__:
【Val】:  SENS: 0.8770  SPEC: 0.8656  PPV: 0.8424  NPV: 0.8957 F1:0.8594
INFO:__main__:验证的best_acc:0.8778
INFO:__main__:----------------------------------------------------------------------------------------------------
INFO:__main__:
【train】epoch:147/150 loss:0.0989 acc:0.9621
INFO:__main__:
【val】epoch:147/150 loss:0.5577 acc:0.8707
INFO:__main__:
【Val】:  SENS: 0.8959  SPEC: 0.8501  PPV: 0.8304  NPV: 0.9088 F1:0.8619
INFO:__main__:验证的best_acc:0.8778
INFO:__main__:----------------------------------------------------------------------------------------------------
INFO:__main__:
【train】epoch:148/150 loss:0.0967 acc:0.9640
INFO:__main__:
【val】epoch:148/150 loss:0.5434 acc:0.8722
INFO:__main__:
【Val】:  SENS: 0.8896  SPEC: 0.8579  PPV: 0.8368  NPV: 0.9046 F1:0.8624
INFO:__main__:验证的best_acc:0.8778
INFO:__main__:----------------------------------------------------------------------------------------------------
INFO:__main__:
【train】epoch:149/150 loss:0.0893 acc:0.9647
INFO:__main__:
【val】epoch:149/150 loss:0.5513 acc:0.8736
INFO:__main__:
【Val】:  SENS: 0.8959  SPEC: 0.8553  PPV: 0.8353  NPV: 0.9093 F1:0.8645
INFO:__main__:验证的best_acc:0.8778
INFO:__main__:----------------------------------------------------------------------------------------------------
INFO:__main__:****************************************************************************************************
INFO:__main__:Val_LOSS:['0.6743', '0.6547', '0.6033', '0.6673', '0.5387', '0.4389', '0.5252', '0.4276', '0.4270', '0.4033', '0.3756', '0.3827', '0.3757', '0.3657', '0.3567', '0.3782', '0.3603', '0.4227', '0.3348', '0.3235', '0.3238', '0.3416', '0.3357', '0.3316', '0.3907', '0.3376', '0.3365', '0.3338', '0.3554', '0.3446', '0.3808', '0.3605', '0.3705', '0.3626', '0.3732', '0.3562', '0.3815', '0.3666', '0.4052', '0.3675', '0.3379', '0.3678', '0.3230', '0.3988', '0.3718', '0.3466', '0.3785', '0.3744', '0.3808', '0.3649', '0.3776', '0.3485', '0.3466', '0.3513', '0.4029', '0.4074', '0.3840', '0.4198', '0.4206', '0.4302', '0.3769', '0.3744', '0.4037', '0.4163', '0.4180', '0.3741', '0.4925', '0.3929', '0.4375', '0.3831', '0.3750', '0.3951', '0.3913', '0.4141', '0.4167', '0.4567', '0.4698', '0.3940', '0.3982', '0.4947', '0.4044', '0.4627', '0.4323', '0.4581', '0.4872', '0.4734', '0.4514', '0.3976', '0.4771', '0.4578', '0.4326', '0.4827', '0.4695', '0.5180', '0.5075', '0.4836', '0.4642', '0.4591', '0.4658', '0.4727', '0.4641', '0.4281', '0.4614', '0.4956', '0.4967', '0.5039', '0.5054', '0.4780', '0.4742', '0.4930', '0.5066', '0.5053', '0.5042', '0.4983', '0.5067', '0.5001', '0.4768', '0.5268', '0.5069', '0.5188', '0.5487', '0.5173', '0.5201', '0.5304', '0.5406', '0.5440', '0.5558', '0.5316', '0.5644', '0.5595', '0.5354', '0.5591', '0.5494', '0.5645', '0.5534', '0.5404', '0.5676', '0.5527', '0.5533', '0.5494', '0.5720', '0.5694', '0.5543', '0.5746', '0.5784', '0.5597', '0.5596', '0.5577', '0.5434', '0.5513']
INFO:__main__:Val_ACC:['0.5582', '0.5838', '0.6491', '0.6349', '0.7031', '0.8040', '0.7301', '0.8153', '0.8097', '0.8097', '0.8438', '0.8295', '0.8281', '0.8423', '0.8366', '0.8267', '0.8423', '0.8111', '0.8494', '0.8409', '0.8679', '0.8352', '0.8466', '0.8551', '0.8196', '0.8438', '0.8494', '0.8494', '0.8494', '0.8466', '0.8224', '0.8523', '0.8239', '0.8310', '0.8381', '0.8395', '0.8267', '0.8352', '0.8168', '0.8466', '0.8651', '0.8494', '0.8565', '0.8438', '0.8295', '0.8509', '0.8423', '0.8452', '0.8438', '0.8381', '0.8537', '0.8438', '0.8523', '0.8466', '0.8452', '0.8438', '0.8281', '0.8409', '0.8352', '0.8466', '0.8352', '0.8565', '0.8551', '0.8381', '0.8438', '0.8608', '0.8224', '0.8537', '0.8509', '0.8480', '0.8736', '0.8608', '0.8651', '0.8651', '0.8608', '0.8551', '0.8494', '0.8651', '0.8523', '0.8438', '0.8509', '0.8366', '0.8523', '0.8509', '0.8395', '0.8537', '0.8565', '0.8665', '0.8494', '0.8651', '0.8636', '0.8651', '0.8608', '0.8523', '0.8494', '0.8537', '0.8665', '0.8707', '0.8565', '0.8679', '0.8736', '0.8722', '0.8736', '0.8636', '0.8722', '0.8636', '0.8565', '0.8693', '0.8679', '0.8679', '0.8736', '0.8679', '0.8651', '0.8608', '0.8594', '0.8651', '0.8651', '0.8679', '0.8707', '0.8651', '0.8693', '0.8693', '0.8707', '0.8651', '0.8665', '0.8764', '0.8665', '0.8693', '0.8651', '0.8722', '0.8736', '0.8622', '0.8693', '0.8665', '0.8764', '0.8750', '0.8651', '0.8707', '0.8693', '0.8722', '0.8778', '0.8651', '0.8693', '0.8693', '0.8707', '0.8679', '0.8707', '0.8707', '0.8722', '0.8736']
INFO:__main__:****************************************************************************************************
INFO:__main__: epoch0 测试test_Loss: 0.5104  test_ACC: 0.8845  
INFO:__main__:SENS: 0.8701 SPEC: 0.8965 PPV: 0.8754 NPV: 0.8920 F1:0.8727
INFO:__main__:test_Best_acc:0.8845
INFO:__main__:flops:2326134816.0  params:11754197.0
