INFO:__main__:
【train】epoch:0/120 loss:0.5537 acc:0.7092
INFO:__main__:
【val】epoch:0/120 loss:0.5465 acc:0.7500
INFO:__main__:
【Val】:  SENS: 0.2771  SPEC: 0.9420  PPV: 0.6598  NPV: 0.7624 F1:0.3902
INFO:__main__:验证的best_acc:0.7500
INFO:__main__:----------------------------------------------------------------------------------------------------
INFO:__main__:
【train】epoch:1/120 loss:0.4980 acc:0.7415
INFO:__main__:
【val】epoch:1/120 loss:0.5506 acc:0.6650
INFO:__main__:
【Val】:  SENS: 0.8788  SPEC: 0.5782  PPV: 0.4582  NPV: 0.9216 F1:0.6024
INFO:__main__:验证的best_acc:0.7500
INFO:__main__:----------------------------------------------------------------------------------------------------
INFO:__main__:
【train】epoch:2/120 loss:0.4565 acc:0.7725
INFO:__main__:
【val】epoch:2/120 loss:0.6908 acc:0.6100
INFO:__main__:
【Val】:  SENS: 0.8918  SPEC: 0.4956  PPV: 0.4178  NPV: 0.9186 F1:0.5691
INFO:__main__:验证的best_acc:0.7500
INFO:__main__:----------------------------------------------------------------------------------------------------
INFO:__main__:
【train】epoch:3/120 loss:0.4339 acc:0.7817
INFO:__main__:
【val】epoch:3/120 loss:0.5332 acc:0.7038
INFO:__main__:
【Val】:  SENS: 0.8615  SPEC: 0.6397  PPV: 0.4926  NPV: 0.9192 F1:0.6268
INFO:__main__:验证的best_acc:0.7500
INFO:__main__:----------------------------------------------------------------------------------------------------
INFO:__main__:
【train】epoch:4/120 loss:0.4019 acc:0.8030
INFO:__main__:
【val】epoch:4/120 loss:0.4298 acc:0.7862
INFO:__main__:
【Val】:  SENS: 0.8312  SPEC: 0.7680  PPV: 0.5926  NPV: 0.9181 F1:0.6919
INFO:__main__:验证的best_acc:0.7862
INFO:__main__:----------------------------------------------------------------------------------------------------
INFO:__main__:
【train】epoch:5/120 loss:0.3776 acc:0.8250
INFO:__main__:
【val】epoch:5/120 loss:0.3238 acc:0.8650
INFO:__main__:
【Val】:  SENS: 0.7186  SPEC: 0.9244  PPV: 0.7943  NPV: 0.8900 F1:0.7545
INFO:__main__:验证的best_acc:0.8650
INFO:__main__:----------------------------------------------------------------------------------------------------
INFO:__main__:
【train】epoch:6/120 loss:0.3571 acc:0.8374
INFO:__main__:
【val】epoch:6/120 loss:0.3573 acc:0.8487
INFO:__main__:
【Val】:  SENS: 0.7965  SPEC: 0.8699  PPV: 0.7132  NPV: 0.9133 F1:0.7526
INFO:__main__:验证的best_acc:0.8650
INFO:__main__:----------------------------------------------------------------------------------------------------
INFO:__main__:
【train】epoch:7/120 loss:0.3386 acc:0.8451
INFO:__main__:
【val】epoch:7/120 loss:0.3083 acc:0.8525
INFO:__main__:
【Val】:  SENS: 0.6450  SPEC: 0.9367  PPV: 0.8054  NPV: 0.8667 F1:0.7163
INFO:__main__:验证的best_acc:0.8650
INFO:__main__:----------------------------------------------------------------------------------------------------
INFO:__main__:
【train】epoch:8/120 loss:0.3214 acc:0.8546
INFO:__main__:
【val】epoch:8/120 loss:0.5078 acc:0.7625
INFO:__main__:
【Val】:  SENS: 0.1861  SPEC: 0.9965  PPV: 0.9556  NPV: 0.7510 F1:0.3116
INFO:__main__:验证的best_acc:0.8650
INFO:__main__:----------------------------------------------------------------------------------------------------
INFO:__main__:
【train】epoch:9/120 loss:0.3071 acc:0.8664
INFO:__main__:
【val】epoch:9/120 loss:0.2975 acc:0.8712
INFO:__main__:
【Val】:  SENS: 0.6320  SPEC: 0.9684  PPV: 0.8902  NPV: 0.8664 F1:0.7392
INFO:__main__:验证的best_acc:0.8712
INFO:__main__:----------------------------------------------------------------------------------------------------
INFO:__main__:
【train】epoch:10/120 loss:0.2922 acc:0.8729
INFO:__main__:
【val】epoch:10/120 loss:0.2813 acc:0.8700
INFO:__main__:
【Val】:  SENS: 0.8701  SPEC: 0.8699  PPV: 0.7309  NPV: 0.9429 F1:0.7945
INFO:__main__:验证的best_acc:0.8712
INFO:__main__:----------------------------------------------------------------------------------------------------
INFO:__main__:
【train】epoch:11/120 loss:0.2768 acc:0.8812
INFO:__main__:
【val】epoch:11/120 loss:0.2843 acc:0.8700
INFO:__main__:
【Val】:  SENS: 0.8745  SPEC: 0.8682  PPV: 0.7292  NPV: 0.9446 F1:0.7953
INFO:__main__:验证的best_acc:0.8712
INFO:__main__:----------------------------------------------------------------------------------------------------
INFO:__main__:
【train】epoch:12/120 loss:0.2745 acc:0.8836
INFO:__main__:
【val】epoch:12/120 loss:0.2605 acc:0.8850
INFO:__main__:
【Val】:  SENS: 0.9004  SPEC: 0.8787  PPV: 0.7509  NPV: 0.9560 F1:0.8189
INFO:__main__:验证的best_acc:0.8850
INFO:__main__:----------------------------------------------------------------------------------------------------
INFO:__main__:
【train】epoch:13/120 loss:0.2604 acc:0.8902
INFO:__main__:
【val】epoch:13/120 loss:0.2511 acc:0.8863
INFO:__main__:
【Val】:  SENS: 0.8874  SPEC: 0.8858  PPV: 0.7593  NPV: 0.9509 F1:0.8184
INFO:__main__:验证的best_acc:0.8863
INFO:__main__:----------------------------------------------------------------------------------------------------
INFO:__main__:
【train】epoch:14/120 loss:0.2503 acc:0.8939
INFO:__main__:
【val】epoch:14/120 loss:0.3041 acc:0.8600
INFO:__main__:
【Val】:  SENS: 0.8701  SPEC: 0.8559  PPV: 0.7102  NPV: 0.9420 F1:0.7821
INFO:__main__:验证的best_acc:0.8863
INFO:__main__:----------------------------------------------------------------------------------------------------
INFO:__main__:
【train】epoch:15/120 loss:0.2458 acc:0.8931
INFO:__main__:
【val】epoch:15/120 loss:0.2485 acc:0.8888
INFO:__main__:
【Val】:  SENS: 0.8831  SPEC: 0.8910  PPV: 0.7669  NPV: 0.9494 F1:0.8209
INFO:__main__:验证的best_acc:0.8888
INFO:__main__:----------------------------------------------------------------------------------------------------
INFO:__main__:
【train】epoch:16/120 loss:0.2384 acc:0.8996
INFO:__main__:
【val】epoch:16/120 loss:0.2297 acc:0.9013
INFO:__main__:
【Val】:  SENS: 0.8571  SPEC: 0.9192  PPV: 0.8115  NPV: 0.9406 F1:0.8337
INFO:__main__:验证的best_acc:0.9013
INFO:__main__:----------------------------------------------------------------------------------------------------
INFO:__main__:
【train】epoch:17/120 loss:0.2390 acc:0.8992
INFO:__main__:
【val】epoch:17/120 loss:0.2408 acc:0.8988
INFO:__main__:
【Val】:  SENS: 0.8225  SPEC: 0.9297  PPV: 0.8261  NPV: 0.9281 F1:0.8243
INFO:__main__:验证的best_acc:0.9013
INFO:__main__:----------------------------------------------------------------------------------------------------
INFO:__main__:
【train】epoch:18/120 loss:0.2226 acc:0.9069
INFO:__main__:
【val】epoch:18/120 loss:0.2531 acc:0.9100
INFO:__main__:
【Val】:  SENS: 0.8052  SPEC: 0.9525  PPV: 0.8732  NPV: 0.9233 F1:0.8378
INFO:__main__:验证的best_acc:0.9100
INFO:__main__:----------------------------------------------------------------------------------------------------
INFO:__main__:
【train】epoch:19/120 loss:0.2081 acc:0.9132
INFO:__main__:
【val】epoch:19/120 loss:0.2459 acc:0.8888
INFO:__main__:
【Val】:  SENS: 0.8874  SPEC: 0.8893  PPV: 0.7649  NPV: 0.9511 F1:0.8216
INFO:__main__:验证的best_acc:0.9100
INFO:__main__:----------------------------------------------------------------------------------------------------
INFO:__main__:
【train】epoch:20/120 loss:0.1934 acc:0.9171
INFO:__main__:
【val】epoch:20/120 loss:0.2280 acc:0.9062
INFO:__main__:
【Val】:  SENS: 0.8788  SPEC: 0.9174  PPV: 0.8120  NPV: 0.9491 F1:0.8441
INFO:__main__:验证的best_acc:0.9100
INFO:__main__:----------------------------------------------------------------------------------------------------
INFO:__main__:
【train】epoch:21/120 loss:0.1905 acc:0.9188
INFO:__main__:
【val】epoch:21/120 loss:0.3973 acc:0.8950
INFO:__main__:
【Val】:  SENS: 0.6883  SPEC: 0.9789  PPV: 0.9298  NPV: 0.8855 F1:0.7910
INFO:__main__:验证的best_acc:0.9100
INFO:__main__:----------------------------------------------------------------------------------------------------
INFO:__main__:
【train】epoch:22/120 loss:0.1899 acc:0.9224
INFO:__main__:
【val】epoch:22/120 loss:0.3131 acc:0.8662
INFO:__main__:
【Val】:  SENS: 0.9048  SPEC: 0.8506  PPV: 0.7109  NPV: 0.9565 F1:0.7962
INFO:__main__:验证的best_acc:0.9100
INFO:__main__:----------------------------------------------------------------------------------------------------
INFO:__main__:
【train】epoch:23/120 loss:0.1800 acc:0.9259
INFO:__main__:
【val】epoch:23/120 loss:0.2656 acc:0.8925
INFO:__main__:
【Val】:  SENS: 0.8442  SPEC: 0.9121  PPV: 0.7959  NPV: 0.9351 F1:0.8193
INFO:__main__:验证的best_acc:0.9100
INFO:__main__:----------------------------------------------------------------------------------------------------
INFO:__main__:
【train】epoch:24/120 loss:0.1765 acc:0.9292
INFO:__main__:
【val】epoch:24/120 loss:0.2319 acc:0.9187
INFO:__main__:
【Val】:  SENS: 0.8701  SPEC: 0.9385  PPV: 0.8517  NPV: 0.9468 F1:0.8608
INFO:__main__:验证的best_acc:0.9187
INFO:__main__:----------------------------------------------------------------------------------------------------
INFO:__main__:
【train】epoch:25/120 loss:0.1692 acc:0.9306
INFO:__main__:
【val】epoch:25/120 loss:0.2582 acc:0.9100
INFO:__main__:
【Val】:  SENS: 0.7965  SPEC: 0.9561  PPV: 0.8804  NPV: 0.9205 F1:0.8364
INFO:__main__:验证的best_acc:0.9187
INFO:__main__:----------------------------------------------------------------------------------------------------
INFO:__main__:
【train】epoch:26/120 loss:0.1685 acc:0.9339
INFO:__main__:
【val】epoch:26/120 loss:0.2748 acc:0.9062
INFO:__main__:
【Val】:  SENS: 0.8355  SPEC: 0.9350  PPV: 0.8391  NPV: 0.9333 F1:0.8373
INFO:__main__:验证的best_acc:0.9187
INFO:__main__:----------------------------------------------------------------------------------------------------
INFO:__main__:
【train】epoch:27/120 loss:0.1608 acc:0.9330
INFO:__main__:
【val】epoch:27/120 loss:0.2688 acc:0.9013
INFO:__main__:
【Val】:  SENS: 0.8701  SPEC: 0.9139  PPV: 0.8040  NPV: 0.9455 F1:0.8358
INFO:__main__:验证的best_acc:0.9187
INFO:__main__:----------------------------------------------------------------------------------------------------
INFO:__main__:
【train】epoch:28/120 loss:0.1558 acc:0.9369
INFO:__main__:
【val】epoch:28/120 loss:0.2840 acc:0.8888
INFO:__main__:
【Val】:  SENS: 0.8485  SPEC: 0.9051  PPV: 0.7840  NPV: 0.9364 F1:0.8150
INFO:__main__:验证的best_acc:0.9187
INFO:__main__:----------------------------------------------------------------------------------------------------
INFO:__main__:
【train】epoch:29/120 loss:0.1441 acc:0.9423
INFO:__main__:
【val】epoch:29/120 loss:0.2335 acc:0.9212
INFO:__main__:
【Val】:  SENS: 0.8009  SPEC: 0.9701  PPV: 0.9158  NPV: 0.9231 F1:0.8545
INFO:__main__:验证的best_acc:0.9212
INFO:__main__:----------------------------------------------------------------------------------------------------
INFO:__main__:
【train】epoch:30/120 loss:0.1416 acc:0.9449
INFO:__main__:
【val】epoch:30/120 loss:0.2437 acc:0.9275
INFO:__main__:
【Val】:  SENS: 0.8225  SPEC: 0.9701  PPV: 0.9179  NPV: 0.9309 F1:0.8676
INFO:__main__:验证的best_acc:0.9275
INFO:__main__:----------------------------------------------------------------------------------------------------
INFO:__main__:
【train】epoch:31/120 loss:0.1326 acc:0.9473
INFO:__main__:
【val】epoch:31/120 loss:0.2427 acc:0.9137
INFO:__main__:
【Val】:  SENS: 0.8009  SPEC: 0.9596  PPV: 0.8894  NPV: 0.9223 F1:0.8428
INFO:__main__:验证的best_acc:0.9275
INFO:__main__:----------------------------------------------------------------------------------------------------
INFO:__main__:
【train】epoch:32/120 loss:0.1388 acc:0.9464
INFO:__main__:
【val】epoch:32/120 loss:0.2112 acc:0.9212
INFO:__main__:
【Val】:  SENS: 0.8355  SPEC: 0.9561  PPV: 0.8853  NPV: 0.9347 F1:0.8597
INFO:__main__:验证的best_acc:0.9275
INFO:__main__:----------------------------------------------------------------------------------------------------
INFO:__main__:
【train】epoch:33/120 loss:0.1171 acc:0.9538
INFO:__main__:
【val】epoch:33/120 loss:0.3232 acc:0.9050
INFO:__main__:
【Val】:  SENS: 0.7446  SPEC: 0.9701  PPV: 0.9101  NPV: 0.9034 F1:0.8190
INFO:__main__:验证的best_acc:0.9275
INFO:__main__:----------------------------------------------------------------------------------------------------
INFO:__main__:
【train】epoch:34/120 loss:0.1299 acc:0.9514
INFO:__main__:
【val】epoch:34/120 loss:0.3182 acc:0.8950
INFO:__main__:
【Val】:  SENS: 0.8658  SPEC: 0.9069  PPV: 0.7905  NPV: 0.9433 F1:0.8264
INFO:__main__:验证的best_acc:0.9275
INFO:__main__:----------------------------------------------------------------------------------------------------
INFO:__main__:
【train】epoch:35/120 loss:0.1153 acc:0.9552
INFO:__main__:
【val】epoch:35/120 loss:0.2845 acc:0.8988
INFO:__main__:
【Val】:  SENS: 0.8788  SPEC: 0.9069  PPV: 0.7930  NPV: 0.9485 F1:0.8337
INFO:__main__:验证的best_acc:0.9275
INFO:__main__:----------------------------------------------------------------------------------------------------
INFO:__main__:
【train】epoch:36/120 loss:0.1153 acc:0.9564
INFO:__main__:
【val】epoch:36/120 loss:0.2781 acc:0.9100
INFO:__main__:
【Val】:  SENS: 0.8398  SPEC: 0.9385  PPV: 0.8472  NPV: 0.9352 F1:0.8435
INFO:__main__:验证的best_acc:0.9275
INFO:__main__:----------------------------------------------------------------------------------------------------
INFO:__main__:
【train】epoch:37/120 loss:0.1216 acc:0.9512
INFO:__main__:
【val】epoch:37/120 loss:0.2534 acc:0.9187
INFO:__main__:
【Val】:  SENS: 0.8658  SPEC: 0.9402  PPV: 0.8547  NPV: 0.9452 F1:0.8602
INFO:__main__:验证的best_acc:0.9275
INFO:__main__:----------------------------------------------------------------------------------------------------
INFO:__main__:
【train】epoch:38/120 loss:0.1196 acc:0.9550
INFO:__main__:
【val】epoch:38/120 loss:0.2526 acc:0.9112
INFO:__main__:
【Val】:  SENS: 0.8139  SPEC: 0.9508  PPV: 0.8704  NPV: 0.9264 F1:0.8412
INFO:__main__:验证的best_acc:0.9275
INFO:__main__:----------------------------------------------------------------------------------------------------
INFO:__main__:
【train】epoch:39/120 loss:0.0968 acc:0.9635
INFO:__main__:
【val】epoch:39/120 loss:0.2985 acc:0.9075
INFO:__main__:
【Val】:  SENS: 0.8095  SPEC: 0.9473  PPV: 0.8618  NPV: 0.9245 F1:0.8348
INFO:__main__:验证的best_acc:0.9275
INFO:__main__:----------------------------------------------------------------------------------------------------
INFO:__main__:
【train】epoch:40/120 loss:0.1024 acc:0.9621
INFO:__main__:
【val】epoch:40/120 loss:0.3002 acc:0.9112
INFO:__main__:
【Val】:  SENS: 0.8095  SPEC: 0.9525  PPV: 0.8738  NPV: 0.9249 F1:0.8404
INFO:__main__:验证的best_acc:0.9275
INFO:__main__:----------------------------------------------------------------------------------------------------
INFO:__main__:
【train】epoch:41/120 loss:0.0965 acc:0.9612
INFO:__main__:
【val】epoch:41/120 loss:0.2652 acc:0.9225
INFO:__main__:
【Val】:  SENS: 0.8528  SPEC: 0.9508  PPV: 0.8756  NPV: 0.9409 F1:0.8640
INFO:__main__:验证的best_acc:0.9275
INFO:__main__:----------------------------------------------------------------------------------------------------
INFO:__main__:
【train】epoch:42/120 loss:0.0962 acc:0.9633
INFO:__main__:
【val】epoch:42/120 loss:0.2348 acc:0.9225
INFO:__main__:
【Val】:  SENS: 0.8918  SPEC: 0.9350  PPV: 0.8477  NPV: 0.9551 F1:0.8692
INFO:__main__:验证的best_acc:0.9275
INFO:__main__:----------------------------------------------------------------------------------------------------
INFO:__main__:
【train】epoch:43/120 loss:0.0990 acc:0.9635
INFO:__main__:
【val】epoch:43/120 loss:0.2383 acc:0.9225
INFO:__main__:
【Val】:  SENS: 0.8442  SPEC: 0.9543  PPV: 0.8824  NPV: 0.9378 F1:0.8628
INFO:__main__:验证的best_acc:0.9275
INFO:__main__:----------------------------------------------------------------------------------------------------
INFO:__main__:
【train】epoch:44/120 loss:0.0887 acc:0.9672
INFO:__main__:
【val】epoch:44/120 loss:0.2601 acc:0.9175
INFO:__main__:
【Val】:  SENS: 0.8615  SPEC: 0.9402  PPV: 0.8541  NPV: 0.9436 F1:0.8578
INFO:__main__:验证的best_acc:0.9275
INFO:__main__:----------------------------------------------------------------------------------------------------
INFO:__main__:
【train】epoch:45/120 loss:0.0929 acc:0.9648
INFO:__main__:
【val】epoch:45/120 loss:0.2459 acc:0.9250
INFO:__main__:
【Val】:  SENS: 0.8442  SPEC: 0.9578  PPV: 0.8904  NPV: 0.9380 F1:0.8667
INFO:__main__:验证的best_acc:0.9275
INFO:__main__:----------------------------------------------------------------------------------------------------
INFO:__main__:
【train】epoch:46/120 loss:0.0917 acc:0.9674
INFO:__main__:
【val】epoch:46/120 loss:0.2462 acc:0.9225
INFO:__main__:
【Val】:  SENS: 0.8398  SPEC: 0.9561  PPV: 0.8858  NPV: 0.9363 F1:0.8622
INFO:__main__:验证的best_acc:0.9275
INFO:__main__:----------------------------------------------------------------------------------------------------
INFO:__main__:
【train】epoch:47/120 loss:0.0914 acc:0.9663
INFO:__main__:
【val】epoch:47/120 loss:0.2484 acc:0.9200
INFO:__main__:
【Val】:  SENS: 0.8225  SPEC: 0.9596  PPV: 0.8920  NPV: 0.9302 F1:0.8559
INFO:__main__:验证的best_acc:0.9275
INFO:__main__:----------------------------------------------------------------------------------------------------
INFO:__main__:
【train】epoch:48/120 loss:0.0882 acc:0.9645
INFO:__main__:
【val】epoch:48/120 loss:0.2658 acc:0.9150
INFO:__main__:
【Val】:  SENS: 0.8745  SPEC: 0.9315  PPV: 0.8382  NPV: 0.9481 F1:0.8559
INFO:__main__:验证的best_acc:0.9275
INFO:__main__:----------------------------------------------------------------------------------------------------
INFO:__main__:
【train】epoch:49/120 loss:0.0765 acc:0.9733
INFO:__main__:
【val】epoch:49/120 loss:0.2530 acc:0.9312
INFO:__main__:
【Val】:  SENS: 0.8442  SPEC: 0.9666  PPV: 0.9112  NPV: 0.9386 F1:0.8764
INFO:__main__:验证的best_acc:0.9312
INFO:__main__:----------------------------------------------------------------------------------------------------
INFO:__main__:
【train】epoch:50/120 loss:0.0711 acc:0.9728
INFO:__main__:
【val】epoch:50/120 loss:0.3020 acc:0.9212
INFO:__main__:
【Val】:  SENS: 0.8009  SPEC: 0.9701  PPV: 0.9158  NPV: 0.9231 F1:0.8545
INFO:__main__:验证的best_acc:0.9312
INFO:__main__:----------------------------------------------------------------------------------------------------
INFO:__main__:
【train】epoch:51/120 loss:0.0708 acc:0.9727
INFO:__main__:
【val】epoch:51/120 loss:0.2254 acc:0.9337
INFO:__main__:
【Val】:  SENS: 0.8615  SPEC: 0.9631  PPV: 0.9045  NPV: 0.9448 F1:0.8825
INFO:__main__:验证的best_acc:0.9337
INFO:__main__:----------------------------------------------------------------------------------------------------
INFO:__main__:
【train】epoch:52/120 loss:0.0760 acc:0.9716
INFO:__main__:
【val】epoch:52/120 loss:0.2344 acc:0.9275
INFO:__main__:
【Val】:  SENS: 0.8139  SPEC: 0.9736  PPV: 0.9261  NPV: 0.9280 F1:0.8664
INFO:__main__:验证的best_acc:0.9337
INFO:__main__:----------------------------------------------------------------------------------------------------
INFO:__main__:
【train】epoch:53/120 loss:0.0671 acc:0.9742
INFO:__main__:
【val】epoch:53/120 loss:0.3125 acc:0.9087
INFO:__main__:
【Val】:  SENS: 0.7792  SPEC: 0.9613  PPV: 0.8911  NPV: 0.9147 F1:0.8314
INFO:__main__:验证的best_acc:0.9337
INFO:__main__:----------------------------------------------------------------------------------------------------
INFO:__main__:
【train】epoch:54/120 loss:0.0654 acc:0.9746
INFO:__main__:
【val】epoch:54/120 loss:0.2652 acc:0.9337
INFO:__main__:
【Val】:  SENS: 0.8485  SPEC: 0.9684  PPV: 0.9159  NPV: 0.9403 F1:0.8809
INFO:__main__:验证的best_acc:0.9337
INFO:__main__:----------------------------------------------------------------------------------------------------
INFO:__main__:
【train】epoch:55/120 loss:0.0769 acc:0.9713
INFO:__main__:
【val】epoch:55/120 loss:0.2861 acc:0.9200
INFO:__main__:
【Val】:  SENS: 0.8009  SPEC: 0.9684  PPV: 0.9113  NPV: 0.9229 F1:0.8525
INFO:__main__:验证的best_acc:0.9337
INFO:__main__:----------------------------------------------------------------------------------------------------
INFO:__main__:
【train】epoch:56/120 loss:0.0628 acc:0.9746
INFO:__main__:
【val】epoch:56/120 loss:0.2674 acc:0.9212
INFO:__main__:
【Val】:  SENS: 0.8831  SPEC: 0.9367  PPV: 0.8500  NPV: 0.9518 F1:0.8662
INFO:__main__:验证的best_acc:0.9337
INFO:__main__:----------------------------------------------------------------------------------------------------
INFO:__main__:
【train】epoch:57/120 loss:0.0702 acc:0.9730
INFO:__main__:
【val】epoch:57/120 loss:0.2265 acc:0.9350
INFO:__main__:
【Val】:  SENS: 0.8658  SPEC: 0.9631  PPV: 0.9050  NPV: 0.9465 F1:0.8850
INFO:__main__:验证的best_acc:0.9350
INFO:__main__:----------------------------------------------------------------------------------------------------
INFO:__main__:
【train】epoch:58/120 loss:0.0615 acc:0.9777
INFO:__main__:
【val】epoch:58/120 loss:0.2974 acc:0.9225
INFO:__main__:
【Val】:  SENS: 0.8139  SPEC: 0.9666  PPV: 0.9082  NPV: 0.9275 F1:0.8584
INFO:__main__:验证的best_acc:0.9350
INFO:__main__:----------------------------------------------------------------------------------------------------
INFO:__main__:
【train】epoch:59/120 loss:0.0652 acc:0.9749
INFO:__main__:
【val】epoch:59/120 loss:0.2813 acc:0.9200
INFO:__main__:
【Val】:  SENS: 0.8139  SPEC: 0.9631  PPV: 0.8995  NPV: 0.9272 F1:0.8545
INFO:__main__:验证的best_acc:0.9350
INFO:__main__:----------------------------------------------------------------------------------------------------
INFO:__main__:
【train】epoch:60/120 loss:0.0522 acc:0.9805
INFO:__main__:
【val】epoch:60/120 loss:0.2703 acc:0.9337
INFO:__main__:
【Val】:  SENS: 0.8615  SPEC: 0.9631  PPV: 0.9045  NPV: 0.9448 F1:0.8825
INFO:__main__:验证的best_acc:0.9350
INFO:__main__:----------------------------------------------------------------------------------------------------
INFO:__main__:
【train】epoch:61/120 loss:0.0541 acc:0.9792
INFO:__main__:
【val】epoch:61/120 loss:0.2843 acc:0.9200
INFO:__main__:
【Val】:  SENS: 0.8745  SPEC: 0.9385  PPV: 0.8523  NPV: 0.9485 F1:0.8632
INFO:__main__:验证的best_acc:0.9350
INFO:__main__:----------------------------------------------------------------------------------------------------
INFO:__main__:
【train】epoch:62/120 loss:0.0522 acc:0.9816
INFO:__main__:
【val】epoch:62/120 loss:0.3269 acc:0.9175
INFO:__main__:
【Val】:  SENS: 0.8139  SPEC: 0.9596  PPV: 0.8910  NPV: 0.9270 F1:0.8507
INFO:__main__:验证的best_acc:0.9350
INFO:__main__:----------------------------------------------------------------------------------------------------
INFO:__main__:
【train】epoch:63/120 loss:0.0525 acc:0.9810
INFO:__main__:
【val】epoch:63/120 loss:0.3559 acc:0.9100
INFO:__main__:
【Val】:  SENS: 0.8485  SPEC: 0.9350  PPV: 0.8412  NPV: 0.9383 F1:0.8448
INFO:__main__:验证的best_acc:0.9350
INFO:__main__:----------------------------------------------------------------------------------------------------
INFO:__main__:
【train】epoch:64/120 loss:0.0513 acc:0.9811
INFO:__main__:
【val】epoch:64/120 loss:0.2777 acc:0.9300
INFO:__main__:
【Val】:  SENS: 0.8874  SPEC: 0.9473  PPV: 0.8723  NPV: 0.9540 F1:0.8798
INFO:__main__:验证的best_acc:0.9350
INFO:__main__:----------------------------------------------------------------------------------------------------
INFO:__main__:
【train】epoch:65/120 loss:0.0547 acc:0.9777
INFO:__main__:
【val】epoch:65/120 loss:0.2821 acc:0.9300
INFO:__main__:
【Val】:  SENS: 0.8095  SPEC: 0.9789  PPV: 0.9397  NPV: 0.9268 F1:0.8698
INFO:__main__:验证的best_acc:0.9350
INFO:__main__:----------------------------------------------------------------------------------------------------
INFO:__main__:
【train】epoch:66/120 loss:0.0519 acc:0.9792
INFO:__main__:
【val】epoch:66/120 loss:0.3068 acc:0.9250
INFO:__main__:
【Val】:  SENS: 0.8528  SPEC: 0.9543  PPV: 0.8834  NPV: 0.9411 F1:0.8678
INFO:__main__:验证的best_acc:0.9350
INFO:__main__:----------------------------------------------------------------------------------------------------
INFO:__main__:
【train】epoch:67/120 loss:0.0540 acc:0.9795
INFO:__main__:
【val】epoch:67/120 loss:0.2809 acc:0.9237
INFO:__main__:
【Val】:  SENS: 0.8485  SPEC: 0.9543  PPV: 0.8829  NPV: 0.9394 F1:0.8653
INFO:__main__:验证的best_acc:0.9350
INFO:__main__:----------------------------------------------------------------------------------------------------
INFO:__main__:
【train】epoch:68/120 loss:0.0495 acc:0.9822
INFO:__main__:
【val】epoch:68/120 loss:0.3344 acc:0.9087
INFO:__main__:
【Val】:  SENS: 0.8139  SPEC: 0.9473  PPV: 0.8624  NPV: 0.9261 F1:0.8374
INFO:__main__:验证的best_acc:0.9350
INFO:__main__:----------------------------------------------------------------------------------------------------
INFO:__main__:
【train】epoch:69/120 loss:0.0416 acc:0.9834
INFO:__main__:
【val】epoch:69/120 loss:0.3075 acc:0.9200
INFO:__main__:
【Val】:  SENS: 0.8398  SPEC: 0.9525  PPV: 0.8778  NPV: 0.9361 F1:0.8584
INFO:__main__:验证的best_acc:0.9350
INFO:__main__:----------------------------------------------------------------------------------------------------
INFO:__main__:
【train】epoch:70/120 loss:0.0449 acc:0.9832
INFO:__main__:
【val】epoch:70/120 loss:0.3079 acc:0.9175
INFO:__main__:
【Val】:  SENS: 0.8571  SPEC: 0.9420  PPV: 0.8571  NPV: 0.9420 F1:0.8571
INFO:__main__:验证的best_acc:0.9350
INFO:__main__:----------------------------------------------------------------------------------------------------
INFO:__main__:
【train】epoch:71/120 loss:0.0418 acc:0.9840
INFO:__main__:
【val】epoch:71/120 loss:0.3259 acc:0.9200
INFO:__main__:
【Val】:  SENS: 0.8225  SPEC: 0.9596  PPV: 0.8920  NPV: 0.9302 F1:0.8559
INFO:__main__:验证的best_acc:0.9350
INFO:__main__:----------------------------------------------------------------------------------------------------
INFO:__main__:
【train】epoch:72/120 loss:0.0404 acc:0.9840
INFO:__main__:
【val】epoch:72/120 loss:0.2779 acc:0.9287
INFO:__main__:
【Val】:  SENS: 0.8831  SPEC: 0.9473  PPV: 0.8718  NPV: 0.9523 F1:0.8774
INFO:__main__:验证的best_acc:0.9350
INFO:__main__:----------------------------------------------------------------------------------------------------
INFO:__main__:
【train】epoch:73/120 loss:0.0376 acc:0.9864
INFO:__main__:
【val】epoch:73/120 loss:0.3265 acc:0.9137
INFO:__main__:
【Val】:  SENS: 0.8182  SPEC: 0.9525  PPV: 0.8750  NPV: 0.9281 F1:0.8456
INFO:__main__:验证的best_acc:0.9350
INFO:__main__:----------------------------------------------------------------------------------------------------
INFO:__main__:
【train】epoch:74/120 loss:0.0405 acc:0.9841
INFO:__main__:
【val】epoch:74/120 loss:0.3123 acc:0.9287
INFO:__main__:
【Val】:  SENS: 0.8442  SPEC: 0.9631  PPV: 0.9028  NPV: 0.9384 F1:0.8725
INFO:__main__:验证的best_acc:0.9350
INFO:__main__:----------------------------------------------------------------------------------------------------
INFO:__main__:
【train】epoch:75/120 loss:0.0382 acc:0.9867
INFO:__main__:
【val】epoch:75/120 loss:0.3023 acc:0.9300
INFO:__main__:
【Val】:  SENS: 0.8658  SPEC: 0.9561  PPV: 0.8889  NPV: 0.9461 F1:0.8772
INFO:__main__:验证的best_acc:0.9350
INFO:__main__:----------------------------------------------------------------------------------------------------
INFO:__main__:
【train】epoch:76/120 loss:0.0356 acc:0.9882
INFO:__main__:
【val】epoch:76/120 loss:0.3075 acc:0.9250
INFO:__main__:
【Val】:  SENS: 0.8225  SPEC: 0.9666  PPV: 0.9091  NPV: 0.9306 F1:0.8636
INFO:__main__:验证的best_acc:0.9350
INFO:__main__:----------------------------------------------------------------------------------------------------
INFO:__main__:
【train】epoch:77/120 loss:0.0352 acc:0.9860
INFO:__main__:
【val】epoch:77/120 loss:0.2856 acc:0.9287
INFO:__main__:
【Val】:  SENS: 0.8745  SPEC: 0.9508  PPV: 0.8783  NPV: 0.9491 F1:0.8764
INFO:__main__:验证的best_acc:0.9350
INFO:__main__:----------------------------------------------------------------------------------------------------
INFO:__main__:
【train】epoch:78/120 loss:0.0358 acc:0.9875
INFO:__main__:
【val】epoch:78/120 loss:0.3073 acc:0.9300
INFO:__main__:
【Val】:  SENS: 0.8874  SPEC: 0.9473  PPV: 0.8723  NPV: 0.9540 F1:0.8798
INFO:__main__:验证的best_acc:0.9350
INFO:__main__:----------------------------------------------------------------------------------------------------
INFO:__main__:
【train】epoch:79/120 loss:0.0333 acc:0.9855
INFO:__main__:
【val】epoch:79/120 loss:0.3449 acc:0.9175
INFO:__main__:
【Val】:  SENS: 0.8355  SPEC: 0.9508  PPV: 0.8733  NPV: 0.9344 F1:0.8540
INFO:__main__:验证的best_acc:0.9350
INFO:__main__:----------------------------------------------------------------------------------------------------
INFO:__main__:
【train】epoch:80/120 loss:0.0375 acc:0.9857
INFO:__main__:
【val】epoch:80/120 loss:0.3119 acc:0.9187
INFO:__main__:
【Val】:  SENS: 0.8268  SPEC: 0.9561  PPV: 0.8843  NPV: 0.9315 F1:0.8546
INFO:__main__:验证的best_acc:0.9350
INFO:__main__:----------------------------------------------------------------------------------------------------
INFO:__main__:
【train】epoch:81/120 loss:0.0290 acc:0.9905
INFO:__main__:
【val】epoch:81/120 loss:0.3208 acc:0.9250
INFO:__main__:
【Val】:  SENS: 0.8831  SPEC: 0.9420  PPV: 0.8608  NPV: 0.9520 F1:0.8718
INFO:__main__:验证的best_acc:0.9350
INFO:__main__:----------------------------------------------------------------------------------------------------
INFO:__main__:
【train】epoch:82/120 loss:0.0293 acc:0.9902
INFO:__main__:
【val】epoch:82/120 loss:0.3396 acc:0.9212
INFO:__main__:
【Val】:  SENS: 0.8571  SPEC: 0.9473  PPV: 0.8684  NPV: 0.9423 F1:0.8627
INFO:__main__:验证的best_acc:0.9350
INFO:__main__:----------------------------------------------------------------------------------------------------
INFO:__main__:
【train】epoch:83/120 loss:0.0296 acc:0.9875
INFO:__main__:
【val】epoch:83/120 loss:0.3057 acc:0.9300
INFO:__main__:
【Val】:  SENS: 0.8442  SPEC: 0.9649  PPV: 0.9070  NPV: 0.9385 F1:0.8744
INFO:__main__:验证的best_acc:0.9350
INFO:__main__:----------------------------------------------------------------------------------------------------
INFO:__main__:
【train】epoch:84/120 loss:0.0293 acc:0.9890
INFO:__main__:
【val】epoch:84/120 loss:0.2974 acc:0.9337
INFO:__main__:
【Val】:  SENS: 0.8658  SPEC: 0.9613  PPV: 0.9009  NPV: 0.9464 F1:0.8830
INFO:__main__:验证的best_acc:0.9350
INFO:__main__:----------------------------------------------------------------------------------------------------
INFO:__main__:
【train】epoch:85/120 loss:0.0355 acc:0.9873
INFO:__main__:
【val】epoch:85/120 loss:0.3144 acc:0.9287
INFO:__main__:
【Val】:  SENS: 0.8874  SPEC: 0.9455  PPV: 0.8686  NPV: 0.9539 F1:0.8779
INFO:__main__:验证的best_acc:0.9350
INFO:__main__:----------------------------------------------------------------------------------------------------
INFO:__main__:
【train】epoch:86/120 loss:0.0313 acc:0.9890
INFO:__main__:
【val】epoch:86/120 loss:0.3033 acc:0.9275
INFO:__main__:
【Val】:  SENS: 0.8831  SPEC: 0.9455  PPV: 0.8681  NPV: 0.9522 F1:0.8755
INFO:__main__:验证的best_acc:0.9350
INFO:__main__:----------------------------------------------------------------------------------------------------
INFO:__main__:
【train】epoch:87/120 loss:0.0326 acc:0.9873
INFO:__main__:
【val】epoch:87/120 loss:0.3153 acc:0.9287
INFO:__main__:
【Val】:  SENS: 0.8355  SPEC: 0.9666  PPV: 0.9104  NPV: 0.9354 F1:0.8713
INFO:__main__:验证的best_acc:0.9350
INFO:__main__:----------------------------------------------------------------------------------------------------
INFO:__main__:
【train】epoch:88/120 loss:0.0222 acc:0.9909
INFO:__main__:
【val】epoch:88/120 loss:0.3553 acc:0.9287
INFO:__main__:
【Val】:  SENS: 0.9004  SPEC: 0.9402  PPV: 0.8595  NPV: 0.9588 F1:0.8795
INFO:__main__:验证的best_acc:0.9350
INFO:__main__:----------------------------------------------------------------------------------------------------
INFO:__main__:
【train】epoch:89/120 loss:0.0249 acc:0.9911
INFO:__main__:
【val】epoch:89/120 loss:0.3875 acc:0.9212
INFO:__main__:
【Val】:  SENS: 0.8615  SPEC: 0.9455  PPV: 0.8652  NPV: 0.9439 F1:0.8633
INFO:__main__:验证的best_acc:0.9350
INFO:__main__:----------------------------------------------------------------------------------------------------
INFO:__main__:
【train】epoch:90/120 loss:0.0230 acc:0.9920
INFO:__main__:
【val】epoch:90/120 loss:0.3635 acc:0.9262
INFO:__main__:
【Val】:  SENS: 0.8615  SPEC: 0.9525  PPV: 0.8805  NPV: 0.9443 F1:0.8709
INFO:__main__:验证的best_acc:0.9350
INFO:__main__:----------------------------------------------------------------------------------------------------
INFO:__main__:
【train】epoch:91/120 loss:0.0259 acc:0.9914
INFO:__main__:
【val】epoch:91/120 loss:0.3031 acc:0.9375
INFO:__main__:
【Val】:  SENS: 0.8874  SPEC: 0.9578  PPV: 0.8952  NPV: 0.9545 F1:0.8913
INFO:__main__:验证的best_acc:0.9375
INFO:__main__:----------------------------------------------------------------------------------------------------
INFO:__main__:
【train】epoch:92/120 loss:0.0203 acc:0.9934
INFO:__main__:
【val】epoch:92/120 loss:0.3137 acc:0.9337
INFO:__main__:
【Val】:  SENS: 0.8745  SPEC: 0.9578  PPV: 0.8938  NPV: 0.9495 F1:0.8840
INFO:__main__:验证的best_acc:0.9375
INFO:__main__:----------------------------------------------------------------------------------------------------
INFO:__main__:
【train】epoch:93/120 loss:0.0287 acc:0.9887
INFO:__main__:
【val】epoch:93/120 loss:0.3018 acc:0.9362
INFO:__main__:
【Val】:  SENS: 0.8961  SPEC: 0.9525  PPV: 0.8846  NPV: 0.9576 F1:0.8903
INFO:__main__:验证的best_acc:0.9375
INFO:__main__:----------------------------------------------------------------------------------------------------
INFO:__main__:
【train】epoch:94/120 loss:0.0200 acc:0.9923
INFO:__main__:
【val】epoch:94/120 loss:0.3402 acc:0.9362
INFO:__main__:
【Val】:  SENS: 0.9091  SPEC: 0.9473  PPV: 0.8750  NPV: 0.9625 F1:0.8917
INFO:__main__:验证的best_acc:0.9375
INFO:__main__:----------------------------------------------------------------------------------------------------
INFO:__main__:
【train】epoch:95/120 loss:0.0208 acc:0.9925
INFO:__main__:
【val】epoch:95/120 loss:0.3108 acc:0.9375
INFO:__main__:
【Val】:  SENS: 0.8701  SPEC: 0.9649  PPV: 0.9095  NPV: 0.9482 F1:0.8894
INFO:__main__:验证的best_acc:0.9375
INFO:__main__:----------------------------------------------------------------------------------------------------
INFO:__main__:
【train】epoch:96/120 loss:0.0235 acc:0.9909
INFO:__main__:
【val】epoch:96/120 loss:0.3336 acc:0.9312
INFO:__main__:
【Val】:  SENS: 0.8918  SPEC: 0.9473  PPV: 0.8729  NPV: 0.9557 F1:0.8822
INFO:__main__:验证的best_acc:0.9375
INFO:__main__:----------------------------------------------------------------------------------------------------
INFO:__main__:
【train】epoch:97/120 loss:0.0242 acc:0.9915
INFO:__main__:
【val】epoch:97/120 loss:0.3151 acc:0.9337
INFO:__main__:
【Val】:  SENS: 0.8874  SPEC: 0.9525  PPV: 0.8836  NPV: 0.9542 F1:0.8855
INFO:__main__:验证的best_acc:0.9375
INFO:__main__:----------------------------------------------------------------------------------------------------
INFO:__main__:
【train】epoch:98/120 loss:0.0219 acc:0.9926
INFO:__main__:
【val】epoch:98/120 loss:0.2837 acc:0.9325
INFO:__main__:
【Val】:  SENS: 0.8918  SPEC: 0.9490  PPV: 0.8766  NPV: 0.9558 F1:0.8841
INFO:__main__:验证的best_acc:0.9375
INFO:__main__:----------------------------------------------------------------------------------------------------
INFO:__main__:
【train】epoch:99/120 loss:0.0192 acc:0.9934
INFO:__main__:
【val】epoch:99/120 loss:0.3084 acc:0.9375
INFO:__main__:
【Val】:  SENS: 0.8918  SPEC: 0.9561  PPV: 0.8918  NPV: 0.9561 F1:0.8918
INFO:__main__:验证的best_acc:0.9375
INFO:__main__:----------------------------------------------------------------------------------------------------
INFO:__main__:
【train】epoch:100/120 loss:0.0120 acc:0.9958
INFO:__main__:
【val】epoch:100/120 loss:0.3341 acc:0.9312
INFO:__main__:
【Val】:  SENS: 0.8788  SPEC: 0.9525  PPV: 0.8826  NPV: 0.9509 F1:0.8807
INFO:__main__:验证的best_acc:0.9375
INFO:__main__:----------------------------------------------------------------------------------------------------
INFO:__main__:
【train】epoch:101/120 loss:0.0175 acc:0.9935
INFO:__main__:
【val】epoch:101/120 loss:0.3058 acc:0.9438
INFO:__main__:
【Val】:  SENS: 0.9307  SPEC: 0.9490  PPV: 0.8811  NPV: 0.9712 F1:0.9053
INFO:__main__:验证的best_acc:0.9438
INFO:__main__:----------------------------------------------------------------------------------------------------
INFO:__main__:
【train】epoch:102/120 loss:0.0189 acc:0.9926
INFO:__main__:
【val】epoch:102/120 loss:0.3170 acc:0.9325
INFO:__main__:
【Val】:  SENS: 0.8615  SPEC: 0.9613  PPV: 0.9005  NPV: 0.9447 F1:0.8805
INFO:__main__:验证的best_acc:0.9438
INFO:__main__:----------------------------------------------------------------------------------------------------
INFO:__main__:
【train】epoch:103/120 loss:0.0149 acc:0.9946
INFO:__main__:
【val】epoch:103/120 loss:0.3386 acc:0.9350
INFO:__main__:
【Val】:  SENS: 0.8918  SPEC: 0.9525  PPV: 0.8841  NPV: 0.9559 F1:0.8879
INFO:__main__:验证的best_acc:0.9438
INFO:__main__:----------------------------------------------------------------------------------------------------
INFO:__main__:
【train】epoch:104/120 loss:0.0144 acc:0.9947
INFO:__main__:
【val】epoch:104/120 loss:0.3657 acc:0.9312
INFO:__main__:
【Val】:  SENS: 0.8701  SPEC: 0.9561  PPV: 0.8894  NPV: 0.9477 F1:0.8796
INFO:__main__:验证的best_acc:0.9438
INFO:__main__:----------------------------------------------------------------------------------------------------
INFO:__main__:
【train】epoch:105/120 loss:0.0191 acc:0.9937
INFO:__main__:
【val】epoch:105/120 loss:0.3502 acc:0.9312
INFO:__main__:
【Val】:  SENS: 0.8701  SPEC: 0.9561  PPV: 0.8894  NPV: 0.9477 F1:0.8796
INFO:__main__:验证的best_acc:0.9438
INFO:__main__:----------------------------------------------------------------------------------------------------
INFO:__main__:
【train】epoch:106/120 loss:0.0176 acc:0.9935
INFO:__main__:
【val】epoch:106/120 loss:0.3394 acc:0.9325
INFO:__main__:
【Val】:  SENS: 0.8788  SPEC: 0.9543  PPV: 0.8865  NPV: 0.9510 F1:0.8826
INFO:__main__:验证的best_acc:0.9438
INFO:__main__:----------------------------------------------------------------------------------------------------
INFO:__main__:
【train】epoch:107/120 loss:0.0181 acc:0.9940
INFO:__main__:
【val】epoch:107/120 loss:0.3002 acc:0.9337
INFO:__main__:
【Val】:  SENS: 0.8745  SPEC: 0.9578  PPV: 0.8938  NPV: 0.9495 F1:0.8840
INFO:__main__:验证的best_acc:0.9438
INFO:__main__:----------------------------------------------------------------------------------------------------
INFO:__main__:
【train】epoch:108/120 loss:0.0196 acc:0.9923
INFO:__main__:
【val】epoch:108/120 loss:0.3247 acc:0.9337
INFO:__main__:
【Val】:  SENS: 0.9004  SPEC: 0.9473  PPV: 0.8739  NPV: 0.9591 F1:0.8870
INFO:__main__:验证的best_acc:0.9438
INFO:__main__:----------------------------------------------------------------------------------------------------
INFO:__main__:
【train】epoch:109/120 loss:0.0170 acc:0.9932
INFO:__main__:
【val】epoch:109/120 loss:0.3144 acc:0.9337
INFO:__main__:
【Val】:  SENS: 0.8831  SPEC: 0.9543  PPV: 0.8870  NPV: 0.9526 F1:0.8850
INFO:__main__:验证的best_acc:0.9438
INFO:__main__:----------------------------------------------------------------------------------------------------
INFO:__main__:
【train】epoch:110/120 loss:0.0119 acc:0.9958
INFO:__main__:
【val】epoch:110/120 loss:0.3422 acc:0.9400
INFO:__main__:
【Val】:  SENS: 0.8745  SPEC: 0.9666  PPV: 0.9140  NPV: 0.9499 F1:0.8938
INFO:__main__:验证的best_acc:0.9438
INFO:__main__:----------------------------------------------------------------------------------------------------
INFO:__main__:
【train】epoch:111/120 loss:0.0116 acc:0.9959
INFO:__main__:
【val】epoch:111/120 loss:0.3358 acc:0.9375
INFO:__main__:
【Val】:  SENS: 0.8918  SPEC: 0.9561  PPV: 0.8918  NPV: 0.9561 F1:0.8918
INFO:__main__:验证的best_acc:0.9438
INFO:__main__:----------------------------------------------------------------------------------------------------
INFO:__main__:
【train】epoch:112/120 loss:0.0094 acc:0.9968
INFO:__main__:
【val】epoch:112/120 loss:0.3388 acc:0.9350
INFO:__main__:
【Val】:  SENS: 0.9004  SPEC: 0.9490  PPV: 0.8776  NPV: 0.9591 F1:0.8889
INFO:__main__:验证的best_acc:0.9438
INFO:__main__:----------------------------------------------------------------------------------------------------
INFO:__main__:
【train】epoch:113/120 loss:0.0122 acc:0.9950
INFO:__main__:
【val】epoch:113/120 loss:0.3426 acc:0.9400
INFO:__main__:
【Val】:  SENS: 0.9048  SPEC: 0.9543  PPV: 0.8894  NPV: 0.9611 F1:0.8970
INFO:__main__:验证的best_acc:0.9438
INFO:__main__:----------------------------------------------------------------------------------------------------
INFO:__main__:
【train】epoch:114/120 loss:0.0127 acc:0.9959
INFO:__main__:
【val】epoch:114/120 loss:0.3662 acc:0.9325
INFO:__main__:
【Val】:  SENS: 0.9048  SPEC: 0.9438  PPV: 0.8672  NPV: 0.9606 F1:0.8856
INFO:__main__:验证的best_acc:0.9438
INFO:__main__:----------------------------------------------------------------------------------------------------
INFO:__main__:
【train】epoch:115/120 loss:0.0160 acc:0.9946
INFO:__main__:
【val】epoch:115/120 loss:0.3711 acc:0.9275
INFO:__main__:
【Val】:  SENS: 0.8571  SPEC: 0.9561  PPV: 0.8879  NPV: 0.9428 F1:0.8722
INFO:__main__:验证的best_acc:0.9438
INFO:__main__:----------------------------------------------------------------------------------------------------
INFO:__main__:
【train】epoch:116/120 loss:0.0128 acc:0.9961
INFO:__main__:
【val】epoch:116/120 loss:0.3312 acc:0.9312
INFO:__main__:
【Val】:  SENS: 0.8788  SPEC: 0.9525  PPV: 0.8826  NPV: 0.9509 F1:0.8807
INFO:__main__:验证的best_acc:0.9438
INFO:__main__:----------------------------------------------------------------------------------------------------
INFO:__main__:
【train】epoch:117/120 loss:0.0133 acc:0.9947
INFO:__main__:
【val】epoch:117/120 loss:0.3263 acc:0.9375
INFO:__main__:
【Val】:  SENS: 0.8658  SPEC: 0.9666  PPV: 0.9132  NPV: 0.9466 F1:0.8889
INFO:__main__:验证的best_acc:0.9438
INFO:__main__:----------------------------------------------------------------------------------------------------
INFO:__main__:
【train】epoch:118/120 loss:0.0104 acc:0.9961
INFO:__main__:
【val】epoch:118/120 loss:0.3553 acc:0.9300
INFO:__main__:
【Val】:  SENS: 0.8615  SPEC: 0.9578  PPV: 0.8924  NPV: 0.9445 F1:0.8767
INFO:__main__:验证的best_acc:0.9438
INFO:__main__:----------------------------------------------------------------------------------------------------
INFO:__main__:
【train】epoch:119/120 loss:0.0117 acc:0.9953
INFO:__main__:
【val】epoch:119/120 loss:0.3548 acc:0.9275
INFO:__main__:
【Val】:  SENS: 0.8571  SPEC: 0.9561  PPV: 0.8879  NPV: 0.9428 F1:0.8722
INFO:__main__:验证的best_acc:0.9438
INFO:__main__:----------------------------------------------------------------------------------------------------
INFO:__main__:****************************************************************************************************
INFO:__main__:Val_LOSS:['0.5465', '0.5506', '0.6908', '0.5332', '0.4298', '0.3238', '0.3573', '0.3083', '0.5078', '0.2975', '0.2813', '0.2843', '0.2605', '0.2511', '0.3041', '0.2485', '0.2297', '0.2408', '0.2531', '0.2459', '0.2280', '0.3973', '0.3131', '0.2656', '0.2319', '0.2582', '0.2748', '0.2688', '0.2840', '0.2335', '0.2437', '0.2427', '0.2112', '0.3232', '0.3182', '0.2845', '0.2781', '0.2534', '0.2526', '0.2985', '0.3002', '0.2652', '0.2348', '0.2383', '0.2601', '0.2459', '0.2462', '0.2484', '0.2658', '0.2530', '0.3020', '0.2254', '0.2344', '0.3125', '0.2652', '0.2861', '0.2674', '0.2265', '0.2974', '0.2813', '0.2703', '0.2843', '0.3269', '0.3559', '0.2777', '0.2821', '0.3068', '0.2809', '0.3344', '0.3075', '0.3079', '0.3259', '0.2779', '0.3265', '0.3123', '0.3023', '0.3075', '0.2856', '0.3073', '0.3449', '0.3119', '0.3208', '0.3396', '0.3057', '0.2974', '0.3144', '0.3033', '0.3153', '0.3553', '0.3875', '0.3635', '0.3031', '0.3137', '0.3018', '0.3402', '0.3108', '0.3336', '0.3151', '0.2837', '0.3084', '0.3341', '0.3058', '0.3170', '0.3386', '0.3657', '0.3502', '0.3394', '0.3002', '0.3247', '0.3144', '0.3422', '0.3358', '0.3388', '0.3426', '0.3662', '0.3711', '0.3312', '0.3263', '0.3553', '0.3548']
INFO:__main__:Val_ACC:['0.7500', '0.6650', '0.6100', '0.7038', '0.7862', '0.8650', '0.8487', '0.8525', '0.7625', '0.8712', '0.8700', '0.8700', '0.8850', '0.8863', '0.8600', '0.8888', '0.9013', '0.8988', '0.9100', '0.8888', '0.9062', '0.8950', '0.8662', '0.8925', '0.9187', '0.9100', '0.9062', '0.9013', '0.8888', '0.9212', '0.9275', '0.9137', '0.9212', '0.9050', '0.8950', '0.8988', '0.9100', '0.9187', '0.9112', '0.9075', '0.9112', '0.9225', '0.9225', '0.9225', '0.9175', '0.9250', '0.9225', '0.9200', '0.9150', '0.9312', '0.9212', '0.9337', '0.9275', '0.9087', '0.9337', '0.9200', '0.9212', '0.9350', '0.9225', '0.9200', '0.9337', '0.9200', '0.9175', '0.9100', '0.9300', '0.9300', '0.9250', '0.9237', '0.9087', '0.9200', '0.9175', '0.9200', '0.9287', '0.9137', '0.9287', '0.9300', '0.9250', '0.9287', '0.9300', '0.9175', '0.9187', '0.9250', '0.9212', '0.9300', '0.9337', '0.9287', '0.9275', '0.9287', '0.9287', '0.9212', '0.9262', '0.9375', '0.9337', '0.9362', '0.9362', '0.9375', '0.9312', '0.9337', '0.9325', '0.9375', '0.9312', '0.9438', '0.9325', '0.9350', '0.9312', '0.9312', '0.9325', '0.9337', '0.9337', '0.9337', '0.9400', '0.9375', '0.9350', '0.9400', '0.9325', '0.9275', '0.9312', '0.9375', '0.9300', '0.9275']
INFO:__main__:****************************************************************************************************
INFO:__main__: epoch0 测试test_Loss: 0.4411  test_ACC: 0.9163  
INFO:__main__:SENS: 0.8988 SPEC: 0.9236 PPV: 0.8315 NPV: 0.9561 F1:0.8638
INFO:__main__:test_Best_acc:0.9163
INFO:__main__:flops:7428500800.0  params:54952437.0
