INFO:__main__:
【train】epoch:0/120 loss:0.5475 acc:0.7123
INFO:__main__:
【val】epoch:0/120 loss:0.4725 acc:0.7650
INFO:__main__:
【Val】:  SENS: 0.5238  SPEC: 0.8629  PPV: 0.6080  NPV: 0.8170 F1:0.5628
INFO:__main__:验证的best_acc:0.7650
INFO:__main__:----------------------------------------------------------------------------------------------------
INFO:__main__:
【train】epoch:1/120 loss:0.4863 acc:0.7538
INFO:__main__:
【val】epoch:1/120 loss:0.4612 acc:0.7588
INFO:__main__:
【Val】:  SENS: 0.7100  SPEC: 0.7786  PPV: 0.5655  NPV: 0.8686 F1:0.6296
INFO:__main__:验证的best_acc:0.7650
INFO:__main__:----------------------------------------------------------------------------------------------------
INFO:__main__:
【train】epoch:2/120 loss:0.4593 acc:0.7711
INFO:__main__:
【val】epoch:2/120 loss:0.4424 acc:0.7713
INFO:__main__:
【Val】:  SENS: 0.2987  SPEC: 0.9631  PPV: 0.7667  NPV: 0.7718 F1:0.4299
INFO:__main__:验证的best_acc:0.7713
INFO:__main__:----------------------------------------------------------------------------------------------------
INFO:__main__:
【train】epoch:3/120 loss:0.4437 acc:0.7763
INFO:__main__:
【val】epoch:3/120 loss:0.4250 acc:0.8050
INFO:__main__:
【Val】:  SENS: 0.8009  SPEC: 0.8067  PPV: 0.6271  NPV: 0.9089 F1:0.7034
INFO:__main__:验证的best_acc:0.8050
INFO:__main__:----------------------------------------------------------------------------------------------------
INFO:__main__:
【train】epoch:4/120 loss:0.4127 acc:0.8056
INFO:__main__:
【val】epoch:4/120 loss:0.3707 acc:0.8263
INFO:__main__:
【Val】:  SENS: 0.6450  SPEC: 0.8998  PPV: 0.7233  NPV: 0.8620 F1:0.6819
INFO:__main__:验证的best_acc:0.8263
INFO:__main__:----------------------------------------------------------------------------------------------------
INFO:__main__:
【train】epoch:5/120 loss:0.3876 acc:0.8253
INFO:__main__:
【val】epoch:5/120 loss:0.3630 acc:0.8200
INFO:__main__:
【Val】:  SENS: 0.6277  SPEC: 0.8981  PPV: 0.7143  NPV: 0.8559 F1:0.6682
INFO:__main__:验证的best_acc:0.8263
INFO:__main__:----------------------------------------------------------------------------------------------------
INFO:__main__:
【train】epoch:6/120 loss:0.3621 acc:0.8359
INFO:__main__:
【val】epoch:6/120 loss:0.3204 acc:0.8462
INFO:__main__:
【Val】:  SENS: 0.6970  SPEC: 0.9069  PPV: 0.7523  NPV: 0.8805 F1:0.7236
INFO:__main__:验证的best_acc:0.8462
INFO:__main__:----------------------------------------------------------------------------------------------------
INFO:__main__:
【train】epoch:7/120 loss:0.3309 acc:0.8510
INFO:__main__:
【val】epoch:7/120 loss:0.4192 acc:0.8025
INFO:__main__:
【Val】:  SENS: 0.9134  SPEC: 0.7575  PPV: 0.6046  NPV: 0.9557 F1:0.7276
INFO:__main__:验证的best_acc:0.8462
INFO:__main__:----------------------------------------------------------------------------------------------------
INFO:__main__:
【train】epoch:8/120 loss:0.3200 acc:0.8584
INFO:__main__:
【val】epoch:8/120 loss:0.2889 acc:0.8737
INFO:__main__:
【Val】:  SENS: 0.7749  SPEC: 0.9139  PPV: 0.7851  NPV: 0.9091 F1:0.7800
INFO:__main__:验证的best_acc:0.8737
INFO:__main__:----------------------------------------------------------------------------------------------------
INFO:__main__:
【train】epoch:9/120 loss:0.3091 acc:0.8656
INFO:__main__:
【val】epoch:9/120 loss:0.3048 acc:0.8562
INFO:__main__:
【Val】:  SENS: 0.8485  SPEC: 0.8594  PPV: 0.7101  NPV: 0.9332 F1:0.7732
INFO:__main__:验证的best_acc:0.8737
INFO:__main__:----------------------------------------------------------------------------------------------------
INFO:__main__:
【train】epoch:10/120 loss:0.2882 acc:0.8729
INFO:__main__:
【val】epoch:10/120 loss:0.3492 acc:0.8338
INFO:__main__:
【Val】:  SENS: 0.9004  SPEC: 0.8067  PPV: 0.6541  NPV: 0.9523 F1:0.7577
INFO:__main__:验证的best_acc:0.8737
INFO:__main__:----------------------------------------------------------------------------------------------------
INFO:__main__:
【train】epoch:11/120 loss:0.2735 acc:0.8859
INFO:__main__:
【val】epoch:11/120 loss:0.3167 acc:0.8687
INFO:__main__:
【Val】:  SENS: 0.7489  SPEC: 0.9174  PPV: 0.7864  NPV: 0.9000 F1:0.7672
INFO:__main__:验证的best_acc:0.8737
INFO:__main__:----------------------------------------------------------------------------------------------------
INFO:__main__:
【train】epoch:12/120 loss:0.2678 acc:0.8841
INFO:__main__:
【val】epoch:12/120 loss:0.3315 acc:0.8662
INFO:__main__:
【Val】:  SENS: 0.8312  SPEC: 0.8805  PPV: 0.7385  NPV: 0.9278 F1:0.7821
INFO:__main__:验证的best_acc:0.8737
INFO:__main__:----------------------------------------------------------------------------------------------------
INFO:__main__:
【train】epoch:13/120 loss:0.2608 acc:0.8928
INFO:__main__:
【val】epoch:13/120 loss:0.2866 acc:0.8775
INFO:__main__:
【Val】:  SENS: 0.8442  SPEC: 0.8910  PPV: 0.7588  NPV: 0.9337 F1:0.7992
INFO:__main__:验证的best_acc:0.8775
INFO:__main__:----------------------------------------------------------------------------------------------------
INFO:__main__:
【train】epoch:14/120 loss:0.2474 acc:0.8928
INFO:__main__:
【val】epoch:14/120 loss:0.2939 acc:0.8712
INFO:__main__:
【Val】:  SENS: 0.9177  SPEC: 0.8524  PPV: 0.7162  NPV: 0.9623 F1:0.8046
INFO:__main__:验证的best_acc:0.8775
INFO:__main__:----------------------------------------------------------------------------------------------------
INFO:__main__:
【train】epoch:15/120 loss:0.2371 acc:0.9019
INFO:__main__:
【val】epoch:15/120 loss:0.3351 acc:0.8637
INFO:__main__:
【Val】:  SENS: 0.8701  SPEC: 0.8612  PPV: 0.7179  NPV: 0.9423 F1:0.7867
INFO:__main__:验证的best_acc:0.8775
INFO:__main__:----------------------------------------------------------------------------------------------------
INFO:__main__:
【train】epoch:16/120 loss:0.2295 acc:0.9004
INFO:__main__:
【val】epoch:16/120 loss:0.2766 acc:0.8825
INFO:__main__:
【Val】:  SENS: 0.8615  SPEC: 0.8910  PPV: 0.7625  NPV: 0.9406 F1:0.8089
INFO:__main__:验证的best_acc:0.8825
INFO:__main__:----------------------------------------------------------------------------------------------------
INFO:__main__:
【train】epoch:17/120 loss:0.2298 acc:0.9032
INFO:__main__:
【val】epoch:17/120 loss:0.2604 acc:0.8900
INFO:__main__:
【Val】:  SENS: 0.8831  SPEC: 0.8928  PPV: 0.7698  NPV: 0.9495 F1:0.8226
INFO:__main__:验证的best_acc:0.8900
INFO:__main__:----------------------------------------------------------------------------------------------------
INFO:__main__:
【train】epoch:18/120 loss:0.2185 acc:0.9079
INFO:__main__:
【val】epoch:18/120 loss:0.3290 acc:0.8562
INFO:__main__:
【Val】:  SENS: 0.8788  SPEC: 0.8471  PPV: 0.7000  NPV: 0.9451 F1:0.7793
INFO:__main__:验证的best_acc:0.8900
INFO:__main__:----------------------------------------------------------------------------------------------------
INFO:__main__:
【train】epoch:19/120 loss:0.2040 acc:0.9180
INFO:__main__:
【val】epoch:19/120 loss:0.2875 acc:0.8875
INFO:__main__:
【Val】:  SENS: 0.8701  SPEC: 0.8946  PPV: 0.7701  NPV: 0.9443 F1:0.8171
INFO:__main__:验证的best_acc:0.8900
INFO:__main__:----------------------------------------------------------------------------------------------------
INFO:__main__:
【train】epoch:20/120 loss:0.1959 acc:0.9215
INFO:__main__:
【val】epoch:20/120 loss:0.2810 acc:0.8813
INFO:__main__:
【Val】:  SENS: 0.8571  SPEC: 0.8910  PPV: 0.7615  NPV: 0.9389 F1:0.8065
INFO:__main__:验证的best_acc:0.8900
INFO:__main__:----------------------------------------------------------------------------------------------------
INFO:__main__:
【train】epoch:21/120 loss:0.1952 acc:0.9155
INFO:__main__:
【val】epoch:21/120 loss:0.2620 acc:0.9075
INFO:__main__:
【Val】:  SENS: 0.7749  SPEC: 0.9613  PPV: 0.8905  NPV: 0.9132 F1:0.8287
INFO:__main__:验证的best_acc:0.9075
INFO:__main__:----------------------------------------------------------------------------------------------------
INFO:__main__:
【train】epoch:22/120 loss:0.1953 acc:0.9197
INFO:__main__:
【val】epoch:22/120 loss:0.2456 acc:0.9000
INFO:__main__:
【Val】:  SENS: 0.8701  SPEC: 0.9121  PPV: 0.8008  NPV: 0.9454 F1:0.8340
INFO:__main__:验证的best_acc:0.9075
INFO:__main__:----------------------------------------------------------------------------------------------------
INFO:__main__:
【train】epoch:23/120 loss:0.1866 acc:0.9254
INFO:__main__:
【val】epoch:23/120 loss:0.2803 acc:0.8950
INFO:__main__:
【Val】:  SENS: 0.8918  SPEC: 0.8963  PPV: 0.7774  NPV: 0.9533 F1:0.8306
INFO:__main__:验证的best_acc:0.9075
INFO:__main__:----------------------------------------------------------------------------------------------------
INFO:__main__:
【train】epoch:24/120 loss:0.1762 acc:0.9278
INFO:__main__:
【val】epoch:24/120 loss:0.2671 acc:0.8975
INFO:__main__:
【Val】:  SENS: 0.8918  SPEC: 0.8998  PPV: 0.7833  NPV: 0.9534 F1:0.8340
INFO:__main__:验证的best_acc:0.9075
INFO:__main__:----------------------------------------------------------------------------------------------------
INFO:__main__:
【train】epoch:25/120 loss:0.1772 acc:0.9277
INFO:__main__:
【val】epoch:25/120 loss:0.3111 acc:0.9062
INFO:__main__:
【Val】:  SENS: 0.8701  SPEC: 0.9209  PPV: 0.8171  NPV: 0.9458 F1:0.8428
INFO:__main__:验证的best_acc:0.9075
INFO:__main__:----------------------------------------------------------------------------------------------------
INFO:__main__:
【train】epoch:26/120 loss:0.1743 acc:0.9274
INFO:__main__:
【val】epoch:26/120 loss:0.3053 acc:0.8938
INFO:__main__:
【Val】:  SENS: 0.8788  SPEC: 0.8998  PPV: 0.7808  NPV: 0.9481 F1:0.8269
INFO:__main__:验证的best_acc:0.9075
INFO:__main__:----------------------------------------------------------------------------------------------------
INFO:__main__:
【train】epoch:27/120 loss:0.1576 acc:0.9380
INFO:__main__:
【val】epoch:27/120 loss:0.2845 acc:0.9025
INFO:__main__:
【Val】:  SENS: 0.7489  SPEC: 0.9649  PPV: 0.8964  NPV: 0.9044 F1:0.8160
INFO:__main__:验证的best_acc:0.9075
INFO:__main__:----------------------------------------------------------------------------------------------------
INFO:__main__:
【train】epoch:28/120 loss:0.1547 acc:0.9438
INFO:__main__:
【val】epoch:28/120 loss:0.3057 acc:0.9075
INFO:__main__:
【Val】:  SENS: 0.7835  SPEC: 0.9578  PPV: 0.8829  NPV: 0.9160 F1:0.8303
INFO:__main__:验证的best_acc:0.9075
INFO:__main__:----------------------------------------------------------------------------------------------------
INFO:__main__:
【train】epoch:29/120 loss:0.1440 acc:0.9454
INFO:__main__:
【val】epoch:29/120 loss:0.2669 acc:0.9062
INFO:__main__:
【Val】:  SENS: 0.7922  SPEC: 0.9525  PPV: 0.8714  NPV: 0.9186 F1:0.8299
INFO:__main__:验证的best_acc:0.9075
INFO:__main__:----------------------------------------------------------------------------------------------------
INFO:__main__:
【train】epoch:30/120 loss:0.1416 acc:0.9425
INFO:__main__:
【val】epoch:30/120 loss:0.2405 acc:0.9038
INFO:__main__:
【Val】:  SENS: 0.7792  SPEC: 0.9543  PPV: 0.8738  NPV: 0.9141 F1:0.8238
INFO:__main__:验证的best_acc:0.9075
INFO:__main__:----------------------------------------------------------------------------------------------------
INFO:__main__:
【train】epoch:31/120 loss:0.1334 acc:0.9443
INFO:__main__:
【val】epoch:31/120 loss:0.2931 acc:0.9025
INFO:__main__:
【Val】:  SENS: 0.7446  SPEC: 0.9666  PPV: 0.9005  NPV: 0.9031 F1:0.8152
INFO:__main__:验证的best_acc:0.9075
INFO:__main__:----------------------------------------------------------------------------------------------------
INFO:__main__:
【train】epoch:32/120 loss:0.1347 acc:0.9441
INFO:__main__:
【val】epoch:32/120 loss:0.2610 acc:0.9062
INFO:__main__:
【Val】:  SENS: 0.8095  SPEC: 0.9455  PPV: 0.8578  NPV: 0.9244 F1:0.8330
INFO:__main__:验证的best_acc:0.9075
INFO:__main__:----------------------------------------------------------------------------------------------------
INFO:__main__:
【train】epoch:33/120 loss:0.1274 acc:0.9488
INFO:__main__:
【val】epoch:33/120 loss:0.2838 acc:0.9150
INFO:__main__:
【Val】:  SENS: 0.8139  SPEC: 0.9561  PPV: 0.8826  NPV: 0.9267 F1:0.8468
INFO:__main__:验证的best_acc:0.9150
INFO:__main__:----------------------------------------------------------------------------------------------------
INFO:__main__:
【train】epoch:34/120 loss:0.1316 acc:0.9475
INFO:__main__:
【val】epoch:34/120 loss:0.2955 acc:0.9050
INFO:__main__:
【Val】:  SENS: 0.8701  SPEC: 0.9192  PPV: 0.8138  NPV: 0.9458 F1:0.8410
INFO:__main__:验证的best_acc:0.9150
INFO:__main__:----------------------------------------------------------------------------------------------------
INFO:__main__:
【train】epoch:35/120 loss:0.1205 acc:0.9512
INFO:__main__:
【val】epoch:35/120 loss:0.2648 acc:0.9162
INFO:__main__:
【Val】:  SENS: 0.8442  SPEC: 0.9455  PPV: 0.8628  NPV: 0.9373 F1:0.8534
INFO:__main__:验证的best_acc:0.9162
INFO:__main__:----------------------------------------------------------------------------------------------------
INFO:__main__:
【train】epoch:36/120 loss:0.1292 acc:0.9482
INFO:__main__:
【val】epoch:36/120 loss:0.2682 acc:0.9062
INFO:__main__:
【Val】:  SENS: 0.8312  SPEC: 0.9367  PPV: 0.8421  NPV: 0.9318 F1:0.8366
INFO:__main__:验证的best_acc:0.9162
INFO:__main__:----------------------------------------------------------------------------------------------------
INFO:__main__:
【train】epoch:37/120 loss:0.1247 acc:0.9484
INFO:__main__:
【val】epoch:37/120 loss:0.2390 acc:0.9187
INFO:__main__:
【Val】:  SENS: 0.8658  SPEC: 0.9402  PPV: 0.8547  NPV: 0.9452 F1:0.8602
INFO:__main__:验证的best_acc:0.9187
INFO:__main__:----------------------------------------------------------------------------------------------------
INFO:__main__:
【train】epoch:38/120 loss:0.1274 acc:0.9479
INFO:__main__:
【val】epoch:38/120 loss:0.2666 acc:0.8988
INFO:__main__:
【Val】:  SENS: 0.7749  SPEC: 0.9490  PPV: 0.8606  NPV: 0.9122 F1:0.8155
INFO:__main__:验证的best_acc:0.9187
INFO:__main__:----------------------------------------------------------------------------------------------------
INFO:__main__:
【train】epoch:39/120 loss:0.1107 acc:0.9556
INFO:__main__:
【val】epoch:39/120 loss:0.2377 acc:0.9237
INFO:__main__:
【Val】:  SENS: 0.8225  SPEC: 0.9649  PPV: 0.9048  NPV: 0.9305 F1:0.8617
INFO:__main__:验证的best_acc:0.9237
INFO:__main__:----------------------------------------------------------------------------------------------------
INFO:__main__:
【train】epoch:40/120 loss:0.1133 acc:0.9567
INFO:__main__:
【val】epoch:40/120 loss:0.3144 acc:0.9087
INFO:__main__:
【Val】:  SENS: 0.7489  SPEC: 0.9736  PPV: 0.9202  NPV: 0.9052 F1:0.8258
INFO:__main__:验证的best_acc:0.9237
INFO:__main__:----------------------------------------------------------------------------------------------------
INFO:__main__:
【train】epoch:41/120 loss:0.0996 acc:0.9601
INFO:__main__:
【val】epoch:41/120 loss:0.2404 acc:0.9250
INFO:__main__:
【Val】:  SENS: 0.8571  SPEC: 0.9525  PPV: 0.8800  NPV: 0.9426 F1:0.8684
INFO:__main__:验证的best_acc:0.9250
INFO:__main__:----------------------------------------------------------------------------------------------------
INFO:__main__:
【train】epoch:42/120 loss:0.1016 acc:0.9600
INFO:__main__:
【val】epoch:42/120 loss:0.2875 acc:0.9137
INFO:__main__:
【Val】:  SENS: 0.8009  SPEC: 0.9596  PPV: 0.8894  NPV: 0.9223 F1:0.8428
INFO:__main__:验证的best_acc:0.9250
INFO:__main__:----------------------------------------------------------------------------------------------------
INFO:__main__:
【train】epoch:43/120 loss:0.1038 acc:0.9601
INFO:__main__:
【val】epoch:43/120 loss:0.2625 acc:0.9200
INFO:__main__:
【Val】:  SENS: 0.8355  SPEC: 0.9543  PPV: 0.8813  NPV: 0.9346 F1:0.8578
INFO:__main__:验证的best_acc:0.9250
INFO:__main__:----------------------------------------------------------------------------------------------------
INFO:__main__:
【train】epoch:44/120 loss:0.0965 acc:0.9624
INFO:__main__:
【val】epoch:44/120 loss:0.2188 acc:0.9212
INFO:__main__:
【Val】:  SENS: 0.8701  SPEC: 0.9420  PPV: 0.8590  NPV: 0.9470 F1:0.8645
INFO:__main__:验证的best_acc:0.9250
INFO:__main__:----------------------------------------------------------------------------------------------------
INFO:__main__:
【train】epoch:45/120 loss:0.0937 acc:0.9626
INFO:__main__:
【val】epoch:45/120 loss:0.2433 acc:0.9250
INFO:__main__:
【Val】:  SENS: 0.7879  SPEC: 0.9807  PPV: 0.9430  NPV: 0.9193 F1:0.8585
INFO:__main__:验证的best_acc:0.9250
INFO:__main__:----------------------------------------------------------------------------------------------------
INFO:__main__:
【train】epoch:46/120 loss:0.0959 acc:0.9639
INFO:__main__:
【val】epoch:46/120 loss:0.2680 acc:0.9112
INFO:__main__:
【Val】:  SENS: 0.8745  SPEC: 0.9262  PPV: 0.8279  NPV: 0.9478 F1:0.8505
INFO:__main__:验证的best_acc:0.9250
INFO:__main__:----------------------------------------------------------------------------------------------------
INFO:__main__:
【train】epoch:47/120 loss:0.0943 acc:0.9642
INFO:__main__:
【val】epoch:47/120 loss:0.2741 acc:0.9162
INFO:__main__:
【Val】:  SENS: 0.8442  SPEC: 0.9455  PPV: 0.8628  NPV: 0.9373 F1:0.8534
INFO:__main__:验证的best_acc:0.9250
INFO:__main__:----------------------------------------------------------------------------------------------------
INFO:__main__:
【train】epoch:48/120 loss:0.0910 acc:0.9674
INFO:__main__:
【val】epoch:48/120 loss:0.2740 acc:0.9162
INFO:__main__:
【Val】:  SENS: 0.8095  SPEC: 0.9596  PPV: 0.8905  NPV: 0.9254 F1:0.8481
INFO:__main__:验证的best_acc:0.9250
INFO:__main__:----------------------------------------------------------------------------------------------------
INFO:__main__:
【train】epoch:49/120 loss:0.0831 acc:0.9697
INFO:__main__:
【val】epoch:49/120 loss:0.2721 acc:0.9125
INFO:__main__:
【Val】:  SENS: 0.8831  SPEC: 0.9244  PPV: 0.8259  NPV: 0.9512 F1:0.8536
INFO:__main__:验证的best_acc:0.9250
INFO:__main__:----------------------------------------------------------------------------------------------------
INFO:__main__:
【train】epoch:50/120 loss:0.0761 acc:0.9712
INFO:__main__:
【val】epoch:50/120 loss:0.2773 acc:0.9137
INFO:__main__:
【Val】:  SENS: 0.8485  SPEC: 0.9402  PPV: 0.8522  NPV: 0.9386 F1:0.8503
INFO:__main__:验证的best_acc:0.9250
INFO:__main__:----------------------------------------------------------------------------------------------------
INFO:__main__:
【train】epoch:51/120 loss:0.0804 acc:0.9677
INFO:__main__:
【val】epoch:51/120 loss:0.2450 acc:0.9262
INFO:__main__:
【Val】:  SENS: 0.8658  SPEC: 0.9508  PPV: 0.8772  NPV: 0.9458 F1:0.8715
INFO:__main__:验证的best_acc:0.9262
INFO:__main__:----------------------------------------------------------------------------------------------------
INFO:__main__:
【train】epoch:52/120 loss:0.0737 acc:0.9695
INFO:__main__:
【val】epoch:52/120 loss:0.2402 acc:0.9162
INFO:__main__:
【Val】:  SENS: 0.8571  SPEC: 0.9402  PPV: 0.8534  NPV: 0.9419 F1:0.8553
INFO:__main__:验证的best_acc:0.9262
INFO:__main__:----------------------------------------------------------------------------------------------------
INFO:__main__:
【train】epoch:53/120 loss:0.0753 acc:0.9716
INFO:__main__:
【val】epoch:53/120 loss:0.3226 acc:0.9062
INFO:__main__:
【Val】:  SENS: 0.7532  SPEC: 0.9684  PPV: 0.9062  NPV: 0.9062 F1:0.8227
INFO:__main__:验证的best_acc:0.9262
INFO:__main__:----------------------------------------------------------------------------------------------------
INFO:__main__:
【train】epoch:54/120 loss:0.0683 acc:0.9752
INFO:__main__:
【val】epoch:54/120 loss:0.2757 acc:0.9175
INFO:__main__:
【Val】:  SENS: 0.8312  SPEC: 0.9525  PPV: 0.8767  NPV: 0.9329 F1:0.8533
INFO:__main__:验证的best_acc:0.9262
INFO:__main__:----------------------------------------------------------------------------------------------------
INFO:__main__:
【train】epoch:55/120 loss:0.0689 acc:0.9737
INFO:__main__:
【val】epoch:55/120 loss:0.2436 acc:0.9237
INFO:__main__:
【Val】:  SENS: 0.8571  SPEC: 0.9508  PPV: 0.8761  NPV: 0.9425 F1:0.8665
INFO:__main__:验证的best_acc:0.9262
INFO:__main__:----------------------------------------------------------------------------------------------------
INFO:__main__:
【train】epoch:56/120 loss:0.0606 acc:0.9766
INFO:__main__:
【val】epoch:56/120 loss:0.2962 acc:0.9275
INFO:__main__:
【Val】:  SENS: 0.8831  SPEC: 0.9455  PPV: 0.8681  NPV: 0.9522 F1:0.8755
INFO:__main__:验证的best_acc:0.9275
INFO:__main__:----------------------------------------------------------------------------------------------------
INFO:__main__:
【train】epoch:57/120 loss:0.0819 acc:0.9686
INFO:__main__:
【val】epoch:57/120 loss:0.2828 acc:0.9250
INFO:__main__:
【Val】:  SENS: 0.7922  SPEC: 0.9789  PPV: 0.9385  NPV: 0.9207 F1:0.8592
INFO:__main__:验证的best_acc:0.9275
INFO:__main__:----------------------------------------------------------------------------------------------------
INFO:__main__:
【train】epoch:58/120 loss:0.0644 acc:0.9737
INFO:__main__:
【val】epoch:58/120 loss:0.3056 acc:0.9212
INFO:__main__:
【Val】:  SENS: 0.8745  SPEC: 0.9402  PPV: 0.8559  NPV: 0.9486 F1:0.8651
INFO:__main__:验证的best_acc:0.9275
INFO:__main__:----------------------------------------------------------------------------------------------------
INFO:__main__:
【train】epoch:59/120 loss:0.0638 acc:0.9772
INFO:__main__:
【val】epoch:59/120 loss:0.2916 acc:0.9225
INFO:__main__:
【Val】:  SENS: 0.8139  SPEC: 0.9666  PPV: 0.9082  NPV: 0.9275 F1:0.8584
INFO:__main__:验证的best_acc:0.9275
INFO:__main__:----------------------------------------------------------------------------------------------------
INFO:__main__:
【train】epoch:60/120 loss:0.0545 acc:0.9810
INFO:__main__:
【val】epoch:60/120 loss:0.2800 acc:0.9150
INFO:__main__:
【Val】:  SENS: 0.8961  SPEC: 0.9227  PPV: 0.8247  NPV: 0.9563 F1:0.8589
INFO:__main__:验证的best_acc:0.9275
INFO:__main__:----------------------------------------------------------------------------------------------------
INFO:__main__:
【train】epoch:61/120 loss:0.0602 acc:0.9772
INFO:__main__:
【val】epoch:61/120 loss:0.2205 acc:0.9275
INFO:__main__:
【Val】:  SENS: 0.8658  SPEC: 0.9525  PPV: 0.8811  NPV: 0.9459 F1:0.8734
INFO:__main__:验证的best_acc:0.9275
INFO:__main__:----------------------------------------------------------------------------------------------------
INFO:__main__:
【train】epoch:62/120 loss:0.0599 acc:0.9781
INFO:__main__:
【val】epoch:62/120 loss:0.2678 acc:0.9250
INFO:__main__:
【Val】:  SENS: 0.8182  SPEC: 0.9684  PPV: 0.9130  NPV: 0.9292 F1:0.8630
INFO:__main__:验证的best_acc:0.9275
INFO:__main__:----------------------------------------------------------------------------------------------------
INFO:__main__:
【train】epoch:63/120 loss:0.0486 acc:0.9801
INFO:__main__:
【val】epoch:63/120 loss:0.2908 acc:0.9262
INFO:__main__:
【Val】:  SENS: 0.8485  SPEC: 0.9578  PPV: 0.8909  NPV: 0.9397 F1:0.8692
INFO:__main__:验证的best_acc:0.9275
INFO:__main__:----------------------------------------------------------------------------------------------------
INFO:__main__:
【train】epoch:64/120 loss:0.0554 acc:0.9816
INFO:__main__:
【val】epoch:64/120 loss:0.2362 acc:0.9262
INFO:__main__:
【Val】:  SENS: 0.8398  SPEC: 0.9613  PPV: 0.8981  NPV: 0.9366 F1:0.8680
INFO:__main__:验证的best_acc:0.9275
INFO:__main__:----------------------------------------------------------------------------------------------------
INFO:__main__:
【train】epoch:65/120 loss:0.0576 acc:0.9789
INFO:__main__:
【val】epoch:65/120 loss:0.2555 acc:0.9275
INFO:__main__:
【Val】:  SENS: 0.8571  SPEC: 0.9561  PPV: 0.8879  NPV: 0.9428 F1:0.8722
INFO:__main__:验证的best_acc:0.9275
INFO:__main__:----------------------------------------------------------------------------------------------------
INFO:__main__:
【train】epoch:66/120 loss:0.0458 acc:0.9814
INFO:__main__:
【val】epoch:66/120 loss:0.3115 acc:0.9225
INFO:__main__:
【Val】:  SENS: 0.8918  SPEC: 0.9350  PPV: 0.8477  NPV: 0.9551 F1:0.8692
INFO:__main__:验证的best_acc:0.9275
INFO:__main__:----------------------------------------------------------------------------------------------------
INFO:__main__:
【train】epoch:67/120 loss:0.0577 acc:0.9789
INFO:__main__:
【val】epoch:67/120 loss:0.2626 acc:0.9250
INFO:__main__:
【Val】:  SENS: 0.8745  SPEC: 0.9455  PPV: 0.8670  NPV: 0.9489 F1:0.8707
INFO:__main__:验证的best_acc:0.9275
INFO:__main__:----------------------------------------------------------------------------------------------------
INFO:__main__:
【train】epoch:68/120 loss:0.0439 acc:0.9834
INFO:__main__:
【val】epoch:68/120 loss:0.3112 acc:0.9250
INFO:__main__:
【Val】:  SENS: 0.8182  SPEC: 0.9684  PPV: 0.9130  NPV: 0.9292 F1:0.8630
INFO:__main__:验证的best_acc:0.9275
INFO:__main__:----------------------------------------------------------------------------------------------------
INFO:__main__:
【train】epoch:69/120 loss:0.0465 acc:0.9832
INFO:__main__:
【val】epoch:69/120 loss:0.2666 acc:0.9250
INFO:__main__:
【Val】:  SENS: 0.8658  SPEC: 0.9490  PPV: 0.8734  NPV: 0.9457 F1:0.8696
INFO:__main__:验证的best_acc:0.9275
INFO:__main__:----------------------------------------------------------------------------------------------------
INFO:__main__:
【train】epoch:70/120 loss:0.0449 acc:0.9819
INFO:__main__:
【val】epoch:70/120 loss:0.2652 acc:0.9287
INFO:__main__:
【Val】:  SENS: 0.8745  SPEC: 0.9508  PPV: 0.8783  NPV: 0.9491 F1:0.8764
INFO:__main__:验证的best_acc:0.9287
INFO:__main__:----------------------------------------------------------------------------------------------------
INFO:__main__:
【train】epoch:71/120 loss:0.0405 acc:0.9848
INFO:__main__:
【val】epoch:71/120 loss:0.2972 acc:0.9212
INFO:__main__:
【Val】:  SENS: 0.8571  SPEC: 0.9473  PPV: 0.8684  NPV: 0.9423 F1:0.8627
INFO:__main__:验证的best_acc:0.9287
INFO:__main__:----------------------------------------------------------------------------------------------------
INFO:__main__:
【train】epoch:72/120 loss:0.0438 acc:0.9838
INFO:__main__:
【val】epoch:72/120 loss:0.3090 acc:0.9250
INFO:__main__:
【Val】:  SENS: 0.8182  SPEC: 0.9684  PPV: 0.9130  NPV: 0.9292 F1:0.8630
INFO:__main__:验证的best_acc:0.9287
INFO:__main__:----------------------------------------------------------------------------------------------------
INFO:__main__:
【train】epoch:73/120 loss:0.0404 acc:0.9863
INFO:__main__:
【val】epoch:73/120 loss:0.3219 acc:0.9187
INFO:__main__:
【Val】:  SENS: 0.8485  SPEC: 0.9473  PPV: 0.8673  NPV: 0.9390 F1:0.8578
INFO:__main__:验证的best_acc:0.9287
INFO:__main__:----------------------------------------------------------------------------------------------------
INFO:__main__:
【train】epoch:74/120 loss:0.0368 acc:0.9869
INFO:__main__:
【val】epoch:74/120 loss:0.3226 acc:0.9212
INFO:__main__:
【Val】:  SENS: 0.8745  SPEC: 0.9402  PPV: 0.8559  NPV: 0.9486 F1:0.8651
INFO:__main__:验证的best_acc:0.9287
INFO:__main__:----------------------------------------------------------------------------------------------------
INFO:__main__:
【train】epoch:75/120 loss:0.0382 acc:0.9854
INFO:__main__:
【val】epoch:75/120 loss:0.3144 acc:0.9250
INFO:__main__:
【Val】:  SENS: 0.8571  SPEC: 0.9525  PPV: 0.8800  NPV: 0.9426 F1:0.8684
INFO:__main__:验证的best_acc:0.9287
INFO:__main__:----------------------------------------------------------------------------------------------------
INFO:__main__:
【train】epoch:76/120 loss:0.0472 acc:0.9837
INFO:__main__:
【val】epoch:76/120 loss:0.2773 acc:0.9275
INFO:__main__:
【Val】:  SENS: 0.8312  SPEC: 0.9666  PPV: 0.9100  NPV: 0.9338 F1:0.8688
INFO:__main__:验证的best_acc:0.9287
INFO:__main__:----------------------------------------------------------------------------------------------------
INFO:__main__:
【train】epoch:77/120 loss:0.0468 acc:0.9828
INFO:__main__:
【val】epoch:77/120 loss:0.2580 acc:0.9262
INFO:__main__:
【Val】:  SENS: 0.8571  SPEC: 0.9543  PPV: 0.8839  NPV: 0.9427 F1:0.8703
INFO:__main__:验证的best_acc:0.9287
INFO:__main__:----------------------------------------------------------------------------------------------------
INFO:__main__:
【train】epoch:78/120 loss:0.0392 acc:0.9875
INFO:__main__:
【val】epoch:78/120 loss:0.2810 acc:0.9250
INFO:__main__:
【Val】:  SENS: 0.8528  SPEC: 0.9543  PPV: 0.8834  NPV: 0.9411 F1:0.8678
INFO:__main__:验证的best_acc:0.9287
INFO:__main__:----------------------------------------------------------------------------------------------------
INFO:__main__:
【train】epoch:79/120 loss:0.0336 acc:0.9881
INFO:__main__:
【val】epoch:79/120 loss:0.2885 acc:0.9237
INFO:__main__:
【Val】:  SENS: 0.8398  SPEC: 0.9578  PPV: 0.8899  NPV: 0.9364 F1:0.8641
INFO:__main__:验证的best_acc:0.9287
INFO:__main__:----------------------------------------------------------------------------------------------------
INFO:__main__:
【train】epoch:80/120 loss:0.0365 acc:0.9869
INFO:__main__:
【val】epoch:80/120 loss:0.2661 acc:0.9312
INFO:__main__:
【Val】:  SENS: 0.8485  SPEC: 0.9649  PPV: 0.9074  NPV: 0.9401 F1:0.8770
INFO:__main__:验证的best_acc:0.9312
INFO:__main__:----------------------------------------------------------------------------------------------------
INFO:__main__:
【train】epoch:81/120 loss:0.0285 acc:0.9899
INFO:__main__:
【val】epoch:81/120 loss:0.2482 acc:0.9300
INFO:__main__:
【Val】:  SENS: 0.8398  SPEC: 0.9666  PPV: 0.9108  NPV: 0.9370 F1:0.8739
INFO:__main__:验证的best_acc:0.9312
INFO:__main__:----------------------------------------------------------------------------------------------------
INFO:__main__:
【train】epoch:82/120 loss:0.0330 acc:0.9885
INFO:__main__:
【val】epoch:82/120 loss:0.3100 acc:0.9225
INFO:__main__:
【Val】:  SENS: 0.8052  SPEC: 0.9701  PPV: 0.9163  NPV: 0.9246 F1:0.8571
INFO:__main__:验证的best_acc:0.9312
INFO:__main__:----------------------------------------------------------------------------------------------------
INFO:__main__:
【train】epoch:83/120 loss:0.0331 acc:0.9884
INFO:__main__:
【val】epoch:83/120 loss:0.2656 acc:0.9287
INFO:__main__:
【Val】:  SENS: 0.8528  SPEC: 0.9596  PPV: 0.8955  NPV: 0.9414 F1:0.8736
INFO:__main__:验证的best_acc:0.9312
INFO:__main__:----------------------------------------------------------------------------------------------------
INFO:__main__:
【train】epoch:84/120 loss:0.0271 acc:0.9903
INFO:__main__:
【val】epoch:84/120 loss:0.2697 acc:0.9262
INFO:__main__:
【Val】:  SENS: 0.8268  SPEC: 0.9666  PPV: 0.9095  NPV: 0.9322 F1:0.8662
INFO:__main__:验证的best_acc:0.9312
INFO:__main__:----------------------------------------------------------------------------------------------------
INFO:__main__:
【train】epoch:85/120 loss:0.0285 acc:0.9899
INFO:__main__:
【val】epoch:85/120 loss:0.2941 acc:0.9275
INFO:__main__:
【Val】:  SENS: 0.8961  SPEC: 0.9402  PPV: 0.8589  NPV: 0.9571 F1:0.8771
INFO:__main__:验证的best_acc:0.9312
INFO:__main__:----------------------------------------------------------------------------------------------------
INFO:__main__:
【train】epoch:86/120 loss:0.0268 acc:0.9903
INFO:__main__:
【val】epoch:86/120 loss:0.3105 acc:0.9312
INFO:__main__:
【Val】:  SENS: 0.8745  SPEC: 0.9543  PPV: 0.8860  NPV: 0.9493 F1:0.8802
INFO:__main__:验证的best_acc:0.9312
INFO:__main__:----------------------------------------------------------------------------------------------------
INFO:__main__:
【train】epoch:87/120 loss:0.0341 acc:0.9863
INFO:__main__:
【val】epoch:87/120 loss:0.2761 acc:0.9337
INFO:__main__:
【Val】:  SENS: 0.8874  SPEC: 0.9525  PPV: 0.8836  NPV: 0.9542 F1:0.8855
INFO:__main__:验证的best_acc:0.9337
INFO:__main__:----------------------------------------------------------------------------------------------------
INFO:__main__:
【train】epoch:88/120 loss:0.0310 acc:0.9887
INFO:__main__:
【val】epoch:88/120 loss:0.2963 acc:0.9237
INFO:__main__:
【Val】:  SENS: 0.8485  SPEC: 0.9543  PPV: 0.8829  NPV: 0.9394 F1:0.8653
INFO:__main__:验证的best_acc:0.9337
INFO:__main__:----------------------------------------------------------------------------------------------------
INFO:__main__:
【train】epoch:89/120 loss:0.0296 acc:0.9897
INFO:__main__:
【val】epoch:89/120 loss:0.2916 acc:0.9250
INFO:__main__:
【Val】:  SENS: 0.8571  SPEC: 0.9525  PPV: 0.8800  NPV: 0.9426 F1:0.8684
INFO:__main__:验证的best_acc:0.9337
INFO:__main__:----------------------------------------------------------------------------------------------------
INFO:__main__:
【train】epoch:90/120 loss:0.0283 acc:0.9900
INFO:__main__:
【val】epoch:90/120 loss:0.2876 acc:0.9325
INFO:__main__:
【Val】:  SENS: 0.8398  SPEC: 0.9701  PPV: 0.9194  NPV: 0.9372 F1:0.8778
INFO:__main__:验证的best_acc:0.9337
INFO:__main__:----------------------------------------------------------------------------------------------------
INFO:__main__:
【train】epoch:91/120 loss:0.0233 acc:0.9917
INFO:__main__:
【val】epoch:91/120 loss:0.2867 acc:0.9287
INFO:__main__:
【Val】:  SENS: 0.8355  SPEC: 0.9666  PPV: 0.9104  NPV: 0.9354 F1:0.8713
INFO:__main__:验证的best_acc:0.9337
INFO:__main__:----------------------------------------------------------------------------------------------------
INFO:__main__:
【train】epoch:92/120 loss:0.0219 acc:0.9923
INFO:__main__:
【val】epoch:92/120 loss:0.3035 acc:0.9262
INFO:__main__:
【Val】:  SENS: 0.8355  SPEC: 0.9631  PPV: 0.9019  NPV: 0.9352 F1:0.8674
INFO:__main__:验证的best_acc:0.9337
INFO:__main__:----------------------------------------------------------------------------------------------------
INFO:__main__:
【train】epoch:93/120 loss:0.0244 acc:0.9911
INFO:__main__:
【val】epoch:93/120 loss:0.3053 acc:0.9250
INFO:__main__:
【Val】:  SENS: 0.8268  SPEC: 0.9649  PPV: 0.9052  NPV: 0.9321 F1:0.8643
INFO:__main__:验证的best_acc:0.9337
INFO:__main__:----------------------------------------------------------------------------------------------------
INFO:__main__:
【train】epoch:94/120 loss:0.0266 acc:0.9909
INFO:__main__:
【val】epoch:94/120 loss:0.2949 acc:0.9237
INFO:__main__:
【Val】:  SENS: 0.8355  SPEC: 0.9596  PPV: 0.8935  NPV: 0.9349 F1:0.8635
INFO:__main__:验证的best_acc:0.9337
INFO:__main__:----------------------------------------------------------------------------------------------------
INFO:__main__:
【train】epoch:95/120 loss:0.0223 acc:0.9918
INFO:__main__:
【val】epoch:95/120 loss:0.2784 acc:0.9362
INFO:__main__:
【Val】:  SENS: 0.8571  SPEC: 0.9684  PPV: 0.9167  NPV: 0.9435 F1:0.8859
INFO:__main__:验证的best_acc:0.9362
INFO:__main__:----------------------------------------------------------------------------------------------------
INFO:__main__:
【train】epoch:96/120 loss:0.0262 acc:0.9908
INFO:__main__:
【val】epoch:96/120 loss:0.3023 acc:0.9275
INFO:__main__:
【Val】:  SENS: 0.8701  SPEC: 0.9508  PPV: 0.8777  NPV: 0.9475 F1:0.8739
INFO:__main__:验证的best_acc:0.9362
INFO:__main__:----------------------------------------------------------------------------------------------------
INFO:__main__:
【train】epoch:97/120 loss:0.0274 acc:0.9897
INFO:__main__:
【val】epoch:97/120 loss:0.3016 acc:0.9350
INFO:__main__:
【Val】:  SENS: 0.8528  SPEC: 0.9684  PPV: 0.9163  NPV: 0.9419 F1:0.8834
INFO:__main__:验证的best_acc:0.9362
INFO:__main__:----------------------------------------------------------------------------------------------------
INFO:__main__:
【train】epoch:98/120 loss:0.0151 acc:0.9953
INFO:__main__:
【val】epoch:98/120 loss:0.3132 acc:0.9287
INFO:__main__:
【Val】:  SENS: 0.8528  SPEC: 0.9596  PPV: 0.8955  NPV: 0.9414 F1:0.8736
INFO:__main__:验证的best_acc:0.9362
INFO:__main__:----------------------------------------------------------------------------------------------------
INFO:__main__:
【train】epoch:99/120 loss:0.0208 acc:0.9926
INFO:__main__:
【val】epoch:99/120 loss:0.3086 acc:0.9312
INFO:__main__:
【Val】:  SENS: 0.8615  SPEC: 0.9596  PPV: 0.8964  NPV: 0.9446 F1:0.8786
INFO:__main__:验证的best_acc:0.9362
INFO:__main__:----------------------------------------------------------------------------------------------------
INFO:__main__:
【train】epoch:100/120 loss:0.0213 acc:0.9921
INFO:__main__:
【val】epoch:100/120 loss:0.3347 acc:0.9212
INFO:__main__:
【Val】:  SENS: 0.8268  SPEC: 0.9596  PPV: 0.8925  NPV: 0.9317 F1:0.8584
INFO:__main__:验证的best_acc:0.9362
INFO:__main__:----------------------------------------------------------------------------------------------------
INFO:__main__:
【train】epoch:101/120 loss:0.0207 acc:0.9932
INFO:__main__:
【val】epoch:101/120 loss:0.3049 acc:0.9275
INFO:__main__:
【Val】:  SENS: 0.8701  SPEC: 0.9508  PPV: 0.8777  NPV: 0.9475 F1:0.8739
INFO:__main__:验证的best_acc:0.9362
INFO:__main__:----------------------------------------------------------------------------------------------------
INFO:__main__:
【train】epoch:102/120 loss:0.0195 acc:0.9931
INFO:__main__:
【val】epoch:102/120 loss:0.3021 acc:0.9250
INFO:__main__:
【Val】:  SENS: 0.8485  SPEC: 0.9561  PPV: 0.8869  NPV: 0.9396 F1:0.8673
INFO:__main__:验证的best_acc:0.9362
INFO:__main__:----------------------------------------------------------------------------------------------------
INFO:__main__:
【train】epoch:103/120 loss:0.0215 acc:0.9923
INFO:__main__:
【val】epoch:103/120 loss:0.3675 acc:0.9237
INFO:__main__:
【Val】:  SENS: 0.8485  SPEC: 0.9543  PPV: 0.8829  NPV: 0.9394 F1:0.8653
INFO:__main__:验证的best_acc:0.9362
INFO:__main__:----------------------------------------------------------------------------------------------------
INFO:__main__:
【train】epoch:104/120 loss:0.0213 acc:0.9925
INFO:__main__:
【val】epoch:104/120 loss:0.3613 acc:0.9262
INFO:__main__:
【Val】:  SENS: 0.8398  SPEC: 0.9613  PPV: 0.8981  NPV: 0.9366 F1:0.8680
INFO:__main__:验证的best_acc:0.9362
INFO:__main__:----------------------------------------------------------------------------------------------------
INFO:__main__:
【train】epoch:105/120 loss:0.0160 acc:0.9950
INFO:__main__:
【val】epoch:105/120 loss:0.2892 acc:0.9337
INFO:__main__:
【Val】:  SENS: 0.8745  SPEC: 0.9578  PPV: 0.8938  NPV: 0.9495 F1:0.8840
INFO:__main__:验证的best_acc:0.9362
INFO:__main__:----------------------------------------------------------------------------------------------------
INFO:__main__:
【train】epoch:106/120 loss:0.0160 acc:0.9946
INFO:__main__:
【val】epoch:106/120 loss:0.3049 acc:0.9337
INFO:__main__:
【Val】:  SENS: 0.8658  SPEC: 0.9613  PPV: 0.9009  NPV: 0.9464 F1:0.8830
INFO:__main__:验证的best_acc:0.9362
INFO:__main__:----------------------------------------------------------------------------------------------------
INFO:__main__:
【train】epoch:107/120 loss:0.0219 acc:0.9929
INFO:__main__:
【val】epoch:107/120 loss:0.3022 acc:0.9275
INFO:__main__:
【Val】:  SENS: 0.8528  SPEC: 0.9578  PPV: 0.8914  NPV: 0.9413 F1:0.8717
INFO:__main__:验证的best_acc:0.9362
INFO:__main__:----------------------------------------------------------------------------------------------------
INFO:__main__:
【train】epoch:108/120 loss:0.0213 acc:0.9921
INFO:__main__:
【val】epoch:108/120 loss:0.3127 acc:0.9250
INFO:__main__:
【Val】:  SENS: 0.8312  SPEC: 0.9631  PPV: 0.9014  NPV: 0.9336 F1:0.8649
INFO:__main__:验证的best_acc:0.9362
INFO:__main__:----------------------------------------------------------------------------------------------------
INFO:__main__:
【train】epoch:109/120 loss:0.0144 acc:0.9959
INFO:__main__:
【val】epoch:109/120 loss:0.2708 acc:0.9375
INFO:__main__:
【Val】:  SENS: 0.8918  SPEC: 0.9561  PPV: 0.8918  NPV: 0.9561 F1:0.8918
INFO:__main__:验证的best_acc:0.9375
INFO:__main__:----------------------------------------------------------------------------------------------------
INFO:__main__:
【train】epoch:110/120 loss:0.0166 acc:0.9937
INFO:__main__:
【val】epoch:110/120 loss:0.3311 acc:0.9237
INFO:__main__:
【Val】:  SENS: 0.8615  SPEC: 0.9490  PPV: 0.8728  NPV: 0.9441 F1:0.8671
INFO:__main__:验证的best_acc:0.9375
INFO:__main__:----------------------------------------------------------------------------------------------------
INFO:__main__:
【train】epoch:111/120 loss:0.0120 acc:0.9958
INFO:__main__:
【val】epoch:111/120 loss:0.3329 acc:0.9325
INFO:__main__:
【Val】:  SENS: 0.8701  SPEC: 0.9578  PPV: 0.8933  NPV: 0.9478 F1:0.8816
INFO:__main__:验证的best_acc:0.9375
INFO:__main__:----------------------------------------------------------------------------------------------------
INFO:__main__:
【train】epoch:112/120 loss:0.0105 acc:0.9968
INFO:__main__:
【val】epoch:112/120 loss:0.3531 acc:0.9262
INFO:__main__:
【Val】:  SENS: 0.8485  SPEC: 0.9578  PPV: 0.8909  NPV: 0.9397 F1:0.8692
INFO:__main__:验证的best_acc:0.9375
INFO:__main__:----------------------------------------------------------------------------------------------------
INFO:__main__:
【train】epoch:113/120 loss:0.0122 acc:0.9958
INFO:__main__:
【val】epoch:113/120 loss:0.3103 acc:0.9275
INFO:__main__:
【Val】:  SENS: 0.8658  SPEC: 0.9525  PPV: 0.8811  NPV: 0.9459 F1:0.8734
INFO:__main__:验证的best_acc:0.9375
INFO:__main__:----------------------------------------------------------------------------------------------------
INFO:__main__:
【train】epoch:114/120 loss:0.0161 acc:0.9938
INFO:__main__:
【val】epoch:114/120 loss:0.3285 acc:0.9262
INFO:__main__:
【Val】:  SENS: 0.8615  SPEC: 0.9525  PPV: 0.8805  NPV: 0.9443 F1:0.8709
INFO:__main__:验证的best_acc:0.9375
INFO:__main__:----------------------------------------------------------------------------------------------------
INFO:__main__:
【train】epoch:115/120 loss:0.0132 acc:0.9959
INFO:__main__:
【val】epoch:115/120 loss:0.3057 acc:0.9337
INFO:__main__:
【Val】:  SENS: 0.8701  SPEC: 0.9596  PPV: 0.8973  NPV: 0.9479 F1:0.8835
INFO:__main__:验证的best_acc:0.9375
INFO:__main__:----------------------------------------------------------------------------------------------------
INFO:__main__:
【train】epoch:116/120 loss:0.0146 acc:0.9953
INFO:__main__:
【val】epoch:116/120 loss:0.3492 acc:0.9325
INFO:__main__:
【Val】:  SENS: 0.8528  SPEC: 0.9649  PPV: 0.9078  NPV: 0.9417 F1:0.8795
INFO:__main__:验证的best_acc:0.9375
INFO:__main__:----------------------------------------------------------------------------------------------------
INFO:__main__:
【train】epoch:117/120 loss:0.0133 acc:0.9952
INFO:__main__:
【val】epoch:117/120 loss:0.3402 acc:0.9250
INFO:__main__:
【Val】:  SENS: 0.8528  SPEC: 0.9543  PPV: 0.8834  NPV: 0.9411 F1:0.8678
INFO:__main__:验证的best_acc:0.9375
INFO:__main__:----------------------------------------------------------------------------------------------------
INFO:__main__:
【train】epoch:118/120 loss:0.0142 acc:0.9958
INFO:__main__:
【val】epoch:118/120 loss:0.3326 acc:0.9300
INFO:__main__:
【Val】:  SENS: 0.8615  SPEC: 0.9578  PPV: 0.8924  NPV: 0.9445 F1:0.8767
INFO:__main__:验证的best_acc:0.9375
INFO:__main__:----------------------------------------------------------------------------------------------------
INFO:__main__:
【train】epoch:119/120 loss:0.0138 acc:0.9959
INFO:__main__:
【val】epoch:119/120 loss:0.3260 acc:0.9312
INFO:__main__:
【Val】:  SENS: 0.8658  SPEC: 0.9578  PPV: 0.8929  NPV: 0.9462 F1:0.8791
INFO:__main__:验证的best_acc:0.9375
INFO:__main__:----------------------------------------------------------------------------------------------------
INFO:__main__:****************************************************************************************************
INFO:__main__:Val_LOSS:['0.4725', '0.4612', '0.4424', '0.4250', '0.3707', '0.3630', '0.3204', '0.4192', '0.2889', '0.3048', '0.3492', '0.3167', '0.3315', '0.2866', '0.2939', '0.3351', '0.2766', '0.2604', '0.3290', '0.2875', '0.2810', '0.2620', '0.2456', '0.2803', '0.2671', '0.3111', '0.3053', '0.2845', '0.3057', '0.2669', '0.2405', '0.2931', '0.2610', '0.2838', '0.2955', '0.2648', '0.2682', '0.2390', '0.2666', '0.2377', '0.3144', '0.2404', '0.2875', '0.2625', '0.2188', '0.2433', '0.2680', '0.2741', '0.2740', '0.2721', '0.2773', '0.2450', '0.2402', '0.3226', '0.2757', '0.2436', '0.2962', '0.2828', '0.3056', '0.2916', '0.2800', '0.2205', '0.2678', '0.2908', '0.2362', '0.2555', '0.3115', '0.2626', '0.3112', '0.2666', '0.2652', '0.2972', '0.3090', '0.3219', '0.3226', '0.3144', '0.2773', '0.2580', '0.2810', '0.2885', '0.2661', '0.2482', '0.3100', '0.2656', '0.2697', '0.2941', '0.3105', '0.2761', '0.2963', '0.2916', '0.2876', '0.2867', '0.3035', '0.3053', '0.2949', '0.2784', '0.3023', '0.3016', '0.3132', '0.3086', '0.3347', '0.3049', '0.3021', '0.3675', '0.3613', '0.2892', '0.3049', '0.3022', '0.3127', '0.2708', '0.3311', '0.3329', '0.3531', '0.3103', '0.3285', '0.3057', '0.3492', '0.3402', '0.3326', '0.3260']
INFO:__main__:Val_ACC:['0.7650', '0.7588', '0.7713', '0.8050', '0.8263', '0.8200', '0.8462', '0.8025', '0.8737', '0.8562', '0.8338', '0.8687', '0.8662', '0.8775', '0.8712', '0.8637', '0.8825', '0.8900', '0.8562', '0.8875', '0.8813', '0.9075', '0.9000', '0.8950', '0.8975', '0.9062', '0.8938', '0.9025', '0.9075', '0.9062', '0.9038', '0.9025', '0.9062', '0.9150', '0.9050', '0.9162', '0.9062', '0.9187', '0.8988', '0.9237', '0.9087', '0.9250', '0.9137', '0.9200', '0.9212', '0.9250', '0.9112', '0.9162', '0.9162', '0.9125', '0.9137', '0.9262', '0.9162', '0.9062', '0.9175', '0.9237', '0.9275', '0.9250', '0.9212', '0.9225', '0.9150', '0.9275', '0.9250', '0.9262', '0.9262', '0.9275', '0.9225', '0.9250', '0.9250', '0.9250', '0.9287', '0.9212', '0.9250', '0.9187', '0.9212', '0.9250', '0.9275', '0.9262', '0.9250', '0.9237', '0.9312', '0.9300', '0.9225', '0.9287', '0.9262', '0.9275', '0.9312', '0.9337', '0.9237', '0.9250', '0.9325', '0.9287', '0.9262', '0.9250', '0.9237', '0.9362', '0.9275', '0.9350', '0.9287', '0.9312', '0.9212', '0.9275', '0.9250', '0.9237', '0.9262', '0.9337', '0.9337', '0.9275', '0.9250', '0.9375', '0.9237', '0.9325', '0.9262', '0.9275', '0.9262', '0.9337', '0.9325', '0.9250', '0.9300', '0.9312']
INFO:__main__:****************************************************************************************************
INFO:__main__: epoch0 测试test_Loss: 0.3856  test_ACC: 0.9234  
INFO:__main__:SENS: 0.8745 SPEC: 0.9440 PPV: 0.8675 NPV: 0.9472 F1:0.8710
INFO:__main__:test_Best_acc:0.9234
INFO:__main__:flops:2351437216.0  params:14205429.0
