INFO:__main__:
【train】epoch:0/150 loss:0.5890 acc:0.6728
INFO:__main__:
【val】epoch:0/150 loss:0.4837 acc:0.7299
INFO:__main__:
【Val】:  SENS: 0.7138  SPEC: 0.7391  PPV: 0.6089  NPV: 0.8194 F1:0.6572
INFO:__main__:验证的best_acc:0.7299
INFO:__main__:----------------------------------------------------------------------------------------------------
INFO:__main__:
【train】epoch:1/150 loss:0.5151 acc:0.7338
INFO:__main__:
【val】epoch:1/150 loss:0.4839 acc:0.7444
INFO:__main__:
【Val】:  SENS: 0.5415  SPEC: 0.8599  PPV: 0.6875  NPV: 0.7672 F1:0.6059
INFO:__main__:验证的best_acc:0.7444
INFO:__main__:----------------------------------------------------------------------------------------------------
INFO:__main__:
【train】epoch:2/150 loss:0.4419 acc:0.7895
INFO:__main__:
【val】epoch:2/150 loss:0.4751 acc:0.7612
INFO:__main__:
【Val】:  SENS: 0.4277  SPEC: 0.9510  PPV: 0.8323  NPV: 0.7449 F1:0.5650
INFO:__main__:验证的best_acc:0.7612
INFO:__main__:----------------------------------------------------------------------------------------------------
INFO:__main__:
【train】epoch:3/150 loss:0.4093 acc:0.8068
INFO:__main__:
【val】epoch:3/150 loss:0.3634 acc:0.8203
INFO:__main__:
【Val】:  SENS: 0.7877  SPEC: 0.8389  PPV: 0.7356  NPV: 0.8741 F1:0.7608
INFO:__main__:验证的best_acc:0.8203
INFO:__main__:----------------------------------------------------------------------------------------------------
INFO:__main__:
【train】epoch:4/150 loss:0.3911 acc:0.8227
INFO:__main__:
【val】epoch:4/150 loss:0.3829 acc:0.8170
INFO:__main__:
【Val】:  SENS: 0.6892  SPEC: 0.8897  PPV: 0.7805  NPV: 0.8342 F1:0.7320
INFO:__main__:验证的best_acc:0.8203
INFO:__main__:----------------------------------------------------------------------------------------------------
INFO:__main__:
【train】epoch:5/150 loss:0.3726 acc:0.8302
INFO:__main__:
【val】epoch:5/150 loss:0.3725 acc:0.8270
INFO:__main__:
【Val】:  SENS: 0.6400  SPEC: 0.9335  PPV: 0.8455  NPV: 0.8200 F1:0.7285
INFO:__main__:验证的best_acc:0.8270
INFO:__main__:----------------------------------------------------------------------------------------------------
INFO:__main__:
【train】epoch:6/150 loss:0.3664 acc:0.8355
INFO:__main__:
【val】epoch:6/150 loss:0.3564 acc:0.8181
INFO:__main__:
【Val】:  SENS: 0.5969  SPEC: 0.9440  PPV: 0.8584  NPV: 0.8045 F1:0.7042
INFO:__main__:验证的best_acc:0.8270
INFO:__main__:----------------------------------------------------------------------------------------------------
INFO:__main__:
【train】epoch:7/150 loss:0.3581 acc:0.8370
INFO:__main__:
【val】epoch:7/150 loss:0.3404 acc:0.8337
INFO:__main__:
【Val】:  SENS: 0.7077  SPEC: 0.9054  PPV: 0.8099  NPV: 0.8448 F1:0.7553
INFO:__main__:验证的best_acc:0.8337
INFO:__main__:----------------------------------------------------------------------------------------------------
INFO:__main__:
【train】epoch:8/150 loss:0.3505 acc:0.8390
INFO:__main__:
【val】epoch:8/150 loss:0.3942 acc:0.8047
INFO:__main__:
【Val】:  SENS: 0.5569  SPEC: 0.9457  PPV: 0.8538  NPV: 0.7895 F1:0.6741
INFO:__main__:验证的best_acc:0.8337
INFO:__main__:----------------------------------------------------------------------------------------------------
INFO:__main__:
【train】epoch:9/150 loss:0.3248 acc:0.8542
INFO:__main__:
【val】epoch:9/150 loss:0.3264 acc:0.8493
INFO:__main__:
【Val】:  SENS: 0.8431  SPEC: 0.8529  PPV: 0.7654  NPV: 0.9052 F1:0.8023
INFO:__main__:验证的best_acc:0.8493
INFO:__main__:----------------------------------------------------------------------------------------------------
INFO:__main__:
【train】epoch:10/150 loss:0.3232 acc:0.8538
INFO:__main__:
【val】epoch:10/150 loss:0.3120 acc:0.8583
INFO:__main__:
【Val】:  SENS: 0.8092  SPEC: 0.8862  PPV: 0.8018  NPV: 0.8908 F1:0.8055
INFO:__main__:验证的best_acc:0.8583
INFO:__main__:----------------------------------------------------------------------------------------------------
INFO:__main__:
【train】epoch:11/150 loss:0.3081 acc:0.8617
INFO:__main__:
【val】epoch:11/150 loss:0.3059 acc:0.8661
INFO:__main__:
【Val】:  SENS: 0.8492  SPEC: 0.8757  PPV: 0.7954  NPV: 0.9107 F1:0.8214
INFO:__main__:验证的best_acc:0.8661
INFO:__main__:----------------------------------------------------------------------------------------------------
INFO:__main__:
【train】epoch:12/150 loss:0.3077 acc:0.8603
INFO:__main__:
【val】epoch:12/150 loss:0.3004 acc:0.8772
INFO:__main__:
【Val】:  SENS: 0.8738  SPEC: 0.8792  PPV: 0.8045  NPV: 0.9245 F1:0.8378
INFO:__main__:验证的best_acc:0.8772
INFO:__main__:----------------------------------------------------------------------------------------------------
INFO:__main__:
【train】epoch:13/150 loss:0.2951 acc:0.8681
INFO:__main__:
【val】epoch:13/150 loss:0.2947 acc:0.8817
INFO:__main__:
【Val】:  SENS: 0.8369  SPEC: 0.9072  PPV: 0.8369  NPV: 0.9072 F1:0.8369
INFO:__main__:验证的best_acc:0.8817
INFO:__main__:----------------------------------------------------------------------------------------------------
INFO:__main__:
【train】epoch:14/150 loss:0.2947 acc:0.8668
INFO:__main__:
【val】epoch:14/150 loss:0.3038 acc:0.8850
INFO:__main__:
【Val】:  SENS: 0.9262  SPEC: 0.8616  PPV: 0.7921  NPV: 0.9535 F1:0.8539
INFO:__main__:验证的best_acc:0.8850
INFO:__main__:----------------------------------------------------------------------------------------------------
INFO:__main__:
【train】epoch:15/150 loss:0.2829 acc:0.8719
INFO:__main__:
【val】epoch:15/150 loss:0.3167 acc:0.8571
INFO:__main__:
【Val】:  SENS: 0.8400  SPEC: 0.8669  PPV: 0.7822  NPV: 0.9049 F1:0.8101
INFO:__main__:验证的best_acc:0.8850
INFO:__main__:----------------------------------------------------------------------------------------------------
INFO:__main__:
【train】epoch:16/150 loss:0.2822 acc:0.8772
INFO:__main__:
【val】epoch:16/150 loss:0.3055 acc:0.8650
INFO:__main__:
【Val】:  SENS: 0.8462  SPEC: 0.8757  PPV: 0.7948  NPV: 0.9091 F1:0.8197
INFO:__main__:验证的best_acc:0.8850
INFO:__main__:----------------------------------------------------------------------------------------------------
INFO:__main__:
【train】epoch:17/150 loss:0.2796 acc:0.8769
INFO:__main__:
【val】epoch:17/150 loss:0.3170 acc:0.8650
INFO:__main__:
【Val】:  SENS: 0.8708  SPEC: 0.8616  PPV: 0.7818  NPV: 0.9213 F1:0.8239
INFO:__main__:验证的best_acc:0.8850
INFO:__main__:----------------------------------------------------------------------------------------------------
INFO:__main__:
【train】epoch:18/150 loss:0.2703 acc:0.8817
INFO:__main__:
【val】epoch:18/150 loss:0.3362 acc:0.8650
INFO:__main__:
【Val】:  SENS: 0.8492  SPEC: 0.8739  PPV: 0.7931  NPV: 0.9106 F1:0.8202
INFO:__main__:验证的best_acc:0.8850
INFO:__main__:----------------------------------------------------------------------------------------------------
INFO:__main__:
【train】epoch:19/150 loss:0.2509 acc:0.8912
INFO:__main__:
【val】epoch:19/150 loss:0.3210 acc:0.8672
INFO:__main__:
【Val】:  SENS: 0.8708  SPEC: 0.8651  PPV: 0.7861  NPV: 0.9216 F1:0.8263
INFO:__main__:验证的best_acc:0.8850
INFO:__main__:----------------------------------------------------------------------------------------------------
INFO:__main__:
【train】epoch:20/150 loss:0.2446 acc:0.8913
INFO:__main__:
【val】epoch:20/150 loss:0.3048 acc:0.8728
INFO:__main__:
【Val】:  SENS: 0.8708  SPEC: 0.8739  PPV: 0.7972  NPV: 0.9224 F1:0.8324
INFO:__main__:验证的best_acc:0.8850
INFO:__main__:----------------------------------------------------------------------------------------------------
INFO:__main__:
【train】epoch:21/150 loss:0.2375 acc:0.9034
INFO:__main__:
【val】epoch:21/150 loss:0.3092 acc:0.8783
INFO:__main__:
【Val】:  SENS: 0.9046  SPEC: 0.8634  PPV: 0.7903  NPV: 0.9408 F1:0.8436
INFO:__main__:验证的best_acc:0.8850
INFO:__main__:----------------------------------------------------------------------------------------------------
INFO:__main__:
【train】epoch:22/150 loss:0.2317 acc:0.8999
INFO:__main__:
【val】epoch:22/150 loss:0.3318 acc:0.8806
INFO:__main__:
【Val】:  SENS: 0.8800  SPEC: 0.8809  PPV: 0.8079  NPV: 0.9280 F1:0.8424
INFO:__main__:验证的best_acc:0.8850
INFO:__main__:----------------------------------------------------------------------------------------------------
INFO:__main__:
【train】epoch:0/150 loss:0.5890 acc:0.6728
INFO:__main__:
【val】epoch:0/150 loss:0.4837 acc:0.7299
INFO:__main__:
【Val】:  SENS: 0.7138  SPEC: 0.7391  PPV: 0.6089  NPV: 0.8194 F1:0.6572
INFO:__main__:验证的best_acc:0.7299
INFO:__main__:----------------------------------------------------------------------------------------------------
INFO:__main__:
【train】epoch:1/150 loss:0.5151 acc:0.7338
INFO:__main__:
【val】epoch:1/150 loss:0.4839 acc:0.7444
INFO:__main__:
【Val】:  SENS: 0.5415  SPEC: 0.8599  PPV: 0.6875  NPV: 0.7672 F1:0.6059
INFO:__main__:验证的best_acc:0.7444
INFO:__main__:----------------------------------------------------------------------------------------------------
INFO:__main__:
【train】epoch:2/150 loss:0.4419 acc:0.7895
INFO:__main__:
【val】epoch:2/150 loss:0.4751 acc:0.7612
INFO:__main__:
【Val】:  SENS: 0.4277  SPEC: 0.9510  PPV: 0.8323  NPV: 0.7449 F1:0.5650
INFO:__main__:验证的best_acc:0.7612
INFO:__main__:----------------------------------------------------------------------------------------------------
INFO:__main__:
【train】epoch:3/150 loss:0.4093 acc:0.8068
INFO:__main__:
【val】epoch:3/150 loss:0.3634 acc:0.8203
INFO:__main__:
【Val】:  SENS: 0.7877  SPEC: 0.8389  PPV: 0.7356  NPV: 0.8741 F1:0.7608
INFO:__main__:验证的best_acc:0.8203
INFO:__main__:----------------------------------------------------------------------------------------------------
INFO:__main__:
【train】epoch:4/150 loss:0.3911 acc:0.8227
INFO:__main__:
【val】epoch:4/150 loss:0.3829 acc:0.8170
INFO:__main__:
【Val】:  SENS: 0.6892  SPEC: 0.8897  PPV: 0.7805  NPV: 0.8342 F1:0.7320
INFO:__main__:验证的best_acc:0.8203
INFO:__main__:----------------------------------------------------------------------------------------------------
INFO:__main__:
【train】epoch:5/150 loss:0.3726 acc:0.8302
INFO:__main__:
【val】epoch:5/150 loss:0.3725 acc:0.8270
INFO:__main__:
【Val】:  SENS: 0.6400  SPEC: 0.9335  PPV: 0.8455  NPV: 0.8200 F1:0.7285
INFO:__main__:验证的best_acc:0.8270
INFO:__main__:----------------------------------------------------------------------------------------------------
INFO:__main__:
【train】epoch:6/150 loss:0.3664 acc:0.8355
INFO:__main__:
【val】epoch:6/150 loss:0.3564 acc:0.8181
INFO:__main__:
【Val】:  SENS: 0.5969  SPEC: 0.9440  PPV: 0.8584  NPV: 0.8045 F1:0.7042
INFO:__main__:验证的best_acc:0.8270
INFO:__main__:----------------------------------------------------------------------------------------------------
INFO:__main__:
【train】epoch:7/150 loss:0.3581 acc:0.8370
INFO:__main__:
【val】epoch:7/150 loss:0.3404 acc:0.8337
INFO:__main__:
【Val】:  SENS: 0.7077  SPEC: 0.9054  PPV: 0.8099  NPV: 0.8448 F1:0.7553
INFO:__main__:验证的best_acc:0.8337
INFO:__main__:----------------------------------------------------------------------------------------------------
INFO:__main__:
【train】epoch:8/150 loss:0.3505 acc:0.8390
INFO:__main__:
【val】epoch:8/150 loss:0.3942 acc:0.8047
INFO:__main__:
【Val】:  SENS: 0.5569  SPEC: 0.9457  PPV: 0.8538  NPV: 0.7895 F1:0.6741
INFO:__main__:验证的best_acc:0.8337
INFO:__main__:----------------------------------------------------------------------------------------------------
INFO:__main__:
【train】epoch:9/150 loss:0.3248 acc:0.8542
INFO:__main__:
【val】epoch:9/150 loss:0.3264 acc:0.8493
INFO:__main__:
【Val】:  SENS: 0.8431  SPEC: 0.8529  PPV: 0.7654  NPV: 0.9052 F1:0.8023
INFO:__main__:验证的best_acc:0.8493
INFO:__main__:----------------------------------------------------------------------------------------------------
INFO:__main__:
【train】epoch:10/150 loss:0.3232 acc:0.8538
INFO:__main__:
【val】epoch:10/150 loss:0.3120 acc:0.8583
INFO:__main__:
【Val】:  SENS: 0.8092  SPEC: 0.8862  PPV: 0.8018  NPV: 0.8908 F1:0.8055
INFO:__main__:验证的best_acc:0.8583
INFO:__main__:----------------------------------------------------------------------------------------------------
INFO:__main__:
【train】epoch:11/150 loss:0.3081 acc:0.8617
INFO:__main__:
【val】epoch:11/150 loss:0.3059 acc:0.8661
INFO:__main__:
【Val】:  SENS: 0.8492  SPEC: 0.8757  PPV: 0.7954  NPV: 0.9107 F1:0.8214
INFO:__main__:验证的best_acc:0.8661
INFO:__main__:----------------------------------------------------------------------------------------------------
INFO:__main__:
【train】epoch:12/150 loss:0.3077 acc:0.8603
INFO:__main__:
【val】epoch:12/150 loss:0.3004 acc:0.8772
INFO:__main__:
【Val】:  SENS: 0.8738  SPEC: 0.8792  PPV: 0.8045  NPV: 0.9245 F1:0.8378
INFO:__main__:验证的best_acc:0.8772
INFO:__main__:----------------------------------------------------------------------------------------------------
INFO:__main__:
【train】epoch:13/150 loss:0.2951 acc:0.8681
INFO:__main__:
【val】epoch:13/150 loss:0.2947 acc:0.8817
INFO:__main__:
【Val】:  SENS: 0.8369  SPEC: 0.9072  PPV: 0.8369  NPV: 0.9072 F1:0.8369
INFO:__main__:验证的best_acc:0.8817
INFO:__main__:----------------------------------------------------------------------------------------------------
INFO:__main__:
【train】epoch:14/150 loss:0.2947 acc:0.8668
INFO:__main__:
【val】epoch:14/150 loss:0.3038 acc:0.8850
INFO:__main__:
【Val】:  SENS: 0.9262  SPEC: 0.8616  PPV: 0.7921  NPV: 0.9535 F1:0.8539
INFO:__main__:验证的best_acc:0.8850
INFO:__main__:----------------------------------------------------------------------------------------------------
INFO:__main__:
【train】epoch:15/150 loss:0.2829 acc:0.8719
INFO:__main__:
【val】epoch:15/150 loss:0.3167 acc:0.8571
INFO:__main__:
【Val】:  SENS: 0.8400  SPEC: 0.8669  PPV: 0.7822  NPV: 0.9049 F1:0.8101
INFO:__main__:验证的best_acc:0.8850
INFO:__main__:----------------------------------------------------------------------------------------------------
INFO:__main__:
【train】epoch:16/150 loss:0.2822 acc:0.8772
INFO:__main__:
【val】epoch:16/150 loss:0.3055 acc:0.8650
INFO:__main__:
【Val】:  SENS: 0.8462  SPEC: 0.8757  PPV: 0.7948  NPV: 0.9091 F1:0.8197
INFO:__main__:验证的best_acc:0.8850
INFO:__main__:----------------------------------------------------------------------------------------------------
INFO:__main__:
【train】epoch:17/150 loss:0.2796 acc:0.8769
INFO:__main__:
【val】epoch:17/150 loss:0.3170 acc:0.8650
INFO:__main__:
【Val】:  SENS: 0.8708  SPEC: 0.8616  PPV: 0.7818  NPV: 0.9213 F1:0.8239
INFO:__main__:验证的best_acc:0.8850
INFO:__main__:----------------------------------------------------------------------------------------------------
INFO:__main__:
【train】epoch:18/150 loss:0.2703 acc:0.8817
INFO:__main__:
【val】epoch:18/150 loss:0.3362 acc:0.8650
INFO:__main__:
【Val】:  SENS: 0.8492  SPEC: 0.8739  PPV: 0.7931  NPV: 0.9106 F1:0.8202
INFO:__main__:验证的best_acc:0.8850
INFO:__main__:----------------------------------------------------------------------------------------------------
INFO:__main__:
【train】epoch:19/150 loss:0.2509 acc:0.8912
INFO:__main__:
【val】epoch:19/150 loss:0.3210 acc:0.8672
INFO:__main__:
【Val】:  SENS: 0.8708  SPEC: 0.8651  PPV: 0.7861  NPV: 0.9216 F1:0.8263
INFO:__main__:验证的best_acc:0.8850
INFO:__main__:----------------------------------------------------------------------------------------------------
INFO:__main__:
【train】epoch:20/150 loss:0.2446 acc:0.8913
INFO:__main__:
【val】epoch:20/150 loss:0.3048 acc:0.8728
INFO:__main__:
【Val】:  SENS: 0.8708  SPEC: 0.8739  PPV: 0.7972  NPV: 0.9224 F1:0.8324
INFO:__main__:验证的best_acc:0.8850
INFO:__main__:----------------------------------------------------------------------------------------------------
INFO:__main__:
【train】epoch:21/150 loss:0.2375 acc:0.9034
INFO:__main__:
【val】epoch:21/150 loss:0.3092 acc:0.8783
INFO:__main__:
【Val】:  SENS: 0.9046  SPEC: 0.8634  PPV: 0.7903  NPV: 0.9408 F1:0.8436
INFO:__main__:验证的best_acc:0.8850
INFO:__main__:----------------------------------------------------------------------------------------------------
INFO:__main__:
【train】epoch:22/150 loss:0.2317 acc:0.8999
INFO:__main__:
【val】epoch:22/150 loss:0.3318 acc:0.8806
INFO:__main__:
【Val】:  SENS: 0.8800  SPEC: 0.8809  PPV: 0.8079  NPV: 0.9280 F1:0.8424
INFO:__main__:验证的best_acc:0.8850
INFO:__main__:----------------------------------------------------------------------------------------------------
INFO:__main__:
【train】epoch:23/150 loss:0.2225 acc:0.9084
INFO:__main__:
【val】epoch:23/150 loss:0.3258 acc:0.8650
INFO:__main__:
【Val】:  SENS: 0.8308  SPEC: 0.8844  PPV: 0.8036  NPV: 0.9018 F1:0.8169
INFO:__main__:验证的best_acc:0.8850
INFO:__main__:----------------------------------------------------------------------------------------------------
INFO:__main__:
【train】epoch:24/150 loss:0.2226 acc:0.9038
INFO:__main__:
【val】epoch:24/150 loss:0.3247 acc:0.8627
INFO:__main__:
【Val】:  SENS: 0.8800  SPEC: 0.8529  PPV: 0.7730  NPV: 0.9259 F1:0.8230
INFO:__main__:验证的best_acc:0.8850
INFO:__main__:----------------------------------------------------------------------------------------------------
INFO:__main__:
【train】epoch:25/150 loss:0.2073 acc:0.9098
INFO:__main__:
【val】epoch:25/150 loss:0.4025 acc:0.8717
INFO:__main__:
【Val】:  SENS: 0.8862  SPEC: 0.8634  PPV: 0.7869  NPV: 0.9302 F1:0.8336
INFO:__main__:验证的best_acc:0.8850
INFO:__main__:----------------------------------------------------------------------------------------------------
INFO:__main__:
【train】epoch:26/150 loss:0.2214 acc:0.9048
INFO:__main__:
【val】epoch:26/150 loss:0.3379 acc:0.8638
INFO:__main__:
【Val】:  SENS: 0.8185  SPEC: 0.8897  PPV: 0.8085  NPV: 0.8959 F1:0.8135
INFO:__main__:验证的best_acc:0.8850
INFO:__main__:----------------------------------------------------------------------------------------------------
INFO:__main__:
【train】epoch:27/150 loss:0.2130 acc:0.9079
INFO:__main__:
【val】epoch:27/150 loss:0.3236 acc:0.8772
INFO:__main__:
【Val】:  SENS: 0.8492  SPEC: 0.8932  PPV: 0.8190  NPV: 0.9123 F1:0.8338
INFO:__main__:验证的best_acc:0.8850
INFO:__main__:----------------------------------------------------------------------------------------------------
INFO:__main__:
【train】epoch:28/150 loss:0.2144 acc:0.9114
INFO:__main__:
【val】epoch:28/150 loss:0.3133 acc:0.8783
INFO:__main__:
【Val】:  SENS: 0.9046  SPEC: 0.8634  PPV: 0.7903  NPV: 0.9408 F1:0.8436
INFO:__main__:验证的best_acc:0.8850
INFO:__main__:----------------------------------------------------------------------------------------------------
INFO:__main__:
【train】epoch:29/150 loss:0.1914 acc:0.9211
INFO:__main__:
【val】epoch:29/150 loss:0.3533 acc:0.8683
INFO:__main__:
【Val】:  SENS: 0.8954  SPEC: 0.8529  PPV: 0.7760  NPV: 0.9347 F1:0.8314
INFO:__main__:验证的best_acc:0.8850
INFO:__main__:----------------------------------------------------------------------------------------------------
INFO:__main__:
【train】epoch:30/150 loss:0.1896 acc:0.9236
INFO:__main__:
【val】epoch:30/150 loss:0.2966 acc:0.8862
INFO:__main__:
【Val】:  SENS: 0.9077  SPEC: 0.8739  PPV: 0.8038  NPV: 0.9433 F1:0.8526
INFO:__main__:验证的best_acc:0.8862
INFO:__main__:----------------------------------------------------------------------------------------------------
INFO:__main__:
【train】epoch:31/150 loss:0.1776 acc:0.9289
INFO:__main__:
【val】epoch:31/150 loss:0.3365 acc:0.8739
INFO:__main__:
【Val】:  SENS: 0.8646  SPEC: 0.8792  PPV: 0.8029  NPV: 0.9194 F1:0.8326
INFO:__main__:验证的best_acc:0.8862
INFO:__main__:----------------------------------------------------------------------------------------------------
INFO:__main__:
【train】epoch:32/150 loss:0.1740 acc:0.9312
INFO:__main__:
【val】epoch:32/150 loss:0.3480 acc:0.8817
INFO:__main__:
【Val】:  SENS: 0.8554  SPEC: 0.8967  PPV: 0.8249  NPV: 0.9159 F1:0.8399
INFO:__main__:验证的best_acc:0.8862
INFO:__main__:----------------------------------------------------------------------------------------------------
INFO:__main__:
【train】epoch:33/150 loss:0.1779 acc:0.9281
INFO:__main__:
【val】epoch:33/150 loss:0.3721 acc:0.8672
INFO:__main__:
【Val】:  SENS: 0.8862  SPEC: 0.8564  PPV: 0.7784  NPV: 0.9297 F1:0.8288
INFO:__main__:验证的best_acc:0.8862
INFO:__main__:----------------------------------------------------------------------------------------------------
INFO:__main__:
【train】epoch:34/150 loss:0.1749 acc:0.9323
INFO:__main__:
【val】epoch:34/150 loss:0.3356 acc:0.8929
INFO:__main__:
【Val】:  SENS: 0.9046  SPEC: 0.8862  PPV: 0.8189  NPV: 0.9423 F1:0.8596
INFO:__main__:验证的best_acc:0.8929
INFO:__main__:----------------------------------------------------------------------------------------------------
INFO:__main__:
【train】epoch:35/150 loss:0.1670 acc:0.9298
INFO:__main__:
【val】epoch:35/150 loss:0.3444 acc:0.8873
INFO:__main__:
【Val】:  SENS: 0.8646  SPEC: 0.9002  PPV: 0.8314  NPV: 0.9211 F1:0.8477
INFO:__main__:验证的best_acc:0.8929
INFO:__main__:----------------------------------------------------------------------------------------------------
INFO:__main__:
【train】epoch:36/150 loss:0.1655 acc:0.9308
INFO:__main__:
【val】epoch:36/150 loss:0.3301 acc:0.8862
INFO:__main__:
【Val】:  SENS: 0.8677  SPEC: 0.8967  PPV: 0.8270  NPV: 0.9225 F1:0.8468
INFO:__main__:验证的best_acc:0.8929
INFO:__main__:----------------------------------------------------------------------------------------------------
INFO:__main__:
【train】epoch:37/150 loss:0.1579 acc:0.9359
INFO:__main__:
【val】epoch:37/150 loss:0.3521 acc:0.8739
INFO:__main__:
【Val】:  SENS: 0.8215  SPEC: 0.9037  PPV: 0.8292  NPV: 0.8990 F1:0.8253
INFO:__main__:验证的best_acc:0.8929
INFO:__main__:----------------------------------------------------------------------------------------------------
INFO:__main__:
【train】epoch:38/150 loss:0.1704 acc:0.9319
INFO:__main__:
【val】epoch:38/150 loss:0.3804 acc:0.8683
INFO:__main__:
【Val】:  SENS: 0.8831  SPEC: 0.8599  PPV: 0.7820  NPV: 0.9282 F1:0.8295
INFO:__main__:验证的best_acc:0.8929
INFO:__main__:----------------------------------------------------------------------------------------------------
INFO:__main__:
【train】epoch:39/150 loss:0.1453 acc:0.9431
INFO:__main__:
【val】epoch:39/150 loss:0.3224 acc:0.8862
INFO:__main__:
【Val】:  SENS: 0.8431  SPEC: 0.9107  PPV: 0.8431  NPV: 0.9107 F1:0.8431
INFO:__main__:验证的best_acc:0.8929
INFO:__main__:----------------------------------------------------------------------------------------------------
INFO:__main__:
【train】epoch:40/150 loss:0.1394 acc:0.9474
INFO:__main__:
【val】epoch:40/150 loss:0.3394 acc:0.8906
INFO:__main__:
【Val】:  SENS: 0.8646  SPEC: 0.9054  PPV: 0.8388  NPV: 0.9216 F1:0.8515
INFO:__main__:验证的best_acc:0.8929
INFO:__main__:----------------------------------------------------------------------------------------------------
INFO:__main__:
【train】epoch:41/150 loss:0.1373 acc:0.9446
INFO:__main__:
【val】epoch:41/150 loss:0.3489 acc:0.8873
INFO:__main__:
【Val】:  SENS: 0.8338  SPEC: 0.9177  PPV: 0.8522  NPV: 0.9066 F1:0.8429
INFO:__main__:验证的best_acc:0.8929
INFO:__main__:----------------------------------------------------------------------------------------------------
INFO:__main__:
【train】epoch:42/150 loss:0.1332 acc:0.9482
INFO:__main__:
【val】epoch:42/150 loss:0.3607 acc:0.8850
INFO:__main__:
【Val】:  SENS: 0.8738  SPEC: 0.8914  PPV: 0.8208  NPV: 0.9255 F1:0.8465
INFO:__main__:验证的best_acc:0.8929
INFO:__main__:----------------------------------------------------------------------------------------------------
INFO:__main__:
【train】epoch:43/150 loss:0.1306 acc:0.9490
INFO:__main__:
【val】epoch:43/150 loss:0.3414 acc:0.8839
INFO:__main__:
【Val】:  SENS: 0.8800  SPEC: 0.8862  PPV: 0.8148  NPV: 0.9284 F1:0.8462
INFO:__main__:验证的best_acc:0.8929
INFO:__main__:----------------------------------------------------------------------------------------------------
INFO:__main__:
【train】epoch:44/150 loss:0.1306 acc:0.9496
INFO:__main__:
【val】epoch:44/150 loss:0.3711 acc:0.8817
INFO:__main__:
【Val】:  SENS: 0.8554  SPEC: 0.8967  PPV: 0.8249  NPV: 0.9159 F1:0.8399
INFO:__main__:验证的best_acc:0.8929
INFO:__main__:----------------------------------------------------------------------------------------------------
INFO:__main__:
【train】epoch:45/150 loss:0.1330 acc:0.9481
INFO:__main__:
【val】epoch:45/150 loss:0.3416 acc:0.8850
INFO:__main__:
【Val】:  SENS: 0.8831  SPEC: 0.8862  PPV: 0.8153  NPV: 0.9301 F1:0.8479
INFO:__main__:验证的best_acc:0.8929
INFO:__main__:----------------------------------------------------------------------------------------------------
INFO:__main__:
【train】epoch:46/150 loss:0.1247 acc:0.9519
INFO:__main__:
【val】epoch:46/150 loss:0.3572 acc:0.8806
INFO:__main__:
【Val】:  SENS: 0.8677  SPEC: 0.8879  PPV: 0.8150  NPV: 0.9218 F1:0.8405
INFO:__main__:验证的best_acc:0.8929
INFO:__main__:----------------------------------------------------------------------------------------------------
INFO:__main__:
【train】epoch:47/150 loss:0.1217 acc:0.9518
INFO:__main__:
【val】epoch:47/150 loss:0.3587 acc:0.8750
INFO:__main__:
【Val】:  SENS: 0.8246  SPEC: 0.9037  PPV: 0.8297  NPV: 0.9005 F1:0.8272
INFO:__main__:验证的best_acc:0.8929
INFO:__main__:----------------------------------------------------------------------------------------------------
INFO:__main__:
【train】epoch:48/150 loss:0.1272 acc:0.9519
INFO:__main__:
【val】epoch:48/150 loss:0.3534 acc:0.8839
INFO:__main__:
【Val】:  SENS: 0.8708  SPEC: 0.8914  PPV: 0.8203  NPV: 0.9238 F1:0.8448
INFO:__main__:验证的best_acc:0.8929
INFO:__main__:----------------------------------------------------------------------------------------------------
INFO:__main__:
【train】epoch:49/150 loss:0.1109 acc:0.9572
INFO:__main__:
【val】epoch:49/150 loss:0.3524 acc:0.8850
INFO:__main__:
【Val】:  SENS: 0.8769  SPEC: 0.8897  PPV: 0.8190  NPV: 0.9270 F1:0.8470
INFO:__main__:验证的best_acc:0.8929
INFO:__main__:----------------------------------------------------------------------------------------------------
INFO:__main__:
【train】epoch:50/150 loss:0.1055 acc:0.9587
INFO:__main__:
【val】epoch:50/150 loss:0.3696 acc:0.8817
INFO:__main__:
【Val】:  SENS: 0.8615  SPEC: 0.8932  PPV: 0.8211  NPV: 0.9189 F1:0.8408
INFO:__main__:验证的best_acc:0.8929
INFO:__main__:----------------------------------------------------------------------------------------------------
INFO:__main__:
【train】epoch:51/150 loss:0.1077 acc:0.9603
INFO:__main__:
【val】epoch:51/150 loss:0.3582 acc:0.8873
INFO:__main__:
【Val】:  SENS: 0.8646  SPEC: 0.9002  PPV: 0.8314  NPV: 0.9211 F1:0.8477
INFO:__main__:验证的best_acc:0.8929
INFO:__main__:----------------------------------------------------------------------------------------------------
INFO:__main__:
【train】epoch:52/150 loss:0.1011 acc:0.9613
INFO:__main__:
【val】epoch:52/150 loss:0.3813 acc:0.8917
INFO:__main__:
【Val】:  SENS: 0.8554  SPEC: 0.9124  PPV: 0.8476  NPV: 0.9173 F1:0.8515
INFO:__main__:验证的best_acc:0.8929
INFO:__main__:----------------------------------------------------------------------------------------------------
INFO:__main__:
【train】epoch:53/150 loss:0.1043 acc:0.9583
INFO:__main__:
【val】epoch:53/150 loss:0.3643 acc:0.8895
INFO:__main__:
【Val】:  SENS: 0.8492  SPEC: 0.9124  PPV: 0.8466  NPV: 0.9140 F1:0.8479
INFO:__main__:验证的best_acc:0.8929
INFO:__main__:----------------------------------------------------------------------------------------------------
INFO:__main__:
【train】epoch:54/150 loss:0.0994 acc:0.9621
INFO:__main__:
【val】epoch:54/150 loss:0.3892 acc:0.8817
INFO:__main__:
【Val】:  SENS: 0.8523  SPEC: 0.8984  PPV: 0.8269  NPV: 0.9144 F1:0.8394
INFO:__main__:验证的best_acc:0.8929
INFO:__main__:----------------------------------------------------------------------------------------------------
INFO:__main__:
【train】epoch:55/150 loss:0.0992 acc:0.9609
INFO:__main__:
【val】epoch:55/150 loss:0.3967 acc:0.8850
INFO:__main__:
【Val】:  SENS: 0.8708  SPEC: 0.8932  PPV: 0.8227  NPV: 0.9239 F1:0.8460
INFO:__main__:验证的best_acc:0.8929
INFO:__main__:----------------------------------------------------------------------------------------------------
INFO:__main__:
【train】epoch:56/150 loss:0.0957 acc:0.9622
INFO:__main__:
【val】epoch:56/150 loss:0.3948 acc:0.8895
INFO:__main__:
【Val】:  SENS: 0.8462  SPEC: 0.9142  PPV: 0.8488  NPV: 0.9126 F1:0.8475
INFO:__main__:验证的best_acc:0.8929
INFO:__main__:----------------------------------------------------------------------------------------------------
INFO:__main__:
【train】epoch:57/150 loss:0.0910 acc:0.9630
INFO:__main__:
【val】epoch:57/150 loss:0.4067 acc:0.8906
INFO:__main__:
【Val】:  SENS: 0.8369  SPEC: 0.9212  PPV: 0.8580  NPV: 0.9085 F1:0.8474
INFO:__main__:验证的best_acc:0.8929
INFO:__main__:----------------------------------------------------------------------------------------------------
INFO:__main__:
【train】epoch:58/150 loss:0.1010 acc:0.9611
INFO:__main__:
【val】epoch:58/150 loss:0.3928 acc:0.8895
INFO:__main__:
【Val】:  SENS: 0.8431  SPEC: 0.9159  PPV: 0.8509  NPV: 0.9111 F1:0.8470
INFO:__main__:验证的best_acc:0.8929
INFO:__main__:----------------------------------------------------------------------------------------------------
INFO:__main__:
【train】epoch:59/150 loss:0.0835 acc:0.9675
INFO:__main__:
【val】epoch:59/150 loss:0.3910 acc:0.8795
INFO:__main__:
【Val】:  SENS: 0.8369  SPEC: 0.9037  PPV: 0.8318  NPV: 0.9069 F1:0.8344
INFO:__main__:验证的best_acc:0.8929
INFO:__main__:----------------------------------------------------------------------------------------------------
INFO:__main__:
【train】epoch:60/150 loss:0.0727 acc:0.9716
INFO:__main__:
【val】epoch:60/150 loss:0.4055 acc:0.8884
INFO:__main__:
【Val】:  SENS: 0.8646  SPEC: 0.9019  PPV: 0.8338  NPV: 0.9213 F1:0.8489
INFO:__main__:验证的best_acc:0.8929
INFO:__main__:----------------------------------------------------------------------------------------------------
INFO:__main__:
【train】epoch:61/150 loss:0.0838 acc:0.9678
INFO:__main__:
【val】epoch:61/150 loss:0.4049 acc:0.8783
INFO:__main__:
【Val】:  SENS: 0.8215  SPEC: 0.9107  PPV: 0.8396  NPV: 0.8997 F1:0.8305
INFO:__main__:验证的best_acc:0.8929
INFO:__main__:----------------------------------------------------------------------------------------------------
INFO:__main__:
【train】epoch:62/150 loss:0.0824 acc:0.9688
INFO:__main__:
【val】epoch:62/150 loss:0.3915 acc:0.8984
INFO:__main__:
【Val】:  SENS: 0.8585  SPEC: 0.9212  PPV: 0.8611  NPV: 0.9196 F1:0.8598
INFO:__main__:验证的best_acc:0.8984
INFO:__main__:----------------------------------------------------------------------------------------------------
INFO:__main__:
【train】epoch:63/150 loss:0.0780 acc:0.9701
INFO:__main__:
【val】epoch:63/150 loss:0.4025 acc:0.8862
INFO:__main__:
【Val】:  SENS: 0.8215  SPEC: 0.9229  PPV: 0.8585  NPV: 0.9009 F1:0.8396
INFO:__main__:验证的best_acc:0.8984
INFO:__main__:----------------------------------------------------------------------------------------------------
INFO:__main__:
【train】epoch:64/150 loss:0.0789 acc:0.9694
INFO:__main__:
【val】epoch:64/150 loss:0.3943 acc:0.8906
INFO:__main__:
【Val】:  SENS: 0.8708  SPEC: 0.9019  PPV: 0.8348  NPV: 0.9246 F1:0.8524
INFO:__main__:验证的best_acc:0.8984
INFO:__main__:----------------------------------------------------------------------------------------------------
INFO:__main__:
【train】epoch:65/150 loss:0.0797 acc:0.9704
INFO:__main__:
【val】epoch:65/150 loss:0.3834 acc:0.8906
INFO:__main__:
【Val】:  SENS: 0.8677  SPEC: 0.9037  PPV: 0.8368  NPV: 0.9231 F1:0.8520
INFO:__main__:验证的best_acc:0.8984
INFO:__main__:----------------------------------------------------------------------------------------------------
INFO:__main__:
【train】epoch:66/150 loss:0.0732 acc:0.9719
INFO:__main__:
【val】epoch:66/150 loss:0.4185 acc:0.8839
INFO:__main__:
【Val】:  SENS: 0.8277  SPEC: 0.9159  PPV: 0.8486  NPV: 0.9033 F1:0.8380
INFO:__main__:验证的best_acc:0.8984
INFO:__main__:----------------------------------------------------------------------------------------------------
INFO:__main__:
【train】epoch:67/150 loss:0.0807 acc:0.9690
INFO:__main__:
【val】epoch:67/150 loss:0.4338 acc:0.8906
INFO:__main__:
【Val】:  SENS: 0.8462  SPEC: 0.9159  PPV: 0.8514  NPV: 0.9127 F1:0.8488
INFO:__main__:验证的best_acc:0.8984
INFO:__main__:----------------------------------------------------------------------------------------------------
INFO:__main__:
【train】epoch:68/150 loss:0.0789 acc:0.9690
INFO:__main__:
【val】epoch:68/150 loss:0.3958 acc:0.8929
INFO:__main__:
【Val】:  SENS: 0.8585  SPEC: 0.9124  PPV: 0.8480  NPV: 0.9189 F1:0.8532
INFO:__main__:验证的best_acc:0.8984
INFO:__main__:----------------------------------------------------------------------------------------------------
INFO:__main__:
【train】epoch:69/150 loss:0.0677 acc:0.9746
INFO:__main__:
【val】epoch:69/150 loss:0.3784 acc:0.8839
INFO:__main__:
【Val】:  SENS: 0.8554  SPEC: 0.9002  PPV: 0.8299  NPV: 0.9162 F1:0.8424
INFO:__main__:验证的best_acc:0.8984
INFO:__main__:----------------------------------------------------------------------------------------------------
INFO:__main__:
【train】epoch:70/150 loss:0.0630 acc:0.9753
INFO:__main__:
【val】epoch:70/150 loss:0.4088 acc:0.8873
INFO:__main__:
【Val】:  SENS: 0.8308  SPEC: 0.9194  PPV: 0.8544  NPV: 0.9052 F1:0.8424
INFO:__main__:验证的best_acc:0.8984
INFO:__main__:----------------------------------------------------------------------------------------------------
INFO:__main__:
【train】epoch:71/150 loss:0.0662 acc:0.9743
INFO:__main__:
【val】epoch:71/150 loss:0.3929 acc:0.8906
INFO:__main__:
【Val】:  SENS: 0.8277  SPEC: 0.9264  PPV: 0.8650  NPV: 0.9043 F1:0.8459
INFO:__main__:验证的best_acc:0.8984
INFO:__main__:----------------------------------------------------------------------------------------------------
INFO:__main__:
【train】epoch:72/150 loss:0.0577 acc:0.9764
INFO:__main__:
【val】epoch:72/150 loss:0.4183 acc:0.8884
INFO:__main__:
【Val】:  SENS: 0.8431  SPEC: 0.9142  PPV: 0.8483  NPV: 0.9110 F1:0.8457
INFO:__main__:验证的best_acc:0.8984
INFO:__main__:----------------------------------------------------------------------------------------------------
INFO:__main__:
【train】epoch:73/150 loss:0.0670 acc:0.9747
INFO:__main__:
【val】epoch:73/150 loss:0.4163 acc:0.8850
INFO:__main__:
【Val】:  SENS: 0.8369  SPEC: 0.9124  PPV: 0.8447  NPV: 0.9077 F1:0.8408
INFO:__main__:验证的best_acc:0.8984
INFO:__main__:----------------------------------------------------------------------------------------------------
INFO:__main__:
【train】epoch:74/150 loss:0.0558 acc:0.9795
INFO:__main__:
【val】epoch:74/150 loss:0.4352 acc:0.8862
INFO:__main__:
【Val】:  SENS: 0.8338  SPEC: 0.9159  PPV: 0.8495  NPV: 0.9064 F1:0.8416
INFO:__main__:验证的best_acc:0.8984
INFO:__main__:----------------------------------------------------------------------------------------------------
INFO:__main__:
【train】epoch:75/150 loss:0.0642 acc:0.9739
INFO:__main__:
【val】epoch:75/150 loss:0.4261 acc:0.8873
INFO:__main__:
【Val】:  SENS: 0.8154  SPEC: 0.9282  PPV: 0.8660  NPV: 0.8983 F1:0.8399
INFO:__main__:验证的best_acc:0.8984
INFO:__main__:----------------------------------------------------------------------------------------------------
INFO:__main__:
【train】epoch:76/150 loss:0.0595 acc:0.9761
INFO:__main__:
【val】epoch:76/150 loss:0.4681 acc:0.8929
INFO:__main__:
【Val】:  SENS: 0.8431  SPEC: 0.9212  PPV: 0.8589  NPV: 0.9116 F1:0.8509
INFO:__main__:验证的best_acc:0.8984
INFO:__main__:----------------------------------------------------------------------------------------------------
INFO:__main__:
【train】epoch:77/150 loss:0.0629 acc:0.9784
INFO:__main__:
【val】epoch:77/150 loss:0.4212 acc:0.8873
INFO:__main__:
【Val】:  SENS: 0.8246  SPEC: 0.9229  PPV: 0.8590  NPV: 0.9024 F1:0.8414
INFO:__main__:验证的best_acc:0.8984
INFO:__main__:----------------------------------------------------------------------------------------------------
INFO:__main__:
【train】epoch:78/150 loss:0.0566 acc:0.9796
INFO:__main__:
【val】epoch:78/150 loss:0.4418 acc:0.8850
INFO:__main__:
【Val】:  SENS: 0.8369  SPEC: 0.9124  PPV: 0.8447  NPV: 0.9077 F1:0.8408
INFO:__main__:验证的best_acc:0.8984
INFO:__main__:----------------------------------------------------------------------------------------------------
INFO:__main__:
【train】epoch:79/150 loss:0.0498 acc:0.9795
INFO:__main__:
【val】epoch:79/150 loss:0.4643 acc:0.8828
INFO:__main__:
【Val】:  SENS: 0.8369  SPEC: 0.9089  PPV: 0.8395  NPV: 0.9073 F1:0.8382
INFO:__main__:验证的best_acc:0.8984
INFO:__main__:----------------------------------------------------------------------------------------------------
INFO:__main__:
【train】epoch:80/150 loss:0.0441 acc:0.9840
INFO:__main__:
【val】epoch:80/150 loss:0.4350 acc:0.8895
INFO:__main__:
【Val】:  SENS: 0.8523  SPEC: 0.9107  PPV: 0.8445  NPV: 0.9155 F1:0.8484
INFO:__main__:验证的best_acc:0.8984
INFO:__main__:----------------------------------------------------------------------------------------------------
INFO:__main__:
【train】epoch:81/150 loss:0.0481 acc:0.9810
INFO:__main__:
【val】epoch:81/150 loss:0.4609 acc:0.8906
INFO:__main__:
【Val】:  SENS: 0.8277  SPEC: 0.9264  PPV: 0.8650  NPV: 0.9043 F1:0.8459
INFO:__main__:验证的best_acc:0.8984
INFO:__main__:----------------------------------------------------------------------------------------------------
INFO:__main__:
【train】epoch:82/150 loss:0.0448 acc:0.9832
INFO:__main__:
【val】epoch:82/150 loss:0.4657 acc:0.8929
INFO:__main__:
【Val】:  SENS: 0.8400  SPEC: 0.9229  PPV: 0.8612  NPV: 0.9102 F1:0.8505
INFO:__main__:验证的best_acc:0.8984
INFO:__main__:----------------------------------------------------------------------------------------------------
INFO:__main__:
【train】epoch:83/150 loss:0.0454 acc:0.9846
INFO:__main__:
【val】epoch:83/150 loss:0.4820 acc:0.8783
INFO:__main__:
【Val】:  SENS: 0.8185  SPEC: 0.9124  PPV: 0.8418  NPV: 0.8983 F1:0.8300
INFO:__main__:验证的best_acc:0.8984
INFO:__main__:----------------------------------------------------------------------------------------------------
INFO:__main__:
【train】epoch:84/150 loss:0.0483 acc:0.9817
INFO:__main__:
【val】epoch:84/150 loss:0.4618 acc:0.8828
INFO:__main__:
【Val】:  SENS: 0.8400  SPEC: 0.9072  PPV: 0.8374  NPV: 0.9088 F1:0.8387
INFO:__main__:验证的best_acc:0.8984
INFO:__main__:----------------------------------------------------------------------------------------------------
INFO:__main__:
【train】epoch:85/150 loss:0.0431 acc:0.9840
INFO:__main__:
【val】epoch:85/150 loss:0.4858 acc:0.8996
INFO:__main__:
【Val】:  SENS: 0.8492  SPEC: 0.9282  PPV: 0.8707  NPV: 0.9154 F1:0.8598
INFO:__main__:验证的best_acc:0.8996
INFO:__main__:----------------------------------------------------------------------------------------------------
INFO:__main__:
【train】epoch:86/150 loss:0.0491 acc:0.9814
INFO:__main__:
【val】epoch:86/150 loss:0.4595 acc:0.8929
INFO:__main__:
【Val】:  SENS: 0.8523  SPEC: 0.9159  PPV: 0.8523  NPV: 0.9159 F1:0.8523
INFO:__main__:验证的best_acc:0.8996
INFO:__main__:----------------------------------------------------------------------------------------------------
INFO:__main__:
【train】epoch:87/150 loss:0.0503 acc:0.9815
INFO:__main__:
【val】epoch:87/150 loss:0.4409 acc:0.9051
INFO:__main__:
【Val】:  SENS: 0.8646  SPEC: 0.9282  PPV: 0.8727  NPV: 0.9233 F1:0.8686
INFO:__main__:验证的best_acc:0.9051
INFO:__main__:----------------------------------------------------------------------------------------------------
INFO:__main__:
【train】epoch:88/150 loss:0.0467 acc:0.9833
INFO:__main__:
【val】epoch:88/150 loss:0.4600 acc:0.8895
INFO:__main__:
【Val】:  SENS: 0.8554  SPEC: 0.9089  PPV: 0.8424  NPV: 0.9170 F1:0.8489
INFO:__main__:验证的best_acc:0.9051
INFO:__main__:----------------------------------------------------------------------------------------------------
INFO:__main__:
【train】epoch:89/150 loss:0.0379 acc:0.9855
INFO:__main__:
【val】epoch:89/150 loss:0.4630 acc:0.8906
INFO:__main__:
【Val】:  SENS: 0.8523  SPEC: 0.9124  PPV: 0.8471  NPV: 0.9156 F1:0.8497
INFO:__main__:验证的best_acc:0.9051
INFO:__main__:----------------------------------------------------------------------------------------------------
INFO:__main__:
【train】epoch:90/150 loss:0.0440 acc:0.9838
INFO:__main__:
【val】epoch:90/150 loss:0.4464 acc:0.8884
INFO:__main__:
【Val】:  SENS: 0.8523  SPEC: 0.9089  PPV: 0.8419  NPV: 0.9153 F1:0.8471
INFO:__main__:验证的best_acc:0.9051
INFO:__main__:----------------------------------------------------------------------------------------------------
INFO:__main__:
【train】epoch:91/150 loss:0.0391 acc:0.9855
INFO:__main__:
【val】epoch:91/150 loss:0.4476 acc:0.8929
INFO:__main__:
【Val】:  SENS: 0.8492  SPEC: 0.9177  PPV: 0.8545  NPV: 0.9145 F1:0.8519
INFO:__main__:验证的best_acc:0.9051
INFO:__main__:----------------------------------------------------------------------------------------------------
INFO:__main__:
【train】epoch:92/150 loss:0.0441 acc:0.9818
INFO:__main__:
【val】epoch:92/150 loss:0.4694 acc:0.8973
INFO:__main__:
【Val】:  SENS: 0.8738  SPEC: 0.9107  PPV: 0.8478  NPV: 0.9269 F1:0.8606
INFO:__main__:验证的best_acc:0.9051
INFO:__main__:----------------------------------------------------------------------------------------------------
INFO:__main__:
【train】epoch:93/150 loss:0.0405 acc:0.9830
INFO:__main__:
【val】epoch:93/150 loss:0.4656 acc:0.9007
INFO:__main__:
【Val】:  SENS: 0.8615  SPEC: 0.9229  PPV: 0.8642  NPV: 0.9213 F1:0.8629
INFO:__main__:验证的best_acc:0.9051
INFO:__main__:----------------------------------------------------------------------------------------------------
INFO:__main__:
【train】epoch:94/150 loss:0.0365 acc:0.9857
INFO:__main__:
【val】epoch:94/150 loss:0.4834 acc:0.8962
INFO:__main__:
【Val】:  SENS: 0.8708  SPEC: 0.9107  PPV: 0.8473  NPV: 0.9253 F1:0.8589
INFO:__main__:验证的best_acc:0.9051
INFO:__main__:----------------------------------------------------------------------------------------------------
INFO:__main__:
【train】epoch:95/150 loss:0.0383 acc:0.9865
INFO:__main__:
【val】epoch:95/150 loss:0.4709 acc:0.8895
INFO:__main__:
【Val】:  SENS: 0.8492  SPEC: 0.9124  PPV: 0.8466  NPV: 0.9140 F1:0.8479
INFO:__main__:验证的best_acc:0.9051
INFO:__main__:----------------------------------------------------------------------------------------------------
INFO:__main__:
【train】epoch:96/150 loss:0.0394 acc:0.9855
INFO:__main__:
【val】epoch:96/150 loss:0.4645 acc:0.8973
INFO:__main__:
【Val】:  SENS: 0.8554  SPEC: 0.9212  PPV: 0.8607  NPV: 0.9180 F1:0.8580
INFO:__main__:验证的best_acc:0.9051
INFO:__main__:----------------------------------------------------------------------------------------------------
INFO:__main__:
【train】epoch:0/150 loss:0.5932 acc:0.6705
INFO:__main__:
【val】epoch:0/150 loss:0.6447 acc:0.7109
INFO:__main__:
【Val】:  SENS: 0.3231  SPEC: 0.9317  PPV: 0.7292  NPV: 0.7074 F1:0.4478
INFO:__main__:验证的best_acc:0.7109
INFO:__main__:----------------------------------------------------------------------------------------------------
INFO:__main__:
【train】epoch:1/150 loss:0.5146 acc:0.7266
INFO:__main__:
【val】epoch:1/150 loss:0.5154 acc:0.7020
INFO:__main__:
【Val】:  SENS: 0.5385  SPEC: 0.7951  PPV: 0.5993  NPV: 0.7517 F1:0.5673
INFO:__main__:验证的best_acc:0.7109
INFO:__main__:----------------------------------------------------------------------------------------------------
INFO:__main__:
【train】epoch:2/150 loss:0.4671 acc:0.7668
INFO:__main__:
【val】epoch:2/150 loss:0.4203 acc:0.7891
INFO:__main__:
【Val】:  SENS: 0.5754  SPEC: 0.9107  PPV: 0.7857  NPV: 0.7903 F1:0.6643
INFO:__main__:验证的best_acc:0.7891
INFO:__main__:----------------------------------------------------------------------------------------------------
INFO:__main__:
【train】epoch:3/150 loss:0.4233 acc:0.7988
INFO:__main__:
【val】epoch:3/150 loss:0.3793 acc:0.8270
INFO:__main__:
【Val】:  SENS: 0.6985  SPEC: 0.9002  PPV: 0.7993  NPV: 0.8399 F1:0.7455
INFO:__main__:验证的best_acc:0.8270
INFO:__main__:----------------------------------------------------------------------------------------------------
INFO:__main__:
【train】epoch:4/150 loss:0.4009 acc:0.8137
INFO:__main__:
【val】epoch:4/150 loss:0.4144 acc:0.7746
INFO:__main__:
【Val】:  SENS: 0.4862  SPEC: 0.9387  PPV: 0.8187  NPV: 0.7624 F1:0.6100
INFO:__main__:验证的best_acc:0.8270
INFO:__main__:----------------------------------------------------------------------------------------------------
INFO:__main__:
【train】epoch:5/150 loss:0.3810 acc:0.8291
INFO:__main__:
【val】epoch:5/150 loss:0.3990 acc:0.8069
INFO:__main__:
【Val】:  SENS: 0.5692  SPEC: 0.9422  PPV: 0.8486  NPV: 0.7935 F1:0.6814
INFO:__main__:验证的best_acc:0.8270
INFO:__main__:----------------------------------------------------------------------------------------------------
INFO:__main__:
【train】epoch:0/150 loss:0.5862 acc:0.6826
INFO:__main__:
【val】epoch:0/150 loss:0.5620 acc:0.7132
INFO:__main__:
【Val】:  SENS: 0.5200  SPEC: 0.8231  PPV: 0.6259  NPV: 0.7508 F1:0.5681
INFO:__main__:验证的best_acc:0.7132
INFO:__main__:----------------------------------------------------------------------------------------------------
INFO:__main__:
【train】epoch:1/150 loss:0.5190 acc:0.7281
INFO:__main__:
【val】epoch:1/150 loss:0.4552 acc:0.7824
INFO:__main__:
【Val】:  SENS: 0.8462  SPEC: 0.7461  PPV: 0.6548  NPV: 0.8950 F1:0.7383
INFO:__main__:验证的best_acc:0.7824
INFO:__main__:----------------------------------------------------------------------------------------------------
INFO:__main__:
【train】epoch:2/150 loss:0.4665 acc:0.7726
INFO:__main__:
【val】epoch:2/150 loss:0.5335 acc:0.7254
INFO:__main__:
【Val】:  SENS: 0.3138  SPEC: 0.9597  PPV: 0.8160  NPV: 0.7108 F1:0.4533
INFO:__main__:验证的best_acc:0.7824
INFO:__main__:----------------------------------------------------------------------------------------------------
INFO:__main__:
【train】epoch:3/150 loss:0.4342 acc:0.7970
INFO:__main__:
【val】epoch:3/150 loss:0.4383 acc:0.7567
INFO:__main__:
【Val】:  SENS: 0.4369  SPEC: 0.9387  PPV: 0.8023  NPV: 0.7455 F1:0.5657
INFO:__main__:验证的best_acc:0.7824
INFO:__main__:----------------------------------------------------------------------------------------------------
INFO:__main__:
【train】epoch:4/150 loss:0.4029 acc:0.8107
INFO:__main__:
【val】epoch:4/150 loss:0.5526 acc:0.7243
INFO:__main__:
【Val】:  SENS: 0.2738  SPEC: 0.9807  PPV: 0.8900  NPV: 0.7035 F1:0.4188
INFO:__main__:验证的best_acc:0.7824
INFO:__main__:----------------------------------------------------------------------------------------------------
INFO:__main__:
【train】epoch:5/150 loss:0.3793 acc:0.8280
INFO:__main__:
【val】epoch:5/150 loss:0.3723 acc:0.7980
INFO:__main__:
【Val】:  SENS: 0.6000  SPEC: 0.9107  PPV: 0.7927  NPV: 0.8000 F1:0.6830
INFO:__main__:验证的best_acc:0.7980
INFO:__main__:----------------------------------------------------------------------------------------------------
INFO:__main__:
【train】epoch:6/150 loss:0.3711 acc:0.8330
INFO:__main__:
【val】epoch:6/150 loss:0.4147 acc:0.7757
INFO:__main__:
【Val】:  SENS: 0.4400  SPEC: 0.9667  PPV: 0.8827  NPV: 0.7520 F1:0.5873
INFO:__main__:验证的best_acc:0.7980
INFO:__main__:----------------------------------------------------------------------------------------------------
INFO:__main__:
【train】epoch:7/150 loss:0.3609 acc:0.8389
INFO:__main__:
【val】epoch:7/150 loss:0.4573 acc:0.7589
INFO:__main__:
【Val】:  SENS: 0.3908  SPEC: 0.9685  PPV: 0.8759  NPV: 0.7364 F1:0.5404
INFO:__main__:验证的best_acc:0.7980
INFO:__main__:----------------------------------------------------------------------------------------------------
INFO:__main__:
【train】epoch:8/150 loss:0.3444 acc:0.8442
INFO:__main__:
【val】epoch:8/150 loss:0.3612 acc:0.8092
INFO:__main__:
【Val】:  SENS: 0.5477  SPEC: 0.9580  PPV: 0.8812  NPV: 0.7882 F1:0.6755
INFO:__main__:验证的best_acc:0.8092
INFO:__main__:----------------------------------------------------------------------------------------------------
INFO:__main__:
【train】epoch:9/150 loss:0.3265 acc:0.8584
INFO:__main__:
【val】epoch:9/150 loss:0.3642 acc:0.8270
INFO:__main__:
【Val】:  SENS: 0.6708  SPEC: 0.9159  PPV: 0.8195  NPV: 0.8302 F1:0.7377
INFO:__main__:验证的best_acc:0.8270
INFO:__main__:----------------------------------------------------------------------------------------------------
INFO:__main__:
【train】epoch:10/150 loss:0.3177 acc:0.8611
INFO:__main__:
【val】epoch:10/150 loss:0.3257 acc:0.8404
INFO:__main__:
【Val】:  SENS: 0.6646  SPEC: 0.9405  PPV: 0.8640  NPV: 0.8313 F1:0.7513
INFO:__main__:验证的best_acc:0.8404
INFO:__main__:----------------------------------------------------------------------------------------------------
INFO:__main__:
【train】epoch:11/150 loss:0.3094 acc:0.8601
INFO:__main__:
【val】epoch:11/150 loss:0.3351 acc:0.8404
INFO:__main__:
【Val】:  SENS: 0.7785  SPEC: 0.8757  PPV: 0.7809  NPV: 0.8741 F1:0.7797
INFO:__main__:验证的best_acc:0.8404
INFO:__main__:----------------------------------------------------------------------------------------------------
INFO:__main__:
【train】epoch:12/150 loss:0.2978 acc:0.8704
INFO:__main__:
【val】epoch:12/150 loss:0.3115 acc:0.8471
INFO:__main__:
【Val】:  SENS: 0.7846  SPEC: 0.8827  PPV: 0.7919  NPV: 0.8780 F1:0.7883
INFO:__main__:验证的best_acc:0.8471
INFO:__main__:----------------------------------------------------------------------------------------------------
INFO:__main__:
【train】epoch:13/150 loss:0.2954 acc:0.8679
INFO:__main__:
【val】epoch:13/150 loss:0.3201 acc:0.8471
INFO:__main__:
【Val】:  SENS: 0.7292  SPEC: 0.9142  PPV: 0.8287  NPV: 0.8557 F1:0.7758
INFO:__main__:验证的best_acc:0.8471
INFO:__main__:----------------------------------------------------------------------------------------------------
INFO:__main__:
【train】epoch:14/150 loss:0.2859 acc:0.8758
INFO:__main__:
【val】epoch:14/150 loss:0.2982 acc:0.8672
INFO:__main__:
【Val】:  SENS: 0.7908  SPEC: 0.9107  PPV: 0.8344  NPV: 0.8844 F1:0.8120
INFO:__main__:验证的best_acc:0.8672
INFO:__main__:----------------------------------------------------------------------------------------------------
INFO:__main__:
【train】epoch:15/150 loss:0.2777 acc:0.8795
INFO:__main__:
【val】epoch:15/150 loss:0.3190 acc:0.8560
INFO:__main__:
【Val】:  SENS: 0.7385  SPEC: 0.9229  PPV: 0.8451  NPV: 0.8611 F1:0.7882
INFO:__main__:验证的best_acc:0.8672
INFO:__main__:----------------------------------------------------------------------------------------------------
INFO:__main__:
【train】epoch:16/150 loss:0.2797 acc:0.8791
INFO:__main__:
【val】epoch:16/150 loss:0.3173 acc:0.8482
INFO:__main__:
【Val】:  SENS: 0.7446  SPEC: 0.9072  PPV: 0.8203  NPV: 0.8619 F1:0.7806
INFO:__main__:验证的best_acc:0.8672
INFO:__main__:----------------------------------------------------------------------------------------------------
INFO:__main__:
【train】epoch:17/150 loss:0.2710 acc:0.8836
INFO:__main__:
【val】epoch:17/150 loss:0.2816 acc:0.8761
INFO:__main__:
【Val】:  SENS: 0.7631  SPEC: 0.9405  PPV: 0.8794  NPV: 0.8746 F1:0.8171
INFO:__main__:验证的best_acc:0.8761
INFO:__main__:----------------------------------------------------------------------------------------------------
INFO:__main__:
【train】epoch:18/150 loss:0.2687 acc:0.8819
INFO:__main__:
【val】epoch:18/150 loss:0.2965 acc:0.8560
INFO:__main__:
【Val】:  SENS: 0.7723  SPEC: 0.9037  PPV: 0.8203  NPV: 0.8746 F1:0.7956
INFO:__main__:验证的best_acc:0.8761
INFO:__main__:----------------------------------------------------------------------------------------------------
INFO:__main__:
【train】epoch:19/150 loss:0.2513 acc:0.8946
INFO:__main__:
【val】epoch:19/150 loss:0.3157 acc:0.8638
INFO:__main__:
【Val】:  SENS: 0.8554  SPEC: 0.8687  PPV: 0.7875  NPV: 0.9134 F1:0.8201
INFO:__main__:验证的best_acc:0.8761
INFO:__main__:----------------------------------------------------------------------------------------------------
INFO:__main__:
【train】epoch:20/150 loss:0.2279 acc:0.9011
INFO:__main__:
【val】epoch:20/150 loss:0.3274 acc:0.8705
INFO:__main__:
【Val】:  SENS: 0.8154  SPEC: 0.9019  PPV: 0.8255  NPV: 0.8957 F1:0.8204
INFO:__main__:验证的best_acc:0.8761
INFO:__main__:----------------------------------------------------------------------------------------------------
INFO:__main__:
【train】epoch:21/150 loss:0.2273 acc:0.9000
INFO:__main__:
【val】epoch:21/150 loss:0.3351 acc:0.8605
INFO:__main__:
【Val】:  SENS: 0.8400  SPEC: 0.8722  PPV: 0.7890  NPV: 0.9055 F1:0.8137
INFO:__main__:验证的best_acc:0.8761
INFO:__main__:----------------------------------------------------------------------------------------------------
INFO:__main__:
【train】epoch:22/150 loss:0.2251 acc:0.9050
INFO:__main__:
【val】epoch:22/150 loss:0.3219 acc:0.8516
INFO:__main__:
【Val】:  SENS: 0.7754  SPEC: 0.8949  PPV: 0.8077  NPV: 0.8750 F1:0.7912
INFO:__main__:验证的best_acc:0.8761
INFO:__main__:----------------------------------------------------------------------------------------------------
INFO:__main__:
【train】epoch:23/150 loss:0.2183 acc:0.9087
INFO:__main__:
【val】epoch:23/150 loss:0.3092 acc:0.8672
INFO:__main__:
【Val】:  SENS: 0.7692  SPEC: 0.9229  PPV: 0.8503  NPV: 0.8754 F1:0.8078
INFO:__main__:验证的best_acc:0.8761
INFO:__main__:----------------------------------------------------------------------------------------------------
INFO:__main__:
【train】epoch:24/150 loss:0.2176 acc:0.9065
INFO:__main__:
【val】epoch:24/150 loss:0.3357 acc:0.8717
INFO:__main__:
【Val】:  SENS: 0.7969  SPEC: 0.9142  PPV: 0.8409  NPV: 0.8878 F1:0.8183
INFO:__main__:验证的best_acc:0.8761
INFO:__main__:----------------------------------------------------------------------------------------------------
INFO:__main__:
【train】epoch:25/150 loss:0.2152 acc:0.9083
INFO:__main__:
【val】epoch:25/150 loss:0.3098 acc:0.8616
INFO:__main__:
【Val】:  SENS: 0.8369  SPEC: 0.8757  PPV: 0.7930  NPV: 0.9042 F1:0.8144
INFO:__main__:验证的best_acc:0.8761
INFO:__main__:----------------------------------------------------------------------------------------------------
INFO:__main__:
【train】epoch:26/150 loss:0.2126 acc:0.9118
INFO:__main__:
【val】epoch:26/150 loss:0.3991 acc:0.8616
INFO:__main__:
【Val】:  SENS: 0.8769  SPEC: 0.8529  PPV: 0.7724  NPV: 0.9241 F1:0.8213
INFO:__main__:验证的best_acc:0.8761
INFO:__main__:----------------------------------------------------------------------------------------------------
INFO:__main__:
【train】epoch:27/150 loss:0.2089 acc:0.9128
INFO:__main__:
【val】epoch:27/150 loss:0.3086 acc:0.8728
INFO:__main__:
【Val】:  SENS: 0.8615  SPEC: 0.8792  PPV: 0.8023  NPV: 0.9177 F1:0.8309
INFO:__main__:验证的best_acc:0.8761
INFO:__main__:----------------------------------------------------------------------------------------------------
INFO:__main__:
【train】epoch:28/150 loss:0.2028 acc:0.9159
INFO:__main__:
【val】epoch:28/150 loss:0.3273 acc:0.8605
INFO:__main__:
【Val】:  SENS: 0.8154  SPEC: 0.8862  PPV: 0.8030  NPV: 0.8940 F1:0.8092
INFO:__main__:验证的best_acc:0.8761
INFO:__main__:----------------------------------------------------------------------------------------------------
INFO:__main__:
【train】epoch:29/150 loss:0.1753 acc:0.9279
INFO:__main__:
【val】epoch:29/150 loss:0.3678 acc:0.8873
INFO:__main__:
【Val】:  SENS: 0.8431  SPEC: 0.9124  PPV: 0.8457  NPV: 0.9108 F1:0.8444
INFO:__main__:验证的best_acc:0.8873
INFO:__main__:----------------------------------------------------------------------------------------------------
INFO:__main__:
【train】epoch:30/150 loss:0.1722 acc:0.9279
INFO:__main__:
【val】epoch:30/150 loss:0.3551 acc:0.8951
INFO:__main__:
【Val】:  SENS: 0.8738  SPEC: 0.9072  PPV: 0.8427  NPV: 0.9267 F1:0.8580
INFO:__main__:验证的best_acc:0.8951
INFO:__main__:----------------------------------------------------------------------------------------------------
INFO:__main__:
【train】epoch:31/150 loss:0.1653 acc:0.9319
INFO:__main__:
【val】epoch:31/150 loss:0.3507 acc:0.8828
INFO:__main__:
【Val】:  SENS: 0.8308  SPEC: 0.9124  PPV: 0.8438  NPV: 0.9045 F1:0.8372
INFO:__main__:验证的best_acc:0.8951
INFO:__main__:----------------------------------------------------------------------------------------------------
INFO:__main__:
【train】epoch:32/150 loss:0.1663 acc:0.9341
INFO:__main__:
【val】epoch:32/150 loss:0.3734 acc:0.8862
INFO:__main__:
【Val】:  SENS: 0.8769  SPEC: 0.8914  PPV: 0.8213  NPV: 0.9271 F1:0.8482
INFO:__main__:验证的best_acc:0.8951
INFO:__main__:----------------------------------------------------------------------------------------------------
INFO:__main__:
【train】epoch:33/150 loss:0.1652 acc:0.9306
INFO:__main__:
【val】epoch:33/150 loss:0.3265 acc:0.8940
INFO:__main__:
【Val】:  SENS: 0.8246  SPEC: 0.9335  PPV: 0.8758  NPV: 0.9034 F1:0.8494
INFO:__main__:验证的best_acc:0.8951
INFO:__main__:----------------------------------------------------------------------------------------------------
INFO:__main__:
【train】epoch:34/150 loss:0.1580 acc:0.9365
INFO:__main__:
【val】epoch:34/150 loss:0.3341 acc:0.8806
INFO:__main__:
【Val】:  SENS: 0.8462  SPEC: 0.9002  PPV: 0.8283  NPV: 0.9113 F1:0.8371
INFO:__main__:验证的best_acc:0.8951
INFO:__main__:----------------------------------------------------------------------------------------------------
INFO:__main__:
【train】epoch:35/150 loss:0.1617 acc:0.9348
INFO:__main__:
【val】epoch:35/150 loss:0.3216 acc:0.8850
INFO:__main__:
【Val】:  SENS: 0.8800  SPEC: 0.8879  PPV: 0.8171  NPV: 0.9286 F1:0.8474
INFO:__main__:验证的best_acc:0.8951
INFO:__main__:----------------------------------------------------------------------------------------------------
INFO:__main__:
【train】epoch:36/150 loss:0.1538 acc:0.9383
INFO:__main__:
【val】epoch:36/150 loss:0.3305 acc:0.8873
INFO:__main__:
【Val】:  SENS: 0.8800  SPEC: 0.8914  PPV: 0.8218  NPV: 0.9288 F1:0.8499
INFO:__main__:验证的best_acc:0.8951
INFO:__main__:----------------------------------------------------------------------------------------------------
INFO:__main__:
【train】epoch:37/150 loss:0.1586 acc:0.9340
INFO:__main__:
【val】epoch:37/150 loss:0.3245 acc:0.8862
INFO:__main__:
【Val】:  SENS: 0.8215  SPEC: 0.9229  PPV: 0.8585  NPV: 0.9009 F1:0.8396
INFO:__main__:验证的best_acc:0.8951
INFO:__main__:----------------------------------------------------------------------------------------------------
INFO:__main__:
【train】epoch:38/150 loss:0.1520 acc:0.9374
INFO:__main__:
【val】epoch:38/150 loss:0.3599 acc:0.8627
INFO:__main__:
【Val】:  SENS: 0.7969  SPEC: 0.9002  PPV: 0.8196  NPV: 0.8862 F1:0.8081
INFO:__main__:验证的best_acc:0.8951
INFO:__main__:----------------------------------------------------------------------------------------------------
INFO:__main__:
【train】epoch:39/150 loss:0.1432 acc:0.9447
INFO:__main__:
【val】epoch:39/150 loss:0.3302 acc:0.8962
INFO:__main__:
【Val】:  SENS: 0.8615  SPEC: 0.9159  PPV: 0.8537  NPV: 0.9208 F1:0.8576
INFO:__main__:验证的best_acc:0.8962
INFO:__main__:----------------------------------------------------------------------------------------------------
INFO:__main__:
【train】epoch:40/150 loss:0.1326 acc:0.9457
INFO:__main__:
【val】epoch:40/150 loss:0.3547 acc:0.8962
INFO:__main__:
【Val】:  SENS: 0.8923  SPEC: 0.8984  PPV: 0.8333  NPV: 0.9361 F1:0.8618
INFO:__main__:验证的best_acc:0.8962
INFO:__main__:----------------------------------------------------------------------------------------------------
INFO:__main__:
【train】epoch:41/150 loss:0.1305 acc:0.9481
INFO:__main__:
【val】epoch:41/150 loss:0.3785 acc:0.8839
INFO:__main__:
【Val】:  SENS: 0.8431  SPEC: 0.9072  PPV: 0.8379  NPV: 0.9104 F1:0.8405
INFO:__main__:验证的best_acc:0.8962
INFO:__main__:----------------------------------------------------------------------------------------------------
INFO:__main__:
【train】epoch:42/150 loss:0.1268 acc:0.9477
INFO:__main__:
【val】epoch:42/150 loss:0.3781 acc:0.8772
INFO:__main__:
【Val】:  SENS: 0.8277  SPEC: 0.9054  PPV: 0.8328  NPV: 0.9023 F1:0.8302
INFO:__main__:验证的best_acc:0.8962
INFO:__main__:----------------------------------------------------------------------------------------------------
INFO:__main__:
【train】epoch:43/150 loss:0.1213 acc:0.9516
INFO:__main__:
【val】epoch:43/150 loss:0.3451 acc:0.8750
INFO:__main__:
【Val】:  SENS: 0.8615  SPEC: 0.8827  PPV: 0.8069  NPV: 0.9180 F1:0.8333
INFO:__main__:验证的best_acc:0.8962
INFO:__main__:----------------------------------------------------------------------------------------------------
INFO:__main__:
【train】epoch:44/150 loss:0.1232 acc:0.9497
INFO:__main__:
【val】epoch:44/150 loss:0.3617 acc:0.8839
INFO:__main__:
【Val】:  SENS: 0.8215  SPEC: 0.9194  PPV: 0.8530  NPV: 0.9005 F1:0.8370
INFO:__main__:验证的best_acc:0.8962
INFO:__main__:----------------------------------------------------------------------------------------------------
INFO:__main__:
【train】epoch:45/150 loss:0.1158 acc:0.9520
INFO:__main__:
【val】epoch:45/150 loss:0.4430 acc:0.8694
INFO:__main__:
【Val】:  SENS: 0.8369  SPEC: 0.8879  PPV: 0.8095  NPV: 0.9054 F1:0.8230
INFO:__main__:验证的best_acc:0.8962
INFO:__main__:----------------------------------------------------------------------------------------------------
INFO:__main__:
【train】epoch:46/150 loss:0.1262 acc:0.9512
INFO:__main__:
【val】epoch:46/150 loss:0.3626 acc:0.8739
INFO:__main__:
【Val】:  SENS: 0.8431  SPEC: 0.8914  PPV: 0.8155  NPV: 0.9089 F1:0.8290
INFO:__main__:验证的best_acc:0.8962
INFO:__main__:----------------------------------------------------------------------------------------------------
INFO:__main__:
【train】epoch:47/150 loss:0.1226 acc:0.9490
INFO:__main__:
【val】epoch:47/150 loss:0.3712 acc:0.8795
INFO:__main__:
【Val】:  SENS: 0.8431  SPEC: 0.9002  PPV: 0.8278  NPV: 0.9097 F1:0.8354
INFO:__main__:验证的best_acc:0.8962
INFO:__main__:----------------------------------------------------------------------------------------------------
INFO:__main__:
【train】epoch:48/150 loss:0.1180 acc:0.9518
INFO:__main__:
【val】epoch:48/150 loss:0.3917 acc:0.8750
INFO:__main__:
【Val】:  SENS: 0.8369  SPEC: 0.8967  PPV: 0.8218  NPV: 0.9062 F1:0.8293
INFO:__main__:验证的best_acc:0.8962
INFO:__main__:----------------------------------------------------------------------------------------------------
INFO:__main__:
【train】epoch:49/150 loss:0.1018 acc:0.9592
INFO:__main__:
【val】epoch:49/150 loss:0.3726 acc:0.8850
INFO:__main__:
【Val】:  SENS: 0.8062  SPEC: 0.9299  PPV: 0.8675  NPV: 0.8939 F1:0.8357
INFO:__main__:验证的best_acc:0.8962
INFO:__main__:----------------------------------------------------------------------------------------------------
INFO:__main__:
【train】epoch:50/150 loss:0.0996 acc:0.9606
INFO:__main__:
【val】epoch:50/150 loss:0.3936 acc:0.8795
INFO:__main__:
【Val】:  SENS: 0.8062  SPEC: 0.9212  PPV: 0.8534  NPV: 0.8930 F1:0.8291
INFO:__main__:验证的best_acc:0.8962
INFO:__main__:----------------------------------------------------------------------------------------------------
INFO:__main__:
【train】epoch:51/150 loss:0.0939 acc:0.9622
INFO:__main__:
【val】epoch:51/150 loss:0.3896 acc:0.8795
INFO:__main__:
【Val】:  SENS: 0.8738  SPEC: 0.8827  PPV: 0.8091  NPV: 0.9248 F1:0.8402
INFO:__main__:验证的best_acc:0.8962
INFO:__main__:----------------------------------------------------------------------------------------------------
INFO:__main__:
【train】epoch:52/150 loss:0.0985 acc:0.9628
INFO:__main__:
【val】epoch:52/150 loss:0.3899 acc:0.8929
INFO:__main__:
【Val】:  SENS: 0.8585  SPEC: 0.9124  PPV: 0.8480  NPV: 0.9189 F1:0.8532
INFO:__main__:验证的best_acc:0.8962
INFO:__main__:----------------------------------------------------------------------------------------------------
INFO:__main__:
【train】epoch:53/150 loss:0.0931 acc:0.9622
INFO:__main__:
【val】epoch:53/150 loss:0.4331 acc:0.8806
INFO:__main__:
【Val】:  SENS: 0.8215  SPEC: 0.9142  PPV: 0.8449  NPV: 0.9000 F1:0.8331
INFO:__main__:验证的best_acc:0.8962
INFO:__main__:----------------------------------------------------------------------------------------------------
INFO:__main__:
【train】epoch:54/150 loss:0.0888 acc:0.9644
INFO:__main__:
【val】epoch:54/150 loss:0.4293 acc:0.8828
INFO:__main__:
【Val】:  SENS: 0.8431  SPEC: 0.9054  PPV: 0.8354  NPV: 0.9102 F1:0.8392
INFO:__main__:验证的best_acc:0.8962
INFO:__main__:----------------------------------------------------------------------------------------------------
INFO:__main__:
【train】epoch:55/150 loss:0.0908 acc:0.9626
INFO:__main__:
【val】epoch:55/150 loss:0.4114 acc:0.8862
INFO:__main__:
【Val】:  SENS: 0.8246  SPEC: 0.9212  PPV: 0.8562  NPV: 0.9022 F1:0.8401
INFO:__main__:验证的best_acc:0.8962
INFO:__main__:----------------------------------------------------------------------------------------------------
INFO:__main__:
【train】epoch:56/150 loss:0.0954 acc:0.9609
INFO:__main__:
【val】epoch:56/150 loss:0.4229 acc:0.8940
INFO:__main__:
【Val】:  SENS: 0.8862  SPEC: 0.8984  PPV: 0.8324  NPV: 0.9327 F1:0.8584
INFO:__main__:验证的best_acc:0.8962
INFO:__main__:----------------------------------------------------------------------------------------------------
INFO:__main__:
【train】epoch:57/150 loss:0.0950 acc:0.9622
INFO:__main__:
【val】epoch:57/150 loss:0.4123 acc:0.8839
INFO:__main__:
【Val】:  SENS: 0.8123  SPEC: 0.9247  PPV: 0.8599  NPV: 0.8964 F1:0.8354
INFO:__main__:验证的best_acc:0.8962
INFO:__main__:----------------------------------------------------------------------------------------------------
INFO:__main__:
【train】epoch:58/150 loss:0.0873 acc:0.9668
INFO:__main__:
【val】epoch:58/150 loss:0.4139 acc:0.8862
INFO:__main__:
【Val】:  SENS: 0.8092  SPEC: 0.9299  PPV: 0.8680  NPV: 0.8954 F1:0.8376
INFO:__main__:验证的best_acc:0.8962
INFO:__main__:----------------------------------------------------------------------------------------------------
INFO:__main__:
【train】epoch:59/150 loss:0.0807 acc:0.9685
INFO:__main__:
【val】epoch:59/150 loss:0.3916 acc:0.8940
INFO:__main__:
【Val】:  SENS: 0.8462  SPEC: 0.9212  PPV: 0.8594  NPV: 0.9132 F1:0.8527
INFO:__main__:验证的best_acc:0.8962
INFO:__main__:----------------------------------------------------------------------------------------------------
INFO:__main__:
【train】epoch:60/150 loss:0.0768 acc:0.9707
INFO:__main__:
【val】epoch:60/150 loss:0.4328 acc:0.8862
INFO:__main__:
【Val】:  SENS: 0.8000  SPEC: 0.9352  PPV: 0.8754  NPV: 0.8915 F1:0.8360
INFO:__main__:验证的best_acc:0.8962
INFO:__main__:----------------------------------------------------------------------------------------------------
INFO:__main__:
【train】epoch:61/150 loss:0.0741 acc:0.9704
INFO:__main__:
【val】epoch:61/150 loss:0.3954 acc:0.8884
INFO:__main__:
【Val】:  SENS: 0.8462  SPEC: 0.9124  PPV: 0.8462  NPV: 0.9124 F1:0.8462
INFO:__main__:验证的best_acc:0.8962
INFO:__main__:----------------------------------------------------------------------------------------------------
INFO:__main__:
【train】epoch:62/150 loss:0.0768 acc:0.9688
INFO:__main__:
【val】epoch:62/150 loss:0.4176 acc:0.8828
INFO:__main__:
【Val】:  SENS: 0.8523  SPEC: 0.9002  PPV: 0.8293  NPV: 0.9146 F1:0.8407
INFO:__main__:验证的best_acc:0.8962
INFO:__main__:----------------------------------------------------------------------------------------------------
INFO:__main__:
【train】epoch:63/150 loss:0.0773 acc:0.9708
INFO:__main__:
【val】epoch:63/150 loss:0.3775 acc:0.8996
INFO:__main__:
【Val】:  SENS: 0.8615  SPEC: 0.9212  PPV: 0.8615  NPV: 0.9212 F1:0.8615
INFO:__main__:验证的best_acc:0.8996
INFO:__main__:----------------------------------------------------------------------------------------------------
INFO:__main__:
【train】epoch:64/150 loss:0.0720 acc:0.9713
INFO:__main__:
【val】epoch:64/150 loss:0.4101 acc:0.8940
INFO:__main__:
【Val】:  SENS: 0.8646  SPEC: 0.9107  PPV: 0.8464  NPV: 0.9220 F1:0.8554
INFO:__main__:验证的best_acc:0.8996
INFO:__main__:----------------------------------------------------------------------------------------------------
INFO:__main__:
【train】epoch:65/150 loss:0.0717 acc:0.9705
INFO:__main__:
【val】epoch:65/150 loss:0.4078 acc:0.8917
INFO:__main__:
【Val】:  SENS: 0.8431  SPEC: 0.9194  PPV: 0.8562  NPV: 0.9115 F1:0.8496
INFO:__main__:验证的best_acc:0.8996
INFO:__main__:----------------------------------------------------------------------------------------------------
INFO:__main__:
【train】epoch:66/150 loss:0.0662 acc:0.9736
INFO:__main__:
【val】epoch:66/150 loss:0.4275 acc:0.8895
INFO:__main__:
【Val】:  SENS: 0.8246  SPEC: 0.9264  PPV: 0.8645  NPV: 0.9027 F1:0.8441
INFO:__main__:验证的best_acc:0.8996
INFO:__main__:----------------------------------------------------------------------------------------------------
INFO:__main__:
【train】epoch:67/150 loss:0.0756 acc:0.9702
INFO:__main__:
【val】epoch:67/150 loss:0.4063 acc:0.8906
INFO:__main__:
【Val】:  SENS: 0.8400  SPEC: 0.9194  PPV: 0.8558  NPV: 0.9099 F1:0.8478
INFO:__main__:验证的best_acc:0.8996
INFO:__main__:----------------------------------------------------------------------------------------------------
INFO:__main__:
【train】epoch:68/150 loss:0.0762 acc:0.9698
INFO:__main__:
【val】epoch:68/150 loss:0.4424 acc:0.8973
INFO:__main__:
【Val】:  SENS: 0.8031  SPEC: 0.9510  PPV: 0.9031  NPV: 0.8946 F1:0.8502
INFO:__main__:验证的best_acc:0.8996
INFO:__main__:----------------------------------------------------------------------------------------------------
INFO:__main__:
【train】epoch:69/150 loss:0.0627 acc:0.9751
INFO:__main__:
【val】epoch:69/150 loss:0.4062 acc:0.9007
INFO:__main__:
【Val】:  SENS: 0.8615  SPEC: 0.9229  PPV: 0.8642  NPV: 0.9213 F1:0.8629
INFO:__main__:验证的best_acc:0.9007
INFO:__main__:----------------------------------------------------------------------------------------------------
INFO:__main__:
【train】epoch:70/150 loss:0.0638 acc:0.9758
INFO:__main__:
【val】epoch:70/150 loss:0.4200 acc:0.8895
INFO:__main__:
【Val】:  SENS: 0.8031  SPEC: 0.9387  PPV: 0.8818  NPV: 0.8933 F1:0.8406
INFO:__main__:验证的best_acc:0.9007
INFO:__main__:----------------------------------------------------------------------------------------------------
INFO:__main__:
【train】epoch:71/150 loss:0.0641 acc:0.9735
INFO:__main__:
【val】epoch:71/150 loss:0.4011 acc:0.9040
INFO:__main__:
【Val】:  SENS: 0.8646  SPEC: 0.9264  PPV: 0.8700  NPV: 0.9232 F1:0.8673
INFO:__main__:验证的best_acc:0.9040
INFO:__main__:----------------------------------------------------------------------------------------------------
INFO:__main__:
【train】epoch:72/150 loss:0.0584 acc:0.9765
INFO:__main__:
【val】epoch:72/150 loss:0.4278 acc:0.8962
INFO:__main__:
【Val】:  SENS: 0.8492  SPEC: 0.9229  PPV: 0.8625  NPV: 0.9149 F1:0.8558
INFO:__main__:验证的best_acc:0.9040
INFO:__main__:----------------------------------------------------------------------------------------------------
INFO:__main__:
【train】epoch:73/150 loss:0.0542 acc:0.9799
INFO:__main__:
【val】epoch:73/150 loss:0.4314 acc:0.8951
INFO:__main__:
【Val】:  SENS: 0.8369  SPEC: 0.9282  PPV: 0.8690  NPV: 0.9091 F1:0.8527
INFO:__main__:验证的best_acc:0.9040
INFO:__main__:----------------------------------------------------------------------------------------------------
INFO:__main__:
【train】epoch:74/150 loss:0.0559 acc:0.9774
INFO:__main__:
【val】epoch:74/150 loss:0.4102 acc:0.9029
INFO:__main__:
【Val】:  SENS: 0.8585  SPEC: 0.9282  PPV: 0.8719  NPV: 0.9201 F1:0.8651
INFO:__main__:验证的best_acc:0.9040
INFO:__main__:----------------------------------------------------------------------------------------------------
INFO:__main__:
【train】epoch:75/150 loss:0.0521 acc:0.9818
INFO:__main__:
【val】epoch:75/150 loss:0.4612 acc:0.8984
INFO:__main__:
【Val】:  SENS: 0.8554  SPEC: 0.9229  PPV: 0.8634  NPV: 0.9181 F1:0.8594
INFO:__main__:验证的best_acc:0.9040
INFO:__main__:----------------------------------------------------------------------------------------------------
INFO:__main__:
【train】epoch:76/150 loss:0.0570 acc:0.9784
INFO:__main__:
【val】epoch:76/150 loss:0.4328 acc:0.8895
INFO:__main__:
【Val】:  SENS: 0.8246  SPEC: 0.9264  PPV: 0.8645  NPV: 0.9027 F1:0.8441
INFO:__main__:验证的best_acc:0.9040
INFO:__main__:----------------------------------------------------------------------------------------------------
INFO:__main__:
【train】epoch:77/150 loss:0.0569 acc:0.9761
INFO:__main__:
【val】epoch:77/150 loss:0.4377 acc:0.8873
INFO:__main__:
【Val】:  SENS: 0.8154  SPEC: 0.9282  PPV: 0.8660  NPV: 0.8983 F1:0.8399
INFO:__main__:验证的best_acc:0.9040
INFO:__main__:----------------------------------------------------------------------------------------------------
INFO:__main__:
【train】epoch:78/150 loss:0.0560 acc:0.9803
INFO:__main__:
【val】epoch:78/150 loss:0.4407 acc:0.8940
INFO:__main__:
【Val】:  SENS: 0.8154  SPEC: 0.9387  PPV: 0.8833  NPV: 0.8993 F1:0.8480
INFO:__main__:验证的best_acc:0.9040
INFO:__main__:----------------------------------------------------------------------------------------------------
INFO:__main__:
【train】epoch:79/150 loss:0.0535 acc:0.9784
INFO:__main__:
【val】epoch:79/150 loss:0.4152 acc:0.8973
INFO:__main__:
【Val】:  SENS: 0.8431  SPEC: 0.9282  PPV: 0.8698  NPV: 0.9122 F1:0.8562
INFO:__main__:验证的best_acc:0.9040
INFO:__main__:----------------------------------------------------------------------------------------------------
INFO:__main__:
【train】epoch:80/150 loss:0.0493 acc:0.9817
INFO:__main__:
【val】epoch:80/150 loss:0.4252 acc:0.9007
INFO:__main__:
【Val】:  SENS: 0.8369  SPEC: 0.9370  PPV: 0.8831  NPV: 0.9099 F1:0.8594
INFO:__main__:验证的best_acc:0.9040
INFO:__main__:----------------------------------------------------------------------------------------------------
INFO:__main__:
【train】epoch:81/150 loss:0.0494 acc:0.9826
INFO:__main__:
【val】epoch:81/150 loss:0.4005 acc:0.8984
INFO:__main__:
【Val】:  SENS: 0.8462  SPEC: 0.9282  PPV: 0.8703  NPV: 0.9138 F1:0.8580
INFO:__main__:验证的best_acc:0.9040
INFO:__main__:----------------------------------------------------------------------------------------------------
INFO:__main__:
【train】epoch:82/150 loss:0.0466 acc:0.9841
INFO:__main__:
【val】epoch:82/150 loss:0.4436 acc:0.8906
INFO:__main__:
【Val】:  SENS: 0.8646  SPEC: 0.9054  PPV: 0.8388  NPV: 0.9216 F1:0.8515
INFO:__main__:验证的best_acc:0.9040
INFO:__main__:----------------------------------------------------------------------------------------------------
INFO:__main__:
【train】epoch:83/150 loss:0.0401 acc:0.9851
INFO:__main__:
【val】epoch:83/150 loss:0.4615 acc:0.8862
INFO:__main__:
【Val】:  SENS: 0.8369  SPEC: 0.9142  PPV: 0.8474  NPV: 0.9078 F1:0.8421
INFO:__main__:验证的best_acc:0.9040
INFO:__main__:----------------------------------------------------------------------------------------------------
INFO:__main__:
【train】epoch:84/150 loss:0.0411 acc:0.9855
INFO:__main__:
【val】epoch:84/150 loss:0.4634 acc:0.8917
INFO:__main__:
【Val】:  SENS: 0.8338  SPEC: 0.9247  PPV: 0.8631  NPV: 0.9072 F1:0.8482
INFO:__main__:验证的best_acc:0.9040
INFO:__main__:----------------------------------------------------------------------------------------------------
INFO:__main__:
【train】epoch:85/150 loss:0.0436 acc:0.9829
INFO:__main__:
【val】epoch:85/150 loss:0.4594 acc:0.8996
INFO:__main__:
【Val】:  SENS: 0.8338  SPEC: 0.9370  PPV: 0.8827  NPV: 0.9083 F1:0.8576
INFO:__main__:验证的best_acc:0.9040
INFO:__main__:----------------------------------------------------------------------------------------------------
INFO:__main__:
【train】epoch:86/150 loss:0.0444 acc:0.9844
INFO:__main__:
【val】epoch:86/150 loss:0.4433 acc:0.8996
INFO:__main__:
【Val】:  SENS: 0.8431  SPEC: 0.9317  PPV: 0.8754  NPV: 0.9125 F1:0.8589
INFO:__main__:验证的best_acc:0.9040
INFO:__main__:----------------------------------------------------------------------------------------------------
INFO:__main__:
【train】epoch:87/150 loss:0.0458 acc:0.9812
INFO:__main__:
【val】epoch:87/150 loss:0.4355 acc:0.8962
INFO:__main__:
【Val】:  SENS: 0.8338  SPEC: 0.9317  PPV: 0.8742  NPV: 0.9078 F1:0.8535
INFO:__main__:验证的best_acc:0.9040
INFO:__main__:----------------------------------------------------------------------------------------------------
INFO:__main__:
【train】epoch:88/150 loss:0.0411 acc:0.9844
INFO:__main__:
【val】epoch:88/150 loss:0.4392 acc:0.8962
INFO:__main__:
【Val】:  SENS: 0.8338  SPEC: 0.9317  PPV: 0.8742  NPV: 0.9078 F1:0.8535
INFO:__main__:验证的best_acc:0.9040
INFO:__main__:----------------------------------------------------------------------------------------------------
INFO:__main__:
【train】epoch:89/150 loss:0.0394 acc:0.9852
INFO:__main__:
【val】epoch:89/150 loss:0.4454 acc:0.8940
INFO:__main__:
【Val】:  SENS: 0.8431  SPEC: 0.9229  PPV: 0.8616  NPV: 0.9118 F1:0.8523
INFO:__main__:验证的best_acc:0.9040
INFO:__main__:----------------------------------------------------------------------------------------------------
INFO:__main__:
【train】epoch:90/150 loss:0.0441 acc:0.9853
INFO:__main__:
【val】epoch:90/150 loss:0.4508 acc:0.8929
INFO:__main__:
【Val】:  SENS: 0.8246  SPEC: 0.9317  PPV: 0.8730  NPV: 0.9032 F1:0.8481
INFO:__main__:验证的best_acc:0.9040
INFO:__main__:----------------------------------------------------------------------------------------------------
INFO:__main__:
【train】epoch:91/150 loss:0.0378 acc:0.9864
INFO:__main__:
【val】epoch:91/150 loss:0.4427 acc:0.9040
INFO:__main__:
【Val】:  SENS: 0.8800  SPEC: 0.9177  PPV: 0.8589  NPV: 0.9307 F1:0.8693
INFO:__main__:验证的best_acc:0.9040
INFO:__main__:----------------------------------------------------------------------------------------------------
INFO:__main__:
【train】epoch:92/150 loss:0.0320 acc:0.9882
INFO:__main__:
【val】epoch:92/150 loss:0.4825 acc:0.9007
INFO:__main__:
【Val】:  SENS: 0.8462  SPEC: 0.9317  PPV: 0.8758  NPV: 0.9141 F1:0.8607
INFO:__main__:验证的best_acc:0.9040
INFO:__main__:----------------------------------------------------------------------------------------------------
INFO:__main__:
【train】epoch:93/150 loss:0.0419 acc:0.9857
INFO:__main__:
【val】epoch:93/150 loss:0.4609 acc:0.9018
INFO:__main__:
【Val】:  SENS: 0.8523  SPEC: 0.9299  PPV: 0.8738  NPV: 0.9171 F1:0.8629
INFO:__main__:验证的best_acc:0.9040
INFO:__main__:----------------------------------------------------------------------------------------------------
INFO:__main__:
【train】epoch:94/150 loss:0.0363 acc:0.9864
INFO:__main__:
【val】epoch:94/150 loss:0.4641 acc:0.8984
INFO:__main__:
【Val】:  SENS: 0.8646  SPEC: 0.9177  PPV: 0.8567  NPV: 0.9225 F1:0.8606
INFO:__main__:验证的best_acc:0.9040
INFO:__main__:----------------------------------------------------------------------------------------------------
INFO:__main__:
【train】epoch:95/150 loss:0.0344 acc:0.9867
INFO:__main__:
【val】epoch:95/150 loss:0.4678 acc:0.8996
INFO:__main__:
【Val】:  SENS: 0.8400  SPEC: 0.9335  PPV: 0.8778  NPV: 0.9111 F1:0.8585
INFO:__main__:验证的best_acc:0.9040
INFO:__main__:----------------------------------------------------------------------------------------------------
INFO:__main__:
【train】epoch:96/150 loss:0.0374 acc:0.9863
INFO:__main__:
【val】epoch:96/150 loss:0.4764 acc:0.8996
INFO:__main__:
【Val】:  SENS: 0.8769  SPEC: 0.9124  PPV: 0.8507  NPV: 0.9287 F1:0.8636
INFO:__main__:验证的best_acc:0.9040
INFO:__main__:----------------------------------------------------------------------------------------------------
INFO:__main__:
【train】epoch:97/150 loss:0.0337 acc:0.9860
INFO:__main__:
【val】epoch:97/150 loss:0.4745 acc:0.9029
INFO:__main__:
【Val】:  SENS: 0.8615  SPEC: 0.9264  PPV: 0.8696  NPV: 0.9216 F1:0.8655
INFO:__main__:验证的best_acc:0.9040
INFO:__main__:----------------------------------------------------------------------------------------------------
INFO:__main__:
【train】epoch:98/150 loss:0.0356 acc:0.9880
INFO:__main__:
【val】epoch:98/150 loss:0.4837 acc:0.8962
INFO:__main__:
【Val】:  SENS: 0.8523  SPEC: 0.9212  PPV: 0.8602  NPV: 0.9164 F1:0.8563
INFO:__main__:验证的best_acc:0.9040
INFO:__main__:----------------------------------------------------------------------------------------------------
INFO:__main__:
【train】epoch:99/150 loss:0.0311 acc:0.9882
INFO:__main__:
【val】epoch:99/150 loss:0.4584 acc:0.9018
INFO:__main__:
【Val】:  SENS: 0.8585  SPEC: 0.9264  PPV: 0.8692  NPV: 0.9200 F1:0.8638
INFO:__main__:验证的best_acc:0.9040
INFO:__main__:----------------------------------------------------------------------------------------------------
INFO:__main__:
【train】epoch:100/150 loss:0.0305 acc:0.9887
INFO:__main__:
【val】epoch:100/150 loss:0.4679 acc:0.8951
INFO:__main__:
【Val】:  SENS: 0.8492  SPEC: 0.9212  PPV: 0.8598  NPV: 0.9148 F1:0.8545
INFO:__main__:验证的best_acc:0.9040
INFO:__main__:----------------------------------------------------------------------------------------------------
INFO:__main__:
【train】epoch:101/150 loss:0.0258 acc:0.9902
INFO:__main__:
【val】epoch:101/150 loss:0.4739 acc:0.8984
INFO:__main__:
【Val】:  SENS: 0.8462  SPEC: 0.9282  PPV: 0.8703  NPV: 0.9138 F1:0.8580
INFO:__main__:验证的best_acc:0.9040
INFO:__main__:----------------------------------------------------------------------------------------------------
INFO:__main__:
【train】epoch:102/150 loss:0.0293 acc:0.9886
INFO:__main__:
【val】epoch:102/150 loss:0.4766 acc:0.8984
INFO:__main__:
【Val】:  SENS: 0.8492  SPEC: 0.9264  PPV: 0.8679  NPV: 0.9152 F1:0.8585
INFO:__main__:验证的best_acc:0.9040
INFO:__main__:----------------------------------------------------------------------------------------------------
INFO:__main__:
【train】epoch:103/150 loss:0.0334 acc:0.9876
INFO:__main__:
【val】epoch:103/150 loss:0.4830 acc:0.8962
INFO:__main__:
【Val】:  SENS: 0.8554  SPEC: 0.9194  PPV: 0.8580  NPV: 0.9178 F1:0.8567
INFO:__main__:验证的best_acc:0.9040
INFO:__main__:----------------------------------------------------------------------------------------------------
INFO:__main__:
【train】epoch:104/150 loss:0.0372 acc:0.9857
INFO:__main__:
【val】epoch:104/150 loss:0.4689 acc:0.8906
INFO:__main__:
【Val】:  SENS: 0.8523  SPEC: 0.9124  PPV: 0.8471  NPV: 0.9156 F1:0.8497
INFO:__main__:验证的best_acc:0.9040
INFO:__main__:----------------------------------------------------------------------------------------------------
INFO:__main__:
【train】epoch:105/150 loss:0.0302 acc:0.9894
INFO:__main__:
【val】epoch:105/150 loss:0.4799 acc:0.8962
INFO:__main__:
【Val】:  SENS: 0.8462  SPEC: 0.9247  PPV: 0.8648  NPV: 0.9135 F1:0.8554
INFO:__main__:验证的best_acc:0.9040
INFO:__main__:----------------------------------------------------------------------------------------------------
INFO:__main__:
【train】epoch:106/150 loss:0.0359 acc:0.9859
INFO:__main__:
【val】epoch:106/150 loss:0.4589 acc:0.8984
INFO:__main__:
【Val】:  SENS: 0.8554  SPEC: 0.9229  PPV: 0.8634  NPV: 0.9181 F1:0.8594
INFO:__main__:验证的best_acc:0.9040
INFO:__main__:----------------------------------------------------------------------------------------------------
INFO:__main__:
【train】epoch:107/150 loss:0.0307 acc:0.9878
INFO:__main__:
【val】epoch:107/150 loss:0.4828 acc:0.8940
INFO:__main__:
【Val】:  SENS: 0.8554  SPEC: 0.9159  PPV: 0.8528  NPV: 0.9175 F1:0.8541
INFO:__main__:验证的best_acc:0.9040
INFO:__main__:----------------------------------------------------------------------------------------------------
INFO:__main__:
【train】epoch:108/150 loss:0.0316 acc:0.9883
INFO:__main__:
【val】epoch:108/150 loss:0.4804 acc:0.9007
INFO:__main__:
【Val】:  SENS: 0.8615  SPEC: 0.9229  PPV: 0.8642  NPV: 0.9213 F1:0.8629
INFO:__main__:验证的best_acc:0.9040
INFO:__main__:----------------------------------------------------------------------------------------------------
INFO:__main__:
【train】epoch:109/150 loss:0.0282 acc:0.9916
INFO:__main__:
【val】epoch:109/150 loss:0.4729 acc:0.9018
INFO:__main__:
【Val】:  SENS: 0.8554  SPEC: 0.9282  PPV: 0.8715  NPV: 0.9185 F1:0.8634
INFO:__main__:验证的best_acc:0.9040
INFO:__main__:----------------------------------------------------------------------------------------------------
INFO:__main__:
【train】epoch:110/150 loss:0.0286 acc:0.9905
INFO:__main__:
【val】epoch:110/150 loss:0.4841 acc:0.8917
INFO:__main__:
【Val】:  SENS: 0.8431  SPEC: 0.9194  PPV: 0.8562  NPV: 0.9115 F1:0.8496
INFO:__main__:验证的best_acc:0.9040
INFO:__main__:----------------------------------------------------------------------------------------------------
INFO:__main__:
【train】epoch:111/150 loss:0.0278 acc:0.9904
INFO:__main__:
【val】epoch:111/150 loss:0.4740 acc:0.8973
INFO:__main__:
【Val】:  SENS: 0.8492  SPEC: 0.9247  PPV: 0.8652  NPV: 0.9151 F1:0.8571
INFO:__main__:验证的best_acc:0.9040
INFO:__main__:----------------------------------------------------------------------------------------------------
INFO:__main__:
【train】epoch:112/150 loss:0.0263 acc:0.9894
INFO:__main__:
【val】epoch:112/150 loss:0.4765 acc:0.8962
INFO:__main__:
【Val】:  SENS: 0.8523  SPEC: 0.9212  PPV: 0.8602  NPV: 0.9164 F1:0.8563
INFO:__main__:验证的best_acc:0.9040
INFO:__main__:----------------------------------------------------------------------------------------------------
INFO:__main__:
【train】epoch:113/150 loss:0.0257 acc:0.9894
INFO:__main__:
【val】epoch:113/150 loss:0.4709 acc:0.8973
INFO:__main__:
【Val】:  SENS: 0.8523  SPEC: 0.9229  PPV: 0.8629  NPV: 0.9165 F1:0.8576
INFO:__main__:验证的best_acc:0.9040
INFO:__main__:----------------------------------------------------------------------------------------------------
INFO:__main__:
【train】epoch:114/150 loss:0.0264 acc:0.9904
INFO:__main__:
【val】epoch:114/150 loss:0.4919 acc:0.9040
INFO:__main__:
【Val】:  SENS: 0.8523  SPEC: 0.9335  PPV: 0.8794  NPV: 0.9174 F1:0.8656
INFO:__main__:验证的best_acc:0.9040
INFO:__main__:----------------------------------------------------------------------------------------------------
INFO:__main__:
【train】epoch:115/150 loss:0.0288 acc:0.9883
INFO:__main__:
【val】epoch:115/150 loss:0.4957 acc:0.8984
INFO:__main__:
【Val】:  SENS: 0.8554  SPEC: 0.9229  PPV: 0.8634  NPV: 0.9181 F1:0.8594
INFO:__main__:验证的best_acc:0.9040
INFO:__main__:----------------------------------------------------------------------------------------------------
INFO:__main__:
【train】epoch:116/150 loss:0.0216 acc:0.9940
INFO:__main__:
【val】epoch:116/150 loss:0.4997 acc:0.8996
INFO:__main__:
【Val】:  SENS: 0.8554  SPEC: 0.9247  PPV: 0.8660  NPV: 0.9183 F1:0.8607
INFO:__main__:验证的best_acc:0.9040
INFO:__main__:----------------------------------------------------------------------------------------------------
INFO:__main__:
【train】epoch:117/150 loss:0.0270 acc:0.9897
INFO:__main__:
【val】epoch:117/150 loss:0.4814 acc:0.8973
INFO:__main__:
【Val】:  SENS: 0.8585  SPEC: 0.9194  PPV: 0.8585  NPV: 0.9194 F1:0.8585
INFO:__main__:验证的best_acc:0.9040
INFO:__main__:----------------------------------------------------------------------------------------------------
INFO:__main__:
【train】epoch:118/150 loss:0.0237 acc:0.9916
INFO:__main__:
【val】epoch:118/150 loss:0.4773 acc:0.9007
INFO:__main__:
【Val】:  SENS: 0.8492  SPEC: 0.9299  PPV: 0.8734  NPV: 0.9155 F1:0.8612
INFO:__main__:验证的best_acc:0.9040
INFO:__main__:----------------------------------------------------------------------------------------------------
INFO:__main__:
【train】epoch:119/150 loss:0.0227 acc:0.9916
INFO:__main__:
【val】epoch:119/150 loss:0.4804 acc:0.8962
INFO:__main__:
【Val】:  SENS: 0.8554  SPEC: 0.9194  PPV: 0.8580  NPV: 0.9178 F1:0.8567
INFO:__main__:验证的best_acc:0.9040
INFO:__main__:----------------------------------------------------------------------------------------------------
INFO:__main__:
【train】epoch:120/150 loss:0.0263 acc:0.9890
INFO:__main__:
【val】epoch:120/150 loss:0.4892 acc:0.8951
INFO:__main__:
【Val】:  SENS: 0.8462  SPEC: 0.9229  PPV: 0.8621  NPV: 0.9133 F1:0.8540
INFO:__main__:验证的best_acc:0.9040
INFO:__main__:----------------------------------------------------------------------------------------------------
INFO:__main__:
【train】epoch:121/150 loss:0.0250 acc:0.9912
INFO:__main__:
【val】epoch:121/150 loss:0.4979 acc:0.8973
INFO:__main__:
【Val】:  SENS: 0.8523  SPEC: 0.9229  PPV: 0.8629  NPV: 0.9165 F1:0.8576
INFO:__main__:验证的best_acc:0.9040
INFO:__main__:----------------------------------------------------------------------------------------------------
INFO:__main__:
【train】epoch:122/150 loss:0.0245 acc:0.9909
INFO:__main__:
【val】epoch:122/150 loss:0.4944 acc:0.8973
INFO:__main__:
【Val】:  SENS: 0.8585  SPEC: 0.9194  PPV: 0.8585  NPV: 0.9194 F1:0.8585
INFO:__main__:验证的best_acc:0.9040
INFO:__main__:----------------------------------------------------------------------------------------------------
INFO:__main__:
【train】epoch:123/150 loss:0.0211 acc:0.9932
INFO:__main__:
【val】epoch:123/150 loss:0.5108 acc:0.8962
INFO:__main__:
【Val】:  SENS: 0.8585  SPEC: 0.9177  PPV: 0.8558  NPV: 0.9193 F1:0.8571
INFO:__main__:验证的best_acc:0.9040
INFO:__main__:----------------------------------------------------------------------------------------------------
INFO:__main__:
【train】epoch:124/150 loss:0.0246 acc:0.9905
INFO:__main__:
【val】epoch:124/150 loss:0.5035 acc:0.8973
INFO:__main__:
【Val】:  SENS: 0.8554  SPEC: 0.9212  PPV: 0.8607  NPV: 0.9180 F1:0.8580
INFO:__main__:验证的best_acc:0.9040
INFO:__main__:----------------------------------------------------------------------------------------------------
INFO:__main__:
【train】epoch:125/150 loss:0.0242 acc:0.9891
INFO:__main__:
【val】epoch:125/150 loss:0.5205 acc:0.8996
INFO:__main__:
【Val】:  SENS: 0.8554  SPEC: 0.9247  PPV: 0.8660  NPV: 0.9183 F1:0.8607
INFO:__main__:验证的best_acc:0.9040
INFO:__main__:----------------------------------------------------------------------------------------------------
INFO:__main__:
【train】epoch:126/150 loss:0.0243 acc:0.9905
INFO:__main__:
【val】epoch:126/150 loss:0.5212 acc:0.9018
INFO:__main__:
【Val】:  SENS: 0.8492  SPEC: 0.9317  PPV: 0.8762  NPV: 0.9157 F1:0.8625
INFO:__main__:验证的best_acc:0.9040
INFO:__main__:----------------------------------------------------------------------------------------------------
INFO:__main__:
【train】epoch:127/150 loss:0.0178 acc:0.9935
INFO:__main__:
【val】epoch:127/150 loss:0.5222 acc:0.9040
INFO:__main__:
【Val】:  SENS: 0.8585  SPEC: 0.9299  PPV: 0.8746  NPV: 0.9203 F1:0.8665
INFO:__main__:验证的best_acc:0.9040
INFO:__main__:----------------------------------------------------------------------------------------------------
INFO:__main__:
【train】epoch:128/150 loss:0.0287 acc:0.9898
INFO:__main__:
【val】epoch:128/150 loss:0.5163 acc:0.8940
INFO:__main__:
【Val】:  SENS: 0.8554  SPEC: 0.9159  PPV: 0.8528  NPV: 0.9175 F1:0.8541
INFO:__main__:验证的best_acc:0.9040
INFO:__main__:----------------------------------------------------------------------------------------------------
INFO:__main__:
【train】epoch:129/150 loss:0.0231 acc:0.9918
INFO:__main__:
【val】epoch:129/150 loss:0.5221 acc:0.8929
INFO:__main__:
【Val】:  SENS: 0.8554  SPEC: 0.9142  PPV: 0.8502  NPV: 0.9174 F1:0.8528
INFO:__main__:验证的best_acc:0.9040
INFO:__main__:----------------------------------------------------------------------------------------------------
INFO:__main__:
【train】epoch:130/150 loss:0.0242 acc:0.9902
INFO:__main__:
【val】epoch:130/150 loss:0.5288 acc:0.8962
INFO:__main__:
【Val】:  SENS: 0.8523  SPEC: 0.9212  PPV: 0.8602  NPV: 0.9164 F1:0.8563
INFO:__main__:验证的best_acc:0.9040
INFO:__main__:----------------------------------------------------------------------------------------------------
INFO:__main__:
【train】epoch:131/150 loss:0.0251 acc:0.9912
INFO:__main__:
【val】epoch:131/150 loss:0.5189 acc:0.8962
INFO:__main__:
【Val】:  SENS: 0.8554  SPEC: 0.9194  PPV: 0.8580  NPV: 0.9178 F1:0.8567
INFO:__main__:验证的best_acc:0.9040
INFO:__main__:----------------------------------------------------------------------------------------------------
INFO:__main__:
【train】epoch:132/150 loss:0.0245 acc:0.9908
INFO:__main__:
【val】epoch:132/150 loss:0.5184 acc:0.8940
INFO:__main__:
【Val】:  SENS: 0.8492  SPEC: 0.9194  PPV: 0.8571  NPV: 0.9146 F1:0.8532
INFO:__main__:验证的best_acc:0.9040
INFO:__main__:----------------------------------------------------------------------------------------------------
INFO:__main__:
【train】epoch:133/150 loss:0.0234 acc:0.9917
INFO:__main__:
【val】epoch:133/150 loss:0.5127 acc:0.8951
INFO:__main__:
【Val】:  SENS: 0.8523  SPEC: 0.9194  PPV: 0.8576  NPV: 0.9162 F1:0.8549
INFO:__main__:验证的best_acc:0.9040
INFO:__main__:----------------------------------------------------------------------------------------------------
INFO:__main__:
【train】epoch:134/150 loss:0.0257 acc:0.9913
INFO:__main__:
【val】epoch:134/150 loss:0.5110 acc:0.9007
INFO:__main__:
【Val】:  SENS: 0.8431  SPEC: 0.9335  PPV: 0.8782  NPV: 0.9127 F1:0.8603
INFO:__main__:验证的best_acc:0.9040
INFO:__main__:----------------------------------------------------------------------------------------------------
INFO:__main__:
【train】epoch:135/150 loss:0.0226 acc:0.9912
INFO:__main__:
【val】epoch:135/150 loss:0.5156 acc:0.8973
INFO:__main__:
【Val】:  SENS: 0.8492  SPEC: 0.9247  PPV: 0.8652  NPV: 0.9151 F1:0.8571
INFO:__main__:验证的best_acc:0.9040
INFO:__main__:----------------------------------------------------------------------------------------------------
INFO:__main__:
【train】epoch:136/150 loss:0.0193 acc:0.9927
INFO:__main__:
【val】epoch:136/150 loss:0.5184 acc:0.9007
INFO:__main__:
【Val】:  SENS: 0.8523  SPEC: 0.9282  PPV: 0.8711  NPV: 0.9170 F1:0.8616
INFO:__main__:验证的best_acc:0.9040
INFO:__main__:----------------------------------------------------------------------------------------------------
INFO:__main__:
【train】epoch:137/150 loss:0.0235 acc:0.9916
INFO:__main__:
【val】epoch:137/150 loss:0.5172 acc:0.8996
INFO:__main__:
【Val】:  SENS: 0.8431  SPEC: 0.9317  PPV: 0.8754  NPV: 0.9125 F1:0.8589
INFO:__main__:验证的best_acc:0.9040
INFO:__main__:----------------------------------------------------------------------------------------------------
INFO:__main__:
【train】epoch:138/150 loss:0.0219 acc:0.9913
INFO:__main__:
【val】epoch:138/150 loss:0.5242 acc:0.8996
INFO:__main__:
【Val】:  SENS: 0.8554  SPEC: 0.9247  PPV: 0.8660  NPV: 0.9183 F1:0.8607
INFO:__main__:验证的best_acc:0.9040
INFO:__main__:----------------------------------------------------------------------------------------------------
INFO:__main__:
【train】epoch:139/150 loss:0.0219 acc:0.9923
INFO:__main__:
【val】epoch:139/150 loss:0.5222 acc:0.8984
INFO:__main__:
【Val】:  SENS: 0.8554  SPEC: 0.9229  PPV: 0.8634  NPV: 0.9181 F1:0.8594
INFO:__main__:验证的best_acc:0.9040
INFO:__main__:----------------------------------------------------------------------------------------------------
INFO:__main__:
【train】epoch:140/150 loss:0.0232 acc:0.9914
INFO:__main__:
【val】epoch:140/150 loss:0.5145 acc:0.9007
INFO:__main__:
【Val】:  SENS: 0.8492  SPEC: 0.9299  PPV: 0.8734  NPV: 0.9155 F1:0.8612
INFO:__main__:验证的best_acc:0.9040
INFO:__main__:----------------------------------------------------------------------------------------------------
INFO:__main__:
【train】epoch:141/150 loss:0.0195 acc:0.9932
INFO:__main__:
【val】epoch:141/150 loss:0.5130 acc:0.8996
INFO:__main__:
【Val】:  SENS: 0.8554  SPEC: 0.9247  PPV: 0.8660  NPV: 0.9183 F1:0.8607
INFO:__main__:验证的best_acc:0.9040
INFO:__main__:----------------------------------------------------------------------------------------------------
INFO:__main__:
【train】epoch:142/150 loss:0.0213 acc:0.9920
INFO:__main__:
【val】epoch:142/150 loss:0.5115 acc:0.8996
INFO:__main__:
【Val】:  SENS: 0.8523  SPEC: 0.9264  PPV: 0.8683  NPV: 0.9168 F1:0.8602
INFO:__main__:验证的best_acc:0.9040
INFO:__main__:----------------------------------------------------------------------------------------------------
INFO:__main__:
【train】epoch:143/150 loss:0.0220 acc:0.9925
INFO:__main__:
【val】epoch:143/150 loss:0.5145 acc:0.8951
INFO:__main__:
【Val】:  SENS: 0.8462  SPEC: 0.9229  PPV: 0.8621  NPV: 0.9133 F1:0.8540
INFO:__main__:验证的best_acc:0.9040
INFO:__main__:----------------------------------------------------------------------------------------------------
INFO:__main__:
【train】epoch:144/150 loss:0.0204 acc:0.9924
INFO:__main__:
【val】epoch:144/150 loss:0.5159 acc:0.8962
INFO:__main__:
【Val】:  SENS: 0.8462  SPEC: 0.9247  PPV: 0.8648  NPV: 0.9135 F1:0.8554
INFO:__main__:验证的best_acc:0.9040
INFO:__main__:----------------------------------------------------------------------------------------------------
INFO:__main__:
【train】epoch:145/150 loss:0.0221 acc:0.9931
INFO:__main__:
【val】epoch:145/150 loss:0.5138 acc:0.8962
INFO:__main__:
【Val】:  SENS: 0.8462  SPEC: 0.9247  PPV: 0.8648  NPV: 0.9135 F1:0.8554
INFO:__main__:验证的best_acc:0.9040
INFO:__main__:----------------------------------------------------------------------------------------------------
INFO:__main__:
【train】epoch:146/150 loss:0.0199 acc:0.9923
INFO:__main__:
【val】epoch:146/150 loss:0.5151 acc:0.9040
INFO:__main__:
【Val】:  SENS: 0.8492  SPEC: 0.9352  PPV: 0.8818  NPV: 0.9160 F1:0.8652
INFO:__main__:验证的best_acc:0.9040
INFO:__main__:----------------------------------------------------------------------------------------------------
INFO:__main__:
【train】epoch:147/150 loss:0.0211 acc:0.9916
INFO:__main__:
【val】epoch:147/150 loss:0.5181 acc:0.8951
INFO:__main__:
【Val】:  SENS: 0.8431  SPEC: 0.9247  PPV: 0.8644  NPV: 0.9119 F1:0.8536
INFO:__main__:验证的best_acc:0.9040
INFO:__main__:----------------------------------------------------------------------------------------------------
INFO:__main__:
【train】epoch:148/150 loss:0.0171 acc:0.9943
INFO:__main__:
【val】epoch:148/150 loss:0.5205 acc:0.8940
INFO:__main__:
【Val】:  SENS: 0.8462  SPEC: 0.9212  PPV: 0.8594  NPV: 0.9132 F1:0.8527
INFO:__main__:验证的best_acc:0.9040
INFO:__main__:----------------------------------------------------------------------------------------------------
INFO:__main__:
【train】epoch:149/150 loss:0.0178 acc:0.9937
INFO:__main__:
【val】epoch:149/150 loss:0.5274 acc:0.8951
INFO:__main__:
【Val】:  SENS: 0.8492  SPEC: 0.9212  PPV: 0.8598  NPV: 0.9148 F1:0.8545
INFO:__main__:验证的best_acc:0.9040
INFO:__main__:----------------------------------------------------------------------------------------------------
INFO:__main__:****************************************************************************************************
INFO:__main__:Val_LOSS:['0.5620', '0.4552', '0.5335', '0.4383', '0.5526', '0.3723', '0.4147', '0.4573', '0.3612', '0.3642', '0.3257', '0.3351', '0.3115', '0.3201', '0.2982', '0.3190', '0.3173', '0.2816', '0.2965', '0.3157', '0.3274', '0.3351', '0.3219', '0.3092', '0.3357', '0.3098', '0.3991', '0.3086', '0.3273', '0.3678', '0.3551', '0.3507', '0.3734', '0.3265', '0.3341', '0.3216', '0.3305', '0.3245', '0.3599', '0.3302', '0.3547', '0.3785', '0.3781', '0.3451', '0.3617', '0.4430', '0.3626', '0.3712', '0.3917', '0.3726', '0.3936', '0.3896', '0.3899', '0.4331', '0.4293', '0.4114', '0.4229', '0.4123', '0.4139', '0.3916', '0.4328', '0.3954', '0.4176', '0.3775', '0.4101', '0.4078', '0.4275', '0.4063', '0.4424', '0.4062', '0.4200', '0.4011', '0.4278', '0.4314', '0.4102', '0.4612', '0.4328', '0.4377', '0.4407', '0.4152', '0.4252', '0.4005', '0.4436', '0.4615', '0.4634', '0.4594', '0.4433', '0.4355', '0.4392', '0.4454', '0.4508', '0.4427', '0.4825', '0.4609', '0.4641', '0.4678', '0.4764', '0.4745', '0.4837', '0.4584', '0.4679', '0.4739', '0.4766', '0.4830', '0.4689', '0.4799', '0.4589', '0.4828', '0.4804', '0.4729', '0.4841', '0.4740', '0.4765', '0.4709', '0.4919', '0.4957', '0.4997', '0.4814', '0.4773', '0.4804', '0.4892', '0.4979', '0.4944', '0.5108', '0.5035', '0.5205', '0.5212', '0.5222', '0.5163', '0.5221', '0.5288', '0.5189', '0.5184', '0.5127', '0.5110', '0.5156', '0.5184', '0.5172', '0.5242', '0.5222', '0.5145', '0.5130', '0.5115', '0.5145', '0.5159', '0.5138', '0.5151', '0.5181', '0.5205', '0.5274']
INFO:__main__:Val_ACC:['0.7132', '0.7824', '0.7254', '0.7567', '0.7243', '0.7980', '0.7757', '0.7589', '0.8092', '0.8270', '0.8404', '0.8404', '0.8471', '0.8471', '0.8672', '0.8560', '0.8482', '0.8761', '0.8560', '0.8638', '0.8705', '0.8605', '0.8516', '0.8672', '0.8717', '0.8616', '0.8616', '0.8728', '0.8605', '0.8873', '0.8951', '0.8828', '0.8862', '0.8940', '0.8806', '0.8850', '0.8873', '0.8862', '0.8627', '0.8962', '0.8962', '0.8839', '0.8772', '0.8750', '0.8839', '0.8694', '0.8739', '0.8795', '0.8750', '0.8850', '0.8795', '0.8795', '0.8929', '0.8806', '0.8828', '0.8862', '0.8940', '0.8839', '0.8862', '0.8940', '0.8862', '0.8884', '0.8828', '0.8996', '0.8940', '0.8917', '0.8895', '0.8906', '0.8973', '0.9007', '0.8895', '0.9040', '0.8962', '0.8951', '0.9029', '0.8984', '0.8895', '0.8873', '0.8940', '0.8973', '0.9007', '0.8984', '0.8906', '0.8862', '0.8917', '0.8996', '0.8996', '0.8962', '0.8962', '0.8940', '0.8929', '0.9040', '0.9007', '0.9018', '0.8984', '0.8996', '0.8996', '0.9029', '0.8962', '0.9018', '0.8951', '0.8984', '0.8984', '0.8962', '0.8906', '0.8962', '0.8984', '0.8940', '0.9007', '0.9018', '0.8917', '0.8973', '0.8962', '0.8973', '0.9040', '0.8984', '0.8996', '0.8973', '0.9007', '0.8962', '0.8951', '0.8973', '0.8973', '0.8962', '0.8973', '0.8996', '0.9018', '0.9040', '0.8940', '0.8929', '0.8962', '0.8962', '0.8940', '0.8951', '0.9007', '0.8973', '0.9007', '0.8996', '0.8996', '0.8984', '0.9007', '0.8996', '0.8996', '0.8951', '0.8962', '0.8962', '0.9040', '0.8951', '0.8940', '0.8951']
INFO:__main__:****************************************************************************************************
INFO:__main__: epoch0 测试test_Loss: 0.5807  test_ACC: 0.8723  
INFO:__main__:SENS: 0.7668 SPEC: 0.9338 PPV: 0.8709 NPV: 0.8730 F1:0.8155
INFO:__main__:test_Best_acc:0.8723
INFO:__main__:flops:2323740064.0  params:14128629.0
