INFO:__main__:
【train】epoch:0/150 loss:0.7074 acc:0.5340
INFO:__main__:
【val】epoch:0/150 loss:0.7097 acc:0.5668
INFO:__main__:
【Val】:  SENS: 0.3344  SPEC: 0.7571  PPV: 0.5300  NPV: 0.5813 F1:0.4101
INFO:__main__:验证的best_acc:0.5668
INFO:__main__:----------------------------------------------------------------------------------------------------
INFO:__main__:
【train】epoch:1/150 loss:0.6936 acc:0.5360
INFO:__main__:
【val】epoch:1/150 loss:0.6753 acc:0.5497
INFO:__main__:
【Val】:  SENS: 0.0000  SPEC: 1.0000  PPV: nan  NPV: 0.5497 F1:nan
INFO:__main__:验证的best_acc:0.5668
INFO:__main__:----------------------------------------------------------------------------------------------------
INFO:__main__:
【train】epoch:2/150 loss:0.6904 acc:0.5499
INFO:__main__:
【val】epoch:2/150 loss:0.6803 acc:0.5213
INFO:__main__:
【Val】:  SENS: 0.1483  SPEC: 0.8269  PPV: 0.4123  NPV: 0.5424 F1:0.2181
INFO:__main__:验证的best_acc:0.5668
INFO:__main__:----------------------------------------------------------------------------------------------------
INFO:__main__:
【train】epoch:3/150 loss:0.6811 acc:0.5649
INFO:__main__:
【val】epoch:3/150 loss:0.7903 acc:0.5497
INFO:__main__:
【Val】:  SENS: 0.0000  SPEC: 1.0000  PPV: nan  NPV: 0.5497 F1:nan
INFO:__main__:验证的best_acc:0.5668
INFO:__main__:----------------------------------------------------------------------------------------------------
INFO:__main__:
【train】epoch:4/150 loss:0.6659 acc:0.5864
INFO:__main__:
【val】epoch:4/150 loss:0.6405 acc:0.5881
INFO:__main__:
【Val】:  SENS: 0.1514  SPEC: 0.9457  PPV: 0.6957  NPV: 0.5764 F1:0.2487
INFO:__main__:验证的best_acc:0.5881
INFO:__main__:----------------------------------------------------------------------------------------------------
INFO:__main__:
【train】epoch:5/150 loss:0.6569 acc:0.5986
INFO:__main__:
【val】epoch:5/150 loss:0.7110 acc:0.5497
INFO:__main__:
【Val】:  SENS: 0.0000  SPEC: 1.0000  PPV: nan  NPV: 0.5497 F1:nan
INFO:__main__:验证的best_acc:0.5881
INFO:__main__:----------------------------------------------------------------------------------------------------
INFO:__main__:
【train】epoch:6/150 loss:0.6456 acc:0.6336
INFO:__main__:
【val】epoch:6/150 loss:0.6889 acc:0.5312
INFO:__main__:
【Val】:  SENS: 0.9874  SPEC: 0.1576  PPV: 0.4898  NPV: 0.9385 F1:0.6548
INFO:__main__:验证的best_acc:0.5881
INFO:__main__:----------------------------------------------------------------------------------------------------
INFO:__main__:
【train】epoch:7/150 loss:0.6129 acc:0.6587
INFO:__main__:
【val】epoch:7/150 loss:0.5515 acc:0.7102
INFO:__main__:
【Val】:  SENS: 0.6877  SPEC: 0.7287  PPV: 0.6749  NPV: 0.7402 F1:0.6812
INFO:__main__:验证的best_acc:0.7102
INFO:__main__:----------------------------------------------------------------------------------------------------
INFO:__main__:
【train】epoch:8/150 loss:0.5911 acc:0.6859
INFO:__main__:
【val】epoch:8/150 loss:0.5538 acc:0.6648
INFO:__main__:
【Val】:  SENS: 0.4322  SPEC: 0.8553  PPV: 0.7098  NPV: 0.6477 F1:0.5373
INFO:__main__:验证的best_acc:0.7102
INFO:__main__:----------------------------------------------------------------------------------------------------
INFO:__main__:
【train】epoch:9/150 loss:0.4952 acc:0.7626
INFO:__main__:
【val】epoch:9/150 loss:0.4823 acc:0.7756
INFO:__main__:
【Val】:  SENS: 0.5962  SPEC: 0.9225  PPV: 0.8630  NPV: 0.7361 F1:0.7052
INFO:__main__:验证的best_acc:0.7756
INFO:__main__:----------------------------------------------------------------------------------------------------
INFO:__main__:
【train】epoch:10/150 loss:0.4374 acc:0.7975
INFO:__main__:
【val】epoch:10/150 loss:0.5691 acc:0.6406
INFO:__main__:
【Val】:  SENS: 0.2019  SPEC: 1.0000  PPV: 1.0000  NPV: 0.6047 F1:0.3360
INFO:__main__:验证的best_acc:0.7756
INFO:__main__:----------------------------------------------------------------------------------------------------
INFO:__main__:
【train】epoch:11/150 loss:0.4127 acc:0.8127
INFO:__main__:
【val】epoch:11/150 loss:0.4642 acc:0.7699
INFO:__main__:
【Val】:  SENS: 0.5836  SPEC: 0.9225  PPV: 0.8605  NPV: 0.7301 F1:0.6955
INFO:__main__:验证的best_acc:0.7756
INFO:__main__:----------------------------------------------------------------------------------------------------
INFO:__main__:
【train】epoch:12/150 loss:0.4021 acc:0.8207
INFO:__main__:
【val】epoch:12/150 loss:0.4810 acc:0.7401
INFO:__main__:
【Val】:  SENS: 0.4543  SPEC: 0.9742  PPV: 0.9351  NPV: 0.6855 F1:0.6115
INFO:__main__:验证的best_acc:0.7756
INFO:__main__:----------------------------------------------------------------------------------------------------
INFO:__main__:
【train】epoch:13/150 loss:0.3948 acc:0.8244
INFO:__main__:
【val】epoch:13/150 loss:0.5945 acc:0.6193
INFO:__main__:
【Val】:  SENS: 0.1577  SPEC: 0.9974  PPV: 0.9804  NPV: 0.5911 F1:0.2717
INFO:__main__:验证的best_acc:0.7756
INFO:__main__:----------------------------------------------------------------------------------------------------
INFO:__main__:
【train】epoch:14/150 loss:0.3929 acc:0.8245
INFO:__main__:
【val】epoch:14/150 loss:0.5447 acc:0.6705
INFO:__main__:
【Val】:  SENS: 0.2681  SPEC: 1.0000  PPV: 1.0000  NPV: 0.6252 F1:0.4229
INFO:__main__:验证的best_acc:0.7756
INFO:__main__:----------------------------------------------------------------------------------------------------
INFO:__main__:
【train】epoch:15/150 loss:0.3842 acc:0.8328
INFO:__main__:
【val】epoch:15/150 loss:0.4387 acc:0.7798
INFO:__main__:
【Val】:  SENS: 0.5741  SPEC: 0.9483  PPV: 0.9010  NPV: 0.7311 F1:0.7013
INFO:__main__:验证的best_acc:0.7798
INFO:__main__:----------------------------------------------------------------------------------------------------
INFO:__main__:
【train】epoch:16/150 loss:0.3732 acc:0.8331
INFO:__main__:
【val】epoch:16/150 loss:0.5508 acc:0.6548
INFO:__main__:
【Val】:  SENS: 0.2397  SPEC: 0.9948  PPV: 0.9744  NPV: 0.6150 F1:0.3848
INFO:__main__:验证的best_acc:0.7798
INFO:__main__:----------------------------------------------------------------------------------------------------
INFO:__main__:
【train】epoch:17/150 loss:0.3702 acc:0.8366
INFO:__main__:
【val】epoch:17/150 loss:0.4333 acc:0.8082
INFO:__main__:
【Val】:  SENS: 0.6404  SPEC: 0.9457  PPV: 0.9062  NPV: 0.7625 F1:0.7505
INFO:__main__:验证的best_acc:0.8082
INFO:__main__:----------------------------------------------------------------------------------------------------
INFO:__main__:
【train】epoch:18/150 loss:0.3677 acc:0.8359
INFO:__main__:
【val】epoch:18/150 loss:0.3960 acc:0.8281
INFO:__main__:
【Val】:  SENS: 0.7066  SPEC: 0.9276  PPV: 0.8889  NPV: 0.7942 F1:0.7873
INFO:__main__:验证的best_acc:0.8281
INFO:__main__:----------------------------------------------------------------------------------------------------
INFO:__main__:
【train】epoch:19/150 loss:0.3502 acc:0.8448
INFO:__main__:
【val】epoch:19/150 loss:0.4210 acc:0.8153
INFO:__main__:
【Val】:  SENS: 0.6625  SPEC: 0.9406  PPV: 0.9013  NPV: 0.7728 F1:0.7636
INFO:__main__:验证的best_acc:0.8281
INFO:__main__:----------------------------------------------------------------------------------------------------
INFO:__main__:
【train】epoch:20/150 loss:0.3505 acc:0.8431
INFO:__main__:
【val】epoch:20/150 loss:0.3879 acc:0.8196
INFO:__main__:
【Val】:  SENS: 0.8864  SPEC: 0.7649  PPV: 0.7554  NPV: 0.8916 F1:0.8157
INFO:__main__:验证的best_acc:0.8281
INFO:__main__:----------------------------------------------------------------------------------------------------
INFO:__main__:
【train】epoch:21/150 loss:0.3361 acc:0.8532
INFO:__main__:
【val】epoch:21/150 loss:0.3786 acc:0.8310
INFO:__main__:
【Val】:  SENS: 0.8202  SPEC: 0.8398  PPV: 0.8075  NPV: 0.8508 F1:0.8138
INFO:__main__:验证的best_acc:0.8310
INFO:__main__:----------------------------------------------------------------------------------------------------
INFO:__main__:
【train】epoch:22/150 loss:0.3389 acc:0.8539
INFO:__main__:
【val】epoch:22/150 loss:0.4114 acc:0.8168
INFO:__main__:
【Val】:  SENS: 0.7003  SPEC: 0.9121  PPV: 0.8672  NPV: 0.7879 F1:0.7749
INFO:__main__:验证的best_acc:0.8310
INFO:__main__:----------------------------------------------------------------------------------------------------
INFO:__main__:
【train】epoch:23/150 loss:0.3351 acc:0.8509
INFO:__main__:
【val】epoch:23/150 loss:0.3787 acc:0.7969
INFO:__main__:
【Val】:  SENS: 0.8896  SPEC: 0.7209  PPV: 0.7231  NPV: 0.8885 F1:0.7977
INFO:__main__:验证的best_acc:0.8310
INFO:__main__:----------------------------------------------------------------------------------------------------
INFO:__main__:
【train】epoch:24/150 loss:0.3375 acc:0.8544
INFO:__main__:
【val】epoch:24/150 loss:0.3709 acc:0.8310
INFO:__main__:
【Val】:  SENS: 0.8517  SPEC: 0.8140  PPV: 0.7895  NPV: 0.8702 F1:0.8194
INFO:__main__:验证的best_acc:0.8310
INFO:__main__:----------------------------------------------------------------------------------------------------
INFO:__main__:
【train】epoch:25/150 loss:0.3260 acc:0.8600
INFO:__main__:
【val】epoch:25/150 loss:0.3896 acc:0.8139
INFO:__main__:
【Val】:  SENS: 0.8612  SPEC: 0.7752  PPV: 0.7583  NPV: 0.8721 F1:0.8065
INFO:__main__:验证的best_acc:0.8310
INFO:__main__:----------------------------------------------------------------------------------------------------
INFO:__main__:
【train】epoch:26/150 loss:0.3279 acc:0.8586
INFO:__main__:
【val】epoch:26/150 loss:0.4091 acc:0.7940
INFO:__main__:
【Val】:  SENS: 0.9117  SPEC: 0.6977  PPV: 0.7118  NPV: 0.9060 F1:0.7994
INFO:__main__:验证的best_acc:0.8310
INFO:__main__:----------------------------------------------------------------------------------------------------
INFO:__main__:
【train】epoch:27/150 loss:0.3296 acc:0.8586
INFO:__main__:
【val】epoch:27/150 loss:0.3832 acc:0.8224
INFO:__main__:
【Val】:  SENS: 0.8549  SPEC: 0.7959  PPV: 0.7743  NPV: 0.8701 F1:0.8126
INFO:__main__:验证的best_acc:0.8310
INFO:__main__:----------------------------------------------------------------------------------------------------
INFO:__main__:
【train】epoch:28/150 loss:0.3245 acc:0.8610
INFO:__main__:
【val】epoch:28/150 loss:0.3732 acc:0.8295
INFO:__main__:
【Val】:  SENS: 0.7918  SPEC: 0.8605  PPV: 0.8230  NPV: 0.8346 F1:0.8071
INFO:__main__:验证的best_acc:0.8310
INFO:__main__:----------------------------------------------------------------------------------------------------
INFO:__main__:
【train】epoch:29/150 loss:0.3160 acc:0.8638
INFO:__main__:
【val】epoch:29/150 loss:0.3818 acc:0.8324
INFO:__main__:
【Val】:  SENS: 0.7760  SPEC: 0.8786  PPV: 0.8396  NPV: 0.8273 F1:0.8066
INFO:__main__:验证的best_acc:0.8324
INFO:__main__:----------------------------------------------------------------------------------------------------
INFO:__main__:
【train】epoch:30/150 loss:0.3157 acc:0.8610
INFO:__main__:
【val】epoch:30/150 loss:0.3745 acc:0.8409
INFO:__main__:
【Val】:  SENS: 0.8517  SPEC: 0.8320  PPV: 0.8060  NPV: 0.8726 F1:0.8282
INFO:__main__:验证的best_acc:0.8409
INFO:__main__:----------------------------------------------------------------------------------------------------
INFO:__main__:
【train】epoch:31/150 loss:0.3131 acc:0.8664
INFO:__main__:
【val】epoch:31/150 loss:0.4042 acc:0.8125
INFO:__main__:
【Val】:  SENS: 0.8328  SPEC: 0.7959  PPV: 0.7697  NPV: 0.8532 F1:0.8000
INFO:__main__:验证的best_acc:0.8409
INFO:__main__:----------------------------------------------------------------------------------------------------
INFO:__main__:
【train】epoch:32/150 loss:0.3154 acc:0.8645
INFO:__main__:
【val】epoch:32/150 loss:0.3718 acc:0.8253
INFO:__main__:
【Val】:  SENS: 0.8612  SPEC: 0.7959  PPV: 0.7756  NPV: 0.8750 F1:0.8161
INFO:__main__:验证的best_acc:0.8409
INFO:__main__:----------------------------------------------------------------------------------------------------
INFO:__main__:
【train】epoch:33/150 loss:0.3099 acc:0.8654
INFO:__main__:
【val】epoch:33/150 loss:0.3671 acc:0.8295
INFO:__main__:
【Val】:  SENS: 0.8644  SPEC: 0.8010  PPV: 0.7806  NPV: 0.8782 F1:0.8204
INFO:__main__:验证的best_acc:0.8409
INFO:__main__:----------------------------------------------------------------------------------------------------
INFO:__main__:
【train】epoch:34/150 loss:0.3116 acc:0.8719
INFO:__main__:
【val】epoch:34/150 loss:0.4002 acc:0.8068
INFO:__main__:
【Val】:  SENS: 0.8833  SPEC: 0.7442  PPV: 0.7388  NPV: 0.8862 F1:0.8046
INFO:__main__:验证的best_acc:0.8409
INFO:__main__:----------------------------------------------------------------------------------------------------
INFO:__main__:
【train】epoch:35/150 loss:0.3045 acc:0.8698
INFO:__main__:
【val】epoch:35/150 loss:0.3840 acc:0.8182
INFO:__main__:
【Val】:  SENS: 0.7886  SPEC: 0.8424  PPV: 0.8039  NPV: 0.8295 F1:0.7962
INFO:__main__:验证的best_acc:0.8409
INFO:__main__:----------------------------------------------------------------------------------------------------
INFO:__main__:
【train】epoch:36/150 loss:0.3063 acc:0.8659
INFO:__main__:
【val】epoch:36/150 loss:0.3935 acc:0.8054
INFO:__main__:
【Val】:  SENS: 0.8580  SPEC: 0.7623  PPV: 0.7473  NPV: 0.8676 F1:0.7988
INFO:__main__:验证的best_acc:0.8409
INFO:__main__:----------------------------------------------------------------------------------------------------
INFO:__main__:
【train】epoch:37/150 loss:0.2974 acc:0.8769
INFO:__main__:
【val】epoch:37/150 loss:0.3754 acc:0.8253
INFO:__main__:
【Val】:  SENS: 0.8107  SPEC: 0.8372  PPV: 0.8031  NPV: 0.8438 F1:0.8069
INFO:__main__:验证的best_acc:0.8409
INFO:__main__:----------------------------------------------------------------------------------------------------
INFO:__main__:
【train】epoch:38/150 loss:0.3021 acc:0.8731
INFO:__main__:
【val】epoch:38/150 loss:0.4067 acc:0.7940
INFO:__main__:
【Val】:  SENS: 0.8580  SPEC: 0.7416  PPV: 0.7312  NPV: 0.8645 F1:0.7896
INFO:__main__:验证的best_acc:0.8409
INFO:__main__:----------------------------------------------------------------------------------------------------
INFO:__main__:
【train】epoch:39/150 loss:0.2981 acc:0.8729
INFO:__main__:
【val】epoch:39/150 loss:0.3991 acc:0.8026
INFO:__main__:
【Val】:  SENS: 0.8644  SPEC: 0.7519  PPV: 0.7405  NPV: 0.8713 F1:0.7977
INFO:__main__:验证的best_acc:0.8409
INFO:__main__:----------------------------------------------------------------------------------------------------
INFO:__main__:
【train】epoch:40/150 loss:0.2977 acc:0.8738
INFO:__main__:
【val】epoch:40/150 loss:0.3775 acc:0.8239
INFO:__main__:
【Val】:  SENS: 0.8486  SPEC: 0.8036  PPV: 0.7797  NPV: 0.8663 F1:0.8127
INFO:__main__:验证的best_acc:0.8409
INFO:__main__:----------------------------------------------------------------------------------------------------
INFO:__main__:
【train】epoch:41/150 loss:0.3021 acc:0.8722
INFO:__main__:
【val】epoch:41/150 loss:0.4046 acc:0.8068
INFO:__main__:
【Val】:  SENS: 0.8265  SPEC: 0.7907  PPV: 0.7638  NPV: 0.8476 F1:0.7939
INFO:__main__:验证的best_acc:0.8409
INFO:__main__:----------------------------------------------------------------------------------------------------
INFO:__main__:
【train】epoch:42/150 loss:0.2919 acc:0.8727
INFO:__main__:
【val】epoch:42/150 loss:0.3835 acc:0.8338
INFO:__main__:
【Val】:  SENS: 0.8738  SPEC: 0.8010  PPV: 0.7825  NPV: 0.8857 F1:0.8256
INFO:__main__:验证的best_acc:0.8409
INFO:__main__:----------------------------------------------------------------------------------------------------
INFO:__main__:
【train】epoch:43/150 loss:0.2919 acc:0.8802
INFO:__main__:
【val】epoch:43/150 loss:0.3945 acc:0.8210
INFO:__main__:
【Val】:  SENS: 0.9085  SPEC: 0.7494  PPV: 0.7481  NPV: 0.9091 F1:0.8205
INFO:__main__:验证的best_acc:0.8409
INFO:__main__:----------------------------------------------------------------------------------------------------
INFO:__main__:
【train】epoch:44/150 loss:0.2847 acc:0.8815
INFO:__main__:
【val】epoch:44/150 loss:0.3603 acc:0.8381
INFO:__main__:
【Val】:  SENS: 0.8360  SPEC: 0.8398  PPV: 0.8104  NPV: 0.8621 F1:0.8230
INFO:__main__:验证的best_acc:0.8409
INFO:__main__:----------------------------------------------------------------------------------------------------
INFO:__main__:
【train】epoch:45/150 loss:0.2921 acc:0.8764
INFO:__main__:
【val】epoch:45/150 loss:0.4109 acc:0.8011
INFO:__main__:
【Val】:  SENS: 0.8612  SPEC: 0.7519  PPV: 0.7398  NPV: 0.8687 F1:0.7959
INFO:__main__:验证的best_acc:0.8409
INFO:__main__:----------------------------------------------------------------------------------------------------
INFO:__main__:
【train】epoch:46/150 loss:0.2818 acc:0.8823
INFO:__main__:
【val】epoch:46/150 loss:0.3927 acc:0.8295
INFO:__main__:
【Val】:  SENS: 0.8833  SPEC: 0.7855  PPV: 0.7713  NPV: 0.8915 F1:0.8235
INFO:__main__:验证的best_acc:0.8409
INFO:__main__:----------------------------------------------------------------------------------------------------
INFO:__main__:
【train】epoch:47/150 loss:0.2859 acc:0.8809
INFO:__main__:
【val】epoch:47/150 loss:0.3744 acc:0.8182
INFO:__main__:
【Val】:  SENS: 0.8675  SPEC: 0.7778  PPV: 0.7618  NPV: 0.8776 F1:0.8112
INFO:__main__:验证的best_acc:0.8409
INFO:__main__:----------------------------------------------------------------------------------------------------
INFO:__main__:
【train】epoch:48/150 loss:0.2777 acc:0.8860
INFO:__main__:
【val】epoch:48/150 loss:0.3975 acc:0.8068
INFO:__main__:
【Val】:  SENS: 0.8707  SPEC: 0.7545  PPV: 0.7439  NPV: 0.8769 F1:0.8023
INFO:__main__:验证的best_acc:0.8409
INFO:__main__:----------------------------------------------------------------------------------------------------
INFO:__main__:
【train】epoch:49/150 loss:0.2725 acc:0.8898
INFO:__main__:
【val】epoch:49/150 loss:0.4074 acc:0.8168
INFO:__main__:
【Val】:  SENS: 0.8233  SPEC: 0.8114  PPV: 0.7814  NPV: 0.8486 F1:0.8018
INFO:__main__:验证的best_acc:0.8409
INFO:__main__:----------------------------------------------------------------------------------------------------
INFO:__main__:
【train】epoch:50/150 loss:0.2708 acc:0.8877
INFO:__main__:
【val】epoch:50/150 loss:0.3483 acc:0.8480
INFO:__main__:
【Val】:  SENS: 0.8391  SPEC: 0.8553  PPV: 0.8261  NPV: 0.8665 F1:0.8326
INFO:__main__:验证的best_acc:0.8480
INFO:__main__:----------------------------------------------------------------------------------------------------
INFO:__main__:
【train】epoch:51/150 loss:0.2671 acc:0.8862
INFO:__main__:
【val】epoch:51/150 loss:0.3876 acc:0.8324
INFO:__main__:
【Val】:  SENS: 0.8391  SPEC: 0.8269  PPV: 0.7988  NPV: 0.8625 F1:0.8185
INFO:__main__:验证的best_acc:0.8480
INFO:__main__:----------------------------------------------------------------------------------------------------
INFO:__main__:
【train】epoch:52/150 loss:0.2659 acc:0.8886
INFO:__main__:
【val】epoch:52/150 loss:0.4190 acc:0.8267
INFO:__main__:
【Val】:  SENS: 0.8202  SPEC: 0.8320  PPV: 0.8000  NPV: 0.8496 F1:0.8100
INFO:__main__:验证的best_acc:0.8480
INFO:__main__:----------------------------------------------------------------------------------------------------
INFO:__main__:
【train】epoch:53/150 loss:0.2732 acc:0.8848
INFO:__main__:
【val】epoch:53/150 loss:0.3707 acc:0.8352
INFO:__main__:
【Val】:  SENS: 0.8927  SPEC: 0.7881  PPV: 0.7753  NPV: 0.8997 F1:0.8299
INFO:__main__:验证的best_acc:0.8480
INFO:__main__:----------------------------------------------------------------------------------------------------
INFO:__main__:
【train】epoch:54/150 loss:0.2675 acc:0.8900
INFO:__main__:
【val】epoch:54/150 loss:0.3647 acc:0.8253
INFO:__main__:
【Val】:  SENS: 0.8076  SPEC: 0.8398  PPV: 0.8050  NPV: 0.8420 F1:0.8063
INFO:__main__:验证的best_acc:0.8480
INFO:__main__:----------------------------------------------------------------------------------------------------
INFO:__main__:
【train】epoch:55/150 loss:0.2639 acc:0.8914
INFO:__main__:
【val】epoch:55/150 loss:0.3722 acc:0.8324
INFO:__main__:
【Val】:  SENS: 0.8391  SPEC: 0.8269  PPV: 0.7988  NPV: 0.8625 F1:0.8185
INFO:__main__:验证的best_acc:0.8480
INFO:__main__:----------------------------------------------------------------------------------------------------
INFO:__main__:
【train】epoch:56/150 loss:0.2724 acc:0.8860
INFO:__main__:
【val】epoch:56/150 loss:0.3799 acc:0.8196
INFO:__main__:
【Val】:  SENS: 0.8202  SPEC: 0.8191  PPV: 0.7879  NPV: 0.8476 F1:0.8037
INFO:__main__:验证的best_acc:0.8480
INFO:__main__:----------------------------------------------------------------------------------------------------
INFO:__main__:
【train】epoch:57/150 loss:0.2565 acc:0.8973
INFO:__main__:
【val】epoch:57/150 loss:0.3928 acc:0.8253
INFO:__main__:
【Val】:  SENS: 0.8644  SPEC: 0.7933  PPV: 0.7740  NPV: 0.8771 F1:0.8167
INFO:__main__:验证的best_acc:0.8480
INFO:__main__:----------------------------------------------------------------------------------------------------
INFO:__main__:
【train】epoch:58/150 loss:0.2607 acc:0.8904
INFO:__main__:
【val】epoch:58/150 loss:0.3922 acc:0.8310
INFO:__main__:
【Val】:  SENS: 0.8738  SPEC: 0.7959  PPV: 0.7781  NPV: 0.8851 F1:0.8232
INFO:__main__:验证的best_acc:0.8480
INFO:__main__:----------------------------------------------------------------------------------------------------
INFO:__main__:
【train】epoch:59/150 loss:0.2541 acc:0.8937
INFO:__main__:
【val】epoch:59/150 loss:0.4038 acc:0.8281
INFO:__main__:
【Val】:  SENS: 0.9085  SPEC: 0.7623  PPV: 0.7579  NPV: 0.9105 F1:0.8264
INFO:__main__:验证的best_acc:0.8480
INFO:__main__:----------------------------------------------------------------------------------------------------
INFO:__main__:
【train】epoch:60/150 loss:0.2535 acc:0.8916
INFO:__main__:
【val】epoch:60/150 loss:0.3918 acc:0.8423
INFO:__main__:
【Val】:  SENS: 0.8927  SPEC: 0.8010  PPV: 0.7861  NPV: 0.9012 F1:0.8360
INFO:__main__:验证的best_acc:0.8480
INFO:__main__:----------------------------------------------------------------------------------------------------
INFO:__main__:
【train】epoch:61/150 loss:0.2555 acc:0.8940
INFO:__main__:
【val】epoch:61/150 loss:0.3623 acc:0.8509
INFO:__main__:
【Val】:  SENS: 0.8517  SPEC: 0.8501  PPV: 0.8232  NPV: 0.8750 F1:0.8372
INFO:__main__:验证的best_acc:0.8509
INFO:__main__:----------------------------------------------------------------------------------------------------
INFO:__main__:
【train】epoch:62/150 loss:0.2437 acc:0.8949
INFO:__main__:
【val】epoch:62/150 loss:0.3988 acc:0.8267
INFO:__main__:
【Val】:  SENS: 0.8770  SPEC: 0.7855  PPV: 0.7701  NPV: 0.8863 F1:0.8201
INFO:__main__:验证的best_acc:0.8509
INFO:__main__:----------------------------------------------------------------------------------------------------
INFO:__main__:
【train】epoch:63/150 loss:0.2449 acc:0.8980
INFO:__main__:
【val】epoch:63/150 loss:0.3678 acc:0.8253
INFO:__main__:
【Val】:  SENS: 0.8013  SPEC: 0.8450  PPV: 0.8089  NPV: 0.8385 F1:0.8051
INFO:__main__:验证的best_acc:0.8509
INFO:__main__:----------------------------------------------------------------------------------------------------
INFO:__main__:
【train】epoch:64/150 loss:0.2375 acc:0.8986
INFO:__main__:
【val】epoch:64/150 loss:0.3747 acc:0.8452
INFO:__main__:
【Val】:  SENS: 0.8833  SPEC: 0.8140  PPV: 0.7955  NPV: 0.8949 F1:0.8371
INFO:__main__:验证的best_acc:0.8509
INFO:__main__:----------------------------------------------------------------------------------------------------
INFO:__main__:
【train】epoch:65/150 loss:0.2450 acc:0.9001
INFO:__main__:
【val】epoch:65/150 loss:0.4421 acc:0.8111
INFO:__main__:
【Val】:  SENS: 0.7066  SPEC: 0.8966  PPV: 0.8485  NPV: 0.7886 F1:0.7711
INFO:__main__:验证的best_acc:0.8509
INFO:__main__:----------------------------------------------------------------------------------------------------
INFO:__main__:
【train】epoch:66/150 loss:0.2453 acc:0.9015
INFO:__main__:
【val】epoch:66/150 loss:0.4326 acc:0.8196
INFO:__main__:
【Val】:  SENS: 0.7382  SPEC: 0.8863  PPV: 0.8417  NPV: 0.8052 F1:0.7866
INFO:__main__:验证的best_acc:0.8509
INFO:__main__:----------------------------------------------------------------------------------------------------
INFO:__main__:
【train】epoch:67/150 loss:0.2483 acc:0.8966
INFO:__main__:
【val】epoch:67/150 loss:0.3982 acc:0.8281
INFO:__main__:
【Val】:  SENS: 0.7382  SPEC: 0.9018  PPV: 0.8603  NPV: 0.8079 F1:0.7946
INFO:__main__:验证的best_acc:0.8509
INFO:__main__:----------------------------------------------------------------------------------------------------
INFO:__main__:
【train】epoch:68/150 loss:0.2340 acc:0.9007
INFO:__main__:
【val】epoch:68/150 loss:0.3975 acc:0.8125
INFO:__main__:
【Val】:  SENS: 0.9243  SPEC: 0.7209  PPV: 0.7307  NPV: 0.9208 F1:0.8162
INFO:__main__:验证的best_acc:0.8509
INFO:__main__:----------------------------------------------------------------------------------------------------
INFO:__main__:
【train】epoch:69/150 loss:0.2379 acc:0.9008
INFO:__main__:
【val】epoch:69/150 loss:0.3478 acc:0.8338
INFO:__main__:
【Val】:  SENS: 0.8675  SPEC: 0.8062  PPV: 0.7857  NPV: 0.8814 F1:0.8246
INFO:__main__:验证的best_acc:0.8509
INFO:__main__:----------------------------------------------------------------------------------------------------
INFO:__main__:
【train】epoch:70/150 loss:0.2253 acc:0.9120
INFO:__main__:
【val】epoch:70/150 loss:0.3791 acc:0.8366
INFO:__main__:
【Val】:  SENS: 0.8580  SPEC: 0.8191  PPV: 0.7953  NPV: 0.8757 F1:0.8255
INFO:__main__:验证的best_acc:0.8509
INFO:__main__:----------------------------------------------------------------------------------------------------
INFO:__main__:
【train】epoch:71/150 loss:0.2298 acc:0.9045
INFO:__main__:
【val】epoch:71/150 loss:0.4152 acc:0.8224
INFO:__main__:
【Val】:  SENS: 0.8770  SPEC: 0.7778  PPV: 0.7637  NPV: 0.8853 F1:0.8164
INFO:__main__:验证的best_acc:0.8509
INFO:__main__:----------------------------------------------------------------------------------------------------
INFO:__main__:
【train】epoch:72/150 loss:0.2265 acc:0.9136
INFO:__main__:
【val】epoch:72/150 loss:0.4352 acc:0.8097
INFO:__main__:
【Val】:  SENS: 0.9369  SPEC: 0.7054  PPV: 0.7226  NPV: 0.9317 F1:0.8159
INFO:__main__:验证的best_acc:0.8509
INFO:__main__:----------------------------------------------------------------------------------------------------
INFO:__main__:
【train】epoch:73/150 loss:0.2237 acc:0.9069
INFO:__main__:
【val】epoch:73/150 loss:0.3552 acc:0.8409
INFO:__main__:
【Val】:  SENS: 0.8391  SPEC: 0.8424  PPV: 0.8135  NPV: 0.8647 F1:0.8261
INFO:__main__:验证的best_acc:0.8509
INFO:__main__:----------------------------------------------------------------------------------------------------
INFO:__main__:
【train】epoch:74/150 loss:0.2276 acc:0.9028
INFO:__main__:
【val】epoch:74/150 loss:0.3645 acc:0.8423
INFO:__main__:
【Val】:  SENS: 0.8644  SPEC: 0.8243  PPV: 0.8012  NPV: 0.8812 F1:0.8316
INFO:__main__:验证的best_acc:0.8509
INFO:__main__:----------------------------------------------------------------------------------------------------
INFO:__main__:
【train】epoch:75/150 loss:0.2261 acc:0.9085
INFO:__main__:
【val】epoch:75/150 loss:0.3824 acc:0.8438
INFO:__main__:
【Val】:  SENS: 0.8959  SPEC: 0.8010  PPV: 0.7867  NPV: 0.9038 F1:0.8378
INFO:__main__:验证的best_acc:0.8509
INFO:__main__:----------------------------------------------------------------------------------------------------
INFO:__main__:
【train】epoch:76/150 loss:0.2265 acc:0.9042
INFO:__main__:
【val】epoch:76/150 loss:0.3913 acc:0.8324
INFO:__main__:
【Val】:  SENS: 0.9054  SPEC: 0.7726  PPV: 0.7653  NPV: 0.9088 F1:0.8295
INFO:__main__:验证的best_acc:0.8509
INFO:__main__:----------------------------------------------------------------------------------------------------
INFO:__main__:
【train】epoch:77/150 loss:0.2253 acc:0.9075
INFO:__main__:
【val】epoch:77/150 loss:0.3991 acc:0.8267
INFO:__main__:
【Val】:  SENS: 0.9022  SPEC: 0.7649  PPV: 0.7586  NPV: 0.9052 F1:0.8242
INFO:__main__:验证的best_acc:0.8509
INFO:__main__:----------------------------------------------------------------------------------------------------
INFO:__main__:
【train】epoch:78/150 loss:0.2257 acc:0.9042
INFO:__main__:
【val】epoch:78/150 loss:0.3832 acc:0.8381
INFO:__main__:
【Val】:  SENS: 0.8265  SPEC: 0.8475  PPV: 0.8162  NPV: 0.8564 F1:0.8213
INFO:__main__:验证的best_acc:0.8509
INFO:__main__:----------------------------------------------------------------------------------------------------
INFO:__main__:
【train】epoch:79/150 loss:0.2229 acc:0.9120
INFO:__main__:
【val】epoch:79/150 loss:0.4009 acc:0.8281
INFO:__main__:
【Val】:  SENS: 0.8991  SPEC: 0.7700  PPV: 0.7620  NPV: 0.9030 F1:0.8249
INFO:__main__:验证的best_acc:0.8509
INFO:__main__:----------------------------------------------------------------------------------------------------
INFO:__main__:
【train】epoch:80/150 loss:0.2109 acc:0.9110
INFO:__main__:
【val】epoch:80/150 loss:0.3627 acc:0.8438
INFO:__main__:
【Val】:  SENS: 0.8801  SPEC: 0.8140  PPV: 0.7949  NPV: 0.8924 F1:0.8353
INFO:__main__:验证的best_acc:0.8509
INFO:__main__:----------------------------------------------------------------------------------------------------
INFO:__main__:
【train】epoch:81/150 loss:0.2040 acc:0.9164
INFO:__main__:
【val】epoch:81/150 loss:0.4236 acc:0.8466
INFO:__main__:
【Val】:  SENS: 0.8738  SPEC: 0.8243  PPV: 0.8029  NPV: 0.8886 F1:0.8369
INFO:__main__:验证的best_acc:0.8509
INFO:__main__:----------------------------------------------------------------------------------------------------
INFO:__main__:
【train】epoch:82/150 loss:0.2118 acc:0.9129
INFO:__main__:
【val】epoch:82/150 loss:0.3549 acc:0.8366
INFO:__main__:
【Val】:  SENS: 0.8233  SPEC: 0.8475  PPV: 0.8156  NPV: 0.8542 F1:0.8195
INFO:__main__:验证的best_acc:0.8509
INFO:__main__:----------------------------------------------------------------------------------------------------
INFO:__main__:
【train】epoch:83/150 loss:0.2085 acc:0.9141
INFO:__main__:
【val】epoch:83/150 loss:0.4217 acc:0.8224
INFO:__main__:
【Val】:  SENS: 0.9338  SPEC: 0.7313  PPV: 0.7400  NPV: 0.9309 F1:0.8257
INFO:__main__:验证的best_acc:0.8509
INFO:__main__:----------------------------------------------------------------------------------------------------
INFO:__main__:
【train】epoch:84/150 loss:0.2067 acc:0.9183
INFO:__main__:
【val】epoch:84/150 loss:0.3402 acc:0.8565
INFO:__main__:
【Val】:  SENS: 0.8297  SPEC: 0.8786  PPV: 0.8484  NPV: 0.8629 F1:0.8389
INFO:__main__:验证的best_acc:0.8565
INFO:__main__:----------------------------------------------------------------------------------------------------
INFO:__main__:
【train】epoch:85/150 loss:0.2059 acc:0.9146
INFO:__main__:
【val】epoch:85/150 loss:0.3559 acc:0.8551
INFO:__main__:
【Val】:  SENS: 0.8770  SPEC: 0.8372  PPV: 0.8152  NPV: 0.8926 F1:0.8450
INFO:__main__:验证的best_acc:0.8565
INFO:__main__:----------------------------------------------------------------------------------------------------
INFO:__main__:
【train】epoch:86/150 loss:0.2001 acc:0.9176
INFO:__main__:
【val】epoch:86/150 loss:0.3822 acc:0.8253
INFO:__main__:
【Val】:  SENS: 0.9022  SPEC: 0.7623  PPV: 0.7566  NPV: 0.9049 F1:0.8230
INFO:__main__:验证的best_acc:0.8565
INFO:__main__:----------------------------------------------------------------------------------------------------
INFO:__main__:
【train】epoch:87/150 loss:0.2033 acc:0.9185
INFO:__main__:
【val】epoch:87/150 loss:0.3919 acc:0.8409
INFO:__main__:
【Val】:  SENS: 0.9117  SPEC: 0.7829  PPV: 0.7748  NPV: 0.9154 F1:0.8377
INFO:__main__:验证的best_acc:0.8565
INFO:__main__:----------------------------------------------------------------------------------------------------
INFO:__main__:
【train】epoch:88/150 loss:0.2036 acc:0.9174
INFO:__main__:
【val】epoch:88/150 loss:0.3582 acc:0.8381
INFO:__main__:
【Val】:  SENS: 0.8833  SPEC: 0.8010  PPV: 0.7843  NPV: 0.8934 F1:0.8309
INFO:__main__:验证的best_acc:0.8565
INFO:__main__:----------------------------------------------------------------------------------------------------
INFO:__main__:
【train】epoch:89/150 loss:0.1886 acc:0.9235
INFO:__main__:
【val】epoch:89/150 loss:0.4598 acc:0.8196
INFO:__main__:
【Val】:  SENS: 0.9085  SPEC: 0.7468  PPV: 0.7461  NPV: 0.9088 F1:0.8193
INFO:__main__:验证的best_acc:0.8565
INFO:__main__:----------------------------------------------------------------------------------------------------
INFO:__main__:
【train】epoch:90/150 loss:0.1885 acc:0.9237
INFO:__main__:
【val】epoch:90/150 loss:0.3737 acc:0.8352
INFO:__main__:
【Val】:  SENS: 0.8864  SPEC: 0.7933  PPV: 0.7784  NPV: 0.8950 F1:0.8289
INFO:__main__:验证的best_acc:0.8565
INFO:__main__:----------------------------------------------------------------------------------------------------
INFO:__main__:
【train】epoch:91/150 loss:0.1840 acc:0.9209
INFO:__main__:
【val】epoch:91/150 loss:0.3907 acc:0.8239
INFO:__main__:
【Val】:  SENS: 0.8801  SPEC: 0.7778  PPV: 0.7644  NPV: 0.8879 F1:0.8182
INFO:__main__:验证的best_acc:0.8565
INFO:__main__:----------------------------------------------------------------------------------------------------
INFO:__main__:
【train】epoch:92/150 loss:0.1848 acc:0.9279
INFO:__main__:
【val】epoch:92/150 loss:0.4281 acc:0.8438
INFO:__main__:
【Val】:  SENS: 0.9274  SPEC: 0.7752  PPV: 0.7717  NPV: 0.9288 F1:0.8424
INFO:__main__:验证的best_acc:0.8565
INFO:__main__:----------------------------------------------------------------------------------------------------
INFO:__main__:
【train】epoch:93/150 loss:0.1888 acc:0.9274
INFO:__main__:
【val】epoch:93/150 loss:0.3777 acc:0.8409
INFO:__main__:
【Val】:  SENS: 0.8265  SPEC: 0.8527  PPV: 0.8213  NPV: 0.8571 F1:0.8239
INFO:__main__:验证的best_acc:0.8565
INFO:__main__:----------------------------------------------------------------------------------------------------
INFO:__main__:
【train】epoch:94/150 loss:0.1822 acc:0.9246
INFO:__main__:
【val】epoch:94/150 loss:0.4314 acc:0.8324
INFO:__main__:
【Val】:  SENS: 0.8959  SPEC: 0.7804  PPV: 0.7696  NPV: 0.9015 F1:0.8280
INFO:__main__:验证的best_acc:0.8565
INFO:__main__:----------------------------------------------------------------------------------------------------
INFO:__main__:
【train】epoch:95/150 loss:0.1881 acc:0.9255
INFO:__main__:
【val】epoch:95/150 loss:0.3752 acc:0.8466
INFO:__main__:
【Val】:  SENS: 0.8927  SPEC: 0.8088  PPV: 0.7927  NPV: 0.9020 F1:0.8398
INFO:__main__:验证的best_acc:0.8565
INFO:__main__:----------------------------------------------------------------------------------------------------
INFO:__main__:
【train】epoch:96/150 loss:0.1803 acc:0.9269
INFO:__main__:
【val】epoch:96/150 loss:0.3972 acc:0.8438
INFO:__main__:
【Val】:  SENS: 0.8959  SPEC: 0.8010  PPV: 0.7867  NPV: 0.9038 F1:0.8378
INFO:__main__:验证的best_acc:0.8565
INFO:__main__:----------------------------------------------------------------------------------------------------
INFO:__main__:
【train】epoch:97/150 loss:0.1802 acc:0.9289
INFO:__main__:
【val】epoch:97/150 loss:0.3725 acc:0.8409
INFO:__main__:
【Val】:  SENS: 0.8927  SPEC: 0.7984  PPV: 0.7839  NPV: 0.9009 F1:0.8348
INFO:__main__:验证的best_acc:0.8565
INFO:__main__:----------------------------------------------------------------------------------------------------
INFO:__main__:
【train】epoch:98/150 loss:0.1880 acc:0.9220
INFO:__main__:
【val】epoch:98/150 loss:0.4906 acc:0.8409
INFO:__main__:
【Val】:  SENS: 0.8612  SPEC: 0.8243  PPV: 0.8006  NPV: 0.8788 F1:0.8298
INFO:__main__:验证的best_acc:0.8565
INFO:__main__:----------------------------------------------------------------------------------------------------
INFO:__main__:
【train】epoch:99/150 loss:0.1780 acc:0.9302
INFO:__main__:
【val】epoch:99/150 loss:0.3923 acc:0.8438
INFO:__main__:
【Val】:  SENS: 0.8801  SPEC: 0.8140  PPV: 0.7949  NPV: 0.8924 F1:0.8353
INFO:__main__:验证的best_acc:0.8565
INFO:__main__:----------------------------------------------------------------------------------------------------
INFO:__main__:
【train】epoch:100/150 loss:0.1736 acc:0.9300
INFO:__main__:
【val】epoch:100/150 loss:0.4124 acc:0.8523
INFO:__main__:
【Val】:  SENS: 0.8202  SPEC: 0.8786  PPV: 0.8469  NPV: 0.8564 F1:0.8333
INFO:__main__:验证的best_acc:0.8565
INFO:__main__:----------------------------------------------------------------------------------------------------
INFO:__main__:
【train】epoch:101/150 loss:0.1750 acc:0.9324
INFO:__main__:
【val】epoch:101/150 loss:0.4286 acc:0.8409
INFO:__main__:
【Val】:  SENS: 0.9054  SPEC: 0.7881  PPV: 0.7778  NPV: 0.9104 F1:0.8367
INFO:__main__:验证的best_acc:0.8565
INFO:__main__:----------------------------------------------------------------------------------------------------
INFO:__main__:
【train】epoch:102/150 loss:0.1776 acc:0.9295
INFO:__main__:
【val】epoch:102/150 loss:0.4243 acc:0.8452
INFO:__main__:
【Val】:  SENS: 0.9022  SPEC: 0.7984  PPV: 0.7857  NPV: 0.9088 F1:0.8399
INFO:__main__:验证的best_acc:0.8565
INFO:__main__:----------------------------------------------------------------------------------------------------
INFO:__main__:
【train】epoch:103/150 loss:0.1681 acc:0.9326
INFO:__main__:
【val】epoch:103/150 loss:0.3941 acc:0.8509
INFO:__main__:
【Val】:  SENS: 0.8486  SPEC: 0.8527  PPV: 0.8252  NPV: 0.8730 F1:0.8367
INFO:__main__:验证的best_acc:0.8565
INFO:__main__:----------------------------------------------------------------------------------------------------
INFO:__main__:
【train】epoch:104/150 loss:0.1694 acc:0.9316
INFO:__main__:
【val】epoch:104/150 loss:0.3949 acc:0.8509
INFO:__main__:
【Val】:  SENS: 0.8423  SPEC: 0.8579  PPV: 0.8292  NPV: 0.8691 F1:0.8357
INFO:__main__:验证的best_acc:0.8565
INFO:__main__:----------------------------------------------------------------------------------------------------
INFO:__main__:
【train】epoch:105/150 loss:0.1748 acc:0.9295
INFO:__main__:
【val】epoch:105/150 loss:0.3963 acc:0.8551
INFO:__main__:
【Val】:  SENS: 0.8801  SPEC: 0.8346  PPV: 0.8134  NPV: 0.8947 F1:0.8455
INFO:__main__:验证的best_acc:0.8565
INFO:__main__:----------------------------------------------------------------------------------------------------
INFO:__main__:
【train】epoch:106/150 loss:0.1728 acc:0.9288
INFO:__main__:
【val】epoch:106/150 loss:0.4221 acc:0.8381
INFO:__main__:
【Val】:  SENS: 0.7950  SPEC: 0.8734  PPV: 0.8372  NPV: 0.8387 F1:0.8155
INFO:__main__:验证的best_acc:0.8565
INFO:__main__:----------------------------------------------------------------------------------------------------
INFO:__main__:
【train】epoch:107/150 loss:0.1677 acc:0.9347
INFO:__main__:
【val】epoch:107/150 loss:0.4590 acc:0.8551
INFO:__main__:
【Val】:  SENS: 0.8044  SPEC: 0.8966  PPV: 0.8644  NPV: 0.8484 F1:0.8333
INFO:__main__:验证的best_acc:0.8565
INFO:__main__:----------------------------------------------------------------------------------------------------
INFO:__main__:
【train】epoch:108/150 loss:0.1661 acc:0.9342
INFO:__main__:
【val】epoch:108/150 loss:0.4372 acc:0.8480
INFO:__main__:
【Val】:  SENS: 0.8423  SPEC: 0.8527  PPV: 0.8241  NPV: 0.8684 F1:0.8331
INFO:__main__:验证的best_acc:0.8565
INFO:__main__:----------------------------------------------------------------------------------------------------
INFO:__main__:
【train】epoch:109/150 loss:0.1622 acc:0.9359
INFO:__main__:
【val】epoch:109/150 loss:0.4793 acc:0.8452
INFO:__main__:
【Val】:  SENS: 0.9117  SPEC: 0.7907  PPV: 0.7811  NPV: 0.9162 F1:0.8413
INFO:__main__:验证的best_acc:0.8565
INFO:__main__:----------------------------------------------------------------------------------------------------
INFO:__main__:
【train】epoch:110/150 loss:0.1617 acc:0.9344
INFO:__main__:
【val】epoch:110/150 loss:0.5117 acc:0.8395
INFO:__main__:
【Val】:  SENS: 0.9306  SPEC: 0.7649  PPV: 0.7642  NPV: 0.9308 F1:0.8393
INFO:__main__:验证的best_acc:0.8565
INFO:__main__:----------------------------------------------------------------------------------------------------
INFO:__main__:
【train】epoch:111/150 loss:0.1601 acc:0.9337
INFO:__main__:
【val】epoch:111/150 loss:0.5053 acc:0.8509
INFO:__main__:
【Val】:  SENS: 0.9085  SPEC: 0.8036  PPV: 0.7912  NPV: 0.9147 F1:0.8458
INFO:__main__:验证的best_acc:0.8565
INFO:__main__:----------------------------------------------------------------------------------------------------
INFO:__main__:
【train】epoch:112/150 loss:0.1557 acc:0.9394
INFO:__main__:
【val】epoch:112/150 loss:0.4702 acc:0.8509
INFO:__main__:
【Val】:  SENS: 0.8959  SPEC: 0.8140  PPV: 0.7978  NPV: 0.9052 F1:0.8440
INFO:__main__:验证的best_acc:0.8565
INFO:__main__:----------------------------------------------------------------------------------------------------
INFO:__main__:
【train】epoch:113/150 loss:0.1641 acc:0.9340
INFO:__main__:
【val】epoch:113/150 loss:0.4177 acc:0.8651
INFO:__main__:
【Val】:  SENS: 0.8297  SPEC: 0.8941  PPV: 0.8651  NPV: 0.8650 F1:0.8470
INFO:__main__:验证的best_acc:0.8651
INFO:__main__:----------------------------------------------------------------------------------------------------
INFO:__main__:
【train】epoch:114/150 loss:0.1598 acc:0.9377
INFO:__main__:
【val】epoch:114/150 loss:0.3954 acc:0.8494
INFO:__main__:
【Val】:  SENS: 0.7981  SPEC: 0.8915  PPV: 0.8576  NPV: 0.8435 F1:0.8268
INFO:__main__:验证的best_acc:0.8651
INFO:__main__:----------------------------------------------------------------------------------------------------
INFO:__main__:
【train】epoch:115/150 loss:0.1540 acc:0.9373
INFO:__main__:
【val】epoch:115/150 loss:0.4130 acc:0.8438
INFO:__main__:
【Val】:  SENS: 0.8959  SPEC: 0.8010  PPV: 0.7867  NPV: 0.9038 F1:0.8378
INFO:__main__:验证的best_acc:0.8651
INFO:__main__:----------------------------------------------------------------------------------------------------
INFO:__main__:
【train】epoch:116/150 loss:0.1460 acc:0.9426
INFO:__main__:
【val】epoch:116/150 loss:0.4937 acc:0.8310
INFO:__main__:
【Val】:  SENS: 0.8454  SPEC: 0.8191  PPV: 0.7929  NPV: 0.8661 F1:0.8183
INFO:__main__:验证的best_acc:0.8651
INFO:__main__:----------------------------------------------------------------------------------------------------
INFO:__main__:
【train】epoch:117/150 loss:0.1571 acc:0.9347
INFO:__main__:
【val】epoch:117/150 loss:0.5073 acc:0.8580
INFO:__main__:
【Val】:  SENS: 0.8896  SPEC: 0.8320  PPV: 0.8127  NPV: 0.9020 F1:0.8494
INFO:__main__:验证的best_acc:0.8651
INFO:__main__:----------------------------------------------------------------------------------------------------
INFO:__main__:
【train】epoch:118/150 loss:0.1584 acc:0.9333
INFO:__main__:
【val】epoch:118/150 loss:0.4550 acc:0.8509
INFO:__main__:
【Val】:  SENS: 0.8864  SPEC: 0.8217  PPV: 0.8029  NPV: 0.8983 F1:0.8426
INFO:__main__:验证的best_acc:0.8651
INFO:__main__:----------------------------------------------------------------------------------------------------
INFO:__main__:
【train】epoch:119/150 loss:0.1527 acc:0.9415
INFO:__main__:
【val】epoch:119/150 loss:0.5206 acc:0.8537
INFO:__main__:
【Val】:  SENS: 0.8833  SPEC: 0.8295  PPV: 0.8092  NPV: 0.8966 F1:0.8446
INFO:__main__:验证的best_acc:0.8651
INFO:__main__:----------------------------------------------------------------------------------------------------
INFO:__main__:
【train】epoch:120/150 loss:0.1418 acc:0.9415
INFO:__main__:
【val】epoch:120/150 loss:0.4733 acc:0.8366
INFO:__main__:
【Val】:  SENS: 0.8170  SPEC: 0.8527  PPV: 0.8196  NPV: 0.8505 F1:0.8183
INFO:__main__:验证的best_acc:0.8651
INFO:__main__:----------------------------------------------------------------------------------------------------
INFO:__main__:
【train】epoch:121/150 loss:0.1565 acc:0.9366
INFO:__main__:
【val】epoch:121/150 loss:0.4675 acc:0.8551
INFO:__main__:
【Val】:  SENS: 0.8391  SPEC: 0.8682  PPV: 0.8391  NPV: 0.8682 F1:0.8391
INFO:__main__:验证的best_acc:0.8651
INFO:__main__:----------------------------------------------------------------------------------------------------
INFO:__main__:
【train】epoch:122/150 loss:0.1485 acc:0.9384
INFO:__main__:
【val】epoch:122/150 loss:0.4352 acc:0.8608
INFO:__main__:
【Val】:  SENS: 0.8202  SPEC: 0.8941  PPV: 0.8638  NPV: 0.8586 F1:0.8414
INFO:__main__:验证的best_acc:0.8651
INFO:__main__:----------------------------------------------------------------------------------------------------
INFO:__main__:
【train】epoch:123/150 loss:0.1409 acc:0.9455
INFO:__main__:
【val】epoch:123/150 loss:0.5658 acc:0.8509
INFO:__main__:
【Val】:  SENS: 0.9117  SPEC: 0.8010  PPV: 0.7896  NPV: 0.9172 F1:0.8463
INFO:__main__:验证的best_acc:0.8651
INFO:__main__:----------------------------------------------------------------------------------------------------
INFO:__main__:
【train】epoch:124/150 loss:0.1494 acc:0.9394
INFO:__main__:
【val】epoch:124/150 loss:0.5271 acc:0.8494
INFO:__main__:
【Val】:  SENS: 0.8612  SPEC: 0.8398  PPV: 0.8149  NPV: 0.8808 F1:0.8374
INFO:__main__:验证的best_acc:0.8651
INFO:__main__:----------------------------------------------------------------------------------------------------
INFO:__main__:
【train】epoch:125/150 loss:0.1520 acc:0.9408
INFO:__main__:
【val】epoch:125/150 loss:0.4990 acc:0.8651
INFO:__main__:
【Val】:  SENS: 0.8675  SPEC: 0.8630  PPV: 0.8384  NPV: 0.8883 F1:0.8527
INFO:__main__:验证的best_acc:0.8651
INFO:__main__:----------------------------------------------------------------------------------------------------
INFO:__main__:
【train】epoch:126/150 loss:0.1424 acc:0.9419
INFO:__main__:
【val】epoch:126/150 loss:0.4379 acc:0.8651
INFO:__main__:
【Val】:  SENS: 0.8580  SPEC: 0.8708  PPV: 0.8447  NPV: 0.8822 F1:0.8513
INFO:__main__:验证的best_acc:0.8651
INFO:__main__:----------------------------------------------------------------------------------------------------
INFO:__main__:
【train】epoch:127/150 loss:0.1353 acc:0.9469
INFO:__main__:
【val】epoch:127/150 loss:0.5129 acc:0.8551
INFO:__main__:
【Val】:  SENS: 0.8202  SPEC: 0.8837  PPV: 0.8525  NPV: 0.8571 F1:0.8360
INFO:__main__:验证的best_acc:0.8651
INFO:__main__:----------------------------------------------------------------------------------------------------
INFO:__main__:
【train】epoch:128/150 loss:0.1372 acc:0.9438
INFO:__main__:
【val】epoch:128/150 loss:0.4996 acc:0.8565
INFO:__main__:
【Val】:  SENS: 0.8770  SPEC: 0.8398  PPV: 0.8176  NPV: 0.8929 F1:0.8463
INFO:__main__:验证的best_acc:0.8651
INFO:__main__:----------------------------------------------------------------------------------------------------
INFO:__main__:
【train】epoch:129/150 loss:0.1414 acc:0.9415
INFO:__main__:
【val】epoch:129/150 loss:0.4716 acc:0.8778
INFO:__main__:
【Val】:  SENS: 0.8801  SPEC: 0.8760  PPV: 0.8532  NPV: 0.8992 F1:0.8665
INFO:__main__:验证的best_acc:0.8778
INFO:__main__:----------------------------------------------------------------------------------------------------
INFO:__main__:
【train】epoch:130/150 loss:0.1394 acc:0.9443
INFO:__main__:
【val】epoch:130/150 loss:0.4264 acc:0.8494
INFO:__main__:
【Val】:  SENS: 0.8580  SPEC: 0.8424  PPV: 0.8168  NPV: 0.8787 F1:0.8369
INFO:__main__:验证的best_acc:0.8778
INFO:__main__:----------------------------------------------------------------------------------------------------
INFO:__main__:
【train】epoch:131/150 loss:0.1277 acc:0.9499
INFO:__main__:
【val】epoch:131/150 loss:0.5181 acc:0.8494
INFO:__main__:
【Val】:  SENS: 0.8580  SPEC: 0.8424  PPV: 0.8168  NPV: 0.8787 F1:0.8369
INFO:__main__:验证的best_acc:0.8778
INFO:__main__:----------------------------------------------------------------------------------------------------
INFO:__main__:
【train】epoch:132/150 loss:0.1293 acc:0.9454
INFO:__main__:
【val】epoch:132/150 loss:0.5247 acc:0.8693
INFO:__main__:
【Val】:  SENS: 0.8423  SPEC: 0.8915  PPV: 0.8641  NPV: 0.8734 F1:0.8530
INFO:__main__:验证的best_acc:0.8778
INFO:__main__:----------------------------------------------------------------------------------------------------
INFO:__main__:
【train】epoch:133/150 loss:0.1248 acc:0.9485
INFO:__main__:
【val】epoch:133/150 loss:0.5722 acc:0.8381
INFO:__main__:
【Val】:  SENS: 0.7697  SPEC: 0.8941  PPV: 0.8561  NPV: 0.8258 F1:0.8106
INFO:__main__:验证的best_acc:0.8778
INFO:__main__:----------------------------------------------------------------------------------------------------
INFO:__main__:
【train】epoch:134/150 loss:0.1264 acc:0.9506
INFO:__main__:
【val】epoch:134/150 loss:0.5102 acc:0.8452
INFO:__main__:
【Val】:  SENS: 0.7603  SPEC: 0.9147  PPV: 0.8796  NPV: 0.8233 F1:0.8156
INFO:__main__:验证的best_acc:0.8778
INFO:__main__:----------------------------------------------------------------------------------------------------
INFO:__main__:
【train】epoch:135/150 loss:0.1297 acc:0.9487
INFO:__main__:
【val】epoch:135/150 loss:0.4201 acc:0.8494
INFO:__main__:
【Val】:  SENS: 0.8139  SPEC: 0.8786  PPV: 0.8459  NPV: 0.8521 F1:0.8296
INFO:__main__:验证的best_acc:0.8778
INFO:__main__:----------------------------------------------------------------------------------------------------
INFO:__main__:
【train】epoch:136/150 loss:0.1364 acc:0.9457
INFO:__main__:
【val】epoch:136/150 loss:0.4664 acc:0.8580
INFO:__main__:
【Val】:  SENS: 0.8801  SPEC: 0.8398  PPV: 0.8182  NPV: 0.8953 F1:0.8480
INFO:__main__:验证的best_acc:0.8778
INFO:__main__:----------------------------------------------------------------------------------------------------
INFO:__main__:
【train】epoch:137/150 loss:0.1341 acc:0.9471
INFO:__main__:
【val】epoch:137/150 loss:0.4974 acc:0.8622
INFO:__main__:
【Val】:  SENS: 0.8707  SPEC: 0.8553  PPV: 0.8313  NPV: 0.8898 F1:0.8505
INFO:__main__:验证的best_acc:0.8778
INFO:__main__:----------------------------------------------------------------------------------------------------
INFO:__main__:
【train】epoch:138/150 loss:0.1366 acc:0.9431
INFO:__main__:
【val】epoch:138/150 loss:0.5321 acc:0.8423
INFO:__main__:
【Val】:  SENS: 0.8360  SPEC: 0.8475  PPV: 0.8179  NPV: 0.8632 F1:0.8268
INFO:__main__:验证的best_acc:0.8778
INFO:__main__:----------------------------------------------------------------------------------------------------
INFO:__main__:
【train】epoch:139/150 loss:0.1320 acc:0.9475
INFO:__main__:
【val】epoch:139/150 loss:0.4712 acc:0.8608
INFO:__main__:
【Val】:  SENS: 0.8360  SPEC: 0.8811  PPV: 0.8521  NPV: 0.8677 F1:0.8439
INFO:__main__:验证的best_acc:0.8778
INFO:__main__:----------------------------------------------------------------------------------------------------
INFO:__main__:
【train】epoch:140/150 loss:0.1314 acc:0.9447
INFO:__main__:
【val】epoch:140/150 loss:0.5621 acc:0.8608
INFO:__main__:
【Val】:  SENS: 0.8202  SPEC: 0.8941  PPV: 0.8638  NPV: 0.8586 F1:0.8414
INFO:__main__:验证的best_acc:0.8778
INFO:__main__:----------------------------------------------------------------------------------------------------
INFO:__main__:
【train】epoch:141/150 loss:0.1284 acc:0.9438
INFO:__main__:
【val】epoch:141/150 loss:0.4642 acc:0.8523
INFO:__main__:
【Val】:  SENS: 0.8360  SPEC: 0.8656  PPV: 0.8360  NPV: 0.8656 F1:0.8360
INFO:__main__:验证的best_acc:0.8778
INFO:__main__:----------------------------------------------------------------------------------------------------
INFO:__main__:
【train】epoch:142/150 loss:0.1259 acc:0.9513
INFO:__main__:
【val】epoch:142/150 loss:0.4729 acc:0.8537
INFO:__main__:
【Val】:  SENS: 0.7855  SPEC: 0.9096  PPV: 0.8768  NPV: 0.8381 F1:0.8286
INFO:__main__:验证的best_acc:0.8778
INFO:__main__:----------------------------------------------------------------------------------------------------
INFO:__main__:
【train】epoch:143/150 loss:0.1293 acc:0.9492
INFO:__main__:
【val】epoch:143/150 loss:0.4437 acc:0.8707
INFO:__main__:
【Val】:  SENS: 0.8233  SPEC: 0.9096  PPV: 0.8818  NPV: 0.8627 F1:0.8515
INFO:__main__:验证的best_acc:0.8778
INFO:__main__:----------------------------------------------------------------------------------------------------
INFO:__main__:
【train】epoch:144/150 loss:0.1202 acc:0.9529
INFO:__main__:
【val】epoch:144/150 loss:0.4932 acc:0.8636
INFO:__main__:
【Val】:  SENS: 0.8580  SPEC: 0.8682  PPV: 0.8421  NPV: 0.8819 F1:0.8500
INFO:__main__:验证的best_acc:0.8778
INFO:__main__:----------------------------------------------------------------------------------------------------
INFO:__main__:
【train】epoch:145/150 loss:0.1169 acc:0.9557
INFO:__main__:
【val】epoch:145/150 loss:0.5145 acc:0.8452
INFO:__main__:
【Val】:  SENS: 0.7697  SPEC: 0.9070  PPV: 0.8714  NPV: 0.8278 F1:0.8174
INFO:__main__:验证的best_acc:0.8778
INFO:__main__:----------------------------------------------------------------------------------------------------
INFO:__main__:
【train】epoch:146/150 loss:0.1158 acc:0.9525
INFO:__main__:
【val】epoch:146/150 loss:0.5017 acc:0.8366
INFO:__main__:
【Val】:  SENS: 0.8233  SPEC: 0.8475  PPV: 0.8156  NPV: 0.8542 F1:0.8195
INFO:__main__:验证的best_acc:0.8778
INFO:__main__:----------------------------------------------------------------------------------------------------
INFO:__main__:
【train】epoch:147/150 loss:0.1212 acc:0.9532
INFO:__main__:
【val】epoch:147/150 loss:0.5729 acc:0.8551
INFO:__main__:
【Val】:  SENS: 0.8202  SPEC: 0.8837  PPV: 0.8525  NPV: 0.8571 F1:0.8360
INFO:__main__:验证的best_acc:0.8778
INFO:__main__:----------------------------------------------------------------------------------------------------
INFO:__main__:
【train】epoch:148/150 loss:0.1114 acc:0.9578
INFO:__main__:
【val】epoch:148/150 loss:0.5517 acc:0.8565
INFO:__main__:
【Val】:  SENS: 0.7886  SPEC: 0.9121  PPV: 0.8803  NPV: 0.8405 F1:0.8319
INFO:__main__:验证的best_acc:0.8778
INFO:__main__:----------------------------------------------------------------------------------------------------
INFO:__main__:
【train】epoch:149/150 loss:0.1164 acc:0.9550
INFO:__main__:
【val】epoch:149/150 loss:0.5391 acc:0.8580
INFO:__main__:
【Val】:  SENS: 0.8170  SPEC: 0.8915  PPV: 0.8605  NPV: 0.8561 F1:0.8382
INFO:__main__:验证的best_acc:0.8778
INFO:__main__:----------------------------------------------------------------------------------------------------
INFO:__main__:****************************************************************************************************
INFO:__main__:Val_LOSS:['0.7097', '0.6753', '0.6803', '0.7903', '0.6405', '0.7110', '0.6889', '0.5515', '0.5538', '0.4823', '0.5691', '0.4642', '0.4810', '0.5945', '0.5447', '0.4387', '0.5508', '0.4333', '0.3960', '0.4210', '0.3879', '0.3786', '0.4114', '0.3787', '0.3709', '0.3896', '0.4091', '0.3832', '0.3732', '0.3818', '0.3745', '0.4042', '0.3718', '0.3671', '0.4002', '0.3840', '0.3935', '0.3754', '0.4067', '0.3991', '0.3775', '0.4046', '0.3835', '0.3945', '0.3603', '0.4109', '0.3927', '0.3744', '0.3975', '0.4074', '0.3483', '0.3876', '0.4190', '0.3707', '0.3647', '0.3722', '0.3799', '0.3928', '0.3922', '0.4038', '0.3918', '0.3623', '0.3988', '0.3678', '0.3747', '0.4421', '0.4326', '0.3982', '0.3975', '0.3478', '0.3791', '0.4152', '0.4352', '0.3552', '0.3645', '0.3824', '0.3913', '0.3991', '0.3832', '0.4009', '0.3627', '0.4236', '0.3549', '0.4217', '0.3402', '0.3559', '0.3822', '0.3919', '0.3582', '0.4598', '0.3737', '0.3907', '0.4281', '0.3777', '0.4314', '0.3752', '0.3972', '0.3725', '0.4906', '0.3923', '0.4124', '0.4286', '0.4243', '0.3941', '0.3949', '0.3963', '0.4221', '0.4590', '0.4372', '0.4793', '0.5117', '0.5053', '0.4702', '0.4177', '0.3954', '0.4130', '0.4937', '0.5073', '0.4550', '0.5206', '0.4733', '0.4675', '0.4352', '0.5658', '0.5271', '0.4990', '0.4379', '0.5129', '0.4996', '0.4716', '0.4264', '0.5181', '0.5247', '0.5722', '0.5102', '0.4201', '0.4664', '0.4974', '0.5321', '0.4712', '0.5621', '0.4642', '0.4729', '0.4437', '0.4932', '0.5145', '0.5017', '0.5729', '0.5517', '0.5391']
INFO:__main__:Val_ACC:['0.5668', '0.5497', '0.5213', '0.5497', '0.5881', '0.5497', '0.5312', '0.7102', '0.6648', '0.7756', '0.6406', '0.7699', '0.7401', '0.6193', '0.6705', '0.7798', '0.6548', '0.8082', '0.8281', '0.8153', '0.8196', '0.8310', '0.8168', '0.7969', '0.8310', '0.8139', '0.7940', '0.8224', '0.8295', '0.8324', '0.8409', '0.8125', '0.8253', '0.8295', '0.8068', '0.8182', '0.8054', '0.8253', '0.7940', '0.8026', '0.8239', '0.8068', '0.8338', '0.8210', '0.8381', '0.8011', '0.8295', '0.8182', '0.8068', '0.8168', '0.8480', '0.8324', '0.8267', '0.8352', '0.8253', '0.8324', '0.8196', '0.8253', '0.8310', '0.8281', '0.8423', '0.8509', '0.8267', '0.8253', '0.8452', '0.8111', '0.8196', '0.8281', '0.8125', '0.8338', '0.8366', '0.8224', '0.8097', '0.8409', '0.8423', '0.8438', '0.8324', '0.8267', '0.8381', '0.8281', '0.8438', '0.8466', '0.8366', '0.8224', '0.8565', '0.8551', '0.8253', '0.8409', '0.8381', '0.8196', '0.8352', '0.8239', '0.8438', '0.8409', '0.8324', '0.8466', '0.8438', '0.8409', '0.8409', '0.8438', '0.8523', '0.8409', '0.8452', '0.8509', '0.8509', '0.8551', '0.8381', '0.8551', '0.8480', '0.8452', '0.8395', '0.8509', '0.8509', '0.8651', '0.8494', '0.8438', '0.8310', '0.8580', '0.8509', '0.8537', '0.8366', '0.8551', '0.8608', '0.8509', '0.8494', '0.8651', '0.8651', '0.8551', '0.8565', '0.8778', '0.8494', '0.8494', '0.8693', '0.8381', '0.8452', '0.8494', '0.8580', '0.8622', '0.8423', '0.8608', '0.8608', '0.8523', '0.8537', '0.8707', '0.8636', '0.8452', '0.8366', '0.8551', '0.8565', '0.8580']
INFO:__main__:****************************************************************************************************
INFO:__main__: epoch0 测试test_Loss: 0.4400  test_ACC: 0.8721  
INFO:__main__:SENS: 0.8701 SPEC: 0.8737 PPV: 0.8521 NPV: 0.8895 F1:0.8610
INFO:__main__:test_Best_acc:0.8721
INFO:__main__:flops:2326134816.0  params:11754197.0
