INFO:__main__:
【train】epoch:0/120 loss:0.5789 acc:0.6833
INFO:__main__:
【val】epoch:0/120 loss:0.5134 acc:0.7009
INFO:__main__:
【Val】:  SENS: 0.6585  SPEC: 0.7250  PPV: 0.5768  NPV: 0.7886 F1:0.6149
INFO:__main__:验证的best_acc:0.7009
INFO:__main__:----------------------------------------------------------------------------------------------------
INFO:__main__:
【train】epoch:1/120 loss:0.5114 acc:0.7330
INFO:__main__:
【val】epoch:1/120 loss:0.5452 acc:0.7243
INFO:__main__:
【Val】:  SENS: 0.4062  SPEC: 0.9054  PPV: 0.7097  NPV: 0.7282 F1:0.5166
INFO:__main__:验证的best_acc:0.7243
INFO:__main__:----------------------------------------------------------------------------------------------------
INFO:__main__:
【train】epoch:2/120 loss:0.4577 acc:0.7753
INFO:__main__:
【val】epoch:2/120 loss:0.4047 acc:0.8203
INFO:__main__:
【Val】:  SENS: 0.7569  SPEC: 0.8564  PPV: 0.7500  NPV: 0.8609 F1:0.7534
INFO:__main__:验证的best_acc:0.8203
INFO:__main__:----------------------------------------------------------------------------------------------------
INFO:__main__:
【train】epoch:3/120 loss:0.4204 acc:0.8029
INFO:__main__:
【val】epoch:3/120 loss:0.3654 acc:0.8125
INFO:__main__:
【Val】:  SENS: 0.5908  SPEC: 0.9387  PPV: 0.8458  NPV: 0.8012 F1:0.6957
INFO:__main__:验证的best_acc:0.8203
INFO:__main__:----------------------------------------------------------------------------------------------------
INFO:__main__:
【train】epoch:4/120 loss:0.3947 acc:0.8205
INFO:__main__:
【val】epoch:4/120 loss:0.4443 acc:0.7701
INFO:__main__:
【Val】:  SENS: 0.4123  SPEC: 0.9737  PPV: 0.8993  NPV: 0.7443 F1:0.5654
INFO:__main__:验证的best_acc:0.8203
INFO:__main__:----------------------------------------------------------------------------------------------------
INFO:__main__:
【train】epoch:5/120 loss:0.3748 acc:0.8311
INFO:__main__:
【val】epoch:5/120 loss:0.4292 acc:0.7790
INFO:__main__:
【Val】:  SENS: 0.4523  SPEC: 0.9650  PPV: 0.8802  NPV: 0.7558 F1:0.5976
INFO:__main__:验证的best_acc:0.8203
INFO:__main__:----------------------------------------------------------------------------------------------------
INFO:__main__:
【train】epoch:6/120 loss:0.3589 acc:0.8424
INFO:__main__:
【val】epoch:6/120 loss:0.3679 acc:0.8225
INFO:__main__:
【Val】:  SENS: 0.5662  SPEC: 0.9685  PPV: 0.9109  NPV: 0.7968 F1:0.6983
INFO:__main__:验证的best_acc:0.8225
INFO:__main__:----------------------------------------------------------------------------------------------------
INFO:__main__:
【train】epoch:7/120 loss:0.3523 acc:0.8423
INFO:__main__:
【val】epoch:7/120 loss:0.3593 acc:0.8114
INFO:__main__:
【Val】:  SENS: 0.5569  SPEC: 0.9562  PPV: 0.8786  NPV: 0.7913 F1:0.6817
INFO:__main__:验证的best_acc:0.8225
INFO:__main__:----------------------------------------------------------------------------------------------------
INFO:__main__:
【train】epoch:8/120 loss:0.3449 acc:0.8477
INFO:__main__:
【val】epoch:8/120 loss:0.3404 acc:0.8304
INFO:__main__:
【Val】:  SENS: 0.6615  SPEC: 0.9264  PPV: 0.8366  NPV: 0.8279 F1:0.7388
INFO:__main__:验证的best_acc:0.8304
INFO:__main__:----------------------------------------------------------------------------------------------------
INFO:__main__:
【train】epoch:9/120 loss:0.3285 acc:0.8565
INFO:__main__:
【val】epoch:9/120 loss:0.3297 acc:0.8527
INFO:__main__:
【Val】:  SENS: 0.6800  SPEC: 0.9510  PPV: 0.8876  NPV: 0.8393 F1:0.7700
INFO:__main__:验证的best_acc:0.8527
INFO:__main__:----------------------------------------------------------------------------------------------------
INFO:__main__:
【train】epoch:10/120 loss:0.3149 acc:0.8629
INFO:__main__:
【val】epoch:10/120 loss:0.3292 acc:0.8404
INFO:__main__:
【Val】:  SENS: 0.6431  SPEC: 0.9527  PPV: 0.8856  NPV: 0.8242 F1:0.7451
INFO:__main__:验证的best_acc:0.8527
INFO:__main__:----------------------------------------------------------------------------------------------------
INFO:__main__:
【train】epoch:11/120 loss:0.3092 acc:0.8636
INFO:__main__:
【val】epoch:11/120 loss:0.3372 acc:0.8460
INFO:__main__:
【Val】:  SENS: 0.6862  SPEC: 0.9370  PPV: 0.8610  NPV: 0.8399 F1:0.7637
INFO:__main__:验证的best_acc:0.8527
INFO:__main__:----------------------------------------------------------------------------------------------------
INFO:__main__:
【train】epoch:12/120 loss:0.3020 acc:0.8707
INFO:__main__:
【val】epoch:12/120 loss:0.3150 acc:0.8527
INFO:__main__:
【Val】:  SENS: 0.7538  SPEC: 0.9089  PPV: 0.8249  NPV: 0.8664 F1:0.7878
INFO:__main__:验证的best_acc:0.8527
INFO:__main__:----------------------------------------------------------------------------------------------------
INFO:__main__:
【train】epoch:13/120 loss:0.2961 acc:0.8701
INFO:__main__:
【val】epoch:13/120 loss:0.3366 acc:0.8382
INFO:__main__:
【Val】:  SENS: 0.6523  SPEC: 0.9440  PPV: 0.8689  NPV: 0.8267 F1:0.7452
INFO:__main__:验证的best_acc:0.8527
INFO:__main__:----------------------------------------------------------------------------------------------------
INFO:__main__:
【train】epoch:14/120 loss:0.2946 acc:0.8734
INFO:__main__:
【val】epoch:14/120 loss:0.3223 acc:0.8504
INFO:__main__:
【Val】:  SENS: 0.7415  SPEC: 0.9124  PPV: 0.8282  NPV: 0.8612 F1:0.7825
INFO:__main__:验证的best_acc:0.8527
INFO:__main__:----------------------------------------------------------------------------------------------------
INFO:__main__:
【train】epoch:15/120 loss:0.2820 acc:0.8777
INFO:__main__:
【val】epoch:15/120 loss:0.3513 acc:0.8415
INFO:__main__:
【Val】:  SENS: 0.7015  SPEC: 0.9212  PPV: 0.8352  NPV: 0.8443 F1:0.7625
INFO:__main__:验证的best_acc:0.8527
INFO:__main__:----------------------------------------------------------------------------------------------------
INFO:__main__:
【train】epoch:16/120 loss:0.2763 acc:0.8808
INFO:__main__:
【val】epoch:16/120 loss:0.4312 acc:0.7958
INFO:__main__:
【Val】:  SENS: 0.5415  SPEC: 0.9405  PPV: 0.8381  NPV: 0.7828 F1:0.6579
INFO:__main__:验证的best_acc:0.8527
INFO:__main__:----------------------------------------------------------------------------------------------------
INFO:__main__:
【train】epoch:17/120 loss:0.2706 acc:0.8856
INFO:__main__:
【val】epoch:17/120 loss:0.3332 acc:0.8449
INFO:__main__:
【Val】:  SENS: 0.8031  SPEC: 0.8687  PPV: 0.7768  NPV: 0.8857 F1:0.7897
INFO:__main__:验证的best_acc:0.8527
INFO:__main__:----------------------------------------------------------------------------------------------------
INFO:__main__:
【train】epoch:18/120 loss:0.2670 acc:0.8865
INFO:__main__:
【val】epoch:18/120 loss:0.3446 acc:0.8516
INFO:__main__:
【Val】:  SENS: 0.7200  SPEC: 0.9264  PPV: 0.8478  NPV: 0.8532 F1:0.7787
INFO:__main__:验证的best_acc:0.8527
INFO:__main__:----------------------------------------------------------------------------------------------------
INFO:__main__:
【train】epoch:19/120 loss:0.2446 acc:0.8963
INFO:__main__:
【val】epoch:19/120 loss:0.3475 acc:0.8538
INFO:__main__:
【Val】:  SENS: 0.7508  SPEC: 0.9124  PPV: 0.8299  NPV: 0.8654 F1:0.7884
INFO:__main__:验证的best_acc:0.8538
INFO:__main__:----------------------------------------------------------------------------------------------------
INFO:__main__:
【train】epoch:20/120 loss:0.2443 acc:0.8977
INFO:__main__:
【val】epoch:20/120 loss:0.3539 acc:0.8504
INFO:__main__:
【Val】:  SENS: 0.6862  SPEC: 0.9440  PPV: 0.8745  NPV: 0.8409 F1:0.7690
INFO:__main__:验证的best_acc:0.8538
INFO:__main__:----------------------------------------------------------------------------------------------------
INFO:__main__:
【train】epoch:21/120 loss:0.2429 acc:0.8988
INFO:__main__:
【val】epoch:21/120 loss:0.3174 acc:0.8739
INFO:__main__:
【Val】:  SENS: 0.8462  SPEC: 0.8897  PPV: 0.8136  NPV: 0.9104 F1:0.8296
INFO:__main__:验证的best_acc:0.8739
INFO:__main__:----------------------------------------------------------------------------------------------------
INFO:__main__:
【train】epoch:22/120 loss:0.2350 acc:0.8996
INFO:__main__:
【val】epoch:22/120 loss:0.3161 acc:0.8616
INFO:__main__:
【Val】:  SENS: 0.7692  SPEC: 0.9142  PPV: 0.8361  NPV: 0.8744 F1:0.8013
INFO:__main__:验证的best_acc:0.8739
INFO:__main__:----------------------------------------------------------------------------------------------------
INFO:__main__:
【train】epoch:23/120 loss:0.2304 acc:0.9008
INFO:__main__:
【val】epoch:23/120 loss:0.3075 acc:0.8817
INFO:__main__:
【Val】:  SENS: 0.8246  SPEC: 0.9142  PPV: 0.8454  NPV: 0.9016 F1:0.8349
INFO:__main__:验证的best_acc:0.8817
INFO:__main__:----------------------------------------------------------------------------------------------------
INFO:__main__:
【train】epoch:24/120 loss:0.2316 acc:0.9069
INFO:__main__:
【val】epoch:24/120 loss:0.3144 acc:0.8817
INFO:__main__:
【Val】:  SENS: 0.8123  SPEC: 0.9212  PPV: 0.8544  NPV: 0.8961 F1:0.8328
INFO:__main__:验证的best_acc:0.8817
INFO:__main__:----------------------------------------------------------------------------------------------------
INFO:__main__:
【train】epoch:25/120 loss:0.2253 acc:0.9065
INFO:__main__:
【val】epoch:25/120 loss:0.3449 acc:0.8683
INFO:__main__:
【Val】:  SENS: 0.8554  SPEC: 0.8757  PPV: 0.7966  NPV: 0.9141 F1:0.8249
INFO:__main__:验证的best_acc:0.8817
INFO:__main__:----------------------------------------------------------------------------------------------------
INFO:__main__:
【train】epoch:26/120 loss:0.2203 acc:0.9075
INFO:__main__:
【val】epoch:26/120 loss:0.3496 acc:0.8616
INFO:__main__:
【Val】:  SENS: 0.7938  SPEC: 0.9002  PPV: 0.8190  NPV: 0.8847 F1:0.8062
INFO:__main__:验证的best_acc:0.8817
INFO:__main__:----------------------------------------------------------------------------------------------------
INFO:__main__:
【train】epoch:27/120 loss:0.2087 acc:0.9111
INFO:__main__:
【val】epoch:27/120 loss:0.3197 acc:0.8583
INFO:__main__:
【Val】:  SENS: 0.7569  SPEC: 0.9159  PPV: 0.8367  NPV: 0.8688 F1:0.7948
INFO:__main__:验证的best_acc:0.8817
INFO:__main__:----------------------------------------------------------------------------------------------------
INFO:__main__:
【train】epoch:28/120 loss:0.2146 acc:0.9106
INFO:__main__:
【val】epoch:28/120 loss:0.3196 acc:0.8683
INFO:__main__:
【Val】:  SENS: 0.7785  SPEC: 0.9194  PPV: 0.8462  NPV: 0.8794 F1:0.8109
INFO:__main__:验证的best_acc:0.8817
INFO:__main__:----------------------------------------------------------------------------------------------------
INFO:__main__:
【train】epoch:29/120 loss:0.1971 acc:0.9217
INFO:__main__:
【val】epoch:29/120 loss:0.3193 acc:0.8750
INFO:__main__:
【Val】:  SENS: 0.8523  SPEC: 0.8879  PPV: 0.8123  NPV: 0.9135 F1:0.8318
INFO:__main__:验证的best_acc:0.8817
INFO:__main__:----------------------------------------------------------------------------------------------------
INFO:__main__:
【train】epoch:30/120 loss:0.1930 acc:0.9234
INFO:__main__:
【val】epoch:30/120 loss:0.3366 acc:0.8828
INFO:__main__:
【Val】:  SENS: 0.8308  SPEC: 0.9124  PPV: 0.8438  NPV: 0.9045 F1:0.8372
INFO:__main__:验证的best_acc:0.8828
INFO:__main__:----------------------------------------------------------------------------------------------------
INFO:__main__:
【train】epoch:31/120 loss:0.1756 acc:0.9235
INFO:__main__:
【val】epoch:31/120 loss:0.4596 acc:0.8717
INFO:__main__:
【Val】:  SENS: 0.8369  SPEC: 0.8914  PPV: 0.8144  NPV: 0.9057 F1:0.8255
INFO:__main__:验证的best_acc:0.8828
INFO:__main__:----------------------------------------------------------------------------------------------------
INFO:__main__:
【train】epoch:32/120 loss:0.1837 acc:0.9240
INFO:__main__:
【val】epoch:32/120 loss:0.2952 acc:0.8884
INFO:__main__:
【Val】:  SENS: 0.8492  SPEC: 0.9107  PPV: 0.8440  NPV: 0.9139 F1:0.8466
INFO:__main__:验证的best_acc:0.8884
INFO:__main__:----------------------------------------------------------------------------------------------------
INFO:__main__:
【train】epoch:33/120 loss:0.1817 acc:0.9221
INFO:__main__:
【val】epoch:33/120 loss:0.3916 acc:0.8750
INFO:__main__:
【Val】:  SENS: 0.8400  SPEC: 0.8949  PPV: 0.8198  NPV: 0.9076 F1:0.8298
INFO:__main__:验证的best_acc:0.8884
INFO:__main__:----------------------------------------------------------------------------------------------------
INFO:__main__:
【train】epoch:34/120 loss:0.1770 acc:0.9273
INFO:__main__:
【val】epoch:34/120 loss:0.3533 acc:0.8739
INFO:__main__:
【Val】:  SENS: 0.8277  SPEC: 0.9002  PPV: 0.8252  NPV: 0.9018 F1:0.8264
INFO:__main__:验证的best_acc:0.8884
INFO:__main__:----------------------------------------------------------------------------------------------------
INFO:__main__:
【train】epoch:35/120 loss:0.1743 acc:0.9289
INFO:__main__:
【val】epoch:35/120 loss:0.3524 acc:0.8828
INFO:__main__:
【Val】:  SENS: 0.8185  SPEC: 0.9194  PPV: 0.8526  NPV: 0.8990 F1:0.8352
INFO:__main__:验证的best_acc:0.8884
INFO:__main__:----------------------------------------------------------------------------------------------------
INFO:__main__:
【train】epoch:36/120 loss:0.1748 acc:0.9284
INFO:__main__:
【val】epoch:36/120 loss:0.3708 acc:0.8828
INFO:__main__:
【Val】:  SENS: 0.8338  SPEC: 0.9107  PPV: 0.8416  NPV: 0.9059 F1:0.8377
INFO:__main__:验证的best_acc:0.8884
INFO:__main__:----------------------------------------------------------------------------------------------------
INFO:__main__:
【train】epoch:37/120 loss:0.1705 acc:0.9304
INFO:__main__:
【val】epoch:37/120 loss:0.3956 acc:0.8817
INFO:__main__:
【Val】:  SENS: 0.8554  SPEC: 0.8967  PPV: 0.8249  NPV: 0.9159 F1:0.8399
INFO:__main__:验证的best_acc:0.8884
INFO:__main__:----------------------------------------------------------------------------------------------------
INFO:__main__:
【train】epoch:38/120 loss:0.1769 acc:0.9276
INFO:__main__:
【val】epoch:38/120 loss:0.3556 acc:0.8661
INFO:__main__:
【Val】:  SENS: 0.8123  SPEC: 0.8967  PPV: 0.8173  NPV: 0.8935 F1:0.8148
INFO:__main__:验证的best_acc:0.8884
INFO:__main__:----------------------------------------------------------------------------------------------------
INFO:__main__:
【train】epoch:39/120 loss:0.1606 acc:0.9376
INFO:__main__:
【val】epoch:39/120 loss:0.3937 acc:0.8627
INFO:__main__:
【Val】:  SENS: 0.8369  SPEC: 0.8774  PPV: 0.7953  NPV: 0.9043 F1:0.8156
INFO:__main__:验证的best_acc:0.8884
INFO:__main__:----------------------------------------------------------------------------------------------------
INFO:__main__:
【train】epoch:40/120 loss:0.1509 acc:0.9390
INFO:__main__:
【val】epoch:40/120 loss:0.4075 acc:0.8862
INFO:__main__:
【Val】:  SENS: 0.8400  SPEC: 0.9124  PPV: 0.8452  NPV: 0.9092 F1:0.8426
INFO:__main__:验证的best_acc:0.8884
INFO:__main__:----------------------------------------------------------------------------------------------------
INFO:__main__:
【train】epoch:41/120 loss:0.1583 acc:0.9367
INFO:__main__:
【val】epoch:41/120 loss:0.4217 acc:0.8761
INFO:__main__:
【Val】:  SENS: 0.8400  SPEC: 0.8967  PPV: 0.8223  NPV: 0.9078 F1:0.8311
INFO:__main__:验证的best_acc:0.8884
INFO:__main__:----------------------------------------------------------------------------------------------------
INFO:__main__:
【train】epoch:42/120 loss:0.1520 acc:0.9391
INFO:__main__:
【val】epoch:42/120 loss:0.3987 acc:0.8739
INFO:__main__:
【Val】:  SENS: 0.8338  SPEC: 0.8967  PPV: 0.8212  NPV: 0.9046 F1:0.8275
INFO:__main__:验证的best_acc:0.8884
INFO:__main__:----------------------------------------------------------------------------------------------------
INFO:__main__:
【train】epoch:43/120 loss:0.1448 acc:0.9406
INFO:__main__:
【val】epoch:43/120 loss:0.4132 acc:0.8728
INFO:__main__:
【Val】:  SENS: 0.8123  SPEC: 0.9072  PPV: 0.8328  NPV: 0.8946 F1:0.8224
INFO:__main__:验证的best_acc:0.8884
INFO:__main__:----------------------------------------------------------------------------------------------------
INFO:__main__:
【train】epoch:44/120 loss:0.1410 acc:0.9423
INFO:__main__:
【val】epoch:44/120 loss:0.3656 acc:0.8895
INFO:__main__:
【Val】:  SENS: 0.8338  SPEC: 0.9212  PPV: 0.8576  NPV: 0.9069 F1:0.8456
INFO:__main__:验证的best_acc:0.8895
INFO:__main__:----------------------------------------------------------------------------------------------------
INFO:__main__:
【train】epoch:45/120 loss:0.1491 acc:0.9401
INFO:__main__:
【val】epoch:45/120 loss:0.3625 acc:0.8672
INFO:__main__:
【Val】:  SENS: 0.8585  SPEC: 0.8722  PPV: 0.7926  NPV: 0.9154 F1:0.8242
INFO:__main__:验证的best_acc:0.8895
INFO:__main__:----------------------------------------------------------------------------------------------------
INFO:__main__:
【train】epoch:46/120 loss:0.1377 acc:0.9436
INFO:__main__:
【val】epoch:46/120 loss:0.3874 acc:0.8906
INFO:__main__:
【Val】:  SENS: 0.8246  SPEC: 0.9282  PPV: 0.8673  NPV: 0.9029 F1:0.8454
INFO:__main__:验证的best_acc:0.8906
INFO:__main__:----------------------------------------------------------------------------------------------------
INFO:__main__:
【train】epoch:47/120 loss:0.1370 acc:0.9466
INFO:__main__:
【val】epoch:47/120 loss:0.3771 acc:0.8962
INFO:__main__:
【Val】:  SENS: 0.8431  SPEC: 0.9264  PPV: 0.8671  NPV: 0.9121 F1:0.8549
INFO:__main__:验证的best_acc:0.8962
INFO:__main__:----------------------------------------------------------------------------------------------------
INFO:__main__:
【train】epoch:48/120 loss:0.1323 acc:0.9471
INFO:__main__:
【val】epoch:48/120 loss:0.4391 acc:0.8717
INFO:__main__:
【Val】:  SENS: 0.8492  SPEC: 0.8844  PPV: 0.8070  NPV: 0.9116 F1:0.8276
INFO:__main__:验证的best_acc:0.8962
INFO:__main__:----------------------------------------------------------------------------------------------------
INFO:__main__:
【train】epoch:49/120 loss:0.1221 acc:0.9507
INFO:__main__:
【val】epoch:49/120 loss:0.4110 acc:0.8795
INFO:__main__:
【Val】:  SENS: 0.8246  SPEC: 0.9107  PPV: 0.8401  NPV: 0.9012 F1:0.8323
INFO:__main__:验证的best_acc:0.8962
INFO:__main__:----------------------------------------------------------------------------------------------------
INFO:__main__:
【train】epoch:50/120 loss:0.1245 acc:0.9523
INFO:__main__:
【val】epoch:50/120 loss:0.4406 acc:0.8806
INFO:__main__:
【Val】:  SENS: 0.8215  SPEC: 0.9142  PPV: 0.8449  NPV: 0.9000 F1:0.8331
INFO:__main__:验证的best_acc:0.8962
INFO:__main__:----------------------------------------------------------------------------------------------------
INFO:__main__:
【train】epoch:51/120 loss:0.1227 acc:0.9482
INFO:__main__:
【val】epoch:51/120 loss:0.4221 acc:0.8839
INFO:__main__:
【Val】:  SENS: 0.8523  SPEC: 0.9019  PPV: 0.8318  NPV: 0.9147 F1:0.8419
INFO:__main__:验证的best_acc:0.8962
INFO:__main__:----------------------------------------------------------------------------------------------------
INFO:__main__:
【train】epoch:52/120 loss:0.1187 acc:0.9526
INFO:__main__:
【val】epoch:52/120 loss:0.4183 acc:0.8761
INFO:__main__:
【Val】:  SENS: 0.8708  SPEC: 0.8792  PPV: 0.8040  NPV: 0.9228 F1:0.8360
INFO:__main__:验证的best_acc:0.8962
INFO:__main__:----------------------------------------------------------------------------------------------------
INFO:__main__:
【train】epoch:53/120 loss:0.1201 acc:0.9507
INFO:__main__:
【val】epoch:53/120 loss:0.3799 acc:0.8873
INFO:__main__:
【Val】:  SENS: 0.8338  SPEC: 0.9177  PPV: 0.8522  NPV: 0.9066 F1:0.8429
INFO:__main__:验证的best_acc:0.8962
INFO:__main__:----------------------------------------------------------------------------------------------------
INFO:__main__:
【train】epoch:54/120 loss:0.1238 acc:0.9495
INFO:__main__:
【val】epoch:54/120 loss:0.4164 acc:0.8806
INFO:__main__:
【Val】:  SENS: 0.8246  SPEC: 0.9124  PPV: 0.8428  NPV: 0.9014 F1:0.8336
INFO:__main__:验证的best_acc:0.8962
INFO:__main__:----------------------------------------------------------------------------------------------------
INFO:__main__:
【train】epoch:55/120 loss:0.1107 acc:0.9558
INFO:__main__:
【val】epoch:55/120 loss:0.4733 acc:0.8761
INFO:__main__:
【Val】:  SENS: 0.8092  SPEC: 0.9142  PPV: 0.8429  NPV: 0.8938 F1:0.8257
INFO:__main__:验证的best_acc:0.8962
INFO:__main__:----------------------------------------------------------------------------------------------------
INFO:__main__:
【train】epoch:56/120 loss:0.1134 acc:0.9546
INFO:__main__:
【val】epoch:56/120 loss:0.3908 acc:0.8806
INFO:__main__:
【Val】:  SENS: 0.8554  SPEC: 0.8949  PPV: 0.8225  NPV: 0.9158 F1:0.8386
INFO:__main__:验证的best_acc:0.8962
INFO:__main__:----------------------------------------------------------------------------------------------------
INFO:__main__:
【train】epoch:57/120 loss:0.1107 acc:0.9537
INFO:__main__:
【val】epoch:57/120 loss:0.4189 acc:0.8817
INFO:__main__:
【Val】:  SENS: 0.8523  SPEC: 0.8984  PPV: 0.8269  NPV: 0.9144 F1:0.8394
INFO:__main__:验证的best_acc:0.8962
INFO:__main__:----------------------------------------------------------------------------------------------------
INFO:__main__:
【train】epoch:58/120 loss:0.1074 acc:0.9550
INFO:__main__:
【val】epoch:58/120 loss:0.5017 acc:0.8672
INFO:__main__:
【Val】:  SENS: 0.8615  SPEC: 0.8704  PPV: 0.7910  NPV: 0.9170 F1:0.8247
INFO:__main__:验证的best_acc:0.8962
INFO:__main__:----------------------------------------------------------------------------------------------------
INFO:__main__:
【train】epoch:59/120 loss:0.1030 acc:0.9595
INFO:__main__:
【val】epoch:59/120 loss:0.3829 acc:0.8984
INFO:__main__:
【Val】:  SENS: 0.8462  SPEC: 0.9282  PPV: 0.8703  NPV: 0.9138 F1:0.8580
INFO:__main__:验证的best_acc:0.8984
INFO:__main__:----------------------------------------------------------------------------------------------------
INFO:__main__:
【train】epoch:60/120 loss:0.1057 acc:0.9561
INFO:__main__:
【val】epoch:60/120 loss:0.4145 acc:0.8750
INFO:__main__:
【Val】:  SENS: 0.8277  SPEC: 0.9019  PPV: 0.8277  NPV: 0.9019 F1:0.8277
INFO:__main__:验证的best_acc:0.8984
INFO:__main__:----------------------------------------------------------------------------------------------------
INFO:__main__:
【train】epoch:61/120 loss:0.1038 acc:0.9607
INFO:__main__:
【val】epoch:61/120 loss:0.3757 acc:0.8917
INFO:__main__:
【Val】:  SENS: 0.8523  SPEC: 0.9142  PPV: 0.8497  NPV: 0.9158 F1:0.8510
INFO:__main__:验证的best_acc:0.8984
INFO:__main__:----------------------------------------------------------------------------------------------------
INFO:__main__:
【train】epoch:62/120 loss:0.0991 acc:0.9588
INFO:__main__:
【val】epoch:62/120 loss:0.3689 acc:0.8873
INFO:__main__:
【Val】:  SENS: 0.8462  SPEC: 0.9107  PPV: 0.8436  NPV: 0.9123 F1:0.8449
INFO:__main__:验证的best_acc:0.8984
INFO:__main__:----------------------------------------------------------------------------------------------------
INFO:__main__:
【train】epoch:63/120 loss:0.0971 acc:0.9615
INFO:__main__:
【val】epoch:63/120 loss:0.3883 acc:0.8828
INFO:__main__:
【Val】:  SENS: 0.8308  SPEC: 0.9124  PPV: 0.8438  NPV: 0.9045 F1:0.8372
INFO:__main__:验证的best_acc:0.8984
INFO:__main__:----------------------------------------------------------------------------------------------------
INFO:__main__:
【train】epoch:64/120 loss:0.0910 acc:0.9620
INFO:__main__:
【val】epoch:64/120 loss:0.3761 acc:0.8951
INFO:__main__:
【Val】:  SENS: 0.8338  SPEC: 0.9299  PPV: 0.8714  NPV: 0.9077 F1:0.8522
INFO:__main__:验证的best_acc:0.8984
INFO:__main__:----------------------------------------------------------------------------------------------------
INFO:__main__:
【train】epoch:65/120 loss:0.1035 acc:0.9576
INFO:__main__:
【val】epoch:65/120 loss:0.3799 acc:0.8906
INFO:__main__:
【Val】:  SENS: 0.8523  SPEC: 0.9124  PPV: 0.8471  NPV: 0.9156 F1:0.8497
INFO:__main__:验证的best_acc:0.8984
INFO:__main__:----------------------------------------------------------------------------------------------------
INFO:__main__:
【train】epoch:66/120 loss:0.0899 acc:0.9652
INFO:__main__:
【val】epoch:66/120 loss:0.4121 acc:0.8906
INFO:__main__:
【Val】:  SENS: 0.8492  SPEC: 0.9142  PPV: 0.8492  NPV: 0.9142 F1:0.8492
INFO:__main__:验证的best_acc:0.8984
INFO:__main__:----------------------------------------------------------------------------------------------------
INFO:__main__:
【train】epoch:67/120 loss:0.0889 acc:0.9651
INFO:__main__:
【val】epoch:67/120 loss:0.4286 acc:0.8873
INFO:__main__:
【Val】:  SENS: 0.8215  SPEC: 0.9247  PPV: 0.8613  NPV: 0.9010 F1:0.8409
INFO:__main__:验证的best_acc:0.8984
INFO:__main__:----------------------------------------------------------------------------------------------------
INFO:__main__:
【train】epoch:68/120 loss:0.0859 acc:0.9647
INFO:__main__:
【val】epoch:68/120 loss:0.4310 acc:0.8850
INFO:__main__:
【Val】:  SENS: 0.8523  SPEC: 0.9037  PPV: 0.8343  NPV: 0.9149 F1:0.8432
INFO:__main__:验证的best_acc:0.8984
INFO:__main__:----------------------------------------------------------------------------------------------------
INFO:__main__:
【train】epoch:69/120 loss:0.0857 acc:0.9662
INFO:__main__:
【val】epoch:69/120 loss:0.4136 acc:0.8895
INFO:__main__:
【Val】:  SENS: 0.8462  SPEC: 0.9142  PPV: 0.8488  NPV: 0.9126 F1:0.8475
INFO:__main__:验证的best_acc:0.8984
INFO:__main__:----------------------------------------------------------------------------------------------------
INFO:__main__:
【train】epoch:70/120 loss:0.0822 acc:0.9683
INFO:__main__:
【val】epoch:70/120 loss:0.4043 acc:0.8951
INFO:__main__:
【Val】:  SENS: 0.8585  SPEC: 0.9159  PPV: 0.8532  NPV: 0.9192 F1:0.8558
INFO:__main__:验证的best_acc:0.8984
INFO:__main__:----------------------------------------------------------------------------------------------------
INFO:__main__:
【train】epoch:71/120 loss:0.0795 acc:0.9693
INFO:__main__:
【val】epoch:71/120 loss:0.4555 acc:0.8717
INFO:__main__:
【Val】:  SENS: 0.8431  SPEC: 0.8879  PPV: 0.8107  NPV: 0.9086 F1:0.8265
INFO:__main__:验证的best_acc:0.8984
INFO:__main__:----------------------------------------------------------------------------------------------------
INFO:__main__:
【train】epoch:72/120 loss:0.0791 acc:0.9678
INFO:__main__:
【val】epoch:72/120 loss:0.4585 acc:0.8906
INFO:__main__:
【Val】:  SENS: 0.8585  SPEC: 0.9089  PPV: 0.8429  NPV: 0.9186 F1:0.8506
INFO:__main__:验证的best_acc:0.8984
INFO:__main__:----------------------------------------------------------------------------------------------------
INFO:__main__:
【train】epoch:73/120 loss:0.0759 acc:0.9720
INFO:__main__:
【val】epoch:73/120 loss:0.4439 acc:0.8917
INFO:__main__:
【Val】:  SENS: 0.8554  SPEC: 0.9124  PPV: 0.8476  NPV: 0.9173 F1:0.8515
INFO:__main__:验证的best_acc:0.8984
INFO:__main__:----------------------------------------------------------------------------------------------------
INFO:__main__:
【train】epoch:74/120 loss:0.0823 acc:0.9674
INFO:__main__:
【val】epoch:74/120 loss:0.3814 acc:0.8984
INFO:__main__:
【Val】:  SENS: 0.8277  SPEC: 0.9387  PPV: 0.8849  NPV: 0.9054 F1:0.8553
INFO:__main__:验证的best_acc:0.8984
INFO:__main__:----------------------------------------------------------------------------------------------------
INFO:__main__:
【train】epoch:75/120 loss:0.0835 acc:0.9668
INFO:__main__:
【val】epoch:75/120 loss:0.4181 acc:0.8884
INFO:__main__:
【Val】:  SENS: 0.8585  SPEC: 0.9054  PPV: 0.8378  NPV: 0.9183 F1:0.8480
INFO:__main__:验证的best_acc:0.8984
INFO:__main__:----------------------------------------------------------------------------------------------------
INFO:__main__:
【train】epoch:76/120 loss:0.0806 acc:0.9664
INFO:__main__:
【val】epoch:76/120 loss:0.3843 acc:0.9007
INFO:__main__:
【Val】:  SENS: 0.8523  SPEC: 0.9282  PPV: 0.8711  NPV: 0.9170 F1:0.8616
INFO:__main__:验证的best_acc:0.9007
INFO:__main__:----------------------------------------------------------------------------------------------------
INFO:__main__:
【train】epoch:77/120 loss:0.0802 acc:0.9705
INFO:__main__:
【val】epoch:77/120 loss:0.4097 acc:0.8839
INFO:__main__:
【Val】:  SENS: 0.8738  SPEC: 0.8897  PPV: 0.8184  NPV: 0.9253 F1:0.8452
INFO:__main__:验证的best_acc:0.9007
INFO:__main__:----------------------------------------------------------------------------------------------------
INFO:__main__:
【train】epoch:78/120 loss:0.0754 acc:0.9716
INFO:__main__:
【val】epoch:78/120 loss:0.3850 acc:0.9096
INFO:__main__:
【Val】:  SENS: 0.8800  SPEC: 0.9264  PPV: 0.8720  NPV: 0.9313 F1:0.8760
INFO:__main__:验证的best_acc:0.9096
INFO:__main__:----------------------------------------------------------------------------------------------------
INFO:__main__:
【train】epoch:79/120 loss:0.0629 acc:0.9770
INFO:__main__:
【val】epoch:79/120 loss:0.4061 acc:0.8984
INFO:__main__:
【Val】:  SENS: 0.8462  SPEC: 0.9282  PPV: 0.8703  NPV: 0.9138 F1:0.8580
INFO:__main__:验证的best_acc:0.9096
INFO:__main__:----------------------------------------------------------------------------------------------------
INFO:__main__:
【train】epoch:80/120 loss:0.0605 acc:0.9758
INFO:__main__:
【val】epoch:80/120 loss:0.4094 acc:0.9129
INFO:__main__:
【Val】:  SENS: 0.8677  SPEC: 0.9387  PPV: 0.8896  NPV: 0.9257 F1:0.8785
INFO:__main__:验证的best_acc:0.9129
INFO:__main__:----------------------------------------------------------------------------------------------------
INFO:__main__:
【train】epoch:81/120 loss:0.0720 acc:0.9721
INFO:__main__:
【val】epoch:81/120 loss:0.3906 acc:0.9018
INFO:__main__:
【Val】:  SENS: 0.8277  SPEC: 0.9440  PPV: 0.8937  NPV: 0.9059 F1:0.8594
INFO:__main__:验证的best_acc:0.9129
INFO:__main__:----------------------------------------------------------------------------------------------------
INFO:__main__:
【train】epoch:82/120 loss:0.0710 acc:0.9749
INFO:__main__:
【val】epoch:82/120 loss:0.4377 acc:0.8984
INFO:__main__:
【Val】:  SENS: 0.8338  SPEC: 0.9352  PPV: 0.8799  NPV: 0.9082 F1:0.8562
INFO:__main__:验证的best_acc:0.9129
INFO:__main__:----------------------------------------------------------------------------------------------------
INFO:__main__:
【train】epoch:83/120 loss:0.0644 acc:0.9753
INFO:__main__:
【val】epoch:83/120 loss:0.4324 acc:0.9018
INFO:__main__:
【Val】:  SENS: 0.8800  SPEC: 0.9142  PPV: 0.8537  NPV: 0.9305 F1:0.8667
INFO:__main__:验证的best_acc:0.9129
INFO:__main__:----------------------------------------------------------------------------------------------------
INFO:__main__:
【train】epoch:84/120 loss:0.0643 acc:0.9758
INFO:__main__:
【val】epoch:84/120 loss:0.4187 acc:0.8962
INFO:__main__:
【Val】:  SENS: 0.8738  SPEC: 0.9089  PPV: 0.8452  NPV: 0.9268 F1:0.8593
INFO:__main__:验证的best_acc:0.9129
INFO:__main__:----------------------------------------------------------------------------------------------------
INFO:__main__:
【train】epoch:85/120 loss:0.0609 acc:0.9745
INFO:__main__:
【val】epoch:85/120 loss:0.3774 acc:0.9007
INFO:__main__:
【Val】:  SENS: 0.8646  SPEC: 0.9212  PPV: 0.8620  NPV: 0.9228 F1:0.8633
INFO:__main__:验证的best_acc:0.9129
INFO:__main__:----------------------------------------------------------------------------------------------------
INFO:__main__:
【train】epoch:86/120 loss:0.0627 acc:0.9753
INFO:__main__:
【val】epoch:86/120 loss:0.4323 acc:0.9007
INFO:__main__:
【Val】:  SENS: 0.8646  SPEC: 0.9212  PPV: 0.8620  NPV: 0.9228 F1:0.8633
INFO:__main__:验证的best_acc:0.9129
INFO:__main__:----------------------------------------------------------------------------------------------------
INFO:__main__:
【train】epoch:87/120 loss:0.0551 acc:0.9787
INFO:__main__:
【val】epoch:87/120 loss:0.3762 acc:0.9096
INFO:__main__:
【Val】:  SENS: 0.8738  SPEC: 0.9299  PPV: 0.8765  NPV: 0.9283 F1:0.8752
INFO:__main__:验证的best_acc:0.9129
INFO:__main__:----------------------------------------------------------------------------------------------------
INFO:__main__:
【train】epoch:88/120 loss:0.0607 acc:0.9765
INFO:__main__:
【val】epoch:88/120 loss:0.4175 acc:0.8929
INFO:__main__:
【Val】:  SENS: 0.8646  SPEC: 0.9089  PPV: 0.8438  NPV: 0.9218 F1:0.8541
INFO:__main__:验证的best_acc:0.9129
INFO:__main__:----------------------------------------------------------------------------------------------------
INFO:__main__:
【train】epoch:89/120 loss:0.0559 acc:0.9772
INFO:__main__:
【val】epoch:89/120 loss:0.4809 acc:0.9062
INFO:__main__:
【Val】:  SENS: 0.8369  SPEC: 0.9457  PPV: 0.8977  NPV: 0.9106 F1:0.8662
INFO:__main__:验证的best_acc:0.9129
INFO:__main__:----------------------------------------------------------------------------------------------------
INFO:__main__:
【train】epoch:90/120 loss:0.0624 acc:0.9753
INFO:__main__:
【val】epoch:90/120 loss:0.4152 acc:0.8962
INFO:__main__:
【Val】:  SENS: 0.8492  SPEC: 0.9229  PPV: 0.8625  NPV: 0.9149 F1:0.8558
INFO:__main__:验证的best_acc:0.9129
INFO:__main__:----------------------------------------------------------------------------------------------------
INFO:__main__:
【train】epoch:91/120 loss:0.0575 acc:0.9761
INFO:__main__:
【val】epoch:91/120 loss:0.4474 acc:0.8996
INFO:__main__:
【Val】:  SENS: 0.8246  SPEC: 0.9422  PPV: 0.8904  NPV: 0.9042 F1:0.8562
INFO:__main__:验证的best_acc:0.9129
INFO:__main__:----------------------------------------------------------------------------------------------------
INFO:__main__:
【train】epoch:92/120 loss:0.0495 acc:0.9815
INFO:__main__:
【val】epoch:92/120 loss:0.3936 acc:0.9018
INFO:__main__:
【Val】:  SENS: 0.8462  SPEC: 0.9335  PPV: 0.8786  NPV: 0.9142 F1:0.8621
INFO:__main__:验证的best_acc:0.9129
INFO:__main__:----------------------------------------------------------------------------------------------------
INFO:__main__:
【train】epoch:93/120 loss:0.0566 acc:0.9772
INFO:__main__:
【val】epoch:93/120 loss:0.3987 acc:0.8973
INFO:__main__:
【Val】:  SENS: 0.8523  SPEC: 0.9229  PPV: 0.8629  NPV: 0.9165 F1:0.8576
INFO:__main__:验证的best_acc:0.9129
INFO:__main__:----------------------------------------------------------------------------------------------------
INFO:__main__:
【train】epoch:94/120 loss:0.0538 acc:0.9789
INFO:__main__:
【val】epoch:94/120 loss:0.4139 acc:0.8895
INFO:__main__:
【Val】:  SENS: 0.8523  SPEC: 0.9107  PPV: 0.8445  NPV: 0.9155 F1:0.8484
INFO:__main__:验证的best_acc:0.9129
INFO:__main__:----------------------------------------------------------------------------------------------------
INFO:__main__:
【train】epoch:95/120 loss:0.0538 acc:0.9779
INFO:__main__:
【val】epoch:95/120 loss:0.4354 acc:0.8940
INFO:__main__:
【Val】:  SENS: 0.8123  SPEC: 0.9405  PPV: 0.8859  NPV: 0.8980 F1:0.8475
INFO:__main__:验证的best_acc:0.9129
INFO:__main__:----------------------------------------------------------------------------------------------------
INFO:__main__:
【train】epoch:96/120 loss:0.0472 acc:0.9806
INFO:__main__:
【val】epoch:96/120 loss:0.4201 acc:0.9085
INFO:__main__:
【Val】:  SENS: 0.8646  SPEC: 0.9335  PPV: 0.8809  NPV: 0.9237 F1:0.8727
INFO:__main__:验证的best_acc:0.9129
INFO:__main__:----------------------------------------------------------------------------------------------------
INFO:__main__:
【train】epoch:97/120 loss:0.0527 acc:0.9802
INFO:__main__:
【val】epoch:97/120 loss:0.4266 acc:0.8951
INFO:__main__:
【Val】:  SENS: 0.8185  SPEC: 0.9387  PPV: 0.8837  NPV: 0.9008 F1:0.8498
INFO:__main__:验证的best_acc:0.9129
INFO:__main__:----------------------------------------------------------------------------------------------------
INFO:__main__:
【train】epoch:98/120 loss:0.0517 acc:0.9815
INFO:__main__:
【val】epoch:98/120 loss:0.3805 acc:0.9062
INFO:__main__:
【Val】:  SENS: 0.8800  SPEC: 0.9212  PPV: 0.8640  NPV: 0.9310 F1:0.8720
INFO:__main__:验证的best_acc:0.9129
INFO:__main__:----------------------------------------------------------------------------------------------------
INFO:__main__:
【train】epoch:99/120 loss:0.0468 acc:0.9832
INFO:__main__:
【val】epoch:99/120 loss:0.4195 acc:0.9040
INFO:__main__:
【Val】:  SENS: 0.8677  SPEC: 0.9247  PPV: 0.8677  NPV: 0.9247 F1:0.8677
INFO:__main__:验证的best_acc:0.9129
INFO:__main__:----------------------------------------------------------------------------------------------------
INFO:__main__:
【train】epoch:100/120 loss:0.0513 acc:0.9814
INFO:__main__:
【val】epoch:100/120 loss:0.4590 acc:0.9040
INFO:__main__:
【Val】:  SENS: 0.8369  SPEC: 0.9422  PPV: 0.8918  NPV: 0.9103 F1:0.8635
INFO:__main__:验证的best_acc:0.9129
INFO:__main__:----------------------------------------------------------------------------------------------------
INFO:__main__:
【train】epoch:101/120 loss:0.0473 acc:0.9814
INFO:__main__:
【val】epoch:101/120 loss:0.4653 acc:0.8984
INFO:__main__:
【Val】:  SENS: 0.8277  SPEC: 0.9387  PPV: 0.8849  NPV: 0.9054 F1:0.8553
INFO:__main__:验证的best_acc:0.9129
INFO:__main__:----------------------------------------------------------------------------------------------------
INFO:__main__:
【train】epoch:102/120 loss:0.0460 acc:0.9832
INFO:__main__:
【val】epoch:102/120 loss:0.4201 acc:0.8996
INFO:__main__:
【Val】:  SENS: 0.8615  SPEC: 0.9212  PPV: 0.8615  NPV: 0.9212 F1:0.8615
INFO:__main__:验证的best_acc:0.9129
INFO:__main__:----------------------------------------------------------------------------------------------------
INFO:__main__:
【train】epoch:103/120 loss:0.0358 acc:0.9860
INFO:__main__:
【val】epoch:103/120 loss:0.4613 acc:0.9018
INFO:__main__:
【Val】:  SENS: 0.8677  SPEC: 0.9212  PPV: 0.8624  NPV: 0.9244 F1:0.8650
INFO:__main__:验证的best_acc:0.9129
INFO:__main__:----------------------------------------------------------------------------------------------------
INFO:__main__:
【train】epoch:104/120 loss:0.0422 acc:0.9825
INFO:__main__:
【val】epoch:104/120 loss:0.4617 acc:0.9062
INFO:__main__:
【Val】:  SENS: 0.8615  SPEC: 0.9317  PPV: 0.8777  NPV: 0.9220 F1:0.8696
INFO:__main__:验证的best_acc:0.9129
INFO:__main__:----------------------------------------------------------------------------------------------------
INFO:__main__:
【train】epoch:105/120 loss:0.0406 acc:0.9846
INFO:__main__:
【val】epoch:105/120 loss:0.4896 acc:0.8962
INFO:__main__:
【Val】:  SENS: 0.8400  SPEC: 0.9282  PPV: 0.8694  NPV: 0.9107 F1:0.8545
INFO:__main__:验证的best_acc:0.9129
INFO:__main__:----------------------------------------------------------------------------------------------------
INFO:__main__:
【train】epoch:106/120 loss:0.0402 acc:0.9857
INFO:__main__:
【val】epoch:106/120 loss:0.4440 acc:0.8962
INFO:__main__:
【Val】:  SENS: 0.8369  SPEC: 0.9299  PPV: 0.8718  NPV: 0.9092 F1:0.8540
INFO:__main__:验证的best_acc:0.9129
INFO:__main__:----------------------------------------------------------------------------------------------------
INFO:__main__:
【train】epoch:107/120 loss:0.0429 acc:0.9833
INFO:__main__:
【val】epoch:107/120 loss:0.4652 acc:0.8973
INFO:__main__:
【Val】:  SENS: 0.8338  SPEC: 0.9335  PPV: 0.8770  NPV: 0.9080 F1:0.8549
INFO:__main__:验证的best_acc:0.9129
INFO:__main__:----------------------------------------------------------------------------------------------------
INFO:__main__:
【train】epoch:108/120 loss:0.0377 acc:0.9848
INFO:__main__:
【val】epoch:108/120 loss:0.4467 acc:0.9074
INFO:__main__:
【Val】:  SENS: 0.8646  SPEC: 0.9317  PPV: 0.8781  NPV: 0.9236 F1:0.8713
INFO:__main__:验证的best_acc:0.9129
INFO:__main__:----------------------------------------------------------------------------------------------------
INFO:__main__:
【train】epoch:109/120 loss:0.0373 acc:0.9853
INFO:__main__:
【val】epoch:109/120 loss:0.4285 acc:0.9062
INFO:__main__:
【Val】:  SENS: 0.8554  SPEC: 0.9352  PPV: 0.8825  NPV: 0.9191 F1:0.8687
INFO:__main__:验证的best_acc:0.9129
INFO:__main__:----------------------------------------------------------------------------------------------------
INFO:__main__:
【train】epoch:110/120 loss:0.0350 acc:0.9876
INFO:__main__:
【val】epoch:110/120 loss:0.4452 acc:0.8973
INFO:__main__:
【Val】:  SENS: 0.8431  SPEC: 0.9282  PPV: 0.8698  NPV: 0.9122 F1:0.8562
INFO:__main__:验证的best_acc:0.9129
INFO:__main__:----------------------------------------------------------------------------------------------------
INFO:__main__:
【train】epoch:111/120 loss:0.0432 acc:0.9840
INFO:__main__:
【val】epoch:111/120 loss:0.4715 acc:0.8984
INFO:__main__:
【Val】:  SENS: 0.8369  SPEC: 0.9335  PPV: 0.8774  NPV: 0.9096 F1:0.8567
INFO:__main__:验证的best_acc:0.9129
INFO:__main__:----------------------------------------------------------------------------------------------------
INFO:__main__:
【train】epoch:112/120 loss:0.0356 acc:0.9855
INFO:__main__:
【val】epoch:112/120 loss:0.4467 acc:0.9029
INFO:__main__:
【Val】:  SENS: 0.8492  SPEC: 0.9335  PPV: 0.8790  NPV: 0.9158 F1:0.8638
INFO:__main__:验证的best_acc:0.9129
INFO:__main__:----------------------------------------------------------------------------------------------------
INFO:__main__:
【train】epoch:113/120 loss:0.0353 acc:0.9867
INFO:__main__:
【val】epoch:113/120 loss:0.4686 acc:0.9096
INFO:__main__:
【Val】:  SENS: 0.8646  SPEC: 0.9352  PPV: 0.8836  NPV: 0.9239 F1:0.8740
INFO:__main__:验证的best_acc:0.9129
INFO:__main__:----------------------------------------------------------------------------------------------------
INFO:__main__:
【train】epoch:114/120 loss:0.0351 acc:0.9861
INFO:__main__:
【val】epoch:114/120 loss:0.4637 acc:0.8984
INFO:__main__:
【Val】:  SENS: 0.8585  SPEC: 0.9212  PPV: 0.8611  NPV: 0.9196 F1:0.8598
INFO:__main__:验证的best_acc:0.9129
INFO:__main__:----------------------------------------------------------------------------------------------------
INFO:__main__:
【train】epoch:115/120 loss:0.0300 acc:0.9887
INFO:__main__:
【val】epoch:115/120 loss:0.4565 acc:0.9074
INFO:__main__:
【Val】:  SENS: 0.8554  SPEC: 0.9370  PPV: 0.8854  NPV: 0.9192 F1:0.8701
INFO:__main__:验证的best_acc:0.9129
INFO:__main__:----------------------------------------------------------------------------------------------------
INFO:__main__:
【train】epoch:116/120 loss:0.0327 acc:0.9874
INFO:__main__:
【val】epoch:116/120 loss:0.4755 acc:0.9074
INFO:__main__:
【Val】:  SENS: 0.8523  SPEC: 0.9387  PPV: 0.8878  NPV: 0.9178 F1:0.8697
INFO:__main__:验证的best_acc:0.9129
INFO:__main__:----------------------------------------------------------------------------------------------------
INFO:__main__:
【train】epoch:117/120 loss:0.0343 acc:0.9865
INFO:__main__:
【val】epoch:117/120 loss:0.4600 acc:0.9062
INFO:__main__:
【Val】:  SENS: 0.8585  SPEC: 0.9335  PPV: 0.8801  NPV: 0.9206 F1:0.8692
INFO:__main__:验证的best_acc:0.9129
INFO:__main__:----------------------------------------------------------------------------------------------------
INFO:__main__:
【train】epoch:118/120 loss:0.0349 acc:0.9865
INFO:__main__:
【val】epoch:118/120 loss:0.4643 acc:0.9029
INFO:__main__:
【Val】:  SENS: 0.8615  SPEC: 0.9264  PPV: 0.8696  NPV: 0.9216 F1:0.8655
INFO:__main__:验证的best_acc:0.9129
INFO:__main__:----------------------------------------------------------------------------------------------------
INFO:__main__:
【train】epoch:119/120 loss:0.0278 acc:0.9893
INFO:__main__:
【val】epoch:119/120 loss:0.4395 acc:0.9096
INFO:__main__:
【Val】:  SENS: 0.8708  SPEC: 0.9317  PPV: 0.8789  NPV: 0.9268 F1:0.8748
INFO:__main__:验证的best_acc:0.9129
INFO:__main__:----------------------------------------------------------------------------------------------------
INFO:__main__:****************************************************************************************************
INFO:__main__:Val_LOSS:['0.5134', '0.5452', '0.4047', '0.3654', '0.4443', '0.4292', '0.3679', '0.3593', '0.3404', '0.3297', '0.3292', '0.3372', '0.3150', '0.3366', '0.3223', '0.3513', '0.4312', '0.3332', '0.3446', '0.3475', '0.3539', '0.3174', '0.3161', '0.3075', '0.3144', '0.3449', '0.3496', '0.3197', '0.3196', '0.3193', '0.3366', '0.4596', '0.2952', '0.3916', '0.3533', '0.3524', '0.3708', '0.3956', '0.3556', '0.3937', '0.4075', '0.4217', '0.3987', '0.4132', '0.3656', '0.3625', '0.3874', '0.3771', '0.4391', '0.4110', '0.4406', '0.4221', '0.4183', '0.3799', '0.4164', '0.4733', '0.3908', '0.4189', '0.5017', '0.3829', '0.4145', '0.3757', '0.3689', '0.3883', '0.3761', '0.3799', '0.4121', '0.4286', '0.4310', '0.4136', '0.4043', '0.4555', '0.4585', '0.4439', '0.3814', '0.4181', '0.3843', '0.4097', '0.3850', '0.4061', '0.4094', '0.3906', '0.4377', '0.4324', '0.4187', '0.3774', '0.4323', '0.3762', '0.4175', '0.4809', '0.4152', '0.4474', '0.3936', '0.3987', '0.4139', '0.4354', '0.4201', '0.4266', '0.3805', '0.4195', '0.4590', '0.4653', '0.4201', '0.4613', '0.4617', '0.4896', '0.4440', '0.4652', '0.4467', '0.4285', '0.4452', '0.4715', '0.4467', '0.4686', '0.4637', '0.4565', '0.4755', '0.4600', '0.4643', '0.4395']
INFO:__main__:Val_ACC:['0.7009', '0.7243', '0.8203', '0.8125', '0.7701', '0.7790', '0.8225', '0.8114', '0.8304', '0.8527', '0.8404', '0.8460', '0.8527', '0.8382', '0.8504', '0.8415', '0.7958', '0.8449', '0.8516', '0.8538', '0.8504', '0.8739', '0.8616', '0.8817', '0.8817', '0.8683', '0.8616', '0.8583', '0.8683', '0.8750', '0.8828', '0.8717', '0.8884', '0.8750', '0.8739', '0.8828', '0.8828', '0.8817', '0.8661', '0.8627', '0.8862', '0.8761', '0.8739', '0.8728', '0.8895', '0.8672', '0.8906', '0.8962', '0.8717', '0.8795', '0.8806', '0.8839', '0.8761', '0.8873', '0.8806', '0.8761', '0.8806', '0.8817', '0.8672', '0.8984', '0.8750', '0.8917', '0.8873', '0.8828', '0.8951', '0.8906', '0.8906', '0.8873', '0.8850', '0.8895', '0.8951', '0.8717', '0.8906', '0.8917', '0.8984', '0.8884', '0.9007', '0.8839', '0.9096', '0.8984', '0.9129', '0.9018', '0.8984', '0.9018', '0.8962', '0.9007', '0.9007', '0.9096', '0.8929', '0.9062', '0.8962', '0.8996', '0.9018', '0.8973', '0.8895', '0.8940', '0.9085', '0.8951', '0.9062', '0.9040', '0.9040', '0.8984', '0.8996', '0.9018', '0.9062', '0.8962', '0.8962', '0.8973', '0.9074', '0.9062', '0.8973', '0.8984', '0.9029', '0.9096', '0.8984', '0.9074', '0.9074', '0.9062', '0.9029', '0.9096']
INFO:__main__:****************************************************************************************************
INFO:__main__: epoch0 测试test_Loss: 0.7450  test_ACC: 0.8648  
INFO:__main__:SENS: 0.7638 SPEC: 0.9236 PPV: 0.8534 NPV: 0.8704 F1:0.8062
INFO:__main__:test_Best_acc:0.8648
INFO:__main__:flops:2296042912.0  params:14051829.0
