INFO:__main__:
【train】epoch:0/150 loss:0.6839 acc:0.5719
INFO:__main__:
【val】epoch:0/150 loss:0.6428 acc:0.6051
INFO:__main__:
【Val】:  SENS: 0.4479  SPEC: 0.7339  PPV: 0.5796  NPV: 0.6187
INFO:__main__:验证的best_acc:0.6051
INFO:__main__:----------------------------------------------------------------------------------------------------
INFO:__main__:
【train】epoch:1/150 loss:0.6524 acc:0.6212
INFO:__main__:
【val】epoch:1/150 loss:0.6527 acc:0.5923
INFO:__main__:
【Val】:  SENS: 0.5521  SPEC: 0.6253  PPV: 0.5469  NPV: 0.6302
INFO:__main__:验证的best_acc:0.6051
INFO:__main__:----------------------------------------------------------------------------------------------------
INFO:__main__:
【train】epoch:2/150 loss:0.6107 acc:0.6723
INFO:__main__:
【val】epoch:2/150 loss:0.6157 acc:0.6435
INFO:__main__:
【Val】:  SENS: 0.3849  SPEC: 0.8553  PPV: 0.6854  NPV: 0.6293
INFO:__main__:验证的best_acc:0.6435
INFO:__main__:----------------------------------------------------------------------------------------------------
INFO:__main__:
【train】epoch:3/150 loss:0.5991 acc:0.6784
INFO:__main__:
【val】epoch:3/150 loss:0.5682 acc:0.6804
INFO:__main__:
【Val】:  SENS: 0.5741  SPEC: 0.7674  PPV: 0.6691  NPV: 0.6875
INFO:__main__:验证的best_acc:0.6804
INFO:__main__:----------------------------------------------------------------------------------------------------
INFO:__main__:
【train】epoch:4/150 loss:0.5684 acc:0.7088
INFO:__main__:
【val】epoch:4/150 loss:0.5493 acc:0.7116
INFO:__main__:
【Val】:  SENS: 0.6057  SPEC: 0.7984  PPV: 0.7111  NPV: 0.7120
INFO:__main__:验证的best_acc:0.7116
INFO:__main__:----------------------------------------------------------------------------------------------------
INFO:__main__:
【train】epoch:5/150 loss:0.4989 acc:0.7561
INFO:__main__:
【val】epoch:5/150 loss:0.4912 acc:0.7656
INFO:__main__:
【Val】:  SENS: 0.6688  SPEC: 0.8450  PPV: 0.7794  NPV: 0.7569
INFO:__main__:验证的best_acc:0.7656
INFO:__main__:----------------------------------------------------------------------------------------------------
INFO:__main__:
【train】epoch:6/150 loss:0.4387 acc:0.7935
INFO:__main__:
【val】epoch:6/150 loss:0.4652 acc:0.7642
INFO:__main__:
【Val】:  SENS: 0.6025  SPEC: 0.8966  PPV: 0.8268  NPV: 0.7336
INFO:__main__:验证的best_acc:0.7656
INFO:__main__:----------------------------------------------------------------------------------------------------
INFO:__main__:
【train】epoch:7/150 loss:0.4312 acc:0.7998
INFO:__main__:
【val】epoch:7/150 loss:0.4352 acc:0.7983
INFO:__main__:
【Val】:  SENS: 0.7918  SPEC: 0.8036  PPV: 0.7676  NPV: 0.8249
INFO:__main__:验证的best_acc:0.7983
INFO:__main__:----------------------------------------------------------------------------------------------------
INFO:__main__:
【train】epoch:8/150 loss:0.4092 acc:0.8169
INFO:__main__:
【val】epoch:8/150 loss:0.5625 acc:0.7273
INFO:__main__:
【Val】:  SENS: 0.4227  SPEC: 0.9767  PPV: 0.9371  NPV: 0.6738
INFO:__main__:验证的best_acc:0.7983
INFO:__main__:----------------------------------------------------------------------------------------------------
INFO:__main__:
【train】epoch:9/150 loss:0.3930 acc:0.8247
INFO:__main__:
【val】epoch:9/150 loss:0.4367 acc:0.7812
INFO:__main__:
【Val】:  SENS: 0.8833  SPEC: 0.6977  PPV: 0.7053  NPV: 0.8795
INFO:__main__:验证的best_acc:0.7983
INFO:__main__:----------------------------------------------------------------------------------------------------
INFO:__main__:
【train】epoch:10/150 loss:0.3832 acc:0.8249
INFO:__main__:
【val】epoch:10/150 loss:0.4183 acc:0.7940
INFO:__main__:
【Val】:  SENS: 0.8896  SPEC: 0.7158  PPV: 0.7194  NPV: 0.8878
INFO:__main__:验证的best_acc:0.7983
INFO:__main__:----------------------------------------------------------------------------------------------------
INFO:__main__:
【train】epoch:11/150 loss:0.3749 acc:0.8324
INFO:__main__:
【val】epoch:11/150 loss:0.3894 acc:0.8097
INFO:__main__:
【Val】:  SENS: 0.8423  SPEC: 0.7829  PPV: 0.7607  NPV: 0.8584
INFO:__main__:验证的best_acc:0.8097
INFO:__main__:----------------------------------------------------------------------------------------------------
INFO:__main__:
【train】epoch:12/150 loss:0.3698 acc:0.8350
INFO:__main__:
【val】epoch:12/150 loss:0.3845 acc:0.8210
INFO:__main__:
【Val】:  SENS: 0.8139  SPEC: 0.8269  PPV: 0.7938  NPV: 0.8443
INFO:__main__:验证的best_acc:0.8210
INFO:__main__:----------------------------------------------------------------------------------------------------
INFO:__main__:
【train】epoch:13/150 loss:0.3644 acc:0.8406
INFO:__main__:
【val】epoch:13/150 loss:0.3902 acc:0.8381
INFO:__main__:
【Val】:  SENS: 0.8454  SPEC: 0.8320  PPV: 0.8048  NPV: 0.8679
INFO:__main__:验证的best_acc:0.8381
INFO:__main__:----------------------------------------------------------------------------------------------------
INFO:__main__:
【train】epoch:14/150 loss:0.3658 acc:0.8396
INFO:__main__:
【val】epoch:14/150 loss:0.5262 acc:0.7528
INFO:__main__:
【Val】:  SENS: 0.5079  SPEC: 0.9535  PPV: 0.8994  NPV: 0.7029
INFO:__main__:验证的best_acc:0.8381
INFO:__main__:----------------------------------------------------------------------------------------------------
INFO:__main__:
【train】epoch:15/150 loss:0.3662 acc:0.8380
INFO:__main__:
【val】epoch:15/150 loss:0.3947 acc:0.8196
INFO:__main__:
【Val】:  SENS: 0.7192  SPEC: 0.9018  PPV: 0.8571  NPV: 0.7968
INFO:__main__:验证的best_acc:0.8381
INFO:__main__:----------------------------------------------------------------------------------------------------
INFO:__main__:
【train】epoch:16/150 loss:0.3595 acc:0.8427
INFO:__main__:
【val】epoch:16/150 loss:0.4737 acc:0.8026
INFO:__main__:
【Val】:  SENS: 0.6120  SPEC: 0.9587  PPV: 0.9238  NPV: 0.7510
INFO:__main__:验证的best_acc:0.8381
INFO:__main__:----------------------------------------------------------------------------------------------------
INFO:__main__:
【train】epoch:17/150 loss:0.3592 acc:0.8448
INFO:__main__:
【val】epoch:17/150 loss:0.3861 acc:0.8253
INFO:__main__:
【Val】:  SENS: 0.7287  SPEC: 0.9044  PPV: 0.8619  NPV: 0.8028
INFO:__main__:验证的best_acc:0.8381
INFO:__main__:----------------------------------------------------------------------------------------------------
INFO:__main__:
【train】epoch:18/150 loss:0.3486 acc:0.8465
INFO:__main__:
【val】epoch:18/150 loss:0.3833 acc:0.8324
INFO:__main__:
【Val】:  SENS: 0.7666  SPEC: 0.8863  PPV: 0.8467  NPV: 0.8225
INFO:__main__:验证的best_acc:0.8381
INFO:__main__:----------------------------------------------------------------------------------------------------
INFO:__main__:
【train】epoch:19/150 loss:0.3380 acc:0.8507
INFO:__main__:
【val】epoch:19/150 loss:0.3801 acc:0.8040
INFO:__main__:
【Val】:  SENS: 0.7161  SPEC: 0.8760  PPV: 0.8255  NPV: 0.7902
INFO:__main__:验证的best_acc:0.8381
INFO:__main__:----------------------------------------------------------------------------------------------------
INFO:__main__:
【train】epoch:20/150 loss:0.3383 acc:0.8490
INFO:__main__:
【val】epoch:20/150 loss:0.3874 acc:0.8026
INFO:__main__:
【Val】:  SENS: 0.7382  SPEC: 0.8553  PPV: 0.8069  NPV: 0.7995
INFO:__main__:验证的best_acc:0.8381
INFO:__main__:----------------------------------------------------------------------------------------------------
INFO:__main__:
【train】epoch:21/150 loss:0.3301 acc:0.8547
INFO:__main__:
【val】epoch:21/150 loss:0.3749 acc:0.8267
INFO:__main__:
【Val】:  SENS: 0.8076  SPEC: 0.8424  PPV: 0.8076  NPV: 0.8424
INFO:__main__:验证的best_acc:0.8381
INFO:__main__:----------------------------------------------------------------------------------------------------
INFO:__main__:
【train】epoch:22/150 loss:0.3337 acc:0.8553
INFO:__main__:
【val】epoch:22/150 loss:0.3840 acc:0.8068
INFO:__main__:
【Val】:  SENS: 0.9243  SPEC: 0.7106  PPV: 0.7235  NPV: 0.9197
INFO:__main__:验证的best_acc:0.8381
INFO:__main__:----------------------------------------------------------------------------------------------------
INFO:__main__:
【train】epoch:23/150 loss:0.3347 acc:0.8530
INFO:__main__:
【val】epoch:23/150 loss:0.3929 acc:0.8153
INFO:__main__:
【Val】:  SENS: 0.9306  SPEC: 0.7209  PPV: 0.7320  NPV: 0.9269
INFO:__main__:验证的best_acc:0.8381
INFO:__main__:----------------------------------------------------------------------------------------------------
INFO:__main__:
【train】epoch:24/150 loss:0.3236 acc:0.8591
INFO:__main__:
【val】epoch:24/150 loss:0.3478 acc:0.8494
INFO:__main__:
【Val】:  SENS: 0.8864  SPEC: 0.8191  PPV: 0.8006  NPV: 0.8980
INFO:__main__:验证的best_acc:0.8494
INFO:__main__:----------------------------------------------------------------------------------------------------
INFO:__main__:
【train】epoch:25/150 loss:0.3247 acc:0.8589
INFO:__main__:
【val】epoch:25/150 loss:0.4257 acc:0.8011
INFO:__main__:
【Val】:  SENS: 0.7729  SPEC: 0.8243  PPV: 0.7827  NPV: 0.8159
INFO:__main__:验证的best_acc:0.8494
INFO:__main__:----------------------------------------------------------------------------------------------------
INFO:__main__:
【train】epoch:26/150 loss:0.3283 acc:0.8603
INFO:__main__:
【val】epoch:26/150 loss:0.3669 acc:0.8409
INFO:__main__:
【Val】:  SENS: 0.9148  SPEC: 0.7804  PPV: 0.7733  NPV: 0.9179
INFO:__main__:验证的best_acc:0.8494
INFO:__main__:----------------------------------------------------------------------------------------------------
INFO:__main__:
【train】epoch:27/150 loss:0.3213 acc:0.8600
INFO:__main__:
【val】epoch:27/150 loss:0.3467 acc:0.8366
INFO:__main__:
【Val】:  SENS: 0.8202  SPEC: 0.8501  PPV: 0.8176  NPV: 0.8523
INFO:__main__:验证的best_acc:0.8494
INFO:__main__:----------------------------------------------------------------------------------------------------
INFO:__main__:
【train】epoch:28/150 loss:0.3179 acc:0.8635
INFO:__main__:
【val】epoch:28/150 loss:0.3925 acc:0.7997
INFO:__main__:
【Val】:  SENS: 0.8927  SPEC: 0.7235  PPV: 0.7256  NPV: 0.8917
INFO:__main__:验证的best_acc:0.8494
INFO:__main__:----------------------------------------------------------------------------------------------------
INFO:__main__:
【train】epoch:29/150 loss:0.3183 acc:0.8602
INFO:__main__:
【val】epoch:29/150 loss:0.3651 acc:0.8338
INFO:__main__:
【Val】:  SENS: 0.8896  SPEC: 0.7881  PPV: 0.7747  NPV: 0.8971
INFO:__main__:验证的best_acc:0.8494
INFO:__main__:----------------------------------------------------------------------------------------------------
INFO:__main__:
【train】epoch:30/150 loss:0.3003 acc:0.8720
INFO:__main__:
【val】epoch:30/150 loss:0.3813 acc:0.8366
INFO:__main__:
【Val】:  SENS: 0.8391  SPEC: 0.8346  PPV: 0.8061  NPV: 0.8636
INFO:__main__:验证的best_acc:0.8494
INFO:__main__:----------------------------------------------------------------------------------------------------
INFO:__main__:
【train】epoch:31/150 loss:0.2955 acc:0.8764
INFO:__main__:
【val】epoch:31/150 loss:0.3843 acc:0.8366
INFO:__main__:
【Val】:  SENS: 0.8233  SPEC: 0.8475  PPV: 0.8156  NPV: 0.8542
INFO:__main__:验证的best_acc:0.8494
INFO:__main__:----------------------------------------------------------------------------------------------------
INFO:__main__:
【train】epoch:32/150 loss:0.2996 acc:0.8708
INFO:__main__:
【val】epoch:32/150 loss:0.3532 acc:0.8352
INFO:__main__:
【Val】:  SENS: 0.8517  SPEC: 0.8217  PPV: 0.7965  NPV: 0.8712
INFO:__main__:验证的best_acc:0.8494
INFO:__main__:----------------------------------------------------------------------------------------------------
INFO:__main__:
【train】epoch:33/150 loss:0.2988 acc:0.8748
INFO:__main__:
【val】epoch:33/150 loss:0.3479 acc:0.8480
INFO:__main__:
【Val】:  SENS: 0.8517  SPEC: 0.8450  PPV: 0.8182  NPV: 0.8743
INFO:__main__:验证的best_acc:0.8494
INFO:__main__:----------------------------------------------------------------------------------------------------
INFO:__main__:
【train】epoch:34/150 loss:0.2955 acc:0.8743
INFO:__main__:
【val】epoch:34/150 loss:0.3753 acc:0.8338
INFO:__main__:
【Val】:  SENS: 0.7760  SPEC: 0.8811  PPV: 0.8425  NPV: 0.8277
INFO:__main__:验证的best_acc:0.8494
INFO:__main__:----------------------------------------------------------------------------------------------------
INFO:__main__:
【train】epoch:35/150 loss:0.2939 acc:0.8767
INFO:__main__:
【val】epoch:35/150 loss:0.3531 acc:0.8395
INFO:__main__:
【Val】:  SENS: 0.8454  SPEC: 0.8346  PPV: 0.8072  NPV: 0.8683
INFO:__main__:验证的best_acc:0.8494
INFO:__main__:----------------------------------------------------------------------------------------------------
INFO:__main__:
【train】epoch:36/150 loss:0.2925 acc:0.8743
INFO:__main__:
【val】epoch:36/150 loss:0.3612 acc:0.8253
INFO:__main__:
【Val】:  SENS: 0.8896  SPEC: 0.7726  PPV: 0.7622  NPV: 0.8952
INFO:__main__:验证的best_acc:0.8494
INFO:__main__:----------------------------------------------------------------------------------------------------
INFO:__main__:
【train】epoch:37/150 loss:0.2933 acc:0.8743
INFO:__main__:
【val】epoch:37/150 loss:0.3851 acc:0.8097
INFO:__main__:
【Val】:  SENS: 0.8328  SPEC: 0.7907  PPV: 0.7652  NPV: 0.8524
INFO:__main__:验证的best_acc:0.8494
INFO:__main__:----------------------------------------------------------------------------------------------------
INFO:__main__:
【train】epoch:38/150 loss:0.2891 acc:0.8740
INFO:__main__:
【val】epoch:38/150 loss:0.3609 acc:0.8324
INFO:__main__:
【Val】:  SENS: 0.8044  SPEC: 0.8553  PPV: 0.8199  NPV: 0.8422
INFO:__main__:验证的best_acc:0.8494
INFO:__main__:----------------------------------------------------------------------------------------------------
INFO:__main__:
【train】epoch:39/150 loss:0.2750 acc:0.8848
INFO:__main__:
【val】epoch:39/150 loss:0.3274 acc:0.8466
INFO:__main__:
【Val】:  SENS: 0.8738  SPEC: 0.8243  PPV: 0.8029  NPV: 0.8886
INFO:__main__:验证的best_acc:0.8494
INFO:__main__:----------------------------------------------------------------------------------------------------
INFO:__main__:
【train】epoch:40/150 loss:0.2742 acc:0.8860
INFO:__main__:
【val】epoch:40/150 loss:0.3472 acc:0.8381
INFO:__main__:
【Val】:  SENS: 0.8328  SPEC: 0.8424  PPV: 0.8123  NPV: 0.8602
INFO:__main__:验证的best_acc:0.8494
INFO:__main__:----------------------------------------------------------------------------------------------------
INFO:__main__:
【train】epoch:41/150 loss:0.2752 acc:0.8820
INFO:__main__:
【val】epoch:41/150 loss:0.3813 acc:0.8324
INFO:__main__:
【Val】:  SENS: 0.7855  SPEC: 0.8708  PPV: 0.8328  NPV: 0.8321
INFO:__main__:验证的best_acc:0.8494
INFO:__main__:----------------------------------------------------------------------------------------------------
INFO:__main__:
【train】epoch:42/150 loss:0.2702 acc:0.8863
INFO:__main__:
【val】epoch:42/150 loss:0.3408 acc:0.8423
INFO:__main__:
【Val】:  SENS: 0.8864  SPEC: 0.8062  PPV: 0.7893  NPV: 0.8966
INFO:__main__:验证的best_acc:0.8494
INFO:__main__:----------------------------------------------------------------------------------------------------
INFO:__main__:
【train】epoch:43/150 loss:0.2640 acc:0.8874
INFO:__main__:
【val】epoch:43/150 loss:0.3925 acc:0.8338
INFO:__main__:
【Val】:  SENS: 0.7792  SPEC: 0.8786  PPV: 0.8401  NPV: 0.8293
INFO:__main__:验证的best_acc:0.8494
INFO:__main__:----------------------------------------------------------------------------------------------------
INFO:__main__:
【train】epoch:44/150 loss:0.2703 acc:0.8844
INFO:__main__:
【val】epoch:44/150 loss:0.3664 acc:0.8409
INFO:__main__:
【Val】:  SENS: 0.8202  SPEC: 0.8579  PPV: 0.8254  NPV: 0.8535
INFO:__main__:验证的best_acc:0.8494
INFO:__main__:----------------------------------------------------------------------------------------------------
INFO:__main__:
【train】epoch:45/150 loss:0.2655 acc:0.8853
INFO:__main__:
【val】epoch:45/150 loss:0.3639 acc:0.8281
INFO:__main__:
【Val】:  SENS: 0.8801  SPEC: 0.7855  PPV: 0.7707  NPV: 0.8889
INFO:__main__:验证的best_acc:0.8494
INFO:__main__:----------------------------------------------------------------------------------------------------
INFO:__main__:
【train】epoch:46/150 loss:0.2608 acc:0.8891
INFO:__main__:
【val】epoch:46/150 loss:0.3618 acc:0.8324
INFO:__main__:
【Val】:  SENS: 0.8549  SPEC: 0.8140  PPV: 0.7901  NPV: 0.8726
INFO:__main__:验证的best_acc:0.8494
INFO:__main__:----------------------------------------------------------------------------------------------------
INFO:__main__:
【train】epoch:47/150 loss:0.2633 acc:0.8897
INFO:__main__:
【val】epoch:47/150 loss:0.3918 acc:0.8168
INFO:__main__:
【Val】:  SENS: 0.8486  SPEC: 0.7907  PPV: 0.7686  NPV: 0.8644
INFO:__main__:验证的best_acc:0.8494
INFO:__main__:----------------------------------------------------------------------------------------------------
INFO:__main__:
【train】epoch:48/150 loss:0.2610 acc:0.8900
INFO:__main__:
【val】epoch:48/150 loss:0.3780 acc:0.8082
INFO:__main__:
【Val】:  SENS: 0.8297  SPEC: 0.7907  PPV: 0.7645  NPV: 0.8500
INFO:__main__:验证的best_acc:0.8494
INFO:__main__:----------------------------------------------------------------------------------------------------
INFO:__main__:
【train】epoch:49/150 loss:0.2516 acc:0.8925
INFO:__main__:
【val】epoch:49/150 loss:0.3660 acc:0.8480
INFO:__main__:
【Val】:  SENS: 0.8170  SPEC: 0.8734  PPV: 0.8409  NPV: 0.8535
INFO:__main__:验证的best_acc:0.8494
INFO:__main__:----------------------------------------------------------------------------------------------------
INFO:__main__:
【train】epoch:50/150 loss:0.2452 acc:0.8951
INFO:__main__:
【val】epoch:50/150 loss:0.3728 acc:0.8338
INFO:__main__:
【Val】:  SENS: 0.8360  SPEC: 0.8320  PPV: 0.8030  NPV: 0.8610
INFO:__main__:验证的best_acc:0.8494
INFO:__main__:----------------------------------------------------------------------------------------------------
INFO:__main__:
【train】epoch:51/150 loss:0.2421 acc:0.8970
INFO:__main__:
【val】epoch:51/150 loss:0.3684 acc:0.8352
INFO:__main__:
【Val】:  SENS: 0.8233  SPEC: 0.8450  PPV: 0.8131  NPV: 0.8538
INFO:__main__:验证的best_acc:0.8494
INFO:__main__:----------------------------------------------------------------------------------------------------
INFO:__main__:
【train】epoch:52/150 loss:0.2456 acc:0.8984
INFO:__main__:
【val】epoch:52/150 loss:0.3598 acc:0.8409
INFO:__main__:
【Val】:  SENS: 0.8297  SPEC: 0.8501  PPV: 0.8193  NPV: 0.8590
INFO:__main__:验证的best_acc:0.8494
INFO:__main__:----------------------------------------------------------------------------------------------------
INFO:__main__:
【train】epoch:53/150 loss:0.2360 acc:0.8996
INFO:__main__:
【val】epoch:53/150 loss:0.4072 acc:0.8253
INFO:__main__:
【Val】:  SENS: 0.7224  SPEC: 0.9096  PPV: 0.8674  NPV: 0.8000
INFO:__main__:验证的best_acc:0.8494
INFO:__main__:----------------------------------------------------------------------------------------------------
INFO:__main__:
【train】epoch:54/150 loss:0.2394 acc:0.8996
INFO:__main__:
【val】epoch:54/150 loss:0.3788 acc:0.8338
INFO:__main__:
【Val】:  SENS: 0.7950  SPEC: 0.8656  PPV: 0.8289  NPV: 0.8375
INFO:__main__:验证的best_acc:0.8494
INFO:__main__:----------------------------------------------------------------------------------------------------
INFO:__main__:
【train】epoch:55/150 loss:0.2359 acc:0.8984
INFO:__main__:
【val】epoch:55/150 loss:0.4203 acc:0.8395
INFO:__main__:
【Val】:  SENS: 0.7571  SPEC: 0.9070  PPV: 0.8696  NPV: 0.8201
INFO:__main__:验证的best_acc:0.8494
INFO:__main__:----------------------------------------------------------------------------------------------------
INFO:__main__:
【train】epoch:56/150 loss:0.2379 acc:0.9038
INFO:__main__:
【val】epoch:56/150 loss:0.4689 acc:0.8153
INFO:__main__:
【Val】:  SENS: 0.7539  SPEC: 0.8656  PPV: 0.8213  NPV: 0.8111
INFO:__main__:验证的best_acc:0.8494
INFO:__main__:----------------------------------------------------------------------------------------------------
INFO:__main__:
【train】epoch:57/150 loss:0.2354 acc:0.8970
INFO:__main__:
【val】epoch:57/150 loss:0.5841 acc:0.8068
INFO:__main__:
【Val】:  SENS: 0.6688  SPEC: 0.9199  PPV: 0.8724  NPV: 0.7722
INFO:__main__:验证的best_acc:0.8494
INFO:__main__:----------------------------------------------------------------------------------------------------
INFO:__main__:
【train】epoch:58/150 loss:0.2354 acc:0.8984
INFO:__main__:
【val】epoch:58/150 loss:0.4502 acc:0.8168
INFO:__main__:
【Val】:  SENS: 0.7760  SPEC: 0.8501  PPV: 0.8092  NPV: 0.8225
INFO:__main__:验证的best_acc:0.8494
INFO:__main__:----------------------------------------------------------------------------------------------------
INFO:__main__:
【train】epoch:59/150 loss:0.2348 acc:0.9000
INFO:__main__:
【val】epoch:59/150 loss:0.3857 acc:0.8438
INFO:__main__:
【Val】:  SENS: 0.8044  SPEC: 0.8760  PPV: 0.8416  NPV: 0.8454
INFO:__main__:验证的best_acc:0.8494
INFO:__main__:----------------------------------------------------------------------------------------------------
INFO:__main__:
【train】epoch:60/150 loss:0.2255 acc:0.9054
INFO:__main__:
【val】epoch:60/150 loss:0.3681 acc:0.8253
INFO:__main__:
【Val】:  SENS: 0.8107  SPEC: 0.8372  PPV: 0.8031  NPV: 0.8438
INFO:__main__:验证的best_acc:0.8494
INFO:__main__:----------------------------------------------------------------------------------------------------
INFO:__main__:
【train】epoch:61/150 loss:0.2164 acc:0.9092
INFO:__main__:
【val】epoch:61/150 loss:0.4214 acc:0.8267
INFO:__main__:
【Val】:  SENS: 0.8328  SPEC: 0.8217  PPV: 0.7928  NPV: 0.8571
INFO:__main__:验证的best_acc:0.8494
INFO:__main__:----------------------------------------------------------------------------------------------------
INFO:__main__:
【train】epoch:62/150 loss:0.2271 acc:0.9035
INFO:__main__:
【val】epoch:62/150 loss:0.4300 acc:0.8182
INFO:__main__:
【Val】:  SENS: 0.8423  SPEC: 0.7984  PPV: 0.7739  NPV: 0.8607
INFO:__main__:验证的best_acc:0.8494
INFO:__main__:----------------------------------------------------------------------------------------------------
INFO:__main__:
【train】epoch:63/150 loss:0.2152 acc:0.9125
INFO:__main__:
【val】epoch:63/150 loss:0.3878 acc:0.8324
INFO:__main__:
【Val】:  SENS: 0.8896  SPEC: 0.7855  PPV: 0.7726  NPV: 0.8968
INFO:__main__:验证的best_acc:0.8494
INFO:__main__:----------------------------------------------------------------------------------------------------
INFO:__main__:
【train】epoch:64/150 loss:0.2177 acc:0.9056
INFO:__main__:
【val】epoch:64/150 loss:0.3874 acc:0.8324
INFO:__main__:
【Val】:  SENS: 0.8927  SPEC: 0.7829  PPV: 0.7711  NPV: 0.8991
INFO:__main__:验证的best_acc:0.8494
INFO:__main__:----------------------------------------------------------------------------------------------------
INFO:__main__:
【train】epoch:65/150 loss:0.2194 acc:0.9071
INFO:__main__:
【val】epoch:65/150 loss:0.3710 acc:0.8651
INFO:__main__:
【Val】:  SENS: 0.9054  SPEC: 0.8320  PPV: 0.8153  NPV: 0.9148
INFO:__main__:验证的best_acc:0.8651
INFO:__main__:----------------------------------------------------------------------------------------------------
INFO:__main__:
【train】epoch:66/150 loss:0.2174 acc:0.9099
INFO:__main__:
【val】epoch:66/150 loss:0.4111 acc:0.8452
INFO:__main__:
【Val】:  SENS: 0.8265  SPEC: 0.8605  PPV: 0.8291  NPV: 0.8582
INFO:__main__:验证的best_acc:0.8651
INFO:__main__:----------------------------------------------------------------------------------------------------
INFO:__main__:
【train】epoch:67/150 loss:0.2073 acc:0.9146
INFO:__main__:
【val】epoch:67/150 loss:0.4879 acc:0.8224
INFO:__main__:
【Val】:  SENS: 0.8328  SPEC: 0.8140  PPV: 0.7857  NPV: 0.8560
INFO:__main__:验证的best_acc:0.8651
INFO:__main__:----------------------------------------------------------------------------------------------------
INFO:__main__:
【train】epoch:68/150 loss:0.2199 acc:0.9042
INFO:__main__:
【val】epoch:68/150 loss:0.3904 acc:0.8423
INFO:__main__:
【Val】:  SENS: 0.8454  SPEC: 0.8398  PPV: 0.8121  NPV: 0.8690
INFO:__main__:验证的best_acc:0.8651
INFO:__main__:----------------------------------------------------------------------------------------------------
INFO:__main__:
【train】epoch:69/150 loss:0.1999 acc:0.9174
INFO:__main__:
【val】epoch:69/150 loss:0.3904 acc:0.8366
INFO:__main__:
【Val】:  SENS: 0.8644  SPEC: 0.8140  PPV: 0.7919  NPV: 0.8799
INFO:__main__:验证的best_acc:0.8651
INFO:__main__:----------------------------------------------------------------------------------------------------
INFO:__main__:
【train】epoch:70/150 loss:0.2089 acc:0.9152
INFO:__main__:
【val】epoch:70/150 loss:0.4093 acc:0.8452
INFO:__main__:
【Val】:  SENS: 0.8770  SPEC: 0.8191  PPV: 0.7989  NPV: 0.8904
INFO:__main__:验证的best_acc:0.8651
INFO:__main__:----------------------------------------------------------------------------------------------------
INFO:__main__:
【train】epoch:71/150 loss:0.1964 acc:0.9186
INFO:__main__:
【val】epoch:71/150 loss:0.4208 acc:0.8423
INFO:__main__:
【Val】:  SENS: 0.8297  SPEC: 0.8527  PPV: 0.8219  NPV: 0.8594
INFO:__main__:验证的best_acc:0.8651
INFO:__main__:----------------------------------------------------------------------------------------------------
INFO:__main__:
【train】epoch:72/150 loss:0.2025 acc:0.9199
INFO:__main__:
【val】epoch:72/150 loss:0.4139 acc:0.8366
INFO:__main__:
【Val】:  SENS: 0.8391  SPEC: 0.8346  PPV: 0.8061  NPV: 0.8636
INFO:__main__:验证的best_acc:0.8651
INFO:__main__:----------------------------------------------------------------------------------------------------
INFO:__main__:
【train】epoch:73/150 loss:0.1999 acc:0.9159
INFO:__main__:
【val】epoch:73/150 loss:0.4625 acc:0.8295
INFO:__main__:
【Val】:  SENS: 0.8517  SPEC: 0.8114  PPV: 0.7872  NPV: 0.8698
INFO:__main__:验证的best_acc:0.8651
INFO:__main__:----------------------------------------------------------------------------------------------------
INFO:__main__:
【train】epoch:74/150 loss:0.1977 acc:0.9186
INFO:__main__:
【val】epoch:74/150 loss:0.4411 acc:0.8438
INFO:__main__:
【Val】:  SENS: 0.8297  SPEC: 0.8553  PPV: 0.8245  NPV: 0.8597
INFO:__main__:验证的best_acc:0.8651
INFO:__main__:----------------------------------------------------------------------------------------------------
INFO:__main__:
【train】epoch:75/150 loss:0.1931 acc:0.9197
INFO:__main__:
【val】epoch:75/150 loss:0.4635 acc:0.8352
INFO:__main__:
【Val】:  SENS: 0.8107  SPEC: 0.8553  PPV: 0.8211  NPV: 0.8465
INFO:__main__:验证的best_acc:0.8651
INFO:__main__:----------------------------------------------------------------------------------------------------
INFO:__main__:
【train】epoch:76/150 loss:0.1863 acc:0.9213
INFO:__main__:
【val】epoch:76/150 loss:0.4666 acc:0.8352
INFO:__main__:
【Val】:  SENS: 0.8044  SPEC: 0.8605  PPV: 0.8252  NPV: 0.8430
INFO:__main__:验证的best_acc:0.8651
INFO:__main__:----------------------------------------------------------------------------------------------------
INFO:__main__:
【train】epoch:77/150 loss:0.1998 acc:0.9179
INFO:__main__:
【val】epoch:77/150 loss:0.4026 acc:0.8736
INFO:__main__:
【Val】:  SENS: 0.8738  SPEC: 0.8734  PPV: 0.8497  NPV: 0.8942
INFO:__main__:验证的best_acc:0.8736
INFO:__main__:----------------------------------------------------------------------------------------------------
INFO:__main__:
【train】epoch:78/150 loss:0.1942 acc:0.9234
INFO:__main__:
【val】epoch:78/150 loss:0.4403 acc:0.8452
INFO:__main__:
【Val】:  SENS: 0.8517  SPEC: 0.8398  PPV: 0.8133  NPV: 0.8737
INFO:__main__:验证的best_acc:0.8736
INFO:__main__:----------------------------------------------------------------------------------------------------
INFO:__main__:
【train】epoch:79/150 loss:0.1898 acc:0.9214
INFO:__main__:
【val】epoch:79/150 loss:0.4173 acc:0.8466
INFO:__main__:
【Val】:  SENS: 0.8738  SPEC: 0.8243  PPV: 0.8029  NPV: 0.8886
INFO:__main__:验证的best_acc:0.8736
INFO:__main__:----------------------------------------------------------------------------------------------------
INFO:__main__:
【train】epoch:80/150 loss:0.1818 acc:0.9279
INFO:__main__:
【val】epoch:80/150 loss:0.3971 acc:0.8523
INFO:__main__:
【Val】:  SENS: 0.8675  SPEC: 0.8398  PPV: 0.8160  NPV: 0.8856
INFO:__main__:验证的best_acc:0.8736
INFO:__main__:----------------------------------------------------------------------------------------------------
INFO:__main__:
【train】epoch:81/150 loss:0.1738 acc:0.9305
INFO:__main__:
【val】epoch:81/150 loss:0.4542 acc:0.8494
INFO:__main__:
【Val】:  SENS: 0.9054  SPEC: 0.8036  PPV: 0.7906  NPV: 0.9120
INFO:__main__:验证的best_acc:0.8736
INFO:__main__:----------------------------------------------------------------------------------------------------
INFO:__main__:
【train】epoch:82/150 loss:0.1772 acc:0.9279
INFO:__main__:
【val】epoch:82/150 loss:0.4377 acc:0.8438
INFO:__main__:
【Val】:  SENS: 0.8486  SPEC: 0.8398  PPV: 0.8127  NPV: 0.8713
INFO:__main__:验证的best_acc:0.8736
INFO:__main__:----------------------------------------------------------------------------------------------------
INFO:__main__:
【train】epoch:83/150 loss:0.1738 acc:0.9298
INFO:__main__:
【val】epoch:83/150 loss:0.4939 acc:0.8452
INFO:__main__:
【Val】:  SENS: 0.8580  SPEC: 0.8346  PPV: 0.8095  NPV: 0.8777
INFO:__main__:验证的best_acc:0.8736
INFO:__main__:----------------------------------------------------------------------------------------------------
INFO:__main__:
【train】epoch:84/150 loss:0.1714 acc:0.9310
INFO:__main__:
【val】epoch:84/150 loss:0.4117 acc:0.8480
INFO:__main__:
【Val】:  SENS: 0.8328  SPEC: 0.8605  PPV: 0.8302  NPV: 0.8627
INFO:__main__:验证的best_acc:0.8736
INFO:__main__:----------------------------------------------------------------------------------------------------
INFO:__main__:
【train】epoch:85/150 loss:0.1680 acc:0.9296
INFO:__main__:
【val】epoch:85/150 loss:0.4846 acc:0.8409
INFO:__main__:
【Val】:  SENS: 0.8738  SPEC: 0.8140  PPV: 0.7937  NPV: 0.8873
INFO:__main__:验证的best_acc:0.8736
INFO:__main__:----------------------------------------------------------------------------------------------------
INFO:__main__:
【train】epoch:86/150 loss:0.1656 acc:0.9352
INFO:__main__:
【val】epoch:86/150 loss:0.4757 acc:0.8395
INFO:__main__:
【Val】:  SENS: 0.8644  SPEC: 0.8191  PPV: 0.7965  NPV: 0.8806
INFO:__main__:验证的best_acc:0.8736
INFO:__main__:----------------------------------------------------------------------------------------------------
INFO:__main__:
【train】epoch:87/150 loss:0.1704 acc:0.9303
INFO:__main__:
【val】epoch:87/150 loss:0.4474 acc:0.8395
INFO:__main__:
【Val】:  SENS: 0.8360  SPEC: 0.8424  PPV: 0.8129  NPV: 0.8624
INFO:__main__:验证的best_acc:0.8736
INFO:__main__:----------------------------------------------------------------------------------------------------
INFO:__main__:
【train】epoch:88/150 loss:0.1764 acc:0.9293
INFO:__main__:
【val】epoch:88/150 loss:0.5526 acc:0.8423
INFO:__main__:
【Val】:  SENS: 0.8864  SPEC: 0.8062  PPV: 0.7893  NPV: 0.8966
INFO:__main__:验证的best_acc:0.8736
INFO:__main__:----------------------------------------------------------------------------------------------------
INFO:__main__:
【train】epoch:89/150 loss:0.1691 acc:0.9307
INFO:__main__:
【val】epoch:89/150 loss:0.4383 acc:0.8466
INFO:__main__:
【Val】:  SENS: 0.9148  SPEC: 0.7907  PPV: 0.7817  NPV: 0.9189
INFO:__main__:验证的best_acc:0.8736
INFO:__main__:----------------------------------------------------------------------------------------------------
INFO:__main__:
【train】epoch:90/150 loss:0.1651 acc:0.9342
INFO:__main__:
【val】epoch:90/150 loss:0.5096 acc:0.8310
INFO:__main__:
【Val】:  SENS: 0.8644  SPEC: 0.8036  PPV: 0.7829  NPV: 0.8785
INFO:__main__:验证的best_acc:0.8736
INFO:__main__:----------------------------------------------------------------------------------------------------
INFO:__main__:
【train】epoch:91/150 loss:0.1567 acc:0.9347
INFO:__main__:
【val】epoch:91/150 loss:0.4527 acc:0.8423
INFO:__main__:
【Val】:  SENS: 0.8423  SPEC: 0.8424  PPV: 0.8140  NPV: 0.8670
INFO:__main__:验证的best_acc:0.8736
INFO:__main__:----------------------------------------------------------------------------------------------------
INFO:__main__:
【train】epoch:92/150 loss:0.1595 acc:0.9377
INFO:__main__:
【val】epoch:92/150 loss:0.5065 acc:0.8381
INFO:__main__:
【Val】:  SENS: 0.8391  SPEC: 0.8372  PPV: 0.8085  NPV: 0.8640
INFO:__main__:验证的best_acc:0.8736
INFO:__main__:----------------------------------------------------------------------------------------------------
INFO:__main__:
【train】epoch:93/150 loss:0.1575 acc:0.9338
INFO:__main__:
【val】epoch:93/150 loss:0.4283 acc:0.8409
INFO:__main__:
【Val】:  SENS: 0.8770  SPEC: 0.8114  PPV: 0.7920  NPV: 0.8895
INFO:__main__:验证的best_acc:0.8736
INFO:__main__:----------------------------------------------------------------------------------------------------
INFO:__main__:
【train】epoch:94/150 loss:0.1566 acc:0.9372
INFO:__main__:
【val】epoch:94/150 loss:0.4371 acc:0.8452
INFO:__main__:
【Val】:  SENS: 0.8864  SPEC: 0.8114  PPV: 0.7938  NPV: 0.8971
INFO:__main__:验证的best_acc:0.8736
INFO:__main__:----------------------------------------------------------------------------------------------------
INFO:__main__:
【train】epoch:95/150 loss:0.1549 acc:0.9387
INFO:__main__:
【val】epoch:95/150 loss:0.4109 acc:0.8480
INFO:__main__:
【Val】:  SENS: 0.8959  SPEC: 0.8088  PPV: 0.7933  NPV: 0.9046
INFO:__main__:验证的best_acc:0.8736
INFO:__main__:----------------------------------------------------------------------------------------------------
INFO:__main__:
【train】epoch:96/150 loss:0.1584 acc:0.9372
INFO:__main__:
【val】epoch:96/150 loss:0.4792 acc:0.8295
INFO:__main__:
【Val】:  SENS: 0.8044  SPEC: 0.8501  PPV: 0.8147  NPV: 0.8414
INFO:__main__:验证的best_acc:0.8736
INFO:__main__:----------------------------------------------------------------------------------------------------
INFO:__main__:
【train】epoch:97/150 loss:0.1579 acc:0.9396
INFO:__main__:
【val】epoch:97/150 loss:0.5092 acc:0.8338
INFO:__main__:
【Val】:  SENS: 0.8833  SPEC: 0.7933  PPV: 0.7778  NPV: 0.8924
INFO:__main__:验证的best_acc:0.8736
INFO:__main__:----------------------------------------------------------------------------------------------------
INFO:__main__:
【train】epoch:98/150 loss:0.1551 acc:0.9385
INFO:__main__:
【val】epoch:98/150 loss:0.5092 acc:0.8352
INFO:__main__:
【Val】:  SENS: 0.8770  SPEC: 0.8010  PPV: 0.7831  NPV: 0.8883
INFO:__main__:验证的best_acc:0.8736
INFO:__main__:----------------------------------------------------------------------------------------------------
INFO:__main__:
【train】epoch:99/150 loss:0.1532 acc:0.9378
INFO:__main__:
【val】epoch:99/150 loss:0.4738 acc:0.8409
INFO:__main__:
【Val】:  SENS: 0.8612  SPEC: 0.8243  PPV: 0.8006  NPV: 0.8788
INFO:__main__:验证的best_acc:0.8736
INFO:__main__:----------------------------------------------------------------------------------------------------
INFO:__main__:
【train】epoch:100/150 loss:0.1440 acc:0.9415
INFO:__main__:
【val】epoch:100/150 loss:0.5011 acc:0.8452
INFO:__main__:
【Val】:  SENS: 0.7823  SPEC: 0.8966  PPV: 0.8611  NPV: 0.8341
INFO:__main__:验证的best_acc:0.8736
INFO:__main__:----------------------------------------------------------------------------------------------------
INFO:__main__:
【train】epoch:101/150 loss:0.1345 acc:0.9462
INFO:__main__:
【val】epoch:101/150 loss:0.5269 acc:0.8438
INFO:__main__:
【Val】:  SENS: 0.8486  SPEC: 0.8398  PPV: 0.8127  NPV: 0.8713
INFO:__main__:验证的best_acc:0.8736
INFO:__main__:----------------------------------------------------------------------------------------------------
INFO:__main__:
【train】epoch:102/150 loss:0.1372 acc:0.9464
INFO:__main__:
【val】epoch:102/150 loss:0.5147 acc:0.8409
INFO:__main__:
【Val】:  SENS: 0.8833  SPEC: 0.8062  PPV: 0.7887  NPV: 0.8940
INFO:__main__:验证的best_acc:0.8736
INFO:__main__:----------------------------------------------------------------------------------------------------
INFO:__main__:
【train】epoch:103/150 loss:0.1435 acc:0.9417
INFO:__main__:
【val】epoch:103/150 loss:0.5498 acc:0.8423
INFO:__main__:
【Val】:  SENS: 0.8612  SPEC: 0.8269  PPV: 0.8029  NPV: 0.8791
INFO:__main__:验证的best_acc:0.8736
INFO:__main__:----------------------------------------------------------------------------------------------------
INFO:__main__:
【train】epoch:104/150 loss:0.1427 acc:0.9457
INFO:__main__:
【val】epoch:104/150 loss:0.4629 acc:0.8551
INFO:__main__:
【Val】:  SENS: 0.8833  SPEC: 0.8320  PPV: 0.8116  NPV: 0.8969
INFO:__main__:验证的best_acc:0.8736
INFO:__main__:----------------------------------------------------------------------------------------------------
INFO:__main__:
【train】epoch:105/150 loss:0.1327 acc:0.9466
INFO:__main__:
【val】epoch:105/150 loss:0.4911 acc:0.8423
INFO:__main__:
【Val】:  SENS: 0.8454  SPEC: 0.8398  PPV: 0.8121  NPV: 0.8690
INFO:__main__:验证的best_acc:0.8736
INFO:__main__:----------------------------------------------------------------------------------------------------
INFO:__main__:
【train】epoch:106/150 loss:0.1409 acc:0.9448
INFO:__main__:
【val】epoch:106/150 loss:0.5120 acc:0.8565
INFO:__main__:
【Val】:  SENS: 0.8738  SPEC: 0.8424  PPV: 0.8195  NPV: 0.8907
INFO:__main__:验证的best_acc:0.8736
INFO:__main__:----------------------------------------------------------------------------------------------------
INFO:__main__:
【train】epoch:107/150 loss:0.1410 acc:0.9436
INFO:__main__:
【val】epoch:107/150 loss:0.4649 acc:0.8310
INFO:__main__:
【Val】:  SENS: 0.8233  SPEC: 0.8372  PPV: 0.8056  NPV: 0.8526
INFO:__main__:验证的best_acc:0.8736
INFO:__main__:----------------------------------------------------------------------------------------------------
INFO:__main__:
【train】epoch:108/150 loss:0.1317 acc:0.9497
INFO:__main__:
【val】epoch:108/150 loss:0.4720 acc:0.8523
INFO:__main__:
【Val】:  SENS: 0.9054  SPEC: 0.8088  PPV: 0.7950  NPV: 0.9125
INFO:__main__:验证的best_acc:0.8736
INFO:__main__:----------------------------------------------------------------------------------------------------
INFO:__main__:
【train】epoch:109/150 loss:0.1281 acc:0.9508
INFO:__main__:
【val】epoch:109/150 loss:0.5347 acc:0.8494
INFO:__main__:
【Val】:  SENS: 0.8486  SPEC: 0.8501  PPV: 0.8226  NPV: 0.8727
INFO:__main__:验证的best_acc:0.8736
INFO:__main__:----------------------------------------------------------------------------------------------------
INFO:__main__:
【train】epoch:110/150 loss:0.1297 acc:0.9475
INFO:__main__:
【val】epoch:110/150 loss:0.5256 acc:0.8423
INFO:__main__:
【Val】:  SENS: 0.8864  SPEC: 0.8062  PPV: 0.7893  NPV: 0.8966
INFO:__main__:验证的best_acc:0.8736
INFO:__main__:----------------------------------------------------------------------------------------------------
INFO:__main__:
【train】epoch:111/150 loss:0.1302 acc:0.9461
INFO:__main__:
【val】epoch:111/150 loss:0.4520 acc:0.8622
INFO:__main__:
【Val】:  SENS: 0.8770  SPEC: 0.8501  PPV: 0.8274  NPV: 0.8940
INFO:__main__:验证的best_acc:0.8736
INFO:__main__:----------------------------------------------------------------------------------------------------
INFO:__main__:
【train】epoch:112/150 loss:0.1290 acc:0.9476
INFO:__main__:
【val】epoch:112/150 loss:0.5570 acc:0.8366
INFO:__main__:
【Val】:  SENS: 0.8423  SPEC: 0.8320  PPV: 0.8042  NPV: 0.8656
INFO:__main__:验证的best_acc:0.8736
INFO:__main__:----------------------------------------------------------------------------------------------------
INFO:__main__:
【train】epoch:113/150 loss:0.1280 acc:0.9452
INFO:__main__:
【val】epoch:113/150 loss:0.5481 acc:0.8423
INFO:__main__:
【Val】:  SENS: 0.8612  SPEC: 0.8269  PPV: 0.8029  NPV: 0.8791
INFO:__main__:验证的best_acc:0.8736
INFO:__main__:----------------------------------------------------------------------------------------------------
INFO:__main__:
【train】epoch:114/150 loss:0.1231 acc:0.9494
INFO:__main__:
【val】epoch:114/150 loss:0.5141 acc:0.8580
INFO:__main__:
【Val】:  SENS: 0.8391  SPEC: 0.8734  PPV: 0.8444  NPV: 0.8689
INFO:__main__:验证的best_acc:0.8736
INFO:__main__:----------------------------------------------------------------------------------------------------
INFO:__main__:
【train】epoch:115/150 loss:0.1219 acc:0.9511
INFO:__main__:
【val】epoch:115/150 loss:0.5231 acc:0.8480
INFO:__main__:
【Val】:  SENS: 0.8360  SPEC: 0.8579  PPV: 0.8281  NPV: 0.8646
INFO:__main__:验证的best_acc:0.8736
INFO:__main__:----------------------------------------------------------------------------------------------------
INFO:__main__:
【train】epoch:116/150 loss:0.1237 acc:0.9487
INFO:__main__:
【val】epoch:116/150 loss:0.5087 acc:0.8466
INFO:__main__:
【Val】:  SENS: 0.8202  SPEC: 0.8682  PPV: 0.8360  NPV: 0.8550
INFO:__main__:验证的best_acc:0.8736
INFO:__main__:----------------------------------------------------------------------------------------------------
INFO:__main__:
【train】epoch:117/150 loss:0.1189 acc:0.9530
INFO:__main__:
【val】epoch:117/150 loss:0.4916 acc:0.8551
INFO:__main__:
【Val】:  SENS: 0.8738  SPEC: 0.8398  PPV: 0.8171  NPV: 0.8904
INFO:__main__:验证的best_acc:0.8736
INFO:__main__:----------------------------------------------------------------------------------------------------
INFO:__main__:
【train】epoch:118/150 loss:0.1234 acc:0.9516
INFO:__main__:
【val】epoch:118/150 loss:0.4568 acc:0.8693
INFO:__main__:
【Val】:  SENS: 0.8580  SPEC: 0.8786  PPV: 0.8527  NPV: 0.8831
INFO:__main__:验证的best_acc:0.8736
INFO:__main__:----------------------------------------------------------------------------------------------------
INFO:__main__:
【train】epoch:119/150 loss:0.1092 acc:0.9551
INFO:__main__:
【val】epoch:119/150 loss:0.5015 acc:0.8551
INFO:__main__:
【Val】:  SENS: 0.8549  SPEC: 0.8553  PPV: 0.8287  NPV: 0.8780
INFO:__main__:验证的best_acc:0.8736
INFO:__main__:----------------------------------------------------------------------------------------------------
INFO:__main__:
【train】epoch:120/150 loss:0.1211 acc:0.9527
INFO:__main__:
【val】epoch:120/150 loss:0.5354 acc:0.8523
INFO:__main__:
【Val】:  SENS: 0.8517  SPEC: 0.8527  PPV: 0.8257  NPV: 0.8753
INFO:__main__:验证的best_acc:0.8736
INFO:__main__:----------------------------------------------------------------------------------------------------
INFO:__main__:
【train】epoch:121/150 loss:0.1133 acc:0.9562
INFO:__main__:
【val】epoch:121/150 loss:0.5142 acc:0.8523
INFO:__main__:
【Val】:  SENS: 0.8423  SPEC: 0.8605  PPV: 0.8318  NPV: 0.8695
INFO:__main__:验证的best_acc:0.8736
INFO:__main__:----------------------------------------------------------------------------------------------------
INFO:__main__:
【train】epoch:122/150 loss:0.1119 acc:0.9551
INFO:__main__:
【val】epoch:122/150 loss:0.5652 acc:0.8494
INFO:__main__:
【Val】:  SENS: 0.8265  SPEC: 0.8682  PPV: 0.8371  NPV: 0.8593
INFO:__main__:验证的best_acc:0.8736
INFO:__main__:----------------------------------------------------------------------------------------------------
INFO:__main__:
【train】epoch:123/150 loss:0.1111 acc:0.9558
INFO:__main__:
【val】epoch:123/150 loss:0.5720 acc:0.8509
INFO:__main__:
【Val】:  SENS: 0.8233  SPEC: 0.8734  PPV: 0.8419  NPV: 0.8579
INFO:__main__:验证的best_acc:0.8736
INFO:__main__:----------------------------------------------------------------------------------------------------
INFO:__main__:
【train】epoch:124/150 loss:0.1124 acc:0.9588
INFO:__main__:
【val】epoch:124/150 loss:0.6008 acc:0.8381
INFO:__main__:
【Val】:  SENS: 0.8265  SPEC: 0.8475  PPV: 0.8162  NPV: 0.8564
INFO:__main__:验证的best_acc:0.8736
INFO:__main__:----------------------------------------------------------------------------------------------------
INFO:__main__:
【train】epoch:125/150 loss:0.1038 acc:0.9583
INFO:__main__:
【val】epoch:125/150 loss:0.5467 acc:0.8423
INFO:__main__:
【Val】:  SENS: 0.8044  SPEC: 0.8734  PPV: 0.8388  NPV: 0.8450
INFO:__main__:验证的best_acc:0.8736
INFO:__main__:----------------------------------------------------------------------------------------------------
INFO:__main__:
【train】epoch:126/150 loss:0.1170 acc:0.9529
INFO:__main__:
【val】epoch:126/150 loss:0.5538 acc:0.8381
INFO:__main__:
【Val】:  SENS: 0.8738  SPEC: 0.8088  PPV: 0.7892  NPV: 0.8867
INFO:__main__:验证的best_acc:0.8736
INFO:__main__:----------------------------------------------------------------------------------------------------
INFO:__main__:
【train】epoch:127/150 loss:0.1088 acc:0.9562
INFO:__main__:
【val】epoch:127/150 loss:0.5048 acc:0.8565
INFO:__main__:
【Val】:  SENS: 0.8549  SPEC: 0.8579  PPV: 0.8313  NPV: 0.8783
INFO:__main__:验证的best_acc:0.8736
INFO:__main__:----------------------------------------------------------------------------------------------------
INFO:__main__:
【train】epoch:128/150 loss:0.1046 acc:0.9571
INFO:__main__:
【val】epoch:128/150 loss:0.5890 acc:0.8366
INFO:__main__:
【Val】:  SENS: 0.8517  SPEC: 0.8243  PPV: 0.7988  NPV: 0.8716
INFO:__main__:验证的best_acc:0.8736
INFO:__main__:----------------------------------------------------------------------------------------------------
INFO:__main__:
【train】epoch:129/150 loss:0.1075 acc:0.9581
INFO:__main__:
【val】epoch:129/150 loss:0.5698 acc:0.8338
INFO:__main__:
【Val】:  SENS: 0.8328  SPEC: 0.8346  PPV: 0.8049  NPV: 0.8590
INFO:__main__:验证的best_acc:0.8736
INFO:__main__:----------------------------------------------------------------------------------------------------
INFO:__main__:
【train】epoch:130/150 loss:0.1023 acc:0.9579
INFO:__main__:
【val】epoch:130/150 loss:0.5164 acc:0.8509
INFO:__main__:
【Val】:  SENS: 0.8644  SPEC: 0.8398  PPV: 0.8155  NPV: 0.8832
INFO:__main__:验证的best_acc:0.8736
INFO:__main__:----------------------------------------------------------------------------------------------------
INFO:__main__:
【train】epoch:131/150 loss:0.1023 acc:0.9604
INFO:__main__:
【val】epoch:131/150 loss:0.6019 acc:0.8466
INFO:__main__:
【Val】:  SENS: 0.8391  SPEC: 0.8527  PPV: 0.8235  NPV: 0.8661
INFO:__main__:验证的best_acc:0.8736
INFO:__main__:----------------------------------------------------------------------------------------------------
INFO:__main__:
【train】epoch:132/150 loss:0.0945 acc:0.9656
INFO:__main__:
【val】epoch:132/150 loss:0.5509 acc:0.8494
INFO:__main__:
【Val】:  SENS: 0.8580  SPEC: 0.8424  PPV: 0.8168  NPV: 0.8787
INFO:__main__:验证的best_acc:0.8736
INFO:__main__:----------------------------------------------------------------------------------------------------
INFO:__main__:
【train】epoch:133/150 loss:0.1107 acc:0.9553
INFO:__main__:
【val】epoch:133/150 loss:0.5867 acc:0.8480
INFO:__main__:
【Val】:  SENS: 0.8265  SPEC: 0.8656  PPV: 0.8344  NPV: 0.8590
INFO:__main__:验证的best_acc:0.8736
INFO:__main__:----------------------------------------------------------------------------------------------------
INFO:__main__:
【train】epoch:134/150 loss:0.1020 acc:0.9616
INFO:__main__:
【val】epoch:134/150 loss:0.5607 acc:0.8608
INFO:__main__:
【Val】:  SENS: 0.8517  SPEC: 0.8682  PPV: 0.8411  NPV: 0.8773
INFO:__main__:验证的best_acc:0.8736
INFO:__main__:----------------------------------------------------------------------------------------------------
INFO:__main__:
【train】epoch:135/150 loss:0.0963 acc:0.9614
INFO:__main__:
【val】epoch:135/150 loss:0.5987 acc:0.8523
INFO:__main__:
【Val】:  SENS: 0.8517  SPEC: 0.8527  PPV: 0.8257  NPV: 0.8753
INFO:__main__:验证的best_acc:0.8736
INFO:__main__:----------------------------------------------------------------------------------------------------
INFO:__main__:
【train】epoch:136/150 loss:0.0884 acc:0.9647
INFO:__main__:
【val】epoch:136/150 loss:0.6195 acc:0.8523
INFO:__main__:
【Val】:  SENS: 0.8454  SPEC: 0.8579  PPV: 0.8297  NPV: 0.8714
INFO:__main__:验证的best_acc:0.8736
INFO:__main__:----------------------------------------------------------------------------------------------------
INFO:__main__:
【train】epoch:137/150 loss:0.1012 acc:0.9611
INFO:__main__:
【val】epoch:137/150 loss:0.5420 acc:0.8565
INFO:__main__:
【Val】:  SENS: 0.8391  SPEC: 0.8708  PPV: 0.8418  NPV: 0.8686
INFO:__main__:验证的best_acc:0.8736
INFO:__main__:----------------------------------------------------------------------------------------------------
INFO:__main__:
【train】epoch:138/150 loss:0.0988 acc:0.9623
INFO:__main__:
【val】epoch:138/150 loss:0.5654 acc:0.8480
INFO:__main__:
【Val】:  SENS: 0.8454  SPEC: 0.8501  PPV: 0.8221  NPV: 0.8704
INFO:__main__:验证的best_acc:0.8736
INFO:__main__:----------------------------------------------------------------------------------------------------
INFO:__main__:
【train】epoch:139/150 loss:0.0792 acc:0.9679
INFO:__main__:
【val】epoch:139/150 loss:0.5903 acc:0.8523
INFO:__main__:
【Val】:  SENS: 0.8360  SPEC: 0.8656  PPV: 0.8360  NPV: 0.8656
INFO:__main__:验证的best_acc:0.8736
INFO:__main__:----------------------------------------------------------------------------------------------------
INFO:__main__:
【train】epoch:140/150 loss:0.1069 acc:0.9572
INFO:__main__:
【val】epoch:140/150 loss:0.5561 acc:0.8509
INFO:__main__:
【Val】:  SENS: 0.8644  SPEC: 0.8398  PPV: 0.8155  NPV: 0.8832
INFO:__main__:验证的best_acc:0.8736
INFO:__main__:----------------------------------------------------------------------------------------------------
INFO:__main__:
【train】epoch:141/150 loss:0.0874 acc:0.9656
INFO:__main__:
【val】epoch:141/150 loss:0.5972 acc:0.8665
INFO:__main__:
【Val】:  SENS: 0.8612  SPEC: 0.8708  PPV: 0.8452  NPV: 0.8845
INFO:__main__:验证的best_acc:0.8736
INFO:__main__:----------------------------------------------------------------------------------------------------
INFO:__main__:
【train】epoch:142/150 loss:0.0903 acc:0.9637
INFO:__main__:
【val】epoch:142/150 loss:0.5905 acc:0.8594
INFO:__main__:
【Val】:  SENS: 0.8233  SPEC: 0.8889  PPV: 0.8586  NPV: 0.8600
INFO:__main__:验证的best_acc:0.8736
INFO:__main__:----------------------------------------------------------------------------------------------------
INFO:__main__:
【train】epoch:143/150 loss:0.0970 acc:0.9584
INFO:__main__:
【val】epoch:143/150 loss:0.5672 acc:0.8580
INFO:__main__:
【Val】:  SENS: 0.8517  SPEC: 0.8630  PPV: 0.8359  NPV: 0.8766
INFO:__main__:验证的best_acc:0.8736
INFO:__main__:----------------------------------------------------------------------------------------------------
INFO:__main__:
【train】epoch:144/150 loss:0.0868 acc:0.9656
INFO:__main__:
【val】epoch:144/150 loss:0.5740 acc:0.8622
INFO:__main__:
【Val】:  SENS: 0.8328  SPEC: 0.8863  PPV: 0.8571  NPV: 0.8662
INFO:__main__:验证的best_acc:0.8736
INFO:__main__:----------------------------------------------------------------------------------------------------
INFO:__main__:
【train】epoch:145/150 loss:0.0899 acc:0.9619
INFO:__main__:
【val】epoch:145/150 loss:0.5595 acc:0.8608
INFO:__main__:
【Val】:  SENS: 0.8423  SPEC: 0.8760  PPV: 0.8476  NPV: 0.8715
INFO:__main__:验证的best_acc:0.8736
INFO:__main__:----------------------------------------------------------------------------------------------------
INFO:__main__:
【train】epoch:146/150 loss:0.0800 acc:0.9677
INFO:__main__:
【val】epoch:146/150 loss:0.5626 acc:0.8537
INFO:__main__:
【Val】:  SENS: 0.8454  SPEC: 0.8605  PPV: 0.8323  NPV: 0.8717
INFO:__main__:验证的best_acc:0.8736
INFO:__main__:----------------------------------------------------------------------------------------------------
INFO:__main__:
【train】epoch:147/150 loss:0.0890 acc:0.9653
INFO:__main__:
【val】epoch:147/150 loss:0.5625 acc:0.8679
INFO:__main__:
【Val】:  SENS: 0.8707  SPEC: 0.8656  PPV: 0.8415  NPV: 0.8910
INFO:__main__:验证的best_acc:0.8736
INFO:__main__:----------------------------------------------------------------------------------------------------
INFO:__main__:
【train】epoch:148/150 loss:0.0859 acc:0.9694
INFO:__main__:
【val】epoch:148/150 loss:0.5792 acc:0.8608
INFO:__main__:
【Val】:  SENS: 0.8391  SPEC: 0.8786  PPV: 0.8498  NPV: 0.8696
INFO:__main__:验证的best_acc:0.8736
INFO:__main__:----------------------------------------------------------------------------------------------------
INFO:__main__:
【train】epoch:149/150 loss:0.0799 acc:0.9693
INFO:__main__:
【val】epoch:149/150 loss:0.5543 acc:0.8509
INFO:__main__:
【Val】:  SENS: 0.8360  SPEC: 0.8630  PPV: 0.8333  NPV: 0.8653
INFO:__main__:验证的best_acc:0.8736
INFO:__main__:----------------------------------------------------------------------------------------------------
INFO:__main__:****************************************************************************************************
INFO:__main__:Val_LOSS:['0.6428', '0.6527', '0.6157', '0.5682', '0.5493', '0.4912', '0.4652', '0.4352', '0.5625', '0.4367', '0.4183', '0.3894', '0.3845', '0.3902', '0.5262', '0.3947', '0.4737', '0.3861', '0.3833', '0.3801', '0.3874', '0.3749', '0.3840', '0.3929', '0.3478', '0.4257', '0.3669', '0.3467', '0.3925', '0.3651', '0.3813', '0.3843', '0.3532', '0.3479', '0.3753', '0.3531', '0.3612', '0.3851', '0.3609', '0.3274', '0.3472', '0.3813', '0.3408', '0.3925', '0.3664', '0.3639', '0.3618', '0.3918', '0.3780', '0.3660', '0.3728', '0.3684', '0.3598', '0.4072', '0.3788', '0.4203', '0.4689', '0.5841', '0.4502', '0.3857', '0.3681', '0.4214', '0.4300', '0.3878', '0.3874', '0.3710', '0.4111', '0.4879', '0.3904', '0.3904', '0.4093', '0.4208', '0.4139', '0.4625', '0.4411', '0.4635', '0.4666', '0.4026', '0.4403', '0.4173', '0.3971', '0.4542', '0.4377', '0.4939', '0.4117', '0.4846', '0.4757', '0.4474', '0.5526', '0.4383', '0.5096', '0.4527', '0.5065', '0.4283', '0.4371', '0.4109', '0.4792', '0.5092', '0.5092', '0.4738', '0.5011', '0.5269', '0.5147', '0.5498', '0.4629', '0.4911', '0.5120', '0.4649', '0.4720', '0.5347', '0.5256', '0.4520', '0.5570', '0.5481', '0.5141', '0.5231', '0.5087', '0.4916', '0.4568', '0.5015', '0.5354', '0.5142', '0.5652', '0.5720', '0.6008', '0.5467', '0.5538', '0.5048', '0.5890', '0.5698', '0.5164', '0.6019', '0.5509', '0.5867', '0.5607', '0.5987', '0.6195', '0.5420', '0.5654', '0.5903', '0.5561', '0.5972', '0.5905', '0.5672', '0.5740', '0.5595', '0.5626', '0.5625', '0.5792', '0.5543']
INFO:__main__:Val_ACC:['0.6051', '0.5923', '0.6435', '0.6804', '0.7116', '0.7656', '0.7642', '0.7983', '0.7273', '0.7812', '0.7940', '0.8097', '0.8210', '0.8381', '0.7528', '0.8196', '0.8026', '0.8253', '0.8324', '0.8040', '0.8026', '0.8267', '0.8068', '0.8153', '0.8494', '0.8011', '0.8409', '0.8366', '0.7997', '0.8338', '0.8366', '0.8366', '0.8352', '0.8480', '0.8338', '0.8395', '0.8253', '0.8097', '0.8324', '0.8466', '0.8381', '0.8324', '0.8423', '0.8338', '0.8409', '0.8281', '0.8324', '0.8168', '0.8082', '0.8480', '0.8338', '0.8352', '0.8409', '0.8253', '0.8338', '0.8395', '0.8153', '0.8068', '0.8168', '0.8438', '0.8253', '0.8267', '0.8182', '0.8324', '0.8324', '0.8651', '0.8452', '0.8224', '0.8423', '0.8366', '0.8452', '0.8423', '0.8366', '0.8295', '0.8438', '0.8352', '0.8352', '0.8736', '0.8452', '0.8466', '0.8523', '0.8494', '0.8438', '0.8452', '0.8480', '0.8409', '0.8395', '0.8395', '0.8423', '0.8466', '0.8310', '0.8423', '0.8381', '0.8409', '0.8452', '0.8480', '0.8295', '0.8338', '0.8352', '0.8409', '0.8452', '0.8438', '0.8409', '0.8423', '0.8551', '0.8423', '0.8565', '0.8310', '0.8523', '0.8494', '0.8423', '0.8622', '0.8366', '0.8423', '0.8580', '0.8480', '0.8466', '0.8551', '0.8693', '0.8551', '0.8523', '0.8523', '0.8494', '0.8509', '0.8381', '0.8423', '0.8381', '0.8565', '0.8366', '0.8338', '0.8509', '0.8466', '0.8494', '0.8480', '0.8608', '0.8523', '0.8523', '0.8565', '0.8480', '0.8523', '0.8509', '0.8665', '0.8594', '0.8580', '0.8622', '0.8608', '0.8537', '0.8679', '0.8608', '0.8509']
INFO:__main__:****************************************************************************************************
INFO:__main__: epoch0 测试test_Loss: 0.4265  test_ACC: 0.8542  
INFO:__main__:SENS: 0.8701 SPEC: 0.8409 PPV: 0.8205 NPV: 0.8856
INFO:__main__:test_Best_acc:0.8542
INFO:__main__:flops:2326134816.0  params:11754197.0
