INFO:__main__:
【train】epoch:0/150 loss:0.6349 acc:0.6492
INFO:__main__:
【val】epoch:0/150 loss:0.6480 acc:0.6261
INFO:__main__:
【Val】:  SENS: 0.8308  SPEC: 0.5096  PPV: 0.4909  NPV: 0.8410 F1:0.6171
INFO:__main__:验证的best_acc:0.6261
INFO:__main__:----------------------------------------------------------------------------------------------------
INFO:__main__:
【train】epoch:1/150 loss:0.5937 acc:0.6802
INFO:__main__:
【val】epoch:1/150 loss:0.5405 acc:0.6897
INFO:__main__:
【Val】:  SENS: 0.3108  SPEC: 0.9054  PPV: 0.6516  NPV: 0.6977 F1:0.4208
INFO:__main__:验证的best_acc:0.6897
INFO:__main__:----------------------------------------------------------------------------------------------------
INFO:__main__:
【train】epoch:2/150 loss:0.5656 acc:0.7114
INFO:__main__:
【val】epoch:2/150 loss:0.5244 acc:0.7210
INFO:__main__:
【Val】:  SENS: 0.3446  SPEC: 0.9352  PPV: 0.7517  NPV: 0.7149 F1:0.4726
INFO:__main__:验证的best_acc:0.7210
INFO:__main__:----------------------------------------------------------------------------------------------------
INFO:__main__:
【train】epoch:3/150 loss:0.5450 acc:0.7219
INFO:__main__:
【val】epoch:3/150 loss:0.4577 acc:0.7600
INFO:__main__:
【Val】:  SENS: 0.5846  SPEC: 0.8599  PPV: 0.7037  NPV: 0.7843 F1:0.6387
INFO:__main__:验证的best_acc:0.7600
INFO:__main__:----------------------------------------------------------------------------------------------------
INFO:__main__:
【train】epoch:4/150 loss:0.4894 acc:0.7549
INFO:__main__:
【val】epoch:4/150 loss:0.4253 acc:0.7779
INFO:__main__:
【Val】:  SENS: 0.5569  SPEC: 0.9037  PPV: 0.7669  NPV: 0.7818 F1:0.6453
INFO:__main__:验证的best_acc:0.7779
INFO:__main__:----------------------------------------------------------------------------------------------------
INFO:__main__:
【train】epoch:5/150 loss:0.4580 acc:0.7827
INFO:__main__:
【val】epoch:5/150 loss:0.4243 acc:0.7980
INFO:__main__:
【Val】:  SENS: 0.6246  SPEC: 0.8967  PPV: 0.7748  NPV: 0.8076 F1:0.6917
INFO:__main__:验证的best_acc:0.7980
INFO:__main__:----------------------------------------------------------------------------------------------------
INFO:__main__:
【train】epoch:6/150 loss:0.4375 acc:0.8041
INFO:__main__:
【val】epoch:6/150 loss:0.7400 acc:0.7165
INFO:__main__:
【Val】:  SENS: 0.2308  SPEC: 0.9930  PPV: 0.9494  NPV: 0.6940 F1:0.3713
INFO:__main__:验证的best_acc:0.7980
INFO:__main__:----------------------------------------------------------------------------------------------------
INFO:__main__:
【train】epoch:7/150 loss:0.4038 acc:0.8201
INFO:__main__:
【val】epoch:7/150 loss:0.3281 acc:0.8594
INFO:__main__:
【Val】:  SENS: 0.8246  SPEC: 0.8792  PPV: 0.7953  NPV: 0.8980 F1:0.8097
INFO:__main__:验证的best_acc:0.8594
INFO:__main__:----------------------------------------------------------------------------------------------------
INFO:__main__:
【train】epoch:8/150 loss:0.3918 acc:0.8242
INFO:__main__:
【val】epoch:8/150 loss:0.3923 acc:0.8214
INFO:__main__:
【Val】:  SENS: 0.5508  SPEC: 0.9755  PPV: 0.9275  NPV: 0.7923 F1:0.6911
INFO:__main__:验证的best_acc:0.8594
INFO:__main__:----------------------------------------------------------------------------------------------------
INFO:__main__:
【train】epoch:9/150 loss:0.3303 acc:0.8548
INFO:__main__:
【val】epoch:9/150 loss:0.2828 acc:0.8772
INFO:__main__:
【Val】:  SENS: 0.8585  SPEC: 0.8879  PPV: 0.8134  NPV: 0.9168 F1:0.8353
INFO:__main__:验证的best_acc:0.8772
INFO:__main__:----------------------------------------------------------------------------------------------------
INFO:__main__:
【train】epoch:10/150 loss:0.3190 acc:0.8603
INFO:__main__:
【val】epoch:10/150 loss:0.2819 acc:0.8783
INFO:__main__:
【Val】:  SENS: 0.8523  SPEC: 0.8932  PPV: 0.8195  NPV: 0.9140 F1:0.8356
INFO:__main__:验证的best_acc:0.8783
INFO:__main__:----------------------------------------------------------------------------------------------------
INFO:__main__:
【train】epoch:11/150 loss:0.3136 acc:0.8645
INFO:__main__:
【val】epoch:11/150 loss:0.2811 acc:0.8795
INFO:__main__:
【Val】:  SENS: 0.8431  SPEC: 0.9002  PPV: 0.8278  NPV: 0.9097 F1:0.8354
INFO:__main__:验证的best_acc:0.8795
INFO:__main__:----------------------------------------------------------------------------------------------------
INFO:__main__:
【train】epoch:12/150 loss:0.3073 acc:0.8670
INFO:__main__:
【val】epoch:12/150 loss:0.2810 acc:0.8750
INFO:__main__:
【Val】:  SENS: 0.8277  SPEC: 0.9019  PPV: 0.8277  NPV: 0.9019 F1:0.8277
INFO:__main__:验证的best_acc:0.8795
INFO:__main__:----------------------------------------------------------------------------------------------------
INFO:__main__:
【train】epoch:13/150 loss:0.2976 acc:0.8692
INFO:__main__:
【val】epoch:13/150 loss:0.2833 acc:0.8795
INFO:__main__:
【Val】:  SENS: 0.8369  SPEC: 0.9037  PPV: 0.8318  NPV: 0.9069 F1:0.8344
INFO:__main__:验证的best_acc:0.8795
INFO:__main__:----------------------------------------------------------------------------------------------------
INFO:__main__:
【train】epoch:14/150 loss:0.2979 acc:0.8694
INFO:__main__:
【val】epoch:14/150 loss:0.2859 acc:0.8761
INFO:__main__:
【Val】:  SENS: 0.8369  SPEC: 0.8984  PPV: 0.8242  NPV: 0.9064 F1:0.8305
INFO:__main__:验证的best_acc:0.8795
INFO:__main__:----------------------------------------------------------------------------------------------------
INFO:__main__:
【train】epoch:15/150 loss:0.2956 acc:0.8734
INFO:__main__:
【val】epoch:15/150 loss:0.2849 acc:0.8783
INFO:__main__:
【Val】:  SENS: 0.8400  SPEC: 0.9002  PPV: 0.8273  NPV: 0.9081 F1:0.8336
INFO:__main__:验证的best_acc:0.8795
INFO:__main__:----------------------------------------------------------------------------------------------------
INFO:__main__:
【train】epoch:16/150 loss:0.2934 acc:0.8717
INFO:__main__:
【val】epoch:16/150 loss:0.2797 acc:0.8761
INFO:__main__:
【Val】:  SENS: 0.8308  SPEC: 0.9019  PPV: 0.8282  NPV: 0.9035 F1:0.8295
INFO:__main__:验证的best_acc:0.8795
INFO:__main__:----------------------------------------------------------------------------------------------------
INFO:__main__:
【train】epoch:17/150 loss:0.2883 acc:0.8730
INFO:__main__:
【val】epoch:17/150 loss:0.2801 acc:0.8817
INFO:__main__:
【Val】:  SENS: 0.8369  SPEC: 0.9072  PPV: 0.8369  NPV: 0.9072 F1:0.8369
INFO:__main__:验证的best_acc:0.8817
INFO:__main__:----------------------------------------------------------------------------------------------------
INFO:__main__:
【train】epoch:18/150 loss:0.2837 acc:0.8735
INFO:__main__:
【val】epoch:18/150 loss:0.2787 acc:0.8783
INFO:__main__:
【Val】:  SENS: 0.8277  SPEC: 0.9072  PPV: 0.8354  NPV: 0.9024 F1:0.8315
INFO:__main__:验证的best_acc:0.8817
INFO:__main__:----------------------------------------------------------------------------------------------------
INFO:__main__:
【train】epoch:19/150 loss:0.2817 acc:0.8810
INFO:__main__:
【val】epoch:19/150 loss:0.2743 acc:0.8817
INFO:__main__:
【Val】:  SENS: 0.8400  SPEC: 0.9054  PPV: 0.8349  NPV: 0.9086 F1:0.8374
INFO:__main__:验证的best_acc:0.8817
INFO:__main__:----------------------------------------------------------------------------------------------------
INFO:__main__:
【train】epoch:20/150 loss:0.2768 acc:0.8811
INFO:__main__:
【val】epoch:20/150 loss:0.2733 acc:0.8817
INFO:__main__:
【Val】:  SENS: 0.8338  SPEC: 0.9089  PPV: 0.8390  NPV: 0.9058 F1:0.8364
INFO:__main__:验证的best_acc:0.8817
INFO:__main__:----------------------------------------------------------------------------------------------------
INFO:__main__:
【train】epoch:21/150 loss:0.2719 acc:0.8840
INFO:__main__:
【val】epoch:21/150 loss:0.2743 acc:0.8772
INFO:__main__:
【Val】:  SENS: 0.8338  SPEC: 0.9019  PPV: 0.8287  NPV: 0.9051 F1:0.8313
INFO:__main__:验证的best_acc:0.8817
INFO:__main__:----------------------------------------------------------------------------------------------------
INFO:__main__:
【train】epoch:22/150 loss:0.2766 acc:0.8800
INFO:__main__:
【val】epoch:22/150 loss:0.2738 acc:0.8817
INFO:__main__:
【Val】:  SENS: 0.8338  SPEC: 0.9089  PPV: 0.8390  NPV: 0.9058 F1:0.8364
INFO:__main__:验证的best_acc:0.8817
INFO:__main__:----------------------------------------------------------------------------------------------------
INFO:__main__:
【train】epoch:23/150 loss:0.2698 acc:0.8879
INFO:__main__:
【val】epoch:23/150 loss:0.2729 acc:0.8795
INFO:__main__:
【Val】:  SENS: 0.8246  SPEC: 0.9107  PPV: 0.8401  NPV: 0.9012 F1:0.8323
INFO:__main__:验证的best_acc:0.8817
INFO:__main__:----------------------------------------------------------------------------------------------------
INFO:__main__:
【train】epoch:24/150 loss:0.2700 acc:0.8833
INFO:__main__:
【val】epoch:24/150 loss:0.2737 acc:0.8806
INFO:__main__:
【Val】:  SENS: 0.8277  SPEC: 0.9107  PPV: 0.8406  NPV: 0.9028 F1:0.8341
INFO:__main__:验证的best_acc:0.8817
INFO:__main__:----------------------------------------------------------------------------------------------------
INFO:__main__:
【train】epoch:25/150 loss:0.2734 acc:0.8813
INFO:__main__:
【val】epoch:25/150 loss:0.2742 acc:0.8783
INFO:__main__:
【Val】:  SENS: 0.8215  SPEC: 0.9107  PPV: 0.8396  NPV: 0.8997 F1:0.8305
INFO:__main__:验证的best_acc:0.8817
INFO:__main__:----------------------------------------------------------------------------------------------------
INFO:__main__:
【train】epoch:26/150 loss:0.2697 acc:0.8841
INFO:__main__:
【val】epoch:26/150 loss:0.2744 acc:0.8772
INFO:__main__:
【Val】:  SENS: 0.8246  SPEC: 0.9072  PPV: 0.8349  NPV: 0.9009 F1:0.8297
INFO:__main__:验证的best_acc:0.8817
INFO:__main__:----------------------------------------------------------------------------------------------------
INFO:__main__:
【train】epoch:27/150 loss:0.2711 acc:0.8848
INFO:__main__:
【val】epoch:27/150 loss:0.2745 acc:0.8783
INFO:__main__:
【Val】:  SENS: 0.8308  SPEC: 0.9054  PPV: 0.8333  NPV: 0.9038 F1:0.8320
INFO:__main__:验证的best_acc:0.8817
INFO:__main__:----------------------------------------------------------------------------------------------------
INFO:__main__:
【train】epoch:28/150 loss:0.2691 acc:0.8851
INFO:__main__:
【val】epoch:28/150 loss:0.2746 acc:0.8783
INFO:__main__:
【Val】:  SENS: 0.8308  SPEC: 0.9054  PPV: 0.8333  NPV: 0.9038 F1:0.8320
INFO:__main__:验证的best_acc:0.8817
INFO:__main__:----------------------------------------------------------------------------------------------------
INFO:__main__:
【train】epoch:29/150 loss:0.2708 acc:0.8814
INFO:__main__:
【val】epoch:29/150 loss:0.2741 acc:0.8795
INFO:__main__:
【Val】:  SENS: 0.8308  SPEC: 0.9072  PPV: 0.8359  NPV: 0.9040 F1:0.8333
INFO:__main__:验证的best_acc:0.8817
INFO:__main__:----------------------------------------------------------------------------------------------------
INFO:__main__:
【train】epoch:30/150 loss:0.2693 acc:0.8864
INFO:__main__:
【val】epoch:30/150 loss:0.2746 acc:0.8783
INFO:__main__:
【Val】:  SENS: 0.8308  SPEC: 0.9054  PPV: 0.8333  NPV: 0.9038 F1:0.8320
INFO:__main__:验证的best_acc:0.8817
INFO:__main__:----------------------------------------------------------------------------------------------------
INFO:__main__:
【train】epoch:31/150 loss:0.2725 acc:0.8825
INFO:__main__:
【val】epoch:31/150 loss:0.2744 acc:0.8817
INFO:__main__:
【Val】:  SENS: 0.8308  SPEC: 0.9107  PPV: 0.8411  NPV: 0.9043 F1:0.8359
INFO:__main__:验证的best_acc:0.8817
INFO:__main__:----------------------------------------------------------------------------------------------------
INFO:__main__:
【train】epoch:32/150 loss:0.2720 acc:0.8848
INFO:__main__:
【val】epoch:32/150 loss:0.2745 acc:0.8806
INFO:__main__:
【Val】:  SENS: 0.8308  SPEC: 0.9089  PPV: 0.8385  NPV: 0.9042 F1:0.8346
INFO:__main__:验证的best_acc:0.8817
INFO:__main__:----------------------------------------------------------------------------------------------------
INFO:__main__:
【train】epoch:33/150 loss:0.2681 acc:0.8880
INFO:__main__:
【val】epoch:33/150 loss:0.2745 acc:0.8806
INFO:__main__:
【Val】:  SENS: 0.8277  SPEC: 0.9107  PPV: 0.8406  NPV: 0.9028 F1:0.8341
INFO:__main__:验证的best_acc:0.8817
INFO:__main__:----------------------------------------------------------------------------------------------------
INFO:__main__:
【train】epoch:34/150 loss:0.2696 acc:0.8852
INFO:__main__:
【val】epoch:34/150 loss:0.2755 acc:0.8795
INFO:__main__:
【Val】:  SENS: 0.8277  SPEC: 0.9089  PPV: 0.8380  NPV: 0.9026 F1:0.8328
INFO:__main__:验证的best_acc:0.8817
INFO:__main__:----------------------------------------------------------------------------------------------------
INFO:__main__:
【train】epoch:35/150 loss:0.2717 acc:0.8826
INFO:__main__:
【val】epoch:35/150 loss:0.2744 acc:0.8806
INFO:__main__:
【Val】:  SENS: 0.8338  SPEC: 0.9072  PPV: 0.8364  NPV: 0.9056 F1:0.8351
INFO:__main__:验证的best_acc:0.8817
INFO:__main__:----------------------------------------------------------------------------------------------------
INFO:__main__:
【train】epoch:36/150 loss:0.2705 acc:0.8852
INFO:__main__:
【val】epoch:36/150 loss:0.2743 acc:0.8795
INFO:__main__:
【Val】:  SENS: 0.8277  SPEC: 0.9089  PPV: 0.8380  NPV: 0.9026 F1:0.8328
INFO:__main__:验证的best_acc:0.8817
INFO:__main__:----------------------------------------------------------------------------------------------------
INFO:__main__:
【train】epoch:37/150 loss:0.2718 acc:0.8842
INFO:__main__:
【val】epoch:37/150 loss:0.2743 acc:0.8806
INFO:__main__:
【Val】:  SENS: 0.8308  SPEC: 0.9089  PPV: 0.8385  NPV: 0.9042 F1:0.8346
INFO:__main__:验证的best_acc:0.8817
INFO:__main__:----------------------------------------------------------------------------------------------------
INFO:__main__:
【train】epoch:38/150 loss:0.2694 acc:0.8863
INFO:__main__:
【val】epoch:38/150 loss:0.2742 acc:0.8795
INFO:__main__:
【Val】:  SENS: 0.8308  SPEC: 0.9072  PPV: 0.8359  NPV: 0.9040 F1:0.8333
INFO:__main__:验证的best_acc:0.8817
INFO:__main__:----------------------------------------------------------------------------------------------------
INFO:__main__:
【train】epoch:39/150 loss:0.2695 acc:0.8851
INFO:__main__:
【val】epoch:39/150 loss:0.2744 acc:0.8795
INFO:__main__:
【Val】:  SENS: 0.8308  SPEC: 0.9072  PPV: 0.8359  NPV: 0.9040 F1:0.8333
INFO:__main__:验证的best_acc:0.8817
INFO:__main__:----------------------------------------------------------------------------------------------------
INFO:__main__:
【train】epoch:40/150 loss:0.2729 acc:0.8821
INFO:__main__:
【val】epoch:40/150 loss:0.2745 acc:0.8806
INFO:__main__:
【Val】:  SENS: 0.8308  SPEC: 0.9089  PPV: 0.8385  NPV: 0.9042 F1:0.8346
INFO:__main__:验证的best_acc:0.8817
INFO:__main__:----------------------------------------------------------------------------------------------------
INFO:__main__:
【train】epoch:41/150 loss:0.2740 acc:0.8842
INFO:__main__:
【val】epoch:41/150 loss:0.2740 acc:0.8817
INFO:__main__:
【Val】:  SENS: 0.8277  SPEC: 0.9124  PPV: 0.8433  NPV: 0.9029 F1:0.8354
INFO:__main__:验证的best_acc:0.8817
INFO:__main__:----------------------------------------------------------------------------------------------------
INFO:__main__:
【train】epoch:42/150 loss:0.2712 acc:0.8848
INFO:__main__:
【val】epoch:42/150 loss:0.2742 acc:0.8795
INFO:__main__:
【Val】:  SENS: 0.8246  SPEC: 0.9107  PPV: 0.8401  NPV: 0.9012 F1:0.8323
INFO:__main__:验证的best_acc:0.8817
INFO:__main__:----------------------------------------------------------------------------------------------------
INFO:__main__:
【train】epoch:43/150 loss:0.2719 acc:0.8845
INFO:__main__:
【val】epoch:43/150 loss:0.2742 acc:0.8817
INFO:__main__:
【Val】:  SENS: 0.8277  SPEC: 0.9124  PPV: 0.8433  NPV: 0.9029 F1:0.8354
INFO:__main__:验证的best_acc:0.8817
INFO:__main__:----------------------------------------------------------------------------------------------------
INFO:__main__:
【train】epoch:44/150 loss:0.2678 acc:0.8832
INFO:__main__:
【val】epoch:44/150 loss:0.2746 acc:0.8783
INFO:__main__:
【Val】:  SENS: 0.8308  SPEC: 0.9054  PPV: 0.8333  NPV: 0.9038 F1:0.8320
INFO:__main__:验证的best_acc:0.8817
INFO:__main__:----------------------------------------------------------------------------------------------------
INFO:__main__:
【train】epoch:45/150 loss:0.2718 acc:0.8860
INFO:__main__:
【val】epoch:45/150 loss:0.2741 acc:0.8806
INFO:__main__:
【Val】:  SENS: 0.8277  SPEC: 0.9107  PPV: 0.8406  NPV: 0.9028 F1:0.8341
INFO:__main__:验证的best_acc:0.8817
INFO:__main__:----------------------------------------------------------------------------------------------------
INFO:__main__:
【train】epoch:46/150 loss:0.2744 acc:0.8838
INFO:__main__:
【val】epoch:46/150 loss:0.2741 acc:0.8783
INFO:__main__:
【Val】:  SENS: 0.8308  SPEC: 0.9054  PPV: 0.8333  NPV: 0.9038 F1:0.8320
INFO:__main__:验证的best_acc:0.8817
INFO:__main__:----------------------------------------------------------------------------------------------------
INFO:__main__:
【train】epoch:47/150 loss:0.2740 acc:0.8810
INFO:__main__:
【val】epoch:47/150 loss:0.2745 acc:0.8795
INFO:__main__:
【Val】:  SENS: 0.8308  SPEC: 0.9072  PPV: 0.8359  NPV: 0.9040 F1:0.8333
INFO:__main__:验证的best_acc:0.8817
INFO:__main__:----------------------------------------------------------------------------------------------------
INFO:__main__:
【train】epoch:48/150 loss:0.2681 acc:0.8829
INFO:__main__:
【val】epoch:48/150 loss:0.2739 acc:0.8817
INFO:__main__:
【Val】:  SENS: 0.8246  SPEC: 0.9142  PPV: 0.8454  NPV: 0.9016 F1:0.8349
INFO:__main__:验证的best_acc:0.8817
INFO:__main__:----------------------------------------------------------------------------------------------------
INFO:__main__:
【train】epoch:49/150 loss:0.2687 acc:0.8841
INFO:__main__:
【val】epoch:49/150 loss:0.2750 acc:0.8817
INFO:__main__:
【Val】:  SENS: 0.8277  SPEC: 0.9124  PPV: 0.8433  NPV: 0.9029 F1:0.8354
INFO:__main__:验证的best_acc:0.8817
INFO:__main__:----------------------------------------------------------------------------------------------------
INFO:__main__:
【train】epoch:50/150 loss:0.2671 acc:0.8844
INFO:__main__:
【val】epoch:50/150 loss:0.2744 acc:0.8783
INFO:__main__:
【Val】:  SENS: 0.8277  SPEC: 0.9072  PPV: 0.8354  NPV: 0.9024 F1:0.8315
INFO:__main__:验证的best_acc:0.8817
INFO:__main__:----------------------------------------------------------------------------------------------------
INFO:__main__:
【train】epoch:51/150 loss:0.2691 acc:0.8832
INFO:__main__:
【val】epoch:51/150 loss:0.2746 acc:0.8795
INFO:__main__:
【Val】:  SENS: 0.8308  SPEC: 0.9072  PPV: 0.8359  NPV: 0.9040 F1:0.8333
INFO:__main__:验证的best_acc:0.8817
INFO:__main__:----------------------------------------------------------------------------------------------------
INFO:__main__:
【train】epoch:52/150 loss:0.2697 acc:0.8853
INFO:__main__:
【val】epoch:52/150 loss:0.2747 acc:0.8761
INFO:__main__:
【Val】:  SENS: 0.8308  SPEC: 0.9019  PPV: 0.8282  NPV: 0.9035 F1:0.8295
INFO:__main__:验证的best_acc:0.8817
INFO:__main__:----------------------------------------------------------------------------------------------------
INFO:__main__:
【train】epoch:53/150 loss:0.2726 acc:0.8841
INFO:__main__:
【val】epoch:53/150 loss:0.2751 acc:0.8783
INFO:__main__:
【Val】:  SENS: 0.8308  SPEC: 0.9054  PPV: 0.8333  NPV: 0.9038 F1:0.8320
INFO:__main__:验证的best_acc:0.8817
INFO:__main__:----------------------------------------------------------------------------------------------------
INFO:__main__:
【train】epoch:54/150 loss:0.2721 acc:0.8838
INFO:__main__:
【val】epoch:54/150 loss:0.2747 acc:0.8783
INFO:__main__:
【Val】:  SENS: 0.8277  SPEC: 0.9072  PPV: 0.8354  NPV: 0.9024 F1:0.8315
INFO:__main__:验证的best_acc:0.8817
INFO:__main__:----------------------------------------------------------------------------------------------------
INFO:__main__:
【train】epoch:55/150 loss:0.2707 acc:0.8826
INFO:__main__:
【val】epoch:55/150 loss:0.2743 acc:0.8795
INFO:__main__:
【Val】:  SENS: 0.8277  SPEC: 0.9089  PPV: 0.8380  NPV: 0.9026 F1:0.8328
INFO:__main__:验证的best_acc:0.8817
INFO:__main__:----------------------------------------------------------------------------------------------------
INFO:__main__:
【train】epoch:56/150 loss:0.2691 acc:0.8856
INFO:__main__:
【val】epoch:56/150 loss:0.2749 acc:0.8772
INFO:__main__:
【Val】:  SENS: 0.8308  SPEC: 0.9037  PPV: 0.8308  NPV: 0.9037 F1:0.8308
INFO:__main__:验证的best_acc:0.8817
INFO:__main__:----------------------------------------------------------------------------------------------------
INFO:__main__:
【train】epoch:57/150 loss:0.2718 acc:0.8825
INFO:__main__:
【val】epoch:57/150 loss:0.2745 acc:0.8817
INFO:__main__:
【Val】:  SENS: 0.8277  SPEC: 0.9124  PPV: 0.8433  NPV: 0.9029 F1:0.8354
INFO:__main__:验证的best_acc:0.8817
INFO:__main__:----------------------------------------------------------------------------------------------------
INFO:__main__:
【train】epoch:58/150 loss:0.2721 acc:0.8819
INFO:__main__:
【val】epoch:58/150 loss:0.2746 acc:0.8806
INFO:__main__:
【Val】:  SENS: 0.8308  SPEC: 0.9089  PPV: 0.8385  NPV: 0.9042 F1:0.8346
INFO:__main__:验证的best_acc:0.8817
INFO:__main__:----------------------------------------------------------------------------------------------------
INFO:__main__:
【train】epoch:59/150 loss:0.2708 acc:0.8845
INFO:__main__:
【val】epoch:59/150 loss:0.2746 acc:0.8806
INFO:__main__:
【Val】:  SENS: 0.8277  SPEC: 0.9107  PPV: 0.8406  NPV: 0.9028 F1:0.8341
INFO:__main__:验证的best_acc:0.8817
INFO:__main__:----------------------------------------------------------------------------------------------------
INFO:__main__:
【train】epoch:60/150 loss:0.2659 acc:0.8853
INFO:__main__:
【val】epoch:60/150 loss:0.2742 acc:0.8817
INFO:__main__:
【Val】:  SENS: 0.8246  SPEC: 0.9142  PPV: 0.8454  NPV: 0.9016 F1:0.8349
INFO:__main__:验证的best_acc:0.8817
INFO:__main__:----------------------------------------------------------------------------------------------------
INFO:__main__:
【train】epoch:61/150 loss:0.2724 acc:0.8829
INFO:__main__:
【val】epoch:61/150 loss:0.2746 acc:0.8795
INFO:__main__:
【Val】:  SENS: 0.8308  SPEC: 0.9072  PPV: 0.8359  NPV: 0.9040 F1:0.8333
INFO:__main__:验证的best_acc:0.8817
INFO:__main__:----------------------------------------------------------------------------------------------------
INFO:__main__:
【train】epoch:62/150 loss:0.2729 acc:0.8849
INFO:__main__:
【val】epoch:62/150 loss:0.2749 acc:0.8817
INFO:__main__:
【Val】:  SENS: 0.8277  SPEC: 0.9124  PPV: 0.8433  NPV: 0.9029 F1:0.8354
INFO:__main__:验证的best_acc:0.8817
INFO:__main__:----------------------------------------------------------------------------------------------------
INFO:__main__:
【train】epoch:63/150 loss:0.2694 acc:0.8829
INFO:__main__:
【val】epoch:63/150 loss:0.2745 acc:0.8795
INFO:__main__:
【Val】:  SENS: 0.8277  SPEC: 0.9089  PPV: 0.8380  NPV: 0.9026 F1:0.8328
INFO:__main__:验证的best_acc:0.8817
INFO:__main__:----------------------------------------------------------------------------------------------------
INFO:__main__:
【train】epoch:64/150 loss:0.2731 acc:0.8848
INFO:__main__:
【val】epoch:64/150 loss:0.2743 acc:0.8806
INFO:__main__:
【Val】:  SENS: 0.8308  SPEC: 0.9089  PPV: 0.8385  NPV: 0.9042 F1:0.8346
INFO:__main__:验证的best_acc:0.8817
INFO:__main__:----------------------------------------------------------------------------------------------------
INFO:__main__:
【train】epoch:65/150 loss:0.2666 acc:0.8905
INFO:__main__:
【val】epoch:65/150 loss:0.2746 acc:0.8817
INFO:__main__:
【Val】:  SENS: 0.8308  SPEC: 0.9107  PPV: 0.8411  NPV: 0.9043 F1:0.8359
INFO:__main__:验证的best_acc:0.8817
INFO:__main__:----------------------------------------------------------------------------------------------------
INFO:__main__:
【train】epoch:66/150 loss:0.2676 acc:0.8846
INFO:__main__:
【val】epoch:66/150 loss:0.2746 acc:0.8828
INFO:__main__:
【Val】:  SENS: 0.8277  SPEC: 0.9142  PPV: 0.8459  NPV: 0.9031 F1:0.8367
INFO:__main__:验证的best_acc:0.8828
INFO:__main__:----------------------------------------------------------------------------------------------------
INFO:__main__:
【train】epoch:67/150 loss:0.2730 acc:0.8827
INFO:__main__:
【val】epoch:67/150 loss:0.2742 acc:0.8806
INFO:__main__:
【Val】:  SENS: 0.8246  SPEC: 0.9124  PPV: 0.8428  NPV: 0.9014 F1:0.8336
INFO:__main__:验证的best_acc:0.8828
INFO:__main__:----------------------------------------------------------------------------------------------------
INFO:__main__:
【train】epoch:68/150 loss:0.2676 acc:0.8855
INFO:__main__:
【val】epoch:68/150 loss:0.2748 acc:0.8817
INFO:__main__:
【Val】:  SENS: 0.8308  SPEC: 0.9107  PPV: 0.8411  NPV: 0.9043 F1:0.8359
INFO:__main__:验证的best_acc:0.8828
INFO:__main__:----------------------------------------------------------------------------------------------------
INFO:__main__:
【train】epoch:69/150 loss:0.2653 acc:0.8880
INFO:__main__:
【val】epoch:69/150 loss:0.2744 acc:0.8795
INFO:__main__:
【Val】:  SENS: 0.8277  SPEC: 0.9089  PPV: 0.8380  NPV: 0.9026 F1:0.8328
INFO:__main__:验证的best_acc:0.8828
INFO:__main__:----------------------------------------------------------------------------------------------------
INFO:__main__:
【train】epoch:70/150 loss:0.2738 acc:0.8844
INFO:__main__:
【val】epoch:70/150 loss:0.2749 acc:0.8783
INFO:__main__:
【Val】:  SENS: 0.8308  SPEC: 0.9054  PPV: 0.8333  NPV: 0.9038 F1:0.8320
INFO:__main__:验证的best_acc:0.8828
INFO:__main__:----------------------------------------------------------------------------------------------------
INFO:__main__:
【train】epoch:71/150 loss:0.2708 acc:0.8859
INFO:__main__:
【val】epoch:71/150 loss:0.2746 acc:0.8783
INFO:__main__:
【Val】:  SENS: 0.8277  SPEC: 0.9072  PPV: 0.8354  NPV: 0.9024 F1:0.8315
INFO:__main__:验证的best_acc:0.8828
INFO:__main__:----------------------------------------------------------------------------------------------------
INFO:__main__:
【train】epoch:72/150 loss:0.2647 acc:0.8878
INFO:__main__:
【val】epoch:72/150 loss:0.2741 acc:0.8806
INFO:__main__:
【Val】:  SENS: 0.8308  SPEC: 0.9089  PPV: 0.8385  NPV: 0.9042 F1:0.8346
INFO:__main__:验证的best_acc:0.8828
INFO:__main__:----------------------------------------------------------------------------------------------------
INFO:__main__:
【train】epoch:73/150 loss:0.2726 acc:0.8836
INFO:__main__:
【val】epoch:73/150 loss:0.2742 acc:0.8806
INFO:__main__:
【Val】:  SENS: 0.8277  SPEC: 0.9107  PPV: 0.8406  NPV: 0.9028 F1:0.8341
INFO:__main__:验证的best_acc:0.8828
INFO:__main__:----------------------------------------------------------------------------------------------------
INFO:__main__:
【train】epoch:74/150 loss:0.2678 acc:0.8845
INFO:__main__:
【val】epoch:74/150 loss:0.2746 acc:0.8806
INFO:__main__:
【Val】:  SENS: 0.8277  SPEC: 0.9107  PPV: 0.8406  NPV: 0.9028 F1:0.8341
INFO:__main__:验证的best_acc:0.8828
INFO:__main__:----------------------------------------------------------------------------------------------------
INFO:__main__:
【train】epoch:75/150 loss:0.2667 acc:0.8875
INFO:__main__:
【val】epoch:75/150 loss:0.2745 acc:0.8806
INFO:__main__:
【Val】:  SENS: 0.8246  SPEC: 0.9124  PPV: 0.8428  NPV: 0.9014 F1:0.8336
INFO:__main__:验证的best_acc:0.8828
INFO:__main__:----------------------------------------------------------------------------------------------------
INFO:__main__:
【train】epoch:76/150 loss:0.2711 acc:0.8822
INFO:__main__:
【val】epoch:76/150 loss:0.2740 acc:0.8806
INFO:__main__:
【Val】:  SENS: 0.8277  SPEC: 0.9107  PPV: 0.8406  NPV: 0.9028 F1:0.8341
INFO:__main__:验证的best_acc:0.8828
INFO:__main__:----------------------------------------------------------------------------------------------------
INFO:__main__:
【train】epoch:77/150 loss:0.2657 acc:0.8845
INFO:__main__:
【val】epoch:77/150 loss:0.2743 acc:0.8795
INFO:__main__:
【Val】:  SENS: 0.8308  SPEC: 0.9072  PPV: 0.8359  NPV: 0.9040 F1:0.8333
INFO:__main__:验证的best_acc:0.8828
INFO:__main__:----------------------------------------------------------------------------------------------------
INFO:__main__:
【train】epoch:78/150 loss:0.2756 acc:0.8791
INFO:__main__:
【val】epoch:78/150 loss:0.2745 acc:0.8795
INFO:__main__:
【Val】:  SENS: 0.8277  SPEC: 0.9089  PPV: 0.8380  NPV: 0.9026 F1:0.8328
INFO:__main__:验证的best_acc:0.8828
INFO:__main__:----------------------------------------------------------------------------------------------------
INFO:__main__:
【train】epoch:79/150 loss:0.2693 acc:0.8810
INFO:__main__:
【val】epoch:79/150 loss:0.2744 acc:0.8806
INFO:__main__:
【Val】:  SENS: 0.8277  SPEC: 0.9107  PPV: 0.8406  NPV: 0.9028 F1:0.8341
INFO:__main__:验证的best_acc:0.8828
INFO:__main__:----------------------------------------------------------------------------------------------------
INFO:__main__:
【train】epoch:80/150 loss:0.2728 acc:0.8844
INFO:__main__:
【val】epoch:80/150 loss:0.2748 acc:0.8783
INFO:__main__:
【Val】:  SENS: 0.8308  SPEC: 0.9054  PPV: 0.8333  NPV: 0.9038 F1:0.8320
INFO:__main__:验证的best_acc:0.8828
INFO:__main__:----------------------------------------------------------------------------------------------------
INFO:__main__:
【train】epoch:81/150 loss:0.2727 acc:0.8808
INFO:__main__:
【val】epoch:81/150 loss:0.2744 acc:0.8806
INFO:__main__:
【Val】:  SENS: 0.8277  SPEC: 0.9107  PPV: 0.8406  NPV: 0.9028 F1:0.8341
INFO:__main__:验证的best_acc:0.8828
INFO:__main__:----------------------------------------------------------------------------------------------------
INFO:__main__:
【train】epoch:82/150 loss:0.2734 acc:0.8821
INFO:__main__:
【val】epoch:82/150 loss:0.2747 acc:0.8806
INFO:__main__:
【Val】:  SENS: 0.8308  SPEC: 0.9089  PPV: 0.8385  NPV: 0.9042 F1:0.8346
INFO:__main__:验证的best_acc:0.8828
INFO:__main__:----------------------------------------------------------------------------------------------------
INFO:__main__:
【train】epoch:83/150 loss:0.2708 acc:0.8810
INFO:__main__:
【val】epoch:83/150 loss:0.2743 acc:0.8795
INFO:__main__:
【Val】:  SENS: 0.8308  SPEC: 0.9072  PPV: 0.8359  NPV: 0.9040 F1:0.8333
INFO:__main__:验证的best_acc:0.8828
INFO:__main__:----------------------------------------------------------------------------------------------------
INFO:__main__:
【train】epoch:84/150 loss:0.2719 acc:0.8848
INFO:__main__:
【val】epoch:84/150 loss:0.2742 acc:0.8817
INFO:__main__:
【Val】:  SENS: 0.8277  SPEC: 0.9124  PPV: 0.8433  NPV: 0.9029 F1:0.8354
INFO:__main__:验证的best_acc:0.8828
INFO:__main__:----------------------------------------------------------------------------------------------------
INFO:__main__:
【train】epoch:85/150 loss:0.2683 acc:0.8870
INFO:__main__:
【val】epoch:85/150 loss:0.2744 acc:0.8795
INFO:__main__:
【Val】:  SENS: 0.8308  SPEC: 0.9072  PPV: 0.8359  NPV: 0.9040 F1:0.8333
INFO:__main__:验证的best_acc:0.8828
INFO:__main__:----------------------------------------------------------------------------------------------------
INFO:__main__:
【train】epoch:86/150 loss:0.2690 acc:0.8876
INFO:__main__:
【val】epoch:86/150 loss:0.2745 acc:0.8795
INFO:__main__:
【Val】:  SENS: 0.8308  SPEC: 0.9072  PPV: 0.8359  NPV: 0.9040 F1:0.8333
INFO:__main__:验证的best_acc:0.8828
INFO:__main__:----------------------------------------------------------------------------------------------------
INFO:__main__:
【train】epoch:87/150 loss:0.2724 acc:0.8845
INFO:__main__:
【val】epoch:87/150 loss:0.2740 acc:0.8817
INFO:__main__:
【Val】:  SENS: 0.8277  SPEC: 0.9124  PPV: 0.8433  NPV: 0.9029 F1:0.8354
INFO:__main__:验证的best_acc:0.8828
INFO:__main__:----------------------------------------------------------------------------------------------------
INFO:__main__:
【train】epoch:88/150 loss:0.2734 acc:0.8874
INFO:__main__:
【val】epoch:88/150 loss:0.2747 acc:0.8783
INFO:__main__:
【Val】:  SENS: 0.8308  SPEC: 0.9054  PPV: 0.8333  NPV: 0.9038 F1:0.8320
INFO:__main__:验证的best_acc:0.8828
INFO:__main__:----------------------------------------------------------------------------------------------------
INFO:__main__:
【train】epoch:89/150 loss:0.2731 acc:0.8811
INFO:__main__:
【val】epoch:89/150 loss:0.2745 acc:0.8795
INFO:__main__:
【Val】:  SENS: 0.8308  SPEC: 0.9072  PPV: 0.8359  NPV: 0.9040 F1:0.8333
INFO:__main__:验证的best_acc:0.8828
INFO:__main__:----------------------------------------------------------------------------------------------------
INFO:__main__:
【train】epoch:90/150 loss:0.2715 acc:0.8821
INFO:__main__:
【val】epoch:90/150 loss:0.2743 acc:0.8828
INFO:__main__:
【Val】:  SENS: 0.8277  SPEC: 0.9142  PPV: 0.8459  NPV: 0.9031 F1:0.8367
INFO:__main__:验证的best_acc:0.8828
INFO:__main__:----------------------------------------------------------------------------------------------------
INFO:__main__:
【train】epoch:91/150 loss:0.2705 acc:0.8829
INFO:__main__:
【val】epoch:91/150 loss:0.2748 acc:0.8795
INFO:__main__:
【Val】:  SENS: 0.8277  SPEC: 0.9089  PPV: 0.8380  NPV: 0.9026 F1:0.8328
INFO:__main__:验证的best_acc:0.8828
INFO:__main__:----------------------------------------------------------------------------------------------------
INFO:__main__:
【train】epoch:92/150 loss:0.2708 acc:0.8836
INFO:__main__:
【val】epoch:92/150 loss:0.2742 acc:0.8806
INFO:__main__:
【Val】:  SENS: 0.8308  SPEC: 0.9089  PPV: 0.8385  NPV: 0.9042 F1:0.8346
INFO:__main__:验证的best_acc:0.8828
INFO:__main__:----------------------------------------------------------------------------------------------------
INFO:__main__:
【train】epoch:93/150 loss:0.2725 acc:0.8840
INFO:__main__:
【val】epoch:93/150 loss:0.2748 acc:0.8795
INFO:__main__:
【Val】:  SENS: 0.8277  SPEC: 0.9089  PPV: 0.8380  NPV: 0.9026 F1:0.8328
INFO:__main__:验证的best_acc:0.8828
INFO:__main__:----------------------------------------------------------------------------------------------------
INFO:__main__:
【train】epoch:94/150 loss:0.2705 acc:0.8838
INFO:__main__:
【val】epoch:94/150 loss:0.2741 acc:0.8795
INFO:__main__:
【Val】:  SENS: 0.8277  SPEC: 0.9089  PPV: 0.8380  NPV: 0.9026 F1:0.8328
INFO:__main__:验证的best_acc:0.8828
INFO:__main__:----------------------------------------------------------------------------------------------------
INFO:__main__:
【train】epoch:95/150 loss:0.2745 acc:0.8833
INFO:__main__:
【val】epoch:95/150 loss:0.2745 acc:0.8806
INFO:__main__:
【Val】:  SENS: 0.8277  SPEC: 0.9107  PPV: 0.8406  NPV: 0.9028 F1:0.8341
INFO:__main__:验证的best_acc:0.8828
INFO:__main__:----------------------------------------------------------------------------------------------------
INFO:__main__:
【train】epoch:96/150 loss:0.2739 acc:0.8830
INFO:__main__:
【val】epoch:96/150 loss:0.2749 acc:0.8795
INFO:__main__:
【Val】:  SENS: 0.8277  SPEC: 0.9089  PPV: 0.8380  NPV: 0.9026 F1:0.8328
INFO:__main__:验证的best_acc:0.8828
INFO:__main__:----------------------------------------------------------------------------------------------------
INFO:__main__:
【train】epoch:97/150 loss:0.2714 acc:0.8830
INFO:__main__:
【val】epoch:97/150 loss:0.2747 acc:0.8795
INFO:__main__:
【Val】:  SENS: 0.8338  SPEC: 0.9054  PPV: 0.8338  NPV: 0.9054 F1:0.8338
INFO:__main__:验证的best_acc:0.8828
INFO:__main__:----------------------------------------------------------------------------------------------------
INFO:__main__:
【train】epoch:98/150 loss:0.2665 acc:0.8863
INFO:__main__:
【val】epoch:98/150 loss:0.2739 acc:0.8806
INFO:__main__:
【Val】:  SENS: 0.8308  SPEC: 0.9089  PPV: 0.8385  NPV: 0.9042 F1:0.8346
INFO:__main__:验证的best_acc:0.8828
INFO:__main__:----------------------------------------------------------------------------------------------------
INFO:__main__:
【train】epoch:99/150 loss:0.2680 acc:0.8848
INFO:__main__:
【val】epoch:99/150 loss:0.2742 acc:0.8806
INFO:__main__:
【Val】:  SENS: 0.8246  SPEC: 0.9124  PPV: 0.8428  NPV: 0.9014 F1:0.8336
INFO:__main__:验证的best_acc:0.8828
INFO:__main__:----------------------------------------------------------------------------------------------------
INFO:__main__:
【train】epoch:100/150 loss:0.2675 acc:0.8834
INFO:__main__:
【val】epoch:100/150 loss:0.2742 acc:0.8806
INFO:__main__:
【Val】:  SENS: 0.8215  SPEC: 0.9142  PPV: 0.8449  NPV: 0.9000 F1:0.8331
INFO:__main__:验证的best_acc:0.8828
INFO:__main__:----------------------------------------------------------------------------------------------------
INFO:__main__:
【train】epoch:101/150 loss:0.2664 acc:0.8882
INFO:__main__:
【val】epoch:101/150 loss:0.2745 acc:0.8795
INFO:__main__:
【Val】:  SENS: 0.8246  SPEC: 0.9107  PPV: 0.8401  NPV: 0.9012 F1:0.8323
INFO:__main__:验证的best_acc:0.8828
INFO:__main__:----------------------------------------------------------------------------------------------------
INFO:__main__:
【train】epoch:102/150 loss:0.2757 acc:0.8792
INFO:__main__:
【val】epoch:102/150 loss:0.2744 acc:0.8783
INFO:__main__:
【Val】:  SENS: 0.8308  SPEC: 0.9054  PPV: 0.8333  NPV: 0.9038 F1:0.8320
INFO:__main__:验证的best_acc:0.8828
INFO:__main__:----------------------------------------------------------------------------------------------------
INFO:__main__:
【train】epoch:103/150 loss:0.2692 acc:0.8868
INFO:__main__:
【val】epoch:103/150 loss:0.2742 acc:0.8806
INFO:__main__:
【Val】:  SENS: 0.8277  SPEC: 0.9107  PPV: 0.8406  NPV: 0.9028 F1:0.8341
INFO:__main__:验证的best_acc:0.8828
INFO:__main__:----------------------------------------------------------------------------------------------------
INFO:__main__:
【train】epoch:104/150 loss:0.2717 acc:0.8821
INFO:__main__:
【val】epoch:104/150 loss:0.2747 acc:0.8783
INFO:__main__:
【Val】:  SENS: 0.8308  SPEC: 0.9054  PPV: 0.8333  NPV: 0.9038 F1:0.8320
INFO:__main__:验证的best_acc:0.8828
INFO:__main__:----------------------------------------------------------------------------------------------------
INFO:__main__:
【train】epoch:105/150 loss:0.2749 acc:0.8837
INFO:__main__:
【val】epoch:105/150 loss:0.2741 acc:0.8806
INFO:__main__:
【Val】:  SENS: 0.8277  SPEC: 0.9107  PPV: 0.8406  NPV: 0.9028 F1:0.8341
INFO:__main__:验证的best_acc:0.8828
INFO:__main__:----------------------------------------------------------------------------------------------------
INFO:__main__:
【train】epoch:106/150 loss:0.2718 acc:0.8825
INFO:__main__:
【val】epoch:106/150 loss:0.2748 acc:0.8806
INFO:__main__:
【Val】:  SENS: 0.8277  SPEC: 0.9107  PPV: 0.8406  NPV: 0.9028 F1:0.8341
INFO:__main__:验证的best_acc:0.8828
INFO:__main__:----------------------------------------------------------------------------------------------------
INFO:__main__:
【train】epoch:107/150 loss:0.2737 acc:0.8819
INFO:__main__:
【val】epoch:107/150 loss:0.2743 acc:0.8772
INFO:__main__:
【Val】:  SENS: 0.8308  SPEC: 0.9037  PPV: 0.8308  NPV: 0.9037 F1:0.8308
INFO:__main__:验证的best_acc:0.8828
INFO:__main__:----------------------------------------------------------------------------------------------------
INFO:__main__:
【train】epoch:108/150 loss:0.2692 acc:0.8841
INFO:__main__:
【val】epoch:108/150 loss:0.2738 acc:0.8772
INFO:__main__:
【Val】:  SENS: 0.8277  SPEC: 0.9054  PPV: 0.8328  NPV: 0.9023 F1:0.8302
INFO:__main__:验证的best_acc:0.8828
INFO:__main__:----------------------------------------------------------------------------------------------------
INFO:__main__:
【train】epoch:109/150 loss:0.2731 acc:0.8842
INFO:__main__:
【val】epoch:109/150 loss:0.2742 acc:0.8817
INFO:__main__:
【Val】:  SENS: 0.8277  SPEC: 0.9124  PPV: 0.8433  NPV: 0.9029 F1:0.8354
INFO:__main__:验证的best_acc:0.8828
INFO:__main__:----------------------------------------------------------------------------------------------------
INFO:__main__:
【train】epoch:110/150 loss:0.2712 acc:0.8837
INFO:__main__:
【val】epoch:110/150 loss:0.2746 acc:0.8806
INFO:__main__:
【Val】:  SENS: 0.8277  SPEC: 0.9107  PPV: 0.8406  NPV: 0.9028 F1:0.8341
INFO:__main__:验证的best_acc:0.8828
INFO:__main__:----------------------------------------------------------------------------------------------------
INFO:__main__:
【train】epoch:111/150 loss:0.2658 acc:0.8859
INFO:__main__:
【val】epoch:111/150 loss:0.2740 acc:0.8806
INFO:__main__:
【Val】:  SENS: 0.8308  SPEC: 0.9089  PPV: 0.8385  NPV: 0.9042 F1:0.8346
INFO:__main__:验证的best_acc:0.8828
INFO:__main__:----------------------------------------------------------------------------------------------------
INFO:__main__:
【train】epoch:112/150 loss:0.2694 acc:0.8844
INFO:__main__:
【val】epoch:112/150 loss:0.2743 acc:0.8795
INFO:__main__:
【Val】:  SENS: 0.8308  SPEC: 0.9072  PPV: 0.8359  NPV: 0.9040 F1:0.8333
INFO:__main__:验证的best_acc:0.8828
INFO:__main__:----------------------------------------------------------------------------------------------------
INFO:__main__:
【train】epoch:113/150 loss:0.2707 acc:0.8830
INFO:__main__:
【val】epoch:113/150 loss:0.2746 acc:0.8806
INFO:__main__:
【Val】:  SENS: 0.8308  SPEC: 0.9089  PPV: 0.8385  NPV: 0.9042 F1:0.8346
INFO:__main__:验证的best_acc:0.8828
INFO:__main__:----------------------------------------------------------------------------------------------------
INFO:__main__:
【train】epoch:114/150 loss:0.2733 acc:0.8817
INFO:__main__:
【val】epoch:114/150 loss:0.2749 acc:0.8761
INFO:__main__:
【Val】:  SENS: 0.8308  SPEC: 0.9019  PPV: 0.8282  NPV: 0.9035 F1:0.8295
INFO:__main__:验证的best_acc:0.8828
INFO:__main__:----------------------------------------------------------------------------------------------------
INFO:__main__:
【train】epoch:115/150 loss:0.2730 acc:0.8822
INFO:__main__:
【val】epoch:115/150 loss:0.2742 acc:0.8795
INFO:__main__:
【Val】:  SENS: 0.8308  SPEC: 0.9072  PPV: 0.8359  NPV: 0.9040 F1:0.8333
INFO:__main__:验证的best_acc:0.8828
INFO:__main__:----------------------------------------------------------------------------------------------------
INFO:__main__:
【train】epoch:116/150 loss:0.2739 acc:0.8817
INFO:__main__:
【val】epoch:116/150 loss:0.2743 acc:0.8806
INFO:__main__:
【Val】:  SENS: 0.8308  SPEC: 0.9089  PPV: 0.8385  NPV: 0.9042 F1:0.8346
INFO:__main__:验证的best_acc:0.8828
INFO:__main__:----------------------------------------------------------------------------------------------------
INFO:__main__:
【train】epoch:117/150 loss:0.2691 acc:0.8830
INFO:__main__:
【val】epoch:117/150 loss:0.2746 acc:0.8795
INFO:__main__:
【Val】:  SENS: 0.8277  SPEC: 0.9089  PPV: 0.8380  NPV: 0.9026 F1:0.8328
INFO:__main__:验证的best_acc:0.8828
INFO:__main__:----------------------------------------------------------------------------------------------------
INFO:__main__:
【train】epoch:118/150 loss:0.2728 acc:0.8811
INFO:__main__:
【val】epoch:118/150 loss:0.2751 acc:0.8806
INFO:__main__:
【Val】:  SENS: 0.8277  SPEC: 0.9107  PPV: 0.8406  NPV: 0.9028 F1:0.8341
INFO:__main__:验证的best_acc:0.8828
INFO:__main__:----------------------------------------------------------------------------------------------------
INFO:__main__:
【train】epoch:119/150 loss:0.2731 acc:0.8879
INFO:__main__:
【val】epoch:119/150 loss:0.2748 acc:0.8795
INFO:__main__:
【Val】:  SENS: 0.8277  SPEC: 0.9089  PPV: 0.8380  NPV: 0.9026 F1:0.8328
INFO:__main__:验证的best_acc:0.8828
INFO:__main__:----------------------------------------------------------------------------------------------------
INFO:__main__:
【train】epoch:120/150 loss:0.2672 acc:0.8838
INFO:__main__:
【val】epoch:120/150 loss:0.2750 acc:0.8817
INFO:__main__:
【Val】:  SENS: 0.8308  SPEC: 0.9107  PPV: 0.8411  NPV: 0.9043 F1:0.8359
INFO:__main__:验证的best_acc:0.8828
INFO:__main__:----------------------------------------------------------------------------------------------------
INFO:__main__:
【train】epoch:121/150 loss:0.2733 acc:0.8811
INFO:__main__:
【val】epoch:121/150 loss:0.2742 acc:0.8806
INFO:__main__:
【Val】:  SENS: 0.8308  SPEC: 0.9089  PPV: 0.8385  NPV: 0.9042 F1:0.8346
INFO:__main__:验证的best_acc:0.8828
INFO:__main__:----------------------------------------------------------------------------------------------------
INFO:__main__:
【train】epoch:122/150 loss:0.2696 acc:0.8830
INFO:__main__:
【val】epoch:122/150 loss:0.2746 acc:0.8806
INFO:__main__:
【Val】:  SENS: 0.8277  SPEC: 0.9107  PPV: 0.8406  NPV: 0.9028 F1:0.8341
INFO:__main__:验证的best_acc:0.8828
INFO:__main__:----------------------------------------------------------------------------------------------------
INFO:__main__:
【train】epoch:123/150 loss:0.2701 acc:0.8851
INFO:__main__:
【val】epoch:123/150 loss:0.2741 acc:0.8817
INFO:__main__:
【Val】:  SENS: 0.8308  SPEC: 0.9107  PPV: 0.8411  NPV: 0.9043 F1:0.8359
INFO:__main__:验证的best_acc:0.8828
INFO:__main__:----------------------------------------------------------------------------------------------------
INFO:__main__:
【train】epoch:124/150 loss:0.2727 acc:0.8813
INFO:__main__:
【val】epoch:124/150 loss:0.2746 acc:0.8783
INFO:__main__:
【Val】:  SENS: 0.8308  SPEC: 0.9054  PPV: 0.8333  NPV: 0.9038 F1:0.8320
INFO:__main__:验证的best_acc:0.8828
INFO:__main__:----------------------------------------------------------------------------------------------------
INFO:__main__:
【train】epoch:125/150 loss:0.2747 acc:0.8798
INFO:__main__:
【val】epoch:125/150 loss:0.2752 acc:0.8783
INFO:__main__:
【Val】:  SENS: 0.8308  SPEC: 0.9054  PPV: 0.8333  NPV: 0.9038 F1:0.8320
INFO:__main__:验证的best_acc:0.8828
INFO:__main__:----------------------------------------------------------------------------------------------------
INFO:__main__:
【train】epoch:126/150 loss:0.2675 acc:0.8851
INFO:__main__:
【val】epoch:126/150 loss:0.2747 acc:0.8783
INFO:__main__:
【Val】:  SENS: 0.8277  SPEC: 0.9072  PPV: 0.8354  NPV: 0.9024 F1:0.8315
INFO:__main__:验证的best_acc:0.8828
INFO:__main__:----------------------------------------------------------------------------------------------------
INFO:__main__:
【train】epoch:127/150 loss:0.2685 acc:0.8863
INFO:__main__:
【val】epoch:127/150 loss:0.2741 acc:0.8795
INFO:__main__:
【Val】:  SENS: 0.8277  SPEC: 0.9089  PPV: 0.8380  NPV: 0.9026 F1:0.8328
INFO:__main__:验证的best_acc:0.8828
INFO:__main__:----------------------------------------------------------------------------------------------------
INFO:__main__:
【train】epoch:128/150 loss:0.2703 acc:0.8844
INFO:__main__:
【val】epoch:128/150 loss:0.2739 acc:0.8817
INFO:__main__:
【Val】:  SENS: 0.8308  SPEC: 0.9107  PPV: 0.8411  NPV: 0.9043 F1:0.8359
INFO:__main__:验证的best_acc:0.8828
INFO:__main__:----------------------------------------------------------------------------------------------------
INFO:__main__:
【train】epoch:129/150 loss:0.2679 acc:0.8857
INFO:__main__:
【val】epoch:129/150 loss:0.2741 acc:0.8806
INFO:__main__:
【Val】:  SENS: 0.8277  SPEC: 0.9107  PPV: 0.8406  NPV: 0.9028 F1:0.8341
INFO:__main__:验证的best_acc:0.8828
INFO:__main__:----------------------------------------------------------------------------------------------------
INFO:__main__:
【train】epoch:130/150 loss:0.2725 acc:0.8844
INFO:__main__:
【val】epoch:130/150 loss:0.2745 acc:0.8817
INFO:__main__:
【Val】:  SENS: 0.8308  SPEC: 0.9107  PPV: 0.8411  NPV: 0.9043 F1:0.8359
INFO:__main__:验证的best_acc:0.8828
INFO:__main__:----------------------------------------------------------------------------------------------------
INFO:__main__:
【train】epoch:131/150 loss:0.2732 acc:0.8832
INFO:__main__:
【val】epoch:131/150 loss:0.2748 acc:0.8795
INFO:__main__:
【Val】:  SENS: 0.8308  SPEC: 0.9072  PPV: 0.8359  NPV: 0.9040 F1:0.8333
INFO:__main__:验证的best_acc:0.8828
INFO:__main__:----------------------------------------------------------------------------------------------------
INFO:__main__:
【train】epoch:132/150 loss:0.2741 acc:0.8822
INFO:__main__:
【val】epoch:132/150 loss:0.2744 acc:0.8795
INFO:__main__:
【Val】:  SENS: 0.8308  SPEC: 0.9072  PPV: 0.8359  NPV: 0.9040 F1:0.8333
INFO:__main__:验证的best_acc:0.8828
INFO:__main__:----------------------------------------------------------------------------------------------------
INFO:__main__:
【train】epoch:133/150 loss:0.2696 acc:0.8851
INFO:__main__:
【val】epoch:133/150 loss:0.2744 acc:0.8806
INFO:__main__:
【Val】:  SENS: 0.8277  SPEC: 0.9107  PPV: 0.8406  NPV: 0.9028 F1:0.8341
INFO:__main__:验证的best_acc:0.8828
INFO:__main__:----------------------------------------------------------------------------------------------------
INFO:__main__:
【train】epoch:134/150 loss:0.2742 acc:0.8832
INFO:__main__:
【val】epoch:134/150 loss:0.2741 acc:0.8806
INFO:__main__:
【Val】:  SENS: 0.8308  SPEC: 0.9089  PPV: 0.8385  NPV: 0.9042 F1:0.8346
INFO:__main__:验证的best_acc:0.8828
INFO:__main__:----------------------------------------------------------------------------------------------------
INFO:__main__:
【train】epoch:135/150 loss:0.2692 acc:0.8808
INFO:__main__:
【val】epoch:135/150 loss:0.2744 acc:0.8795
INFO:__main__:
【Val】:  SENS: 0.8308  SPEC: 0.9072  PPV: 0.8359  NPV: 0.9040 F1:0.8333
INFO:__main__:验证的best_acc:0.8828
INFO:__main__:----------------------------------------------------------------------------------------------------
INFO:__main__:
【train】epoch:136/150 loss:0.2698 acc:0.8867
INFO:__main__:
【val】epoch:136/150 loss:0.2746 acc:0.8817
INFO:__main__:
【Val】:  SENS: 0.8277  SPEC: 0.9124  PPV: 0.8433  NPV: 0.9029 F1:0.8354
INFO:__main__:验证的best_acc:0.8828
INFO:__main__:----------------------------------------------------------------------------------------------------
INFO:__main__:
【train】epoch:137/150 loss:0.2710 acc:0.8841
INFO:__main__:
【val】epoch:137/150 loss:0.2744 acc:0.8817
INFO:__main__:
【Val】:  SENS: 0.8308  SPEC: 0.9107  PPV: 0.8411  NPV: 0.9043 F1:0.8359
INFO:__main__:验证的best_acc:0.8828
INFO:__main__:----------------------------------------------------------------------------------------------------
INFO:__main__:
【train】epoch:138/150 loss:0.2709 acc:0.8833
INFO:__main__:
【val】epoch:138/150 loss:0.2749 acc:0.8817
INFO:__main__:
【Val】:  SENS: 0.8277  SPEC: 0.9124  PPV: 0.8433  NPV: 0.9029 F1:0.8354
INFO:__main__:验证的best_acc:0.8828
INFO:__main__:----------------------------------------------------------------------------------------------------
INFO:__main__:
【train】epoch:139/150 loss:0.2723 acc:0.8825
INFO:__main__:
【val】epoch:139/150 loss:0.2745 acc:0.8806
INFO:__main__:
【Val】:  SENS: 0.8277  SPEC: 0.9107  PPV: 0.8406  NPV: 0.9028 F1:0.8341
INFO:__main__:验证的best_acc:0.8828
INFO:__main__:----------------------------------------------------------------------------------------------------
INFO:__main__:
【train】epoch:140/150 loss:0.2670 acc:0.8887
INFO:__main__:
【val】epoch:140/150 loss:0.2747 acc:0.8795
INFO:__main__:
【Val】:  SENS: 0.8277  SPEC: 0.9089  PPV: 0.8380  NPV: 0.9026 F1:0.8328
INFO:__main__:验证的best_acc:0.8828
INFO:__main__:----------------------------------------------------------------------------------------------------
INFO:__main__:
【train】epoch:141/150 loss:0.2671 acc:0.8836
INFO:__main__:
【val】epoch:141/150 loss:0.2741 acc:0.8806
INFO:__main__:
【Val】:  SENS: 0.8308  SPEC: 0.9089  PPV: 0.8385  NPV: 0.9042 F1:0.8346
INFO:__main__:验证的best_acc:0.8828
INFO:__main__:----------------------------------------------------------------------------------------------------
INFO:__main__:
【train】epoch:142/150 loss:0.2737 acc:0.8821
INFO:__main__:
【val】epoch:142/150 loss:0.2748 acc:0.8806
INFO:__main__:
【Val】:  SENS: 0.8277  SPEC: 0.9107  PPV: 0.8406  NPV: 0.9028 F1:0.8341
INFO:__main__:验证的best_acc:0.8828
INFO:__main__:----------------------------------------------------------------------------------------------------
INFO:__main__:
【train】epoch:143/150 loss:0.2681 acc:0.8853
INFO:__main__:
【val】epoch:143/150 loss:0.2743 acc:0.8806
INFO:__main__:
【Val】:  SENS: 0.8308  SPEC: 0.9089  PPV: 0.8385  NPV: 0.9042 F1:0.8346
INFO:__main__:验证的best_acc:0.8828
INFO:__main__:----------------------------------------------------------------------------------------------------
INFO:__main__:
【train】epoch:144/150 loss:0.2722 acc:0.8813
INFO:__main__:
【val】epoch:144/150 loss:0.2742 acc:0.8817
INFO:__main__:
【Val】:  SENS: 0.8246  SPEC: 0.9142  PPV: 0.8454  NPV: 0.9016 F1:0.8349
INFO:__main__:验证的best_acc:0.8828
INFO:__main__:----------------------------------------------------------------------------------------------------
INFO:__main__:
【train】epoch:145/150 loss:0.2738 acc:0.8837
INFO:__main__:
【val】epoch:145/150 loss:0.2747 acc:0.8817
INFO:__main__:
【Val】:  SENS: 0.8308  SPEC: 0.9107  PPV: 0.8411  NPV: 0.9043 F1:0.8359
INFO:__main__:验证的best_acc:0.8828
INFO:__main__:----------------------------------------------------------------------------------------------------
INFO:__main__:
【train】epoch:146/150 loss:0.2733 acc:0.8811
INFO:__main__:
【val】epoch:146/150 loss:0.2746 acc:0.8817
INFO:__main__:
【Val】:  SENS: 0.8277  SPEC: 0.9124  PPV: 0.8433  NPV: 0.9029 F1:0.8354
INFO:__main__:验证的best_acc:0.8828
INFO:__main__:----------------------------------------------------------------------------------------------------
INFO:__main__:
【train】epoch:147/150 loss:0.2721 acc:0.8817
INFO:__main__:
【val】epoch:147/150 loss:0.2739 acc:0.8817
INFO:__main__:
【Val】:  SENS: 0.8308  SPEC: 0.9107  PPV: 0.8411  NPV: 0.9043 F1:0.8359
INFO:__main__:验证的best_acc:0.8828
INFO:__main__:----------------------------------------------------------------------------------------------------
INFO:__main__:
【train】epoch:148/150 loss:0.2709 acc:0.8861
INFO:__main__:
【val】epoch:148/150 loss:0.2744 acc:0.8806
INFO:__main__:
【Val】:  SENS: 0.8308  SPEC: 0.9089  PPV: 0.8385  NPV: 0.9042 F1:0.8346
INFO:__main__:验证的best_acc:0.8828
INFO:__main__:----------------------------------------------------------------------------------------------------
INFO:__main__:
【train】epoch:149/150 loss:0.2726 acc:0.8856
INFO:__main__:
【val】epoch:149/150 loss:0.2744 acc:0.8795
INFO:__main__:
【Val】:  SENS: 0.8308  SPEC: 0.9072  PPV: 0.8359  NPV: 0.9040 F1:0.8333
INFO:__main__:验证的best_acc:0.8828
INFO:__main__:----------------------------------------------------------------------------------------------------
INFO:__main__:****************************************************************************************************
INFO:__main__:Val_LOSS:['0.6480', '0.5405', '0.5244', '0.4577', '0.4253', '0.4243', '0.7400', '0.3281', '0.3923', '0.2828', '0.2819', '0.2811', '0.2810', '0.2833', '0.2859', '0.2849', '0.2797', '0.2801', '0.2787', '0.2743', '0.2733', '0.2743', '0.2738', '0.2729', '0.2737', '0.2742', '0.2744', '0.2745', '0.2746', '0.2741', '0.2746', '0.2744', '0.2745', '0.2745', '0.2755', '0.2744', '0.2743', '0.2743', '0.2742', '0.2744', '0.2745', '0.2740', '0.2742', '0.2742', '0.2746', '0.2741', '0.2741', '0.2745', '0.2739', '0.2750', '0.2744', '0.2746', '0.2747', '0.2751', '0.2747', '0.2743', '0.2749', '0.2745', '0.2746', '0.2746', '0.2742', '0.2746', '0.2749', '0.2745', '0.2743', '0.2746', '0.2746', '0.2742', '0.2748', '0.2744', '0.2749', '0.2746', '0.2741', '0.2742', '0.2746', '0.2745', '0.2740', '0.2743', '0.2745', '0.2744', '0.2748', '0.2744', '0.2747', '0.2743', '0.2742', '0.2744', '0.2745', '0.2740', '0.2747', '0.2745', '0.2743', '0.2748', '0.2742', '0.2748', '0.2741', '0.2745', '0.2749', '0.2747', '0.2739', '0.2742', '0.2742', '0.2745', '0.2744', '0.2742', '0.2747', '0.2741', '0.2748', '0.2743', '0.2738', '0.2742', '0.2746', '0.2740', '0.2743', '0.2746', '0.2749', '0.2742', '0.2743', '0.2746', '0.2751', '0.2748', '0.2750', '0.2742', '0.2746', '0.2741', '0.2746', '0.2752', '0.2747', '0.2741', '0.2739', '0.2741', '0.2745', '0.2748', '0.2744', '0.2744', '0.2741', '0.2744', '0.2746', '0.2744', '0.2749', '0.2745', '0.2747', '0.2741', '0.2748', '0.2743', '0.2742', '0.2747', '0.2746', '0.2739', '0.2744', '0.2744']
INFO:__main__:Val_ACC:['0.6261', '0.6897', '0.7210', '0.7600', '0.7779', '0.7980', '0.7165', '0.8594', '0.8214', '0.8772', '0.8783', '0.8795', '0.8750', '0.8795', '0.8761', '0.8783', '0.8761', '0.8817', '0.8783', '0.8817', '0.8817', '0.8772', '0.8817', '0.8795', '0.8806', '0.8783', '0.8772', '0.8783', '0.8783', '0.8795', '0.8783', '0.8817', '0.8806', '0.8806', '0.8795', '0.8806', '0.8795', '0.8806', '0.8795', '0.8795', '0.8806', '0.8817', '0.8795', '0.8817', '0.8783', '0.8806', '0.8783', '0.8795', '0.8817', '0.8817', '0.8783', '0.8795', '0.8761', '0.8783', '0.8783', '0.8795', '0.8772', '0.8817', '0.8806', '0.8806', '0.8817', '0.8795', '0.8817', '0.8795', '0.8806', '0.8817', '0.8828', '0.8806', '0.8817', '0.8795', '0.8783', '0.8783', '0.8806', '0.8806', '0.8806', '0.8806', '0.8806', '0.8795', '0.8795', '0.8806', '0.8783', '0.8806', '0.8806', '0.8795', '0.8817', '0.8795', '0.8795', '0.8817', '0.8783', '0.8795', '0.8828', '0.8795', '0.8806', '0.8795', '0.8795', '0.8806', '0.8795', '0.8795', '0.8806', '0.8806', '0.8806', '0.8795', '0.8783', '0.8806', '0.8783', '0.8806', '0.8806', '0.8772', '0.8772', '0.8817', '0.8806', '0.8806', '0.8795', '0.8806', '0.8761', '0.8795', '0.8806', '0.8795', '0.8806', '0.8795', '0.8817', '0.8806', '0.8806', '0.8817', '0.8783', '0.8783', '0.8783', '0.8795', '0.8817', '0.8806', '0.8817', '0.8795', '0.8795', '0.8806', '0.8806', '0.8795', '0.8817', '0.8817', '0.8817', '0.8806', '0.8795', '0.8806', '0.8806', '0.8806', '0.8817', '0.8817', '0.8817', '0.8817', '0.8806', '0.8795']
INFO:__main__:****************************************************************************************************
INFO:__main__: epoch0 测试test_Loss: 0.3471  test_ACC: 0.8594  
INFO:__main__:SENS: 0.7609 SPEC: 0.9168 PPV: 0.8419 NPV: 0.8682 F1:0.7994
INFO:__main__:test_Best_acc:0.8594
INFO:__main__:flops:2323740064.0  params:14128629.0
