INFO:__main__:
【train】epoch:0/150 loss:0.6350 acc:0.6470
INFO:__main__:
【val】epoch:0/150 loss:0.6044 acc:0.6875
INFO:__main__:
【Val】:  SENS: 0.4795  SPEC: 0.8579  PPV: 0.7343  NPV: 0.6680 F1:0.5802
INFO:__main__:验证的best_acc:0.6875
INFO:__main__:----------------------------------------------------------------------------------------------------
INFO:__main__:
【train】epoch:1/150 loss:0.5330 acc:0.7338
INFO:__main__:
【val】epoch:1/150 loss:0.6956 acc:0.6193
INFO:__main__:
【Val】:  SENS: 0.1609  SPEC: 0.9948  PPV: 0.9623  NPV: 0.5914 F1:0.2757
INFO:__main__:验证的best_acc:0.6875
INFO:__main__:----------------------------------------------------------------------------------------------------
INFO:__main__:
【train】epoch:2/150 loss:0.4711 acc:0.7767
INFO:__main__:
【val】epoch:2/150 loss:0.4570 acc:0.7770
INFO:__main__:
【Val】:  SENS: 0.6751  SPEC: 0.8605  PPV: 0.7985  NPV: 0.7638 F1:0.7316
INFO:__main__:验证的best_acc:0.7770
INFO:__main__:----------------------------------------------------------------------------------------------------
INFO:__main__:
【train】epoch:3/150 loss:0.4242 acc:0.7999
INFO:__main__:
【val】epoch:3/150 loss:0.5455 acc:0.7372
INFO:__main__:
【Val】:  SENS: 0.4763  SPEC: 0.9509  PPV: 0.8882  NPV: 0.6891 F1:0.6201
INFO:__main__:验证的best_acc:0.7770
INFO:__main__:----------------------------------------------------------------------------------------------------
INFO:__main__:
【train】epoch:4/150 loss:0.4089 acc:0.8148
INFO:__main__:
【val】epoch:4/150 loss:0.4141 acc:0.8040
INFO:__main__:
【Val】:  SENS: 0.7224  SPEC: 0.8708  PPV: 0.8208  NPV: 0.7929 F1:0.7685
INFO:__main__:验证的best_acc:0.8040
INFO:__main__:----------------------------------------------------------------------------------------------------
INFO:__main__:
【train】epoch:5/150 loss:0.3962 acc:0.8204
INFO:__main__:
【val】epoch:5/150 loss:0.4037 acc:0.8153
INFO:__main__:
【Val】:  SENS: 0.7697  SPEC: 0.8527  PPV: 0.8106  NPV: 0.8189 F1:0.7896
INFO:__main__:验证的best_acc:0.8153
INFO:__main__:----------------------------------------------------------------------------------------------------
INFO:__main__:
【train】epoch:6/150 loss:0.3897 acc:0.8259
INFO:__main__:
【val】epoch:6/150 loss:0.4185 acc:0.7969
INFO:__main__:
【Val】:  SENS: 0.6562  SPEC: 0.9121  PPV: 0.8595  NPV: 0.7641 F1:0.7442
INFO:__main__:验证的best_acc:0.8153
INFO:__main__:----------------------------------------------------------------------------------------------------
INFO:__main__:
【train】epoch:7/150 loss:0.3726 acc:0.8308
INFO:__main__:
【val】epoch:7/150 loss:0.4502 acc:0.7898
INFO:__main__:
【Val】:  SENS: 0.5994  SPEC: 0.9457  PPV: 0.9005  NPV: 0.7424 F1:0.7197
INFO:__main__:验证的best_acc:0.8153
INFO:__main__:----------------------------------------------------------------------------------------------------
INFO:__main__:
【train】epoch:8/150 loss:0.3609 acc:0.8369
INFO:__main__:
【val】epoch:8/150 loss:0.3973 acc:0.8168
INFO:__main__:
【Val】:  SENS: 0.6814  SPEC: 0.9276  PPV: 0.8852  NPV: 0.7804 F1:0.7701
INFO:__main__:验证的best_acc:0.8168
INFO:__main__:----------------------------------------------------------------------------------------------------
INFO:__main__:
【train】epoch:9/150 loss:0.3410 acc:0.8509
INFO:__main__:
【val】epoch:9/150 loss:0.4200 acc:0.8082
INFO:__main__:
【Val】:  SENS: 0.7256  SPEC: 0.8760  PPV: 0.8273  NPV: 0.7958 F1:0.7731
INFO:__main__:验证的best_acc:0.8168
INFO:__main__:----------------------------------------------------------------------------------------------------
INFO:__main__:
【train】epoch:10/150 loss:0.3326 acc:0.8586
INFO:__main__:
【val】epoch:10/150 loss:0.4214 acc:0.8168
INFO:__main__:
【Val】:  SENS: 0.7192  SPEC: 0.8966  PPV: 0.8507  NPV: 0.7959 F1:0.7795
INFO:__main__:验证的best_acc:0.8168
INFO:__main__:----------------------------------------------------------------------------------------------------
INFO:__main__:
【train】epoch:11/150 loss:0.3282 acc:0.8547
INFO:__main__:
【val】epoch:11/150 loss:0.4116 acc:0.8168
INFO:__main__:
【Val】:  SENS: 0.7161  SPEC: 0.8992  PPV: 0.8534  NPV: 0.7945 F1:0.7787
INFO:__main__:验证的best_acc:0.8168
INFO:__main__:----------------------------------------------------------------------------------------------------
INFO:__main__:
【train】epoch:12/150 loss:0.3110 acc:0.8687
INFO:__main__:
【val】epoch:12/150 loss:0.4007 acc:0.8139
INFO:__main__:
【Val】:  SENS: 0.7003  SPEC: 0.9070  PPV: 0.8605  NPV: 0.7870 F1:0.7722
INFO:__main__:验证的best_acc:0.8168
INFO:__main__:----------------------------------------------------------------------------------------------------
INFO:__main__:
【train】epoch:13/150 loss:0.3063 acc:0.8748
INFO:__main__:
【val】epoch:13/150 loss:0.3711 acc:0.8239
INFO:__main__:
【Val】:  SENS: 0.7697  SPEC: 0.8682  PPV: 0.8271  NPV: 0.8215 F1:0.7974
INFO:__main__:验证的best_acc:0.8239
INFO:__main__:----------------------------------------------------------------------------------------------------
INFO:__main__:
【train】epoch:14/150 loss:0.3082 acc:0.8710
INFO:__main__:
【val】epoch:14/150 loss:0.4255 acc:0.8253
INFO:__main__:
【Val】:  SENS: 0.7066  SPEC: 0.9225  PPV: 0.8819  NPV: 0.7933 F1:0.7846
INFO:__main__:验证的best_acc:0.8253
INFO:__main__:----------------------------------------------------------------------------------------------------
INFO:__main__:
【train】epoch:15/150 loss:0.2978 acc:0.8762
INFO:__main__:
【val】epoch:15/150 loss:0.4370 acc:0.7926
INFO:__main__:
【Val】:  SENS: 0.6246  SPEC: 0.9302  PPV: 0.8800  NPV: 0.7516 F1:0.7306
INFO:__main__:验证的best_acc:0.8253
INFO:__main__:----------------------------------------------------------------------------------------------------
INFO:__main__:
【train】epoch:16/150 loss:0.2859 acc:0.8837
INFO:__main__:
【val】epoch:16/150 loss:0.3887 acc:0.8182
INFO:__main__:
【Val】:  SENS: 0.6751  SPEC: 0.9354  PPV: 0.8954  NPV: 0.7785 F1:0.7698
INFO:__main__:验证的best_acc:0.8253
INFO:__main__:----------------------------------------------------------------------------------------------------
INFO:__main__:
【train】epoch:17/150 loss:0.2849 acc:0.8795
INFO:__main__:
【val】epoch:17/150 loss:0.3911 acc:0.8267
INFO:__main__:
【Val】:  SENS: 0.8107  SPEC: 0.8398  PPV: 0.8056  NPV: 0.8442 F1:0.8082
INFO:__main__:验证的best_acc:0.8267
INFO:__main__:----------------------------------------------------------------------------------------------------
INFO:__main__:
【train】epoch:18/150 loss:0.2829 acc:0.8780
INFO:__main__:
【val】epoch:18/150 loss:0.3780 acc:0.8281
INFO:__main__:
【Val】:  SENS: 0.8265  SPEC: 0.8295  PPV: 0.7988  NPV: 0.8537 F1:0.8124
INFO:__main__:验证的best_acc:0.8281
INFO:__main__:----------------------------------------------------------------------------------------------------
INFO:__main__:
【train】epoch:19/150 loss:0.2604 acc:0.8940
INFO:__main__:
【val】epoch:19/150 loss:0.3604 acc:0.8409
INFO:__main__:
【Val】:  SENS: 0.7603  SPEC: 0.9070  PPV: 0.8700  NPV: 0.8220 F1:0.8114
INFO:__main__:验证的best_acc:0.8409
INFO:__main__:----------------------------------------------------------------------------------------------------
INFO:__main__:
【train】epoch:20/150 loss:0.2559 acc:0.8975
INFO:__main__:
【val】epoch:20/150 loss:0.3708 acc:0.8395
INFO:__main__:
【Val】:  SENS: 0.8423  SPEC: 0.8372  PPV: 0.8091  NPV: 0.8663 F1:0.8253
INFO:__main__:验证的best_acc:0.8409
INFO:__main__:----------------------------------------------------------------------------------------------------
INFO:__main__:
【train】epoch:21/150 loss:0.2543 acc:0.8966
INFO:__main__:
【val】epoch:21/150 loss:0.3811 acc:0.8494
INFO:__main__:
【Val】:  SENS: 0.8139  SPEC: 0.8786  PPV: 0.8459  NPV: 0.8521 F1:0.8296
INFO:__main__:验证的best_acc:0.8494
INFO:__main__:----------------------------------------------------------------------------------------------------
INFO:__main__:
【train】epoch:22/150 loss:0.2501 acc:0.8991
INFO:__main__:
【val】epoch:22/150 loss:0.4060 acc:0.8366
INFO:__main__:
【Val】:  SENS: 0.8076  SPEC: 0.8605  PPV: 0.8258  NPV: 0.8452 F1:0.8166
INFO:__main__:验证的best_acc:0.8494
INFO:__main__:----------------------------------------------------------------------------------------------------
INFO:__main__:
【train】epoch:23/150 loss:0.2414 acc:0.9017
INFO:__main__:
【val】epoch:23/150 loss:0.3784 acc:0.8366
INFO:__main__:
【Val】:  SENS: 0.8707  SPEC: 0.8088  PPV: 0.7886  NPV: 0.8842 F1:0.8276
INFO:__main__:验证的best_acc:0.8494
INFO:__main__:----------------------------------------------------------------------------------------------------
INFO:__main__:
【train】epoch:24/150 loss:0.2366 acc:0.9047
INFO:__main__:
【val】epoch:24/150 loss:0.4022 acc:0.8509
INFO:__main__:
【Val】:  SENS: 0.8107  SPEC: 0.8837  PPV: 0.8510  NPV: 0.8507 F1:0.8304
INFO:__main__:验证的best_acc:0.8509
INFO:__main__:----------------------------------------------------------------------------------------------------
INFO:__main__:
【train】epoch:25/150 loss:0.2339 acc:0.9040
INFO:__main__:
【val】epoch:25/150 loss:0.3796 acc:0.8494
INFO:__main__:
【Val】:  SENS: 0.8107  SPEC: 0.8811  PPV: 0.8482  NPV: 0.8504 F1:0.8290
INFO:__main__:验证的best_acc:0.8509
INFO:__main__:----------------------------------------------------------------------------------------------------
INFO:__main__:
【train】epoch:26/150 loss:0.2243 acc:0.9068
INFO:__main__:
【val】epoch:26/150 loss:0.4119 acc:0.8438
INFO:__main__:
【Val】:  SENS: 0.9054  SPEC: 0.7933  PPV: 0.7820  NPV: 0.9110 F1:0.8392
INFO:__main__:验证的best_acc:0.8509
INFO:__main__:----------------------------------------------------------------------------------------------------
INFO:__main__:
【train】epoch:27/150 loss:0.2296 acc:0.9054
INFO:__main__:
【val】epoch:27/150 loss:0.3822 acc:0.8438
INFO:__main__:
【Val】:  SENS: 0.9022  SPEC: 0.7959  PPV: 0.7836  NPV: 0.9086 F1:0.8387
INFO:__main__:验证的best_acc:0.8509
INFO:__main__:----------------------------------------------------------------------------------------------------
INFO:__main__:
【train】epoch:28/150 loss:0.2325 acc:0.9026
INFO:__main__:
【val】epoch:28/150 loss:0.3787 acc:0.8338
INFO:__main__:
【Val】:  SENS: 0.8517  SPEC: 0.8191  PPV: 0.7941  NPV: 0.8709 F1:0.8219
INFO:__main__:验证的best_acc:0.8509
INFO:__main__:----------------------------------------------------------------------------------------------------
INFO:__main__:
【train】epoch:29/150 loss:0.2038 acc:0.9169
INFO:__main__:
【val】epoch:29/150 loss:0.4563 acc:0.8253
INFO:__main__:
【Val】:  SENS: 0.8707  SPEC: 0.7881  PPV: 0.7709  NPV: 0.8815 F1:0.8178
INFO:__main__:验证的best_acc:0.8509
INFO:__main__:----------------------------------------------------------------------------------------------------
INFO:__main__:
【train】epoch:30/150 loss:0.2062 acc:0.9160
INFO:__main__:
【val】epoch:30/150 loss:0.4077 acc:0.8295
INFO:__main__:
【Val】:  SENS: 0.8833  SPEC: 0.7855  PPV: 0.7713  NPV: 0.8915 F1:0.8235
INFO:__main__:验证的best_acc:0.8509
INFO:__main__:----------------------------------------------------------------------------------------------------
INFO:__main__:
【train】epoch:31/150 loss:0.1955 acc:0.9225
INFO:__main__:
【val】epoch:31/150 loss:0.4082 acc:0.8438
INFO:__main__:
【Val】:  SENS: 0.8770  SPEC: 0.8165  PPV: 0.7966  NPV: 0.8901 F1:0.8348
INFO:__main__:验证的best_acc:0.8509
INFO:__main__:----------------------------------------------------------------------------------------------------
INFO:__main__:
【train】epoch:32/150 loss:0.1882 acc:0.9239
INFO:__main__:
【val】epoch:32/150 loss:0.4372 acc:0.8551
INFO:__main__:
【Val】:  SENS: 0.8107  SPEC: 0.8915  PPV: 0.8595  NPV: 0.8519 F1:0.8344
INFO:__main__:验证的best_acc:0.8551
INFO:__main__:----------------------------------------------------------------------------------------------------
INFO:__main__:
【train】epoch:33/150 loss:0.1981 acc:0.9204
INFO:__main__:
【val】epoch:33/150 loss:0.3639 acc:0.8423
INFO:__main__:
【Val】:  SENS: 0.8486  SPEC: 0.8372  PPV: 0.8102  NPV: 0.8710 F1:0.8290
INFO:__main__:验证的best_acc:0.8551
INFO:__main__:----------------------------------------------------------------------------------------------------
INFO:__main__:
【train】epoch:34/150 loss:0.1873 acc:0.9256
INFO:__main__:
【val】epoch:34/150 loss:0.4079 acc:0.8409
INFO:__main__:
【Val】:  SENS: 0.8423  SPEC: 0.8398  PPV: 0.8116  NPV: 0.8667 F1:0.8266
INFO:__main__:验证的best_acc:0.8551
INFO:__main__:----------------------------------------------------------------------------------------------------
INFO:__main__:
【train】epoch:35/150 loss:0.1948 acc:0.9200
INFO:__main__:
【val】epoch:35/150 loss:0.3683 acc:0.8438
INFO:__main__:
【Val】:  SENS: 0.7634  SPEC: 0.9096  PPV: 0.8736  NPV: 0.8244 F1:0.8148
INFO:__main__:验证的best_acc:0.8551
INFO:__main__:----------------------------------------------------------------------------------------------------
INFO:__main__:
【train】epoch:36/150 loss:0.1848 acc:0.9289
INFO:__main__:
【val】epoch:36/150 loss:0.4485 acc:0.8366
INFO:__main__:
【Val】:  SENS: 0.8864  SPEC: 0.7959  PPV: 0.7806  NPV: 0.8953 F1:0.8301
INFO:__main__:验证的best_acc:0.8551
INFO:__main__:----------------------------------------------------------------------------------------------------
INFO:__main__:
【train】epoch:37/150 loss:0.1716 acc:0.9358
INFO:__main__:
【val】epoch:37/150 loss:0.4453 acc:0.8310
INFO:__main__:
【Val】:  SENS: 0.8328  SPEC: 0.8295  PPV: 0.8000  NPV: 0.8583 F1:0.8161
INFO:__main__:验证的best_acc:0.8551
INFO:__main__:----------------------------------------------------------------------------------------------------
INFO:__main__:
【train】epoch:38/150 loss:0.1810 acc:0.9270
INFO:__main__:
【val】epoch:38/150 loss:0.4388 acc:0.8253
INFO:__main__:
【Val】:  SENS: 0.8738  SPEC: 0.7855  PPV: 0.7694  NPV: 0.8837 F1:0.8183
INFO:__main__:验证的best_acc:0.8551
INFO:__main__:----------------------------------------------------------------------------------------------------
INFO:__main__:
【train】epoch:39/150 loss:0.1631 acc:0.9375
INFO:__main__:
【val】epoch:39/150 loss:0.4135 acc:0.8466
INFO:__main__:
【Val】:  SENS: 0.8896  SPEC: 0.8114  PPV: 0.7944  NPV: 0.8997 F1:0.8393
INFO:__main__:验证的best_acc:0.8551
INFO:__main__:----------------------------------------------------------------------------------------------------
INFO:__main__:
【train】epoch:40/150 loss:0.1630 acc:0.9354
INFO:__main__:
【val】epoch:40/150 loss:0.4490 acc:0.8452
INFO:__main__:
【Val】:  SENS: 0.8391  SPEC: 0.8501  PPV: 0.8210  NPV: 0.8658 F1:0.8300
INFO:__main__:验证的best_acc:0.8551
INFO:__main__:----------------------------------------------------------------------------------------------------
INFO:__main__:
【train】epoch:41/150 loss:0.1581 acc:0.9385
INFO:__main__:
【val】epoch:41/150 loss:0.4978 acc:0.8466
INFO:__main__:
【Val】:  SENS: 0.8864  SPEC: 0.8140  PPV: 0.7960  NPV: 0.8974 F1:0.8388
INFO:__main__:验证的best_acc:0.8551
INFO:__main__:----------------------------------------------------------------------------------------------------
INFO:__main__:
【train】epoch:42/150 loss:0.1558 acc:0.9363
INFO:__main__:
【val】epoch:42/150 loss:0.4731 acc:0.8494
INFO:__main__:
【Val】:  SENS: 0.8801  SPEC: 0.8243  PPV: 0.8040  NPV: 0.8936 F1:0.8404
INFO:__main__:验证的best_acc:0.8551
INFO:__main__:----------------------------------------------------------------------------------------------------
INFO:__main__:
【train】epoch:43/150 loss:0.1564 acc:0.9385
INFO:__main__:
【val】epoch:43/150 loss:0.4191 acc:0.8466
INFO:__main__:
【Val】:  SENS: 0.8170  SPEC: 0.8708  PPV: 0.8382  NPV: 0.8532 F1:0.8275
INFO:__main__:验证的best_acc:0.8551
INFO:__main__:----------------------------------------------------------------------------------------------------
INFO:__main__:
【train】epoch:44/150 loss:0.1600 acc:0.9382
INFO:__main__:
【val】epoch:44/150 loss:0.3715 acc:0.8622
INFO:__main__:
【Val】:  SENS: 0.8297  SPEC: 0.8889  PPV: 0.8595  NPV: 0.8643 F1:0.8443
INFO:__main__:验证的best_acc:0.8622
INFO:__main__:----------------------------------------------------------------------------------------------------
INFO:__main__:
【train】epoch:45/150 loss:0.1428 acc:0.9461
INFO:__main__:
【val】epoch:45/150 loss:0.4904 acc:0.8452
INFO:__main__:
【Val】:  SENS: 0.8328  SPEC: 0.8553  PPV: 0.8250  NPV: 0.8620 F1:0.8289
INFO:__main__:验证的best_acc:0.8622
INFO:__main__:----------------------------------------------------------------------------------------------------
INFO:__main__:
【train】epoch:46/150 loss:0.1589 acc:0.9373
INFO:__main__:
【val】epoch:46/150 loss:0.4327 acc:0.8494
INFO:__main__:
【Val】:  SENS: 0.8644  SPEC: 0.8372  PPV: 0.8131  NPV: 0.8828 F1:0.8379
INFO:__main__:验证的best_acc:0.8622
INFO:__main__:----------------------------------------------------------------------------------------------------
INFO:__main__:
【train】epoch:47/150 loss:0.1423 acc:0.9420
INFO:__main__:
【val】epoch:47/150 loss:0.4610 acc:0.8438
INFO:__main__:
【Val】:  SENS: 0.7981  SPEC: 0.8811  PPV: 0.8462  NPV: 0.8420 F1:0.8214
INFO:__main__:验证的best_acc:0.8622
INFO:__main__:----------------------------------------------------------------------------------------------------
INFO:__main__:
【train】epoch:48/150 loss:0.1479 acc:0.9433
INFO:__main__:
【val】epoch:48/150 loss:0.4636 acc:0.8395
INFO:__main__:
【Val】:  SENS: 0.8233  SPEC: 0.8527  PPV: 0.8208  NPV: 0.8549 F1:0.8220
INFO:__main__:验证的best_acc:0.8622
INFO:__main__:----------------------------------------------------------------------------------------------------
INFO:__main__:
【train】epoch:49/150 loss:0.1410 acc:0.9469
INFO:__main__:
【val】epoch:49/150 loss:0.4406 acc:0.8636
INFO:__main__:
【Val】:  SENS: 0.8549  SPEC: 0.8708  PPV: 0.8442  NPV: 0.8799 F1:0.8495
INFO:__main__:验证的best_acc:0.8636
INFO:__main__:----------------------------------------------------------------------------------------------------
INFO:__main__:
【train】epoch:50/150 loss:0.1299 acc:0.9495
INFO:__main__:
【val】epoch:50/150 loss:0.4388 acc:0.8679
INFO:__main__:
【Val】:  SENS: 0.8612  SPEC: 0.8734  PPV: 0.8478  NPV: 0.8848 F1:0.8545
INFO:__main__:验证的best_acc:0.8679
INFO:__main__:----------------------------------------------------------------------------------------------------
INFO:__main__:
【train】epoch:51/150 loss:0.1306 acc:0.9475
INFO:__main__:
【val】epoch:51/150 loss:0.4576 acc:0.8509
INFO:__main__:
【Val】:  SENS: 0.8360  SPEC: 0.8630  PPV: 0.8333  NPV: 0.8653 F1:0.8346
INFO:__main__:验证的best_acc:0.8679
INFO:__main__:----------------------------------------------------------------------------------------------------
INFO:__main__:
【train】epoch:52/150 loss:0.1339 acc:0.9457
INFO:__main__:
【val】epoch:52/150 loss:0.3630 acc:0.8679
INFO:__main__:
【Val】:  SENS: 0.8486  SPEC: 0.8837  PPV: 0.8567  NPV: 0.8769 F1:0.8526
INFO:__main__:验证的best_acc:0.8679
INFO:__main__:----------------------------------------------------------------------------------------------------
INFO:__main__:
【train】epoch:53/150 loss:0.1171 acc:0.9504
INFO:__main__:
【val】epoch:53/150 loss:0.4367 acc:0.8665
INFO:__main__:
【Val】:  SENS: 0.8423  SPEC: 0.8863  PPV: 0.8585  NPV: 0.8728 F1:0.8503
INFO:__main__:验证的best_acc:0.8679
INFO:__main__:----------------------------------------------------------------------------------------------------
INFO:__main__:
【train】epoch:54/150 loss:0.1263 acc:0.9525
INFO:__main__:
【val】epoch:54/150 loss:0.4170 acc:0.8565
INFO:__main__:
【Val】:  SENS: 0.7981  SPEC: 0.9044  PPV: 0.8724  NPV: 0.8454 F1:0.8336
INFO:__main__:验证的best_acc:0.8679
INFO:__main__:----------------------------------------------------------------------------------------------------
INFO:__main__:
【train】epoch:55/150 loss:0.1327 acc:0.9471
INFO:__main__:
【val】epoch:55/150 loss:0.4438 acc:0.8679
INFO:__main__:
【Val】:  SENS: 0.8391  SPEC: 0.8915  PPV: 0.8636  NPV: 0.8712 F1:0.8512
INFO:__main__:验证的best_acc:0.8679
INFO:__main__:----------------------------------------------------------------------------------------------------
INFO:__main__:
【train】epoch:56/150 loss:0.1255 acc:0.9483
INFO:__main__:
【val】epoch:56/150 loss:0.4827 acc:0.8509
INFO:__main__:
【Val】:  SENS: 0.8517  SPEC: 0.8501  PPV: 0.8232  NPV: 0.8750 F1:0.8372
INFO:__main__:验证的best_acc:0.8679
INFO:__main__:----------------------------------------------------------------------------------------------------
INFO:__main__:
【train】epoch:57/150 loss:0.1183 acc:0.9511
INFO:__main__:
【val】epoch:57/150 loss:0.4990 acc:0.8551
INFO:__main__:
【Val】:  SENS: 0.8517  SPEC: 0.8579  PPV: 0.8308  NPV: 0.8760 F1:0.8411
INFO:__main__:验证的best_acc:0.8679
INFO:__main__:----------------------------------------------------------------------------------------------------
INFO:__main__:
【train】epoch:58/150 loss:0.1179 acc:0.9558
INFO:__main__:
【val】epoch:58/150 loss:0.4949 acc:0.8778
INFO:__main__:
【Val】:  SENS: 0.8896  SPEC: 0.8682  PPV: 0.8468  NPV: 0.9057 F1:0.8677
INFO:__main__:验证的best_acc:0.8778
INFO:__main__:----------------------------------------------------------------------------------------------------
INFO:__main__:
【train】epoch:59/150 loss:0.1109 acc:0.9543
INFO:__main__:
【val】epoch:59/150 loss:0.5096 acc:0.8636
INFO:__main__:
【Val】:  SENS: 0.8770  SPEC: 0.8527  PPV: 0.8299  NPV: 0.8943 F1:0.8528
INFO:__main__:验证的best_acc:0.8778
INFO:__main__:----------------------------------------------------------------------------------------------------
INFO:__main__:
【train】epoch:60/150 loss:0.1073 acc:0.9555
INFO:__main__:
【val】epoch:60/150 loss:0.5710 acc:0.8494
INFO:__main__:
【Val】:  SENS: 0.8896  SPEC: 0.8165  PPV: 0.7989  NPV: 0.9003 F1:0.8418
INFO:__main__:验证的best_acc:0.8778
INFO:__main__:----------------------------------------------------------------------------------------------------
INFO:__main__:
【train】epoch:61/150 loss:0.0981 acc:0.9598
INFO:__main__:
【val】epoch:61/150 loss:0.4886 acc:0.8651
INFO:__main__:
【Val】:  SENS: 0.8233  SPEC: 0.8992  PPV: 0.8700  NPV: 0.8614 F1:0.8460
INFO:__main__:验证的best_acc:0.8778
INFO:__main__:----------------------------------------------------------------------------------------------------
INFO:__main__:
【train】epoch:62/150 loss:0.1143 acc:0.9571
INFO:__main__:
【val】epoch:62/150 loss:0.4758 acc:0.8551
INFO:__main__:
【Val】:  SENS: 0.8013  SPEC: 0.8992  PPV: 0.8669  NPV: 0.8467 F1:0.8328
INFO:__main__:验证的best_acc:0.8778
INFO:__main__:----------------------------------------------------------------------------------------------------
INFO:__main__:
【train】epoch:63/150 loss:0.1052 acc:0.9607
INFO:__main__:
【val】epoch:63/150 loss:0.5317 acc:0.8523
INFO:__main__:
【Val】:  SENS: 0.8896  SPEC: 0.8217  PPV: 0.8034  NPV: 0.9008 F1:0.8443
INFO:__main__:验证的best_acc:0.8778
INFO:__main__:----------------------------------------------------------------------------------------------------
INFO:__main__:
【train】epoch:64/150 loss:0.1065 acc:0.9584
INFO:__main__:
【val】epoch:64/150 loss:0.4818 acc:0.8523
INFO:__main__:
【Val】:  SENS: 0.7918  SPEC: 0.9018  PPV: 0.8685  NPV: 0.8410 F1:0.8284
INFO:__main__:验证的best_acc:0.8778
INFO:__main__:----------------------------------------------------------------------------------------------------
INFO:__main__:
【train】epoch:65/150 loss:0.0990 acc:0.9616
INFO:__main__:
【val】epoch:65/150 loss:0.5143 acc:0.8722
INFO:__main__:
【Val】:  SENS: 0.8517  SPEC: 0.8889  PPV: 0.8626  NPV: 0.8798 F1:0.8571
INFO:__main__:验证的best_acc:0.8778
INFO:__main__:----------------------------------------------------------------------------------------------------
INFO:__main__:
【train】epoch:66/150 loss:0.1009 acc:0.9593
INFO:__main__:
【val】epoch:66/150 loss:0.4552 acc:0.8736
INFO:__main__:
【Val】:  SENS: 0.8675  SPEC: 0.8786  PPV: 0.8540  NPV: 0.8901 F1:0.8607
INFO:__main__:验证的best_acc:0.8778
INFO:__main__:----------------------------------------------------------------------------------------------------
INFO:__main__:
【train】epoch:67/150 loss:0.0985 acc:0.9639
INFO:__main__:
【val】epoch:67/150 loss:0.4975 acc:0.8665
INFO:__main__:
【Val】:  SENS: 0.8801  SPEC: 0.8553  PPV: 0.8328  NPV: 0.8970 F1:0.8558
INFO:__main__:验证的best_acc:0.8778
INFO:__main__:----------------------------------------------------------------------------------------------------
INFO:__main__:
【train】epoch:68/150 loss:0.0920 acc:0.9633
INFO:__main__:
【val】epoch:68/150 loss:0.5216 acc:0.8438
INFO:__main__:
【Val】:  SENS: 0.8044  SPEC: 0.8760  PPV: 0.8416  NPV: 0.8454 F1:0.8226
INFO:__main__:验证的best_acc:0.8778
INFO:__main__:----------------------------------------------------------------------------------------------------
INFO:__main__:
【train】epoch:69/150 loss:0.0881 acc:0.9649
INFO:__main__:
【val】epoch:69/150 loss:0.5785 acc:0.8551
INFO:__main__:
【Val】:  SENS: 0.8549  SPEC: 0.8553  PPV: 0.8287  NPV: 0.8780 F1:0.8416
INFO:__main__:验证的best_acc:0.8778
INFO:__main__:----------------------------------------------------------------------------------------------------
INFO:__main__:
【train】epoch:70/150 loss:0.0893 acc:0.9661
INFO:__main__:
【val】epoch:70/150 loss:0.5131 acc:0.8622
INFO:__main__:
【Val】:  SENS: 0.8644  SPEC: 0.8605  PPV: 0.8354  NPV: 0.8856 F1:0.8496
INFO:__main__:验证的best_acc:0.8778
INFO:__main__:----------------------------------------------------------------------------------------------------
INFO:__main__:
【train】epoch:71/150 loss:0.0858 acc:0.9684
INFO:__main__:
【val】epoch:71/150 loss:0.4981 acc:0.8537
INFO:__main__:
【Val】:  SENS: 0.8644  SPEC: 0.8450  PPV: 0.8204  NPV: 0.8838 F1:0.8418
INFO:__main__:验证的best_acc:0.8778
INFO:__main__:----------------------------------------------------------------------------------------------------
INFO:__main__:
【train】epoch:72/150 loss:0.0820 acc:0.9672
INFO:__main__:
【val】epoch:72/150 loss:0.5949 acc:0.8622
INFO:__main__:
【Val】:  SENS: 0.8833  SPEC: 0.8450  PPV: 0.8235  NPV: 0.8984 F1:0.8524
INFO:__main__:验证的best_acc:0.8778
INFO:__main__:----------------------------------------------------------------------------------------------------
INFO:__main__:
【train】epoch:73/150 loss:0.0818 acc:0.9684
INFO:__main__:
【val】epoch:73/150 loss:0.5751 acc:0.8693
INFO:__main__:
【Val】:  SENS: 0.9117  SPEC: 0.8346  PPV: 0.8187  NPV: 0.9202 F1:0.8627
INFO:__main__:验证的best_acc:0.8778
INFO:__main__:----------------------------------------------------------------------------------------------------
INFO:__main__:
【train】epoch:74/150 loss:0.0797 acc:0.9691
INFO:__main__:
【val】epoch:74/150 loss:0.5661 acc:0.8636
INFO:__main__:
【Val】:  SENS: 0.8612  SPEC: 0.8656  PPV: 0.8400  NPV: 0.8839 F1:0.8505
INFO:__main__:验证的best_acc:0.8778
INFO:__main__:----------------------------------------------------------------------------------------------------
INFO:__main__:
【train】epoch:75/150 loss:0.0857 acc:0.9660
INFO:__main__:
【val】epoch:75/150 loss:0.5482 acc:0.8693
INFO:__main__:
【Val】:  SENS: 0.8927  SPEC: 0.8501  PPV: 0.8299  NPV: 0.9063 F1:0.8602
INFO:__main__:验证的best_acc:0.8778
INFO:__main__:----------------------------------------------------------------------------------------------------
INFO:__main__:
【train】epoch:76/150 loss:0.0842 acc:0.9686
INFO:__main__:
【val】epoch:76/150 loss:0.4594 acc:0.8793
INFO:__main__:
【Val】:  SENS: 0.8549  SPEC: 0.8992  PPV: 0.8742  NPV: 0.8832 F1:0.8644
INFO:__main__:验证的best_acc:0.8793
INFO:__main__:----------------------------------------------------------------------------------------------------
INFO:__main__:
【train】epoch:77/150 loss:0.0799 acc:0.9686
INFO:__main__:
【val】epoch:77/150 loss:0.6037 acc:0.8665
INFO:__main__:
【Val】:  SENS: 0.8896  SPEC: 0.8475  PPV: 0.8270  NPV: 0.9036 F1:0.8571
INFO:__main__:验证的best_acc:0.8793
INFO:__main__:----------------------------------------------------------------------------------------------------
INFO:__main__:
【train】epoch:78/150 loss:0.0827 acc:0.9688
INFO:__main__:
【val】epoch:78/150 loss:0.5385 acc:0.8608
INFO:__main__:
【Val】:  SENS: 0.8297  SPEC: 0.8863  PPV: 0.8567  NPV: 0.8640 F1:0.8429
INFO:__main__:验证的best_acc:0.8793
INFO:__main__:----------------------------------------------------------------------------------------------------
INFO:__main__:
【train】epoch:79/150 loss:0.0796 acc:0.9721
INFO:__main__:
【val】epoch:79/150 loss:0.5756 acc:0.8636
INFO:__main__:
【Val】:  SENS: 0.8675  SPEC: 0.8605  PPV: 0.8359  NPV: 0.8880 F1:0.8514
INFO:__main__:验证的best_acc:0.8793
INFO:__main__:----------------------------------------------------------------------------------------------------
INFO:__main__:
【train】epoch:80/150 loss:0.0692 acc:0.9735
INFO:__main__:
【val】epoch:80/150 loss:0.6578 acc:0.8622
INFO:__main__:
【Val】:  SENS: 0.9085  SPEC: 0.8243  PPV: 0.8090  NPV: 0.9167 F1:0.8559
INFO:__main__:验证的best_acc:0.8793
INFO:__main__:----------------------------------------------------------------------------------------------------
INFO:__main__:
【train】epoch:81/150 loss:0.0710 acc:0.9726
INFO:__main__:
【val】epoch:81/150 loss:0.5713 acc:0.8580
INFO:__main__:
【Val】:  SENS: 0.8202  SPEC: 0.8889  PPV: 0.8581  NPV: 0.8579 F1:0.8387
INFO:__main__:验证的best_acc:0.8793
INFO:__main__:----------------------------------------------------------------------------------------------------
INFO:__main__:
【train】epoch:82/150 loss:0.0661 acc:0.9740
INFO:__main__:
【val】epoch:82/150 loss:0.5982 acc:0.8537
INFO:__main__:
【Val】:  SENS: 0.8360  SPEC: 0.8682  PPV: 0.8386  NPV: 0.8660 F1:0.8373
INFO:__main__:验证的best_acc:0.8793
INFO:__main__:----------------------------------------------------------------------------------------------------
INFO:__main__:
【train】epoch:83/150 loss:0.0687 acc:0.9728
INFO:__main__:
【val】epoch:83/150 loss:0.5866 acc:0.8480
INFO:__main__:
【Val】:  SENS: 0.8265  SPEC: 0.8656  PPV: 0.8344  NPV: 0.8590 F1:0.8304
INFO:__main__:验证的best_acc:0.8793
INFO:__main__:----------------------------------------------------------------------------------------------------
INFO:__main__:
【train】epoch:84/150 loss:0.0645 acc:0.9747
INFO:__main__:
【val】epoch:84/150 loss:0.6709 acc:0.8523
INFO:__main__:
【Val】:  SENS: 0.8770  SPEC: 0.8320  PPV: 0.8105  NPV: 0.8920 F1:0.8424
INFO:__main__:验证的best_acc:0.8793
INFO:__main__:----------------------------------------------------------------------------------------------------
INFO:__main__:
【train】epoch:85/150 loss:0.0671 acc:0.9731
INFO:__main__:
【val】epoch:85/150 loss:0.6365 acc:0.8523
INFO:__main__:
【Val】:  SENS: 0.8233  SPEC: 0.8760  PPV: 0.8447  NPV: 0.8582 F1:0.8339
INFO:__main__:验证的best_acc:0.8793
INFO:__main__:----------------------------------------------------------------------------------------------------
INFO:__main__:
【train】epoch:86/150 loss:0.0749 acc:0.9700
INFO:__main__:
【val】epoch:86/150 loss:0.6036 acc:0.8665
INFO:__main__:
【Val】:  SENS: 0.8612  SPEC: 0.8708  PPV: 0.8452  NPV: 0.8845 F1:0.8531
INFO:__main__:验证的best_acc:0.8793
INFO:__main__:----------------------------------------------------------------------------------------------------
INFO:__main__:
【train】epoch:87/150 loss:0.0632 acc:0.9778
INFO:__main__:
【val】epoch:87/150 loss:0.6023 acc:0.8537
INFO:__main__:
【Val】:  SENS: 0.8360  SPEC: 0.8682  PPV: 0.8386  NPV: 0.8660 F1:0.8373
INFO:__main__:验证的best_acc:0.8793
INFO:__main__:----------------------------------------------------------------------------------------------------
INFO:__main__:
【train】epoch:88/150 loss:0.0692 acc:0.9705
INFO:__main__:
【val】epoch:88/150 loss:0.5471 acc:0.8693
INFO:__main__:
【Val】:  SENS: 0.8517  SPEC: 0.8837  PPV: 0.8571  NPV: 0.8792 F1:0.8544
INFO:__main__:验证的best_acc:0.8793
INFO:__main__:----------------------------------------------------------------------------------------------------
INFO:__main__:
【train】epoch:89/150 loss:0.0664 acc:0.9729
INFO:__main__:
【val】epoch:89/150 loss:0.5678 acc:0.8580
INFO:__main__:
【Val】:  SENS: 0.8644  SPEC: 0.8527  PPV: 0.8278  NPV: 0.8847 F1:0.8457
INFO:__main__:验证的best_acc:0.8793
INFO:__main__:----------------------------------------------------------------------------------------------------
INFO:__main__:
【train】epoch:90/150 loss:0.0637 acc:0.9752
INFO:__main__:
【val】epoch:90/150 loss:0.5636 acc:0.8636
INFO:__main__:
【Val】:  SENS: 0.8675  SPEC: 0.8605  PPV: 0.8359  NPV: 0.8880 F1:0.8514
INFO:__main__:验证的best_acc:0.8793
INFO:__main__:----------------------------------------------------------------------------------------------------
INFO:__main__:
【train】epoch:91/150 loss:0.0609 acc:0.9761
INFO:__main__:
【val】epoch:91/150 loss:0.5784 acc:0.8679
INFO:__main__:
【Val】:  SENS: 0.8612  SPEC: 0.8734  PPV: 0.8478  NPV: 0.8848 F1:0.8545
INFO:__main__:验证的best_acc:0.8793
INFO:__main__:----------------------------------------------------------------------------------------------------
INFO:__main__:
【train】epoch:92/150 loss:0.0562 acc:0.9784
INFO:__main__:
【val】epoch:92/150 loss:0.6371 acc:0.8594
INFO:__main__:
【Val】:  SENS: 0.8738  SPEC: 0.8475  PPV: 0.8244  NPV: 0.8913 F1:0.8484
INFO:__main__:验证的best_acc:0.8793
INFO:__main__:----------------------------------------------------------------------------------------------------
INFO:__main__:
【train】epoch:93/150 loss:0.0585 acc:0.9789
INFO:__main__:
【val】epoch:93/150 loss:0.6507 acc:0.8594
INFO:__main__:
【Val】:  SENS: 0.8644  SPEC: 0.8553  PPV: 0.8303  NPV: 0.8850 F1:0.8470
INFO:__main__:验证的best_acc:0.8793
INFO:__main__:----------------------------------------------------------------------------------------------------
INFO:__main__:
【train】epoch:94/150 loss:0.0625 acc:0.9757
INFO:__main__:
【val】epoch:94/150 loss:0.6052 acc:0.8608
INFO:__main__:
【Val】:  SENS: 0.8612  SPEC: 0.8605  PPV: 0.8349  NPV: 0.8833 F1:0.8478
INFO:__main__:验证的best_acc:0.8793
INFO:__main__:----------------------------------------------------------------------------------------------------
INFO:__main__:
【train】epoch:95/150 loss:0.0603 acc:0.9763
INFO:__main__:
【val】epoch:95/150 loss:0.6037 acc:0.8622
INFO:__main__:
【Val】:  SENS: 0.8612  SPEC: 0.8630  PPV: 0.8374  NPV: 0.8836 F1:0.8491
INFO:__main__:验证的best_acc:0.8793
INFO:__main__:----------------------------------------------------------------------------------------------------
INFO:__main__:
【train】epoch:96/150 loss:0.0566 acc:0.9801
INFO:__main__:
【val】epoch:96/150 loss:0.6079 acc:0.8764
INFO:__main__:
【Val】:  SENS: 0.9054  SPEC: 0.8527  PPV: 0.8343  NPV: 0.9167 F1:0.8684
INFO:__main__:验证的best_acc:0.8793
INFO:__main__:----------------------------------------------------------------------------------------------------
INFO:__main__:
【train】epoch:97/150 loss:0.0530 acc:0.9799
INFO:__main__:
【val】epoch:97/150 loss:0.6219 acc:0.8665
INFO:__main__:
【Val】:  SENS: 0.8707  SPEC: 0.8630  PPV: 0.8389  NPV: 0.8907 F1:0.8545
INFO:__main__:验证的best_acc:0.8793
INFO:__main__:----------------------------------------------------------------------------------------------------
INFO:__main__:
【train】epoch:98/150 loss:0.0545 acc:0.9789
INFO:__main__:
【val】epoch:98/150 loss:0.5655 acc:0.8778
INFO:__main__:
【Val】:  SENS: 0.8454  SPEC: 0.9044  PPV: 0.8787  NPV: 0.8772 F1:0.8617
INFO:__main__:验证的best_acc:0.8793
INFO:__main__:----------------------------------------------------------------------------------------------------
INFO:__main__:
【train】epoch:99/150 loss:0.0588 acc:0.9778
INFO:__main__:
【val】epoch:99/150 loss:0.6212 acc:0.8693
INFO:__main__:
【Val】:  SENS: 0.8864  SPEC: 0.8553  PPV: 0.8338  NPV: 0.9019 F1:0.8593
INFO:__main__:验证的best_acc:0.8793
INFO:__main__:----------------------------------------------------------------------------------------------------
INFO:__main__:
【train】epoch:100/150 loss:0.0571 acc:0.9770
INFO:__main__:
【val】epoch:100/150 loss:0.5663 acc:0.8679
INFO:__main__:
【Val】:  SENS: 0.8423  SPEC: 0.8889  PPV: 0.8613  NPV: 0.8731 F1:0.8517
INFO:__main__:验证的best_acc:0.8793
INFO:__main__:----------------------------------------------------------------------------------------------------
INFO:__main__:
【train】epoch:101/150 loss:0.0443 acc:0.9817
INFO:__main__:
【val】epoch:101/150 loss:0.6057 acc:0.8651
INFO:__main__:
【Val】:  SENS: 0.8580  SPEC: 0.8708  PPV: 0.8447  NPV: 0.8822 F1:0.8513
INFO:__main__:验证的best_acc:0.8793
INFO:__main__:----------------------------------------------------------------------------------------------------
INFO:__main__:
【train】epoch:102/150 loss:0.0384 acc:0.9855
INFO:__main__:
【val】epoch:102/150 loss:0.6178 acc:0.8679
INFO:__main__:
【Val】:  SENS: 0.8517  SPEC: 0.8811  PPV: 0.8544  NPV: 0.8789 F1:0.8531
INFO:__main__:验证的best_acc:0.8793
INFO:__main__:----------------------------------------------------------------------------------------------------
INFO:__main__:
【train】epoch:103/150 loss:0.0550 acc:0.9792
INFO:__main__:
【val】epoch:103/150 loss:0.6282 acc:0.8722
INFO:__main__:
【Val】:  SENS: 0.8833  SPEC: 0.8630  PPV: 0.8408  NPV: 0.9003 F1:0.8615
INFO:__main__:验证的best_acc:0.8793
INFO:__main__:----------------------------------------------------------------------------------------------------
INFO:__main__:
【train】epoch:104/150 loss:0.0453 acc:0.9824
INFO:__main__:
【val】epoch:104/150 loss:0.6295 acc:0.8580
INFO:__main__:
【Val】:  SENS: 0.8391  SPEC: 0.8734  PPV: 0.8444  NPV: 0.8689 F1:0.8418
INFO:__main__:验证的best_acc:0.8793
INFO:__main__:----------------------------------------------------------------------------------------------------
INFO:__main__:
【train】epoch:105/150 loss:0.0435 acc:0.9822
INFO:__main__:
【val】epoch:105/150 loss:0.6701 acc:0.8651
INFO:__main__:
【Val】:  SENS: 0.8707  SPEC: 0.8605  PPV: 0.8364  NPV: 0.8904 F1:0.8532
INFO:__main__:验证的best_acc:0.8793
INFO:__main__:----------------------------------------------------------------------------------------------------
INFO:__main__:
【train】epoch:106/150 loss:0.0432 acc:0.9829
INFO:__main__:
【val】epoch:106/150 loss:0.7061 acc:0.8651
INFO:__main__:
【Val】:  SENS: 0.8864  SPEC: 0.8475  PPV: 0.8265  NPV: 0.9011 F1:0.8554
INFO:__main__:验证的best_acc:0.8793
INFO:__main__:----------------------------------------------------------------------------------------------------
INFO:__main__:
【train】epoch:107/150 loss:0.0516 acc:0.9813
INFO:__main__:
【val】epoch:107/150 loss:0.6327 acc:0.8679
INFO:__main__:
【Val】:  SENS: 0.8644  SPEC: 0.8708  PPV: 0.8457  NPV: 0.8868 F1:0.8549
INFO:__main__:验证的best_acc:0.8793
INFO:__main__:----------------------------------------------------------------------------------------------------
INFO:__main__:
【train】epoch:108/150 loss:0.0414 acc:0.9850
INFO:__main__:
【val】epoch:108/150 loss:0.6278 acc:0.8750
INFO:__main__:
【Val】:  SENS: 0.8833  SPEC: 0.8682  PPV: 0.8459  NPV: 0.9008 F1:0.8642
INFO:__main__:验证的best_acc:0.8793
INFO:__main__:----------------------------------------------------------------------------------------------------
INFO:__main__:
【train】epoch:109/150 loss:0.0381 acc:0.9860
INFO:__main__:
【val】epoch:109/150 loss:0.6461 acc:0.8736
INFO:__main__:
【Val】:  SENS: 0.8675  SPEC: 0.8786  PPV: 0.8540  NPV: 0.8901 F1:0.8607
INFO:__main__:验证的best_acc:0.8793
INFO:__main__:----------------------------------------------------------------------------------------------------
INFO:__main__:
【train】epoch:110/150 loss:0.0358 acc:0.9867
INFO:__main__:
【val】epoch:110/150 loss:0.6868 acc:0.8707
INFO:__main__:
【Val】:  SENS: 0.8549  SPEC: 0.8837  PPV: 0.8576  NPV: 0.8814 F1:0.8562
INFO:__main__:验证的best_acc:0.8793
INFO:__main__:----------------------------------------------------------------------------------------------------
INFO:__main__:
【train】epoch:111/150 loss:0.0450 acc:0.9843
INFO:__main__:
【val】epoch:111/150 loss:0.7061 acc:0.8693
INFO:__main__:
【Val】:  SENS: 0.8801  SPEC: 0.8605  PPV: 0.8378  NPV: 0.8976 F1:0.8585
INFO:__main__:验证的best_acc:0.8793
INFO:__main__:----------------------------------------------------------------------------------------------------
INFO:__main__:
【train】epoch:112/150 loss:0.0380 acc:0.9860
INFO:__main__:
【val】epoch:112/150 loss:0.6913 acc:0.8651
INFO:__main__:
【Val】:  SENS: 0.8612  SPEC: 0.8682  PPV: 0.8426  NPV: 0.8842 F1:0.8518
INFO:__main__:验证的best_acc:0.8793
INFO:__main__:----------------------------------------------------------------------------------------------------
INFO:__main__:
【train】epoch:113/150 loss:0.0359 acc:0.9864
INFO:__main__:
【val】epoch:113/150 loss:0.6602 acc:0.8693
INFO:__main__:
【Val】:  SENS: 0.8612  SPEC: 0.8760  PPV: 0.8505  NPV: 0.8851 F1:0.8558
INFO:__main__:验证的best_acc:0.8793
INFO:__main__:----------------------------------------------------------------------------------------------------
INFO:__main__:
【train】epoch:114/150 loss:0.0357 acc:0.9855
INFO:__main__:
【val】epoch:114/150 loss:0.7173 acc:0.8651
INFO:__main__:
【Val】:  SENS: 0.8770  SPEC: 0.8553  PPV: 0.8323  NPV: 0.8946 F1:0.8541
INFO:__main__:验证的best_acc:0.8793
INFO:__main__:----------------------------------------------------------------------------------------------------
INFO:__main__:
【train】epoch:115/150 loss:0.0386 acc:0.9864
INFO:__main__:
【val】epoch:115/150 loss:0.7616 acc:0.8537
INFO:__main__:
【Val】:  SENS: 0.8675  SPEC: 0.8424  PPV: 0.8185  NPV: 0.8859 F1:0.8423
INFO:__main__:验证的best_acc:0.8793
INFO:__main__:----------------------------------------------------------------------------------------------------
INFO:__main__:
【train】epoch:116/150 loss:0.0368 acc:0.9876
INFO:__main__:
【val】epoch:116/150 loss:0.6979 acc:0.8565
INFO:__main__:
【Val】:  SENS: 0.8486  SPEC: 0.8630  PPV: 0.8354  NPV: 0.8743 F1:0.8419
INFO:__main__:验证的best_acc:0.8793
INFO:__main__:----------------------------------------------------------------------------------------------------
INFO:__main__:
【train】epoch:117/150 loss:0.0354 acc:0.9871
INFO:__main__:
【val】epoch:117/150 loss:0.7152 acc:0.8622
INFO:__main__:
【Val】:  SENS: 0.8738  SPEC: 0.8527  PPV: 0.8293  NPV: 0.8919 F1:0.8510
INFO:__main__:验证的best_acc:0.8793
INFO:__main__:----------------------------------------------------------------------------------------------------
INFO:__main__:
【train】epoch:118/150 loss:0.0339 acc:0.9876
INFO:__main__:
【val】epoch:118/150 loss:0.6883 acc:0.8693
INFO:__main__:
【Val】:  SENS: 0.8549  SPEC: 0.8811  PPV: 0.8549  NPV: 0.8811 F1:0.8549
INFO:__main__:验证的best_acc:0.8793
INFO:__main__:----------------------------------------------------------------------------------------------------
INFO:__main__:
【train】epoch:119/150 loss:0.0296 acc:0.9881
INFO:__main__:
【val】epoch:119/150 loss:0.7234 acc:0.8722
INFO:__main__:
【Val】:  SENS: 0.8770  SPEC: 0.8682  PPV: 0.8450  NPV: 0.8960 F1:0.8607
INFO:__main__:验证的best_acc:0.8793
INFO:__main__:----------------------------------------------------------------------------------------------------
INFO:__main__:
【train】epoch:120/150 loss:0.0286 acc:0.9904
INFO:__main__:
【val】epoch:120/150 loss:0.7399 acc:0.8636
INFO:__main__:
【Val】:  SENS: 0.8517  SPEC: 0.8734  PPV: 0.8464  NPV: 0.8779 F1:0.8491
INFO:__main__:验证的best_acc:0.8793
INFO:__main__:----------------------------------------------------------------------------------------------------
INFO:__main__:
【train】epoch:121/150 loss:0.0277 acc:0.9904
INFO:__main__:
【val】epoch:121/150 loss:0.7704 acc:0.8636
INFO:__main__:
【Val】:  SENS: 0.8612  SPEC: 0.8656  PPV: 0.8400  NPV: 0.8839 F1:0.8505
INFO:__main__:验证的best_acc:0.8793
INFO:__main__:----------------------------------------------------------------------------------------------------
INFO:__main__:
【train】epoch:122/150 loss:0.0322 acc:0.9876
INFO:__main__:
【val】epoch:122/150 loss:0.7278 acc:0.8679
INFO:__main__:
【Val】:  SENS: 0.8738  SPEC: 0.8630  PPV: 0.8394  NPV: 0.8930 F1:0.8563
INFO:__main__:验证的best_acc:0.8793
INFO:__main__:----------------------------------------------------------------------------------------------------
INFO:__main__:
【train】epoch:123/150 loss:0.0360 acc:0.9881
INFO:__main__:
【val】epoch:123/150 loss:0.7202 acc:0.8707
INFO:__main__:
【Val】:  SENS: 0.8517  SPEC: 0.8863  PPV: 0.8599  NPV: 0.8795 F1:0.8558
INFO:__main__:验证的best_acc:0.8793
INFO:__main__:----------------------------------------------------------------------------------------------------
INFO:__main__:
【train】epoch:124/150 loss:0.0290 acc:0.9897
INFO:__main__:
【val】epoch:124/150 loss:0.6893 acc:0.8778
INFO:__main__:
【Val】:  SENS: 0.8864  SPEC: 0.8708  PPV: 0.8489  NPV: 0.9035 F1:0.8673
INFO:__main__:验证的best_acc:0.8793
INFO:__main__:----------------------------------------------------------------------------------------------------
INFO:__main__:
【train】epoch:125/150 loss:0.0331 acc:0.9880
INFO:__main__:
【val】epoch:125/150 loss:0.7568 acc:0.8636
INFO:__main__:
【Val】:  SENS: 0.8549  SPEC: 0.8708  PPV: 0.8442  NPV: 0.8799 F1:0.8495
INFO:__main__:验证的best_acc:0.8793
INFO:__main__:----------------------------------------------------------------------------------------------------
INFO:__main__:
【train】epoch:126/150 loss:0.0338 acc:0.9862
INFO:__main__:
【val】epoch:126/150 loss:0.7454 acc:0.8679
INFO:__main__:
【Val】:  SENS: 0.8549  SPEC: 0.8786  PPV: 0.8522  NPV: 0.8808 F1:0.8535
INFO:__main__:验证的best_acc:0.8793
INFO:__main__:----------------------------------------------------------------------------------------------------
INFO:__main__:
【train】epoch:127/150 loss:0.0368 acc:0.9853
INFO:__main__:
【val】epoch:127/150 loss:0.7861 acc:0.8608
INFO:__main__:
【Val】:  SENS: 0.8738  SPEC: 0.8501  PPV: 0.8269  NPV: 0.8916 F1:0.8497
INFO:__main__:验证的best_acc:0.8793
INFO:__main__:----------------------------------------------------------------------------------------------------
INFO:__main__:
【train】epoch:128/150 loss:0.0311 acc:0.9880
INFO:__main__:
【val】epoch:128/150 loss:0.7786 acc:0.8608
INFO:__main__:
【Val】:  SENS: 0.8612  SPEC: 0.8605  PPV: 0.8349  NPV: 0.8833 F1:0.8478
INFO:__main__:验证的best_acc:0.8793
INFO:__main__:----------------------------------------------------------------------------------------------------
INFO:__main__:
【train】epoch:129/150 loss:0.0286 acc:0.9902
INFO:__main__:
【val】epoch:129/150 loss:0.7497 acc:0.8608
INFO:__main__:
【Val】:  SENS: 0.8549  SPEC: 0.8656  PPV: 0.8390  NPV: 0.8793 F1:0.8469
INFO:__main__:验证的best_acc:0.8793
INFO:__main__:----------------------------------------------------------------------------------------------------
INFO:__main__:
【train】epoch:130/150 loss:0.0290 acc:0.9880
INFO:__main__:
【val】epoch:130/150 loss:0.7429 acc:0.8636
INFO:__main__:
【Val】:  SENS: 0.8707  SPEC: 0.8579  PPV: 0.8338  NPV: 0.8901 F1:0.8519
INFO:__main__:验证的best_acc:0.8793
INFO:__main__:----------------------------------------------------------------------------------------------------
INFO:__main__:
【train】epoch:131/150 loss:0.0243 acc:0.9914
INFO:__main__:
【val】epoch:131/150 loss:0.7454 acc:0.8693
INFO:__main__:
【Val】:  SENS: 0.8644  SPEC: 0.8734  PPV: 0.8483  NPV: 0.8871 F1:0.8562
INFO:__main__:验证的best_acc:0.8793
INFO:__main__:----------------------------------------------------------------------------------------------------
INFO:__main__:
【train】epoch:132/150 loss:0.0322 acc:0.9888
INFO:__main__:
【val】epoch:132/150 loss:0.6966 acc:0.8707
INFO:__main__:
【Val】:  SENS: 0.8675  SPEC: 0.8734  PPV: 0.8488  NPV: 0.8895 F1:0.8580
INFO:__main__:验证的best_acc:0.8793
INFO:__main__:----------------------------------------------------------------------------------------------------
INFO:__main__:
【train】epoch:133/150 loss:0.0231 acc:0.9921
INFO:__main__:
【val】epoch:133/150 loss:0.7345 acc:0.8608
INFO:__main__:
【Val】:  SENS: 0.8486  SPEC: 0.8708  PPV: 0.8433  NPV: 0.8753 F1:0.8459
INFO:__main__:验证的best_acc:0.8793
INFO:__main__:----------------------------------------------------------------------------------------------------
INFO:__main__:
【train】epoch:134/150 loss:0.0253 acc:0.9902
INFO:__main__:
【val】epoch:134/150 loss:0.7819 acc:0.8494
INFO:__main__:
【Val】:  SENS: 0.8328  SPEC: 0.8630  PPV: 0.8328  NPV: 0.8630 F1:0.8328
INFO:__main__:验证的best_acc:0.8793
INFO:__main__:----------------------------------------------------------------------------------------------------
INFO:__main__:
【train】epoch:135/150 loss:0.0281 acc:0.9895
INFO:__main__:
【val】epoch:135/150 loss:0.7616 acc:0.8636
INFO:__main__:
【Val】:  SENS: 0.8675  SPEC: 0.8605  PPV: 0.8359  NPV: 0.8880 F1:0.8514
INFO:__main__:验证的best_acc:0.8793
INFO:__main__:----------------------------------------------------------------------------------------------------
INFO:__main__:
【train】epoch:136/150 loss:0.0278 acc:0.9894
INFO:__main__:
【val】epoch:136/150 loss:0.7508 acc:0.8693
INFO:__main__:
【Val】:  SENS: 0.8675  SPEC: 0.8708  PPV: 0.8462  NPV: 0.8892 F1:0.8567
INFO:__main__:验证的best_acc:0.8793
INFO:__main__:----------------------------------------------------------------------------------------------------
INFO:__main__:
【train】epoch:137/150 loss:0.0263 acc:0.9918
INFO:__main__:
【val】epoch:137/150 loss:0.7523 acc:0.8580
INFO:__main__:
【Val】:  SENS: 0.8486  SPEC: 0.8656  PPV: 0.8380  NPV: 0.8747 F1:0.8433
INFO:__main__:验证的best_acc:0.8793
INFO:__main__:----------------------------------------------------------------------------------------------------
INFO:__main__:
【train】epoch:138/150 loss:0.0312 acc:0.9890
INFO:__main__:
【val】epoch:138/150 loss:0.7768 acc:0.8679
INFO:__main__:
【Val】:  SENS: 0.8328  SPEC: 0.8966  PPV: 0.8684  NPV: 0.8675 F1:0.8502
INFO:__main__:验证的best_acc:0.8793
INFO:__main__:----------------------------------------------------------------------------------------------------
INFO:__main__:
【train】epoch:139/150 loss:0.0220 acc:0.9904
INFO:__main__:
【val】epoch:139/150 loss:0.7762 acc:0.8636
INFO:__main__:
【Val】:  SENS: 0.8612  SPEC: 0.8656  PPV: 0.8400  NPV: 0.8839 F1:0.8505
INFO:__main__:验证的best_acc:0.8793
INFO:__main__:----------------------------------------------------------------------------------------------------
INFO:__main__:
【train】epoch:140/150 loss:0.0211 acc:0.9925
INFO:__main__:
【val】epoch:140/150 loss:0.7803 acc:0.8651
INFO:__main__:
【Val】:  SENS: 0.8675  SPEC: 0.8630  PPV: 0.8384  NPV: 0.8883 F1:0.8527
INFO:__main__:验证的best_acc:0.8793
INFO:__main__:----------------------------------------------------------------------------------------------------
INFO:__main__:
【train】epoch:141/150 loss:0.0227 acc:0.9921
INFO:__main__:
【val】epoch:141/150 loss:0.7865 acc:0.8693
INFO:__main__:
【Val】:  SENS: 0.8770  SPEC: 0.8630  PPV: 0.8399  NPV: 0.8954 F1:0.8580
INFO:__main__:验证的best_acc:0.8793
INFO:__main__:----------------------------------------------------------------------------------------------------
INFO:__main__:
【train】epoch:142/150 loss:0.0213 acc:0.9921
INFO:__main__:
【val】epoch:142/150 loss:0.8055 acc:0.8580
INFO:__main__:
【Val】:  SENS: 0.8675  SPEC: 0.8501  PPV: 0.8258  NPV: 0.8868 F1:0.8462
INFO:__main__:验证的best_acc:0.8793
INFO:__main__:----------------------------------------------------------------------------------------------------
INFO:__main__:
【train】epoch:143/150 loss:0.0218 acc:0.9920
INFO:__main__:
【val】epoch:143/150 loss:0.7593 acc:0.8764
INFO:__main__:
【Val】:  SENS: 0.8864  SPEC: 0.8682  PPV: 0.8464  NPV: 0.9032 F1:0.8659
INFO:__main__:验证的best_acc:0.8793
INFO:__main__:----------------------------------------------------------------------------------------------------
INFO:__main__:
【train】epoch:144/150 loss:0.0230 acc:0.9904
INFO:__main__:
【val】epoch:144/150 loss:0.7625 acc:0.8665
INFO:__main__:
【Val】:  SENS: 0.8770  SPEC: 0.8579  PPV: 0.8348  NPV: 0.8949 F1:0.8554
INFO:__main__:验证的best_acc:0.8793
INFO:__main__:----------------------------------------------------------------------------------------------------
INFO:__main__:
【train】epoch:145/150 loss:0.0191 acc:0.9918
INFO:__main__:
【val】epoch:145/150 loss:0.7590 acc:0.8707
INFO:__main__:
【Val】:  SENS: 0.8864  SPEC: 0.8579  PPV: 0.8363  NPV: 0.9022 F1:0.8606
INFO:__main__:验证的best_acc:0.8793
INFO:__main__:----------------------------------------------------------------------------------------------------
INFO:__main__:
【train】epoch:146/150 loss:0.0218 acc:0.9913
INFO:__main__:
【val】epoch:146/150 loss:0.8023 acc:0.8693
INFO:__main__:
【Val】:  SENS: 0.8770  SPEC: 0.8630  PPV: 0.8399  NPV: 0.8954 F1:0.8580
INFO:__main__:验证的best_acc:0.8793
INFO:__main__:----------------------------------------------------------------------------------------------------
INFO:__main__:
【train】epoch:147/150 loss:0.0191 acc:0.9927
INFO:__main__:
【val】epoch:147/150 loss:0.8380 acc:0.8665
INFO:__main__:
【Val】:  SENS: 0.8959  SPEC: 0.8424  PPV: 0.8232  NPV: 0.9081 F1:0.8580
INFO:__main__:验证的best_acc:0.8793
INFO:__main__:----------------------------------------------------------------------------------------------------
INFO:__main__:
【train】epoch:148/150 loss:0.0201 acc:0.9928
INFO:__main__:
【val】epoch:148/150 loss:0.8313 acc:0.8622
INFO:__main__:
【Val】:  SENS: 0.8738  SPEC: 0.8527  PPV: 0.8293  NPV: 0.8919 F1:0.8510
INFO:__main__:验证的best_acc:0.8793
INFO:__main__:----------------------------------------------------------------------------------------------------
INFO:__main__:
【train】epoch:149/150 loss:0.0173 acc:0.9941
INFO:__main__:
【val】epoch:149/150 loss:0.8106 acc:0.8736
INFO:__main__:
【Val】:  SENS: 0.8801  SPEC: 0.8682  PPV: 0.8455  NPV: 0.8984 F1:0.8624
INFO:__main__:验证的best_acc:0.8793
INFO:__main__:----------------------------------------------------------------------------------------------------
INFO:__main__:****************************************************************************************************
INFO:__main__:Val_LOSS:['0.6044', '0.6956', '0.4570', '0.5455', '0.4141', '0.4037', '0.4185', '0.4502', '0.3973', '0.4200', '0.4214', '0.4116', '0.4007', '0.3711', '0.4255', '0.4370', '0.3887', '0.3911', '0.3780', '0.3604', '0.3708', '0.3811', '0.4060', '0.3784', '0.4022', '0.3796', '0.4119', '0.3822', '0.3787', '0.4563', '0.4077', '0.4082', '0.4372', '0.3639', '0.4079', '0.3683', '0.4485', '0.4453', '0.4388', '0.4135', '0.4490', '0.4978', '0.4731', '0.4191', '0.3715', '0.4904', '0.4327', '0.4610', '0.4636', '0.4406', '0.4388', '0.4576', '0.3630', '0.4367', '0.4170', '0.4438', '0.4827', '0.4990', '0.4949', '0.5096', '0.5710', '0.4886', '0.4758', '0.5317', '0.4818', '0.5143', '0.4552', '0.4975', '0.5216', '0.5785', '0.5131', '0.4981', '0.5949', '0.5751', '0.5661', '0.5482', '0.4594', '0.6037', '0.5385', '0.5756', '0.6578', '0.5713', '0.5982', '0.5866', '0.6709', '0.6365', '0.6036', '0.6023', '0.5471', '0.5678', '0.5636', '0.5784', '0.6371', '0.6507', '0.6052', '0.6037', '0.6079', '0.6219', '0.5655', '0.6212', '0.5663', '0.6057', '0.6178', '0.6282', '0.6295', '0.6701', '0.7061', '0.6327', '0.6278', '0.6461', '0.6868', '0.7061', '0.6913', '0.6602', '0.7173', '0.7616', '0.6979', '0.7152', '0.6883', '0.7234', '0.7399', '0.7704', '0.7278', '0.7202', '0.6893', '0.7568', '0.7454', '0.7861', '0.7786', '0.7497', '0.7429', '0.7454', '0.6966', '0.7345', '0.7819', '0.7616', '0.7508', '0.7523', '0.7768', '0.7762', '0.7803', '0.7865', '0.8055', '0.7593', '0.7625', '0.7590', '0.8023', '0.8380', '0.8313', '0.8106']
INFO:__main__:Val_ACC:['0.6875', '0.6193', '0.7770', '0.7372', '0.8040', '0.8153', '0.7969', '0.7898', '0.8168', '0.8082', '0.8168', '0.8168', '0.8139', '0.8239', '0.8253', '0.7926', '0.8182', '0.8267', '0.8281', '0.8409', '0.8395', '0.8494', '0.8366', '0.8366', '0.8509', '0.8494', '0.8438', '0.8438', '0.8338', '0.8253', '0.8295', '0.8438', '0.8551', '0.8423', '0.8409', '0.8438', '0.8366', '0.8310', '0.8253', '0.8466', '0.8452', '0.8466', '0.8494', '0.8466', '0.8622', '0.8452', '0.8494', '0.8438', '0.8395', '0.8636', '0.8679', '0.8509', '0.8679', '0.8665', '0.8565', '0.8679', '0.8509', '0.8551', '0.8778', '0.8636', '0.8494', '0.8651', '0.8551', '0.8523', '0.8523', '0.8722', '0.8736', '0.8665', '0.8438', '0.8551', '0.8622', '0.8537', '0.8622', '0.8693', '0.8636', '0.8693', '0.8793', '0.8665', '0.8608', '0.8636', '0.8622', '0.8580', '0.8537', '0.8480', '0.8523', '0.8523', '0.8665', '0.8537', '0.8693', '0.8580', '0.8636', '0.8679', '0.8594', '0.8594', '0.8608', '0.8622', '0.8764', '0.8665', '0.8778', '0.8693', '0.8679', '0.8651', '0.8679', '0.8722', '0.8580', '0.8651', '0.8651', '0.8679', '0.8750', '0.8736', '0.8707', '0.8693', '0.8651', '0.8693', '0.8651', '0.8537', '0.8565', '0.8622', '0.8693', '0.8722', '0.8636', '0.8636', '0.8679', '0.8707', '0.8778', '0.8636', '0.8679', '0.8608', '0.8608', '0.8608', '0.8636', '0.8693', '0.8707', '0.8608', '0.8494', '0.8636', '0.8693', '0.8580', '0.8679', '0.8636', '0.8651', '0.8693', '0.8580', '0.8764', '0.8665', '0.8707', '0.8693', '0.8665', '0.8622', '0.8736']
INFO:__main__:****************************************************************************************************
INFO:__main__: epoch0 测试test_Loss: 0.4761  test_ACC: 0.8790  
INFO:__main__:SENS: 0.8580 SPEC: 0.8965 PPV: 0.8738 NPV: 0.8831 F1:0.8659
INFO:__main__:test_Best_acc:0.8790
INFO:__main__:flops:2663936992.0  params:14150050.0
