INFO:__main__:
【train】epoch:0/120 loss:0.5767 acc:0.7015
INFO:__main__:
【val】epoch:0/120 loss:0.5389 acc:0.7094
INFO:__main__:
【Val】:  SENS: 0.6240  SPEC: 0.7641  PPV: 0.6290  NPV: 0.7602 F1:0.6265
INFO:__main__:验证的best_acc:0.7094
INFO:__main__:----------------------------------------------------------------------------------------------------
INFO:__main__:
【train】epoch:1/120 loss:0.5194 acc:0.7300
INFO:__main__:
【val】epoch:1/120 loss:0.5532 acc:0.7250
INFO:__main__:
【Val】:  SENS: 0.5360  SPEC: 0.8462  PPV: 0.6907  NPV: 0.7399 F1:0.6036
INFO:__main__:验证的best_acc:0.7250
INFO:__main__:----------------------------------------------------------------------------------------------------
INFO:__main__:
【train】epoch:2/120 loss:0.4952 acc:0.7632
INFO:__main__:
【val】epoch:2/120 loss:0.5393 acc:0.7125
INFO:__main__:
【Val】:  SENS: 0.5680  SPEC: 0.8051  PPV: 0.6514  NPV: 0.7441 F1:0.6068
INFO:__main__:验证的best_acc:0.7250
INFO:__main__:----------------------------------------------------------------------------------------------------
INFO:__main__:
【train】epoch:3/120 loss:0.4463 acc:0.7877
INFO:__main__:
【val】epoch:3/120 loss:0.4914 acc:0.7766
INFO:__main__:
【Val】:  SENS: 0.6800  SPEC: 0.8385  PPV: 0.7296  NPV: 0.8034 F1:0.7039
INFO:__main__:验证的best_acc:0.7766
INFO:__main__:----------------------------------------------------------------------------------------------------
INFO:__main__:
【train】epoch:4/120 loss:0.4053 acc:0.8222
INFO:__main__:
【val】epoch:4/120 loss:0.5149 acc:0.7922
INFO:__main__:
【Val】:  SENS: 0.5640  SPEC: 0.9385  PPV: 0.8545  NPV: 0.7705 F1:0.6795
INFO:__main__:验证的best_acc:0.7922
INFO:__main__:----------------------------------------------------------------------------------------------------
INFO:__main__:
【train】epoch:5/120 loss:0.3797 acc:0.8335
INFO:__main__:
【val】epoch:5/120 loss:0.4598 acc:0.8141
INFO:__main__:
【Val】:  SENS: 0.6360  SPEC: 0.9282  PPV: 0.8503  NPV: 0.7991 F1:0.7277
INFO:__main__:验证的best_acc:0.8141
INFO:__main__:----------------------------------------------------------------------------------------------------
INFO:__main__:
【train】epoch:6/120 loss:0.3397 acc:0.8562
INFO:__main__:
【val】epoch:6/120 loss:0.3545 acc:0.8500
INFO:__main__:
【Val】:  SENS: 0.7080  SPEC: 0.9410  PPV: 0.8850  NPV: 0.8341 F1:0.7867
INFO:__main__:验证的best_acc:0.8500
INFO:__main__:----------------------------------------------------------------------------------------------------
INFO:__main__:
【train】epoch:7/120 loss:0.3268 acc:0.8630
INFO:__main__:
【val】epoch:7/120 loss:0.3863 acc:0.8297
INFO:__main__:
【Val】:  SENS: 0.6520  SPEC: 0.9436  PPV: 0.8811  NPV: 0.8088 F1:0.7494
INFO:__main__:验证的best_acc:0.8500
INFO:__main__:----------------------------------------------------------------------------------------------------
INFO:__main__:
【train】epoch:8/120 loss:0.3105 acc:0.8701
INFO:__main__:
【val】epoch:8/120 loss:0.3200 acc:0.8562
INFO:__main__:
【Val】:  SENS: 0.7480  SPEC: 0.9256  PPV: 0.8657  NPV: 0.8514 F1:0.8026
INFO:__main__:验证的best_acc:0.8562
INFO:__main__:----------------------------------------------------------------------------------------------------
INFO:__main__:
【train】epoch:9/120 loss:0.2946 acc:0.8771
INFO:__main__:
【val】epoch:9/120 loss:0.3187 acc:0.8719
INFO:__main__:
【Val】:  SENS: 0.7600  SPEC: 0.9436  PPV: 0.8962  NPV: 0.8598 F1:0.8225
INFO:__main__:验证的best_acc:0.8719
INFO:__main__:----------------------------------------------------------------------------------------------------
INFO:__main__:
【train】epoch:10/120 loss:0.2794 acc:0.8884
INFO:__main__:
【val】epoch:10/120 loss:0.2682 acc:0.8953
INFO:__main__:
【Val】:  SENS: 0.8320  SPEC: 0.9359  PPV: 0.8927  NPV: 0.8968 F1:0.8613
INFO:__main__:验证的best_acc:0.8953
INFO:__main__:----------------------------------------------------------------------------------------------------
INFO:__main__:
【train】epoch:11/120 loss:0.2737 acc:0.8847
INFO:__main__:
【val】epoch:11/120 loss:0.3645 acc:0.8547
INFO:__main__:
【Val】:  SENS: 0.6680  SPEC: 0.9744  PPV: 0.9435  NPV: 0.8207 F1:0.7822
INFO:__main__:验证的best_acc:0.8953
INFO:__main__:----------------------------------------------------------------------------------------------------
INFO:__main__:
【train】epoch:12/120 loss:0.2700 acc:0.8913
INFO:__main__:
【val】epoch:12/120 loss:0.3345 acc:0.8766
INFO:__main__:
【Val】:  SENS: 0.7480  SPEC: 0.9590  PPV: 0.9212  NPV: 0.8558 F1:0.8256
INFO:__main__:验证的best_acc:0.8953
INFO:__main__:----------------------------------------------------------------------------------------------------
INFO:__main__:
【train】epoch:13/120 loss:0.2614 acc:0.8938
INFO:__main__:
【val】epoch:13/120 loss:0.3365 acc:0.8609
INFO:__main__:
【Val】:  SENS: 0.6800  SPEC: 0.9769  PPV: 0.9497  NPV: 0.8265 F1:0.7925
INFO:__main__:验证的best_acc:0.8953
INFO:__main__:----------------------------------------------------------------------------------------------------
INFO:__main__:
【train】epoch:14/120 loss:0.2597 acc:0.8950
INFO:__main__:
【val】epoch:14/120 loss:0.3247 acc:0.8641
INFO:__main__:
【Val】:  SENS: 0.6920  SPEC: 0.9744  PPV: 0.9454  NPV: 0.8315 F1:0.7991
INFO:__main__:验证的best_acc:0.8953
INFO:__main__:----------------------------------------------------------------------------------------------------
INFO:__main__:
【train】epoch:15/120 loss:0.2435 acc:0.8993
INFO:__main__:
【val】epoch:15/120 loss:0.3111 acc:0.8734
INFO:__main__:
【Val】:  SENS: 0.7320  SPEC: 0.9641  PPV: 0.9289  NPV: 0.8488 F1:0.8188
INFO:__main__:验证的best_acc:0.8953
INFO:__main__:----------------------------------------------------------------------------------------------------
INFO:__main__:
【train】epoch:16/120 loss:0.2321 acc:0.9055
INFO:__main__:
【val】epoch:16/120 loss:0.2862 acc:0.8813
INFO:__main__:
【Val】:  SENS: 0.7560  SPEC: 0.9615  PPV: 0.9265  NPV: 0.8601 F1:0.8326
INFO:__main__:验证的best_acc:0.8953
INFO:__main__:----------------------------------------------------------------------------------------------------
INFO:__main__:
【train】epoch:17/120 loss:0.2457 acc:0.9012
INFO:__main__:
【val】epoch:17/120 loss:0.2839 acc:0.8813
INFO:__main__:
【Val】:  SENS: 0.7680  SPEC: 0.9538  PPV: 0.9143  NPV: 0.8651 F1:0.8348
INFO:__main__:验证的best_acc:0.8953
INFO:__main__:----------------------------------------------------------------------------------------------------
INFO:__main__:
【train】epoch:18/120 loss:0.2254 acc:0.9101
INFO:__main__:
【val】epoch:18/120 loss:0.3022 acc:0.8766
INFO:__main__:
【Val】:  SENS: 0.7840  SPEC: 0.9359  PPV: 0.8869  NPV: 0.8711 F1:0.8323
INFO:__main__:验证的best_acc:0.8953
INFO:__main__:----------------------------------------------------------------------------------------------------
INFO:__main__:
【train】epoch:19/120 loss:0.2054 acc:0.9156
INFO:__main__:
【val】epoch:19/120 loss:0.2537 acc:0.8797
INFO:__main__:
【Val】:  SENS: 0.8320  SPEC: 0.9103  PPV: 0.8560  NPV: 0.8942 F1:0.8438
INFO:__main__:验证的best_acc:0.8953
INFO:__main__:----------------------------------------------------------------------------------------------------
INFO:__main__:
【train】epoch:20/120 loss:0.1947 acc:0.9272
INFO:__main__:
【val】epoch:20/120 loss:0.2639 acc:0.8891
INFO:__main__:
【Val】:  SENS: 0.8040  SPEC: 0.9436  PPV: 0.9013  NPV: 0.8825 F1:0.8499
INFO:__main__:验证的best_acc:0.8953
INFO:__main__:----------------------------------------------------------------------------------------------------
INFO:__main__:
【train】epoch:21/120 loss:0.1993 acc:0.9183
INFO:__main__:
【val】epoch:21/120 loss:0.3480 acc:0.8594
INFO:__main__:
【Val】:  SENS: 0.6720  SPEC: 0.9795  PPV: 0.9545  NPV: 0.8233 F1:0.7887
INFO:__main__:验证的best_acc:0.8953
INFO:__main__:----------------------------------------------------------------------------------------------------
INFO:__main__:
【train】epoch:22/120 loss:0.1844 acc:0.9280
INFO:__main__:
【val】epoch:22/120 loss:0.2920 acc:0.8859
INFO:__main__:
【Val】:  SENS: 0.8440  SPEC: 0.9128  PPV: 0.8612  NPV: 0.9013 F1:0.8525
INFO:__main__:验证的best_acc:0.8953
INFO:__main__:----------------------------------------------------------------------------------------------------
INFO:__main__:
【train】epoch:23/120 loss:0.1812 acc:0.9276
INFO:__main__:
【val】epoch:23/120 loss:0.3402 acc:0.8687
INFO:__main__:
【Val】:  SENS: 0.7120  SPEC: 0.9692  PPV: 0.9368  NPV: 0.8400 F1:0.8091
INFO:__main__:验证的best_acc:0.8953
INFO:__main__:----------------------------------------------------------------------------------------------------
INFO:__main__:
【train】epoch:24/120 loss:0.1819 acc:0.9299
INFO:__main__:
【val】epoch:24/120 loss:0.2896 acc:0.8906
INFO:__main__:
【Val】:  SENS: 0.7840  SPEC: 0.9590  PPV: 0.9245  NPV: 0.8738 F1:0.8485
INFO:__main__:验证的best_acc:0.8953
INFO:__main__:----------------------------------------------------------------------------------------------------
INFO:__main__:
【train】epoch:25/120 loss:0.1756 acc:0.9323
INFO:__main__:
【val】epoch:25/120 loss:0.3554 acc:0.8609
INFO:__main__:
【Val】:  SENS: 0.6920  SPEC: 0.9692  PPV: 0.9351  NPV: 0.8308 F1:0.7954
INFO:__main__:验证的best_acc:0.8953
INFO:__main__:----------------------------------------------------------------------------------------------------
INFO:__main__:
【train】epoch:26/120 loss:0.1714 acc:0.9317
INFO:__main__:
【val】epoch:26/120 loss:0.2622 acc:0.8984
INFO:__main__:
【Val】:  SENS: 0.8160  SPEC: 0.9513  PPV: 0.9148  NPV: 0.8897 F1:0.8626
INFO:__main__:验证的best_acc:0.8984
INFO:__main__:----------------------------------------------------------------------------------------------------
INFO:__main__:
【train】epoch:27/120 loss:0.1646 acc:0.9305
INFO:__main__:
【val】epoch:27/120 loss:0.2375 acc:0.9000
INFO:__main__:
【Val】:  SENS: 0.8680  SPEC: 0.9205  PPV: 0.8750  NPV: 0.9158 F1:0.8715
INFO:__main__:验证的best_acc:0.9000
INFO:__main__:----------------------------------------------------------------------------------------------------
INFO:__main__:
【train】epoch:28/120 loss:0.1611 acc:0.9375
INFO:__main__:
【val】epoch:28/120 loss:0.2873 acc:0.8969
INFO:__main__:
【Val】:  SENS: 0.8200  SPEC: 0.9462  PPV: 0.9071  NPV: 0.8913 F1:0.8613
INFO:__main__:验证的best_acc:0.9000
INFO:__main__:----------------------------------------------------------------------------------------------------
INFO:__main__:
【train】epoch:29/120 loss:0.1544 acc:0.9400
INFO:__main__:
【val】epoch:29/120 loss:0.2931 acc:0.8828
INFO:__main__:
【Val】:  SENS: 0.8320  SPEC: 0.9154  PPV: 0.8631  NPV: 0.8947 F1:0.8473
INFO:__main__:验证的best_acc:0.9000
INFO:__main__:----------------------------------------------------------------------------------------------------
INFO:__main__:
【train】epoch:30/120 loss:0.1414 acc:0.9458
INFO:__main__:
【val】epoch:30/120 loss:0.3093 acc:0.8922
INFO:__main__:
【Val】:  SENS: 0.8200  SPEC: 0.9385  PPV: 0.8952  NPV: 0.8905 F1:0.8559
INFO:__main__:验证的best_acc:0.9000
INFO:__main__:----------------------------------------------------------------------------------------------------
INFO:__main__:
【train】epoch:31/120 loss:0.1497 acc:0.9400
INFO:__main__:
【val】epoch:31/120 loss:0.3501 acc:0.8656
INFO:__main__:
【Val】:  SENS: 0.6960  SPEC: 0.9744  PPV: 0.9457  NPV: 0.8333 F1:0.8018
INFO:__main__:验证的best_acc:0.9000
INFO:__main__:----------------------------------------------------------------------------------------------------
INFO:__main__:
【train】epoch:32/120 loss:0.1391 acc:0.9445
INFO:__main__:
【val】epoch:32/120 loss:0.3475 acc:0.8719
INFO:__main__:
【Val】:  SENS: 0.7160  SPEC: 0.9718  PPV: 0.9421  NPV: 0.8422 F1:0.8136
INFO:__main__:验证的best_acc:0.9000
INFO:__main__:----------------------------------------------------------------------------------------------------
INFO:__main__:
【train】epoch:33/120 loss:0.1332 acc:0.9462
INFO:__main__:
【val】epoch:33/120 loss:0.2773 acc:0.9016
INFO:__main__:
【Val】:  SENS: 0.8120  SPEC: 0.9590  PPV: 0.9269  NPV: 0.8884 F1:0.8657
INFO:__main__:验证的best_acc:0.9016
INFO:__main__:----------------------------------------------------------------------------------------------------
INFO:__main__:
【train】epoch:34/120 loss:0.1370 acc:0.9447
INFO:__main__:
【val】epoch:34/120 loss:0.2713 acc:0.9141
INFO:__main__:
【Val】:  SENS: 0.8320  SPEC: 0.9667  PPV: 0.9412  NPV: 0.8998 F1:0.8832
INFO:__main__:验证的best_acc:0.9141
INFO:__main__:----------------------------------------------------------------------------------------------------
INFO:__main__:
【train】epoch:35/120 loss:0.1336 acc:0.9509
INFO:__main__:
【val】epoch:35/120 loss:0.2892 acc:0.9016
INFO:__main__:
【Val】:  SENS: 0.8760  SPEC: 0.9179  PPV: 0.8725  NPV: 0.9203 F1:0.8743
INFO:__main__:验证的best_acc:0.9141
INFO:__main__:----------------------------------------------------------------------------------------------------
INFO:__main__:
【train】epoch:36/120 loss:0.1302 acc:0.9466
INFO:__main__:
【val】epoch:36/120 loss:0.3121 acc:0.9000
INFO:__main__:
【Val】:  SENS: 0.7840  SPEC: 0.9744  PPV: 0.9515  NPV: 0.8756 F1:0.8596
INFO:__main__:验证的best_acc:0.9141
INFO:__main__:----------------------------------------------------------------------------------------------------
INFO:__main__:
【train】epoch:37/120 loss:0.1322 acc:0.9462
INFO:__main__:
【val】epoch:37/120 loss:0.3462 acc:0.8875
INFO:__main__:
【Val】:  SENS: 0.7520  SPEC: 0.9744  PPV: 0.9495  NPV: 0.8597 F1:0.8393
INFO:__main__:验证的best_acc:0.9141
INFO:__main__:----------------------------------------------------------------------------------------------------
INFO:__main__:
【train】epoch:38/120 loss:0.1152 acc:0.9565
INFO:__main__:
【val】epoch:38/120 loss:0.2440 acc:0.9250
INFO:__main__:
【Val】:  SENS: 0.8800  SPEC: 0.9538  PPV: 0.9244  NPV: 0.9254 F1:0.9016
INFO:__main__:验证的best_acc:0.9250
INFO:__main__:----------------------------------------------------------------------------------------------------
INFO:__main__:
【train】epoch:39/120 loss:0.1120 acc:0.9565
INFO:__main__:
【val】epoch:39/120 loss:0.2668 acc:0.9172
INFO:__main__:
【Val】:  SENS: 0.8920  SPEC: 0.9333  PPV: 0.8956  NPV: 0.9309 F1:0.8938
INFO:__main__:验证的best_acc:0.9250
INFO:__main__:----------------------------------------------------------------------------------------------------
INFO:__main__:
【train】epoch:40/120 loss:0.1150 acc:0.9530
INFO:__main__:
【val】epoch:40/120 loss:0.3377 acc:0.8938
INFO:__main__:
【Val】:  SENS: 0.7840  SPEC: 0.9641  PPV: 0.9333  NPV: 0.8744 F1:0.8522
INFO:__main__:验证的best_acc:0.9250
INFO:__main__:----------------------------------------------------------------------------------------------------
INFO:__main__:
【train】epoch:41/120 loss:0.1068 acc:0.9592
INFO:__main__:
【val】epoch:41/120 loss:0.4049 acc:0.8844
INFO:__main__:
【Val】:  SENS: 0.7520  SPEC: 0.9692  PPV: 0.9400  NPV: 0.8591 F1:0.8356
INFO:__main__:验证的best_acc:0.9250
INFO:__main__:----------------------------------------------------------------------------------------------------
INFO:__main__:
【train】epoch:42/120 loss:0.1051 acc:0.9594
INFO:__main__:
【val】epoch:42/120 loss:0.3021 acc:0.9078
INFO:__main__:
【Val】:  SENS: 0.8280  SPEC: 0.9590  PPV: 0.9283  NPV: 0.8969 F1:0.8753
INFO:__main__:验证的best_acc:0.9250
INFO:__main__:----------------------------------------------------------------------------------------------------
INFO:__main__:
【train】epoch:43/120 loss:0.1029 acc:0.9625
INFO:__main__:
【val】epoch:43/120 loss:0.2958 acc:0.9203
INFO:__main__:
【Val】:  SENS: 0.8400  SPEC: 0.9718  PPV: 0.9502  NPV: 0.9045 F1:0.8917
INFO:__main__:验证的best_acc:0.9250
INFO:__main__:----------------------------------------------------------------------------------------------------
INFO:__main__:
【train】epoch:44/120 loss:0.1010 acc:0.9614
INFO:__main__:
【val】epoch:44/120 loss:0.2985 acc:0.9062
INFO:__main__:
【Val】:  SENS: 0.8120  SPEC: 0.9667  PPV: 0.9398  NPV: 0.8892 F1:0.8712
INFO:__main__:验证的best_acc:0.9250
INFO:__main__:----------------------------------------------------------------------------------------------------
INFO:__main__:
【train】epoch:45/120 loss:0.1044 acc:0.9592
INFO:__main__:
【val】epoch:45/120 loss:0.2481 acc:0.9172
INFO:__main__:
【Val】:  SENS: 0.8560  SPEC: 0.9564  PPV: 0.9264  NPV: 0.9120 F1:0.8898
INFO:__main__:验证的best_acc:0.9250
INFO:__main__:----------------------------------------------------------------------------------------------------
INFO:__main__:
【train】epoch:46/120 loss:0.1021 acc:0.9600
INFO:__main__:
【val】epoch:46/120 loss:0.3912 acc:0.8906
INFO:__main__:
【Val】:  SENS: 0.7480  SPEC: 0.9821  PPV: 0.9639  NPV: 0.8587 F1:0.8423
INFO:__main__:验证的best_acc:0.9250
INFO:__main__:----------------------------------------------------------------------------------------------------
INFO:__main__:
【train】epoch:47/120 loss:0.0986 acc:0.9618
INFO:__main__:
【val】epoch:47/120 loss:0.3019 acc:0.9016
INFO:__main__:
【Val】:  SENS: 0.7840  SPEC: 0.9769  PPV: 0.9561  NPV: 0.8759 F1:0.8615
INFO:__main__:验证的best_acc:0.9250
INFO:__main__:----------------------------------------------------------------------------------------------------
INFO:__main__:
【train】epoch:48/120 loss:0.1044 acc:0.9623
INFO:__main__:
【val】epoch:48/120 loss:0.2609 acc:0.9234
INFO:__main__:
【Val】:  SENS: 0.8520  SPEC: 0.9692  PPV: 0.9467  NPV: 0.9108 F1:0.8968
INFO:__main__:验证的best_acc:0.9250
INFO:__main__:----------------------------------------------------------------------------------------------------
INFO:__main__:
【train】epoch:49/120 loss:0.0791 acc:0.9711
INFO:__main__:
【val】epoch:49/120 loss:0.3205 acc:0.9141
INFO:__main__:
【Val】:  SENS: 0.8400  SPEC: 0.9615  PPV: 0.9333  NPV: 0.9036 F1:0.8842
INFO:__main__:验证的best_acc:0.9250
INFO:__main__:----------------------------------------------------------------------------------------------------
INFO:__main__:
【train】epoch:50/120 loss:0.0939 acc:0.9655
INFO:__main__:
【val】epoch:50/120 loss:0.2858 acc:0.9234
INFO:__main__:
【Val】:  SENS: 0.8880  SPEC: 0.9462  PPV: 0.9136  NPV: 0.9295 F1:0.9006
INFO:__main__:验证的best_acc:0.9250
INFO:__main__:----------------------------------------------------------------------------------------------------
INFO:__main__:
【train】epoch:51/120 loss:0.0753 acc:0.9699
INFO:__main__:
【val】epoch:51/120 loss:0.2763 acc:0.9219
INFO:__main__:
【Val】:  SENS: 0.8720  SPEC: 0.9538  PPV: 0.9237  NPV: 0.9208 F1:0.8971
INFO:__main__:验证的best_acc:0.9250
INFO:__main__:----------------------------------------------------------------------------------------------------
INFO:__main__:
【train】epoch:52/120 loss:0.0828 acc:0.9697
INFO:__main__:
【val】epoch:52/120 loss:0.3557 acc:0.9078
INFO:__main__:
【Val】:  SENS: 0.8240  SPEC: 0.9615  PPV: 0.9321  NPV: 0.8950 F1:0.8747
INFO:__main__:验证的best_acc:0.9250
INFO:__main__:----------------------------------------------------------------------------------------------------
INFO:__main__:
【train】epoch:53/120 loss:0.0790 acc:0.9713
INFO:__main__:
【val】epoch:53/120 loss:0.3275 acc:0.9094
INFO:__main__:
【Val】:  SENS: 0.8160  SPEC: 0.9692  PPV: 0.9444  NPV: 0.8915 F1:0.8755
INFO:__main__:验证的best_acc:0.9250
INFO:__main__:----------------------------------------------------------------------------------------------------
INFO:__main__:
【train】epoch:54/120 loss:0.0782 acc:0.9680
INFO:__main__:
【val】epoch:54/120 loss:0.2864 acc:0.9203
INFO:__main__:
【Val】:  SENS: 0.8800  SPEC: 0.9462  PPV: 0.9129  NPV: 0.9248 F1:0.8961
INFO:__main__:验证的best_acc:0.9250
INFO:__main__:----------------------------------------------------------------------------------------------------
INFO:__main__:
【train】epoch:55/120 loss:0.0788 acc:0.9719
INFO:__main__:
【val】epoch:55/120 loss:0.3159 acc:0.9266
INFO:__main__:
【Val】:  SENS: 0.8640  SPEC: 0.9667  PPV: 0.9432  NPV: 0.9173 F1:0.9019
INFO:__main__:验证的best_acc:0.9266
INFO:__main__:----------------------------------------------------------------------------------------------------
INFO:__main__:
【train】epoch:56/120 loss:0.0696 acc:0.9740
INFO:__main__:
【val】epoch:56/120 loss:0.2721 acc:0.9234
INFO:__main__:
【Val】:  SENS: 0.8720  SPEC: 0.9564  PPV: 0.9277  NPV: 0.9210 F1:0.8990
INFO:__main__:验证的best_acc:0.9266
INFO:__main__:----------------------------------------------------------------------------------------------------
INFO:__main__:
【train】epoch:57/120 loss:0.0748 acc:0.9732
INFO:__main__:
【val】epoch:57/120 loss:0.3028 acc:0.9187
INFO:__main__:
【Val】:  SENS: 0.8480  SPEC: 0.9641  PPV: 0.9381  NPV: 0.9082 F1:0.8908
INFO:__main__:验证的best_acc:0.9266
INFO:__main__:----------------------------------------------------------------------------------------------------
INFO:__main__:
【train】epoch:58/120 loss:0.0705 acc:0.9728
INFO:__main__:
【val】epoch:58/120 loss:0.2840 acc:0.9187
INFO:__main__:
【Val】:  SENS: 0.8480  SPEC: 0.9641  PPV: 0.9381  NPV: 0.9082 F1:0.8908
INFO:__main__:验证的best_acc:0.9266
INFO:__main__:----------------------------------------------------------------------------------------------------
INFO:__main__:
【train】epoch:59/120 loss:0.0682 acc:0.9742
INFO:__main__:
【val】epoch:59/120 loss:0.2908 acc:0.9141
INFO:__main__:
【Val】:  SENS: 0.8680  SPEC: 0.9436  PPV: 0.9079  NPV: 0.9177 F1:0.8875
INFO:__main__:验证的best_acc:0.9266
INFO:__main__:----------------------------------------------------------------------------------------------------
INFO:__main__:
【train】epoch:60/120 loss:0.0646 acc:0.9759
INFO:__main__:
【val】epoch:60/120 loss:0.2755 acc:0.9156
INFO:__main__:
【Val】:  SENS: 0.9000  SPEC: 0.9256  PPV: 0.8858  NPV: 0.9352 F1:0.8929
INFO:__main__:验证的best_acc:0.9266
INFO:__main__:----------------------------------------------------------------------------------------------------
INFO:__main__:
【train】epoch:61/120 loss:0.0646 acc:0.9752
INFO:__main__:
【val】epoch:61/120 loss:0.3034 acc:0.9281
INFO:__main__:
【Val】:  SENS: 0.8720  SPEC: 0.9641  PPV: 0.9397  NPV: 0.9216 F1:0.9046
INFO:__main__:验证的best_acc:0.9281
INFO:__main__:----------------------------------------------------------------------------------------------------
INFO:__main__:
【train】epoch:62/120 loss:0.0561 acc:0.9794
INFO:__main__:
【val】epoch:62/120 loss:0.3149 acc:0.9187
INFO:__main__:
【Val】:  SENS: 0.8600  SPEC: 0.9564  PPV: 0.9267  NPV: 0.9142 F1:0.8921
INFO:__main__:验证的best_acc:0.9281
INFO:__main__:----------------------------------------------------------------------------------------------------
INFO:__main__:
【train】epoch:63/120 loss:0.0616 acc:0.9773
INFO:__main__:
【val】epoch:63/120 loss:0.3120 acc:0.9328
INFO:__main__:
【Val】:  SENS: 0.8960  SPEC: 0.9564  PPV: 0.9295  NPV: 0.9348 F1:0.9124
INFO:__main__:验证的best_acc:0.9328
INFO:__main__:----------------------------------------------------------------------------------------------------
INFO:__main__:
【train】epoch:64/120 loss:0.0586 acc:0.9759
INFO:__main__:
【val】epoch:64/120 loss:0.3328 acc:0.9250
INFO:__main__:
【Val】:  SENS: 0.8480  SPEC: 0.9744  PPV: 0.9550  NPV: 0.9091 F1:0.8983
INFO:__main__:验证的best_acc:0.9328
INFO:__main__:----------------------------------------------------------------------------------------------------
INFO:__main__:
【train】epoch:65/120 loss:0.0596 acc:0.9798
INFO:__main__:
【val】epoch:65/120 loss:0.3176 acc:0.9219
INFO:__main__:
【Val】:  SENS: 0.8960  SPEC: 0.9385  PPV: 0.9032  NPV: 0.9337 F1:0.8996
INFO:__main__:验证的best_acc:0.9328
INFO:__main__:----------------------------------------------------------------------------------------------------
INFO:__main__:
【train】epoch:66/120 loss:0.0541 acc:0.9800
INFO:__main__:
【val】epoch:66/120 loss:0.3291 acc:0.9172
INFO:__main__:
【Val】:  SENS: 0.8560  SPEC: 0.9564  PPV: 0.9264  NPV: 0.9120 F1:0.8898
INFO:__main__:验证的best_acc:0.9328
INFO:__main__:----------------------------------------------------------------------------------------------------
INFO:__main__:
【train】epoch:67/120 loss:0.0541 acc:0.9806
INFO:__main__:
【val】epoch:67/120 loss:0.3412 acc:0.9187
INFO:__main__:
【Val】:  SENS: 0.8880  SPEC: 0.9385  PPV: 0.9024  NPV: 0.9289 F1:0.8952
INFO:__main__:验证的best_acc:0.9328
INFO:__main__:----------------------------------------------------------------------------------------------------
INFO:__main__:
【train】epoch:68/120 loss:0.0551 acc:0.9816
INFO:__main__:
【val】epoch:68/120 loss:0.2766 acc:0.9203
INFO:__main__:
【Val】:  SENS: 0.8800  SPEC: 0.9462  PPV: 0.9129  NPV: 0.9248 F1:0.8961
INFO:__main__:验证的best_acc:0.9328
INFO:__main__:----------------------------------------------------------------------------------------------------
INFO:__main__:
【train】epoch:69/120 loss:0.0534 acc:0.9794
INFO:__main__:
【val】epoch:69/120 loss:0.2924 acc:0.9281
INFO:__main__:
【Val】:  SENS: 0.9040  SPEC: 0.9436  PPV: 0.9113  NPV: 0.9388 F1:0.9076
INFO:__main__:验证的best_acc:0.9328
INFO:__main__:----------------------------------------------------------------------------------------------------
INFO:__main__:
【train】epoch:70/120 loss:0.0501 acc:0.9802
INFO:__main__:
【val】epoch:70/120 loss:0.2779 acc:0.9234
INFO:__main__:
【Val】:  SENS: 0.8720  SPEC: 0.9564  PPV: 0.9277  NPV: 0.9210 F1:0.8990
INFO:__main__:验证的best_acc:0.9328
INFO:__main__:----------------------------------------------------------------------------------------------------
INFO:__main__:
【train】epoch:71/120 loss:0.0505 acc:0.9821
INFO:__main__:
【val】epoch:71/120 loss:0.3314 acc:0.9125
INFO:__main__:
【Val】:  SENS: 0.8880  SPEC: 0.9282  PPV: 0.8880  NPV: 0.9282 F1:0.8880
INFO:__main__:验证的best_acc:0.9328
INFO:__main__:----------------------------------------------------------------------------------------------------
INFO:__main__:
【train】epoch:72/120 loss:0.0410 acc:0.9833
INFO:__main__:
【val】epoch:72/120 loss:0.3335 acc:0.9203
INFO:__main__:
【Val】:  SENS: 0.8920  SPEC: 0.9385  PPV: 0.9028  NPV: 0.9313 F1:0.8974
INFO:__main__:验证的best_acc:0.9328
INFO:__main__:----------------------------------------------------------------------------------------------------
INFO:__main__:
【train】epoch:73/120 loss:0.0455 acc:0.9823
INFO:__main__:
【val】epoch:73/120 loss:0.3028 acc:0.9234
INFO:__main__:
【Val】:  SENS: 0.8960  SPEC: 0.9410  PPV: 0.9069  NPV: 0.9338 F1:0.9014
INFO:__main__:验证的best_acc:0.9328
INFO:__main__:----------------------------------------------------------------------------------------------------
INFO:__main__:
【train】epoch:74/120 loss:0.0558 acc:0.9804
INFO:__main__:
【val】epoch:74/120 loss:0.2557 acc:0.9297
INFO:__main__:
【Val】:  SENS: 0.8720  SPEC: 0.9667  PPV: 0.9437  NPV: 0.9218 F1:0.9064
INFO:__main__:验证的best_acc:0.9328
INFO:__main__:----------------------------------------------------------------------------------------------------
INFO:__main__:
【train】epoch:75/120 loss:0.0518 acc:0.9794
INFO:__main__:
【val】epoch:75/120 loss:0.2897 acc:0.9234
INFO:__main__:
【Val】:  SENS: 0.8960  SPEC: 0.9410  PPV: 0.9069  NPV: 0.9338 F1:0.9014
INFO:__main__:验证的best_acc:0.9328
INFO:__main__:----------------------------------------------------------------------------------------------------
INFO:__main__:
【train】epoch:76/120 loss:0.0403 acc:0.9847
INFO:__main__:
【val】epoch:76/120 loss:0.3201 acc:0.9281
INFO:__main__:
【Val】:  SENS: 0.8880  SPEC: 0.9538  PPV: 0.9250  NPV: 0.9300 F1:0.9061
INFO:__main__:验证的best_acc:0.9328
INFO:__main__:----------------------------------------------------------------------------------------------------
INFO:__main__:
【train】epoch:77/120 loss:0.0471 acc:0.9819
INFO:__main__:
【val】epoch:77/120 loss:0.3155 acc:0.9234
INFO:__main__:
【Val】:  SENS: 0.8720  SPEC: 0.9564  PPV: 0.9277  NPV: 0.9210 F1:0.8990
INFO:__main__:验证的best_acc:0.9328
INFO:__main__:----------------------------------------------------------------------------------------------------
INFO:__main__:
【train】epoch:78/120 loss:0.0403 acc:0.9841
INFO:__main__:
【val】epoch:78/120 loss:0.3631 acc:0.9141
INFO:__main__:
【Val】:  SENS: 0.8640  SPEC: 0.9462  PPV: 0.9114  NPV: 0.9156 F1:0.8871
INFO:__main__:验证的best_acc:0.9328
INFO:__main__:----------------------------------------------------------------------------------------------------
INFO:__main__:
【train】epoch:79/120 loss:0.0441 acc:0.9841
INFO:__main__:
【val】epoch:79/120 loss:0.3544 acc:0.9187
INFO:__main__:
【Val】:  SENS: 0.9040  SPEC: 0.9282  PPV: 0.8898  NPV: 0.9378 F1:0.8968
INFO:__main__:验证的best_acc:0.9328
INFO:__main__:----------------------------------------------------------------------------------------------------
INFO:__main__:
【train】epoch:80/120 loss:0.0385 acc:0.9876
INFO:__main__:
【val】epoch:80/120 loss:0.3737 acc:0.9094
INFO:__main__:
【Val】:  SENS: 0.9040  SPEC: 0.9128  PPV: 0.8692  NPV: 0.9368 F1:0.8863
INFO:__main__:验证的best_acc:0.9328
INFO:__main__:----------------------------------------------------------------------------------------------------
INFO:__main__:
【train】epoch:81/120 loss:0.0413 acc:0.9839
INFO:__main__:
【val】epoch:81/120 loss:0.3362 acc:0.9172
INFO:__main__:
【Val】:  SENS: 0.9000  SPEC: 0.9282  PPV: 0.8893  NPV: 0.9354 F1:0.8946
INFO:__main__:验证的best_acc:0.9328
INFO:__main__:----------------------------------------------------------------------------------------------------
INFO:__main__:
【train】epoch:82/120 loss:0.0375 acc:0.9870
INFO:__main__:
【val】epoch:82/120 loss:0.2967 acc:0.9344
INFO:__main__:
【Val】:  SENS: 0.9080  SPEC: 0.9513  PPV: 0.9228  NPV: 0.9416 F1:0.9153
INFO:__main__:验证的best_acc:0.9344
INFO:__main__:----------------------------------------------------------------------------------------------------
INFO:__main__:
【train】epoch:83/120 loss:0.0340 acc:0.9884
INFO:__main__:
【val】epoch:83/120 loss:0.3646 acc:0.9078
INFO:__main__:
【Val】:  SENS: 0.8760  SPEC: 0.9282  PPV: 0.8866  NPV: 0.9211 F1:0.8813
INFO:__main__:验证的best_acc:0.9344
INFO:__main__:----------------------------------------------------------------------------------------------------
INFO:__main__:
【train】epoch:84/120 loss:0.0317 acc:0.9876
INFO:__main__:
【val】epoch:84/120 loss:0.4005 acc:0.9156
INFO:__main__:
【Val】:  SENS: 0.8880  SPEC: 0.9333  PPV: 0.8952  NPV: 0.9286 F1:0.8916
INFO:__main__:验证的best_acc:0.9344
INFO:__main__:----------------------------------------------------------------------------------------------------
INFO:__main__:
【train】epoch:85/120 loss:0.0332 acc:0.9889
INFO:__main__:
【val】epoch:85/120 loss:0.3368 acc:0.9250
INFO:__main__:
【Val】:  SENS: 0.8720  SPEC: 0.9590  PPV: 0.9316  NPV: 0.9212 F1:0.9008
INFO:__main__:验证的best_acc:0.9344
INFO:__main__:----------------------------------------------------------------------------------------------------
INFO:__main__:
【train】epoch:86/120 loss:0.0292 acc:0.9889
INFO:__main__:
【val】epoch:86/120 loss:0.3536 acc:0.9156
INFO:__main__:
【Val】:  SENS: 0.8920  SPEC: 0.9308  PPV: 0.8920  NPV: 0.9308 F1:0.8920
INFO:__main__:验证的best_acc:0.9344
INFO:__main__:----------------------------------------------------------------------------------------------------
INFO:__main__:
【train】epoch:87/120 loss:0.0339 acc:0.9864
INFO:__main__:
【val】epoch:87/120 loss:0.3545 acc:0.9312
INFO:__main__:
【Val】:  SENS: 0.9040  SPEC: 0.9487  PPV: 0.9187  NPV: 0.9391 F1:0.9113
INFO:__main__:验证的best_acc:0.9344
INFO:__main__:----------------------------------------------------------------------------------------------------
INFO:__main__:
【train】epoch:88/120 loss:0.0317 acc:0.9858
INFO:__main__:
【val】epoch:88/120 loss:0.3985 acc:0.9109
INFO:__main__:
【Val】:  SENS: 0.9040  SPEC: 0.9154  PPV: 0.8726  NPV: 0.9370 F1:0.8880
INFO:__main__:验证的best_acc:0.9344
INFO:__main__:----------------------------------------------------------------------------------------------------
INFO:__main__:
【train】epoch:89/120 loss:0.0391 acc:0.9858
INFO:__main__:
【val】epoch:89/120 loss:0.3763 acc:0.9172
INFO:__main__:
【Val】:  SENS: 0.8840  SPEC: 0.9385  PPV: 0.9020  NPV: 0.9266 F1:0.8929
INFO:__main__:验证的best_acc:0.9344
INFO:__main__:----------------------------------------------------------------------------------------------------
INFO:__main__:
【train】epoch:90/120 loss:0.0293 acc:0.9899
INFO:__main__:
【val】epoch:90/120 loss:0.3543 acc:0.9219
INFO:__main__:
【Val】:  SENS: 0.8720  SPEC: 0.9538  PPV: 0.9237  NPV: 0.9208 F1:0.8971
INFO:__main__:验证的best_acc:0.9344
INFO:__main__:----------------------------------------------------------------------------------------------------
INFO:__main__:
【train】epoch:91/120 loss:0.0282 acc:0.9889
INFO:__main__:
【val】epoch:91/120 loss:0.3621 acc:0.9219
INFO:__main__:
【Val】:  SENS: 0.8760  SPEC: 0.9513  PPV: 0.9202  NPV: 0.9229 F1:0.8975
INFO:__main__:验证的best_acc:0.9344
INFO:__main__:----------------------------------------------------------------------------------------------------
INFO:__main__:
【train】epoch:92/120 loss:0.0276 acc:0.9911
INFO:__main__:
【val】epoch:92/120 loss:0.3860 acc:0.9172
INFO:__main__:
【Val】:  SENS: 0.8760  SPEC: 0.9436  PPV: 0.9087  NPV: 0.9223 F1:0.8921
INFO:__main__:验证的best_acc:0.9344
INFO:__main__:----------------------------------------------------------------------------------------------------
INFO:__main__:
【train】epoch:93/120 loss:0.0233 acc:0.9909
INFO:__main__:
【val】epoch:93/120 loss:0.4216 acc:0.9109
INFO:__main__:
【Val】:  SENS: 0.8880  SPEC: 0.9256  PPV: 0.8845  NPV: 0.9280 F1:0.8862
INFO:__main__:验证的best_acc:0.9344
INFO:__main__:----------------------------------------------------------------------------------------------------
INFO:__main__:
【train】epoch:94/120 loss:0.0320 acc:0.9887
INFO:__main__:
【val】epoch:94/120 loss:0.4189 acc:0.9047
INFO:__main__:
【Val】:  SENS: 0.8920  SPEC: 0.9128  PPV: 0.8677  NPV: 0.9295 F1:0.8797
INFO:__main__:验证的best_acc:0.9344
INFO:__main__:----------------------------------------------------------------------------------------------------
INFO:__main__:
【train】epoch:95/120 loss:0.0289 acc:0.9893
INFO:__main__:
【val】epoch:95/120 loss:0.3604 acc:0.9250
INFO:__main__:
【Val】:  SENS: 0.8880  SPEC: 0.9487  PPV: 0.9174  NPV: 0.9296 F1:0.9024
INFO:__main__:验证的best_acc:0.9344
INFO:__main__:----------------------------------------------------------------------------------------------------
INFO:__main__:
【train】epoch:96/120 loss:0.0255 acc:0.9915
INFO:__main__:
【val】epoch:96/120 loss:0.3975 acc:0.9203
INFO:__main__:
【Val】:  SENS: 0.8720  SPEC: 0.9513  PPV: 0.9198  NPV: 0.9206 F1:0.8953
INFO:__main__:验证的best_acc:0.9344
INFO:__main__:----------------------------------------------------------------------------------------------------
INFO:__main__:
【train】epoch:97/120 loss:0.0222 acc:0.9924
INFO:__main__:
【val】epoch:97/120 loss:0.4370 acc:0.9203
INFO:__main__:
【Val】:  SENS: 0.9040  SPEC: 0.9308  PPV: 0.8933  NPV: 0.9380 F1:0.8986
INFO:__main__:验证的best_acc:0.9344
INFO:__main__:----------------------------------------------------------------------------------------------------
INFO:__main__:
【train】epoch:98/120 loss:0.0281 acc:0.9909
INFO:__main__:
【val】epoch:98/120 loss:0.3900 acc:0.9187
INFO:__main__:
【Val】:  SENS: 0.8920  SPEC: 0.9359  PPV: 0.8992  NPV: 0.9311 F1:0.8956
INFO:__main__:验证的best_acc:0.9344
INFO:__main__:----------------------------------------------------------------------------------------------------
INFO:__main__:
【train】epoch:99/120 loss:0.0199 acc:0.9934
INFO:__main__:
【val】epoch:99/120 loss:0.4105 acc:0.9187
INFO:__main__:
【Val】:  SENS: 0.8760  SPEC: 0.9462  PPV: 0.9125  NPV: 0.9225 F1:0.8939
INFO:__main__:验证的best_acc:0.9344
INFO:__main__:----------------------------------------------------------------------------------------------------
INFO:__main__:
【train】epoch:100/120 loss:0.0200 acc:0.9926
INFO:__main__:
【val】epoch:100/120 loss:0.4373 acc:0.9250
INFO:__main__:
【Val】:  SENS: 0.9040  SPEC: 0.9385  PPV: 0.9040  NPV: 0.9385 F1:0.9040
INFO:__main__:验证的best_acc:0.9344
INFO:__main__:----------------------------------------------------------------------------------------------------
INFO:__main__:
【train】epoch:101/120 loss:0.0263 acc:0.9899
INFO:__main__:
【val】epoch:101/120 loss:0.3855 acc:0.9250
INFO:__main__:
【Val】:  SENS: 0.9040  SPEC: 0.9385  PPV: 0.9040  NPV: 0.9385 F1:0.9040
INFO:__main__:验证的best_acc:0.9344
INFO:__main__:----------------------------------------------------------------------------------------------------
INFO:__main__:
【train】epoch:102/120 loss:0.0203 acc:0.9926
INFO:__main__:
【val】epoch:102/120 loss:0.4538 acc:0.9141
INFO:__main__:
【Val】:  SENS: 0.8920  SPEC: 0.9282  PPV: 0.8884  NPV: 0.9306 F1:0.8902
INFO:__main__:验证的best_acc:0.9344
INFO:__main__:----------------------------------------------------------------------------------------------------
INFO:__main__:
【train】epoch:103/120 loss:0.0161 acc:0.9940
INFO:__main__:
【val】epoch:103/120 loss:0.4291 acc:0.9078
INFO:__main__:
【Val】:  SENS: 0.8680  SPEC: 0.9333  PPV: 0.8930  NPV: 0.9169 F1:0.8803
INFO:__main__:验证的best_acc:0.9344
INFO:__main__:----------------------------------------------------------------------------------------------------
INFO:__main__:
【train】epoch:104/120 loss:0.0240 acc:0.9928
INFO:__main__:
【val】epoch:104/120 loss:0.3818 acc:0.9219
INFO:__main__:
【Val】:  SENS: 0.8920  SPEC: 0.9410  PPV: 0.9065  NPV: 0.9315 F1:0.8992
INFO:__main__:验证的best_acc:0.9344
INFO:__main__:----------------------------------------------------------------------------------------------------
INFO:__main__:
【train】epoch:105/120 loss:0.0285 acc:0.9905
INFO:__main__:
【val】epoch:105/120 loss:0.3673 acc:0.9203
INFO:__main__:
【Val】:  SENS: 0.8840  SPEC: 0.9436  PPV: 0.9095  NPV: 0.9270 F1:0.8966
INFO:__main__:验证的best_acc:0.9344
INFO:__main__:----------------------------------------------------------------------------------------------------
INFO:__main__:
【train】epoch:106/120 loss:0.0230 acc:0.9905
INFO:__main__:
【val】epoch:106/120 loss:0.3531 acc:0.9297
INFO:__main__:
【Val】:  SENS: 0.9160  SPEC: 0.9385  PPV: 0.9051  NPV: 0.9457 F1:0.9105
INFO:__main__:验证的best_acc:0.9344
INFO:__main__:----------------------------------------------------------------------------------------------------
INFO:__main__:
【train】epoch:107/120 loss:0.0196 acc:0.9934
INFO:__main__:
【val】epoch:107/120 loss:0.4083 acc:0.9219
INFO:__main__:
【Val】:  SENS: 0.9000  SPEC: 0.9359  PPV: 0.9000  NPV: 0.9359 F1:0.9000
INFO:__main__:验证的best_acc:0.9344
INFO:__main__:----------------------------------------------------------------------------------------------------
INFO:__main__:
【train】epoch:108/120 loss:0.0224 acc:0.9913
INFO:__main__:
【val】epoch:108/120 loss:0.4024 acc:0.9187
INFO:__main__:
【Val】:  SENS: 0.9000  SPEC: 0.9308  PPV: 0.8929  NPV: 0.9356 F1:0.8964
INFO:__main__:验证的best_acc:0.9344
INFO:__main__:----------------------------------------------------------------------------------------------------
INFO:__main__:
【train】epoch:109/120 loss:0.0213 acc:0.9924
INFO:__main__:
【val】epoch:109/120 loss:0.3944 acc:0.9234
INFO:__main__:
【Val】:  SENS: 0.8840  SPEC: 0.9487  PPV: 0.9170  NPV: 0.9273 F1:0.9002
INFO:__main__:验证的best_acc:0.9344
INFO:__main__:----------------------------------------------------------------------------------------------------
INFO:__main__:
【train】epoch:110/120 loss:0.0232 acc:0.9913
INFO:__main__:
【val】epoch:110/120 loss:0.3868 acc:0.9172
INFO:__main__:
【Val】:  SENS: 0.8920  SPEC: 0.9333  PPV: 0.8956  NPV: 0.9309 F1:0.8938
INFO:__main__:验证的best_acc:0.9344
INFO:__main__:----------------------------------------------------------------------------------------------------
INFO:__main__:
【train】epoch:111/120 loss:0.0175 acc:0.9920
INFO:__main__:
【val】epoch:111/120 loss:0.3721 acc:0.9234
INFO:__main__:
【Val】:  SENS: 0.9040  SPEC: 0.9359  PPV: 0.9004  NPV: 0.9383 F1:0.9022
INFO:__main__:验证的best_acc:0.9344
INFO:__main__:----------------------------------------------------------------------------------------------------
INFO:__main__:
【train】epoch:112/120 loss:0.0172 acc:0.9932
INFO:__main__:
【val】epoch:112/120 loss:0.3965 acc:0.9219
INFO:__main__:
【Val】:  SENS: 0.8800  SPEC: 0.9487  PPV: 0.9167  NPV: 0.9250 F1:0.8980
INFO:__main__:验证的best_acc:0.9344
INFO:__main__:----------------------------------------------------------------------------------------------------
INFO:__main__:
【train】epoch:113/120 loss:0.0157 acc:0.9934
INFO:__main__:
【val】epoch:113/120 loss:0.4017 acc:0.9234
INFO:__main__:
【Val】:  SENS: 0.8920  SPEC: 0.9436  PPV: 0.9102  NPV: 0.9316 F1:0.9010
INFO:__main__:验证的best_acc:0.9344
INFO:__main__:----------------------------------------------------------------------------------------------------
INFO:__main__:
【train】epoch:114/120 loss:0.0182 acc:0.9928
INFO:__main__:
【val】epoch:114/120 loss:0.4302 acc:0.9219
INFO:__main__:
【Val】:  SENS: 0.8880  SPEC: 0.9436  PPV: 0.9098  NPV: 0.9293 F1:0.8988
INFO:__main__:验证的best_acc:0.9344
INFO:__main__:----------------------------------------------------------------------------------------------------
INFO:__main__:
【train】epoch:115/120 loss:0.0122 acc:0.9961
INFO:__main__:
【val】epoch:115/120 loss:0.4072 acc:0.9172
INFO:__main__:
【Val】:  SENS: 0.8680  SPEC: 0.9487  PPV: 0.9156  NPV: 0.9181 F1:0.8912
INFO:__main__:验证的best_acc:0.9344
INFO:__main__:----------------------------------------------------------------------------------------------------
INFO:__main__:
【train】epoch:116/120 loss:0.0205 acc:0.9936
INFO:__main__:
【val】epoch:116/120 loss:0.3954 acc:0.9109
INFO:__main__:
【Val】:  SENS: 0.8840  SPEC: 0.9282  PPV: 0.8876  NPV: 0.9258 F1:0.8858
INFO:__main__:验证的best_acc:0.9344
INFO:__main__:----------------------------------------------------------------------------------------------------
INFO:__main__:
【train】epoch:117/120 loss:0.0179 acc:0.9946
INFO:__main__:
【val】epoch:117/120 loss:0.3749 acc:0.9234
INFO:__main__:
【Val】:  SENS: 0.8920  SPEC: 0.9436  PPV: 0.9102  NPV: 0.9316 F1:0.9010
INFO:__main__:验证的best_acc:0.9344
INFO:__main__:----------------------------------------------------------------------------------------------------
INFO:__main__:
【train】epoch:118/120 loss:0.0155 acc:0.9946
INFO:__main__:
【val】epoch:118/120 loss:0.3963 acc:0.9281
INFO:__main__:
【Val】:  SENS: 0.8880  SPEC: 0.9538  PPV: 0.9250  NPV: 0.9300 F1:0.9061
INFO:__main__:验证的best_acc:0.9344
INFO:__main__:----------------------------------------------------------------------------------------------------
INFO:__main__:
【train】epoch:119/120 loss:0.0123 acc:0.9959
INFO:__main__:
【val】epoch:119/120 loss:0.4269 acc:0.9234
INFO:__main__:
【Val】:  SENS: 0.8800  SPEC: 0.9513  PPV: 0.9205  NPV: 0.9252 F1:0.8998
INFO:__main__:验证的best_acc:0.9344
INFO:__main__:----------------------------------------------------------------------------------------------------
INFO:__main__:****************************************************************************************************
INFO:__main__:Val_LOSS:['0.5389', '0.5532', '0.5393', '0.4914', '0.5149', '0.4598', '0.3545', '0.3863', '0.3200', '0.3187', '0.2682', '0.3645', '0.3345', '0.3365', '0.3247', '0.3111', '0.2862', '0.2839', '0.3022', '0.2537', '0.2639', '0.3480', '0.2920', '0.3402', '0.2896', '0.3554', '0.2622', '0.2375', '0.2873', '0.2931', '0.3093', '0.3501', '0.3475', '0.2773', '0.2713', '0.2892', '0.3121', '0.3462', '0.2440', '0.2668', '0.3377', '0.4049', '0.3021', '0.2958', '0.2985', '0.2481', '0.3912', '0.3019', '0.2609', '0.3205', '0.2858', '0.2763', '0.3557', '0.3275', '0.2864', '0.3159', '0.2721', '0.3028', '0.2840', '0.2908', '0.2755', '0.3034', '0.3149', '0.3120', '0.3328', '0.3176', '0.3291', '0.3412', '0.2766', '0.2924', '0.2779', '0.3314', '0.3335', '0.3028', '0.2557', '0.2897', '0.3201', '0.3155', '0.3631', '0.3544', '0.3737', '0.3362', '0.2967', '0.3646', '0.4005', '0.3368', '0.3536', '0.3545', '0.3985', '0.3763', '0.3543', '0.3621', '0.3860', '0.4216', '0.4189', '0.3604', '0.3975', '0.4370', '0.3900', '0.4105', '0.4373', '0.3855', '0.4538', '0.4291', '0.3818', '0.3673', '0.3531', '0.4083', '0.4024', '0.3944', '0.3868', '0.3721', '0.3965', '0.4017', '0.4302', '0.4072', '0.3954', '0.3749', '0.3963', '0.4269']
INFO:__main__:Val_ACC:['0.7094', '0.7250', '0.7125', '0.7766', '0.7922', '0.8141', '0.8500', '0.8297', '0.8562', '0.8719', '0.8953', '0.8547', '0.8766', '0.8609', '0.8641', '0.8734', '0.8813', '0.8813', '0.8766', '0.8797', '0.8891', '0.8594', '0.8859', '0.8687', '0.8906', '0.8609', '0.8984', '0.9000', '0.8969', '0.8828', '0.8922', '0.8656', '0.8719', '0.9016', '0.9141', '0.9016', '0.9000', '0.8875', '0.9250', '0.9172', '0.8938', '0.8844', '0.9078', '0.9203', '0.9062', '0.9172', '0.8906', '0.9016', '0.9234', '0.9141', '0.9234', '0.9219', '0.9078', '0.9094', '0.9203', '0.9266', '0.9234', '0.9187', '0.9187', '0.9141', '0.9156', '0.9281', '0.9187', '0.9328', '0.9250', '0.9219', '0.9172', '0.9187', '0.9203', '0.9281', '0.9234', '0.9125', '0.9203', '0.9234', '0.9297', '0.9234', '0.9281', '0.9234', '0.9141', '0.9187', '0.9094', '0.9172', '0.9344', '0.9078', '0.9156', '0.9250', '0.9156', '0.9312', '0.9109', '0.9172', '0.9219', '0.9219', '0.9172', '0.9109', '0.9047', '0.9250', '0.9203', '0.9203', '0.9187', '0.9187', '0.9250', '0.9250', '0.9141', '0.9078', '0.9219', '0.9203', '0.9297', '0.9219', '0.9187', '0.9234', '0.9172', '0.9234', '0.9219', '0.9234', '0.9219', '0.9172', '0.9109', '0.9234', '0.9281', '0.9234']
INFO:__main__:****************************************************************************************************
INFO:__main__: epoch0 测试test_Loss: 0.3071  test_ACC: 0.9284  
INFO:__main__:SENS: 0.9385 SPEC: 0.9217 PPV: 0.8873 NPV: 0.9580 F1:0.9121
INFO:__main__:test_Best_acc:0.9284
INFO:__main__:flops:2663936992.0  params:14150050.0
