INFO:__main__:
【train】epoch:0/120 loss:0.5836 acc:0.6929
INFO:__main__:
【val】epoch:0/120 loss:0.5513 acc:0.7172
INFO:__main__:
【Val】:  SENS: 0.6600  SPEC: 0.7538  PPV: 0.6322  NPV: 0.7757 F1:0.6458
INFO:__main__:验证的best_acc:0.7172
INFO:__main__:----------------------------------------------------------------------------------------------------
INFO:__main__:
【train】epoch:1/120 loss:0.4837 acc:0.7649
INFO:__main__:
【val】epoch:1/120 loss:0.4666 acc:0.7766
INFO:__main__:
【Val】:  SENS: 0.7480  SPEC: 0.7949  PPV: 0.7004  NPV: 0.8311 F1:0.7234
INFO:__main__:验证的best_acc:0.7766
INFO:__main__:----------------------------------------------------------------------------------------------------
INFO:__main__:
【train】epoch:2/120 loss:0.4265 acc:0.7999
INFO:__main__:
【val】epoch:2/120 loss:0.3900 acc:0.8172
INFO:__main__:
【Val】:  SENS: 0.8000  SPEC: 0.8282  PPV: 0.7491  NPV: 0.8660 F1:0.7737
INFO:__main__:验证的best_acc:0.8172
INFO:__main__:----------------------------------------------------------------------------------------------------
INFO:__main__:
【train】epoch:3/120 loss:0.3915 acc:0.8251
INFO:__main__:
【val】epoch:3/120 loss:0.3900 acc:0.8094
INFO:__main__:
【Val】:  SENS: 0.6600  SPEC: 0.9051  PPV: 0.8168  NPV: 0.8059 F1:0.7301
INFO:__main__:验证的best_acc:0.8172
INFO:__main__:----------------------------------------------------------------------------------------------------
INFO:__main__:
【train】epoch:4/120 loss:0.3714 acc:0.8410
INFO:__main__:
【val】epoch:4/120 loss:0.3622 acc:0.8203
INFO:__main__:
【Val】:  SENS: 0.7120  SPEC: 0.8897  PPV: 0.8054  NPV: 0.8282 F1:0.7558
INFO:__main__:验证的best_acc:0.8203
INFO:__main__:----------------------------------------------------------------------------------------------------
INFO:__main__:
【train】epoch:5/120 loss:0.3591 acc:0.8391
INFO:__main__:
【val】epoch:5/120 loss:0.3689 acc:0.8141
INFO:__main__:
【Val】:  SENS: 0.7360  SPEC: 0.8641  PPV: 0.7764  NPV: 0.8362 F1:0.7556
INFO:__main__:验证的best_acc:0.8203
INFO:__main__:----------------------------------------------------------------------------------------------------
INFO:__main__:
【train】epoch:6/120 loss:0.3366 acc:0.8525
INFO:__main__:
【val】epoch:6/120 loss:0.3063 acc:0.8594
INFO:__main__:
【Val】:  SENS: 0.8000  SPEC: 0.8974  PPV: 0.8333  NPV: 0.8750 F1:0.8163
INFO:__main__:验证的best_acc:0.8594
INFO:__main__:----------------------------------------------------------------------------------------------------
INFO:__main__:
【train】epoch:7/120 loss:0.3285 acc:0.8628
INFO:__main__:
【val】epoch:7/120 loss:0.3222 acc:0.8547
INFO:__main__:
【Val】:  SENS: 0.8520  SPEC: 0.8564  PPV: 0.7918  NPV: 0.9003 F1:0.8208
INFO:__main__:验证的best_acc:0.8594
INFO:__main__:----------------------------------------------------------------------------------------------------
INFO:__main__:
【train】epoch:8/120 loss:0.3055 acc:0.8692
INFO:__main__:
【val】epoch:8/120 loss:0.3080 acc:0.8578
INFO:__main__:
【Val】:  SENS: 0.7200  SPEC: 0.9462  PPV: 0.8955  NPV: 0.8405 F1:0.7982
INFO:__main__:验证的best_acc:0.8594
INFO:__main__:----------------------------------------------------------------------------------------------------
INFO:__main__:
【train】epoch:9/120 loss:0.2869 acc:0.8797
INFO:__main__:
【val】epoch:9/120 loss:0.3164 acc:0.8625
INFO:__main__:
【Val】:  SENS: 0.6840  SPEC: 0.9769  PPV: 0.9500  NPV: 0.8283 F1:0.7953
INFO:__main__:验证的best_acc:0.8625
INFO:__main__:----------------------------------------------------------------------------------------------------
INFO:__main__:
【train】epoch:10/120 loss:0.2721 acc:0.8874
INFO:__main__:
【val】epoch:10/120 loss:0.2809 acc:0.8906
INFO:__main__:
【Val】:  SENS: 0.8520  SPEC: 0.9154  PPV: 0.8659  NPV: 0.9061 F1:0.8589
INFO:__main__:验证的best_acc:0.8906
INFO:__main__:----------------------------------------------------------------------------------------------------
INFO:__main__:
【train】epoch:11/120 loss:0.2649 acc:0.8884
INFO:__main__:
【val】epoch:11/120 loss:0.2922 acc:0.8703
INFO:__main__:
【Val】:  SENS: 0.8680  SPEC: 0.8718  PPV: 0.8127  NPV: 0.9115 F1:0.8395
INFO:__main__:验证的best_acc:0.8906
INFO:__main__:----------------------------------------------------------------------------------------------------
INFO:__main__:
【train】epoch:12/120 loss:0.2582 acc:0.8985
INFO:__main__:
【val】epoch:12/120 loss:0.3353 acc:0.8578
INFO:__main__:
【Val】:  SENS: 0.6840  SPEC: 0.9692  PPV: 0.9344  NPV: 0.8271 F1:0.7898
INFO:__main__:验证的best_acc:0.8906
INFO:__main__:----------------------------------------------------------------------------------------------------
INFO:__main__:
【train】epoch:13/120 loss:0.2487 acc:0.8958
INFO:__main__:
【val】epoch:13/120 loss:0.2629 acc:0.8922
INFO:__main__:
【Val】:  SENS: 0.8640  SPEC: 0.9103  PPV: 0.8606  NPV: 0.9126 F1:0.8623
INFO:__main__:验证的best_acc:0.8922
INFO:__main__:----------------------------------------------------------------------------------------------------
INFO:__main__:
【train】epoch:14/120 loss:0.2532 acc:0.8964
INFO:__main__:
【val】epoch:14/120 loss:0.2576 acc:0.8938
INFO:__main__:
【Val】:  SENS: 0.8280  SPEC: 0.9359  PPV: 0.8922  NPV: 0.8946 F1:0.8589
INFO:__main__:验证的best_acc:0.8938
INFO:__main__:----------------------------------------------------------------------------------------------------
INFO:__main__:
【train】epoch:15/120 loss:0.2294 acc:0.9078
INFO:__main__:
【val】epoch:15/120 loss:0.2684 acc:0.8922
INFO:__main__:
【Val】:  SENS: 0.8880  SPEC: 0.8949  PPV: 0.8441  NPV: 0.9257 F1:0.8655
INFO:__main__:验证的best_acc:0.8938
INFO:__main__:----------------------------------------------------------------------------------------------------
INFO:__main__:
【train】epoch:16/120 loss:0.2223 acc:0.9111
INFO:__main__:
【val】epoch:16/120 loss:0.2798 acc:0.8922
INFO:__main__:
【Val】:  SENS: 0.8160  SPEC: 0.9410  PPV: 0.8987  NPV: 0.8886 F1:0.8553
INFO:__main__:验证的best_acc:0.8938
INFO:__main__:----------------------------------------------------------------------------------------------------
INFO:__main__:
【train】epoch:17/120 loss:0.2337 acc:0.9062
INFO:__main__:
【val】epoch:17/120 loss:0.2500 acc:0.8922
INFO:__main__:
【Val】:  SENS: 0.8800  SPEC: 0.9000  PPV: 0.8494  NPV: 0.9213 F1:0.8644
INFO:__main__:验证的best_acc:0.8938
INFO:__main__:----------------------------------------------------------------------------------------------------
INFO:__main__:
【train】epoch:18/120 loss:0.2157 acc:0.9127
INFO:__main__:
【val】epoch:18/120 loss:0.2429 acc:0.9078
INFO:__main__:
【Val】:  SENS: 0.8680  SPEC: 0.9333  PPV: 0.8930  NPV: 0.9169 F1:0.8803
INFO:__main__:验证的best_acc:0.9078
INFO:__main__:----------------------------------------------------------------------------------------------------
INFO:__main__:
【train】epoch:19/120 loss:0.1933 acc:0.9227
INFO:__main__:
【val】epoch:19/120 loss:0.2569 acc:0.9062
INFO:__main__:
【Val】:  SENS: 0.8800  SPEC: 0.9231  PPV: 0.8800  NPV: 0.9231 F1:0.8800
INFO:__main__:验证的best_acc:0.9078
INFO:__main__:----------------------------------------------------------------------------------------------------
INFO:__main__:
【train】epoch:20/120 loss:0.1884 acc:0.9241
INFO:__main__:
【val】epoch:20/120 loss:0.2524 acc:0.8984
INFO:__main__:
【Val】:  SENS: 0.8400  SPEC: 0.9359  PPV: 0.8936  NPV: 0.9012 F1:0.8660
INFO:__main__:验证的best_acc:0.9078
INFO:__main__:----------------------------------------------------------------------------------------------------
INFO:__main__:
【train】epoch:21/120 loss:0.1969 acc:0.9212
INFO:__main__:
【val】epoch:21/120 loss:0.2469 acc:0.9203
INFO:__main__:
【Val】:  SENS: 0.8800  SPEC: 0.9462  PPV: 0.9129  NPV: 0.9248 F1:0.8961
INFO:__main__:验证的best_acc:0.9203
INFO:__main__:----------------------------------------------------------------------------------------------------
INFO:__main__:
【train】epoch:22/120 loss:0.1815 acc:0.9251
INFO:__main__:
【val】epoch:22/120 loss:0.4863 acc:0.8453
INFO:__main__:
【Val】:  SENS: 0.6320  SPEC: 0.9821  PPV: 0.9576  NPV: 0.8063 F1:0.7614
INFO:__main__:验证的best_acc:0.9203
INFO:__main__:----------------------------------------------------------------------------------------------------
INFO:__main__:
【train】epoch:23/120 loss:0.1767 acc:0.9309
INFO:__main__:
【val】epoch:23/120 loss:0.2653 acc:0.9047
INFO:__main__:
【Val】:  SENS: 0.8640  SPEC: 0.9308  PPV: 0.8889  NPV: 0.9144 F1:0.8763
INFO:__main__:验证的best_acc:0.9203
INFO:__main__:----------------------------------------------------------------------------------------------------
INFO:__main__:
【train】epoch:24/120 loss:0.1789 acc:0.9274
INFO:__main__:
【val】epoch:24/120 loss:0.3544 acc:0.8859
INFO:__main__:
【Val】:  SENS: 0.7640  SPEC: 0.9641  PPV: 0.9317  NPV: 0.8644 F1:0.8396
INFO:__main__:验证的best_acc:0.9203
INFO:__main__:----------------------------------------------------------------------------------------------------
INFO:__main__:
【train】epoch:25/120 loss:0.1682 acc:0.9354
INFO:__main__:
【val】epoch:25/120 loss:0.2876 acc:0.8906
INFO:__main__:
【Val】:  SENS: 0.7880  SPEC: 0.9564  PPV: 0.9206  NPV: 0.8756 F1:0.8491
INFO:__main__:验证的best_acc:0.9203
INFO:__main__:----------------------------------------------------------------------------------------------------
INFO:__main__:
【train】epoch:26/120 loss:0.1665 acc:0.9319
INFO:__main__:
【val】epoch:26/120 loss:0.3312 acc:0.8922
INFO:__main__:
【Val】:  SENS: 0.8200  SPEC: 0.9385  PPV: 0.8952  NPV: 0.8905 F1:0.8559
INFO:__main__:验证的best_acc:0.9203
INFO:__main__:----------------------------------------------------------------------------------------------------
INFO:__main__:
【train】epoch:27/120 loss:0.1586 acc:0.9385
INFO:__main__:
【val】epoch:27/120 loss:0.3092 acc:0.9000
INFO:__main__:
【Val】:  SENS: 0.8120  SPEC: 0.9564  PPV: 0.9227  NPV: 0.8881 F1:0.8638
INFO:__main__:验证的best_acc:0.9203
INFO:__main__:----------------------------------------------------------------------------------------------------
INFO:__main__:
【train】epoch:28/120 loss:0.1599 acc:0.9394
INFO:__main__:
【val】epoch:28/120 loss:0.3232 acc:0.9141
INFO:__main__:
【Val】:  SENS: 0.8320  SPEC: 0.9667  PPV: 0.9412  NPV: 0.8998 F1:0.8832
INFO:__main__:验证的best_acc:0.9203
INFO:__main__:----------------------------------------------------------------------------------------------------
INFO:__main__:
【train】epoch:29/120 loss:0.1435 acc:0.9472
INFO:__main__:
【val】epoch:29/120 loss:0.2441 acc:0.9109
INFO:__main__:
【Val】:  SENS: 0.8880  SPEC: 0.9256  PPV: 0.8845  NPV: 0.9280 F1:0.8862
INFO:__main__:验证的best_acc:0.9203
INFO:__main__:----------------------------------------------------------------------------------------------------
INFO:__main__:
【train】epoch:30/120 loss:0.1362 acc:0.9478
INFO:__main__:
【val】epoch:30/120 loss:0.2788 acc:0.9000
INFO:__main__:
【Val】:  SENS: 0.8680  SPEC: 0.9205  PPV: 0.8750  NPV: 0.9158 F1:0.8715
INFO:__main__:验证的best_acc:0.9203
INFO:__main__:----------------------------------------------------------------------------------------------------
INFO:__main__:
【train】epoch:31/120 loss:0.1343 acc:0.9472
INFO:__main__:
【val】epoch:31/120 loss:0.3363 acc:0.8859
INFO:__main__:
【Val】:  SENS: 0.7800  SPEC: 0.9538  PPV: 0.9155  NPV: 0.8712 F1:0.8423
INFO:__main__:验证的best_acc:0.9203
INFO:__main__:----------------------------------------------------------------------------------------------------
INFO:__main__:
【train】epoch:32/120 loss:0.1365 acc:0.9472
INFO:__main__:
【val】epoch:32/120 loss:0.2428 acc:0.9203
INFO:__main__:
【Val】:  SENS: 0.8760  SPEC: 0.9487  PPV: 0.9163  NPV: 0.9227 F1:0.8957
INFO:__main__:验证的best_acc:0.9203
INFO:__main__:----------------------------------------------------------------------------------------------------
INFO:__main__:
【train】epoch:33/120 loss:0.1319 acc:0.9460
INFO:__main__:
【val】epoch:33/120 loss:0.2351 acc:0.9172
INFO:__main__:
【Val】:  SENS: 0.9080  SPEC: 0.9231  PPV: 0.8833  NPV: 0.9399 F1:0.8955
INFO:__main__:验证的best_acc:0.9203
INFO:__main__:----------------------------------------------------------------------------------------------------
INFO:__main__:
【train】epoch:34/120 loss:0.1290 acc:0.9499
INFO:__main__:
【val】epoch:34/120 loss:0.2866 acc:0.9125
INFO:__main__:
【Val】:  SENS: 0.8400  SPEC: 0.9590  PPV: 0.9292  NPV: 0.9034 F1:0.8824
INFO:__main__:验证的best_acc:0.9203
INFO:__main__:----------------------------------------------------------------------------------------------------
INFO:__main__:
【train】epoch:35/120 loss:0.1322 acc:0.9486
INFO:__main__:
【val】epoch:35/120 loss:0.3024 acc:0.9109
INFO:__main__:
【Val】:  SENS: 0.8680  SPEC: 0.9385  PPV: 0.9004  NPV: 0.9173 F1:0.8839
INFO:__main__:验证的best_acc:0.9203
INFO:__main__:----------------------------------------------------------------------------------------------------
INFO:__main__:
【train】epoch:36/120 loss:0.1220 acc:0.9497
INFO:__main__:
【val】epoch:36/120 loss:0.3047 acc:0.9016
INFO:__main__:
【Val】:  SENS: 0.8200  SPEC: 0.9538  PPV: 0.9193  NPV: 0.8921 F1:0.8668
INFO:__main__:验证的best_acc:0.9203
INFO:__main__:----------------------------------------------------------------------------------------------------
INFO:__main__:
【train】epoch:37/120 loss:0.1250 acc:0.9552
INFO:__main__:
【val】epoch:37/120 loss:0.2715 acc:0.9125
INFO:__main__:
【Val】:  SENS: 0.8880  SPEC: 0.9282  PPV: 0.8880  NPV: 0.9282 F1:0.8880
INFO:__main__:验证的best_acc:0.9203
INFO:__main__:----------------------------------------------------------------------------------------------------
INFO:__main__:
【train】epoch:38/120 loss:0.1080 acc:0.9600
INFO:__main__:
【val】epoch:38/120 loss:0.2564 acc:0.9172
INFO:__main__:
【Val】:  SENS: 0.8800  SPEC: 0.9410  PPV: 0.9053  NPV: 0.9244 F1:0.8925
INFO:__main__:验证的best_acc:0.9203
INFO:__main__:----------------------------------------------------------------------------------------------------
INFO:__main__:
【train】epoch:39/120 loss:0.1053 acc:0.9606
INFO:__main__:
【val】epoch:39/120 loss:0.2759 acc:0.9125
INFO:__main__:
【Val】:  SENS: 0.8720  SPEC: 0.9385  PPV: 0.9008  NPV: 0.9196 F1:0.8862
INFO:__main__:验证的best_acc:0.9203
INFO:__main__:----------------------------------------------------------------------------------------------------
INFO:__main__:
【train】epoch:40/120 loss:0.1170 acc:0.9546
INFO:__main__:
【val】epoch:40/120 loss:0.2878 acc:0.9234
INFO:__main__:
【Val】:  SENS: 0.8840  SPEC: 0.9487  PPV: 0.9170  NPV: 0.9273 F1:0.9002
INFO:__main__:验证的best_acc:0.9234
INFO:__main__:----------------------------------------------------------------------------------------------------
INFO:__main__:
【train】epoch:41/120 loss:0.0951 acc:0.9653
INFO:__main__:
【val】epoch:41/120 loss:0.3074 acc:0.9172
INFO:__main__:
【Val】:  SENS: 0.8720  SPEC: 0.9462  PPV: 0.9121  NPV: 0.9202 F1:0.8916
INFO:__main__:验证的best_acc:0.9234
INFO:__main__:----------------------------------------------------------------------------------------------------
INFO:__main__:
【train】epoch:42/120 loss:0.0972 acc:0.9606
INFO:__main__:
【val】epoch:42/120 loss:0.2903 acc:0.9234
INFO:__main__:
【Val】:  SENS: 0.8960  SPEC: 0.9410  PPV: 0.9069  NPV: 0.9338 F1:0.9014
INFO:__main__:验证的best_acc:0.9234
INFO:__main__:----------------------------------------------------------------------------------------------------
INFO:__main__:
【train】epoch:43/120 loss:0.0967 acc:0.9639
INFO:__main__:
【val】epoch:43/120 loss:0.3305 acc:0.9125
INFO:__main__:
【Val】:  SENS: 0.8960  SPEC: 0.9231  PPV: 0.8819  NPV: 0.9326 F1:0.8889
INFO:__main__:验证的best_acc:0.9234
INFO:__main__:----------------------------------------------------------------------------------------------------
INFO:__main__:
【train】epoch:44/120 loss:0.0926 acc:0.9656
INFO:__main__:
【val】epoch:44/120 loss:0.2604 acc:0.9172
INFO:__main__:
【Val】:  SENS: 0.8840  SPEC: 0.9385  PPV: 0.9020  NPV: 0.9266 F1:0.8929
INFO:__main__:验证的best_acc:0.9234
INFO:__main__:----------------------------------------------------------------------------------------------------
INFO:__main__:
【train】epoch:45/120 loss:0.0968 acc:0.9627
INFO:__main__:
【val】epoch:45/120 loss:0.2792 acc:0.9109
INFO:__main__:
【Val】:  SENS: 0.8440  SPEC: 0.9538  PPV: 0.9214  NPV: 0.9051 F1:0.8810
INFO:__main__:验证的best_acc:0.9234
INFO:__main__:----------------------------------------------------------------------------------------------------
INFO:__main__:
【train】epoch:46/120 loss:0.0995 acc:0.9620
INFO:__main__:
【val】epoch:46/120 loss:0.3278 acc:0.9062
INFO:__main__:
【Val】:  SENS: 0.8520  SPEC: 0.9410  PPV: 0.9025  NPV: 0.9084 F1:0.8765
INFO:__main__:验证的best_acc:0.9234
INFO:__main__:----------------------------------------------------------------------------------------------------
INFO:__main__:
【train】epoch:47/120 loss:0.0942 acc:0.9627
INFO:__main__:
【val】epoch:47/120 loss:0.2329 acc:0.9172
INFO:__main__:
【Val】:  SENS: 0.8960  SPEC: 0.9308  PPV: 0.8924  NPV: 0.9332 F1:0.8942
INFO:__main__:验证的best_acc:0.9234
INFO:__main__:----------------------------------------------------------------------------------------------------
INFO:__main__:
【train】epoch:48/120 loss:0.0903 acc:0.9668
INFO:__main__:
【val】epoch:48/120 loss:0.2881 acc:0.9125
INFO:__main__:
【Val】:  SENS: 0.8960  SPEC: 0.9231  PPV: 0.8819  NPV: 0.9326 F1:0.8889
INFO:__main__:验证的best_acc:0.9234
INFO:__main__:----------------------------------------------------------------------------------------------------
INFO:__main__:
【train】epoch:49/120 loss:0.0790 acc:0.9676
INFO:__main__:
【val】epoch:49/120 loss:0.3117 acc:0.9078
INFO:__main__:
【Val】:  SENS: 0.8520  SPEC: 0.9436  PPV: 0.9064  NPV: 0.9086 F1:0.8784
INFO:__main__:验证的best_acc:0.9234
INFO:__main__:----------------------------------------------------------------------------------------------------
INFO:__main__:
【train】epoch:50/120 loss:0.0859 acc:0.9684
INFO:__main__:
【val】epoch:50/120 loss:0.3078 acc:0.9156
INFO:__main__:
【Val】:  SENS: 0.8760  SPEC: 0.9410  PPV: 0.9050  NPV: 0.9221 F1:0.8902
INFO:__main__:验证的best_acc:0.9234
INFO:__main__:----------------------------------------------------------------------------------------------------
INFO:__main__:
【train】epoch:51/120 loss:0.0754 acc:0.9693
INFO:__main__:
【val】epoch:51/120 loss:0.3166 acc:0.9203
INFO:__main__:
【Val】:  SENS: 0.9120  SPEC: 0.9256  PPV: 0.8872  NPV: 0.9426 F1:0.8994
INFO:__main__:验证的best_acc:0.9234
INFO:__main__:----------------------------------------------------------------------------------------------------
INFO:__main__:
【train】epoch:52/120 loss:0.0777 acc:0.9715
INFO:__main__:
【val】epoch:52/120 loss:0.3356 acc:0.9094
INFO:__main__:
【Val】:  SENS: 0.8600  SPEC: 0.9410  PPV: 0.9034  NPV: 0.9129 F1:0.8811
INFO:__main__:验证的best_acc:0.9234
INFO:__main__:----------------------------------------------------------------------------------------------------
INFO:__main__:
【train】epoch:53/120 loss:0.0785 acc:0.9705
INFO:__main__:
【val】epoch:53/120 loss:0.3181 acc:0.9125
INFO:__main__:
【Val】:  SENS: 0.8600  SPEC: 0.9462  PPV: 0.9110  NPV: 0.9134 F1:0.8848
INFO:__main__:验证的best_acc:0.9234
INFO:__main__:----------------------------------------------------------------------------------------------------
INFO:__main__:
【train】epoch:54/120 loss:0.0743 acc:0.9719
INFO:__main__:
【val】epoch:54/120 loss:0.3132 acc:0.9172
INFO:__main__:
【Val】:  SENS: 0.8920  SPEC: 0.9333  PPV: 0.8956  NPV: 0.9309 F1:0.8938
INFO:__main__:验证的best_acc:0.9234
INFO:__main__:----------------------------------------------------------------------------------------------------
INFO:__main__:
【train】epoch:55/120 loss:0.0739 acc:0.9709
INFO:__main__:
【val】epoch:55/120 loss:0.3277 acc:0.9141
INFO:__main__:
【Val】:  SENS: 0.8800  SPEC: 0.9359  PPV: 0.8980  NPV: 0.9241 F1:0.8889
INFO:__main__:验证的best_acc:0.9234
INFO:__main__:----------------------------------------------------------------------------------------------------
INFO:__main__:
【train】epoch:56/120 loss:0.0677 acc:0.9728
INFO:__main__:
【val】epoch:56/120 loss:0.2578 acc:0.9187
INFO:__main__:
【Val】:  SENS: 0.8640  SPEC: 0.9538  PPV: 0.9231  NPV: 0.9163 F1:0.8926
INFO:__main__:验证的best_acc:0.9234
INFO:__main__:----------------------------------------------------------------------------------------------------
INFO:__main__:
【train】epoch:57/120 loss:0.0663 acc:0.9738
INFO:__main__:
【val】epoch:57/120 loss:0.3148 acc:0.9125
INFO:__main__:
【Val】:  SENS: 0.8880  SPEC: 0.9282  PPV: 0.8880  NPV: 0.9282 F1:0.8880
INFO:__main__:验证的best_acc:0.9234
INFO:__main__:----------------------------------------------------------------------------------------------------
INFO:__main__:
【train】epoch:58/120 loss:0.0705 acc:0.9748
INFO:__main__:
【val】epoch:58/120 loss:0.2735 acc:0.9250
INFO:__main__:
【Val】:  SENS: 0.8840  SPEC: 0.9513  PPV: 0.9208  NPV: 0.9275 F1:0.9020
INFO:__main__:验证的best_acc:0.9250
INFO:__main__:----------------------------------------------------------------------------------------------------
INFO:__main__:
【train】epoch:59/120 loss:0.0662 acc:0.9767
INFO:__main__:
【val】epoch:59/120 loss:0.3000 acc:0.9187
INFO:__main__:
【Val】:  SENS: 0.8680  SPEC: 0.9513  PPV: 0.9195  NPV: 0.9183 F1:0.8930
INFO:__main__:验证的best_acc:0.9250
INFO:__main__:----------------------------------------------------------------------------------------------------
INFO:__main__:
【train】epoch:60/120 loss:0.0606 acc:0.9767
INFO:__main__:
【val】epoch:60/120 loss:0.3051 acc:0.9281
INFO:__main__:
【Val】:  SENS: 0.8840  SPEC: 0.9564  PPV: 0.9286  NPV: 0.9279 F1:0.9057
INFO:__main__:验证的best_acc:0.9281
INFO:__main__:----------------------------------------------------------------------------------------------------
INFO:__main__:
【train】epoch:61/120 loss:0.0576 acc:0.9790
INFO:__main__:
【val】epoch:61/120 loss:0.2855 acc:0.9266
INFO:__main__:
【Val】:  SENS: 0.9040  SPEC: 0.9410  PPV: 0.9076  NPV: 0.9386 F1:0.9058
INFO:__main__:验证的best_acc:0.9281
INFO:__main__:----------------------------------------------------------------------------------------------------
INFO:__main__:
【train】epoch:62/120 loss:0.0526 acc:0.9827
INFO:__main__:
【val】epoch:62/120 loss:0.3311 acc:0.9125
INFO:__main__:
【Val】:  SENS: 0.8760  SPEC: 0.9359  PPV: 0.8975  NPV: 0.9217 F1:0.8866
INFO:__main__:验证的best_acc:0.9281
INFO:__main__:----------------------------------------------------------------------------------------------------
INFO:__main__:
【train】epoch:63/120 loss:0.0623 acc:0.9738
INFO:__main__:
【val】epoch:63/120 loss:0.2878 acc:0.9312
INFO:__main__:
【Val】:  SENS: 0.9360  SPEC: 0.9282  PPV: 0.8931  NPV: 0.9577 F1:0.9141
INFO:__main__:验证的best_acc:0.9312
INFO:__main__:----------------------------------------------------------------------------------------------------
INFO:__main__:
【train】epoch:64/120 loss:0.0574 acc:0.9806
INFO:__main__:
【val】epoch:64/120 loss:0.2851 acc:0.9297
INFO:__main__:
【Val】:  SENS: 0.9000  SPEC: 0.9487  PPV: 0.9184  NPV: 0.9367 F1:0.9091
INFO:__main__:验证的best_acc:0.9312
INFO:__main__:----------------------------------------------------------------------------------------------------
INFO:__main__:
【train】epoch:65/120 loss:0.0556 acc:0.9798
INFO:__main__:
【val】epoch:65/120 loss:0.2813 acc:0.9266
INFO:__main__:
【Val】:  SENS: 0.8920  SPEC: 0.9487  PPV: 0.9177  NPV: 0.9320 F1:0.9047
INFO:__main__:验证的best_acc:0.9312
INFO:__main__:----------------------------------------------------------------------------------------------------
INFO:__main__:
【train】epoch:66/120 loss:0.0541 acc:0.9804
INFO:__main__:
【val】epoch:66/120 loss:0.3227 acc:0.9141
INFO:__main__:
【Val】:  SENS: 0.8520  SPEC: 0.9538  PPV: 0.9221  NPV: 0.9095 F1:0.8857
INFO:__main__:验证的best_acc:0.9312
INFO:__main__:----------------------------------------------------------------------------------------------------
INFO:__main__:
【train】epoch:67/120 loss:0.0597 acc:0.9759
INFO:__main__:
【val】epoch:67/120 loss:0.3008 acc:0.9219
INFO:__main__:
【Val】:  SENS: 0.8880  SPEC: 0.9436  PPV: 0.9098  NPV: 0.9293 F1:0.8988
INFO:__main__:验证的best_acc:0.9312
INFO:__main__:----------------------------------------------------------------------------------------------------
INFO:__main__:
【train】epoch:68/120 loss:0.0486 acc:0.9831
INFO:__main__:
【val】epoch:68/120 loss:0.2843 acc:0.9266
INFO:__main__:
【Val】:  SENS: 0.9080  SPEC: 0.9385  PPV: 0.9044  NPV: 0.9409 F1:0.9062
INFO:__main__:验证的best_acc:0.9312
INFO:__main__:----------------------------------------------------------------------------------------------------
INFO:__main__:
【train】epoch:69/120 loss:0.0541 acc:0.9806
INFO:__main__:
【val】epoch:69/120 loss:0.2859 acc:0.9266
INFO:__main__:
【Val】:  SENS: 0.8960  SPEC: 0.9462  PPV: 0.9143  NPV: 0.9342 F1:0.9051
INFO:__main__:验证的best_acc:0.9312
INFO:__main__:----------------------------------------------------------------------------------------------------
INFO:__main__:
【train】epoch:70/120 loss:0.0450 acc:0.9827
INFO:__main__:
【val】epoch:70/120 loss:0.2923 acc:0.9281
INFO:__main__:
【Val】:  SENS: 0.8840  SPEC: 0.9564  PPV: 0.9286  NPV: 0.9279 F1:0.9057
INFO:__main__:验证的best_acc:0.9312
INFO:__main__:----------------------------------------------------------------------------------------------------
INFO:__main__:
【train】epoch:71/120 loss:0.0480 acc:0.9831
INFO:__main__:
【val】epoch:71/120 loss:0.3316 acc:0.9219
INFO:__main__:
【Val】:  SENS: 0.9040  SPEC: 0.9333  PPV: 0.8968  NPV: 0.9381 F1:0.9004
INFO:__main__:验证的best_acc:0.9312
INFO:__main__:----------------------------------------------------------------------------------------------------
INFO:__main__:
【train】epoch:72/120 loss:0.0409 acc:0.9866
INFO:__main__:
【val】epoch:72/120 loss:0.2842 acc:0.9219
INFO:__main__:
【Val】:  SENS: 0.8920  SPEC: 0.9410  PPV: 0.9065  NPV: 0.9315 F1:0.8992
INFO:__main__:验证的best_acc:0.9312
INFO:__main__:----------------------------------------------------------------------------------------------------
INFO:__main__:
【train】epoch:73/120 loss:0.0438 acc:0.9841
INFO:__main__:
【val】epoch:73/120 loss:0.3341 acc:0.9094
INFO:__main__:
【Val】:  SENS: 0.8760  SPEC: 0.9308  PPV: 0.8902  NPV: 0.9213 F1:0.8831
INFO:__main__:验证的best_acc:0.9312
INFO:__main__:----------------------------------------------------------------------------------------------------
INFO:__main__:
【train】epoch:74/120 loss:0.0480 acc:0.9802
INFO:__main__:
【val】epoch:74/120 loss:0.3475 acc:0.9250
INFO:__main__:
【Val】:  SENS: 0.9040  SPEC: 0.9385  PPV: 0.9040  NPV: 0.9385 F1:0.9040
INFO:__main__:验证的best_acc:0.9312
INFO:__main__:----------------------------------------------------------------------------------------------------
INFO:__main__:
【train】epoch:75/120 loss:0.0505 acc:0.9806
INFO:__main__:
【val】epoch:75/120 loss:0.3480 acc:0.9078
INFO:__main__:
【Val】:  SENS: 0.8680  SPEC: 0.9333  PPV: 0.8930  NPV: 0.9169 F1:0.8803
INFO:__main__:验证的best_acc:0.9312
INFO:__main__:----------------------------------------------------------------------------------------------------
INFO:__main__:
【train】epoch:76/120 loss:0.0451 acc:0.9833
INFO:__main__:
【val】epoch:76/120 loss:0.3084 acc:0.9187
INFO:__main__:
【Val】:  SENS: 0.8760  SPEC: 0.9462  PPV: 0.9125  NPV: 0.9225 F1:0.8939
INFO:__main__:验证的best_acc:0.9312
INFO:__main__:----------------------------------------------------------------------------------------------------
INFO:__main__:
【train】epoch:77/120 loss:0.0420 acc:0.9833
INFO:__main__:
【val】epoch:77/120 loss:0.3157 acc:0.9281
INFO:__main__:
【Val】:  SENS: 0.9000  SPEC: 0.9462  PPV: 0.9146  NPV: 0.9365 F1:0.9073
INFO:__main__:验证的best_acc:0.9312
INFO:__main__:----------------------------------------------------------------------------------------------------
INFO:__main__:
【train】epoch:78/120 loss:0.0436 acc:0.9839
INFO:__main__:
【val】epoch:78/120 loss:0.3917 acc:0.9125
INFO:__main__:
【Val】:  SENS: 0.8840  SPEC: 0.9308  PPV: 0.8911  NPV: 0.9260 F1:0.8876
INFO:__main__:验证的best_acc:0.9312
INFO:__main__:----------------------------------------------------------------------------------------------------
INFO:__main__:
【train】epoch:79/120 loss:0.0428 acc:0.9833
INFO:__main__:
【val】epoch:79/120 loss:0.3470 acc:0.9187
INFO:__main__:
【Val】:  SENS: 0.8800  SPEC: 0.9436  PPV: 0.9091  NPV: 0.9246 F1:0.8943
INFO:__main__:验证的best_acc:0.9312
INFO:__main__:----------------------------------------------------------------------------------------------------
INFO:__main__:
【train】epoch:80/120 loss:0.0407 acc:0.9849
INFO:__main__:
【val】epoch:80/120 loss:0.3343 acc:0.9141
INFO:__main__:
【Val】:  SENS: 0.8800  SPEC: 0.9359  PPV: 0.8980  NPV: 0.9241 F1:0.8889
INFO:__main__:验证的best_acc:0.9312
INFO:__main__:----------------------------------------------------------------------------------------------------
INFO:__main__:
【train】epoch:81/120 loss:0.0353 acc:0.9874
INFO:__main__:
【val】epoch:81/120 loss:0.3808 acc:0.9219
INFO:__main__:
【Val】:  SENS: 0.8920  SPEC: 0.9410  PPV: 0.9065  NPV: 0.9315 F1:0.8992
INFO:__main__:验证的best_acc:0.9312
INFO:__main__:----------------------------------------------------------------------------------------------------
INFO:__main__:
【train】epoch:82/120 loss:0.0380 acc:0.9868
INFO:__main__:
【val】epoch:82/120 loss:0.3717 acc:0.9266
INFO:__main__:
【Val】:  SENS: 0.8840  SPEC: 0.9538  PPV: 0.9247  NPV: 0.9277 F1:0.9039
INFO:__main__:验证的best_acc:0.9312
INFO:__main__:----------------------------------------------------------------------------------------------------
INFO:__main__:
【train】epoch:83/120 loss:0.0342 acc:0.9889
INFO:__main__:
【val】epoch:83/120 loss:0.3891 acc:0.9219
INFO:__main__:
【Val】:  SENS: 0.8800  SPEC: 0.9487  PPV: 0.9167  NPV: 0.9250 F1:0.8980
INFO:__main__:验证的best_acc:0.9312
INFO:__main__:----------------------------------------------------------------------------------------------------
INFO:__main__:
【train】epoch:84/120 loss:0.0318 acc:0.9876
INFO:__main__:
【val】epoch:84/120 loss:0.3697 acc:0.9187
INFO:__main__:
【Val】:  SENS: 0.8840  SPEC: 0.9410  PPV: 0.9057  NPV: 0.9268 F1:0.8947
INFO:__main__:验证的best_acc:0.9312
INFO:__main__:----------------------------------------------------------------------------------------------------
INFO:__main__:
【train】epoch:85/120 loss:0.0385 acc:0.9864
INFO:__main__:
【val】epoch:85/120 loss:0.3797 acc:0.9094
INFO:__main__:
【Val】:  SENS: 0.8720  SPEC: 0.9333  PPV: 0.8934  NPV: 0.9192 F1:0.8826
INFO:__main__:验证的best_acc:0.9312
INFO:__main__:----------------------------------------------------------------------------------------------------
INFO:__main__:
【train】epoch:86/120 loss:0.0345 acc:0.9885
INFO:__main__:
【val】epoch:86/120 loss:0.3945 acc:0.9156
INFO:__main__:
【Val】:  SENS: 0.8880  SPEC: 0.9333  PPV: 0.8952  NPV: 0.9286 F1:0.8916
INFO:__main__:验证的best_acc:0.9312
INFO:__main__:----------------------------------------------------------------------------------------------------
INFO:__main__:
【train】epoch:87/120 loss:0.0231 acc:0.9922
INFO:__main__:
【val】epoch:87/120 loss:0.3872 acc:0.9172
INFO:__main__:
【Val】:  SENS: 0.8720  SPEC: 0.9462  PPV: 0.9121  NPV: 0.9202 F1:0.8916
INFO:__main__:验证的best_acc:0.9312
INFO:__main__:----------------------------------------------------------------------------------------------------
INFO:__main__:
【train】epoch:88/120 loss:0.0341 acc:0.9868
INFO:__main__:
【val】epoch:88/120 loss:0.3504 acc:0.9281
INFO:__main__:
【Val】:  SENS: 0.8960  SPEC: 0.9487  PPV: 0.9180  NPV: 0.9343 F1:0.9069
INFO:__main__:验证的best_acc:0.9312
INFO:__main__:----------------------------------------------------------------------------------------------------
INFO:__main__:
【train】epoch:89/120 loss:0.0301 acc:0.9901
INFO:__main__:
【val】epoch:89/120 loss:0.3690 acc:0.9000
INFO:__main__:
【Val】:  SENS: 0.8440  SPEC: 0.9359  PPV: 0.8941  NPV: 0.9035 F1:0.8683
INFO:__main__:验证的best_acc:0.9312
INFO:__main__:----------------------------------------------------------------------------------------------------
INFO:__main__:
【train】epoch:90/120 loss:0.0281 acc:0.9907
INFO:__main__:
【val】epoch:90/120 loss:0.3457 acc:0.9219
INFO:__main__:
【Val】:  SENS: 0.8760  SPEC: 0.9513  PPV: 0.9202  NPV: 0.9229 F1:0.8975
INFO:__main__:验证的best_acc:0.9312
INFO:__main__:----------------------------------------------------------------------------------------------------
INFO:__main__:
【train】epoch:91/120 loss:0.0331 acc:0.9882
INFO:__main__:
【val】epoch:91/120 loss:0.3595 acc:0.9266
INFO:__main__:
【Val】:  SENS: 0.8760  SPEC: 0.9590  PPV: 0.9319  NPV: 0.9235 F1:0.9031
INFO:__main__:验证的best_acc:0.9312
INFO:__main__:----------------------------------------------------------------------------------------------------
INFO:__main__:
【train】epoch:92/120 loss:0.0300 acc:0.9911
INFO:__main__:
【val】epoch:92/120 loss:0.3976 acc:0.9141
INFO:__main__:
【Val】:  SENS: 0.8840  SPEC: 0.9333  PPV: 0.8947  NPV: 0.9262 F1:0.8893
INFO:__main__:验证的best_acc:0.9312
INFO:__main__:----------------------------------------------------------------------------------------------------
INFO:__main__:
【train】epoch:93/120 loss:0.0246 acc:0.9911
INFO:__main__:
【val】epoch:93/120 loss:0.3685 acc:0.9109
INFO:__main__:
【Val】:  SENS: 0.8800  SPEC: 0.9308  PPV: 0.8907  NPV: 0.9237 F1:0.8853
INFO:__main__:验证的best_acc:0.9312
INFO:__main__:----------------------------------------------------------------------------------------------------
INFO:__main__:
【train】epoch:94/120 loss:0.0271 acc:0.9899
INFO:__main__:
【val】epoch:94/120 loss:0.3685 acc:0.9219
INFO:__main__:
【Val】:  SENS: 0.8720  SPEC: 0.9538  PPV: 0.9237  NPV: 0.9208 F1:0.8971
INFO:__main__:验证的best_acc:0.9312
INFO:__main__:----------------------------------------------------------------------------------------------------
INFO:__main__:
【train】epoch:95/120 loss:0.0239 acc:0.9920
INFO:__main__:
【val】epoch:95/120 loss:0.3805 acc:0.9156
INFO:__main__:
【Val】:  SENS: 0.8800  SPEC: 0.9385  PPV: 0.9016  NPV: 0.9242 F1:0.8907
INFO:__main__:验证的best_acc:0.9312
INFO:__main__:----------------------------------------------------------------------------------------------------
INFO:__main__:
【train】epoch:96/120 loss:0.0207 acc:0.9936
INFO:__main__:
【val】epoch:96/120 loss:0.3752 acc:0.9234
INFO:__main__:
【Val】:  SENS: 0.8880  SPEC: 0.9462  PPV: 0.9136  NPV: 0.9295 F1:0.9006
INFO:__main__:验证的best_acc:0.9312
INFO:__main__:----------------------------------------------------------------------------------------------------
INFO:__main__:
【train】epoch:97/120 loss:0.0236 acc:0.9913
INFO:__main__:
【val】epoch:97/120 loss:0.3962 acc:0.9234
INFO:__main__:
【Val】:  SENS: 0.9040  SPEC: 0.9359  PPV: 0.9004  NPV: 0.9383 F1:0.9022
INFO:__main__:验证的best_acc:0.9312
INFO:__main__:----------------------------------------------------------------------------------------------------
INFO:__main__:
【train】epoch:98/120 loss:0.0290 acc:0.9897
INFO:__main__:
【val】epoch:98/120 loss:0.3795 acc:0.9281
INFO:__main__:
【Val】:  SENS: 0.9000  SPEC: 0.9462  PPV: 0.9146  NPV: 0.9365 F1:0.9073
INFO:__main__:验证的best_acc:0.9312
INFO:__main__:----------------------------------------------------------------------------------------------------
INFO:__main__:
【train】epoch:99/120 loss:0.0209 acc:0.9918
INFO:__main__:
【val】epoch:99/120 loss:0.3809 acc:0.9187
INFO:__main__:
【Val】:  SENS: 0.8880  SPEC: 0.9385  PPV: 0.9024  NPV: 0.9289 F1:0.8952
INFO:__main__:验证的best_acc:0.9312
INFO:__main__:----------------------------------------------------------------------------------------------------
INFO:__main__:
【train】epoch:100/120 loss:0.0200 acc:0.9924
INFO:__main__:
【val】epoch:100/120 loss:0.3783 acc:0.9109
INFO:__main__:
【Val】:  SENS: 0.8840  SPEC: 0.9282  PPV: 0.8876  NPV: 0.9258 F1:0.8858
INFO:__main__:验证的best_acc:0.9312
INFO:__main__:----------------------------------------------------------------------------------------------------
INFO:__main__:
【train】epoch:101/120 loss:0.0251 acc:0.9901
INFO:__main__:
【val】epoch:101/120 loss:0.3526 acc:0.9266
INFO:__main__:
【Val】:  SENS: 0.9040  SPEC: 0.9410  PPV: 0.9076  NPV: 0.9386 F1:0.9058
INFO:__main__:验证的best_acc:0.9312
INFO:__main__:----------------------------------------------------------------------------------------------------
INFO:__main__:
【train】epoch:102/120 loss:0.0210 acc:0.9932
INFO:__main__:
【val】epoch:102/120 loss:0.4265 acc:0.9125
INFO:__main__:
【Val】:  SENS: 0.8920  SPEC: 0.9256  PPV: 0.8849  NPV: 0.9304 F1:0.8884
INFO:__main__:验证的best_acc:0.9312
INFO:__main__:----------------------------------------------------------------------------------------------------
INFO:__main__:
【train】epoch:103/120 loss:0.0245 acc:0.9907
INFO:__main__:
【val】epoch:103/120 loss:0.4120 acc:0.9266
INFO:__main__:
【Val】:  SENS: 0.9120  SPEC: 0.9359  PPV: 0.9012  NPV: 0.9432 F1:0.9066
INFO:__main__:验证的best_acc:0.9312
INFO:__main__:----------------------------------------------------------------------------------------------------
INFO:__main__:
【train】epoch:104/120 loss:0.0205 acc:0.9918
INFO:__main__:
【val】epoch:104/120 loss:0.3816 acc:0.9234
INFO:__main__:
【Val】:  SENS: 0.8920  SPEC: 0.9436  PPV: 0.9102  NPV: 0.9316 F1:0.9010
INFO:__main__:验证的best_acc:0.9312
INFO:__main__:----------------------------------------------------------------------------------------------------
INFO:__main__:
【train】epoch:105/120 loss:0.0182 acc:0.9920
INFO:__main__:
【val】epoch:105/120 loss:0.3930 acc:0.9125
INFO:__main__:
【Val】:  SENS: 0.8720  SPEC: 0.9385  PPV: 0.9008  NPV: 0.9196 F1:0.8862
INFO:__main__:验证的best_acc:0.9312
INFO:__main__:----------------------------------------------------------------------------------------------------
INFO:__main__:
【train】epoch:106/120 loss:0.0181 acc:0.9932
INFO:__main__:
【val】epoch:106/120 loss:0.4017 acc:0.9266
INFO:__main__:
【Val】:  SENS: 0.9000  SPEC: 0.9436  PPV: 0.9109  NPV: 0.9364 F1:0.9054
INFO:__main__:验证的best_acc:0.9312
INFO:__main__:----------------------------------------------------------------------------------------------------
INFO:__main__:
【train】epoch:107/120 loss:0.0179 acc:0.9942
INFO:__main__:
【val】epoch:107/120 loss:0.4158 acc:0.9187
INFO:__main__:
【Val】:  SENS: 0.8880  SPEC: 0.9385  PPV: 0.9024  NPV: 0.9289 F1:0.8952
INFO:__main__:验证的best_acc:0.9312
INFO:__main__:----------------------------------------------------------------------------------------------------
INFO:__main__:
【train】epoch:108/120 loss:0.0179 acc:0.9932
INFO:__main__:
【val】epoch:108/120 loss:0.4206 acc:0.9172
INFO:__main__:
【Val】:  SENS: 0.8880  SPEC: 0.9359  PPV: 0.8988  NPV: 0.9288 F1:0.8934
INFO:__main__:验证的best_acc:0.9312
INFO:__main__:----------------------------------------------------------------------------------------------------
INFO:__main__:
【train】epoch:109/120 loss:0.0152 acc:0.9946
INFO:__main__:
【val】epoch:109/120 loss:0.4128 acc:0.9187
INFO:__main__:
【Val】:  SENS: 0.8800  SPEC: 0.9436  PPV: 0.9091  NPV: 0.9246 F1:0.8943
INFO:__main__:验证的best_acc:0.9312
INFO:__main__:----------------------------------------------------------------------------------------------------
INFO:__main__:
【train】epoch:110/120 loss:0.0173 acc:0.9930
INFO:__main__:
【val】epoch:110/120 loss:0.4411 acc:0.9234
INFO:__main__:
【Val】:  SENS: 0.8840  SPEC: 0.9487  PPV: 0.9170  NPV: 0.9273 F1:0.9002
INFO:__main__:验证的best_acc:0.9312
INFO:__main__:----------------------------------------------------------------------------------------------------
INFO:__main__:
【train】epoch:111/120 loss:0.0157 acc:0.9946
INFO:__main__:
【val】epoch:111/120 loss:0.4315 acc:0.9281
INFO:__main__:
【Val】:  SENS: 0.9120  SPEC: 0.9385  PPV: 0.9048  NPV: 0.9433 F1:0.9084
INFO:__main__:验证的best_acc:0.9312
INFO:__main__:----------------------------------------------------------------------------------------------------
INFO:__main__:
【train】epoch:112/120 loss:0.0125 acc:0.9957
INFO:__main__:
【val】epoch:112/120 loss:0.4635 acc:0.9250
INFO:__main__:
【Val】:  SENS: 0.9040  SPEC: 0.9385  PPV: 0.9040  NPV: 0.9385 F1:0.9040
INFO:__main__:验证的best_acc:0.9312
INFO:__main__:----------------------------------------------------------------------------------------------------
INFO:__main__:
【train】epoch:113/120 loss:0.0127 acc:0.9957
INFO:__main__:
【val】epoch:113/120 loss:0.4500 acc:0.9156
INFO:__main__:
【Val】:  SENS: 0.8800  SPEC: 0.9385  PPV: 0.9016  NPV: 0.9242 F1:0.8907
INFO:__main__:验证的best_acc:0.9312
INFO:__main__:----------------------------------------------------------------------------------------------------
INFO:__main__:
【train】epoch:114/120 loss:0.0167 acc:0.9932
INFO:__main__:
【val】epoch:114/120 loss:0.4811 acc:0.9156
INFO:__main__:
【Val】:  SENS: 0.8640  SPEC: 0.9487  PPV: 0.9153  NPV: 0.9158 F1:0.8889
INFO:__main__:验证的best_acc:0.9312
INFO:__main__:----------------------------------------------------------------------------------------------------
INFO:__main__:
【train】epoch:115/120 loss:0.0127 acc:0.9944
INFO:__main__:
【val】epoch:115/120 loss:0.4321 acc:0.9312
INFO:__main__:
【Val】:  SENS: 0.9080  SPEC: 0.9462  PPV: 0.9153  NPV: 0.9413 F1:0.9116
INFO:__main__:验证的best_acc:0.9312
INFO:__main__:----------------------------------------------------------------------------------------------------
INFO:__main__:
【train】epoch:116/120 loss:0.0116 acc:0.9950
INFO:__main__:
【val】epoch:116/120 loss:0.4309 acc:0.9250
INFO:__main__:
【Val】:  SENS: 0.9080  SPEC: 0.9359  PPV: 0.9008  NPV: 0.9407 F1:0.9044
INFO:__main__:验证的best_acc:0.9312
INFO:__main__:----------------------------------------------------------------------------------------------------
INFO:__main__:
【train】epoch:117/120 loss:0.0124 acc:0.9961
INFO:__main__:
【val】epoch:117/120 loss:0.4497 acc:0.9187
INFO:__main__:
【Val】:  SENS: 0.9000  SPEC: 0.9308  PPV: 0.8929  NPV: 0.9356 F1:0.8964
INFO:__main__:验证的best_acc:0.9312
INFO:__main__:----------------------------------------------------------------------------------------------------
INFO:__main__:
【train】epoch:118/120 loss:0.0238 acc:0.9915
INFO:__main__:
【val】epoch:118/120 loss:0.4780 acc:0.9203
INFO:__main__:
【Val】:  SENS: 0.9040  SPEC: 0.9308  PPV: 0.8933  NPV: 0.9380 F1:0.8986
INFO:__main__:验证的best_acc:0.9312
INFO:__main__:----------------------------------------------------------------------------------------------------
INFO:__main__:
【train】epoch:119/120 loss:0.0169 acc:0.9924
INFO:__main__:
【val】epoch:119/120 loss:0.4669 acc:0.9172
INFO:__main__:
【Val】:  SENS: 0.9160  SPEC: 0.9179  PPV: 0.8774  NPV: 0.9446 F1:0.8963
INFO:__main__:验证的best_acc:0.9312
INFO:__main__:----------------------------------------------------------------------------------------------------
INFO:__main__:****************************************************************************************************
INFO:__main__:Val_LOSS:['0.5513', '0.4666', '0.3900', '0.3900', '0.3622', '0.3689', '0.3063', '0.3222', '0.3080', '0.3164', '0.2809', '0.2922', '0.3353', '0.2629', '0.2576', '0.2684', '0.2798', '0.2500', '0.2429', '0.2569', '0.2524', '0.2469', '0.4863', '0.2653', '0.3544', '0.2876', '0.3312', '0.3092', '0.3232', '0.2441', '0.2788', '0.3363', '0.2428', '0.2351', '0.2866', '0.3024', '0.3047', '0.2715', '0.2564', '0.2759', '0.2878', '0.3074', '0.2903', '0.3305', '0.2604', '0.2792', '0.3278', '0.2329', '0.2881', '0.3117', '0.3078', '0.3166', '0.3356', '0.3181', '0.3132', '0.3277', '0.2578', '0.3148', '0.2735', '0.3000', '0.3051', '0.2855', '0.3311', '0.2878', '0.2851', '0.2813', '0.3227', '0.3008', '0.2843', '0.2859', '0.2923', '0.3316', '0.2842', '0.3341', '0.3475', '0.3480', '0.3084', '0.3157', '0.3917', '0.3470', '0.3343', '0.3808', '0.3717', '0.3891', '0.3697', '0.3797', '0.3945', '0.3872', '0.3504', '0.3690', '0.3457', '0.3595', '0.3976', '0.3685', '0.3685', '0.3805', '0.3752', '0.3962', '0.3795', '0.3809', '0.3783', '0.3526', '0.4265', '0.4120', '0.3816', '0.3930', '0.4017', '0.4158', '0.4206', '0.4128', '0.4411', '0.4315', '0.4635', '0.4500', '0.4811', '0.4321', '0.4309', '0.4497', '0.4780', '0.4669']
INFO:__main__:Val_ACC:['0.7172', '0.7766', '0.8172', '0.8094', '0.8203', '0.8141', '0.8594', '0.8547', '0.8578', '0.8625', '0.8906', '0.8703', '0.8578', '0.8922', '0.8938', '0.8922', '0.8922', '0.8922', '0.9078', '0.9062', '0.8984', '0.9203', '0.8453', '0.9047', '0.8859', '0.8906', '0.8922', '0.9000', '0.9141', '0.9109', '0.9000', '0.8859', '0.9203', '0.9172', '0.9125', '0.9109', '0.9016', '0.9125', '0.9172', '0.9125', '0.9234', '0.9172', '0.9234', '0.9125', '0.9172', '0.9109', '0.9062', '0.9172', '0.9125', '0.9078', '0.9156', '0.9203', '0.9094', '0.9125', '0.9172', '0.9141', '0.9187', '0.9125', '0.9250', '0.9187', '0.9281', '0.9266', '0.9125', '0.9312', '0.9297', '0.9266', '0.9141', '0.9219', '0.9266', '0.9266', '0.9281', '0.9219', '0.9219', '0.9094', '0.9250', '0.9078', '0.9187', '0.9281', '0.9125', '0.9187', '0.9141', '0.9219', '0.9266', '0.9219', '0.9187', '0.9094', '0.9156', '0.9172', '0.9281', '0.9000', '0.9219', '0.9266', '0.9141', '0.9109', '0.9219', '0.9156', '0.9234', '0.9234', '0.9281', '0.9187', '0.9109', '0.9266', '0.9125', '0.9266', '0.9234', '0.9125', '0.9266', '0.9187', '0.9172', '0.9187', '0.9234', '0.9281', '0.9250', '0.9156', '0.9156', '0.9312', '0.9250', '0.9187', '0.9203', '0.9172']
INFO:__main__:****************************************************************************************************
INFO:__main__: epoch0 测试test_Loss: 0.3094  test_ACC: 0.9162  
INFO:__main__:SENS: 0.9269 SPEC: 0.9091 PPV: 0.8700 NPV: 0.9499 F1:0.8976
INFO:__main__:test_Best_acc:0.9162
INFO:__main__:flops:2323740064.0  params:14128629.0
