INFO:__main__:
【train】epoch:0/120 loss:0.5586 acc:0.7003
INFO:__main__:
【val】epoch:0/120 loss:0.4851 acc:0.7462
INFO:__main__:
【Val】:  SENS: 0.6840  SPEC: 0.7715  PPV: 0.5486  NPV: 0.8574 F1:0.6089
INFO:__main__:验证的best_acc:0.7462
INFO:__main__:----------------------------------------------------------------------------------------------------
INFO:__main__:
【train】epoch:1/120 loss:0.4955 acc:0.7459
INFO:__main__:
【val】epoch:1/120 loss:0.4788 acc:0.7625
INFO:__main__:
【Val】:  SENS: 0.8009  SPEC: 0.7469  PPV: 0.5623  NPV: 0.9023 F1:0.6607
INFO:__main__:验证的best_acc:0.7625
INFO:__main__:----------------------------------------------------------------------------------------------------
INFO:__main__:
【train】epoch:2/120 loss:0.4644 acc:0.7675
INFO:__main__:
【val】epoch:2/120 loss:0.4293 acc:0.7788
INFO:__main__:
【Val】:  SENS: 0.6580  SPEC: 0.8278  PPV: 0.6080  NPV: 0.8564 F1:0.6320
INFO:__main__:验证的best_acc:0.7788
INFO:__main__:----------------------------------------------------------------------------------------------------
INFO:__main__:
【train】epoch:3/120 loss:0.4479 acc:0.7740
INFO:__main__:
【val】epoch:3/120 loss:0.4054 acc:0.7975
INFO:__main__:
【Val】:  SENS: 0.7922  SPEC: 0.7996  PPV: 0.6162  NPV: 0.9046 F1:0.6932
INFO:__main__:验证的best_acc:0.7975
INFO:__main__:----------------------------------------------------------------------------------------------------
INFO:__main__:
【train】epoch:4/120 loss:0.4370 acc:0.7812
INFO:__main__:
【val】epoch:4/120 loss:0.4534 acc:0.7700
INFO:__main__:
【Val】:  SENS: 0.7446  SPEC: 0.7803  PPV: 0.5791  NPV: 0.8827 F1:0.6515
INFO:__main__:验证的best_acc:0.7975
INFO:__main__:----------------------------------------------------------------------------------------------------
INFO:__main__:
【train】epoch:5/120 loss:0.4255 acc:0.7902
INFO:__main__:
【val】epoch:5/120 loss:0.4565 acc:0.7400
INFO:__main__:
【Val】:  SENS: 0.8571  SPEC: 0.6924  PPV: 0.5308  NPV: 0.9227 F1:0.6556
INFO:__main__:验证的best_acc:0.7975
INFO:__main__:----------------------------------------------------------------------------------------------------
INFO:__main__:
【train】epoch:6/120 loss:0.3981 acc:0.8028
INFO:__main__:
【val】epoch:6/120 loss:0.4444 acc:0.7638
INFO:__main__:
【Val】:  SENS: 0.8788  SPEC: 0.7170  PPV: 0.5577  NPV: 0.9358 F1:0.6824
INFO:__main__:验证的best_acc:0.7975
INFO:__main__:----------------------------------------------------------------------------------------------------
INFO:__main__:
【train】epoch:7/120 loss:0.3693 acc:0.8280
INFO:__main__:
【val】epoch:7/120 loss:0.3958 acc:0.8087
INFO:__main__:
【Val】:  SENS: 0.8658  SPEC: 0.7856  PPV: 0.6211  NPV: 0.9351 F1:0.7233
INFO:__main__:验证的best_acc:0.8087
INFO:__main__:----------------------------------------------------------------------------------------------------
INFO:__main__:
【train】epoch:8/120 loss:0.3450 acc:0.8484
INFO:__main__:
【val】epoch:8/120 loss:0.3328 acc:0.8525
INFO:__main__:
【Val】:  SENS: 0.6494  SPEC: 0.9350  PPV: 0.8021  NPV: 0.8679 F1:0.7177
INFO:__main__:验证的best_acc:0.8525
INFO:__main__:----------------------------------------------------------------------------------------------------
INFO:__main__:
【train】epoch:9/120 loss:0.3182 acc:0.8576
INFO:__main__:
【val】epoch:9/120 loss:0.5629 acc:0.6988
INFO:__main__:
【Val】:  SENS: 0.9697  SPEC: 0.5888  PPV: 0.4891  NPV: 0.9795 F1:0.6502
INFO:__main__:验证的best_acc:0.8525
INFO:__main__:----------------------------------------------------------------------------------------------------
INFO:__main__:
【train】epoch:10/120 loss:0.3030 acc:0.8678
INFO:__main__:
【val】epoch:10/120 loss:0.5309 acc:0.7250
INFO:__main__:
【Val】:  SENS: 0.9567  SPEC: 0.6309  PPV: 0.5128  NPV: 0.9729 F1:0.6677
INFO:__main__:验证的best_acc:0.8525
INFO:__main__:----------------------------------------------------------------------------------------------------
INFO:__main__:
【train】epoch:11/120 loss:0.2762 acc:0.8860
INFO:__main__:
【val】epoch:11/120 loss:0.5716 acc:0.7400
INFO:__main__:
【Val】:  SENS: 0.9524  SPEC: 0.6538  PPV: 0.5276  NPV: 0.9713 F1:0.6790
INFO:__main__:验证的best_acc:0.8525
INFO:__main__:----------------------------------------------------------------------------------------------------
INFO:__main__:
【train】epoch:12/120 loss:0.2794 acc:0.8798
INFO:__main__:
【val】epoch:12/120 loss:0.4891 acc:0.7563
INFO:__main__:
【Val】:  SENS: 0.9481  SPEC: 0.6784  PPV: 0.5448  NPV: 0.9698 F1:0.6919
INFO:__main__:验证的best_acc:0.8525
INFO:__main__:----------------------------------------------------------------------------------------------------
INFO:__main__:
【train】epoch:13/120 loss:0.2644 acc:0.8934
INFO:__main__:
【val】epoch:13/120 loss:0.3781 acc:0.8213
INFO:__main__:
【Val】:  SENS: 0.9134  SPEC: 0.7838  PPV: 0.6317  NPV: 0.9571 F1:0.7469
INFO:__main__:验证的best_acc:0.8525
INFO:__main__:----------------------------------------------------------------------------------------------------
INFO:__main__:
【train】epoch:14/120 loss:0.2502 acc:0.8954
INFO:__main__:
【val】epoch:14/120 loss:0.6021 acc:0.7462
INFO:__main__:
【Val】:  SENS: 0.9740  SPEC: 0.6538  PPV: 0.5332  NPV: 0.9841 F1:0.6891
INFO:__main__:验证的best_acc:0.8525
INFO:__main__:----------------------------------------------------------------------------------------------------
INFO:__main__:
【train】epoch:15/120 loss:0.2482 acc:0.8955
INFO:__main__:
【val】epoch:15/120 loss:0.3909 acc:0.8238
INFO:__main__:
【Val】:  SENS: 0.9351  SPEC: 0.7786  PPV: 0.6316  NPV: 0.9672 F1:0.7539
INFO:__main__:验证的best_acc:0.8525
INFO:__main__:----------------------------------------------------------------------------------------------------
INFO:__main__:
【train】epoch:16/120 loss:0.2416 acc:0.8961
INFO:__main__:
【val】epoch:16/120 loss:0.3685 acc:0.8462
INFO:__main__:
【Val】:  SENS: 0.9134  SPEC: 0.8190  PPV: 0.6720  NPV: 0.9588 F1:0.7743
INFO:__main__:验证的best_acc:0.8525
INFO:__main__:----------------------------------------------------------------------------------------------------
INFO:__main__:
【train】epoch:17/120 loss:0.2282 acc:0.9031
INFO:__main__:
【val】epoch:17/120 loss:0.2865 acc:0.8975
INFO:__main__:
【Val】:  SENS: 0.7706  SPEC: 0.9490  PPV: 0.8599  NPV: 0.9106 F1:0.8128
INFO:__main__:验证的best_acc:0.8975
INFO:__main__:----------------------------------------------------------------------------------------------------
INFO:__main__:
【train】epoch:18/120 loss:0.2186 acc:0.9050
INFO:__main__:
【val】epoch:18/120 loss:0.6393 acc:0.7412
INFO:__main__:
【Val】:  SENS: 0.9654  SPEC: 0.6503  PPV: 0.5284  NPV: 0.9788 F1:0.6830
INFO:__main__:验证的best_acc:0.8975
INFO:__main__:----------------------------------------------------------------------------------------------------
INFO:__main__:
【train】epoch:19/120 loss:0.2097 acc:0.9146
INFO:__main__:
【val】epoch:19/120 loss:0.2689 acc:0.9000
INFO:__main__:
【Val】:  SENS: 0.8788  SPEC: 0.9086  PPV: 0.7961  NPV: 0.9486 F1:0.8354
INFO:__main__:验证的best_acc:0.9000
INFO:__main__:----------------------------------------------------------------------------------------------------
INFO:__main__:
【train】epoch:20/120 loss:0.2017 acc:0.9174
INFO:__main__:
【val】epoch:20/120 loss:0.2590 acc:0.8975
INFO:__main__:
【Val】:  SENS: 0.8658  SPEC: 0.9104  PPV: 0.7968  NPV: 0.9435 F1:0.8299
INFO:__main__:验证的best_acc:0.9000
INFO:__main__:----------------------------------------------------------------------------------------------------
INFO:__main__:
【train】epoch:21/120 loss:0.1878 acc:0.9232
INFO:__main__:
【val】epoch:21/120 loss:0.2912 acc:0.9000
INFO:__main__:
【Val】:  SENS: 0.8095  SPEC: 0.9367  PPV: 0.8386  NPV: 0.9237 F1:0.8238
INFO:__main__:验证的best_acc:0.9000
INFO:__main__:----------------------------------------------------------------------------------------------------
INFO:__main__:
【train】epoch:22/120 loss:0.1961 acc:0.9174
INFO:__main__:
【val】epoch:22/120 loss:0.3007 acc:0.8750
INFO:__main__:
【Val】:  SENS: 0.8788  SPEC: 0.8735  PPV: 0.7382  NPV: 0.9467 F1:0.8024
INFO:__main__:验证的best_acc:0.9000
INFO:__main__:----------------------------------------------------------------------------------------------------
INFO:__main__:
【train】epoch:23/120 loss:0.1829 acc:0.9260
INFO:__main__:
【val】epoch:23/120 loss:0.4402 acc:0.8700
INFO:__main__:
【Val】:  SENS: 0.9091  SPEC: 0.8541  PPV: 0.7167  NPV: 0.9586 F1:0.8015
INFO:__main__:验证的best_acc:0.9000
INFO:__main__:----------------------------------------------------------------------------------------------------
INFO:__main__:
【train】epoch:24/120 loss:0.1793 acc:0.9263
INFO:__main__:
【val】epoch:24/120 loss:0.2410 acc:0.9100
INFO:__main__:
【Val】:  SENS: 0.8398  SPEC: 0.9385  PPV: 0.8472  NPV: 0.9352 F1:0.8435
INFO:__main__:验证的best_acc:0.9100
INFO:__main__:----------------------------------------------------------------------------------------------------
INFO:__main__:
【train】epoch:25/120 loss:0.1778 acc:0.9287
INFO:__main__:
【val】epoch:25/120 loss:0.3228 acc:0.8800
INFO:__main__:
【Val】:  SENS: 0.8788  SPEC: 0.8805  PPV: 0.7491  NPV: 0.9471 F1:0.8088
INFO:__main__:验证的best_acc:0.9100
INFO:__main__:----------------------------------------------------------------------------------------------------
INFO:__main__:
【train】epoch:26/120 loss:0.1693 acc:0.9342
INFO:__main__:
【val】epoch:26/120 loss:0.5206 acc:0.8388
INFO:__main__:
【Val】:  SENS: 0.9307  SPEC: 0.8014  PPV: 0.6555  NPV: 0.9661 F1:0.7692
INFO:__main__:验证的best_acc:0.9100
INFO:__main__:----------------------------------------------------------------------------------------------------
INFO:__main__:
【train】epoch:27/120 loss:0.1667 acc:0.9339
INFO:__main__:
【val】epoch:27/120 loss:0.2830 acc:0.9038
INFO:__main__:
【Val】:  SENS: 0.8701  SPEC: 0.9174  PPV: 0.8105  NPV: 0.9457 F1:0.8392
INFO:__main__:验证的best_acc:0.9100
INFO:__main__:----------------------------------------------------------------------------------------------------
INFO:__main__:
【train】epoch:28/120 loss:0.1663 acc:0.9334
INFO:__main__:
【val】epoch:28/120 loss:0.4330 acc:0.8512
INFO:__main__:
【Val】:  SENS: 0.8961  SPEC: 0.8330  PPV: 0.6854  NPV: 0.9518 F1:0.7767
INFO:__main__:验证的best_acc:0.9100
INFO:__main__:----------------------------------------------------------------------------------------------------
INFO:__main__:
【train】epoch:29/120 loss:0.1529 acc:0.9404
INFO:__main__:
【val】epoch:29/120 loss:0.3164 acc:0.8888
INFO:__main__:
【Val】:  SENS: 0.9177  SPEC: 0.8770  PPV: 0.7518  NPV: 0.9633 F1:0.8265
INFO:__main__:验证的best_acc:0.9100
INFO:__main__:----------------------------------------------------------------------------------------------------
INFO:__main__:
【train】epoch:30/120 loss:0.1432 acc:0.9469
INFO:__main__:
【val】epoch:30/120 loss:0.2151 acc:0.9175
INFO:__main__:
【Val】:  SENS: 0.8485  SPEC: 0.9455  PPV: 0.8634  NPV: 0.9389 F1:0.8559
INFO:__main__:验证的best_acc:0.9175
INFO:__main__:----------------------------------------------------------------------------------------------------
INFO:__main__:
【train】epoch:31/120 loss:0.1354 acc:0.9472
INFO:__main__:
【val】epoch:31/120 loss:0.3439 acc:0.8875
INFO:__main__:
【Val】:  SENS: 0.9177  SPEC: 0.8752  PPV: 0.7491  NPV: 0.9632 F1:0.8249
INFO:__main__:验证的best_acc:0.9175
INFO:__main__:----------------------------------------------------------------------------------------------------
INFO:__main__:
【train】epoch:32/120 loss:0.1411 acc:0.9452
INFO:__main__:
【val】epoch:32/120 loss:0.3152 acc:0.9050
INFO:__main__:
【Val】:  SENS: 0.7316  SPEC: 0.9754  PPV: 0.9235  NPV: 0.8995 F1:0.8164
INFO:__main__:验证的best_acc:0.9175
INFO:__main__:----------------------------------------------------------------------------------------------------
INFO:__main__:
【train】epoch:33/120 loss:0.1303 acc:0.9464
INFO:__main__:
【val】epoch:33/120 loss:0.3293 acc:0.9025
INFO:__main__:
【Val】:  SENS: 0.7835  SPEC: 0.9508  PPV: 0.8660  NPV: 0.9154 F1:0.8227
INFO:__main__:验证的best_acc:0.9175
INFO:__main__:----------------------------------------------------------------------------------------------------
INFO:__main__:
【train】epoch:34/120 loss:0.1366 acc:0.9458
INFO:__main__:
【val】epoch:34/120 loss:0.2621 acc:0.9212
INFO:__main__:
【Val】:  SENS: 0.8355  SPEC: 0.9561  PPV: 0.8853  NPV: 0.9347 F1:0.8597
INFO:__main__:验证的best_acc:0.9212
INFO:__main__:----------------------------------------------------------------------------------------------------
INFO:__main__:
【train】epoch:35/120 loss:0.1244 acc:0.9512
INFO:__main__:
【val】epoch:35/120 loss:0.2527 acc:0.9150
INFO:__main__:
【Val】:  SENS: 0.9221  SPEC: 0.9121  PPV: 0.8099  NPV: 0.9665 F1:0.8623
INFO:__main__:验证的best_acc:0.9212
INFO:__main__:----------------------------------------------------------------------------------------------------
INFO:__main__:
【train】epoch:36/120 loss:0.1327 acc:0.9479
INFO:__main__:
【val】epoch:36/120 loss:0.3132 acc:0.8963
INFO:__main__:
【Val】:  SENS: 0.9221  SPEC: 0.8858  PPV: 0.7662  NPV: 0.9655 F1:0.8369
INFO:__main__:验证的best_acc:0.9212
INFO:__main__:----------------------------------------------------------------------------------------------------
INFO:__main__:
【train】epoch:37/120 loss:0.1268 acc:0.9490
INFO:__main__:
【val】epoch:37/120 loss:0.2924 acc:0.9125
INFO:__main__:
【Val】:  SENS: 0.8442  SPEC: 0.9402  PPV: 0.8515  NPV: 0.9370 F1:0.8478
INFO:__main__:验证的best_acc:0.9212
INFO:__main__:----------------------------------------------------------------------------------------------------
INFO:__main__:
【train】epoch:38/120 loss:0.1232 acc:0.9497
INFO:__main__:
【val】epoch:38/120 loss:0.3218 acc:0.8975
INFO:__main__:
【Val】:  SENS: 0.8528  SPEC: 0.9156  PPV: 0.8041  NPV: 0.9387 F1:0.8277
INFO:__main__:验证的best_acc:0.9212
INFO:__main__:----------------------------------------------------------------------------------------------------
INFO:__main__:
【train】epoch:39/120 loss:0.1120 acc:0.9549
INFO:__main__:
【val】epoch:39/120 loss:0.2569 acc:0.9075
INFO:__main__:
【Val】:  SENS: 0.8442  SPEC: 0.9332  PPV: 0.8369  NPV: 0.9365 F1:0.8405
INFO:__main__:验证的best_acc:0.9212
INFO:__main__:----------------------------------------------------------------------------------------------------
INFO:__main__:
【train】epoch:40/120 loss:0.1097 acc:0.9574
INFO:__main__:
【val】epoch:40/120 loss:0.3684 acc:0.9100
INFO:__main__:
【Val】:  SENS: 0.7316  SPEC: 0.9824  PPV: 0.9441  NPV: 0.9002 F1:0.8244
INFO:__main__:验证的best_acc:0.9212
INFO:__main__:----------------------------------------------------------------------------------------------------
INFO:__main__:
【train】epoch:41/120 loss:0.1119 acc:0.9564
INFO:__main__:
【val】epoch:41/120 loss:0.2734 acc:0.9137
INFO:__main__:
【Val】:  SENS: 0.7965  SPEC: 0.9613  PPV: 0.8932  NPV: 0.9209 F1:0.8421
INFO:__main__:验证的best_acc:0.9212
INFO:__main__:----------------------------------------------------------------------------------------------------
INFO:__main__:
【train】epoch:42/120 loss:0.1070 acc:0.9570
INFO:__main__:
【val】epoch:42/120 loss:0.2516 acc:0.9150
INFO:__main__:
【Val】:  SENS: 0.8615  SPEC: 0.9367  PPV: 0.8468  NPV: 0.9434 F1:0.8541
INFO:__main__:验证的best_acc:0.9212
INFO:__main__:----------------------------------------------------------------------------------------------------
INFO:__main__:
【train】epoch:43/120 loss:0.1065 acc:0.9576
INFO:__main__:
【val】epoch:43/120 loss:0.2874 acc:0.9100
INFO:__main__:
【Val】:  SENS: 0.7879  SPEC: 0.9596  PPV: 0.8878  NPV: 0.9176 F1:0.8349
INFO:__main__:验证的best_acc:0.9212
INFO:__main__:----------------------------------------------------------------------------------------------------
INFO:__main__:
【train】epoch:44/120 loss:0.0994 acc:0.9644
INFO:__main__:
【val】epoch:44/120 loss:0.3178 acc:0.8988
INFO:__main__:
【Val】:  SENS: 0.7229  SPEC: 0.9701  PPV: 0.9076  NPV: 0.8961 F1:0.8048
INFO:__main__:验证的best_acc:0.9212
INFO:__main__:----------------------------------------------------------------------------------------------------
INFO:__main__:
【train】epoch:45/120 loss:0.0980 acc:0.9609
INFO:__main__:
【val】epoch:45/120 loss:0.2643 acc:0.9125
INFO:__main__:
【Val】:  SENS: 0.8398  SPEC: 0.9420  PPV: 0.8546  NPV: 0.9354 F1:0.8472
INFO:__main__:验证的best_acc:0.9212
INFO:__main__:----------------------------------------------------------------------------------------------------
INFO:__main__:
【train】epoch:46/120 loss:0.0972 acc:0.9623
INFO:__main__:
【val】epoch:46/120 loss:0.2758 acc:0.9175
INFO:__main__:
【Val】:  SENS: 0.8312  SPEC: 0.9525  PPV: 0.8767  NPV: 0.9329 F1:0.8533
INFO:__main__:验证的best_acc:0.9212
INFO:__main__:----------------------------------------------------------------------------------------------------
INFO:__main__:
【train】epoch:47/120 loss:0.0999 acc:0.9624
INFO:__main__:
【val】epoch:47/120 loss:0.3340 acc:0.9062
INFO:__main__:
【Val】:  SENS: 0.7359  SPEC: 0.9754  PPV: 0.9239  NPV: 0.9010 F1:0.8193
INFO:__main__:验证的best_acc:0.9212
INFO:__main__:----------------------------------------------------------------------------------------------------
INFO:__main__:
【train】epoch:48/120 loss:0.0915 acc:0.9641
INFO:__main__:
【val】epoch:48/120 loss:0.2642 acc:0.9175
INFO:__main__:
【Val】:  SENS: 0.8701  SPEC: 0.9367  PPV: 0.8481  NPV: 0.9467 F1:0.8590
INFO:__main__:验证的best_acc:0.9212
INFO:__main__:----------------------------------------------------------------------------------------------------
INFO:__main__:
【train】epoch:49/120 loss:0.0882 acc:0.9657
INFO:__main__:
【val】epoch:49/120 loss:0.2611 acc:0.9225
INFO:__main__:
【Val】:  SENS: 0.8355  SPEC: 0.9578  PPV: 0.8894  NPV: 0.9348 F1:0.8616
INFO:__main__:验证的best_acc:0.9225
INFO:__main__:----------------------------------------------------------------------------------------------------
INFO:__main__:
【train】epoch:50/120 loss:0.0823 acc:0.9698
INFO:__main__:
【val】epoch:50/120 loss:0.2812 acc:0.9212
INFO:__main__:
【Val】:  SENS: 0.8701  SPEC: 0.9420  PPV: 0.8590  NPV: 0.9470 F1:0.8645
INFO:__main__:验证的best_acc:0.9225
INFO:__main__:----------------------------------------------------------------------------------------------------
INFO:__main__:
【train】epoch:51/120 loss:0.0818 acc:0.9686
INFO:__main__:
【val】epoch:51/120 loss:0.2438 acc:0.9225
INFO:__main__:
【Val】:  SENS: 0.8312  SPEC: 0.9596  PPV: 0.8930  NPV: 0.9333 F1:0.8610
INFO:__main__:验证的best_acc:0.9225
INFO:__main__:----------------------------------------------------------------------------------------------------
INFO:__main__:
【train】epoch:52/120 loss:0.0816 acc:0.9678
INFO:__main__:
【val】epoch:52/120 loss:0.2463 acc:0.9262
INFO:__main__:
【Val】:  SENS: 0.8701  SPEC: 0.9490  PPV: 0.8739  NPV: 0.9474 F1:0.8720
INFO:__main__:验证的best_acc:0.9262
INFO:__main__:----------------------------------------------------------------------------------------------------
INFO:__main__:
【train】epoch:53/120 loss:0.0811 acc:0.9684
INFO:__main__:
【val】epoch:53/120 loss:0.2836 acc:0.9175
INFO:__main__:
【Val】:  SENS: 0.8182  SPEC: 0.9578  PPV: 0.8873  NPV: 0.9284 F1:0.8514
INFO:__main__:验证的best_acc:0.9262
INFO:__main__:----------------------------------------------------------------------------------------------------
INFO:__main__:
【train】epoch:54/120 loss:0.0767 acc:0.9698
INFO:__main__:
【val】epoch:54/120 loss:0.2837 acc:0.9150
INFO:__main__:
【Val】:  SENS: 0.7965  SPEC: 0.9631  PPV: 0.8976  NPV: 0.9210 F1:0.8440
INFO:__main__:验证的best_acc:0.9262
INFO:__main__:----------------------------------------------------------------------------------------------------
INFO:__main__:
【train】epoch:55/120 loss:0.0799 acc:0.9686
INFO:__main__:
【val】epoch:55/120 loss:0.2828 acc:0.9187
INFO:__main__:
【Val】:  SENS: 0.8788  SPEC: 0.9350  PPV: 0.8458  NPV: 0.9500 F1:0.8620
INFO:__main__:验证的best_acc:0.9262
INFO:__main__:----------------------------------------------------------------------------------------------------
INFO:__main__:
【train】epoch:56/120 loss:0.0751 acc:0.9722
INFO:__main__:
【val】epoch:56/120 loss:0.3286 acc:0.9150
INFO:__main__:
【Val】:  SENS: 0.8095  SPEC: 0.9578  PPV: 0.8863  NPV: 0.9253 F1:0.8462
INFO:__main__:验证的best_acc:0.9262
INFO:__main__:----------------------------------------------------------------------------------------------------
INFO:__main__:
【train】epoch:57/120 loss:0.0762 acc:0.9706
INFO:__main__:
【val】epoch:57/120 loss:0.2670 acc:0.9212
INFO:__main__:
【Val】:  SENS: 0.8788  SPEC: 0.9385  PPV: 0.8529  NPV: 0.9502 F1:0.8657
INFO:__main__:验证的best_acc:0.9262
INFO:__main__:----------------------------------------------------------------------------------------------------
INFO:__main__:
【train】epoch:58/120 loss:0.0720 acc:0.9740
INFO:__main__:
【val】epoch:58/120 loss:0.2718 acc:0.9337
INFO:__main__:
【Val】:  SENS: 0.8442  SPEC: 0.9701  PPV: 0.9198  NPV: 0.9388 F1:0.8804
INFO:__main__:验证的best_acc:0.9337
INFO:__main__:----------------------------------------------------------------------------------------------------
INFO:__main__:
【train】epoch:59/120 loss:0.0695 acc:0.9749
INFO:__main__:
【val】epoch:59/120 loss:0.2712 acc:0.9312
INFO:__main__:
【Val】:  SENS: 0.8701  SPEC: 0.9561  PPV: 0.8894  NPV: 0.9477 F1:0.8796
INFO:__main__:验证的best_acc:0.9337
INFO:__main__:----------------------------------------------------------------------------------------------------
INFO:__main__:
【train】epoch:60/120 loss:0.0642 acc:0.9755
INFO:__main__:
【val】epoch:60/120 loss:0.2914 acc:0.9175
INFO:__main__:
【Val】:  SENS: 0.7965  SPEC: 0.9666  PPV: 0.9064  NPV: 0.9213 F1:0.8479
INFO:__main__:验证的best_acc:0.9337
INFO:__main__:----------------------------------------------------------------------------------------------------
INFO:__main__:
【train】epoch:61/120 loss:0.0629 acc:0.9763
INFO:__main__:
【val】epoch:61/120 loss:0.3162 acc:0.9212
INFO:__main__:
【Val】:  SENS: 0.8442  SPEC: 0.9525  PPV: 0.8784  NPV: 0.9377 F1:0.8609
INFO:__main__:验证的best_acc:0.9337
INFO:__main__:----------------------------------------------------------------------------------------------------
INFO:__main__:
【train】epoch:62/120 loss:0.0647 acc:0.9755
INFO:__main__:
【val】epoch:62/120 loss:0.2678 acc:0.9312
INFO:__main__:
【Val】:  SENS: 0.8658  SPEC: 0.9578  PPV: 0.8929  NPV: 0.9462 F1:0.8791
INFO:__main__:验证的best_acc:0.9337
INFO:__main__:----------------------------------------------------------------------------------------------------
INFO:__main__:
【train】epoch:63/120 loss:0.0546 acc:0.9783
INFO:__main__:
【val】epoch:63/120 loss:0.3129 acc:0.9237
INFO:__main__:
【Val】:  SENS: 0.8009  SPEC: 0.9736  PPV: 0.9250  NPV: 0.9233 F1:0.8585
INFO:__main__:验证的best_acc:0.9337
INFO:__main__:----------------------------------------------------------------------------------------------------
INFO:__main__:
【train】epoch:64/120 loss:0.0610 acc:0.9755
INFO:__main__:
【val】epoch:64/120 loss:0.2707 acc:0.9287
INFO:__main__:
【Val】:  SENS: 0.8701  SPEC: 0.9525  PPV: 0.8816  NPV: 0.9476 F1:0.8758
INFO:__main__:验证的best_acc:0.9337
INFO:__main__:----------------------------------------------------------------------------------------------------
INFO:__main__:
【train】epoch:65/120 loss:0.0625 acc:0.9737
INFO:__main__:
【val】epoch:65/120 loss:0.3143 acc:0.9137
INFO:__main__:
【Val】:  SENS: 0.7576  SPEC: 0.9772  PPV: 0.9309  NPV: 0.9085 F1:0.8353
INFO:__main__:验证的best_acc:0.9337
INFO:__main__:----------------------------------------------------------------------------------------------------
INFO:__main__:
【train】epoch:66/120 loss:0.0602 acc:0.9771
INFO:__main__:
【val】epoch:66/120 loss:0.2408 acc:0.9337
INFO:__main__:
【Val】:  SENS: 0.8745  SPEC: 0.9578  PPV: 0.8938  NPV: 0.9495 F1:0.8840
INFO:__main__:验证的best_acc:0.9337
INFO:__main__:----------------------------------------------------------------------------------------------------
INFO:__main__:
【train】epoch:67/120 loss:0.0630 acc:0.9763
INFO:__main__:
【val】epoch:67/120 loss:0.3038 acc:0.9225
INFO:__main__:
【Val】:  SENS: 0.8485  SPEC: 0.9525  PPV: 0.8789  NPV: 0.9393 F1:0.8634
INFO:__main__:验证的best_acc:0.9337
INFO:__main__:----------------------------------------------------------------------------------------------------
INFO:__main__:
【train】epoch:68/120 loss:0.0576 acc:0.9781
INFO:__main__:
【val】epoch:68/120 loss:0.3258 acc:0.9087
INFO:__main__:
【Val】:  SENS: 0.8398  SPEC: 0.9367  PPV: 0.8435  NPV: 0.9351 F1:0.8416
INFO:__main__:验证的best_acc:0.9337
INFO:__main__:----------------------------------------------------------------------------------------------------
INFO:__main__:
【train】epoch:69/120 loss:0.0562 acc:0.9778
INFO:__main__:
【val】epoch:69/120 loss:0.2690 acc:0.9187
INFO:__main__:
【Val】:  SENS: 0.8485  SPEC: 0.9473  PPV: 0.8673  NPV: 0.9390 F1:0.8578
INFO:__main__:验证的best_acc:0.9337
INFO:__main__:----------------------------------------------------------------------------------------------------
INFO:__main__:
【train】epoch:70/120 loss:0.0556 acc:0.9796
INFO:__main__:
【val】epoch:70/120 loss:0.3072 acc:0.9137
INFO:__main__:
【Val】:  SENS: 0.8268  SPEC: 0.9490  PPV: 0.8682  NPV: 0.9310 F1:0.8470
INFO:__main__:验证的best_acc:0.9337
INFO:__main__:----------------------------------------------------------------------------------------------------
INFO:__main__:
【train】epoch:71/120 loss:0.0499 acc:0.9805
INFO:__main__:
【val】epoch:71/120 loss:0.3129 acc:0.9187
INFO:__main__:
【Val】:  SENS: 0.7965  SPEC: 0.9684  PPV: 0.9109  NPV: 0.9214 F1:0.8499
INFO:__main__:验证的best_acc:0.9337
INFO:__main__:----------------------------------------------------------------------------------------------------
INFO:__main__:
【train】epoch:72/120 loss:0.0433 acc:0.9843
INFO:__main__:
【val】epoch:72/120 loss:0.2914 acc:0.9212
INFO:__main__:
【Val】:  SENS: 0.8182  SPEC: 0.9631  PPV: 0.9000  NPV: 0.9288 F1:0.8571
INFO:__main__:验证的best_acc:0.9337
INFO:__main__:----------------------------------------------------------------------------------------------------
INFO:__main__:
【train】epoch:73/120 loss:0.0448 acc:0.9843
INFO:__main__:
【val】epoch:73/120 loss:0.3029 acc:0.9150
INFO:__main__:
【Val】:  SENS: 0.8052  SPEC: 0.9596  PPV: 0.8900  NPV: 0.9239 F1:0.8455
INFO:__main__:验证的best_acc:0.9337
INFO:__main__:----------------------------------------------------------------------------------------------------
INFO:__main__:
【train】epoch:74/120 loss:0.0524 acc:0.9801
INFO:__main__:
【val】epoch:74/120 loss:0.2714 acc:0.9312
INFO:__main__:
【Val】:  SENS: 0.8528  SPEC: 0.9631  PPV: 0.9037  NPV: 0.9416 F1:0.8775
INFO:__main__:验证的best_acc:0.9337
INFO:__main__:----------------------------------------------------------------------------------------------------
INFO:__main__:
【train】epoch:75/120 loss:0.0499 acc:0.9825
INFO:__main__:
【val】epoch:75/120 loss:0.2846 acc:0.9262
INFO:__main__:
【Val】:  SENS: 0.8268  SPEC: 0.9666  PPV: 0.9095  NPV: 0.9322 F1:0.8662
INFO:__main__:验证的best_acc:0.9337
INFO:__main__:----------------------------------------------------------------------------------------------------
INFO:__main__:
【train】epoch:76/120 loss:0.0435 acc:0.9849
INFO:__main__:
【val】epoch:76/120 loss:0.2988 acc:0.9212
INFO:__main__:
【Val】:  SENS: 0.8182  SPEC: 0.9631  PPV: 0.9000  NPV: 0.9288 F1:0.8571
INFO:__main__:验证的best_acc:0.9337
INFO:__main__:----------------------------------------------------------------------------------------------------
INFO:__main__:
【train】epoch:77/120 loss:0.0446 acc:0.9849
INFO:__main__:
【val】epoch:77/120 loss:0.3560 acc:0.9175
INFO:__main__:
【Val】:  SENS: 0.7835  SPEC: 0.9719  PPV: 0.9188  NPV: 0.9171 F1:0.8458
INFO:__main__:验证的best_acc:0.9337
INFO:__main__:----------------------------------------------------------------------------------------------------
INFO:__main__:
【train】epoch:78/120 loss:0.0451 acc:0.9857
INFO:__main__:
【val】epoch:78/120 loss:0.2974 acc:0.9287
INFO:__main__:
【Val】:  SENS: 0.8571  SPEC: 0.9578  PPV: 0.8919  NPV: 0.9429 F1:0.8742
INFO:__main__:验证的best_acc:0.9337
INFO:__main__:----------------------------------------------------------------------------------------------------
INFO:__main__:
【train】epoch:79/120 loss:0.0368 acc:0.9875
INFO:__main__:
【val】epoch:79/120 loss:0.2916 acc:0.9237
INFO:__main__:
【Val】:  SENS: 0.8225  SPEC: 0.9649  PPV: 0.9048  NPV: 0.9305 F1:0.8617
INFO:__main__:验证的best_acc:0.9337
INFO:__main__:----------------------------------------------------------------------------------------------------
INFO:__main__:
【train】epoch:80/120 loss:0.0384 acc:0.9858
INFO:__main__:
【val】epoch:80/120 loss:0.2888 acc:0.9312
INFO:__main__:
【Val】:  SENS: 0.8528  SPEC: 0.9631  PPV: 0.9037  NPV: 0.9416 F1:0.8775
INFO:__main__:验证的best_acc:0.9337
INFO:__main__:----------------------------------------------------------------------------------------------------
INFO:__main__:
【train】epoch:81/120 loss:0.0326 acc:0.9888
INFO:__main__:
【val】epoch:81/120 loss:0.3079 acc:0.9287
INFO:__main__:
【Val】:  SENS: 0.8442  SPEC: 0.9631  PPV: 0.9028  NPV: 0.9384 F1:0.8725
INFO:__main__:验证的best_acc:0.9337
INFO:__main__:----------------------------------------------------------------------------------------------------
INFO:__main__:
【train】epoch:82/120 loss:0.0405 acc:0.9854
INFO:__main__:
【val】epoch:82/120 loss:0.2938 acc:0.9287
INFO:__main__:
【Val】:  SENS: 0.8571  SPEC: 0.9578  PPV: 0.8919  NPV: 0.9429 F1:0.8742
INFO:__main__:验证的best_acc:0.9337
INFO:__main__:----------------------------------------------------------------------------------------------------
INFO:__main__:
【train】epoch:83/120 loss:0.0387 acc:0.9858
INFO:__main__:
【val】epoch:83/120 loss:0.2690 acc:0.9237
INFO:__main__:
【Val】:  SENS: 0.8312  SPEC: 0.9613  PPV: 0.8972  NPV: 0.9334 F1:0.8629
INFO:__main__:验证的best_acc:0.9337
INFO:__main__:----------------------------------------------------------------------------------------------------
INFO:__main__:
【train】epoch:84/120 loss:0.0359 acc:0.9864
INFO:__main__:
【val】epoch:84/120 loss:0.2961 acc:0.9187
INFO:__main__:
【Val】:  SENS: 0.8182  SPEC: 0.9596  PPV: 0.8915  NPV: 0.9286 F1:0.8533
INFO:__main__:验证的best_acc:0.9337
INFO:__main__:----------------------------------------------------------------------------------------------------
INFO:__main__:
【train】epoch:85/120 loss:0.0346 acc:0.9872
INFO:__main__:
【val】epoch:85/120 loss:0.3211 acc:0.9237
INFO:__main__:
【Val】:  SENS: 0.8658  SPEC: 0.9473  PPV: 0.8696  NPV: 0.9456 F1:0.8677
INFO:__main__:验证的best_acc:0.9337
INFO:__main__:----------------------------------------------------------------------------------------------------
INFO:__main__:
【train】epoch:86/120 loss:0.0340 acc:0.9869
INFO:__main__:
【val】epoch:86/120 loss:0.3405 acc:0.9237
INFO:__main__:
【Val】:  SENS: 0.8355  SPEC: 0.9596  PPV: 0.8935  NPV: 0.9349 F1:0.8635
INFO:__main__:验证的best_acc:0.9337
INFO:__main__:----------------------------------------------------------------------------------------------------
INFO:__main__:
【train】epoch:87/120 loss:0.0397 acc:0.9841
INFO:__main__:
【val】epoch:87/120 loss:0.2968 acc:0.9212
INFO:__main__:
【Val】:  SENS: 0.8658  SPEC: 0.9438  PPV: 0.8621  NPV: 0.9454 F1:0.8639
INFO:__main__:验证的best_acc:0.9337
INFO:__main__:----------------------------------------------------------------------------------------------------
INFO:__main__:
【train】epoch:88/120 loss:0.0318 acc:0.9869
INFO:__main__:
【val】epoch:88/120 loss:0.3394 acc:0.9200
INFO:__main__:
【Val】:  SENS: 0.8182  SPEC: 0.9613  PPV: 0.8957  NPV: 0.9287 F1:0.8552
INFO:__main__:验证的best_acc:0.9337
INFO:__main__:----------------------------------------------------------------------------------------------------
INFO:__main__:
【train】epoch:89/120 loss:0.0306 acc:0.9893
INFO:__main__:
【val】epoch:89/120 loss:0.3575 acc:0.9225
INFO:__main__:
【Val】:  SENS: 0.8615  SPEC: 0.9473  PPV: 0.8690  NPV: 0.9440 F1:0.8652
INFO:__main__:验证的best_acc:0.9337
INFO:__main__:----------------------------------------------------------------------------------------------------
INFO:__main__:
【train】epoch:90/120 loss:0.0344 acc:0.9860
INFO:__main__:
【val】epoch:90/120 loss:0.3112 acc:0.9287
INFO:__main__:
【Val】:  SENS: 0.8745  SPEC: 0.9508  PPV: 0.8783  NPV: 0.9491 F1:0.8764
INFO:__main__:验证的best_acc:0.9337
INFO:__main__:----------------------------------------------------------------------------------------------------
INFO:__main__:
【train】epoch:91/120 loss:0.0299 acc:0.9894
INFO:__main__:
【val】epoch:91/120 loss:0.3121 acc:0.9262
INFO:__main__:
【Val】:  SENS: 0.8312  SPEC: 0.9649  PPV: 0.9057  NPV: 0.9337 F1:0.8668
INFO:__main__:验证的best_acc:0.9337
INFO:__main__:----------------------------------------------------------------------------------------------------
INFO:__main__:
【train】epoch:92/120 loss:0.0304 acc:0.9894
INFO:__main__:
【val】epoch:92/120 loss:0.2897 acc:0.9275
INFO:__main__:
【Val】:  SENS: 0.8788  SPEC: 0.9473  PPV: 0.8712  NPV: 0.9506 F1:0.8750
INFO:__main__:验证的best_acc:0.9337
INFO:__main__:----------------------------------------------------------------------------------------------------
INFO:__main__:
【train】epoch:93/120 loss:0.0352 acc:0.9870
INFO:__main__:
【val】epoch:93/120 loss:0.2871 acc:0.9262
INFO:__main__:
【Val】:  SENS: 0.8701  SPEC: 0.9490  PPV: 0.8739  NPV: 0.9474 F1:0.8720
INFO:__main__:验证的best_acc:0.9337
INFO:__main__:----------------------------------------------------------------------------------------------------
INFO:__main__:
【train】epoch:94/120 loss:0.0279 acc:0.9903
INFO:__main__:
【val】epoch:94/120 loss:0.2979 acc:0.9212
INFO:__main__:
【Val】:  SENS: 0.8095  SPEC: 0.9666  PPV: 0.9078  NPV: 0.9259 F1:0.8558
INFO:__main__:验证的best_acc:0.9337
INFO:__main__:----------------------------------------------------------------------------------------------------
INFO:__main__:
【train】epoch:95/120 loss:0.0329 acc:0.9893
INFO:__main__:
【val】epoch:95/120 loss:0.2875 acc:0.9262
INFO:__main__:
【Val】:  SENS: 0.7965  SPEC: 0.9789  PPV: 0.9388  NPV: 0.9222 F1:0.8618
INFO:__main__:验证的best_acc:0.9337
INFO:__main__:----------------------------------------------------------------------------------------------------
INFO:__main__:
【train】epoch:96/120 loss:0.0307 acc:0.9890
INFO:__main__:
【val】epoch:96/120 loss:0.2920 acc:0.9250
INFO:__main__:
【Val】:  SENS: 0.8571  SPEC: 0.9525  PPV: 0.8800  NPV: 0.9426 F1:0.8684
INFO:__main__:验证的best_acc:0.9337
INFO:__main__:----------------------------------------------------------------------------------------------------
INFO:__main__:
【train】epoch:97/120 loss:0.0314 acc:0.9896
INFO:__main__:
【val】epoch:97/120 loss:0.2748 acc:0.9325
INFO:__main__:
【Val】:  SENS: 0.8398  SPEC: 0.9701  PPV: 0.9194  NPV: 0.9372 F1:0.8778
INFO:__main__:验证的best_acc:0.9337
INFO:__main__:----------------------------------------------------------------------------------------------------
INFO:__main__:
【train】epoch:98/120 loss:0.0318 acc:0.9887
INFO:__main__:
【val】epoch:98/120 loss:0.3196 acc:0.9162
INFO:__main__:
【Val】:  SENS: 0.8615  SPEC: 0.9385  PPV: 0.8504  NPV: 0.9435 F1:0.8559
INFO:__main__:验证的best_acc:0.9337
INFO:__main__:----------------------------------------------------------------------------------------------------
INFO:__main__:
【train】epoch:99/120 loss:0.0244 acc:0.9909
INFO:__main__:
【val】epoch:99/120 loss:0.2957 acc:0.9325
INFO:__main__:
【Val】:  SENS: 0.8615  SPEC: 0.9613  PPV: 0.9005  NPV: 0.9447 F1:0.8805
INFO:__main__:验证的best_acc:0.9337
INFO:__main__:----------------------------------------------------------------------------------------------------
INFO:__main__:
【train】epoch:100/120 loss:0.0230 acc:0.9923
INFO:__main__:
【val】epoch:100/120 loss:0.3110 acc:0.9325
INFO:__main__:
【Val】:  SENS: 0.8355  SPEC: 0.9719  PPV: 0.9234  NPV: 0.9357 F1:0.8773
INFO:__main__:验证的best_acc:0.9337
INFO:__main__:----------------------------------------------------------------------------------------------------
INFO:__main__:
【train】epoch:101/120 loss:0.0235 acc:0.9903
INFO:__main__:
【val】epoch:101/120 loss:0.2698 acc:0.9287
INFO:__main__:
【Val】:  SENS: 0.8528  SPEC: 0.9596  PPV: 0.8955  NPV: 0.9414 F1:0.8736
INFO:__main__:验证的best_acc:0.9337
INFO:__main__:----------------------------------------------------------------------------------------------------
INFO:__main__:
【train】epoch:102/120 loss:0.0252 acc:0.9899
INFO:__main__:
【val】epoch:102/120 loss:0.2884 acc:0.9337
INFO:__main__:
【Val】:  SENS: 0.8485  SPEC: 0.9684  PPV: 0.9159  NPV: 0.9403 F1:0.8809
INFO:__main__:验证的best_acc:0.9337
INFO:__main__:----------------------------------------------------------------------------------------------------
INFO:__main__:
【train】epoch:103/120 loss:0.0248 acc:0.9923
INFO:__main__:
【val】epoch:103/120 loss:0.3218 acc:0.9237
INFO:__main__:
【Val】:  SENS: 0.8268  SPEC: 0.9631  PPV: 0.9009  NPV: 0.9320 F1:0.8623
INFO:__main__:验证的best_acc:0.9337
INFO:__main__:----------------------------------------------------------------------------------------------------
INFO:__main__:
【train】epoch:104/120 loss:0.0249 acc:0.9897
INFO:__main__:
【val】epoch:104/120 loss:0.3101 acc:0.9262
INFO:__main__:
【Val】:  SENS: 0.8225  SPEC: 0.9684  PPV: 0.9135  NPV: 0.9307 F1:0.8656
INFO:__main__:验证的best_acc:0.9337
INFO:__main__:----------------------------------------------------------------------------------------------------
INFO:__main__:
【train】epoch:105/120 loss:0.0193 acc:0.9937
INFO:__main__:
【val】epoch:105/120 loss:0.3037 acc:0.9300
INFO:__main__:
【Val】:  SENS: 0.8442  SPEC: 0.9649  PPV: 0.9070  NPV: 0.9385 F1:0.8744
INFO:__main__:验证的best_acc:0.9337
INFO:__main__:----------------------------------------------------------------------------------------------------
INFO:__main__:
【train】epoch:106/120 loss:0.0186 acc:0.9941
INFO:__main__:
【val】epoch:106/120 loss:0.3468 acc:0.9287
INFO:__main__:
【Val】:  SENS: 0.8355  SPEC: 0.9666  PPV: 0.9104  NPV: 0.9354 F1:0.8713
INFO:__main__:验证的best_acc:0.9337
INFO:__main__:----------------------------------------------------------------------------------------------------
INFO:__main__:
【train】epoch:107/120 loss:0.0179 acc:0.9935
INFO:__main__:
【val】epoch:107/120 loss:0.3424 acc:0.9337
INFO:__main__:
【Val】:  SENS: 0.8528  SPEC: 0.9666  PPV: 0.9120  NPV: 0.9418 F1:0.8814
INFO:__main__:验证的best_acc:0.9337
INFO:__main__:----------------------------------------------------------------------------------------------------
INFO:__main__:
【train】epoch:108/120 loss:0.0228 acc:0.9920
INFO:__main__:
【val】epoch:108/120 loss:0.3007 acc:0.9400
INFO:__main__:
【Val】:  SENS: 0.8961  SPEC: 0.9578  PPV: 0.8961  NPV: 0.9578 F1:0.8961
INFO:__main__:验证的best_acc:0.9400
INFO:__main__:----------------------------------------------------------------------------------------------------
INFO:__main__:
【train】epoch:109/120 loss:0.0203 acc:0.9926
INFO:__main__:
【val】epoch:109/120 loss:0.2883 acc:0.9337
INFO:__main__:
【Val】:  SENS: 0.8918  SPEC: 0.9508  PPV: 0.8803  NPV: 0.9558 F1:0.8860
INFO:__main__:验证的best_acc:0.9400
INFO:__main__:----------------------------------------------------------------------------------------------------
INFO:__main__:
【train】epoch:110/120 loss:0.0214 acc:0.9925
INFO:__main__:
【val】epoch:110/120 loss:0.3215 acc:0.9350
INFO:__main__:
【Val】:  SENS: 0.8268  SPEC: 0.9789  PPV: 0.9409  NPV: 0.9330 F1:0.8802
INFO:__main__:验证的best_acc:0.9400
INFO:__main__:----------------------------------------------------------------------------------------------------
INFO:__main__:
【train】epoch:111/120 loss:0.0203 acc:0.9932
INFO:__main__:
【val】epoch:111/120 loss:0.3206 acc:0.9250
INFO:__main__:
【Val】:  SENS: 0.8355  SPEC: 0.9613  PPV: 0.8977  NPV: 0.9350 F1:0.8655
INFO:__main__:验证的best_acc:0.9400
INFO:__main__:----------------------------------------------------------------------------------------------------
INFO:__main__:
【train】epoch:112/120 loss:0.0159 acc:0.9941
INFO:__main__:
【val】epoch:112/120 loss:0.3451 acc:0.9287
INFO:__main__:
【Val】:  SENS: 0.8268  SPEC: 0.9701  PPV: 0.9183  NPV: 0.9324 F1:0.8702
INFO:__main__:验证的best_acc:0.9400
INFO:__main__:----------------------------------------------------------------------------------------------------
INFO:__main__:
【train】epoch:113/120 loss:0.0171 acc:0.9935
INFO:__main__:
【val】epoch:113/120 loss:0.3034 acc:0.9300
INFO:__main__:
【Val】:  SENS: 0.8442  SPEC: 0.9649  PPV: 0.9070  NPV: 0.9385 F1:0.8744
INFO:__main__:验证的best_acc:0.9400
INFO:__main__:----------------------------------------------------------------------------------------------------
INFO:__main__:
【train】epoch:114/120 loss:0.0220 acc:0.9921
INFO:__main__:
【val】epoch:114/120 loss:0.3189 acc:0.9325
INFO:__main__:
【Val】:  SENS: 0.8485  SPEC: 0.9666  PPV: 0.9116  NPV: 0.9402 F1:0.8789
INFO:__main__:验证的best_acc:0.9400
INFO:__main__:----------------------------------------------------------------------------------------------------
INFO:__main__:
【train】epoch:115/120 loss:0.0174 acc:0.9938
INFO:__main__:
【val】epoch:115/120 loss:0.2896 acc:0.9325
INFO:__main__:
【Val】:  SENS: 0.8485  SPEC: 0.9666  PPV: 0.9116  NPV: 0.9402 F1:0.8789
INFO:__main__:验证的best_acc:0.9400
INFO:__main__:----------------------------------------------------------------------------------------------------
INFO:__main__:
【train】epoch:116/120 loss:0.0186 acc:0.9929
INFO:__main__:
【val】epoch:116/120 loss:0.2788 acc:0.9350
INFO:__main__:
【Val】:  SENS: 0.8658  SPEC: 0.9631  PPV: 0.9050  NPV: 0.9465 F1:0.8850
INFO:__main__:验证的best_acc:0.9400
INFO:__main__:----------------------------------------------------------------------------------------------------
INFO:__main__:
【train】epoch:117/120 loss:0.0168 acc:0.9932
INFO:__main__:
【val】epoch:117/120 loss:0.2905 acc:0.9350
INFO:__main__:
【Val】:  SENS: 0.8701  SPEC: 0.9613  PPV: 0.9013  NPV: 0.9480 F1:0.8855
INFO:__main__:验证的best_acc:0.9400
INFO:__main__:----------------------------------------------------------------------------------------------------
INFO:__main__:
【train】epoch:118/120 loss:0.0178 acc:0.9931
INFO:__main__:
【val】epoch:118/120 loss:0.3133 acc:0.9350
INFO:__main__:
【Val】:  SENS: 0.8571  SPEC: 0.9666  PPV: 0.9124  NPV: 0.9434 F1:0.8839
INFO:__main__:验证的best_acc:0.9400
INFO:__main__:----------------------------------------------------------------------------------------------------
INFO:__main__:
【train】epoch:119/120 loss:0.0143 acc:0.9952
INFO:__main__:
【val】epoch:119/120 loss:0.3215 acc:0.9312
INFO:__main__:
【Val】:  SENS: 0.8442  SPEC: 0.9666  PPV: 0.9112  NPV: 0.9386 F1:0.8764
INFO:__main__:验证的best_acc:0.9400
INFO:__main__:----------------------------------------------------------------------------------------------------
INFO:__main__:****************************************************************************************************
INFO:__main__:Val_LOSS:['0.4851', '0.4788', '0.4293', '0.4054', '0.4534', '0.4565', '0.4444', '0.3958', '0.3328', '0.5629', '0.5309', '0.5716', '0.4891', '0.3781', '0.6021', '0.3909', '0.3685', '0.2865', '0.6393', '0.2689', '0.2590', '0.2912', '0.3007', '0.4402', '0.2410', '0.3228', '0.5206', '0.2830', '0.4330', '0.3164', '0.2151', '0.3439', '0.3152', '0.3293', '0.2621', '0.2527', '0.3132', '0.2924', '0.3218', '0.2569', '0.3684', '0.2734', '0.2516', '0.2874', '0.3178', '0.2643', '0.2758', '0.3340', '0.2642', '0.2611', '0.2812', '0.2438', '0.2463', '0.2836', '0.2837', '0.2828', '0.3286', '0.2670', '0.2718', '0.2712', '0.2914', '0.3162', '0.2678', '0.3129', '0.2707', '0.3143', '0.2408', '0.3038', '0.3258', '0.2690', '0.3072', '0.3129', '0.2914', '0.3029', '0.2714', '0.2846', '0.2988', '0.3560', '0.2974', '0.2916', '0.2888', '0.3079', '0.2938', '0.2690', '0.2961', '0.3211', '0.3405', '0.2968', '0.3394', '0.3575', '0.3112', '0.3121', '0.2897', '0.2871', '0.2979', '0.2875', '0.2920', '0.2748', '0.3196', '0.2957', '0.3110', '0.2698', '0.2884', '0.3218', '0.3101', '0.3037', '0.3468', '0.3424', '0.3007', '0.2883', '0.3215', '0.3206', '0.3451', '0.3034', '0.3189', '0.2896', '0.2788', '0.2905', '0.3133', '0.3215']
INFO:__main__:Val_ACC:['0.7462', '0.7625', '0.7788', '0.7975', '0.7700', '0.7400', '0.7638', '0.8087', '0.8525', '0.6988', '0.7250', '0.7400', '0.7563', '0.8213', '0.7462', '0.8238', '0.8462', '0.8975', '0.7412', '0.9000', '0.8975', '0.9000', '0.8750', '0.8700', '0.9100', '0.8800', '0.8388', '0.9038', '0.8512', '0.8888', '0.9175', '0.8875', '0.9050', '0.9025', '0.9212', '0.9150', '0.8963', '0.9125', '0.8975', '0.9075', '0.9100', '0.9137', '0.9150', '0.9100', '0.8988', '0.9125', '0.9175', '0.9062', '0.9175', '0.9225', '0.9212', '0.9225', '0.9262', '0.9175', '0.9150', '0.9187', '0.9150', '0.9212', '0.9337', '0.9312', '0.9175', '0.9212', '0.9312', '0.9237', '0.9287', '0.9137', '0.9337', '0.9225', '0.9087', '0.9187', '0.9137', '0.9187', '0.9212', '0.9150', '0.9312', '0.9262', '0.9212', '0.9175', '0.9287', '0.9237', '0.9312', '0.9287', '0.9287', '0.9237', '0.9187', '0.9237', '0.9237', '0.9212', '0.9200', '0.9225', '0.9287', '0.9262', '0.9275', '0.9262', '0.9212', '0.9262', '0.9250', '0.9325', '0.9162', '0.9325', '0.9325', '0.9287', '0.9337', '0.9237', '0.9262', '0.9300', '0.9287', '0.9337', '0.9400', '0.9337', '0.9350', '0.9250', '0.9287', '0.9300', '0.9325', '0.9325', '0.9350', '0.9350', '0.9350', '0.9312']
INFO:__main__:****************************************************************************************************
INFO:__main__: epoch0 测试test_Loss: 0.4645  test_ACC: 0.9175  
INFO:__main__:SENS: 0.8543 SPEC: 0.9440 PPV: 0.8648 NPV: 0.9392 F1:0.8595
INFO:__main__:test_Best_acc:0.9175
INFO:__main__:flops:2663936992.0  params:14150050.0
