INFO:__main__:
【train】epoch:0/150 loss:0.6284 acc:0.6418
INFO:__main__:
【val】epoch:0/150 loss:0.6004 acc:0.6847
INFO:__main__:
【Val】:  SENS: 0.4164  SPEC: 0.9044  PPV: 0.7811  NPV: 0.6542 F1:0.5432
INFO:__main__:验证的best_acc:0.6847
INFO:__main__:----------------------------------------------------------------------------------------------------
INFO:__main__:
【train】epoch:1/150 loss:0.5194 acc:0.7476
INFO:__main__:
【val】epoch:1/150 loss:0.5556 acc:0.7330
INFO:__main__:
【Val】:  SENS: 0.5931  SPEC: 0.8475  PPV: 0.7611  NPV: 0.7177 F1:0.6667
INFO:__main__:验证的best_acc:0.7330
INFO:__main__:----------------------------------------------------------------------------------------------------
INFO:__main__:
【train】epoch:2/150 loss:0.4506 acc:0.7931
INFO:__main__:
【val】epoch:2/150 loss:0.4537 acc:0.7884
INFO:__main__:
【Val】:  SENS: 0.7539  SPEC: 0.8165  PPV: 0.7710  NPV: 0.8020 F1:0.7624
INFO:__main__:验证的best_acc:0.7884
INFO:__main__:----------------------------------------------------------------------------------------------------
INFO:__main__:
【train】epoch:3/150 loss:0.4180 acc:0.8069
INFO:__main__:
【val】epoch:3/150 loss:0.4229 acc:0.8054
INFO:__main__:
【Val】:  SENS: 0.7382  SPEC: 0.8605  PPV: 0.8125  NPV: 0.8005 F1:0.7736
INFO:__main__:验证的best_acc:0.8054
INFO:__main__:----------------------------------------------------------------------------------------------------
INFO:__main__:
【train】epoch:4/150 loss:0.4046 acc:0.8181
INFO:__main__:
【val】epoch:4/150 loss:0.4751 acc:0.7500
INFO:__main__:
【Val】:  SENS: 0.5741  SPEC: 0.8941  PPV: 0.8161  NPV: 0.7193 F1:0.6741
INFO:__main__:验证的best_acc:0.8054
INFO:__main__:----------------------------------------------------------------------------------------------------
INFO:__main__:
【train】epoch:5/150 loss:0.3910 acc:0.8216
INFO:__main__:
【val】epoch:5/150 loss:0.4476 acc:0.7997
INFO:__main__:
【Val】:  SENS: 0.7161  SPEC: 0.8682  PPV: 0.8165  NPV: 0.7887 F1:0.7630
INFO:__main__:验证的best_acc:0.8054
INFO:__main__:----------------------------------------------------------------------------------------------------
INFO:__main__:
【train】epoch:6/150 loss:0.3791 acc:0.8305
INFO:__main__:
【val】epoch:6/150 loss:0.4052 acc:0.8196
INFO:__main__:
【Val】:  SENS: 0.8139  SPEC: 0.8243  PPV: 0.7914  NPV: 0.8439 F1:0.8025
INFO:__main__:验证的best_acc:0.8196
INFO:__main__:----------------------------------------------------------------------------------------------------
INFO:__main__:
【train】epoch:7/150 loss:0.3582 acc:0.8417
INFO:__main__:
【val】epoch:7/150 loss:0.4134 acc:0.8153
INFO:__main__:
【Val】:  SENS: 0.8454  SPEC: 0.7907  PPV: 0.7679  NPV: 0.8620 F1:0.8048
INFO:__main__:验证的best_acc:0.8196
INFO:__main__:----------------------------------------------------------------------------------------------------
INFO:__main__:
【train】epoch:8/150 loss:0.3586 acc:0.8431
INFO:__main__:
【val】epoch:8/150 loss:0.4227 acc:0.8097
INFO:__main__:
【Val】:  SENS: 0.7413  SPEC: 0.8656  PPV: 0.8188  NPV: 0.8034 F1:0.7781
INFO:__main__:验证的best_acc:0.8196
INFO:__main__:----------------------------------------------------------------------------------------------------
INFO:__main__:
【train】epoch:9/150 loss:0.3399 acc:0.8511
INFO:__main__:
【val】epoch:9/150 loss:0.3746 acc:0.8438
INFO:__main__:
【Val】:  SENS: 0.8423  SPEC: 0.8450  PPV: 0.8165  NPV: 0.8674 F1:0.8292
INFO:__main__:验证的best_acc:0.8438
INFO:__main__:----------------------------------------------------------------------------------------------------
INFO:__main__:
【train】epoch:10/150 loss:0.3349 acc:0.8568
INFO:__main__:
【val】epoch:10/150 loss:0.3762 acc:0.8423
INFO:__main__:
【Val】:  SENS: 0.8328  SPEC: 0.8501  PPV: 0.8199  NPV: 0.8613 F1:0.8263
INFO:__main__:验证的best_acc:0.8438
INFO:__main__:----------------------------------------------------------------------------------------------------
INFO:__main__:
【train】epoch:11/150 loss:0.3224 acc:0.8626
INFO:__main__:
【val】epoch:11/150 loss:0.3514 acc:0.8494
INFO:__main__:
【Val】:  SENS: 0.7981  SPEC: 0.8915  PPV: 0.8576  NPV: 0.8435 F1:0.8268
INFO:__main__:验证的best_acc:0.8494
INFO:__main__:----------------------------------------------------------------------------------------------------
INFO:__main__:
【train】epoch:12/150 loss:0.3118 acc:0.8668
INFO:__main__:
【val】epoch:12/150 loss:0.3766 acc:0.8338
INFO:__main__:
【Val】:  SENS: 0.8202  SPEC: 0.8450  PPV: 0.8125  NPV: 0.8516 F1:0.8163
INFO:__main__:验证的best_acc:0.8494
INFO:__main__:----------------------------------------------------------------------------------------------------
INFO:__main__:
【train】epoch:13/150 loss:0.3062 acc:0.8710
INFO:__main__:
【val】epoch:13/150 loss:0.3964 acc:0.8224
INFO:__main__:
【Val】:  SENS: 0.9054  SPEC: 0.7545  PPV: 0.7513  NPV: 0.9068 F1:0.8212
INFO:__main__:验证的best_acc:0.8494
INFO:__main__:----------------------------------------------------------------------------------------------------
INFO:__main__:
【train】epoch:14/150 loss:0.2976 acc:0.8743
INFO:__main__:
【val】epoch:14/150 loss:0.3805 acc:0.8352
INFO:__main__:
【Val】:  SENS: 0.8801  SPEC: 0.7984  PPV: 0.7815  NPV: 0.8905 F1:0.8279
INFO:__main__:验证的best_acc:0.8494
INFO:__main__:----------------------------------------------------------------------------------------------------
INFO:__main__:
【train】epoch:15/150 loss:0.2983 acc:0.8726
INFO:__main__:
【val】epoch:15/150 loss:0.3722 acc:0.8608
INFO:__main__:
【Val】:  SENS: 0.8612  SPEC: 0.8605  PPV: 0.8349  NPV: 0.8833 F1:0.8478
INFO:__main__:验证的best_acc:0.8608
INFO:__main__:----------------------------------------------------------------------------------------------------
INFO:__main__:
【train】epoch:16/150 loss:0.2913 acc:0.8804
INFO:__main__:
【val】epoch:16/150 loss:0.4086 acc:0.8224
INFO:__main__:
【Val】:  SENS: 0.9117  SPEC: 0.7494  PPV: 0.7487  NPV: 0.9119 F1:0.8222
INFO:__main__:验证的best_acc:0.8608
INFO:__main__:----------------------------------------------------------------------------------------------------
INFO:__main__:
【train】epoch:17/150 loss:0.2827 acc:0.8822
INFO:__main__:
【val】epoch:17/150 loss:0.3785 acc:0.8395
INFO:__main__:
【Val】:  SENS: 0.8864  SPEC: 0.8010  PPV: 0.7849  NPV: 0.8960 F1:0.8326
INFO:__main__:验证的best_acc:0.8608
INFO:__main__:----------------------------------------------------------------------------------------------------
INFO:__main__:
【train】epoch:18/150 loss:0.2727 acc:0.8879
INFO:__main__:
【val】epoch:18/150 loss:0.3988 acc:0.8338
INFO:__main__:
【Val】:  SENS: 0.8580  SPEC: 0.8140  PPV: 0.7907  NPV: 0.8750 F1:0.8230
INFO:__main__:验证的best_acc:0.8608
INFO:__main__:----------------------------------------------------------------------------------------------------
INFO:__main__:
【train】epoch:19/150 loss:0.2631 acc:0.8944
INFO:__main__:
【val】epoch:19/150 loss:0.3732 acc:0.8395
INFO:__main__:
【Val】:  SENS: 0.8707  SPEC: 0.8140  PPV: 0.7931  NPV: 0.8848 F1:0.8301
INFO:__main__:验证的best_acc:0.8608
INFO:__main__:----------------------------------------------------------------------------------------------------
INFO:__main__:
【train】epoch:20/150 loss:0.2540 acc:0.9003
INFO:__main__:
【val】epoch:20/150 loss:0.4130 acc:0.8196
INFO:__main__:
【Val】:  SENS: 0.8454  SPEC: 0.7984  PPV: 0.7746  NPV: 0.8631 F1:0.8084
INFO:__main__:验证的best_acc:0.8608
INFO:__main__:----------------------------------------------------------------------------------------------------
INFO:__main__:
【train】epoch:21/150 loss:0.2586 acc:0.8916
INFO:__main__:
【val】epoch:21/150 loss:0.3523 acc:0.8494
INFO:__main__:
【Val】:  SENS: 0.8864  SPEC: 0.8191  PPV: 0.8006  NPV: 0.8980 F1:0.8413
INFO:__main__:验证的best_acc:0.8608
INFO:__main__:----------------------------------------------------------------------------------------------------
INFO:__main__:
【train】epoch:22/150 loss:0.2346 acc:0.9076
INFO:__main__:
【val】epoch:22/150 loss:0.4180 acc:0.8295
INFO:__main__:
【Val】:  SENS: 0.9054  SPEC: 0.7674  PPV: 0.7613  NPV: 0.9083 F1:0.8271
INFO:__main__:验证的best_acc:0.8608
INFO:__main__:----------------------------------------------------------------------------------------------------
INFO:__main__:
【train】epoch:23/150 loss:0.2344 acc:0.9050
INFO:__main__:
【val】epoch:23/150 loss:0.4064 acc:0.8381
INFO:__main__:
【Val】:  SENS: 0.8770  SPEC: 0.8062  PPV: 0.7875  NPV: 0.8889 F1:0.8299
INFO:__main__:验证的best_acc:0.8608
INFO:__main__:----------------------------------------------------------------------------------------------------
INFO:__main__:
【train】epoch:24/150 loss:0.2362 acc:0.9101
INFO:__main__:
【val】epoch:24/150 loss:0.4125 acc:0.8338
INFO:__main__:
【Val】:  SENS: 0.8517  SPEC: 0.8191  PPV: 0.7941  NPV: 0.8709 F1:0.8219
INFO:__main__:验证的best_acc:0.8608
INFO:__main__:----------------------------------------------------------------------------------------------------
INFO:__main__:
【train】epoch:25/150 loss:0.2361 acc:0.9040
INFO:__main__:
【val】epoch:25/150 loss:0.4334 acc:0.8381
INFO:__main__:
【Val】:  SENS: 0.8959  SPEC: 0.7907  PPV: 0.7781  NPV: 0.9027 F1:0.8328
INFO:__main__:验证的best_acc:0.8608
INFO:__main__:----------------------------------------------------------------------------------------------------
INFO:__main__:
【train】epoch:26/150 loss:0.2231 acc:0.9099
INFO:__main__:
【val】epoch:26/150 loss:0.4496 acc:0.8139
INFO:__main__:
【Val】:  SENS: 0.8454  SPEC: 0.7881  PPV: 0.7657  NPV: 0.8616 F1:0.8036
INFO:__main__:验证的best_acc:0.8608
INFO:__main__:----------------------------------------------------------------------------------------------------
INFO:__main__:
【train】epoch:27/150 loss:0.2271 acc:0.9108
INFO:__main__:
【val】epoch:27/150 loss:0.4211 acc:0.8253
INFO:__main__:
【Val】:  SENS: 0.8833  SPEC: 0.7778  PPV: 0.7650  NPV: 0.8905 F1:0.8199
INFO:__main__:验证的best_acc:0.8608
INFO:__main__:----------------------------------------------------------------------------------------------------
INFO:__main__:
【train】epoch:28/150 loss:0.2265 acc:0.9071
INFO:__main__:
【val】epoch:28/150 loss:0.4082 acc:0.8295
INFO:__main__:
【Val】:  SENS: 0.8265  SPEC: 0.8320  PPV: 0.8012  NPV: 0.8541 F1:0.8137
INFO:__main__:验证的best_acc:0.8608
INFO:__main__:----------------------------------------------------------------------------------------------------
INFO:__main__:
【train】epoch:29/150 loss:0.2155 acc:0.9150
INFO:__main__:
【val】epoch:29/150 loss:0.3632 acc:0.8381
INFO:__main__:
【Val】:  SENS: 0.8486  SPEC: 0.8295  PPV: 0.8030  NPV: 0.8699 F1:0.8252
INFO:__main__:验证的best_acc:0.8608
INFO:__main__:----------------------------------------------------------------------------------------------------
INFO:__main__:
【train】epoch:30/150 loss:0.2073 acc:0.9150
INFO:__main__:
【val】epoch:30/150 loss:0.4486 acc:0.8210
INFO:__main__:
【Val】:  SENS: 0.8044  SPEC: 0.8346  PPV: 0.7994  NPV: 0.8390 F1:0.8019
INFO:__main__:验证的best_acc:0.8608
INFO:__main__:----------------------------------------------------------------------------------------------------
INFO:__main__:
【train】epoch:31/150 loss:0.1969 acc:0.9221
INFO:__main__:
【val】epoch:31/150 loss:0.3757 acc:0.8551
INFO:__main__:
【Val】:  SENS: 0.8360  SPEC: 0.8708  PPV: 0.8413  NPV: 0.8663 F1:0.8386
INFO:__main__:验证的best_acc:0.8608
INFO:__main__:----------------------------------------------------------------------------------------------------
INFO:__main__:
【train】epoch:32/150 loss:0.1968 acc:0.9242
INFO:__main__:
【val】epoch:32/150 loss:0.4331 acc:0.8239
INFO:__main__:
【Val】:  SENS: 0.8297  SPEC: 0.8191  PPV: 0.7898  NPV: 0.8544 F1:0.8092
INFO:__main__:验证的best_acc:0.8608
INFO:__main__:----------------------------------------------------------------------------------------------------
INFO:__main__:
【train】epoch:33/150 loss:0.1922 acc:0.9227
INFO:__main__:
【val】epoch:33/150 loss:0.3876 acc:0.8438
INFO:__main__:
【Val】:  SENS: 0.8549  SPEC: 0.8346  PPV: 0.8090  NPV: 0.8753 F1:0.8313
INFO:__main__:验证的best_acc:0.8608
INFO:__main__:----------------------------------------------------------------------------------------------------
INFO:__main__:
【train】epoch:34/150 loss:0.1918 acc:0.9249
INFO:__main__:
【val】epoch:34/150 loss:0.4012 acc:0.8523
INFO:__main__:
【Val】:  SENS: 0.8265  SPEC: 0.8734  PPV: 0.8424  NPV: 0.8601 F1:0.8344
INFO:__main__:验证的best_acc:0.8608
INFO:__main__:----------------------------------------------------------------------------------------------------
INFO:__main__:
【train】epoch:35/150 loss:0.1897 acc:0.9248
INFO:__main__:
【val】epoch:35/150 loss:0.4192 acc:0.8665
INFO:__main__:
【Val】:  SENS: 0.8391  SPEC: 0.8889  PPV: 0.8608  NPV: 0.8709 F1:0.8498
INFO:__main__:验证的best_acc:0.8665
INFO:__main__:----------------------------------------------------------------------------------------------------
INFO:__main__:
【train】epoch:36/150 loss:0.1845 acc:0.9275
INFO:__main__:
【val】epoch:36/150 loss:0.3867 acc:0.8622
INFO:__main__:
【Val】:  SENS: 0.8297  SPEC: 0.8889  PPV: 0.8595  NPV: 0.8643 F1:0.8443
INFO:__main__:验证的best_acc:0.8665
INFO:__main__:----------------------------------------------------------------------------------------------------
INFO:__main__:
【train】epoch:37/150 loss:0.1953 acc:0.9246
INFO:__main__:
【val】epoch:37/150 loss:0.3825 acc:0.8452
INFO:__main__:
【Val】:  SENS: 0.8391  SPEC: 0.8501  PPV: 0.8210  NPV: 0.8658 F1:0.8300
INFO:__main__:验证的best_acc:0.8665
INFO:__main__:----------------------------------------------------------------------------------------------------
INFO:__main__:
【train】epoch:38/150 loss:0.1817 acc:0.9291
INFO:__main__:
【val】epoch:38/150 loss:0.5041 acc:0.8196
INFO:__main__:
【Val】:  SENS: 0.7539  SPEC: 0.8734  PPV: 0.8299  NPV: 0.8125 F1:0.7901
INFO:__main__:验证的best_acc:0.8665
INFO:__main__:----------------------------------------------------------------------------------------------------
INFO:__main__:
【train】epoch:39/150 loss:0.1712 acc:0.9330
INFO:__main__:
【val】epoch:39/150 loss:0.4941 acc:0.8494
INFO:__main__:
【Val】:  SENS: 0.8675  SPEC: 0.8346  PPV: 0.8112  NPV: 0.8849 F1:0.8384
INFO:__main__:验证的best_acc:0.8665
INFO:__main__:----------------------------------------------------------------------------------------------------
INFO:__main__:
【train】epoch:40/150 loss:0.1782 acc:0.9316
INFO:__main__:
【val】epoch:40/150 loss:0.4380 acc:0.8480
INFO:__main__:
【Val】:  SENS: 0.8549  SPEC: 0.8424  PPV: 0.8163  NPV: 0.8763 F1:0.8351
INFO:__main__:验证的best_acc:0.8665
INFO:__main__:----------------------------------------------------------------------------------------------------
INFO:__main__:
【train】epoch:41/150 loss:0.1575 acc:0.9370
INFO:__main__:
【val】epoch:41/150 loss:0.4358 acc:0.8494
INFO:__main__:
【Val】:  SENS: 0.7981  SPEC: 0.8915  PPV: 0.8576  NPV: 0.8435 F1:0.8268
INFO:__main__:验证的best_acc:0.8665
INFO:__main__:----------------------------------------------------------------------------------------------------
INFO:__main__:
【train】epoch:42/150 loss:0.1646 acc:0.9338
INFO:__main__:
【val】epoch:42/150 loss:0.4722 acc:0.8523
INFO:__main__:
【Val】:  SENS: 0.8013  SPEC: 0.8941  PPV: 0.8610  NPV: 0.8460 F1:0.8301
INFO:__main__:验证的best_acc:0.8665
INFO:__main__:----------------------------------------------------------------------------------------------------
INFO:__main__:
【train】epoch:43/150 loss:0.1562 acc:0.9378
INFO:__main__:
【val】epoch:43/150 loss:0.4845 acc:0.8565
INFO:__main__:
【Val】:  SENS: 0.8801  SPEC: 0.8372  PPV: 0.8158  NPV: 0.8950 F1:0.8467
INFO:__main__:验证的best_acc:0.8665
INFO:__main__:----------------------------------------------------------------------------------------------------
INFO:__main__:
【train】epoch:44/150 loss:0.1552 acc:0.9401
INFO:__main__:
【val】epoch:44/150 loss:0.4197 acc:0.8580
INFO:__main__:
【Val】:  SENS: 0.8139  SPEC: 0.8941  PPV: 0.8629  NPV: 0.8543 F1:0.8377
INFO:__main__:验证的best_acc:0.8665
INFO:__main__:----------------------------------------------------------------------------------------------------
INFO:__main__:
【train】epoch:45/150 loss:0.1558 acc:0.9403
INFO:__main__:
【val】epoch:45/150 loss:0.4823 acc:0.8310
INFO:__main__:
【Val】:  SENS: 0.8139  SPEC: 0.8450  PPV: 0.8113  NPV: 0.8472 F1:0.8126
INFO:__main__:验证的best_acc:0.8665
INFO:__main__:----------------------------------------------------------------------------------------------------
INFO:__main__:
【train】epoch:46/150 loss:0.1582 acc:0.9420
INFO:__main__:
【val】epoch:46/150 loss:0.4520 acc:0.8523
INFO:__main__:
【Val】:  SENS: 0.8297  SPEC: 0.8708  PPV: 0.8403  NPV: 0.8619 F1:0.8349
INFO:__main__:验证的best_acc:0.8665
INFO:__main__:----------------------------------------------------------------------------------------------------
INFO:__main__:
【train】epoch:47/150 loss:0.1557 acc:0.9408
INFO:__main__:
【val】epoch:47/150 loss:0.5596 acc:0.8366
INFO:__main__:
【Val】:  SENS: 0.8107  SPEC: 0.8579  PPV: 0.8237  NPV: 0.8469 F1:0.8172
INFO:__main__:验证的best_acc:0.8665
INFO:__main__:----------------------------------------------------------------------------------------------------
INFO:__main__:
【train】epoch:48/150 loss:0.1512 acc:0.9403
INFO:__main__:
【val】epoch:48/150 loss:0.5207 acc:0.8438
INFO:__main__:
【Val】:  SENS: 0.7918  SPEC: 0.8863  PPV: 0.8508  NPV: 0.8386 F1:0.8203
INFO:__main__:验证的best_acc:0.8665
INFO:__main__:----------------------------------------------------------------------------------------------------
INFO:__main__:
【train】epoch:49/150 loss:0.1346 acc:0.9464
INFO:__main__:
【val】epoch:49/150 loss:0.5133 acc:0.8651
INFO:__main__:
【Val】:  SENS: 0.8644  SPEC: 0.8656  PPV: 0.8405  NPV: 0.8862 F1:0.8523
INFO:__main__:验证的best_acc:0.8665
INFO:__main__:----------------------------------------------------------------------------------------------------
INFO:__main__:
【train】epoch:50/150 loss:0.1359 acc:0.9471
INFO:__main__:
【val】epoch:50/150 loss:0.4369 acc:0.8608
INFO:__main__:
【Val】:  SENS: 0.8612  SPEC: 0.8605  PPV: 0.8349  NPV: 0.8833 F1:0.8478
INFO:__main__:验证的best_acc:0.8665
INFO:__main__:----------------------------------------------------------------------------------------------------
INFO:__main__:
【train】epoch:51/150 loss:0.1366 acc:0.9494
INFO:__main__:
【val】epoch:51/150 loss:0.4427 acc:0.8565
INFO:__main__:
【Val】:  SENS: 0.8517  SPEC: 0.8605  PPV: 0.8333  NPV: 0.8763 F1:0.8424
INFO:__main__:验证的best_acc:0.8665
INFO:__main__:----------------------------------------------------------------------------------------------------
INFO:__main__:
【train】epoch:52/150 loss:0.1353 acc:0.9488
INFO:__main__:
【val】epoch:52/150 loss:0.4350 acc:0.8636
INFO:__main__:
【Val】:  SENS: 0.8580  SPEC: 0.8682  PPV: 0.8421  NPV: 0.8819 F1:0.8500
INFO:__main__:验证的best_acc:0.8665
INFO:__main__:----------------------------------------------------------------------------------------------------
INFO:__main__:
【train】epoch:53/150 loss:0.1332 acc:0.9488
INFO:__main__:
【val】epoch:53/150 loss:0.5333 acc:0.8693
INFO:__main__:
【Val】:  SENS: 0.8580  SPEC: 0.8786  PPV: 0.8527  NPV: 0.8831 F1:0.8553
INFO:__main__:验证的best_acc:0.8693
INFO:__main__:----------------------------------------------------------------------------------------------------
INFO:__main__:
【train】epoch:54/150 loss:0.1297 acc:0.9499
INFO:__main__:
【val】epoch:54/150 loss:0.4658 acc:0.8494
INFO:__main__:
【Val】:  SENS: 0.8360  SPEC: 0.8605  PPV: 0.8307  NPV: 0.8649 F1:0.8333
INFO:__main__:验证的best_acc:0.8693
INFO:__main__:----------------------------------------------------------------------------------------------------
INFO:__main__:
【train】epoch:55/150 loss:0.1214 acc:0.9508
INFO:__main__:
【val】epoch:55/150 loss:0.5059 acc:0.8409
INFO:__main__:
【Val】:  SENS: 0.8265  SPEC: 0.8527  PPV: 0.8213  NPV: 0.8571 F1:0.8239
INFO:__main__:验证的best_acc:0.8693
INFO:__main__:----------------------------------------------------------------------------------------------------
INFO:__main__:
【train】epoch:56/150 loss:0.1233 acc:0.9523
INFO:__main__:
【val】epoch:56/150 loss:0.4903 acc:0.8565
INFO:__main__:
【Val】:  SENS: 0.8233  SPEC: 0.8837  PPV: 0.8529  NPV: 0.8593 F1:0.8379
INFO:__main__:验证的best_acc:0.8693
INFO:__main__:----------------------------------------------------------------------------------------------------
INFO:__main__:
【train】epoch:57/150 loss:0.1228 acc:0.9525
INFO:__main__:
【val】epoch:57/150 loss:0.4977 acc:0.8580
INFO:__main__:
【Val】:  SENS: 0.8391  SPEC: 0.8734  PPV: 0.8444  NPV: 0.8689 F1:0.8418
INFO:__main__:验证的best_acc:0.8693
INFO:__main__:----------------------------------------------------------------------------------------------------
INFO:__main__:
【train】epoch:58/150 loss:0.1196 acc:0.9511
INFO:__main__:
【val】epoch:58/150 loss:0.4968 acc:0.8537
INFO:__main__:
【Val】:  SENS: 0.8297  SPEC: 0.8734  PPV: 0.8429  NPV: 0.8622 F1:0.8362
INFO:__main__:验证的best_acc:0.8693
INFO:__main__:----------------------------------------------------------------------------------------------------
INFO:__main__:
【train】epoch:59/150 loss:0.1129 acc:0.9562
INFO:__main__:
【val】epoch:59/150 loss:0.4667 acc:0.8665
INFO:__main__:
【Val】:  SENS: 0.8927  SPEC: 0.8450  PPV: 0.8251  NPV: 0.9058 F1:0.8576
INFO:__main__:验证的best_acc:0.8693
INFO:__main__:----------------------------------------------------------------------------------------------------
INFO:__main__:
【train】epoch:60/150 loss:0.1048 acc:0.9595
INFO:__main__:
【val】epoch:60/150 loss:0.5163 acc:0.8466
INFO:__main__:
【Val】:  SENS: 0.8707  SPEC: 0.8269  PPV: 0.8047  NPV: 0.8864 F1:0.8364
INFO:__main__:验证的best_acc:0.8693
INFO:__main__:----------------------------------------------------------------------------------------------------
INFO:__main__:
【train】epoch:61/150 loss:0.1125 acc:0.9562
INFO:__main__:
【val】epoch:61/150 loss:0.4719 acc:0.8622
INFO:__main__:
【Val】:  SENS: 0.8580  SPEC: 0.8656  PPV: 0.8395  NPV: 0.8816 F1:0.8487
INFO:__main__:验证的best_acc:0.8693
INFO:__main__:----------------------------------------------------------------------------------------------------
INFO:__main__:
【train】epoch:62/150 loss:0.1146 acc:0.9567
INFO:__main__:
【val】epoch:62/150 loss:0.4842 acc:0.8537
INFO:__main__:
【Val】:  SENS: 0.8423  SPEC: 0.8630  PPV: 0.8344  NPV: 0.8698 F1:0.8383
INFO:__main__:验证的best_acc:0.8693
INFO:__main__:----------------------------------------------------------------------------------------------------
INFO:__main__:
【train】epoch:63/150 loss:0.1125 acc:0.9574
INFO:__main__:
【val】epoch:63/150 loss:0.4091 acc:0.8750
INFO:__main__:
【Val】:  SENS: 0.8707  SPEC: 0.8786  PPV: 0.8545  NPV: 0.8924 F1:0.8625
INFO:__main__:验证的best_acc:0.8750
INFO:__main__:----------------------------------------------------------------------------------------------------
INFO:__main__:
【train】epoch:64/150 loss:0.1014 acc:0.9605
INFO:__main__:
【val】epoch:64/150 loss:0.5134 acc:0.8608
INFO:__main__:
【Val】:  SENS: 0.8076  SPEC: 0.9044  PPV: 0.8737  NPV: 0.8516 F1:0.8393
INFO:__main__:验证的best_acc:0.8750
INFO:__main__:----------------------------------------------------------------------------------------------------
INFO:__main__:
【train】epoch:65/150 loss:0.1012 acc:0.9600
INFO:__main__:
【val】epoch:65/150 loss:0.5158 acc:0.8665
INFO:__main__:
【Val】:  SENS: 0.8580  SPEC: 0.8734  PPV: 0.8474  NPV: 0.8825 F1:0.8527
INFO:__main__:验证的best_acc:0.8750
INFO:__main__:----------------------------------------------------------------------------------------------------
INFO:__main__:
【train】epoch:66/150 loss:0.1022 acc:0.9598
INFO:__main__:
【val】epoch:66/150 loss:0.4842 acc:0.8736
INFO:__main__:
【Val】:  SENS: 0.8423  SPEC: 0.8992  PPV: 0.8725  NPV: 0.8744 F1:0.8571
INFO:__main__:验证的best_acc:0.8750
INFO:__main__:----------------------------------------------------------------------------------------------------
INFO:__main__:
【train】epoch:67/150 loss:0.0987 acc:0.9649
INFO:__main__:
【val】epoch:67/150 loss:0.5268 acc:0.8537
INFO:__main__:
【Val】:  SENS: 0.8486  SPEC: 0.8579  PPV: 0.8302  NPV: 0.8737 F1:0.8393
INFO:__main__:验证的best_acc:0.8750
INFO:__main__:----------------------------------------------------------------------------------------------------
INFO:__main__:
【train】epoch:68/150 loss:0.1088 acc:0.9586
INFO:__main__:
【val】epoch:68/150 loss:0.4555 acc:0.8594
INFO:__main__:
【Val】:  SENS: 0.8328  SPEC: 0.8811  PPV: 0.8516  NPV: 0.8655 F1:0.8421
INFO:__main__:验证的best_acc:0.8750
INFO:__main__:----------------------------------------------------------------------------------------------------
INFO:__main__:
【train】epoch:69/150 loss:0.0907 acc:0.9689
INFO:__main__:
【val】epoch:69/150 loss:0.4616 acc:0.8707
INFO:__main__:
【Val】:  SENS: 0.8517  SPEC: 0.8863  PPV: 0.8599  NPV: 0.8795 F1:0.8558
INFO:__main__:验证的best_acc:0.8750
INFO:__main__:----------------------------------------------------------------------------------------------------
INFO:__main__:
【train】epoch:70/150 loss:0.0796 acc:0.9679
INFO:__main__:
【val】epoch:70/150 loss:0.5000 acc:0.8750
INFO:__main__:
【Val】:  SENS: 0.8675  SPEC: 0.8811  PPV: 0.8567  NPV: 0.8903 F1:0.8621
INFO:__main__:验证的best_acc:0.8750
INFO:__main__:----------------------------------------------------------------------------------------------------
INFO:__main__:
【train】epoch:71/150 loss:0.0823 acc:0.9684
INFO:__main__:
【val】epoch:71/150 loss:0.5338 acc:0.8750
INFO:__main__:
【Val】:  SENS: 0.8328  SPEC: 0.9096  PPV: 0.8829  NPV: 0.8691 F1:0.8571
INFO:__main__:验证的best_acc:0.8750
INFO:__main__:----------------------------------------------------------------------------------------------------
INFO:__main__:
【train】epoch:72/150 loss:0.0912 acc:0.9653
INFO:__main__:
【val】epoch:72/150 loss:0.5477 acc:0.8636
INFO:__main__:
【Val】:  SENS: 0.8517  SPEC: 0.8734  PPV: 0.8464  NPV: 0.8779 F1:0.8491
INFO:__main__:验证的best_acc:0.8750
INFO:__main__:----------------------------------------------------------------------------------------------------
INFO:__main__:
【train】epoch:73/150 loss:0.0861 acc:0.9679
INFO:__main__:
【val】epoch:73/150 loss:0.5210 acc:0.8892
INFO:__main__:
【Val】:  SENS: 0.8959  SPEC: 0.8837  PPV: 0.8632  NPV: 0.9120 F1:0.8793
INFO:__main__:验证的best_acc:0.8892
INFO:__main__:----------------------------------------------------------------------------------------------------
INFO:__main__:
【train】epoch:74/150 loss:0.0922 acc:0.9633
INFO:__main__:
【val】epoch:74/150 loss:0.5367 acc:0.8608
INFO:__main__:
【Val】:  SENS: 0.8707  SPEC: 0.8527  PPV: 0.8288  NPV: 0.8895 F1:0.8492
INFO:__main__:验证的best_acc:0.8892
INFO:__main__:----------------------------------------------------------------------------------------------------
INFO:__main__:
【train】epoch:75/150 loss:0.0795 acc:0.9675
INFO:__main__:
【val】epoch:75/150 loss:0.5204 acc:0.8736
INFO:__main__:
【Val】:  SENS: 0.8738  SPEC: 0.8734  PPV: 0.8497  NPV: 0.8942 F1:0.8616
INFO:__main__:验证的best_acc:0.8892
INFO:__main__:----------------------------------------------------------------------------------------------------
INFO:__main__:
【train】epoch:76/150 loss:0.0841 acc:0.9670
INFO:__main__:
【val】epoch:76/150 loss:0.5146 acc:0.8793
INFO:__main__:
【Val】:  SENS: 0.8644  SPEC: 0.8915  PPV: 0.8671  NPV: 0.8892 F1:0.8657
INFO:__main__:验证的best_acc:0.8892
INFO:__main__:----------------------------------------------------------------------------------------------------
INFO:__main__:
【train】epoch:77/150 loss:0.0831 acc:0.9668
INFO:__main__:
【val】epoch:77/150 loss:0.4799 acc:0.8778
INFO:__main__:
【Val】:  SENS: 0.8644  SPEC: 0.8889  PPV: 0.8644  NPV: 0.8889 F1:0.8644
INFO:__main__:验证的best_acc:0.8892
INFO:__main__:----------------------------------------------------------------------------------------------------
INFO:__main__:
【train】epoch:78/150 loss:0.0775 acc:0.9708
INFO:__main__:
【val】epoch:78/150 loss:0.5013 acc:0.8594
INFO:__main__:
【Val】:  SENS: 0.8423  SPEC: 0.8734  PPV: 0.8449  NPV: 0.8711 F1:0.8436
INFO:__main__:验证的best_acc:0.8892
INFO:__main__:----------------------------------------------------------------------------------------------------
INFO:__main__:
【train】epoch:79/150 loss:0.0834 acc:0.9682
INFO:__main__:
【val】epoch:79/150 loss:0.5263 acc:0.8608
INFO:__main__:
【Val】:  SENS: 0.8486  SPEC: 0.8708  PPV: 0.8433  NPV: 0.8753 F1:0.8459
INFO:__main__:验证的best_acc:0.8892
INFO:__main__:----------------------------------------------------------------------------------------------------
INFO:__main__:
【train】epoch:80/150 loss:0.0768 acc:0.9719
INFO:__main__:
【val】epoch:80/150 loss:0.4537 acc:0.8707
INFO:__main__:
【Val】:  SENS: 0.8675  SPEC: 0.8734  PPV: 0.8488  NPV: 0.8895 F1:0.8580
INFO:__main__:验证的best_acc:0.8892
INFO:__main__:----------------------------------------------------------------------------------------------------
INFO:__main__:
【train】epoch:81/150 loss:0.0729 acc:0.9717
INFO:__main__:
【val】epoch:81/150 loss:0.4358 acc:0.8764
INFO:__main__:
【Val】:  SENS: 0.8644  SPEC: 0.8863  PPV: 0.8616  NPV: 0.8886 F1:0.8630
INFO:__main__:验证的best_acc:0.8892
INFO:__main__:----------------------------------------------------------------------------------------------------
INFO:__main__:
【train】epoch:82/150 loss:0.0648 acc:0.9752
INFO:__main__:
【val】epoch:82/150 loss:0.5084 acc:0.8793
INFO:__main__:
【Val】:  SENS: 0.8612  SPEC: 0.8941  PPV: 0.8694  NPV: 0.8872 F1:0.8653
INFO:__main__:验证的best_acc:0.8892
INFO:__main__:----------------------------------------------------------------------------------------------------
INFO:__main__:
【train】epoch:83/150 loss:0.0774 acc:0.9717
INFO:__main__:
【val】epoch:83/150 loss:0.4868 acc:0.8793
INFO:__main__:
【Val】:  SENS: 0.8801  SPEC: 0.8786  PPV: 0.8558  NPV: 0.8995 F1:0.8678
INFO:__main__:验证的best_acc:0.8892
INFO:__main__:----------------------------------------------------------------------------------------------------
INFO:__main__:
【train】epoch:84/150 loss:0.0750 acc:0.9710
INFO:__main__:
【val】epoch:84/150 loss:0.4933 acc:0.8707
INFO:__main__:
【Val】:  SENS: 0.8864  SPEC: 0.8579  PPV: 0.8363  NPV: 0.9022 F1:0.8606
INFO:__main__:验证的best_acc:0.8892
INFO:__main__:----------------------------------------------------------------------------------------------------
INFO:__main__:
【train】epoch:85/150 loss:0.0815 acc:0.9696
INFO:__main__:
【val】epoch:85/150 loss:0.4417 acc:0.8693
INFO:__main__:
【Val】:  SENS: 0.8612  SPEC: 0.8760  PPV: 0.8505  NPV: 0.8851 F1:0.8558
INFO:__main__:验证的best_acc:0.8892
INFO:__main__:----------------------------------------------------------------------------------------------------
INFO:__main__:
【train】epoch:86/150 loss:0.0673 acc:0.9763
INFO:__main__:
【val】epoch:86/150 loss:0.4986 acc:0.8778
INFO:__main__:
【Val】:  SENS: 0.8675  SPEC: 0.8863  PPV: 0.8621  NPV: 0.8909 F1:0.8648
INFO:__main__:验证的best_acc:0.8892
INFO:__main__:----------------------------------------------------------------------------------------------------
INFO:__main__:
【train】epoch:87/150 loss:0.0656 acc:0.9731
INFO:__main__:
【val】epoch:87/150 loss:0.5545 acc:0.8665
INFO:__main__:
【Val】:  SENS: 0.8549  SPEC: 0.8760  PPV: 0.8495  NPV: 0.8805 F1:0.8522
INFO:__main__:验证的best_acc:0.8892
INFO:__main__:----------------------------------------------------------------------------------------------------
INFO:__main__:
【train】epoch:88/150 loss:0.0690 acc:0.9742
INFO:__main__:
【val】epoch:88/150 loss:0.4943 acc:0.8764
INFO:__main__:
【Val】:  SENS: 0.8738  SPEC: 0.8786  PPV: 0.8549  NPV: 0.8947 F1:0.8643
INFO:__main__:验证的best_acc:0.8892
INFO:__main__:----------------------------------------------------------------------------------------------------
INFO:__main__:
【train】epoch:89/150 loss:0.0653 acc:0.9750
INFO:__main__:
【val】epoch:89/150 loss:0.5856 acc:0.8665
INFO:__main__:
【Val】:  SENS: 0.8801  SPEC: 0.8553  PPV: 0.8328  NPV: 0.8970 F1:0.8558
INFO:__main__:验证的best_acc:0.8892
INFO:__main__:----------------------------------------------------------------------------------------------------
INFO:__main__:
【train】epoch:90/150 loss:0.0634 acc:0.9749
INFO:__main__:
【val】epoch:90/150 loss:0.5070 acc:0.8622
INFO:__main__:
【Val】:  SENS: 0.8612  SPEC: 0.8630  PPV: 0.8374  NPV: 0.8836 F1:0.8491
INFO:__main__:验证的best_acc:0.8892
INFO:__main__:----------------------------------------------------------------------------------------------------
INFO:__main__:
【train】epoch:91/150 loss:0.0594 acc:0.9775
INFO:__main__:
【val】epoch:91/150 loss:0.4563 acc:0.8807
INFO:__main__:
【Val】:  SENS: 0.8770  SPEC: 0.8837  PPV: 0.8607  NPV: 0.8976 F1:0.8687
INFO:__main__:验证的best_acc:0.8892
INFO:__main__:----------------------------------------------------------------------------------------------------
INFO:__main__:
【train】epoch:92/150 loss:0.0589 acc:0.9778
INFO:__main__:
【val】epoch:92/150 loss:0.5999 acc:0.8722
INFO:__main__:
【Val】:  SENS: 0.9117  SPEC: 0.8398  PPV: 0.8234  NPV: 0.9207 F1:0.8653
INFO:__main__:验证的best_acc:0.8892
INFO:__main__:----------------------------------------------------------------------------------------------------
INFO:__main__:
【train】epoch:93/150 loss:0.0573 acc:0.9789
INFO:__main__:
【val】epoch:93/150 loss:0.6070 acc:0.8651
INFO:__main__:
【Val】:  SENS: 0.8896  SPEC: 0.8450  PPV: 0.8246  NPV: 0.9033 F1:0.8558
INFO:__main__:验证的best_acc:0.8892
INFO:__main__:----------------------------------------------------------------------------------------------------
INFO:__main__:
【train】epoch:94/150 loss:0.0578 acc:0.9773
INFO:__main__:
【val】epoch:94/150 loss:0.5574 acc:0.8679
INFO:__main__:
【Val】:  SENS: 0.8801  SPEC: 0.8579  PPV: 0.8353  NPV: 0.8973 F1:0.8571
INFO:__main__:验证的best_acc:0.8892
INFO:__main__:----------------------------------------------------------------------------------------------------
INFO:__main__:
【train】epoch:95/150 loss:0.0633 acc:0.9736
INFO:__main__:
【val】epoch:95/150 loss:0.5001 acc:0.8778
INFO:__main__:
【Val】:  SENS: 0.8612  SPEC: 0.8915  PPV: 0.8667  NPV: 0.8869 F1:0.8639
INFO:__main__:验证的best_acc:0.8892
INFO:__main__:----------------------------------------------------------------------------------------------------
INFO:__main__:
【train】epoch:96/150 loss:0.0573 acc:0.9778
INFO:__main__:
【val】epoch:96/150 loss:0.5939 acc:0.8636
INFO:__main__:
【Val】:  SENS: 0.8454  SPEC: 0.8786  PPV: 0.8508  NPV: 0.8740 F1:0.8481
INFO:__main__:验证的best_acc:0.8892
INFO:__main__:----------------------------------------------------------------------------------------------------
INFO:__main__:
【train】epoch:97/150 loss:0.0565 acc:0.9766
INFO:__main__:
【val】epoch:97/150 loss:0.5614 acc:0.8622
INFO:__main__:
【Val】:  SENS: 0.8644  SPEC: 0.8605  PPV: 0.8354  NPV: 0.8856 F1:0.8496
INFO:__main__:验证的best_acc:0.8892
INFO:__main__:----------------------------------------------------------------------------------------------------
INFO:__main__:
【train】epoch:98/150 loss:0.0619 acc:0.9757
INFO:__main__:
【val】epoch:98/150 loss:0.5754 acc:0.8722
INFO:__main__:
【Val】:  SENS: 0.8991  SPEC: 0.8501  PPV: 0.8309  NPV: 0.9114 F1:0.8636
INFO:__main__:验证的best_acc:0.8892
INFO:__main__:----------------------------------------------------------------------------------------------------
INFO:__main__:
【train】epoch:99/150 loss:0.0554 acc:0.9791
INFO:__main__:
【val】epoch:99/150 loss:0.5303 acc:0.8636
INFO:__main__:
【Val】:  SENS: 0.8675  SPEC: 0.8605  PPV: 0.8359  NPV: 0.8880 F1:0.8514
INFO:__main__:验证的best_acc:0.8892
INFO:__main__:----------------------------------------------------------------------------------------------------
INFO:__main__:
【train】epoch:100/150 loss:0.0480 acc:0.9804
INFO:__main__:
【val】epoch:100/150 loss:0.5316 acc:0.8736
INFO:__main__:
【Val】:  SENS: 0.8801  SPEC: 0.8682  PPV: 0.8455  NPV: 0.8984 F1:0.8624
INFO:__main__:验证的best_acc:0.8892
INFO:__main__:----------------------------------------------------------------------------------------------------
INFO:__main__:
【train】epoch:101/150 loss:0.0586 acc:0.9791
INFO:__main__:
【val】epoch:101/150 loss:0.5379 acc:0.8793
INFO:__main__:
【Val】:  SENS: 0.8864  SPEC: 0.8734  PPV: 0.8515  NPV: 0.9037 F1:0.8686
INFO:__main__:验证的best_acc:0.8892
INFO:__main__:----------------------------------------------------------------------------------------------------
INFO:__main__:
【train】epoch:102/150 loss:0.0506 acc:0.9822
INFO:__main__:
【val】epoch:102/150 loss:0.5590 acc:0.8580
INFO:__main__:
【Val】:  SENS: 0.8675  SPEC: 0.8501  PPV: 0.8258  NPV: 0.8868 F1:0.8462
INFO:__main__:验证的best_acc:0.8892
INFO:__main__:----------------------------------------------------------------------------------------------------
INFO:__main__:
【train】epoch:103/150 loss:0.0437 acc:0.9824
INFO:__main__:
【val】epoch:103/150 loss:0.5767 acc:0.8750
INFO:__main__:
【Val】:  SENS: 0.8896  SPEC: 0.8630  PPV: 0.8418  NPV: 0.9051 F1:0.8650
INFO:__main__:验证的best_acc:0.8892
INFO:__main__:----------------------------------------------------------------------------------------------------
INFO:__main__:
【train】epoch:104/150 loss:0.0510 acc:0.9808
INFO:__main__:
【val】epoch:104/150 loss:0.5317 acc:0.8736
INFO:__main__:
【Val】:  SENS: 0.8486  SPEC: 0.8941  PPV: 0.8677  NPV: 0.8782 F1:0.8581
INFO:__main__:验证的best_acc:0.8892
INFO:__main__:----------------------------------------------------------------------------------------------------
INFO:__main__:
【train】epoch:105/150 loss:0.0504 acc:0.9824
INFO:__main__:
【val】epoch:105/150 loss:0.6188 acc:0.8622
INFO:__main__:
【Val】:  SENS: 0.8959  SPEC: 0.8346  PPV: 0.8161  NPV: 0.9073 F1:0.8541
INFO:__main__:验证的best_acc:0.8892
INFO:__main__:----------------------------------------------------------------------------------------------------
INFO:__main__:
【train】epoch:106/150 loss:0.0503 acc:0.9804
INFO:__main__:
【val】epoch:106/150 loss:0.6311 acc:0.8736
INFO:__main__:
【Val】:  SENS: 0.8864  SPEC: 0.8630  PPV: 0.8413  NPV: 0.9027 F1:0.8633
INFO:__main__:验证的best_acc:0.8892
INFO:__main__:----------------------------------------------------------------------------------------------------
INFO:__main__:
【train】epoch:107/150 loss:0.0490 acc:0.9827
INFO:__main__:
【val】epoch:107/150 loss:0.5813 acc:0.8580
INFO:__main__:
【Val】:  SENS: 0.8612  SPEC: 0.8553  PPV: 0.8298  NPV: 0.8827 F1:0.8452
INFO:__main__:验证的best_acc:0.8892
INFO:__main__:----------------------------------------------------------------------------------------------------
INFO:__main__:
【train】epoch:108/150 loss:0.0484 acc:0.9820
INFO:__main__:
【val】epoch:108/150 loss:0.6419 acc:0.8636
INFO:__main__:
【Val】:  SENS: 0.8833  SPEC: 0.8475  PPV: 0.8260  NPV: 0.8986 F1:0.8537
INFO:__main__:验证的best_acc:0.8892
INFO:__main__:----------------------------------------------------------------------------------------------------
INFO:__main__:
【train】epoch:109/150 loss:0.0491 acc:0.9825
INFO:__main__:
【val】epoch:109/150 loss:0.5902 acc:0.8665
INFO:__main__:
【Val】:  SENS: 0.8801  SPEC: 0.8553  PPV: 0.8328  NPV: 0.8970 F1:0.8558
INFO:__main__:验证的best_acc:0.8892
INFO:__main__:----------------------------------------------------------------------------------------------------
INFO:__main__:
【train】epoch:110/150 loss:0.0392 acc:0.9846
INFO:__main__:
【val】epoch:110/150 loss:0.5796 acc:0.8651
INFO:__main__:
【Val】:  SENS: 0.8833  SPEC: 0.8501  PPV: 0.8284  NPV: 0.8989 F1:0.8550
INFO:__main__:验证的best_acc:0.8892
INFO:__main__:----------------------------------------------------------------------------------------------------
INFO:__main__:
【train】epoch:111/150 loss:0.0350 acc:0.9883
INFO:__main__:
【val】epoch:111/150 loss:0.6283 acc:0.8651
INFO:__main__:
【Val】:  SENS: 0.8801  SPEC: 0.8527  PPV: 0.8304  NPV: 0.8967 F1:0.8545
INFO:__main__:验证的best_acc:0.8892
INFO:__main__:----------------------------------------------------------------------------------------------------
INFO:__main__:
【train】epoch:112/150 loss:0.0387 acc:0.9843
INFO:__main__:
【val】epoch:112/150 loss:0.5958 acc:0.8750
INFO:__main__:
【Val】:  SENS: 0.8738  SPEC: 0.8760  PPV: 0.8523  NPV: 0.8945 F1:0.8629
INFO:__main__:验证的best_acc:0.8892
INFO:__main__:----------------------------------------------------------------------------------------------------
INFO:__main__:
【train】epoch:113/150 loss:0.0430 acc:0.9846
INFO:__main__:
【val】epoch:113/150 loss:0.5945 acc:0.8693
INFO:__main__:
【Val】:  SENS: 0.8707  SPEC: 0.8682  PPV: 0.8440  NPV: 0.8912 F1:0.8571
INFO:__main__:验证的best_acc:0.8892
INFO:__main__:----------------------------------------------------------------------------------------------------
INFO:__main__:
【train】epoch:114/150 loss:0.0334 acc:0.9860
INFO:__main__:
【val】epoch:114/150 loss:0.6112 acc:0.8707
INFO:__main__:
【Val】:  SENS: 0.8864  SPEC: 0.8579  PPV: 0.8363  NPV: 0.9022 F1:0.8606
INFO:__main__:验证的best_acc:0.8892
INFO:__main__:----------------------------------------------------------------------------------------------------
INFO:__main__:
【train】epoch:115/150 loss:0.0443 acc:0.9829
INFO:__main__:
【val】epoch:115/150 loss:0.5722 acc:0.8693
INFO:__main__:
【Val】:  SENS: 0.8738  SPEC: 0.8656  PPV: 0.8419  NPV: 0.8933 F1:0.8576
INFO:__main__:验证的best_acc:0.8892
INFO:__main__:----------------------------------------------------------------------------------------------------
INFO:__main__:
【train】epoch:116/150 loss:0.0371 acc:0.9867
INFO:__main__:
【val】epoch:116/150 loss:0.6047 acc:0.8722
INFO:__main__:
【Val】:  SENS: 0.8801  SPEC: 0.8656  PPV: 0.8429  NPV: 0.8981 F1:0.8611
INFO:__main__:验证的best_acc:0.8892
INFO:__main__:----------------------------------------------------------------------------------------------------
INFO:__main__:
【train】epoch:117/150 loss:0.0365 acc:0.9853
INFO:__main__:
【val】epoch:117/150 loss:0.6676 acc:0.8565
INFO:__main__:
【Val】:  SENS: 0.8864  SPEC: 0.8320  PPV: 0.8121  NPV: 0.8994 F1:0.8477
INFO:__main__:验证的best_acc:0.8892
INFO:__main__:----------------------------------------------------------------------------------------------------
INFO:__main__:
【train】epoch:118/150 loss:0.0418 acc:0.9846
INFO:__main__:
【val】epoch:118/150 loss:0.6402 acc:0.8636
INFO:__main__:
【Val】:  SENS: 0.8360  SPEC: 0.8863  PPV: 0.8576  NPV: 0.8684 F1:0.8466
INFO:__main__:验证的best_acc:0.8892
INFO:__main__:----------------------------------------------------------------------------------------------------
INFO:__main__:
【train】epoch:119/150 loss:0.0428 acc:0.9838
INFO:__main__:
【val】epoch:119/150 loss:0.6269 acc:0.8736
INFO:__main__:
【Val】:  SENS: 0.8707  SPEC: 0.8760  PPV: 0.8519  NPV: 0.8921 F1:0.8612
INFO:__main__:验证的best_acc:0.8892
INFO:__main__:----------------------------------------------------------------------------------------------------
INFO:__main__:
【train】epoch:120/150 loss:0.0342 acc:0.9873
INFO:__main__:
【val】epoch:120/150 loss:0.6117 acc:0.8722
INFO:__main__:
【Val】:  SENS: 0.8770  SPEC: 0.8682  PPV: 0.8450  NPV: 0.8960 F1:0.8607
INFO:__main__:验证的best_acc:0.8892
INFO:__main__:----------------------------------------------------------------------------------------------------
INFO:__main__:
【train】epoch:121/150 loss:0.0368 acc:0.9864
INFO:__main__:
【val】epoch:121/150 loss:0.6196 acc:0.8793
INFO:__main__:
【Val】:  SENS: 0.8991  SPEC: 0.8630  PPV: 0.8432  NPV: 0.9126 F1:0.8702
INFO:__main__:验证的best_acc:0.8892
INFO:__main__:----------------------------------------------------------------------------------------------------
INFO:__main__:
【train】epoch:122/150 loss:0.0362 acc:0.9869
INFO:__main__:
【val】epoch:122/150 loss:0.6507 acc:0.8736
INFO:__main__:
【Val】:  SENS: 0.8927  SPEC: 0.8579  PPV: 0.8373  NPV: 0.9071 F1:0.8641
INFO:__main__:验证的best_acc:0.8892
INFO:__main__:----------------------------------------------------------------------------------------------------
INFO:__main__:
【train】epoch:123/150 loss:0.0337 acc:0.9873
INFO:__main__:
【val】epoch:123/150 loss:0.5900 acc:0.8764
INFO:__main__:
【Val】:  SENS: 0.9022  SPEC: 0.8553  PPV: 0.8363  NPV: 0.9144 F1:0.8680
INFO:__main__:验证的best_acc:0.8892
INFO:__main__:----------------------------------------------------------------------------------------------------
INFO:__main__:
【train】epoch:124/150 loss:0.0330 acc:0.9885
INFO:__main__:
【val】epoch:124/150 loss:0.6259 acc:0.8651
INFO:__main__:
【Val】:  SENS: 0.8549  SPEC: 0.8734  PPV: 0.8469  NPV: 0.8802 F1:0.8509
INFO:__main__:验证的best_acc:0.8892
INFO:__main__:----------------------------------------------------------------------------------------------------
INFO:__main__:
【train】epoch:125/150 loss:0.0295 acc:0.9899
INFO:__main__:
【val】epoch:125/150 loss:0.6446 acc:0.8750
INFO:__main__:
【Val】:  SENS: 0.8644  SPEC: 0.8837  PPV: 0.8589  NPV: 0.8883 F1:0.8616
INFO:__main__:验证的best_acc:0.8892
INFO:__main__:----------------------------------------------------------------------------------------------------
INFO:__main__:
【train】epoch:126/150 loss:0.0311 acc:0.9881
INFO:__main__:
【val】epoch:126/150 loss:0.6153 acc:0.8807
INFO:__main__:
【Val】:  SENS: 0.8991  SPEC: 0.8656  PPV: 0.8457  NPV: 0.9128 F1:0.8716
INFO:__main__:验证的best_acc:0.8892
INFO:__main__:----------------------------------------------------------------------------------------------------
INFO:__main__:
【train】epoch:127/150 loss:0.0320 acc:0.9885
INFO:__main__:
【val】epoch:127/150 loss:0.6660 acc:0.8693
INFO:__main__:
【Val】:  SENS: 0.8738  SPEC: 0.8656  PPV: 0.8419  NPV: 0.8933 F1:0.8576
INFO:__main__:验证的best_acc:0.8892
INFO:__main__:----------------------------------------------------------------------------------------------------
INFO:__main__:
【train】epoch:128/150 loss:0.0314 acc:0.9888
INFO:__main__:
【val】epoch:128/150 loss:0.6580 acc:0.8636
INFO:__main__:
【Val】:  SENS: 0.8801  SPEC: 0.8501  PPV: 0.8279  NPV: 0.8965 F1:0.8532
INFO:__main__:验证的best_acc:0.8892
INFO:__main__:----------------------------------------------------------------------------------------------------
INFO:__main__:
【train】epoch:129/150 loss:0.0341 acc:0.9888
INFO:__main__:
【val】epoch:129/150 loss:0.6153 acc:0.8707
INFO:__main__:
【Val】:  SENS: 0.8486  SPEC: 0.8889  PPV: 0.8622  NPV: 0.8776 F1:0.8553
INFO:__main__:验证的best_acc:0.8892
INFO:__main__:----------------------------------------------------------------------------------------------------
INFO:__main__:
【train】epoch:130/150 loss:0.0294 acc:0.9895
INFO:__main__:
【val】epoch:130/150 loss:0.6166 acc:0.8679
INFO:__main__:
【Val】:  SENS: 0.8644  SPEC: 0.8708  PPV: 0.8457  NPV: 0.8868 F1:0.8549
INFO:__main__:验证的best_acc:0.8892
INFO:__main__:----------------------------------------------------------------------------------------------------
INFO:__main__:
【train】epoch:131/150 loss:0.0314 acc:0.9880
INFO:__main__:
【val】epoch:131/150 loss:0.6298 acc:0.8636
INFO:__main__:
【Val】:  SENS: 0.8738  SPEC: 0.8553  PPV: 0.8318  NPV: 0.8922 F1:0.8523
INFO:__main__:验证的best_acc:0.8892
INFO:__main__:----------------------------------------------------------------------------------------------------
INFO:__main__:
【train】epoch:132/150 loss:0.0320 acc:0.9859
INFO:__main__:
【val】epoch:132/150 loss:0.6214 acc:0.8651
INFO:__main__:
【Val】:  SENS: 0.8549  SPEC: 0.8734  PPV: 0.8469  NPV: 0.8802 F1:0.8509
INFO:__main__:验证的best_acc:0.8892
INFO:__main__:----------------------------------------------------------------------------------------------------
INFO:__main__:
【train】epoch:133/150 loss:0.0197 acc:0.9930
INFO:__main__:
【val】epoch:133/150 loss:0.6255 acc:0.8707
INFO:__main__:
【Val】:  SENS: 0.8738  SPEC: 0.8682  PPV: 0.8445  NPV: 0.8936 F1:0.8589
INFO:__main__:验证的best_acc:0.8892
INFO:__main__:----------------------------------------------------------------------------------------------------
INFO:__main__:
【train】epoch:134/150 loss:0.0273 acc:0.9899
INFO:__main__:
【val】epoch:134/150 loss:0.6343 acc:0.8665
INFO:__main__:
【Val】:  SENS: 0.8612  SPEC: 0.8708  PPV: 0.8452  NPV: 0.8845 F1:0.8531
INFO:__main__:验证的best_acc:0.8892
INFO:__main__:----------------------------------------------------------------------------------------------------
INFO:__main__:
【train】epoch:135/150 loss:0.0305 acc:0.9894
INFO:__main__:
【val】epoch:135/150 loss:0.6603 acc:0.8693
INFO:__main__:
【Val】:  SENS: 0.8801  SPEC: 0.8605  PPV: 0.8378  NPV: 0.8976 F1:0.8585
INFO:__main__:验证的best_acc:0.8892
INFO:__main__:----------------------------------------------------------------------------------------------------
INFO:__main__:
【train】epoch:136/150 loss:0.0299 acc:0.9899
INFO:__main__:
【val】epoch:136/150 loss:0.6490 acc:0.8693
INFO:__main__:
【Val】:  SENS: 0.8644  SPEC: 0.8734  PPV: 0.8483  NPV: 0.8871 F1:0.8562
INFO:__main__:验证的best_acc:0.8892
INFO:__main__:----------------------------------------------------------------------------------------------------
INFO:__main__:
【train】epoch:137/150 loss:0.0290 acc:0.9892
INFO:__main__:
【val】epoch:137/150 loss:0.6543 acc:0.8693
INFO:__main__:
【Val】:  SENS: 0.8927  SPEC: 0.8501  PPV: 0.8299  NPV: 0.9063 F1:0.8602
INFO:__main__:验证的best_acc:0.8892
INFO:__main__:----------------------------------------------------------------------------------------------------
INFO:__main__:
【train】epoch:138/150 loss:0.0288 acc:0.9887
INFO:__main__:
【val】epoch:138/150 loss:0.6400 acc:0.8707
INFO:__main__:
【Val】:  SENS: 0.8738  SPEC: 0.8682  PPV: 0.8445  NPV: 0.8936 F1:0.8589
INFO:__main__:验证的best_acc:0.8892
INFO:__main__:----------------------------------------------------------------------------------------------------
INFO:__main__:
【train】epoch:139/150 loss:0.0322 acc:0.9883
INFO:__main__:
【val】epoch:139/150 loss:0.6344 acc:0.8665
INFO:__main__:
【Val】:  SENS: 0.8770  SPEC: 0.8579  PPV: 0.8348  NPV: 0.8949 F1:0.8554
INFO:__main__:验证的best_acc:0.8892
INFO:__main__:----------------------------------------------------------------------------------------------------
INFO:__main__:
【train】epoch:140/150 loss:0.0217 acc:0.9923
INFO:__main__:
【val】epoch:140/150 loss:0.7041 acc:0.8565
INFO:__main__:
【Val】:  SENS: 0.8549  SPEC: 0.8579  PPV: 0.8313  NPV: 0.8783 F1:0.8429
INFO:__main__:验证的best_acc:0.8892
INFO:__main__:----------------------------------------------------------------------------------------------------
INFO:__main__:
【train】epoch:141/150 loss:0.0268 acc:0.9907
INFO:__main__:
【val】epoch:141/150 loss:0.6522 acc:0.8636
INFO:__main__:
【Val】:  SENS: 0.8612  SPEC: 0.8656  PPV: 0.8400  NPV: 0.8839 F1:0.8505
INFO:__main__:验证的best_acc:0.8892
INFO:__main__:----------------------------------------------------------------------------------------------------
INFO:__main__:
【train】epoch:142/150 loss:0.0265 acc:0.9911
INFO:__main__:
【val】epoch:142/150 loss:0.6575 acc:0.8622
INFO:__main__:
【Val】:  SENS: 0.8801  SPEC: 0.8475  PPV: 0.8254  NPV: 0.8962 F1:0.8519
INFO:__main__:验证的best_acc:0.8892
INFO:__main__:----------------------------------------------------------------------------------------------------
INFO:__main__:
【train】epoch:143/150 loss:0.0219 acc:0.9927
INFO:__main__:
【val】epoch:143/150 loss:0.6887 acc:0.8651
INFO:__main__:
【Val】:  SENS: 0.8707  SPEC: 0.8605  PPV: 0.8364  NPV: 0.8904 F1:0.8532
INFO:__main__:验证的best_acc:0.8892
INFO:__main__:----------------------------------------------------------------------------------------------------
INFO:__main__:
【train】epoch:144/150 loss:0.0267 acc:0.9904
INFO:__main__:
【val】epoch:144/150 loss:0.6697 acc:0.8665
INFO:__main__:
【Val】:  SENS: 0.8833  SPEC: 0.8527  PPV: 0.8309  NPV: 0.8992 F1:0.8563
INFO:__main__:验证的best_acc:0.8892
INFO:__main__:----------------------------------------------------------------------------------------------------
INFO:__main__:
【train】epoch:145/150 loss:0.0250 acc:0.9906
INFO:__main__:
【val】epoch:145/150 loss:0.6466 acc:0.8750
INFO:__main__:
【Val】:  SENS: 0.8770  SPEC: 0.8734  PPV: 0.8502  NPV: 0.8966 F1:0.8634
INFO:__main__:验证的best_acc:0.8892
INFO:__main__:----------------------------------------------------------------------------------------------------
INFO:__main__:
【train】epoch:146/150 loss:0.0225 acc:0.9920
INFO:__main__:
【val】epoch:146/150 loss:0.7042 acc:0.8693
INFO:__main__:
【Val】:  SENS: 0.8644  SPEC: 0.8734  PPV: 0.8483  NPV: 0.8871 F1:0.8562
INFO:__main__:验证的best_acc:0.8892
INFO:__main__:----------------------------------------------------------------------------------------------------
INFO:__main__:
【train】epoch:147/150 loss:0.0228 acc:0.9909
INFO:__main__:
【val】epoch:147/150 loss:0.6736 acc:0.8651
INFO:__main__:
【Val】:  SENS: 0.8580  SPEC: 0.8708  PPV: 0.8447  NPV: 0.8822 F1:0.8513
INFO:__main__:验证的best_acc:0.8892
INFO:__main__:----------------------------------------------------------------------------------------------------
INFO:__main__:
【train】epoch:148/150 loss:0.0244 acc:0.9902
INFO:__main__:
【val】epoch:148/150 loss:0.7006 acc:0.8764
INFO:__main__:
【Val】:  SENS: 0.8896  SPEC: 0.8656  PPV: 0.8443  NPV: 0.9054 F1:0.8664
INFO:__main__:验证的best_acc:0.8892
INFO:__main__:----------------------------------------------------------------------------------------------------
INFO:__main__:
【train】epoch:149/150 loss:0.0214 acc:0.9904
INFO:__main__:
【val】epoch:149/150 loss:0.6884 acc:0.8722
INFO:__main__:
【Val】:  SENS: 0.8864  SPEC: 0.8605  PPV: 0.8388  NPV: 0.9024 F1:0.8620
INFO:__main__:验证的best_acc:0.8892
INFO:__main__:----------------------------------------------------------------------------------------------------
INFO:__main__:****************************************************************************************************
INFO:__main__:Val_LOSS:['0.6004', '0.5556', '0.4537', '0.4229', '0.4751', '0.4476', '0.4052', '0.4134', '0.4227', '0.3746', '0.3762', '0.3514', '0.3766', '0.3964', '0.3805', '0.3722', '0.4086', '0.3785', '0.3988', '0.3732', '0.4130', '0.3523', '0.4180', '0.4064', '0.4125', '0.4334', '0.4496', '0.4211', '0.4082', '0.3632', '0.4486', '0.3757', '0.4331', '0.3876', '0.4012', '0.4192', '0.3867', '0.3825', '0.5041', '0.4941', '0.4380', '0.4358', '0.4722', '0.4845', '0.4197', '0.4823', '0.4520', '0.5596', '0.5207', '0.5133', '0.4369', '0.4427', '0.4350', '0.5333', '0.4658', '0.5059', '0.4903', '0.4977', '0.4968', '0.4667', '0.5163', '0.4719', '0.4842', '0.4091', '0.5134', '0.5158', '0.4842', '0.5268', '0.4555', '0.4616', '0.5000', '0.5338', '0.5477', '0.5210', '0.5367', '0.5204', '0.5146', '0.4799', '0.5013', '0.5263', '0.4537', '0.4358', '0.5084', '0.4868', '0.4933', '0.4417', '0.4986', '0.5545', '0.4943', '0.5856', '0.5070', '0.4563', '0.5999', '0.6070', '0.5574', '0.5001', '0.5939', '0.5614', '0.5754', '0.5303', '0.5316', '0.5379', '0.5590', '0.5767', '0.5317', '0.6188', '0.6311', '0.5813', '0.6419', '0.5902', '0.5796', '0.6283', '0.5958', '0.5945', '0.6112', '0.5722', '0.6047', '0.6676', '0.6402', '0.6269', '0.6117', '0.6196', '0.6507', '0.5900', '0.6259', '0.6446', '0.6153', '0.6660', '0.6580', '0.6153', '0.6166', '0.6298', '0.6214', '0.6255', '0.6343', '0.6603', '0.6490', '0.6543', '0.6400', '0.6344', '0.7041', '0.6522', '0.6575', '0.6887', '0.6697', '0.6466', '0.7042', '0.6736', '0.7006', '0.6884']
INFO:__main__:Val_ACC:['0.6847', '0.7330', '0.7884', '0.8054', '0.7500', '0.7997', '0.8196', '0.8153', '0.8097', '0.8438', '0.8423', '0.8494', '0.8338', '0.8224', '0.8352', '0.8608', '0.8224', '0.8395', '0.8338', '0.8395', '0.8196', '0.8494', '0.8295', '0.8381', '0.8338', '0.8381', '0.8139', '0.8253', '0.8295', '0.8381', '0.8210', '0.8551', '0.8239', '0.8438', '0.8523', '0.8665', '0.8622', '0.8452', '0.8196', '0.8494', '0.8480', '0.8494', '0.8523', '0.8565', '0.8580', '0.8310', '0.8523', '0.8366', '0.8438', '0.8651', '0.8608', '0.8565', '0.8636', '0.8693', '0.8494', '0.8409', '0.8565', '0.8580', '0.8537', '0.8665', '0.8466', '0.8622', '0.8537', '0.8750', '0.8608', '0.8665', '0.8736', '0.8537', '0.8594', '0.8707', '0.8750', '0.8750', '0.8636', '0.8892', '0.8608', '0.8736', '0.8793', '0.8778', '0.8594', '0.8608', '0.8707', '0.8764', '0.8793', '0.8793', '0.8707', '0.8693', '0.8778', '0.8665', '0.8764', '0.8665', '0.8622', '0.8807', '0.8722', '0.8651', '0.8679', '0.8778', '0.8636', '0.8622', '0.8722', '0.8636', '0.8736', '0.8793', '0.8580', '0.8750', '0.8736', '0.8622', '0.8736', '0.8580', '0.8636', '0.8665', '0.8651', '0.8651', '0.8750', '0.8693', '0.8707', '0.8693', '0.8722', '0.8565', '0.8636', '0.8736', '0.8722', '0.8793', '0.8736', '0.8764', '0.8651', '0.8750', '0.8807', '0.8693', '0.8636', '0.8707', '0.8679', '0.8636', '0.8651', '0.8707', '0.8665', '0.8693', '0.8693', '0.8693', '0.8707', '0.8665', '0.8565', '0.8636', '0.8622', '0.8651', '0.8665', '0.8750', '0.8693', '0.8651', '0.8764', '0.8722']
INFO:__main__:****************************************************************************************************
INFO:__main__: epoch0 测试test_Loss: 0.5329  test_ACC: 0.8666  
INFO:__main__:SENS: 0.8761 SPEC: 0.8586 PPV: 0.8382 NPV: 0.8924 F1:0.8567
INFO:__main__:test_Best_acc:0.8666
INFO:__main__:flops:2323740064.0  params:14128629.0
