INFO:__main__:
【train】epoch:0/120 loss:0.5419 acc:0.7153
INFO:__main__:
【val】epoch:0/120 loss:0.5158 acc:0.7475
INFO:__main__:
【Val】:  SENS: 0.3810  SPEC: 0.8963  PPV: 0.5986  NPV: 0.7810 F1:0.4656
INFO:__main__:验证的best_acc:0.7475
INFO:__main__:----------------------------------------------------------------------------------------------------
INFO:__main__:
【train】epoch:1/120 loss:0.4879 acc:0.7523
INFO:__main__:
【val】epoch:1/120 loss:0.5036 acc:0.7462
INFO:__main__:
【Val】:  SENS: 0.3810  SPEC: 0.8946  PPV: 0.5946  NPV: 0.7807 F1:0.4644
INFO:__main__:验证的best_acc:0.7475
INFO:__main__:----------------------------------------------------------------------------------------------------
INFO:__main__:
【train】epoch:2/120 loss:0.4493 acc:0.7746
INFO:__main__:
【val】epoch:2/120 loss:0.4245 acc:0.7937
INFO:__main__:
【Val】:  SENS: 0.4805  SPEC: 0.9209  PPV: 0.7115  NPV: 0.8137 F1:0.5736
INFO:__main__:验证的best_acc:0.7937
INFO:__main__:----------------------------------------------------------------------------------------------------
INFO:__main__:
【train】epoch:3/120 loss:0.4095 acc:0.8016
INFO:__main__:
【val】epoch:3/120 loss:0.3911 acc:0.8050
INFO:__main__:
【Val】:  SENS: 0.5195  SPEC: 0.9209  PPV: 0.7273  NPV: 0.8252 F1:0.6061
INFO:__main__:验证的best_acc:0.8050
INFO:__main__:----------------------------------------------------------------------------------------------------
INFO:__main__:
【train】epoch:4/120 loss:0.3827 acc:0.8175
INFO:__main__:
【val】epoch:4/120 loss:0.3612 acc:0.8213
INFO:__main__:
【Val】:  SENS: 0.4459  SPEC: 0.9736  PPV: 0.8729  NPV: 0.8123 F1:0.5903
INFO:__main__:验证的best_acc:0.8213
INFO:__main__:----------------------------------------------------------------------------------------------------
INFO:__main__:
【train】epoch:5/120 loss:0.3597 acc:0.8344
INFO:__main__:
【val】epoch:5/120 loss:0.3312 acc:0.8363
INFO:__main__:
【Val】:  SENS: 0.5325  SPEC: 0.9596  PPV: 0.8425  NPV: 0.8349 F1:0.6525
INFO:__main__:验证的best_acc:0.8363
INFO:__main__:----------------------------------------------------------------------------------------------------
INFO:__main__:
【train】epoch:6/120 loss:0.3455 acc:0.8463
INFO:__main__:
【val】epoch:6/120 loss:0.3440 acc:0.8325
INFO:__main__:
【Val】:  SENS: 0.5281  SPEC: 0.9561  PPV: 0.8299  NPV: 0.8331 F1:0.6455
INFO:__main__:验证的best_acc:0.8363
INFO:__main__:----------------------------------------------------------------------------------------------------
INFO:__main__:
【train】epoch:7/120 loss:0.3263 acc:0.8519
INFO:__main__:
【val】epoch:7/120 loss:0.3104 acc:0.8500
INFO:__main__:
【Val】:  SENS: 0.7489  SPEC: 0.8910  PPV: 0.7362  NPV: 0.8973 F1:0.7425
INFO:__main__:验证的best_acc:0.8500
INFO:__main__:----------------------------------------------------------------------------------------------------
INFO:__main__:
【train】epoch:8/120 loss:0.3171 acc:0.8590
INFO:__main__:
【val】epoch:8/120 loss:0.2685 acc:0.8838
INFO:__main__:
【Val】:  SENS: 0.8571  SPEC: 0.8946  PPV: 0.7674  NPV: 0.9391 F1:0.8098
INFO:__main__:验证的best_acc:0.8838
INFO:__main__:----------------------------------------------------------------------------------------------------
INFO:__main__:
【train】epoch:9/120 loss:0.2872 acc:0.8761
INFO:__main__:
【val】epoch:9/120 loss:0.2750 acc:0.8875
INFO:__main__:
【Val】:  SENS: 0.7229  SPEC: 0.9543  PPV: 0.8653  NPV: 0.8946 F1:0.7877
INFO:__main__:验证的best_acc:0.8875
INFO:__main__:----------------------------------------------------------------------------------------------------
INFO:__main__:
【train】epoch:10/120 loss:0.2737 acc:0.8841
INFO:__main__:
【val】epoch:10/120 loss:0.2610 acc:0.8888
INFO:__main__:
【Val】:  SENS: 0.8658  SPEC: 0.8981  PPV: 0.7752  NPV: 0.9428 F1:0.8180
INFO:__main__:验证的best_acc:0.8888
INFO:__main__:----------------------------------------------------------------------------------------------------
INFO:__main__:
【train】epoch:11/120 loss:0.2585 acc:0.8904
INFO:__main__:
【val】epoch:11/120 loss:0.3091 acc:0.8700
INFO:__main__:
【Val】:  SENS: 0.8831  SPEC: 0.8647  PPV: 0.7260  NPV: 0.9480 F1:0.7969
INFO:__main__:验证的best_acc:0.8888
INFO:__main__:----------------------------------------------------------------------------------------------------
INFO:__main__:
【train】epoch:12/120 loss:0.2532 acc:0.8915
INFO:__main__:
【val】epoch:12/120 loss:0.2276 acc:0.9038
INFO:__main__:
【Val】:  SENS: 0.8701  SPEC: 0.9174  PPV: 0.8105  NPV: 0.9457 F1:0.8392
INFO:__main__:验证的best_acc:0.9038
INFO:__main__:----------------------------------------------------------------------------------------------------
INFO:__main__:
【train】epoch:13/120 loss:0.2483 acc:0.8942
INFO:__main__:
【val】epoch:13/120 loss:0.2922 acc:0.8737
INFO:__main__:
【Val】:  SENS: 0.8961  SPEC: 0.8647  PPV: 0.7289  NPV: 0.9535 F1:0.8039
INFO:__main__:验证的best_acc:0.9038
INFO:__main__:----------------------------------------------------------------------------------------------------
INFO:__main__:
【train】epoch:14/120 loss:0.2375 acc:0.9017
INFO:__main__:
【val】epoch:14/120 loss:0.2951 acc:0.8750
INFO:__main__:
【Val】:  SENS: 0.8701  SPEC: 0.8770  PPV: 0.7417  NPV: 0.9433 F1:0.8008
INFO:__main__:验证的best_acc:0.9038
INFO:__main__:----------------------------------------------------------------------------------------------------
INFO:__main__:
【train】epoch:15/120 loss:0.2309 acc:0.9064
INFO:__main__:
【val】epoch:15/120 loss:0.2409 acc:0.9062
INFO:__main__:
【Val】:  SENS: 0.8268  SPEC: 0.9385  PPV: 0.8451  NPV: 0.9303 F1:0.8359
INFO:__main__:验证的best_acc:0.9062
INFO:__main__:----------------------------------------------------------------------------------------------------
INFO:__main__:
【train】epoch:16/120 loss:0.2208 acc:0.9067
INFO:__main__:
【val】epoch:16/120 loss:0.2342 acc:0.9038
INFO:__main__:
【Val】:  SENS: 0.8225  SPEC: 0.9367  PPV: 0.8407  NPV: 0.9286 F1:0.8315
INFO:__main__:验证的best_acc:0.9062
INFO:__main__:----------------------------------------------------------------------------------------------------
INFO:__main__:
【train】epoch:17/120 loss:0.2066 acc:0.9177
INFO:__main__:
【val】epoch:17/120 loss:0.2753 acc:0.8888
INFO:__main__:
【Val】:  SENS: 0.7749  SPEC: 0.9350  PPV: 0.8287  NPV: 0.9110 F1:0.8009
INFO:__main__:验证的best_acc:0.9062
INFO:__main__:----------------------------------------------------------------------------------------------------
INFO:__main__:
【train】epoch:18/120 loss:0.2093 acc:0.9126
INFO:__main__:
【val】epoch:18/120 loss:0.2893 acc:0.8925
INFO:__main__:
【Val】:  SENS: 0.9004  SPEC: 0.8893  PPV: 0.7675  NPV: 0.9565 F1:0.8287
INFO:__main__:验证的best_acc:0.9062
INFO:__main__:----------------------------------------------------------------------------------------------------
INFO:__main__:
【train】epoch:19/120 loss:0.1928 acc:0.9244
INFO:__main__:
【val】epoch:19/120 loss:0.2605 acc:0.9062
INFO:__main__:
【Val】:  SENS: 0.8571  SPEC: 0.9262  PPV: 0.8250  NPV: 0.9411 F1:0.8408
INFO:__main__:验证的best_acc:0.9062
INFO:__main__:----------------------------------------------------------------------------------------------------
INFO:__main__:
【train】epoch:20/120 loss:0.1879 acc:0.9238
INFO:__main__:
【val】epoch:20/120 loss:0.2260 acc:0.9137
INFO:__main__:
【Val】:  SENS: 0.8485  SPEC: 0.9402  PPV: 0.8522  NPV: 0.9386 F1:0.8503
INFO:__main__:验证的best_acc:0.9137
INFO:__main__:----------------------------------------------------------------------------------------------------
INFO:__main__:
【train】epoch:21/120 loss:0.1836 acc:0.9272
INFO:__main__:
【val】epoch:21/120 loss:0.2379 acc:0.9150
INFO:__main__:
【Val】:  SENS: 0.8009  SPEC: 0.9613  PPV: 0.8937  NPV: 0.9224 F1:0.8447
INFO:__main__:验证的best_acc:0.9150
INFO:__main__:----------------------------------------------------------------------------------------------------
INFO:__main__:
【train】epoch:22/120 loss:0.1757 acc:0.9281
INFO:__main__:
【val】epoch:22/120 loss:0.2573 acc:0.9100
INFO:__main__:
【Val】:  SENS: 0.7965  SPEC: 0.9561  PPV: 0.8804  NPV: 0.9205 F1:0.8364
INFO:__main__:验证的best_acc:0.9150
INFO:__main__:----------------------------------------------------------------------------------------------------
INFO:__main__:
【train】epoch:23/120 loss:0.1708 acc:0.9298
INFO:__main__:
【val】epoch:23/120 loss:0.2528 acc:0.9137
INFO:__main__:
【Val】:  SENS: 0.8701  SPEC: 0.9315  PPV: 0.8375  NPV: 0.9464 F1:0.8535
INFO:__main__:验证的best_acc:0.9150
INFO:__main__:----------------------------------------------------------------------------------------------------
INFO:__main__:
【train】epoch:24/120 loss:0.1659 acc:0.9348
INFO:__main__:
【val】epoch:24/120 loss:0.2135 acc:0.9175
INFO:__main__:
【Val】:  SENS: 0.8268  SPEC: 0.9543  PPV: 0.8802  NPV: 0.9314 F1:0.8527
INFO:__main__:验证的best_acc:0.9175
INFO:__main__:----------------------------------------------------------------------------------------------------
INFO:__main__:
【train】epoch:25/120 loss:0.1639 acc:0.9372
INFO:__main__:
【val】epoch:25/120 loss:0.2554 acc:0.9075
INFO:__main__:
【Val】:  SENS: 0.8225  SPEC: 0.9420  PPV: 0.8520  NPV: 0.9289 F1:0.8370
INFO:__main__:验证的best_acc:0.9175
INFO:__main__:----------------------------------------------------------------------------------------------------
INFO:__main__:
【train】epoch:26/120 loss:0.1549 acc:0.9369
INFO:__main__:
【val】epoch:26/120 loss:0.2855 acc:0.9087
INFO:__main__:
【Val】:  SENS: 0.7965  SPEC: 0.9543  PPV: 0.8762  NPV: 0.9203 F1:0.8345
INFO:__main__:验证的best_acc:0.9175
INFO:__main__:----------------------------------------------------------------------------------------------------
INFO:__main__:
【train】epoch:27/120 loss:0.1490 acc:0.9398
INFO:__main__:
【val】epoch:27/120 loss:0.2769 acc:0.9100
INFO:__main__:
【Val】:  SENS: 0.8052  SPEC: 0.9525  PPV: 0.8732  NPV: 0.9233 F1:0.8378
INFO:__main__:验证的best_acc:0.9175
INFO:__main__:----------------------------------------------------------------------------------------------------
INFO:__main__:
【train】epoch:28/120 loss:0.1468 acc:0.9404
INFO:__main__:
【val】epoch:28/120 loss:0.2813 acc:0.9112
INFO:__main__:
【Val】:  SENS: 0.8528  SPEC: 0.9350  PPV: 0.8419  NPV: 0.9399 F1:0.8473
INFO:__main__:验证的best_acc:0.9175
INFO:__main__:----------------------------------------------------------------------------------------------------
INFO:__main__:
【train】epoch:29/120 loss:0.1286 acc:0.9512
INFO:__main__:
【val】epoch:29/120 loss:0.1938 acc:0.9312
INFO:__main__:
【Val】:  SENS: 0.8788  SPEC: 0.9525  PPV: 0.8826  NPV: 0.9509 F1:0.8807
INFO:__main__:验证的best_acc:0.9312
INFO:__main__:----------------------------------------------------------------------------------------------------
INFO:__main__:
【train】epoch:30/120 loss:0.1243 acc:0.9537
INFO:__main__:
【val】epoch:30/120 loss:0.2211 acc:0.9262
INFO:__main__:
【Val】:  SENS: 0.8268  SPEC: 0.9666  PPV: 0.9095  NPV: 0.9322 F1:0.8662
INFO:__main__:验证的best_acc:0.9312
INFO:__main__:----------------------------------------------------------------------------------------------------
INFO:__main__:
【train】epoch:31/120 loss:0.1177 acc:0.9549
INFO:__main__:
【val】epoch:31/120 loss:0.2191 acc:0.9300
INFO:__main__:
【Val】:  SENS: 0.8442  SPEC: 0.9649  PPV: 0.9070  NPV: 0.9385 F1:0.8744
INFO:__main__:验证的best_acc:0.9312
INFO:__main__:----------------------------------------------------------------------------------------------------
INFO:__main__:
【train】epoch:32/120 loss:0.1150 acc:0.9537
INFO:__main__:
【val】epoch:32/120 loss:0.2281 acc:0.9312
INFO:__main__:
【Val】:  SENS: 0.8701  SPEC: 0.9561  PPV: 0.8894  NPV: 0.9477 F1:0.8796
INFO:__main__:验证的best_acc:0.9312
INFO:__main__:----------------------------------------------------------------------------------------------------
INFO:__main__:
【train】epoch:33/120 loss:0.1176 acc:0.9568
INFO:__main__:
【val】epoch:33/120 loss:0.2334 acc:0.9250
INFO:__main__:
【Val】:  SENS: 0.8398  SPEC: 0.9596  PPV: 0.8940  NPV: 0.9365 F1:0.8661
INFO:__main__:验证的best_acc:0.9312
INFO:__main__:----------------------------------------------------------------------------------------------------
INFO:__main__:
【train】epoch:34/120 loss:0.1159 acc:0.9549
INFO:__main__:
【val】epoch:34/120 loss:0.2398 acc:0.9175
INFO:__main__:
【Val】:  SENS: 0.8312  SPEC: 0.9525  PPV: 0.8767  NPV: 0.9329 F1:0.8533
INFO:__main__:验证的best_acc:0.9312
INFO:__main__:----------------------------------------------------------------------------------------------------
INFO:__main__:
【train】epoch:35/120 loss:0.1040 acc:0.9598
INFO:__main__:
【val】epoch:35/120 loss:0.2123 acc:0.9312
INFO:__main__:
【Val】:  SENS: 0.8918  SPEC: 0.9473  PPV: 0.8729  NPV: 0.9557 F1:0.8822
INFO:__main__:验证的best_acc:0.9312
INFO:__main__:----------------------------------------------------------------------------------------------------
INFO:__main__:
【train】epoch:36/120 loss:0.1108 acc:0.9564
INFO:__main__:
【val】epoch:36/120 loss:0.2376 acc:0.9287
INFO:__main__:
【Val】:  SENS: 0.8701  SPEC: 0.9525  PPV: 0.8816  NPV: 0.9476 F1:0.8758
INFO:__main__:验证的best_acc:0.9312
INFO:__main__:----------------------------------------------------------------------------------------------------
INFO:__main__:
【train】epoch:37/120 loss:0.1070 acc:0.9589
INFO:__main__:
【val】epoch:37/120 loss:0.2413 acc:0.9212
INFO:__main__:
【Val】:  SENS: 0.8485  SPEC: 0.9508  PPV: 0.8750  NPV: 0.9392 F1:0.8615
INFO:__main__:验证的best_acc:0.9312
INFO:__main__:----------------------------------------------------------------------------------------------------
INFO:__main__:
【train】epoch:38/120 loss:0.1071 acc:0.9588
INFO:__main__:
【val】epoch:38/120 loss:0.2140 acc:0.9287
INFO:__main__:
【Val】:  SENS: 0.8874  SPEC: 0.9455  PPV: 0.8686  NPV: 0.9539 F1:0.8779
INFO:__main__:验证的best_acc:0.9312
INFO:__main__:----------------------------------------------------------------------------------------------------
INFO:__main__:
【train】epoch:39/120 loss:0.0993 acc:0.9607
INFO:__main__:
【val】epoch:39/120 loss:0.1894 acc:0.9450
INFO:__main__:
【Val】:  SENS: 0.8918  SPEC: 0.9666  PPV: 0.9156  NPV: 0.9565 F1:0.9035
INFO:__main__:验证的best_acc:0.9450
INFO:__main__:----------------------------------------------------------------------------------------------------
INFO:__main__:
【train】epoch:40/120 loss:0.0855 acc:0.9683
INFO:__main__:
【val】epoch:40/120 loss:0.2097 acc:0.9375
INFO:__main__:
【Val】:  SENS: 0.8571  SPEC: 0.9701  PPV: 0.9209  NPV: 0.9436 F1:0.8879
INFO:__main__:验证的best_acc:0.9450
INFO:__main__:----------------------------------------------------------------------------------------------------
INFO:__main__:
【train】epoch:41/120 loss:0.0862 acc:0.9665
INFO:__main__:
【val】epoch:41/120 loss:0.2465 acc:0.9362
INFO:__main__:
【Val】:  SENS: 0.8398  SPEC: 0.9754  PPV: 0.9327  NPV: 0.9375 F1:0.8838
INFO:__main__:验证的best_acc:0.9450
INFO:__main__:----------------------------------------------------------------------------------------------------
INFO:__main__:
【train】epoch:42/120 loss:0.0873 acc:0.9666
INFO:__main__:
【val】epoch:42/120 loss:0.2133 acc:0.9362
INFO:__main__:
【Val】:  SENS: 0.9004  SPEC: 0.9508  PPV: 0.8814  NPV: 0.9592 F1:0.8908
INFO:__main__:验证的best_acc:0.9450
INFO:__main__:----------------------------------------------------------------------------------------------------
INFO:__main__:
【train】epoch:43/120 loss:0.0888 acc:0.9645
INFO:__main__:
【val】epoch:43/120 loss:0.1928 acc:0.9450
INFO:__main__:
【Val】:  SENS: 0.8961  SPEC: 0.9649  PPV: 0.9119  NPV: 0.9581 F1:0.9039
INFO:__main__:验证的best_acc:0.9450
INFO:__main__:----------------------------------------------------------------------------------------------------
INFO:__main__:
【train】epoch:44/120 loss:0.0846 acc:0.9680
INFO:__main__:
【val】epoch:44/120 loss:0.2457 acc:0.9287
INFO:__main__:
【Val】:  SENS: 0.8745  SPEC: 0.9508  PPV: 0.8783  NPV: 0.9491 F1:0.8764
INFO:__main__:验证的best_acc:0.9450
INFO:__main__:----------------------------------------------------------------------------------------------------
INFO:__main__:
【train】epoch:45/120 loss:0.0848 acc:0.9675
INFO:__main__:
【val】epoch:45/120 loss:0.2083 acc:0.9337
INFO:__main__:
【Val】:  SENS: 0.8658  SPEC: 0.9613  PPV: 0.9009  NPV: 0.9464 F1:0.8830
INFO:__main__:验证的best_acc:0.9450
INFO:__main__:----------------------------------------------------------------------------------------------------
INFO:__main__:
【train】epoch:46/120 loss:0.0748 acc:0.9728
INFO:__main__:
【val】epoch:46/120 loss:0.1957 acc:0.9400
INFO:__main__:
【Val】:  SENS: 0.8701  SPEC: 0.9684  PPV: 0.9178  NPV: 0.9484 F1:0.8933
INFO:__main__:验证的best_acc:0.9450
INFO:__main__:----------------------------------------------------------------------------------------------------
INFO:__main__:
【train】epoch:47/120 loss:0.0775 acc:0.9691
INFO:__main__:
【val】epoch:47/120 loss:0.2198 acc:0.9438
INFO:__main__:
【Val】:  SENS: 0.8918  SPEC: 0.9649  PPV: 0.9115  NPV: 0.9564 F1:0.9015
INFO:__main__:验证的best_acc:0.9450
INFO:__main__:----------------------------------------------------------------------------------------------------
INFO:__main__:
【train】epoch:48/120 loss:0.0709 acc:0.9734
INFO:__main__:
【val】epoch:48/120 loss:0.2767 acc:0.9225
INFO:__main__:
【Val】:  SENS: 0.8961  SPEC: 0.9332  PPV: 0.8449  NPV: 0.9568 F1:0.8697
INFO:__main__:验证的best_acc:0.9450
INFO:__main__:----------------------------------------------------------------------------------------------------
INFO:__main__:
【train】epoch:49/120 loss:0.0704 acc:0.9740
INFO:__main__:
【val】epoch:49/120 loss:0.2194 acc:0.9362
INFO:__main__:
【Val】:  SENS: 0.9004  SPEC: 0.9508  PPV: 0.8814  NPV: 0.9592 F1:0.8908
INFO:__main__:验证的best_acc:0.9450
INFO:__main__:----------------------------------------------------------------------------------------------------
INFO:__main__:
【train】epoch:50/120 loss:0.0617 acc:0.9772
INFO:__main__:
【val】epoch:50/120 loss:0.1967 acc:0.9463
INFO:__main__:
【Val】:  SENS: 0.8831  SPEC: 0.9719  PPV: 0.9273  NPV: 0.9534 F1:0.9047
INFO:__main__:验证的best_acc:0.9463
INFO:__main__:----------------------------------------------------------------------------------------------------
INFO:__main__:
【train】epoch:51/120 loss:0.0637 acc:0.9771
INFO:__main__:
【val】epoch:51/120 loss:0.2054 acc:0.9388
INFO:__main__:
【Val】:  SENS: 0.8442  SPEC: 0.9772  PPV: 0.9375  NPV: 0.9392 F1:0.8884
INFO:__main__:验证的best_acc:0.9463
INFO:__main__:----------------------------------------------------------------------------------------------------
INFO:__main__:
【train】epoch:52/120 loss:0.0610 acc:0.9766
INFO:__main__:
【val】epoch:52/120 loss:0.2235 acc:0.9413
INFO:__main__:
【Val】:  SENS: 0.8918  SPEC: 0.9613  PPV: 0.9035  NPV: 0.9563 F1:0.8976
INFO:__main__:验证的best_acc:0.9463
INFO:__main__:----------------------------------------------------------------------------------------------------
INFO:__main__:
【train】epoch:53/120 loss:0.0646 acc:0.9769
INFO:__main__:
【val】epoch:53/120 loss:0.1996 acc:0.9463
INFO:__main__:
【Val】:  SENS: 0.9177  SPEC: 0.9578  PPV: 0.8983  NPV: 0.9663 F1:0.9079
INFO:__main__:验证的best_acc:0.9463
INFO:__main__:----------------------------------------------------------------------------------------------------
INFO:__main__:
【train】epoch:54/120 loss:0.0549 acc:0.9778
INFO:__main__:
【val】epoch:54/120 loss:0.2132 acc:0.9450
INFO:__main__:
【Val】:  SENS: 0.8745  SPEC: 0.9736  PPV: 0.9309  NPV: 0.9503 F1:0.9018
INFO:__main__:验证的best_acc:0.9463
INFO:__main__:----------------------------------------------------------------------------------------------------
INFO:__main__:
【train】epoch:55/120 loss:0.0570 acc:0.9801
INFO:__main__:
【val】epoch:55/120 loss:0.2313 acc:0.9413
INFO:__main__:
【Val】:  SENS: 0.8701  SPEC: 0.9701  PPV: 0.9220  NPV: 0.9485 F1:0.8953
INFO:__main__:验证的best_acc:0.9463
INFO:__main__:----------------------------------------------------------------------------------------------------
INFO:__main__:
【train】epoch:56/120 loss:0.0561 acc:0.9787
INFO:__main__:
【val】epoch:56/120 loss:0.2255 acc:0.9400
INFO:__main__:
【Val】:  SENS: 0.8745  SPEC: 0.9666  PPV: 0.9140  NPV: 0.9499 F1:0.8938
INFO:__main__:验证的best_acc:0.9463
INFO:__main__:----------------------------------------------------------------------------------------------------
INFO:__main__:
【train】epoch:57/120 loss:0.0597 acc:0.9775
INFO:__main__:
【val】epoch:57/120 loss:0.2219 acc:0.9425
INFO:__main__:
【Val】:  SENS: 0.9048  SPEC: 0.9578  PPV: 0.8970  NPV: 0.9612 F1:0.9009
INFO:__main__:验证的best_acc:0.9463
INFO:__main__:----------------------------------------------------------------------------------------------------
INFO:__main__:
【train】epoch:58/120 loss:0.0571 acc:0.9787
INFO:__main__:
【val】epoch:58/120 loss:0.2331 acc:0.9375
INFO:__main__:
【Val】:  SENS: 0.8615  SPEC: 0.9684  PPV: 0.9171  NPV: 0.9451 F1:0.8884
INFO:__main__:验证的best_acc:0.9463
INFO:__main__:----------------------------------------------------------------------------------------------------
INFO:__main__:
【train】epoch:59/120 loss:0.0512 acc:0.9807
INFO:__main__:
【val】epoch:59/120 loss:0.2503 acc:0.9325
INFO:__main__:
【Val】:  SENS: 0.8528  SPEC: 0.9649  PPV: 0.9078  NPV: 0.9417 F1:0.8795
INFO:__main__:验证的best_acc:0.9463
INFO:__main__:----------------------------------------------------------------------------------------------------
INFO:__main__:
【train】epoch:60/120 loss:0.0462 acc:0.9828
INFO:__main__:
【val】epoch:60/120 loss:0.2139 acc:0.9463
INFO:__main__:
【Val】:  SENS: 0.8788  SPEC: 0.9736  PPV: 0.9312  NPV: 0.9519 F1:0.9042
INFO:__main__:验证的best_acc:0.9463
INFO:__main__:----------------------------------------------------------------------------------------------------
INFO:__main__:
【train】epoch:61/120 loss:0.0471 acc:0.9822
INFO:__main__:
【val】epoch:61/120 loss:0.2079 acc:0.9525
INFO:__main__:
【Val】:  SENS: 0.9048  SPEC: 0.9719  PPV: 0.9289  NPV: 0.9617 F1:0.9167
INFO:__main__:验证的best_acc:0.9525
INFO:__main__:----------------------------------------------------------------------------------------------------
INFO:__main__:
【train】epoch:62/120 loss:0.0512 acc:0.9801
INFO:__main__:
【val】epoch:62/120 loss:0.2336 acc:0.9375
INFO:__main__:
【Val】:  SENS: 0.8918  SPEC: 0.9561  PPV: 0.8918  NPV: 0.9561 F1:0.8918
INFO:__main__:验证的best_acc:0.9525
INFO:__main__:----------------------------------------------------------------------------------------------------
INFO:__main__:
【train】epoch:63/120 loss:0.0413 acc:0.9843
INFO:__main__:
【val】epoch:63/120 loss:0.1889 acc:0.9450
INFO:__main__:
【Val】:  SENS: 0.8788  SPEC: 0.9719  PPV: 0.9269  NPV: 0.9518 F1:0.9022
INFO:__main__:验证的best_acc:0.9525
INFO:__main__:----------------------------------------------------------------------------------------------------
INFO:__main__:
【train】epoch:64/120 loss:0.0439 acc:0.9841
INFO:__main__:
【val】epoch:64/120 loss:0.2097 acc:0.9425
INFO:__main__:
【Val】:  SENS: 0.9091  SPEC: 0.9561  PPV: 0.8936  NPV: 0.9628 F1:0.9013
INFO:__main__:验证的best_acc:0.9525
INFO:__main__:----------------------------------------------------------------------------------------------------
INFO:__main__:
【train】epoch:65/120 loss:0.0415 acc:0.9848
INFO:__main__:
【val】epoch:65/120 loss:0.2226 acc:0.9438
INFO:__main__:
【Val】:  SENS: 0.8874  SPEC: 0.9666  PPV: 0.9152  NPV: 0.9549 F1:0.9011
INFO:__main__:验证的best_acc:0.9525
INFO:__main__:----------------------------------------------------------------------------------------------------
INFO:__main__:
【train】epoch:66/120 loss:0.0432 acc:0.9832
INFO:__main__:
【val】epoch:66/120 loss:0.2193 acc:0.9488
INFO:__main__:
【Val】:  SENS: 0.8961  SPEC: 0.9701  PPV: 0.9241  NPV: 0.9583 F1:0.9099
INFO:__main__:验证的best_acc:0.9525
INFO:__main__:----------------------------------------------------------------------------------------------------
INFO:__main__:
【train】epoch:67/120 loss:0.0437 acc:0.9838
INFO:__main__:
【val】epoch:67/120 loss:0.2126 acc:0.9450
INFO:__main__:
【Val】:  SENS: 0.9221  SPEC: 0.9543  PPV: 0.8912  NPV: 0.9679 F1:0.9064
INFO:__main__:验证的best_acc:0.9525
INFO:__main__:----------------------------------------------------------------------------------------------------
INFO:__main__:
【train】epoch:68/120 loss:0.0419 acc:0.9829
INFO:__main__:
【val】epoch:68/120 loss:0.2293 acc:0.9438
INFO:__main__:
【Val】:  SENS: 0.8874  SPEC: 0.9666  PPV: 0.9152  NPV: 0.9549 F1:0.9011
INFO:__main__:验证的best_acc:0.9525
INFO:__main__:----------------------------------------------------------------------------------------------------
INFO:__main__:
【train】epoch:69/120 loss:0.0419 acc:0.9852
INFO:__main__:
【val】epoch:69/120 loss:0.2064 acc:0.9475
INFO:__main__:
【Val】:  SENS: 0.9048  SPEC: 0.9649  PPV: 0.9127  NPV: 0.9615 F1:0.9087
INFO:__main__:验证的best_acc:0.9525
INFO:__main__:----------------------------------------------------------------------------------------------------
INFO:__main__:
【train】epoch:70/120 loss:0.0382 acc:0.9848
INFO:__main__:
【val】epoch:70/120 loss:0.2120 acc:0.9450
INFO:__main__:
【Val】:  SENS: 0.8918  SPEC: 0.9666  PPV: 0.9156  NPV: 0.9565 F1:0.9035
INFO:__main__:验证的best_acc:0.9525
INFO:__main__:----------------------------------------------------------------------------------------------------
INFO:__main__:
【train】epoch:71/120 loss:0.0351 acc:0.9861
INFO:__main__:
【val】epoch:71/120 loss:0.2335 acc:0.9413
INFO:__main__:
【Val】:  SENS: 0.9134  SPEC: 0.9525  PPV: 0.8866  NPV: 0.9644 F1:0.8998
INFO:__main__:验证的best_acc:0.9525
INFO:__main__:----------------------------------------------------------------------------------------------------
INFO:__main__:
【train】epoch:72/120 loss:0.0319 acc:0.9870
INFO:__main__:
【val】epoch:72/120 loss:0.2151 acc:0.9438
INFO:__main__:
【Val】:  SENS: 0.8745  SPEC: 0.9719  PPV: 0.9266  NPV: 0.9502 F1:0.8998
INFO:__main__:验证的best_acc:0.9525
INFO:__main__:----------------------------------------------------------------------------------------------------
INFO:__main__:
【train】epoch:73/120 loss:0.0341 acc:0.9870
INFO:__main__:
【val】epoch:73/120 loss:0.2372 acc:0.9438
INFO:__main__:
【Val】:  SENS: 0.8961  SPEC: 0.9631  PPV: 0.9079  NPV: 0.9580 F1:0.9020
INFO:__main__:验证的best_acc:0.9525
INFO:__main__:----------------------------------------------------------------------------------------------------
INFO:__main__:
【train】epoch:74/120 loss:0.0347 acc:0.9872
INFO:__main__:
【val】epoch:74/120 loss:0.2162 acc:0.9463
INFO:__main__:
【Val】:  SENS: 0.8874  SPEC: 0.9701  PPV: 0.9234  NPV: 0.9550 F1:0.9051
INFO:__main__:验证的best_acc:0.9525
INFO:__main__:----------------------------------------------------------------------------------------------------
INFO:__main__:
【train】epoch:75/120 loss:0.0330 acc:0.9888
INFO:__main__:
【val】epoch:75/120 loss:0.2114 acc:0.9463
INFO:__main__:
【Val】:  SENS: 0.9134  SPEC: 0.9596  PPV: 0.9017  NPV: 0.9647 F1:0.9075
INFO:__main__:验证的best_acc:0.9525
INFO:__main__:----------------------------------------------------------------------------------------------------
INFO:__main__:
【train】epoch:76/120 loss:0.0298 acc:0.9876
INFO:__main__:
【val】epoch:76/120 loss:0.2337 acc:0.9438
INFO:__main__:
【Val】:  SENS: 0.8918  SPEC: 0.9649  PPV: 0.9115  NPV: 0.9564 F1:0.9015
INFO:__main__:验证的best_acc:0.9525
INFO:__main__:----------------------------------------------------------------------------------------------------
INFO:__main__:
【train】epoch:77/120 loss:0.0280 acc:0.9896
INFO:__main__:
【val】epoch:77/120 loss:0.2506 acc:0.9337
INFO:__main__:
【Val】:  SENS: 0.8831  SPEC: 0.9543  PPV: 0.8870  NPV: 0.9526 F1:0.8850
INFO:__main__:验证的best_acc:0.9525
INFO:__main__:----------------------------------------------------------------------------------------------------
INFO:__main__:
【train】epoch:78/120 loss:0.0288 acc:0.9885
INFO:__main__:
【val】epoch:78/120 loss:0.2363 acc:0.9425
INFO:__main__:
【Val】:  SENS: 0.8918  SPEC: 0.9631  PPV: 0.9075  NPV: 0.9564 F1:0.8996
INFO:__main__:验证的best_acc:0.9525
INFO:__main__:----------------------------------------------------------------------------------------------------
INFO:__main__:
【train】epoch:79/120 loss:0.0310 acc:0.9879
INFO:__main__:
【val】epoch:79/120 loss:0.2369 acc:0.9475
INFO:__main__:
【Val】:  SENS: 0.8831  SPEC: 0.9736  PPV: 0.9315  NPV: 0.9535 F1:0.9067
INFO:__main__:验证的best_acc:0.9525
INFO:__main__:----------------------------------------------------------------------------------------------------
INFO:__main__:
【train】epoch:80/120 loss:0.0331 acc:0.9900
INFO:__main__:
【val】epoch:80/120 loss:0.2150 acc:0.9513
INFO:__main__:
【Val】:  SENS: 0.9004  SPEC: 0.9719  PPV: 0.9286  NPV: 0.9601 F1:0.9143
INFO:__main__:验证的best_acc:0.9525
INFO:__main__:----------------------------------------------------------------------------------------------------
INFO:__main__:
【train】epoch:81/120 loss:0.0250 acc:0.9914
INFO:__main__:
【val】epoch:81/120 loss:0.2322 acc:0.9475
INFO:__main__:
【Val】:  SENS: 0.9004  SPEC: 0.9666  PPV: 0.9163  NPV: 0.9599 F1:0.9083
INFO:__main__:验证的best_acc:0.9525
INFO:__main__:----------------------------------------------------------------------------------------------------
INFO:__main__:
【train】epoch:82/120 loss:0.0268 acc:0.9906
INFO:__main__:
【val】epoch:82/120 loss:0.2243 acc:0.9475
INFO:__main__:
【Val】:  SENS: 0.9091  SPEC: 0.9631  PPV: 0.9091  NPV: 0.9631 F1:0.9091
INFO:__main__:验证的best_acc:0.9525
INFO:__main__:----------------------------------------------------------------------------------------------------
INFO:__main__:
【train】epoch:83/120 loss:0.0266 acc:0.9893
INFO:__main__:
【val】epoch:83/120 loss:0.2168 acc:0.9488
INFO:__main__:
【Val】:  SENS: 0.9091  SPEC: 0.9649  PPV: 0.9130  NPV: 0.9632 F1:0.9111
INFO:__main__:验证的best_acc:0.9525
INFO:__main__:----------------------------------------------------------------------------------------------------
INFO:__main__:
【train】epoch:84/120 loss:0.0243 acc:0.9906
INFO:__main__:
【val】epoch:84/120 loss:0.2121 acc:0.9575
INFO:__main__:
【Val】:  SENS: 0.9177  SPEC: 0.9736  PPV: 0.9339  NPV: 0.9668 F1:0.9258
INFO:__main__:验证的best_acc:0.9575
INFO:__main__:----------------------------------------------------------------------------------------------------
INFO:__main__:
【train】epoch:85/120 loss:0.0216 acc:0.9917
INFO:__main__:
【val】epoch:85/120 loss:0.2507 acc:0.9475
INFO:__main__:
【Val】:  SENS: 0.9177  SPEC: 0.9596  PPV: 0.9021  NPV: 0.9664 F1:0.9099
INFO:__main__:验证的best_acc:0.9575
INFO:__main__:----------------------------------------------------------------------------------------------------
INFO:__main__:
【train】epoch:86/120 loss:0.0228 acc:0.9926
INFO:__main__:
【val】epoch:86/120 loss:0.2322 acc:0.9588
INFO:__main__:
【Val】:  SENS: 0.9221  SPEC: 0.9736  PPV: 0.9342  NPV: 0.9685 F1:0.9281
INFO:__main__:验证的best_acc:0.9588
INFO:__main__:----------------------------------------------------------------------------------------------------
INFO:__main__:
【train】epoch:87/120 loss:0.0215 acc:0.9929
INFO:__main__:
【val】epoch:87/120 loss:0.2496 acc:0.9513
INFO:__main__:
【Val】:  SENS: 0.8918  SPEC: 0.9754  PPV: 0.9364  NPV: 0.9569 F1:0.9135
INFO:__main__:验证的best_acc:0.9588
INFO:__main__:----------------------------------------------------------------------------------------------------
INFO:__main__:
【train】epoch:88/120 loss:0.0267 acc:0.9908
INFO:__main__:
【val】epoch:88/120 loss:0.2377 acc:0.9450
INFO:__main__:
【Val】:  SENS: 0.9091  SPEC: 0.9596  PPV: 0.9013  NPV: 0.9630 F1:0.9052
INFO:__main__:验证的best_acc:0.9588
INFO:__main__:----------------------------------------------------------------------------------------------------
INFO:__main__:
【train】epoch:89/120 loss:0.0274 acc:0.9906
INFO:__main__:
【val】epoch:89/120 loss:0.2447 acc:0.9500
INFO:__main__:
【Val】:  SENS: 0.8788  SPEC: 0.9789  PPV: 0.9442  NPV: 0.9521 F1:0.9103
INFO:__main__:验证的best_acc:0.9588
INFO:__main__:----------------------------------------------------------------------------------------------------
INFO:__main__:
【train】epoch:90/120 loss:0.0251 acc:0.9896
INFO:__main__:
【val】epoch:90/120 loss:0.2075 acc:0.9550
INFO:__main__:
【Val】:  SENS: 0.9177  SPEC: 0.9701  PPV: 0.9258  NPV: 0.9667 F1:0.9217
INFO:__main__:验证的best_acc:0.9588
INFO:__main__:----------------------------------------------------------------------------------------------------
INFO:__main__:
【train】epoch:91/120 loss:0.0171 acc:0.9944
INFO:__main__:
【val】epoch:91/120 loss:0.1959 acc:0.9525
INFO:__main__:
【Val】:  SENS: 0.9091  SPEC: 0.9701  PPV: 0.9251  NPV: 0.9634 F1:0.9170
INFO:__main__:验证的best_acc:0.9588
INFO:__main__:----------------------------------------------------------------------------------------------------
INFO:__main__:
【train】epoch:92/120 loss:0.0219 acc:0.9915
INFO:__main__:
【val】epoch:92/120 loss:0.2244 acc:0.9475
INFO:__main__:
【Val】:  SENS: 0.9004  SPEC: 0.9666  PPV: 0.9163  NPV: 0.9599 F1:0.9083
INFO:__main__:验证的best_acc:0.9588
INFO:__main__:----------------------------------------------------------------------------------------------------
INFO:__main__:
【train】epoch:93/120 loss:0.0192 acc:0.9931
INFO:__main__:
【val】epoch:93/120 loss:0.2405 acc:0.9413
INFO:__main__:
【Val】:  SENS: 0.9177  SPEC: 0.9508  PPV: 0.8833  NPV: 0.9661 F1:0.9002
INFO:__main__:验证的best_acc:0.9588
INFO:__main__:----------------------------------------------------------------------------------------------------
INFO:__main__:
【train】epoch:94/120 loss:0.0199 acc:0.9935
INFO:__main__:
【val】epoch:94/120 loss:0.2193 acc:0.9563
INFO:__main__:
【Val】:  SENS: 0.9177  SPEC: 0.9719  PPV: 0.9298  NPV: 0.9668 F1:0.9237
INFO:__main__:验证的best_acc:0.9588
INFO:__main__:----------------------------------------------------------------------------------------------------
INFO:__main__:
【train】epoch:95/120 loss:0.0202 acc:0.9932
INFO:__main__:
【val】epoch:95/120 loss:0.2243 acc:0.9513
INFO:__main__:
【Val】:  SENS: 0.9048  SPEC: 0.9701  PPV: 0.9248  NPV: 0.9617 F1:0.9147
INFO:__main__:验证的best_acc:0.9588
INFO:__main__:----------------------------------------------------------------------------------------------------
INFO:__main__:
【train】epoch:96/120 loss:0.0206 acc:0.9923
INFO:__main__:
【val】epoch:96/120 loss:0.2218 acc:0.9525
INFO:__main__:
【Val】:  SENS: 0.9177  SPEC: 0.9666  PPV: 0.9177  NPV: 0.9666 F1:0.9177
INFO:__main__:验证的best_acc:0.9588
INFO:__main__:----------------------------------------------------------------------------------------------------
INFO:__main__:
【train】epoch:97/120 loss:0.0192 acc:0.9929
INFO:__main__:
【val】epoch:97/120 loss:0.2227 acc:0.9488
INFO:__main__:
【Val】:  SENS: 0.9091  SPEC: 0.9649  PPV: 0.9130  NPV: 0.9632 F1:0.9111
INFO:__main__:验证的best_acc:0.9588
INFO:__main__:----------------------------------------------------------------------------------------------------
INFO:__main__:
【train】epoch:98/120 loss:0.0192 acc:0.9943
INFO:__main__:
【val】epoch:98/120 loss:0.2180 acc:0.9525
INFO:__main__:
【Val】:  SENS: 0.9048  SPEC: 0.9719  PPV: 0.9289  NPV: 0.9617 F1:0.9167
INFO:__main__:验证的best_acc:0.9588
INFO:__main__:----------------------------------------------------------------------------------------------------
INFO:__main__:
【train】epoch:99/120 loss:0.0213 acc:0.9932
INFO:__main__:
【val】epoch:99/120 loss:0.2359 acc:0.9475
INFO:__main__:
【Val】:  SENS: 0.9048  SPEC: 0.9649  PPV: 0.9127  NPV: 0.9615 F1:0.9087
INFO:__main__:验证的best_acc:0.9588
INFO:__main__:----------------------------------------------------------------------------------------------------
INFO:__main__:
【train】epoch:100/120 loss:0.0136 acc:0.9950
INFO:__main__:
【val】epoch:100/120 loss:0.2258 acc:0.9500
INFO:__main__:
【Val】:  SENS: 0.9048  SPEC: 0.9684  PPV: 0.9207  NPV: 0.9616 F1:0.9127
INFO:__main__:验证的best_acc:0.9588
INFO:__main__:----------------------------------------------------------------------------------------------------
INFO:__main__:
【train】epoch:101/120 loss:0.0190 acc:0.9928
INFO:__main__:
【val】epoch:101/120 loss:0.2164 acc:0.9463
INFO:__main__:
【Val】:  SENS: 0.9048  SPEC: 0.9631  PPV: 0.9087  NPV: 0.9614 F1:0.9067
INFO:__main__:验证的best_acc:0.9588
INFO:__main__:----------------------------------------------------------------------------------------------------
INFO:__main__:
【train】epoch:102/120 loss:0.0181 acc:0.9928
INFO:__main__:
【val】epoch:102/120 loss:0.2319 acc:0.9450
INFO:__main__:
【Val】:  SENS: 0.9091  SPEC: 0.9596  PPV: 0.9013  NPV: 0.9630 F1:0.9052
INFO:__main__:验证的best_acc:0.9588
INFO:__main__:----------------------------------------------------------------------------------------------------
INFO:__main__:
【train】epoch:103/120 loss:0.0219 acc:0.9925
INFO:__main__:
【val】epoch:103/120 loss:0.2374 acc:0.9525
INFO:__main__:
【Val】:  SENS: 0.9048  SPEC: 0.9719  PPV: 0.9289  NPV: 0.9617 F1:0.9167
INFO:__main__:验证的best_acc:0.9588
INFO:__main__:----------------------------------------------------------------------------------------------------
INFO:__main__:
【train】epoch:104/120 loss:0.0154 acc:0.9940
INFO:__main__:
【val】epoch:104/120 loss:0.2304 acc:0.9563
INFO:__main__:
【Val】:  SENS: 0.9134  SPEC: 0.9736  PPV: 0.9336  NPV: 0.9652 F1:0.9234
INFO:__main__:验证的best_acc:0.9588
INFO:__main__:----------------------------------------------------------------------------------------------------
INFO:__main__:
【train】epoch:105/120 loss:0.0174 acc:0.9946
INFO:__main__:
【val】epoch:105/120 loss:0.2330 acc:0.9500
INFO:__main__:
【Val】:  SENS: 0.9134  SPEC: 0.9649  PPV: 0.9134  NPV: 0.9649 F1:0.9134
INFO:__main__:验证的best_acc:0.9588
INFO:__main__:----------------------------------------------------------------------------------------------------
INFO:__main__:
【train】epoch:106/120 loss:0.0121 acc:0.9959
INFO:__main__:
【val】epoch:106/120 loss:0.2456 acc:0.9488
INFO:__main__:
【Val】:  SENS: 0.9091  SPEC: 0.9649  PPV: 0.9130  NPV: 0.9632 F1:0.9111
INFO:__main__:验证的best_acc:0.9588
INFO:__main__:----------------------------------------------------------------------------------------------------
INFO:__main__:
【train】epoch:107/120 loss:0.0167 acc:0.9943
INFO:__main__:
【val】epoch:107/120 loss:0.2492 acc:0.9450
INFO:__main__:
【Val】:  SENS: 0.8874  SPEC: 0.9684  PPV: 0.9193  NPV: 0.9549 F1:0.9031
INFO:__main__:验证的best_acc:0.9588
INFO:__main__:----------------------------------------------------------------------------------------------------
INFO:__main__:
【train】epoch:108/120 loss:0.0157 acc:0.9952
INFO:__main__:
【val】epoch:108/120 loss:0.2466 acc:0.9450
INFO:__main__:
【Val】:  SENS: 0.8961  SPEC: 0.9649  PPV: 0.9119  NPV: 0.9581 F1:0.9039
INFO:__main__:验证的best_acc:0.9588
INFO:__main__:----------------------------------------------------------------------------------------------------
INFO:__main__:
【train】epoch:109/120 loss:0.0197 acc:0.9929
INFO:__main__:
【val】epoch:109/120 loss:0.2293 acc:0.9513
INFO:__main__:
【Val】:  SENS: 0.9177  SPEC: 0.9649  PPV: 0.9138  NPV: 0.9665 F1:0.9158
INFO:__main__:验证的best_acc:0.9588
INFO:__main__:----------------------------------------------------------------------------------------------------
INFO:__main__:
【train】epoch:110/120 loss:0.0156 acc:0.9949
INFO:__main__:
【val】epoch:110/120 loss:0.2340 acc:0.9513
INFO:__main__:
【Val】:  SENS: 0.9091  SPEC: 0.9684  PPV: 0.9211  NPV: 0.9633 F1:0.9150
INFO:__main__:验证的best_acc:0.9588
INFO:__main__:----------------------------------------------------------------------------------------------------
INFO:__main__:
【train】epoch:111/120 loss:0.0148 acc:0.9950
INFO:__main__:
【val】epoch:111/120 loss:0.2495 acc:0.9525
INFO:__main__:
【Val】:  SENS: 0.9004  SPEC: 0.9736  PPV: 0.9327  NPV: 0.9601 F1:0.9163
INFO:__main__:验证的best_acc:0.9588
INFO:__main__:----------------------------------------------------------------------------------------------------
INFO:__main__:
【train】epoch:112/120 loss:0.0143 acc:0.9950
INFO:__main__:
【val】epoch:112/120 loss:0.2453 acc:0.9450
INFO:__main__:
【Val】:  SENS: 0.8918  SPEC: 0.9666  PPV: 0.9156  NPV: 0.9565 F1:0.9035
INFO:__main__:验证的best_acc:0.9588
INFO:__main__:----------------------------------------------------------------------------------------------------
INFO:__main__:
【train】epoch:113/120 loss:0.0149 acc:0.9949
INFO:__main__:
【val】epoch:113/120 loss:0.2290 acc:0.9500
INFO:__main__:
【Val】:  SENS: 0.9004  SPEC: 0.9701  PPV: 0.9244  NPV: 0.9600 F1:0.9123
INFO:__main__:验证的best_acc:0.9588
INFO:__main__:----------------------------------------------------------------------------------------------------
INFO:__main__:
【train】epoch:114/120 loss:0.0174 acc:0.9935
INFO:__main__:
【val】epoch:114/120 loss:0.2318 acc:0.9525
INFO:__main__:
【Val】:  SENS: 0.9177  SPEC: 0.9666  PPV: 0.9177  NPV: 0.9666 F1:0.9177
INFO:__main__:验证的best_acc:0.9588
INFO:__main__:----------------------------------------------------------------------------------------------------
INFO:__main__:
【train】epoch:115/120 loss:0.0174 acc:0.9946
INFO:__main__:
【val】epoch:115/120 loss:0.2368 acc:0.9450
INFO:__main__:
【Val】:  SENS: 0.8874  SPEC: 0.9684  PPV: 0.9193  NPV: 0.9549 F1:0.9031
INFO:__main__:验证的best_acc:0.9588
INFO:__main__:----------------------------------------------------------------------------------------------------
INFO:__main__:
【train】epoch:116/120 loss:0.0163 acc:0.9935
INFO:__main__:
【val】epoch:116/120 loss:0.2387 acc:0.9500
INFO:__main__:
【Val】:  SENS: 0.9091  SPEC: 0.9666  PPV: 0.9170  NPV: 0.9632 F1:0.9130
INFO:__main__:验证的best_acc:0.9588
INFO:__main__:----------------------------------------------------------------------------------------------------
INFO:__main__:
【train】epoch:117/120 loss:0.0151 acc:0.9940
INFO:__main__:
【val】epoch:117/120 loss:0.2406 acc:0.9463
INFO:__main__:
【Val】:  SENS: 0.9004  SPEC: 0.9649  PPV: 0.9123  NPV: 0.9598 F1:0.9063
INFO:__main__:验证的best_acc:0.9588
INFO:__main__:----------------------------------------------------------------------------------------------------
INFO:__main__:
【train】epoch:118/120 loss:0.0144 acc:0.9952
INFO:__main__:
【val】epoch:118/120 loss:0.2346 acc:0.9475
INFO:__main__:
【Val】:  SENS: 0.9048  SPEC: 0.9649  PPV: 0.9127  NPV: 0.9615 F1:0.9087
INFO:__main__:验证的best_acc:0.9588
INFO:__main__:----------------------------------------------------------------------------------------------------
INFO:__main__:
【train】epoch:119/120 loss:0.0144 acc:0.9944
INFO:__main__:
【val】epoch:119/120 loss:0.2354 acc:0.9488
INFO:__main__:
【Val】:  SENS: 0.9048  SPEC: 0.9666  PPV: 0.9167  NPV: 0.9615 F1:0.9107
INFO:__main__:验证的best_acc:0.9588
INFO:__main__:----------------------------------------------------------------------------------------------------
INFO:__main__:****************************************************************************************************
INFO:__main__:Val_LOSS:['0.5158', '0.5036', '0.4245', '0.3911', '0.3612', '0.3312', '0.3440', '0.3104', '0.2685', '0.2750', '0.2610', '0.3091', '0.2276', '0.2922', '0.2951', '0.2409', '0.2342', '0.2753', '0.2893', '0.2605', '0.2260', '0.2379', '0.2573', '0.2528', '0.2135', '0.2554', '0.2855', '0.2769', '0.2813', '0.1938', '0.2211', '0.2191', '0.2281', '0.2334', '0.2398', '0.2123', '0.2376', '0.2413', '0.2140', '0.1894', '0.2097', '0.2465', '0.2133', '0.1928', '0.2457', '0.2083', '0.1957', '0.2198', '0.2767', '0.2194', '0.1967', '0.2054', '0.2235', '0.1996', '0.2132', '0.2313', '0.2255', '0.2219', '0.2331', '0.2503', '0.2139', '0.2079', '0.2336', '0.1889', '0.2097', '0.2226', '0.2193', '0.2126', '0.2293', '0.2064', '0.2120', '0.2335', '0.2151', '0.2372', '0.2162', '0.2114', '0.2337', '0.2506', '0.2363', '0.2369', '0.2150', '0.2322', '0.2243', '0.2168', '0.2121', '0.2507', '0.2322', '0.2496', '0.2377', '0.2447', '0.2075', '0.1959', '0.2244', '0.2405', '0.2193', '0.2243', '0.2218', '0.2227', '0.2180', '0.2359', '0.2258', '0.2164', '0.2319', '0.2374', '0.2304', '0.2330', '0.2456', '0.2492', '0.2466', '0.2293', '0.2340', '0.2495', '0.2453', '0.2290', '0.2318', '0.2368', '0.2387', '0.2406', '0.2346', '0.2354']
INFO:__main__:Val_ACC:['0.7475', '0.7462', '0.7937', '0.8050', '0.8213', '0.8363', '0.8325', '0.8500', '0.8838', '0.8875', '0.8888', '0.8700', '0.9038', '0.8737', '0.8750', '0.9062', '0.9038', '0.8888', '0.8925', '0.9062', '0.9137', '0.9150', '0.9100', '0.9137', '0.9175', '0.9075', '0.9087', '0.9100', '0.9112', '0.9312', '0.9262', '0.9300', '0.9312', '0.9250', '0.9175', '0.9312', '0.9287', '0.9212', '0.9287', '0.9450', '0.9375', '0.9362', '0.9362', '0.9450', '0.9287', '0.9337', '0.9400', '0.9438', '0.9225', '0.9362', '0.9463', '0.9388', '0.9413', '0.9463', '0.9450', '0.9413', '0.9400', '0.9425', '0.9375', '0.9325', '0.9463', '0.9525', '0.9375', '0.9450', '0.9425', '0.9438', '0.9488', '0.9450', '0.9438', '0.9475', '0.9450', '0.9413', '0.9438', '0.9438', '0.9463', '0.9463', '0.9438', '0.9337', '0.9425', '0.9475', '0.9513', '0.9475', '0.9475', '0.9488', '0.9575', '0.9475', '0.9588', '0.9513', '0.9450', '0.9500', '0.9550', '0.9525', '0.9475', '0.9413', '0.9563', '0.9513', '0.9525', '0.9488', '0.9525', '0.9475', '0.9500', '0.9463', '0.9450', '0.9525', '0.9563', '0.9500', '0.9488', '0.9450', '0.9450', '0.9513', '0.9513', '0.9525', '0.9450', '0.9500', '0.9525', '0.9450', '0.9500', '0.9463', '0.9475', '0.9488']
INFO:__main__:****************************************************************************************************
INFO:__main__: epoch0 测试test_Loss: 0.2599  test_ACC: 0.9402  
INFO:__main__:SENS: 0.8907 SPEC: 0.9610 PPV: 0.9053 NPV: 0.9545 F1:0.8980
INFO:__main__:test_Best_acc:0.9402
INFO:__main__:flops:2323740064.0  params:14128629.0
