INFO:__main__:
【train】epoch:0/120 loss:0.5858 acc:0.6939
INFO:__main__:
【val】epoch:0/120 loss:0.5328 acc:0.7203
INFO:__main__:
【Val】:  SENS: 0.5520  SPEC: 0.8282  PPV: 0.6732  NPV: 0.7425 F1:0.6066
INFO:__main__:验证的best_acc:0.7203
INFO:__main__:----------------------------------------------------------------------------------------------------
INFO:__main__:
【train】epoch:1/120 loss:0.5010 acc:0.7566
INFO:__main__:
【val】epoch:1/120 loss:0.4772 acc:0.7594
INFO:__main__:
【Val】:  SENS: 0.7400  SPEC: 0.7718  PPV: 0.6752  NPV: 0.8224 F1:0.7061
INFO:__main__:验证的best_acc:0.7594
INFO:__main__:----------------------------------------------------------------------------------------------------
INFO:__main__:
【train】epoch:2/120 loss:0.4363 acc:0.7979
INFO:__main__:
【val】epoch:2/120 loss:0.3979 acc:0.8125
INFO:__main__:
【Val】:  SENS: 0.8040  SPEC: 0.8179  PPV: 0.7390  NPV: 0.8668 F1:0.7701
INFO:__main__:验证的best_acc:0.8125
INFO:__main__:----------------------------------------------------------------------------------------------------
INFO:__main__:
【train】epoch:3/120 loss:0.3979 acc:0.8166
INFO:__main__:
【val】epoch:3/120 loss:0.3606 acc:0.8250
INFO:__main__:
【Val】:  SENS: 0.8320  SPEC: 0.8205  PPV: 0.7482  NPV: 0.8840 F1:0.7879
INFO:__main__:验证的best_acc:0.8250
INFO:__main__:----------------------------------------------------------------------------------------------------
INFO:__main__:
【train】epoch:4/120 loss:0.3812 acc:0.8366
INFO:__main__:
【val】epoch:4/120 loss:0.3613 acc:0.8266
INFO:__main__:
【Val】:  SENS: 0.8360  SPEC: 0.8205  PPV: 0.7491  NPV: 0.8864 F1:0.7902
INFO:__main__:验证的best_acc:0.8266
INFO:__main__:----------------------------------------------------------------------------------------------------
INFO:__main__:
【train】epoch:5/120 loss:0.3416 acc:0.8531
INFO:__main__:
【val】epoch:5/120 loss:0.4091 acc:0.8031
INFO:__main__:
【Val】:  SENS: 0.6360  SPEC: 0.9103  PPV: 0.8196  NPV: 0.7960 F1:0.7162
INFO:__main__:验证的best_acc:0.8266
INFO:__main__:----------------------------------------------------------------------------------------------------
INFO:__main__:
【train】epoch:6/120 loss:0.3329 acc:0.8606
INFO:__main__:
【val】epoch:6/120 loss:0.3918 acc:0.8422
INFO:__main__:
【Val】:  SENS: 0.7880  SPEC: 0.8769  PPV: 0.8041  NPV: 0.8658 F1:0.7960
INFO:__main__:验证的best_acc:0.8422
INFO:__main__:----------------------------------------------------------------------------------------------------
INFO:__main__:
【train】epoch:7/120 loss:0.3164 acc:0.8655
INFO:__main__:
【val】epoch:7/120 loss:0.3294 acc:0.8594
INFO:__main__:
【Val】:  SENS: 0.8760  SPEC: 0.8487  PPV: 0.7878  NPV: 0.9144 F1:0.8295
INFO:__main__:验证的best_acc:0.8594
INFO:__main__:----------------------------------------------------------------------------------------------------
INFO:__main__:
【train】epoch:8/120 loss:0.3038 acc:0.8670
INFO:__main__:
【val】epoch:8/120 loss:0.2872 acc:0.8859
INFO:__main__:
【Val】:  SENS: 0.8680  SPEC: 0.8974  PPV: 0.8444  NPV: 0.9138 F1:0.8560
INFO:__main__:验证的best_acc:0.8859
INFO:__main__:----------------------------------------------------------------------------------------------------
INFO:__main__:
【train】epoch:9/120 loss:0.2750 acc:0.8799
INFO:__main__:
【val】epoch:9/120 loss:0.2955 acc:0.8781
INFO:__main__:
【Val】:  SENS: 0.7720  SPEC: 0.9462  PPV: 0.9019  NPV: 0.8662 F1:0.8319
INFO:__main__:验证的best_acc:0.8859
INFO:__main__:----------------------------------------------------------------------------------------------------
INFO:__main__:
【train】epoch:10/120 loss:0.2655 acc:0.8880
INFO:__main__:
【val】epoch:10/120 loss:0.2892 acc:0.8734
INFO:__main__:
【Val】:  SENS: 0.8000  SPEC: 0.9205  PPV: 0.8658  NPV: 0.8778 F1:0.8316
INFO:__main__:验证的best_acc:0.8859
INFO:__main__:----------------------------------------------------------------------------------------------------
INFO:__main__:
【train】epoch:11/120 loss:0.2607 acc:0.8868
INFO:__main__:
【val】epoch:11/120 loss:0.2843 acc:0.8844
INFO:__main__:
【Val】:  SENS: 0.7920  SPEC: 0.9436  PPV: 0.9000  NPV: 0.8762 F1:0.8426
INFO:__main__:验证的best_acc:0.8859
INFO:__main__:----------------------------------------------------------------------------------------------------
INFO:__main__:
【train】epoch:12/120 loss:0.2508 acc:0.8909
INFO:__main__:
【val】epoch:12/120 loss:0.3063 acc:0.8703
INFO:__main__:
【Val】:  SENS: 0.7160  SPEC: 0.9692  PPV: 0.9372  NPV: 0.8419 F1:0.8118
INFO:__main__:验证的best_acc:0.8859
INFO:__main__:----------------------------------------------------------------------------------------------------
INFO:__main__:
【train】epoch:13/120 loss:0.2513 acc:0.8958
INFO:__main__:
【val】epoch:13/120 loss:0.3223 acc:0.8594
INFO:__main__:
【Val】:  SENS: 0.7000  SPEC: 0.9615  PPV: 0.9211  NPV: 0.8333 F1:0.7955
INFO:__main__:验证的best_acc:0.8859
INFO:__main__:----------------------------------------------------------------------------------------------------
INFO:__main__:
【train】epoch:14/120 loss:0.2445 acc:0.9018
INFO:__main__:
【val】epoch:14/120 loss:0.3076 acc:0.8687
INFO:__main__:
【Val】:  SENS: 0.7400  SPEC: 0.9513  PPV: 0.9069  NPV: 0.8509 F1:0.8150
INFO:__main__:验证的best_acc:0.8859
INFO:__main__:----------------------------------------------------------------------------------------------------
INFO:__main__:
【train】epoch:15/120 loss:0.2301 acc:0.9064
INFO:__main__:
【val】epoch:15/120 loss:0.3207 acc:0.8625
INFO:__main__:
【Val】:  SENS: 0.6920  SPEC: 0.9718  PPV: 0.9402  NPV: 0.8311 F1:0.7972
INFO:__main__:验证的best_acc:0.8859
INFO:__main__:----------------------------------------------------------------------------------------------------
INFO:__main__:
【train】epoch:16/120 loss:0.2199 acc:0.9105
INFO:__main__:
【val】epoch:16/120 loss:0.3104 acc:0.8734
INFO:__main__:
【Val】:  SENS: 0.7960  SPEC: 0.9231  PPV: 0.8690  NPV: 0.8759 F1:0.8309
INFO:__main__:验证的best_acc:0.8859
INFO:__main__:----------------------------------------------------------------------------------------------------
INFO:__main__:
【train】epoch:17/120 loss:0.2184 acc:0.9144
INFO:__main__:
【val】epoch:17/120 loss:0.2620 acc:0.8922
INFO:__main__:
【Val】:  SENS: 0.8680  SPEC: 0.9077  PPV: 0.8577  NPV: 0.9147 F1:0.8628
INFO:__main__:验证的best_acc:0.8922
INFO:__main__:----------------------------------------------------------------------------------------------------
INFO:__main__:
【train】epoch:18/120 loss:0.2026 acc:0.9177
INFO:__main__:
【val】epoch:18/120 loss:0.2988 acc:0.8672
INFO:__main__:
【Val】:  SENS: 0.8440  SPEC: 0.8821  PPV: 0.8210  NPV: 0.8982 F1:0.8323
INFO:__main__:验证的best_acc:0.8922
INFO:__main__:----------------------------------------------------------------------------------------------------
INFO:__main__:
【train】epoch:19/120 loss:0.1946 acc:0.9202
INFO:__main__:
【val】epoch:19/120 loss:0.2559 acc:0.8938
INFO:__main__:
【Val】:  SENS: 0.8480  SPEC: 0.9231  PPV: 0.8760  NPV: 0.9045 F1:0.8618
INFO:__main__:验证的best_acc:0.8938
INFO:__main__:----------------------------------------------------------------------------------------------------
INFO:__main__:
【train】epoch:20/120 loss:0.1794 acc:0.9266
INFO:__main__:
【val】epoch:20/120 loss:0.2730 acc:0.8766
INFO:__main__:
【Val】:  SENS: 0.7840  SPEC: 0.9359  PPV: 0.8869  NPV: 0.8711 F1:0.8323
INFO:__main__:验证的best_acc:0.8938
INFO:__main__:----------------------------------------------------------------------------------------------------
INFO:__main__:
【train】epoch:21/120 loss:0.1815 acc:0.9268
INFO:__main__:
【val】epoch:21/120 loss:0.2984 acc:0.8828
INFO:__main__:
【Val】:  SENS: 0.7800  SPEC: 0.9487  PPV: 0.9070  NPV: 0.8706 F1:0.8387
INFO:__main__:验证的best_acc:0.8938
INFO:__main__:----------------------------------------------------------------------------------------------------
INFO:__main__:
【train】epoch:22/120 loss:0.1840 acc:0.9282
INFO:__main__:
【val】epoch:22/120 loss:0.2870 acc:0.8938
INFO:__main__:
【Val】:  SENS: 0.9160  SPEC: 0.8795  PPV: 0.8297  NPV: 0.9423 F1:0.8707
INFO:__main__:验证的best_acc:0.8938
INFO:__main__:----------------------------------------------------------------------------------------------------
INFO:__main__:
【train】epoch:23/120 loss:0.1739 acc:0.9295
INFO:__main__:
【val】epoch:23/120 loss:0.2569 acc:0.8891
INFO:__main__:
【Val】:  SENS: 0.8720  SPEC: 0.9000  PPV: 0.8482  NPV: 0.9164 F1:0.8600
INFO:__main__:验证的best_acc:0.8938
INFO:__main__:----------------------------------------------------------------------------------------------------
INFO:__main__:
【train】epoch:24/120 loss:0.1682 acc:0.9330
INFO:__main__:
【val】epoch:24/120 loss:0.3544 acc:0.8938
INFO:__main__:
【Val】:  SENS: 0.8000  SPEC: 0.9538  PPV: 0.9174  NPV: 0.8815 F1:0.8547
INFO:__main__:验证的best_acc:0.8938
INFO:__main__:----------------------------------------------------------------------------------------------------
INFO:__main__:
【train】epoch:25/120 loss:0.1630 acc:0.9334
INFO:__main__:
【val】epoch:25/120 loss:0.3186 acc:0.8875
INFO:__main__:
【Val】:  SENS: 0.8640  SPEC: 0.9026  PPV: 0.8504  NPV: 0.9119 F1:0.8571
INFO:__main__:验证的best_acc:0.8938
INFO:__main__:----------------------------------------------------------------------------------------------------
INFO:__main__:
【train】epoch:26/120 loss:0.1605 acc:0.9381
INFO:__main__:
【val】epoch:26/120 loss:0.3115 acc:0.9141
INFO:__main__:
【Val】:  SENS: 0.8880  SPEC: 0.9308  PPV: 0.8916  NPV: 0.9284 F1:0.8898
INFO:__main__:验证的best_acc:0.9141
INFO:__main__:----------------------------------------------------------------------------------------------------
INFO:__main__:
【train】epoch:27/120 loss:0.1561 acc:0.9385
INFO:__main__:
【val】epoch:27/120 loss:0.2780 acc:0.8891
INFO:__main__:
【Val】:  SENS: 0.9440  SPEC: 0.8538  PPV: 0.8055  NPV: 0.9597 F1:0.8692
INFO:__main__:验证的best_acc:0.9141
INFO:__main__:----------------------------------------------------------------------------------------------------
INFO:__main__:
【train】epoch:28/120 loss:0.1423 acc:0.9435
INFO:__main__:
【val】epoch:28/120 loss:0.3899 acc:0.8875
INFO:__main__:
【Val】:  SENS: 0.8600  SPEC: 0.9051  PPV: 0.8532  NPV: 0.9098 F1:0.8566
INFO:__main__:验证的best_acc:0.9141
INFO:__main__:----------------------------------------------------------------------------------------------------
INFO:__main__:
【train】epoch:29/120 loss:0.1324 acc:0.9488
INFO:__main__:
【val】epoch:29/120 loss:0.3055 acc:0.8938
INFO:__main__:
【Val】:  SENS: 0.9000  SPEC: 0.8897  PPV: 0.8396  NPV: 0.9328 F1:0.8687
INFO:__main__:验证的best_acc:0.9141
INFO:__main__:----------------------------------------------------------------------------------------------------
INFO:__main__:
【train】epoch:30/120 loss:0.1218 acc:0.9513
INFO:__main__:
【val】epoch:30/120 loss:0.3201 acc:0.9000
INFO:__main__:
【Val】:  SENS: 0.8600  SPEC: 0.9256  PPV: 0.8811  NPV: 0.9116 F1:0.8704
INFO:__main__:验证的best_acc:0.9141
INFO:__main__:----------------------------------------------------------------------------------------------------
INFO:__main__:
【train】epoch:31/120 loss:0.1220 acc:0.9532
INFO:__main__:
【val】epoch:31/120 loss:0.2318 acc:0.9250
INFO:__main__:
【Val】:  SENS: 0.8760  SPEC: 0.9564  PPV: 0.9280  NPV: 0.9233 F1:0.9012
INFO:__main__:验证的best_acc:0.9250
INFO:__main__:----------------------------------------------------------------------------------------------------
INFO:__main__:
【train】epoch:32/120 loss:0.1163 acc:0.9515
INFO:__main__:
【val】epoch:32/120 loss:0.3011 acc:0.9156
INFO:__main__:
【Val】:  SENS: 0.8640  SPEC: 0.9487  PPV: 0.9153  NPV: 0.9158 F1:0.8889
INFO:__main__:验证的best_acc:0.9250
INFO:__main__:----------------------------------------------------------------------------------------------------
INFO:__main__:
【train】epoch:33/120 loss:0.1150 acc:0.9550
INFO:__main__:
【val】epoch:33/120 loss:0.2688 acc:0.9156
INFO:__main__:
【Val】:  SENS: 0.8560  SPEC: 0.9538  PPV: 0.9224  NPV: 0.9118 F1:0.8880
INFO:__main__:验证的best_acc:0.9250
INFO:__main__:----------------------------------------------------------------------------------------------------
INFO:__main__:
【train】epoch:34/120 loss:0.1204 acc:0.9534
INFO:__main__:
【val】epoch:34/120 loss:0.3033 acc:0.9312
INFO:__main__:
【Val】:  SENS: 0.9160  SPEC: 0.9410  PPV: 0.9087  NPV: 0.9459 F1:0.9124
INFO:__main__:验证的best_acc:0.9312
INFO:__main__:----------------------------------------------------------------------------------------------------
INFO:__main__:
【train】epoch:35/120 loss:0.1144 acc:0.9569
INFO:__main__:
【val】epoch:35/120 loss:0.2877 acc:0.9109
INFO:__main__:
【Val】:  SENS: 0.8680  SPEC: 0.9385  PPV: 0.9004  NPV: 0.9173 F1:0.8839
INFO:__main__:验证的best_acc:0.9312
INFO:__main__:----------------------------------------------------------------------------------------------------
INFO:__main__:
【train】epoch:36/120 loss:0.1146 acc:0.9532
INFO:__main__:
【val】epoch:36/120 loss:0.2816 acc:0.9203
INFO:__main__:
【Val】:  SENS: 0.8720  SPEC: 0.9513  PPV: 0.9198  NPV: 0.9206 F1:0.8953
INFO:__main__:验证的best_acc:0.9312
INFO:__main__:----------------------------------------------------------------------------------------------------
INFO:__main__:
【train】epoch:37/120 loss:0.1142 acc:0.9556
INFO:__main__:
【val】epoch:37/120 loss:0.3173 acc:0.9109
INFO:__main__:
【Val】:  SENS: 0.8360  SPEC: 0.9590  PPV: 0.9289  NPV: 0.9012 F1:0.8800
INFO:__main__:验证的best_acc:0.9312
INFO:__main__:----------------------------------------------------------------------------------------------------
INFO:__main__:
【train】epoch:38/120 loss:0.1047 acc:0.9587
INFO:__main__:
【val】epoch:38/120 loss:0.2603 acc:0.9250
INFO:__main__:
【Val】:  SENS: 0.9000  SPEC: 0.9410  PPV: 0.9073  NPV: 0.9362 F1:0.9036
INFO:__main__:验证的best_acc:0.9312
INFO:__main__:----------------------------------------------------------------------------------------------------
INFO:__main__:
【train】epoch:39/120 loss:0.1032 acc:0.9573
INFO:__main__:
【val】epoch:39/120 loss:0.3173 acc:0.9141
INFO:__main__:
【Val】:  SENS: 0.8560  SPEC: 0.9513  PPV: 0.9185  NPV: 0.9115 F1:0.8861
INFO:__main__:验证的best_acc:0.9312
INFO:__main__:----------------------------------------------------------------------------------------------------
INFO:__main__:
【train】epoch:40/120 loss:0.0996 acc:0.9635
INFO:__main__:
【val】epoch:40/120 loss:0.3064 acc:0.9266
INFO:__main__:
【Val】:  SENS: 0.8520  SPEC: 0.9744  PPV: 0.9552  NPV: 0.9113 F1:0.9006
INFO:__main__:验证的best_acc:0.9312
INFO:__main__:----------------------------------------------------------------------------------------------------
INFO:__main__:
【train】epoch:41/120 loss:0.0849 acc:0.9684
INFO:__main__:
【val】epoch:41/120 loss:0.2580 acc:0.9281
INFO:__main__:
【Val】:  SENS: 0.8600  SPEC: 0.9718  PPV: 0.9513  NPV: 0.9155 F1:0.9034
INFO:__main__:验证的best_acc:0.9312
INFO:__main__:----------------------------------------------------------------------------------------------------
INFO:__main__:
【train】epoch:42/120 loss:0.0882 acc:0.9641
INFO:__main__:
【val】epoch:42/120 loss:0.3173 acc:0.9250
INFO:__main__:
【Val】:  SENS: 0.8560  SPEC: 0.9692  PPV: 0.9469  NPV: 0.9130 F1:0.8992
INFO:__main__:验证的best_acc:0.9312
INFO:__main__:----------------------------------------------------------------------------------------------------
INFO:__main__:
【train】epoch:43/120 loss:0.0847 acc:0.9676
INFO:__main__:
【val】epoch:43/120 loss:0.3536 acc:0.9250
INFO:__main__:
【Val】:  SENS: 0.8960  SPEC: 0.9436  PPV: 0.9106  NPV: 0.9340 F1:0.9032
INFO:__main__:验证的best_acc:0.9312
INFO:__main__:----------------------------------------------------------------------------------------------------
INFO:__main__:
【train】epoch:44/120 loss:0.0829 acc:0.9678
INFO:__main__:
【val】epoch:44/120 loss:0.2930 acc:0.9203
INFO:__main__:
【Val】:  SENS: 0.8920  SPEC: 0.9385  PPV: 0.9028  NPV: 0.9313 F1:0.8974
INFO:__main__:验证的best_acc:0.9312
INFO:__main__:----------------------------------------------------------------------------------------------------
INFO:__main__:
【train】epoch:45/120 loss:0.0893 acc:0.9666
INFO:__main__:
【val】epoch:45/120 loss:0.2581 acc:0.9250
INFO:__main__:
【Val】:  SENS: 0.9080  SPEC: 0.9359  PPV: 0.9008  NPV: 0.9407 F1:0.9044
INFO:__main__:验证的best_acc:0.9312
INFO:__main__:----------------------------------------------------------------------------------------------------
INFO:__main__:
【train】epoch:46/120 loss:0.0882 acc:0.9658
INFO:__main__:
【val】epoch:46/120 loss:0.3022 acc:0.9203
INFO:__main__:
【Val】:  SENS: 0.8600  SPEC: 0.9590  PPV: 0.9307  NPV: 0.9144 F1:0.8940
INFO:__main__:验证的best_acc:0.9312
INFO:__main__:----------------------------------------------------------------------------------------------------
INFO:__main__:
【train】epoch:47/120 loss:0.0833 acc:0.9674
INFO:__main__:
【val】epoch:47/120 loss:0.3088 acc:0.9219
INFO:__main__:
【Val】:  SENS: 0.8760  SPEC: 0.9513  PPV: 0.9202  NPV: 0.9229 F1:0.8975
INFO:__main__:验证的best_acc:0.9312
INFO:__main__:----------------------------------------------------------------------------------------------------
INFO:__main__:
【train】epoch:48/120 loss:0.0781 acc:0.9715
INFO:__main__:
【val】epoch:48/120 loss:0.3515 acc:0.9141
INFO:__main__:
【Val】:  SENS: 0.8560  SPEC: 0.9513  PPV: 0.9185  NPV: 0.9115 F1:0.8861
INFO:__main__:验证的best_acc:0.9312
INFO:__main__:----------------------------------------------------------------------------------------------------
INFO:__main__:
【train】epoch:49/120 loss:0.0669 acc:0.9734
INFO:__main__:
【val】epoch:49/120 loss:0.3262 acc:0.9156
INFO:__main__:
【Val】:  SENS: 0.8680  SPEC: 0.9462  PPV: 0.9118  NPV: 0.9179 F1:0.8893
INFO:__main__:验证的best_acc:0.9312
INFO:__main__:----------------------------------------------------------------------------------------------------
INFO:__main__:
【train】epoch:50/120 loss:0.0680 acc:0.9726
INFO:__main__:
【val】epoch:50/120 loss:0.3741 acc:0.9125
INFO:__main__:
【Val】:  SENS: 0.8960  SPEC: 0.9231  PPV: 0.8819  NPV: 0.9326 F1:0.8889
INFO:__main__:验证的best_acc:0.9312
INFO:__main__:----------------------------------------------------------------------------------------------------
INFO:__main__:
【train】epoch:51/120 loss:0.0701 acc:0.9707
INFO:__main__:
【val】epoch:51/120 loss:0.2966 acc:0.9312
INFO:__main__:
【Val】:  SENS: 0.9400  SPEC: 0.9256  PPV: 0.8902  NPV: 0.9601 F1:0.9144
INFO:__main__:验证的best_acc:0.9312
INFO:__main__:----------------------------------------------------------------------------------------------------
INFO:__main__:
【train】epoch:52/120 loss:0.0624 acc:0.9759
INFO:__main__:
【val】epoch:52/120 loss:0.3029 acc:0.9203
INFO:__main__:
【Val】:  SENS: 0.9040  SPEC: 0.9308  PPV: 0.8933  NPV: 0.9380 F1:0.8986
INFO:__main__:验证的best_acc:0.9312
INFO:__main__:----------------------------------------------------------------------------------------------------
INFO:__main__:
【train】epoch:53/120 loss:0.0677 acc:0.9732
INFO:__main__:
【val】epoch:53/120 loss:0.2618 acc:0.9375
INFO:__main__:
【Val】:  SENS: 0.9080  SPEC: 0.9564  PPV: 0.9303  NPV: 0.9419 F1:0.9190
INFO:__main__:验证的best_acc:0.9375
INFO:__main__:----------------------------------------------------------------------------------------------------
INFO:__main__:
【train】epoch:54/120 loss:0.0586 acc:0.9783
INFO:__main__:
【val】epoch:54/120 loss:0.4221 acc:0.9141
INFO:__main__:
【Val】:  SENS: 0.8280  SPEC: 0.9692  PPV: 0.9452  NPV: 0.8979 F1:0.8827
INFO:__main__:验证的best_acc:0.9375
INFO:__main__:----------------------------------------------------------------------------------------------------
INFO:__main__:
【train】epoch:55/120 loss:0.0625 acc:0.9761
INFO:__main__:
【val】epoch:55/120 loss:0.3709 acc:0.9234
INFO:__main__:
【Val】:  SENS: 0.8480  SPEC: 0.9718  PPV: 0.9507  NPV: 0.9089 F1:0.8964
INFO:__main__:验证的best_acc:0.9375
INFO:__main__:----------------------------------------------------------------------------------------------------
INFO:__main__:
【train】epoch:56/120 loss:0.0587 acc:0.9771
INFO:__main__:
【val】epoch:56/120 loss:0.2707 acc:0.9344
INFO:__main__:
【Val】:  SENS: 0.9000  SPEC: 0.9564  PPV: 0.9298  NPV: 0.9372 F1:0.9146
INFO:__main__:验证的best_acc:0.9375
INFO:__main__:----------------------------------------------------------------------------------------------------
INFO:__main__:
【train】epoch:57/120 loss:0.0616 acc:0.9763
INFO:__main__:
【val】epoch:57/120 loss:0.2995 acc:0.9281
INFO:__main__:
【Val】:  SENS: 0.9000  SPEC: 0.9462  PPV: 0.9146  NPV: 0.9365 F1:0.9073
INFO:__main__:验证的best_acc:0.9375
INFO:__main__:----------------------------------------------------------------------------------------------------
INFO:__main__:
【train】epoch:58/120 loss:0.0627 acc:0.9785
INFO:__main__:
【val】epoch:58/120 loss:0.3241 acc:0.9297
INFO:__main__:
【Val】:  SENS: 0.9080  SPEC: 0.9436  PPV: 0.9116  NPV: 0.9412 F1:0.9098
INFO:__main__:验证的best_acc:0.9375
INFO:__main__:----------------------------------------------------------------------------------------------------
INFO:__main__:
【train】epoch:59/120 loss:0.0590 acc:0.9781
INFO:__main__:
【val】epoch:59/120 loss:0.2628 acc:0.9297
INFO:__main__:
【Val】:  SENS: 0.8960  SPEC: 0.9513  PPV: 0.9218  NPV: 0.9345 F1:0.9087
INFO:__main__:验证的best_acc:0.9375
INFO:__main__:----------------------------------------------------------------------------------------------------
INFO:__main__:
【train】epoch:60/120 loss:0.0511 acc:0.9816
INFO:__main__:
【val】epoch:60/120 loss:0.3899 acc:0.9125
INFO:__main__:
【Val】:  SENS: 0.9400  SPEC: 0.8949  PPV: 0.8514  NPV: 0.9588 F1:0.8935
INFO:__main__:验证的best_acc:0.9375
INFO:__main__:----------------------------------------------------------------------------------------------------
INFO:__main__:
【train】epoch:61/120 loss:0.0542 acc:0.9786
INFO:__main__:
【val】epoch:61/120 loss:0.3313 acc:0.9266
INFO:__main__:
【Val】:  SENS: 0.9320  SPEC: 0.9231  PPV: 0.8859  NPV: 0.9549 F1:0.9084
INFO:__main__:验证的best_acc:0.9375
INFO:__main__:----------------------------------------------------------------------------------------------------
INFO:__main__:
【train】epoch:62/120 loss:0.0463 acc:0.9841
INFO:__main__:
【val】epoch:62/120 loss:0.3148 acc:0.9234
INFO:__main__:
【Val】:  SENS: 0.8680  SPEC: 0.9590  PPV: 0.9313  NPV: 0.9189 F1:0.8986
INFO:__main__:验证的best_acc:0.9375
INFO:__main__:----------------------------------------------------------------------------------------------------
INFO:__main__:
【train】epoch:63/120 loss:0.0540 acc:0.9808
INFO:__main__:
【val】epoch:63/120 loss:0.2774 acc:0.9250
INFO:__main__:
【Val】:  SENS: 0.9000  SPEC: 0.9410  PPV: 0.9073  NPV: 0.9362 F1:0.9036
INFO:__main__:验证的best_acc:0.9375
INFO:__main__:----------------------------------------------------------------------------------------------------
INFO:__main__:
【train】epoch:64/120 loss:0.0404 acc:0.9874
INFO:__main__:
【val】epoch:64/120 loss:0.3193 acc:0.9328
INFO:__main__:
【Val】:  SENS: 0.9120  SPEC: 0.9462  PPV: 0.9157  NPV: 0.9437 F1:0.9138
INFO:__main__:验证的best_acc:0.9375
INFO:__main__:----------------------------------------------------------------------------------------------------
INFO:__main__:
【train】epoch:65/120 loss:0.0414 acc:0.9856
INFO:__main__:
【val】epoch:65/120 loss:0.2886 acc:0.9312
INFO:__main__:
【Val】:  SENS: 0.8920  SPEC: 0.9564  PPV: 0.9292  NPV: 0.9325 F1:0.9102
INFO:__main__:验证的best_acc:0.9375
INFO:__main__:----------------------------------------------------------------------------------------------------
INFO:__main__:
【train】epoch:66/120 loss:0.0526 acc:0.9777
INFO:__main__:
【val】epoch:66/120 loss:0.2954 acc:0.9266
INFO:__main__:
【Val】:  SENS: 0.9000  SPEC: 0.9436  PPV: 0.9109  NPV: 0.9364 F1:0.9054
INFO:__main__:验证的best_acc:0.9375
INFO:__main__:----------------------------------------------------------------------------------------------------
INFO:__main__:
【train】epoch:67/120 loss:0.0413 acc:0.9854
INFO:__main__:
【val】epoch:67/120 loss:0.3471 acc:0.9281
INFO:__main__:
【Val】:  SENS: 0.9160  SPEC: 0.9359  PPV: 0.9016  NPV: 0.9456 F1:0.9087
INFO:__main__:验证的best_acc:0.9375
INFO:__main__:----------------------------------------------------------------------------------------------------
INFO:__main__:
【train】epoch:68/120 loss:0.0406 acc:0.9860
INFO:__main__:
【val】epoch:68/120 loss:0.3207 acc:0.9187
INFO:__main__:
【Val】:  SENS: 0.8680  SPEC: 0.9513  PPV: 0.9195  NPV: 0.9183 F1:0.8930
INFO:__main__:验证的best_acc:0.9375
INFO:__main__:----------------------------------------------------------------------------------------------------
INFO:__main__:
【train】epoch:69/120 loss:0.0447 acc:0.9827
INFO:__main__:
【val】epoch:69/120 loss:0.2850 acc:0.9328
INFO:__main__:
【Val】:  SENS: 0.8920  SPEC: 0.9590  PPV: 0.9331  NPV: 0.9327 F1:0.9121
INFO:__main__:验证的best_acc:0.9375
INFO:__main__:----------------------------------------------------------------------------------------------------
INFO:__main__:
【train】epoch:70/120 loss:0.0373 acc:0.9847
INFO:__main__:
【val】epoch:70/120 loss:0.2864 acc:0.9359
INFO:__main__:
【Val】:  SENS: 0.9080  SPEC: 0.9538  PPV: 0.9265  NPV: 0.9418 F1:0.9172
INFO:__main__:验证的best_acc:0.9375
INFO:__main__:----------------------------------------------------------------------------------------------------
INFO:__main__:
【train】epoch:71/120 loss:0.0413 acc:0.9849
INFO:__main__:
【val】epoch:71/120 loss:0.3215 acc:0.9281
INFO:__main__:
【Val】:  SENS: 0.9200  SPEC: 0.9333  PPV: 0.8984  NPV: 0.9479 F1:0.9091
INFO:__main__:验证的best_acc:0.9375
INFO:__main__:----------------------------------------------------------------------------------------------------
INFO:__main__:
【train】epoch:72/120 loss:0.0367 acc:0.9874
INFO:__main__:
【val】epoch:72/120 loss:0.2844 acc:0.9328
INFO:__main__:
【Val】:  SENS: 0.9120  SPEC: 0.9462  PPV: 0.9157  NPV: 0.9437 F1:0.9138
INFO:__main__:验证的best_acc:0.9375
INFO:__main__:----------------------------------------------------------------------------------------------------
INFO:__main__:
【train】epoch:73/120 loss:0.0278 acc:0.9895
INFO:__main__:
【val】epoch:73/120 loss:0.3692 acc:0.9234
INFO:__main__:
【Val】:  SENS: 0.8960  SPEC: 0.9410  PPV: 0.9069  NPV: 0.9338 F1:0.9014
INFO:__main__:验证的best_acc:0.9375
INFO:__main__:----------------------------------------------------------------------------------------------------
INFO:__main__:
【train】epoch:74/120 loss:0.0372 acc:0.9860
INFO:__main__:
【val】epoch:74/120 loss:0.3263 acc:0.9375
INFO:__main__:
【Val】:  SENS: 0.9120  SPEC: 0.9538  PPV: 0.9268  NPV: 0.9442 F1:0.9194
INFO:__main__:验证的best_acc:0.9375
INFO:__main__:----------------------------------------------------------------------------------------------------
INFO:__main__:
【train】epoch:75/120 loss:0.0385 acc:0.9858
INFO:__main__:
【val】epoch:75/120 loss:0.3223 acc:0.9297
INFO:__main__:
【Val】:  SENS: 0.9000  SPEC: 0.9487  PPV: 0.9184  NPV: 0.9367 F1:0.9091
INFO:__main__:验证的best_acc:0.9375
INFO:__main__:----------------------------------------------------------------------------------------------------
INFO:__main__:
【train】epoch:76/120 loss:0.0382 acc:0.9839
INFO:__main__:
【val】epoch:76/120 loss:0.2642 acc:0.9422
INFO:__main__:
【Val】:  SENS: 0.9320  SPEC: 0.9487  PPV: 0.9209  NPV: 0.9561 F1:0.9264
INFO:__main__:验证的best_acc:0.9422
INFO:__main__:----------------------------------------------------------------------------------------------------
INFO:__main__:
【train】epoch:77/120 loss:0.0355 acc:0.9866
INFO:__main__:
【val】epoch:77/120 loss:0.2981 acc:0.9312
INFO:__main__:
【Val】:  SENS: 0.8680  SPEC: 0.9718  PPV: 0.9518  NPV: 0.9199 F1:0.9079
INFO:__main__:验证的best_acc:0.9422
INFO:__main__:----------------------------------------------------------------------------------------------------
INFO:__main__:
【train】epoch:78/120 loss:0.0331 acc:0.9891
INFO:__main__:
【val】epoch:78/120 loss:0.3374 acc:0.9359
INFO:__main__:
【Val】:  SENS: 0.9120  SPEC: 0.9513  PPV: 0.9231  NPV: 0.9440 F1:0.9175
INFO:__main__:验证的best_acc:0.9422
INFO:__main__:----------------------------------------------------------------------------------------------------
INFO:__main__:
【train】epoch:79/120 loss:0.0278 acc:0.9895
INFO:__main__:
【val】epoch:79/120 loss:0.3064 acc:0.9297
INFO:__main__:
【Val】:  SENS: 0.9080  SPEC: 0.9436  PPV: 0.9116  NPV: 0.9412 F1:0.9098
INFO:__main__:验证的best_acc:0.9422
INFO:__main__:----------------------------------------------------------------------------------------------------
INFO:__main__:
【train】epoch:80/120 loss:0.0283 acc:0.9903
INFO:__main__:
【val】epoch:80/120 loss:0.3397 acc:0.9281
INFO:__main__:
【Val】:  SENS: 0.8840  SPEC: 0.9564  PPV: 0.9286  NPV: 0.9279 F1:0.9057
INFO:__main__:验证的best_acc:0.9422
INFO:__main__:----------------------------------------------------------------------------------------------------
INFO:__main__:
【train】epoch:81/120 loss:0.0278 acc:0.9915
INFO:__main__:
【val】epoch:81/120 loss:0.3354 acc:0.9359
INFO:__main__:
【Val】:  SENS: 0.9080  SPEC: 0.9538  PPV: 0.9265  NPV: 0.9418 F1:0.9172
INFO:__main__:验证的best_acc:0.9422
INFO:__main__:----------------------------------------------------------------------------------------------------
INFO:__main__:
【train】epoch:82/120 loss:0.0329 acc:0.9903
INFO:__main__:
【val】epoch:82/120 loss:0.3161 acc:0.9312
INFO:__main__:
【Val】:  SENS: 0.9000  SPEC: 0.9513  PPV: 0.9221  NPV: 0.9369 F1:0.9109
INFO:__main__:验证的best_acc:0.9422
INFO:__main__:----------------------------------------------------------------------------------------------------
INFO:__main__:
【train】epoch:83/120 loss:0.0251 acc:0.9895
INFO:__main__:
【val】epoch:83/120 loss:0.3149 acc:0.9266
INFO:__main__:
【Val】:  SENS: 0.8720  SPEC: 0.9615  PPV: 0.9356  NPV: 0.9214 F1:0.9027
INFO:__main__:验证的best_acc:0.9422
INFO:__main__:----------------------------------------------------------------------------------------------------
INFO:__main__:
【train】epoch:84/120 loss:0.0277 acc:0.9903
INFO:__main__:
【val】epoch:84/120 loss:0.3287 acc:0.9281
INFO:__main__:
【Val】:  SENS: 0.8960  SPEC: 0.9487  PPV: 0.9180  NPV: 0.9343 F1:0.9069
INFO:__main__:验证的best_acc:0.9422
INFO:__main__:----------------------------------------------------------------------------------------------------
INFO:__main__:
【train】epoch:85/120 loss:0.0276 acc:0.9901
INFO:__main__:
【val】epoch:85/120 loss:0.3168 acc:0.9328
INFO:__main__:
【Val】:  SENS: 0.9080  SPEC: 0.9487  PPV: 0.9190  NPV: 0.9415 F1:0.9135
INFO:__main__:验证的best_acc:0.9422
INFO:__main__:----------------------------------------------------------------------------------------------------
INFO:__main__:
【train】epoch:86/120 loss:0.0241 acc:0.9893
INFO:__main__:
【val】epoch:86/120 loss:0.3391 acc:0.9391
INFO:__main__:
【Val】:  SENS: 0.9120  SPEC: 0.9564  PPV: 0.9306  NPV: 0.9443 F1:0.9212
INFO:__main__:验证的best_acc:0.9422
INFO:__main__:----------------------------------------------------------------------------------------------------
INFO:__main__:
【train】epoch:87/120 loss:0.0313 acc:0.9872
INFO:__main__:
【val】epoch:87/120 loss:0.3570 acc:0.9391
INFO:__main__:
【Val】:  SENS: 0.9160  SPEC: 0.9538  PPV: 0.9271  NPV: 0.9466 F1:0.9215
INFO:__main__:验证的best_acc:0.9422
INFO:__main__:----------------------------------------------------------------------------------------------------
INFO:__main__:
【train】epoch:88/120 loss:0.0219 acc:0.9905
INFO:__main__:
【val】epoch:88/120 loss:0.3845 acc:0.9281
INFO:__main__:
【Val】:  SENS: 0.8960  SPEC: 0.9487  PPV: 0.9180  NPV: 0.9343 F1:0.9069
INFO:__main__:验证的best_acc:0.9422
INFO:__main__:----------------------------------------------------------------------------------------------------
INFO:__main__:
【train】epoch:89/120 loss:0.0236 acc:0.9917
INFO:__main__:
【val】epoch:89/120 loss:0.3413 acc:0.9344
INFO:__main__:
【Val】:  SENS: 0.9240  SPEC: 0.9410  PPV: 0.9094  NPV: 0.9508 F1:0.9167
INFO:__main__:验证的best_acc:0.9422
INFO:__main__:----------------------------------------------------------------------------------------------------
INFO:__main__:
【train】epoch:90/120 loss:0.0203 acc:0.9917
INFO:__main__:
【val】epoch:90/120 loss:0.3793 acc:0.9312
INFO:__main__:
【Val】:  SENS: 0.8720  SPEC: 0.9692  PPV: 0.9478  NPV: 0.9220 F1:0.9083
INFO:__main__:验证的best_acc:0.9422
INFO:__main__:----------------------------------------------------------------------------------------------------
INFO:__main__:
【train】epoch:91/120 loss:0.0241 acc:0.9915
INFO:__main__:
【val】epoch:91/120 loss:0.3401 acc:0.9281
INFO:__main__:
【Val】:  SENS: 0.8720  SPEC: 0.9641  PPV: 0.9397  NPV: 0.9216 F1:0.9046
INFO:__main__:验证的best_acc:0.9422
INFO:__main__:----------------------------------------------------------------------------------------------------
INFO:__main__:
【train】epoch:92/120 loss:0.0248 acc:0.9913
INFO:__main__:
【val】epoch:92/120 loss:0.3326 acc:0.9312
INFO:__main__:
【Val】:  SENS: 0.8880  SPEC: 0.9590  PPV: 0.9328  NPV: 0.9303 F1:0.9098
INFO:__main__:验证的best_acc:0.9422
INFO:__main__:----------------------------------------------------------------------------------------------------
INFO:__main__:
【train】epoch:93/120 loss:0.0172 acc:0.9930
INFO:__main__:
【val】epoch:93/120 loss:0.3665 acc:0.9328
INFO:__main__:
【Val】:  SENS: 0.9000  SPEC: 0.9538  PPV: 0.9259  NPV: 0.9370 F1:0.9128
INFO:__main__:验证的best_acc:0.9422
INFO:__main__:----------------------------------------------------------------------------------------------------
INFO:__main__:
【train】epoch:94/120 loss:0.0283 acc:0.9899
INFO:__main__:
【val】epoch:94/120 loss:0.3143 acc:0.9391
INFO:__main__:
【Val】:  SENS: 0.9080  SPEC: 0.9590  PPV: 0.9342  NPV: 0.9421 F1:0.9209
INFO:__main__:验证的best_acc:0.9422
INFO:__main__:----------------------------------------------------------------------------------------------------
INFO:__main__:
【train】epoch:95/120 loss:0.0195 acc:0.9934
INFO:__main__:
【val】epoch:95/120 loss:0.3309 acc:0.9438
INFO:__main__:
【Val】:  SENS: 0.9160  SPEC: 0.9615  PPV: 0.9385  NPV: 0.9470 F1:0.9271
INFO:__main__:验证的best_acc:0.9438
INFO:__main__:----------------------------------------------------------------------------------------------------
INFO:__main__:
【train】epoch:96/120 loss:0.0165 acc:0.9950
INFO:__main__:
【val】epoch:96/120 loss:0.3071 acc:0.9406
INFO:__main__:
【Val】:  SENS: 0.9160  SPEC: 0.9564  PPV: 0.9309  NPV: 0.9467 F1:0.9234
INFO:__main__:验证的best_acc:0.9438
INFO:__main__:----------------------------------------------------------------------------------------------------
INFO:__main__:
【train】epoch:97/120 loss:0.0167 acc:0.9948
INFO:__main__:
【val】epoch:97/120 loss:0.3377 acc:0.9328
INFO:__main__:
【Val】:  SENS: 0.9000  SPEC: 0.9538  PPV: 0.9259  NPV: 0.9370 F1:0.9128
INFO:__main__:验证的best_acc:0.9438
INFO:__main__:----------------------------------------------------------------------------------------------------
INFO:__main__:
【train】epoch:98/120 loss:0.0180 acc:0.9928
INFO:__main__:
【val】epoch:98/120 loss:0.3909 acc:0.9328
INFO:__main__:
【Val】:  SENS: 0.9160  SPEC: 0.9436  PPV: 0.9124  NPV: 0.9460 F1:0.9142
INFO:__main__:验证的best_acc:0.9438
INFO:__main__:----------------------------------------------------------------------------------------------------
INFO:__main__:
【train】epoch:99/120 loss:0.0165 acc:0.9940
INFO:__main__:
【val】epoch:99/120 loss:0.3573 acc:0.9359
INFO:__main__:
【Val】:  SENS: 0.9160  SPEC: 0.9487  PPV: 0.9197  NPV: 0.9463 F1:0.9178
INFO:__main__:验证的best_acc:0.9438
INFO:__main__:----------------------------------------------------------------------------------------------------
INFO:__main__:
【train】epoch:100/120 loss:0.0132 acc:0.9953
INFO:__main__:
【val】epoch:100/120 loss:0.3501 acc:0.9422
INFO:__main__:
【Val】:  SENS: 0.9280  SPEC: 0.9513  PPV: 0.9243  NPV: 0.9537 F1:0.9261
INFO:__main__:验证的best_acc:0.9438
INFO:__main__:----------------------------------------------------------------------------------------------------
INFO:__main__:
【train】epoch:101/120 loss:0.0186 acc:0.9938
INFO:__main__:
【val】epoch:101/120 loss:0.3470 acc:0.9438
INFO:__main__:
【Val】:  SENS: 0.9240  SPEC: 0.9564  PPV: 0.9315  NPV: 0.9515 F1:0.9277
INFO:__main__:验证的best_acc:0.9438
INFO:__main__:----------------------------------------------------------------------------------------------------
INFO:__main__:
【train】epoch:102/120 loss:0.0158 acc:0.9946
INFO:__main__:
【val】epoch:102/120 loss:0.3828 acc:0.9328
INFO:__main__:
【Val】:  SENS: 0.9000  SPEC: 0.9538  PPV: 0.9259  NPV: 0.9370 F1:0.9128
INFO:__main__:验证的best_acc:0.9438
INFO:__main__:----------------------------------------------------------------------------------------------------
INFO:__main__:
【train】epoch:103/120 loss:0.0172 acc:0.9940
INFO:__main__:
【val】epoch:103/120 loss:0.4010 acc:0.9250
INFO:__main__:
【Val】:  SENS: 0.8960  SPEC: 0.9436  PPV: 0.9106  NPV: 0.9340 F1:0.9032
INFO:__main__:验证的best_acc:0.9438
INFO:__main__:----------------------------------------------------------------------------------------------------
INFO:__main__:
【train】epoch:104/120 loss:0.0167 acc:0.9938
INFO:__main__:
【val】epoch:104/120 loss:0.3808 acc:0.9219
INFO:__main__:
【Val】:  SENS: 0.8720  SPEC: 0.9538  PPV: 0.9237  NPV: 0.9208 F1:0.8971
INFO:__main__:验证的best_acc:0.9438
INFO:__main__:----------------------------------------------------------------------------------------------------
INFO:__main__:
【train】epoch:105/120 loss:0.0173 acc:0.9934
INFO:__main__:
【val】epoch:105/120 loss:0.4020 acc:0.9250
INFO:__main__:
【Val】:  SENS: 0.8640  SPEC: 0.9641  PPV: 0.9391  NPV: 0.9171 F1:0.9000
INFO:__main__:验证的best_acc:0.9438
INFO:__main__:----------------------------------------------------------------------------------------------------
INFO:__main__:
【train】epoch:106/120 loss:0.0143 acc:0.9955
INFO:__main__:
【val】epoch:106/120 loss:0.3617 acc:0.9375
INFO:__main__:
【Val】:  SENS: 0.9040  SPEC: 0.9590  PPV: 0.9339  NPV: 0.9397 F1:0.9187
INFO:__main__:验证的best_acc:0.9438
INFO:__main__:----------------------------------------------------------------------------------------------------
INFO:__main__:
【train】epoch:107/120 loss:0.0184 acc:0.9938
INFO:__main__:
【val】epoch:107/120 loss:0.3534 acc:0.9375
INFO:__main__:
【Val】:  SENS: 0.9160  SPEC: 0.9513  PPV: 0.9234  NPV: 0.9464 F1:0.9197
INFO:__main__:验证的best_acc:0.9438
INFO:__main__:----------------------------------------------------------------------------------------------------
INFO:__main__:
【train】epoch:108/120 loss:0.0156 acc:0.9940
INFO:__main__:
【val】epoch:108/120 loss:0.3782 acc:0.9328
INFO:__main__:
【Val】:  SENS: 0.9000  SPEC: 0.9538  PPV: 0.9259  NPV: 0.9370 F1:0.9128
INFO:__main__:验证的best_acc:0.9438
INFO:__main__:----------------------------------------------------------------------------------------------------
INFO:__main__:
【train】epoch:109/120 loss:0.0120 acc:0.9957
INFO:__main__:
【val】epoch:109/120 loss:0.3820 acc:0.9203
INFO:__main__:
【Val】:  SENS: 0.8960  SPEC: 0.9359  PPV: 0.8996  NPV: 0.9335 F1:0.8978
INFO:__main__:验证的best_acc:0.9438
INFO:__main__:----------------------------------------------------------------------------------------------------
INFO:__main__:
【train】epoch:110/120 loss:0.0127 acc:0.9951
INFO:__main__:
【val】epoch:110/120 loss:0.3804 acc:0.9328
INFO:__main__:
【Val】:  SENS: 0.9120  SPEC: 0.9462  PPV: 0.9157  NPV: 0.9437 F1:0.9138
INFO:__main__:验证的best_acc:0.9438
INFO:__main__:----------------------------------------------------------------------------------------------------
INFO:__main__:
【train】epoch:111/120 loss:0.0123 acc:0.9953
INFO:__main__:
【val】epoch:111/120 loss:0.3732 acc:0.9375
INFO:__main__:
【Val】:  SENS: 0.9280  SPEC: 0.9436  PPV: 0.9134  NPV: 0.9534 F1:0.9206
INFO:__main__:验证的best_acc:0.9438
INFO:__main__:----------------------------------------------------------------------------------------------------
INFO:__main__:
【train】epoch:112/120 loss:0.0107 acc:0.9963
INFO:__main__:
【val】epoch:112/120 loss:0.3745 acc:0.9312
INFO:__main__:
【Val】:  SENS: 0.9120  SPEC: 0.9436  PPV: 0.9120  NPV: 0.9436 F1:0.9120
INFO:__main__:验证的best_acc:0.9438
INFO:__main__:----------------------------------------------------------------------------------------------------
INFO:__main__:
【train】epoch:113/120 loss:0.0136 acc:0.9951
INFO:__main__:
【val】epoch:113/120 loss:0.3706 acc:0.9391
INFO:__main__:
【Val】:  SENS: 0.9200  SPEC: 0.9513  PPV: 0.9237  NPV: 0.9488 F1:0.9218
INFO:__main__:验证的best_acc:0.9438
INFO:__main__:----------------------------------------------------------------------------------------------------
INFO:__main__:
【train】epoch:114/120 loss:0.0129 acc:0.9948
INFO:__main__:
【val】epoch:114/120 loss:0.3891 acc:0.9375
INFO:__main__:
【Val】:  SENS: 0.9120  SPEC: 0.9538  PPV: 0.9268  NPV: 0.9442 F1:0.9194
INFO:__main__:验证的best_acc:0.9438
INFO:__main__:----------------------------------------------------------------------------------------------------
INFO:__main__:
【train】epoch:115/120 loss:0.0097 acc:0.9965
INFO:__main__:
【val】epoch:115/120 loss:0.3938 acc:0.9312
INFO:__main__:
【Val】:  SENS: 0.8920  SPEC: 0.9564  PPV: 0.9292  NPV: 0.9325 F1:0.9102
INFO:__main__:验证的best_acc:0.9438
INFO:__main__:----------------------------------------------------------------------------------------------------
INFO:__main__:
【train】epoch:116/120 loss:0.0123 acc:0.9953
INFO:__main__:
【val】epoch:116/120 loss:0.3790 acc:0.9328
INFO:__main__:
【Val】:  SENS: 0.9160  SPEC: 0.9436  PPV: 0.9124  NPV: 0.9460 F1:0.9142
INFO:__main__:验证的best_acc:0.9438
INFO:__main__:----------------------------------------------------------------------------------------------------
INFO:__main__:
【train】epoch:117/120 loss:0.0079 acc:0.9967
INFO:__main__:
【val】epoch:117/120 loss:0.3844 acc:0.9406
INFO:__main__:
【Val】:  SENS: 0.9120  SPEC: 0.9590  PPV: 0.9344  NPV: 0.9444 F1:0.9231
INFO:__main__:验证的best_acc:0.9438
INFO:__main__:----------------------------------------------------------------------------------------------------
INFO:__main__:
【train】epoch:118/120 loss:0.0108 acc:0.9961
INFO:__main__:
【val】epoch:118/120 loss:0.3818 acc:0.9438
INFO:__main__:
【Val】:  SENS: 0.9200  SPEC: 0.9590  PPV: 0.9350  NPV: 0.9492 F1:0.9274
INFO:__main__:验证的best_acc:0.9438
INFO:__main__:----------------------------------------------------------------------------------------------------
INFO:__main__:
【train】epoch:119/120 loss:0.0106 acc:0.9967
INFO:__main__:
【val】epoch:119/120 loss:0.3797 acc:0.9391
INFO:__main__:
【Val】:  SENS: 0.9160  SPEC: 0.9538  PPV: 0.9271  NPV: 0.9466 F1:0.9215
INFO:__main__:验证的best_acc:0.9438
INFO:__main__:----------------------------------------------------------------------------------------------------
INFO:__main__:****************************************************************************************************
INFO:__main__:Val_LOSS:['0.5328', '0.4772', '0.3979', '0.3606', '0.3613', '0.4091', '0.3918', '0.3294', '0.2872', '0.2955', '0.2892', '0.2843', '0.3063', '0.3223', '0.3076', '0.3207', '0.3104', '0.2620', '0.2988', '0.2559', '0.2730', '0.2984', '0.2870', '0.2569', '0.3544', '0.3186', '0.3115', '0.2780', '0.3899', '0.3055', '0.3201', '0.2318', '0.3011', '0.2688', '0.3033', '0.2877', '0.2816', '0.3173', '0.2603', '0.3173', '0.3064', '0.2580', '0.3173', '0.3536', '0.2930', '0.2581', '0.3022', '0.3088', '0.3515', '0.3262', '0.3741', '0.2966', '0.3029', '0.2618', '0.4221', '0.3709', '0.2707', '0.2995', '0.3241', '0.2628', '0.3899', '0.3313', '0.3148', '0.2774', '0.3193', '0.2886', '0.2954', '0.3471', '0.3207', '0.2850', '0.2864', '0.3215', '0.2844', '0.3692', '0.3263', '0.3223', '0.2642', '0.2981', '0.3374', '0.3064', '0.3397', '0.3354', '0.3161', '0.3149', '0.3287', '0.3168', '0.3391', '0.3570', '0.3845', '0.3413', '0.3793', '0.3401', '0.3326', '0.3665', '0.3143', '0.3309', '0.3071', '0.3377', '0.3909', '0.3573', '0.3501', '0.3470', '0.3828', '0.4010', '0.3808', '0.4020', '0.3617', '0.3534', '0.3782', '0.3820', '0.3804', '0.3732', '0.3745', '0.3706', '0.3891', '0.3938', '0.3790', '0.3844', '0.3818', '0.3797']
INFO:__main__:Val_ACC:['0.7203', '0.7594', '0.8125', '0.8250', '0.8266', '0.8031', '0.8422', '0.8594', '0.8859', '0.8781', '0.8734', '0.8844', '0.8703', '0.8594', '0.8687', '0.8625', '0.8734', '0.8922', '0.8672', '0.8938', '0.8766', '0.8828', '0.8938', '0.8891', '0.8938', '0.8875', '0.9141', '0.8891', '0.8875', '0.8938', '0.9000', '0.9250', '0.9156', '0.9156', '0.9312', '0.9109', '0.9203', '0.9109', '0.9250', '0.9141', '0.9266', '0.9281', '0.9250', '0.9250', '0.9203', '0.9250', '0.9203', '0.9219', '0.9141', '0.9156', '0.9125', '0.9312', '0.9203', '0.9375', '0.9141', '0.9234', '0.9344', '0.9281', '0.9297', '0.9297', '0.9125', '0.9266', '0.9234', '0.9250', '0.9328', '0.9312', '0.9266', '0.9281', '0.9187', '0.9328', '0.9359', '0.9281', '0.9328', '0.9234', '0.9375', '0.9297', '0.9422', '0.9312', '0.9359', '0.9297', '0.9281', '0.9359', '0.9312', '0.9266', '0.9281', '0.9328', '0.9391', '0.9391', '0.9281', '0.9344', '0.9312', '0.9281', '0.9312', '0.9328', '0.9391', '0.9438', '0.9406', '0.9328', '0.9328', '0.9359', '0.9422', '0.9438', '0.9328', '0.9250', '0.9219', '0.9250', '0.9375', '0.9375', '0.9328', '0.9203', '0.9328', '0.9375', '0.9312', '0.9391', '0.9375', '0.9312', '0.9328', '0.9406', '0.9438', '0.9391']
INFO:__main__:****************************************************************************************************
INFO:__main__: epoch0 测试test_Loss: 0.3205  test_ACC: 0.9360  
INFO:__main__:SENS: 0.9385 SPEC: 0.9343 PPV: 0.9037 NPV: 0.9585 F1:0.9208
INFO:__main__:test_Best_acc:0.9360
INFO:__main__:flops:7428500800.0  params:54952437.0
