INFO:__main__:
【train】epoch:0/150 loss:0.6348 acc:0.6454
INFO:__main__:
【val】epoch:0/150 loss:0.5530 acc:0.7017
INFO:__main__:
【Val】:  SENS: 0.6341  SPEC: 0.7571  PPV: 0.6814  NPV: 0.7164
INFO:__main__:验证的best_acc:0.7017
INFO:__main__:----------------------------------------------------------------------------------------------------
INFO:__main__:
【train】epoch:1/150 loss:0.4961 acc:0.7697
INFO:__main__:
【val】epoch:1/150 loss:0.4938 acc:0.7642
INFO:__main__:
【Val】:  SENS: 0.7035  SPEC: 0.8140  PPV: 0.7559  NPV: 0.7702
INFO:__main__:验证的best_acc:0.7642
INFO:__main__:----------------------------------------------------------------------------------------------------
INFO:__main__:
【train】epoch:2/150 loss:0.4444 acc:0.7963
INFO:__main__:
【val】epoch:2/150 loss:0.4395 acc:0.7841
INFO:__main__:
【Val】:  SENS: 0.6593  SPEC: 0.8863  PPV: 0.8261  NPV: 0.7605
INFO:__main__:验证的best_acc:0.7841
INFO:__main__:----------------------------------------------------------------------------------------------------
INFO:__main__:
【train】epoch:3/150 loss:0.4070 acc:0.8155
INFO:__main__:
【val】epoch:3/150 loss:0.4954 acc:0.7429
INFO:__main__:
【Val】:  SENS: 0.4606  SPEC: 0.9742  PPV: 0.9359  NPV: 0.6880
INFO:__main__:验证的best_acc:0.7841
INFO:__main__:----------------------------------------------------------------------------------------------------
INFO:__main__:
【train】epoch:4/150 loss:0.3920 acc:0.8261
INFO:__main__:
【val】epoch:4/150 loss:0.4072 acc:0.8168
INFO:__main__:
【Val】:  SENS: 0.7129  SPEC: 0.9018  PPV: 0.8561  NPV: 0.7932
INFO:__main__:验证的best_acc:0.8168
INFO:__main__:----------------------------------------------------------------------------------------------------
INFO:__main__:
【train】epoch:5/150 loss:0.3763 acc:0.8336
INFO:__main__:
【val】epoch:5/150 loss:0.4339 acc:0.7983
INFO:__main__:
【Val】:  SENS: 0.7792  SPEC: 0.8140  PPV: 0.7743  NPV: 0.8182
INFO:__main__:验证的best_acc:0.8168
INFO:__main__:----------------------------------------------------------------------------------------------------
INFO:__main__:
【train】epoch:6/150 loss:0.3718 acc:0.8422
INFO:__main__:
【val】epoch:6/150 loss:0.4412 acc:0.8054
INFO:__main__:
【Val】:  SENS: 0.7066  SPEC: 0.8863  PPV: 0.8358  NPV: 0.7867
INFO:__main__:验证的best_acc:0.8168
INFO:__main__:----------------------------------------------------------------------------------------------------
INFO:__main__:
【train】epoch:7/150 loss:0.3610 acc:0.8425
INFO:__main__:
【val】epoch:7/150 loss:0.3933 acc:0.8139
INFO:__main__:
【Val】:  SENS: 0.9054  SPEC: 0.7390  PPV: 0.7397  NPV: 0.9051
INFO:__main__:验证的best_acc:0.8168
INFO:__main__:----------------------------------------------------------------------------------------------------
INFO:__main__:
【train】epoch:8/150 loss:0.3563 acc:0.8478
INFO:__main__:
【val】epoch:8/150 loss:0.4013 acc:0.8168
INFO:__main__:
【Val】:  SENS: 0.8707  SPEC: 0.7726  PPV: 0.7582  NPV: 0.8794
INFO:__main__:验证的best_acc:0.8168
INFO:__main__:----------------------------------------------------------------------------------------------------
INFO:__main__:
【train】epoch:9/150 loss:0.3397 acc:0.8579
INFO:__main__:
【val】epoch:9/150 loss:0.4502 acc:0.8196
INFO:__main__:
【Val】:  SENS: 0.8675  SPEC: 0.7804  PPV: 0.7639  NPV: 0.8779
INFO:__main__:验证的best_acc:0.8196
INFO:__main__:----------------------------------------------------------------------------------------------------
INFO:__main__:
【train】epoch:10/150 loss:0.3324 acc:0.8616
INFO:__main__:
【val】epoch:10/150 loss:0.4809 acc:0.7997
INFO:__main__:
【Val】:  SENS: 0.9306  SPEC: 0.6925  PPV: 0.7126  NPV: 0.9241
INFO:__main__:验证的best_acc:0.8196
INFO:__main__:----------------------------------------------------------------------------------------------------
INFO:__main__:
【train】epoch:11/150 loss:0.3298 acc:0.8589
INFO:__main__:
【val】epoch:11/150 loss:0.4269 acc:0.8366
INFO:__main__:
【Val】:  SENS: 0.9180  SPEC: 0.7700  PPV: 0.7658  NPV: 0.9198
INFO:__main__:验证的best_acc:0.8366
INFO:__main__:----------------------------------------------------------------------------------------------------
INFO:__main__:
【train】epoch:12/150 loss:0.3207 acc:0.8614
INFO:__main__:
【val】epoch:12/150 loss:0.4094 acc:0.8239
INFO:__main__:
【Val】:  SENS: 0.9180  SPEC: 0.7468  PPV: 0.7481  NPV: 0.9175
INFO:__main__:验证的best_acc:0.8366
INFO:__main__:----------------------------------------------------------------------------------------------------
INFO:__main__:
【train】epoch:13/150 loss:0.3126 acc:0.8687
INFO:__main__:
【val】epoch:13/150 loss:0.4015 acc:0.8381
INFO:__main__:
【Val】:  SENS: 0.9117  SPEC: 0.7778  PPV: 0.7707  NPV: 0.9149
INFO:__main__:验证的best_acc:0.8381
INFO:__main__:----------------------------------------------------------------------------------------------------
INFO:__main__:
【train】epoch:14/150 loss:0.3125 acc:0.8668
INFO:__main__:
【val】epoch:14/150 loss:0.3849 acc:0.8324
INFO:__main__:
【Val】:  SENS: 0.8896  SPEC: 0.7855  PPV: 0.7726  NPV: 0.8968
INFO:__main__:验证的best_acc:0.8381
INFO:__main__:----------------------------------------------------------------------------------------------------
INFO:__main__:
【train】epoch:15/150 loss:0.3005 acc:0.8741
INFO:__main__:
【val】epoch:15/150 loss:0.3675 acc:0.8409
INFO:__main__:
【Val】:  SENS: 0.8265  SPEC: 0.8527  PPV: 0.8213  NPV: 0.8571
INFO:__main__:验证的best_acc:0.8409
INFO:__main__:----------------------------------------------------------------------------------------------------
INFO:__main__:
【train】epoch:16/150 loss:0.3024 acc:0.8722
INFO:__main__:
【val】epoch:16/150 loss:0.4067 acc:0.8366
INFO:__main__:
【Val】:  SENS: 0.8423  SPEC: 0.8320  PPV: 0.8042  NPV: 0.8656
INFO:__main__:验证的best_acc:0.8409
INFO:__main__:----------------------------------------------------------------------------------------------------
INFO:__main__:
【train】epoch:17/150 loss:0.2942 acc:0.8764
INFO:__main__:
【val】epoch:17/150 loss:0.3813 acc:0.8295
INFO:__main__:
【Val】:  SENS: 0.8675  SPEC: 0.7984  PPV: 0.7790  NPV: 0.8803
INFO:__main__:验证的best_acc:0.8409
INFO:__main__:----------------------------------------------------------------------------------------------------
INFO:__main__:
【train】epoch:18/150 loss:0.2884 acc:0.8839
INFO:__main__:
【val】epoch:18/150 loss:0.3798 acc:0.8366
INFO:__main__:
【Val】:  SENS: 0.8896  SPEC: 0.7933  PPV: 0.7790  NPV: 0.8977
INFO:__main__:验证的best_acc:0.8409
INFO:__main__:----------------------------------------------------------------------------------------------------
INFO:__main__:
【train】epoch:19/150 loss:0.2807 acc:0.8820
INFO:__main__:
【val】epoch:19/150 loss:0.3811 acc:0.8196
INFO:__main__:
【Val】:  SENS: 0.7918  SPEC: 0.8424  PPV: 0.8045  NPV: 0.8316
INFO:__main__:验证的best_acc:0.8409
INFO:__main__:----------------------------------------------------------------------------------------------------
INFO:__main__:
【train】epoch:20/150 loss:0.2688 acc:0.8886
INFO:__main__:
【val】epoch:20/150 loss:0.4096 acc:0.8210
INFO:__main__:
【Val】:  SENS: 0.8486  SPEC: 0.7984  PPV: 0.7752  NPV: 0.8655
INFO:__main__:验证的best_acc:0.8409
INFO:__main__:----------------------------------------------------------------------------------------------------
INFO:__main__:
【train】epoch:21/150 loss:0.2747 acc:0.8891
INFO:__main__:
【val】epoch:21/150 loss:0.3430 acc:0.8423
INFO:__main__:
【Val】:  SENS: 0.8549  SPEC: 0.8320  PPV: 0.8065  NPV: 0.8750
INFO:__main__:验证的best_acc:0.8423
INFO:__main__:----------------------------------------------------------------------------------------------------
INFO:__main__:
【train】epoch:22/150 loss:0.2668 acc:0.8870
INFO:__main__:
【val】epoch:22/150 loss:0.3509 acc:0.8409
INFO:__main__:
【Val】:  SENS: 0.8549  SPEC: 0.8295  PPV: 0.8042  NPV: 0.8747
INFO:__main__:验证的best_acc:0.8423
INFO:__main__:----------------------------------------------------------------------------------------------------
INFO:__main__:
【train】epoch:23/150 loss:0.2562 acc:0.8909
INFO:__main__:
【val】epoch:23/150 loss:0.3587 acc:0.8551
INFO:__main__:
【Val】:  SENS: 0.7950  SPEC: 0.9044  PPV: 0.8720  NPV: 0.8434
INFO:__main__:验证的best_acc:0.8551
INFO:__main__:----------------------------------------------------------------------------------------------------
INFO:__main__:
【train】epoch:24/150 loss:0.2584 acc:0.8944
INFO:__main__:
【val】epoch:24/150 loss:0.3767 acc:0.8523
INFO:__main__:
【Val】:  SENS: 0.8612  SPEC: 0.8450  PPV: 0.8198  NPV: 0.8814
INFO:__main__:验证的best_acc:0.8551
INFO:__main__:----------------------------------------------------------------------------------------------------
INFO:__main__:
【train】epoch:25/150 loss:0.2544 acc:0.8947
INFO:__main__:
【val】epoch:25/150 loss:0.3651 acc:0.8438
INFO:__main__:
【Val】:  SENS: 0.8801  SPEC: 0.8140  PPV: 0.7949  NPV: 0.8924
INFO:__main__:验证的best_acc:0.8551
INFO:__main__:----------------------------------------------------------------------------------------------------
INFO:__main__:
【train】epoch:26/150 loss:0.2603 acc:0.8888
INFO:__main__:
【val】epoch:26/150 loss:0.3651 acc:0.8381
INFO:__main__:
【Val】:  SENS: 0.8328  SPEC: 0.8424  PPV: 0.8123  NPV: 0.8602
INFO:__main__:验证的best_acc:0.8551
INFO:__main__:----------------------------------------------------------------------------------------------------
INFO:__main__:
【train】epoch:27/150 loss:0.2457 acc:0.9003
INFO:__main__:
【val】epoch:27/150 loss:0.4744 acc:0.8111
INFO:__main__:
【Val】:  SENS: 0.6877  SPEC: 0.9121  PPV: 0.8651  NPV: 0.7810
INFO:__main__:验证的best_acc:0.8551
INFO:__main__:----------------------------------------------------------------------------------------------------
INFO:__main__:
【train】epoch:28/150 loss:0.2452 acc:0.8991
INFO:__main__:
【val】epoch:28/150 loss:0.3648 acc:0.8338
INFO:__main__:
【Val】:  SENS: 0.7729  SPEC: 0.8837  PPV: 0.8448  NPV: 0.8261
INFO:__main__:验证的best_acc:0.8551
INFO:__main__:----------------------------------------------------------------------------------------------------
INFO:__main__:
【train】epoch:29/150 loss:0.2340 acc:0.9047
INFO:__main__:
【val】epoch:29/150 loss:0.4092 acc:0.8509
INFO:__main__:
【Val】:  SENS: 0.8927  SPEC: 0.8165  PPV: 0.7994  NPV: 0.9029
INFO:__main__:验证的best_acc:0.8551
INFO:__main__:----------------------------------------------------------------------------------------------------
INFO:__main__:
【train】epoch:30/150 loss:0.2280 acc:0.9101
INFO:__main__:
【val】epoch:30/150 loss:0.3687 acc:0.8565
INFO:__main__:
【Val】:  SENS: 0.8738  SPEC: 0.8424  PPV: 0.8195  NPV: 0.8907
INFO:__main__:验证的best_acc:0.8565
INFO:__main__:----------------------------------------------------------------------------------------------------
INFO:__main__:
【train】epoch:31/150 loss:0.2210 acc:0.9069
INFO:__main__:
【val】epoch:31/150 loss:0.3721 acc:0.8494
INFO:__main__:
【Val】:  SENS: 0.7729  SPEC: 0.9121  PPV: 0.8781  NPV: 0.8306
INFO:__main__:验证的best_acc:0.8565
INFO:__main__:----------------------------------------------------------------------------------------------------
INFO:__main__:
【train】epoch:32/150 loss:0.2200 acc:0.9155
INFO:__main__:
【val】epoch:32/150 loss:0.4164 acc:0.8267
INFO:__main__:
【Val】:  SENS: 0.7445  SPEC: 0.8941  PPV: 0.8520  NPV: 0.8103
INFO:__main__:验证的best_acc:0.8565
INFO:__main__:----------------------------------------------------------------------------------------------------
INFO:__main__:
【train】epoch:33/150 loss:0.2278 acc:0.9085
INFO:__main__:
【val】epoch:33/150 loss:0.3785 acc:0.8438
INFO:__main__:
【Val】:  SENS: 0.7886  SPEC: 0.8889  PPV: 0.8532  NPV: 0.8370
INFO:__main__:验证的best_acc:0.8565
INFO:__main__:----------------------------------------------------------------------------------------------------
INFO:__main__:
【train】epoch:34/150 loss:0.2116 acc:0.9197
INFO:__main__:
【val】epoch:34/150 loss:0.4144 acc:0.8381
INFO:__main__:
【Val】:  SENS: 0.7918  SPEC: 0.8760  PPV: 0.8395  NPV: 0.8370
INFO:__main__:验证的best_acc:0.8565
INFO:__main__:----------------------------------------------------------------------------------------------------
INFO:__main__:
【train】epoch:35/150 loss:0.2117 acc:0.9138
INFO:__main__:
【val】epoch:35/150 loss:0.3805 acc:0.8651
INFO:__main__:
【Val】:  SENS: 0.8896  SPEC: 0.8450  PPV: 0.8246  NPV: 0.9033
INFO:__main__:验证的best_acc:0.8651
INFO:__main__:----------------------------------------------------------------------------------------------------
INFO:__main__:
【train】epoch:36/150 loss:0.2108 acc:0.9171
INFO:__main__:
【val】epoch:36/150 loss:0.3330 acc:0.8537
INFO:__main__:
【Val】:  SENS: 0.8391  SPEC: 0.8656  PPV: 0.8365  NPV: 0.8679
INFO:__main__:验证的best_acc:0.8651
INFO:__main__:----------------------------------------------------------------------------------------------------
INFO:__main__:
【train】epoch:37/150 loss:0.2063 acc:0.9169
INFO:__main__:
【val】epoch:37/150 loss:0.4048 acc:0.8523
INFO:__main__:
【Val】:  SENS: 0.8391  SPEC: 0.8630  PPV: 0.8339  NPV: 0.8675
INFO:__main__:验证的best_acc:0.8651
INFO:__main__:----------------------------------------------------------------------------------------------------
INFO:__main__:
【train】epoch:38/150 loss:0.1955 acc:0.9228
INFO:__main__:
【val】epoch:38/150 loss:0.3483 acc:0.8651
INFO:__main__:
【Val】:  SENS: 0.8738  SPEC: 0.8579  PPV: 0.8343  NPV: 0.8925
INFO:__main__:验证的best_acc:0.8651
INFO:__main__:----------------------------------------------------------------------------------------------------
INFO:__main__:
【train】epoch:39/150 loss:0.1872 acc:0.9279
INFO:__main__:
【val】epoch:39/150 loss:0.4061 acc:0.8509
INFO:__main__:
【Val】:  SENS: 0.8139  SPEC: 0.8811  PPV: 0.8487  NPV: 0.8525
INFO:__main__:验证的best_acc:0.8651
INFO:__main__:----------------------------------------------------------------------------------------------------
INFO:__main__:
【train】epoch:40/150 loss:0.1890 acc:0.9269
INFO:__main__:
【val】epoch:40/150 loss:0.3973 acc:0.8523
INFO:__main__:
【Val】:  SENS: 0.8202  SPEC: 0.8786  PPV: 0.8469  NPV: 0.8564
INFO:__main__:验证的best_acc:0.8651
INFO:__main__:----------------------------------------------------------------------------------------------------
INFO:__main__:
【train】epoch:41/150 loss:0.1764 acc:0.9270
INFO:__main__:
【val】epoch:41/150 loss:0.3910 acc:0.8494
INFO:__main__:
【Val】:  SENS: 0.7950  SPEC: 0.8941  PPV: 0.8601  NPV: 0.8418
INFO:__main__:验证的best_acc:0.8651
INFO:__main__:----------------------------------------------------------------------------------------------------
INFO:__main__:
【train】epoch:42/150 loss:0.1746 acc:0.9303
INFO:__main__:
【val】epoch:42/150 loss:0.4148 acc:0.8494
INFO:__main__:
【Val】:  SENS: 0.8076  SPEC: 0.8837  PPV: 0.8505  NPV: 0.8486
INFO:__main__:验证的best_acc:0.8651
INFO:__main__:----------------------------------------------------------------------------------------------------
INFO:__main__:
【train】epoch:43/150 loss:0.1808 acc:0.9263
INFO:__main__:
【val】epoch:43/150 loss:0.3925 acc:0.8636
INFO:__main__:
【Val】:  SENS: 0.8549  SPEC: 0.8708  PPV: 0.8442  NPV: 0.8799
INFO:__main__:验证的best_acc:0.8651
INFO:__main__:----------------------------------------------------------------------------------------------------
INFO:__main__:
【train】epoch:44/150 loss:0.1736 acc:0.9314
INFO:__main__:
【val】epoch:44/150 loss:0.4304 acc:0.8494
INFO:__main__:
【Val】:  SENS: 0.8423  SPEC: 0.8553  PPV: 0.8266  NPV: 0.8688
INFO:__main__:验证的best_acc:0.8651
INFO:__main__:----------------------------------------------------------------------------------------------------
INFO:__main__:
【train】epoch:45/150 loss:0.1646 acc:0.9413
INFO:__main__:
【val】epoch:45/150 loss:0.4297 acc:0.8537
INFO:__main__:
【Val】:  SENS: 0.8265  SPEC: 0.8760  PPV: 0.8452  NPV: 0.8604
INFO:__main__:验证的best_acc:0.8651
INFO:__main__:----------------------------------------------------------------------------------------------------
INFO:__main__:
【train】epoch:46/150 loss:0.1693 acc:0.9326
INFO:__main__:
【val】epoch:46/150 loss:0.4592 acc:0.8452
INFO:__main__:
【Val】:  SENS: 0.8580  SPEC: 0.8346  PPV: 0.8095  NPV: 0.8777
INFO:__main__:验证的best_acc:0.8651
INFO:__main__:----------------------------------------------------------------------------------------------------
INFO:__main__:
【train】epoch:47/150 loss:0.1650 acc:0.9351
INFO:__main__:
【val】epoch:47/150 loss:0.4006 acc:0.8480
INFO:__main__:
【Val】:  SENS: 0.7634  SPEC: 0.9173  PPV: 0.8832  NPV: 0.8256
INFO:__main__:验证的best_acc:0.8651
INFO:__main__:----------------------------------------------------------------------------------------------------
INFO:__main__:
【train】epoch:48/150 loss:0.1600 acc:0.9372
INFO:__main__:
【val】epoch:48/150 loss:0.4270 acc:0.8537
INFO:__main__:
【Val】:  SENS: 0.8328  SPEC: 0.8708  PPV: 0.8408  NPV: 0.8641
INFO:__main__:验证的best_acc:0.8651
INFO:__main__:----------------------------------------------------------------------------------------------------
INFO:__main__:
【train】epoch:49/150 loss:0.1505 acc:0.9392
INFO:__main__:
【val】epoch:49/150 loss:0.4010 acc:0.8722
INFO:__main__:
【Val】:  SENS: 0.8833  SPEC: 0.8630  PPV: 0.8408  NPV: 0.9003
INFO:__main__:验证的best_acc:0.8722
INFO:__main__:----------------------------------------------------------------------------------------------------
INFO:__main__:
【train】epoch:50/150 loss:0.1516 acc:0.9426
INFO:__main__:
【val】epoch:50/150 loss:0.4041 acc:0.8622
INFO:__main__:
【Val】:  SENS: 0.8454  SPEC: 0.8760  PPV: 0.8481  NPV: 0.8737
INFO:__main__:验证的best_acc:0.8722
INFO:__main__:----------------------------------------------------------------------------------------------------
INFO:__main__:
【train】epoch:51/150 loss:0.1416 acc:0.9434
INFO:__main__:
【val】epoch:51/150 loss:0.4406 acc:0.8622
INFO:__main__:
【Val】:  SENS: 0.8391  SPEC: 0.8811  PPV: 0.8526  NPV: 0.8699
INFO:__main__:验证的best_acc:0.8722
INFO:__main__:----------------------------------------------------------------------------------------------------
INFO:__main__:
【train】epoch:52/150 loss:0.1406 acc:0.9485
INFO:__main__:
【val】epoch:52/150 loss:0.4158 acc:0.8636
INFO:__main__:
【Val】:  SENS: 0.8297  SPEC: 0.8915  PPV: 0.8623  NPV: 0.8647
INFO:__main__:验证的best_acc:0.8722
INFO:__main__:----------------------------------------------------------------------------------------------------
INFO:__main__:
【train】epoch:53/150 loss:0.1438 acc:0.9426
INFO:__main__:
【val】epoch:53/150 loss:0.3757 acc:0.8622
INFO:__main__:
【Val】:  SENS: 0.8454  SPEC: 0.8760  PPV: 0.8481  NPV: 0.8737
INFO:__main__:验证的best_acc:0.8722
INFO:__main__:----------------------------------------------------------------------------------------------------
INFO:__main__:
【train】epoch:54/150 loss:0.1381 acc:0.9468
INFO:__main__:
【val】epoch:54/150 loss:0.3705 acc:0.8878
INFO:__main__:
【Val】:  SENS: 0.8580  SPEC: 0.9121  PPV: 0.8889  NPV: 0.8869
INFO:__main__:验证的best_acc:0.8878
INFO:__main__:----------------------------------------------------------------------------------------------------
INFO:__main__:
【train】epoch:55/150 loss:0.1337 acc:0.9445
INFO:__main__:
【val】epoch:55/150 loss:0.4049 acc:0.8608
INFO:__main__:
【Val】:  SENS: 0.8454  SPEC: 0.8734  PPV: 0.8454  NPV: 0.8734
INFO:__main__:验证的best_acc:0.8878
INFO:__main__:----------------------------------------------------------------------------------------------------
INFO:__main__:
【train】epoch:56/150 loss:0.1278 acc:0.9513
INFO:__main__:
【val】epoch:56/150 loss:0.4416 acc:0.8565
INFO:__main__:
【Val】:  SENS: 0.8044  SPEC: 0.8992  PPV: 0.8673  NPV: 0.8488
INFO:__main__:验证的best_acc:0.8878
INFO:__main__:----------------------------------------------------------------------------------------------------
INFO:__main__:
【train】epoch:57/150 loss:0.1441 acc:0.9389
INFO:__main__:
【val】epoch:57/150 loss:0.4246 acc:0.8480
INFO:__main__:
【Val】:  SENS: 0.7886  SPEC: 0.8966  PPV: 0.8621  NPV: 0.8382
INFO:__main__:验证的best_acc:0.8878
INFO:__main__:----------------------------------------------------------------------------------------------------
INFO:__main__:
【train】epoch:58/150 loss:0.1291 acc:0.9515
INFO:__main__:
【val】epoch:58/150 loss:0.4538 acc:0.8594
INFO:__main__:
【Val】:  SENS: 0.8360  SPEC: 0.8786  PPV: 0.8494  NPV: 0.8673
INFO:__main__:验证的best_acc:0.8878
INFO:__main__:----------------------------------------------------------------------------------------------------
INFO:__main__:
【train】epoch:59/150 loss:0.1322 acc:0.9487
INFO:__main__:
【val】epoch:59/150 loss:0.4502 acc:0.8551
INFO:__main__:
【Val】:  SENS: 0.8233  SPEC: 0.8811  PPV: 0.8502  NPV: 0.8589
INFO:__main__:验证的best_acc:0.8878
INFO:__main__:----------------------------------------------------------------------------------------------------
INFO:__main__:
【train】epoch:60/150 loss:0.1224 acc:0.9557
INFO:__main__:
【val】epoch:60/150 loss:0.3960 acc:0.8622
INFO:__main__:
【Val】:  SENS: 0.8233  SPEC: 0.8941  PPV: 0.8642  NPV: 0.8607
INFO:__main__:验证的best_acc:0.8878
INFO:__main__:----------------------------------------------------------------------------------------------------
INFO:__main__:
【train】epoch:61/150 loss:0.1149 acc:0.9555
INFO:__main__:
【val】epoch:61/150 loss:0.4726 acc:0.8764
INFO:__main__:
【Val】:  SENS: 0.8675  SPEC: 0.8837  PPV: 0.8594  NPV: 0.8906
INFO:__main__:验证的best_acc:0.8878
INFO:__main__:----------------------------------------------------------------------------------------------------
INFO:__main__:
【train】epoch:62/150 loss:0.1165 acc:0.9530
INFO:__main__:
【val】epoch:62/150 loss:0.4504 acc:0.8551
INFO:__main__:
【Val】:  SENS: 0.7729  SPEC: 0.9225  PPV: 0.8909  NPV: 0.8322
INFO:__main__:验证的best_acc:0.8878
INFO:__main__:----------------------------------------------------------------------------------------------------
INFO:__main__:
【train】epoch:63/150 loss:0.1183 acc:0.9527
INFO:__main__:
【val】epoch:63/150 loss:0.3815 acc:0.8835
INFO:__main__:
【Val】:  SENS: 0.8580  SPEC: 0.9044  PPV: 0.8803  NPV: 0.8861
INFO:__main__:验证的best_acc:0.8878
INFO:__main__:----------------------------------------------------------------------------------------------------
INFO:__main__:
【train】epoch:64/150 loss:0.1201 acc:0.9504
INFO:__main__:
【val】epoch:64/150 loss:0.4530 acc:0.8651
INFO:__main__:
【Val】:  SENS: 0.8454  SPEC: 0.8811  PPV: 0.8535  NPV: 0.8744
INFO:__main__:验证的best_acc:0.8878
INFO:__main__:----------------------------------------------------------------------------------------------------
INFO:__main__:
【train】epoch:65/150 loss:0.1145 acc:0.9555
INFO:__main__:
【val】epoch:65/150 loss:0.4766 acc:0.8693
INFO:__main__:
【Val】:  SENS: 0.8707  SPEC: 0.8682  PPV: 0.8440  NPV: 0.8912
INFO:__main__:验证的best_acc:0.8878
INFO:__main__:----------------------------------------------------------------------------------------------------
INFO:__main__:
【train】epoch:66/150 loss:0.1082 acc:0.9598
INFO:__main__:
【val】epoch:66/150 loss:0.4689 acc:0.8551
INFO:__main__:
【Val】:  SENS: 0.8580  SPEC: 0.8527  PPV: 0.8267  NPV: 0.8800
INFO:__main__:验证的best_acc:0.8878
INFO:__main__:----------------------------------------------------------------------------------------------------
INFO:__main__:
【train】epoch:67/150 loss:0.1122 acc:0.9569
INFO:__main__:
【val】epoch:67/150 loss:0.4484 acc:0.8565
INFO:__main__:
【Val】:  SENS: 0.8549  SPEC: 0.8579  PPV: 0.8313  NPV: 0.8783
INFO:__main__:验证的best_acc:0.8878
INFO:__main__:----------------------------------------------------------------------------------------------------
INFO:__main__:
【train】epoch:68/150 loss:0.1090 acc:0.9586
INFO:__main__:
【val】epoch:68/150 loss:0.4722 acc:0.8622
INFO:__main__:
【Val】:  SENS: 0.8770  SPEC: 0.8501  PPV: 0.8274  NPV: 0.8940
INFO:__main__:验证的best_acc:0.8878
INFO:__main__:----------------------------------------------------------------------------------------------------
INFO:__main__:
【train】epoch:69/150 loss:0.0994 acc:0.9619
INFO:__main__:
【val】epoch:69/150 loss:0.4423 acc:0.8665
INFO:__main__:
【Val】:  SENS: 0.8612  SPEC: 0.8708  PPV: 0.8452  NPV: 0.8845
INFO:__main__:验证的best_acc:0.8878
INFO:__main__:----------------------------------------------------------------------------------------------------
INFO:__main__:
【train】epoch:70/150 loss:0.1013 acc:0.9597
INFO:__main__:
【val】epoch:70/150 loss:0.4264 acc:0.8736
INFO:__main__:
【Val】:  SENS: 0.8644  SPEC: 0.8811  PPV: 0.8562  NPV: 0.8880
INFO:__main__:验证的best_acc:0.8878
INFO:__main__:----------------------------------------------------------------------------------------------------
INFO:__main__:
【train】epoch:71/150 loss:0.0879 acc:0.9694
INFO:__main__:
【val】epoch:71/150 loss:0.4635 acc:0.8736
INFO:__main__:
【Val】:  SENS: 0.8644  SPEC: 0.8811  PPV: 0.8562  NPV: 0.8880
INFO:__main__:验证的best_acc:0.8878
INFO:__main__:----------------------------------------------------------------------------------------------------
INFO:__main__:
【train】epoch:72/150 loss:0.0825 acc:0.9661
INFO:__main__:
【val】epoch:72/150 loss:0.4741 acc:0.8736
INFO:__main__:
【Val】:  SENS: 0.8360  SPEC: 0.9044  PPV: 0.8775  NPV: 0.8706
INFO:__main__:验证的best_acc:0.8878
INFO:__main__:----------------------------------------------------------------------------------------------------
INFO:__main__:
【train】epoch:73/150 loss:0.0963 acc:0.9644
INFO:__main__:
【val】epoch:73/150 loss:0.4406 acc:0.8736
INFO:__main__:
【Val】:  SENS: 0.8896  SPEC: 0.8605  PPV: 0.8393  NPV: 0.9049
INFO:__main__:验证的best_acc:0.8878
INFO:__main__:----------------------------------------------------------------------------------------------------
INFO:__main__:
【train】epoch:74/150 loss:0.0839 acc:0.9654
INFO:__main__:
【val】epoch:74/150 loss:0.5541 acc:0.8537
INFO:__main__:
【Val】:  SENS: 0.8549  SPEC: 0.8527  PPV: 0.8262  NPV: 0.8777
INFO:__main__:验证的best_acc:0.8878
INFO:__main__:----------------------------------------------------------------------------------------------------
INFO:__main__:
【train】epoch:75/150 loss:0.0922 acc:0.9656
INFO:__main__:
【val】epoch:75/150 loss:0.4946 acc:0.8651
INFO:__main__:
【Val】:  SENS: 0.8486  SPEC: 0.8786  PPV: 0.8513  NPV: 0.8763
INFO:__main__:验证的best_acc:0.8878
INFO:__main__:----------------------------------------------------------------------------------------------------
INFO:__main__:
【train】epoch:76/150 loss:0.0923 acc:0.9653
INFO:__main__:
【val】epoch:76/150 loss:0.5018 acc:0.8509
INFO:__main__:
【Val】:  SENS: 0.8486  SPEC: 0.8527  PPV: 0.8252  NPV: 0.8730
INFO:__main__:验证的best_acc:0.8878
INFO:__main__:----------------------------------------------------------------------------------------------------
INFO:__main__:
【train】epoch:77/150 loss:0.0942 acc:0.9612
INFO:__main__:
【val】epoch:77/150 loss:0.4897 acc:0.8693
INFO:__main__:
【Val】:  SENS: 0.9022  SPEC: 0.8424  PPV: 0.8242  NPV: 0.9132
INFO:__main__:验证的best_acc:0.8878
INFO:__main__:----------------------------------------------------------------------------------------------------
INFO:__main__:
【train】epoch:78/150 loss:0.0845 acc:0.9688
INFO:__main__:
【val】epoch:78/150 loss:0.5197 acc:0.8551
INFO:__main__:
【Val】:  SENS: 0.7918  SPEC: 0.9070  PPV: 0.8746  NPV: 0.8417
INFO:__main__:验证的best_acc:0.8878
INFO:__main__:----------------------------------------------------------------------------------------------------
INFO:__main__:
【train】epoch:79/150 loss:0.0745 acc:0.9714
INFO:__main__:
【val】epoch:79/150 loss:0.5261 acc:0.8736
INFO:__main__:
【Val】:  SENS: 0.8959  SPEC: 0.8553  PPV: 0.8353  NPV: 0.9093
INFO:__main__:验证的best_acc:0.8878
INFO:__main__:----------------------------------------------------------------------------------------------------
INFO:__main__:
【train】epoch:80/150 loss:0.0768 acc:0.9701
INFO:__main__:
【val】epoch:80/150 loss:0.4957 acc:0.8736
INFO:__main__:
【Val】:  SENS: 0.8644  SPEC: 0.8811  PPV: 0.8562  NPV: 0.8880
INFO:__main__:验证的best_acc:0.8878
INFO:__main__:----------------------------------------------------------------------------------------------------
INFO:__main__:
【train】epoch:81/150 loss:0.0776 acc:0.9694
INFO:__main__:
【val】epoch:81/150 loss:0.5577 acc:0.8636
INFO:__main__:
【Val】:  SENS: 0.9148  SPEC: 0.8217  PPV: 0.8078  NPV: 0.9217
INFO:__main__:验证的best_acc:0.8878
INFO:__main__:----------------------------------------------------------------------------------------------------
INFO:__main__:
【train】epoch:82/150 loss:0.0696 acc:0.9729
INFO:__main__:
【val】epoch:82/150 loss:0.5124 acc:0.8778
INFO:__main__:
【Val】:  SENS: 0.8864  SPEC: 0.8708  PPV: 0.8489  NPV: 0.9035
INFO:__main__:验证的best_acc:0.8878
INFO:__main__:----------------------------------------------------------------------------------------------------
INFO:__main__:
【train】epoch:83/150 loss:0.0737 acc:0.9715
INFO:__main__:
【val】epoch:83/150 loss:0.5152 acc:0.8651
INFO:__main__:
【Val】:  SENS: 0.8770  SPEC: 0.8553  PPV: 0.8323  NPV: 0.8946
INFO:__main__:验证的best_acc:0.8878
INFO:__main__:----------------------------------------------------------------------------------------------------
INFO:__main__:
【train】epoch:84/150 loss:0.0708 acc:0.9721
INFO:__main__:
【val】epoch:84/150 loss:0.5351 acc:0.8651
INFO:__main__:
【Val】:  SENS: 0.9054  SPEC: 0.8320  PPV: 0.8153  NPV: 0.9148
INFO:__main__:验证的best_acc:0.8878
INFO:__main__:----------------------------------------------------------------------------------------------------
INFO:__main__:
【train】epoch:85/150 loss:0.0723 acc:0.9714
INFO:__main__:
【val】epoch:85/150 loss:0.5448 acc:0.8651
INFO:__main__:
【Val】:  SENS: 0.8644  SPEC: 0.8656  PPV: 0.8405  NPV: 0.8862
INFO:__main__:验证的best_acc:0.8878
INFO:__main__:----------------------------------------------------------------------------------------------------
INFO:__main__:
【train】epoch:86/150 loss:0.0747 acc:0.9688
INFO:__main__:
【val】epoch:86/150 loss:0.4769 acc:0.8849
INFO:__main__:
【Val】:  SENS: 0.8864  SPEC: 0.8837  PPV: 0.8620  NPV: 0.9048
INFO:__main__:验证的best_acc:0.8878
INFO:__main__:----------------------------------------------------------------------------------------------------
INFO:__main__:
【train】epoch:87/150 loss:0.0665 acc:0.9736
INFO:__main__:
【val】epoch:87/150 loss:0.5375 acc:0.8722
INFO:__main__:
【Val】:  SENS: 0.8770  SPEC: 0.8682  PPV: 0.8450  NPV: 0.8960
INFO:__main__:验证的best_acc:0.8878
INFO:__main__:----------------------------------------------------------------------------------------------------
INFO:__main__:
【train】epoch:88/150 loss:0.0640 acc:0.9789
INFO:__main__:
【val】epoch:88/150 loss:0.5313 acc:0.8707
INFO:__main__:
【Val】:  SENS: 0.8991  SPEC: 0.8475  PPV: 0.8285  NPV: 0.9111
INFO:__main__:验证的best_acc:0.8878
INFO:__main__:----------------------------------------------------------------------------------------------------
INFO:__main__:
【train】epoch:89/150 loss:0.0577 acc:0.9778
INFO:__main__:
【val】epoch:89/150 loss:0.5287 acc:0.8665
INFO:__main__:
【Val】:  SENS: 0.8864  SPEC: 0.8501  PPV: 0.8289  NPV: 0.9014
INFO:__main__:验证的best_acc:0.8878
INFO:__main__:----------------------------------------------------------------------------------------------------
INFO:__main__:
【train】epoch:90/150 loss:0.0602 acc:0.9775
INFO:__main__:
【val】epoch:90/150 loss:0.6435 acc:0.8438
INFO:__main__:
【Val】:  SENS: 0.8801  SPEC: 0.8140  PPV: 0.7949  NPV: 0.8924
INFO:__main__:验证的best_acc:0.8878
INFO:__main__:----------------------------------------------------------------------------------------------------
INFO:__main__:
【train】epoch:91/150 loss:0.0676 acc:0.9752
INFO:__main__:
【val】epoch:91/150 loss:0.5057 acc:0.8722
INFO:__main__:
【Val】:  SENS: 0.8991  SPEC: 0.8501  PPV: 0.8309  NPV: 0.9114
INFO:__main__:验证的best_acc:0.8878
INFO:__main__:----------------------------------------------------------------------------------------------------
INFO:__main__:
【train】epoch:92/150 loss:0.0579 acc:0.9775
INFO:__main__:
【val】epoch:92/150 loss:0.5430 acc:0.8679
INFO:__main__:
【Val】:  SENS: 0.8896  SPEC: 0.8501  PPV: 0.8294  NPV: 0.9038
INFO:__main__:验证的best_acc:0.8878
INFO:__main__:----------------------------------------------------------------------------------------------------
INFO:__main__:
【train】epoch:93/150 loss:0.0535 acc:0.9787
INFO:__main__:
【val】epoch:93/150 loss:0.5582 acc:0.8693
INFO:__main__:
【Val】:  SENS: 0.8896  SPEC: 0.8527  PPV: 0.8319  NPV: 0.9041
INFO:__main__:验证的best_acc:0.8878
INFO:__main__:----------------------------------------------------------------------------------------------------
INFO:__main__:
【train】epoch:94/150 loss:0.0655 acc:0.9768
INFO:__main__:
【val】epoch:94/150 loss:0.5454 acc:0.8736
INFO:__main__:
【Val】:  SENS: 0.9022  SPEC: 0.8501  PPV: 0.8314  NPV: 0.9139
INFO:__main__:验证的best_acc:0.8878
INFO:__main__:----------------------------------------------------------------------------------------------------
INFO:__main__:
【train】epoch:95/150 loss:0.0509 acc:0.9818
INFO:__main__:
【val】epoch:95/150 loss:0.6031 acc:0.8608
INFO:__main__:
【Val】:  SENS: 0.8833  SPEC: 0.8424  PPV: 0.8211  NPV: 0.8981
INFO:__main__:验证的best_acc:0.8878
INFO:__main__:----------------------------------------------------------------------------------------------------
INFO:__main__:
【train】epoch:96/150 loss:0.0510 acc:0.9803
INFO:__main__:
【val】epoch:96/150 loss:0.6165 acc:0.8622
INFO:__main__:
【Val】:  SENS: 0.8707  SPEC: 0.8553  PPV: 0.8313  NPV: 0.8898
INFO:__main__:验证的best_acc:0.8878
INFO:__main__:----------------------------------------------------------------------------------------------------
INFO:__main__:
【train】epoch:97/150 loss:0.0648 acc:0.9743
INFO:__main__:
【val】epoch:97/150 loss:0.5883 acc:0.8707
INFO:__main__:
【Val】:  SENS: 0.8959  SPEC: 0.8501  PPV: 0.8304  NPV: 0.9088
INFO:__main__:验证的best_acc:0.8878
INFO:__main__:----------------------------------------------------------------------------------------------------
INFO:__main__:
【train】epoch:98/150 loss:0.0516 acc:0.9787
INFO:__main__:
【val】epoch:98/150 loss:0.5861 acc:0.8693
INFO:__main__:
【Val】:  SENS: 0.8770  SPEC: 0.8630  PPV: 0.8399  NPV: 0.8954
INFO:__main__:验证的best_acc:0.8878
INFO:__main__:----------------------------------------------------------------------------------------------------
INFO:__main__:
【train】epoch:99/150 loss:0.0536 acc:0.9808
INFO:__main__:
【val】epoch:99/150 loss:0.5644 acc:0.8736
INFO:__main__:
【Val】:  SENS: 0.8896  SPEC: 0.8605  PPV: 0.8393  NPV: 0.9049
INFO:__main__:验证的best_acc:0.8878
INFO:__main__:----------------------------------------------------------------------------------------------------
INFO:__main__:
【train】epoch:100/150 loss:0.0478 acc:0.9810
INFO:__main__:
【val】epoch:100/150 loss:0.5670 acc:0.8693
INFO:__main__:
【Val】:  SENS: 0.8801  SPEC: 0.8605  PPV: 0.8378  NPV: 0.8976
INFO:__main__:验证的best_acc:0.8878
INFO:__main__:----------------------------------------------------------------------------------------------------
INFO:__main__:
【train】epoch:101/150 loss:0.0453 acc:0.9841
INFO:__main__:
【val】epoch:101/150 loss:0.6223 acc:0.8651
INFO:__main__:
【Val】:  SENS: 0.9117  SPEC: 0.8269  PPV: 0.8118  NPV: 0.9195
INFO:__main__:验证的best_acc:0.8878
INFO:__main__:----------------------------------------------------------------------------------------------------
INFO:__main__:
【train】epoch:102/150 loss:0.0456 acc:0.9815
INFO:__main__:
【val】epoch:102/150 loss:0.6625 acc:0.8736
INFO:__main__:
【Val】:  SENS: 0.9148  SPEC: 0.8398  PPV: 0.8239  NPV: 0.9233
INFO:__main__:验证的best_acc:0.8878
INFO:__main__:----------------------------------------------------------------------------------------------------
INFO:__main__:
【train】epoch:103/150 loss:0.0413 acc:0.9860
INFO:__main__:
【val】epoch:103/150 loss:0.6189 acc:0.8736
INFO:__main__:
【Val】:  SENS: 0.9117  SPEC: 0.8424  PPV: 0.8257  NPV: 0.9209
INFO:__main__:验证的best_acc:0.8878
INFO:__main__:----------------------------------------------------------------------------------------------------
INFO:__main__:
【train】epoch:104/150 loss:0.0425 acc:0.9825
INFO:__main__:
【val】epoch:104/150 loss:0.6346 acc:0.8736
INFO:__main__:
【Val】:  SENS: 0.8896  SPEC: 0.8605  PPV: 0.8393  NPV: 0.9049
INFO:__main__:验证的best_acc:0.8878
INFO:__main__:----------------------------------------------------------------------------------------------------
INFO:__main__:
【train】epoch:105/150 loss:0.0406 acc:0.9843
INFO:__main__:
【val】epoch:105/150 loss:0.6689 acc:0.8651
INFO:__main__:
【Val】:  SENS: 0.8801  SPEC: 0.8527  PPV: 0.8304  NPV: 0.8967
INFO:__main__:验证的best_acc:0.8878
INFO:__main__:----------------------------------------------------------------------------------------------------
INFO:__main__:
【train】epoch:106/150 loss:0.0479 acc:0.9832
INFO:__main__:
【val】epoch:106/150 loss:0.6054 acc:0.8736
INFO:__main__:
【Val】:  SENS: 0.8959  SPEC: 0.8553  PPV: 0.8353  NPV: 0.9093
INFO:__main__:验证的best_acc:0.8878
INFO:__main__:----------------------------------------------------------------------------------------------------
INFO:__main__:
【train】epoch:107/150 loss:0.0470 acc:0.9824
INFO:__main__:
【val】epoch:107/150 loss:0.5783 acc:0.8778
INFO:__main__:
【Val】:  SENS: 0.8864  SPEC: 0.8708  PPV: 0.8489  NPV: 0.9035
INFO:__main__:验证的best_acc:0.8878
INFO:__main__:----------------------------------------------------------------------------------------------------
INFO:__main__:
【train】epoch:108/150 loss:0.0403 acc:0.9864
INFO:__main__:
【val】epoch:108/150 loss:0.6203 acc:0.8679
INFO:__main__:
【Val】:  SENS: 0.9180  SPEC: 0.8269  PPV: 0.8128  NPV: 0.9249
INFO:__main__:验证的best_acc:0.8878
INFO:__main__:----------------------------------------------------------------------------------------------------
INFO:__main__:
【train】epoch:109/150 loss:0.0385 acc:0.9836
INFO:__main__:
【val】epoch:109/150 loss:0.7005 acc:0.8608
INFO:__main__:
【Val】:  SENS: 0.8959  SPEC: 0.8320  PPV: 0.8138  NPV: 0.9070
INFO:__main__:验证的best_acc:0.8878
INFO:__main__:----------------------------------------------------------------------------------------------------
INFO:__main__:
【train】epoch:110/150 loss:0.0375 acc:0.9857
INFO:__main__:
【val】epoch:110/150 loss:0.5955 acc:0.8722
INFO:__main__:
【Val】:  SENS: 0.8707  SPEC: 0.8734  PPV: 0.8492  NPV: 0.8918
INFO:__main__:验证的best_acc:0.8878
INFO:__main__:----------------------------------------------------------------------------------------------------
INFO:__main__:
【train】epoch:111/150 loss:0.0384 acc:0.9839
INFO:__main__:
【val】epoch:111/150 loss:0.6071 acc:0.8764
INFO:__main__:
【Val】:  SENS: 0.8580  SPEC: 0.8915  PPV: 0.8662  NPV: 0.8846
INFO:__main__:验证的best_acc:0.8878
INFO:__main__:----------------------------------------------------------------------------------------------------
INFO:__main__:
【train】epoch:112/150 loss:0.0383 acc:0.9857
INFO:__main__:
【val】epoch:112/150 loss:0.6223 acc:0.8736
INFO:__main__:
【Val】:  SENS: 0.8896  SPEC: 0.8605  PPV: 0.8393  NPV: 0.9049
INFO:__main__:验证的best_acc:0.8878
INFO:__main__:----------------------------------------------------------------------------------------------------
INFO:__main__:
【train】epoch:113/150 loss:0.0375 acc:0.9866
INFO:__main__:
【val】epoch:113/150 loss:0.5987 acc:0.8722
INFO:__main__:
【Val】:  SENS: 0.8896  SPEC: 0.8579  PPV: 0.8368  NPV: 0.9046
INFO:__main__:验证的best_acc:0.8878
INFO:__main__:----------------------------------------------------------------------------------------------------
INFO:__main__:
【train】epoch:114/150 loss:0.0352 acc:0.9873
INFO:__main__:
【val】epoch:114/150 loss:0.5776 acc:0.8878
INFO:__main__:
【Val】:  SENS: 0.9085  SPEC: 0.8708  PPV: 0.8521  NPV: 0.9208
INFO:__main__:验证的best_acc:0.8878
INFO:__main__:----------------------------------------------------------------------------------------------------
INFO:__main__:
【train】epoch:115/150 loss:0.0312 acc:0.9885
INFO:__main__:
【val】epoch:115/150 loss:0.6323 acc:0.8807
INFO:__main__:
【Val】:  SENS: 0.8959  SPEC: 0.8682  PPV: 0.8478  NPV: 0.9106
INFO:__main__:验证的best_acc:0.8878
INFO:__main__:----------------------------------------------------------------------------------------------------
INFO:__main__:
【train】epoch:116/150 loss:0.0316 acc:0.9864
INFO:__main__:
【val】epoch:116/150 loss:0.6321 acc:0.8693
INFO:__main__:
【Val】:  SENS: 0.8770  SPEC: 0.8630  PPV: 0.8399  NPV: 0.8954
INFO:__main__:验证的best_acc:0.8878
INFO:__main__:----------------------------------------------------------------------------------------------------
INFO:__main__:
【train】epoch:117/150 loss:0.0307 acc:0.9890
INFO:__main__:
【val】epoch:117/150 loss:0.6148 acc:0.8793
INFO:__main__:
【Val】:  SENS: 0.8896  SPEC: 0.8708  PPV: 0.8494  NPV: 0.9059
INFO:__main__:验证的best_acc:0.8878
INFO:__main__:----------------------------------------------------------------------------------------------------
INFO:__main__:
【train】epoch:118/150 loss:0.0404 acc:0.9862
INFO:__main__:
【val】epoch:118/150 loss:0.6142 acc:0.8892
INFO:__main__:
【Val】:  SENS: 0.8991  SPEC: 0.8811  PPV: 0.8610  NPV: 0.9142
INFO:__main__:验证的best_acc:0.8892
INFO:__main__:----------------------------------------------------------------------------------------------------
INFO:__main__:
【train】epoch:119/150 loss:0.0302 acc:0.9883
INFO:__main__:
【val】epoch:119/150 loss:0.6459 acc:0.8864
INFO:__main__:
【Val】:  SENS: 0.8959  SPEC: 0.8786  PPV: 0.8580  NPV: 0.9115
INFO:__main__:验证的best_acc:0.8892
INFO:__main__:----------------------------------------------------------------------------------------------------
INFO:__main__:
【train】epoch:120/150 loss:0.0242 acc:0.9916
INFO:__main__:
【val】epoch:120/150 loss:0.6743 acc:0.8707
INFO:__main__:
【Val】:  SENS: 0.8927  SPEC: 0.8527  PPV: 0.8324  NPV: 0.9066
INFO:__main__:验证的best_acc:0.8892
INFO:__main__:----------------------------------------------------------------------------------------------------
INFO:__main__:
【train】epoch:121/150 loss:0.0315 acc:0.9888
INFO:__main__:
【val】epoch:121/150 loss:0.6357 acc:0.8849
INFO:__main__:
【Val】:  SENS: 0.8833  SPEC: 0.8863  PPV: 0.8642  NPV: 0.9026
INFO:__main__:验证的best_acc:0.8892
INFO:__main__:----------------------------------------------------------------------------------------------------
INFO:__main__:
【train】epoch:122/150 loss:0.0334 acc:0.9880
INFO:__main__:
【val】epoch:122/150 loss:0.6208 acc:0.8722
INFO:__main__:
【Val】:  SENS: 0.8959  SPEC: 0.8527  PPV: 0.8328  NPV: 0.9091
INFO:__main__:验证的best_acc:0.8892
INFO:__main__:----------------------------------------------------------------------------------------------------
INFO:__main__:
【train】epoch:123/150 loss:0.0227 acc:0.9911
INFO:__main__:
【val】epoch:123/150 loss:0.7037 acc:0.8722
INFO:__main__:
【Val】:  SENS: 0.9148  SPEC: 0.8372  PPV: 0.8215  NPV: 0.9231
INFO:__main__:验证的best_acc:0.8892
INFO:__main__:----------------------------------------------------------------------------------------------------
INFO:__main__:
【train】epoch:124/150 loss:0.0260 acc:0.9911
INFO:__main__:
【val】epoch:124/150 loss:0.7307 acc:0.8778
INFO:__main__:
【Val】:  SENS: 0.8927  SPEC: 0.8656  PPV: 0.8448  NPV: 0.9079
INFO:__main__:验证的best_acc:0.8892
INFO:__main__:----------------------------------------------------------------------------------------------------
INFO:__main__:
【train】epoch:125/150 loss:0.0272 acc:0.9899
INFO:__main__:
【val】epoch:125/150 loss:0.6749 acc:0.8750
INFO:__main__:
【Val】:  SENS: 0.8833  SPEC: 0.8682  PPV: 0.8459  NPV: 0.9008
INFO:__main__:验证的best_acc:0.8892
INFO:__main__:----------------------------------------------------------------------------------------------------
INFO:__main__:
【train】epoch:126/150 loss:0.0262 acc:0.9904
INFO:__main__:
【val】epoch:126/150 loss:0.7297 acc:0.8665
INFO:__main__:
【Val】:  SENS: 0.8991  SPEC: 0.8398  PPV: 0.8213  NPV: 0.9104
INFO:__main__:验证的best_acc:0.8892
INFO:__main__:----------------------------------------------------------------------------------------------------
INFO:__main__:
【train】epoch:127/150 loss:0.0338 acc:0.9883
INFO:__main__:
【val】epoch:127/150 loss:0.6607 acc:0.8750
INFO:__main__:
【Val】:  SENS: 0.8927  SPEC: 0.8605  PPV: 0.8398  NPV: 0.9074
INFO:__main__:验证的best_acc:0.8892
INFO:__main__:----------------------------------------------------------------------------------------------------
INFO:__main__:
【train】epoch:128/150 loss:0.0273 acc:0.9914
INFO:__main__:
【val】epoch:128/150 loss:0.7004 acc:0.8636
INFO:__main__:
【Val】:  SENS: 0.8896  SPEC: 0.8424  PPV: 0.8222  NPV: 0.9030
INFO:__main__:验证的best_acc:0.8892
INFO:__main__:----------------------------------------------------------------------------------------------------
INFO:__main__:
【train】epoch:129/150 loss:0.0207 acc:0.9930
INFO:__main__:
【val】epoch:129/150 loss:0.6888 acc:0.8665
INFO:__main__:
【Val】:  SENS: 0.8896  SPEC: 0.8475  PPV: 0.8270  NPV: 0.9036
INFO:__main__:验证的best_acc:0.8892
INFO:__main__:----------------------------------------------------------------------------------------------------
INFO:__main__:
【train】epoch:130/150 loss:0.0204 acc:0.9935
INFO:__main__:
【val】epoch:130/150 loss:0.7131 acc:0.8778
INFO:__main__:
【Val】:  SENS: 0.9306  SPEC: 0.8346  PPV: 0.8217  NPV: 0.9362
INFO:__main__:验证的best_acc:0.8892
INFO:__main__:----------------------------------------------------------------------------------------------------
INFO:__main__:
【train】epoch:131/150 loss:0.0236 acc:0.9920
INFO:__main__:
【val】epoch:131/150 loss:0.6526 acc:0.8821
INFO:__main__:
【Val】:  SENS: 0.9054  SPEC: 0.8630  PPV: 0.8441  NPV: 0.9176
INFO:__main__:验证的best_acc:0.8892
INFO:__main__:----------------------------------------------------------------------------------------------------
INFO:__main__:
【train】epoch:132/150 loss:0.0228 acc:0.9923
INFO:__main__:
【val】epoch:132/150 loss:0.7353 acc:0.8793
INFO:__main__:
【Val】:  SENS: 0.9243  SPEC: 0.8424  PPV: 0.8277  NPV: 0.9314
INFO:__main__:验证的best_acc:0.8892
INFO:__main__:----------------------------------------------------------------------------------------------------
INFO:__main__:
【train】epoch:133/150 loss:0.0204 acc:0.9930
INFO:__main__:
【val】epoch:133/150 loss:0.6930 acc:0.8707
INFO:__main__:
【Val】:  SENS: 0.8833  SPEC: 0.8605  PPV: 0.8383  NPV: 0.9000
INFO:__main__:验证的best_acc:0.8892
INFO:__main__:----------------------------------------------------------------------------------------------------
INFO:__main__:
【train】epoch:134/150 loss:0.0171 acc:0.9930
INFO:__main__:
【val】epoch:134/150 loss:0.7304 acc:0.8722
INFO:__main__:
【Val】:  SENS: 0.8927  SPEC: 0.8553  PPV: 0.8348  NPV: 0.9068
INFO:__main__:验证的best_acc:0.8892
INFO:__main__:----------------------------------------------------------------------------------------------------
INFO:__main__:
【train】epoch:135/150 loss:0.0223 acc:0.9928
INFO:__main__:
【val】epoch:135/150 loss:0.7782 acc:0.8651
INFO:__main__:
【Val】:  SENS: 0.8959  SPEC: 0.8398  PPV: 0.8208  NPV: 0.9078
INFO:__main__:验证的best_acc:0.8892
INFO:__main__:----------------------------------------------------------------------------------------------------
INFO:__main__:
【train】epoch:136/150 loss:0.0278 acc:0.9892
INFO:__main__:
【val】epoch:136/150 loss:0.7200 acc:0.8622
INFO:__main__:
【Val】:  SENS: 0.8738  SPEC: 0.8527  PPV: 0.8293  NPV: 0.8919
INFO:__main__:验证的best_acc:0.8892
INFO:__main__:----------------------------------------------------------------------------------------------------
INFO:__main__:
【train】epoch:137/150 loss:0.0181 acc:0.9935
INFO:__main__:
【val】epoch:137/150 loss:0.6880 acc:0.8651
INFO:__main__:
【Val】:  SENS: 0.8927  SPEC: 0.8424  PPV: 0.8227  NPV: 0.9056
INFO:__main__:验证的best_acc:0.8892
INFO:__main__:----------------------------------------------------------------------------------------------------
INFO:__main__:
【train】epoch:138/150 loss:0.0216 acc:0.9920
INFO:__main__:
【val】epoch:138/150 loss:0.7472 acc:0.8679
INFO:__main__:
【Val】:  SENS: 0.9022  SPEC: 0.8398  PPV: 0.8218  NPV: 0.9129
INFO:__main__:验证的best_acc:0.8892
INFO:__main__:----------------------------------------------------------------------------------------------------
INFO:__main__:
【train】epoch:139/150 loss:0.0221 acc:0.9930
INFO:__main__:
【val】epoch:139/150 loss:0.7080 acc:0.8807
INFO:__main__:
【Val】:  SENS: 0.9085  SPEC: 0.8579  PPV: 0.8397  NPV: 0.9197
INFO:__main__:验证的best_acc:0.8892
INFO:__main__:----------------------------------------------------------------------------------------------------
INFO:__main__:
【train】epoch:140/150 loss:0.0266 acc:0.9902
INFO:__main__:
【val】epoch:140/150 loss:0.7101 acc:0.8707
INFO:__main__:
【Val】:  SENS: 0.8959  SPEC: 0.8501  PPV: 0.8304  NPV: 0.9088
INFO:__main__:验证的best_acc:0.8892
INFO:__main__:----------------------------------------------------------------------------------------------------
INFO:__main__:
【train】epoch:141/150 loss:0.0178 acc:0.9941
INFO:__main__:
【val】epoch:141/150 loss:0.7459 acc:0.8736
INFO:__main__:
【Val】:  SENS: 0.9054  SPEC: 0.8475  PPV: 0.8295  NPV: 0.9162
INFO:__main__:验证的best_acc:0.8892
INFO:__main__:----------------------------------------------------------------------------------------------------
INFO:__main__:
【train】epoch:142/150 loss:0.0207 acc:0.9913
INFO:__main__:
【val】epoch:142/150 loss:0.7258 acc:0.8693
INFO:__main__:
【Val】:  SENS: 0.8864  SPEC: 0.8553  PPV: 0.8338  NPV: 0.9019
INFO:__main__:验证的best_acc:0.8892
INFO:__main__:----------------------------------------------------------------------------------------------------
INFO:__main__:
【train】epoch:143/150 loss:0.0196 acc:0.9932
INFO:__main__:
【val】epoch:143/150 loss:0.7287 acc:0.8651
INFO:__main__:
【Val】:  SENS: 0.8833  SPEC: 0.8501  PPV: 0.8284  NPV: 0.8989
INFO:__main__:验证的best_acc:0.8892
INFO:__main__:----------------------------------------------------------------------------------------------------
INFO:__main__:
【train】epoch:144/150 loss:0.0140 acc:0.9955
INFO:__main__:
【val】epoch:144/150 loss:0.7408 acc:0.8622
INFO:__main__:
【Val】:  SENS: 0.8864  SPEC: 0.8424  PPV: 0.8216  NPV: 0.9006
INFO:__main__:验证的best_acc:0.8892
INFO:__main__:----------------------------------------------------------------------------------------------------
INFO:__main__:
【train】epoch:145/150 loss:0.0209 acc:0.9928
INFO:__main__:
【val】epoch:145/150 loss:0.7210 acc:0.8736
INFO:__main__:
【Val】:  SENS: 0.8896  SPEC: 0.8605  PPV: 0.8393  NPV: 0.9049
INFO:__main__:验证的best_acc:0.8892
INFO:__main__:----------------------------------------------------------------------------------------------------
INFO:__main__:
【train】epoch:146/150 loss:0.0193 acc:0.9930
INFO:__main__:
【val】epoch:146/150 loss:0.7195 acc:0.8764
INFO:__main__:
【Val】:  SENS: 0.8927  SPEC: 0.8630  PPV: 0.8423  NPV: 0.9076
INFO:__main__:验证的best_acc:0.8892
INFO:__main__:----------------------------------------------------------------------------------------------------
INFO:__main__:
【train】epoch:147/150 loss:0.0142 acc:0.9951
INFO:__main__:
【val】epoch:147/150 loss:0.6927 acc:0.8750
INFO:__main__:
【Val】:  SENS: 0.8864  SPEC: 0.8656  PPV: 0.8438  NPV: 0.9030
INFO:__main__:验证的best_acc:0.8892
INFO:__main__:----------------------------------------------------------------------------------------------------
INFO:__main__:
【train】epoch:148/150 loss:0.0180 acc:0.9928
INFO:__main__:
【val】epoch:148/150 loss:0.6972 acc:0.8835
INFO:__main__:
【Val】:  SENS: 0.8991  SPEC: 0.8708  PPV: 0.8507  NPV: 0.9133
INFO:__main__:验证的best_acc:0.8892
INFO:__main__:----------------------------------------------------------------------------------------------------
INFO:__main__:
【train】epoch:149/150 loss:0.0181 acc:0.9937
INFO:__main__:
【val】epoch:149/150 loss:0.7204 acc:0.8722
INFO:__main__:
【Val】:  SENS: 0.9054  SPEC: 0.8450  PPV: 0.8271  NPV: 0.9160
INFO:__main__:验证的best_acc:0.8892
INFO:__main__:----------------------------------------------------------------------------------------------------
INFO:__main__:****************************************************************************************************
INFO:__main__:Val_LOSS:['0.5530', '0.4938', '0.4395', '0.4954', '0.4072', '0.4339', '0.4412', '0.3933', '0.4013', '0.4502', '0.4809', '0.4269', '0.4094', '0.4015', '0.3849', '0.3675', '0.4067', '0.3813', '0.3798', '0.3811', '0.4096', '0.3430', '0.3509', '0.3587', '0.3767', '0.3651', '0.3651', '0.4744', '0.3648', '0.4092', '0.3687', '0.3721', '0.4164', '0.3785', '0.4144', '0.3805', '0.3330', '0.4048', '0.3483', '0.4061', '0.3973', '0.3910', '0.4148', '0.3925', '0.4304', '0.4297', '0.4592', '0.4006', '0.4270', '0.4010', '0.4041', '0.4406', '0.4158', '0.3757', '0.3705', '0.4049', '0.4416', '0.4246', '0.4538', '0.4502', '0.3960', '0.4726', '0.4504', '0.3815', '0.4530', '0.4766', '0.4689', '0.4484', '0.4722', '0.4423', '0.4264', '0.4635', '0.4741', '0.4406', '0.5541', '0.4946', '0.5018', '0.4897', '0.5197', '0.5261', '0.4957', '0.5577', '0.5124', '0.5152', '0.5351', '0.5448', '0.4769', '0.5375', '0.5313', '0.5287', '0.6435', '0.5057', '0.5430', '0.5582', '0.5454', '0.6031', '0.6165', '0.5883', '0.5861', '0.5644', '0.5670', '0.6223', '0.6625', '0.6189', '0.6346', '0.6689', '0.6054', '0.5783', '0.6203', '0.7005', '0.5955', '0.6071', '0.6223', '0.5987', '0.5776', '0.6323', '0.6321', '0.6148', '0.6142', '0.6459', '0.6743', '0.6357', '0.6208', '0.7037', '0.7307', '0.6749', '0.7297', '0.6607', '0.7004', '0.6888', '0.7131', '0.6526', '0.7353', '0.6930', '0.7304', '0.7782', '0.7200', '0.6880', '0.7472', '0.7080', '0.7101', '0.7459', '0.7258', '0.7287', '0.7408', '0.7210', '0.7195', '0.6927', '0.6972', '0.7204']
INFO:__main__:Val_ACC:['0.7017', '0.7642', '0.7841', '0.7429', '0.8168', '0.7983', '0.8054', '0.8139', '0.8168', '0.8196', '0.7997', '0.8366', '0.8239', '0.8381', '0.8324', '0.8409', '0.8366', '0.8295', '0.8366', '0.8196', '0.8210', '0.8423', '0.8409', '0.8551', '0.8523', '0.8438', '0.8381', '0.8111', '0.8338', '0.8509', '0.8565', '0.8494', '0.8267', '0.8438', '0.8381', '0.8651', '0.8537', '0.8523', '0.8651', '0.8509', '0.8523', '0.8494', '0.8494', '0.8636', '0.8494', '0.8537', '0.8452', '0.8480', '0.8537', '0.8722', '0.8622', '0.8622', '0.8636', '0.8622', '0.8878', '0.8608', '0.8565', '0.8480', '0.8594', '0.8551', '0.8622', '0.8764', '0.8551', '0.8835', '0.8651', '0.8693', '0.8551', '0.8565', '0.8622', '0.8665', '0.8736', '0.8736', '0.8736', '0.8736', '0.8537', '0.8651', '0.8509', '0.8693', '0.8551', '0.8736', '0.8736', '0.8636', '0.8778', '0.8651', '0.8651', '0.8651', '0.8849', '0.8722', '0.8707', '0.8665', '0.8438', '0.8722', '0.8679', '0.8693', '0.8736', '0.8608', '0.8622', '0.8707', '0.8693', '0.8736', '0.8693', '0.8651', '0.8736', '0.8736', '0.8736', '0.8651', '0.8736', '0.8778', '0.8679', '0.8608', '0.8722', '0.8764', '0.8736', '0.8722', '0.8878', '0.8807', '0.8693', '0.8793', '0.8892', '0.8864', '0.8707', '0.8849', '0.8722', '0.8722', '0.8778', '0.8750', '0.8665', '0.8750', '0.8636', '0.8665', '0.8778', '0.8821', '0.8793', '0.8707', '0.8722', '0.8651', '0.8622', '0.8651', '0.8679', '0.8807', '0.8707', '0.8736', '0.8693', '0.8651', '0.8622', '0.8736', '0.8764', '0.8750', '0.8835', '0.8722']
INFO:__main__:****************************************************************************************************
INFO:__main__: epoch0 测试test_Loss: 0.6156  test_ACC: 0.8748  
INFO:__main__:SENS: 0.8550 SPEC: 0.8914 PPV: 0.8681 NPV: 0.8803
INFO:__main__:test_Best_acc:0.8748
