INFO:__main__:
【train】epoch:0/120 loss:0.5849 acc:0.6812
INFO:__main__:
【val】epoch:0/120 loss:0.5076 acc:0.7310
INFO:__main__:
【Val】:  SENS: 0.8492  SPEC: 0.6637  PPV: 0.5897  NPV: 0.8855 F1:0.6961
INFO:__main__:验证的best_acc:0.7310
INFO:__main__:----------------------------------------------------------------------------------------------------
INFO:__main__:
【train】epoch:1/120 loss:0.5344 acc:0.7211
INFO:__main__:
【val】epoch:1/120 loss:0.4882 acc:0.7355
INFO:__main__:
【Val】:  SENS: 0.6954  SPEC: 0.7583  PPV: 0.6209  NPV: 0.8139 F1:0.6560
INFO:__main__:验证的best_acc:0.7355
INFO:__main__:----------------------------------------------------------------------------------------------------
INFO:__main__:
【train】epoch:2/120 loss:0.5041 acc:0.7395
INFO:__main__:
【val】epoch:2/120 loss:0.4552 acc:0.7690
INFO:__main__:
【Val】:  SENS: 0.5969  SPEC: 0.8669  PPV: 0.7185  NPV: 0.7907 F1:0.6521
INFO:__main__:验证的best_acc:0.7690
INFO:__main__:----------------------------------------------------------------------------------------------------
INFO:__main__:
【train】epoch:3/120 loss:0.4919 acc:0.7481
INFO:__main__:
【val】epoch:3/120 loss:0.4613 acc:0.7567
INFO:__main__:
【Val】:  SENS: 0.6246  SPEC: 0.8319  PPV: 0.6789  NPV: 0.7956 F1:0.6506
INFO:__main__:验证的best_acc:0.7690
INFO:__main__:----------------------------------------------------------------------------------------------------
INFO:__main__:
【train】epoch:4/120 loss:0.4528 acc:0.7751
INFO:__main__:
【val】epoch:4/120 loss:0.4183 acc:0.7824
INFO:__main__:
【Val】:  SENS: 0.5323  SPEC: 0.9247  PPV: 0.8009  NPV: 0.7765 F1:0.6396
INFO:__main__:验证的best_acc:0.7824
INFO:__main__:----------------------------------------------------------------------------------------------------
INFO:__main__:
【train】epoch:5/120 loss:0.4164 acc:0.8033
INFO:__main__:
【val】epoch:5/120 loss:0.5469 acc:0.7455
INFO:__main__:
【Val】:  SENS: 0.3292  SPEC: 0.9825  PPV: 0.9145  NPV: 0.7202 F1:0.4842
INFO:__main__:验证的best_acc:0.7824
INFO:__main__:----------------------------------------------------------------------------------------------------
INFO:__main__:
【train】epoch:6/120 loss:0.3893 acc:0.8204
INFO:__main__:
【val】epoch:6/120 loss:0.6354 acc:0.7388
INFO:__main__:
【Val】:  SENS: 0.3108  SPEC: 0.9825  PPV: 0.9099  NPV: 0.7146 F1:0.4633
INFO:__main__:验证的best_acc:0.7824
INFO:__main__:----------------------------------------------------------------------------------------------------
INFO:__main__:
【train】epoch:7/120 loss:0.3726 acc:0.8332
INFO:__main__:
【val】epoch:7/120 loss:0.6122 acc:0.7522
INFO:__main__:
【Val】:  SENS: 0.3631  SPEC: 0.9737  PPV: 0.8872  NPV: 0.7287 F1:0.5153
INFO:__main__:验证的best_acc:0.7824
INFO:__main__:----------------------------------------------------------------------------------------------------
INFO:__main__:
【train】epoch:8/120 loss:0.3641 acc:0.8330
INFO:__main__:
【val】epoch:8/120 loss:0.4264 acc:0.7790
INFO:__main__:
【Val】:  SENS: 0.4338  SPEC: 0.9755  PPV: 0.9097  NPV: 0.7517 F1:0.5875
INFO:__main__:验证的best_acc:0.7824
INFO:__main__:----------------------------------------------------------------------------------------------------
INFO:__main__:
【train】epoch:9/120 loss:0.3391 acc:0.8505
INFO:__main__:
【val】epoch:9/120 loss:0.4142 acc:0.7946
INFO:__main__:
【Val】:  SENS: 0.4738  SPEC: 0.9772  PPV: 0.9222  NPV: 0.7654 F1:0.6260
INFO:__main__:验证的best_acc:0.7946
INFO:__main__:----------------------------------------------------------------------------------------------------
INFO:__main__:
【train】epoch:10/120 loss:0.3281 acc:0.8548
INFO:__main__:
【val】epoch:10/120 loss:0.4516 acc:0.7734
INFO:__main__:
【Val】:  SENS: 0.3938  SPEC: 0.9895  PPV: 0.9552  NPV: 0.7415 F1:0.5577
INFO:__main__:验证的best_acc:0.7946
INFO:__main__:----------------------------------------------------------------------------------------------------
INFO:__main__:
【train】epoch:11/120 loss:0.3214 acc:0.8588
INFO:__main__:
【val】epoch:11/120 loss:0.4612 acc:0.7902
INFO:__main__:
【Val】:  SENS: 0.4585  SPEC: 0.9790  PPV: 0.9255  NPV: 0.7605 F1:0.6132
INFO:__main__:验证的best_acc:0.7946
INFO:__main__:----------------------------------------------------------------------------------------------------
INFO:__main__:
【train】epoch:12/120 loss:0.3165 acc:0.8618
INFO:__main__:
【val】epoch:12/120 loss:0.2996 acc:0.8594
INFO:__main__:
【Val】:  SENS: 0.6954  SPEC: 0.9527  PPV: 0.8933  NPV: 0.8460 F1:0.7820
INFO:__main__:验证的best_acc:0.8594
INFO:__main__:----------------------------------------------------------------------------------------------------
INFO:__main__:
【train】epoch:13/120 loss:0.3002 acc:0.8682
INFO:__main__:
【val】epoch:13/120 loss:0.3684 acc:0.8225
INFO:__main__:
【Val】:  SENS: 0.5477  SPEC: 0.9790  PPV: 0.9368  NPV: 0.7918 F1:0.6913
INFO:__main__:验证的best_acc:0.8594
INFO:__main__:----------------------------------------------------------------------------------------------------
INFO:__main__:
【train】epoch:14/120 loss:0.3006 acc:0.8681
INFO:__main__:
【val】epoch:14/120 loss:0.3145 acc:0.8482
INFO:__main__:
【Val】:  SENS: 0.6985  SPEC: 0.9335  PPV: 0.8566  NPV: 0.8447 F1:0.7695
INFO:__main__:验证的best_acc:0.8594
INFO:__main__:----------------------------------------------------------------------------------------------------
INFO:__main__:
【train】epoch:15/120 loss:0.2966 acc:0.8723
INFO:__main__:
【val】epoch:15/120 loss:0.3825 acc:0.8103
INFO:__main__:
【Val】:  SENS: 0.4954  SPEC: 0.9895  PPV: 0.9641  NPV: 0.7750 F1:0.6545
INFO:__main__:验证的best_acc:0.8594
INFO:__main__:----------------------------------------------------------------------------------------------------
INFO:__main__:
【train】epoch:16/120 loss:0.2875 acc:0.8760
INFO:__main__:
【val】epoch:16/120 loss:0.3650 acc:0.8348
INFO:__main__:
【Val】:  SENS: 0.6215  SPEC: 0.9562  PPV: 0.8899  NPV: 0.8161 F1:0.7319
INFO:__main__:验证的best_acc:0.8594
INFO:__main__:----------------------------------------------------------------------------------------------------
INFO:__main__:
【train】epoch:17/120 loss:0.2782 acc:0.8818
INFO:__main__:
【val】epoch:17/120 loss:0.3526 acc:0.8315
INFO:__main__:
【Val】:  SENS: 0.6031  SPEC: 0.9615  PPV: 0.8991  NPV: 0.8097 F1:0.7219
INFO:__main__:验证的best_acc:0.8594
INFO:__main__:----------------------------------------------------------------------------------------------------
INFO:__main__:
【train】epoch:18/120 loss:0.2735 acc:0.8864
INFO:__main__:
【val】epoch:18/120 loss:0.5021 acc:0.7946
INFO:__main__:
【Val】:  SENS: 0.5046  SPEC: 0.9597  PPV: 0.8770  NPV: 0.7729 F1:0.6406
INFO:__main__:验证的best_acc:0.8594
INFO:__main__:----------------------------------------------------------------------------------------------------
INFO:__main__:
【train】epoch:19/120 loss:0.2545 acc:0.8924
INFO:__main__:
【val】epoch:19/120 loss:0.3161 acc:0.8694
INFO:__main__:
【Val】:  SENS: 0.7446  SPEC: 0.9405  PPV: 0.8768  NPV: 0.8661 F1:0.8053
INFO:__main__:验证的best_acc:0.8694
INFO:__main__:----------------------------------------------------------------------------------------------------
INFO:__main__:
【train】epoch:20/120 loss:0.2491 acc:0.8957
INFO:__main__:
【val】epoch:20/120 loss:0.3096 acc:0.8650
INFO:__main__:
【Val】:  SENS: 0.7385  SPEC: 0.9370  PPV: 0.8696  NPV: 0.8629 F1:0.7987
INFO:__main__:验证的best_acc:0.8694
INFO:__main__:----------------------------------------------------------------------------------------------------
INFO:__main__:
【train】epoch:21/120 loss:0.2510 acc:0.8951
INFO:__main__:
【val】epoch:21/120 loss:0.3552 acc:0.8438
INFO:__main__:
【Val】:  SENS: 0.6615  SPEC: 0.9475  PPV: 0.8776  NPV: 0.8310 F1:0.7544
INFO:__main__:验证的best_acc:0.8694
INFO:__main__:----------------------------------------------------------------------------------------------------
INFO:__main__:
【train】epoch:22/120 loss:0.2437 acc:0.8948
INFO:__main__:
【val】epoch:22/120 loss:0.3622 acc:0.8650
INFO:__main__:
【Val】:  SENS: 0.8246  SPEC: 0.8879  PPV: 0.8072  NPV: 0.8989 F1:0.8158
INFO:__main__:验证的best_acc:0.8694
INFO:__main__:----------------------------------------------------------------------------------------------------
INFO:__main__:
【train】epoch:23/120 loss:0.2355 acc:0.9001
INFO:__main__:
【val】epoch:23/120 loss:0.3545 acc:0.8560
INFO:__main__:
【Val】:  SENS: 0.8277  SPEC: 0.8722  PPV: 0.7865  NPV: 0.8989 F1:0.8066
INFO:__main__:验证的best_acc:0.8694
INFO:__main__:----------------------------------------------------------------------------------------------------
INFO:__main__:
【train】epoch:24/120 loss:0.2412 acc:0.9004
INFO:__main__:
【val】epoch:24/120 loss:0.2764 acc:0.8850
INFO:__main__:
【Val】:  SENS: 0.8615  SPEC: 0.8984  PPV: 0.8284  NPV: 0.9194 F1:0.8446
INFO:__main__:验证的best_acc:0.8850
INFO:__main__:----------------------------------------------------------------------------------------------------
INFO:__main__:
【train】epoch:25/120 loss:0.2366 acc:0.9035
INFO:__main__:
【val】epoch:25/120 loss:0.3149 acc:0.8672
INFO:__main__:
【Val】:  SENS: 0.8431  SPEC: 0.8809  PPV: 0.8012  NPV: 0.9079 F1:0.8216
INFO:__main__:验证的best_acc:0.8850
INFO:__main__:----------------------------------------------------------------------------------------------------
INFO:__main__:
【train】epoch:26/120 loss:0.2305 acc:0.9030
INFO:__main__:
【val】epoch:26/120 loss:0.3034 acc:0.8772
INFO:__main__:
【Val】:  SENS: 0.8215  SPEC: 0.9089  PPV: 0.8370  NPV: 0.8995 F1:0.8292
INFO:__main__:验证的best_acc:0.8850
INFO:__main__:----------------------------------------------------------------------------------------------------
INFO:__main__:
【train】epoch:27/120 loss:0.2255 acc:0.9068
INFO:__main__:
【val】epoch:27/120 loss:0.4430 acc:0.8192
INFO:__main__:
【Val】:  SENS: 0.6308  SPEC: 0.9264  PPV: 0.8300  NPV: 0.8151 F1:0.7168
INFO:__main__:验证的best_acc:0.8850
INFO:__main__:----------------------------------------------------------------------------------------------------
INFO:__main__:
【train】epoch:28/120 loss:0.2248 acc:0.9052
INFO:__main__:
【val】epoch:28/120 loss:0.3155 acc:0.8850
INFO:__main__:
【Val】:  SENS: 0.8800  SPEC: 0.8879  PPV: 0.8171  NPV: 0.9286 F1:0.8474
INFO:__main__:验证的best_acc:0.8850
INFO:__main__:----------------------------------------------------------------------------------------------------
INFO:__main__:
【train】epoch:29/120 loss:0.2035 acc:0.9149
INFO:__main__:
【val】epoch:29/120 loss:0.3391 acc:0.8683
INFO:__main__:
【Val】:  SENS: 0.8985  SPEC: 0.8511  PPV: 0.7745  NPV: 0.9364 F1:0.8319
INFO:__main__:验证的best_acc:0.8850
INFO:__main__:----------------------------------------------------------------------------------------------------
INFO:__main__:
【train】epoch:30/120 loss:0.1972 acc:0.9170
INFO:__main__:
【val】epoch:30/120 loss:0.3254 acc:0.8650
INFO:__main__:
【Val】:  SENS: 0.8554  SPEC: 0.8704  PPV: 0.7898  NPV: 0.9136 F1:0.8213
INFO:__main__:验证的best_acc:0.8850
INFO:__main__:----------------------------------------------------------------------------------------------------
INFO:__main__:
【train】epoch:31/120 loss:0.1848 acc:0.9246
INFO:__main__:
【val】epoch:31/120 loss:0.4620 acc:0.8292
INFO:__main__:
【Val】:  SENS: 0.8492  SPEC: 0.8179  PPV: 0.7263  NPV: 0.9050 F1:0.7830
INFO:__main__:验证的best_acc:0.8850
INFO:__main__:----------------------------------------------------------------------------------------------------
INFO:__main__:
【train】epoch:32/120 loss:0.1913 acc:0.9216
INFO:__main__:
【val】epoch:32/120 loss:0.3817 acc:0.8460
INFO:__main__:
【Val】:  SENS: 0.8892  SPEC: 0.8214  PPV: 0.7391  NPV: 0.9287 F1:0.8073
INFO:__main__:验证的best_acc:0.8850
INFO:__main__:----------------------------------------------------------------------------------------------------
INFO:__main__:
【train】epoch:33/120 loss:0.1837 acc:0.9236
INFO:__main__:
【val】epoch:33/120 loss:0.3715 acc:0.8583
INFO:__main__:
【Val】:  SENS: 0.8985  SPEC: 0.8354  PPV: 0.7565  NPV: 0.9353 F1:0.8214
INFO:__main__:验证的best_acc:0.8850
INFO:__main__:----------------------------------------------------------------------------------------------------
INFO:__main__:
【train】epoch:34/120 loss:0.1808 acc:0.9254
INFO:__main__:
【val】epoch:34/120 loss:0.4130 acc:0.8705
INFO:__main__:
【Val】:  SENS: 0.8738  SPEC: 0.8687  PPV: 0.7911  NPV: 0.9236 F1:0.8304
INFO:__main__:验证的best_acc:0.8850
INFO:__main__:----------------------------------------------------------------------------------------------------
INFO:__main__:
【train】epoch:35/120 loss:0.1920 acc:0.9207
INFO:__main__:
【val】epoch:35/120 loss:0.5499 acc:0.8359
INFO:__main__:
【Val】:  SENS: 0.7938  SPEC: 0.8599  PPV: 0.7633  NPV: 0.8799 F1:0.7783
INFO:__main__:验证的best_acc:0.8850
INFO:__main__:----------------------------------------------------------------------------------------------------
INFO:__main__:
【train】epoch:36/120 loss:0.1809 acc:0.9247
INFO:__main__:
【val】epoch:36/120 loss:0.3506 acc:0.8717
INFO:__main__:
【Val】:  SENS: 0.8862  SPEC: 0.8634  PPV: 0.7869  NPV: 0.9302 F1:0.8336
INFO:__main__:验证的best_acc:0.8850
INFO:__main__:----------------------------------------------------------------------------------------------------
INFO:__main__:
【train】epoch:37/120 loss:0.1750 acc:0.9274
INFO:__main__:
【val】epoch:37/120 loss:0.3142 acc:0.8984
INFO:__main__:
【Val】:  SENS: 0.9169  SPEC: 0.8879  PPV: 0.8232  NPV: 0.9494 F1:0.8675
INFO:__main__:验证的best_acc:0.8984
INFO:__main__:----------------------------------------------------------------------------------------------------
INFO:__main__:
【train】epoch:38/120 loss:0.1816 acc:0.9269
INFO:__main__:
【val】epoch:38/120 loss:0.3505 acc:0.8594
INFO:__main__:
【Val】:  SENS: 0.8185  SPEC: 0.8827  PPV: 0.7988  NPV: 0.8952 F1:0.8085
INFO:__main__:验证的best_acc:0.8984
INFO:__main__:----------------------------------------------------------------------------------------------------
INFO:__main__:
【train】epoch:39/120 loss:0.1675 acc:0.9334
INFO:__main__:
【val】epoch:39/120 loss:0.4012 acc:0.8616
INFO:__main__:
【Val】:  SENS: 0.8338  SPEC: 0.8774  PPV: 0.7947  NPV: 0.9027 F1:0.8138
INFO:__main__:验证的best_acc:0.8984
INFO:__main__:----------------------------------------------------------------------------------------------------
INFO:__main__:
【train】epoch:40/120 loss:0.1572 acc:0.9352
INFO:__main__:
【val】epoch:40/120 loss:0.3779 acc:0.8929
INFO:__main__:
【Val】:  SENS: 0.9200  SPEC: 0.8774  PPV: 0.8103  NPV: 0.9507 F1:0.8617
INFO:__main__:验证的best_acc:0.8984
INFO:__main__:----------------------------------------------------------------------------------------------------
INFO:__main__:
【train】epoch:41/120 loss:0.1539 acc:0.9398
INFO:__main__:
【val】epoch:41/120 loss:0.4151 acc:0.8605
INFO:__main__:
【Val】:  SENS: 0.8769  SPEC: 0.8511  PPV: 0.7703  NPV: 0.9240 F1:0.8201
INFO:__main__:验证的best_acc:0.8984
INFO:__main__:----------------------------------------------------------------------------------------------------
INFO:__main__:
【train】epoch:42/120 loss:0.1564 acc:0.9361
INFO:__main__:
【val】epoch:42/120 loss:0.3898 acc:0.8828
INFO:__main__:
【Val】:  SENS: 0.8862  SPEC: 0.8809  PPV: 0.8090  NPV: 0.9315 F1:0.8458
INFO:__main__:验证的best_acc:0.8984
INFO:__main__:----------------------------------------------------------------------------------------------------
INFO:__main__:
【train】epoch:43/120 loss:0.1540 acc:0.9349
INFO:__main__:
【val】epoch:43/120 loss:0.4127 acc:0.8750
INFO:__main__:
【Val】:  SENS: 0.8862  SPEC: 0.8687  PPV: 0.7934  NPV: 0.9306 F1:0.8372
INFO:__main__:验证的best_acc:0.8984
INFO:__main__:----------------------------------------------------------------------------------------------------
INFO:__main__:
【train】epoch:44/120 loss:0.1462 acc:0.9385
INFO:__main__:
【val】epoch:44/120 loss:0.3772 acc:0.8761
INFO:__main__:
【Val】:  SENS: 0.8523  SPEC: 0.8897  PPV: 0.8147  NPV: 0.9137 F1:0.8331
INFO:__main__:验证的best_acc:0.8984
INFO:__main__:----------------------------------------------------------------------------------------------------
INFO:__main__:
【train】epoch:45/120 loss:0.1532 acc:0.9380
INFO:__main__:
【val】epoch:45/120 loss:0.3318 acc:0.8806
INFO:__main__:
【Val】:  SENS: 0.8677  SPEC: 0.8879  PPV: 0.8150  NPV: 0.9218 F1:0.8405
INFO:__main__:验证的best_acc:0.8984
INFO:__main__:----------------------------------------------------------------------------------------------------
INFO:__main__:
【train】epoch:46/120 loss:0.1343 acc:0.9470
INFO:__main__:
【val】epoch:46/120 loss:0.3996 acc:0.8917
INFO:__main__:
【Val】:  SENS: 0.8800  SPEC: 0.8984  PPV: 0.8314  NPV: 0.9293 F1:0.8550
INFO:__main__:验证的best_acc:0.8984
INFO:__main__:----------------------------------------------------------------------------------------------------
INFO:__main__:
【train】epoch:47/120 loss:0.1415 acc:0.9433
INFO:__main__:
【val】epoch:47/120 loss:0.3911 acc:0.8772
INFO:__main__:
【Val】:  SENS: 0.7938  SPEC: 0.9247  PPV: 0.8571  NPV: 0.8874 F1:0.8243
INFO:__main__:验证的best_acc:0.8984
INFO:__main__:----------------------------------------------------------------------------------------------------
INFO:__main__:
【train】epoch:48/120 loss:0.1430 acc:0.9440
INFO:__main__:
【val】epoch:48/120 loss:0.3881 acc:0.8839
INFO:__main__:
【Val】:  SENS: 0.8369  SPEC: 0.9107  PPV: 0.8421  NPV: 0.9075 F1:0.8395
INFO:__main__:验证的best_acc:0.8984
INFO:__main__:----------------------------------------------------------------------------------------------------
INFO:__main__:
【train】epoch:49/120 loss:0.1275 acc:0.9500
INFO:__main__:
【val】epoch:49/120 loss:0.3711 acc:0.8873
INFO:__main__:
【Val】:  SENS: 0.8677  SPEC: 0.8984  PPV: 0.8294  NPV: 0.9227 F1:0.8481
INFO:__main__:验证的best_acc:0.8984
INFO:__main__:----------------------------------------------------------------------------------------------------
INFO:__main__:
【train】epoch:50/120 loss:0.1251 acc:0.9524
INFO:__main__:
【val】epoch:50/120 loss:0.4480 acc:0.8795
INFO:__main__:
【Val】:  SENS: 0.8523  SPEC: 0.8949  PPV: 0.8220  NPV: 0.9141 F1:0.8369
INFO:__main__:验证的best_acc:0.8984
INFO:__main__:----------------------------------------------------------------------------------------------------
INFO:__main__:
【train】epoch:51/120 loss:0.1274 acc:0.9493
INFO:__main__:
【val】epoch:51/120 loss:0.3484 acc:0.8951
INFO:__main__:
【Val】:  SENS: 0.8585  SPEC: 0.9159  PPV: 0.8532  NPV: 0.9192 F1:0.8558
INFO:__main__:验证的best_acc:0.8984
INFO:__main__:----------------------------------------------------------------------------------------------------
INFO:__main__:
【train】epoch:52/120 loss:0.1214 acc:0.9561
INFO:__main__:
【val】epoch:52/120 loss:0.4030 acc:0.8839
INFO:__main__:
【Val】:  SENS: 0.8431  SPEC: 0.9072  PPV: 0.8379  NPV: 0.9104 F1:0.8405
INFO:__main__:验证的best_acc:0.8984
INFO:__main__:----------------------------------------------------------------------------------------------------
INFO:__main__:
【train】epoch:53/120 loss:0.1178 acc:0.9554
INFO:__main__:
【val】epoch:53/120 loss:0.3919 acc:0.8917
INFO:__main__:
【Val】:  SENS: 0.8431  SPEC: 0.9194  PPV: 0.8562  NPV: 0.9115 F1:0.8496
INFO:__main__:验证的best_acc:0.8984
INFO:__main__:----------------------------------------------------------------------------------------------------
INFO:__main__:
【train】epoch:54/120 loss:0.1210 acc:0.9507
INFO:__main__:
【val】epoch:54/120 loss:0.4297 acc:0.8694
INFO:__main__:
【Val】:  SENS: 0.8554  SPEC: 0.8774  PPV: 0.7989  NPV: 0.9142 F1:0.8262
INFO:__main__:验证的best_acc:0.8984
INFO:__main__:----------------------------------------------------------------------------------------------------
INFO:__main__:
【train】epoch:55/120 loss:0.1264 acc:0.9495
INFO:__main__:
【val】epoch:55/120 loss:0.3489 acc:0.8862
INFO:__main__:
【Val】:  SENS: 0.8677  SPEC: 0.8967  PPV: 0.8270  NPV: 0.9225 F1:0.8468
INFO:__main__:验证的best_acc:0.8984
INFO:__main__:----------------------------------------------------------------------------------------------------
INFO:__main__:
【train】epoch:56/120 loss:0.1179 acc:0.9523
INFO:__main__:
【val】epoch:56/120 loss:0.3913 acc:0.8705
INFO:__main__:
【Val】:  SENS: 0.8492  SPEC: 0.8827  PPV: 0.8047  NPV: 0.9114 F1:0.8263
INFO:__main__:验证的best_acc:0.8984
INFO:__main__:----------------------------------------------------------------------------------------------------
INFO:__main__:
【train】epoch:57/120 loss:0.1075 acc:0.9591
INFO:__main__:
【val】epoch:57/120 loss:0.4043 acc:0.8694
INFO:__main__:
【Val】:  SENS: 0.8123  SPEC: 0.9019  PPV: 0.8250  NPV: 0.8941 F1:0.8186
INFO:__main__:验证的best_acc:0.8984
INFO:__main__:----------------------------------------------------------------------------------------------------
INFO:__main__:
【train】epoch:58/120 loss:0.1159 acc:0.9530
INFO:__main__:
【val】epoch:58/120 loss:0.3673 acc:0.8850
INFO:__main__:
【Val】:  SENS: 0.8369  SPEC: 0.9124  PPV: 0.8447  NPV: 0.9077 F1:0.8408
INFO:__main__:验证的best_acc:0.8984
INFO:__main__:----------------------------------------------------------------------------------------------------
INFO:__main__:
【train】epoch:59/120 loss:0.0998 acc:0.9596
INFO:__main__:
【val】epoch:59/120 loss:0.3896 acc:0.8873
INFO:__main__:
【Val】:  SENS: 0.8154  SPEC: 0.9282  PPV: 0.8660  NPV: 0.8983 F1:0.8399
INFO:__main__:验证的best_acc:0.8984
INFO:__main__:----------------------------------------------------------------------------------------------------
INFO:__main__:
【train】epoch:60/120 loss:0.1075 acc:0.9584
INFO:__main__:
【val】epoch:60/120 loss:0.3708 acc:0.8873
INFO:__main__:
【Val】:  SENS: 0.8185  SPEC: 0.9264  PPV: 0.8636  NPV: 0.8997 F1:0.8404
INFO:__main__:验证的best_acc:0.8984
INFO:__main__:----------------------------------------------------------------------------------------------------
INFO:__main__:
【train】epoch:61/120 loss:0.1020 acc:0.9624
INFO:__main__:
【val】epoch:61/120 loss:0.4146 acc:0.8962
INFO:__main__:
【Val】:  SENS: 0.8615  SPEC: 0.9159  PPV: 0.8537  NPV: 0.9208 F1:0.8576
INFO:__main__:验证的best_acc:0.8984
INFO:__main__:----------------------------------------------------------------------------------------------------
INFO:__main__:
【train】epoch:62/120 loss:0.1043 acc:0.9588
INFO:__main__:
【val】epoch:62/120 loss:0.3911 acc:0.8895
INFO:__main__:
【Val】:  SENS: 0.8092  SPEC: 0.9352  PPV: 0.8767  NPV: 0.8960 F1:0.8416
INFO:__main__:验证的best_acc:0.8984
INFO:__main__:----------------------------------------------------------------------------------------------------
INFO:__main__:
【train】epoch:63/120 loss:0.1000 acc:0.9620
INFO:__main__:
【val】epoch:63/120 loss:0.3591 acc:0.8850
INFO:__main__:
【Val】:  SENS: 0.8431  SPEC: 0.9089  PPV: 0.8405  NPV: 0.9105 F1:0.8418
INFO:__main__:验证的best_acc:0.8984
INFO:__main__:----------------------------------------------------------------------------------------------------
INFO:__main__:
【train】epoch:64/120 loss:0.0962 acc:0.9626
INFO:__main__:
【val】epoch:64/120 loss:0.4125 acc:0.8862
INFO:__main__:
【Val】:  SENS: 0.8308  SPEC: 0.9177  PPV: 0.8517  NPV: 0.9050 F1:0.8411
INFO:__main__:验证的best_acc:0.8984
INFO:__main__:----------------------------------------------------------------------------------------------------
INFO:__main__:
【train】epoch:65/120 loss:0.0980 acc:0.9625
INFO:__main__:
【val】epoch:65/120 loss:0.4301 acc:0.8806
INFO:__main__:
【Val】:  SENS: 0.8400  SPEC: 0.9037  PPV: 0.8323  NPV: 0.9085 F1:0.8361
INFO:__main__:验证的best_acc:0.8984
INFO:__main__:----------------------------------------------------------------------------------------------------
INFO:__main__:
【train】epoch:66/120 loss:0.0955 acc:0.9644
INFO:__main__:
【val】epoch:66/120 loss:0.4434 acc:0.8817
INFO:__main__:
【Val】:  SENS: 0.8277  SPEC: 0.9124  PPV: 0.8433  NPV: 0.9029 F1:0.8354
INFO:__main__:验证的best_acc:0.8984
INFO:__main__:----------------------------------------------------------------------------------------------------
INFO:__main__:
【train】epoch:67/120 loss:0.0943 acc:0.9633
INFO:__main__:
【val】epoch:67/120 loss:0.3886 acc:0.8750
INFO:__main__:
【Val】:  SENS: 0.8462  SPEC: 0.8914  PPV: 0.8160  NPV: 0.9106 F1:0.8308
INFO:__main__:验证的best_acc:0.8984
INFO:__main__:----------------------------------------------------------------------------------------------------
INFO:__main__:
【train】epoch:68/120 loss:0.0897 acc:0.9654
INFO:__main__:
【val】epoch:68/120 loss:0.3577 acc:0.8951
INFO:__main__:
【Val】:  SENS: 0.8708  SPEC: 0.9089  PPV: 0.8448  NPV: 0.9251 F1:0.8576
INFO:__main__:验证的best_acc:0.8984
INFO:__main__:----------------------------------------------------------------------------------------------------
INFO:__main__:
【train】epoch:69/120 loss:0.0916 acc:0.9641
INFO:__main__:
【val】epoch:69/120 loss:0.3843 acc:0.8973
INFO:__main__:
【Val】:  SENS: 0.8338  SPEC: 0.9335  PPV: 0.8770  NPV: 0.9080 F1:0.8549
INFO:__main__:验证的best_acc:0.8984
INFO:__main__:----------------------------------------------------------------------------------------------------
INFO:__main__:
【train】epoch:70/120 loss:0.0842 acc:0.9666
INFO:__main__:
【val】epoch:70/120 loss:0.4121 acc:0.8795
INFO:__main__:
【Val】:  SENS: 0.8338  SPEC: 0.9054  PPV: 0.8338  NPV: 0.9054 F1:0.8338
INFO:__main__:验证的best_acc:0.8984
INFO:__main__:----------------------------------------------------------------------------------------------------
INFO:__main__:
【train】epoch:71/120 loss:0.0821 acc:0.9693
INFO:__main__:
【val】epoch:71/120 loss:0.3913 acc:0.8984
INFO:__main__:
【Val】:  SENS: 0.8431  SPEC: 0.9299  PPV: 0.8726  NPV: 0.9124 F1:0.8576
INFO:__main__:验证的best_acc:0.8984
INFO:__main__:----------------------------------------------------------------------------------------------------
INFO:__main__:
【train】epoch:72/120 loss:0.0757 acc:0.9705
INFO:__main__:
【val】epoch:72/120 loss:0.4315 acc:0.8940
INFO:__main__:
【Val】:  SENS: 0.8554  SPEC: 0.9159  PPV: 0.8528  NPV: 0.9175 F1:0.8541
INFO:__main__:验证的best_acc:0.8984
INFO:__main__:----------------------------------------------------------------------------------------------------
INFO:__main__:
【train】epoch:73/120 loss:0.0805 acc:0.9698
INFO:__main__:
【val】epoch:73/120 loss:0.4107 acc:0.8929
INFO:__main__:
【Val】:  SENS: 0.8215  SPEC: 0.9335  PPV: 0.8754  NPV: 0.9019 F1:0.8476
INFO:__main__:验证的best_acc:0.8984
INFO:__main__:----------------------------------------------------------------------------------------------------
INFO:__main__:
【train】epoch:74/120 loss:0.0774 acc:0.9700
INFO:__main__:
【val】epoch:74/120 loss:0.4229 acc:0.8850
INFO:__main__:
【Val】:  SENS: 0.8369  SPEC: 0.9124  PPV: 0.8447  NPV: 0.9077 F1:0.8408
INFO:__main__:验证的best_acc:0.8984
INFO:__main__:----------------------------------------------------------------------------------------------------
INFO:__main__:
【train】epoch:75/120 loss:0.0818 acc:0.9674
INFO:__main__:
【val】epoch:75/120 loss:0.4161 acc:0.8761
INFO:__main__:
【Val】:  SENS: 0.7938  SPEC: 0.9229  PPV: 0.8543  NPV: 0.8872 F1:0.8230
INFO:__main__:验证的best_acc:0.8984
INFO:__main__:----------------------------------------------------------------------------------------------------
INFO:__main__:
【train】epoch:76/120 loss:0.0801 acc:0.9682
INFO:__main__:
【val】epoch:76/120 loss:0.3759 acc:0.8906
INFO:__main__:
【Val】:  SENS: 0.8215  SPEC: 0.9299  PPV: 0.8697  NPV: 0.9015 F1:0.8449
INFO:__main__:验证的best_acc:0.8984
INFO:__main__:----------------------------------------------------------------------------------------------------
INFO:__main__:
【train】epoch:77/120 loss:0.0781 acc:0.9696
INFO:__main__:
【val】epoch:77/120 loss:0.4216 acc:0.8806
INFO:__main__:
【Val】:  SENS: 0.8677  SPEC: 0.8879  PPV: 0.8150  NPV: 0.9218 F1:0.8405
INFO:__main__:验证的best_acc:0.8984
INFO:__main__:----------------------------------------------------------------------------------------------------
INFO:__main__:
【train】epoch:78/120 loss:0.0756 acc:0.9694
INFO:__main__:
【val】epoch:78/120 loss:0.4181 acc:0.8873
INFO:__main__:
【Val】:  SENS: 0.8585  SPEC: 0.9037  PPV: 0.8353  NPV: 0.9181 F1:0.8467
INFO:__main__:验证的best_acc:0.8984
INFO:__main__:----------------------------------------------------------------------------------------------------
INFO:__main__:
【train】epoch:79/120 loss:0.0716 acc:0.9732
INFO:__main__:
【val】epoch:79/120 loss:0.4471 acc:0.8951
INFO:__main__:
【Val】:  SENS: 0.8554  SPEC: 0.9177  PPV: 0.8554  NPV: 0.9177 F1:0.8554
INFO:__main__:验证的best_acc:0.8984
INFO:__main__:----------------------------------------------------------------------------------------------------
INFO:__main__:
【train】epoch:80/120 loss:0.0687 acc:0.9724
INFO:__main__:
【val】epoch:80/120 loss:0.4723 acc:0.8873
INFO:__main__:
【Val】:  SENS: 0.8585  SPEC: 0.9037  PPV: 0.8353  NPV: 0.9181 F1:0.8467
INFO:__main__:验证的best_acc:0.8984
INFO:__main__:----------------------------------------------------------------------------------------------------
INFO:__main__:
【train】epoch:81/120 loss:0.0697 acc:0.9731
INFO:__main__:
【val】epoch:81/120 loss:0.4030 acc:0.8795
INFO:__main__:
【Val】:  SENS: 0.8400  SPEC: 0.9019  PPV: 0.8298  NPV: 0.9083 F1:0.8349
INFO:__main__:验证的best_acc:0.8984
INFO:__main__:----------------------------------------------------------------------------------------------------
INFO:__main__:
【train】epoch:82/120 loss:0.0666 acc:0.9738
INFO:__main__:
【val】epoch:82/120 loss:0.4337 acc:0.8862
INFO:__main__:
【Val】:  SENS: 0.8308  SPEC: 0.9177  PPV: 0.8517  NPV: 0.9050 F1:0.8411
INFO:__main__:验证的best_acc:0.8984
INFO:__main__:----------------------------------------------------------------------------------------------------
INFO:__main__:
【train】epoch:83/120 loss:0.0597 acc:0.9766
INFO:__main__:
【val】epoch:83/120 loss:0.5162 acc:0.8850
INFO:__main__:
【Val】:  SENS: 0.8492  SPEC: 0.9054  PPV: 0.8364  NPV: 0.9134 F1:0.8427
INFO:__main__:验证的best_acc:0.8984
INFO:__main__:----------------------------------------------------------------------------------------------------
INFO:__main__:
【train】epoch:84/120 loss:0.0632 acc:0.9743
INFO:__main__:
【val】epoch:84/120 loss:0.4348 acc:0.8817
INFO:__main__:
【Val】:  SENS: 0.8308  SPEC: 0.9107  PPV: 0.8411  NPV: 0.9043 F1:0.8359
INFO:__main__:验证的best_acc:0.8984
INFO:__main__:----------------------------------------------------------------------------------------------------
INFO:__main__:
【train】epoch:85/120 loss:0.0664 acc:0.9740
INFO:__main__:
【val】epoch:85/120 loss:0.4224 acc:0.8906
INFO:__main__:
【Val】:  SENS: 0.8431  SPEC: 0.9177  PPV: 0.8536  NPV: 0.9113 F1:0.8483
INFO:__main__:验证的best_acc:0.8984
INFO:__main__:----------------------------------------------------------------------------------------------------
INFO:__main__:
【train】epoch:86/120 loss:0.0596 acc:0.9777
INFO:__main__:
【val】epoch:86/120 loss:0.4145 acc:0.8951
INFO:__main__:
【Val】:  SENS: 0.8708  SPEC: 0.9089  PPV: 0.8448  NPV: 0.9251 F1:0.8576
INFO:__main__:验证的best_acc:0.8984
INFO:__main__:----------------------------------------------------------------------------------------------------
INFO:__main__:
【train】epoch:87/120 loss:0.0632 acc:0.9736
INFO:__main__:
【val】epoch:87/120 loss:0.3981 acc:0.8984
INFO:__main__:
【Val】:  SENS: 0.8585  SPEC: 0.9212  PPV: 0.8611  NPV: 0.9196 F1:0.8598
INFO:__main__:验证的best_acc:0.8984
INFO:__main__:----------------------------------------------------------------------------------------------------
INFO:__main__:
【train】epoch:88/120 loss:0.0638 acc:0.9746
INFO:__main__:
【val】epoch:88/120 loss:0.4683 acc:0.8828
INFO:__main__:
【Val】:  SENS: 0.8646  SPEC: 0.8932  PPV: 0.8216  NPV: 0.9206 F1:0.8426
INFO:__main__:验证的best_acc:0.8984
INFO:__main__:----------------------------------------------------------------------------------------------------
INFO:__main__:
【train】epoch:89/120 loss:0.0582 acc:0.9788
INFO:__main__:
【val】epoch:89/120 loss:0.4693 acc:0.8895
INFO:__main__:
【Val】:  SENS: 0.8338  SPEC: 0.9212  PPV: 0.8576  NPV: 0.9069 F1:0.8456
INFO:__main__:验证的best_acc:0.8984
INFO:__main__:----------------------------------------------------------------------------------------------------
INFO:__main__:
【train】epoch:90/120 loss:0.0582 acc:0.9772
INFO:__main__:
【val】epoch:90/120 loss:0.4332 acc:0.8917
INFO:__main__:
【Val】:  SENS: 0.8554  SPEC: 0.9124  PPV: 0.8476  NPV: 0.9173 F1:0.8515
INFO:__main__:验证的best_acc:0.8984
INFO:__main__:----------------------------------------------------------------------------------------------------
INFO:__main__:
【train】epoch:91/120 loss:0.0530 acc:0.9792
INFO:__main__:
【val】epoch:91/120 loss:0.4308 acc:0.8940
INFO:__main__:
【Val】:  SENS: 0.8277  SPEC: 0.9317  PPV: 0.8734  NPV: 0.9048 F1:0.8499
INFO:__main__:验证的best_acc:0.8984
INFO:__main__:----------------------------------------------------------------------------------------------------
INFO:__main__:
【train】epoch:92/120 loss:0.0563 acc:0.9793
INFO:__main__:
【val】epoch:92/120 loss:0.3902 acc:0.9074
INFO:__main__:
【Val】:  SENS: 0.8738  SPEC: 0.9264  PPV: 0.8712  NPV: 0.9281 F1:0.8725
INFO:__main__:验证的best_acc:0.9074
INFO:__main__:----------------------------------------------------------------------------------------------------
INFO:__main__:
【train】epoch:93/120 loss:0.0551 acc:0.9781
INFO:__main__:
【val】epoch:93/120 loss:0.4527 acc:0.8895
INFO:__main__:
【Val】:  SENS: 0.8400  SPEC: 0.9177  PPV: 0.8531  NPV: 0.9097 F1:0.8465
INFO:__main__:验证的best_acc:0.9074
INFO:__main__:----------------------------------------------------------------------------------------------------
INFO:__main__:
【train】epoch:94/120 loss:0.0555 acc:0.9798
INFO:__main__:
【val】epoch:94/120 loss:0.4677 acc:0.8940
INFO:__main__:
【Val】:  SENS: 0.8185  SPEC: 0.9370  PPV: 0.8808  NPV: 0.9007 F1:0.8485
INFO:__main__:验证的best_acc:0.9074
INFO:__main__:----------------------------------------------------------------------------------------------------
INFO:__main__:
【train】epoch:95/120 loss:0.0514 acc:0.9804
INFO:__main__:
【val】epoch:95/120 loss:0.4426 acc:0.8884
INFO:__main__:
【Val】:  SENS: 0.8615  SPEC: 0.9037  PPV: 0.8358  NPV: 0.9198 F1:0.8485
INFO:__main__:验证的best_acc:0.9074
INFO:__main__:----------------------------------------------------------------------------------------------------
INFO:__main__:
【train】epoch:96/120 loss:0.0478 acc:0.9823
INFO:__main__:
【val】epoch:96/120 loss:0.4677 acc:0.8929
INFO:__main__:
【Val】:  SENS: 0.8738  SPEC: 0.9037  PPV: 0.8378  NPV: 0.9264 F1:0.8554
INFO:__main__:验证的best_acc:0.9074
INFO:__main__:----------------------------------------------------------------------------------------------------
INFO:__main__:
【train】epoch:97/120 loss:0.0606 acc:0.9765
INFO:__main__:
【val】epoch:97/120 loss:0.4527 acc:0.8806
INFO:__main__:
【Val】:  SENS: 0.8800  SPEC: 0.8809  PPV: 0.8079  NPV: 0.9280 F1:0.8424
INFO:__main__:验证的best_acc:0.9074
INFO:__main__:----------------------------------------------------------------------------------------------------
INFO:__main__:
【train】epoch:98/120 loss:0.0497 acc:0.9819
INFO:__main__:
【val】epoch:98/120 loss:0.4288 acc:0.8895
INFO:__main__:
【Val】:  SENS: 0.8646  SPEC: 0.9037  PPV: 0.8363  NPV: 0.9214 F1:0.8502
INFO:__main__:验证的best_acc:0.9074
INFO:__main__:----------------------------------------------------------------------------------------------------
INFO:__main__:
【train】epoch:99/120 loss:0.0506 acc:0.9798
INFO:__main__:
【val】epoch:99/120 loss:0.4672 acc:0.8917
INFO:__main__:
【Val】:  SENS: 0.8523  SPEC: 0.9142  PPV: 0.8497  NPV: 0.9158 F1:0.8510
INFO:__main__:验证的best_acc:0.9074
INFO:__main__:----------------------------------------------------------------------------------------------------
INFO:__main__:
【train】epoch:100/120 loss:0.0417 acc:0.9840
INFO:__main__:
【val】epoch:100/120 loss:0.4716 acc:0.8906
INFO:__main__:
【Val】:  SENS: 0.8246  SPEC: 0.9282  PPV: 0.8673  NPV: 0.9029 F1:0.8454
INFO:__main__:验证的best_acc:0.9074
INFO:__main__:----------------------------------------------------------------------------------------------------
INFO:__main__:
【train】epoch:101/120 loss:0.0399 acc:0.9867
INFO:__main__:
【val】epoch:101/120 loss:0.4609 acc:0.8940
INFO:__main__:
【Val】:  SENS: 0.8462  SPEC: 0.9212  PPV: 0.8594  NPV: 0.9132 F1:0.8527
INFO:__main__:验证的best_acc:0.9074
INFO:__main__:----------------------------------------------------------------------------------------------------
INFO:__main__:
【train】epoch:102/120 loss:0.0462 acc:0.9807
INFO:__main__:
【val】epoch:102/120 loss:0.4411 acc:0.8951
INFO:__main__:
【Val】:  SENS: 0.8677  SPEC: 0.9107  PPV: 0.8468  NPV: 0.9236 F1:0.8571
INFO:__main__:验证的best_acc:0.9074
INFO:__main__:----------------------------------------------------------------------------------------------------
INFO:__main__:
【train】epoch:103/120 loss:0.0448 acc:0.9826
INFO:__main__:
【val】epoch:103/120 loss:0.4786 acc:0.8951
INFO:__main__:
【Val】:  SENS: 0.8554  SPEC: 0.9177  PPV: 0.8554  NPV: 0.9177 F1:0.8554
INFO:__main__:验证的best_acc:0.9074
INFO:__main__:----------------------------------------------------------------------------------------------------
INFO:__main__:
【train】epoch:104/120 loss:0.0478 acc:0.9818
INFO:__main__:
【val】epoch:104/120 loss:0.4632 acc:0.8996
INFO:__main__:
【Val】:  SENS: 0.8369  SPEC: 0.9352  PPV: 0.8803  NPV: 0.9097 F1:0.8580
INFO:__main__:验证的best_acc:0.9074
INFO:__main__:----------------------------------------------------------------------------------------------------
INFO:__main__:
【train】epoch:105/120 loss:0.0461 acc:0.9840
INFO:__main__:
【val】epoch:105/120 loss:0.4697 acc:0.9029
INFO:__main__:
【Val】:  SENS: 0.8400  SPEC: 0.9387  PPV: 0.8864  NPV: 0.9116 F1:0.8626
INFO:__main__:验证的best_acc:0.9074
INFO:__main__:----------------------------------------------------------------------------------------------------
INFO:__main__:
【train】epoch:106/120 loss:0.0432 acc:0.9829
INFO:__main__:
【val】epoch:106/120 loss:0.4662 acc:0.8940
INFO:__main__:
【Val】:  SENS: 0.8400  SPEC: 0.9247  PPV: 0.8639  NPV: 0.9103 F1:0.8518
INFO:__main__:验证的best_acc:0.9074
INFO:__main__:----------------------------------------------------------------------------------------------------
INFO:__main__:
【train】epoch:107/120 loss:0.0436 acc:0.9849
INFO:__main__:
【val】epoch:107/120 loss:0.4765 acc:0.8984
INFO:__main__:
【Val】:  SENS: 0.8400  SPEC: 0.9317  PPV: 0.8750  NPV: 0.9110 F1:0.8571
INFO:__main__:验证的best_acc:0.9074
INFO:__main__:----------------------------------------------------------------------------------------------------
INFO:__main__:
【train】epoch:108/120 loss:0.0413 acc:0.9859
INFO:__main__:
【val】epoch:108/120 loss:0.4324 acc:0.9029
INFO:__main__:
【Val】:  SENS: 0.8615  SPEC: 0.9264  PPV: 0.8696  NPV: 0.9216 F1:0.8655
INFO:__main__:验证的best_acc:0.9074
INFO:__main__:----------------------------------------------------------------------------------------------------
INFO:__main__:
【train】epoch:109/120 loss:0.0406 acc:0.9849
INFO:__main__:
【val】epoch:109/120 loss:0.4563 acc:0.9040
INFO:__main__:
【Val】:  SENS: 0.8646  SPEC: 0.9264  PPV: 0.8700  NPV: 0.9232 F1:0.8673
INFO:__main__:验证的best_acc:0.9074
INFO:__main__:----------------------------------------------------------------------------------------------------
INFO:__main__:
【train】epoch:110/120 loss:0.0351 acc:0.9871
INFO:__main__:
【val】epoch:110/120 loss:0.4746 acc:0.9018
INFO:__main__:
【Val】:  SENS: 0.8646  SPEC: 0.9229  PPV: 0.8646  NPV: 0.9229 F1:0.8646
INFO:__main__:验证的best_acc:0.9074
INFO:__main__:----------------------------------------------------------------------------------------------------
INFO:__main__:
【train】epoch:111/120 loss:0.0392 acc:0.9856
INFO:__main__:
【val】epoch:111/120 loss:0.5036 acc:0.8873
INFO:__main__:
【Val】:  SENS: 0.8369  SPEC: 0.9159  PPV: 0.8500  NPV: 0.9080 F1:0.8434
INFO:__main__:验证的best_acc:0.9074
INFO:__main__:----------------------------------------------------------------------------------------------------
INFO:__main__:
【train】epoch:112/120 loss:0.0339 acc:0.9867
INFO:__main__:
【val】epoch:112/120 loss:0.4911 acc:0.8929
INFO:__main__:
【Val】:  SENS: 0.8277  SPEC: 0.9299  PPV: 0.8706  NPV: 0.9046 F1:0.8486
INFO:__main__:验证的best_acc:0.9074
INFO:__main__:----------------------------------------------------------------------------------------------------
INFO:__main__:
【train】epoch:113/120 loss:0.0373 acc:0.9860
INFO:__main__:
【val】epoch:113/120 loss:0.4857 acc:0.8917
INFO:__main__:
【Val】:  SENS: 0.8646  SPEC: 0.9072  PPV: 0.8413  NPV: 0.9217 F1:0.8528
INFO:__main__:验证的best_acc:0.9074
INFO:__main__:----------------------------------------------------------------------------------------------------
INFO:__main__:
【train】epoch:114/120 loss:0.0351 acc:0.9867
INFO:__main__:
【val】epoch:114/120 loss:0.4765 acc:0.8906
INFO:__main__:
【Val】:  SENS: 0.8462  SPEC: 0.9159  PPV: 0.8514  NPV: 0.9127 F1:0.8488
INFO:__main__:验证的best_acc:0.9074
INFO:__main__:----------------------------------------------------------------------------------------------------
INFO:__main__:
【train】epoch:115/120 loss:0.0313 acc:0.9901
INFO:__main__:
【val】epoch:115/120 loss:0.4970 acc:0.8940
INFO:__main__:
【Val】:  SENS: 0.8431  SPEC: 0.9229  PPV: 0.8616  NPV: 0.9118 F1:0.8523
INFO:__main__:验证的best_acc:0.9074
INFO:__main__:----------------------------------------------------------------------------------------------------
INFO:__main__:
【train】epoch:116/120 loss:0.0316 acc:0.9875
INFO:__main__:
【val】epoch:116/120 loss:0.5440 acc:0.8951
INFO:__main__:
【Val】:  SENS: 0.8769  SPEC: 0.9054  PPV: 0.8407  NPV: 0.9282 F1:0.8584
INFO:__main__:验证的best_acc:0.9074
INFO:__main__:----------------------------------------------------------------------------------------------------
INFO:__main__:
【train】epoch:117/120 loss:0.0358 acc:0.9880
INFO:__main__:
【val】epoch:117/120 loss:0.4963 acc:0.9007
INFO:__main__:
【Val】:  SENS: 0.8677  SPEC: 0.9194  PPV: 0.8598  NPV: 0.9243 F1:0.8637
INFO:__main__:验证的best_acc:0.9074
INFO:__main__:----------------------------------------------------------------------------------------------------
INFO:__main__:
【train】epoch:118/120 loss:0.0373 acc:0.9867
INFO:__main__:
【val】epoch:118/120 loss:0.4955 acc:0.8984
INFO:__main__:
【Val】:  SENS: 0.8585  SPEC: 0.9212  PPV: 0.8611  NPV: 0.9196 F1:0.8598
INFO:__main__:验证的best_acc:0.9074
INFO:__main__:----------------------------------------------------------------------------------------------------
INFO:__main__:
【train】epoch:119/120 loss:0.0279 acc:0.9891
INFO:__main__:
【val】epoch:119/120 loss:0.4932 acc:0.8962
INFO:__main__:
【Val】:  SENS: 0.8585  SPEC: 0.9177  PPV: 0.8558  NPV: 0.9193 F1:0.8571
INFO:__main__:验证的best_acc:0.9074
INFO:__main__:----------------------------------------------------------------------------------------------------
INFO:__main__:****************************************************************************************************
INFO:__main__:Val_LOSS:['0.5076', '0.4882', '0.4552', '0.4613', '0.4183', '0.5469', '0.6354', '0.6122', '0.4264', '0.4142', '0.4516', '0.4612', '0.2996', '0.3684', '0.3145', '0.3825', '0.3650', '0.3526', '0.5021', '0.3161', '0.3096', '0.3552', '0.3622', '0.3545', '0.2764', '0.3149', '0.3034', '0.4430', '0.3155', '0.3391', '0.3254', '0.4620', '0.3817', '0.3715', '0.4130', '0.5499', '0.3506', '0.3142', '0.3505', '0.4012', '0.3779', '0.4151', '0.3898', '0.4127', '0.3772', '0.3318', '0.3996', '0.3911', '0.3881', '0.3711', '0.4480', '0.3484', '0.4030', '0.3919', '0.4297', '0.3489', '0.3913', '0.4043', '0.3673', '0.3896', '0.3708', '0.4146', '0.3911', '0.3591', '0.4125', '0.4301', '0.4434', '0.3886', '0.3577', '0.3843', '0.4121', '0.3913', '0.4315', '0.4107', '0.4229', '0.4161', '0.3759', '0.4216', '0.4181', '0.4471', '0.4723', '0.4030', '0.4337', '0.5162', '0.4348', '0.4224', '0.4145', '0.3981', '0.4683', '0.4693', '0.4332', '0.4308', '0.3902', '0.4527', '0.4677', '0.4426', '0.4677', '0.4527', '0.4288', '0.4672', '0.4716', '0.4609', '0.4411', '0.4786', '0.4632', '0.4697', '0.4662', '0.4765', '0.4324', '0.4563', '0.4746', '0.5036', '0.4911', '0.4857', '0.4765', '0.4970', '0.5440', '0.4963', '0.4955', '0.4932']
INFO:__main__:Val_ACC:['0.7310', '0.7355', '0.7690', '0.7567', '0.7824', '0.7455', '0.7388', '0.7522', '0.7790', '0.7946', '0.7734', '0.7902', '0.8594', '0.8225', '0.8482', '0.8103', '0.8348', '0.8315', '0.7946', '0.8694', '0.8650', '0.8438', '0.8650', '0.8560', '0.8850', '0.8672', '0.8772', '0.8192', '0.8850', '0.8683', '0.8650', '0.8292', '0.8460', '0.8583', '0.8705', '0.8359', '0.8717', '0.8984', '0.8594', '0.8616', '0.8929', '0.8605', '0.8828', '0.8750', '0.8761', '0.8806', '0.8917', '0.8772', '0.8839', '0.8873', '0.8795', '0.8951', '0.8839', '0.8917', '0.8694', '0.8862', '0.8705', '0.8694', '0.8850', '0.8873', '0.8873', '0.8962', '0.8895', '0.8850', '0.8862', '0.8806', '0.8817', '0.8750', '0.8951', '0.8973', '0.8795', '0.8984', '0.8940', '0.8929', '0.8850', '0.8761', '0.8906', '0.8806', '0.8873', '0.8951', '0.8873', '0.8795', '0.8862', '0.8850', '0.8817', '0.8906', '0.8951', '0.8984', '0.8828', '0.8895', '0.8917', '0.8940', '0.9074', '0.8895', '0.8940', '0.8884', '0.8929', '0.8806', '0.8895', '0.8917', '0.8906', '0.8940', '0.8951', '0.8951', '0.8996', '0.9029', '0.8940', '0.8984', '0.9029', '0.9040', '0.9018', '0.8873', '0.8929', '0.8917', '0.8906', '0.8940', '0.8951', '0.9007', '0.8984', '0.8962']
INFO:__main__:****************************************************************************************************
INFO:__main__: epoch0 测试test_Loss: 0.7524  test_ACC: 0.8788  
INFO:__main__:SENS: 0.7930 SPEC: 0.9287 PPV: 0.8662 NPV: 0.8851 F1:0.8280
INFO:__main__:test_Best_acc:0.8788
INFO:__main__:flops:2663936992.0  params:14150050.0
