INFO:__main__:
【train】epoch:0/120 loss:0.5437 acc:0.7180
INFO:__main__:
【val】epoch:0/120 loss:0.4635 acc:0.7588
INFO:__main__:
【Val】:  SENS: 0.4719  SPEC: 0.8752  PPV: 0.6056  NPV: 0.8032 F1:0.5304
INFO:__main__:验证的best_acc:0.7588
INFO:__main__:----------------------------------------------------------------------------------------------------
INFO:__main__:
【train】epoch:1/120 loss:0.4718 acc:0.7610
INFO:__main__:
【val】epoch:1/120 loss:0.4544 acc:0.7763
INFO:__main__:
【Val】:  SENS: 0.7056  SPEC: 0.8049  PPV: 0.5949  NPV: 0.8707 F1:0.6455
INFO:__main__:验证的best_acc:0.7763
INFO:__main__:----------------------------------------------------------------------------------------------------
INFO:__main__:
【train】epoch:2/120 loss:0.4471 acc:0.7766
INFO:__main__:
【val】epoch:2/120 loss:0.4449 acc:0.7925
INFO:__main__:
【Val】:  SENS: 0.7792  SPEC: 0.7979  PPV: 0.6102  NPV: 0.8990 F1:0.6844
INFO:__main__:验证的best_acc:0.7925
INFO:__main__:----------------------------------------------------------------------------------------------------
INFO:__main__:
【train】epoch:3/120 loss:0.4262 acc:0.7879
INFO:__main__:
【val】epoch:3/120 loss:0.3976 acc:0.8238
INFO:__main__:
【Val】:  SENS: 0.7273  SPEC: 0.8629  PPV: 0.6829  NPV: 0.8863 F1:0.7044
INFO:__main__:验证的best_acc:0.8238
INFO:__main__:----------------------------------------------------------------------------------------------------
INFO:__main__:
【train】epoch:4/120 loss:0.4084 acc:0.8042
INFO:__main__:
【val】epoch:4/120 loss:0.3895 acc:0.8313
INFO:__main__:
【Val】:  SENS: 0.7749  SPEC: 0.8541  PPV: 0.6832  NPV: 0.9033 F1:0.7262
INFO:__main__:验证的best_acc:0.8313
INFO:__main__:----------------------------------------------------------------------------------------------------
INFO:__main__:
【train】epoch:5/120 loss:0.3746 acc:0.8264
INFO:__main__:
【val】epoch:5/120 loss:0.3676 acc:0.8388
INFO:__main__:
【Val】:  SENS: 0.5801  SPEC: 0.9438  PPV: 0.8072  NPV: 0.8470 F1:0.6751
INFO:__main__:验证的best_acc:0.8388
INFO:__main__:----------------------------------------------------------------------------------------------------
INFO:__main__:
【train】epoch:6/120 loss:0.3521 acc:0.8454
INFO:__main__:
【val】epoch:6/120 loss:0.2930 acc:0.8800
INFO:__main__:
【Val】:  SENS: 0.7879  SPEC: 0.9174  PPV: 0.7948  NPV: 0.9142 F1:0.7913
INFO:__main__:验证的best_acc:0.8800
INFO:__main__:----------------------------------------------------------------------------------------------------
INFO:__main__:
【train】epoch:7/120 loss:0.3352 acc:0.8558
INFO:__main__:
【val】epoch:7/120 loss:0.3559 acc:0.8388
INFO:__main__:
【Val】:  SENS: 0.8442  SPEC: 0.8366  PPV: 0.6771  NPV: 0.9297 F1:0.7514
INFO:__main__:验证的best_acc:0.8800
INFO:__main__:----------------------------------------------------------------------------------------------------
INFO:__main__:
【train】epoch:8/120 loss:0.3278 acc:0.8573
INFO:__main__:
【val】epoch:8/120 loss:0.3154 acc:0.8487
INFO:__main__:
【Val】:  SENS: 0.8052  SPEC: 0.8664  PPV: 0.7099  NPV: 0.9164 F1:0.7546
INFO:__main__:验证的best_acc:0.8800
INFO:__main__:----------------------------------------------------------------------------------------------------
INFO:__main__:
【train】epoch:9/120 loss:0.3003 acc:0.8738
INFO:__main__:
【val】epoch:9/120 loss:0.2842 acc:0.8800
INFO:__main__:
【Val】:  SENS: 0.8268  SPEC: 0.9016  PPV: 0.7733  NPV: 0.9277 F1:0.7992
INFO:__main__:验证的best_acc:0.8800
INFO:__main__:----------------------------------------------------------------------------------------------------
INFO:__main__:
【train】epoch:10/120 loss:0.2878 acc:0.8785
INFO:__main__:
【val】epoch:10/120 loss:0.4067 acc:0.8263
INFO:__main__:
【Val】:  SENS: 0.9091  SPEC: 0.7926  PPV: 0.6402  NPV: 0.9555 F1:0.7513
INFO:__main__:验证的best_acc:0.8800
INFO:__main__:----------------------------------------------------------------------------------------------------
INFO:__main__:
【train】epoch:11/120 loss:0.2658 acc:0.8866
INFO:__main__:
【val】epoch:11/120 loss:0.2977 acc:0.8712
INFO:__main__:
【Val】:  SENS: 0.8268  SPEC: 0.8893  PPV: 0.7520  NPV: 0.9267 F1:0.7876
INFO:__main__:验证的best_acc:0.8800
INFO:__main__:----------------------------------------------------------------------------------------------------
INFO:__main__:
【train】epoch:12/120 loss:0.2618 acc:0.8874
INFO:__main__:
【val】epoch:12/120 loss:0.3366 acc:0.8550
INFO:__main__:
【Val】:  SENS: 0.8701  SPEC: 0.8489  PPV: 0.7003  NPV: 0.9415 F1:0.7761
INFO:__main__:验证的best_acc:0.8800
INFO:__main__:----------------------------------------------------------------------------------------------------
INFO:__main__:
【train】epoch:13/120 loss:0.2492 acc:0.8982
INFO:__main__:
【val】epoch:13/120 loss:0.5147 acc:0.7937
INFO:__main__:
【Val】:  SENS: 0.9221  SPEC: 0.7417  PPV: 0.5917  NPV: 0.9591 F1:0.7208
INFO:__main__:验证的best_acc:0.8800
INFO:__main__:----------------------------------------------------------------------------------------------------
INFO:__main__:
【train】epoch:14/120 loss:0.2354 acc:0.9038
INFO:__main__:
【val】epoch:14/120 loss:0.2690 acc:0.8950
INFO:__main__:
【Val】:  SENS: 0.7662  SPEC: 0.9473  PPV: 0.8551  NPV: 0.9089 F1:0.8082
INFO:__main__:验证的best_acc:0.8950
INFO:__main__:----------------------------------------------------------------------------------------------------
INFO:__main__:
【train】epoch:15/120 loss:0.2364 acc:0.8996
INFO:__main__:
【val】epoch:15/120 loss:0.3111 acc:0.8763
INFO:__main__:
【Val】:  SENS: 0.8831  SPEC: 0.8735  PPV: 0.7391  NPV: 0.9485 F1:0.8047
INFO:__main__:验证的best_acc:0.8950
INFO:__main__:----------------------------------------------------------------------------------------------------
INFO:__main__:
【train】epoch:16/120 loss:0.2287 acc:0.9040
INFO:__main__:
【val】epoch:16/120 loss:0.2602 acc:0.8975
INFO:__main__:
【Val】:  SENS: 0.8485  SPEC: 0.9174  PPV: 0.8066  NPV: 0.9372 F1:0.8270
INFO:__main__:验证的best_acc:0.8975
INFO:__main__:----------------------------------------------------------------------------------------------------
INFO:__main__:
【train】epoch:17/120 loss:0.2115 acc:0.9121
INFO:__main__:
【val】epoch:17/120 loss:0.2740 acc:0.9000
INFO:__main__:
【Val】:  SENS: 0.8442  SPEC: 0.9227  PPV: 0.8159  NPV: 0.9358 F1:0.8298
INFO:__main__:验证的best_acc:0.9000
INFO:__main__:----------------------------------------------------------------------------------------------------
INFO:__main__:
【train】epoch:18/120 loss:0.2125 acc:0.9081
INFO:__main__:
【val】epoch:18/120 loss:0.4630 acc:0.8375
INFO:__main__:
【Val】:  SENS: 0.8961  SPEC: 0.8137  PPV: 0.6613  NPV: 0.9507 F1:0.7610
INFO:__main__:验证的best_acc:0.9000
INFO:__main__:----------------------------------------------------------------------------------------------------
INFO:__main__:
【train】epoch:19/120 loss:0.1961 acc:0.9207
INFO:__main__:
【val】epoch:19/120 loss:0.2949 acc:0.8850
INFO:__main__:
【Val】:  SENS: 0.8355  SPEC: 0.9051  PPV: 0.7814  NPV: 0.9313 F1:0.8075
INFO:__main__:验证的best_acc:0.9000
INFO:__main__:----------------------------------------------------------------------------------------------------
INFO:__main__:
【train】epoch:20/120 loss:0.1927 acc:0.9223
INFO:__main__:
【val】epoch:20/120 loss:0.3456 acc:0.8938
INFO:__main__:
【Val】:  SENS: 0.7359  SPEC: 0.9578  PPV: 0.8763  NPV: 0.8993 F1:0.8000
INFO:__main__:验证的best_acc:0.9000
INFO:__main__:----------------------------------------------------------------------------------------------------
INFO:__main__:
【train】epoch:21/120 loss:0.1879 acc:0.9229
INFO:__main__:
【val】epoch:21/120 loss:0.2993 acc:0.9038
INFO:__main__:
【Val】:  SENS: 0.7662  SPEC: 0.9596  PPV: 0.8850  NPV: 0.9100 F1:0.8213
INFO:__main__:验证的best_acc:0.9038
INFO:__main__:----------------------------------------------------------------------------------------------------
INFO:__main__:
【train】epoch:22/120 loss:0.1792 acc:0.9244
INFO:__main__:
【val】epoch:22/120 loss:0.2445 acc:0.9025
INFO:__main__:
【Val】:  SENS: 0.8745  SPEC: 0.9139  PPV: 0.8048  NPV: 0.9472 F1:0.8382
INFO:__main__:验证的best_acc:0.9038
INFO:__main__:----------------------------------------------------------------------------------------------------
INFO:__main__:
【train】epoch:23/120 loss:0.1777 acc:0.9271
INFO:__main__:
【val】epoch:23/120 loss:0.2763 acc:0.9000
INFO:__main__:
【Val】:  SENS: 0.8398  SPEC: 0.9244  PPV: 0.8186  NPV: 0.9343 F1:0.8291
INFO:__main__:验证的best_acc:0.9038
INFO:__main__:----------------------------------------------------------------------------------------------------
INFO:__main__:
【train】epoch:24/120 loss:0.1642 acc:0.9313
INFO:__main__:
【val】epoch:24/120 loss:0.2860 acc:0.8975
INFO:__main__:
【Val】:  SENS: 0.8528  SPEC: 0.9156  PPV: 0.8041  NPV: 0.9387 F1:0.8277
INFO:__main__:验证的best_acc:0.9038
INFO:__main__:----------------------------------------------------------------------------------------------------
INFO:__main__:
【train】epoch:25/120 loss:0.1732 acc:0.9293
INFO:__main__:
【val】epoch:25/120 loss:0.3219 acc:0.9050
INFO:__main__:
【Val】:  SENS: 0.7965  SPEC: 0.9490  PPV: 0.8638  NPV: 0.9199 F1:0.8288
INFO:__main__:验证的best_acc:0.9050
INFO:__main__:----------------------------------------------------------------------------------------------------
INFO:__main__:
【train】epoch:26/120 loss:0.1560 acc:0.9358
INFO:__main__:
【val】epoch:26/120 loss:0.3808 acc:0.8725
INFO:__main__:
【Val】:  SENS: 0.8874  SPEC: 0.8664  PPV: 0.7295  NPV: 0.9499 F1:0.8008
INFO:__main__:验证的best_acc:0.9050
INFO:__main__:----------------------------------------------------------------------------------------------------
INFO:__main__:
【train】epoch:27/120 loss:0.1451 acc:0.9422
INFO:__main__:
【val】epoch:27/120 loss:0.2974 acc:0.9100
INFO:__main__:
【Val】:  SENS: 0.7749  SPEC: 0.9649  PPV: 0.8995  NPV: 0.9135 F1:0.8326
INFO:__main__:验证的best_acc:0.9100
INFO:__main__:----------------------------------------------------------------------------------------------------
INFO:__main__:
【train】epoch:28/120 loss:0.1607 acc:0.9392
INFO:__main__:
【val】epoch:28/120 loss:0.3598 acc:0.8800
INFO:__main__:
【Val】:  SENS: 0.9307  SPEC: 0.8594  PPV: 0.7288  NPV: 0.9683 F1:0.8175
INFO:__main__:验证的best_acc:0.9100
INFO:__main__:----------------------------------------------------------------------------------------------------
INFO:__main__:
【train】epoch:29/120 loss:0.1428 acc:0.9425
INFO:__main__:
【val】epoch:29/120 loss:0.2536 acc:0.9100
INFO:__main__:
【Val】:  SENS: 0.8095  SPEC: 0.9508  PPV: 0.8698  NPV: 0.9248 F1:0.8386
INFO:__main__:验证的best_acc:0.9100
INFO:__main__:----------------------------------------------------------------------------------------------------
INFO:__main__:
【train】epoch:30/120 loss:0.1417 acc:0.9432
INFO:__main__:
【val】epoch:30/120 loss:0.2992 acc:0.9038
INFO:__main__:
【Val】:  SENS: 0.8918  SPEC: 0.9086  PPV: 0.7984  NPV: 0.9539 F1:0.8425
INFO:__main__:验证的best_acc:0.9100
INFO:__main__:----------------------------------------------------------------------------------------------------
INFO:__main__:
【train】epoch:31/120 loss:0.1358 acc:0.9440
INFO:__main__:
【val】epoch:31/120 loss:0.2798 acc:0.9137
INFO:__main__:
【Val】:  SENS: 0.8225  SPEC: 0.9508  PPV: 0.8716  NPV: 0.9296 F1:0.8463
INFO:__main__:验证的best_acc:0.9137
INFO:__main__:----------------------------------------------------------------------------------------------------
INFO:__main__:
【train】epoch:32/120 loss:0.1294 acc:0.9500
INFO:__main__:
【val】epoch:32/120 loss:0.2815 acc:0.9212
INFO:__main__:
【Val】:  SENS: 0.8225  SPEC: 0.9613  PPV: 0.8962  NPV: 0.9303 F1:0.8578
INFO:__main__:验证的best_acc:0.9212
INFO:__main__:----------------------------------------------------------------------------------------------------
INFO:__main__:
【train】epoch:33/120 loss:0.1288 acc:0.9512
INFO:__main__:
【val】epoch:33/120 loss:0.2491 acc:0.9237
INFO:__main__:
【Val】:  SENS: 0.7965  SPEC: 0.9754  PPV: 0.9293  NPV: 0.9219 F1:0.8578
INFO:__main__:验证的best_acc:0.9237
INFO:__main__:----------------------------------------------------------------------------------------------------
INFO:__main__:
【train】epoch:34/120 loss:0.1246 acc:0.9518
INFO:__main__:
【val】epoch:34/120 loss:0.2681 acc:0.9237
INFO:__main__:
【Val】:  SENS: 0.8268  SPEC: 0.9631  PPV: 0.9009  NPV: 0.9320 F1:0.8623
INFO:__main__:验证的best_acc:0.9237
INFO:__main__:----------------------------------------------------------------------------------------------------
INFO:__main__:
【train】epoch:35/120 loss:0.1193 acc:0.9521
INFO:__main__:
【val】epoch:35/120 loss:0.3286 acc:0.8938
INFO:__main__:
【Val】:  SENS: 0.8182  SPEC: 0.9244  PPV: 0.8147  NPV: 0.9261 F1:0.8164
INFO:__main__:验证的best_acc:0.9237
INFO:__main__:----------------------------------------------------------------------------------------------------
INFO:__main__:
【train】epoch:36/120 loss:0.1248 acc:0.9552
INFO:__main__:
【val】epoch:36/120 loss:0.2580 acc:0.9287
INFO:__main__:
【Val】:  SENS: 0.8745  SPEC: 0.9508  PPV: 0.8783  NPV: 0.9491 F1:0.8764
INFO:__main__:验证的best_acc:0.9287
INFO:__main__:----------------------------------------------------------------------------------------------------
INFO:__main__:
【train】epoch:37/120 loss:0.1222 acc:0.9523
INFO:__main__:
【val】epoch:37/120 loss:0.2508 acc:0.9250
INFO:__main__:
【Val】:  SENS: 0.8485  SPEC: 0.9561  PPV: 0.8869  NPV: 0.9396 F1:0.8673
INFO:__main__:验证的best_acc:0.9287
INFO:__main__:----------------------------------------------------------------------------------------------------
INFO:__main__:
【train】epoch:38/120 loss:0.1273 acc:0.9490
INFO:__main__:
【val】epoch:38/120 loss:0.2398 acc:0.9200
INFO:__main__:
【Val】:  SENS: 0.8182  SPEC: 0.9613  PPV: 0.8957  NPV: 0.9287 F1:0.8552
INFO:__main__:验证的best_acc:0.9287
INFO:__main__:----------------------------------------------------------------------------------------------------
INFO:__main__:
【train】epoch:39/120 loss:0.1135 acc:0.9555
INFO:__main__:
【val】epoch:39/120 loss:0.3093 acc:0.9137
INFO:__main__:
【Val】:  SENS: 0.7792  SPEC: 0.9684  PPV: 0.9091  NPV: 0.9153 F1:0.8392
INFO:__main__:验证的best_acc:0.9287
INFO:__main__:----------------------------------------------------------------------------------------------------
INFO:__main__:
【train】epoch:40/120 loss:0.1059 acc:0.9595
INFO:__main__:
【val】epoch:40/120 loss:0.3082 acc:0.9137
INFO:__main__:
【Val】:  SENS: 0.8312  SPEC: 0.9473  PPV: 0.8649  NPV: 0.9325 F1:0.8477
INFO:__main__:验证的best_acc:0.9287
INFO:__main__:----------------------------------------------------------------------------------------------------
INFO:__main__:
【train】epoch:41/120 loss:0.1048 acc:0.9588
INFO:__main__:
【val】epoch:41/120 loss:0.2373 acc:0.9312
INFO:__main__:
【Val】:  SENS: 0.8312  SPEC: 0.9719  PPV: 0.9231  NPV: 0.9341 F1:0.8747
INFO:__main__:验证的best_acc:0.9312
INFO:__main__:----------------------------------------------------------------------------------------------------
INFO:__main__:
【train】epoch:42/120 loss:0.0961 acc:0.9624
INFO:__main__:
【val】epoch:42/120 loss:0.2730 acc:0.9237
INFO:__main__:
【Val】:  SENS: 0.8312  SPEC: 0.9613  PPV: 0.8972  NPV: 0.9334 F1:0.8629
INFO:__main__:验证的best_acc:0.9312
INFO:__main__:----------------------------------------------------------------------------------------------------
INFO:__main__:
【train】epoch:43/120 loss:0.1019 acc:0.9601
INFO:__main__:
【val】epoch:43/120 loss:0.2465 acc:0.9250
INFO:__main__:
【Val】:  SENS: 0.8442  SPEC: 0.9578  PPV: 0.8904  NPV: 0.9380 F1:0.8667
INFO:__main__:验证的best_acc:0.9312
INFO:__main__:----------------------------------------------------------------------------------------------------
INFO:__main__:
【train】epoch:44/120 loss:0.0931 acc:0.9653
INFO:__main__:
【val】epoch:44/120 loss:0.3260 acc:0.9125
INFO:__main__:
【Val】:  SENS: 0.7706  SPEC: 0.9701  PPV: 0.9128  NPV: 0.9124 F1:0.8357
INFO:__main__:验证的best_acc:0.9312
INFO:__main__:----------------------------------------------------------------------------------------------------
INFO:__main__:
【train】epoch:45/120 loss:0.1011 acc:0.9589
INFO:__main__:
【val】epoch:45/120 loss:0.2735 acc:0.9162
INFO:__main__:
【Val】:  SENS: 0.7922  SPEC: 0.9666  PPV: 0.9059  NPV: 0.9197 F1:0.8453
INFO:__main__:验证的best_acc:0.9312
INFO:__main__:----------------------------------------------------------------------------------------------------
INFO:__main__:
【train】epoch:46/120 loss:0.0927 acc:0.9636
INFO:__main__:
【val】epoch:46/120 loss:0.2639 acc:0.9287
INFO:__main__:
【Val】:  SENS: 0.8095  SPEC: 0.9772  PPV: 0.9350  NPV: 0.9267 F1:0.8677
INFO:__main__:验证的best_acc:0.9312
INFO:__main__:----------------------------------------------------------------------------------------------------
INFO:__main__:
【train】epoch:47/120 loss:0.0980 acc:0.9635
INFO:__main__:
【val】epoch:47/120 loss:0.2381 acc:0.9275
INFO:__main__:
【Val】:  SENS: 0.8355  SPEC: 0.9649  PPV: 0.9061  NPV: 0.9353 F1:0.8694
INFO:__main__:验证的best_acc:0.9312
INFO:__main__:----------------------------------------------------------------------------------------------------
INFO:__main__:
【train】epoch:48/120 loss:0.0869 acc:0.9672
INFO:__main__:
【val】epoch:48/120 loss:0.2507 acc:0.9262
INFO:__main__:
【Val】:  SENS: 0.8658  SPEC: 0.9508  PPV: 0.8772  NPV: 0.9458 F1:0.8715
INFO:__main__:验证的best_acc:0.9312
INFO:__main__:----------------------------------------------------------------------------------------------------
INFO:__main__:
【train】epoch:49/120 loss:0.0872 acc:0.9672
INFO:__main__:
【val】epoch:49/120 loss:0.2579 acc:0.9225
INFO:__main__:
【Val】:  SENS: 0.8095  SPEC: 0.9684  PPV: 0.9122  NPV: 0.9261 F1:0.8578
INFO:__main__:验证的best_acc:0.9312
INFO:__main__:----------------------------------------------------------------------------------------------------
INFO:__main__:
【train】epoch:50/120 loss:0.0805 acc:0.9681
INFO:__main__:
【val】epoch:50/120 loss:0.2429 acc:0.9262
INFO:__main__:
【Val】:  SENS: 0.8268  SPEC: 0.9666  PPV: 0.9095  NPV: 0.9322 F1:0.8662
INFO:__main__:验证的best_acc:0.9312
INFO:__main__:----------------------------------------------------------------------------------------------------
INFO:__main__:
【train】epoch:51/120 loss:0.0805 acc:0.9692
INFO:__main__:
【val】epoch:51/120 loss:0.2917 acc:0.9262
INFO:__main__:
【Val】:  SENS: 0.8009  SPEC: 0.9772  PPV: 0.9343  NPV: 0.9236 F1:0.8625
INFO:__main__:验证的best_acc:0.9312
INFO:__main__:----------------------------------------------------------------------------------------------------
INFO:__main__:
【train】epoch:52/120 loss:0.0774 acc:0.9688
INFO:__main__:
【val】epoch:52/120 loss:0.2507 acc:0.9337
INFO:__main__:
【Val】:  SENS: 0.8268  SPEC: 0.9772  PPV: 0.9363  NPV: 0.9329 F1:0.8782
INFO:__main__:验证的best_acc:0.9337
INFO:__main__:----------------------------------------------------------------------------------------------------
INFO:__main__:
【train】epoch:53/120 loss:0.0770 acc:0.9715
INFO:__main__:
【val】epoch:53/120 loss:0.2595 acc:0.9325
INFO:__main__:
【Val】:  SENS: 0.8225  SPEC: 0.9772  PPV: 0.9360  NPV: 0.9313 F1:0.8756
INFO:__main__:验证的best_acc:0.9337
INFO:__main__:----------------------------------------------------------------------------------------------------
INFO:__main__:
【train】epoch:54/120 loss:0.0713 acc:0.9739
INFO:__main__:
【val】epoch:54/120 loss:0.3189 acc:0.9200
INFO:__main__:
【Val】:  SENS: 0.7835  SPEC: 0.9754  PPV: 0.9282  NPV: 0.9174 F1:0.8498
INFO:__main__:验证的best_acc:0.9337
INFO:__main__:----------------------------------------------------------------------------------------------------
INFO:__main__:
【train】epoch:55/120 loss:0.0733 acc:0.9722
INFO:__main__:
【val】epoch:55/120 loss:0.2355 acc:0.9287
INFO:__main__:
【Val】:  SENS: 0.8485  SPEC: 0.9613  PPV: 0.8991  NPV: 0.9399 F1:0.8731
INFO:__main__:验证的best_acc:0.9337
INFO:__main__:----------------------------------------------------------------------------------------------------
INFO:__main__:
【train】epoch:56/120 loss:0.0690 acc:0.9734
INFO:__main__:
【val】epoch:56/120 loss:0.2899 acc:0.9200
INFO:__main__:
【Val】:  SENS: 0.8139  SPEC: 0.9631  PPV: 0.8995  NPV: 0.9272 F1:0.8545
INFO:__main__:验证的best_acc:0.9337
INFO:__main__:----------------------------------------------------------------------------------------------------
INFO:__main__:
【train】epoch:57/120 loss:0.0780 acc:0.9712
INFO:__main__:
【val】epoch:57/120 loss:0.2630 acc:0.9237
INFO:__main__:
【Val】:  SENS: 0.8052  SPEC: 0.9719  PPV: 0.9208  NPV: 0.9247 F1:0.8591
INFO:__main__:验证的best_acc:0.9337
INFO:__main__:----------------------------------------------------------------------------------------------------
INFO:__main__:
【train】epoch:58/120 loss:0.0765 acc:0.9704
INFO:__main__:
【val】epoch:58/120 loss:0.2830 acc:0.9212
INFO:__main__:
【Val】:  SENS: 0.7922  SPEC: 0.9736  PPV: 0.9242  NPV: 0.9203 F1:0.8531
INFO:__main__:验证的best_acc:0.9337
INFO:__main__:----------------------------------------------------------------------------------------------------
INFO:__main__:
【train】epoch:59/120 loss:0.0621 acc:0.9761
INFO:__main__:
【val】epoch:59/120 loss:0.2472 acc:0.9337
INFO:__main__:
【Val】:  SENS: 0.8268  SPEC: 0.9772  PPV: 0.9363  NPV: 0.9329 F1:0.8782
INFO:__main__:验证的best_acc:0.9337
INFO:__main__:----------------------------------------------------------------------------------------------------
INFO:__main__:
【train】epoch:60/120 loss:0.0537 acc:0.9786
INFO:__main__:
【val】epoch:60/120 loss:0.2952 acc:0.9362
INFO:__main__:
【Val】:  SENS: 0.8182  SPEC: 0.9842  PPV: 0.9545  NPV: 0.9302 F1:0.8811
INFO:__main__:验证的best_acc:0.9362
INFO:__main__:----------------------------------------------------------------------------------------------------
INFO:__main__:
【train】epoch:61/120 loss:0.0617 acc:0.9764
INFO:__main__:
【val】epoch:61/120 loss:0.2804 acc:0.9275
INFO:__main__:
【Val】:  SENS: 0.8658  SPEC: 0.9525  PPV: 0.8811  NPV: 0.9459 F1:0.8734
INFO:__main__:验证的best_acc:0.9362
INFO:__main__:----------------------------------------------------------------------------------------------------
INFO:__main__:
【train】epoch:62/120 loss:0.0643 acc:0.9764
INFO:__main__:
【val】epoch:62/120 loss:0.2953 acc:0.9225
INFO:__main__:
【Val】:  SENS: 0.8139  SPEC: 0.9666  PPV: 0.9082  NPV: 0.9275 F1:0.8584
INFO:__main__:验证的best_acc:0.9362
INFO:__main__:----------------------------------------------------------------------------------------------------
INFO:__main__:
【train】epoch:63/120 loss:0.0606 acc:0.9754
INFO:__main__:
【val】epoch:63/120 loss:0.2728 acc:0.9150
INFO:__main__:
【Val】:  SENS: 0.7879  SPEC: 0.9666  PPV: 0.9055  NPV: 0.9182 F1:0.8426
INFO:__main__:验证的best_acc:0.9362
INFO:__main__:----------------------------------------------------------------------------------------------------
INFO:__main__:
【train】epoch:64/120 loss:0.0554 acc:0.9795
INFO:__main__:
【val】epoch:64/120 loss:0.2196 acc:0.9287
INFO:__main__:
【Val】:  SENS: 0.8398  SPEC: 0.9649  PPV: 0.9065  NPV: 0.9369 F1:0.8719
INFO:__main__:验证的best_acc:0.9362
INFO:__main__:----------------------------------------------------------------------------------------------------
INFO:__main__:
【train】epoch:65/120 loss:0.0611 acc:0.9758
INFO:__main__:
【val】epoch:65/120 loss:0.2520 acc:0.9262
INFO:__main__:
【Val】:  SENS: 0.8052  SPEC: 0.9754  PPV: 0.9300  NPV: 0.9250 F1:0.8631
INFO:__main__:验证的best_acc:0.9362
INFO:__main__:----------------------------------------------------------------------------------------------------
INFO:__main__:
【train】epoch:66/120 loss:0.0528 acc:0.9802
INFO:__main__:
【val】epoch:66/120 loss:0.2804 acc:0.9287
INFO:__main__:
【Val】:  SENS: 0.8052  SPEC: 0.9789  PPV: 0.9394  NPV: 0.9252 F1:0.8671
INFO:__main__:验证的best_acc:0.9362
INFO:__main__:----------------------------------------------------------------------------------------------------
INFO:__main__:
【train】epoch:67/120 loss:0.0664 acc:0.9749
INFO:__main__:
【val】epoch:67/120 loss:0.2703 acc:0.9250
INFO:__main__:
【Val】:  SENS: 0.7922  SPEC: 0.9789  PPV: 0.9385  NPV: 0.9207 F1:0.8592
INFO:__main__:验证的best_acc:0.9362
INFO:__main__:----------------------------------------------------------------------------------------------------
INFO:__main__:
【train】epoch:68/120 loss:0.0522 acc:0.9810
INFO:__main__:
【val】epoch:68/120 loss:0.2624 acc:0.9225
INFO:__main__:
【Val】:  SENS: 0.8139  SPEC: 0.9666  PPV: 0.9082  NPV: 0.9275 F1:0.8584
INFO:__main__:验证的best_acc:0.9362
INFO:__main__:----------------------------------------------------------------------------------------------------
INFO:__main__:
【train】epoch:69/120 loss:0.0512 acc:0.9817
INFO:__main__:
【val】epoch:69/120 loss:0.2413 acc:0.9325
INFO:__main__:
【Val】:  SENS: 0.8485  SPEC: 0.9666  PPV: 0.9116  NPV: 0.9402 F1:0.8789
INFO:__main__:验证的best_acc:0.9362
INFO:__main__:----------------------------------------------------------------------------------------------------
INFO:__main__:
【train】epoch:70/120 loss:0.0472 acc:0.9823
INFO:__main__:
【val】epoch:70/120 loss:0.2639 acc:0.9325
INFO:__main__:
【Val】:  SENS: 0.8355  SPEC: 0.9719  PPV: 0.9234  NPV: 0.9357 F1:0.8773
INFO:__main__:验证的best_acc:0.9362
INFO:__main__:----------------------------------------------------------------------------------------------------
INFO:__main__:
【train】epoch:71/120 loss:0.0472 acc:0.9814
INFO:__main__:
【val】epoch:71/120 loss:0.3010 acc:0.9287
INFO:__main__:
【Val】:  SENS: 0.8095  SPEC: 0.9772  PPV: 0.9350  NPV: 0.9267 F1:0.8677
INFO:__main__:验证的best_acc:0.9362
INFO:__main__:----------------------------------------------------------------------------------------------------
INFO:__main__:
【train】epoch:72/120 loss:0.0398 acc:0.9854
INFO:__main__:
【val】epoch:72/120 loss:0.2624 acc:0.9287
INFO:__main__:
【Val】:  SENS: 0.8398  SPEC: 0.9649  PPV: 0.9065  NPV: 0.9369 F1:0.8719
INFO:__main__:验证的best_acc:0.9362
INFO:__main__:----------------------------------------------------------------------------------------------------
INFO:__main__:
【train】epoch:73/120 loss:0.0444 acc:0.9845
INFO:__main__:
【val】epoch:73/120 loss:0.2887 acc:0.9300
INFO:__main__:
【Val】:  SENS: 0.8182  SPEC: 0.9754  PPV: 0.9310  NPV: 0.9296 F1:0.8710
INFO:__main__:验证的best_acc:0.9362
INFO:__main__:----------------------------------------------------------------------------------------------------
INFO:__main__:
【train】epoch:74/120 loss:0.0434 acc:0.9834
INFO:__main__:
【val】epoch:74/120 loss:0.2793 acc:0.9262
INFO:__main__:
【Val】:  SENS: 0.8398  SPEC: 0.9613  PPV: 0.8981  NPV: 0.9366 F1:0.8680
INFO:__main__:验证的best_acc:0.9362
INFO:__main__:----------------------------------------------------------------------------------------------------
INFO:__main__:
【train】epoch:75/120 loss:0.0429 acc:0.9834
INFO:__main__:
【val】epoch:75/120 loss:0.2803 acc:0.9325
INFO:__main__:
【Val】:  SENS: 0.8355  SPEC: 0.9719  PPV: 0.9234  NPV: 0.9357 F1:0.8773
INFO:__main__:验证的best_acc:0.9362
INFO:__main__:----------------------------------------------------------------------------------------------------
INFO:__main__:
【train】epoch:76/120 loss:0.0464 acc:0.9828
INFO:__main__:
【val】epoch:76/120 loss:0.3185 acc:0.9162
INFO:__main__:
【Val】:  SENS: 0.7792  SPEC: 0.9719  PPV: 0.9184  NPV: 0.9156 F1:0.8431
INFO:__main__:验证的best_acc:0.9362
INFO:__main__:----------------------------------------------------------------------------------------------------
INFO:__main__:
【train】epoch:77/120 loss:0.0481 acc:0.9819
INFO:__main__:
【val】epoch:77/120 loss:0.3023 acc:0.9250
INFO:__main__:
【Val】:  SENS: 0.8052  SPEC: 0.9736  PPV: 0.9254  NPV: 0.9249 F1:0.8611
INFO:__main__:验证的best_acc:0.9362
INFO:__main__:----------------------------------------------------------------------------------------------------
INFO:__main__:
【train】epoch:78/120 loss:0.0447 acc:0.9837
INFO:__main__:
【val】epoch:78/120 loss:0.2993 acc:0.9300
INFO:__main__:
【Val】:  SENS: 0.8139  SPEC: 0.9772  PPV: 0.9353  NPV: 0.9282 F1:0.8704
INFO:__main__:验证的best_acc:0.9362
INFO:__main__:----------------------------------------------------------------------------------------------------
INFO:__main__:
【train】epoch:79/120 loss:0.0464 acc:0.9841
INFO:__main__:
【val】epoch:79/120 loss:0.2594 acc:0.9300
INFO:__main__:
【Val】:  SENS: 0.8398  SPEC: 0.9666  PPV: 0.9108  NPV: 0.9370 F1:0.8739
INFO:__main__:验证的best_acc:0.9362
INFO:__main__:----------------------------------------------------------------------------------------------------
INFO:__main__:
【train】epoch:80/120 loss:0.0366 acc:0.9876
INFO:__main__:
【val】epoch:80/120 loss:0.2714 acc:0.9337
INFO:__main__:
【Val】:  SENS: 0.8398  SPEC: 0.9719  PPV: 0.9238  NPV: 0.9373 F1:0.8798
INFO:__main__:验证的best_acc:0.9362
INFO:__main__:----------------------------------------------------------------------------------------------------
INFO:__main__:
【train】epoch:81/120 loss:0.0347 acc:0.9881
INFO:__main__:
【val】epoch:81/120 loss:0.2499 acc:0.9375
INFO:__main__:
【Val】:  SENS: 0.8485  SPEC: 0.9736  PPV: 0.9289  NPV: 0.9406 F1:0.8869
INFO:__main__:验证的best_acc:0.9375
INFO:__main__:----------------------------------------------------------------------------------------------------
INFO:__main__:
【train】epoch:82/120 loss:0.0391 acc:0.9860
INFO:__main__:
【val】epoch:82/120 loss:0.2942 acc:0.9325
INFO:__main__:
【Val】:  SENS: 0.8268  SPEC: 0.9754  PPV: 0.9317  NPV: 0.9328 F1:0.8761
INFO:__main__:验证的best_acc:0.9375
INFO:__main__:----------------------------------------------------------------------------------------------------
INFO:__main__:
【train】epoch:83/120 loss:0.0355 acc:0.9875
INFO:__main__:
【val】epoch:83/120 loss:0.3466 acc:0.9237
INFO:__main__:
【Val】:  SENS: 0.7922  SPEC: 0.9772  PPV: 0.9337  NPV: 0.9205 F1:0.8571
INFO:__main__:验证的best_acc:0.9375
INFO:__main__:----------------------------------------------------------------------------------------------------
INFO:__main__:
【train】epoch:84/120 loss:0.0349 acc:0.9879
INFO:__main__:
【val】epoch:84/120 loss:0.3199 acc:0.9187
INFO:__main__:
【Val】:  SENS: 0.7922  SPEC: 0.9701  PPV: 0.9150  NPV: 0.9200 F1:0.8492
INFO:__main__:验证的best_acc:0.9375
INFO:__main__:----------------------------------------------------------------------------------------------------
INFO:__main__:
【train】epoch:85/120 loss:0.0341 acc:0.9878
INFO:__main__:
【val】epoch:85/120 loss:0.2869 acc:0.9212
INFO:__main__:
【Val】:  SENS: 0.8398  SPEC: 0.9543  PPV: 0.8818  NPV: 0.9362 F1:0.8603
INFO:__main__:验证的best_acc:0.9375
INFO:__main__:----------------------------------------------------------------------------------------------------
INFO:__main__:
【train】epoch:86/120 loss:0.0287 acc:0.9905
INFO:__main__:
【val】epoch:86/120 loss:0.3272 acc:0.9200
INFO:__main__:
【Val】:  SENS: 0.7965  SPEC: 0.9701  PPV: 0.9154  NPV: 0.9215 F1:0.8519
INFO:__main__:验证的best_acc:0.9375
INFO:__main__:----------------------------------------------------------------------------------------------------
INFO:__main__:
【train】epoch:87/120 loss:0.0349 acc:0.9876
INFO:__main__:
【val】epoch:87/120 loss:0.3513 acc:0.9262
INFO:__main__:
【Val】:  SENS: 0.8052  SPEC: 0.9754  PPV: 0.9300  NPV: 0.9250 F1:0.8631
INFO:__main__:验证的best_acc:0.9375
INFO:__main__:----------------------------------------------------------------------------------------------------
INFO:__main__:
【train】epoch:88/120 loss:0.0347 acc:0.9879
INFO:__main__:
【val】epoch:88/120 loss:0.2837 acc:0.9262
INFO:__main__:
【Val】:  SENS: 0.8442  SPEC: 0.9596  PPV: 0.8945  NPV: 0.9381 F1:0.8686
INFO:__main__:验证的best_acc:0.9375
INFO:__main__:----------------------------------------------------------------------------------------------------
INFO:__main__:
【train】epoch:89/120 loss:0.0299 acc:0.9890
INFO:__main__:
【val】epoch:89/120 loss:0.2970 acc:0.9325
INFO:__main__:
【Val】:  SENS: 0.8182  SPEC: 0.9789  PPV: 0.9403  NPV: 0.9299 F1:0.8750
INFO:__main__:验证的best_acc:0.9375
INFO:__main__:----------------------------------------------------------------------------------------------------
INFO:__main__:
【train】epoch:90/120 loss:0.0266 acc:0.9903
INFO:__main__:
【val】epoch:90/120 loss:0.2667 acc:0.9362
INFO:__main__:
【Val】:  SENS: 0.8615  SPEC: 0.9666  PPV: 0.9128  NPV: 0.9450 F1:0.8864
INFO:__main__:验证的best_acc:0.9375
INFO:__main__:----------------------------------------------------------------------------------------------------
INFO:__main__:
【train】epoch:91/120 loss:0.0291 acc:0.9885
INFO:__main__:
【val】epoch:91/120 loss:0.2587 acc:0.9300
INFO:__main__:
【Val】:  SENS: 0.8312  SPEC: 0.9701  PPV: 0.9187  NPV: 0.9340 F1:0.8727
INFO:__main__:验证的best_acc:0.9375
INFO:__main__:----------------------------------------------------------------------------------------------------
INFO:__main__:
【train】epoch:92/120 loss:0.0273 acc:0.9894
INFO:__main__:
【val】epoch:92/120 loss:0.2779 acc:0.9275
INFO:__main__:
【Val】:  SENS: 0.8009  SPEC: 0.9789  PPV: 0.9391  NPV: 0.9237 F1:0.8645
INFO:__main__:验证的best_acc:0.9375
INFO:__main__:----------------------------------------------------------------------------------------------------
INFO:__main__:
【train】epoch:93/120 loss:0.0310 acc:0.9876
INFO:__main__:
【val】epoch:93/120 loss:0.2715 acc:0.9287
INFO:__main__:
【Val】:  SENS: 0.8355  SPEC: 0.9666  PPV: 0.9104  NPV: 0.9354 F1:0.8713
INFO:__main__:验证的best_acc:0.9375
INFO:__main__:----------------------------------------------------------------------------------------------------
INFO:__main__:
【train】epoch:94/120 loss:0.0302 acc:0.9897
INFO:__main__:
【val】epoch:94/120 loss:0.2992 acc:0.9287
INFO:__main__:
【Val】:  SENS: 0.8095  SPEC: 0.9772  PPV: 0.9350  NPV: 0.9267 F1:0.8677
INFO:__main__:验证的best_acc:0.9375
INFO:__main__:----------------------------------------------------------------------------------------------------
INFO:__main__:
【train】epoch:95/120 loss:0.0277 acc:0.9911
INFO:__main__:
【val】epoch:95/120 loss:0.2782 acc:0.9275
INFO:__main__:
【Val】:  SENS: 0.8095  SPEC: 0.9754  PPV: 0.9303  NPV: 0.9265 F1:0.8657
INFO:__main__:验证的best_acc:0.9375
INFO:__main__:----------------------------------------------------------------------------------------------------
INFO:__main__:
【train】epoch:96/120 loss:0.0266 acc:0.9912
INFO:__main__:
【val】epoch:96/120 loss:0.3023 acc:0.9350
INFO:__main__:
【Val】:  SENS: 0.8658  SPEC: 0.9631  PPV: 0.9050  NPV: 0.9465 F1:0.8850
INFO:__main__:验证的best_acc:0.9375
INFO:__main__:----------------------------------------------------------------------------------------------------
INFO:__main__:
【train】epoch:97/120 loss:0.0257 acc:0.9902
INFO:__main__:
【val】epoch:97/120 loss:0.3006 acc:0.9275
INFO:__main__:
【Val】:  SENS: 0.8225  SPEC: 0.9701  PPV: 0.9179  NPV: 0.9309 F1:0.8676
INFO:__main__:验证的best_acc:0.9375
INFO:__main__:----------------------------------------------------------------------------------------------------
INFO:__main__:
【train】epoch:98/120 loss:0.0266 acc:0.9899
INFO:__main__:
【val】epoch:98/120 loss:0.2809 acc:0.9312
INFO:__main__:
【Val】:  SENS: 0.8658  SPEC: 0.9578  PPV: 0.8929  NPV: 0.9462 F1:0.8791
INFO:__main__:验证的best_acc:0.9375
INFO:__main__:----------------------------------------------------------------------------------------------------
INFO:__main__:
【train】epoch:99/120 loss:0.0190 acc:0.9934
INFO:__main__:
【val】epoch:99/120 loss:0.2810 acc:0.9362
INFO:__main__:
【Val】:  SENS: 0.8788  SPEC: 0.9596  PPV: 0.8982  NPV: 0.9512 F1:0.8884
INFO:__main__:验证的best_acc:0.9375
INFO:__main__:----------------------------------------------------------------------------------------------------
INFO:__main__:
【train】epoch:100/120 loss:0.0217 acc:0.9923
INFO:__main__:
【val】epoch:100/120 loss:0.3227 acc:0.9250
INFO:__main__:
【Val】:  SENS: 0.8139  SPEC: 0.9701  PPV: 0.9171  NPV: 0.9277 F1:0.8624
INFO:__main__:验证的best_acc:0.9375
INFO:__main__:----------------------------------------------------------------------------------------------------
INFO:__main__:
【train】epoch:101/120 loss:0.0216 acc:0.9923
INFO:__main__:
【val】epoch:101/120 loss:0.3003 acc:0.9275
INFO:__main__:
【Val】:  SENS: 0.8485  SPEC: 0.9596  PPV: 0.8950  NPV: 0.9398 F1:0.8711
INFO:__main__:验证的best_acc:0.9375
INFO:__main__:----------------------------------------------------------------------------------------------------
INFO:__main__:
【train】epoch:102/120 loss:0.0227 acc:0.9923
INFO:__main__:
【val】epoch:102/120 loss:0.3142 acc:0.9350
INFO:__main__:
【Val】:  SENS: 0.8615  SPEC: 0.9649  PPV: 0.9087  NPV: 0.9449 F1:0.8844
INFO:__main__:验证的best_acc:0.9375
INFO:__main__:----------------------------------------------------------------------------------------------------
INFO:__main__:
【train】epoch:103/120 loss:0.0242 acc:0.9902
INFO:__main__:
【val】epoch:103/120 loss:0.3337 acc:0.9237
INFO:__main__:
【Val】:  SENS: 0.8268  SPEC: 0.9631  PPV: 0.9009  NPV: 0.9320 F1:0.8623
INFO:__main__:验证的best_acc:0.9375
INFO:__main__:----------------------------------------------------------------------------------------------------
INFO:__main__:
【train】epoch:104/120 loss:0.0212 acc:0.9931
INFO:__main__:
【val】epoch:104/120 loss:0.3558 acc:0.9250
INFO:__main__:
【Val】:  SENS: 0.8182  SPEC: 0.9684  PPV: 0.9130  NPV: 0.9292 F1:0.8630
INFO:__main__:验证的best_acc:0.9375
INFO:__main__:----------------------------------------------------------------------------------------------------
INFO:__main__:
【train】epoch:105/120 loss:0.0212 acc:0.9928
INFO:__main__:
【val】epoch:105/120 loss:0.3354 acc:0.9237
INFO:__main__:
【Val】:  SENS: 0.8268  SPEC: 0.9631  PPV: 0.9009  NPV: 0.9320 F1:0.8623
INFO:__main__:验证的best_acc:0.9375
INFO:__main__:----------------------------------------------------------------------------------------------------
INFO:__main__:
【train】epoch:106/120 loss:0.0201 acc:0.9926
INFO:__main__:
【val】epoch:106/120 loss:0.3478 acc:0.9287
INFO:__main__:
【Val】:  SENS: 0.8268  SPEC: 0.9701  PPV: 0.9183  NPV: 0.9324 F1:0.8702
INFO:__main__:验证的best_acc:0.9375
INFO:__main__:----------------------------------------------------------------------------------------------------
INFO:__main__:
【train】epoch:107/120 loss:0.0207 acc:0.9920
INFO:__main__:
【val】epoch:107/120 loss:0.3326 acc:0.9237
INFO:__main__:
【Val】:  SENS: 0.8442  SPEC: 0.9561  PPV: 0.8864  NPV: 0.9379 F1:0.8647
INFO:__main__:验证的best_acc:0.9375
INFO:__main__:----------------------------------------------------------------------------------------------------
INFO:__main__:
【train】epoch:108/120 loss:0.0276 acc:0.9902
INFO:__main__:
【val】epoch:108/120 loss:0.3227 acc:0.9312
INFO:__main__:
【Val】:  SENS: 0.8312  SPEC: 0.9719  PPV: 0.9231  NPV: 0.9341 F1:0.8747
INFO:__main__:验证的best_acc:0.9375
INFO:__main__:----------------------------------------------------------------------------------------------------
INFO:__main__:
【train】epoch:109/120 loss:0.0244 acc:0.9914
INFO:__main__:
【val】epoch:109/120 loss:0.2721 acc:0.9350
INFO:__main__:
【Val】:  SENS: 0.8615  SPEC: 0.9649  PPV: 0.9087  NPV: 0.9449 F1:0.8844
INFO:__main__:验证的best_acc:0.9375
INFO:__main__:----------------------------------------------------------------------------------------------------
INFO:__main__:
【train】epoch:110/120 loss:0.0175 acc:0.9932
INFO:__main__:
【val】epoch:110/120 loss:0.2940 acc:0.9350
INFO:__main__:
【Val】:  SENS: 0.8571  SPEC: 0.9666  PPV: 0.9124  NPV: 0.9434 F1:0.8839
INFO:__main__:验证的best_acc:0.9375
INFO:__main__:----------------------------------------------------------------------------------------------------
INFO:__main__:
【train】epoch:111/120 loss:0.0185 acc:0.9932
INFO:__main__:
【val】epoch:111/120 loss:0.2824 acc:0.9287
INFO:__main__:
【Val】:  SENS: 0.8485  SPEC: 0.9613  PPV: 0.8991  NPV: 0.9399 F1:0.8731
INFO:__main__:验证的best_acc:0.9375
INFO:__main__:----------------------------------------------------------------------------------------------------
INFO:__main__:
【train】epoch:112/120 loss:0.0203 acc:0.9928
INFO:__main__:
【val】epoch:112/120 loss:0.2837 acc:0.9250
INFO:__main__:
【Val】:  SENS: 0.8442  SPEC: 0.9578  PPV: 0.8904  NPV: 0.9380 F1:0.8667
INFO:__main__:验证的best_acc:0.9375
INFO:__main__:----------------------------------------------------------------------------------------------------
INFO:__main__:
【train】epoch:113/120 loss:0.0126 acc:0.9952
INFO:__main__:
【val】epoch:113/120 loss:0.3061 acc:0.9312
INFO:__main__:
【Val】:  SENS: 0.8615  SPEC: 0.9596  PPV: 0.8964  NPV: 0.9446 F1:0.8786
INFO:__main__:验证的best_acc:0.9375
INFO:__main__:----------------------------------------------------------------------------------------------------
INFO:__main__:
【train】epoch:114/120 loss:0.0182 acc:0.9938
INFO:__main__:
【val】epoch:114/120 loss:0.3162 acc:0.9350
INFO:__main__:
【Val】:  SENS: 0.8658  SPEC: 0.9631  PPV: 0.9050  NPV: 0.9465 F1:0.8850
INFO:__main__:验证的best_acc:0.9375
INFO:__main__:----------------------------------------------------------------------------------------------------
INFO:__main__:
【train】epoch:115/120 loss:0.0176 acc:0.9932
INFO:__main__:
【val】epoch:115/120 loss:0.3241 acc:0.9300
INFO:__main__:
【Val】:  SENS: 0.8312  SPEC: 0.9701  PPV: 0.9187  NPV: 0.9340 F1:0.8727
INFO:__main__:验证的best_acc:0.9375
INFO:__main__:----------------------------------------------------------------------------------------------------
INFO:__main__:
【train】epoch:116/120 loss:0.0187 acc:0.9935
INFO:__main__:
【val】epoch:116/120 loss:0.3179 acc:0.9337
INFO:__main__:
【Val】:  SENS: 0.8615  SPEC: 0.9631  PPV: 0.9045  NPV: 0.9448 F1:0.8825
INFO:__main__:验证的best_acc:0.9375
INFO:__main__:----------------------------------------------------------------------------------------------------
INFO:__main__:
【train】epoch:117/120 loss:0.0135 acc:0.9955
INFO:__main__:
【val】epoch:117/120 loss:0.3267 acc:0.9325
INFO:__main__:
【Val】:  SENS: 0.8485  SPEC: 0.9666  PPV: 0.9116  NPV: 0.9402 F1:0.8789
INFO:__main__:验证的best_acc:0.9375
INFO:__main__:----------------------------------------------------------------------------------------------------
INFO:__main__:
【train】epoch:118/120 loss:0.0175 acc:0.9934
INFO:__main__:
【val】epoch:118/120 loss:0.3406 acc:0.9312
INFO:__main__:
【Val】:  SENS: 0.8355  SPEC: 0.9701  PPV: 0.9190  NPV: 0.9356 F1:0.8753
INFO:__main__:验证的best_acc:0.9375
INFO:__main__:----------------------------------------------------------------------------------------------------
INFO:__main__:
【train】epoch:119/120 loss:0.0142 acc:0.9952
INFO:__main__:
【val】epoch:119/120 loss:0.3506 acc:0.9325
INFO:__main__:
【Val】:  SENS: 0.8485  SPEC: 0.9666  PPV: 0.9116  NPV: 0.9402 F1:0.8789
INFO:__main__:验证的best_acc:0.9375
INFO:__main__:----------------------------------------------------------------------------------------------------
INFO:__main__:****************************************************************************************************
INFO:__main__:Val_LOSS:['0.4635', '0.4544', '0.4449', '0.3976', '0.3895', '0.3676', '0.2930', '0.3559', '0.3154', '0.2842', '0.4067', '0.2977', '0.3366', '0.5147', '0.2690', '0.3111', '0.2602', '0.2740', '0.4630', '0.2949', '0.3456', '0.2993', '0.2445', '0.2763', '0.2860', '0.3219', '0.3808', '0.2974', '0.3598', '0.2536', '0.2992', '0.2798', '0.2815', '0.2491', '0.2681', '0.3286', '0.2580', '0.2508', '0.2398', '0.3093', '0.3082', '0.2373', '0.2730', '0.2465', '0.3260', '0.2735', '0.2639', '0.2381', '0.2507', '0.2579', '0.2429', '0.2917', '0.2507', '0.2595', '0.3189', '0.2355', '0.2899', '0.2630', '0.2830', '0.2472', '0.2952', '0.2804', '0.2953', '0.2728', '0.2196', '0.2520', '0.2804', '0.2703', '0.2624', '0.2413', '0.2639', '0.3010', '0.2624', '0.2887', '0.2793', '0.2803', '0.3185', '0.3023', '0.2993', '0.2594', '0.2714', '0.2499', '0.2942', '0.3466', '0.3199', '0.2869', '0.3272', '0.3513', '0.2837', '0.2970', '0.2667', '0.2587', '0.2779', '0.2715', '0.2992', '0.2782', '0.3023', '0.3006', '0.2809', '0.2810', '0.3227', '0.3003', '0.3142', '0.3337', '0.3558', '0.3354', '0.3478', '0.3326', '0.3227', '0.2721', '0.2940', '0.2824', '0.2837', '0.3061', '0.3162', '0.3241', '0.3179', '0.3267', '0.3406', '0.3506']
INFO:__main__:Val_ACC:['0.7588', '0.7763', '0.7925', '0.8238', '0.8313', '0.8388', '0.8800', '0.8388', '0.8487', '0.8800', '0.8263', '0.8712', '0.8550', '0.7937', '0.8950', '0.8763', '0.8975', '0.9000', '0.8375', '0.8850', '0.8938', '0.9038', '0.9025', '0.9000', '0.8975', '0.9050', '0.8725', '0.9100', '0.8800', '0.9100', '0.9038', '0.9137', '0.9212', '0.9237', '0.9237', '0.8938', '0.9287', '0.9250', '0.9200', '0.9137', '0.9137', '0.9312', '0.9237', '0.9250', '0.9125', '0.9162', '0.9287', '0.9275', '0.9262', '0.9225', '0.9262', '0.9262', '0.9337', '0.9325', '0.9200', '0.9287', '0.9200', '0.9237', '0.9212', '0.9337', '0.9362', '0.9275', '0.9225', '0.9150', '0.9287', '0.9262', '0.9287', '0.9250', '0.9225', '0.9325', '0.9325', '0.9287', '0.9287', '0.9300', '0.9262', '0.9325', '0.9162', '0.9250', '0.9300', '0.9300', '0.9337', '0.9375', '0.9325', '0.9237', '0.9187', '0.9212', '0.9200', '0.9262', '0.9262', '0.9325', '0.9362', '0.9300', '0.9275', '0.9287', '0.9287', '0.9275', '0.9350', '0.9275', '0.9312', '0.9362', '0.9250', '0.9275', '0.9350', '0.9237', '0.9250', '0.9237', '0.9287', '0.9237', '0.9312', '0.9350', '0.9350', '0.9287', '0.9250', '0.9312', '0.9350', '0.9300', '0.9337', '0.9325', '0.9312', '0.9325']
INFO:__main__:****************************************************************************************************
INFO:__main__: epoch0 测试test_Loss: 0.3743  test_ACC: 0.9151  
INFO:__main__:SENS: 0.8381 SPEC: 0.9474 PPV: 0.8697 NPV: 0.9331 F1:0.8536
INFO:__main__:test_Best_acc:0.9151
INFO:__main__:flops:2296042912.0  params:14051829.0
