INFO:__main__:
【train】epoch:0/120 loss:0.5773 acc:0.7007
INFO:__main__:
【val】epoch:0/120 loss:0.5365 acc:0.7250
INFO:__main__:
【Val】:  SENS: 0.3840  SPEC: 0.9436  PPV: 0.8136  NPV: 0.7050 F1:0.5217
INFO:__main__:验证的best_acc:0.7250
INFO:__main__:----------------------------------------------------------------------------------------------------
INFO:__main__:
【train】epoch:1/120 loss:0.4811 acc:0.7690
INFO:__main__:
【val】epoch:1/120 loss:0.4251 acc:0.7937
INFO:__main__:
【Val】:  SENS: 0.6880  SPEC: 0.8615  PPV: 0.7611  NPV: 0.8116 F1:0.7227
INFO:__main__:验证的best_acc:0.7937
INFO:__main__:----------------------------------------------------------------------------------------------------
INFO:__main__:
【train】epoch:2/120 loss:0.4163 acc:0.8061
INFO:__main__:
【val】epoch:2/120 loss:0.3760 acc:0.8281
INFO:__main__:
【Val】:  SENS: 0.8080  SPEC: 0.8410  PPV: 0.7652  NPV: 0.8723 F1:0.7860
INFO:__main__:验证的best_acc:0.8281
INFO:__main__:----------------------------------------------------------------------------------------------------
INFO:__main__:
【train】epoch:3/120 loss:0.3670 acc:0.8391
INFO:__main__:
【val】epoch:3/120 loss:0.3303 acc:0.8594
INFO:__main__:
【Val】:  SENS: 0.7840  SPEC: 0.9077  PPV: 0.8448  NPV: 0.8676 F1:0.8133
INFO:__main__:验证的best_acc:0.8594
INFO:__main__:----------------------------------------------------------------------------------------------------
INFO:__main__:
【train】epoch:4/120 loss:0.3469 acc:0.8470
INFO:__main__:
【val】epoch:4/120 loss:0.3172 acc:0.8562
INFO:__main__:
【Val】:  SENS: 0.7760  SPEC: 0.9077  PPV: 0.8435  NPV: 0.8634 F1:0.8083
INFO:__main__:验证的best_acc:0.8594
INFO:__main__:----------------------------------------------------------------------------------------------------
INFO:__main__:
【train】epoch:5/120 loss:0.3314 acc:0.8571
INFO:__main__:
【val】epoch:5/120 loss:0.3790 acc:0.8500
INFO:__main__:
【Val】:  SENS: 0.7840  SPEC: 0.8923  PPV: 0.8235  NPV: 0.8657 F1:0.8033
INFO:__main__:验证的best_acc:0.8594
INFO:__main__:----------------------------------------------------------------------------------------------------
INFO:__main__:
【train】epoch:6/120 loss:0.3139 acc:0.8680
INFO:__main__:
【val】epoch:6/120 loss:0.3263 acc:0.8672
INFO:__main__:
【Val】:  SENS: 0.8280  SPEC: 0.8923  PPV: 0.8313  NPV: 0.8900 F1:0.8297
INFO:__main__:验证的best_acc:0.8672
INFO:__main__:----------------------------------------------------------------------------------------------------
INFO:__main__:
【train】epoch:7/120 loss:0.3058 acc:0.8686
INFO:__main__:
【val】epoch:7/120 loss:0.2898 acc:0.8922
INFO:__main__:
【Val】:  SENS: 0.8120  SPEC: 0.9436  PPV: 0.9022  NPV: 0.8867 F1:0.8547
INFO:__main__:验证的best_acc:0.8922
INFO:__main__:----------------------------------------------------------------------------------------------------
INFO:__main__:
【train】epoch:8/120 loss:0.2878 acc:0.8738
INFO:__main__:
【val】epoch:8/120 loss:0.3024 acc:0.8828
INFO:__main__:
【Val】:  SENS: 0.8120  SPEC: 0.9282  PPV: 0.8788  NPV: 0.8851 F1:0.8441
INFO:__main__:验证的best_acc:0.8922
INFO:__main__:----------------------------------------------------------------------------------------------------
INFO:__main__:
【train】epoch:9/120 loss:0.2709 acc:0.8861
INFO:__main__:
【val】epoch:9/120 loss:0.3605 acc:0.8750
INFO:__main__:
【Val】:  SENS: 0.7880  SPEC: 0.9308  PPV: 0.8795  NPV: 0.8726 F1:0.8312
INFO:__main__:验证的best_acc:0.8922
INFO:__main__:----------------------------------------------------------------------------------------------------
INFO:__main__:
【train】epoch:10/120 loss:0.2567 acc:0.8973
INFO:__main__:
【val】epoch:10/120 loss:0.3115 acc:0.8844
INFO:__main__:
【Val】:  SENS: 0.8000  SPEC: 0.9385  PPV: 0.8929  NPV: 0.8798 F1:0.8439
INFO:__main__:验证的best_acc:0.8922
INFO:__main__:----------------------------------------------------------------------------------------------------
INFO:__main__:
【train】epoch:11/120 loss:0.2530 acc:0.8946
INFO:__main__:
【val】epoch:11/120 loss:0.4145 acc:0.8547
INFO:__main__:
【Val】:  SENS: 0.6880  SPEC: 0.9615  PPV: 0.9198  NPV: 0.8278 F1:0.7872
INFO:__main__:验证的best_acc:0.8922
INFO:__main__:----------------------------------------------------------------------------------------------------
INFO:__main__:
【train】epoch:12/120 loss:0.2504 acc:0.8956
INFO:__main__:
【val】epoch:12/120 loss:0.3420 acc:0.8609
INFO:__main__:
【Val】:  SENS: 0.6960  SPEC: 0.9667  PPV: 0.9305  NPV: 0.8322 F1:0.7963
INFO:__main__:验证的best_acc:0.8922
INFO:__main__:----------------------------------------------------------------------------------------------------
INFO:__main__:
【train】epoch:13/120 loss:0.2380 acc:0.9037
INFO:__main__:
【val】epoch:13/120 loss:0.3247 acc:0.8641
INFO:__main__:
【Val】:  SENS: 0.7520  SPEC: 0.9359  PPV: 0.8826  NPV: 0.8548 F1:0.8121
INFO:__main__:验证的best_acc:0.8922
INFO:__main__:----------------------------------------------------------------------------------------------------
INFO:__main__:
【train】epoch:14/120 loss:0.2285 acc:0.9080
INFO:__main__:
【val】epoch:14/120 loss:0.2965 acc:0.8875
INFO:__main__:
【Val】:  SENS: 0.7920  SPEC: 0.9487  PPV: 0.9083  NPV: 0.8768 F1:0.8462
INFO:__main__:验证的best_acc:0.8922
INFO:__main__:----------------------------------------------------------------------------------------------------
INFO:__main__:
【train】epoch:15/120 loss:0.2207 acc:0.9099
INFO:__main__:
【val】epoch:15/120 loss:0.2922 acc:0.8719
INFO:__main__:
【Val】:  SENS: 0.8400  SPEC: 0.8923  PPV: 0.8333  NPV: 0.8969 F1:0.8367
INFO:__main__:验证的best_acc:0.8922
INFO:__main__:----------------------------------------------------------------------------------------------------
INFO:__main__:
【train】epoch:16/120 loss:0.2076 acc:0.9150
INFO:__main__:
【val】epoch:16/120 loss:0.3345 acc:0.8656
INFO:__main__:
【Val】:  SENS: 0.7240  SPEC: 0.9564  PPV: 0.9141  NPV: 0.8439 F1:0.8080
INFO:__main__:验证的best_acc:0.8922
INFO:__main__:----------------------------------------------------------------------------------------------------
INFO:__main__:
【train】epoch:17/120 loss:0.2126 acc:0.9138
INFO:__main__:
【val】epoch:17/120 loss:0.2884 acc:0.8844
INFO:__main__:
【Val】:  SENS: 0.8000  SPEC: 0.9385  PPV: 0.8929  NPV: 0.8798 F1:0.8439
INFO:__main__:验证的best_acc:0.8922
INFO:__main__:----------------------------------------------------------------------------------------------------
INFO:__main__:
【train】epoch:18/120 loss:0.2158 acc:0.9150
INFO:__main__:
【val】epoch:18/120 loss:0.3016 acc:0.8969
INFO:__main__:
【Val】:  SENS: 0.8960  SPEC: 0.8974  PPV: 0.8485  NPV: 0.9309 F1:0.8716
INFO:__main__:验证的best_acc:0.8969
INFO:__main__:----------------------------------------------------------------------------------------------------
INFO:__main__:
【train】epoch:19/120 loss:0.1864 acc:0.9260
INFO:__main__:
【val】epoch:19/120 loss:0.2957 acc:0.9031
INFO:__main__:
【Val】:  SENS: 0.8560  SPEC: 0.9333  PPV: 0.8917  NPV: 0.9100 F1:0.8735
INFO:__main__:验证的best_acc:0.9031
INFO:__main__:----------------------------------------------------------------------------------------------------
INFO:__main__:
【train】epoch:20/120 loss:0.1789 acc:0.9299
INFO:__main__:
【val】epoch:20/120 loss:0.2874 acc:0.9047
INFO:__main__:
【Val】:  SENS: 0.8680  SPEC: 0.9282  PPV: 0.8857  NPV: 0.9165 F1:0.8768
INFO:__main__:验证的best_acc:0.9047
INFO:__main__:----------------------------------------------------------------------------------------------------
INFO:__main__:
【train】epoch:21/120 loss:0.1860 acc:0.9262
INFO:__main__:
【val】epoch:21/120 loss:0.2956 acc:0.8875
INFO:__main__:
【Val】:  SENS: 0.7920  SPEC: 0.9487  PPV: 0.9083  NPV: 0.8768 F1:0.8462
INFO:__main__:验证的best_acc:0.9047
INFO:__main__:----------------------------------------------------------------------------------------------------
INFO:__main__:
【train】epoch:22/120 loss:0.1686 acc:0.9293
INFO:__main__:
【val】epoch:22/120 loss:0.3427 acc:0.8922
INFO:__main__:
【Val】:  SENS: 0.7920  SPEC: 0.9564  PPV: 0.9209  NPV: 0.8776 F1:0.8516
INFO:__main__:验证的best_acc:0.9047
INFO:__main__:----------------------------------------------------------------------------------------------------
INFO:__main__:
【train】epoch:23/120 loss:0.1764 acc:0.9282
INFO:__main__:
【val】epoch:23/120 loss:0.2436 acc:0.9141
INFO:__main__:
【Val】:  SENS: 0.9000  SPEC: 0.9231  PPV: 0.8824  NPV: 0.9351 F1:0.8911
INFO:__main__:验证的best_acc:0.9141
INFO:__main__:----------------------------------------------------------------------------------------------------
INFO:__main__:
【train】epoch:24/120 loss:0.1651 acc:0.9332
INFO:__main__:
【val】epoch:24/120 loss:0.2815 acc:0.9047
INFO:__main__:
【Val】:  SENS: 0.8720  SPEC: 0.9256  PPV: 0.8826  NPV: 0.9186 F1:0.8773
INFO:__main__:验证的best_acc:0.9141
INFO:__main__:----------------------------------------------------------------------------------------------------
INFO:__main__:
【train】epoch:25/120 loss:0.1635 acc:0.9375
INFO:__main__:
【val】epoch:25/120 loss:0.2952 acc:0.9031
INFO:__main__:
【Val】:  SENS: 0.8520  SPEC: 0.9359  PPV: 0.8950  NPV: 0.9080 F1:0.8730
INFO:__main__:验证的best_acc:0.9141
INFO:__main__:----------------------------------------------------------------------------------------------------
INFO:__main__:
【train】epoch:26/120 loss:0.1569 acc:0.9365
INFO:__main__:
【val】epoch:26/120 loss:0.3083 acc:0.9016
INFO:__main__:
【Val】:  SENS: 0.8600  SPEC: 0.9282  PPV: 0.8848  NPV: 0.9118 F1:0.8722
INFO:__main__:验证的best_acc:0.9141
INFO:__main__:----------------------------------------------------------------------------------------------------
INFO:__main__:
【train】epoch:27/120 loss:0.1440 acc:0.9427
INFO:__main__:
【val】epoch:27/120 loss:0.3538 acc:0.8984
INFO:__main__:
【Val】:  SENS: 0.7920  SPEC: 0.9667  PPV: 0.9384  NPV: 0.8788 F1:0.8590
INFO:__main__:验证的best_acc:0.9141
INFO:__main__:----------------------------------------------------------------------------------------------------
INFO:__main__:
【train】epoch:28/120 loss:0.1557 acc:0.9371
INFO:__main__:
【val】epoch:28/120 loss:0.3023 acc:0.8906
INFO:__main__:
【Val】:  SENS: 0.8240  SPEC: 0.9333  PPV: 0.8879  NPV: 0.8922 F1:0.8548
INFO:__main__:验证的best_acc:0.9141
INFO:__main__:----------------------------------------------------------------------------------------------------
INFO:__main__:
【train】epoch:29/120 loss:0.1427 acc:0.9460
INFO:__main__:
【val】epoch:29/120 loss:0.2899 acc:0.9078
INFO:__main__:
【Val】:  SENS: 0.8720  SPEC: 0.9308  PPV: 0.8898  NPV: 0.9190 F1:0.8808
INFO:__main__:验证的best_acc:0.9141
INFO:__main__:----------------------------------------------------------------------------------------------------
INFO:__main__:
【train】epoch:30/120 loss:0.1306 acc:0.9480
INFO:__main__:
【val】epoch:30/120 loss:0.3245 acc:0.9031
INFO:__main__:
【Val】:  SENS: 0.8520  SPEC: 0.9359  PPV: 0.8950  NPV: 0.9080 F1:0.8730
INFO:__main__:验证的best_acc:0.9141
INFO:__main__:----------------------------------------------------------------------------------------------------
INFO:__main__:
【train】epoch:31/120 loss:0.1313 acc:0.9497
INFO:__main__:
【val】epoch:31/120 loss:0.3178 acc:0.8859
INFO:__main__:
【Val】:  SENS: 0.8240  SPEC: 0.9256  PPV: 0.8766  NPV: 0.8914 F1:0.8495
INFO:__main__:验证的best_acc:0.9141
INFO:__main__:----------------------------------------------------------------------------------------------------
INFO:__main__:
【train】epoch:32/120 loss:0.1297 acc:0.9490
INFO:__main__:
【val】epoch:32/120 loss:0.2834 acc:0.8969
INFO:__main__:
【Val】:  SENS: 0.8560  SPEC: 0.9231  PPV: 0.8770  NPV: 0.9091 F1:0.8664
INFO:__main__:验证的best_acc:0.9141
INFO:__main__:----------------------------------------------------------------------------------------------------
INFO:__main__:
【train】epoch:33/120 loss:0.1261 acc:0.9509
INFO:__main__:
【val】epoch:33/120 loss:0.2652 acc:0.9062
INFO:__main__:
【Val】:  SENS: 0.8600  SPEC: 0.9359  PPV: 0.8958  NPV: 0.9125 F1:0.8776
INFO:__main__:验证的best_acc:0.9141
INFO:__main__:----------------------------------------------------------------------------------------------------
INFO:__main__:
【train】epoch:34/120 loss:0.1215 acc:0.9507
INFO:__main__:
【val】epoch:34/120 loss:0.3269 acc:0.9109
INFO:__main__:
【Val】:  SENS: 0.8680  SPEC: 0.9385  PPV: 0.9004  NPV: 0.9173 F1:0.8839
INFO:__main__:验证的best_acc:0.9141
INFO:__main__:----------------------------------------------------------------------------------------------------
INFO:__main__:
【train】epoch:35/120 loss:0.1255 acc:0.9532
INFO:__main__:
【val】epoch:35/120 loss:0.3285 acc:0.8844
INFO:__main__:
【Val】:  SENS: 0.7800  SPEC: 0.9513  PPV: 0.9112  NPV: 0.8709 F1:0.8405
INFO:__main__:验证的best_acc:0.9141
INFO:__main__:----------------------------------------------------------------------------------------------------
INFO:__main__:
【train】epoch:36/120 loss:0.1189 acc:0.9538
INFO:__main__:
【val】epoch:36/120 loss:0.2866 acc:0.9062
INFO:__main__:
【Val】:  SENS: 0.8560  SPEC: 0.9385  PPV: 0.8992  NPV: 0.9104 F1:0.8770
INFO:__main__:验证的best_acc:0.9141
INFO:__main__:----------------------------------------------------------------------------------------------------
INFO:__main__:
【train】epoch:37/120 loss:0.1215 acc:0.9509
INFO:__main__:
【val】epoch:37/120 loss:0.3550 acc:0.9047
INFO:__main__:
【Val】:  SENS: 0.8680  SPEC: 0.9282  PPV: 0.8857  NPV: 0.9165 F1:0.8768
INFO:__main__:验证的best_acc:0.9141
INFO:__main__:----------------------------------------------------------------------------------------------------
INFO:__main__:
【train】epoch:38/120 loss:0.1121 acc:0.9559
INFO:__main__:
【val】epoch:38/120 loss:0.2463 acc:0.9078
INFO:__main__:
【Val】:  SENS: 0.8600  SPEC: 0.9385  PPV: 0.8996  NPV: 0.9127 F1:0.8793
INFO:__main__:验证的best_acc:0.9141
INFO:__main__:----------------------------------------------------------------------------------------------------
INFO:__main__:
【train】epoch:39/120 loss:0.1101 acc:0.9587
INFO:__main__:
【val】epoch:39/120 loss:0.2846 acc:0.9109
INFO:__main__:
【Val】:  SENS: 0.8520  SPEC: 0.9487  PPV: 0.9142  NPV: 0.9091 F1:0.8820
INFO:__main__:验证的best_acc:0.9141
INFO:__main__:----------------------------------------------------------------------------------------------------
INFO:__main__:
【train】epoch:40/120 loss:0.1088 acc:0.9602
INFO:__main__:
【val】epoch:40/120 loss:0.3717 acc:0.9062
INFO:__main__:
【Val】:  SENS: 0.8680  SPEC: 0.9308  PPV: 0.8893  NPV: 0.9167 F1:0.8785
INFO:__main__:验证的best_acc:0.9141
INFO:__main__:----------------------------------------------------------------------------------------------------
INFO:__main__:
【train】epoch:41/120 loss:0.0934 acc:0.9684
INFO:__main__:
【val】epoch:41/120 loss:0.3368 acc:0.9016
INFO:__main__:
【Val】:  SENS: 0.8200  SPEC: 0.9538  PPV: 0.9193  NPV: 0.8921 F1:0.8668
INFO:__main__:验证的best_acc:0.9141
INFO:__main__:----------------------------------------------------------------------------------------------------
INFO:__main__:
【train】epoch:42/120 loss:0.0901 acc:0.9666
INFO:__main__:
【val】epoch:42/120 loss:0.2831 acc:0.9062
INFO:__main__:
【Val】:  SENS: 0.8520  SPEC: 0.9410  PPV: 0.9025  NPV: 0.9084 F1:0.8765
INFO:__main__:验证的best_acc:0.9141
INFO:__main__:----------------------------------------------------------------------------------------------------
INFO:__main__:
【train】epoch:43/120 loss:0.0978 acc:0.9629
INFO:__main__:
【val】epoch:43/120 loss:0.3403 acc:0.8984
INFO:__main__:
【Val】:  SENS: 0.8280  SPEC: 0.9436  PPV: 0.9039  NPV: 0.8954 F1:0.8643
INFO:__main__:验证的best_acc:0.9141
INFO:__main__:----------------------------------------------------------------------------------------------------
INFO:__main__:
【train】epoch:44/120 loss:0.0927 acc:0.9629
INFO:__main__:
【val】epoch:44/120 loss:0.3090 acc:0.8938
INFO:__main__:
【Val】:  SENS: 0.8400  SPEC: 0.9282  PPV: 0.8824  NPV: 0.9005 F1:0.8607
INFO:__main__:验证的best_acc:0.9141
INFO:__main__:----------------------------------------------------------------------------------------------------
INFO:__main__:
【train】epoch:45/120 loss:0.0911 acc:0.9651
INFO:__main__:
【val】epoch:45/120 loss:0.3183 acc:0.9047
INFO:__main__:
【Val】:  SENS: 0.8480  SPEC: 0.9410  PPV: 0.9021  NPV: 0.9062 F1:0.8742
INFO:__main__:验证的best_acc:0.9141
INFO:__main__:----------------------------------------------------------------------------------------------------
INFO:__main__:
【train】epoch:46/120 loss:0.0879 acc:0.9656
INFO:__main__:
【val】epoch:46/120 loss:0.3064 acc:0.9062
INFO:__main__:
【Val】:  SENS: 0.8720  SPEC: 0.9282  PPV: 0.8862  NPV: 0.9188 F1:0.8790
INFO:__main__:验证的best_acc:0.9141
INFO:__main__:----------------------------------------------------------------------------------------------------
INFO:__main__:
【train】epoch:47/120 loss:0.0893 acc:0.9684
INFO:__main__:
【val】epoch:47/120 loss:0.3643 acc:0.8922
INFO:__main__:
【Val】:  SENS: 0.8600  SPEC: 0.9128  PPV: 0.8635  NPV: 0.9105 F1:0.8617
INFO:__main__:验证的best_acc:0.9141
INFO:__main__:----------------------------------------------------------------------------------------------------
INFO:__main__:
【train】epoch:48/120 loss:0.0900 acc:0.9680
INFO:__main__:
【val】epoch:48/120 loss:0.3269 acc:0.9000
INFO:__main__:
【Val】:  SENS: 0.8280  SPEC: 0.9462  PPV: 0.9079  NPV: 0.8956 F1:0.8661
INFO:__main__:验证的best_acc:0.9141
INFO:__main__:----------------------------------------------------------------------------------------------------
INFO:__main__:
【train】epoch:49/120 loss:0.0747 acc:0.9722
INFO:__main__:
【val】epoch:49/120 loss:0.3487 acc:0.9094
INFO:__main__:
【Val】:  SENS: 0.8680  SPEC: 0.9359  PPV: 0.8967  NPV: 0.9171 F1:0.8821
INFO:__main__:验证的best_acc:0.9141
INFO:__main__:----------------------------------------------------------------------------------------------------
INFO:__main__:
【train】epoch:50/120 loss:0.0730 acc:0.9709
INFO:__main__:
【val】epoch:50/120 loss:0.3750 acc:0.9031
INFO:__main__:
【Val】:  SENS: 0.8680  SPEC: 0.9256  PPV: 0.8821  NPV: 0.9162 F1:0.8750
INFO:__main__:验证的best_acc:0.9141
INFO:__main__:----------------------------------------------------------------------------------------------------
INFO:__main__:
【train】epoch:51/120 loss:0.0802 acc:0.9674
INFO:__main__:
【val】epoch:51/120 loss:0.3467 acc:0.9047
INFO:__main__:
【Val】:  SENS: 0.8640  SPEC: 0.9308  PPV: 0.8889  NPV: 0.9144 F1:0.8763
INFO:__main__:验证的best_acc:0.9141
INFO:__main__:----------------------------------------------------------------------------------------------------
INFO:__main__:
【train】epoch:52/120 loss:0.0707 acc:0.9713
INFO:__main__:
【val】epoch:52/120 loss:0.3272 acc:0.9062
INFO:__main__:
【Val】:  SENS: 0.8680  SPEC: 0.9308  PPV: 0.8893  NPV: 0.9167 F1:0.8785
INFO:__main__:验证的best_acc:0.9141
INFO:__main__:----------------------------------------------------------------------------------------------------
INFO:__main__:
【train】epoch:53/120 loss:0.0740 acc:0.9724
INFO:__main__:
【val】epoch:53/120 loss:0.3354 acc:0.8906
INFO:__main__:
【Val】:  SENS: 0.8160  SPEC: 0.9385  PPV: 0.8947  NPV: 0.8883 F1:0.8536
INFO:__main__:验证的best_acc:0.9141
INFO:__main__:----------------------------------------------------------------------------------------------------
INFO:__main__:
【train】epoch:54/120 loss:0.0679 acc:0.9736
INFO:__main__:
【val】epoch:54/120 loss:0.4380 acc:0.9047
INFO:__main__:
【Val】:  SENS: 0.8880  SPEC: 0.9154  PPV: 0.8706  NPV: 0.9273 F1:0.8792
INFO:__main__:验证的best_acc:0.9141
INFO:__main__:----------------------------------------------------------------------------------------------------
INFO:__main__:
【train】epoch:55/120 loss:0.0703 acc:0.9752
INFO:__main__:
【val】epoch:55/120 loss:0.3546 acc:0.9141
INFO:__main__:
【Val】:  SENS: 0.8360  SPEC: 0.9641  PPV: 0.9372  NPV: 0.9017 F1:0.8837
INFO:__main__:验证的best_acc:0.9141
INFO:__main__:----------------------------------------------------------------------------------------------------
INFO:__main__:
【train】epoch:56/120 loss:0.0611 acc:0.9757
INFO:__main__:
【val】epoch:56/120 loss:0.3413 acc:0.9109
INFO:__main__:
【Val】:  SENS: 0.8720  SPEC: 0.9359  PPV: 0.8971  NPV: 0.9194 F1:0.8844
INFO:__main__:验证的best_acc:0.9141
INFO:__main__:----------------------------------------------------------------------------------------------------
INFO:__main__:
【train】epoch:57/120 loss:0.0610 acc:0.9750
INFO:__main__:
【val】epoch:57/120 loss:0.3481 acc:0.9172
INFO:__main__:
【Val】:  SENS: 0.8800  SPEC: 0.9410  PPV: 0.9053  NPV: 0.9244 F1:0.8925
INFO:__main__:验证的best_acc:0.9172
INFO:__main__:----------------------------------------------------------------------------------------------------
INFO:__main__:
【train】epoch:58/120 loss:0.0668 acc:0.9763
INFO:__main__:
【val】epoch:58/120 loss:0.3256 acc:0.9203
INFO:__main__:
【Val】:  SENS: 0.9040  SPEC: 0.9308  PPV: 0.8933  NPV: 0.9380 F1:0.8986
INFO:__main__:验证的best_acc:0.9203
INFO:__main__:----------------------------------------------------------------------------------------------------
INFO:__main__:
【train】epoch:59/120 loss:0.0596 acc:0.9796
INFO:__main__:
【val】epoch:59/120 loss:0.3697 acc:0.9125
INFO:__main__:
【Val】:  SENS: 0.8800  SPEC: 0.9333  PPV: 0.8943  NPV: 0.9239 F1:0.8871
INFO:__main__:验证的best_acc:0.9203
INFO:__main__:----------------------------------------------------------------------------------------------------
INFO:__main__:
【train】epoch:60/120 loss:0.0556 acc:0.9786
INFO:__main__:
【val】epoch:60/120 loss:0.3479 acc:0.9187
INFO:__main__:
【Val】:  SENS: 0.8880  SPEC: 0.9385  PPV: 0.9024  NPV: 0.9289 F1:0.8952
INFO:__main__:验证的best_acc:0.9203
INFO:__main__:----------------------------------------------------------------------------------------------------
INFO:__main__:
【train】epoch:61/120 loss:0.0562 acc:0.9792
INFO:__main__:
【val】epoch:61/120 loss:0.3671 acc:0.9156
INFO:__main__:
【Val】:  SENS: 0.8680  SPEC: 0.9462  PPV: 0.9118  NPV: 0.9179 F1:0.8893
INFO:__main__:验证的best_acc:0.9203
INFO:__main__:----------------------------------------------------------------------------------------------------
INFO:__main__:
【train】epoch:62/120 loss:0.0553 acc:0.9798
INFO:__main__:
【val】epoch:62/120 loss:0.3941 acc:0.9000
INFO:__main__:
【Val】:  SENS: 0.8280  SPEC: 0.9462  PPV: 0.9079  NPV: 0.8956 F1:0.8661
INFO:__main__:验证的best_acc:0.9203
INFO:__main__:----------------------------------------------------------------------------------------------------
INFO:__main__:
【train】epoch:63/120 loss:0.0563 acc:0.9783
INFO:__main__:
【val】epoch:63/120 loss:0.4171 acc:0.9078
INFO:__main__:
【Val】:  SENS: 0.8640  SPEC: 0.9359  PPV: 0.8963  NPV: 0.9148 F1:0.8798
INFO:__main__:验证的best_acc:0.9203
INFO:__main__:----------------------------------------------------------------------------------------------------
INFO:__main__:
【train】epoch:64/120 loss:0.0486 acc:0.9847
INFO:__main__:
【val】epoch:64/120 loss:0.3782 acc:0.9156
INFO:__main__:
【Val】:  SENS: 0.8760  SPEC: 0.9410  PPV: 0.9050  NPV: 0.9221 F1:0.8902
INFO:__main__:验证的best_acc:0.9203
INFO:__main__:----------------------------------------------------------------------------------------------------
INFO:__main__:
【train】epoch:65/120 loss:0.0547 acc:0.9798
INFO:__main__:
【val】epoch:65/120 loss:0.3822 acc:0.9125
INFO:__main__:
【Val】:  SENS: 0.8600  SPEC: 0.9462  PPV: 0.9110  NPV: 0.9134 F1:0.8848
INFO:__main__:验证的best_acc:0.9203
INFO:__main__:----------------------------------------------------------------------------------------------------
INFO:__main__:
【train】epoch:66/120 loss:0.0557 acc:0.9808
INFO:__main__:
【val】epoch:66/120 loss:0.3711 acc:0.9109
INFO:__main__:
【Val】:  SENS: 0.8720  SPEC: 0.9359  PPV: 0.8971  NPV: 0.9194 F1:0.8844
INFO:__main__:验证的best_acc:0.9203
INFO:__main__:----------------------------------------------------------------------------------------------------
INFO:__main__:
【train】epoch:67/120 loss:0.0526 acc:0.9819
INFO:__main__:
【val】epoch:67/120 loss:0.3349 acc:0.9266
INFO:__main__:
【Val】:  SENS: 0.9080  SPEC: 0.9385  PPV: 0.9044  NPV: 0.9409 F1:0.9062
INFO:__main__:验证的best_acc:0.9266
INFO:__main__:----------------------------------------------------------------------------------------------------
INFO:__main__:
【train】epoch:68/120 loss:0.0443 acc:0.9818
INFO:__main__:
【val】epoch:68/120 loss:0.3273 acc:0.9203
INFO:__main__:
【Val】:  SENS: 0.8920  SPEC: 0.9385  PPV: 0.9028  NPV: 0.9313 F1:0.8974
INFO:__main__:验证的best_acc:0.9266
INFO:__main__:----------------------------------------------------------------------------------------------------
INFO:__main__:
【train】epoch:69/120 loss:0.0548 acc:0.9786
INFO:__main__:
【val】epoch:69/120 loss:0.3105 acc:0.9156
INFO:__main__:
【Val】:  SENS: 0.8920  SPEC: 0.9308  PPV: 0.8920  NPV: 0.9308 F1:0.8920
INFO:__main__:验证的best_acc:0.9266
INFO:__main__:----------------------------------------------------------------------------------------------------
INFO:__main__:
【train】epoch:70/120 loss:0.0403 acc:0.9868
INFO:__main__:
【val】epoch:70/120 loss:0.3577 acc:0.9000
INFO:__main__:
【Val】:  SENS: 0.8640  SPEC: 0.9231  PPV: 0.8780  NPV: 0.9137 F1:0.8710
INFO:__main__:验证的best_acc:0.9266
INFO:__main__:----------------------------------------------------------------------------------------------------
INFO:__main__:
【train】epoch:71/120 loss:0.0427 acc:0.9847
INFO:__main__:
【val】epoch:71/120 loss:0.3685 acc:0.9156
INFO:__main__:
【Val】:  SENS: 0.8840  SPEC: 0.9359  PPV: 0.8984  NPV: 0.9264 F1:0.8911
INFO:__main__:验证的best_acc:0.9266
INFO:__main__:----------------------------------------------------------------------------------------------------
INFO:__main__:
【train】epoch:72/120 loss:0.0336 acc:0.9872
INFO:__main__:
【val】epoch:72/120 loss:0.4121 acc:0.9047
INFO:__main__:
【Val】:  SENS: 0.8800  SPEC: 0.9205  PPV: 0.8765  NPV: 0.9229 F1:0.8782
INFO:__main__:验证的best_acc:0.9266
INFO:__main__:----------------------------------------------------------------------------------------------------
INFO:__main__:
【train】epoch:73/120 loss:0.0371 acc:0.9866
INFO:__main__:
【val】epoch:73/120 loss:0.4043 acc:0.9125
INFO:__main__:
【Val】:  SENS: 0.8760  SPEC: 0.9359  PPV: 0.8975  NPV: 0.9217 F1:0.8866
INFO:__main__:验证的best_acc:0.9266
INFO:__main__:----------------------------------------------------------------------------------------------------
INFO:__main__:
【train】epoch:74/120 loss:0.0486 acc:0.9833
INFO:__main__:
【val】epoch:74/120 loss:0.3631 acc:0.9125
INFO:__main__:
【Val】:  SENS: 0.8880  SPEC: 0.9282  PPV: 0.8880  NPV: 0.9282 F1:0.8880
INFO:__main__:验证的best_acc:0.9266
INFO:__main__:----------------------------------------------------------------------------------------------------
INFO:__main__:
【train】epoch:75/120 loss:0.0406 acc:0.9841
INFO:__main__:
【val】epoch:75/120 loss:0.3973 acc:0.9031
INFO:__main__:
【Val】:  SENS: 0.8680  SPEC: 0.9256  PPV: 0.8821  NPV: 0.9162 F1:0.8750
INFO:__main__:验证的best_acc:0.9266
INFO:__main__:----------------------------------------------------------------------------------------------------
INFO:__main__:
【train】epoch:76/120 loss:0.0353 acc:0.9868
INFO:__main__:
【val】epoch:76/120 loss:0.3997 acc:0.9172
INFO:__main__:
【Val】:  SENS: 0.8880  SPEC: 0.9359  PPV: 0.8988  NPV: 0.9288 F1:0.8934
INFO:__main__:验证的best_acc:0.9266
INFO:__main__:----------------------------------------------------------------------------------------------------
INFO:__main__:
【train】epoch:77/120 loss:0.0402 acc:0.9851
INFO:__main__:
【val】epoch:77/120 loss:0.3746 acc:0.9125
INFO:__main__:
【Val】:  SENS: 0.8760  SPEC: 0.9359  PPV: 0.8975  NPV: 0.9217 F1:0.8866
INFO:__main__:验证的best_acc:0.9266
INFO:__main__:----------------------------------------------------------------------------------------------------
INFO:__main__:
【train】epoch:78/120 loss:0.0336 acc:0.9874
INFO:__main__:
【val】epoch:78/120 loss:0.4117 acc:0.9094
INFO:__main__:
【Val】:  SENS: 0.8600  SPEC: 0.9410  PPV: 0.9034  NPV: 0.9129 F1:0.8811
INFO:__main__:验证的best_acc:0.9266
INFO:__main__:----------------------------------------------------------------------------------------------------
INFO:__main__:
【train】epoch:79/120 loss:0.0343 acc:0.9852
INFO:__main__:
【val】epoch:79/120 loss:0.4179 acc:0.9062
INFO:__main__:
【Val】:  SENS: 0.8760  SPEC: 0.9256  PPV: 0.8831  NPV: 0.9209 F1:0.8795
INFO:__main__:验证的best_acc:0.9266
INFO:__main__:----------------------------------------------------------------------------------------------------
INFO:__main__:
【train】epoch:80/120 loss:0.0424 acc:0.9837
INFO:__main__:
【val】epoch:80/120 loss:0.4435 acc:0.9062
INFO:__main__:
【Val】:  SENS: 0.8520  SPEC: 0.9410  PPV: 0.9025  NPV: 0.9084 F1:0.8765
INFO:__main__:验证的best_acc:0.9266
INFO:__main__:----------------------------------------------------------------------------------------------------
INFO:__main__:
【train】epoch:81/120 loss:0.0353 acc:0.9872
INFO:__main__:
【val】epoch:81/120 loss:0.3982 acc:0.9094
INFO:__main__:
【Val】:  SENS: 0.8800  SPEC: 0.9282  PPV: 0.8871  NPV: 0.9235 F1:0.8835
INFO:__main__:验证的best_acc:0.9266
INFO:__main__:----------------------------------------------------------------------------------------------------
INFO:__main__:
【train】epoch:82/120 loss:0.0290 acc:0.9893
INFO:__main__:
【val】epoch:82/120 loss:0.4458 acc:0.8969
INFO:__main__:
【Val】:  SENS: 0.8440  SPEC: 0.9308  PPV: 0.8866  NPV: 0.9030 F1:0.8648
INFO:__main__:验证的best_acc:0.9266
INFO:__main__:----------------------------------------------------------------------------------------------------
INFO:__main__:
【train】epoch:83/120 loss:0.0284 acc:0.9882
INFO:__main__:
【val】epoch:83/120 loss:0.4431 acc:0.9062
INFO:__main__:
【Val】:  SENS: 0.8680  SPEC: 0.9308  PPV: 0.8893  NPV: 0.9167 F1:0.8785
INFO:__main__:验证的best_acc:0.9266
INFO:__main__:----------------------------------------------------------------------------------------------------
INFO:__main__:
【train】epoch:84/120 loss:0.0337 acc:0.9889
INFO:__main__:
【val】epoch:84/120 loss:0.4856 acc:0.9047
INFO:__main__:
【Val】:  SENS: 0.8640  SPEC: 0.9308  PPV: 0.8889  NPV: 0.9144 F1:0.8763
INFO:__main__:验证的best_acc:0.9266
INFO:__main__:----------------------------------------------------------------------------------------------------
INFO:__main__:
【train】epoch:85/120 loss:0.0338 acc:0.9885
INFO:__main__:
【val】epoch:85/120 loss:0.4230 acc:0.9078
INFO:__main__:
【Val】:  SENS: 0.8560  SPEC: 0.9410  PPV: 0.9030  NPV: 0.9107 F1:0.8789
INFO:__main__:验证的best_acc:0.9266
INFO:__main__:----------------------------------------------------------------------------------------------------
INFO:__main__:
【train】epoch:86/120 loss:0.0265 acc:0.9901
INFO:__main__:
【val】epoch:86/120 loss:0.4866 acc:0.9078
INFO:__main__:
【Val】:  SENS: 0.8480  SPEC: 0.9462  PPV: 0.9099  NPV: 0.9066 F1:0.8778
INFO:__main__:验证的best_acc:0.9266
INFO:__main__:----------------------------------------------------------------------------------------------------
INFO:__main__:
【train】epoch:87/120 loss:0.0299 acc:0.9891
INFO:__main__:
【val】epoch:87/120 loss:0.4019 acc:0.9125
INFO:__main__:
【Val】:  SENS: 0.8600  SPEC: 0.9462  PPV: 0.9110  NPV: 0.9134 F1:0.8848
INFO:__main__:验证的best_acc:0.9266
INFO:__main__:----------------------------------------------------------------------------------------------------
INFO:__main__:
【train】epoch:88/120 loss:0.0303 acc:0.9895
INFO:__main__:
【val】epoch:88/120 loss:0.4272 acc:0.9047
INFO:__main__:
【Val】:  SENS: 0.8560  SPEC: 0.9359  PPV: 0.8954  NPV: 0.9102 F1:0.8753
INFO:__main__:验证的best_acc:0.9266
INFO:__main__:----------------------------------------------------------------------------------------------------
INFO:__main__:
【train】epoch:89/120 loss:0.0260 acc:0.9917
INFO:__main__:
【val】epoch:89/120 loss:0.4498 acc:0.8922
INFO:__main__:
【Val】:  SENS: 0.8760  SPEC: 0.9026  PPV: 0.8521  NPV: 0.9191 F1:0.8639
INFO:__main__:验证的best_acc:0.9266
INFO:__main__:----------------------------------------------------------------------------------------------------
INFO:__main__:
【train】epoch:90/120 loss:0.0245 acc:0.9905
INFO:__main__:
【val】epoch:90/120 loss:0.4336 acc:0.9016
INFO:__main__:
【Val】:  SENS: 0.8600  SPEC: 0.9282  PPV: 0.8848  NPV: 0.9118 F1:0.8722
INFO:__main__:验证的best_acc:0.9266
INFO:__main__:----------------------------------------------------------------------------------------------------
INFO:__main__:
【train】epoch:91/120 loss:0.0241 acc:0.9897
INFO:__main__:
【val】epoch:91/120 loss:0.4390 acc:0.9078
INFO:__main__:
【Val】:  SENS: 0.8600  SPEC: 0.9385  PPV: 0.8996  NPV: 0.9127 F1:0.8793
INFO:__main__:验证的best_acc:0.9266
INFO:__main__:----------------------------------------------------------------------------------------------------
INFO:__main__:
【train】epoch:92/120 loss:0.0268 acc:0.9917
INFO:__main__:
【val】epoch:92/120 loss:0.4598 acc:0.9078
INFO:__main__:
【Val】:  SENS: 0.8720  SPEC: 0.9308  PPV: 0.8898  NPV: 0.9190 F1:0.8808
INFO:__main__:验证的best_acc:0.9266
INFO:__main__:----------------------------------------------------------------------------------------------------
INFO:__main__:
【train】epoch:93/120 loss:0.0187 acc:0.9938
INFO:__main__:
【val】epoch:93/120 loss:0.4416 acc:0.9125
INFO:__main__:
【Val】:  SENS: 0.9040  SPEC: 0.9179  PPV: 0.8760  NPV: 0.9372 F1:0.8898
INFO:__main__:验证的best_acc:0.9266
INFO:__main__:----------------------------------------------------------------------------------------------------
INFO:__main__:
【train】epoch:94/120 loss:0.0257 acc:0.9909
INFO:__main__:
【val】epoch:94/120 loss:0.4175 acc:0.9187
INFO:__main__:
【Val】:  SENS: 0.9160  SPEC: 0.9205  PPV: 0.8808  NPV: 0.9447 F1:0.8980
INFO:__main__:验证的best_acc:0.9266
INFO:__main__:----------------------------------------------------------------------------------------------------
INFO:__main__:
【train】epoch:95/120 loss:0.0233 acc:0.9913
INFO:__main__:
【val】epoch:95/120 loss:0.4056 acc:0.9187
INFO:__main__:
【Val】:  SENS: 0.8840  SPEC: 0.9410  PPV: 0.9057  NPV: 0.9268 F1:0.8947
INFO:__main__:验证的best_acc:0.9266
INFO:__main__:----------------------------------------------------------------------------------------------------
INFO:__main__:
【train】epoch:96/120 loss:0.0152 acc:0.9953
INFO:__main__:
【val】epoch:96/120 loss:0.4521 acc:0.9141
INFO:__main__:
【Val】:  SENS: 0.8680  SPEC: 0.9436  PPV: 0.9079  NPV: 0.9177 F1:0.8875
INFO:__main__:验证的best_acc:0.9266
INFO:__main__:----------------------------------------------------------------------------------------------------
INFO:__main__:
【train】epoch:97/120 loss:0.0179 acc:0.9938
INFO:__main__:
【val】epoch:97/120 loss:0.4673 acc:0.9094
INFO:__main__:
【Val】:  SENS: 0.8840  SPEC: 0.9256  PPV: 0.8840  NPV: 0.9256 F1:0.8840
INFO:__main__:验证的best_acc:0.9266
INFO:__main__:----------------------------------------------------------------------------------------------------
INFO:__main__:
【train】epoch:98/120 loss:0.0254 acc:0.9913
INFO:__main__:
【val】epoch:98/120 loss:0.4131 acc:0.9094
INFO:__main__:
【Val】:  SENS: 0.8680  SPEC: 0.9359  PPV: 0.8967  NPV: 0.9171 F1:0.8821
INFO:__main__:验证的best_acc:0.9266
INFO:__main__:----------------------------------------------------------------------------------------------------
INFO:__main__:
【train】epoch:99/120 loss:0.0164 acc:0.9942
INFO:__main__:
【val】epoch:99/120 loss:0.4409 acc:0.9141
INFO:__main__:
【Val】:  SENS: 0.8880  SPEC: 0.9308  PPV: 0.8916  NPV: 0.9284 F1:0.8898
INFO:__main__:验证的best_acc:0.9266
INFO:__main__:----------------------------------------------------------------------------------------------------
INFO:__main__:
【train】epoch:100/120 loss:0.0145 acc:0.9940
INFO:__main__:
【val】epoch:100/120 loss:0.4188 acc:0.9125
INFO:__main__:
【Val】:  SENS: 0.8960  SPEC: 0.9231  PPV: 0.8819  NPV: 0.9326 F1:0.8889
INFO:__main__:验证的best_acc:0.9266
INFO:__main__:----------------------------------------------------------------------------------------------------
INFO:__main__:
【train】epoch:101/120 loss:0.0253 acc:0.9907
INFO:__main__:
【val】epoch:101/120 loss:0.4655 acc:0.9203
INFO:__main__:
【Val】:  SENS: 0.9000  SPEC: 0.9333  PPV: 0.8964  NPV: 0.9357 F1:0.8982
INFO:__main__:验证的best_acc:0.9266
INFO:__main__:----------------------------------------------------------------------------------------------------
INFO:__main__:
【train】epoch:102/120 loss:0.0153 acc:0.9946
INFO:__main__:
【val】epoch:102/120 loss:0.4619 acc:0.9141
INFO:__main__:
【Val】:  SENS: 0.8800  SPEC: 0.9359  PPV: 0.8980  NPV: 0.9241 F1:0.8889
INFO:__main__:验证的best_acc:0.9266
INFO:__main__:----------------------------------------------------------------------------------------------------
INFO:__main__:
【train】epoch:103/120 loss:0.0127 acc:0.9950
INFO:__main__:
【val】epoch:103/120 loss:0.4870 acc:0.9062
INFO:__main__:
【Val】:  SENS: 0.8760  SPEC: 0.9256  PPV: 0.8831  NPV: 0.9209 F1:0.8795
INFO:__main__:验证的best_acc:0.9266
INFO:__main__:----------------------------------------------------------------------------------------------------
INFO:__main__:
【train】epoch:104/120 loss:0.0172 acc:0.9944
INFO:__main__:
【val】epoch:104/120 loss:0.4847 acc:0.9000
INFO:__main__:
【Val】:  SENS: 0.8720  SPEC: 0.9179  PPV: 0.8720  NPV: 0.9179 F1:0.8720
INFO:__main__:验证的best_acc:0.9266
INFO:__main__:----------------------------------------------------------------------------------------------------
INFO:__main__:
【train】epoch:105/120 loss:0.0155 acc:0.9955
INFO:__main__:
【val】epoch:105/120 loss:0.4701 acc:0.9094
INFO:__main__:
【Val】:  SENS: 0.8720  SPEC: 0.9333  PPV: 0.8934  NPV: 0.9192 F1:0.8826
INFO:__main__:验证的best_acc:0.9266
INFO:__main__:----------------------------------------------------------------------------------------------------
INFO:__main__:
【train】epoch:106/120 loss:0.0158 acc:0.9946
INFO:__main__:
【val】epoch:106/120 loss:0.4745 acc:0.9062
INFO:__main__:
【Val】:  SENS: 0.8600  SPEC: 0.9359  PPV: 0.8958  NPV: 0.9125 F1:0.8776
INFO:__main__:验证的best_acc:0.9266
INFO:__main__:----------------------------------------------------------------------------------------------------
INFO:__main__:
【train】epoch:107/120 loss:0.0146 acc:0.9942
INFO:__main__:
【val】epoch:107/120 loss:0.4465 acc:0.9125
INFO:__main__:
【Val】:  SENS: 0.8800  SPEC: 0.9333  PPV: 0.8943  NPV: 0.9239 F1:0.8871
INFO:__main__:验证的best_acc:0.9266
INFO:__main__:----------------------------------------------------------------------------------------------------
INFO:__main__:
【train】epoch:108/120 loss:0.0167 acc:0.9936
INFO:__main__:
【val】epoch:108/120 loss:0.4624 acc:0.9000
INFO:__main__:
【Val】:  SENS: 0.8680  SPEC: 0.9205  PPV: 0.8750  NPV: 0.9158 F1:0.8715
INFO:__main__:验证的best_acc:0.9266
INFO:__main__:----------------------------------------------------------------------------------------------------
INFO:__main__:
【train】epoch:109/120 loss:0.0174 acc:0.9934
INFO:__main__:
【val】epoch:109/120 loss:0.4391 acc:0.9172
INFO:__main__:
【Val】:  SENS: 0.8880  SPEC: 0.9359  PPV: 0.8988  NPV: 0.9288 F1:0.8934
INFO:__main__:验证的best_acc:0.9266
INFO:__main__:----------------------------------------------------------------------------------------------------
INFO:__main__:
【train】epoch:110/120 loss:0.0124 acc:0.9955
INFO:__main__:
【val】epoch:110/120 loss:0.4755 acc:0.9047
INFO:__main__:
【Val】:  SENS: 0.8720  SPEC: 0.9256  PPV: 0.8826  NPV: 0.9186 F1:0.8773
INFO:__main__:验证的best_acc:0.9266
INFO:__main__:----------------------------------------------------------------------------------------------------
INFO:__main__:
【train】epoch:111/120 loss:0.0123 acc:0.9953
INFO:__main__:
【val】epoch:111/120 loss:0.4727 acc:0.9187
INFO:__main__:
【Val】:  SENS: 0.8880  SPEC: 0.9385  PPV: 0.9024  NPV: 0.9289 F1:0.8952
INFO:__main__:验证的best_acc:0.9266
INFO:__main__:----------------------------------------------------------------------------------------------------
INFO:__main__:
【train】epoch:112/120 loss:0.0134 acc:0.9963
INFO:__main__:
【val】epoch:112/120 loss:0.4875 acc:0.9187
INFO:__main__:
【Val】:  SENS: 0.8840  SPEC: 0.9410  PPV: 0.9057  NPV: 0.9268 F1:0.8947
INFO:__main__:验证的best_acc:0.9266
INFO:__main__:----------------------------------------------------------------------------------------------------
INFO:__main__:
【train】epoch:113/120 loss:0.0105 acc:0.9965
INFO:__main__:
【val】epoch:113/120 loss:0.4751 acc:0.9187
INFO:__main__:
【Val】:  SENS: 0.9040  SPEC: 0.9282  PPV: 0.8898  NPV: 0.9378 F1:0.8968
INFO:__main__:验证的best_acc:0.9266
INFO:__main__:----------------------------------------------------------------------------------------------------
INFO:__main__:
【train】epoch:114/120 loss:0.0107 acc:0.9977
INFO:__main__:
【val】epoch:114/120 loss:0.5008 acc:0.9125
INFO:__main__:
【Val】:  SENS: 0.8800  SPEC: 0.9333  PPV: 0.8943  NPV: 0.9239 F1:0.8871
INFO:__main__:验证的best_acc:0.9266
INFO:__main__:----------------------------------------------------------------------------------------------------
INFO:__main__:
【train】epoch:115/120 loss:0.0085 acc:0.9967
INFO:__main__:
【val】epoch:115/120 loss:0.5286 acc:0.9109
INFO:__main__:
【Val】:  SENS: 0.8800  SPEC: 0.9308  PPV: 0.8907  NPV: 0.9237 F1:0.8853
INFO:__main__:验证的best_acc:0.9266
INFO:__main__:----------------------------------------------------------------------------------------------------
INFO:__main__:
【train】epoch:116/120 loss:0.0121 acc:0.9955
INFO:__main__:
【val】epoch:116/120 loss:0.4963 acc:0.9203
INFO:__main__:
【Val】:  SENS: 0.8880  SPEC: 0.9410  PPV: 0.9061  NPV: 0.9291 F1:0.8970
INFO:__main__:验证的best_acc:0.9266
INFO:__main__:----------------------------------------------------------------------------------------------------
INFO:__main__:
【train】epoch:117/120 loss:0.0118 acc:0.9955
INFO:__main__:
【val】epoch:117/120 loss:0.5167 acc:0.9094
INFO:__main__:
【Val】:  SENS: 0.8760  SPEC: 0.9308  PPV: 0.8902  NPV: 0.9213 F1:0.8831
INFO:__main__:验证的best_acc:0.9266
INFO:__main__:----------------------------------------------------------------------------------------------------
INFO:__main__:
【train】epoch:118/120 loss:0.0137 acc:0.9948
INFO:__main__:
【val】epoch:118/120 loss:0.5169 acc:0.9016
INFO:__main__:
【Val】:  SENS: 0.8560  SPEC: 0.9308  PPV: 0.8880  NPV: 0.9098 F1:0.8717
INFO:__main__:验证的best_acc:0.9266
INFO:__main__:----------------------------------------------------------------------------------------------------
INFO:__main__:
【train】epoch:119/120 loss:0.0090 acc:0.9971
INFO:__main__:
【val】epoch:119/120 loss:0.5086 acc:0.9094
INFO:__main__:
【Val】:  SENS: 0.8800  SPEC: 0.9282  PPV: 0.8871  NPV: 0.9235 F1:0.8835
INFO:__main__:验证的best_acc:0.9266
INFO:__main__:----------------------------------------------------------------------------------------------------
INFO:__main__:****************************************************************************************************
INFO:__main__:Val_LOSS:['0.5365', '0.4251', '0.3760', '0.3303', '0.3172', '0.3790', '0.3263', '0.2898', '0.3024', '0.3605', '0.3115', '0.4145', '0.3420', '0.3247', '0.2965', '0.2922', '0.3345', '0.2884', '0.3016', '0.2957', '0.2874', '0.2956', '0.3427', '0.2436', '0.2815', '0.2952', '0.3083', '0.3538', '0.3023', '0.2899', '0.3245', '0.3178', '0.2834', '0.2652', '0.3269', '0.3285', '0.2866', '0.3550', '0.2463', '0.2846', '0.3717', '0.3368', '0.2831', '0.3403', '0.3090', '0.3183', '0.3064', '0.3643', '0.3269', '0.3487', '0.3750', '0.3467', '0.3272', '0.3354', '0.4380', '0.3546', '0.3413', '0.3481', '0.3256', '0.3697', '0.3479', '0.3671', '0.3941', '0.4171', '0.3782', '0.3822', '0.3711', '0.3349', '0.3273', '0.3105', '0.3577', '0.3685', '0.4121', '0.4043', '0.3631', '0.3973', '0.3997', '0.3746', '0.4117', '0.4179', '0.4435', '0.3982', '0.4458', '0.4431', '0.4856', '0.4230', '0.4866', '0.4019', '0.4272', '0.4498', '0.4336', '0.4390', '0.4598', '0.4416', '0.4175', '0.4056', '0.4521', '0.4673', '0.4131', '0.4409', '0.4188', '0.4655', '0.4619', '0.4870', '0.4847', '0.4701', '0.4745', '0.4465', '0.4624', '0.4391', '0.4755', '0.4727', '0.4875', '0.4751', '0.5008', '0.5286', '0.4963', '0.5167', '0.5169', '0.5086']
INFO:__main__:Val_ACC:['0.7250', '0.7937', '0.8281', '0.8594', '0.8562', '0.8500', '0.8672', '0.8922', '0.8828', '0.8750', '0.8844', '0.8547', '0.8609', '0.8641', '0.8875', '0.8719', '0.8656', '0.8844', '0.8969', '0.9031', '0.9047', '0.8875', '0.8922', '0.9141', '0.9047', '0.9031', '0.9016', '0.8984', '0.8906', '0.9078', '0.9031', '0.8859', '0.8969', '0.9062', '0.9109', '0.8844', '0.9062', '0.9047', '0.9078', '0.9109', '0.9062', '0.9016', '0.9062', '0.8984', '0.8938', '0.9047', '0.9062', '0.8922', '0.9000', '0.9094', '0.9031', '0.9047', '0.9062', '0.8906', '0.9047', '0.9141', '0.9109', '0.9172', '0.9203', '0.9125', '0.9187', '0.9156', '0.9000', '0.9078', '0.9156', '0.9125', '0.9109', '0.9266', '0.9203', '0.9156', '0.9000', '0.9156', '0.9047', '0.9125', '0.9125', '0.9031', '0.9172', '0.9125', '0.9094', '0.9062', '0.9062', '0.9094', '0.8969', '0.9062', '0.9047', '0.9078', '0.9078', '0.9125', '0.9047', '0.8922', '0.9016', '0.9078', '0.9078', '0.9125', '0.9187', '0.9187', '0.9141', '0.9094', '0.9094', '0.9141', '0.9125', '0.9203', '0.9141', '0.9062', '0.9000', '0.9094', '0.9062', '0.9125', '0.9000', '0.9172', '0.9047', '0.9187', '0.9187', '0.9187', '0.9125', '0.9109', '0.9203', '0.9094', '0.9016', '0.9094']
INFO:__main__:****************************************************************************************************
INFO:__main__: epoch0 测试test_Loss: 0.2763  test_ACC: 0.9268  
INFO:__main__:SENS: 0.9308 SPEC: 0.9242 PPV: 0.8897 NPV: 0.9531 F1:0.9098
INFO:__main__:test_Best_acc:0.9268
INFO:__main__:flops:2351437216.0  params:14205429.0
