INFO:__main__:
【train】epoch:0/120 loss:0.5963 acc:0.6736
INFO:__main__:
【val】epoch:0/120 loss:0.5578 acc:0.7054
INFO:__main__:
【Val】:  SENS: 0.6769  SPEC: 0.7215  PPV: 0.5805  NPV: 0.7969 F1:0.6250
INFO:__main__:验证的best_acc:0.7054
INFO:__main__:----------------------------------------------------------------------------------------------------
INFO:__main__:
【train】epoch:1/120 loss:0.5371 acc:0.7204
INFO:__main__:
【val】epoch:1/120 loss:0.4882 acc:0.7277
INFO:__main__:
【Val】:  SENS: 0.5969  SPEC: 0.8021  PPV: 0.6319  NPV: 0.7776 F1:0.6139
INFO:__main__:验证的best_acc:0.7277
INFO:__main__:----------------------------------------------------------------------------------------------------
INFO:__main__:
【train】epoch:2/120 loss:0.5096 acc:0.7402
INFO:__main__:
【val】epoch:2/120 loss:0.4702 acc:0.7422
INFO:__main__:
【Val】:  SENS: 0.6031  SPEC: 0.8214  PPV: 0.6577  NPV: 0.7843 F1:0.6292
INFO:__main__:验证的best_acc:0.7422
INFO:__main__:----------------------------------------------------------------------------------------------------
INFO:__main__:
【train】epoch:3/120 loss:0.4817 acc:0.7577
INFO:__main__:
【val】epoch:3/120 loss:0.4914 acc:0.7679
INFO:__main__:
【Val】:  SENS: 0.6092  SPEC: 0.8581  PPV: 0.7097  NPV: 0.7942 F1:0.6556
INFO:__main__:验证的best_acc:0.7679
INFO:__main__:----------------------------------------------------------------------------------------------------
INFO:__main__:
【train】epoch:4/120 loss:0.4349 acc:0.7925
INFO:__main__:
【val】epoch:4/120 loss:0.5135 acc:0.7533
INFO:__main__:
【Val】:  SENS: 0.3785  SPEC: 0.9667  PPV: 0.8662  NPV: 0.7321 F1:0.5268
INFO:__main__:验证的best_acc:0.7679
INFO:__main__:----------------------------------------------------------------------------------------------------
INFO:__main__:
【train】epoch:5/120 loss:0.3975 acc:0.8177
INFO:__main__:
【val】epoch:5/120 loss:0.4729 acc:0.7656
INFO:__main__:
【Val】:  SENS: 0.4277  SPEC: 0.9580  PPV: 0.8528  NPV: 0.7462 F1:0.5697
INFO:__main__:验证的best_acc:0.7679
INFO:__main__:----------------------------------------------------------------------------------------------------
INFO:__main__:
【train】epoch:6/120 loss:0.3787 acc:0.8249
INFO:__main__:
【val】epoch:6/120 loss:0.4097 acc:0.7768
INFO:__main__:
【Val】:  SENS: 0.6185  SPEC: 0.8669  PPV: 0.7256  NPV: 0.7997 F1:0.6678
INFO:__main__:验证的best_acc:0.7768
INFO:__main__:----------------------------------------------------------------------------------------------------
INFO:__main__:
【train】epoch:7/120 loss:0.3652 acc:0.8323
INFO:__main__:
【val】epoch:7/120 loss:0.4258 acc:0.7790
INFO:__main__:
【Val】:  SENS: 0.5292  SPEC: 0.9212  PPV: 0.7926  NPV: 0.7747 F1:0.6347
INFO:__main__:验证的best_acc:0.7790
INFO:__main__:----------------------------------------------------------------------------------------------------
INFO:__main__:
【train】epoch:8/120 loss:0.3553 acc:0.8409
INFO:__main__:
【val】epoch:8/120 loss:0.3935 acc:0.8125
INFO:__main__:
【Val】:  SENS: 0.6154  SPEC: 0.9247  PPV: 0.8230  NPV: 0.8086 F1:0.7042
INFO:__main__:验证的best_acc:0.8125
INFO:__main__:----------------------------------------------------------------------------------------------------
INFO:__main__:
【train】epoch:9/120 loss:0.3305 acc:0.8500
INFO:__main__:
【val】epoch:9/120 loss:0.3268 acc:0.8493
INFO:__main__:
【Val】:  SENS: 0.6923  SPEC: 0.9387  PPV: 0.8654  NPV: 0.8428 F1:0.7692
INFO:__main__:验证的best_acc:0.8493
INFO:__main__:----------------------------------------------------------------------------------------------------
INFO:__main__:
【train】epoch:10/120 loss:0.3200 acc:0.8558
INFO:__main__:
【val】epoch:10/120 loss:0.3590 acc:0.8304
INFO:__main__:
【Val】:  SENS: 0.6185  SPEC: 0.9510  PPV: 0.8777  NPV: 0.8141 F1:0.7256
INFO:__main__:验证的best_acc:0.8493
INFO:__main__:----------------------------------------------------------------------------------------------------
INFO:__main__:
【train】epoch:11/120 loss:0.3126 acc:0.8630
INFO:__main__:
【val】epoch:11/120 loss:0.3826 acc:0.8225
INFO:__main__:
【Val】:  SENS: 0.5723  SPEC: 0.9650  PPV: 0.9029  NPV: 0.7986 F1:0.7006
INFO:__main__:验证的best_acc:0.8493
INFO:__main__:----------------------------------------------------------------------------------------------------
INFO:__main__:
【train】epoch:12/120 loss:0.3050 acc:0.8696
INFO:__main__:
【val】epoch:12/120 loss:0.3088 acc:0.8650
INFO:__main__:
【Val】:  SENS: 0.7662  SPEC: 0.9212  PPV: 0.8469  NPV: 0.8738 F1:0.8045
INFO:__main__:验证的best_acc:0.8650
INFO:__main__:----------------------------------------------------------------------------------------------------
INFO:__main__:
【train】epoch:13/120 loss:0.3035 acc:0.8651
INFO:__main__:
【val】epoch:13/120 loss:0.3469 acc:0.8315
INFO:__main__:
【Val】:  SENS: 0.6646  SPEC: 0.9264  PPV: 0.8372  NPV: 0.8292 F1:0.7410
INFO:__main__:验证的best_acc:0.8650
INFO:__main__:----------------------------------------------------------------------------------------------------
INFO:__main__:
【train】epoch:14/120 loss:0.2930 acc:0.8704
INFO:__main__:
【val】epoch:14/120 loss:0.3056 acc:0.8616
INFO:__main__:
【Val】:  SENS: 0.7292  SPEC: 0.9370  PPV: 0.8681  NPV: 0.8587 F1:0.7926
INFO:__main__:验证的best_acc:0.8650
INFO:__main__:----------------------------------------------------------------------------------------------------
INFO:__main__:
【train】epoch:15/120 loss:0.2813 acc:0.8779
INFO:__main__:
【val】epoch:15/120 loss:0.3317 acc:0.8393
INFO:__main__:
【Val】:  SENS: 0.6923  SPEC: 0.9229  PPV: 0.8364  NPV: 0.8405 F1:0.7576
INFO:__main__:验证的best_acc:0.8650
INFO:__main__:----------------------------------------------------------------------------------------------------
INFO:__main__:
【train】epoch:16/120 loss:0.2802 acc:0.8798
INFO:__main__:
【val】epoch:16/120 loss:0.3225 acc:0.8761
INFO:__main__:
【Val】:  SENS: 0.7662  SPEC: 0.9387  PPV: 0.8768  NPV: 0.8758 F1:0.8177
INFO:__main__:验证的best_acc:0.8761
INFO:__main__:----------------------------------------------------------------------------------------------------
INFO:__main__:
【train】epoch:17/120 loss:0.2674 acc:0.8822
INFO:__main__:
【val】epoch:17/120 loss:0.3439 acc:0.8482
INFO:__main__:
【Val】:  SENS: 0.7138  SPEC: 0.9247  PPV: 0.8436  NPV: 0.8502 F1:0.7733
INFO:__main__:验证的best_acc:0.8761
INFO:__main__:----------------------------------------------------------------------------------------------------
INFO:__main__:
【train】epoch:18/120 loss:0.2631 acc:0.8863
INFO:__main__:
【val】epoch:18/120 loss:0.3339 acc:0.8449
INFO:__main__:
【Val】:  SENS: 0.7508  SPEC: 0.8984  PPV: 0.8079  NPV: 0.8636 F1:0.7783
INFO:__main__:验证的best_acc:0.8761
INFO:__main__:----------------------------------------------------------------------------------------------------
INFO:__main__:
【train】epoch:19/120 loss:0.2554 acc:0.8904
INFO:__main__:
【val】epoch:19/120 loss:0.2981 acc:0.8806
INFO:__main__:
【Val】:  SENS: 0.8215  SPEC: 0.9142  PPV: 0.8449  NPV: 0.9000 F1:0.8331
INFO:__main__:验证的best_acc:0.8806
INFO:__main__:----------------------------------------------------------------------------------------------------
INFO:__main__:
【train】epoch:20/120 loss:0.2412 acc:0.8966
INFO:__main__:
【val】epoch:20/120 loss:0.3439 acc:0.8504
INFO:__main__:
【Val】:  SENS: 0.7077  SPEC: 0.9317  PPV: 0.8550  NPV: 0.8485 F1:0.7744
INFO:__main__:验证的best_acc:0.8806
INFO:__main__:----------------------------------------------------------------------------------------------------
INFO:__main__:
【train】epoch:21/120 loss:0.2363 acc:0.9008
INFO:__main__:
【val】epoch:21/120 loss:0.3483 acc:0.8594
INFO:__main__:
【Val】:  SENS: 0.7477  SPEC: 0.9229  PPV: 0.8467  NPV: 0.8654 F1:0.7941
INFO:__main__:验证的best_acc:0.8806
INFO:__main__:----------------------------------------------------------------------------------------------------
INFO:__main__:
【train】epoch:22/120 loss:0.2286 acc:0.9058
INFO:__main__:
【val】epoch:22/120 loss:0.3832 acc:0.8527
INFO:__main__:
【Val】:  SENS: 0.6923  SPEC: 0.9440  PPV: 0.8755  NPV: 0.8435 F1:0.7732
INFO:__main__:验证的best_acc:0.8806
INFO:__main__:----------------------------------------------------------------------------------------------------
INFO:__main__:
【train】epoch:23/120 loss:0.2283 acc:0.9046
INFO:__main__:
【val】epoch:23/120 loss:0.3610 acc:0.8672
INFO:__main__:
【Val】:  SENS: 0.8092  SPEC: 0.9002  PPV: 0.8219  NPV: 0.8924 F1:0.8155
INFO:__main__:验证的best_acc:0.8806
INFO:__main__:----------------------------------------------------------------------------------------------------
INFO:__main__:
【train】epoch:24/120 loss:0.2281 acc:0.9067
INFO:__main__:
【val】epoch:24/120 loss:0.3175 acc:0.8817
INFO:__main__:
【Val】:  SENS: 0.8462  SPEC: 0.9019  PPV: 0.8308  NPV: 0.9115 F1:0.8384
INFO:__main__:验证的best_acc:0.8817
INFO:__main__:----------------------------------------------------------------------------------------------------
INFO:__main__:
【train】epoch:25/120 loss:0.2157 acc:0.9106
INFO:__main__:
【val】epoch:25/120 loss:0.3668 acc:0.8750
INFO:__main__:
【Val】:  SENS: 0.8954  SPEC: 0.8634  PPV: 0.7886  NPV: 0.9355 F1:0.8386
INFO:__main__:验证的best_acc:0.8817
INFO:__main__:----------------------------------------------------------------------------------------------------
INFO:__main__:
【train】epoch:26/120 loss:0.2151 acc:0.9082
INFO:__main__:
【val】epoch:26/120 loss:0.3151 acc:0.8650
INFO:__main__:
【Val】:  SENS: 0.7846  SPEC: 0.9107  PPV: 0.8333  NPV: 0.8814 F1:0.8082
INFO:__main__:验证的best_acc:0.8817
INFO:__main__:----------------------------------------------------------------------------------------------------
INFO:__main__:
【train】epoch:27/120 loss:0.2052 acc:0.9167
INFO:__main__:
【val】epoch:27/120 loss:0.3148 acc:0.8884
INFO:__main__:
【Val】:  SENS: 0.8554  SPEC: 0.9072  PPV: 0.8399  NPV: 0.9168 F1:0.8476
INFO:__main__:验证的best_acc:0.8884
INFO:__main__:----------------------------------------------------------------------------------------------------
INFO:__main__:
【train】epoch:28/120 loss:0.2010 acc:0.9170
INFO:__main__:
【val】epoch:28/120 loss:0.3829 acc:0.8795
INFO:__main__:
【Val】:  SENS: 0.8277  SPEC: 0.9089  PPV: 0.8380  NPV: 0.9026 F1:0.8328
INFO:__main__:验证的best_acc:0.8884
INFO:__main__:----------------------------------------------------------------------------------------------------
INFO:__main__:
【train】epoch:29/120 loss:0.1904 acc:0.9224
INFO:__main__:
【val】epoch:29/120 loss:0.3507 acc:0.8817
INFO:__main__:
【Val】:  SENS: 0.8738  SPEC: 0.8862  PPV: 0.8138  NPV: 0.9250 F1:0.8427
INFO:__main__:验证的best_acc:0.8884
INFO:__main__:----------------------------------------------------------------------------------------------------
INFO:__main__:
【train】epoch:30/120 loss:0.1857 acc:0.9226
INFO:__main__:
【val】epoch:30/120 loss:0.3487 acc:0.8750
INFO:__main__:
【Val】:  SENS: 0.8677  SPEC: 0.8792  PPV: 0.8034  NPV: 0.9211 F1:0.8343
INFO:__main__:验证的best_acc:0.8884
INFO:__main__:----------------------------------------------------------------------------------------------------
INFO:__main__:
【train】epoch:31/120 loss:0.1767 acc:0.9246
INFO:__main__:
【val】epoch:31/120 loss:0.3550 acc:0.8761
INFO:__main__:
【Val】:  SENS: 0.8554  SPEC: 0.8879  PPV: 0.8129  NPV: 0.9152 F1:0.8336
INFO:__main__:验证的best_acc:0.8884
INFO:__main__:----------------------------------------------------------------------------------------------------
INFO:__main__:
【train】epoch:32/120 loss:0.1716 acc:0.9293
INFO:__main__:
【val】epoch:32/120 loss:0.3588 acc:0.8884
INFO:__main__:
【Val】:  SENS: 0.8646  SPEC: 0.9019  PPV: 0.8338  NPV: 0.9213 F1:0.8489
INFO:__main__:验证的best_acc:0.8884
INFO:__main__:----------------------------------------------------------------------------------------------------
INFO:__main__:
【train】epoch:33/120 loss:0.1734 acc:0.9287
INFO:__main__:
【val】epoch:33/120 loss:0.4540 acc:0.8460
INFO:__main__:
【Val】:  SENS: 0.8646  SPEC: 0.8354  PPV: 0.7493  NPV: 0.9155 F1:0.8029
INFO:__main__:验证的best_acc:0.8884
INFO:__main__:----------------------------------------------------------------------------------------------------
INFO:__main__:
【train】epoch:34/120 loss:0.1737 acc:0.9268
INFO:__main__:
【val】epoch:34/120 loss:0.3720 acc:0.8783
INFO:__main__:
【Val】:  SENS: 0.8800  SPEC: 0.8774  PPV: 0.8034  NPV: 0.9278 F1:0.8399
INFO:__main__:验证的best_acc:0.8884
INFO:__main__:----------------------------------------------------------------------------------------------------
INFO:__main__:
【train】epoch:35/120 loss:0.1669 acc:0.9330
INFO:__main__:
【val】epoch:35/120 loss:0.3549 acc:0.8873
INFO:__main__:
【Val】:  SENS: 0.8862  SPEC: 0.8879  PPV: 0.8182  NPV: 0.9320 F1:0.8508
INFO:__main__:验证的best_acc:0.8884
INFO:__main__:----------------------------------------------------------------------------------------------------
INFO:__main__:
【train】epoch:36/120 loss:0.1630 acc:0.9351
INFO:__main__:
【val】epoch:36/120 loss:0.3343 acc:0.8906
INFO:__main__:
【Val】:  SENS: 0.8462  SPEC: 0.9159  PPV: 0.8514  NPV: 0.9127 F1:0.8488
INFO:__main__:验证的best_acc:0.8906
INFO:__main__:----------------------------------------------------------------------------------------------------
INFO:__main__:
【train】epoch:37/120 loss:0.1612 acc:0.9334
INFO:__main__:
【val】epoch:37/120 loss:0.3628 acc:0.8884
INFO:__main__:
【Val】:  SENS: 0.8769  SPEC: 0.8949  PPV: 0.8261  NPV: 0.9274 F1:0.8507
INFO:__main__:验证的best_acc:0.8906
INFO:__main__:----------------------------------------------------------------------------------------------------
INFO:__main__:
【train】epoch:38/120 loss:0.1646 acc:0.9352
INFO:__main__:
【val】epoch:38/120 loss:0.3435 acc:0.8839
INFO:__main__:
【Val】:  SENS: 0.8369  SPEC: 0.9107  PPV: 0.8421  NPV: 0.9075 F1:0.8395
INFO:__main__:验证的best_acc:0.8906
INFO:__main__:----------------------------------------------------------------------------------------------------
INFO:__main__:
【train】epoch:39/120 loss:0.1488 acc:0.9414
INFO:__main__:
【val】epoch:39/120 loss:0.3594 acc:0.8783
INFO:__main__:
【Val】:  SENS: 0.8615  SPEC: 0.8879  PPV: 0.8140  NPV: 0.9185 F1:0.8371
INFO:__main__:验证的best_acc:0.8906
INFO:__main__:----------------------------------------------------------------------------------------------------
INFO:__main__:
【train】epoch:40/120 loss:0.1399 acc:0.9439
INFO:__main__:
【val】epoch:40/120 loss:0.3946 acc:0.8906
INFO:__main__:
【Val】:  SENS: 0.8615  SPEC: 0.9072  PPV: 0.8408  NPV: 0.9201 F1:0.8511
INFO:__main__:验证的best_acc:0.8906
INFO:__main__:----------------------------------------------------------------------------------------------------
INFO:__main__:
【train】epoch:41/120 loss:0.1387 acc:0.9432
INFO:__main__:
【val】epoch:41/120 loss:0.3984 acc:0.8817
INFO:__main__:
【Val】:  SENS: 0.8708  SPEC: 0.8879  PPV: 0.8156  NPV: 0.9235 F1:0.8423
INFO:__main__:验证的best_acc:0.8906
INFO:__main__:----------------------------------------------------------------------------------------------------
INFO:__main__:
【train】epoch:42/120 loss:0.1426 acc:0.9443
INFO:__main__:
【val】epoch:42/120 loss:0.3427 acc:0.8951
INFO:__main__:
【Val】:  SENS: 0.8585  SPEC: 0.9159  PPV: 0.8532  NPV: 0.9192 F1:0.8558
INFO:__main__:验证的best_acc:0.8951
INFO:__main__:----------------------------------------------------------------------------------------------------
INFO:__main__:
【train】epoch:43/120 loss:0.1420 acc:0.9466
INFO:__main__:
【val】epoch:43/120 loss:0.3566 acc:0.8873
INFO:__main__:
【Val】:  SENS: 0.8615  SPEC: 0.9019  PPV: 0.8333  NPV: 0.9196 F1:0.8472
INFO:__main__:验证的best_acc:0.8951
INFO:__main__:----------------------------------------------------------------------------------------------------
INFO:__main__:
【train】epoch:44/120 loss:0.1312 acc:0.9471
INFO:__main__:
【val】epoch:44/120 loss:0.3128 acc:0.8895
INFO:__main__:
【Val】:  SENS: 0.8646  SPEC: 0.9037  PPV: 0.8363  NPV: 0.9214 F1:0.8502
INFO:__main__:验证的best_acc:0.8951
INFO:__main__:----------------------------------------------------------------------------------------------------
INFO:__main__:
【train】epoch:45/120 loss:0.1308 acc:0.9497
INFO:__main__:
【val】epoch:45/120 loss:0.3521 acc:0.8828
INFO:__main__:
【Val】:  SENS: 0.8277  SPEC: 0.9142  PPV: 0.8459  NPV: 0.9031 F1:0.8367
INFO:__main__:验证的best_acc:0.8951
INFO:__main__:----------------------------------------------------------------------------------------------------
INFO:__main__:
【train】epoch:46/120 loss:0.1267 acc:0.9500
INFO:__main__:
【val】epoch:46/120 loss:0.3841 acc:0.8962
INFO:__main__:
【Val】:  SENS: 0.8862  SPEC: 0.9019  PPV: 0.8372  NPV: 0.9330 F1:0.8610
INFO:__main__:验证的best_acc:0.8962
INFO:__main__:----------------------------------------------------------------------------------------------------
INFO:__main__:
【train】epoch:47/120 loss:0.1275 acc:0.9489
INFO:__main__:
【val】epoch:47/120 loss:0.3986 acc:0.8828
INFO:__main__:
【Val】:  SENS: 0.8492  SPEC: 0.9019  PPV: 0.8313  NPV: 0.9131 F1:0.8402
INFO:__main__:验证的best_acc:0.8962
INFO:__main__:----------------------------------------------------------------------------------------------------
INFO:__main__:
【train】epoch:48/120 loss:0.1231 acc:0.9485
INFO:__main__:
【val】epoch:48/120 loss:0.3738 acc:0.8817
INFO:__main__:
【Val】:  SENS: 0.8492  SPEC: 0.9002  PPV: 0.8288  NPV: 0.9130 F1:0.8389
INFO:__main__:验证的best_acc:0.8962
INFO:__main__:----------------------------------------------------------------------------------------------------
INFO:__main__:
【train】epoch:49/120 loss:0.1093 acc:0.9579
INFO:__main__:
【val】epoch:49/120 loss:0.3331 acc:0.8917
INFO:__main__:
【Val】:  SENS: 0.8338  SPEC: 0.9247  PPV: 0.8631  NPV: 0.9072 F1:0.8482
INFO:__main__:验证的best_acc:0.8962
INFO:__main__:----------------------------------------------------------------------------------------------------
INFO:__main__:
【train】epoch:50/120 loss:0.1145 acc:0.9558
INFO:__main__:
【val】epoch:50/120 loss:0.4057 acc:0.8895
INFO:__main__:
【Val】:  SENS: 0.8462  SPEC: 0.9142  PPV: 0.8488  NPV: 0.9126 F1:0.8475
INFO:__main__:验证的best_acc:0.8962
INFO:__main__:----------------------------------------------------------------------------------------------------
INFO:__main__:
【train】epoch:51/120 loss:0.1135 acc:0.9558
INFO:__main__:
【val】epoch:51/120 loss:0.3318 acc:0.8984
INFO:__main__:
【Val】:  SENS: 0.8769  SPEC: 0.9107  PPV: 0.8482  NPV: 0.9286 F1:0.8623
INFO:__main__:验证的best_acc:0.8984
INFO:__main__:----------------------------------------------------------------------------------------------------
INFO:__main__:
【train】epoch:52/120 loss:0.1026 acc:0.9599
INFO:__main__:
【val】epoch:52/120 loss:0.4176 acc:0.8783
INFO:__main__:
【Val】:  SENS: 0.8185  SPEC: 0.9124  PPV: 0.8418  NPV: 0.8983 F1:0.8300
INFO:__main__:验证的best_acc:0.8984
INFO:__main__:----------------------------------------------------------------------------------------------------
INFO:__main__:
【train】epoch:53/120 loss:0.1058 acc:0.9594
INFO:__main__:
【val】epoch:53/120 loss:0.3205 acc:0.8962
INFO:__main__:
【Val】:  SENS: 0.8831  SPEC: 0.9037  PPV: 0.8392  NPV: 0.9314 F1:0.8606
INFO:__main__:验证的best_acc:0.8984
INFO:__main__:----------------------------------------------------------------------------------------------------
INFO:__main__:
【train】epoch:54/120 loss:0.1088 acc:0.9573
INFO:__main__:
【val】epoch:54/120 loss:0.3817 acc:0.8917
INFO:__main__:
【Val】:  SENS: 0.8646  SPEC: 0.9072  PPV: 0.8413  NPV: 0.9217 F1:0.8528
INFO:__main__:验证的best_acc:0.8984
INFO:__main__:----------------------------------------------------------------------------------------------------
INFO:__main__:
【train】epoch:55/120 loss:0.1005 acc:0.9617
INFO:__main__:
【val】epoch:55/120 loss:0.3883 acc:0.8951
INFO:__main__:
【Val】:  SENS: 0.8708  SPEC: 0.9089  PPV: 0.8448  NPV: 0.9251 F1:0.8576
INFO:__main__:验证的best_acc:0.8984
INFO:__main__:----------------------------------------------------------------------------------------------------
INFO:__main__:
【train】epoch:56/120 loss:0.1023 acc:0.9602
INFO:__main__:
【val】epoch:56/120 loss:0.3333 acc:0.8929
INFO:__main__:
【Val】:  SENS: 0.8800  SPEC: 0.9002  PPV: 0.8338  NPV: 0.9295 F1:0.8563
INFO:__main__:验证的best_acc:0.8984
INFO:__main__:----------------------------------------------------------------------------------------------------
INFO:__main__:
【train】epoch:57/120 loss:0.1007 acc:0.9605
INFO:__main__:
【val】epoch:57/120 loss:0.3642 acc:0.8817
INFO:__main__:
【Val】:  SENS: 0.8954  SPEC: 0.8739  PPV: 0.8017  NPV: 0.9362 F1:0.8459
INFO:__main__:验证的best_acc:0.8984
INFO:__main__:----------------------------------------------------------------------------------------------------
INFO:__main__:
【train】epoch:58/120 loss:0.0936 acc:0.9614
INFO:__main__:
【val】epoch:58/120 loss:0.3985 acc:0.8828
INFO:__main__:
【Val】:  SENS: 0.8585  SPEC: 0.8967  PPV: 0.8254  NPV: 0.9176 F1:0.8416
INFO:__main__:验证的best_acc:0.8984
INFO:__main__:----------------------------------------------------------------------------------------------------
INFO:__main__:
【train】epoch:59/120 loss:0.0933 acc:0.9628
INFO:__main__:
【val】epoch:59/120 loss:0.3345 acc:0.9007
INFO:__main__:
【Val】:  SENS: 0.8277  SPEC: 0.9422  PPV: 0.8907  NPV: 0.9057 F1:0.8581
INFO:__main__:验证的best_acc:0.9007
INFO:__main__:----------------------------------------------------------------------------------------------------
INFO:__main__:
【train】epoch:60/120 loss:0.0906 acc:0.9640
INFO:__main__:
【val】epoch:60/120 loss:0.3753 acc:0.8906
INFO:__main__:
【Val】:  SENS: 0.8400  SPEC: 0.9194  PPV: 0.8558  NPV: 0.9099 F1:0.8478
INFO:__main__:验证的best_acc:0.9007
INFO:__main__:----------------------------------------------------------------------------------------------------
INFO:__main__:
【train】epoch:61/120 loss:0.0899 acc:0.9647
INFO:__main__:
【val】epoch:61/120 loss:0.3571 acc:0.8895
INFO:__main__:
【Val】:  SENS: 0.8523  SPEC: 0.9107  PPV: 0.8445  NPV: 0.9155 F1:0.8484
INFO:__main__:验证的best_acc:0.9007
INFO:__main__:----------------------------------------------------------------------------------------------------
INFO:__main__:
【train】epoch:62/120 loss:0.0847 acc:0.9662
INFO:__main__:
【val】epoch:62/120 loss:0.3792 acc:0.8996
INFO:__main__:
【Val】:  SENS: 0.8646  SPEC: 0.9194  PPV: 0.8593  NPV: 0.9227 F1:0.8620
INFO:__main__:验证的best_acc:0.9007
INFO:__main__:----------------------------------------------------------------------------------------------------
INFO:__main__:
【train】epoch:63/120 loss:0.0811 acc:0.9692
INFO:__main__:
【val】epoch:63/120 loss:0.3912 acc:0.8906
INFO:__main__:
【Val】:  SENS: 0.8554  SPEC: 0.9107  PPV: 0.8450  NPV: 0.9171 F1:0.8502
INFO:__main__:验证的best_acc:0.9007
INFO:__main__:----------------------------------------------------------------------------------------------------
INFO:__main__:
【train】epoch:64/120 loss:0.0813 acc:0.9690
INFO:__main__:
【val】epoch:64/120 loss:0.3637 acc:0.9029
INFO:__main__:
【Val】:  SENS: 0.8246  SPEC: 0.9475  PPV: 0.8993  NPV: 0.9047 F1:0.8604
INFO:__main__:验证的best_acc:0.9029
INFO:__main__:----------------------------------------------------------------------------------------------------
INFO:__main__:
【train】epoch:65/120 loss:0.0880 acc:0.9655
INFO:__main__:
【val】epoch:65/120 loss:0.3769 acc:0.8973
INFO:__main__:
【Val】:  SENS: 0.8246  SPEC: 0.9387  PPV: 0.8845  NPV: 0.9039 F1:0.8535
INFO:__main__:验证的best_acc:0.9029
INFO:__main__:----------------------------------------------------------------------------------------------------
INFO:__main__:
【train】epoch:66/120 loss:0.0781 acc:0.9708
INFO:__main__:
【val】epoch:66/120 loss:0.3727 acc:0.8962
INFO:__main__:
【Val】:  SENS: 0.8523  SPEC: 0.9212  PPV: 0.8602  NPV: 0.9164 F1:0.8563
INFO:__main__:验证的best_acc:0.9029
INFO:__main__:----------------------------------------------------------------------------------------------------
INFO:__main__:
【train】epoch:67/120 loss:0.0764 acc:0.9694
INFO:__main__:
【val】epoch:67/120 loss:0.3198 acc:0.9040
INFO:__main__:
【Val】:  SENS: 0.8862  SPEC: 0.9142  PPV: 0.8546  NPV: 0.9338 F1:0.8701
INFO:__main__:验证的best_acc:0.9040
INFO:__main__:----------------------------------------------------------------------------------------------------
INFO:__main__:
【train】epoch:68/120 loss:0.0694 acc:0.9732
INFO:__main__:
【val】epoch:68/120 loss:0.4079 acc:0.8984
INFO:__main__:
【Val】:  SENS: 0.8615  SPEC: 0.9194  PPV: 0.8589  NPV: 0.9211 F1:0.8602
INFO:__main__:验证的best_acc:0.9040
INFO:__main__:----------------------------------------------------------------------------------------------------
INFO:__main__:
【train】epoch:69/120 loss:0.0778 acc:0.9700
INFO:__main__:
【val】epoch:69/120 loss:0.3419 acc:0.8996
INFO:__main__:
【Val】:  SENS: 0.8708  SPEC: 0.9159  PPV: 0.8550  NPV: 0.9257 F1:0.8628
INFO:__main__:验证的best_acc:0.9040
INFO:__main__:----------------------------------------------------------------------------------------------------
INFO:__main__:
【train】epoch:70/120 loss:0.0732 acc:0.9719
INFO:__main__:
【val】epoch:70/120 loss:0.3885 acc:0.8973
INFO:__main__:
【Val】:  SENS: 0.8738  SPEC: 0.9107  PPV: 0.8478  NPV: 0.9269 F1:0.8606
INFO:__main__:验证的best_acc:0.9040
INFO:__main__:----------------------------------------------------------------------------------------------------
INFO:__main__:
【train】epoch:71/120 loss:0.0716 acc:0.9723
INFO:__main__:
【val】epoch:71/120 loss:0.3841 acc:0.9051
INFO:__main__:
【Val】:  SENS: 0.8492  SPEC: 0.9370  PPV: 0.8846  NPV: 0.9161 F1:0.8666
INFO:__main__:验证的best_acc:0.9051
INFO:__main__:----------------------------------------------------------------------------------------------------
INFO:__main__:
【train】epoch:72/120 loss:0.0696 acc:0.9739
INFO:__main__:
【val】epoch:72/120 loss:0.3466 acc:0.9085
INFO:__main__:
【Val】:  SENS: 0.8831  SPEC: 0.9229  PPV: 0.8671  NPV: 0.9327 F1:0.8750
INFO:__main__:验证的best_acc:0.9085
INFO:__main__:----------------------------------------------------------------------------------------------------
INFO:__main__:
【train】epoch:73/120 loss:0.0693 acc:0.9719
INFO:__main__:
【val】epoch:73/120 loss:0.4065 acc:0.8984
INFO:__main__:
【Val】:  SENS: 0.8431  SPEC: 0.9299  PPV: 0.8726  NPV: 0.9124 F1:0.8576
INFO:__main__:验证的best_acc:0.9085
INFO:__main__:----------------------------------------------------------------------------------------------------
INFO:__main__:
【train】epoch:74/120 loss:0.0688 acc:0.9735
INFO:__main__:
【val】epoch:74/120 loss:0.3981 acc:0.8973
INFO:__main__:
【Val】:  SENS: 0.8369  SPEC: 0.9317  PPV: 0.8746  NPV: 0.9094 F1:0.8553
INFO:__main__:验证的best_acc:0.9085
INFO:__main__:----------------------------------------------------------------------------------------------------
INFO:__main__:
【train】epoch:75/120 loss:0.0631 acc:0.9743
INFO:__main__:
【val】epoch:75/120 loss:0.3838 acc:0.9051
INFO:__main__:
【Val】:  SENS: 0.8800  SPEC: 0.9194  PPV: 0.8614  NPV: 0.9309 F1:0.8706
INFO:__main__:验证的best_acc:0.9085
INFO:__main__:----------------------------------------------------------------------------------------------------
INFO:__main__:
【train】epoch:76/120 loss:0.0757 acc:0.9711
INFO:__main__:
【val】epoch:76/120 loss:0.3306 acc:0.8996
INFO:__main__:
【Val】:  SENS: 0.8554  SPEC: 0.9247  PPV: 0.8660  NPV: 0.9183 F1:0.8607
INFO:__main__:验证的best_acc:0.9085
INFO:__main__:----------------------------------------------------------------------------------------------------
INFO:__main__:
【train】epoch:77/120 loss:0.0655 acc:0.9760
INFO:__main__:
【val】epoch:77/120 loss:0.3572 acc:0.9051
INFO:__main__:
【Val】:  SENS: 0.8554  SPEC: 0.9335  PPV: 0.8797  NPV: 0.9190 F1:0.8674
INFO:__main__:验证的best_acc:0.9085
INFO:__main__:----------------------------------------------------------------------------------------------------
INFO:__main__:
【train】epoch:78/120 loss:0.0641 acc:0.9757
INFO:__main__:
【val】epoch:78/120 loss:0.3812 acc:0.9051
INFO:__main__:
【Val】:  SENS: 0.8585  SPEC: 0.9317  PPV: 0.8774  NPV: 0.9204 F1:0.8678
INFO:__main__:验证的best_acc:0.9085
INFO:__main__:----------------------------------------------------------------------------------------------------
INFO:__main__:
【train】epoch:79/120 loss:0.0552 acc:0.9804
INFO:__main__:
【val】epoch:79/120 loss:0.3716 acc:0.9062
INFO:__main__:
【Val】:  SENS: 0.8369  SPEC: 0.9457  PPV: 0.8977  NPV: 0.9106 F1:0.8662
INFO:__main__:验证的best_acc:0.9085
INFO:__main__:----------------------------------------------------------------------------------------------------
INFO:__main__:
【train】epoch:80/120 loss:0.0486 acc:0.9819
INFO:__main__:
【val】epoch:80/120 loss:0.3447 acc:0.9141
INFO:__main__:
【Val】:  SENS: 0.8677  SPEC: 0.9405  PPV: 0.8924  NPV: 0.9259 F1:0.8799
INFO:__main__:验证的best_acc:0.9141
INFO:__main__:----------------------------------------------------------------------------------------------------
INFO:__main__:
【train】epoch:81/120 loss:0.0591 acc:0.9777
INFO:__main__:
【val】epoch:81/120 loss:0.3827 acc:0.9062
INFO:__main__:
【Val】:  SENS: 0.8738  SPEC: 0.9247  PPV: 0.8685  NPV: 0.9279 F1:0.8712
INFO:__main__:验证的best_acc:0.9141
INFO:__main__:----------------------------------------------------------------------------------------------------
INFO:__main__:
【train】epoch:82/120 loss:0.0566 acc:0.9787
INFO:__main__:
【val】epoch:82/120 loss:0.3746 acc:0.8984
INFO:__main__:
【Val】:  SENS: 0.8246  SPEC: 0.9405  PPV: 0.8874  NPV: 0.9040 F1:0.8549
INFO:__main__:验证的best_acc:0.9141
INFO:__main__:----------------------------------------------------------------------------------------------------
INFO:__main__:
【train】epoch:83/120 loss:0.0556 acc:0.9783
INFO:__main__:
【val】epoch:83/120 loss:0.3920 acc:0.8962
INFO:__main__:
【Val】:  SENS: 0.8308  SPEC: 0.9335  PPV: 0.8766  NPV: 0.9065 F1:0.8531
INFO:__main__:验证的best_acc:0.9141
INFO:__main__:----------------------------------------------------------------------------------------------------
INFO:__main__:
【train】epoch:84/120 loss:0.0581 acc:0.9772
INFO:__main__:
【val】epoch:84/120 loss:0.3621 acc:0.9007
INFO:__main__:
【Val】:  SENS: 0.8585  SPEC: 0.9247  PPV: 0.8665  NPV: 0.9199 F1:0.8624
INFO:__main__:验证的best_acc:0.9141
INFO:__main__:----------------------------------------------------------------------------------------------------
INFO:__main__:
【train】epoch:85/120 loss:0.0532 acc:0.9792
INFO:__main__:
【val】epoch:85/120 loss:0.3708 acc:0.9018
INFO:__main__:
【Val】:  SENS: 0.8523  SPEC: 0.9299  PPV: 0.8738  NPV: 0.9171 F1:0.8629
INFO:__main__:验证的best_acc:0.9141
INFO:__main__:----------------------------------------------------------------------------------------------------
INFO:__main__:
【train】epoch:86/120 loss:0.0527 acc:0.9807
INFO:__main__:
【val】epoch:86/120 loss:0.4172 acc:0.8951
INFO:__main__:
【Val】:  SENS: 0.8338  SPEC: 0.9299  PPV: 0.8714  NPV: 0.9077 F1:0.8522
INFO:__main__:验证的best_acc:0.9141
INFO:__main__:----------------------------------------------------------------------------------------------------
INFO:__main__:
【train】epoch:87/120 loss:0.0439 acc:0.9837
INFO:__main__:
【val】epoch:87/120 loss:0.3460 acc:0.9062
INFO:__main__:
【Val】:  SENS: 0.8677  SPEC: 0.9282  PPV: 0.8731  NPV: 0.9250 F1:0.8704
INFO:__main__:验证的best_acc:0.9141
INFO:__main__:----------------------------------------------------------------------------------------------------
INFO:__main__:
【train】epoch:88/120 loss:0.0462 acc:0.9826
INFO:__main__:
【val】epoch:88/120 loss:0.4051 acc:0.9040
INFO:__main__:
【Val】:  SENS: 0.8800  SPEC: 0.9177  PPV: 0.8589  NPV: 0.9307 F1:0.8693
INFO:__main__:验证的best_acc:0.9141
INFO:__main__:----------------------------------------------------------------------------------------------------
INFO:__main__:
【train】epoch:89/120 loss:0.0534 acc:0.9806
INFO:__main__:
【val】epoch:89/120 loss:0.3762 acc:0.8984
INFO:__main__:
【Val】:  SENS: 0.8369  SPEC: 0.9335  PPV: 0.8774  NPV: 0.9096 F1:0.8567
INFO:__main__:验证的best_acc:0.9141
INFO:__main__:----------------------------------------------------------------------------------------------------
INFO:__main__:
【train】epoch:90/120 loss:0.0488 acc:0.9818
INFO:__main__:
【val】epoch:90/120 loss:0.4258 acc:0.8973
INFO:__main__:
【Val】:  SENS: 0.8554  SPEC: 0.9212  PPV: 0.8607  NPV: 0.9180 F1:0.8580
INFO:__main__:验证的best_acc:0.9141
INFO:__main__:----------------------------------------------------------------------------------------------------
INFO:__main__:
【train】epoch:91/120 loss:0.0489 acc:0.9814
INFO:__main__:
【val】epoch:91/120 loss:0.4147 acc:0.9051
INFO:__main__:
【Val】:  SENS: 0.8800  SPEC: 0.9194  PPV: 0.8614  NPV: 0.9309 F1:0.8706
INFO:__main__:验证的best_acc:0.9141
INFO:__main__:----------------------------------------------------------------------------------------------------
INFO:__main__:
【train】epoch:92/120 loss:0.0450 acc:0.9833
INFO:__main__:
【val】epoch:92/120 loss:0.4586 acc:0.8962
INFO:__main__:
【Val】:  SENS: 0.8431  SPEC: 0.9264  PPV: 0.8671  NPV: 0.9121 F1:0.8549
INFO:__main__:验证的best_acc:0.9141
INFO:__main__:----------------------------------------------------------------------------------------------------
INFO:__main__:
【train】epoch:93/120 loss:0.0463 acc:0.9825
INFO:__main__:
【val】epoch:93/120 loss:0.4180 acc:0.9040
INFO:__main__:
【Val】:  SENS: 0.8523  SPEC: 0.9335  PPV: 0.8794  NPV: 0.9174 F1:0.8656
INFO:__main__:验证的best_acc:0.9141
INFO:__main__:----------------------------------------------------------------------------------------------------
INFO:__main__:
【train】epoch:94/120 loss:0.0446 acc:0.9844
INFO:__main__:
【val】epoch:94/120 loss:0.4465 acc:0.9018
INFO:__main__:
【Val】:  SENS: 0.8431  SPEC: 0.9352  PPV: 0.8810  NPV: 0.9128 F1:0.8616
INFO:__main__:验证的best_acc:0.9141
INFO:__main__:----------------------------------------------------------------------------------------------------
INFO:__main__:
【train】epoch:95/120 loss:0.0449 acc:0.9846
INFO:__main__:
【val】epoch:95/120 loss:0.4203 acc:0.8917
INFO:__main__:
【Val】:  SENS: 0.8092  SPEC: 0.9387  PPV: 0.8826  NPV: 0.8963 F1:0.8443
INFO:__main__:验证的best_acc:0.9141
INFO:__main__:----------------------------------------------------------------------------------------------------
INFO:__main__:
【train】epoch:96/120 loss:0.0360 acc:0.9857
INFO:__main__:
【val】epoch:96/120 loss:0.4200 acc:0.9029
INFO:__main__:
【Val】:  SENS: 0.8462  SPEC: 0.9352  PPV: 0.8814  NPV: 0.9144 F1:0.8634
INFO:__main__:验证的best_acc:0.9141
INFO:__main__:----------------------------------------------------------------------------------------------------
INFO:__main__:
【train】epoch:97/120 loss:0.0445 acc:0.9852
INFO:__main__:
【val】epoch:97/120 loss:0.4146 acc:0.9040
INFO:__main__:
【Val】:  SENS: 0.8677  SPEC: 0.9247  PPV: 0.8677  NPV: 0.9247 F1:0.8677
INFO:__main__:验证的best_acc:0.9141
INFO:__main__:----------------------------------------------------------------------------------------------------
INFO:__main__:
【train】epoch:98/120 loss:0.0381 acc:0.9857
INFO:__main__:
【val】epoch:98/120 loss:0.3749 acc:0.9129
INFO:__main__:
【Val】:  SENS: 0.8738  SPEC: 0.9352  PPV: 0.8847  NPV: 0.9287 F1:0.8793
INFO:__main__:验证的best_acc:0.9141
INFO:__main__:----------------------------------------------------------------------------------------------------
INFO:__main__:
【train】epoch:99/120 loss:0.0376 acc:0.9846
INFO:__main__:
【val】epoch:99/120 loss:0.4039 acc:0.8996
INFO:__main__:
【Val】:  SENS: 0.8369  SPEC: 0.9352  PPV: 0.8803  NPV: 0.9097 F1:0.8580
INFO:__main__:验证的best_acc:0.9141
INFO:__main__:----------------------------------------------------------------------------------------------------
INFO:__main__:
【train】epoch:100/120 loss:0.0305 acc:0.9890
INFO:__main__:
【val】epoch:100/120 loss:0.4327 acc:0.9040
INFO:__main__:
【Val】:  SENS: 0.8462  SPEC: 0.9370  PPV: 0.8842  NPV: 0.9145 F1:0.8648
INFO:__main__:验证的best_acc:0.9141
INFO:__main__:----------------------------------------------------------------------------------------------------
INFO:__main__:
【train】epoch:101/120 loss:0.0339 acc:0.9865
INFO:__main__:
【val】epoch:101/120 loss:0.4020 acc:0.9096
INFO:__main__:
【Val】:  SENS: 0.8554  SPEC: 0.9405  PPV: 0.8910  NPV: 0.9195 F1:0.8728
INFO:__main__:验证的best_acc:0.9141
INFO:__main__:----------------------------------------------------------------------------------------------------
INFO:__main__:
【train】epoch:102/120 loss:0.0327 acc:0.9885
INFO:__main__:
【val】epoch:102/120 loss:0.3969 acc:0.9085
INFO:__main__:
【Val】:  SENS: 0.8492  SPEC: 0.9422  PPV: 0.8932  NPV: 0.9165 F1:0.8707
INFO:__main__:验证的best_acc:0.9141
INFO:__main__:----------------------------------------------------------------------------------------------------
INFO:__main__:
【train】epoch:103/120 loss:0.0323 acc:0.9886
INFO:__main__:
【val】epoch:103/120 loss:0.4031 acc:0.9062
INFO:__main__:
【Val】:  SENS: 0.8400  SPEC: 0.9440  PPV: 0.8951  NPV: 0.9120 F1:0.8667
INFO:__main__:验证的best_acc:0.9141
INFO:__main__:----------------------------------------------------------------------------------------------------
INFO:__main__:
【train】epoch:104/120 loss:0.0363 acc:0.9870
INFO:__main__:
【val】epoch:104/120 loss:0.3868 acc:0.9029
INFO:__main__:
【Val】:  SENS: 0.8492  SPEC: 0.9335  PPV: 0.8790  NPV: 0.9158 F1:0.8638
INFO:__main__:验证的best_acc:0.9141
INFO:__main__:----------------------------------------------------------------------------------------------------
INFO:__main__:
【train】epoch:105/120 loss:0.0353 acc:0.9861
INFO:__main__:
【val】epoch:105/120 loss:0.4398 acc:0.8996
INFO:__main__:
【Val】:  SENS: 0.8308  SPEC: 0.9387  PPV: 0.8852  NPV: 0.9069 F1:0.8571
INFO:__main__:验证的best_acc:0.9141
INFO:__main__:----------------------------------------------------------------------------------------------------
INFO:__main__:
【train】epoch:106/120 loss:0.0352 acc:0.9875
INFO:__main__:
【val】epoch:106/120 loss:0.3983 acc:0.9074
INFO:__main__:
【Val】:  SENS: 0.8769  SPEC: 0.9247  PPV: 0.8689  NPV: 0.9296 F1:0.8729
INFO:__main__:验证的best_acc:0.9141
INFO:__main__:----------------------------------------------------------------------------------------------------
INFO:__main__:
【train】epoch:107/120 loss:0.0361 acc:0.9878
INFO:__main__:
【val】epoch:107/120 loss:0.4683 acc:0.8951
INFO:__main__:
【Val】:  SENS: 0.8246  SPEC: 0.9352  PPV: 0.8787  NPV: 0.9036 F1:0.8508
INFO:__main__:验证的best_acc:0.9141
INFO:__main__:----------------------------------------------------------------------------------------------------
INFO:__main__:
【train】epoch:108/120 loss:0.0301 acc:0.9902
INFO:__main__:
【val】epoch:108/120 loss:0.4106 acc:0.9062
INFO:__main__:
【Val】:  SENS: 0.8738  SPEC: 0.9247  PPV: 0.8685  NPV: 0.9279 F1:0.8712
INFO:__main__:验证的best_acc:0.9141
INFO:__main__:----------------------------------------------------------------------------------------------------
INFO:__main__:
【train】epoch:109/120 loss:0.0289 acc:0.9906
INFO:__main__:
【val】epoch:109/120 loss:0.3924 acc:0.8984
INFO:__main__:
【Val】:  SENS: 0.8462  SPEC: 0.9282  PPV: 0.8703  NPV: 0.9138 F1:0.8580
INFO:__main__:验证的best_acc:0.9141
INFO:__main__:----------------------------------------------------------------------------------------------------
INFO:__main__:
【train】epoch:110/120 loss:0.0249 acc:0.9906
INFO:__main__:
【val】epoch:110/120 loss:0.4136 acc:0.9085
INFO:__main__:
【Val】:  SENS: 0.8677  SPEC: 0.9317  PPV: 0.8785  NPV: 0.9252 F1:0.8731
INFO:__main__:验证的best_acc:0.9141
INFO:__main__:----------------------------------------------------------------------------------------------------
INFO:__main__:
【train】epoch:111/120 loss:0.0296 acc:0.9889
INFO:__main__:
【val】epoch:111/120 loss:0.4228 acc:0.9051
INFO:__main__:
【Val】:  SENS: 0.8523  SPEC: 0.9352  PPV: 0.8822  NPV: 0.9175 F1:0.8670
INFO:__main__:验证的best_acc:0.9141
INFO:__main__:----------------------------------------------------------------------------------------------------
INFO:__main__:
【train】epoch:112/120 loss:0.0290 acc:0.9885
INFO:__main__:
【val】epoch:112/120 loss:0.4429 acc:0.9029
INFO:__main__:
【Val】:  SENS: 0.8431  SPEC: 0.9370  PPV: 0.8839  NPV: 0.9130 F1:0.8630
INFO:__main__:验证的best_acc:0.9141
INFO:__main__:----------------------------------------------------------------------------------------------------
INFO:__main__:
【train】epoch:113/120 loss:0.0273 acc:0.9904
INFO:__main__:
【val】epoch:113/120 loss:0.4368 acc:0.9096
INFO:__main__:
【Val】:  SENS: 0.8492  SPEC: 0.9440  PPV: 0.8961  NPV: 0.9167 F1:0.8720
INFO:__main__:验证的best_acc:0.9141
INFO:__main__:----------------------------------------------------------------------------------------------------
INFO:__main__:
【train】epoch:114/120 loss:0.0249 acc:0.9910
INFO:__main__:
【val】epoch:114/120 loss:0.4430 acc:0.9029
INFO:__main__:
【Val】:  SENS: 0.8708  SPEC: 0.9212  PPV: 0.8628  NPV: 0.9261 F1:0.8668
INFO:__main__:验证的best_acc:0.9141
INFO:__main__:----------------------------------------------------------------------------------------------------
INFO:__main__:
【train】epoch:115/120 loss:0.0253 acc:0.9901
INFO:__main__:
【val】epoch:115/120 loss:0.4376 acc:0.9096
INFO:__main__:
【Val】:  SENS: 0.8677  SPEC: 0.9335  PPV: 0.8813  NPV: 0.9253 F1:0.8744
INFO:__main__:验证的best_acc:0.9141
INFO:__main__:----------------------------------------------------------------------------------------------------
INFO:__main__:
【train】epoch:116/120 loss:0.0258 acc:0.9894
INFO:__main__:
【val】epoch:116/120 loss:0.4520 acc:0.9096
INFO:__main__:
【Val】:  SENS: 0.9015  SPEC: 0.9142  PPV: 0.8567  NPV: 0.9422 F1:0.8786
INFO:__main__:验证的best_acc:0.9141
INFO:__main__:----------------------------------------------------------------------------------------------------
INFO:__main__:
【train】epoch:117/120 loss:0.0298 acc:0.9897
INFO:__main__:
【val】epoch:117/120 loss:0.4481 acc:0.8996
INFO:__main__:
【Val】:  SENS: 0.8677  SPEC: 0.9177  PPV: 0.8571  NPV: 0.9242 F1:0.8624
INFO:__main__:验证的best_acc:0.9141
INFO:__main__:----------------------------------------------------------------------------------------------------
INFO:__main__:
【train】epoch:118/120 loss:0.0328 acc:0.9879
INFO:__main__:
【val】epoch:118/120 loss:0.4258 acc:0.8996
INFO:__main__:
【Val】:  SENS: 0.8585  SPEC: 0.9229  PPV: 0.8638  NPV: 0.9197 F1:0.8611
INFO:__main__:验证的best_acc:0.9141
INFO:__main__:----------------------------------------------------------------------------------------------------
INFO:__main__:
【train】epoch:119/120 loss:0.0243 acc:0.9914
INFO:__main__:
【val】epoch:119/120 loss:0.4247 acc:0.9029
INFO:__main__:
【Val】:  SENS: 0.8462  SPEC: 0.9352  PPV: 0.8814  NPV: 0.9144 F1:0.8634
INFO:__main__:验证的best_acc:0.9141
INFO:__main__:----------------------------------------------------------------------------------------------------
INFO:__main__:****************************************************************************************************
INFO:__main__:Val_LOSS:['0.5578', '0.4882', '0.4702', '0.4914', '0.5135', '0.4729', '0.4097', '0.4258', '0.3935', '0.3268', '0.3590', '0.3826', '0.3088', '0.3469', '0.3056', '0.3317', '0.3225', '0.3439', '0.3339', '0.2981', '0.3439', '0.3483', '0.3832', '0.3610', '0.3175', '0.3668', '0.3151', '0.3148', '0.3829', '0.3507', '0.3487', '0.3550', '0.3588', '0.4540', '0.3720', '0.3549', '0.3343', '0.3628', '0.3435', '0.3594', '0.3946', '0.3984', '0.3427', '0.3566', '0.3128', '0.3521', '0.3841', '0.3986', '0.3738', '0.3331', '0.4057', '0.3318', '0.4176', '0.3205', '0.3817', '0.3883', '0.3333', '0.3642', '0.3985', '0.3345', '0.3753', '0.3571', '0.3792', '0.3912', '0.3637', '0.3769', '0.3727', '0.3198', '0.4079', '0.3419', '0.3885', '0.3841', '0.3466', '0.4065', '0.3981', '0.3838', '0.3306', '0.3572', '0.3812', '0.3716', '0.3447', '0.3827', '0.3746', '0.3920', '0.3621', '0.3708', '0.4172', '0.3460', '0.4051', '0.3762', '0.4258', '0.4147', '0.4586', '0.4180', '0.4465', '0.4203', '0.4200', '0.4146', '0.3749', '0.4039', '0.4327', '0.4020', '0.3969', '0.4031', '0.3868', '0.4398', '0.3983', '0.4683', '0.4106', '0.3924', '0.4136', '0.4228', '0.4429', '0.4368', '0.4430', '0.4376', '0.4520', '0.4481', '0.4258', '0.4247']
INFO:__main__:Val_ACC:['0.7054', '0.7277', '0.7422', '0.7679', '0.7533', '0.7656', '0.7768', '0.7790', '0.8125', '0.8493', '0.8304', '0.8225', '0.8650', '0.8315', '0.8616', '0.8393', '0.8761', '0.8482', '0.8449', '0.8806', '0.8504', '0.8594', '0.8527', '0.8672', '0.8817', '0.8750', '0.8650', '0.8884', '0.8795', '0.8817', '0.8750', '0.8761', '0.8884', '0.8460', '0.8783', '0.8873', '0.8906', '0.8884', '0.8839', '0.8783', '0.8906', '0.8817', '0.8951', '0.8873', '0.8895', '0.8828', '0.8962', '0.8828', '0.8817', '0.8917', '0.8895', '0.8984', '0.8783', '0.8962', '0.8917', '0.8951', '0.8929', '0.8817', '0.8828', '0.9007', '0.8906', '0.8895', '0.8996', '0.8906', '0.9029', '0.8973', '0.8962', '0.9040', '0.8984', '0.8996', '0.8973', '0.9051', '0.9085', '0.8984', '0.8973', '0.9051', '0.8996', '0.9051', '0.9051', '0.9062', '0.9141', '0.9062', '0.8984', '0.8962', '0.9007', '0.9018', '0.8951', '0.9062', '0.9040', '0.8984', '0.8973', '0.9051', '0.8962', '0.9040', '0.9018', '0.8917', '0.9029', '0.9040', '0.9129', '0.8996', '0.9040', '0.9096', '0.9085', '0.9062', '0.9029', '0.8996', '0.9074', '0.8951', '0.9062', '0.8984', '0.9085', '0.9051', '0.9029', '0.9096', '0.9029', '0.9096', '0.9096', '0.8996', '0.8996', '0.9029']
INFO:__main__:****************************************************************************************************
INFO:__main__: epoch0 测试test_Loss: 0.6438  test_ACC: 0.8788  
INFO:__main__:SENS: 0.7843 SPEC: 0.9338 PPV: 0.8734 NPV: 0.8814 F1:0.8264
INFO:__main__:test_Best_acc:0.8788
INFO:__main__:flops:2351437216.0  params:14205429.0
