INFO:__main__:
【train】epoch:0/150 loss:0.5561 acc:0.7089
INFO:__main__:
【val】epoch:0/150 loss:0.5448 acc:0.6984
INFO:__main__:
【Val】:  SENS: 0.3560  SPEC: 0.9179  PPV: 0.7355  NPV: 0.6898
INFO:__main__:验证的best_acc:0.6984
INFO:__main__:----------------------------------------------------------------------------------------------------
INFO:__main__:
【train】epoch:1/150 loss:0.4682 acc:0.7760
INFO:__main__:
【val】epoch:1/150 loss:0.4017 acc:0.8062
INFO:__main__:
【Val】:  SENS: 0.6840  SPEC: 0.8846  PPV: 0.7917  NPV: 0.8137
INFO:__main__:验证的best_acc:0.8062
INFO:__main__:----------------------------------------------------------------------------------------------------
INFO:__main__:
【train】epoch:2/150 loss:0.4026 acc:0.8175
INFO:__main__:
【val】epoch:2/150 loss:0.3646 acc:0.8328
INFO:__main__:
【Val】:  SENS: 0.7880  SPEC: 0.8615  PPV: 0.7849  NPV: 0.8638
INFO:__main__:验证的best_acc:0.8328
INFO:__main__:----------------------------------------------------------------------------------------------------
INFO:__main__:
【train】epoch:3/150 loss:0.3700 acc:0.8352
INFO:__main__:
【val】epoch:3/150 loss:0.3373 acc:0.8391
INFO:__main__:
【Val】:  SENS: 0.7720  SPEC: 0.8821  PPV: 0.8075  NPV: 0.8579
INFO:__main__:验证的best_acc:0.8391
INFO:__main__:----------------------------------------------------------------------------------------------------
INFO:__main__:
【train】epoch:4/150 loss:0.3469 acc:0.8459
INFO:__main__:
【val】epoch:4/150 loss:0.3607 acc:0.8234
INFO:__main__:
【Val】:  SENS: 0.7320  SPEC: 0.8821  PPV: 0.7991  NPV: 0.8370
INFO:__main__:验证的best_acc:0.8391
INFO:__main__:----------------------------------------------------------------------------------------------------
INFO:__main__:
【train】epoch:5/150 loss:0.3337 acc:0.8488
INFO:__main__:
【val】epoch:5/150 loss:0.3009 acc:0.8641
INFO:__main__:
【Val】:  SENS: 0.8360  SPEC: 0.8821  PPV: 0.8196  NPV: 0.8935
INFO:__main__:验证的best_acc:0.8641
INFO:__main__:----------------------------------------------------------------------------------------------------
INFO:__main__:
【train】epoch:6/150 loss:0.3209 acc:0.8608
INFO:__main__:
【val】epoch:6/150 loss:0.3378 acc:0.8344
INFO:__main__:
【Val】:  SENS: 0.7800  SPEC: 0.8692  PPV: 0.7927  NPV: 0.8604
INFO:__main__:验证的best_acc:0.8641
INFO:__main__:----------------------------------------------------------------------------------------------------
INFO:__main__:
【train】epoch:7/150 loss:0.3087 acc:0.8635
INFO:__main__:
【val】epoch:7/150 loss:0.3386 acc:0.8453
INFO:__main__:
【Val】:  SENS: 0.7000  SPEC: 0.9385  PPV: 0.8794  NPV: 0.8299
INFO:__main__:验证的best_acc:0.8641
INFO:__main__:----------------------------------------------------------------------------------------------------
INFO:__main__:
【train】epoch:8/150 loss:0.2889 acc:0.8742
INFO:__main__:
【val】epoch:8/150 loss:0.3595 acc:0.8375
INFO:__main__:
【Val】:  SENS: 0.6680  SPEC: 0.9462  PPV: 0.8883  NPV: 0.8164
INFO:__main__:验证的best_acc:0.8641
INFO:__main__:----------------------------------------------------------------------------------------------------
INFO:__main__:
【train】epoch:9/150 loss:0.2649 acc:0.8905
INFO:__main__:
【val】epoch:9/150 loss:0.3018 acc:0.8672
INFO:__main__:
【Val】:  SENS: 0.7440  SPEC: 0.9462  PPV: 0.8986  NPV: 0.8522
INFO:__main__:验证的best_acc:0.8672
INFO:__main__:----------------------------------------------------------------------------------------------------
INFO:__main__:
【train】epoch:10/150 loss:0.2532 acc:0.8923
INFO:__main__:
【val】epoch:10/150 loss:0.3182 acc:0.8734
INFO:__main__:
【Val】:  SENS: 0.7520  SPEC: 0.9513  PPV: 0.9082  NPV: 0.8568
INFO:__main__:验证的best_acc:0.8734
INFO:__main__:----------------------------------------------------------------------------------------------------
INFO:__main__:
【train】epoch:11/150 loss:0.2464 acc:0.8975
INFO:__main__:
【val】epoch:11/150 loss:0.3269 acc:0.8609
INFO:__main__:
【Val】:  SENS: 0.7240  SPEC: 0.9487  PPV: 0.9005  NPV: 0.8428
INFO:__main__:验证的best_acc:0.8734
INFO:__main__:----------------------------------------------------------------------------------------------------
INFO:__main__:
【train】epoch:12/150 loss:0.2369 acc:0.9016
INFO:__main__:
【val】epoch:12/150 loss:0.2950 acc:0.8969
INFO:__main__:
【Val】:  SENS: 0.8240  SPEC: 0.9436  PPV: 0.9035  NPV: 0.8932
INFO:__main__:验证的best_acc:0.8969
INFO:__main__:----------------------------------------------------------------------------------------------------
INFO:__main__:
【train】epoch:13/150 loss:0.2275 acc:0.9092
INFO:__main__:
【val】epoch:13/150 loss:0.2494 acc:0.9000
INFO:__main__:
【Val】:  SENS: 0.8600  SPEC: 0.9256  PPV: 0.8811  NPV: 0.9116
INFO:__main__:验证的best_acc:0.9000
INFO:__main__:----------------------------------------------------------------------------------------------------
INFO:__main__:
【train】epoch:14/150 loss:0.2178 acc:0.9101
INFO:__main__:
【val】epoch:14/150 loss:0.2857 acc:0.8891
INFO:__main__:
【Val】:  SENS: 0.7640  SPEC: 0.9692  PPV: 0.9409  NPV: 0.8650
INFO:__main__:验证的best_acc:0.9000
INFO:__main__:----------------------------------------------------------------------------------------------------
INFO:__main__:
【train】epoch:15/150 loss:0.2150 acc:0.9136
INFO:__main__:
【val】epoch:15/150 loss:0.3085 acc:0.8703
INFO:__main__:
【Val】:  SENS: 0.7920  SPEC: 0.9205  PPV: 0.8646  NPV: 0.8735
INFO:__main__:验证的best_acc:0.9000
INFO:__main__:----------------------------------------------------------------------------------------------------
INFO:__main__:
【train】epoch:16/150 loss:0.2072 acc:0.9150
INFO:__main__:
【val】epoch:16/150 loss:0.3118 acc:0.8953
INFO:__main__:
【Val】:  SENS: 0.7840  SPEC: 0.9667  PPV: 0.9378  NPV: 0.8747
INFO:__main__:验证的best_acc:0.9000
INFO:__main__:----------------------------------------------------------------------------------------------------
INFO:__main__:
【train】epoch:17/150 loss:0.2041 acc:0.9177
INFO:__main__:
【val】epoch:17/150 loss:0.3007 acc:0.8922
INFO:__main__:
【Val】:  SENS: 0.8320  SPEC: 0.9308  PPV: 0.8851  NPV: 0.8963
INFO:__main__:验证的best_acc:0.9000
INFO:__main__:----------------------------------------------------------------------------------------------------
INFO:__main__:
【train】epoch:18/150 loss:0.1990 acc:0.9208
INFO:__main__:
【val】epoch:18/150 loss:0.2479 acc:0.9031
INFO:__main__:
【Val】:  SENS: 0.8360  SPEC: 0.9462  PPV: 0.9087  NPV: 0.9000
INFO:__main__:验证的best_acc:0.9031
INFO:__main__:----------------------------------------------------------------------------------------------------
INFO:__main__:
【train】epoch:19/150 loss:0.1820 acc:0.9264
INFO:__main__:
【val】epoch:19/150 loss:0.3512 acc:0.8953
INFO:__main__:
【Val】:  SENS: 0.7600  SPEC: 0.9821  PPV: 0.9645  NPV: 0.8646
INFO:__main__:验证的best_acc:0.9031
INFO:__main__:----------------------------------------------------------------------------------------------------
INFO:__main__:
【train】epoch:20/150 loss:0.1701 acc:0.9315
INFO:__main__:
【val】epoch:20/150 loss:0.3335 acc:0.8813
INFO:__main__:
【Val】:  SENS: 0.7720  SPEC: 0.9513  PPV: 0.9104  NPV: 0.8668
INFO:__main__:验证的best_acc:0.9031
INFO:__main__:----------------------------------------------------------------------------------------------------
INFO:__main__:
【train】epoch:21/150 loss:0.1679 acc:0.9371
INFO:__main__:
【val】epoch:21/150 loss:0.2959 acc:0.8875
INFO:__main__:
【Val】:  SENS: 0.7840  SPEC: 0.9538  PPV: 0.9159  NPV: 0.8732
INFO:__main__:验证的best_acc:0.9031
INFO:__main__:----------------------------------------------------------------------------------------------------
INFO:__main__:
【train】epoch:22/150 loss:0.1599 acc:0.9392
INFO:__main__:
【val】epoch:22/150 loss:0.3585 acc:0.8859
INFO:__main__:
【Val】:  SENS: 0.7960  SPEC: 0.9436  PPV: 0.9005  NPV: 0.8783
INFO:__main__:验证的best_acc:0.9031
INFO:__main__:----------------------------------------------------------------------------------------------------
INFO:__main__:
【train】epoch:23/150 loss:0.1627 acc:0.9344
INFO:__main__:
【val】epoch:23/150 loss:0.3260 acc:0.8859
INFO:__main__:
【Val】:  SENS: 0.8120  SPEC: 0.9333  PPV: 0.8865  NPV: 0.8856
INFO:__main__:验证的best_acc:0.9031
INFO:__main__:----------------------------------------------------------------------------------------------------
INFO:__main__:
【train】epoch:24/150 loss:0.1561 acc:0.9404
INFO:__main__:
【val】epoch:24/150 loss:0.2911 acc:0.8875
INFO:__main__:
【Val】:  SENS: 0.8480  SPEC: 0.9128  PPV: 0.8618  NPV: 0.9036
INFO:__main__:验证的best_acc:0.9031
INFO:__main__:----------------------------------------------------------------------------------------------------
INFO:__main__:
【train】epoch:25/150 loss:0.1497 acc:0.9424
INFO:__main__:
【val】epoch:25/150 loss:0.2914 acc:0.9031
INFO:__main__:
【Val】:  SENS: 0.8760  SPEC: 0.9205  PPV: 0.8760  NPV: 0.9205
INFO:__main__:验证的best_acc:0.9031
INFO:__main__:----------------------------------------------------------------------------------------------------
INFO:__main__:
【train】epoch:26/150 loss:0.1402 acc:0.9445
INFO:__main__:
【val】epoch:26/150 loss:0.2819 acc:0.9078
INFO:__main__:
【Val】:  SENS: 0.8320  SPEC: 0.9564  PPV: 0.9244  NPV: 0.8988
INFO:__main__:验证的best_acc:0.9078
INFO:__main__:----------------------------------------------------------------------------------------------------
INFO:__main__:
【train】epoch:27/150 loss:0.1511 acc:0.9398
INFO:__main__:
【val】epoch:27/150 loss:0.2925 acc:0.9047
INFO:__main__:
【Val】:  SENS: 0.8360  SPEC: 0.9487  PPV: 0.9127  NPV: 0.9002
INFO:__main__:验证的best_acc:0.9078
INFO:__main__:----------------------------------------------------------------------------------------------------
INFO:__main__:
【train】epoch:28/150 loss:0.1501 acc:0.9410
INFO:__main__:
【val】epoch:28/150 loss:0.3347 acc:0.8797
INFO:__main__:
【Val】:  SENS: 0.8560  SPEC: 0.8949  PPV: 0.8392  NPV: 0.9065
INFO:__main__:验证的best_acc:0.9078
INFO:__main__:----------------------------------------------------------------------------------------------------
INFO:__main__:
【train】epoch:29/150 loss:0.1380 acc:0.9460
INFO:__main__:
【val】epoch:29/150 loss:0.3035 acc:0.8969
INFO:__main__:
【Val】:  SENS: 0.8160  SPEC: 0.9487  PPV: 0.9107  NPV: 0.8894
INFO:__main__:验证的best_acc:0.9078
INFO:__main__:----------------------------------------------------------------------------------------------------
INFO:__main__:
【train】epoch:30/150 loss:0.1207 acc:0.9540
INFO:__main__:
【val】epoch:30/150 loss:0.2586 acc:0.9062
INFO:__main__:
【Val】:  SENS: 0.8560  SPEC: 0.9385  PPV: 0.8992  NPV: 0.9104
INFO:__main__:验证的best_acc:0.9078
INFO:__main__:----------------------------------------------------------------------------------------------------
INFO:__main__:
【train】epoch:31/150 loss:0.1178 acc:0.9556
INFO:__main__:
【val】epoch:31/150 loss:0.3309 acc:0.8859
INFO:__main__:
【Val】:  SENS: 0.8200  SPEC: 0.9282  PPV: 0.8798  NPV: 0.8894
INFO:__main__:验证的best_acc:0.9078
INFO:__main__:----------------------------------------------------------------------------------------------------
INFO:__main__:
【train】epoch:32/150 loss:0.1104 acc:0.9575
INFO:__main__:
【val】epoch:32/150 loss:0.3546 acc:0.8844
INFO:__main__:
【Val】:  SENS: 0.7640  SPEC: 0.9615  PPV: 0.9272  NPV: 0.8641
INFO:__main__:验证的best_acc:0.9078
INFO:__main__:----------------------------------------------------------------------------------------------------
INFO:__main__:
【train】epoch:33/150 loss:0.1216 acc:0.9511
INFO:__main__:
【val】epoch:33/150 loss:0.2598 acc:0.9172
INFO:__main__:
【Val】:  SENS: 0.8800  SPEC: 0.9410  PPV: 0.9053  NPV: 0.9244
INFO:__main__:验证的best_acc:0.9172
INFO:__main__:----------------------------------------------------------------------------------------------------
INFO:__main__:
【train】epoch:34/150 loss:0.1099 acc:0.9581
INFO:__main__:
【val】epoch:34/150 loss:0.2882 acc:0.9016
INFO:__main__:
【Val】:  SENS: 0.8520  SPEC: 0.9333  PPV: 0.8912  NPV: 0.9077
INFO:__main__:验证的best_acc:0.9172
INFO:__main__:----------------------------------------------------------------------------------------------------
INFO:__main__:
【train】epoch:35/150 loss:0.1134 acc:0.9523
INFO:__main__:
【val】epoch:35/150 loss:0.3066 acc:0.8953
INFO:__main__:
【Val】:  SENS: 0.8440  SPEC: 0.9282  PPV: 0.8828  NPV: 0.9027
INFO:__main__:验证的best_acc:0.9172
INFO:__main__:----------------------------------------------------------------------------------------------------
INFO:__main__:
【train】epoch:36/150 loss:0.1119 acc:0.9571
INFO:__main__:
【val】epoch:36/150 loss:0.3724 acc:0.8922
INFO:__main__:
【Val】:  SENS: 0.7720  SPEC: 0.9692  PPV: 0.9415  NPV: 0.8690
INFO:__main__:验证的best_acc:0.9172
INFO:__main__:----------------------------------------------------------------------------------------------------
INFO:__main__:
【train】epoch:37/150 loss:0.1012 acc:0.9596
INFO:__main__:
【val】epoch:37/150 loss:0.3077 acc:0.9078
INFO:__main__:
【Val】:  SENS: 0.8200  SPEC: 0.9641  PPV: 0.9361  NPV: 0.8931
INFO:__main__:验证的best_acc:0.9172
INFO:__main__:----------------------------------------------------------------------------------------------------
INFO:__main__:
【train】epoch:38/150 loss:0.1110 acc:0.9592
INFO:__main__:
【val】epoch:38/150 loss:0.2909 acc:0.8922
INFO:__main__:
【Val】:  SENS: 0.7840  SPEC: 0.9615  PPV: 0.9289  NPV: 0.8741
INFO:__main__:验证的best_acc:0.9172
INFO:__main__:----------------------------------------------------------------------------------------------------
INFO:__main__:
【train】epoch:39/150 loss:0.0936 acc:0.9645
INFO:__main__:
【val】epoch:39/150 loss:0.3056 acc:0.9000
INFO:__main__:
【Val】:  SENS: 0.8400  SPEC: 0.9385  PPV: 0.8974  NPV: 0.9015
INFO:__main__:验证的best_acc:0.9172
INFO:__main__:----------------------------------------------------------------------------------------------------
INFO:__main__:
【train】epoch:40/150 loss:0.0997 acc:0.9653
INFO:__main__:
【val】epoch:40/150 loss:0.3660 acc:0.9062
INFO:__main__:
【Val】:  SENS: 0.8360  SPEC: 0.9513  PPV: 0.9167  NPV: 0.9005
INFO:__main__:验证的best_acc:0.9172
INFO:__main__:----------------------------------------------------------------------------------------------------
INFO:__main__:
【train】epoch:41/150 loss:0.0911 acc:0.9684
INFO:__main__:
【val】epoch:41/150 loss:0.3119 acc:0.9172
INFO:__main__:
【Val】:  SENS: 0.8640  SPEC: 0.9513  PPV: 0.9191  NPV: 0.9160
INFO:__main__:验证的best_acc:0.9172
INFO:__main__:----------------------------------------------------------------------------------------------------
INFO:__main__:
【train】epoch:42/150 loss:0.0958 acc:0.9662
INFO:__main__:
【val】epoch:42/150 loss:0.2821 acc:0.9031
INFO:__main__:
【Val】:  SENS: 0.8840  SPEC: 0.9154  PPV: 0.8701  NPV: 0.9249
INFO:__main__:验证的best_acc:0.9172
INFO:__main__:----------------------------------------------------------------------------------------------------
INFO:__main__:
【train】epoch:43/150 loss:0.0920 acc:0.9643
INFO:__main__:
【val】epoch:43/150 loss:0.2917 acc:0.9203
INFO:__main__:
【Val】:  SENS: 0.8680  SPEC: 0.9538  PPV: 0.9234  NPV: 0.9185
INFO:__main__:验证的best_acc:0.9203
INFO:__main__:----------------------------------------------------------------------------------------------------
INFO:__main__:
【train】epoch:44/150 loss:0.0885 acc:0.9672
INFO:__main__:
【val】epoch:44/150 loss:0.3074 acc:0.9172
INFO:__main__:
【Val】:  SENS: 0.8640  SPEC: 0.9513  PPV: 0.9191  NPV: 0.9160
INFO:__main__:验证的best_acc:0.9203
INFO:__main__:----------------------------------------------------------------------------------------------------
INFO:__main__:
【train】epoch:45/150 loss:0.0803 acc:0.9713
INFO:__main__:
【val】epoch:45/150 loss:0.3324 acc:0.9078
INFO:__main__:
【Val】:  SENS: 0.8320  SPEC: 0.9564  PPV: 0.9244  NPV: 0.8988
INFO:__main__:验证的best_acc:0.9203
INFO:__main__:----------------------------------------------------------------------------------------------------
INFO:__main__:
【train】epoch:46/150 loss:0.0755 acc:0.9703
INFO:__main__:
【val】epoch:46/150 loss:0.3021 acc:0.9031
INFO:__main__:
【Val】:  SENS: 0.8600  SPEC: 0.9308  PPV: 0.8884  NPV: 0.9121
INFO:__main__:验证的best_acc:0.9203
INFO:__main__:----------------------------------------------------------------------------------------------------
INFO:__main__:
【train】epoch:47/150 loss:0.0846 acc:0.9703
INFO:__main__:
【val】epoch:47/150 loss:0.2815 acc:0.9016
INFO:__main__:
【Val】:  SENS: 0.8720  SPEC: 0.9205  PPV: 0.8755  NPV: 0.9182
INFO:__main__:验证的best_acc:0.9203
INFO:__main__:----------------------------------------------------------------------------------------------------
INFO:__main__:
【train】epoch:48/150 loss:0.0832 acc:0.9676
INFO:__main__:
【val】epoch:48/150 loss:0.3180 acc:0.9156
INFO:__main__:
【Val】:  SENS: 0.8520  SPEC: 0.9564  PPV: 0.9261  NPV: 0.9098
INFO:__main__:验证的best_acc:0.9203
INFO:__main__:----------------------------------------------------------------------------------------------------
INFO:__main__:
【train】epoch:49/150 loss:0.0782 acc:0.9709
INFO:__main__:
【val】epoch:49/150 loss:0.3097 acc:0.9094
INFO:__main__:
【Val】:  SENS: 0.8480  SPEC: 0.9487  PPV: 0.9138  NPV: 0.9069
INFO:__main__:验证的best_acc:0.9203
INFO:__main__:----------------------------------------------------------------------------------------------------
INFO:__main__:
【train】epoch:50/150 loss:0.0684 acc:0.9736
INFO:__main__:
【val】epoch:50/150 loss:0.3289 acc:0.9109
INFO:__main__:
【Val】:  SENS: 0.8960  SPEC: 0.9205  PPV: 0.8784  NPV: 0.9325
INFO:__main__:验证的best_acc:0.9203
INFO:__main__:----------------------------------------------------------------------------------------------------
INFO:__main__:
【train】epoch:51/150 loss:0.0749 acc:0.9719
INFO:__main__:
【val】epoch:51/150 loss:0.3161 acc:0.9094
INFO:__main__:
【Val】:  SENS: 0.8800  SPEC: 0.9282  PPV: 0.8871  NPV: 0.9235
INFO:__main__:验证的best_acc:0.9203
INFO:__main__:----------------------------------------------------------------------------------------------------
INFO:__main__:
【train】epoch:52/150 loss:0.0674 acc:0.9722
INFO:__main__:
【val】epoch:52/150 loss:0.2889 acc:0.9141
INFO:__main__:
【Val】:  SENS: 0.8680  SPEC: 0.9436  PPV: 0.9079  NPV: 0.9177
INFO:__main__:验证的best_acc:0.9203
INFO:__main__:----------------------------------------------------------------------------------------------------
INFO:__main__:
【train】epoch:53/150 loss:0.0615 acc:0.9771
INFO:__main__:
【val】epoch:53/150 loss:0.3347 acc:0.9203
INFO:__main__:
【Val】:  SENS: 0.8800  SPEC: 0.9462  PPV: 0.9129  NPV: 0.9248
INFO:__main__:验证的best_acc:0.9203
INFO:__main__:----------------------------------------------------------------------------------------------------
INFO:__main__:
【train】epoch:54/150 loss:0.0748 acc:0.9711
INFO:__main__:
【val】epoch:54/150 loss:0.3161 acc:0.9000
INFO:__main__:
【Val】:  SENS: 0.8560  SPEC: 0.9282  PPV: 0.8843  NPV: 0.9095
INFO:__main__:验证的best_acc:0.9203
INFO:__main__:----------------------------------------------------------------------------------------------------
INFO:__main__:
【train】epoch:55/150 loss:0.0664 acc:0.9757
INFO:__main__:
【val】epoch:55/150 loss:0.2941 acc:0.9187
INFO:__main__:
【Val】:  SENS: 0.8520  SPEC: 0.9615  PPV: 0.9342  NPV: 0.9102
INFO:__main__:验证的best_acc:0.9203
INFO:__main__:----------------------------------------------------------------------------------------------------
INFO:__main__:
【train】epoch:56/150 loss:0.0697 acc:0.9736
INFO:__main__:
【val】epoch:56/150 loss:0.3029 acc:0.9125
INFO:__main__:
【Val】:  SENS: 0.8800  SPEC: 0.9333  PPV: 0.8943  NPV: 0.9239
INFO:__main__:验证的best_acc:0.9203
INFO:__main__:----------------------------------------------------------------------------------------------------
INFO:__main__:
【train】epoch:57/150 loss:0.0664 acc:0.9765
INFO:__main__:
【val】epoch:57/150 loss:0.3063 acc:0.9125
INFO:__main__:
【Val】:  SENS: 0.8880  SPEC: 0.9282  PPV: 0.8880  NPV: 0.9282
INFO:__main__:验证的best_acc:0.9203
INFO:__main__:----------------------------------------------------------------------------------------------------
INFO:__main__:
【train】epoch:58/150 loss:0.0565 acc:0.9798
INFO:__main__:
【val】epoch:58/150 loss:0.2860 acc:0.9141
INFO:__main__:
【Val】:  SENS: 0.8880  SPEC: 0.9308  PPV: 0.8916  NPV: 0.9284
INFO:__main__:验证的best_acc:0.9203
INFO:__main__:----------------------------------------------------------------------------------------------------
INFO:__main__:
【train】epoch:59/150 loss:0.0561 acc:0.9798
INFO:__main__:
【val】epoch:59/150 loss:0.2613 acc:0.9266
INFO:__main__:
【Val】:  SENS: 0.9040  SPEC: 0.9410  PPV: 0.9076  NPV: 0.9386
INFO:__main__:验证的best_acc:0.9266
INFO:__main__:----------------------------------------------------------------------------------------------------
INFO:__main__:
【train】epoch:60/150 loss:0.0455 acc:0.9827
INFO:__main__:
【val】epoch:60/150 loss:0.2833 acc:0.9109
INFO:__main__:
【Val】:  SENS: 0.8800  SPEC: 0.9308  PPV: 0.8907  NPV: 0.9237
INFO:__main__:验证的best_acc:0.9266
INFO:__main__:----------------------------------------------------------------------------------------------------
INFO:__main__:
【train】epoch:61/150 loss:0.0506 acc:0.9818
INFO:__main__:
【val】epoch:61/150 loss:0.2946 acc:0.9266
INFO:__main__:
【Val】:  SENS: 0.9000  SPEC: 0.9436  PPV: 0.9109  NPV: 0.9364
INFO:__main__:验证的best_acc:0.9266
INFO:__main__:----------------------------------------------------------------------------------------------------
INFO:__main__:
【train】epoch:62/150 loss:0.0533 acc:0.9802
INFO:__main__:
【val】epoch:62/150 loss:0.2532 acc:0.9203
INFO:__main__:
【Val】:  SENS: 0.8920  SPEC: 0.9385  PPV: 0.9028  NPV: 0.9313
INFO:__main__:验证的best_acc:0.9266
INFO:__main__:----------------------------------------------------------------------------------------------------
INFO:__main__:
【train】epoch:63/150 loss:0.0482 acc:0.9829
INFO:__main__:
【val】epoch:63/150 loss:0.2986 acc:0.9219
INFO:__main__:
【Val】:  SENS: 0.8680  SPEC: 0.9564  PPV: 0.9274  NPV: 0.9187
INFO:__main__:验证的best_acc:0.9266
INFO:__main__:----------------------------------------------------------------------------------------------------
INFO:__main__:
【train】epoch:64/150 loss:0.0524 acc:0.9814
INFO:__main__:
【val】epoch:64/150 loss:0.3146 acc:0.9187
INFO:__main__:
【Val】:  SENS: 0.8600  SPEC: 0.9564  PPV: 0.9267  NPV: 0.9142
INFO:__main__:验证的best_acc:0.9266
INFO:__main__:----------------------------------------------------------------------------------------------------
INFO:__main__:
【train】epoch:65/150 loss:0.0557 acc:0.9806
INFO:__main__:
【val】epoch:65/150 loss:0.2779 acc:0.9141
INFO:__main__:
【Val】:  SENS: 0.8680  SPEC: 0.9436  PPV: 0.9079  NPV: 0.9177
INFO:__main__:验证的best_acc:0.9266
INFO:__main__:----------------------------------------------------------------------------------------------------
INFO:__main__:
【train】epoch:66/150 loss:0.0465 acc:0.9839
INFO:__main__:
【val】epoch:66/150 loss:0.3464 acc:0.8984
INFO:__main__:
【Val】:  SENS: 0.8400  SPEC: 0.9359  PPV: 0.8936  NPV: 0.9012
INFO:__main__:验证的best_acc:0.9266
INFO:__main__:----------------------------------------------------------------------------------------------------
INFO:__main__:
【train】epoch:67/150 loss:0.0514 acc:0.9802
INFO:__main__:
【val】epoch:67/150 loss:0.3110 acc:0.9172
INFO:__main__:
【Val】:  SENS: 0.8480  SPEC: 0.9615  PPV: 0.9339  NPV: 0.9080
INFO:__main__:验证的best_acc:0.9266
INFO:__main__:----------------------------------------------------------------------------------------------------
INFO:__main__:
【train】epoch:68/150 loss:0.0465 acc:0.9845
INFO:__main__:
【val】epoch:68/150 loss:0.2779 acc:0.9250
INFO:__main__:
【Val】:  SENS: 0.8760  SPEC: 0.9564  PPV: 0.9280  NPV: 0.9233
INFO:__main__:验证的best_acc:0.9266
INFO:__main__:----------------------------------------------------------------------------------------------------
INFO:__main__:
【train】epoch:69/150 loss:0.0432 acc:0.9835
INFO:__main__:
【val】epoch:69/150 loss:0.3461 acc:0.9156
INFO:__main__:
【Val】:  SENS: 0.8680  SPEC: 0.9462  PPV: 0.9118  NPV: 0.9179
INFO:__main__:验证的best_acc:0.9266
INFO:__main__:----------------------------------------------------------------------------------------------------
INFO:__main__:
【train】epoch:70/150 loss:0.0405 acc:0.9847
INFO:__main__:
【val】epoch:70/150 loss:0.3289 acc:0.9234
INFO:__main__:
【Val】:  SENS: 0.8800  SPEC: 0.9513  PPV: 0.9205  NPV: 0.9252
INFO:__main__:验证的best_acc:0.9266
INFO:__main__:----------------------------------------------------------------------------------------------------
INFO:__main__:
【train】epoch:71/150 loss:0.0434 acc:0.9858
INFO:__main__:
【val】epoch:71/150 loss:0.2736 acc:0.9312
INFO:__main__:
【Val】:  SENS: 0.8880  SPEC: 0.9590  PPV: 0.9328  NPV: 0.9303
INFO:__main__:验证的best_acc:0.9312
INFO:__main__:----------------------------------------------------------------------------------------------------
INFO:__main__:
【train】epoch:72/150 loss:0.0407 acc:0.9843
INFO:__main__:
【val】epoch:72/150 loss:0.2797 acc:0.9344
INFO:__main__:
【Val】:  SENS: 0.8920  SPEC: 0.9615  PPV: 0.9370  NPV: 0.9328
INFO:__main__:验证的best_acc:0.9344
INFO:__main__:----------------------------------------------------------------------------------------------------
INFO:__main__:
【train】epoch:73/150 loss:0.0390 acc:0.9864
INFO:__main__:
【val】epoch:73/150 loss:0.2803 acc:0.9328
INFO:__main__:
【Val】:  SENS: 0.9000  SPEC: 0.9538  PPV: 0.9259  NPV: 0.9370
INFO:__main__:验证的best_acc:0.9344
INFO:__main__:----------------------------------------------------------------------------------------------------
INFO:__main__:
【train】epoch:74/150 loss:0.0364 acc:0.9866
INFO:__main__:
【val】epoch:74/150 loss:0.3134 acc:0.9219
INFO:__main__:
【Val】:  SENS: 0.8720  SPEC: 0.9538  PPV: 0.9237  NPV: 0.9208
INFO:__main__:验证的best_acc:0.9344
INFO:__main__:----------------------------------------------------------------------------------------------------
INFO:__main__:
【train】epoch:75/150 loss:0.0360 acc:0.9864
INFO:__main__:
【val】epoch:75/150 loss:0.2772 acc:0.9359
INFO:__main__:
【Val】:  SENS: 0.9200  SPEC: 0.9462  PPV: 0.9163  NPV: 0.9486
INFO:__main__:验证的best_acc:0.9359
INFO:__main__:----------------------------------------------------------------------------------------------------
INFO:__main__:
【train】epoch:76/150 loss:0.0361 acc:0.9864
INFO:__main__:
【val】epoch:76/150 loss:0.3047 acc:0.9266
INFO:__main__:
【Val】:  SENS: 0.8960  SPEC: 0.9462  PPV: 0.9143  NPV: 0.9342
INFO:__main__:验证的best_acc:0.9359
INFO:__main__:----------------------------------------------------------------------------------------------------
INFO:__main__:
【train】epoch:77/150 loss:0.0354 acc:0.9878
INFO:__main__:
【val】epoch:77/150 loss:0.2794 acc:0.9344
INFO:__main__:
【Val】:  SENS: 0.8920  SPEC: 0.9615  PPV: 0.9370  NPV: 0.9328
INFO:__main__:验证的best_acc:0.9359
INFO:__main__:----------------------------------------------------------------------------------------------------
INFO:__main__:
【train】epoch:78/150 loss:0.0338 acc:0.9868
INFO:__main__:
【val】epoch:78/150 loss:0.2855 acc:0.9375
INFO:__main__:
【Val】:  SENS: 0.9240  SPEC: 0.9462  PPV: 0.9167  NPV: 0.9510
INFO:__main__:验证的best_acc:0.9375
INFO:__main__:----------------------------------------------------------------------------------------------------
INFO:__main__:
【train】epoch:79/150 loss:0.0388 acc:0.9851
INFO:__main__:
【val】epoch:79/150 loss:0.3082 acc:0.9312
INFO:__main__:
【Val】:  SENS: 0.9160  SPEC: 0.9410  PPV: 0.9087  NPV: 0.9459
INFO:__main__:验证的best_acc:0.9375
INFO:__main__:----------------------------------------------------------------------------------------------------
INFO:__main__:
【train】epoch:80/150 loss:0.0362 acc:0.9882
INFO:__main__:
【val】epoch:80/150 loss:0.3487 acc:0.9156
INFO:__main__:
【Val】:  SENS: 0.8800  SPEC: 0.9385  PPV: 0.9016  NPV: 0.9242
INFO:__main__:验证的best_acc:0.9375
INFO:__main__:----------------------------------------------------------------------------------------------------
INFO:__main__:
【train】epoch:81/150 loss:0.0375 acc:0.9882
INFO:__main__:
【val】epoch:81/150 loss:0.3197 acc:0.9312
INFO:__main__:
【Val】:  SENS: 0.8840  SPEC: 0.9615  PPV: 0.9364  NPV: 0.9282
INFO:__main__:验证的best_acc:0.9375
INFO:__main__:----------------------------------------------------------------------------------------------------
INFO:__main__:
【train】epoch:82/150 loss:0.0331 acc:0.9872
INFO:__main__:
【val】epoch:82/150 loss:0.3201 acc:0.9281
INFO:__main__:
【Val】:  SENS: 0.9120  SPEC: 0.9385  PPV: 0.9048  NPV: 0.9433
INFO:__main__:验证的best_acc:0.9375
INFO:__main__:----------------------------------------------------------------------------------------------------
INFO:__main__:
【train】epoch:83/150 loss:0.0266 acc:0.9889
INFO:__main__:
【val】epoch:83/150 loss:0.3581 acc:0.9156
INFO:__main__:
【Val】:  SENS: 0.8800  SPEC: 0.9385  PPV: 0.9016  NPV: 0.9242
INFO:__main__:验证的best_acc:0.9375
INFO:__main__:----------------------------------------------------------------------------------------------------
INFO:__main__:
【train】epoch:84/150 loss:0.0305 acc:0.9889
INFO:__main__:
【val】epoch:84/150 loss:0.3535 acc:0.9172
INFO:__main__:
【Val】:  SENS: 0.8680  SPEC: 0.9487  PPV: 0.9156  NPV: 0.9181
INFO:__main__:验证的best_acc:0.9375
INFO:__main__:----------------------------------------------------------------------------------------------------
INFO:__main__:
【train】epoch:85/150 loss:0.0256 acc:0.9899
INFO:__main__:
【val】epoch:85/150 loss:0.3631 acc:0.9234
INFO:__main__:
【Val】:  SENS: 0.8920  SPEC: 0.9436  PPV: 0.9102  NPV: 0.9316
INFO:__main__:验证的best_acc:0.9375
INFO:__main__:----------------------------------------------------------------------------------------------------
INFO:__main__:
【train】epoch:86/150 loss:0.0330 acc:0.9880
INFO:__main__:
【val】epoch:86/150 loss:0.3095 acc:0.9250
INFO:__main__:
【Val】:  SENS: 0.8960  SPEC: 0.9436  PPV: 0.9106  NPV: 0.9340
INFO:__main__:验证的best_acc:0.9375
INFO:__main__:----------------------------------------------------------------------------------------------------
INFO:__main__:
【train】epoch:87/150 loss:0.0258 acc:0.9903
INFO:__main__:
【val】epoch:87/150 loss:0.3312 acc:0.9266
INFO:__main__:
【Val】:  SENS: 0.9000  SPEC: 0.9436  PPV: 0.9109  NPV: 0.9364
INFO:__main__:验证的best_acc:0.9375
INFO:__main__:----------------------------------------------------------------------------------------------------
INFO:__main__:
【train】epoch:88/150 loss:0.0342 acc:0.9872
INFO:__main__:
【val】epoch:88/150 loss:0.3465 acc:0.9203
INFO:__main__:
【Val】:  SENS: 0.8920  SPEC: 0.9385  PPV: 0.9028  NPV: 0.9313
INFO:__main__:验证的best_acc:0.9375
INFO:__main__:----------------------------------------------------------------------------------------------------
INFO:__main__:
【train】epoch:89/150 loss:0.0242 acc:0.9913
INFO:__main__:
【val】epoch:89/150 loss:0.3245 acc:0.9359
INFO:__main__:
【Val】:  SENS: 0.9040  SPEC: 0.9564  PPV: 0.9300  NPV: 0.9395
INFO:__main__:验证的best_acc:0.9375
INFO:__main__:----------------------------------------------------------------------------------------------------
INFO:__main__:
【train】epoch:90/150 loss:0.0248 acc:0.9905
INFO:__main__:
【val】epoch:90/150 loss:0.4175 acc:0.9219
INFO:__main__:
【Val】:  SENS: 0.9040  SPEC: 0.9333  PPV: 0.8968  NPV: 0.9381
INFO:__main__:验证的best_acc:0.9375
INFO:__main__:----------------------------------------------------------------------------------------------------
INFO:__main__:
【train】epoch:91/150 loss:0.0226 acc:0.9928
INFO:__main__:
【val】epoch:91/150 loss:0.3967 acc:0.9187
INFO:__main__:
【Val】:  SENS: 0.8960  SPEC: 0.9333  PPV: 0.8960  NPV: 0.9333
INFO:__main__:验证的best_acc:0.9375
INFO:__main__:----------------------------------------------------------------------------------------------------
INFO:__main__:
【train】epoch:92/150 loss:0.0253 acc:0.9905
INFO:__main__:
【val】epoch:92/150 loss:0.3373 acc:0.9203
INFO:__main__:
【Val】:  SENS: 0.8800  SPEC: 0.9462  PPV: 0.9129  NPV: 0.9248
INFO:__main__:验证的best_acc:0.9375
INFO:__main__:----------------------------------------------------------------------------------------------------
INFO:__main__:
【train】epoch:93/150 loss:0.0229 acc:0.9918
INFO:__main__:
【val】epoch:93/150 loss:0.3887 acc:0.9109
INFO:__main__:
【Val】:  SENS: 0.8640  SPEC: 0.9410  PPV: 0.9038  NPV: 0.9152
INFO:__main__:验证的best_acc:0.9375
INFO:__main__:----------------------------------------------------------------------------------------------------
INFO:__main__:
【train】epoch:94/150 loss:0.0208 acc:0.9920
INFO:__main__:
【val】epoch:94/150 loss:0.3605 acc:0.9172
INFO:__main__:
【Val】:  SENS: 0.8800  SPEC: 0.9410  PPV: 0.9053  NPV: 0.9244
INFO:__main__:验证的best_acc:0.9375
INFO:__main__:----------------------------------------------------------------------------------------------------
INFO:__main__:
【train】epoch:95/150 loss:0.0198 acc:0.9936
INFO:__main__:
【val】epoch:95/150 loss:0.3723 acc:0.9250
INFO:__main__:
【Val】:  SENS: 0.8880  SPEC: 0.9487  PPV: 0.9174  NPV: 0.9296
INFO:__main__:验证的best_acc:0.9375
INFO:__main__:----------------------------------------------------------------------------------------------------
INFO:__main__:
【train】epoch:96/150 loss:0.0209 acc:0.9918
INFO:__main__:
【val】epoch:96/150 loss:0.3306 acc:0.9219
INFO:__main__:
【Val】:  SENS: 0.8840  SPEC: 0.9462  PPV: 0.9132  NPV: 0.9271
INFO:__main__:验证的best_acc:0.9375
INFO:__main__:----------------------------------------------------------------------------------------------------
INFO:__main__:
【train】epoch:97/150 loss:0.0201 acc:0.9920
INFO:__main__:
【val】epoch:97/150 loss:0.3613 acc:0.9281
INFO:__main__:
【Val】:  SENS: 0.8920  SPEC: 0.9513  PPV: 0.9215  NPV: 0.9322
INFO:__main__:验证的best_acc:0.9375
INFO:__main__:----------------------------------------------------------------------------------------------------
INFO:__main__:
【train】epoch:98/150 loss:0.0221 acc:0.9909
INFO:__main__:
【val】epoch:98/150 loss:0.3429 acc:0.9234
INFO:__main__:
【Val】:  SENS: 0.8720  SPEC: 0.9564  PPV: 0.9277  NPV: 0.9210
INFO:__main__:验证的best_acc:0.9375
INFO:__main__:----------------------------------------------------------------------------------------------------
INFO:__main__:
【train】epoch:99/150 loss:0.0237 acc:0.9918
INFO:__main__:
【val】epoch:99/150 loss:0.3372 acc:0.9187
INFO:__main__:
【Val】:  SENS: 0.8960  SPEC: 0.9333  PPV: 0.8960  NPV: 0.9333
INFO:__main__:验证的best_acc:0.9375
INFO:__main__:----------------------------------------------------------------------------------------------------
INFO:__main__:
【train】epoch:100/150 loss:0.0176 acc:0.9930
INFO:__main__:
【val】epoch:100/150 loss:0.3431 acc:0.9266
INFO:__main__:
【Val】:  SENS: 0.8760  SPEC: 0.9590  PPV: 0.9319  NPV: 0.9235
INFO:__main__:验证的best_acc:0.9375
INFO:__main__:----------------------------------------------------------------------------------------------------
INFO:__main__:
【train】epoch:101/150 loss:0.0178 acc:0.9944
INFO:__main__:
【val】epoch:101/150 loss:0.3338 acc:0.9203
INFO:__main__:
【Val】:  SENS: 0.9040  SPEC: 0.9308  PPV: 0.8933  NPV: 0.9380
INFO:__main__:验证的best_acc:0.9375
INFO:__main__:----------------------------------------------------------------------------------------------------
INFO:__main__:
【train】epoch:102/150 loss:0.0205 acc:0.9924
INFO:__main__:
【val】epoch:102/150 loss:0.3802 acc:0.9172
INFO:__main__:
【Val】:  SENS: 0.8920  SPEC: 0.9333  PPV: 0.8956  NPV: 0.9309
INFO:__main__:验证的best_acc:0.9375
INFO:__main__:----------------------------------------------------------------------------------------------------
INFO:__main__:
【train】epoch:103/150 loss:0.0167 acc:0.9938
INFO:__main__:
【val】epoch:103/150 loss:0.3564 acc:0.9219
INFO:__main__:
【Val】:  SENS: 0.8800  SPEC: 0.9487  PPV: 0.9167  NPV: 0.9250
INFO:__main__:验证的best_acc:0.9375
INFO:__main__:----------------------------------------------------------------------------------------------------
INFO:__main__:
【train】epoch:104/150 loss:0.0123 acc:0.9948
INFO:__main__:
【val】epoch:104/150 loss:0.3915 acc:0.9219
INFO:__main__:
【Val】:  SENS: 0.8960  SPEC: 0.9385  PPV: 0.9032  NPV: 0.9337
INFO:__main__:验证的best_acc:0.9375
INFO:__main__:----------------------------------------------------------------------------------------------------
INFO:__main__:
【train】epoch:105/150 loss:0.0168 acc:0.9940
INFO:__main__:
【val】epoch:105/150 loss:0.3753 acc:0.9219
INFO:__main__:
【Val】:  SENS: 0.9040  SPEC: 0.9333  PPV: 0.8968  NPV: 0.9381
INFO:__main__:验证的best_acc:0.9375
INFO:__main__:----------------------------------------------------------------------------------------------------
INFO:__main__:
【train】epoch:106/150 loss:0.0189 acc:0.9928
INFO:__main__:
【val】epoch:106/150 loss:0.4269 acc:0.9156
INFO:__main__:
【Val】:  SENS: 0.8760  SPEC: 0.9410  PPV: 0.9050  NPV: 0.9221
INFO:__main__:验证的best_acc:0.9375
INFO:__main__:----------------------------------------------------------------------------------------------------
INFO:__main__:
【train】epoch:107/150 loss:0.0204 acc:0.9924
INFO:__main__:
【val】epoch:107/150 loss:0.4044 acc:0.9156
INFO:__main__:
【Val】:  SENS: 0.8880  SPEC: 0.9333  PPV: 0.8952  NPV: 0.9286
INFO:__main__:验证的best_acc:0.9375
INFO:__main__:----------------------------------------------------------------------------------------------------
INFO:__main__:
【train】epoch:108/150 loss:0.0156 acc:0.9946
INFO:__main__:
【val】epoch:108/150 loss:0.4154 acc:0.9156
INFO:__main__:
【Val】:  SENS: 0.8840  SPEC: 0.9359  PPV: 0.8984  NPV: 0.9264
INFO:__main__:验证的best_acc:0.9375
INFO:__main__:----------------------------------------------------------------------------------------------------
INFO:__main__:
【train】epoch:109/150 loss:0.0107 acc:0.9967
INFO:__main__:
【val】epoch:109/150 loss:0.3893 acc:0.9250
INFO:__main__:
【Val】:  SENS: 0.8880  SPEC: 0.9487  PPV: 0.9174  NPV: 0.9296
INFO:__main__:验证的best_acc:0.9375
INFO:__main__:----------------------------------------------------------------------------------------------------
INFO:__main__:
【train】epoch:110/150 loss:0.0159 acc:0.9951
INFO:__main__:
【val】epoch:110/150 loss:0.4107 acc:0.9234
INFO:__main__:
【Val】:  SENS: 0.8800  SPEC: 0.9513  PPV: 0.9205  NPV: 0.9252
INFO:__main__:验证的best_acc:0.9375
INFO:__main__:----------------------------------------------------------------------------------------------------
INFO:__main__:
【train】epoch:111/150 loss:0.0171 acc:0.9932
INFO:__main__:
【val】epoch:111/150 loss:0.3670 acc:0.9187
INFO:__main__:
【Val】:  SENS: 0.8760  SPEC: 0.9462  PPV: 0.9125  NPV: 0.9225
INFO:__main__:验证的best_acc:0.9375
INFO:__main__:----------------------------------------------------------------------------------------------------
INFO:__main__:
【train】epoch:112/150 loss:0.0163 acc:0.9940
INFO:__main__:
【val】epoch:112/150 loss:0.4024 acc:0.9219
INFO:__main__:
【Val】:  SENS: 0.9000  SPEC: 0.9359  PPV: 0.9000  NPV: 0.9359
INFO:__main__:验证的best_acc:0.9375
INFO:__main__:----------------------------------------------------------------------------------------------------
INFO:__main__:
【train】epoch:113/150 loss:0.0155 acc:0.9944
INFO:__main__:
【val】epoch:113/150 loss:0.4181 acc:0.9109
INFO:__main__:
【Val】:  SENS: 0.8720  SPEC: 0.9359  PPV: 0.8971  NPV: 0.9194
INFO:__main__:验证的best_acc:0.9375
INFO:__main__:----------------------------------------------------------------------------------------------------
INFO:__main__:
【train】epoch:114/150 loss:0.0138 acc:0.9944
INFO:__main__:
【val】epoch:114/150 loss:0.3979 acc:0.9172
INFO:__main__:
【Val】:  SENS: 0.8800  SPEC: 0.9410  PPV: 0.9053  NPV: 0.9244
INFO:__main__:验证的best_acc:0.9375
INFO:__main__:----------------------------------------------------------------------------------------------------
INFO:__main__:
【train】epoch:115/150 loss:0.0149 acc:0.9938
INFO:__main__:
【val】epoch:115/150 loss:0.3912 acc:0.9187
INFO:__main__:
【Val】:  SENS: 0.8880  SPEC: 0.9385  PPV: 0.9024  NPV: 0.9289
INFO:__main__:验证的best_acc:0.9375
INFO:__main__:----------------------------------------------------------------------------------------------------
INFO:__main__:
【train】epoch:116/150 loss:0.0121 acc:0.9957
INFO:__main__:
【val】epoch:116/150 loss:0.4255 acc:0.9109
INFO:__main__:
【Val】:  SENS: 0.8880  SPEC: 0.9256  PPV: 0.8845  NPV: 0.9280
INFO:__main__:验证的best_acc:0.9375
INFO:__main__:----------------------------------------------------------------------------------------------------
INFO:__main__:
【train】epoch:117/150 loss:0.0155 acc:0.9934
INFO:__main__:
【val】epoch:117/150 loss:0.3803 acc:0.9219
INFO:__main__:
【Val】:  SENS: 0.8920  SPEC: 0.9410  PPV: 0.9065  NPV: 0.9315
INFO:__main__:验证的best_acc:0.9375
INFO:__main__:----------------------------------------------------------------------------------------------------
INFO:__main__:
【train】epoch:118/150 loss:0.0090 acc:0.9973
INFO:__main__:
【val】epoch:118/150 loss:0.3943 acc:0.9219
INFO:__main__:
【Val】:  SENS: 0.9080  SPEC: 0.9308  PPV: 0.8937  NPV: 0.9404
INFO:__main__:验证的best_acc:0.9375
INFO:__main__:----------------------------------------------------------------------------------------------------
INFO:__main__:
【train】epoch:119/150 loss:0.0108 acc:0.9957
INFO:__main__:
【val】epoch:119/150 loss:0.4066 acc:0.9250
INFO:__main__:
【Val】:  SENS: 0.9000  SPEC: 0.9410  PPV: 0.9073  NPV: 0.9362
INFO:__main__:验证的best_acc:0.9375
INFO:__main__:----------------------------------------------------------------------------------------------------
INFO:__main__:
【train】epoch:120/150 loss:0.0161 acc:0.9944
INFO:__main__:
【val】epoch:120/150 loss:0.4237 acc:0.9156
INFO:__main__:
【Val】:  SENS: 0.8880  SPEC: 0.9333  PPV: 0.8952  NPV: 0.9286
INFO:__main__:验证的best_acc:0.9375
INFO:__main__:----------------------------------------------------------------------------------------------------
INFO:__main__:
【train】epoch:121/150 loss:0.0093 acc:0.9967
INFO:__main__:
【val】epoch:121/150 loss:0.4086 acc:0.9172
INFO:__main__:
【Val】:  SENS: 0.8920  SPEC: 0.9333  PPV: 0.8956  NPV: 0.9309
INFO:__main__:验证的best_acc:0.9375
INFO:__main__:----------------------------------------------------------------------------------------------------
INFO:__main__:
【train】epoch:122/150 loss:0.0091 acc:0.9969
INFO:__main__:
【val】epoch:122/150 loss:0.3812 acc:0.9250
INFO:__main__:
【Val】:  SENS: 0.9040  SPEC: 0.9385  PPV: 0.9040  NPV: 0.9385
INFO:__main__:验证的best_acc:0.9375
INFO:__main__:----------------------------------------------------------------------------------------------------
INFO:__main__:
【train】epoch:123/150 loss:0.0104 acc:0.9971
INFO:__main__:
【val】epoch:123/150 loss:0.4110 acc:0.9203
INFO:__main__:
【Val】:  SENS: 0.8960  SPEC: 0.9359  PPV: 0.8996  NPV: 0.9335
INFO:__main__:验证的best_acc:0.9375
INFO:__main__:----------------------------------------------------------------------------------------------------
INFO:__main__:
【train】epoch:124/150 loss:0.0133 acc:0.9953
INFO:__main__:
【val】epoch:124/150 loss:0.4344 acc:0.9219
INFO:__main__:
【Val】:  SENS: 0.9040  SPEC: 0.9333  PPV: 0.8968  NPV: 0.9381
INFO:__main__:验证的best_acc:0.9375
INFO:__main__:----------------------------------------------------------------------------------------------------
INFO:__main__:
【train】epoch:125/150 loss:0.0091 acc:0.9963
INFO:__main__:
【val】epoch:125/150 loss:0.3969 acc:0.9266
INFO:__main__:
【Val】:  SENS: 0.8960  SPEC: 0.9462  PPV: 0.9143  NPV: 0.9342
INFO:__main__:验证的best_acc:0.9375
INFO:__main__:----------------------------------------------------------------------------------------------------
INFO:__main__:
【train】epoch:126/150 loss:0.0103 acc:0.9955
INFO:__main__:
【val】epoch:126/150 loss:0.4009 acc:0.9172
INFO:__main__:
【Val】:  SENS: 0.8920  SPEC: 0.9333  PPV: 0.8956  NPV: 0.9309
INFO:__main__:验证的best_acc:0.9375
INFO:__main__:----------------------------------------------------------------------------------------------------
INFO:__main__:
【train】epoch:127/150 loss:0.0132 acc:0.9961
INFO:__main__:
【val】epoch:127/150 loss:0.4113 acc:0.9219
INFO:__main__:
【Val】:  SENS: 0.9040  SPEC: 0.9333  PPV: 0.8968  NPV: 0.9381
INFO:__main__:验证的best_acc:0.9375
INFO:__main__:----------------------------------------------------------------------------------------------------
INFO:__main__:
【train】epoch:128/150 loss:0.0098 acc:0.9957
INFO:__main__:
【val】epoch:128/150 loss:0.4011 acc:0.9187
INFO:__main__:
【Val】:  SENS: 0.8880  SPEC: 0.9385  PPV: 0.9024  NPV: 0.9289
INFO:__main__:验证的best_acc:0.9375
INFO:__main__:----------------------------------------------------------------------------------------------------
INFO:__main__:
【train】epoch:129/150 loss:0.0140 acc:0.9963
INFO:__main__:
【val】epoch:129/150 loss:0.4027 acc:0.9219
INFO:__main__:
【Val】:  SENS: 0.9000  SPEC: 0.9359  PPV: 0.9000  NPV: 0.9359
INFO:__main__:验证的best_acc:0.9375
INFO:__main__:----------------------------------------------------------------------------------------------------
INFO:__main__:
【train】epoch:130/150 loss:0.0083 acc:0.9963
INFO:__main__:
【val】epoch:130/150 loss:0.3885 acc:0.9250
INFO:__main__:
【Val】:  SENS: 0.9080  SPEC: 0.9359  PPV: 0.9008  NPV: 0.9407
INFO:__main__:验证的best_acc:0.9375
INFO:__main__:----------------------------------------------------------------------------------------------------
INFO:__main__:
【train】epoch:131/150 loss:0.0090 acc:0.9967
INFO:__main__:
【val】epoch:131/150 loss:0.4268 acc:0.9281
INFO:__main__:
【Val】:  SENS: 0.8960  SPEC: 0.9487  PPV: 0.9180  NPV: 0.9343
INFO:__main__:验证的best_acc:0.9375
INFO:__main__:----------------------------------------------------------------------------------------------------
INFO:__main__:
【train】epoch:132/150 loss:0.0062 acc:0.9977
INFO:__main__:
【val】epoch:132/150 loss:0.4132 acc:0.9203
INFO:__main__:
【Val】:  SENS: 0.8720  SPEC: 0.9513  PPV: 0.9198  NPV: 0.9206
INFO:__main__:验证的best_acc:0.9375
INFO:__main__:----------------------------------------------------------------------------------------------------
INFO:__main__:
【train】epoch:133/150 loss:0.0101 acc:0.9957
INFO:__main__:
【val】epoch:133/150 loss:0.4180 acc:0.9234
INFO:__main__:
【Val】:  SENS: 0.8960  SPEC: 0.9410  PPV: 0.9069  NPV: 0.9338
INFO:__main__:验证的best_acc:0.9375
INFO:__main__:----------------------------------------------------------------------------------------------------
INFO:__main__:
【train】epoch:134/150 loss:0.0074 acc:0.9971
INFO:__main__:
【val】epoch:134/150 loss:0.4066 acc:0.9203
INFO:__main__:
【Val】:  SENS: 0.8840  SPEC: 0.9436  PPV: 0.9095  NPV: 0.9270
INFO:__main__:验证的best_acc:0.9375
INFO:__main__:----------------------------------------------------------------------------------------------------
INFO:__main__:
【train】epoch:135/150 loss:0.0081 acc:0.9971
INFO:__main__:
【val】epoch:135/150 loss:0.4262 acc:0.9250
INFO:__main__:
【Val】:  SENS: 0.8920  SPEC: 0.9462  PPV: 0.9139  NPV: 0.9318
INFO:__main__:验证的best_acc:0.9375
INFO:__main__:----------------------------------------------------------------------------------------------------
INFO:__main__:
【train】epoch:136/150 loss:0.0092 acc:0.9973
INFO:__main__:
【val】epoch:136/150 loss:0.4214 acc:0.9234
INFO:__main__:
【Val】:  SENS: 0.8840  SPEC: 0.9487  PPV: 0.9170  NPV: 0.9273
INFO:__main__:验证的best_acc:0.9375
INFO:__main__:----------------------------------------------------------------------------------------------------
INFO:__main__:
【train】epoch:137/150 loss:0.0063 acc:0.9977
INFO:__main__:
【val】epoch:137/150 loss:0.4182 acc:0.9187
INFO:__main__:
【Val】:  SENS: 0.8840  SPEC: 0.9410  PPV: 0.9057  NPV: 0.9268
INFO:__main__:验证的best_acc:0.9375
INFO:__main__:----------------------------------------------------------------------------------------------------
INFO:__main__:
【train】epoch:138/150 loss:0.0052 acc:0.9986
INFO:__main__:
【val】epoch:138/150 loss:0.4121 acc:0.9281
INFO:__main__:
【Val】:  SENS: 0.8880  SPEC: 0.9538  PPV: 0.9250  NPV: 0.9300
INFO:__main__:验证的best_acc:0.9375
INFO:__main__:----------------------------------------------------------------------------------------------------
INFO:__main__:
【train】epoch:139/150 loss:0.0067 acc:0.9969
INFO:__main__:
【val】epoch:139/150 loss:0.4117 acc:0.9219
INFO:__main__:
【Val】:  SENS: 0.8840  SPEC: 0.9462  PPV: 0.9132  NPV: 0.9271
INFO:__main__:验证的best_acc:0.9375
INFO:__main__:----------------------------------------------------------------------------------------------------
INFO:__main__:
【train】epoch:140/150 loss:0.0083 acc:0.9973
INFO:__main__:
【val】epoch:140/150 loss:0.4100 acc:0.9125
INFO:__main__:
【Val】:  SENS: 0.8800  SPEC: 0.9333  PPV: 0.8943  NPV: 0.9239
INFO:__main__:验证的best_acc:0.9375
INFO:__main__:----------------------------------------------------------------------------------------------------
INFO:__main__:
【train】epoch:141/150 loss:0.0053 acc:0.9981
INFO:__main__:
【val】epoch:141/150 loss:0.4056 acc:0.9172
INFO:__main__:
【Val】:  SENS: 0.8800  SPEC: 0.9410  PPV: 0.9053  NPV: 0.9244
INFO:__main__:验证的best_acc:0.9375
INFO:__main__:----------------------------------------------------------------------------------------------------
INFO:__main__:
【train】epoch:142/150 loss:0.0077 acc:0.9971
INFO:__main__:
【val】epoch:142/150 loss:0.4164 acc:0.9125
INFO:__main__:
【Val】:  SENS: 0.8840  SPEC: 0.9308  PPV: 0.8911  NPV: 0.9260
INFO:__main__:验证的best_acc:0.9375
INFO:__main__:----------------------------------------------------------------------------------------------------
INFO:__main__:
【train】epoch:143/150 loss:0.0057 acc:0.9986
INFO:__main__:
【val】epoch:143/150 loss:0.4130 acc:0.9172
INFO:__main__:
【Val】:  SENS: 0.9000  SPEC: 0.9282  PPV: 0.8893  NPV: 0.9354
INFO:__main__:验证的best_acc:0.9375
INFO:__main__:----------------------------------------------------------------------------------------------------
INFO:__main__:
【train】epoch:144/150 loss:0.0062 acc:0.9981
INFO:__main__:
【val】epoch:144/150 loss:0.4208 acc:0.9234
INFO:__main__:
【Val】:  SENS: 0.8880  SPEC: 0.9462  PPV: 0.9136  NPV: 0.9295
INFO:__main__:验证的best_acc:0.9375
INFO:__main__:----------------------------------------------------------------------------------------------------
INFO:__main__:
【train】epoch:145/150 loss:0.0092 acc:0.9959
INFO:__main__:
【val】epoch:145/150 loss:0.4078 acc:0.9266
INFO:__main__:
【Val】:  SENS: 0.8960  SPEC: 0.9462  PPV: 0.9143  NPV: 0.9342
INFO:__main__:验证的best_acc:0.9375
INFO:__main__:----------------------------------------------------------------------------------------------------
INFO:__main__:
【train】epoch:146/150 loss:0.0064 acc:0.9975
INFO:__main__:
【val】epoch:146/150 loss:0.4080 acc:0.9234
INFO:__main__:
【Val】:  SENS: 0.8960  SPEC: 0.9410  PPV: 0.9069  NPV: 0.9338
INFO:__main__:验证的best_acc:0.9375
INFO:__main__:----------------------------------------------------------------------------------------------------
INFO:__main__:
【train】epoch:147/150 loss:0.0081 acc:0.9971
INFO:__main__:
【val】epoch:147/150 loss:0.4174 acc:0.9234
INFO:__main__:
【Val】:  SENS: 0.8880  SPEC: 0.9462  PPV: 0.9136  NPV: 0.9295
INFO:__main__:验证的best_acc:0.9375
INFO:__main__:----------------------------------------------------------------------------------------------------
INFO:__main__:
【train】epoch:148/150 loss:0.0065 acc:0.9977
INFO:__main__:
【val】epoch:148/150 loss:0.3984 acc:0.9281
INFO:__main__:
【Val】:  SENS: 0.8920  SPEC: 0.9513  PPV: 0.9215  NPV: 0.9322
INFO:__main__:验证的best_acc:0.9375
INFO:__main__:----------------------------------------------------------------------------------------------------
INFO:__main__:
【train】epoch:149/150 loss:0.0041 acc:0.9990
INFO:__main__:
【val】epoch:149/150 loss:0.4080 acc:0.9234
INFO:__main__:
【Val】:  SENS: 0.8880  SPEC: 0.9462  PPV: 0.9136  NPV: 0.9295
INFO:__main__:验证的best_acc:0.9375
INFO:__main__:----------------------------------------------------------------------------------------------------
INFO:__main__:****************************************************************************************************
INFO:__main__:Val_LOSS:['0.5448', '0.4017', '0.3646', '0.3373', '0.3607', '0.3009', '0.3378', '0.3386', '0.3595', '0.3018', '0.3182', '0.3269', '0.2950', '0.2494', '0.2857', '0.3085', '0.3118', '0.3007', '0.2479', '0.3512', '0.3335', '0.2959', '0.3585', '0.3260', '0.2911', '0.2914', '0.2819', '0.2925', '0.3347', '0.3035', '0.2586', '0.3309', '0.3546', '0.2598', '0.2882', '0.3066', '0.3724', '0.3077', '0.2909', '0.3056', '0.3660', '0.3119', '0.2821', '0.2917', '0.3074', '0.3324', '0.3021', '0.2815', '0.3180', '0.3097', '0.3289', '0.3161', '0.2889', '0.3347', '0.3161', '0.2941', '0.3029', '0.3063', '0.2860', '0.2613', '0.2833', '0.2946', '0.2532', '0.2986', '0.3146', '0.2779', '0.3464', '0.3110', '0.2779', '0.3461', '0.3289', '0.2736', '0.2797', '0.2803', '0.3134', '0.2772', '0.3047', '0.2794', '0.2855', '0.3082', '0.3487', '0.3197', '0.3201', '0.3581', '0.3535', '0.3631', '0.3095', '0.3312', '0.3465', '0.3245', '0.4175', '0.3967', '0.3373', '0.3887', '0.3605', '0.3723', '0.3306', '0.3613', '0.3429', '0.3372', '0.3431', '0.3338', '0.3802', '0.3564', '0.3915', '0.3753', '0.4269', '0.4044', '0.4154', '0.3893', '0.4107', '0.3670', '0.4024', '0.4181', '0.3979', '0.3912', '0.4255', '0.3803', '0.3943', '0.4066', '0.4237', '0.4086', '0.3812', '0.4110', '0.4344', '0.3969', '0.4009', '0.4113', '0.4011', '0.4027', '0.3885', '0.4268', '0.4132', '0.4180', '0.4066', '0.4262', '0.4214', '0.4182', '0.4121', '0.4117', '0.4100', '0.4056', '0.4164', '0.4130', '0.4208', '0.4078', '0.4080', '0.4174', '0.3984', '0.4080']
INFO:__main__:Val_ACC:['0.6984', '0.8062', '0.8328', '0.8391', '0.8234', '0.8641', '0.8344', '0.8453', '0.8375', '0.8672', '0.8734', '0.8609', '0.8969', '0.9000', '0.8891', '0.8703', '0.8953', '0.8922', '0.9031', '0.8953', '0.8813', '0.8875', '0.8859', '0.8859', '0.8875', '0.9031', '0.9078', '0.9047', '0.8797', '0.8969', '0.9062', '0.8859', '0.8844', '0.9172', '0.9016', '0.8953', '0.8922', '0.9078', '0.8922', '0.9000', '0.9062', '0.9172', '0.9031', '0.9203', '0.9172', '0.9078', '0.9031', '0.9016', '0.9156', '0.9094', '0.9109', '0.9094', '0.9141', '0.9203', '0.9000', '0.9187', '0.9125', '0.9125', '0.9141', '0.9266', '0.9109', '0.9266', '0.9203', '0.9219', '0.9187', '0.9141', '0.8984', '0.9172', '0.9250', '0.9156', '0.9234', '0.9312', '0.9344', '0.9328', '0.9219', '0.9359', '0.9266', '0.9344', '0.9375', '0.9312', '0.9156', '0.9312', '0.9281', '0.9156', '0.9172', '0.9234', '0.9250', '0.9266', '0.9203', '0.9359', '0.9219', '0.9187', '0.9203', '0.9109', '0.9172', '0.9250', '0.9219', '0.9281', '0.9234', '0.9187', '0.9266', '0.9203', '0.9172', '0.9219', '0.9219', '0.9219', '0.9156', '0.9156', '0.9156', '0.9250', '0.9234', '0.9187', '0.9219', '0.9109', '0.9172', '0.9187', '0.9109', '0.9219', '0.9219', '0.9250', '0.9156', '0.9172', '0.9250', '0.9203', '0.9219', '0.9266', '0.9172', '0.9219', '0.9187', '0.9219', '0.9250', '0.9281', '0.9203', '0.9234', '0.9203', '0.9250', '0.9234', '0.9187', '0.9281', '0.9219', '0.9125', '0.9172', '0.9125', '0.9172', '0.9234', '0.9266', '0.9234', '0.9234', '0.9281', '0.9234']
INFO:__main__:****************************************************************************************************
INFO:__main__: epoch0 测试test_Loss: 0.2655  test_ACC: 0.9390  
INFO:__main__:SENS: 0.9192 SPEC: 0.9520 PPV: 0.9264 NPV: 0.9472
INFO:__main__:test_Best_acc:0.9390
INFO:__main__:flops:2323740064.0  params:14128629.0
