INFO:__main__:
【train】epoch:0/120 loss:0.5571 acc:0.7094
INFO:__main__:
【val】epoch:0/120 loss:0.4941 acc:0.7600
INFO:__main__:
【Val】:  SENS: 0.6234  SPEC: 0.8155  PPV: 0.5783  NPV: 0.8421 F1:0.6000
INFO:__main__:验证的best_acc:0.7600
INFO:__main__:----------------------------------------------------------------------------------------------------
INFO:__main__:
【train】epoch:1/120 loss:0.4891 acc:0.7489
INFO:__main__:
【val】epoch:1/120 loss:0.4415 acc:0.7663
INFO:__main__:
【Val】:  SENS: 0.3247  SPEC: 0.9455  PPV: 0.7075  NPV: 0.7752 F1:0.4451
INFO:__main__:验证的best_acc:0.7663
INFO:__main__:----------------------------------------------------------------------------------------------------
INFO:__main__:
【train】epoch:2/120 loss:0.4615 acc:0.7686
INFO:__main__:
【val】epoch:2/120 loss:0.4139 acc:0.7975
INFO:__main__:
【Val】:  SENS: 0.4805  SPEC: 0.9262  PPV: 0.7255  NPV: 0.8145 F1:0.5781
INFO:__main__:验证的best_acc:0.7975
INFO:__main__:----------------------------------------------------------------------------------------------------
INFO:__main__:
【train】epoch:3/120 loss:0.4456 acc:0.7746
INFO:__main__:
【val】epoch:3/120 loss:0.4412 acc:0.7725
INFO:__main__:
【Val】:  SENS: 0.3247  SPEC: 0.9543  PPV: 0.7426  NPV: 0.7768 F1:0.4518
INFO:__main__:验证的best_acc:0.7975
INFO:__main__:----------------------------------------------------------------------------------------------------
INFO:__main__:
【train】epoch:4/120 loss:0.4279 acc:0.7862
INFO:__main__:
【val】epoch:4/120 loss:0.4099 acc:0.7987
INFO:__main__:
【Val】:  SENS: 0.5065  SPEC: 0.9174  PPV: 0.7134  NPV: 0.8208 F1:0.5924
INFO:__main__:验证的best_acc:0.7987
INFO:__main__:----------------------------------------------------------------------------------------------------
INFO:__main__:
【train】epoch:5/120 loss:0.4112 acc:0.7966
INFO:__main__:
【val】epoch:5/120 loss:0.3718 acc:0.8225
INFO:__main__:
【Val】:  SENS: 0.5974  SPEC: 0.9139  PPV: 0.7380  NPV: 0.8483 F1:0.6603
INFO:__main__:验证的best_acc:0.8225
INFO:__main__:----------------------------------------------------------------------------------------------------
INFO:__main__:
【train】epoch:6/120 loss:0.4037 acc:0.8046
INFO:__main__:
【val】epoch:6/120 loss:0.3798 acc:0.8125
INFO:__main__:
【Val】:  SENS: 0.6840  SPEC: 0.8647  PPV: 0.6723  NPV: 0.8708 F1:0.6781
INFO:__main__:验证的best_acc:0.8225
INFO:__main__:----------------------------------------------------------------------------------------------------
INFO:__main__:
【train】epoch:7/120 loss:0.3729 acc:0.8267
INFO:__main__:
【val】epoch:7/120 loss:0.3766 acc:0.8300
INFO:__main__:
【Val】:  SENS: 0.7576  SPEC: 0.8594  PPV: 0.6863  NPV: 0.8972 F1:0.7202
INFO:__main__:验证的best_acc:0.8300
INFO:__main__:----------------------------------------------------------------------------------------------------
INFO:__main__:
【train】epoch:8/120 loss:0.3565 acc:0.8338
INFO:__main__:
【val】epoch:8/120 loss:0.3263 acc:0.8525
INFO:__main__:
【Val】:  SENS: 0.6883  SPEC: 0.9192  PPV: 0.7756  NPV: 0.8790 F1:0.7294
INFO:__main__:验证的best_acc:0.8525
INFO:__main__:----------------------------------------------------------------------------------------------------
INFO:__main__:
【train】epoch:9/120 loss:0.3239 acc:0.8522
INFO:__main__:
【val】epoch:9/120 loss:0.3175 acc:0.8625
INFO:__main__:
【Val】:  SENS: 0.8268  SPEC: 0.8770  PPV: 0.7318  NPV: 0.9258 F1:0.7764
INFO:__main__:验证的best_acc:0.8625
INFO:__main__:----------------------------------------------------------------------------------------------------
INFO:__main__:
【train】epoch:10/120 loss:0.2973 acc:0.8699
INFO:__main__:
【val】epoch:10/120 loss:0.2798 acc:0.8813
INFO:__main__:
【Val】:  SENS: 0.7576  SPEC: 0.9315  PPV: 0.8178  NPV: 0.9044 F1:0.7865
INFO:__main__:验证的best_acc:0.8813
INFO:__main__:----------------------------------------------------------------------------------------------------
INFO:__main__:
【train】epoch:11/120 loss:0.2862 acc:0.8752
INFO:__main__:
【val】epoch:11/120 loss:0.3799 acc:0.8288
INFO:__main__:
【Val】:  SENS: 0.8485  SPEC: 0.8207  PPV: 0.6577  NPV: 0.9303 F1:0.7410
INFO:__main__:验证的best_acc:0.8813
INFO:__main__:----------------------------------------------------------------------------------------------------
INFO:__main__:
【train】epoch:12/120 loss:0.2817 acc:0.8797
INFO:__main__:
【val】epoch:12/120 loss:0.3389 acc:0.8612
INFO:__main__:
【Val】:  SENS: 0.5714  SPEC: 0.9789  PPV: 0.9167  NPV: 0.8491 F1:0.7040
INFO:__main__:验证的best_acc:0.8813
INFO:__main__:----------------------------------------------------------------------------------------------------
INFO:__main__:
【train】epoch:13/120 loss:0.2753 acc:0.8819
INFO:__main__:
【val】epoch:13/120 loss:0.2921 acc:0.8600
INFO:__main__:
【Val】:  SENS: 0.8398  SPEC: 0.8682  PPV: 0.7212  NPV: 0.9303 F1:0.7760
INFO:__main__:验证的best_acc:0.8813
INFO:__main__:----------------------------------------------------------------------------------------------------
INFO:__main__:
【train】epoch:14/120 loss:0.2580 acc:0.8904
INFO:__main__:
【val】epoch:14/120 loss:0.3084 acc:0.8763
INFO:__main__:
【Val】:  SENS: 0.7619  SPEC: 0.9227  PPV: 0.8000  NPV: 0.9052 F1:0.7805
INFO:__main__:验证的best_acc:0.8813
INFO:__main__:----------------------------------------------------------------------------------------------------
INFO:__main__:
【train】epoch:15/120 loss:0.2503 acc:0.8946
INFO:__main__:
【val】epoch:15/120 loss:0.2548 acc:0.8913
INFO:__main__:
【Val】:  SENS: 0.8355  SPEC: 0.9139  PPV: 0.7975  NPV: 0.9319 F1:0.8161
INFO:__main__:验证的best_acc:0.8913
INFO:__main__:----------------------------------------------------------------------------------------------------
INFO:__main__:
【train】epoch:16/120 loss:0.2446 acc:0.8986
INFO:__main__:
【val】epoch:16/120 loss:0.2790 acc:0.8825
INFO:__main__:
【Val】:  SENS: 0.8442  SPEC: 0.8981  PPV: 0.7708  NPV: 0.9342 F1:0.8058
INFO:__main__:验证的best_acc:0.8913
INFO:__main__:----------------------------------------------------------------------------------------------------
INFO:__main__:
【train】epoch:17/120 loss:0.2345 acc:0.8960
INFO:__main__:
【val】epoch:17/120 loss:0.3116 acc:0.8825
INFO:__main__:
【Val】:  SENS: 0.7186  SPEC: 0.9490  PPV: 0.8513  NPV: 0.8926 F1:0.7793
INFO:__main__:验证的best_acc:0.8913
INFO:__main__:----------------------------------------------------------------------------------------------------
INFO:__main__:
【train】epoch:18/120 loss:0.2306 acc:0.9010
INFO:__main__:
【val】epoch:18/120 loss:0.2836 acc:0.8838
INFO:__main__:
【Val】:  SENS: 0.8528  SPEC: 0.8963  PPV: 0.7695  NPV: 0.9375 F1:0.8090
INFO:__main__:验证的best_acc:0.8913
INFO:__main__:----------------------------------------------------------------------------------------------------
INFO:__main__:
【train】epoch:19/120 loss:0.2209 acc:0.9115
INFO:__main__:
【val】epoch:19/120 loss:0.2756 acc:0.9025
INFO:__main__:
【Val】:  SENS: 0.7879  SPEC: 0.9490  PPV: 0.8626  NPV: 0.9168 F1:0.8235
INFO:__main__:验证的best_acc:0.9025
INFO:__main__:----------------------------------------------------------------------------------------------------
INFO:__main__:
【train】epoch:20/120 loss:0.2001 acc:0.9177
INFO:__main__:
【val】epoch:20/120 loss:0.2867 acc:0.9100
INFO:__main__:
【Val】:  SENS: 0.8009  SPEC: 0.9543  PPV: 0.8768  NPV: 0.9219 F1:0.8371
INFO:__main__:验证的best_acc:0.9100
INFO:__main__:----------------------------------------------------------------------------------------------------
INFO:__main__:
【train】epoch:21/120 loss:0.2008 acc:0.9182
INFO:__main__:
【val】epoch:21/120 loss:0.3645 acc:0.8925
INFO:__main__:
【Val】:  SENS: 0.6667  SPEC: 0.9842  PPV: 0.9448  NPV: 0.8791 F1:0.7817
INFO:__main__:验证的best_acc:0.9100
INFO:__main__:----------------------------------------------------------------------------------------------------
INFO:__main__:
【train】epoch:22/120 loss:0.1990 acc:0.9158
INFO:__main__:
【val】epoch:22/120 loss:0.3111 acc:0.9050
INFO:__main__:
【Val】:  SENS: 0.7706  SPEC: 0.9596  PPV: 0.8856  NPV: 0.9115 F1:0.8241
INFO:__main__:验证的best_acc:0.9100
INFO:__main__:----------------------------------------------------------------------------------------------------
INFO:__main__:
【train】epoch:23/120 loss:0.1950 acc:0.9207
INFO:__main__:
【val】epoch:23/120 loss:0.2743 acc:0.9100
INFO:__main__:
【Val】:  SENS: 0.8658  SPEC: 0.9279  PPV: 0.8299  NPV: 0.9445 F1:0.8475
INFO:__main__:验证的best_acc:0.9100
INFO:__main__:----------------------------------------------------------------------------------------------------
INFO:__main__:
【train】epoch:24/120 loss:0.1847 acc:0.9213
INFO:__main__:
【val】epoch:24/120 loss:0.2757 acc:0.9013
INFO:__main__:
【Val】:  SENS: 0.8745  SPEC: 0.9121  PPV: 0.8016  NPV: 0.9471 F1:0.8364
INFO:__main__:验证的best_acc:0.9100
INFO:__main__:----------------------------------------------------------------------------------------------------
INFO:__main__:
【train】epoch:25/120 loss:0.1863 acc:0.9269
INFO:__main__:
【val】epoch:25/120 loss:0.2749 acc:0.9175
INFO:__main__:
【Val】:  SENS: 0.8139  SPEC: 0.9596  PPV: 0.8910  NPV: 0.9270 F1:0.8507
INFO:__main__:验证的best_acc:0.9175
INFO:__main__:----------------------------------------------------------------------------------------------------
INFO:__main__:
【train】epoch:26/120 loss:0.1830 acc:0.9257
INFO:__main__:
【val】epoch:26/120 loss:0.2716 acc:0.9038
INFO:__main__:
【Val】:  SENS: 0.9004  SPEC: 0.9051  PPV: 0.7939  NPV: 0.9572 F1:0.8438
INFO:__main__:验证的best_acc:0.9175
INFO:__main__:----------------------------------------------------------------------------------------------------
INFO:__main__:
【train】epoch:27/120 loss:0.1671 acc:0.9325
INFO:__main__:
【val】epoch:27/120 loss:0.2859 acc:0.9038
INFO:__main__:
【Val】:  SENS: 0.7835  SPEC: 0.9525  PPV: 0.8702  NPV: 0.9155 F1:0.8246
INFO:__main__:验证的best_acc:0.9175
INFO:__main__:----------------------------------------------------------------------------------------------------
INFO:__main__:
【train】epoch:28/120 loss:0.1696 acc:0.9333
INFO:__main__:
【val】epoch:28/120 loss:0.2871 acc:0.9038
INFO:__main__:
【Val】:  SENS: 0.8355  SPEC: 0.9315  PPV: 0.8319  NPV: 0.9331 F1:0.8337
INFO:__main__:验证的best_acc:0.9175
INFO:__main__:----------------------------------------------------------------------------------------------------
INFO:__main__:
【train】epoch:29/120 loss:0.1525 acc:0.9407
INFO:__main__:
【val】epoch:29/120 loss:0.2296 acc:0.9237
INFO:__main__:
【Val】:  SENS: 0.8442  SPEC: 0.9561  PPV: 0.8864  NPV: 0.9379 F1:0.8647
INFO:__main__:验证的best_acc:0.9237
INFO:__main__:----------------------------------------------------------------------------------------------------
INFO:__main__:
【train】epoch:30/120 loss:0.1481 acc:0.9420
INFO:__main__:
【val】epoch:30/120 loss:0.2561 acc:0.9187
INFO:__main__:
【Val】:  SENS: 0.8398  SPEC: 0.9508  PPV: 0.8739  NPV: 0.9360 F1:0.8565
INFO:__main__:验证的best_acc:0.9237
INFO:__main__:----------------------------------------------------------------------------------------------------
INFO:__main__:
【train】epoch:31/120 loss:0.1420 acc:0.9450
INFO:__main__:
【val】epoch:31/120 loss:0.2495 acc:0.9200
INFO:__main__:
【Val】:  SENS: 0.8009  SPEC: 0.9684  PPV: 0.9113  NPV: 0.9229 F1:0.8525
INFO:__main__:验证的best_acc:0.9237
INFO:__main__:----------------------------------------------------------------------------------------------------
INFO:__main__:
【train】epoch:32/120 loss:0.1420 acc:0.9455
INFO:__main__:
【val】epoch:32/120 loss:0.2637 acc:0.9212
INFO:__main__:
【Val】:  SENS: 0.8225  SPEC: 0.9613  PPV: 0.8962  NPV: 0.9303 F1:0.8578
INFO:__main__:验证的best_acc:0.9237
INFO:__main__:----------------------------------------------------------------------------------------------------
INFO:__main__:
【train】epoch:33/120 loss:0.1380 acc:0.9491
INFO:__main__:
【val】epoch:33/120 loss:0.2384 acc:0.9237
INFO:__main__:
【Val】:  SENS: 0.8268  SPEC: 0.9631  PPV: 0.9009  NPV: 0.9320 F1:0.8623
INFO:__main__:验证的best_acc:0.9237
INFO:__main__:----------------------------------------------------------------------------------------------------
INFO:__main__:
【train】epoch:34/120 loss:0.1373 acc:0.9458
INFO:__main__:
【val】epoch:34/120 loss:0.2988 acc:0.9062
INFO:__main__:
【Val】:  SENS: 0.8095  SPEC: 0.9455  PPV: 0.8578  NPV: 0.9244 F1:0.8330
INFO:__main__:验证的best_acc:0.9237
INFO:__main__:----------------------------------------------------------------------------------------------------
INFO:__main__:
【train】epoch:35/120 loss:0.1329 acc:0.9496
INFO:__main__:
【val】epoch:35/120 loss:0.2262 acc:0.9262
INFO:__main__:
【Val】:  SENS: 0.8268  SPEC: 0.9666  PPV: 0.9095  NPV: 0.9322 F1:0.8662
INFO:__main__:验证的best_acc:0.9262
INFO:__main__:----------------------------------------------------------------------------------------------------
INFO:__main__:
【train】epoch:36/120 loss:0.1345 acc:0.9476
INFO:__main__:
【val】epoch:36/120 loss:0.2521 acc:0.9175
INFO:__main__:
【Val】:  SENS: 0.8225  SPEC: 0.9561  PPV: 0.8837  NPV: 0.9299 F1:0.8520
INFO:__main__:验证的best_acc:0.9262
INFO:__main__:----------------------------------------------------------------------------------------------------
INFO:__main__:
【train】epoch:37/120 loss:0.1302 acc:0.9467
INFO:__main__:
【val】epoch:37/120 loss:0.2246 acc:0.9237
INFO:__main__:
【Val】:  SENS: 0.8312  SPEC: 0.9613  PPV: 0.8972  NPV: 0.9334 F1:0.8629
INFO:__main__:验证的best_acc:0.9262
INFO:__main__:----------------------------------------------------------------------------------------------------
INFO:__main__:
【train】epoch:38/120 loss:0.1263 acc:0.9511
INFO:__main__:
【val】epoch:38/120 loss:0.2601 acc:0.9137
INFO:__main__:
【Val】:  SENS: 0.8312  SPEC: 0.9473  PPV: 0.8649  NPV: 0.9325 F1:0.8477
INFO:__main__:验证的best_acc:0.9262
INFO:__main__:----------------------------------------------------------------------------------------------------
INFO:__main__:
【train】epoch:39/120 loss:0.1201 acc:0.9526
INFO:__main__:
【val】epoch:39/120 loss:0.2744 acc:0.9187
INFO:__main__:
【Val】:  SENS: 0.8009  SPEC: 0.9666  PPV: 0.9069  NPV: 0.9228 F1:0.8506
INFO:__main__:验证的best_acc:0.9262
INFO:__main__:----------------------------------------------------------------------------------------------------
INFO:__main__:
【train】epoch:40/120 loss:0.1146 acc:0.9537
INFO:__main__:
【val】epoch:40/120 loss:0.2809 acc:0.9250
INFO:__main__:
【Val】:  SENS: 0.8009  SPEC: 0.9754  PPV: 0.9296  NPV: 0.9235 F1:0.8605
INFO:__main__:验证的best_acc:0.9262
INFO:__main__:----------------------------------------------------------------------------------------------------
INFO:__main__:
【train】epoch:41/120 loss:0.1117 acc:0.9518
INFO:__main__:
【val】epoch:41/120 loss:0.2495 acc:0.9162
INFO:__main__:
【Val】:  SENS: 0.8052  SPEC: 0.9613  PPV: 0.8942  NPV: 0.9240 F1:0.8474
INFO:__main__:验证的best_acc:0.9262
INFO:__main__:----------------------------------------------------------------------------------------------------
INFO:__main__:
【train】epoch:42/120 loss:0.1084 acc:0.9567
INFO:__main__:
【val】epoch:42/120 loss:0.2721 acc:0.9225
INFO:__main__:
【Val】:  SENS: 0.8745  SPEC: 0.9420  PPV: 0.8596  NPV: 0.9487 F1:0.8670
INFO:__main__:验证的best_acc:0.9262
INFO:__main__:----------------------------------------------------------------------------------------------------
INFO:__main__:
【train】epoch:43/120 loss:0.1086 acc:0.9588
INFO:__main__:
【val】epoch:43/120 loss:0.2853 acc:0.9225
INFO:__main__:
【Val】:  SENS: 0.7835  SPEC: 0.9789  PPV: 0.9378  NPV: 0.9176 F1:0.8538
INFO:__main__:验证的best_acc:0.9262
INFO:__main__:----------------------------------------------------------------------------------------------------
INFO:__main__:
【train】epoch:44/120 loss:0.1032 acc:0.9589
INFO:__main__:
【val】epoch:44/120 loss:0.2617 acc:0.9275
INFO:__main__:
【Val】:  SENS: 0.8052  SPEC: 0.9772  PPV: 0.9347  NPV: 0.9251 F1:0.8651
INFO:__main__:验证的best_acc:0.9275
INFO:__main__:----------------------------------------------------------------------------------------------------
INFO:__main__:
【train】epoch:45/120 loss:0.1018 acc:0.9621
INFO:__main__:
【val】epoch:45/120 loss:0.2932 acc:0.9200
INFO:__main__:
【Val】:  SENS: 0.8139  SPEC: 0.9631  PPV: 0.8995  NPV: 0.9272 F1:0.8545
INFO:__main__:验证的best_acc:0.9275
INFO:__main__:----------------------------------------------------------------------------------------------------
INFO:__main__:
【train】epoch:46/120 loss:0.1059 acc:0.9597
INFO:__main__:
【val】epoch:46/120 loss:0.2441 acc:0.9100
INFO:__main__:
【Val】:  SENS: 0.8398  SPEC: 0.9385  PPV: 0.8472  NPV: 0.9352 F1:0.8435
INFO:__main__:验证的best_acc:0.9275
INFO:__main__:----------------------------------------------------------------------------------------------------
INFO:__main__:
【train】epoch:47/120 loss:0.0981 acc:0.9592
INFO:__main__:
【val】epoch:47/120 loss:0.2664 acc:0.9225
INFO:__main__:
【Val】:  SENS: 0.8528  SPEC: 0.9508  PPV: 0.8756  NPV: 0.9409 F1:0.8640
INFO:__main__:验证的best_acc:0.9275
INFO:__main__:----------------------------------------------------------------------------------------------------
INFO:__main__:
【train】epoch:48/120 loss:0.0953 acc:0.9621
INFO:__main__:
【val】epoch:48/120 loss:0.2983 acc:0.9175
INFO:__main__:
【Val】:  SENS: 0.8355  SPEC: 0.9508  PPV: 0.8733  NPV: 0.9344 F1:0.8540
INFO:__main__:验证的best_acc:0.9275
INFO:__main__:----------------------------------------------------------------------------------------------------
INFO:__main__:
【train】epoch:49/120 loss:0.0892 acc:0.9641
INFO:__main__:
【val】epoch:49/120 loss:0.2833 acc:0.9225
INFO:__main__:
【Val】:  SENS: 0.8139  SPEC: 0.9666  PPV: 0.9082  NPV: 0.9275 F1:0.8584
INFO:__main__:验证的best_acc:0.9275
INFO:__main__:----------------------------------------------------------------------------------------------------
INFO:__main__:
【train】epoch:50/120 loss:0.0829 acc:0.9715
INFO:__main__:
【val】epoch:50/120 loss:0.2613 acc:0.9287
INFO:__main__:
【Val】:  SENS: 0.8442  SPEC: 0.9631  PPV: 0.9028  NPV: 0.9384 F1:0.8725
INFO:__main__:验证的best_acc:0.9287
INFO:__main__:----------------------------------------------------------------------------------------------------
INFO:__main__:
【train】epoch:51/120 loss:0.0795 acc:0.9701
INFO:__main__:
【val】epoch:51/120 loss:0.3190 acc:0.9075
INFO:__main__:
【Val】:  SENS: 0.7576  SPEC: 0.9684  PPV: 0.9067  NPV: 0.9077 F1:0.8255
INFO:__main__:验证的best_acc:0.9287
INFO:__main__:----------------------------------------------------------------------------------------------------
INFO:__main__:
【train】epoch:52/120 loss:0.0755 acc:0.9731
INFO:__main__:
【val】epoch:52/120 loss:0.2783 acc:0.9187
INFO:__main__:
【Val】:  SENS: 0.8009  SPEC: 0.9666  PPV: 0.9069  NPV: 0.9228 F1:0.8506
INFO:__main__:验证的best_acc:0.9287
INFO:__main__:----------------------------------------------------------------------------------------------------
INFO:__main__:
【train】epoch:53/120 loss:0.0833 acc:0.9683
INFO:__main__:
【val】epoch:53/120 loss:0.2618 acc:0.9175
INFO:__main__:
【Val】:  SENS: 0.7965  SPEC: 0.9666  PPV: 0.9064  NPV: 0.9213 F1:0.8479
INFO:__main__:验证的best_acc:0.9287
INFO:__main__:----------------------------------------------------------------------------------------------------
INFO:__main__:
【train】epoch:54/120 loss:0.0760 acc:0.9725
INFO:__main__:
【val】epoch:54/120 loss:0.3006 acc:0.9175
INFO:__main__:
【Val】:  SENS: 0.8139  SPEC: 0.9596  PPV: 0.8910  NPV: 0.9270 F1:0.8507
INFO:__main__:验证的best_acc:0.9287
INFO:__main__:----------------------------------------------------------------------------------------------------
INFO:__main__:
【train】epoch:55/120 loss:0.0769 acc:0.9698
INFO:__main__:
【val】epoch:55/120 loss:0.3055 acc:0.9150
INFO:__main__:
【Val】:  SENS: 0.8571  SPEC: 0.9385  PPV: 0.8498  NPV: 0.9418 F1:0.8534
INFO:__main__:验证的best_acc:0.9287
INFO:__main__:----------------------------------------------------------------------------------------------------
INFO:__main__:
【train】epoch:56/120 loss:0.0790 acc:0.9710
INFO:__main__:
【val】epoch:56/120 loss:0.2970 acc:0.9162
INFO:__main__:
【Val】:  SENS: 0.7706  SPEC: 0.9754  PPV: 0.9271  NPV: 0.9128 F1:0.8416
INFO:__main__:验证的best_acc:0.9287
INFO:__main__:----------------------------------------------------------------------------------------------------
INFO:__main__:
【train】epoch:57/120 loss:0.0839 acc:0.9692
INFO:__main__:
【val】epoch:57/120 loss:0.2607 acc:0.9300
INFO:__main__:
【Val】:  SENS: 0.8398  SPEC: 0.9666  PPV: 0.9108  NPV: 0.9370 F1:0.8739
INFO:__main__:验证的best_acc:0.9300
INFO:__main__:----------------------------------------------------------------------------------------------------
INFO:__main__:
【train】epoch:58/120 loss:0.0682 acc:0.9724
INFO:__main__:
【val】epoch:58/120 loss:0.3387 acc:0.9175
INFO:__main__:
【Val】:  SENS: 0.8225  SPEC: 0.9561  PPV: 0.8837  NPV: 0.9299 F1:0.8520
INFO:__main__:验证的best_acc:0.9300
INFO:__main__:----------------------------------------------------------------------------------------------------
INFO:__main__:
【train】epoch:59/120 loss:0.0682 acc:0.9748
INFO:__main__:
【val】epoch:59/120 loss:0.3053 acc:0.9162
INFO:__main__:
【Val】:  SENS: 0.8442  SPEC: 0.9455  PPV: 0.8628  NPV: 0.9373 F1:0.8534
INFO:__main__:验证的best_acc:0.9300
INFO:__main__:----------------------------------------------------------------------------------------------------
INFO:__main__:
【train】epoch:60/120 loss:0.0617 acc:0.9751
INFO:__main__:
【val】epoch:60/120 loss:0.2999 acc:0.9250
INFO:__main__:
【Val】:  SENS: 0.8182  SPEC: 0.9684  PPV: 0.9130  NPV: 0.9292 F1:0.8630
INFO:__main__:验证的best_acc:0.9300
INFO:__main__:----------------------------------------------------------------------------------------------------
INFO:__main__:
【train】epoch:61/120 loss:0.0699 acc:0.9740
INFO:__main__:
【val】epoch:61/120 loss:0.2945 acc:0.9200
INFO:__main__:
【Val】:  SENS: 0.8139  SPEC: 0.9631  PPV: 0.8995  NPV: 0.9272 F1:0.8545
INFO:__main__:验证的best_acc:0.9300
INFO:__main__:----------------------------------------------------------------------------------------------------
INFO:__main__:
【train】epoch:62/120 loss:0.0674 acc:0.9778
INFO:__main__:
【val】epoch:62/120 loss:0.3061 acc:0.9212
INFO:__main__:
【Val】:  SENS: 0.8225  SPEC: 0.9613  PPV: 0.8962  NPV: 0.9303 F1:0.8578
INFO:__main__:验证的best_acc:0.9300
INFO:__main__:----------------------------------------------------------------------------------------------------
INFO:__main__:
【train】epoch:63/120 loss:0.0608 acc:0.9757
INFO:__main__:
【val】epoch:63/120 loss:0.3138 acc:0.9137
INFO:__main__:
【Val】:  SENS: 0.7922  SPEC: 0.9631  PPV: 0.8971  NPV: 0.9195 F1:0.8414
INFO:__main__:验证的best_acc:0.9300
INFO:__main__:----------------------------------------------------------------------------------------------------
INFO:__main__:
【train】epoch:64/120 loss:0.0625 acc:0.9758
INFO:__main__:
【val】epoch:64/120 loss:0.2985 acc:0.9200
INFO:__main__:
【Val】:  SENS: 0.7879  SPEC: 0.9736  PPV: 0.9239  NPV: 0.9187 F1:0.8505
INFO:__main__:验证的best_acc:0.9300
INFO:__main__:----------------------------------------------------------------------------------------------------
INFO:__main__:
【train】epoch:65/120 loss:0.0588 acc:0.9789
INFO:__main__:
【val】epoch:65/120 loss:0.2979 acc:0.9187
INFO:__main__:
【Val】:  SENS: 0.8485  SPEC: 0.9473  PPV: 0.8673  NPV: 0.9390 F1:0.8578
INFO:__main__:验证的best_acc:0.9300
INFO:__main__:----------------------------------------------------------------------------------------------------
INFO:__main__:
【train】epoch:66/120 loss:0.0570 acc:0.9787
INFO:__main__:
【val】epoch:66/120 loss:0.3376 acc:0.9137
INFO:__main__:
【Val】:  SENS: 0.8052  SPEC: 0.9578  PPV: 0.8857  NPV: 0.9237 F1:0.8435
INFO:__main__:验证的best_acc:0.9300
INFO:__main__:----------------------------------------------------------------------------------------------------
INFO:__main__:
【train】epoch:67/120 loss:0.0667 acc:0.9740
INFO:__main__:
【val】epoch:67/120 loss:0.3159 acc:0.9287
INFO:__main__:
【Val】:  SENS: 0.8312  SPEC: 0.9684  PPV: 0.9143  NPV: 0.9339 F1:0.8707
INFO:__main__:验证的best_acc:0.9300
INFO:__main__:----------------------------------------------------------------------------------------------------
INFO:__main__:
【train】epoch:68/120 loss:0.0592 acc:0.9764
INFO:__main__:
【val】epoch:68/120 loss:0.2973 acc:0.9287
INFO:__main__:
【Val】:  SENS: 0.8442  SPEC: 0.9631  PPV: 0.9028  NPV: 0.9384 F1:0.8725
INFO:__main__:验证的best_acc:0.9300
INFO:__main__:----------------------------------------------------------------------------------------------------
INFO:__main__:
【train】epoch:69/120 loss:0.0539 acc:0.9798
INFO:__main__:
【val】epoch:69/120 loss:0.2866 acc:0.9262
INFO:__main__:
【Val】:  SENS: 0.8398  SPEC: 0.9613  PPV: 0.8981  NPV: 0.9366 F1:0.8680
INFO:__main__:验证的best_acc:0.9300
INFO:__main__:----------------------------------------------------------------------------------------------------
INFO:__main__:
【train】epoch:70/120 loss:0.0526 acc:0.9796
INFO:__main__:
【val】epoch:70/120 loss:0.2742 acc:0.9325
INFO:__main__:
【Val】:  SENS: 0.8745  SPEC: 0.9561  PPV: 0.8899  NPV: 0.9494 F1:0.8821
INFO:__main__:验证的best_acc:0.9325
INFO:__main__:----------------------------------------------------------------------------------------------------
INFO:__main__:
【train】epoch:71/120 loss:0.0476 acc:0.9822
INFO:__main__:
【val】epoch:71/120 loss:0.2820 acc:0.9187
INFO:__main__:
【Val】:  SENS: 0.7965  SPEC: 0.9684  PPV: 0.9109  NPV: 0.9214 F1:0.8499
INFO:__main__:验证的best_acc:0.9325
INFO:__main__:----------------------------------------------------------------------------------------------------
INFO:__main__:
【train】epoch:72/120 loss:0.0488 acc:0.9808
INFO:__main__:
【val】epoch:72/120 loss:0.3318 acc:0.9212
INFO:__main__:
【Val】:  SENS: 0.8182  SPEC: 0.9631  PPV: 0.9000  NPV: 0.9288 F1:0.8571
INFO:__main__:验证的best_acc:0.9325
INFO:__main__:----------------------------------------------------------------------------------------------------
INFO:__main__:
【train】epoch:73/120 loss:0.0437 acc:0.9834
INFO:__main__:
【val】epoch:73/120 loss:0.3400 acc:0.9262
INFO:__main__:
【Val】:  SENS: 0.8139  SPEC: 0.9719  PPV: 0.9216  NPV: 0.9279 F1:0.8644
INFO:__main__:验证的best_acc:0.9325
INFO:__main__:----------------------------------------------------------------------------------------------------
INFO:__main__:
【train】epoch:74/120 loss:0.0495 acc:0.9822
INFO:__main__:
【val】epoch:74/120 loss:0.3004 acc:0.9250
INFO:__main__:
【Val】:  SENS: 0.8615  SPEC: 0.9508  PPV: 0.8767  NPV: 0.9442 F1:0.8690
INFO:__main__:验证的best_acc:0.9325
INFO:__main__:----------------------------------------------------------------------------------------------------
INFO:__main__:
【train】epoch:75/120 loss:0.0502 acc:0.9811
INFO:__main__:
【val】epoch:75/120 loss:0.2783 acc:0.9275
INFO:__main__:
【Val】:  SENS: 0.8528  SPEC: 0.9578  PPV: 0.8914  NPV: 0.9413 F1:0.8717
INFO:__main__:验证的best_acc:0.9325
INFO:__main__:----------------------------------------------------------------------------------------------------
INFO:__main__:
【train】epoch:76/120 loss:0.0480 acc:0.9823
INFO:__main__:
【val】epoch:76/120 loss:0.3461 acc:0.9250
INFO:__main__:
【Val】:  SENS: 0.8571  SPEC: 0.9525  PPV: 0.8800  NPV: 0.9426 F1:0.8684
INFO:__main__:验证的best_acc:0.9325
INFO:__main__:----------------------------------------------------------------------------------------------------
INFO:__main__:
【train】epoch:77/120 loss:0.0447 acc:0.9813
INFO:__main__:
【val】epoch:77/120 loss:0.3388 acc:0.9225
INFO:__main__:
【Val】:  SENS: 0.8268  SPEC: 0.9613  PPV: 0.8967  NPV: 0.9319 F1:0.8604
INFO:__main__:验证的best_acc:0.9325
INFO:__main__:----------------------------------------------------------------------------------------------------
INFO:__main__:
【train】epoch:78/120 loss:0.0445 acc:0.9840
INFO:__main__:
【val】epoch:78/120 loss:0.3008 acc:0.9250
INFO:__main__:
【Val】:  SENS: 0.8268  SPEC: 0.9649  PPV: 0.9052  NPV: 0.9321 F1:0.8643
INFO:__main__:验证的best_acc:0.9325
INFO:__main__:----------------------------------------------------------------------------------------------------
INFO:__main__:
【train】epoch:79/120 loss:0.0391 acc:0.9848
INFO:__main__:
【val】epoch:79/120 loss:0.3081 acc:0.9312
INFO:__main__:
【Val】:  SENS: 0.8398  SPEC: 0.9684  PPV: 0.9151  NPV: 0.9371 F1:0.8758
INFO:__main__:验证的best_acc:0.9325
INFO:__main__:----------------------------------------------------------------------------------------------------
INFO:__main__:
【train】epoch:80/120 loss:0.0384 acc:0.9864
INFO:__main__:
【val】epoch:80/120 loss:0.3253 acc:0.9237
INFO:__main__:
【Val】:  SENS: 0.8485  SPEC: 0.9543  PPV: 0.8829  NPV: 0.9394 F1:0.8653
INFO:__main__:验证的best_acc:0.9325
INFO:__main__:----------------------------------------------------------------------------------------------------
INFO:__main__:
【train】epoch:81/120 loss:0.0374 acc:0.9843
INFO:__main__:
【val】epoch:81/120 loss:0.3514 acc:0.9200
INFO:__main__:
【Val】:  SENS: 0.8139  SPEC: 0.9631  PPV: 0.8995  NPV: 0.9272 F1:0.8545
INFO:__main__:验证的best_acc:0.9325
INFO:__main__:----------------------------------------------------------------------------------------------------
INFO:__main__:
【train】epoch:82/120 loss:0.0360 acc:0.9879
INFO:__main__:
【val】epoch:82/120 loss:0.3107 acc:0.9325
INFO:__main__:
【Val】:  SENS: 0.8398  SPEC: 0.9701  PPV: 0.9194  NPV: 0.9372 F1:0.8778
INFO:__main__:验证的best_acc:0.9325
INFO:__main__:----------------------------------------------------------------------------------------------------
INFO:__main__:
【train】epoch:83/120 loss:0.0402 acc:0.9854
INFO:__main__:
【val】epoch:83/120 loss:0.3105 acc:0.9275
INFO:__main__:
【Val】:  SENS: 0.8528  SPEC: 0.9578  PPV: 0.8914  NPV: 0.9413 F1:0.8717
INFO:__main__:验证的best_acc:0.9325
INFO:__main__:----------------------------------------------------------------------------------------------------
INFO:__main__:
【train】epoch:84/120 loss:0.0386 acc:0.9849
INFO:__main__:
【val】epoch:84/120 loss:0.3049 acc:0.9212
INFO:__main__:
【Val】:  SENS: 0.8355  SPEC: 0.9561  PPV: 0.8853  NPV: 0.9347 F1:0.8597
INFO:__main__:验证的best_acc:0.9325
INFO:__main__:----------------------------------------------------------------------------------------------------
INFO:__main__:
【train】epoch:85/120 loss:0.0346 acc:0.9866
INFO:__main__:
【val】epoch:85/120 loss:0.3371 acc:0.9262
INFO:__main__:
【Val】:  SENS: 0.8485  SPEC: 0.9578  PPV: 0.8909  NPV: 0.9397 F1:0.8692
INFO:__main__:验证的best_acc:0.9325
INFO:__main__:----------------------------------------------------------------------------------------------------
INFO:__main__:
【train】epoch:86/120 loss:0.0374 acc:0.9866
INFO:__main__:
【val】epoch:86/120 loss:0.2923 acc:0.9287
INFO:__main__:
【Val】:  SENS: 0.8485  SPEC: 0.9613  PPV: 0.8991  NPV: 0.9399 F1:0.8731
INFO:__main__:验证的best_acc:0.9325
INFO:__main__:----------------------------------------------------------------------------------------------------
INFO:__main__:
【train】epoch:87/120 loss:0.0404 acc:0.9854
INFO:__main__:
【val】epoch:87/120 loss:0.3316 acc:0.9262
INFO:__main__:
【Val】:  SENS: 0.8052  SPEC: 0.9754  PPV: 0.9300  NPV: 0.9250 F1:0.8631
INFO:__main__:验证的best_acc:0.9325
INFO:__main__:----------------------------------------------------------------------------------------------------
INFO:__main__:
【train】epoch:88/120 loss:0.0383 acc:0.9864
INFO:__main__:
【val】epoch:88/120 loss:0.2873 acc:0.9237
INFO:__main__:
【Val】:  SENS: 0.8225  SPEC: 0.9649  PPV: 0.9048  NPV: 0.9305 F1:0.8617
INFO:__main__:验证的best_acc:0.9325
INFO:__main__:----------------------------------------------------------------------------------------------------
INFO:__main__:
【train】epoch:89/120 loss:0.0288 acc:0.9896
INFO:__main__:
【val】epoch:89/120 loss:0.3254 acc:0.9237
INFO:__main__:
【Val】:  SENS: 0.8355  SPEC: 0.9596  PPV: 0.8935  NPV: 0.9349 F1:0.8635
INFO:__main__:验证的best_acc:0.9325
INFO:__main__:----------------------------------------------------------------------------------------------------
INFO:__main__:
【train】epoch:90/120 loss:0.0317 acc:0.9879
INFO:__main__:
【val】epoch:90/120 loss:0.3221 acc:0.9225
INFO:__main__:
【Val】:  SENS: 0.8485  SPEC: 0.9525  PPV: 0.8789  NPV: 0.9393 F1:0.8634
INFO:__main__:验证的best_acc:0.9325
INFO:__main__:----------------------------------------------------------------------------------------------------
INFO:__main__:
【train】epoch:91/120 loss:0.0267 acc:0.9905
INFO:__main__:
【val】epoch:91/120 loss:0.3174 acc:0.9250
INFO:__main__:
【Val】:  SENS: 0.8182  SPEC: 0.9684  PPV: 0.9130  NPV: 0.9292 F1:0.8630
INFO:__main__:验证的best_acc:0.9325
INFO:__main__:----------------------------------------------------------------------------------------------------
INFO:__main__:
【train】epoch:92/120 loss:0.0329 acc:0.9869
INFO:__main__:
【val】epoch:92/120 loss:0.2825 acc:0.9250
INFO:__main__:
【Val】:  SENS: 0.8442  SPEC: 0.9578  PPV: 0.8904  NPV: 0.9380 F1:0.8667
INFO:__main__:验证的best_acc:0.9325
INFO:__main__:----------------------------------------------------------------------------------------------------
INFO:__main__:
【train】epoch:93/120 loss:0.0348 acc:0.9867
INFO:__main__:
【val】epoch:93/120 loss:0.3160 acc:0.9262
INFO:__main__:
【Val】:  SENS: 0.8658  SPEC: 0.9508  PPV: 0.8772  NPV: 0.9458 F1:0.8715
INFO:__main__:验证的best_acc:0.9325
INFO:__main__:----------------------------------------------------------------------------------------------------
INFO:__main__:
【train】epoch:94/120 loss:0.0314 acc:0.9879
INFO:__main__:
【val】epoch:94/120 loss:0.3290 acc:0.9250
INFO:__main__:
【Val】:  SENS: 0.8485  SPEC: 0.9561  PPV: 0.8869  NPV: 0.9396 F1:0.8673
INFO:__main__:验证的best_acc:0.9325
INFO:__main__:----------------------------------------------------------------------------------------------------
INFO:__main__:
【train】epoch:95/120 loss:0.0281 acc:0.9906
INFO:__main__:
【val】epoch:95/120 loss:0.2860 acc:0.9262
INFO:__main__:
【Val】:  SENS: 0.8485  SPEC: 0.9578  PPV: 0.8909  NPV: 0.9397 F1:0.8692
INFO:__main__:验证的best_acc:0.9325
INFO:__main__:----------------------------------------------------------------------------------------------------
INFO:__main__:
【train】epoch:96/120 loss:0.0369 acc:0.9864
INFO:__main__:
【val】epoch:96/120 loss:0.3001 acc:0.9337
INFO:__main__:
【Val】:  SENS: 0.8701  SPEC: 0.9596  PPV: 0.8973  NPV: 0.9479 F1:0.8835
INFO:__main__:验证的best_acc:0.9337
INFO:__main__:----------------------------------------------------------------------------------------------------
INFO:__main__:
【train】epoch:97/120 loss:0.0336 acc:0.9876
INFO:__main__:
【val】epoch:97/120 loss:0.2911 acc:0.9262
INFO:__main__:
【Val】:  SENS: 0.8528  SPEC: 0.9561  PPV: 0.8874  NPV: 0.9412 F1:0.8698
INFO:__main__:验证的best_acc:0.9337
INFO:__main__:----------------------------------------------------------------------------------------------------
INFO:__main__:
【train】epoch:98/120 loss:0.0271 acc:0.9893
INFO:__main__:
【val】epoch:98/120 loss:0.2790 acc:0.9350
INFO:__main__:
【Val】:  SENS: 0.8528  SPEC: 0.9684  PPV: 0.9163  NPV: 0.9419 F1:0.8834
INFO:__main__:验证的best_acc:0.9350
INFO:__main__:----------------------------------------------------------------------------------------------------
INFO:__main__:
【train】epoch:99/120 loss:0.0242 acc:0.9914
INFO:__main__:
【val】epoch:99/120 loss:0.3213 acc:0.9275
INFO:__main__:
【Val】:  SENS: 0.8398  SPEC: 0.9631  PPV: 0.9023  NPV: 0.9368 F1:0.8700
INFO:__main__:验证的best_acc:0.9350
INFO:__main__:----------------------------------------------------------------------------------------------------
INFO:__main__:
【train】epoch:100/120 loss:0.0208 acc:0.9921
INFO:__main__:
【val】epoch:100/120 loss:0.2989 acc:0.9312
INFO:__main__:
【Val】:  SENS: 0.8788  SPEC: 0.9525  PPV: 0.8826  NPV: 0.9509 F1:0.8807
INFO:__main__:验证的best_acc:0.9350
INFO:__main__:----------------------------------------------------------------------------------------------------
INFO:__main__:
【train】epoch:101/120 loss:0.0241 acc:0.9917
INFO:__main__:
【val】epoch:101/120 loss:0.2906 acc:0.9325
INFO:__main__:
【Val】:  SENS: 0.8745  SPEC: 0.9561  PPV: 0.8899  NPV: 0.9494 F1:0.8821
INFO:__main__:验证的best_acc:0.9350
INFO:__main__:----------------------------------------------------------------------------------------------------
INFO:__main__:
【train】epoch:102/120 loss:0.0238 acc:0.9911
INFO:__main__:
【val】epoch:102/120 loss:0.3171 acc:0.9287
INFO:__main__:
【Val】:  SENS: 0.8615  SPEC: 0.9561  PPV: 0.8884  NPV: 0.9444 F1:0.8747
INFO:__main__:验证的best_acc:0.9350
INFO:__main__:----------------------------------------------------------------------------------------------------
INFO:__main__:
【train】epoch:103/120 loss:0.0267 acc:0.9908
INFO:__main__:
【val】epoch:103/120 loss:0.3073 acc:0.9275
INFO:__main__:
【Val】:  SENS: 0.8615  SPEC: 0.9543  PPV: 0.8844  NPV: 0.9443 F1:0.8728
INFO:__main__:验证的best_acc:0.9350
INFO:__main__:----------------------------------------------------------------------------------------------------
INFO:__main__:
【train】epoch:104/120 loss:0.0193 acc:0.9935
INFO:__main__:
【val】epoch:104/120 loss:0.3137 acc:0.9337
INFO:__main__:
【Val】:  SENS: 0.8701  SPEC: 0.9596  PPV: 0.8973  NPV: 0.9479 F1:0.8835
INFO:__main__:验证的best_acc:0.9350
INFO:__main__:----------------------------------------------------------------------------------------------------
INFO:__main__:
【train】epoch:105/120 loss:0.0202 acc:0.9937
INFO:__main__:
【val】epoch:105/120 loss:0.3848 acc:0.9212
INFO:__main__:
【Val】:  SENS: 0.8831  SPEC: 0.9367  PPV: 0.8500  NPV: 0.9518 F1:0.8662
INFO:__main__:验证的best_acc:0.9350
INFO:__main__:----------------------------------------------------------------------------------------------------
INFO:__main__:
【train】epoch:106/120 loss:0.0188 acc:0.9937
INFO:__main__:
【val】epoch:106/120 loss:0.3287 acc:0.9300
INFO:__main__:
【Val】:  SENS: 0.8571  SPEC: 0.9596  PPV: 0.8959  NPV: 0.9430 F1:0.8761
INFO:__main__:验证的best_acc:0.9350
INFO:__main__:----------------------------------------------------------------------------------------------------
INFO:__main__:
【train】epoch:107/120 loss:0.0211 acc:0.9929
INFO:__main__:
【val】epoch:107/120 loss:0.3468 acc:0.9275
INFO:__main__:
【Val】:  SENS: 0.8571  SPEC: 0.9561  PPV: 0.8879  NPV: 0.9428 F1:0.8722
INFO:__main__:验证的best_acc:0.9350
INFO:__main__:----------------------------------------------------------------------------------------------------
INFO:__main__:
【train】epoch:108/120 loss:0.0228 acc:0.9912
INFO:__main__:
【val】epoch:108/120 loss:0.3316 acc:0.9300
INFO:__main__:
【Val】:  SENS: 0.8485  SPEC: 0.9631  PPV: 0.9032  NPV: 0.9400 F1:0.8750
INFO:__main__:验证的best_acc:0.9350
INFO:__main__:----------------------------------------------------------------------------------------------------
INFO:__main__:
【train】epoch:109/120 loss:0.0163 acc:0.9937
INFO:__main__:
【val】epoch:109/120 loss:0.3212 acc:0.9300
INFO:__main__:
【Val】:  SENS: 0.8528  SPEC: 0.9613  PPV: 0.8995  NPV: 0.9415 F1:0.8756
INFO:__main__:验证的best_acc:0.9350
INFO:__main__:----------------------------------------------------------------------------------------------------
INFO:__main__:
【train】epoch:110/120 loss:0.0186 acc:0.9934
INFO:__main__:
【val】epoch:110/120 loss:0.2950 acc:0.9350
INFO:__main__:
【Val】:  SENS: 0.8658  SPEC: 0.9631  PPV: 0.9050  NPV: 0.9465 F1:0.8850
INFO:__main__:验证的best_acc:0.9350
INFO:__main__:----------------------------------------------------------------------------------------------------
INFO:__main__:
【train】epoch:111/120 loss:0.0181 acc:0.9932
INFO:__main__:
【val】epoch:111/120 loss:0.3310 acc:0.9275
INFO:__main__:
【Val】:  SENS: 0.8701  SPEC: 0.9508  PPV: 0.8777  NPV: 0.9475 F1:0.8739
INFO:__main__:验证的best_acc:0.9350
INFO:__main__:----------------------------------------------------------------------------------------------------
INFO:__main__:
【train】epoch:112/120 loss:0.0149 acc:0.9941
INFO:__main__:
【val】epoch:112/120 loss:0.3324 acc:0.9287
INFO:__main__:
【Val】:  SENS: 0.8442  SPEC: 0.9631  PPV: 0.9028  NPV: 0.9384 F1:0.8725
INFO:__main__:验证的best_acc:0.9350
INFO:__main__:----------------------------------------------------------------------------------------------------
INFO:__main__:
【train】epoch:113/120 loss:0.0182 acc:0.9940
INFO:__main__:
【val】epoch:113/120 loss:0.3092 acc:0.9362
INFO:__main__:
【Val】:  SENS: 0.8918  SPEC: 0.9543  PPV: 0.8879  NPV: 0.9560 F1:0.8898
INFO:__main__:验证的best_acc:0.9362
INFO:__main__:----------------------------------------------------------------------------------------------------
INFO:__main__:
【train】epoch:114/120 loss:0.0225 acc:0.9926
INFO:__main__:
【val】epoch:114/120 loss:0.3189 acc:0.9287
INFO:__main__:
【Val】:  SENS: 0.8615  SPEC: 0.9561  PPV: 0.8884  NPV: 0.9444 F1:0.8747
INFO:__main__:验证的best_acc:0.9362
INFO:__main__:----------------------------------------------------------------------------------------------------
INFO:__main__:
【train】epoch:115/120 loss:0.0202 acc:0.9928
INFO:__main__:
【val】epoch:115/120 loss:0.3348 acc:0.9337
INFO:__main__:
【Val】:  SENS: 0.8745  SPEC: 0.9578  PPV: 0.8938  NPV: 0.9495 F1:0.8840
INFO:__main__:验证的best_acc:0.9362
INFO:__main__:----------------------------------------------------------------------------------------------------
INFO:__main__:
【train】epoch:116/120 loss:0.0182 acc:0.9937
INFO:__main__:
【val】epoch:116/120 loss:0.3109 acc:0.9275
INFO:__main__:
【Val】:  SENS: 0.8701  SPEC: 0.9508  PPV: 0.8777  NPV: 0.9475 F1:0.8739
INFO:__main__:验证的best_acc:0.9362
INFO:__main__:----------------------------------------------------------------------------------------------------
INFO:__main__:
【train】epoch:117/120 loss:0.0153 acc:0.9950
INFO:__main__:
【val】epoch:117/120 loss:0.3172 acc:0.9312
INFO:__main__:
【Val】:  SENS: 0.8528  SPEC: 0.9631  PPV: 0.9037  NPV: 0.9416 F1:0.8775
INFO:__main__:验证的best_acc:0.9362
INFO:__main__:----------------------------------------------------------------------------------------------------
INFO:__main__:
【train】epoch:118/120 loss:0.0169 acc:0.9938
INFO:__main__:
【val】epoch:118/120 loss:0.3258 acc:0.9300
INFO:__main__:
【Val】:  SENS: 0.8615  SPEC: 0.9578  PPV: 0.8924  NPV: 0.9445 F1:0.8767
INFO:__main__:验证的best_acc:0.9362
INFO:__main__:----------------------------------------------------------------------------------------------------
INFO:__main__:
【train】epoch:119/120 loss:0.0133 acc:0.9955
INFO:__main__:
【val】epoch:119/120 loss:0.3292 acc:0.9312
INFO:__main__:
【Val】:  SENS: 0.8658  SPEC: 0.9578  PPV: 0.8929  NPV: 0.9462 F1:0.8791
INFO:__main__:验证的best_acc:0.9362
INFO:__main__:----------------------------------------------------------------------------------------------------
INFO:__main__:****************************************************************************************************
INFO:__main__:Val_LOSS:['0.4941', '0.4415', '0.4139', '0.4412', '0.4099', '0.3718', '0.3798', '0.3766', '0.3263', '0.3175', '0.2798', '0.3799', '0.3389', '0.2921', '0.3084', '0.2548', '0.2790', '0.3116', '0.2836', '0.2756', '0.2867', '0.3645', '0.3111', '0.2743', '0.2757', '0.2749', '0.2716', '0.2859', '0.2871', '0.2296', '0.2561', '0.2495', '0.2637', '0.2384', '0.2988', '0.2262', '0.2521', '0.2246', '0.2601', '0.2744', '0.2809', '0.2495', '0.2721', '0.2853', '0.2617', '0.2932', '0.2441', '0.2664', '0.2983', '0.2833', '0.2613', '0.3190', '0.2783', '0.2618', '0.3006', '0.3055', '0.2970', '0.2607', '0.3387', '0.3053', '0.2999', '0.2945', '0.3061', '0.3138', '0.2985', '0.2979', '0.3376', '0.3159', '0.2973', '0.2866', '0.2742', '0.2820', '0.3318', '0.3400', '0.3004', '0.2783', '0.3461', '0.3388', '0.3008', '0.3081', '0.3253', '0.3514', '0.3107', '0.3105', '0.3049', '0.3371', '0.2923', '0.3316', '0.2873', '0.3254', '0.3221', '0.3174', '0.2825', '0.3160', '0.3290', '0.2860', '0.3001', '0.2911', '0.2790', '0.3213', '0.2989', '0.2906', '0.3171', '0.3073', '0.3137', '0.3848', '0.3287', '0.3468', '0.3316', '0.3212', '0.2950', '0.3310', '0.3324', '0.3092', '0.3189', '0.3348', '0.3109', '0.3172', '0.3258', '0.3292']
INFO:__main__:Val_ACC:['0.7600', '0.7663', '0.7975', '0.7725', '0.7987', '0.8225', '0.8125', '0.8300', '0.8525', '0.8625', '0.8813', '0.8288', '0.8612', '0.8600', '0.8763', '0.8913', '0.8825', '0.8825', '0.8838', '0.9025', '0.9100', '0.8925', '0.9050', '0.9100', '0.9013', '0.9175', '0.9038', '0.9038', '0.9038', '0.9237', '0.9187', '0.9200', '0.9212', '0.9237', '0.9062', '0.9262', '0.9175', '0.9237', '0.9137', '0.9187', '0.9250', '0.9162', '0.9225', '0.9225', '0.9275', '0.9200', '0.9100', '0.9225', '0.9175', '0.9225', '0.9287', '0.9075', '0.9187', '0.9175', '0.9175', '0.9150', '0.9162', '0.9300', '0.9175', '0.9162', '0.9250', '0.9200', '0.9212', '0.9137', '0.9200', '0.9187', '0.9137', '0.9287', '0.9287', '0.9262', '0.9325', '0.9187', '0.9212', '0.9262', '0.9250', '0.9275', '0.9250', '0.9225', '0.9250', '0.9312', '0.9237', '0.9200', '0.9325', '0.9275', '0.9212', '0.9262', '0.9287', '0.9262', '0.9237', '0.9237', '0.9225', '0.9250', '0.9250', '0.9262', '0.9250', '0.9262', '0.9337', '0.9262', '0.9350', '0.9275', '0.9312', '0.9325', '0.9287', '0.9275', '0.9337', '0.9212', '0.9300', '0.9275', '0.9300', '0.9300', '0.9350', '0.9275', '0.9287', '0.9362', '0.9287', '0.9337', '0.9275', '0.9312', '0.9300', '0.9312']
INFO:__main__:****************************************************************************************************
INFO:__main__: epoch0 测试test_Loss: 0.4008  test_ACC: 0.9175  
INFO:__main__:SENS: 0.8623 SPEC: 0.9406 PPV: 0.8589 NPV: 0.9422 F1:0.8606
INFO:__main__:test_Best_acc:0.9175
INFO:__main__:flops:2323740064.0  params:14128629.0
