INFO:__main__:
【train】epoch:0/120 loss:0.5885 acc:0.6796
INFO:__main__:
【val】epoch:0/120 loss:0.5460 acc:0.6931
INFO:__main__:
【Val】:  SENS: 0.7754  SPEC: 0.6462  PPV: 0.5551  NPV: 0.8348 F1:0.6470
INFO:__main__:验证的best_acc:0.6931
INFO:__main__:----------------------------------------------------------------------------------------------------
INFO:__main__:
【train】epoch:1/120 loss:0.5153 acc:0.7326
INFO:__main__:
【val】epoch:1/120 loss:0.4798 acc:0.7366
INFO:__main__:
【Val】:  SENS: 0.6646  SPEC: 0.7776  PPV: 0.6297  NPV: 0.8029 F1:0.6467
INFO:__main__:验证的best_acc:0.7366
INFO:__main__:----------------------------------------------------------------------------------------------------
INFO:__main__:
【train】epoch:2/120 loss:0.4392 acc:0.7883
INFO:__main__:
【val】epoch:2/120 loss:0.4912 acc:0.7467
INFO:__main__:
【Val】:  SENS: 0.3908  SPEC: 0.9492  PPV: 0.8141  NPV: 0.7324 F1:0.5281
INFO:__main__:验证的best_acc:0.7467
INFO:__main__:----------------------------------------------------------------------------------------------------
INFO:__main__:
【train】epoch:3/120 loss:0.4074 acc:0.8087
INFO:__main__:
【val】epoch:3/120 loss:0.4969 acc:0.7388
INFO:__main__:
【Val】:  SENS: 0.4338  SPEC: 0.9124  PPV: 0.7382  NPV: 0.7390 F1:0.5465
INFO:__main__:验证的best_acc:0.7467
INFO:__main__:----------------------------------------------------------------------------------------------------
INFO:__main__:
【train】epoch:4/120 loss:0.4016 acc:0.8183
INFO:__main__:
【val】epoch:4/120 loss:0.5690 acc:0.7333
INFO:__main__:
【Val】:  SENS: 0.3015  SPEC: 0.9790  PPV: 0.8909  NPV: 0.7112 F1:0.4506
INFO:__main__:验证的best_acc:0.7467
INFO:__main__:----------------------------------------------------------------------------------------------------
INFO:__main__:
【train】epoch:5/120 loss:0.3874 acc:0.8208
INFO:__main__:
【val】epoch:5/120 loss:0.4274 acc:0.7924
INFO:__main__:
【Val】:  SENS: 0.5108  SPEC: 0.9527  PPV: 0.8601  NPV: 0.7738 F1:0.6409
INFO:__main__:验证的best_acc:0.7924
INFO:__main__:----------------------------------------------------------------------------------------------------
INFO:__main__:
【train】epoch:6/120 loss:0.3778 acc:0.8288
INFO:__main__:
【val】epoch:6/120 loss:0.3428 acc:0.8460
INFO:__main__:
【Val】:  SENS: 0.7046  SPEC: 0.9264  PPV: 0.8450  NPV: 0.8464 F1:0.7685
INFO:__main__:验证的best_acc:0.8460
INFO:__main__:----------------------------------------------------------------------------------------------------
INFO:__main__:
【train】epoch:7/120 loss:0.3719 acc:0.8313
INFO:__main__:
【val】epoch:7/120 loss:0.5016 acc:0.7511
INFO:__main__:
【Val】:  SENS: 0.3354  SPEC: 0.9877  PPV: 0.9397  NPV: 0.7231 F1:0.4943
INFO:__main__:验证的best_acc:0.8460
INFO:__main__:----------------------------------------------------------------------------------------------------
INFO:__main__:
【train】epoch:8/120 loss:0.3671 acc:0.8306
INFO:__main__:
【val】epoch:8/120 loss:0.4074 acc:0.7701
INFO:__main__:
【Val】:  SENS: 0.4185  SPEC: 0.9702  PPV: 0.8889  NPV: 0.7456 F1:0.5690
INFO:__main__:验证的best_acc:0.8460
INFO:__main__:----------------------------------------------------------------------------------------------------
INFO:__main__:
【train】epoch:9/120 loss:0.3575 acc:0.8414
INFO:__main__:
【val】epoch:9/120 loss:0.4159 acc:0.7824
INFO:__main__:
【Val】:  SENS: 0.4677  SPEC: 0.9615  PPV: 0.8736  NPV: 0.7604 F1:0.6092
INFO:__main__:验证的best_acc:0.8460
INFO:__main__:----------------------------------------------------------------------------------------------------
INFO:__main__:
【train】epoch:10/120 loss:0.3557 acc:0.8394
INFO:__main__:
【val】epoch:10/120 loss:0.3675 acc:0.8203
INFO:__main__:
【Val】:  SENS: 0.5938  SPEC: 0.9492  PPV: 0.8694  NPV: 0.8042 F1:0.7057
INFO:__main__:验证的best_acc:0.8460
INFO:__main__:----------------------------------------------------------------------------------------------------
INFO:__main__:
【train】epoch:11/120 loss:0.3527 acc:0.8390
INFO:__main__:
【val】epoch:11/120 loss:0.4876 acc:0.7522
INFO:__main__:
【Val】:  SENS: 0.3385  SPEC: 0.9877  PPV: 0.9402  NPV: 0.7240 F1:0.4977
INFO:__main__:验证的best_acc:0.8460
INFO:__main__:----------------------------------------------------------------------------------------------------
INFO:__main__:
【train】epoch:12/120 loss:0.3554 acc:0.8425
INFO:__main__:
【val】epoch:12/120 loss:0.4455 acc:0.7868
INFO:__main__:
【Val】:  SENS: 0.4738  SPEC: 0.9650  PPV: 0.8851  NPV: 0.7632 F1:0.6172
INFO:__main__:验证的best_acc:0.8460
INFO:__main__:----------------------------------------------------------------------------------------------------
INFO:__main__:
【train】epoch:13/120 loss:0.3546 acc:0.8410
INFO:__main__:
【val】epoch:13/120 loss:0.3538 acc:0.8225
INFO:__main__:
【Val】:  SENS: 0.6585  SPEC: 0.9159  PPV: 0.8168  NPV: 0.8249 F1:0.7291
INFO:__main__:验证的best_acc:0.8460
INFO:__main__:----------------------------------------------------------------------------------------------------
INFO:__main__:
【train】epoch:14/120 loss:0.3569 acc:0.8418
INFO:__main__:
【val】epoch:14/120 loss:0.3499 acc:0.8225
INFO:__main__:
【Val】:  SENS: 0.6000  SPEC: 0.9492  PPV: 0.8705  NPV: 0.8065 F1:0.7104
INFO:__main__:验证的best_acc:0.8460
INFO:__main__:----------------------------------------------------------------------------------------------------
INFO:__main__:
【train】epoch:15/120 loss:0.3526 acc:0.8423
INFO:__main__:
【val】epoch:15/120 loss:0.4970 acc:0.7545
INFO:__main__:
【Val】:  SENS: 0.3723  SPEC: 0.9720  PPV: 0.8832  NPV: 0.7312 F1:0.5238
INFO:__main__:验证的best_acc:0.8460
INFO:__main__:----------------------------------------------------------------------------------------------------
INFO:__main__:
【train】epoch:16/120 loss:0.3547 acc:0.8404
INFO:__main__:
【val】epoch:16/120 loss:0.3379 acc:0.8438
INFO:__main__:
【Val】:  SENS: 0.8062  SPEC: 0.8651  PPV: 0.7729  NPV: 0.8869 F1:0.7892
INFO:__main__:验证的best_acc:0.8460
INFO:__main__:----------------------------------------------------------------------------------------------------
INFO:__main__:
【train】epoch:17/120 loss:0.3557 acc:0.8431
INFO:__main__:
【val】epoch:17/120 loss:0.3200 acc:0.8516
INFO:__main__:
【Val】:  SENS: 0.7138  SPEC: 0.9299  PPV: 0.8529  NPV: 0.8510 F1:0.7772
INFO:__main__:验证的best_acc:0.8516
INFO:__main__:----------------------------------------------------------------------------------------------------
INFO:__main__:
【train】epoch:18/120 loss:0.3604 acc:0.8363
INFO:__main__:
【val】epoch:18/120 loss:0.3641 acc:0.8192
INFO:__main__:
【Val】:  SENS: 0.5754  SPEC: 0.9580  PPV: 0.8863  NPV: 0.7985 F1:0.6978
INFO:__main__:验证的best_acc:0.8516
INFO:__main__:----------------------------------------------------------------------------------------------------
INFO:__main__:
【train】epoch:19/120 loss:0.3499 acc:0.8451
INFO:__main__:
【val】epoch:19/120 loss:0.3391 acc:0.8493
INFO:__main__:
【Val】:  SENS: 0.7354  SPEC: 0.9142  PPV: 0.8299  NPV: 0.8586 F1:0.7798
INFO:__main__:验证的best_acc:0.8516
INFO:__main__:----------------------------------------------------------------------------------------------------
INFO:__main__:
【train】epoch:20/120 loss:0.3555 acc:0.8376
INFO:__main__:
【val】epoch:20/120 loss:0.3222 acc:0.8504
INFO:__main__:
【Val】:  SENS: 0.6985  SPEC: 0.9370  PPV: 0.8631  NPV: 0.8452 F1:0.7721
INFO:__main__:验证的best_acc:0.8516
INFO:__main__:----------------------------------------------------------------------------------------------------
INFO:__main__:
【train】epoch:21/120 loss:0.3502 acc:0.8436
INFO:__main__:
【val】epoch:21/120 loss:0.3714 acc:0.8192
INFO:__main__:
【Val】:  SENS: 0.5815  SPEC: 0.9545  PPV: 0.8791  NPV: 0.8003 F1:0.7000
INFO:__main__:验证的best_acc:0.8516
INFO:__main__:----------------------------------------------------------------------------------------------------
INFO:__main__:
【train】epoch:22/120 loss:0.3550 acc:0.8421
INFO:__main__:
【val】epoch:22/120 loss:0.4392 acc:0.7801
INFO:__main__:
【Val】:  SENS: 0.4338  SPEC: 0.9772  PPV: 0.9156  NPV: 0.7520 F1:0.5887
INFO:__main__:验证的best_acc:0.8516
INFO:__main__:----------------------------------------------------------------------------------------------------
INFO:__main__:
【train】epoch:23/120 loss:0.3569 acc:0.8398
INFO:__main__:
【val】epoch:23/120 loss:0.3689 acc:0.8158
INFO:__main__:
【Val】:  SENS: 0.5662  SPEC: 0.9580  PPV: 0.8846  NPV: 0.7951 F1:0.6904
INFO:__main__:验证的best_acc:0.8516
INFO:__main__:----------------------------------------------------------------------------------------------------
INFO:__main__:
【train】epoch:24/120 loss:0.3603 acc:0.8383
INFO:__main__:
【val】epoch:24/120 loss:0.3242 acc:0.8672
INFO:__main__:
【Val】:  SENS: 0.8092  SPEC: 0.9002  PPV: 0.8219  NPV: 0.8924 F1:0.8155
INFO:__main__:验证的best_acc:0.8672
INFO:__main__:----------------------------------------------------------------------------------------------------
INFO:__main__:
【train】epoch:25/120 loss:0.3586 acc:0.8374
INFO:__main__:
【val】epoch:25/120 loss:0.4231 acc:0.7801
INFO:__main__:
【Val】:  SENS: 0.4677  SPEC: 0.9580  PPV: 0.8636  NPV: 0.7597 F1:0.6068
INFO:__main__:验证的best_acc:0.8672
INFO:__main__:----------------------------------------------------------------------------------------------------
INFO:__main__:
【train】epoch:26/120 loss:0.3596 acc:0.8410
INFO:__main__:
【val】epoch:26/120 loss:0.3585 acc:0.8292
INFO:__main__:
【Val】:  SENS: 0.6338  SPEC: 0.9405  PPV: 0.8583  NPV: 0.8186 F1:0.7292
INFO:__main__:验证的best_acc:0.8672
INFO:__main__:----------------------------------------------------------------------------------------------------
INFO:__main__:
【train】epoch:27/120 loss:0.3665 acc:0.8338
INFO:__main__:
【val】epoch:27/120 loss:0.5362 acc:0.7366
INFO:__main__:
【Val】:  SENS: 0.2831  SPEC: 0.9947  PPV: 0.9684  NPV: 0.7091 F1:0.4381
INFO:__main__:验证的best_acc:0.8672
INFO:__main__:----------------------------------------------------------------------------------------------------
INFO:__main__:
【train】epoch:28/120 loss:0.3653 acc:0.8353
INFO:__main__:
【val】epoch:28/120 loss:0.3752 acc:0.8114
INFO:__main__:
【Val】:  SENS: 0.5692  SPEC: 0.9492  PPV: 0.8645  NPV: 0.7947 F1:0.6865
INFO:__main__:验证的best_acc:0.8672
INFO:__main__:----------------------------------------------------------------------------------------------------
INFO:__main__:
【train】epoch:29/120 loss:0.3494 acc:0.8448
INFO:__main__:
【val】epoch:29/120 loss:0.3300 acc:0.8359
INFO:__main__:
【Val】:  SENS: 0.6585  SPEC: 0.9370  PPV: 0.8560  NPV: 0.8282 F1:0.7443
INFO:__main__:验证的best_acc:0.8672
INFO:__main__:----------------------------------------------------------------------------------------------------
INFO:__main__:
【train】epoch:30/120 loss:0.3555 acc:0.8390
INFO:__main__:
【val】epoch:30/120 loss:0.3310 acc:0.8460
INFO:__main__:
【Val】:  SENS: 0.7262  SPEC: 0.9142  PPV: 0.8281  NPV: 0.8543 F1:0.7738
INFO:__main__:验证的best_acc:0.8672
INFO:__main__:----------------------------------------------------------------------------------------------------
INFO:__main__:
【train】epoch:31/120 loss:0.3594 acc:0.8383
INFO:__main__:
【val】epoch:31/120 loss:0.3941 acc:0.8069
INFO:__main__:
【Val】:  SENS: 0.5292  SPEC: 0.9650  PPV: 0.8958  NPV: 0.7827 F1:0.6654
INFO:__main__:验证的best_acc:0.8672
INFO:__main__:----------------------------------------------------------------------------------------------------
INFO:__main__:
【train】epoch:32/120 loss:0.3551 acc:0.8431
INFO:__main__:
【val】epoch:32/120 loss:0.3302 acc:0.8471
INFO:__main__:
【Val】:  SENS: 0.6554  SPEC: 0.9562  PPV: 0.8950  NPV: 0.8298 F1:0.7567
INFO:__main__:验证的best_acc:0.8672
INFO:__main__:----------------------------------------------------------------------------------------------------
INFO:__main__:
【train】epoch:33/120 loss:0.3609 acc:0.8365
INFO:__main__:
【val】epoch:33/120 loss:0.3301 acc:0.8504
INFO:__main__:
【Val】:  SENS: 0.7323  SPEC: 0.9177  PPV: 0.8351  NPV: 0.8576 F1:0.7803
INFO:__main__:验证的best_acc:0.8672
INFO:__main__:----------------------------------------------------------------------------------------------------
INFO:__main__:
【train】epoch:34/120 loss:0.3580 acc:0.8380
INFO:__main__:
【val】epoch:34/120 loss:0.3882 acc:0.8069
INFO:__main__:
【Val】:  SENS: 0.5046  SPEC: 0.9790  PPV: 0.9318  NPV: 0.7764 F1:0.6547
INFO:__main__:验证的best_acc:0.8672
INFO:__main__:----------------------------------------------------------------------------------------------------
INFO:__main__:
【train】epoch:35/120 loss:0.3577 acc:0.8376
INFO:__main__:
【val】epoch:35/120 loss:0.5558 acc:0.7545
INFO:__main__:
【Val】:  SENS: 0.3508  SPEC: 0.9842  PPV: 0.9268  NPV: 0.7270 F1:0.5089
INFO:__main__:验证的best_acc:0.8672
INFO:__main__:----------------------------------------------------------------------------------------------------
INFO:__main__:
【train】epoch:36/120 loss:0.3594 acc:0.8399
INFO:__main__:
【val】epoch:36/120 loss:0.3977 acc:0.8092
INFO:__main__:
【Val】:  SENS: 0.5354  SPEC: 0.9650  PPV: 0.8969  NPV: 0.7849 F1:0.6705
INFO:__main__:验证的best_acc:0.8672
INFO:__main__:----------------------------------------------------------------------------------------------------
INFO:__main__:
【train】epoch:37/120 loss:0.3590 acc:0.8404
INFO:__main__:
【val】epoch:37/120 loss:0.6547 acc:0.7132
INFO:__main__:
【Val】:  SENS: 0.2215  SPEC: 0.9930  PPV: 0.9474  NPV: 0.6915 F1:0.3591
INFO:__main__:验证的best_acc:0.8672
INFO:__main__:----------------------------------------------------------------------------------------------------
INFO:__main__:
【train】epoch:38/120 loss:0.3694 acc:0.8332
INFO:__main__:
【val】epoch:38/120 loss:0.3343 acc:0.8638
INFO:__main__:
【Val】:  SENS: 0.7908  SPEC: 0.9054  PPV: 0.8264  NPV: 0.8838 F1:0.8082
INFO:__main__:验证的best_acc:0.8672
INFO:__main__:----------------------------------------------------------------------------------------------------
INFO:__main__:
【train】epoch:39/120 loss:0.3541 acc:0.8435
INFO:__main__:
【val】epoch:39/120 loss:0.3480 acc:0.8337
INFO:__main__:
【Val】:  SENS: 0.6215  SPEC: 0.9545  PPV: 0.8860  NPV: 0.8159 F1:0.7306
INFO:__main__:验证的best_acc:0.8672
INFO:__main__:----------------------------------------------------------------------------------------------------
INFO:__main__:
【train】epoch:40/120 loss:0.3524 acc:0.8414
INFO:__main__:
【val】epoch:40/120 loss:0.5732 acc:0.7556
INFO:__main__:
【Val】:  SENS: 0.3446  SPEC: 0.9895  PPV: 0.9492  NPV: 0.7262 F1:0.5056
INFO:__main__:验证的best_acc:0.8672
INFO:__main__:----------------------------------------------------------------------------------------------------
INFO:__main__:
【train】epoch:41/120 loss:0.3590 acc:0.8394
INFO:__main__:
【val】epoch:41/120 loss:0.3320 acc:0.8493
INFO:__main__:
【Val】:  SENS: 0.7108  SPEC: 0.9282  PPV: 0.8493  NPV: 0.8494 F1:0.7739
INFO:__main__:验证的best_acc:0.8672
INFO:__main__:----------------------------------------------------------------------------------------------------
INFO:__main__:
【train】epoch:42/120 loss:0.3526 acc:0.8455
INFO:__main__:
【val】epoch:42/120 loss:0.3351 acc:0.8438
INFO:__main__:
【Val】:  SENS: 0.6554  SPEC: 0.9510  PPV: 0.8838  NPV: 0.8290 F1:0.7527
INFO:__main__:验证的best_acc:0.8672
INFO:__main__:----------------------------------------------------------------------------------------------------
INFO:__main__:
【train】epoch:43/120 loss:0.3509 acc:0.8399
INFO:__main__:
【val】epoch:43/120 loss:0.3830 acc:0.8214
INFO:__main__:
【Val】:  SENS: 0.5877  SPEC: 0.9545  PPV: 0.8802  NPV: 0.8027 F1:0.7048
INFO:__main__:验证的best_acc:0.8672
INFO:__main__:----------------------------------------------------------------------------------------------------
INFO:__main__:
【train】epoch:44/120 loss:0.3563 acc:0.8363
INFO:__main__:
【val】epoch:44/120 loss:0.5609 acc:0.7310
INFO:__main__:
【Val】:  SENS: 0.2862  SPEC: 0.9842  PPV: 0.9118  NPV: 0.7078 F1:0.4356
INFO:__main__:验证的best_acc:0.8672
INFO:__main__:----------------------------------------------------------------------------------------------------
INFO:__main__:
【train】epoch:45/120 loss:0.3527 acc:0.8429
INFO:__main__:
【val】epoch:45/120 loss:0.3650 acc:0.8259
INFO:__main__:
【Val】:  SENS: 0.6308  SPEC: 0.9370  PPV: 0.8506  NPV: 0.8168 F1:0.7244
INFO:__main__:验证的best_acc:0.8672
INFO:__main__:----------------------------------------------------------------------------------------------------
INFO:__main__:
【train】epoch:46/120 loss:0.3484 acc:0.8452
INFO:__main__:
【val】epoch:46/120 loss:0.3239 acc:0.8571
INFO:__main__:
【Val】:  SENS: 0.7446  SPEC: 0.9212  PPV: 0.8432  NPV: 0.8637 F1:0.7908
INFO:__main__:验证的best_acc:0.8672
INFO:__main__:----------------------------------------------------------------------------------------------------
INFO:__main__:
【train】epoch:47/120 loss:0.3488 acc:0.8455
INFO:__main__:
【val】epoch:47/120 loss:0.3406 acc:0.8426
INFO:__main__:
【Val】:  SENS: 0.6554  SPEC: 0.9492  PPV: 0.8802  NPV: 0.8287 F1:0.7513
INFO:__main__:验证的best_acc:0.8672
INFO:__main__:----------------------------------------------------------------------------------------------------
INFO:__main__:
【train】epoch:48/120 loss:0.3532 acc:0.8455
INFO:__main__:
【val】epoch:48/120 loss:0.3276 acc:0.8549
INFO:__main__:
【Val】:  SENS: 0.6985  SPEC: 0.9440  PPV: 0.8764  NPV: 0.8462 F1:0.7774
INFO:__main__:验证的best_acc:0.8672
INFO:__main__:----------------------------------------------------------------------------------------------------
INFO:__main__:
【train】epoch:49/120 loss:0.3406 acc:0.8529
INFO:__main__:
【val】epoch:49/120 loss:0.2901 acc:0.8761
INFO:__main__:
【Val】:  SENS: 0.8615  SPEC: 0.8844  PPV: 0.8092  NPV: 0.9182 F1:0.8346
INFO:__main__:验证的best_acc:0.8761
INFO:__main__:----------------------------------------------------------------------------------------------------
INFO:__main__:
【train】epoch:50/120 loss:0.3412 acc:0.8470
INFO:__main__:
【val】epoch:50/120 loss:0.3188 acc:0.8616
INFO:__main__:
【Val】:  SENS: 0.8369  SPEC: 0.8757  PPV: 0.7930  NPV: 0.9042 F1:0.8144
INFO:__main__:验证的best_acc:0.8761
INFO:__main__:----------------------------------------------------------------------------------------------------
INFO:__main__:
【train】epoch:51/120 loss:0.3434 acc:0.8461
INFO:__main__:
【val】epoch:51/120 loss:0.2982 acc:0.8705
INFO:__main__:
【Val】:  SENS: 0.7785  SPEC: 0.9229  PPV: 0.8519  NPV: 0.8798 F1:0.8135
INFO:__main__:验证的best_acc:0.8761
INFO:__main__:----------------------------------------------------------------------------------------------------
INFO:__main__:
【train】epoch:52/120 loss:0.3382 acc:0.8515
INFO:__main__:
【val】epoch:52/120 loss:0.3809 acc:0.8259
INFO:__main__:
【Val】:  SENS: 0.6062  SPEC: 0.9510  PPV: 0.8756  NPV: 0.8092 F1:0.7164
INFO:__main__:验证的best_acc:0.8761
INFO:__main__:----------------------------------------------------------------------------------------------------
INFO:__main__:
【train】epoch:53/120 loss:0.3397 acc:0.8470
INFO:__main__:
【val】epoch:53/120 loss:0.3169 acc:0.8594
INFO:__main__:
【Val】:  SENS: 0.6985  SPEC: 0.9510  PPV: 0.8902  NPV: 0.8471 F1:0.7828
INFO:__main__:验证的best_acc:0.8761
INFO:__main__:----------------------------------------------------------------------------------------------------
INFO:__main__:
【train】epoch:54/120 loss:0.3423 acc:0.8489
INFO:__main__:
【val】epoch:54/120 loss:0.2948 acc:0.8761
INFO:__main__:
【Val】:  SENS: 0.8062  SPEC: 0.9159  PPV: 0.8452  NPV: 0.8925 F1:0.8252
INFO:__main__:验证的best_acc:0.8761
INFO:__main__:----------------------------------------------------------------------------------------------------
INFO:__main__:
【train】epoch:55/120 loss:0.3372 acc:0.8476
INFO:__main__:
【val】epoch:55/120 loss:0.3324 acc:0.8460
INFO:__main__:
【Val】:  SENS: 0.6708  SPEC: 0.9457  PPV: 0.8755  NPV: 0.8346 F1:0.7596
INFO:__main__:验证的best_acc:0.8761
INFO:__main__:----------------------------------------------------------------------------------------------------
INFO:__main__:
【train】epoch:56/120 loss:0.3370 acc:0.8493
INFO:__main__:
【val】epoch:56/120 loss:0.2912 acc:0.8828
INFO:__main__:
【Val】:  SENS: 0.8092  SPEC: 0.9247  PPV: 0.8595  NPV: 0.8949 F1:0.8336
INFO:__main__:验证的best_acc:0.8828
INFO:__main__:----------------------------------------------------------------------------------------------------
INFO:__main__:
【train】epoch:57/120 loss:0.3393 acc:0.8469
INFO:__main__:
【val】epoch:57/120 loss:0.3136 acc:0.8750
INFO:__main__:
【Val】:  SENS: 0.8554  SPEC: 0.8862  PPV: 0.8105  NPV: 0.9150 F1:0.8323
INFO:__main__:验证的best_acc:0.8828
INFO:__main__:----------------------------------------------------------------------------------------------------
INFO:__main__:
【train】epoch:58/120 loss:0.3354 acc:0.8514
INFO:__main__:
【val】epoch:58/120 loss:0.2945 acc:0.8761
INFO:__main__:
【Val】:  SENS: 0.8154  SPEC: 0.9107  PPV: 0.8386  NPV: 0.8966 F1:0.8268
INFO:__main__:验证的best_acc:0.8828
INFO:__main__:----------------------------------------------------------------------------------------------------
INFO:__main__:
【train】epoch:59/120 loss:0.3318 acc:0.8495
INFO:__main__:
【val】epoch:59/120 loss:0.3084 acc:0.8560
INFO:__main__:
【Val】:  SENS: 0.7354  SPEC: 0.9247  PPV: 0.8475  NPV: 0.8599 F1:0.7875
INFO:__main__:验证的best_acc:0.8828
INFO:__main__:----------------------------------------------------------------------------------------------------
INFO:__main__:
【train】epoch:60/120 loss:0.3273 acc:0.8550
INFO:__main__:
【val】epoch:60/120 loss:0.2896 acc:0.8873
INFO:__main__:
【Val】:  SENS: 0.8431  SPEC: 0.9124  PPV: 0.8457  NPV: 0.9108 F1:0.8444
INFO:__main__:验证的best_acc:0.8873
INFO:__main__:----------------------------------------------------------------------------------------------------
INFO:__main__:
【train】epoch:61/120 loss:0.3278 acc:0.8515
INFO:__main__:
【val】epoch:61/120 loss:0.2912 acc:0.8728
INFO:__main__:
【Val】:  SENS: 0.8062  SPEC: 0.9107  PPV: 0.8371  NPV: 0.8919 F1:0.8213
INFO:__main__:验证的best_acc:0.8873
INFO:__main__:----------------------------------------------------------------------------------------------------
INFO:__main__:
【train】epoch:62/120 loss:0.3328 acc:0.8474
INFO:__main__:
【val】epoch:62/120 loss:0.2959 acc:0.8806
INFO:__main__:
【Val】:  SENS: 0.8277  SPEC: 0.9107  PPV: 0.8406  NPV: 0.9028 F1:0.8341
INFO:__main__:验证的best_acc:0.8873
INFO:__main__:----------------------------------------------------------------------------------------------------
INFO:__main__:
【train】epoch:63/120 loss:0.3310 acc:0.8485
INFO:__main__:
【val】epoch:63/120 loss:0.2998 acc:0.8739
INFO:__main__:
【Val】:  SENS: 0.7785  SPEC: 0.9282  PPV: 0.8605  NPV: 0.8804 F1:0.8174
INFO:__main__:验证的best_acc:0.8873
INFO:__main__:----------------------------------------------------------------------------------------------------
INFO:__main__:
【train】epoch:64/120 loss:0.3328 acc:0.8478
INFO:__main__:
【val】epoch:64/120 loss:0.3276 acc:0.8627
INFO:__main__:
【Val】:  SENS: 0.7169  SPEC: 0.9457  PPV: 0.8826  NPV: 0.8544 F1:0.7912
INFO:__main__:验证的best_acc:0.8873
INFO:__main__:----------------------------------------------------------------------------------------------------
INFO:__main__:
【train】epoch:65/120 loss:0.3293 acc:0.8561
INFO:__main__:
【val】epoch:65/120 loss:0.2940 acc:0.8672
INFO:__main__:
【Val】:  SENS: 0.7538  SPEC: 0.9317  PPV: 0.8627  NPV: 0.8693 F1:0.8046
INFO:__main__:验证的best_acc:0.8873
INFO:__main__:----------------------------------------------------------------------------------------------------
INFO:__main__:
【train】epoch:66/120 loss:0.3254 acc:0.8548
INFO:__main__:
【val】epoch:66/120 loss:0.3045 acc:0.8683
INFO:__main__:
【Val】:  SENS: 0.8708  SPEC: 0.8669  PPV: 0.7883  NPV: 0.9218 F1:0.8275
INFO:__main__:验证的best_acc:0.8873
INFO:__main__:----------------------------------------------------------------------------------------------------
INFO:__main__:
【train】epoch:67/120 loss:0.3292 acc:0.8511
INFO:__main__:
【val】epoch:67/120 loss:0.3114 acc:0.8683
INFO:__main__:
【Val】:  SENS: 0.8277  SPEC: 0.8914  PPV: 0.8127  NPV: 0.9009 F1:0.8201
INFO:__main__:验证的best_acc:0.8873
INFO:__main__:----------------------------------------------------------------------------------------------------
INFO:__main__:
【train】epoch:68/120 loss:0.3324 acc:0.8511
INFO:__main__:
【val】epoch:68/120 loss:0.3446 acc:0.8471
INFO:__main__:
【Val】:  SENS: 0.6831  SPEC: 0.9405  PPV: 0.8672  NPV: 0.8391 F1:0.7642
INFO:__main__:验证的best_acc:0.8873
INFO:__main__:----------------------------------------------------------------------------------------------------
INFO:__main__:
【train】epoch:69/120 loss:0.3188 acc:0.8562
INFO:__main__:
【val】epoch:69/120 loss:0.3007 acc:0.8638
INFO:__main__:
【Val】:  SENS: 0.7508  SPEC: 0.9282  PPV: 0.8561  NPV: 0.8674 F1:0.8000
INFO:__main__:验证的best_acc:0.8873
INFO:__main__:----------------------------------------------------------------------------------------------------
INFO:__main__:
【train】epoch:70/120 loss:0.3150 acc:0.8596
INFO:__main__:
【val】epoch:70/120 loss:0.2941 acc:0.8638
INFO:__main__:
【Val】:  SENS: 0.7508  SPEC: 0.9282  PPV: 0.8561  NPV: 0.8674 F1:0.8000
INFO:__main__:验证的best_acc:0.8873
INFO:__main__:----------------------------------------------------------------------------------------------------
INFO:__main__:
【train】epoch:71/120 loss:0.3210 acc:0.8543
INFO:__main__:
【val】epoch:71/120 loss:0.3121 acc:0.8571
INFO:__main__:
【Val】:  SENS: 0.6985  SPEC: 0.9475  PPV: 0.8833  NPV: 0.8466 F1:0.7801
INFO:__main__:验证的best_acc:0.8873
INFO:__main__:----------------------------------------------------------------------------------------------------
INFO:__main__:
【train】epoch:72/120 loss:0.3211 acc:0.8520
INFO:__main__:
【val】epoch:72/120 loss:0.2967 acc:0.8683
INFO:__main__:
【Val】:  SENS: 0.7754  SPEC: 0.9212  PPV: 0.8485  NPV: 0.8781 F1:0.8103
INFO:__main__:验证的best_acc:0.8873
INFO:__main__:----------------------------------------------------------------------------------------------------
INFO:__main__:
【train】epoch:73/120 loss:0.3204 acc:0.8599
INFO:__main__:
【val】epoch:73/120 loss:0.3041 acc:0.8650
INFO:__main__:
【Val】:  SENS: 0.7385  SPEC: 0.9370  PPV: 0.8696  NPV: 0.8629 F1:0.7987
INFO:__main__:验证的best_acc:0.8873
INFO:__main__:----------------------------------------------------------------------------------------------------
INFO:__main__:
【train】epoch:74/120 loss:0.3225 acc:0.8573
INFO:__main__:
【val】epoch:74/120 loss:0.3038 acc:0.8705
INFO:__main__:
【Val】:  SENS: 0.7538  SPEC: 0.9370  PPV: 0.8719  NPV: 0.8699 F1:0.8086
INFO:__main__:验证的best_acc:0.8873
INFO:__main__:----------------------------------------------------------------------------------------------------
INFO:__main__:
【train】epoch:75/120 loss:0.3171 acc:0.8583
INFO:__main__:
【val】epoch:75/120 loss:0.2963 acc:0.8705
INFO:__main__:
【Val】:  SENS: 0.8338  SPEC: 0.8914  PPV: 0.8138  NPV: 0.9041 F1:0.8237
INFO:__main__:验证的best_acc:0.8873
INFO:__main__:----------------------------------------------------------------------------------------------------
INFO:__main__:
【train】epoch:76/120 loss:0.3164 acc:0.8610
INFO:__main__:
【val】epoch:76/120 loss:0.3071 acc:0.8583
INFO:__main__:
【Val】:  SENS: 0.6800  SPEC: 0.9597  PPV: 0.9057  NPV: 0.8405 F1:0.7768
INFO:__main__:验证的best_acc:0.8873
INFO:__main__:----------------------------------------------------------------------------------------------------
INFO:__main__:
【train】epoch:77/120 loss:0.3207 acc:0.8572
INFO:__main__:
【val】epoch:77/120 loss:0.3855 acc:0.8359
INFO:__main__:
【Val】:  SENS: 0.6062  SPEC: 0.9667  PPV: 0.9120  NPV: 0.8118 F1:0.7283
INFO:__main__:验证的best_acc:0.8873
INFO:__main__:----------------------------------------------------------------------------------------------------
INFO:__main__:
【train】epoch:78/120 loss:0.3184 acc:0.8586
INFO:__main__:
【val】epoch:78/120 loss:0.2792 acc:0.8795
INFO:__main__:
【Val】:  SENS: 0.8185  SPEC: 0.9142  PPV: 0.8444  NPV: 0.8985 F1:0.8313
INFO:__main__:验证的best_acc:0.8873
INFO:__main__:----------------------------------------------------------------------------------------------------
INFO:__main__:
【train】epoch:79/120 loss:0.3145 acc:0.8573
INFO:__main__:
【val】epoch:79/120 loss:0.2985 acc:0.8694
INFO:__main__:
【Val】:  SENS: 0.8092  SPEC: 0.9037  PPV: 0.8270  NPV: 0.8927 F1:0.8180
INFO:__main__:验证的best_acc:0.8873
INFO:__main__:----------------------------------------------------------------------------------------------------
INFO:__main__:
【train】epoch:80/120 loss:0.3121 acc:0.8617
INFO:__main__:
【val】epoch:80/120 loss:0.2869 acc:0.8750
INFO:__main__:
【Val】:  SENS: 0.8154  SPEC: 0.9089  PPV: 0.8360  NPV: 0.8964 F1:0.8255
INFO:__main__:验证的best_acc:0.8873
INFO:__main__:----------------------------------------------------------------------------------------------------
INFO:__main__:
【train】epoch:81/120 loss:0.3086 acc:0.8611
INFO:__main__:
【val】epoch:81/120 loss:0.2775 acc:0.8783
INFO:__main__:
【Val】:  SENS: 0.8738  SPEC: 0.8809  PPV: 0.8068  NPV: 0.9246 F1:0.8390
INFO:__main__:验证的best_acc:0.8873
INFO:__main__:----------------------------------------------------------------------------------------------------
INFO:__main__:
【train】epoch:82/120 loss:0.3132 acc:0.8575
INFO:__main__:
【val】epoch:82/120 loss:0.2824 acc:0.8828
INFO:__main__:
【Val】:  SENS: 0.8154  SPEC: 0.9212  PPV: 0.8548  NPV: 0.8976 F1:0.8346
INFO:__main__:验证的best_acc:0.8873
INFO:__main__:----------------------------------------------------------------------------------------------------
INFO:__main__:
【train】epoch:83/120 loss:0.3074 acc:0.8618
INFO:__main__:
【val】epoch:83/120 loss:0.3017 acc:0.8694
INFO:__main__:
【Val】:  SENS: 0.9108  SPEC: 0.8459  PPV: 0.7708  NPV: 0.9434 F1:0.8350
INFO:__main__:验证的best_acc:0.8873
INFO:__main__:----------------------------------------------------------------------------------------------------
