INFO:__main__:
【train】epoch:0/150 loss:0.6632 acc:0.6150
INFO:__main__:
【val】epoch:0/150 loss:0.5767 acc:0.6676
INFO:__main__:
【Val】:  SENS: 0.5678  SPEC: 0.7494  PPV: 0.6498  NPV: 0.6792
INFO:__main__:验证的best_acc:0.6676
INFO:__main__:----------------------------------------------------------------------------------------------------
INFO:__main__:
【train】epoch:1/150 loss:0.5322 acc:0.7359
INFO:__main__:
【val】epoch:1/150 loss:0.5809 acc:0.7244
INFO:__main__:
【Val】:  SENS: 0.5205  SPEC: 0.8915  PPV: 0.7971  NPV: 0.6942
INFO:__main__:验证的best_acc:0.7244
INFO:__main__:----------------------------------------------------------------------------------------------------
INFO:__main__:
【train】epoch:2/150 loss:0.4492 acc:0.7921
INFO:__main__:
【val】epoch:2/150 loss:0.4620 acc:0.7812
INFO:__main__:
【Val】:  SENS: 0.6215  SPEC: 0.9121  PPV: 0.8528  NPV: 0.7463
INFO:__main__:验证的best_acc:0.7812
INFO:__main__:----------------------------------------------------------------------------------------------------
INFO:__main__:
【train】epoch:3/150 loss:0.4254 acc:0.8050
INFO:__main__:
【val】epoch:3/150 loss:0.4515 acc:0.7898
INFO:__main__:
【Val】:  SENS: 0.6120  SPEC: 0.9354  PPV: 0.8858  NPV: 0.7464
INFO:__main__:验证的best_acc:0.7898
INFO:__main__:----------------------------------------------------------------------------------------------------
INFO:__main__:
【train】epoch:4/150 loss:0.4121 acc:0.8113
INFO:__main__:
【val】epoch:4/150 loss:0.4250 acc:0.8054
INFO:__main__:
【Val】:  SENS: 0.8391  SPEC: 0.7778  PPV: 0.7557  NPV: 0.8551
INFO:__main__:验证的best_acc:0.8054
INFO:__main__:----------------------------------------------------------------------------------------------------
INFO:__main__:
【train】epoch:5/150 loss:0.4019 acc:0.8172
INFO:__main__:
【val】epoch:5/150 loss:0.4114 acc:0.8068
INFO:__main__:
【Val】:  SENS: 0.8139  SPEC: 0.8010  PPV: 0.7701  NPV: 0.8401
INFO:__main__:验证的best_acc:0.8068
INFO:__main__:----------------------------------------------------------------------------------------------------
INFO:__main__:
【train】epoch:6/150 loss:0.3836 acc:0.8259
INFO:__main__:
【val】epoch:6/150 loss:0.3734 acc:0.8423
INFO:__main__:
【Val】:  SENS: 0.8076  SPEC: 0.8708  PPV: 0.8366  NPV: 0.8467
INFO:__main__:验证的best_acc:0.8423
INFO:__main__:----------------------------------------------------------------------------------------------------
INFO:__main__:
【train】epoch:7/150 loss:0.3799 acc:0.8287
INFO:__main__:
【val】epoch:7/150 loss:0.3932 acc:0.8423
INFO:__main__:
【Val】:  SENS: 0.7729  SPEC: 0.8992  PPV: 0.8627  NPV: 0.8286
INFO:__main__:验证的best_acc:0.8423
INFO:__main__:----------------------------------------------------------------------------------------------------
INFO:__main__:
【train】epoch:8/150 loss:0.3627 acc:0.8418
INFO:__main__:
【val】epoch:8/150 loss:0.3739 acc:0.8395
INFO:__main__:
【Val】:  SENS: 0.7823  SPEC: 0.8863  PPV: 0.8493  NPV: 0.8325
INFO:__main__:验证的best_acc:0.8423
INFO:__main__:----------------------------------------------------------------------------------------------------
INFO:__main__:
【train】epoch:9/150 loss:0.3398 acc:0.8541
INFO:__main__:
【val】epoch:9/150 loss:0.3816 acc:0.8253
INFO:__main__:
【Val】:  SENS: 0.8265  SPEC: 0.8243  PPV: 0.7939  NPV: 0.8529
INFO:__main__:验证的best_acc:0.8423
INFO:__main__:----------------------------------------------------------------------------------------------------
INFO:__main__:
【train】epoch:10/150 loss:0.3292 acc:0.8554
INFO:__main__:
【val】epoch:10/150 loss:0.3552 acc:0.8381
INFO:__main__:
【Val】:  SENS: 0.8170  SPEC: 0.8553  PPV: 0.8222  NPV: 0.8509
INFO:__main__:验证的best_acc:0.8423
INFO:__main__:----------------------------------------------------------------------------------------------------
INFO:__main__:
【train】epoch:11/150 loss:0.3294 acc:0.8600
INFO:__main__:
【val】epoch:11/150 loss:0.3655 acc:0.8281
INFO:__main__:
【Val】:  SENS: 0.7539  SPEC: 0.8889  PPV: 0.8475  NPV: 0.8152
INFO:__main__:验证的best_acc:0.8423
INFO:__main__:----------------------------------------------------------------------------------------------------
INFO:__main__:
【train】epoch:12/150 loss:0.3196 acc:0.8640
INFO:__main__:
【val】epoch:12/150 loss:0.3557 acc:0.8480
INFO:__main__:
【Val】:  SENS: 0.8328  SPEC: 0.8605  PPV: 0.8302  NPV: 0.8627
INFO:__main__:验证的best_acc:0.8480
INFO:__main__:----------------------------------------------------------------------------------------------------
INFO:__main__:
【train】epoch:13/150 loss:0.3191 acc:0.8633
INFO:__main__:
【val】epoch:13/150 loss:0.3749 acc:0.8366
INFO:__main__:
【Val】:  SENS: 0.8139  SPEC: 0.8553  PPV: 0.8217  NPV: 0.8487
INFO:__main__:验证的best_acc:0.8480
INFO:__main__:----------------------------------------------------------------------------------------------------
INFO:__main__:
【train】epoch:14/150 loss:0.3135 acc:0.8668
INFO:__main__:
【val】epoch:14/150 loss:0.3473 acc:0.8523
INFO:__main__:
【Val】:  SENS: 0.8297  SPEC: 0.8708  PPV: 0.8403  NPV: 0.8619
INFO:__main__:验证的best_acc:0.8523
INFO:__main__:----------------------------------------------------------------------------------------------------
INFO:__main__:
【train】epoch:15/150 loss:0.3045 acc:0.8729
INFO:__main__:
【val】epoch:15/150 loss:0.3479 acc:0.8580
INFO:__main__:
【Val】:  SENS: 0.8833  SPEC: 0.8372  PPV: 0.8163  NPV: 0.8975
INFO:__main__:验证的best_acc:0.8580
INFO:__main__:----------------------------------------------------------------------------------------------------
INFO:__main__:
【train】epoch:16/150 loss:0.2955 acc:0.8731
INFO:__main__:
【val】epoch:16/150 loss:0.3782 acc:0.8438
INFO:__main__:
【Val】:  SENS: 0.8233  SPEC: 0.8605  PPV: 0.8286  NPV: 0.8560
INFO:__main__:验证的best_acc:0.8580
INFO:__main__:----------------------------------------------------------------------------------------------------
INFO:__main__:
【train】epoch:17/150 loss:0.2967 acc:0.8776
INFO:__main__:
【val】epoch:17/150 loss:0.3419 acc:0.8480
INFO:__main__:
【Val】:  SENS: 0.8297  SPEC: 0.8630  PPV: 0.8323  NPV: 0.8608
INFO:__main__:验证的best_acc:0.8580
INFO:__main__:----------------------------------------------------------------------------------------------------
INFO:__main__:
【train】epoch:18/150 loss:0.2848 acc:0.8804
INFO:__main__:
【val】epoch:18/150 loss:0.3741 acc:0.8423
INFO:__main__:
【Val】:  SENS: 0.8707  SPEC: 0.8191  PPV: 0.7977  NPV: 0.8855
INFO:__main__:验证的best_acc:0.8580
INFO:__main__:----------------------------------------------------------------------------------------------------
INFO:__main__:
【train】epoch:19/150 loss:0.2643 acc:0.8954
INFO:__main__:
【val】epoch:19/150 loss:0.3772 acc:0.8551
INFO:__main__:
【Val】:  SENS: 0.8580  SPEC: 0.8527  PPV: 0.8267  NPV: 0.8800
INFO:__main__:验证的best_acc:0.8580
INFO:__main__:----------------------------------------------------------------------------------------------------
INFO:__main__:
【train】epoch:20/150 loss:0.2676 acc:0.8904
INFO:__main__:
【val】epoch:20/150 loss:0.3716 acc:0.8423
INFO:__main__:
【Val】:  SENS: 0.8233  SPEC: 0.8579  PPV: 0.8259  NPV: 0.8557
INFO:__main__:验证的best_acc:0.8580
INFO:__main__:----------------------------------------------------------------------------------------------------
INFO:__main__:
【train】epoch:21/150 loss:0.2550 acc:0.8972
INFO:__main__:
【val】epoch:21/150 loss:0.3514 acc:0.8494
INFO:__main__:
【Val】:  SENS: 0.8738  SPEC: 0.8295  PPV: 0.8076  NPV: 0.8892
INFO:__main__:验证的best_acc:0.8580
INFO:__main__:----------------------------------------------------------------------------------------------------
INFO:__main__:
【train】epoch:22/150 loss:0.2452 acc:0.9003
INFO:__main__:
【val】epoch:22/150 loss:0.3788 acc:0.8395
INFO:__main__:
【Val】:  SENS: 0.8549  SPEC: 0.8269  PPV: 0.8018  NPV: 0.8743
INFO:__main__:验证的best_acc:0.8580
INFO:__main__:----------------------------------------------------------------------------------------------------
INFO:__main__:
【train】epoch:23/150 loss:0.2502 acc:0.8966
INFO:__main__:
【val】epoch:23/150 loss:0.3888 acc:0.8395
INFO:__main__:
【Val】:  SENS: 0.8644  SPEC: 0.8191  PPV: 0.7965  NPV: 0.8806
INFO:__main__:验证的best_acc:0.8580
INFO:__main__:----------------------------------------------------------------------------------------------------
INFO:__main__:
【train】epoch:24/150 loss:0.2412 acc:0.9017
INFO:__main__:
【val】epoch:24/150 loss:0.4176 acc:0.8281
INFO:__main__:
【Val】:  SENS: 0.7886  SPEC: 0.8605  PPV: 0.8224  NPV: 0.8325
INFO:__main__:验证的best_acc:0.8580
INFO:__main__:----------------------------------------------------------------------------------------------------
INFO:__main__:
【train】epoch:25/150 loss:0.2376 acc:0.9069
INFO:__main__:
【val】epoch:25/150 loss:0.3897 acc:0.8267
INFO:__main__:
【Val】:  SENS: 0.8391  SPEC: 0.8165  PPV: 0.7893  NPV: 0.8610
INFO:__main__:验证的best_acc:0.8580
INFO:__main__:----------------------------------------------------------------------------------------------------
INFO:__main__:
【train】epoch:26/150 loss:0.2345 acc:0.9049
INFO:__main__:
【val】epoch:26/150 loss:0.3384 acc:0.8608
INFO:__main__:
【Val】:  SENS: 0.8675  SPEC: 0.8553  PPV: 0.8308  NPV: 0.8874
INFO:__main__:验证的best_acc:0.8608
INFO:__main__:----------------------------------------------------------------------------------------------------
INFO:__main__:
【train】epoch:27/150 loss:0.2235 acc:0.9108
INFO:__main__:
【val】epoch:27/150 loss:0.3953 acc:0.8381
INFO:__main__:
【Val】:  SENS: 0.7981  SPEC: 0.8708  PPV: 0.8350  NPV: 0.8404
INFO:__main__:验证的best_acc:0.8608
INFO:__main__:----------------------------------------------------------------------------------------------------
INFO:__main__:
【train】epoch:28/150 loss:0.2312 acc:0.9047
INFO:__main__:
【val】epoch:28/150 loss:0.3754 acc:0.8594
INFO:__main__:
【Val】:  SENS: 0.9022  SPEC: 0.8243  PPV: 0.8079  NPV: 0.9114
INFO:__main__:验证的best_acc:0.8608
INFO:__main__:----------------------------------------------------------------------------------------------------
INFO:__main__:
【train】epoch:29/150 loss:0.2053 acc:0.9214
INFO:__main__:
【val】epoch:29/150 loss:0.3684 acc:0.8480
INFO:__main__:
【Val】:  SENS: 0.8738  SPEC: 0.8269  PPV: 0.8052  NPV: 0.8889
INFO:__main__:验证的best_acc:0.8608
INFO:__main__:----------------------------------------------------------------------------------------------------
INFO:__main__:
【train】epoch:30/150 loss:0.1993 acc:0.9190
INFO:__main__:
【val】epoch:30/150 loss:0.3913 acc:0.8295
INFO:__main__:
【Val】:  SENS: 0.8107  SPEC: 0.8450  PPV: 0.8107  NPV: 0.8450
INFO:__main__:验证的best_acc:0.8608
INFO:__main__:----------------------------------------------------------------------------------------------------
INFO:__main__:
【train】epoch:31/150 loss:0.1967 acc:0.9190
INFO:__main__:
【val】epoch:31/150 loss:0.3612 acc:0.8750
INFO:__main__:
【Val】:  SENS: 0.8486  SPEC: 0.8966  PPV: 0.8706  NPV: 0.8785
INFO:__main__:验证的best_acc:0.8750
INFO:__main__:----------------------------------------------------------------------------------------------------
INFO:__main__:
【train】epoch:32/150 loss:0.1817 acc:0.9321
INFO:__main__:
【val】epoch:32/150 loss:0.3790 acc:0.8494
INFO:__main__:
【Val】:  SENS: 0.8107  SPEC: 0.8811  PPV: 0.8482  NPV: 0.8504
INFO:__main__:验证的best_acc:0.8750
INFO:__main__:----------------------------------------------------------------------------------------------------
INFO:__main__:
【train】epoch:33/150 loss:0.1833 acc:0.9289
INFO:__main__:
【val】epoch:33/150 loss:0.3739 acc:0.8523
INFO:__main__:
【Val】:  SENS: 0.8423  SPEC: 0.8605  PPV: 0.8318  NPV: 0.8695
INFO:__main__:验证的best_acc:0.8750
INFO:__main__:----------------------------------------------------------------------------------------------------
INFO:__main__:
【train】epoch:34/150 loss:0.1863 acc:0.9256
INFO:__main__:
【val】epoch:34/150 loss:0.3597 acc:0.8480
INFO:__main__:
【Val】:  SENS: 0.8486  SPEC: 0.8475  PPV: 0.8201  NPV: 0.8723
INFO:__main__:验证的best_acc:0.8750
INFO:__main__:----------------------------------------------------------------------------------------------------
INFO:__main__:
【train】epoch:35/150 loss:0.1821 acc:0.9300
INFO:__main__:
【val】epoch:35/150 loss:0.4179 acc:0.8366
INFO:__main__:
【Val】:  SENS: 0.8454  SPEC: 0.8295  PPV: 0.8024  NPV: 0.8676
INFO:__main__:验证的best_acc:0.8750
INFO:__main__:----------------------------------------------------------------------------------------------------
INFO:__main__:
【train】epoch:36/150 loss:0.1681 acc:0.9328
INFO:__main__:
【val】epoch:36/150 loss:0.3968 acc:0.8509
INFO:__main__:
【Val】:  SENS: 0.8644  SPEC: 0.8398  PPV: 0.8155  NPV: 0.8832
INFO:__main__:验证的best_acc:0.8750
INFO:__main__:----------------------------------------------------------------------------------------------------
INFO:__main__:
【train】epoch:37/150 loss:0.1727 acc:0.9323
INFO:__main__:
【val】epoch:37/150 loss:0.3705 acc:0.8580
INFO:__main__:
【Val】:  SENS: 0.8833  SPEC: 0.8372  PPV: 0.8163  NPV: 0.8975
INFO:__main__:验证的best_acc:0.8750
INFO:__main__:----------------------------------------------------------------------------------------------------
INFO:__main__:
【train】epoch:38/150 loss:0.1741 acc:0.9282
INFO:__main__:
【val】epoch:38/150 loss:0.4338 acc:0.8409
INFO:__main__:
【Val】:  SENS: 0.8013  SPEC: 0.8734  PPV: 0.8383  NPV: 0.8429
INFO:__main__:验证的best_acc:0.8750
INFO:__main__:----------------------------------------------------------------------------------------------------
INFO:__main__:
【train】epoch:39/150 loss:0.1623 acc:0.9358
INFO:__main__:
【val】epoch:39/150 loss:0.3964 acc:0.8452
INFO:__main__:
【Val】:  SENS: 0.8549  SPEC: 0.8372  PPV: 0.8114  NPV: 0.8757
INFO:__main__:验证的best_acc:0.8750
INFO:__main__:----------------------------------------------------------------------------------------------------
INFO:__main__:
【train】epoch:40/150 loss:0.1610 acc:0.9372
INFO:__main__:
【val】epoch:40/150 loss:0.4111 acc:0.8352
INFO:__main__:
【Val】:  SENS: 0.8044  SPEC: 0.8605  PPV: 0.8252  NPV: 0.8430
INFO:__main__:验证的best_acc:0.8750
INFO:__main__:----------------------------------------------------------------------------------------------------
INFO:__main__:
【train】epoch:41/150 loss:0.1561 acc:0.9422
INFO:__main__:
【val】epoch:41/150 loss:0.3769 acc:0.8679
INFO:__main__:
【Val】:  SENS: 0.8675  SPEC: 0.8682  PPV: 0.8436  NPV: 0.8889
INFO:__main__:验证的best_acc:0.8750
INFO:__main__:----------------------------------------------------------------------------------------------------
INFO:__main__:
【train】epoch:42/150 loss:0.1468 acc:0.9417
INFO:__main__:
【val】epoch:42/150 loss:0.3565 acc:0.8693
INFO:__main__:
【Val】:  SENS: 0.8454  SPEC: 0.8889  PPV: 0.8617  NPV: 0.8753
INFO:__main__:验证的best_acc:0.8750
INFO:__main__:----------------------------------------------------------------------------------------------------
INFO:__main__:
【train】epoch:43/150 loss:0.1378 acc:0.9492
INFO:__main__:
【val】epoch:43/150 loss:0.4014 acc:0.8622
INFO:__main__:
【Val】:  SENS: 0.8328  SPEC: 0.8863  PPV: 0.8571  NPV: 0.8662
INFO:__main__:验证的best_acc:0.8750
INFO:__main__:----------------------------------------------------------------------------------------------------
INFO:__main__:
【train】epoch:44/150 loss:0.1412 acc:0.9459
INFO:__main__:
【val】epoch:44/150 loss:0.4443 acc:0.8366
INFO:__main__:
【Val】:  SENS: 0.8265  SPEC: 0.8450  PPV: 0.8137  NPV: 0.8560
INFO:__main__:验证的best_acc:0.8750
INFO:__main__:----------------------------------------------------------------------------------------------------
INFO:__main__:
【train】epoch:45/150 loss:0.1398 acc:0.9433
INFO:__main__:
【val】epoch:45/150 loss:0.4658 acc:0.8381
INFO:__main__:
【Val】:  SENS: 0.8297  SPEC: 0.8450  PPV: 0.8142  NPV: 0.8583
INFO:__main__:验证的best_acc:0.8750
INFO:__main__:----------------------------------------------------------------------------------------------------
INFO:__main__:
【train】epoch:46/150 loss:0.1421 acc:0.9441
INFO:__main__:
【val】epoch:46/150 loss:0.4115 acc:0.8565
INFO:__main__:
【Val】:  SENS: 0.8675  SPEC: 0.8475  PPV: 0.8234  NPV: 0.8865
INFO:__main__:验证的best_acc:0.8750
INFO:__main__:----------------------------------------------------------------------------------------------------
INFO:__main__:
【train】epoch:47/150 loss:0.1350 acc:0.9487
INFO:__main__:
【val】epoch:47/150 loss:0.3823 acc:0.8594
INFO:__main__:
【Val】:  SENS: 0.8423  SPEC: 0.8734  PPV: 0.8449  NPV: 0.8711
INFO:__main__:验证的best_acc:0.8750
INFO:__main__:----------------------------------------------------------------------------------------------------
INFO:__main__:
【train】epoch:48/150 loss:0.1337 acc:0.9485
INFO:__main__:
【val】epoch:48/150 loss:0.5092 acc:0.8636
INFO:__main__:
【Val】:  SENS: 0.8549  SPEC: 0.8708  PPV: 0.8442  NPV: 0.8799
INFO:__main__:验证的best_acc:0.8750
INFO:__main__:----------------------------------------------------------------------------------------------------
INFO:__main__:
【train】epoch:49/150 loss:0.1249 acc:0.9511
INFO:__main__:
【val】epoch:49/150 loss:0.4504 acc:0.8651
INFO:__main__:
【Val】:  SENS: 0.8612  SPEC: 0.8682  PPV: 0.8426  NPV: 0.8842
INFO:__main__:验证的best_acc:0.8750
INFO:__main__:----------------------------------------------------------------------------------------------------
INFO:__main__:
【train】epoch:50/150 loss:0.1177 acc:0.9558
INFO:__main__:
【val】epoch:50/150 loss:0.4663 acc:0.8537
INFO:__main__:
【Val】:  SENS: 0.8391  SPEC: 0.8656  PPV: 0.8365  NPV: 0.8679
INFO:__main__:验证的best_acc:0.8750
INFO:__main__:----------------------------------------------------------------------------------------------------
INFO:__main__:
【train】epoch:51/150 loss:0.1069 acc:0.9590
INFO:__main__:
【val】epoch:51/150 loss:0.4106 acc:0.8693
INFO:__main__:
【Val】:  SENS: 0.8675  SPEC: 0.8708  PPV: 0.8462  NPV: 0.8892
INFO:__main__:验证的best_acc:0.8750
INFO:__main__:----------------------------------------------------------------------------------------------------
INFO:__main__:
【train】epoch:52/150 loss:0.1123 acc:0.9565
INFO:__main__:
【val】epoch:52/150 loss:0.4784 acc:0.8565
INFO:__main__:
【Val】:  SENS: 0.8580  SPEC: 0.8553  PPV: 0.8293  NPV: 0.8803
INFO:__main__:验证的best_acc:0.8750
INFO:__main__:----------------------------------------------------------------------------------------------------
INFO:__main__:
【train】epoch:53/150 loss:0.1062 acc:0.9581
INFO:__main__:
【val】epoch:53/150 loss:0.5462 acc:0.8494
INFO:__main__:
【Val】:  SENS: 0.7918  SPEC: 0.8966  PPV: 0.8625  NPV: 0.8402
INFO:__main__:验证的best_acc:0.8750
INFO:__main__:----------------------------------------------------------------------------------------------------
INFO:__main__:
【train】epoch:54/150 loss:0.1102 acc:0.9581
INFO:__main__:
【val】epoch:54/150 loss:0.5004 acc:0.8551
INFO:__main__:
【Val】:  SENS: 0.8423  SPEC: 0.8656  PPV: 0.8370  NPV: 0.8701
INFO:__main__:验证的best_acc:0.8750
INFO:__main__:----------------------------------------------------------------------------------------------------
INFO:__main__:
【train】epoch:55/150 loss:0.1106 acc:0.9583
INFO:__main__:
【val】epoch:55/150 loss:0.4730 acc:0.8622
INFO:__main__:
【Val】:  SENS: 0.8549  SPEC: 0.8682  PPV: 0.8416  NPV: 0.8796
INFO:__main__:验证的best_acc:0.8750
INFO:__main__:----------------------------------------------------------------------------------------------------
INFO:__main__:
【train】epoch:56/150 loss:0.1068 acc:0.9597
INFO:__main__:
【val】epoch:56/150 loss:0.4455 acc:0.8565
INFO:__main__:
【Val】:  SENS: 0.8517  SPEC: 0.8605  PPV: 0.8333  NPV: 0.8763
INFO:__main__:验证的best_acc:0.8750
INFO:__main__:----------------------------------------------------------------------------------------------------
INFO:__main__:
【train】epoch:57/150 loss:0.0997 acc:0.9598
INFO:__main__:
【val】epoch:57/150 loss:0.4719 acc:0.8509
INFO:__main__:
【Val】:  SENS: 0.8486  SPEC: 0.8527  PPV: 0.8252  NPV: 0.8730
INFO:__main__:验证的best_acc:0.8750
INFO:__main__:----------------------------------------------------------------------------------------------------
INFO:__main__:
【train】epoch:58/150 loss:0.1062 acc:0.9572
INFO:__main__:
【val】epoch:58/150 loss:0.5229 acc:0.8295
INFO:__main__:
【Val】:  SENS: 0.7823  SPEC: 0.8682  PPV: 0.8294  NPV: 0.8296
INFO:__main__:验证的best_acc:0.8750
INFO:__main__:----------------------------------------------------------------------------------------------------
INFO:__main__:
【train】epoch:59/150 loss:0.0976 acc:0.9611
INFO:__main__:
【val】epoch:59/150 loss:0.4732 acc:0.8707
INFO:__main__:
【Val】:  SENS: 0.8328  SPEC: 0.9018  PPV: 0.8742  NPV: 0.8682
INFO:__main__:验证的best_acc:0.8750
INFO:__main__:----------------------------------------------------------------------------------------------------
INFO:__main__:
【train】epoch:60/150 loss:0.0903 acc:0.9637
INFO:__main__:
【val】epoch:60/150 loss:0.4816 acc:0.8665
INFO:__main__:
【Val】:  SENS: 0.8202  SPEC: 0.9044  PPV: 0.8754  NPV: 0.8600
INFO:__main__:验证的best_acc:0.8750
INFO:__main__:----------------------------------------------------------------------------------------------------
INFO:__main__:
【train】epoch:61/150 loss:0.0855 acc:0.9681
INFO:__main__:
【val】epoch:61/150 loss:0.4714 acc:0.8651
INFO:__main__:
【Val】:  SENS: 0.8644  SPEC: 0.8656  PPV: 0.8405  NPV: 0.8862
INFO:__main__:验证的best_acc:0.8750
INFO:__main__:----------------------------------------------------------------------------------------------------
INFO:__main__:
【train】epoch:62/150 loss:0.0902 acc:0.9681
INFO:__main__:
【val】epoch:62/150 loss:0.5871 acc:0.8594
INFO:__main__:
【Val】:  SENS: 0.8738  SPEC: 0.8475  PPV: 0.8244  NPV: 0.8913
INFO:__main__:验证的best_acc:0.8750
INFO:__main__:----------------------------------------------------------------------------------------------------
INFO:__main__:
【train】epoch:63/150 loss:0.0818 acc:0.9688
INFO:__main__:
【val】epoch:63/150 loss:0.5704 acc:0.8565
INFO:__main__:
【Val】:  SENS: 0.8612  SPEC: 0.8527  PPV: 0.8273  NPV: 0.8824
INFO:__main__:验证的best_acc:0.8750
INFO:__main__:----------------------------------------------------------------------------------------------------
INFO:__main__:
【train】epoch:64/150 loss:0.0806 acc:0.9686
INFO:__main__:
【val】epoch:64/150 loss:0.6161 acc:0.8523
INFO:__main__:
【Val】:  SENS: 0.8927  SPEC: 0.8191  PPV: 0.8017  NPV: 0.9031
INFO:__main__:验证的best_acc:0.8750
INFO:__main__:----------------------------------------------------------------------------------------------------
INFO:__main__:
【train】epoch:65/150 loss:0.0845 acc:0.9663
INFO:__main__:
【val】epoch:65/150 loss:0.5661 acc:0.8523
INFO:__main__:
【Val】:  SENS: 0.8265  SPEC: 0.8734  PPV: 0.8424  NPV: 0.8601
INFO:__main__:验证的best_acc:0.8750
INFO:__main__:----------------------------------------------------------------------------------------------------
INFO:__main__:
【train】epoch:66/150 loss:0.0847 acc:0.9633
INFO:__main__:
【val】epoch:66/150 loss:0.4612 acc:0.8707
INFO:__main__:
【Val】:  SENS: 0.8454  SPEC: 0.8915  PPV: 0.8645  NPV: 0.8756
INFO:__main__:验证的best_acc:0.8750
INFO:__main__:----------------------------------------------------------------------------------------------------
INFO:__main__:
【train】epoch:67/150 loss:0.0726 acc:0.9708
INFO:__main__:
【val】epoch:67/150 loss:0.5681 acc:0.8707
INFO:__main__:
【Val】:  SENS: 0.8612  SPEC: 0.8786  PPV: 0.8531  NPV: 0.8854
INFO:__main__:验证的best_acc:0.8750
INFO:__main__:----------------------------------------------------------------------------------------------------
INFO:__main__:
【train】epoch:68/150 loss:0.0765 acc:0.9703
INFO:__main__:
【val】epoch:68/150 loss:0.5293 acc:0.8707
INFO:__main__:
【Val】:  SENS: 0.8612  SPEC: 0.8786  PPV: 0.8531  NPV: 0.8854
INFO:__main__:验证的best_acc:0.8750
INFO:__main__:----------------------------------------------------------------------------------------------------
INFO:__main__:
【train】epoch:69/150 loss:0.0741 acc:0.9712
INFO:__main__:
【val】epoch:69/150 loss:0.6084 acc:0.8651
INFO:__main__:
【Val】:  SENS: 0.8549  SPEC: 0.8734  PPV: 0.8469  NPV: 0.8802
INFO:__main__:验证的best_acc:0.8750
INFO:__main__:----------------------------------------------------------------------------------------------------
INFO:__main__:
【train】epoch:70/150 loss:0.0692 acc:0.9733
INFO:__main__:
【val】epoch:70/150 loss:0.5341 acc:0.8693
INFO:__main__:
【Val】:  SENS: 0.8612  SPEC: 0.8760  PPV: 0.8505  NPV: 0.8851
INFO:__main__:验证的best_acc:0.8750
INFO:__main__:----------------------------------------------------------------------------------------------------
INFO:__main__:
【train】epoch:71/150 loss:0.0752 acc:0.9694
INFO:__main__:
【val】epoch:71/150 loss:0.5192 acc:0.8778
INFO:__main__:
【Val】:  SENS: 0.8675  SPEC: 0.8863  PPV: 0.8621  NPV: 0.8909
INFO:__main__:验证的best_acc:0.8778
INFO:__main__:----------------------------------------------------------------------------------------------------
INFO:__main__:
【train】epoch:72/150 loss:0.0686 acc:0.9756
INFO:__main__:
【val】epoch:72/150 loss:0.5279 acc:0.8693
INFO:__main__:
【Val】:  SENS: 0.8612  SPEC: 0.8760  PPV: 0.8505  NPV: 0.8851
INFO:__main__:验证的best_acc:0.8778
INFO:__main__:----------------------------------------------------------------------------------------------------
INFO:__main__:
【train】epoch:73/150 loss:0.0568 acc:0.9768
INFO:__main__:
【val】epoch:73/150 loss:0.6187 acc:0.8665
INFO:__main__:
【Val】:  SENS: 0.8675  SPEC: 0.8656  PPV: 0.8410  NPV: 0.8886
INFO:__main__:验证的best_acc:0.8778
INFO:__main__:----------------------------------------------------------------------------------------------------
INFO:__main__:
【train】epoch:74/150 loss:0.0656 acc:0.9747
INFO:__main__:
【val】epoch:74/150 loss:0.5775 acc:0.8665
INFO:__main__:
【Val】:  SENS: 0.8486  SPEC: 0.8811  PPV: 0.8540  NPV: 0.8766
INFO:__main__:验证的best_acc:0.8778
INFO:__main__:----------------------------------------------------------------------------------------------------
INFO:__main__:
【train】epoch:75/150 loss:0.0531 acc:0.9796
INFO:__main__:
【val】epoch:75/150 loss:0.6240 acc:0.8679
INFO:__main__:
【Val】:  SENS: 0.8644  SPEC: 0.8708  PPV: 0.8457  NPV: 0.8868
INFO:__main__:验证的best_acc:0.8778
INFO:__main__:----------------------------------------------------------------------------------------------------
INFO:__main__:
【train】epoch:76/150 loss:0.0583 acc:0.9775
INFO:__main__:
【val】epoch:76/150 loss:0.7200 acc:0.8565
INFO:__main__:
【Val】:  SENS: 0.8896  SPEC: 0.8295  PPV: 0.8103  NPV: 0.9017
INFO:__main__:验证的best_acc:0.8778
INFO:__main__:----------------------------------------------------------------------------------------------------
INFO:__main__:
【train】epoch:77/150 loss:0.0566 acc:0.9780
INFO:__main__:
【val】epoch:77/150 loss:0.6043 acc:0.8551
INFO:__main__:
【Val】:  SENS: 0.8644  SPEC: 0.8475  PPV: 0.8228  NPV: 0.8841
INFO:__main__:验证的best_acc:0.8778
INFO:__main__:----------------------------------------------------------------------------------------------------
INFO:__main__:
【train】epoch:78/150 loss:0.0594 acc:0.9770
INFO:__main__:
【val】epoch:78/150 loss:0.6125 acc:0.8622
INFO:__main__:
【Val】:  SENS: 0.8517  SPEC: 0.8708  PPV: 0.8438  NPV: 0.8776
INFO:__main__:验证的best_acc:0.8778
INFO:__main__:----------------------------------------------------------------------------------------------------
INFO:__main__:
【train】epoch:79/150 loss:0.0512 acc:0.9815
INFO:__main__:
【val】epoch:79/150 loss:0.5985 acc:0.8651
INFO:__main__:
【Val】:  SENS: 0.8486  SPEC: 0.8786  PPV: 0.8513  NPV: 0.8763
INFO:__main__:验证的best_acc:0.8778
INFO:__main__:----------------------------------------------------------------------------------------------------
INFO:__main__:
【train】epoch:80/150 loss:0.0489 acc:0.9824
INFO:__main__:
【val】epoch:80/150 loss:0.6076 acc:0.8608
INFO:__main__:
【Val】:  SENS: 0.8549  SPEC: 0.8656  PPV: 0.8390  NPV: 0.8793
INFO:__main__:验证的best_acc:0.8778
INFO:__main__:----------------------------------------------------------------------------------------------------
INFO:__main__:
【train】epoch:81/150 loss:0.0473 acc:0.9841
INFO:__main__:
【val】epoch:81/150 loss:0.5922 acc:0.8764
INFO:__main__:
【Val】:  SENS: 0.8612  SPEC: 0.8889  PPV: 0.8639  NPV: 0.8866
INFO:__main__:验证的best_acc:0.8778
INFO:__main__:----------------------------------------------------------------------------------------------------
INFO:__main__:
【train】epoch:82/150 loss:0.0517 acc:0.9785
INFO:__main__:
【val】epoch:82/150 loss:0.6188 acc:0.8679
INFO:__main__:
【Val】:  SENS: 0.8612  SPEC: 0.8734  PPV: 0.8478  NPV: 0.8848
INFO:__main__:验证的best_acc:0.8778
INFO:__main__:----------------------------------------------------------------------------------------------------
INFO:__main__:
【train】epoch:83/150 loss:0.0529 acc:0.9787
INFO:__main__:
【val】epoch:83/150 loss:0.6296 acc:0.8665
INFO:__main__:
【Val】:  SENS: 0.8864  SPEC: 0.8501  PPV: 0.8289  NPV: 0.9014
INFO:__main__:验证的best_acc:0.8778
INFO:__main__:----------------------------------------------------------------------------------------------------
INFO:__main__:
【train】epoch:84/150 loss:0.0395 acc:0.9834
INFO:__main__:
【val】epoch:84/150 loss:0.6614 acc:0.8778
INFO:__main__:
【Val】:  SENS: 0.9022  SPEC: 0.8579  PPV: 0.8387  NPV: 0.9146
INFO:__main__:验证的best_acc:0.8778
INFO:__main__:----------------------------------------------------------------------------------------------------
INFO:__main__:
【train】epoch:85/150 loss:0.0487 acc:0.9810
INFO:__main__:
【val】epoch:85/150 loss:0.5969 acc:0.8693
INFO:__main__:
【Val】:  SENS: 0.8612  SPEC: 0.8760  PPV: 0.8505  NPV: 0.8851
INFO:__main__:验证的best_acc:0.8778
INFO:__main__:----------------------------------------------------------------------------------------------------
INFO:__main__:
【train】epoch:86/150 loss:0.0520 acc:0.9817
INFO:__main__:
【val】epoch:86/150 loss:0.6058 acc:0.8693
INFO:__main__:
【Val】:  SENS: 0.8770  SPEC: 0.8630  PPV: 0.8399  NPV: 0.8954
INFO:__main__:验证的best_acc:0.8778
INFO:__main__:----------------------------------------------------------------------------------------------------
INFO:__main__:
【train】epoch:87/150 loss:0.0424 acc:0.9834
INFO:__main__:
【val】epoch:87/150 loss:0.7075 acc:0.8551
INFO:__main__:
【Val】:  SENS: 0.8675  SPEC: 0.8450  PPV: 0.8209  NPV: 0.8862
INFO:__main__:验证的best_acc:0.8778
INFO:__main__:----------------------------------------------------------------------------------------------------
INFO:__main__:
【train】epoch:88/150 loss:0.0428 acc:0.9864
INFO:__main__:
【val】epoch:88/150 loss:0.5923 acc:0.8722
INFO:__main__:
【Val】:  SENS: 0.8360  SPEC: 0.9018  PPV: 0.8746  NPV: 0.8703
INFO:__main__:验证的best_acc:0.8778
INFO:__main__:----------------------------------------------------------------------------------------------------
INFO:__main__:
【train】epoch:89/150 loss:0.0424 acc:0.9836
INFO:__main__:
【val】epoch:89/150 loss:0.6712 acc:0.8707
INFO:__main__:
【Val】:  SENS: 0.8801  SPEC: 0.8630  PPV: 0.8404  NPV: 0.8978
INFO:__main__:验证的best_acc:0.8778
INFO:__main__:----------------------------------------------------------------------------------------------------
INFO:__main__:
【train】epoch:90/150 loss:0.0441 acc:0.9841
INFO:__main__:
【val】epoch:90/150 loss:0.5898 acc:0.8722
INFO:__main__:
【Val】:  SENS: 0.8896  SPEC: 0.8579  PPV: 0.8368  NPV: 0.9046
INFO:__main__:验证的best_acc:0.8778
INFO:__main__:----------------------------------------------------------------------------------------------------
INFO:__main__:
【train】epoch:91/150 loss:0.0354 acc:0.9857
INFO:__main__:
【val】epoch:91/150 loss:0.6684 acc:0.8707
INFO:__main__:
【Val】:  SENS: 0.8927  SPEC: 0.8527  PPV: 0.8324  NPV: 0.9066
INFO:__main__:验证的best_acc:0.8778
INFO:__main__:----------------------------------------------------------------------------------------------------
INFO:__main__:
【train】epoch:92/150 loss:0.0296 acc:0.9881
INFO:__main__:
【val】epoch:92/150 loss:0.6705 acc:0.8707
INFO:__main__:
【Val】:  SENS: 0.8517  SPEC: 0.8863  PPV: 0.8599  NPV: 0.8795
INFO:__main__:验证的best_acc:0.8778
INFO:__main__:----------------------------------------------------------------------------------------------------
INFO:__main__:
【train】epoch:93/150 loss:0.0353 acc:0.9864
INFO:__main__:
【val】epoch:93/150 loss:0.6576 acc:0.8665
INFO:__main__:
【Val】:  SENS: 0.8738  SPEC: 0.8605  PPV: 0.8369  NPV: 0.8928
INFO:__main__:验证的best_acc:0.8778
INFO:__main__:----------------------------------------------------------------------------------------------------
INFO:__main__:
【train】epoch:94/150 loss:0.0296 acc:0.9888
INFO:__main__:
【val】epoch:94/150 loss:0.6704 acc:0.8679
INFO:__main__:
【Val】:  SENS: 0.8644  SPEC: 0.8708  PPV: 0.8457  NPV: 0.8868
INFO:__main__:验证的best_acc:0.8778
INFO:__main__:----------------------------------------------------------------------------------------------------
INFO:__main__:
【train】epoch:95/150 loss:0.0347 acc:0.9860
INFO:__main__:
【val】epoch:95/150 loss:0.7030 acc:0.8736
INFO:__main__:
【Val】:  SENS: 0.8959  SPEC: 0.8553  PPV: 0.8353  NPV: 0.9093
INFO:__main__:验证的best_acc:0.8778
INFO:__main__:----------------------------------------------------------------------------------------------------
INFO:__main__:
【train】epoch:96/150 loss:0.0306 acc:0.9873
INFO:__main__:
【val】epoch:96/150 loss:0.7046 acc:0.8778
INFO:__main__:
【Val】:  SENS: 0.8770  SPEC: 0.8786  PPV: 0.8554  NPV: 0.8971
INFO:__main__:验证的best_acc:0.8778
INFO:__main__:----------------------------------------------------------------------------------------------------
INFO:__main__:
【train】epoch:97/150 loss:0.0307 acc:0.9885
INFO:__main__:
【val】epoch:97/150 loss:0.7117 acc:0.8764
INFO:__main__:
【Val】:  SENS: 0.8927  SPEC: 0.8630  PPV: 0.8423  NPV: 0.9076
INFO:__main__:验证的best_acc:0.8778
INFO:__main__:----------------------------------------------------------------------------------------------------
INFO:__main__:
【train】epoch:98/150 loss:0.0366 acc:0.9871
INFO:__main__:
【val】epoch:98/150 loss:0.6875 acc:0.8736
INFO:__main__:
【Val】:  SENS: 0.8738  SPEC: 0.8734  PPV: 0.8497  NPV: 0.8942
INFO:__main__:验证的best_acc:0.8778
INFO:__main__:----------------------------------------------------------------------------------------------------
INFO:__main__:
【train】epoch:99/150 loss:0.0360 acc:0.9867
INFO:__main__:
【val】epoch:99/150 loss:0.6479 acc:0.8778
INFO:__main__:
【Val】:  SENS: 0.8833  SPEC: 0.8734  PPV: 0.8511  NPV: 0.9013
INFO:__main__:验证的best_acc:0.8778
INFO:__main__:----------------------------------------------------------------------------------------------------
INFO:__main__:
【train】epoch:100/150 loss:0.0243 acc:0.9907
INFO:__main__:
【val】epoch:100/150 loss:0.6709 acc:0.8821
INFO:__main__:
【Val】:  SENS: 0.8675  SPEC: 0.8941  PPV: 0.8703  NPV: 0.8918
INFO:__main__:验证的best_acc:0.8821
INFO:__main__:----------------------------------------------------------------------------------------------------
INFO:__main__:
【train】epoch:101/150 loss:0.0290 acc:0.9894
INFO:__main__:
【val】epoch:101/150 loss:0.6845 acc:0.8778
INFO:__main__:
【Val】:  SENS: 0.8612  SPEC: 0.8915  PPV: 0.8667  NPV: 0.8869
INFO:__main__:验证的best_acc:0.8821
INFO:__main__:----------------------------------------------------------------------------------------------------
INFO:__main__:
【train】epoch:102/150 loss:0.0264 acc:0.9904
INFO:__main__:
【val】epoch:102/150 loss:0.7170 acc:0.8750
INFO:__main__:
【Val】:  SENS: 0.8991  SPEC: 0.8553  PPV: 0.8358  NPV: 0.9118
INFO:__main__:验证的best_acc:0.8821
INFO:__main__:----------------------------------------------------------------------------------------------------
INFO:__main__:
【train】epoch:103/150 loss:0.0275 acc:0.9894
INFO:__main__:
【val】epoch:103/150 loss:0.6365 acc:0.8736
INFO:__main__:
【Val】:  SENS: 0.8801  SPEC: 0.8682  PPV: 0.8455  NPV: 0.8984
INFO:__main__:验证的best_acc:0.8821
INFO:__main__:----------------------------------------------------------------------------------------------------
INFO:__main__:
【train】epoch:104/150 loss:0.0276 acc:0.9907
INFO:__main__:
【val】epoch:104/150 loss:0.6624 acc:0.8878
INFO:__main__:
【Val】:  SENS: 0.8896  SPEC: 0.8863  PPV: 0.8650  NPV: 0.9074
INFO:__main__:验证的best_acc:0.8878
INFO:__main__:----------------------------------------------------------------------------------------------------
INFO:__main__:
【train】epoch:105/150 loss:0.0271 acc:0.9906
INFO:__main__:
【val】epoch:105/150 loss:0.7184 acc:0.8565
INFO:__main__:
【Val】:  SENS: 0.8580  SPEC: 0.8553  PPV: 0.8293  NPV: 0.8803
INFO:__main__:验证的best_acc:0.8878
INFO:__main__:----------------------------------------------------------------------------------------------------
INFO:__main__:
【train】epoch:106/150 loss:0.0261 acc:0.9902
INFO:__main__:
【val】epoch:106/150 loss:0.7514 acc:0.8679
INFO:__main__:
【Val】:  SENS: 0.8896  SPEC: 0.8501  PPV: 0.8294  NPV: 0.9038
INFO:__main__:验证的best_acc:0.8878
INFO:__main__:----------------------------------------------------------------------------------------------------
INFO:__main__:
【train】epoch:107/150 loss:0.0228 acc:0.9923
INFO:__main__:
【val】epoch:107/150 loss:0.7840 acc:0.8707
INFO:__main__:
【Val】:  SENS: 0.8707  SPEC: 0.8708  PPV: 0.8466  NPV: 0.8915
INFO:__main__:验证的best_acc:0.8878
INFO:__main__:----------------------------------------------------------------------------------------------------
INFO:__main__:
【train】epoch:108/150 loss:0.0210 acc:0.9911
INFO:__main__:
【val】epoch:108/150 loss:0.7485 acc:0.8750
INFO:__main__:
【Val】:  SENS: 0.8644  SPEC: 0.8837  PPV: 0.8589  NPV: 0.8883
INFO:__main__:验证的best_acc:0.8878
INFO:__main__:----------------------------------------------------------------------------------------------------
INFO:__main__:
【train】epoch:109/150 loss:0.0224 acc:0.9918
INFO:__main__:
【val】epoch:109/150 loss:0.8017 acc:0.8707
INFO:__main__:
【Val】:  SENS: 0.8864  SPEC: 0.8579  PPV: 0.8363  NPV: 0.9022
INFO:__main__:验证的best_acc:0.8878
INFO:__main__:----------------------------------------------------------------------------------------------------
INFO:__main__:
【train】epoch:110/150 loss:0.0217 acc:0.9932
INFO:__main__:
【val】epoch:110/150 loss:0.7387 acc:0.8679
INFO:__main__:
【Val】:  SENS: 0.8549  SPEC: 0.8786  PPV: 0.8522  NPV: 0.8808
INFO:__main__:验证的best_acc:0.8878
INFO:__main__:----------------------------------------------------------------------------------------------------
INFO:__main__:
【train】epoch:111/150 loss:0.0240 acc:0.9914
INFO:__main__:
【val】epoch:111/150 loss:0.7317 acc:0.8722
INFO:__main__:
【Val】:  SENS: 0.8580  SPEC: 0.8837  PPV: 0.8580  NPV: 0.8837
INFO:__main__:验证的best_acc:0.8878
INFO:__main__:----------------------------------------------------------------------------------------------------
INFO:__main__:
【train】epoch:112/150 loss:0.0179 acc:0.9935
INFO:__main__:
【val】epoch:112/150 loss:0.7001 acc:0.8864
INFO:__main__:
【Val】:  SENS: 0.8833  SPEC: 0.8889  PPV: 0.8669  NPV: 0.9029
INFO:__main__:验证的best_acc:0.8878
INFO:__main__:----------------------------------------------------------------------------------------------------
INFO:__main__:
【train】epoch:113/150 loss:0.0200 acc:0.9918
INFO:__main__:
【val】epoch:113/150 loss:0.7679 acc:0.8764
INFO:__main__:
【Val】:  SENS: 0.8959  SPEC: 0.8605  PPV: 0.8402  NPV: 0.9098
INFO:__main__:验证的best_acc:0.8878
INFO:__main__:----------------------------------------------------------------------------------------------------
INFO:__main__:
【train】epoch:114/150 loss:0.0151 acc:0.9944
INFO:__main__:
【val】epoch:114/150 loss:0.7659 acc:0.8793
INFO:__main__:
【Val】:  SENS: 0.8864  SPEC: 0.8734  PPV: 0.8515  NPV: 0.9037
INFO:__main__:验证的best_acc:0.8878
INFO:__main__:----------------------------------------------------------------------------------------------------
INFO:__main__:
【train】epoch:115/150 loss:0.0204 acc:0.9927
INFO:__main__:
【val】epoch:115/150 loss:0.7307 acc:0.8807
INFO:__main__:
【Val】:  SENS: 0.8580  SPEC: 0.8992  PPV: 0.8746  NPV: 0.8855
INFO:__main__:验证的best_acc:0.8878
INFO:__main__:----------------------------------------------------------------------------------------------------
INFO:__main__:
【train】epoch:116/150 loss:0.0286 acc:0.9902
INFO:__main__:
【val】epoch:116/150 loss:0.7301 acc:0.8736
INFO:__main__:
【Val】:  SENS: 0.8896  SPEC: 0.8605  PPV: 0.8393  NPV: 0.9049
INFO:__main__:验证的best_acc:0.8878
INFO:__main__:----------------------------------------------------------------------------------------------------
INFO:__main__:
【train】epoch:117/150 loss:0.0183 acc:0.9928
INFO:__main__:
【val】epoch:117/150 loss:0.7094 acc:0.8906
INFO:__main__:
【Val】:  SENS: 0.8927  SPEC: 0.8889  PPV: 0.8681  NPV: 0.9101
INFO:__main__:验证的best_acc:0.8906
INFO:__main__:----------------------------------------------------------------------------------------------------
INFO:__main__:
【train】epoch:118/150 loss:0.0248 acc:0.9899
INFO:__main__:
【val】epoch:118/150 loss:0.6472 acc:0.8864
INFO:__main__:
【Val】:  SENS: 0.8801  SPEC: 0.8915  PPV: 0.8692  NPV: 0.9008
INFO:__main__:验证的best_acc:0.8906
INFO:__main__:----------------------------------------------------------------------------------------------------
INFO:__main__:
【train】epoch:119/150 loss:0.0150 acc:0.9939
INFO:__main__:
【val】epoch:119/150 loss:0.7368 acc:0.8793
INFO:__main__:
【Val】:  SENS: 0.8738  SPEC: 0.8837  PPV: 0.8602  NPV: 0.8953
INFO:__main__:验证的best_acc:0.8906
INFO:__main__:----------------------------------------------------------------------------------------------------
INFO:__main__:
【train】epoch:120/150 loss:0.0159 acc:0.9948
INFO:__main__:
【val】epoch:120/150 loss:0.7195 acc:0.8920
INFO:__main__:
【Val】:  SENS: 0.8927  SPEC: 0.8915  PPV: 0.8708  NPV: 0.9103
INFO:__main__:验证的best_acc:0.8920
INFO:__main__:----------------------------------------------------------------------------------------------------
INFO:__main__:
【train】epoch:121/150 loss:0.0158 acc:0.9949
INFO:__main__:
【val】epoch:121/150 loss:0.7962 acc:0.8849
INFO:__main__:
【Val】:  SENS: 0.8927  SPEC: 0.8786  PPV: 0.8576  NPV: 0.9091
INFO:__main__:验证的best_acc:0.8920
INFO:__main__:----------------------------------------------------------------------------------------------------
INFO:__main__:
【train】epoch:122/150 loss:0.0146 acc:0.9932
INFO:__main__:
【val】epoch:122/150 loss:0.7591 acc:0.8835
INFO:__main__:
【Val】:  SENS: 0.8864  SPEC: 0.8811  PPV: 0.8593  NPV: 0.9045
INFO:__main__:验证的best_acc:0.8920
INFO:__main__:----------------------------------------------------------------------------------------------------
INFO:__main__:
【train】epoch:123/150 loss:0.0155 acc:0.9948
INFO:__main__:
【val】epoch:123/150 loss:0.7465 acc:0.8807
INFO:__main__:
【Val】:  SENS: 0.8896  SPEC: 0.8734  PPV: 0.8520  NPV: 0.9062
INFO:__main__:验证的best_acc:0.8920
INFO:__main__:----------------------------------------------------------------------------------------------------
INFO:__main__:
【train】epoch:124/150 loss:0.0121 acc:0.9956
INFO:__main__:
【val】epoch:124/150 loss:0.7903 acc:0.8793
INFO:__main__:
【Val】:  SENS: 0.8864  SPEC: 0.8734  PPV: 0.8515  NPV: 0.9037
INFO:__main__:验证的best_acc:0.8920
INFO:__main__:----------------------------------------------------------------------------------------------------
INFO:__main__:
【train】epoch:125/150 loss:0.0227 acc:0.9911
INFO:__main__:
【val】epoch:125/150 loss:0.7882 acc:0.8764
INFO:__main__:
【Val】:  SENS: 0.9117  SPEC: 0.8475  PPV: 0.8305  NPV: 0.9213
INFO:__main__:验证的best_acc:0.8920
INFO:__main__:----------------------------------------------------------------------------------------------------
INFO:__main__:
【train】epoch:126/150 loss:0.0159 acc:0.9949
INFO:__main__:
【val】epoch:126/150 loss:0.7632 acc:0.8821
INFO:__main__:
【Val】:  SENS: 0.8864  SPEC: 0.8786  PPV: 0.8567  NPV: 0.9043
INFO:__main__:验证的best_acc:0.8920
INFO:__main__:----------------------------------------------------------------------------------------------------
INFO:__main__:
【train】epoch:127/150 loss:0.0147 acc:0.9951
INFO:__main__:
【val】epoch:127/150 loss:0.8114 acc:0.8750
INFO:__main__:
【Val】:  SENS: 0.8959  SPEC: 0.8579  PPV: 0.8378  NPV: 0.9096
INFO:__main__:验证的best_acc:0.8920
INFO:__main__:----------------------------------------------------------------------------------------------------
INFO:__main__:
【train】epoch:128/150 loss:0.0153 acc:0.9948
INFO:__main__:
【val】epoch:128/150 loss:0.7425 acc:0.8750
INFO:__main__:
【Val】:  SENS: 0.8644  SPEC: 0.8837  PPV: 0.8589  NPV: 0.8883
INFO:__main__:验证的best_acc:0.8920
INFO:__main__:----------------------------------------------------------------------------------------------------
INFO:__main__:
【train】epoch:129/150 loss:0.0130 acc:0.9949
INFO:__main__:
【val】epoch:129/150 loss:0.7936 acc:0.8878
INFO:__main__:
【Val】:  SENS: 0.8801  SPEC: 0.8941  PPV: 0.8719  NPV: 0.9010
INFO:__main__:验证的best_acc:0.8920
INFO:__main__:----------------------------------------------------------------------------------------------------
INFO:__main__:
【train】epoch:130/150 loss:0.0168 acc:0.9935
INFO:__main__:
【val】epoch:130/150 loss:0.7899 acc:0.8821
INFO:__main__:
【Val】:  SENS: 0.8896  SPEC: 0.8760  PPV: 0.8545  NPV: 0.9064
INFO:__main__:验证的best_acc:0.8920
INFO:__main__:----------------------------------------------------------------------------------------------------
INFO:__main__:
【train】epoch:131/150 loss:0.0109 acc:0.9960
INFO:__main__:
【val】epoch:131/150 loss:0.7925 acc:0.8835
INFO:__main__:
【Val】:  SENS: 0.8864  SPEC: 0.8811  PPV: 0.8593  NPV: 0.9045
INFO:__main__:验证的best_acc:0.8920
INFO:__main__:----------------------------------------------------------------------------------------------------
INFO:__main__:
【train】epoch:132/150 loss:0.0103 acc:0.9963
INFO:__main__:
【val】epoch:132/150 loss:0.8090 acc:0.8835
INFO:__main__:
【Val】:  SENS: 0.9022  SPEC: 0.8682  PPV: 0.8487  NPV: 0.9155
INFO:__main__:验证的best_acc:0.8920
INFO:__main__:----------------------------------------------------------------------------------------------------
INFO:__main__:
【train】epoch:133/150 loss:0.0113 acc:0.9951
INFO:__main__:
【val】epoch:133/150 loss:0.8498 acc:0.8736
INFO:__main__:
【Val】:  SENS: 0.8864  SPEC: 0.8630  PPV: 0.8413  NPV: 0.9027
INFO:__main__:验证的best_acc:0.8920
INFO:__main__:----------------------------------------------------------------------------------------------------
INFO:__main__:
【train】epoch:134/150 loss:0.0114 acc:0.9962
INFO:__main__:
【val】epoch:134/150 loss:0.7898 acc:0.8849
INFO:__main__:
【Val】:  SENS: 0.8927  SPEC: 0.8786  PPV: 0.8576  NPV: 0.9091
INFO:__main__:验证的best_acc:0.8920
INFO:__main__:----------------------------------------------------------------------------------------------------
INFO:__main__:
【train】epoch:135/150 loss:0.0149 acc:0.9946
INFO:__main__:
【val】epoch:135/150 loss:0.8093 acc:0.8764
INFO:__main__:
【Val】:  SENS: 0.8896  SPEC: 0.8656  PPV: 0.8443  NPV: 0.9054
INFO:__main__:验证的best_acc:0.8920
INFO:__main__:----------------------------------------------------------------------------------------------------
INFO:__main__:
【train】epoch:136/150 loss:0.0091 acc:0.9969
INFO:__main__:
【val】epoch:136/150 loss:0.8654 acc:0.8764
INFO:__main__:
【Val】:  SENS: 0.8801  SPEC: 0.8734  PPV: 0.8506  NPV: 0.8989
INFO:__main__:验证的best_acc:0.8920
INFO:__main__:----------------------------------------------------------------------------------------------------
INFO:__main__:
【train】epoch:137/150 loss:0.0097 acc:0.9972
INFO:__main__:
【val】epoch:137/150 loss:0.8999 acc:0.8707
INFO:__main__:
【Val】:  SENS: 0.8770  SPEC: 0.8656  PPV: 0.8424  NPV: 0.8957
INFO:__main__:验证的best_acc:0.8920
INFO:__main__:----------------------------------------------------------------------------------------------------
INFO:__main__:
【train】epoch:138/150 loss:0.0100 acc:0.9969
INFO:__main__:
【val】epoch:138/150 loss:0.8992 acc:0.8736
INFO:__main__:
【Val】:  SENS: 0.8864  SPEC: 0.8630  PPV: 0.8413  NPV: 0.9027
INFO:__main__:验证的best_acc:0.8920
INFO:__main__:----------------------------------------------------------------------------------------------------
INFO:__main__:
【train】epoch:139/150 loss:0.0098 acc:0.9969
INFO:__main__:
【val】epoch:139/150 loss:0.8297 acc:0.8750
INFO:__main__:
【Val】:  SENS: 0.8707  SPEC: 0.8786  PPV: 0.8545  NPV: 0.8924
INFO:__main__:验证的best_acc:0.8920
INFO:__main__:----------------------------------------------------------------------------------------------------
INFO:__main__:
【train】epoch:140/150 loss:0.0078 acc:0.9976
INFO:__main__:
【val】epoch:140/150 loss:0.8710 acc:0.8778
INFO:__main__:
【Val】:  SENS: 0.8801  SPEC: 0.8760  PPV: 0.8532  NPV: 0.8992
INFO:__main__:验证的best_acc:0.8920
INFO:__main__:----------------------------------------------------------------------------------------------------
INFO:__main__:
【train】epoch:141/150 loss:0.0069 acc:0.9981
INFO:__main__:
【val】epoch:141/150 loss:0.8631 acc:0.8736
INFO:__main__:
【Val】:  SENS: 0.8833  SPEC: 0.8656  PPV: 0.8434  NPV: 0.9005
INFO:__main__:验证的best_acc:0.8920
INFO:__main__:----------------------------------------------------------------------------------------------------
INFO:__main__:
【train】epoch:142/150 loss:0.0067 acc:0.9972
INFO:__main__:
【val】epoch:142/150 loss:0.8765 acc:0.8722
INFO:__main__:
【Val】:  SENS: 0.8770  SPEC: 0.8682  PPV: 0.8450  NPV: 0.8960
INFO:__main__:验证的best_acc:0.8920
INFO:__main__:----------------------------------------------------------------------------------------------------
INFO:__main__:
【train】epoch:143/150 loss:0.0080 acc:0.9969
INFO:__main__:
【val】epoch:143/150 loss:0.8528 acc:0.8778
INFO:__main__:
【Val】:  SENS: 0.8833  SPEC: 0.8734  PPV: 0.8511  NPV: 0.9013
INFO:__main__:验证的best_acc:0.8920
INFO:__main__:----------------------------------------------------------------------------------------------------
INFO:__main__:
【train】epoch:144/150 loss:0.0077 acc:0.9976
INFO:__main__:
【val】epoch:144/150 loss:0.8701 acc:0.8793
INFO:__main__:
【Val】:  SENS: 0.8927  SPEC: 0.8682  PPV: 0.8473  NPV: 0.9081
INFO:__main__:验证的best_acc:0.8920
INFO:__main__:----------------------------------------------------------------------------------------------------
INFO:__main__:
【train】epoch:145/150 loss:0.0082 acc:0.9969
INFO:__main__:
【val】epoch:145/150 loss:0.8493 acc:0.8835
INFO:__main__:
【Val】:  SENS: 0.8801  SPEC: 0.8863  PPV: 0.8638  NPV: 0.9003
INFO:__main__:验证的best_acc:0.8920
INFO:__main__:----------------------------------------------------------------------------------------------------
INFO:__main__:
【train】epoch:146/150 loss:0.0092 acc:0.9962
INFO:__main__:
【val】epoch:146/150 loss:0.8928 acc:0.8793
INFO:__main__:
【Val】:  SENS: 0.8801  SPEC: 0.8786  PPV: 0.8558  NPV: 0.8995
INFO:__main__:验证的best_acc:0.8920
INFO:__main__:----------------------------------------------------------------------------------------------------
INFO:__main__:
【train】epoch:147/150 loss:0.0071 acc:0.9977
INFO:__main__:
【val】epoch:147/150 loss:0.8122 acc:0.8864
INFO:__main__:
【Val】:  SENS: 0.8675  SPEC: 0.9018  PPV: 0.8786  NPV: 0.8926
INFO:__main__:验证的best_acc:0.8920
INFO:__main__:----------------------------------------------------------------------------------------------------
INFO:__main__:
【train】epoch:148/150 loss:0.0092 acc:0.9965
INFO:__main__:
【val】epoch:148/150 loss:0.8482 acc:0.8807
INFO:__main__:
【Val】:  SENS: 0.8675  SPEC: 0.8915  PPV: 0.8675  NPV: 0.8915
INFO:__main__:验证的best_acc:0.8920
INFO:__main__:----------------------------------------------------------------------------------------------------
INFO:__main__:
【train】epoch:149/150 loss:0.0071 acc:0.9972
INFO:__main__:
【val】epoch:149/150 loss:0.8616 acc:0.8778
INFO:__main__:
【Val】:  SENS: 0.8738  SPEC: 0.8811  PPV: 0.8576  NPV: 0.8950
INFO:__main__:验证的best_acc:0.8920
INFO:__main__:----------------------------------------------------------------------------------------------------
INFO:__main__:****************************************************************************************************
INFO:__main__:Val_LOSS:['0.5767', '0.5809', '0.4620', '0.4515', '0.4250', '0.4114', '0.3734', '0.3932', '0.3739', '0.3816', '0.3552', '0.3655', '0.3557', '0.3749', '0.3473', '0.3479', '0.3782', '0.3419', '0.3741', '0.3772', '0.3716', '0.3514', '0.3788', '0.3888', '0.4176', '0.3897', '0.3384', '0.3953', '0.3754', '0.3684', '0.3913', '0.3612', '0.3790', '0.3739', '0.3597', '0.4179', '0.3968', '0.3705', '0.4338', '0.3964', '0.4111', '0.3769', '0.3565', '0.4014', '0.4443', '0.4658', '0.4115', '0.3823', '0.5092', '0.4504', '0.4663', '0.4106', '0.4784', '0.5462', '0.5004', '0.4730', '0.4455', '0.4719', '0.5229', '0.4732', '0.4816', '0.4714', '0.5871', '0.5704', '0.6161', '0.5661', '0.4612', '0.5681', '0.5293', '0.6084', '0.5341', '0.5192', '0.5279', '0.6187', '0.5775', '0.6240', '0.7200', '0.6043', '0.6125', '0.5985', '0.6076', '0.5922', '0.6188', '0.6296', '0.6614', '0.5969', '0.6058', '0.7075', '0.5923', '0.6712', '0.5898', '0.6684', '0.6705', '0.6576', '0.6704', '0.7030', '0.7046', '0.7117', '0.6875', '0.6479', '0.6709', '0.6845', '0.7170', '0.6365', '0.6624', '0.7184', '0.7514', '0.7840', '0.7485', '0.8017', '0.7387', '0.7317', '0.7001', '0.7679', '0.7659', '0.7307', '0.7301', '0.7094', '0.6472', '0.7368', '0.7195', '0.7962', '0.7591', '0.7465', '0.7903', '0.7882', '0.7632', '0.8114', '0.7425', '0.7936', '0.7899', '0.7925', '0.8090', '0.8498', '0.7898', '0.8093', '0.8654', '0.8999', '0.8992', '0.8297', '0.8710', '0.8631', '0.8765', '0.8528', '0.8701', '0.8493', '0.8928', '0.8122', '0.8482', '0.8616']
INFO:__main__:Val_ACC:['0.6676', '0.7244', '0.7812', '0.7898', '0.8054', '0.8068', '0.8423', '0.8423', '0.8395', '0.8253', '0.8381', '0.8281', '0.8480', '0.8366', '0.8523', '0.8580', '0.8438', '0.8480', '0.8423', '0.8551', '0.8423', '0.8494', '0.8395', '0.8395', '0.8281', '0.8267', '0.8608', '0.8381', '0.8594', '0.8480', '0.8295', '0.8750', '0.8494', '0.8523', '0.8480', '0.8366', '0.8509', '0.8580', '0.8409', '0.8452', '0.8352', '0.8679', '0.8693', '0.8622', '0.8366', '0.8381', '0.8565', '0.8594', '0.8636', '0.8651', '0.8537', '0.8693', '0.8565', '0.8494', '0.8551', '0.8622', '0.8565', '0.8509', '0.8295', '0.8707', '0.8665', '0.8651', '0.8594', '0.8565', '0.8523', '0.8523', '0.8707', '0.8707', '0.8707', '0.8651', '0.8693', '0.8778', '0.8693', '0.8665', '0.8665', '0.8679', '0.8565', '0.8551', '0.8622', '0.8651', '0.8608', '0.8764', '0.8679', '0.8665', '0.8778', '0.8693', '0.8693', '0.8551', '0.8722', '0.8707', '0.8722', '0.8707', '0.8707', '0.8665', '0.8679', '0.8736', '0.8778', '0.8764', '0.8736', '0.8778', '0.8821', '0.8778', '0.8750', '0.8736', '0.8878', '0.8565', '0.8679', '0.8707', '0.8750', '0.8707', '0.8679', '0.8722', '0.8864', '0.8764', '0.8793', '0.8807', '0.8736', '0.8906', '0.8864', '0.8793', '0.8920', '0.8849', '0.8835', '0.8807', '0.8793', '0.8764', '0.8821', '0.8750', '0.8750', '0.8878', '0.8821', '0.8835', '0.8835', '0.8736', '0.8849', '0.8764', '0.8764', '0.8707', '0.8736', '0.8750', '0.8778', '0.8736', '0.8722', '0.8778', '0.8793', '0.8835', '0.8793', '0.8864', '0.8807', '0.8778']
INFO:__main__:****************************************************************************************************
INFO:__main__: epoch0 测试test_Loss: 0.7272  test_ACC: 0.8776  
INFO:__main__:SENS: 0.8671 SPEC: 0.8864 PPV: 0.8645 NPV: 0.8886
INFO:__main__:test_Best_acc:0.8776
