INFO:__main__:
【train】epoch:0/150 loss:0.6287 acc:0.6435
INFO:__main__:
【val】epoch:0/150 loss:0.5503 acc:0.7088
INFO:__main__:
【Val】:  SENS: 0.6088  SPEC: 0.7907  PPV: 0.7044  NPV: 0.7116
INFO:__main__:验证的best_acc:0.7088
INFO:__main__:----------------------------------------------------------------------------------------------------
INFO:__main__:
【train】epoch:1/150 loss:0.5176 acc:0.7484
INFO:__main__:
【val】epoch:1/150 loss:0.4915 acc:0.7585
INFO:__main__:
【Val】:  SENS: 0.6309  SPEC: 0.8630  PPV: 0.7905  NPV: 0.7406
INFO:__main__:验证的best_acc:0.7585
INFO:__main__:----------------------------------------------------------------------------------------------------
INFO:__main__:
【train】epoch:2/150 loss:0.4391 acc:0.7916
INFO:__main__:
【val】epoch:2/150 loss:0.4543 acc:0.7770
INFO:__main__:
【Val】:  SENS: 0.6309  SPEC: 0.8966  PPV: 0.8333  NPV: 0.7478
INFO:__main__:验证的best_acc:0.7770
INFO:__main__:----------------------------------------------------------------------------------------------------
INFO:__main__:
【train】epoch:3/150 loss:0.4141 acc:0.8128
INFO:__main__:
【val】epoch:3/150 loss:0.4158 acc:0.8139
INFO:__main__:
【Val】:  SENS: 0.7098  SPEC: 0.8992  PPV: 0.8523  NPV: 0.7909
INFO:__main__:验证的best_acc:0.8139
INFO:__main__:----------------------------------------------------------------------------------------------------
INFO:__main__:
【train】epoch:4/150 loss:0.3897 acc:0.8254
INFO:__main__:
【val】epoch:4/150 loss:0.4492 acc:0.8153
INFO:__main__:
【Val】:  SENS: 0.6909  SPEC: 0.9173  PPV: 0.8725  NPV: 0.7837
INFO:__main__:验证的best_acc:0.8153
INFO:__main__:----------------------------------------------------------------------------------------------------
INFO:__main__:
【train】epoch:5/150 loss:0.3773 acc:0.8324
INFO:__main__:
【val】epoch:5/150 loss:0.4064 acc:0.8068
INFO:__main__:
【Val】:  SENS: 0.7066  SPEC: 0.8889  PPV: 0.8390  NPV: 0.7872
INFO:__main__:验证的best_acc:0.8153
INFO:__main__:----------------------------------------------------------------------------------------------------
INFO:__main__:
【train】epoch:6/150 loss:0.3696 acc:0.8392
INFO:__main__:
【val】epoch:6/150 loss:0.3963 acc:0.8224
INFO:__main__:
【Val】:  SENS: 0.7319  SPEC: 0.8966  PPV: 0.8529  NPV: 0.8032
INFO:__main__:验证的best_acc:0.8224
INFO:__main__:----------------------------------------------------------------------------------------------------
INFO:__main__:
【train】epoch:7/150 loss:0.3628 acc:0.8471
INFO:__main__:
【val】epoch:7/150 loss:0.3892 acc:0.8182
INFO:__main__:
【Val】:  SENS: 0.7066  SPEC: 0.9096  PPV: 0.8649  NPV: 0.7910
INFO:__main__:验证的best_acc:0.8224
INFO:__main__:----------------------------------------------------------------------------------------------------
INFO:__main__:
【train】epoch:8/150 loss:0.3501 acc:0.8481
INFO:__main__:
【val】epoch:8/150 loss:0.3898 acc:0.8224
INFO:__main__:
【Val】:  SENS: 0.7823  SPEC: 0.8553  PPV: 0.8158  NPV: 0.8275
INFO:__main__:验证的best_acc:0.8224
INFO:__main__:----------------------------------------------------------------------------------------------------
INFO:__main__:
【train】epoch:9/150 loss:0.3423 acc:0.8561
INFO:__main__:
【val】epoch:9/150 loss:0.3621 acc:0.8295
INFO:__main__:
【Val】:  SENS: 0.8328  SPEC: 0.8269  PPV: 0.7976  NPV: 0.8579
INFO:__main__:验证的best_acc:0.8295
INFO:__main__:----------------------------------------------------------------------------------------------------
INFO:__main__:
【train】epoch:10/150 loss:0.3264 acc:0.8600
INFO:__main__:
【val】epoch:10/150 loss:0.3694 acc:0.8324
INFO:__main__:
【Val】:  SENS: 0.8170  SPEC: 0.8450  PPV: 0.8119  NPV: 0.8494
INFO:__main__:验证的best_acc:0.8324
INFO:__main__:----------------------------------------------------------------------------------------------------
INFO:__main__:
【train】epoch:11/150 loss:0.3194 acc:0.8654
INFO:__main__:
【val】epoch:11/150 loss:0.3751 acc:0.8182
INFO:__main__:
【Val】:  SENS: 0.8486  SPEC: 0.7933  PPV: 0.7708  NPV: 0.8648
INFO:__main__:验证的best_acc:0.8324
INFO:__main__:----------------------------------------------------------------------------------------------------
INFO:__main__:
【train】epoch:12/150 loss:0.3113 acc:0.8687
INFO:__main__:
【val】epoch:12/150 loss:0.3676 acc:0.8295
INFO:__main__:
【Val】:  SENS: 0.8265  SPEC: 0.8320  PPV: 0.8012  NPV: 0.8541
INFO:__main__:验证的best_acc:0.8324
INFO:__main__:----------------------------------------------------------------------------------------------------
INFO:__main__:
【train】epoch:13/150 loss:0.3073 acc:0.8719
INFO:__main__:
【val】epoch:13/150 loss:0.3920 acc:0.8253
INFO:__main__:
【Val】:  SENS: 0.8202  SPEC: 0.8295  PPV: 0.7975  NPV: 0.8492
INFO:__main__:验证的best_acc:0.8324
INFO:__main__:----------------------------------------------------------------------------------------------------
INFO:__main__:
【train】epoch:14/150 loss:0.3139 acc:0.8689
INFO:__main__:
【val】epoch:14/150 loss:0.3626 acc:0.8537
INFO:__main__:
【Val】:  SENS: 0.8644  SPEC: 0.8450  PPV: 0.8204  NPV: 0.8838
INFO:__main__:验证的best_acc:0.8537
INFO:__main__:----------------------------------------------------------------------------------------------------
INFO:__main__:
【train】epoch:15/150 loss:0.2969 acc:0.8781
INFO:__main__:
【val】epoch:15/150 loss:0.3770 acc:0.8381
INFO:__main__:
【Val】:  SENS: 0.8044  SPEC: 0.8656  PPV: 0.8306  NPV: 0.8438
INFO:__main__:验证的best_acc:0.8537
INFO:__main__:----------------------------------------------------------------------------------------------------
INFO:__main__:
【train】epoch:16/150 loss:0.2987 acc:0.8759
INFO:__main__:
【val】epoch:16/150 loss:0.3258 acc:0.8651
INFO:__main__:
【Val】:  SENS: 0.8644  SPEC: 0.8656  PPV: 0.8405  NPV: 0.8862
INFO:__main__:验证的best_acc:0.8651
INFO:__main__:----------------------------------------------------------------------------------------------------
INFO:__main__:
【train】epoch:17/150 loss:0.2956 acc:0.8773
INFO:__main__:
【val】epoch:17/150 loss:0.3562 acc:0.8551
INFO:__main__:
【Val】:  SENS: 0.8486  SPEC: 0.8605  PPV: 0.8328  NPV: 0.8740
INFO:__main__:验证的best_acc:0.8651
INFO:__main__:----------------------------------------------------------------------------------------------------
INFO:__main__:
【train】epoch:18/150 loss:0.2899 acc:0.8867
INFO:__main__:
【val】epoch:18/150 loss:0.3498 acc:0.8452
INFO:__main__:
【Val】:  SENS: 0.8770  SPEC: 0.8191  PPV: 0.7989  NPV: 0.8904
INFO:__main__:验证的best_acc:0.8651
INFO:__main__:----------------------------------------------------------------------------------------------------
INFO:__main__:
【train】epoch:19/150 loss:0.2653 acc:0.8902
INFO:__main__:
【val】epoch:19/150 loss:0.4006 acc:0.8281
INFO:__main__:
【Val】:  SENS: 0.8328  SPEC: 0.8243  PPV: 0.7952  NPV: 0.8575
INFO:__main__:验证的best_acc:0.8651
INFO:__main__:----------------------------------------------------------------------------------------------------
INFO:__main__:
【train】epoch:20/150 loss:0.2709 acc:0.8900
INFO:__main__:
【val】epoch:20/150 loss:0.3492 acc:0.8509
INFO:__main__:
【Val】:  SENS: 0.8896  SPEC: 0.8191  PPV: 0.8011  NPV: 0.9006
INFO:__main__:验证的best_acc:0.8651
INFO:__main__:----------------------------------------------------------------------------------------------------
INFO:__main__:
【train】epoch:21/150 loss:0.2601 acc:0.8975
INFO:__main__:
【val】epoch:21/150 loss:0.3701 acc:0.8466
INFO:__main__:
【Val】:  SENS: 0.8896  SPEC: 0.8114  PPV: 0.7944  NPV: 0.8997
INFO:__main__:验证的best_acc:0.8651
INFO:__main__:----------------------------------------------------------------------------------------------------
INFO:__main__:
【train】epoch:22/150 loss:0.2565 acc:0.8958
INFO:__main__:
【val】epoch:22/150 loss:0.3365 acc:0.8665
INFO:__main__:
【Val】:  SENS: 0.8770  SPEC: 0.8579  PPV: 0.8348  NPV: 0.8949
INFO:__main__:验证的best_acc:0.8665
INFO:__main__:----------------------------------------------------------------------------------------------------
INFO:__main__:
【train】epoch:23/150 loss:0.2515 acc:0.8965
INFO:__main__:
【val】epoch:23/150 loss:0.3532 acc:0.8580
INFO:__main__:
【Val】:  SENS: 0.8833  SPEC: 0.8372  PPV: 0.8163  NPV: 0.8975
INFO:__main__:验证的best_acc:0.8665
INFO:__main__:----------------------------------------------------------------------------------------------------
INFO:__main__:
【train】epoch:24/150 loss:0.2439 acc:0.9022
INFO:__main__:
【val】epoch:24/150 loss:0.4059 acc:0.8338
INFO:__main__:
【Val】:  SENS: 0.8170  SPEC: 0.8475  PPV: 0.8145  NPV: 0.8497
INFO:__main__:验证的best_acc:0.8665
INFO:__main__:----------------------------------------------------------------------------------------------------
INFO:__main__:
【train】epoch:25/150 loss:0.2520 acc:0.8953
INFO:__main__:
【val】epoch:25/150 loss:0.3823 acc:0.8267
INFO:__main__:
【Val】:  SENS: 0.8013  SPEC: 0.8475  PPV: 0.8115  NPV: 0.8389
INFO:__main__:验证的best_acc:0.8665
INFO:__main__:----------------------------------------------------------------------------------------------------
INFO:__main__:
【train】epoch:26/150 loss:0.2417 acc:0.9017
INFO:__main__:
【val】epoch:26/150 loss:0.3900 acc:0.8310
INFO:__main__:
【Val】:  SENS: 0.8549  SPEC: 0.8114  PPV: 0.7878  NPV: 0.8722
INFO:__main__:验证的best_acc:0.8665
INFO:__main__:----------------------------------------------------------------------------------------------------
INFO:__main__:
【train】epoch:27/150 loss:0.2408 acc:0.9017
INFO:__main__:
【val】epoch:27/150 loss:0.3836 acc:0.8494
INFO:__main__:
【Val】:  SENS: 0.8265  SPEC: 0.8682  PPV: 0.8371  NPV: 0.8593
INFO:__main__:验证的best_acc:0.8665
INFO:__main__:----------------------------------------------------------------------------------------------------
INFO:__main__:
【train】epoch:28/150 loss:0.2394 acc:0.9038
INFO:__main__:
【val】epoch:28/150 loss:0.4087 acc:0.8338
INFO:__main__:
【Val】:  SENS: 0.8139  SPEC: 0.8501  PPV: 0.8165  NPV: 0.8479
INFO:__main__:验证的best_acc:0.8665
INFO:__main__:----------------------------------------------------------------------------------------------------
INFO:__main__:
【train】epoch:29/150 loss:0.2181 acc:0.9122
INFO:__main__:
【val】epoch:29/150 loss:0.3932 acc:0.8310
INFO:__main__:
【Val】:  SENS: 0.8675  SPEC: 0.8010  PPV: 0.7812  NPV: 0.8807
INFO:__main__:验证的best_acc:0.8665
INFO:__main__:----------------------------------------------------------------------------------------------------
INFO:__main__:
【train】epoch:30/150 loss:0.2175 acc:0.9108
INFO:__main__:
【val】epoch:30/150 loss:0.4157 acc:0.8310
INFO:__main__:
【Val】:  SENS: 0.8517  SPEC: 0.8140  PPV: 0.7895  NPV: 0.8702
INFO:__main__:验证的best_acc:0.8665
INFO:__main__:----------------------------------------------------------------------------------------------------
INFO:__main__:
【train】epoch:31/150 loss:0.2197 acc:0.9083
INFO:__main__:
【val】epoch:31/150 loss:0.4416 acc:0.8267
INFO:__main__:
【Val】:  SENS: 0.9022  SPEC: 0.7649  PPV: 0.7586  NPV: 0.9052
INFO:__main__:验证的best_acc:0.8665
INFO:__main__:----------------------------------------------------------------------------------------------------
INFO:__main__:
【train】epoch:32/150 loss:0.2067 acc:0.9179
INFO:__main__:
【val】epoch:32/150 loss:0.3829 acc:0.8452
INFO:__main__:
【Val】:  SENS: 0.8833  SPEC: 0.8140  PPV: 0.7955  NPV: 0.8949
INFO:__main__:验证的best_acc:0.8665
INFO:__main__:----------------------------------------------------------------------------------------------------
INFO:__main__:
【train】epoch:33/150 loss:0.2042 acc:0.9185
INFO:__main__:
【val】epoch:33/150 loss:0.4692 acc:0.8097
INFO:__main__:
【Val】:  SENS: 0.8233  SPEC: 0.7984  PPV: 0.7699  NPV: 0.8466
INFO:__main__:验证的best_acc:0.8665
INFO:__main__:----------------------------------------------------------------------------------------------------
INFO:__main__:
【train】epoch:34/150 loss:0.1991 acc:0.9197
INFO:__main__:
【val】epoch:34/150 loss:0.4062 acc:0.8438
INFO:__main__:
【Val】:  SENS: 0.8644  SPEC: 0.8269  PPV: 0.8035  NPV: 0.8815
INFO:__main__:验证的best_acc:0.8665
INFO:__main__:----------------------------------------------------------------------------------------------------
INFO:__main__:
【train】epoch:35/150 loss:0.1969 acc:0.9232
INFO:__main__:
【val】epoch:35/150 loss:0.4800 acc:0.8239
INFO:__main__:
【Val】:  SENS: 0.8770  SPEC: 0.7804  PPV: 0.7658  NPV: 0.8856
INFO:__main__:验证的best_acc:0.8665
INFO:__main__:----------------------------------------------------------------------------------------------------
INFO:__main__:
【train】epoch:36/150 loss:0.2008 acc:0.9160
INFO:__main__:
【val】epoch:36/150 loss:0.4093 acc:0.8295
INFO:__main__:
【Val】:  SENS: 0.8927  SPEC: 0.7778  PPV: 0.7669  NPV: 0.8985
INFO:__main__:验证的best_acc:0.8665
INFO:__main__:----------------------------------------------------------------------------------------------------
INFO:__main__:
【train】epoch:37/150 loss:0.1919 acc:0.9248
INFO:__main__:
【val】epoch:37/150 loss:0.4595 acc:0.8224
INFO:__main__:
【Val】:  SENS: 0.7886  SPEC: 0.8501  PPV: 0.8117  NPV: 0.8308
INFO:__main__:验证的best_acc:0.8665
INFO:__main__:----------------------------------------------------------------------------------------------------
INFO:__main__:
【train】epoch:38/150 loss:0.1920 acc:0.9246
INFO:__main__:
【val】epoch:38/150 loss:0.4649 acc:0.8381
INFO:__main__:
【Val】:  SENS: 0.8107  SPEC: 0.8605  PPV: 0.8264  NPV: 0.8473
INFO:__main__:验证的best_acc:0.8665
INFO:__main__:----------------------------------------------------------------------------------------------------
INFO:__main__:
【train】epoch:39/150 loss:0.1772 acc:0.9295
INFO:__main__:
【val】epoch:39/150 loss:0.4110 acc:0.8423
INFO:__main__:
【Val】:  SENS: 0.8770  SPEC: 0.8140  PPV: 0.7943  NPV: 0.8898
INFO:__main__:验证的best_acc:0.8665
INFO:__main__:----------------------------------------------------------------------------------------------------
INFO:__main__:
【train】epoch:40/150 loss:0.1721 acc:0.9326
INFO:__main__:
【val】epoch:40/150 loss:0.4772 acc:0.8480
INFO:__main__:
【Val】:  SENS: 0.7729  SPEC: 0.9096  PPV: 0.8750  NPV: 0.8302
INFO:__main__:验证的best_acc:0.8665
INFO:__main__:----------------------------------------------------------------------------------------------------
INFO:__main__:
【train】epoch:41/150 loss:0.1749 acc:0.9323
INFO:__main__:
【val】epoch:41/150 loss:0.3942 acc:0.8580
INFO:__main__:
【Val】:  SENS: 0.8549  SPEC: 0.8605  PPV: 0.8338  NPV: 0.8786
INFO:__main__:验证的best_acc:0.8665
INFO:__main__:----------------------------------------------------------------------------------------------------
INFO:__main__:
【train】epoch:42/150 loss:0.1713 acc:0.9309
INFO:__main__:
【val】epoch:42/150 loss:0.3946 acc:0.8679
INFO:__main__:
【Val】:  SENS: 0.8864  SPEC: 0.8527  PPV: 0.8314  NPV: 0.9016
INFO:__main__:验证的best_acc:0.8679
INFO:__main__:----------------------------------------------------------------------------------------------------
INFO:__main__:
【train】epoch:43/150 loss:0.1669 acc:0.9347
INFO:__main__:
【val】epoch:43/150 loss:0.3973 acc:0.8665
INFO:__main__:
【Val】:  SENS: 0.8675  SPEC: 0.8656  PPV: 0.8410  NPV: 0.8886
INFO:__main__:验证的best_acc:0.8679
INFO:__main__:----------------------------------------------------------------------------------------------------
INFO:__main__:
【train】epoch:44/150 loss:0.1681 acc:0.9328
INFO:__main__:
【val】epoch:44/150 loss:0.4081 acc:0.8580
INFO:__main__:
【Val】:  SENS: 0.8580  SPEC: 0.8579  PPV: 0.8318  NPV: 0.8806
INFO:__main__:验证的best_acc:0.8679
INFO:__main__:----------------------------------------------------------------------------------------------------
INFO:__main__:
【train】epoch:45/150 loss:0.1675 acc:0.9302
INFO:__main__:
【val】epoch:45/150 loss:0.4560 acc:0.8480
INFO:__main__:
【Val】:  SENS: 0.8612  SPEC: 0.8372  PPV: 0.8125  NPV: 0.8804
INFO:__main__:验证的best_acc:0.8679
INFO:__main__:----------------------------------------------------------------------------------------------------
INFO:__main__:
【train】epoch:46/150 loss:0.1592 acc:0.9377
INFO:__main__:
【val】epoch:46/150 loss:0.4426 acc:0.8452
INFO:__main__:
【Val】:  SENS: 0.8927  SPEC: 0.8062  PPV: 0.7905  NPV: 0.9017
INFO:__main__:验证的best_acc:0.8679
INFO:__main__:----------------------------------------------------------------------------------------------------
INFO:__main__:
【train】epoch:47/150 loss:0.1646 acc:0.9314
INFO:__main__:
【val】epoch:47/150 loss:0.4269 acc:0.8409
INFO:__main__:
【Val】:  SENS: 0.8486  SPEC: 0.8346  PPV: 0.8078  NPV: 0.8706
INFO:__main__:验证的best_acc:0.8679
INFO:__main__:----------------------------------------------------------------------------------------------------
INFO:__main__:
【train】epoch:48/150 loss:0.1572 acc:0.9373
INFO:__main__:
【val】epoch:48/150 loss:0.4699 acc:0.8366
INFO:__main__:
【Val】:  SENS: 0.8864  SPEC: 0.7959  PPV: 0.7806  NPV: 0.8953
INFO:__main__:验证的best_acc:0.8679
INFO:__main__:----------------------------------------------------------------------------------------------------
INFO:__main__:
【train】epoch:49/150 loss:0.1501 acc:0.9417
INFO:__main__:
【val】epoch:49/150 loss:0.4404 acc:0.8537
INFO:__main__:
【Val】:  SENS: 0.8770  SPEC: 0.8346  PPV: 0.8129  NPV: 0.8923
INFO:__main__:验证的best_acc:0.8679
INFO:__main__:----------------------------------------------------------------------------------------------------
INFO:__main__:
【train】epoch:50/150 loss:0.1531 acc:0.9382
INFO:__main__:
【val】epoch:50/150 loss:0.4668 acc:0.8523
INFO:__main__:
【Val】:  SENS: 0.8517  SPEC: 0.8527  PPV: 0.8257  NPV: 0.8753
INFO:__main__:验证的best_acc:0.8679
INFO:__main__:----------------------------------------------------------------------------------------------------
INFO:__main__:
【train】epoch:51/150 loss:0.1313 acc:0.9497
INFO:__main__:
【val】epoch:51/150 loss:0.4843 acc:0.8409
INFO:__main__:
【Val】:  SENS: 0.8896  SPEC: 0.8010  PPV: 0.7855  NPV: 0.8986
INFO:__main__:验证的best_acc:0.8679
INFO:__main__:----------------------------------------------------------------------------------------------------
INFO:__main__:
【train】epoch:52/150 loss:0.1353 acc:0.9473
INFO:__main__:
【val】epoch:52/150 loss:0.3655 acc:0.8722
INFO:__main__:
【Val】:  SENS: 0.8864  SPEC: 0.8605  PPV: 0.8388  NPV: 0.9024
INFO:__main__:验证的best_acc:0.8722
INFO:__main__:----------------------------------------------------------------------------------------------------
INFO:__main__:
【train】epoch:53/150 loss:0.1284 acc:0.9492
INFO:__main__:
【val】epoch:53/150 loss:0.4695 acc:0.8580
INFO:__main__:
【Val】:  SENS: 0.8423  SPEC: 0.8708  PPV: 0.8423  NPV: 0.8708
INFO:__main__:验证的best_acc:0.8722
INFO:__main__:----------------------------------------------------------------------------------------------------
INFO:__main__:
【train】epoch:54/150 loss:0.1381 acc:0.9434
INFO:__main__:
【val】epoch:54/150 loss:0.4640 acc:0.8551
INFO:__main__:
【Val】:  SENS: 0.8675  SPEC: 0.8450  PPV: 0.8209  NPV: 0.8862
INFO:__main__:验证的best_acc:0.8722
INFO:__main__:----------------------------------------------------------------------------------------------------
INFO:__main__:
【train】epoch:55/150 loss:0.1304 acc:0.9497
INFO:__main__:
【val】epoch:55/150 loss:0.4783 acc:0.8707
INFO:__main__:
【Val】:  SENS: 0.8580  SPEC: 0.8811  PPV: 0.8553  NPV: 0.8834
INFO:__main__:验证的best_acc:0.8722
INFO:__main__:----------------------------------------------------------------------------------------------------
INFO:__main__:
【train】epoch:56/150 loss:0.1300 acc:0.9475
INFO:__main__:
【val】epoch:56/150 loss:0.4332 acc:0.8565
INFO:__main__:
【Val】:  SENS: 0.8423  SPEC: 0.8682  PPV: 0.8396  NPV: 0.8705
INFO:__main__:验证的best_acc:0.8722
INFO:__main__:----------------------------------------------------------------------------------------------------
INFO:__main__:
【train】epoch:57/150 loss:0.1326 acc:0.9466
INFO:__main__:
【val】epoch:57/150 loss:0.3975 acc:0.8764
INFO:__main__:
【Val】:  SENS: 0.8864  SPEC: 0.8682  PPV: 0.8464  NPV: 0.9032
INFO:__main__:验证的best_acc:0.8764
INFO:__main__:----------------------------------------------------------------------------------------------------
INFO:__main__:
【train】epoch:58/150 loss:0.1245 acc:0.9501
INFO:__main__:
【val】epoch:58/150 loss:0.4979 acc:0.8565
INFO:__main__:
【Val】:  SENS: 0.8013  SPEC: 0.9018  PPV: 0.8699  NPV: 0.8471
INFO:__main__:验证的best_acc:0.8764
INFO:__main__:----------------------------------------------------------------------------------------------------
INFO:__main__:
【train】epoch:59/150 loss:0.1213 acc:0.9509
INFO:__main__:
【val】epoch:59/150 loss:0.4237 acc:0.8693
INFO:__main__:
【Val】:  SENS: 0.8896  SPEC: 0.8527  PPV: 0.8319  NPV: 0.9041
INFO:__main__:验证的best_acc:0.8764
INFO:__main__:----------------------------------------------------------------------------------------------------
INFO:__main__:
【train】epoch:60/150 loss:0.1212 acc:0.9537
INFO:__main__:
【val】epoch:60/150 loss:0.4866 acc:0.8679
INFO:__main__:
【Val】:  SENS: 0.8612  SPEC: 0.8734  PPV: 0.8478  NPV: 0.8848
INFO:__main__:验证的best_acc:0.8764
INFO:__main__:----------------------------------------------------------------------------------------------------
INFO:__main__:
【train】epoch:61/150 loss:0.1135 acc:0.9543
INFO:__main__:
【val】epoch:61/150 loss:0.4540 acc:0.8707
INFO:__main__:
【Val】:  SENS: 0.8896  SPEC: 0.8553  PPV: 0.8343  NPV: 0.9044
INFO:__main__:验证的best_acc:0.8764
INFO:__main__:----------------------------------------------------------------------------------------------------
INFO:__main__:
【train】epoch:62/150 loss:0.1194 acc:0.9530
INFO:__main__:
【val】epoch:62/150 loss:0.4738 acc:0.8693
INFO:__main__:
【Val】:  SENS: 0.8770  SPEC: 0.8630  PPV: 0.8399  NPV: 0.8954
INFO:__main__:验证的best_acc:0.8764
INFO:__main__:----------------------------------------------------------------------------------------------------
INFO:__main__:
【train】epoch:63/150 loss:0.1089 acc:0.9546
INFO:__main__:
【val】epoch:63/150 loss:0.4779 acc:0.8750
INFO:__main__:
【Val】:  SENS: 0.8833  SPEC: 0.8682  PPV: 0.8459  NPV: 0.9008
INFO:__main__:验证的best_acc:0.8764
INFO:__main__:----------------------------------------------------------------------------------------------------
INFO:__main__:
【train】epoch:64/150 loss:0.1069 acc:0.9607
INFO:__main__:
【val】epoch:64/150 loss:0.5308 acc:0.8594
INFO:__main__:
【Val】:  SENS: 0.8612  SPEC: 0.8579  PPV: 0.8323  NPV: 0.8830
INFO:__main__:验证的best_acc:0.8764
INFO:__main__:----------------------------------------------------------------------------------------------------
INFO:__main__:
【train】epoch:65/150 loss:0.1103 acc:0.9560
INFO:__main__:
【val】epoch:65/150 loss:0.5122 acc:0.8395
INFO:__main__:
【Val】:  SENS: 0.8202  SPEC: 0.8553  PPV: 0.8228  NPV: 0.8531
INFO:__main__:验证的best_acc:0.8764
INFO:__main__:----------------------------------------------------------------------------------------------------
INFO:__main__:
【train】epoch:66/150 loss:0.1091 acc:0.9578
INFO:__main__:
【val】epoch:66/150 loss:0.4791 acc:0.8693
INFO:__main__:
【Val】:  SENS: 0.8675  SPEC: 0.8708  PPV: 0.8462  NPV: 0.8892
INFO:__main__:验证的best_acc:0.8764
INFO:__main__:----------------------------------------------------------------------------------------------------
INFO:__main__:
【train】epoch:67/150 loss:0.1094 acc:0.9579
INFO:__main__:
【val】epoch:67/150 loss:0.4544 acc:0.8509
INFO:__main__:
【Val】:  SENS: 0.8644  SPEC: 0.8398  PPV: 0.8155  NPV: 0.8832
INFO:__main__:验证的best_acc:0.8764
INFO:__main__:----------------------------------------------------------------------------------------------------
INFO:__main__:
【train】epoch:68/150 loss:0.1018 acc:0.9591
INFO:__main__:
【val】epoch:68/150 loss:0.4997 acc:0.8608
INFO:__main__:
【Val】:  SENS: 0.8801  SPEC: 0.8450  PPV: 0.8230  NPV: 0.8959
INFO:__main__:验证的best_acc:0.8764
INFO:__main__:----------------------------------------------------------------------------------------------------
INFO:__main__:
【train】epoch:69/150 loss:0.1016 acc:0.9614
INFO:__main__:
【val】epoch:69/150 loss:0.5592 acc:0.8622
INFO:__main__:
【Val】:  SENS: 0.8675  SPEC: 0.8579  PPV: 0.8333  NPV: 0.8877
INFO:__main__:验证的best_acc:0.8764
INFO:__main__:----------------------------------------------------------------------------------------------------
INFO:__main__:
【train】epoch:70/150 loss:0.0909 acc:0.9616
INFO:__main__:
【val】epoch:70/150 loss:0.5601 acc:0.8636
INFO:__main__:
【Val】:  SENS: 0.8675  SPEC: 0.8605  PPV: 0.8359  NPV: 0.8880
INFO:__main__:验证的best_acc:0.8764
INFO:__main__:----------------------------------------------------------------------------------------------------
INFO:__main__:
【train】epoch:71/150 loss:0.1017 acc:0.9579
INFO:__main__:
【val】epoch:71/150 loss:0.5300 acc:0.8580
INFO:__main__:
【Val】:  SENS: 0.8959  SPEC: 0.8269  PPV: 0.8091  NPV: 0.9065
INFO:__main__:验证的best_acc:0.8764
INFO:__main__:----------------------------------------------------------------------------------------------------
INFO:__main__:
【train】epoch:72/150 loss:0.1088 acc:0.9569
INFO:__main__:
【val】epoch:72/150 loss:0.4475 acc:0.8750
INFO:__main__:
【Val】:  SENS: 0.8833  SPEC: 0.8682  PPV: 0.8459  NPV: 0.9008
INFO:__main__:验证的best_acc:0.8764
INFO:__main__:----------------------------------------------------------------------------------------------------
INFO:__main__:
【train】epoch:73/150 loss:0.0848 acc:0.9679
INFO:__main__:
【val】epoch:73/150 loss:0.5454 acc:0.8608
INFO:__main__:
【Val】:  SENS: 0.8864  SPEC: 0.8398  PPV: 0.8192  NPV: 0.9003
INFO:__main__:验证的best_acc:0.8764
INFO:__main__:----------------------------------------------------------------------------------------------------
INFO:__main__:
【train】epoch:74/150 loss:0.0863 acc:0.9651
INFO:__main__:
【val】epoch:74/150 loss:0.5305 acc:0.8651
INFO:__main__:
【Val】:  SENS: 0.8454  SPEC: 0.8811  PPV: 0.8535  NPV: 0.8744
INFO:__main__:验证的best_acc:0.8764
INFO:__main__:----------------------------------------------------------------------------------------------------
INFO:__main__:
【train】epoch:75/150 loss:0.0885 acc:0.9661
INFO:__main__:
【val】epoch:75/150 loss:0.5773 acc:0.8651
INFO:__main__:
【Val】:  SENS: 0.8896  SPEC: 0.8450  PPV: 0.8246  NPV: 0.9033
INFO:__main__:验证的best_acc:0.8764
INFO:__main__:----------------------------------------------------------------------------------------------------
INFO:__main__:
【train】epoch:76/150 loss:0.0863 acc:0.9637
INFO:__main__:
【val】epoch:76/150 loss:0.6761 acc:0.8565
INFO:__main__:
【Val】:  SENS: 0.8959  SPEC: 0.8243  PPV: 0.8068  NPV: 0.9062
INFO:__main__:验证的best_acc:0.8764
INFO:__main__:----------------------------------------------------------------------------------------------------
INFO:__main__:
【train】epoch:77/150 loss:0.0883 acc:0.9644
INFO:__main__:
【val】epoch:77/150 loss:0.5431 acc:0.8594
INFO:__main__:
【Val】:  SENS: 0.8770  SPEC: 0.8450  PPV: 0.8225  NPV: 0.8934
INFO:__main__:验证的best_acc:0.8764
INFO:__main__:----------------------------------------------------------------------------------------------------
INFO:__main__:
【train】epoch:78/150 loss:0.0847 acc:0.9681
INFO:__main__:
【val】epoch:78/150 loss:0.5423 acc:0.8665
INFO:__main__:
【Val】:  SENS: 0.8612  SPEC: 0.8708  PPV: 0.8452  NPV: 0.8845
INFO:__main__:验证的best_acc:0.8764
INFO:__main__:----------------------------------------------------------------------------------------------------
INFO:__main__:
【train】epoch:79/150 loss:0.0865 acc:0.9660
INFO:__main__:
【val】epoch:79/150 loss:0.4977 acc:0.8892
INFO:__main__:
【Val】:  SENS: 0.8738  SPEC: 0.9018  PPV: 0.8794  NPV: 0.8972
INFO:__main__:验证的best_acc:0.8892
INFO:__main__:----------------------------------------------------------------------------------------------------
INFO:__main__:
【train】epoch:80/150 loss:0.0736 acc:0.9719
INFO:__main__:
【val】epoch:80/150 loss:0.6092 acc:0.8594
INFO:__main__:
【Val】:  SENS: 0.8801  SPEC: 0.8424  PPV: 0.8206  NPV: 0.8956
INFO:__main__:验证的best_acc:0.8892
INFO:__main__:----------------------------------------------------------------------------------------------------
INFO:__main__:
【train】epoch:81/150 loss:0.0742 acc:0.9688
INFO:__main__:
【val】epoch:81/150 loss:0.7166 acc:0.8466
INFO:__main__:
【Val】:  SENS: 0.8770  SPEC: 0.8217  PPV: 0.8012  NPV: 0.8908
INFO:__main__:验证的best_acc:0.8892
INFO:__main__:----------------------------------------------------------------------------------------------------
INFO:__main__:
【train】epoch:82/150 loss:0.0753 acc:0.9708
INFO:__main__:
【val】epoch:82/150 loss:0.5570 acc:0.8665
INFO:__main__:
【Val】:  SENS: 0.8801  SPEC: 0.8553  PPV: 0.8328  NPV: 0.8970
INFO:__main__:验证的best_acc:0.8892
INFO:__main__:----------------------------------------------------------------------------------------------------
INFO:__main__:
【train】epoch:83/150 loss:0.0816 acc:0.9686
INFO:__main__:
【val】epoch:83/150 loss:0.5002 acc:0.8636
INFO:__main__:
【Val】:  SENS: 0.8738  SPEC: 0.8553  PPV: 0.8318  NPV: 0.8922
INFO:__main__:验证的best_acc:0.8892
INFO:__main__:----------------------------------------------------------------------------------------------------
INFO:__main__:
【train】epoch:84/150 loss:0.0651 acc:0.9749
INFO:__main__:
【val】epoch:84/150 loss:0.6129 acc:0.8608
INFO:__main__:
【Val】:  SENS: 0.8612  SPEC: 0.8605  PPV: 0.8349  NPV: 0.8833
INFO:__main__:验证的best_acc:0.8892
INFO:__main__:----------------------------------------------------------------------------------------------------
INFO:__main__:
【train】epoch:85/150 loss:0.0710 acc:0.9721
INFO:__main__:
【val】epoch:85/150 loss:0.5654 acc:0.8793
INFO:__main__:
【Val】:  SENS: 0.8612  SPEC: 0.8941  PPV: 0.8694  NPV: 0.8872
INFO:__main__:验证的best_acc:0.8892
INFO:__main__:----------------------------------------------------------------------------------------------------
INFO:__main__:
【train】epoch:86/150 loss:0.0795 acc:0.9696
INFO:__main__:
【val】epoch:86/150 loss:0.5483 acc:0.8750
INFO:__main__:
【Val】:  SENS: 0.8549  SPEC: 0.8915  PPV: 0.8658  NPV: 0.8824
INFO:__main__:验证的best_acc:0.8892
INFO:__main__:----------------------------------------------------------------------------------------------------
INFO:__main__:
【train】epoch:87/150 loss:0.0680 acc:0.9726
INFO:__main__:
【val】epoch:87/150 loss:0.5970 acc:0.8565
INFO:__main__:
【Val】:  SENS: 0.8675  SPEC: 0.8475  PPV: 0.8234  NPV: 0.8865
INFO:__main__:验证的best_acc:0.8892
INFO:__main__:----------------------------------------------------------------------------------------------------
INFO:__main__:
【train】epoch:88/150 loss:0.0777 acc:0.9677
INFO:__main__:
【val】epoch:88/150 loss:0.5100 acc:0.8651
INFO:__main__:
【Val】:  SENS: 0.8170  SPEC: 0.9044  PPV: 0.8750  NPV: 0.8578
INFO:__main__:验证的best_acc:0.8892
INFO:__main__:----------------------------------------------------------------------------------------------------
INFO:__main__:
【train】epoch:89/150 loss:0.0692 acc:0.9707
INFO:__main__:
【val】epoch:89/150 loss:0.5072 acc:0.8778
INFO:__main__:
【Val】:  SENS: 0.8927  SPEC: 0.8656  PPV: 0.8448  NPV: 0.9079
INFO:__main__:验证的best_acc:0.8892
INFO:__main__:----------------------------------------------------------------------------------------------------
INFO:__main__:
【train】epoch:90/150 loss:0.0708 acc:0.9715
INFO:__main__:
【val】epoch:90/150 loss:0.5508 acc:0.8707
INFO:__main__:
【Val】:  SENS: 0.8486  SPEC: 0.8889  PPV: 0.8622  NPV: 0.8776
INFO:__main__:验证的best_acc:0.8892
INFO:__main__:----------------------------------------------------------------------------------------------------
INFO:__main__:
【train】epoch:91/150 loss:0.0603 acc:0.9764
INFO:__main__:
【val】epoch:91/150 loss:0.6351 acc:0.8693
INFO:__main__:
【Val】:  SENS: 0.8644  SPEC: 0.8734  PPV: 0.8483  NPV: 0.8871
INFO:__main__:验证的best_acc:0.8892
INFO:__main__:----------------------------------------------------------------------------------------------------
INFO:__main__:
【train】epoch:92/150 loss:0.0692 acc:0.9747
INFO:__main__:
【val】epoch:92/150 loss:0.5653 acc:0.8608
INFO:__main__:
【Val】:  SENS: 0.8486  SPEC: 0.8708  PPV: 0.8433  NPV: 0.8753
INFO:__main__:验证的best_acc:0.8892
INFO:__main__:----------------------------------------------------------------------------------------------------
INFO:__main__:
【train】epoch:93/150 loss:0.0610 acc:0.9766
INFO:__main__:
【val】epoch:93/150 loss:0.5709 acc:0.8594
INFO:__main__:
【Val】:  SENS: 0.8454  SPEC: 0.8708  PPV: 0.8428  NPV: 0.8731
INFO:__main__:验证的best_acc:0.8892
INFO:__main__:----------------------------------------------------------------------------------------------------
INFO:__main__:
【train】epoch:94/150 loss:0.0572 acc:0.9768
INFO:__main__:
【val】epoch:94/150 loss:0.6023 acc:0.8693
INFO:__main__:
【Val】:  SENS: 0.8707  SPEC: 0.8682  PPV: 0.8440  NPV: 0.8912
INFO:__main__:验证的best_acc:0.8892
INFO:__main__:----------------------------------------------------------------------------------------------------
INFO:__main__:
【train】epoch:95/150 loss:0.0511 acc:0.9815
INFO:__main__:
【val】epoch:95/150 loss:0.6088 acc:0.8651
INFO:__main__:
【Val】:  SENS: 0.8549  SPEC: 0.8734  PPV: 0.8469  NPV: 0.8802
INFO:__main__:验证的best_acc:0.8892
INFO:__main__:----------------------------------------------------------------------------------------------------
INFO:__main__:
【train】epoch:96/150 loss:0.0629 acc:0.9768
INFO:__main__:
【val】epoch:96/150 loss:0.5596 acc:0.8551
INFO:__main__:
【Val】:  SENS: 0.8391  SPEC: 0.8682  PPV: 0.8391  NPV: 0.8682
INFO:__main__:验证的best_acc:0.8892
INFO:__main__:----------------------------------------------------------------------------------------------------
INFO:__main__:
【train】epoch:97/150 loss:0.0598 acc:0.9752
INFO:__main__:
【val】epoch:97/150 loss:0.5982 acc:0.8651
INFO:__main__:
【Val】:  SENS: 0.8297  SPEC: 0.8941  PPV: 0.8651  NPV: 0.8650
INFO:__main__:验证的best_acc:0.8892
INFO:__main__:----------------------------------------------------------------------------------------------------
INFO:__main__:
【train】epoch:98/150 loss:0.0650 acc:0.9752
INFO:__main__:
【val】epoch:98/150 loss:0.5893 acc:0.8707
INFO:__main__:
【Val】:  SENS: 0.8707  SPEC: 0.8708  PPV: 0.8466  NPV: 0.8915
INFO:__main__:验证的best_acc:0.8892
INFO:__main__:----------------------------------------------------------------------------------------------------
INFO:__main__:
【train】epoch:99/150 loss:0.0589 acc:0.9789
INFO:__main__:
【val】epoch:99/150 loss:0.5519 acc:0.8679
INFO:__main__:
【Val】:  SENS: 0.8517  SPEC: 0.8811  PPV: 0.8544  NPV: 0.8789
INFO:__main__:验证的best_acc:0.8892
INFO:__main__:----------------------------------------------------------------------------------------------------
INFO:__main__:
【train】epoch:100/150 loss:0.0516 acc:0.9813
INFO:__main__:
【val】epoch:100/150 loss:0.6068 acc:0.8636
INFO:__main__:
【Val】:  SENS: 0.8738  SPEC: 0.8553  PPV: 0.8318  NPV: 0.8922
INFO:__main__:验证的best_acc:0.8892
INFO:__main__:----------------------------------------------------------------------------------------------------
INFO:__main__:
【train】epoch:101/150 loss:0.0540 acc:0.9794
INFO:__main__:
【val】epoch:101/150 loss:0.5689 acc:0.8651
INFO:__main__:
【Val】:  SENS: 0.8644  SPEC: 0.8656  PPV: 0.8405  NPV: 0.8862
INFO:__main__:验证的best_acc:0.8892
INFO:__main__:----------------------------------------------------------------------------------------------------
INFO:__main__:
【train】epoch:102/150 loss:0.0543 acc:0.9782
INFO:__main__:
【val】epoch:102/150 loss:0.5325 acc:0.8793
INFO:__main__:
【Val】:  SENS: 0.8864  SPEC: 0.8734  PPV: 0.8515  NPV: 0.9037
INFO:__main__:验证的best_acc:0.8892
INFO:__main__:----------------------------------------------------------------------------------------------------
INFO:__main__:
【train】epoch:103/150 loss:0.0495 acc:0.9825
INFO:__main__:
【val】epoch:103/150 loss:0.5523 acc:0.8722
INFO:__main__:
【Val】:  SENS: 0.8580  SPEC: 0.8837  PPV: 0.8580  NPV: 0.8837
INFO:__main__:验证的best_acc:0.8892
INFO:__main__:----------------------------------------------------------------------------------------------------
INFO:__main__:
【train】epoch:104/150 loss:0.0526 acc:0.9796
INFO:__main__:
【val】epoch:104/150 loss:0.6058 acc:0.8736
INFO:__main__:
【Val】:  SENS: 0.8896  SPEC: 0.8605  PPV: 0.8393  NPV: 0.9049
INFO:__main__:验证的best_acc:0.8892
INFO:__main__:----------------------------------------------------------------------------------------------------
INFO:__main__:
【train】epoch:105/150 loss:0.0512 acc:0.9794
INFO:__main__:
【val】epoch:105/150 loss:0.5951 acc:0.8636
INFO:__main__:
【Val】:  SENS: 0.8486  SPEC: 0.8760  PPV: 0.8486  NPV: 0.8760
INFO:__main__:验证的best_acc:0.8892
INFO:__main__:----------------------------------------------------------------------------------------------------
INFO:__main__:
【train】epoch:106/150 loss:0.0470 acc:0.9829
INFO:__main__:
【val】epoch:106/150 loss:0.6529 acc:0.8651
INFO:__main__:
【Val】:  SENS: 0.8707  SPEC: 0.8605  PPV: 0.8364  NPV: 0.8904
INFO:__main__:验证的best_acc:0.8892
INFO:__main__:----------------------------------------------------------------------------------------------------
INFO:__main__:
【train】epoch:107/150 loss:0.0519 acc:0.9822
INFO:__main__:
【val】epoch:107/150 loss:0.5810 acc:0.8878
INFO:__main__:
【Val】:  SENS: 0.8959  SPEC: 0.8811  PPV: 0.8606  NPV: 0.9118
INFO:__main__:验证的best_acc:0.8892
INFO:__main__:----------------------------------------------------------------------------------------------------
INFO:__main__:
【train】epoch:108/150 loss:0.0451 acc:0.9824
INFO:__main__:
【val】epoch:108/150 loss:0.5942 acc:0.8778
INFO:__main__:
【Val】:  SENS: 0.8864  SPEC: 0.8708  PPV: 0.8489  NPV: 0.9035
INFO:__main__:验证的best_acc:0.8892
INFO:__main__:----------------------------------------------------------------------------------------------------
INFO:__main__:
【train】epoch:109/150 loss:0.0417 acc:0.9850
INFO:__main__:
【val】epoch:109/150 loss:0.6504 acc:0.8722
INFO:__main__:
【Val】:  SENS: 0.8738  SPEC: 0.8708  PPV: 0.8471  NPV: 0.8939
INFO:__main__:验证的best_acc:0.8892
INFO:__main__:----------------------------------------------------------------------------------------------------
INFO:__main__:
【train】epoch:110/150 loss:0.0414 acc:0.9841
INFO:__main__:
【val】epoch:110/150 loss:0.6643 acc:0.8665
INFO:__main__:
【Val】:  SENS: 0.8770  SPEC: 0.8579  PPV: 0.8348  NPV: 0.8949
INFO:__main__:验证的best_acc:0.8892
INFO:__main__:----------------------------------------------------------------------------------------------------
INFO:__main__:
【train】epoch:111/150 loss:0.0407 acc:0.9848
INFO:__main__:
【val】epoch:111/150 loss:0.6894 acc:0.8565
INFO:__main__:
【Val】:  SENS: 0.8423  SPEC: 0.8682  PPV: 0.8396  NPV: 0.8705
INFO:__main__:验证的best_acc:0.8892
INFO:__main__:----------------------------------------------------------------------------------------------------
INFO:__main__:
【train】epoch:112/150 loss:0.0404 acc:0.9829
INFO:__main__:
【val】epoch:112/150 loss:0.7515 acc:0.8537
INFO:__main__:
【Val】:  SENS: 0.8770  SPEC: 0.8346  PPV: 0.8129  NPV: 0.8923
INFO:__main__:验证的best_acc:0.8892
INFO:__main__:----------------------------------------------------------------------------------------------------
INFO:__main__:
【train】epoch:113/150 loss:0.0470 acc:0.9822
INFO:__main__:
【val】epoch:113/150 loss:0.6275 acc:0.8764
INFO:__main__:
【Val】:  SENS: 0.8707  SPEC: 0.8811  PPV: 0.8571  NPV: 0.8927
INFO:__main__:验证的best_acc:0.8892
INFO:__main__:----------------------------------------------------------------------------------------------------
INFO:__main__:
【train】epoch:114/150 loss:0.0483 acc:0.9808
INFO:__main__:
【val】epoch:114/150 loss:0.6551 acc:0.8736
INFO:__main__:
【Val】:  SENS: 0.8738  SPEC: 0.8734  PPV: 0.8497  NPV: 0.8942
INFO:__main__:验证的best_acc:0.8892
INFO:__main__:----------------------------------------------------------------------------------------------------
INFO:__main__:
【train】epoch:115/150 loss:0.0468 acc:0.9810
INFO:__main__:
【val】epoch:115/150 loss:0.6192 acc:0.8778
INFO:__main__:
【Val】:  SENS: 0.8864  SPEC: 0.8708  PPV: 0.8489  NPV: 0.9035
INFO:__main__:验证的best_acc:0.8892
INFO:__main__:----------------------------------------------------------------------------------------------------
INFO:__main__:
【train】epoch:116/150 loss:0.0412 acc:0.9848
INFO:__main__:
【val】epoch:116/150 loss:0.5929 acc:0.8636
INFO:__main__:
【Val】:  SENS: 0.8612  SPEC: 0.8656  PPV: 0.8400  NPV: 0.8839
INFO:__main__:验证的best_acc:0.8892
INFO:__main__:----------------------------------------------------------------------------------------------------
INFO:__main__:
【train】epoch:117/150 loss:0.0397 acc:0.9857
INFO:__main__:
【val】epoch:117/150 loss:0.6156 acc:0.8722
INFO:__main__:
【Val】:  SENS: 0.8612  SPEC: 0.8811  PPV: 0.8558  NPV: 0.8857
INFO:__main__:验证的best_acc:0.8892
INFO:__main__:----------------------------------------------------------------------------------------------------
INFO:__main__:
【train】epoch:118/150 loss:0.0489 acc:0.9815
INFO:__main__:
【val】epoch:118/150 loss:0.6040 acc:0.8778
INFO:__main__:
【Val】:  SENS: 0.8833  SPEC: 0.8734  PPV: 0.8511  NPV: 0.9013
INFO:__main__:验证的best_acc:0.8892
INFO:__main__:----------------------------------------------------------------------------------------------------
INFO:__main__:
【train】epoch:119/150 loss:0.0403 acc:0.9853
INFO:__main__:
【val】epoch:119/150 loss:0.6359 acc:0.8608
INFO:__main__:
【Val】:  SENS: 0.8770  SPEC: 0.8475  PPV: 0.8249  NPV: 0.8937
INFO:__main__:验证的best_acc:0.8892
INFO:__main__:----------------------------------------------------------------------------------------------------
INFO:__main__:
【train】epoch:120/150 loss:0.0382 acc:0.9850
INFO:__main__:
【val】epoch:120/150 loss:0.6636 acc:0.8551
INFO:__main__:
【Val】:  SENS: 0.8738  SPEC: 0.8398  PPV: 0.8171  NPV: 0.8904
INFO:__main__:验证的best_acc:0.8892
INFO:__main__:----------------------------------------------------------------------------------------------------
INFO:__main__:
【train】epoch:121/150 loss:0.0316 acc:0.9873
INFO:__main__:
【val】epoch:121/150 loss:0.6510 acc:0.8665
INFO:__main__:
【Val】:  SENS: 0.8738  SPEC: 0.8605  PPV: 0.8369  NPV: 0.8928
INFO:__main__:验证的best_acc:0.8892
INFO:__main__:----------------------------------------------------------------------------------------------------
INFO:__main__:
【train】epoch:122/150 loss:0.0340 acc:0.9867
INFO:__main__:
【val】epoch:122/150 loss:0.6452 acc:0.8651
INFO:__main__:
【Val】:  SENS: 0.8644  SPEC: 0.8656  PPV: 0.8405  NPV: 0.8862
INFO:__main__:验证的best_acc:0.8892
INFO:__main__:----------------------------------------------------------------------------------------------------
INFO:__main__:
【train】epoch:123/150 loss:0.0361 acc:0.9878
INFO:__main__:
【val】epoch:123/150 loss:0.6988 acc:0.8608
INFO:__main__:
【Val】:  SENS: 0.8549  SPEC: 0.8656  PPV: 0.8390  NPV: 0.8793
INFO:__main__:验证的best_acc:0.8892
INFO:__main__:----------------------------------------------------------------------------------------------------
INFO:__main__:
【train】epoch:124/150 loss:0.0324 acc:0.9866
INFO:__main__:
【val】epoch:124/150 loss:0.6960 acc:0.8651
INFO:__main__:
【Val】:  SENS: 0.8707  SPEC: 0.8605  PPV: 0.8364  NPV: 0.8904
INFO:__main__:验证的best_acc:0.8892
INFO:__main__:----------------------------------------------------------------------------------------------------
INFO:__main__:
【train】epoch:125/150 loss:0.0332 acc:0.9873
INFO:__main__:
【val】epoch:125/150 loss:0.6898 acc:0.8651
INFO:__main__:
【Val】:  SENS: 0.8707  SPEC: 0.8605  PPV: 0.8364  NPV: 0.8904
INFO:__main__:验证的best_acc:0.8892
INFO:__main__:----------------------------------------------------------------------------------------------------
INFO:__main__:
【train】epoch:126/150 loss:0.0337 acc:0.9876
INFO:__main__:
【val】epoch:126/150 loss:0.7065 acc:0.8594
INFO:__main__:
【Val】:  SENS: 0.8770  SPEC: 0.8450  PPV: 0.8225  NPV: 0.8934
INFO:__main__:验证的best_acc:0.8892
INFO:__main__:----------------------------------------------------------------------------------------------------
INFO:__main__:
【train】epoch:127/150 loss:0.0406 acc:0.9853
INFO:__main__:
【val】epoch:127/150 loss:0.7361 acc:0.8594
INFO:__main__:
【Val】:  SENS: 0.8517  SPEC: 0.8656  PPV: 0.8385  NPV: 0.8770
INFO:__main__:验证的best_acc:0.8892
INFO:__main__:----------------------------------------------------------------------------------------------------
INFO:__main__:
【train】epoch:128/150 loss:0.0335 acc:0.9874
INFO:__main__:
【val】epoch:128/150 loss:0.6830 acc:0.8636
INFO:__main__:
【Val】:  SENS: 0.8454  SPEC: 0.8786  PPV: 0.8508  NPV: 0.8740
INFO:__main__:验证的best_acc:0.8892
INFO:__main__:----------------------------------------------------------------------------------------------------
INFO:__main__:
【train】epoch:129/150 loss:0.0255 acc:0.9899
INFO:__main__:
【val】epoch:129/150 loss:0.6882 acc:0.8722
INFO:__main__:
【Val】:  SENS: 0.8517  SPEC: 0.8889  PPV: 0.8626  NPV: 0.8798
INFO:__main__:验证的best_acc:0.8892
INFO:__main__:----------------------------------------------------------------------------------------------------
INFO:__main__:
【train】epoch:130/150 loss:0.0283 acc:0.9885
INFO:__main__:
【val】epoch:130/150 loss:0.7186 acc:0.8665
INFO:__main__:
【Val】:  SENS: 0.8486  SPEC: 0.8811  PPV: 0.8540  NPV: 0.8766
INFO:__main__:验证的best_acc:0.8892
INFO:__main__:----------------------------------------------------------------------------------------------------
INFO:__main__:
【train】epoch:131/150 loss:0.0257 acc:0.9897
INFO:__main__:
【val】epoch:131/150 loss:0.7321 acc:0.8693
INFO:__main__:
【Val】:  SENS: 0.8738  SPEC: 0.8656  PPV: 0.8419  NPV: 0.8933
INFO:__main__:验证的best_acc:0.8892
INFO:__main__:----------------------------------------------------------------------------------------------------
INFO:__main__:
【train】epoch:132/150 loss:0.0284 acc:0.9885
INFO:__main__:
【val】epoch:132/150 loss:0.7081 acc:0.8722
INFO:__main__:
【Val】:  SENS: 0.8770  SPEC: 0.8682  PPV: 0.8450  NPV: 0.8960
INFO:__main__:验证的best_acc:0.8892
INFO:__main__:----------------------------------------------------------------------------------------------------
INFO:__main__:
【train】epoch:133/150 loss:0.0318 acc:0.9873
INFO:__main__:
【val】epoch:133/150 loss:0.7002 acc:0.8594
INFO:__main__:
【Val】:  SENS: 0.8580  SPEC: 0.8605  PPV: 0.8344  NPV: 0.8810
INFO:__main__:验证的best_acc:0.8892
INFO:__main__:----------------------------------------------------------------------------------------------------
INFO:__main__:
【train】epoch:134/150 loss:0.0308 acc:0.9871
INFO:__main__:
【val】epoch:134/150 loss:0.7056 acc:0.8636
INFO:__main__:
【Val】:  SENS: 0.8707  SPEC: 0.8579  PPV: 0.8338  NPV: 0.8901
INFO:__main__:验证的best_acc:0.8892
INFO:__main__:----------------------------------------------------------------------------------------------------
INFO:__main__:
【train】epoch:135/150 loss:0.0300 acc:0.9874
INFO:__main__:
【val】epoch:135/150 loss:0.7199 acc:0.8565
INFO:__main__:
【Val】:  SENS: 0.8580  SPEC: 0.8553  PPV: 0.8293  NPV: 0.8803
INFO:__main__:验证的best_acc:0.8892
INFO:__main__:----------------------------------------------------------------------------------------------------
INFO:__main__:
【train】epoch:136/150 loss:0.0294 acc:0.9897
INFO:__main__:
【val】epoch:136/150 loss:0.7577 acc:0.8608
INFO:__main__:
【Val】:  SENS: 0.8707  SPEC: 0.8527  PPV: 0.8288  NPV: 0.8895
INFO:__main__:验证的best_acc:0.8892
INFO:__main__:----------------------------------------------------------------------------------------------------
INFO:__main__:
【train】epoch:137/150 loss:0.0293 acc:0.9904
INFO:__main__:
【val】epoch:137/150 loss:0.7186 acc:0.8665
INFO:__main__:
【Val】:  SENS: 0.8486  SPEC: 0.8811  PPV: 0.8540  NPV: 0.8766
INFO:__main__:验证的best_acc:0.8892
INFO:__main__:----------------------------------------------------------------------------------------------------
INFO:__main__:
【train】epoch:138/150 loss:0.0317 acc:0.9880
INFO:__main__:
【val】epoch:138/150 loss:0.7229 acc:0.8580
INFO:__main__:
【Val】:  SENS: 0.8454  SPEC: 0.8682  PPV: 0.8401  NPV: 0.8727
INFO:__main__:验证的best_acc:0.8892
INFO:__main__:----------------------------------------------------------------------------------------------------
INFO:__main__:
【train】epoch:139/150 loss:0.0320 acc:0.9880
INFO:__main__:
【val】epoch:139/150 loss:0.7379 acc:0.8551
INFO:__main__:
【Val】:  SENS: 0.8644  SPEC: 0.8475  PPV: 0.8228  NPV: 0.8841
INFO:__main__:验证的best_acc:0.8892
INFO:__main__:----------------------------------------------------------------------------------------------------
INFO:__main__:
【train】epoch:140/150 loss:0.0298 acc:0.9892
INFO:__main__:
【val】epoch:140/150 loss:0.7459 acc:0.8565
INFO:__main__:
【Val】:  SENS: 0.8707  SPEC: 0.8450  PPV: 0.8214  NPV: 0.8886
INFO:__main__:验证的best_acc:0.8892
INFO:__main__:----------------------------------------------------------------------------------------------------
INFO:__main__:
【train】epoch:141/150 loss:0.0277 acc:0.9892
INFO:__main__:
【val】epoch:141/150 loss:0.7407 acc:0.8537
INFO:__main__:
【Val】:  SENS: 0.8675  SPEC: 0.8424  PPV: 0.8185  NPV: 0.8859
INFO:__main__:验证的best_acc:0.8892
INFO:__main__:----------------------------------------------------------------------------------------------------
INFO:__main__:
【train】epoch:142/150 loss:0.0258 acc:0.9890
INFO:__main__:
【val】epoch:142/150 loss:0.7447 acc:0.8608
INFO:__main__:
【Val】:  SENS: 0.8644  SPEC: 0.8579  PPV: 0.8328  NPV: 0.8853
INFO:__main__:验证的best_acc:0.8892
INFO:__main__:----------------------------------------------------------------------------------------------------
INFO:__main__:
【train】epoch:143/150 loss:0.0260 acc:0.9907
INFO:__main__:
【val】epoch:143/150 loss:0.7151 acc:0.8651
INFO:__main__:
【Val】:  SENS: 0.8612  SPEC: 0.8682  PPV: 0.8426  NPV: 0.8842
INFO:__main__:验证的best_acc:0.8892
INFO:__main__:----------------------------------------------------------------------------------------------------
INFO:__main__:
【train】epoch:144/150 loss:0.0212 acc:0.9918
INFO:__main__:
【val】epoch:144/150 loss:0.7524 acc:0.8622
INFO:__main__:
【Val】:  SENS: 0.8833  SPEC: 0.8450  PPV: 0.8235  NPV: 0.8984
INFO:__main__:验证的best_acc:0.8892
INFO:__main__:----------------------------------------------------------------------------------------------------
INFO:__main__:
【train】epoch:145/150 loss:0.0204 acc:0.9935
INFO:__main__:
【val】epoch:145/150 loss:0.7452 acc:0.8665
INFO:__main__:
【Val】:  SENS: 0.8675  SPEC: 0.8656  PPV: 0.8410  NPV: 0.8886
INFO:__main__:验证的best_acc:0.8892
INFO:__main__:----------------------------------------------------------------------------------------------------
INFO:__main__:
【train】epoch:146/150 loss:0.0265 acc:0.9892
INFO:__main__:
【val】epoch:146/150 loss:0.7934 acc:0.8693
INFO:__main__:
【Val】:  SENS: 0.8896  SPEC: 0.8527  PPV: 0.8319  NPV: 0.9041
INFO:__main__:验证的best_acc:0.8892
INFO:__main__:----------------------------------------------------------------------------------------------------
INFO:__main__:
【train】epoch:147/150 loss:0.0271 acc:0.9895
INFO:__main__:
【val】epoch:147/150 loss:0.7135 acc:0.8651
INFO:__main__:
【Val】:  SENS: 0.8801  SPEC: 0.8527  PPV: 0.8304  NPV: 0.8967
INFO:__main__:验证的best_acc:0.8892
INFO:__main__:----------------------------------------------------------------------------------------------------
INFO:__main__:
【train】epoch:148/150 loss:0.0278 acc:0.9900
INFO:__main__:
【val】epoch:148/150 loss:0.7751 acc:0.8750
INFO:__main__:
【Val】:  SENS: 0.8927  SPEC: 0.8605  PPV: 0.8398  NPV: 0.9074
INFO:__main__:验证的best_acc:0.8892
INFO:__main__:----------------------------------------------------------------------------------------------------
INFO:__main__:
【train】epoch:149/150 loss:0.0227 acc:0.9906
INFO:__main__:
【val】epoch:149/150 loss:0.7461 acc:0.8679
INFO:__main__:
【Val】:  SENS: 0.8770  SPEC: 0.8605  PPV: 0.8373  NPV: 0.8952
INFO:__main__:验证的best_acc:0.8892
INFO:__main__:----------------------------------------------------------------------------------------------------
INFO:__main__:****************************************************************************************************
INFO:__main__:Val_LOSS:['0.5503', '0.4915', '0.4543', '0.4158', '0.4492', '0.4064', '0.3963', '0.3892', '0.3898', '0.3621', '0.3694', '0.3751', '0.3676', '0.3920', '0.3626', '0.3770', '0.3258', '0.3562', '0.3498', '0.4006', '0.3492', '0.3701', '0.3365', '0.3532', '0.4059', '0.3823', '0.3900', '0.3836', '0.4087', '0.3932', '0.4157', '0.4416', '0.3829', '0.4692', '0.4062', '0.4800', '0.4093', '0.4595', '0.4649', '0.4110', '0.4772', '0.3942', '0.3946', '0.3973', '0.4081', '0.4560', '0.4426', '0.4269', '0.4699', '0.4404', '0.4668', '0.4843', '0.3655', '0.4695', '0.4640', '0.4783', '0.4332', '0.3975', '0.4979', '0.4237', '0.4866', '0.4540', '0.4738', '0.4779', '0.5308', '0.5122', '0.4791', '0.4544', '0.4997', '0.5592', '0.5601', '0.5300', '0.4475', '0.5454', '0.5305', '0.5773', '0.6761', '0.5431', '0.5423', '0.4977', '0.6092', '0.7166', '0.5570', '0.5002', '0.6129', '0.5654', '0.5483', '0.5970', '0.5100', '0.5072', '0.5508', '0.6351', '0.5653', '0.5709', '0.6023', '0.6088', '0.5596', '0.5982', '0.5893', '0.5519', '0.6068', '0.5689', '0.5325', '0.5523', '0.6058', '0.5951', '0.6529', '0.5810', '0.5942', '0.6504', '0.6643', '0.6894', '0.7515', '0.6275', '0.6551', '0.6192', '0.5929', '0.6156', '0.6040', '0.6359', '0.6636', '0.6510', '0.6452', '0.6988', '0.6960', '0.6898', '0.7065', '0.7361', '0.6830', '0.6882', '0.7186', '0.7321', '0.7081', '0.7002', '0.7056', '0.7199', '0.7577', '0.7186', '0.7229', '0.7379', '0.7459', '0.7407', '0.7447', '0.7151', '0.7524', '0.7452', '0.7934', '0.7135', '0.7751', '0.7461']
INFO:__main__:Val_ACC:['0.7088', '0.7585', '0.7770', '0.8139', '0.8153', '0.8068', '0.8224', '0.8182', '0.8224', '0.8295', '0.8324', '0.8182', '0.8295', '0.8253', '0.8537', '0.8381', '0.8651', '0.8551', '0.8452', '0.8281', '0.8509', '0.8466', '0.8665', '0.8580', '0.8338', '0.8267', '0.8310', '0.8494', '0.8338', '0.8310', '0.8310', '0.8267', '0.8452', '0.8097', '0.8438', '0.8239', '0.8295', '0.8224', '0.8381', '0.8423', '0.8480', '0.8580', '0.8679', '0.8665', '0.8580', '0.8480', '0.8452', '0.8409', '0.8366', '0.8537', '0.8523', '0.8409', '0.8722', '0.8580', '0.8551', '0.8707', '0.8565', '0.8764', '0.8565', '0.8693', '0.8679', '0.8707', '0.8693', '0.8750', '0.8594', '0.8395', '0.8693', '0.8509', '0.8608', '0.8622', '0.8636', '0.8580', '0.8750', '0.8608', '0.8651', '0.8651', '0.8565', '0.8594', '0.8665', '0.8892', '0.8594', '0.8466', '0.8665', '0.8636', '0.8608', '0.8793', '0.8750', '0.8565', '0.8651', '0.8778', '0.8707', '0.8693', '0.8608', '0.8594', '0.8693', '0.8651', '0.8551', '0.8651', '0.8707', '0.8679', '0.8636', '0.8651', '0.8793', '0.8722', '0.8736', '0.8636', '0.8651', '0.8878', '0.8778', '0.8722', '0.8665', '0.8565', '0.8537', '0.8764', '0.8736', '0.8778', '0.8636', '0.8722', '0.8778', '0.8608', '0.8551', '0.8665', '0.8651', '0.8608', '0.8651', '0.8651', '0.8594', '0.8594', '0.8636', '0.8722', '0.8665', '0.8693', '0.8722', '0.8594', '0.8636', '0.8565', '0.8608', '0.8665', '0.8580', '0.8551', '0.8565', '0.8537', '0.8608', '0.8651', '0.8622', '0.8665', '0.8693', '0.8651', '0.8750', '0.8679']
INFO:__main__:****************************************************************************************************
INFO:__main__: epoch0 测试test_Loss: 0.5154  test_ACC: 0.8748  
INFO:__main__:SENS: 0.8640 SPEC: 0.8838 PPV: 0.8614 NPV: 0.8861
INFO:__main__:test_Best_acc:0.8748
