INFO:__main__:
【train】epoch:0/150 loss:0.5890 acc:0.6728
INFO:__main__:
【val】epoch:0/150 loss:0.4837 acc:0.7299
INFO:__main__:
【Val】:  SENS: 0.7138  SPEC: 0.7391  PPV: 0.6089  NPV: 0.8194 F1:0.6572
INFO:__main__:验证的best_acc:0.7299
INFO:__main__:----------------------------------------------------------------------------------------------------
INFO:__main__:
【train】epoch:1/150 loss:0.5151 acc:0.7338
INFO:__main__:
【val】epoch:1/150 loss:0.4839 acc:0.7444
INFO:__main__:
【Val】:  SENS: 0.5415  SPEC: 0.8599  PPV: 0.6875  NPV: 0.7672 F1:0.6059
INFO:__main__:验证的best_acc:0.7444
INFO:__main__:----------------------------------------------------------------------------------------------------
INFO:__main__:
【train】epoch:2/150 loss:0.4419 acc:0.7895
INFO:__main__:
【val】epoch:2/150 loss:0.4751 acc:0.7612
INFO:__main__:
【Val】:  SENS: 0.4277  SPEC: 0.9510  PPV: 0.8323  NPV: 0.7449 F1:0.5650
INFO:__main__:验证的best_acc:0.7612
INFO:__main__:----------------------------------------------------------------------------------------------------
INFO:__main__:
【train】epoch:3/150 loss:0.4093 acc:0.8068
INFO:__main__:
【val】epoch:3/150 loss:0.3634 acc:0.8203
INFO:__main__:
【Val】:  SENS: 0.7877  SPEC: 0.8389  PPV: 0.7356  NPV: 0.8741 F1:0.7608
INFO:__main__:验证的best_acc:0.8203
INFO:__main__:----------------------------------------------------------------------------------------------------
INFO:__main__:
【train】epoch:4/150 loss:0.3911 acc:0.8227
INFO:__main__:
【val】epoch:4/150 loss:0.3829 acc:0.8170
INFO:__main__:
【Val】:  SENS: 0.6892  SPEC: 0.8897  PPV: 0.7805  NPV: 0.8342 F1:0.7320
INFO:__main__:验证的best_acc:0.8203
INFO:__main__:----------------------------------------------------------------------------------------------------
INFO:__main__:
【train】epoch:5/150 loss:0.3726 acc:0.8302
INFO:__main__:
【val】epoch:5/150 loss:0.3725 acc:0.8270
INFO:__main__:
【Val】:  SENS: 0.6400  SPEC: 0.9335  PPV: 0.8455  NPV: 0.8200 F1:0.7285
INFO:__main__:验证的best_acc:0.8270
INFO:__main__:----------------------------------------------------------------------------------------------------
INFO:__main__:
【train】epoch:6/150 loss:0.3664 acc:0.8355
INFO:__main__:
【val】epoch:6/150 loss:0.3564 acc:0.8181
INFO:__main__:
【Val】:  SENS: 0.5969  SPEC: 0.9440  PPV: 0.8584  NPV: 0.8045 F1:0.7042
INFO:__main__:验证的best_acc:0.8270
INFO:__main__:----------------------------------------------------------------------------------------------------
INFO:__main__:
【train】epoch:7/150 loss:0.3581 acc:0.8370
INFO:__main__:
【val】epoch:7/150 loss:0.3404 acc:0.8337
INFO:__main__:
【Val】:  SENS: 0.7077  SPEC: 0.9054  PPV: 0.8099  NPV: 0.8448 F1:0.7553
INFO:__main__:验证的best_acc:0.8337
INFO:__main__:----------------------------------------------------------------------------------------------------
INFO:__main__:
【train】epoch:8/150 loss:0.3505 acc:0.8390
INFO:__main__:
【val】epoch:8/150 loss:0.3942 acc:0.8047
INFO:__main__:
【Val】:  SENS: 0.5569  SPEC: 0.9457  PPV: 0.8538  NPV: 0.7895 F1:0.6741
INFO:__main__:验证的best_acc:0.8337
INFO:__main__:----------------------------------------------------------------------------------------------------
INFO:__main__:
【train】epoch:9/150 loss:0.3298 acc:0.8529
INFO:__main__:
【val】epoch:9/150 loss:0.3307 acc:0.8438
INFO:__main__:
【Val】:  SENS: 0.7569  SPEC: 0.8932  PPV: 0.8013  NPV: 0.8659 F1:0.7785
INFO:__main__:验证的best_acc:0.8438
INFO:__main__:----------------------------------------------------------------------------------------------------
INFO:__main__:
【train】epoch:10/150 loss:0.3300 acc:0.8522
INFO:__main__:
【val】epoch:10/150 loss:0.3300 acc:0.8482
INFO:__main__:
【Val】:  SENS: 0.7754  SPEC: 0.8897  PPV: 0.8000  NPV: 0.8744 F1:0.7875
INFO:__main__:验证的best_acc:0.8482
INFO:__main__:----------------------------------------------------------------------------------------------------
INFO:__main__:
【train】epoch:11/150 loss:0.3152 acc:0.8568
INFO:__main__:
【val】epoch:11/150 loss:0.3018 acc:0.8594
INFO:__main__:
【Val】:  SENS: 0.7692  SPEC: 0.9107  PPV: 0.8306  NPV: 0.8739 F1:0.7987
INFO:__main__:验证的best_acc:0.8594
INFO:__main__:----------------------------------------------------------------------------------------------------
INFO:__main__:
【train】epoch:12/150 loss:0.3152 acc:0.8572
INFO:__main__:
【val】epoch:12/150 loss:0.3050 acc:0.8728
INFO:__main__:
【Val】:  SENS: 0.8677  SPEC: 0.8757  PPV: 0.7989  NPV: 0.9208 F1:0.8319
INFO:__main__:验证的best_acc:0.8728
INFO:__main__:----------------------------------------------------------------------------------------------------
INFO:__main__:
【train】epoch:13/150 loss:0.3006 acc:0.8663
INFO:__main__:
【val】epoch:13/150 loss:0.2938 acc:0.8761
INFO:__main__:
【Val】:  SENS: 0.8369  SPEC: 0.8984  PPV: 0.8242  NPV: 0.9064 F1:0.8305
INFO:__main__:验证的best_acc:0.8761
INFO:__main__:----------------------------------------------------------------------------------------------------
INFO:__main__:
【train】epoch:14/150 loss:0.3018 acc:0.8671
INFO:__main__:
【val】epoch:14/150 loss:0.3150 acc:0.8661
INFO:__main__:
【Val】:  SENS: 0.8985  SPEC: 0.8476  PPV: 0.7704  NPV: 0.9362 F1:0.8295
INFO:__main__:验证的best_acc:0.8761
INFO:__main__:----------------------------------------------------------------------------------------------------
INFO:__main__:
【train】epoch:15/150 loss:0.2865 acc:0.8683
INFO:__main__:
【val】epoch:15/150 loss:0.3174 acc:0.8594
INFO:__main__:
【Val】:  SENS: 0.8338  SPEC: 0.8739  PPV: 0.7901  NPV: 0.9024 F1:0.8114
INFO:__main__:验证的best_acc:0.8761
INFO:__main__:----------------------------------------------------------------------------------------------------
INFO:__main__:
【train】epoch:16/150 loss:0.2861 acc:0.8720
INFO:__main__:
【val】epoch:16/150 loss:0.3022 acc:0.8661
INFO:__main__:
【Val】:  SENS: 0.8123  SPEC: 0.8967  PPV: 0.8173  NPV: 0.8935 F1:0.8148
INFO:__main__:验证的best_acc:0.8761
INFO:__main__:----------------------------------------------------------------------------------------------------
INFO:__main__:
【train】epoch:17/150 loss:0.2851 acc:0.8755
INFO:__main__:
【val】epoch:17/150 loss:0.3385 acc:0.8538
INFO:__main__:
【Val】:  SENS: 0.8738  SPEC: 0.8424  PPV: 0.7594  NPV: 0.9215 F1:0.8126
INFO:__main__:验证的best_acc:0.8761
INFO:__main__:----------------------------------------------------------------------------------------------------
INFO:__main__:
【train】epoch:18/150 loss:0.2764 acc:0.8795
INFO:__main__:
【val】epoch:18/150 loss:0.3556 acc:0.8583
INFO:__main__:
【Val】:  SENS: 0.8338  SPEC: 0.8722  PPV: 0.7878  NPV: 0.9022 F1:0.8102
INFO:__main__:验证的best_acc:0.8761
INFO:__main__:----------------------------------------------------------------------------------------------------
INFO:__main__:
【train】epoch:19/150 loss:0.2621 acc:0.8872
INFO:__main__:
【val】epoch:19/150 loss:0.2993 acc:0.8739
INFO:__main__:
【Val】:  SENS: 0.8615  SPEC: 0.8809  PPV: 0.8046  NPV: 0.9179 F1:0.8321
INFO:__main__:验证的best_acc:0.8761
INFO:__main__:----------------------------------------------------------------------------------------------------
INFO:__main__:
【train】epoch:20/150 loss:0.2503 acc:0.8883
INFO:__main__:
【val】epoch:20/150 loss:0.3233 acc:0.8717
INFO:__main__:
【Val】:  SENS: 0.8769  SPEC: 0.8687  PPV: 0.7917  NPV: 0.9254 F1:0.8321
INFO:__main__:验证的best_acc:0.8761
INFO:__main__:----------------------------------------------------------------------------------------------------
INFO:__main__:
【train】epoch:21/150 loss:0.2501 acc:0.8974
INFO:__main__:
【val】epoch:21/150 loss:0.2974 acc:0.8661
INFO:__main__:
【Val】:  SENS: 0.8492  SPEC: 0.8757  PPV: 0.7954  NPV: 0.9107 F1:0.8214
INFO:__main__:验证的best_acc:0.8761
INFO:__main__:----------------------------------------------------------------------------------------------------
INFO:__main__:
【train】epoch:22/150 loss:0.2436 acc:0.8952
INFO:__main__:
【val】epoch:22/150 loss:0.3356 acc:0.8750
INFO:__main__:
【Val】:  SENS: 0.8892  SPEC: 0.8669  PPV: 0.7918  NPV: 0.9322 F1:0.8377
INFO:__main__:验证的best_acc:0.8761
INFO:__main__:----------------------------------------------------------------------------------------------------
INFO:__main__:
【train】epoch:23/150 loss:0.2342 acc:0.9010
INFO:__main__:
【val】epoch:23/150 loss:0.3202 acc:0.8594
INFO:__main__:
【Val】:  SENS: 0.8092  SPEC: 0.8879  PPV: 0.8043  NPV: 0.8910 F1:0.8067
INFO:__main__:验证的best_acc:0.8761
INFO:__main__:----------------------------------------------------------------------------------------------------
INFO:__main__:
【train】epoch:24/150 loss:0.2358 acc:0.8959
INFO:__main__:
【val】epoch:24/150 loss:0.3204 acc:0.8527
INFO:__main__:
【Val】:  SENS: 0.8892  SPEC: 0.8319  PPV: 0.7506  NPV: 0.9295 F1:0.8141
INFO:__main__:验证的best_acc:0.8761
INFO:__main__:----------------------------------------------------------------------------------------------------
INFO:__main__:
【train】epoch:25/150 loss:0.2207 acc:0.9039
INFO:__main__:
【val】epoch:25/150 loss:0.3931 acc:0.8538
INFO:__main__:
【Val】:  SENS: 0.8831  SPEC: 0.8371  PPV: 0.7553  NPV: 0.9264 F1:0.8142
INFO:__main__:验证的best_acc:0.8761
INFO:__main__:----------------------------------------------------------------------------------------------------
INFO:__main__:
【train】epoch:26/150 loss:0.2327 acc:0.9011
INFO:__main__:
【val】epoch:26/150 loss:0.3377 acc:0.8672
INFO:__main__:
【Val】:  SENS: 0.8769  SPEC: 0.8616  PPV: 0.7830  NPV: 0.9248 F1:0.8273
INFO:__main__:验证的best_acc:0.8761
INFO:__main__:----------------------------------------------------------------------------------------------------
INFO:__main__:
【train】epoch:27/150 loss:0.2277 acc:0.9043
INFO:__main__:
【val】epoch:27/150 loss:0.3125 acc:0.8705
INFO:__main__:
【Val】:  SENS: 0.8369  SPEC: 0.8897  PPV: 0.8119  NPV: 0.9055 F1:0.8242
INFO:__main__:验证的best_acc:0.8761
INFO:__main__:----------------------------------------------------------------------------------------------------
INFO:__main__:
【train】epoch:28/150 loss:0.2255 acc:0.9050
INFO:__main__:
【val】epoch:28/150 loss:0.3098 acc:0.8683
INFO:__main__:
【Val】:  SENS: 0.8369  SPEC: 0.8862  PPV: 0.8071  NPV: 0.9052 F1:0.8218
INFO:__main__:验证的best_acc:0.8761
INFO:__main__:----------------------------------------------------------------------------------------------------
INFO:__main__:
【train】epoch:29/150 loss:0.2118 acc:0.9132
INFO:__main__:
【val】epoch:29/150 loss:0.3624 acc:0.8560
INFO:__main__:
【Val】:  SENS: 0.9108  SPEC: 0.8249  PPV: 0.7475  NPV: 0.9420 F1:0.8211
INFO:__main__:验证的best_acc:0.8761
INFO:__main__:----------------------------------------------------------------------------------------------------
INFO:__main__:
【train】epoch:30/150 loss:0.2086 acc:0.9139
INFO:__main__:
【val】epoch:30/150 loss:0.3000 acc:0.8940
INFO:__main__:
【Val】:  SENS: 0.9046  SPEC: 0.8879  PPV: 0.8212  NPV: 0.9424 F1:0.8609
INFO:__main__:验证的best_acc:0.8940
INFO:__main__:----------------------------------------------------------------------------------------------------
INFO:__main__:
【train】epoch:31/150 loss:0.1922 acc:0.9187
INFO:__main__:
【val】epoch:31/150 loss:0.3310 acc:0.8772
INFO:__main__:
【Val】:  SENS: 0.8646  SPEC: 0.8844  PPV: 0.8098  NPV: 0.9199 F1:0.8363
INFO:__main__:验证的best_acc:0.8940
INFO:__main__:----------------------------------------------------------------------------------------------------
INFO:__main__:
【train】epoch:32/150 loss:0.1907 acc:0.9227
INFO:__main__:
【val】epoch:32/150 loss:0.3553 acc:0.8728
INFO:__main__:
【Val】:  SENS: 0.8585  SPEC: 0.8809  PPV: 0.8040  NPV: 0.9162 F1:0.8304
INFO:__main__:验证的best_acc:0.8940
INFO:__main__:----------------------------------------------------------------------------------------------------
INFO:__main__:
【train】epoch:33/150 loss:0.1934 acc:0.9197
INFO:__main__:
【val】epoch:33/150 loss:0.3777 acc:0.8605
INFO:__main__:
【Val】:  SENS: 0.8462  SPEC: 0.8687  PPV: 0.7857  NPV: 0.9084 F1:0.8148
INFO:__main__:验证的best_acc:0.8940
INFO:__main__:----------------------------------------------------------------------------------------------------
INFO:__main__:
【train】epoch:34/150 loss:0.1905 acc:0.9228
INFO:__main__:
【val】epoch:34/150 loss:0.3439 acc:0.8839
INFO:__main__:
【Val】:  SENS: 0.8862  SPEC: 0.8827  PPV: 0.8113  NPV: 0.9316 F1:0.8471
INFO:__main__:验证的best_acc:0.8940
INFO:__main__:----------------------------------------------------------------------------------------------------
INFO:__main__:
【train】epoch:35/150 loss:0.1865 acc:0.9217
INFO:__main__:
【val】epoch:35/150 loss:0.3699 acc:0.8750
INFO:__main__:
【Val】:  SENS: 0.8277  SPEC: 0.9019  PPV: 0.8277  NPV: 0.9019 F1:0.8277
INFO:__main__:验证的best_acc:0.8940
INFO:__main__:----------------------------------------------------------------------------------------------------
INFO:__main__:
【train】epoch:36/150 loss:0.1820 acc:0.9247
INFO:__main__:
【val】epoch:36/150 loss:0.4325 acc:0.8471
INFO:__main__:
【Val】:  SENS: 0.7508  SPEC: 0.9019  PPV: 0.8133  NPV: 0.8641 F1:0.7808
INFO:__main__:验证的best_acc:0.8940
INFO:__main__:----------------------------------------------------------------------------------------------------
INFO:__main__:
【train】epoch:37/150 loss:0.1751 acc:0.9285
INFO:__main__:
【val】epoch:37/150 loss:0.3322 acc:0.8806
INFO:__main__:
【Val】:  SENS: 0.8800  SPEC: 0.8809  PPV: 0.8079  NPV: 0.9280 F1:0.8424
INFO:__main__:验证的best_acc:0.8940
INFO:__main__:----------------------------------------------------------------------------------------------------
INFO:__main__:
【train】epoch:38/150 loss:0.1833 acc:0.9274
INFO:__main__:
【val】epoch:38/150 loss:0.3879 acc:0.8661
INFO:__main__:
【Val】:  SENS: 0.9231  SPEC: 0.8336  PPV: 0.7595  NPV: 0.9501 F1:0.8333
INFO:__main__:验证的best_acc:0.8940
INFO:__main__:----------------------------------------------------------------------------------------------------
INFO:__main__:
【train】epoch:39/150 loss:0.1604 acc:0.9349
INFO:__main__:
【val】epoch:39/150 loss:0.2998 acc:0.8817
INFO:__main__:
【Val】:  SENS: 0.8677  SPEC: 0.8897  PPV: 0.8174  NPV: 0.9220 F1:0.8418
INFO:__main__:验证的best_acc:0.8940
INFO:__main__:----------------------------------------------------------------------------------------------------
INFO:__main__:
【train】epoch:40/150 loss:0.1576 acc:0.9367
INFO:__main__:
【val】epoch:40/150 loss:0.3439 acc:0.8828
INFO:__main__:
【Val】:  SENS: 0.9046  SPEC: 0.8704  PPV: 0.7989  NPV: 0.9413 F1:0.8485
INFO:__main__:验证的best_acc:0.8940
INFO:__main__:----------------------------------------------------------------------------------------------------
INFO:__main__:
【train】epoch:41/150 loss:0.1546 acc:0.9374
INFO:__main__:
【val】epoch:41/150 loss:0.3920 acc:0.8739
INFO:__main__:
【Val】:  SENS: 0.8738  SPEC: 0.8739  PPV: 0.7978  NPV: 0.9241 F1:0.8341
INFO:__main__:验证的best_acc:0.8940
INFO:__main__:----------------------------------------------------------------------------------------------------
INFO:__main__:
【train】epoch:42/150 loss:0.1514 acc:0.9401
INFO:__main__:
【val】epoch:42/150 loss:0.3871 acc:0.8806
INFO:__main__:
【Val】:  SENS: 0.8831  SPEC: 0.8792  PPV: 0.8062  NPV: 0.9296 F1:0.8429
INFO:__main__:验证的best_acc:0.8940
INFO:__main__:----------------------------------------------------------------------------------------------------
INFO:__main__:
【train】epoch:43/150 loss:0.1574 acc:0.9402
INFO:__main__:
【val】epoch:43/150 loss:0.3466 acc:0.8917
INFO:__main__:
【Val】:  SENS: 0.9077  SPEC: 0.8827  PPV: 0.8149  NPV: 0.9438 F1:0.8588
INFO:__main__:验证的best_acc:0.8940
INFO:__main__:----------------------------------------------------------------------------------------------------
INFO:__main__:
【train】epoch:44/150 loss:0.1516 acc:0.9363
INFO:__main__:
【val】epoch:44/150 loss:0.3686 acc:0.8750
INFO:__main__:
【Val】:  SENS: 0.8492  SPEC: 0.8897  PPV: 0.8142  NPV: 0.9120 F1:0.8313
INFO:__main__:验证的best_acc:0.8940
INFO:__main__:----------------------------------------------------------------------------------------------------
INFO:__main__:
【train】epoch:45/150 loss:0.1541 acc:0.9393
INFO:__main__:
【val】epoch:45/150 loss:0.3278 acc:0.8761
INFO:__main__:
【Val】:  SENS: 0.8492  SPEC: 0.8914  PPV: 0.8166  NPV: 0.9122 F1:0.8326
INFO:__main__:验证的best_acc:0.8940
INFO:__main__:----------------------------------------------------------------------------------------------------
INFO:__main__:
【train】epoch:46/150 loss:0.1407 acc:0.9455
INFO:__main__:
【val】epoch:46/150 loss:0.3769 acc:0.8717
INFO:__main__:
【Val】:  SENS: 0.8923  SPEC: 0.8599  PPV: 0.7838  NPV: 0.9335 F1:0.8345
INFO:__main__:验证的best_acc:0.8940
INFO:__main__:----------------------------------------------------------------------------------------------------
INFO:__main__:
【train】epoch:47/150 loss:0.1444 acc:0.9427
INFO:__main__:
【val】epoch:47/150 loss:0.3565 acc:0.8862
INFO:__main__:
【Val】:  SENS: 0.8677  SPEC: 0.8967  PPV: 0.8270  NPV: 0.9225 F1:0.8468
INFO:__main__:验证的best_acc:0.8940
INFO:__main__:----------------------------------------------------------------------------------------------------
INFO:__main__:
【train】epoch:48/150 loss:0.1471 acc:0.9412
INFO:__main__:
【val】epoch:48/150 loss:0.3773 acc:0.8817
INFO:__main__:
【Val】:  SENS: 0.8615  SPEC: 0.8932  PPV: 0.8211  NPV: 0.9189 F1:0.8408
INFO:__main__:验证的best_acc:0.8940
INFO:__main__:----------------------------------------------------------------------------------------------------
INFO:__main__:
【train】epoch:49/150 loss:0.1334 acc:0.9477
INFO:__main__:
【val】epoch:49/150 loss:0.3884 acc:0.8862
INFO:__main__:
【Val】:  SENS: 0.9046  SPEC: 0.8757  PPV: 0.8055  NPV: 0.9416 F1:0.8522
INFO:__main__:验证的best_acc:0.8940
INFO:__main__:----------------------------------------------------------------------------------------------------
INFO:__main__:
【train】epoch:50/150 loss:0.1280 acc:0.9473
INFO:__main__:
【val】epoch:50/150 loss:0.4214 acc:0.8728
INFO:__main__:
【Val】:  SENS: 0.8585  SPEC: 0.8809  PPV: 0.8040  NPV: 0.9162 F1:0.8304
INFO:__main__:验证的best_acc:0.8940
INFO:__main__:----------------------------------------------------------------------------------------------------
INFO:__main__:
【train】epoch:51/150 loss:0.1247 acc:0.9514
INFO:__main__:
【val】epoch:51/150 loss:0.4474 acc:0.8750
INFO:__main__:
【Val】:  SENS: 0.8738  SPEC: 0.8757  PPV: 0.8000  NPV: 0.9242 F1:0.8353
INFO:__main__:验证的best_acc:0.8940
INFO:__main__:----------------------------------------------------------------------------------------------------
INFO:__main__:
【train】epoch:52/150 loss:0.1160 acc:0.9538
INFO:__main__:
【val】epoch:52/150 loss:0.4015 acc:0.8817
INFO:__main__:
【Val】:  SENS: 0.8646  SPEC: 0.8914  PPV: 0.8192  NPV: 0.9204 F1:0.8413
INFO:__main__:验证的best_acc:0.8940
INFO:__main__:----------------------------------------------------------------------------------------------------
INFO:__main__:
【train】epoch:53/150 loss:0.1225 acc:0.9524
INFO:__main__:
【val】epoch:53/150 loss:0.4247 acc:0.8717
INFO:__main__:
【Val】:  SENS: 0.8646  SPEC: 0.8757  PPV: 0.7983  NPV: 0.9191 F1:0.8301
INFO:__main__:验证的best_acc:0.8940
INFO:__main__:----------------------------------------------------------------------------------------------------
INFO:__main__:
【train】epoch:54/150 loss:0.1221 acc:0.9529
INFO:__main__:
【val】epoch:54/150 loss:0.4006 acc:0.8873
INFO:__main__:
【Val】:  SENS: 0.9046  SPEC: 0.8774  PPV: 0.8077  NPV: 0.9417 F1:0.8534
INFO:__main__:验证的best_acc:0.8940
INFO:__main__:----------------------------------------------------------------------------------------------------
INFO:__main__:
【train】epoch:55/150 loss:0.1182 acc:0.9543
INFO:__main__:
【val】epoch:55/150 loss:0.3771 acc:0.8772
INFO:__main__:
【Val】:  SENS: 0.8554  SPEC: 0.8897  PPV: 0.8152  NPV: 0.9153 F1:0.8348
INFO:__main__:验证的best_acc:0.8940
INFO:__main__:----------------------------------------------------------------------------------------------------
INFO:__main__:
【train】epoch:56/150 loss:0.1217 acc:0.9520
INFO:__main__:
【val】epoch:56/150 loss:0.4137 acc:0.8783
INFO:__main__:
【Val】:  SENS: 0.8738  SPEC: 0.8809  PPV: 0.8068  NPV: 0.9246 F1:0.8390
INFO:__main__:验证的best_acc:0.8940
INFO:__main__:----------------------------------------------------------------------------------------------------
INFO:__main__:
【train】epoch:57/150 loss:0.1123 acc:0.9535
INFO:__main__:
【val】epoch:57/150 loss:0.4268 acc:0.8694
INFO:__main__:
【Val】:  SENS: 0.8215  SPEC: 0.8967  PPV: 0.8190  NPV: 0.8982 F1:0.8203
INFO:__main__:验证的best_acc:0.8940
INFO:__main__:----------------------------------------------------------------------------------------------------
INFO:__main__:
【train】epoch:58/150 loss:0.1176 acc:0.9520
INFO:__main__:
【val】epoch:58/150 loss:0.3888 acc:0.8817
INFO:__main__:
【Val】:  SENS: 0.8985  SPEC: 0.8722  PPV: 0.8000  NPV: 0.9379 F1:0.8464
INFO:__main__:验证的best_acc:0.8940
INFO:__main__:----------------------------------------------------------------------------------------------------
INFO:__main__:
【train】epoch:59/150 loss:0.1076 acc:0.9605
INFO:__main__:
【val】epoch:59/150 loss:0.4042 acc:0.8806
INFO:__main__:
【Val】:  SENS: 0.8492  SPEC: 0.8984  PPV: 0.8263  NPV: 0.9128 F1:0.8376
INFO:__main__:验证的best_acc:0.8940
INFO:__main__:----------------------------------------------------------------------------------------------------
INFO:__main__:
【train】epoch:60/150 loss:0.0963 acc:0.9620
INFO:__main__:
【val】epoch:60/150 loss:0.3848 acc:0.8895
INFO:__main__:
【Val】:  SENS: 0.8615  SPEC: 0.9054  PPV: 0.8383  NPV: 0.9199 F1:0.8498
INFO:__main__:验证的best_acc:0.8940
INFO:__main__:----------------------------------------------------------------------------------------------------
INFO:__main__:
【train】epoch:61/150 loss:0.1054 acc:0.9596
INFO:__main__:
【val】epoch:61/150 loss:0.3695 acc:0.8929
INFO:__main__:
【Val】:  SENS: 0.8615  SPEC: 0.9107  PPV: 0.8459  NPV: 0.9204 F1:0.8537
INFO:__main__:验证的best_acc:0.8940
INFO:__main__:----------------------------------------------------------------------------------------------------
INFO:__main__:
【train】epoch:62/150 loss:0.1040 acc:0.9577
INFO:__main__:
【val】epoch:62/150 loss:0.4081 acc:0.8728
INFO:__main__:
【Val】:  SENS: 0.8400  SPEC: 0.8914  PPV: 0.8149  NPV: 0.9073 F1:0.8273
INFO:__main__:验证的best_acc:0.8940
INFO:__main__:----------------------------------------------------------------------------------------------------
INFO:__main__:
【train】epoch:63/150 loss:0.0981 acc:0.9629
INFO:__main__:
【val】epoch:63/150 loss:0.4382 acc:0.8750
INFO:__main__:
【Val】:  SENS: 0.8185  SPEC: 0.9072  PPV: 0.8339  NPV: 0.8977 F1:0.8261
INFO:__main__:验证的best_acc:0.8940
INFO:__main__:----------------------------------------------------------------------------------------------------
INFO:__main__:
【train】epoch:64/150 loss:0.0996 acc:0.9622
INFO:__main__:
【val】epoch:64/150 loss:0.4691 acc:0.8672
INFO:__main__:
【Val】:  SENS: 0.8831  SPEC: 0.8581  PPV: 0.7799  NPV: 0.9280 F1:0.8283
INFO:__main__:验证的best_acc:0.8940
INFO:__main__:----------------------------------------------------------------------------------------------------
INFO:__main__:
【train】epoch:65/150 loss:0.1003 acc:0.9624
INFO:__main__:
【val】epoch:65/150 loss:0.4189 acc:0.8772
INFO:__main__:
【Val】:  SENS: 0.8646  SPEC: 0.8844  PPV: 0.8098  NPV: 0.9199 F1:0.8363
INFO:__main__:验证的best_acc:0.8940
INFO:__main__:----------------------------------------------------------------------------------------------------
INFO:__main__:
【train】epoch:66/150 loss:0.0954 acc:0.9610
INFO:__main__:
【val】epoch:66/150 loss:0.4572 acc:0.8717
INFO:__main__:
【Val】:  SENS: 0.8308  SPEC: 0.8949  PPV: 0.8182  NPV: 0.9028 F1:0.8244
INFO:__main__:验证的best_acc:0.8940
INFO:__main__:----------------------------------------------------------------------------------------------------
INFO:__main__:
【train】epoch:67/150 loss:0.1006 acc:0.9622
INFO:__main__:
【val】epoch:67/150 loss:0.4280 acc:0.8884
INFO:__main__:
【Val】:  SENS: 0.8462  SPEC: 0.9124  PPV: 0.8462  NPV: 0.9124 F1:0.8462
INFO:__main__:验证的best_acc:0.8940
INFO:__main__:----------------------------------------------------------------------------------------------------
INFO:__main__:
【train】epoch:68/150 loss:0.0945 acc:0.9641
INFO:__main__:
【val】epoch:68/150 loss:0.4132 acc:0.8817
INFO:__main__:
【Val】:  SENS: 0.8738  SPEC: 0.8862  PPV: 0.8138  NPV: 0.9250 F1:0.8427
INFO:__main__:验证的best_acc:0.8940
INFO:__main__:----------------------------------------------------------------------------------------------------
INFO:__main__:
【train】epoch:69/150 loss:0.0864 acc:0.9659
INFO:__main__:
【val】epoch:69/150 loss:0.4338 acc:0.8739
INFO:__main__:
【Val】:  SENS: 0.8554  SPEC: 0.8844  PPV: 0.8081  NPV: 0.9149 F1:0.8311
INFO:__main__:验证的best_acc:0.8940
INFO:__main__:----------------------------------------------------------------------------------------------------
INFO:__main__:
【train】epoch:70/150 loss:0.0860 acc:0.9654
INFO:__main__:
【val】epoch:70/150 loss:0.3925 acc:0.8906
INFO:__main__:
【Val】:  SENS: 0.8800  SPEC: 0.8967  PPV: 0.8290  NPV: 0.9292 F1:0.8537
INFO:__main__:验证的best_acc:0.8940
INFO:__main__:----------------------------------------------------------------------------------------------------
INFO:__main__:
【train】epoch:71/150 loss:0.0838 acc:0.9681
INFO:__main__:
【val】epoch:71/150 loss:0.3745 acc:0.8817
INFO:__main__:
【Val】:  SENS: 0.8862  SPEC: 0.8792  PPV: 0.8067  NPV: 0.9314 F1:0.8446
INFO:__main__:验证的best_acc:0.8940
INFO:__main__:----------------------------------------------------------------------------------------------------
INFO:__main__:
【train】epoch:72/150 loss:0.0753 acc:0.9702
INFO:__main__:
【val】epoch:72/150 loss:0.4137 acc:0.8728
INFO:__main__:
【Val】:  SENS: 0.8400  SPEC: 0.8914  PPV: 0.8149  NPV: 0.9073 F1:0.8273
INFO:__main__:验证的best_acc:0.8940
INFO:__main__:----------------------------------------------------------------------------------------------------
INFO:__main__:
【train】epoch:73/150 loss:0.0883 acc:0.9651
INFO:__main__:
【val】epoch:73/150 loss:0.3983 acc:0.8783
INFO:__main__:
【Val】:  SENS: 0.8862  SPEC: 0.8739  PPV: 0.8000  NPV: 0.9310 F1:0.8409
INFO:__main__:验证的best_acc:0.8940
INFO:__main__:----------------------------------------------------------------------------------------------------
INFO:__main__:
【train】epoch:74/150 loss:0.0781 acc:0.9707
INFO:__main__:
【val】epoch:74/150 loss:0.4127 acc:0.8862
INFO:__main__:
【Val】:  SENS: 0.8646  SPEC: 0.8984  PPV: 0.8289  NPV: 0.9210 F1:0.8464
INFO:__main__:验证的best_acc:0.8940
INFO:__main__:----------------------------------------------------------------------------------------------------
INFO:__main__:
【train】epoch:75/150 loss:0.0792 acc:0.9708
INFO:__main__:
【val】epoch:75/150 loss:0.4045 acc:0.8839
INFO:__main__:
【Val】:  SENS: 0.8492  SPEC: 0.9037  PPV: 0.8338  NPV: 0.9133 F1:0.8415
INFO:__main__:验证的best_acc:0.8940
INFO:__main__:----------------------------------------------------------------------------------------------------
INFO:__main__:
【train】epoch:76/150 loss:0.0786 acc:0.9697
INFO:__main__:
【val】epoch:76/150 loss:0.4313 acc:0.8884
INFO:__main__:
【Val】:  SENS: 0.8462  SPEC: 0.9124  PPV: 0.8462  NPV: 0.9124 F1:0.8462
INFO:__main__:验证的best_acc:0.8940
INFO:__main__:----------------------------------------------------------------------------------------------------
INFO:__main__:
【train】epoch:77/150 loss:0.0799 acc:0.9690
INFO:__main__:
【val】epoch:77/150 loss:0.4112 acc:0.8895
INFO:__main__:
【Val】:  SENS: 0.8708  SPEC: 0.9002  PPV: 0.8324  NPV: 0.9245 F1:0.8511
INFO:__main__:验证的best_acc:0.8940
INFO:__main__:----------------------------------------------------------------------------------------------------
INFO:__main__:
【train】epoch:78/150 loss:0.0718 acc:0.9719
INFO:__main__:
【val】epoch:78/150 loss:0.4741 acc:0.8772
INFO:__main__:
【Val】:  SENS: 0.8585  SPEC: 0.8879  PPV: 0.8134  NPV: 0.9168 F1:0.8353
INFO:__main__:验证的best_acc:0.8940
INFO:__main__:----------------------------------------------------------------------------------------------------
INFO:__main__:
【train】epoch:79/150 loss:0.0700 acc:0.9732
INFO:__main__:
【val】epoch:79/150 loss:0.4531 acc:0.8873
INFO:__main__:
【Val】:  SENS: 0.8338  SPEC: 0.9177  PPV: 0.8522  NPV: 0.9066 F1:0.8429
INFO:__main__:验证的best_acc:0.8940
INFO:__main__:----------------------------------------------------------------------------------------------------
INFO:__main__:
【train】epoch:80/150 loss:0.0634 acc:0.9764
INFO:__main__:
【val】epoch:80/150 loss:0.4039 acc:0.8984
INFO:__main__:
【Val】:  SENS: 0.8708  SPEC: 0.9142  PPV: 0.8524  NPV: 0.9255 F1:0.8615
INFO:__main__:验证的best_acc:0.8984
INFO:__main__:----------------------------------------------------------------------------------------------------
INFO:__main__:
【train】epoch:81/150 loss:0.0692 acc:0.9734
INFO:__main__:
【val】epoch:81/150 loss:0.4435 acc:0.8884
INFO:__main__:
【Val】:  SENS: 0.8308  SPEC: 0.9212  PPV: 0.8571  NPV: 0.9053 F1:0.8438
INFO:__main__:验证的best_acc:0.8984
INFO:__main__:----------------------------------------------------------------------------------------------------
INFO:__main__:
【train】epoch:82/150 loss:0.0642 acc:0.9765
INFO:__main__:
【val】epoch:82/150 loss:0.4293 acc:0.8839
INFO:__main__:
【Val】:  SENS: 0.8123  SPEC: 0.9247  PPV: 0.8599  NPV: 0.8964 F1:0.8354
INFO:__main__:验证的best_acc:0.8984
INFO:__main__:----------------------------------------------------------------------------------------------------
INFO:__main__:
【train】epoch:83/150 loss:0.0640 acc:0.9753
INFO:__main__:
【val】epoch:83/150 loss:0.4421 acc:0.8884
INFO:__main__:
【Val】:  SENS: 0.8277  SPEC: 0.9229  PPV: 0.8594  NPV: 0.9039 F1:0.8433
INFO:__main__:验证的best_acc:0.8984
INFO:__main__:----------------------------------------------------------------------------------------------------
INFO:__main__:
【train】epoch:84/150 loss:0.0665 acc:0.9739
INFO:__main__:
【val】epoch:84/150 loss:0.4176 acc:0.8828
INFO:__main__:
【Val】:  SENS: 0.8185  SPEC: 0.9194  PPV: 0.8526  NPV: 0.8990 F1:0.8352
INFO:__main__:验证的best_acc:0.8984
INFO:__main__:----------------------------------------------------------------------------------------------------
INFO:__main__:
【train】epoch:85/150 loss:0.0554 acc:0.9783
INFO:__main__:
【val】epoch:85/150 loss:0.4753 acc:0.8783
INFO:__main__:
【Val】:  SENS: 0.8277  SPEC: 0.9072  PPV: 0.8354  NPV: 0.9024 F1:0.8315
INFO:__main__:验证的best_acc:0.8984
INFO:__main__:----------------------------------------------------------------------------------------------------
INFO:__main__:
【train】epoch:86/150 loss:0.0627 acc:0.9757
INFO:__main__:
【val】epoch:86/150 loss:0.4243 acc:0.8951
INFO:__main__:
【Val】:  SENS: 0.8738  SPEC: 0.9072  PPV: 0.8427  NPV: 0.9267 F1:0.8580
INFO:__main__:验证的best_acc:0.8984
INFO:__main__:----------------------------------------------------------------------------------------------------
INFO:__main__:
【train】epoch:87/150 loss:0.0693 acc:0.9735
INFO:__main__:
【val】epoch:87/150 loss:0.3949 acc:0.8917
INFO:__main__:
【Val】:  SENS: 0.8492  SPEC: 0.9159  PPV: 0.8519  NPV: 0.9143 F1:0.8505
INFO:__main__:验证的best_acc:0.8984
INFO:__main__:----------------------------------------------------------------------------------------------------
INFO:__main__:
【train】epoch:88/150 loss:0.0645 acc:0.9753
INFO:__main__:
【val】epoch:88/150 loss:0.4208 acc:0.8962
INFO:__main__:
【Val】:  SENS: 0.8523  SPEC: 0.9212  PPV: 0.8602  NPV: 0.9164 F1:0.8563
INFO:__main__:验证的best_acc:0.8984
INFO:__main__:----------------------------------------------------------------------------------------------------
INFO:__main__:
【train】epoch:89/150 loss:0.0520 acc:0.9802
INFO:__main__:
【val】epoch:89/150 loss:0.4159 acc:0.8940
INFO:__main__:
【Val】:  SENS: 0.8646  SPEC: 0.9107  PPV: 0.8464  NPV: 0.9220 F1:0.8554
INFO:__main__:验证的best_acc:0.8984
INFO:__main__:----------------------------------------------------------------------------------------------------
INFO:__main__:
【train】epoch:90/150 loss:0.0533 acc:0.9789
INFO:__main__:
【val】epoch:90/150 loss:0.4050 acc:0.8951
INFO:__main__:
【Val】:  SENS: 0.8769  SPEC: 0.9054  PPV: 0.8407  NPV: 0.9282 F1:0.8584
INFO:__main__:验证的best_acc:0.8984
INFO:__main__:----------------------------------------------------------------------------------------------------
INFO:__main__:
【train】epoch:91/150 loss:0.0532 acc:0.9796
INFO:__main__:
【val】epoch:91/150 loss:0.3859 acc:0.9029
INFO:__main__:
【Val】:  SENS: 0.8738  SPEC: 0.9194  PPV: 0.8606  NPV: 0.9276 F1:0.8672
INFO:__main__:验证的best_acc:0.9029
INFO:__main__:----------------------------------------------------------------------------------------------------
INFO:__main__:
【train】epoch:92/150 loss:0.0615 acc:0.9773
INFO:__main__:
【val】epoch:92/150 loss:0.4436 acc:0.8929
INFO:__main__:
【Val】:  SENS: 0.8554  SPEC: 0.9142  PPV: 0.8502  NPV: 0.9174 F1:0.8528
INFO:__main__:验证的best_acc:0.9029
INFO:__main__:----------------------------------------------------------------------------------------------------
INFO:__main__:
【train】epoch:93/150 loss:0.0536 acc:0.9787
INFO:__main__:
【val】epoch:93/150 loss:0.4478 acc:0.8839
INFO:__main__:
【Val】:  SENS: 0.8492  SPEC: 0.9037  PPV: 0.8338  NPV: 0.9133 F1:0.8415
INFO:__main__:验证的best_acc:0.9029
INFO:__main__:----------------------------------------------------------------------------------------------------
INFO:__main__:
【train】epoch:94/150 loss:0.0529 acc:0.9808
INFO:__main__:
【val】epoch:94/150 loss:0.4379 acc:0.8984
INFO:__main__:
【Val】:  SENS: 0.8769  SPEC: 0.9107  PPV: 0.8482  NPV: 0.9286 F1:0.8623
INFO:__main__:验证的best_acc:0.9029
INFO:__main__:----------------------------------------------------------------------------------------------------
INFO:__main__:
【train】epoch:95/150 loss:0.0525 acc:0.9803
INFO:__main__:
【val】epoch:95/150 loss:0.4258 acc:0.8850
INFO:__main__:
【Val】:  SENS: 0.8554  SPEC: 0.9019  PPV: 0.8323  NPV: 0.9164 F1:0.8437
INFO:__main__:验证的best_acc:0.9029
INFO:__main__:----------------------------------------------------------------------------------------------------
INFO:__main__:
【train】epoch:96/150 loss:0.0498 acc:0.9807
INFO:__main__:
【val】epoch:96/150 loss:0.4493 acc:0.8917
INFO:__main__:
【Val】:  SENS: 0.8554  SPEC: 0.9124  PPV: 0.8476  NPV: 0.9173 F1:0.8515
INFO:__main__:验证的best_acc:0.9029
INFO:__main__:----------------------------------------------------------------------------------------------------
INFO:__main__:
【train】epoch:97/150 loss:0.0524 acc:0.9788
INFO:__main__:
【val】epoch:97/150 loss:0.4489 acc:0.8906
INFO:__main__:
【Val】:  SENS: 0.8738  SPEC: 0.9002  PPV: 0.8328  NPV: 0.9261 F1:0.8529
INFO:__main__:验证的best_acc:0.9029
INFO:__main__:----------------------------------------------------------------------------------------------------
INFO:__main__:
【train】epoch:98/150 loss:0.0472 acc:0.9815
INFO:__main__:
【val】epoch:98/150 loss:0.4557 acc:0.8962
INFO:__main__:
【Val】:  SENS: 0.8646  SPEC: 0.9142  PPV: 0.8515  NPV: 0.9223 F1:0.8580
INFO:__main__:验证的best_acc:0.9029
INFO:__main__:----------------------------------------------------------------------------------------------------
INFO:__main__:
【train】epoch:99/150 loss:0.0503 acc:0.9806
INFO:__main__:
【val】epoch:99/150 loss:0.4309 acc:0.8984
INFO:__main__:
【Val】:  SENS: 0.8646  SPEC: 0.9177  PPV: 0.8567  NPV: 0.9225 F1:0.8606
INFO:__main__:验证的best_acc:0.9029
INFO:__main__:----------------------------------------------------------------------------------------------------
INFO:__main__:
【train】epoch:100/150 loss:0.0377 acc:0.9860
INFO:__main__:
【val】epoch:100/150 loss:0.4792 acc:0.8917
INFO:__main__:
【Val】:  SENS: 0.8677  SPEC: 0.9054  PPV: 0.8393  NPV: 0.9232 F1:0.8533
INFO:__main__:验证的best_acc:0.9029
INFO:__main__:----------------------------------------------------------------------------------------------------
INFO:__main__:
【train】epoch:101/150 loss:0.0403 acc:0.9841
INFO:__main__:
【val】epoch:101/150 loss:0.4512 acc:0.8895
INFO:__main__:
【Val】:  SENS: 0.8492  SPEC: 0.9124  PPV: 0.8466  NPV: 0.9140 F1:0.8479
INFO:__main__:验证的best_acc:0.9029
INFO:__main__:----------------------------------------------------------------------------------------------------
INFO:__main__:
【train】epoch:102/150 loss:0.0478 acc:0.9804
INFO:__main__:
【val】epoch:102/150 loss:0.4641 acc:0.8929
INFO:__main__:
【Val】:  SENS: 0.8400  SPEC: 0.9229  PPV: 0.8612  NPV: 0.9102 F1:0.8505
INFO:__main__:验证的best_acc:0.9029
INFO:__main__:----------------------------------------------------------------------------------------------------
INFO:__main__:
【train】epoch:103/150 loss:0.0450 acc:0.9823
INFO:__main__:
【val】epoch:103/150 loss:0.4392 acc:0.9007
INFO:__main__:
【Val】:  SENS: 0.8646  SPEC: 0.9212  PPV: 0.8620  NPV: 0.9228 F1:0.8633
INFO:__main__:验证的best_acc:0.9029
INFO:__main__:----------------------------------------------------------------------------------------------------
INFO:__main__:
【train】epoch:104/150 loss:0.0469 acc:0.9836
INFO:__main__:
【val】epoch:104/150 loss:0.4317 acc:0.9018
INFO:__main__:
【Val】:  SENS: 0.8677  SPEC: 0.9212  PPV: 0.8624  NPV: 0.9244 F1:0.8650
INFO:__main__:验证的best_acc:0.9029
INFO:__main__:----------------------------------------------------------------------------------------------------
INFO:__main__:
【train】epoch:105/150 loss:0.0454 acc:0.9830
INFO:__main__:
【val】epoch:105/150 loss:0.4283 acc:0.8973
INFO:__main__:
【Val】:  SENS: 0.8615  SPEC: 0.9177  PPV: 0.8563  NPV: 0.9209 F1:0.8589
INFO:__main__:验证的best_acc:0.9029
INFO:__main__:----------------------------------------------------------------------------------------------------
INFO:__main__:
【train】epoch:106/150 loss:0.0407 acc:0.9853
INFO:__main__:
【val】epoch:106/150 loss:0.4306 acc:0.8929
INFO:__main__:
【Val】:  SENS: 0.8523  SPEC: 0.9159  PPV: 0.8523  NPV: 0.9159 F1:0.8523
INFO:__main__:验证的best_acc:0.9029
INFO:__main__:----------------------------------------------------------------------------------------------------
INFO:__main__:
【train】epoch:107/150 loss:0.0454 acc:0.9822
INFO:__main__:
【val】epoch:107/150 loss:0.4429 acc:0.8906
INFO:__main__:
【Val】:  SENS: 0.8769  SPEC: 0.8984  PPV: 0.8309  NPV: 0.9277 F1:0.8533
INFO:__main__:验证的best_acc:0.9029
INFO:__main__:----------------------------------------------------------------------------------------------------
INFO:__main__:
【train】epoch:108/150 loss:0.0412 acc:0.9849
INFO:__main__:
【val】epoch:108/150 loss:0.4399 acc:0.8951
INFO:__main__:
【Val】:  SENS: 0.8708  SPEC: 0.9089  PPV: 0.8448  NPV: 0.9251 F1:0.8576
INFO:__main__:验证的best_acc:0.9029
INFO:__main__:----------------------------------------------------------------------------------------------------
INFO:__main__:
【train】epoch:109/150 loss:0.0383 acc:0.9849
INFO:__main__:
【val】epoch:109/150 loss:0.4068 acc:0.9018
INFO:__main__:
【Val】:  SENS: 0.8615  SPEC: 0.9247  PPV: 0.8669  NPV: 0.9215 F1:0.8642
INFO:__main__:验证的best_acc:0.9029
INFO:__main__:----------------------------------------------------------------------------------------------------
INFO:__main__:
【train】epoch:110/150 loss:0.0384 acc:0.9870
INFO:__main__:
【val】epoch:110/150 loss:0.4127 acc:0.9029
INFO:__main__:
【Val】:  SENS: 0.8738  SPEC: 0.9194  PPV: 0.8606  NPV: 0.9276 F1:0.8672
INFO:__main__:验证的best_acc:0.9029
INFO:__main__:----------------------------------------------------------------------------------------------------
INFO:__main__:
【train】epoch:111/150 loss:0.0381 acc:0.9874
INFO:__main__:
【val】epoch:111/150 loss:0.4438 acc:0.8873
INFO:__main__:
【Val】:  SENS: 0.8708  SPEC: 0.8967  PPV: 0.8275  NPV: 0.9242 F1:0.8486
INFO:__main__:验证的best_acc:0.9029
INFO:__main__:----------------------------------------------------------------------------------------------------
INFO:__main__:
【train】epoch:112/150 loss:0.0374 acc:0.9859
INFO:__main__:
【val】epoch:112/150 loss:0.4403 acc:0.9007
INFO:__main__:
【Val】:  SENS: 0.8677  SPEC: 0.9194  PPV: 0.8598  NPV: 0.9243 F1:0.8637
INFO:__main__:验证的best_acc:0.9029
INFO:__main__:----------------------------------------------------------------------------------------------------
INFO:__main__:
【train】epoch:113/150 loss:0.0382 acc:0.9867
INFO:__main__:
【val】epoch:113/150 loss:0.4274 acc:0.8873
INFO:__main__:
【Val】:  SENS: 0.8277  SPEC: 0.9212  PPV: 0.8567  NPV: 0.9038 F1:0.8419
INFO:__main__:验证的best_acc:0.9029
INFO:__main__:----------------------------------------------------------------------------------------------------
INFO:__main__:
【train】epoch:114/150 loss:0.0315 acc:0.9886
INFO:__main__:
【val】epoch:114/150 loss:0.4255 acc:0.9040
INFO:__main__:
【Val】:  SENS: 0.8615  SPEC: 0.9282  PPV: 0.8723  NPV: 0.9217 F1:0.8669
INFO:__main__:验证的best_acc:0.9040
INFO:__main__:----------------------------------------------------------------------------------------------------
INFO:__main__:
【train】epoch:115/150 loss:0.0288 acc:0.9893
INFO:__main__:
【val】epoch:115/150 loss:0.4477 acc:0.8929
INFO:__main__:
【Val】:  SENS: 0.8554  SPEC: 0.9142  PPV: 0.8502  NPV: 0.9174 F1:0.8528
INFO:__main__:验证的best_acc:0.9040
INFO:__main__:----------------------------------------------------------------------------------------------------
INFO:__main__:
【train】epoch:116/150 loss:0.0413 acc:0.9836
INFO:__main__:
【val】epoch:116/150 loss:0.4671 acc:0.8962
INFO:__main__:
【Val】:  SENS: 0.8738  SPEC: 0.9089  PPV: 0.8452  NPV: 0.9268 F1:0.8593
INFO:__main__:验证的best_acc:0.9040
INFO:__main__:----------------------------------------------------------------------------------------------------
INFO:__main__:
【train】epoch:117/150 loss:0.0360 acc:0.9868
INFO:__main__:
【val】epoch:117/150 loss:0.4629 acc:0.8906
INFO:__main__:
【Val】:  SENS: 0.8738  SPEC: 0.9002  PPV: 0.8328  NPV: 0.9261 F1:0.8529
INFO:__main__:验证的best_acc:0.9040
INFO:__main__:----------------------------------------------------------------------------------------------------
INFO:__main__:
【train】epoch:118/150 loss:0.0345 acc:0.9875
INFO:__main__:
【val】epoch:118/150 loss:0.4576 acc:0.8951
INFO:__main__:
【Val】:  SENS: 0.8585  SPEC: 0.9159  PPV: 0.8532  NPV: 0.9192 F1:0.8558
INFO:__main__:验证的best_acc:0.9040
INFO:__main__:----------------------------------------------------------------------------------------------------
INFO:__main__:
【train】epoch:119/150 loss:0.0310 acc:0.9890
INFO:__main__:
【val】epoch:119/150 loss:0.4888 acc:0.8895
INFO:__main__:
【Val】:  SENS: 0.8646  SPEC: 0.9037  PPV: 0.8363  NPV: 0.9214 F1:0.8502
INFO:__main__:验证的best_acc:0.9040
INFO:__main__:----------------------------------------------------------------------------------------------------
INFO:__main__:
【train】epoch:120/150 loss:0.0345 acc:0.9865
INFO:__main__:
【val】epoch:120/150 loss:0.4787 acc:0.8906
INFO:__main__:
【Val】:  SENS: 0.8831  SPEC: 0.8949  PPV: 0.8271  NPV: 0.9308 F1:0.8542
INFO:__main__:验证的best_acc:0.9040
INFO:__main__:----------------------------------------------------------------------------------------------------
INFO:__main__:
【train】epoch:121/150 loss:0.0307 acc:0.9891
INFO:__main__:
【val】epoch:121/150 loss:0.4543 acc:0.8940
INFO:__main__:
【Val】:  SENS: 0.8738  SPEC: 0.9054  PPV: 0.8402  NPV: 0.9265 F1:0.8567
INFO:__main__:验证的best_acc:0.9040
INFO:__main__:----------------------------------------------------------------------------------------------------
INFO:__main__:
【train】epoch:122/150 loss:0.0299 acc:0.9885
INFO:__main__:
【val】epoch:122/150 loss:0.4813 acc:0.8906
INFO:__main__:
【Val】:  SENS: 0.8523  SPEC: 0.9124  PPV: 0.8471  NPV: 0.9156 F1:0.8497
INFO:__main__:验证的best_acc:0.9040
INFO:__main__:----------------------------------------------------------------------------------------------------
INFO:__main__:
【train】epoch:123/150 loss:0.0306 acc:0.9871
INFO:__main__:
【val】epoch:123/150 loss:0.4727 acc:0.8895
INFO:__main__:
【Val】:  SENS: 0.8554  SPEC: 0.9089  PPV: 0.8424  NPV: 0.9170 F1:0.8489
INFO:__main__:验证的best_acc:0.9040
INFO:__main__:----------------------------------------------------------------------------------------------------
INFO:__main__:
【train】epoch:124/150 loss:0.0254 acc:0.9914
INFO:__main__:
【val】epoch:124/150 loss:0.5124 acc:0.8884
INFO:__main__:
【Val】:  SENS: 0.8769  SPEC: 0.8949  PPV: 0.8261  NPV: 0.9274 F1:0.8507
INFO:__main__:验证的best_acc:0.9040
INFO:__main__:----------------------------------------------------------------------------------------------------
INFO:__main__:
【train】epoch:125/150 loss:0.0239 acc:0.9909
INFO:__main__:
【val】epoch:125/150 loss:0.4590 acc:0.8929
INFO:__main__:
【Val】:  SENS: 0.8769  SPEC: 0.9019  PPV: 0.8358  NPV: 0.9279 F1:0.8559
INFO:__main__:验证的best_acc:0.9040
INFO:__main__:----------------------------------------------------------------------------------------------------
INFO:__main__:
【train】epoch:126/150 loss:0.0309 acc:0.9893
INFO:__main__:
【val】epoch:126/150 loss:0.5022 acc:0.8817
INFO:__main__:
【Val】:  SENS: 0.8769  SPEC: 0.8844  PPV: 0.8120  NPV: 0.9266 F1:0.8432
INFO:__main__:验证的best_acc:0.9040
INFO:__main__:----------------------------------------------------------------------------------------------------
INFO:__main__:
【train】epoch:127/150 loss:0.0267 acc:0.9905
INFO:__main__:
【val】epoch:127/150 loss:0.5091 acc:0.8873
INFO:__main__:
【Val】:  SENS: 0.8523  SPEC: 0.9072  PPV: 0.8394  NPV: 0.9152 F1:0.8458
INFO:__main__:验证的best_acc:0.9040
INFO:__main__:----------------------------------------------------------------------------------------------------
INFO:__main__:
【train】epoch:128/150 loss:0.0289 acc:0.9885
INFO:__main__:
【val】epoch:128/150 loss:0.4884 acc:0.8996
INFO:__main__:
【Val】:  SENS: 0.8738  SPEC: 0.9142  PPV: 0.8529  NPV: 0.9272 F1:0.8632
INFO:__main__:验证的best_acc:0.9040
INFO:__main__:----------------------------------------------------------------------------------------------------
INFO:__main__:
【train】epoch:129/150 loss:0.0237 acc:0.9924
INFO:__main__:
【val】epoch:129/150 loss:0.4893 acc:0.8973
INFO:__main__:
【Val】:  SENS: 0.8831  SPEC: 0.9054  PPV: 0.8416  NPV: 0.9315 F1:0.8619
INFO:__main__:验证的best_acc:0.9040
INFO:__main__:----------------------------------------------------------------------------------------------------
INFO:__main__:
【train】epoch:130/150 loss:0.0265 acc:0.9901
INFO:__main__:
【val】epoch:130/150 loss:0.4949 acc:0.8862
INFO:__main__:
【Val】:  SENS: 0.8492  SPEC: 0.9072  PPV: 0.8389  NPV: 0.9136 F1:0.8440
INFO:__main__:验证的best_acc:0.9040
INFO:__main__:----------------------------------------------------------------------------------------------------
INFO:__main__:
【train】epoch:131/150 loss:0.0251 acc:0.9909
INFO:__main__:
【val】epoch:131/150 loss:0.4809 acc:0.8917
INFO:__main__:
【Val】:  SENS: 0.8738  SPEC: 0.9019  PPV: 0.8353  NPV: 0.9263 F1:0.8541
INFO:__main__:验证的best_acc:0.9040
INFO:__main__:----------------------------------------------------------------------------------------------------
INFO:__main__:
【train】epoch:132/150 loss:0.0230 acc:0.9917
INFO:__main__:
【val】epoch:132/150 loss:0.5241 acc:0.8873
INFO:__main__:
【Val】:  SENS: 0.8646  SPEC: 0.9002  PPV: 0.8314  NPV: 0.9211 F1:0.8477
INFO:__main__:验证的best_acc:0.9040
INFO:__main__:----------------------------------------------------------------------------------------------------
INFO:__main__:
【train】epoch:133/150 loss:0.0258 acc:0.9906
INFO:__main__:
【val】epoch:133/150 loss:0.5043 acc:0.8862
INFO:__main__:
【Val】:  SENS: 0.8431  SPEC: 0.9107  PPV: 0.8431  NPV: 0.9107 F1:0.8431
INFO:__main__:验证的best_acc:0.9040
INFO:__main__:----------------------------------------------------------------------------------------------------
INFO:__main__:
【train】epoch:134/150 loss:0.0220 acc:0.9927
INFO:__main__:
【val】epoch:134/150 loss:0.5151 acc:0.8895
INFO:__main__:
【Val】:  SENS: 0.8646  SPEC: 0.9037  PPV: 0.8363  NPV: 0.9214 F1:0.8502
INFO:__main__:验证的best_acc:0.9040
INFO:__main__:----------------------------------------------------------------------------------------------------
INFO:__main__:
【train】epoch:135/150 loss:0.0220 acc:0.9909
INFO:__main__:
【val】epoch:135/150 loss:0.5279 acc:0.8862
INFO:__main__:
【Val】:  SENS: 0.8738  SPEC: 0.8932  PPV: 0.8232  NPV: 0.9256 F1:0.8478
INFO:__main__:验证的best_acc:0.9040
INFO:__main__:----------------------------------------------------------------------------------------------------
INFO:__main__:
【train】epoch:136/150 loss:0.0222 acc:0.9921
INFO:__main__:
【val】epoch:136/150 loss:0.5521 acc:0.8862
INFO:__main__:
【Val】:  SENS: 0.8738  SPEC: 0.8932  PPV: 0.8232  NPV: 0.9256 F1:0.8478
INFO:__main__:验证的best_acc:0.9040
INFO:__main__:----------------------------------------------------------------------------------------------------
INFO:__main__:
【train】epoch:137/150 loss:0.0238 acc:0.9921
INFO:__main__:
【val】epoch:137/150 loss:0.5124 acc:0.8906
INFO:__main__:
【Val】:  SENS: 0.8615  SPEC: 0.9072  PPV: 0.8408  NPV: 0.9201 F1:0.8511
INFO:__main__:验证的best_acc:0.9040
INFO:__main__:----------------------------------------------------------------------------------------------------
INFO:__main__:
【train】epoch:138/150 loss:0.0236 acc:0.9923
INFO:__main__:
【val】epoch:138/150 loss:0.5042 acc:0.8850
INFO:__main__:
【Val】:  SENS: 0.8369  SPEC: 0.9124  PPV: 0.8447  NPV: 0.9077 F1:0.8408
INFO:__main__:验证的best_acc:0.9040
INFO:__main__:----------------------------------------------------------------------------------------------------
INFO:__main__:
【train】epoch:139/150 loss:0.0202 acc:0.9931
INFO:__main__:
【val】epoch:139/150 loss:0.4935 acc:0.8862
INFO:__main__:
【Val】:  SENS: 0.8462  SPEC: 0.9089  PPV: 0.8410  NPV: 0.9121 F1:0.8436
INFO:__main__:验证的best_acc:0.9040
INFO:__main__:----------------------------------------------------------------------------------------------------
INFO:__main__:
【train】epoch:140/150 loss:0.0212 acc:0.9933
INFO:__main__:
【val】epoch:140/150 loss:0.5348 acc:0.8862
INFO:__main__:
【Val】:  SENS: 0.8646  SPEC: 0.8984  PPV: 0.8289  NPV: 0.9210 F1:0.8464
INFO:__main__:验证的best_acc:0.9040
INFO:__main__:----------------------------------------------------------------------------------------------------
INFO:__main__:
【train】epoch:141/150 loss:0.0166 acc:0.9937
INFO:__main__:
【val】epoch:141/150 loss:0.5144 acc:0.8962
INFO:__main__:
【Val】:  SENS: 0.8554  SPEC: 0.9194  PPV: 0.8580  NPV: 0.9178 F1:0.8567
INFO:__main__:验证的best_acc:0.9040
INFO:__main__:----------------------------------------------------------------------------------------------------
INFO:__main__:
【train】epoch:142/150 loss:0.0216 acc:0.9929
INFO:__main__:
【val】epoch:142/150 loss:0.5174 acc:0.8862
INFO:__main__:
【Val】:  SENS: 0.8431  SPEC: 0.9107  PPV: 0.8431  NPV: 0.9107 F1:0.8431
INFO:__main__:验证的best_acc:0.9040
INFO:__main__:----------------------------------------------------------------------------------------------------
INFO:__main__:
【train】epoch:143/150 loss:0.0169 acc:0.9944
INFO:__main__:
【val】epoch:143/150 loss:0.5106 acc:0.8962
INFO:__main__:
【Val】:  SENS: 0.8708  SPEC: 0.9107  PPV: 0.8473  NPV: 0.9253 F1:0.8589
INFO:__main__:验证的best_acc:0.9040
INFO:__main__:----------------------------------------------------------------------------------------------------
INFO:__main__:
【train】epoch:144/150 loss:0.0170 acc:0.9929
INFO:__main__:
【val】epoch:144/150 loss:0.5284 acc:0.8951
INFO:__main__:
【Val】:  SENS: 0.8708  SPEC: 0.9089  PPV: 0.8448  NPV: 0.9251 F1:0.8576
INFO:__main__:验证的best_acc:0.9040
INFO:__main__:----------------------------------------------------------------------------------------------------
INFO:__main__:
【train】epoch:145/150 loss:0.0157 acc:0.9946
INFO:__main__:
【val】epoch:145/150 loss:0.4930 acc:0.8984
INFO:__main__:
【Val】:  SENS: 0.8554  SPEC: 0.9229  PPV: 0.8634  NPV: 0.9181 F1:0.8594
INFO:__main__:验证的best_acc:0.9040
INFO:__main__:----------------------------------------------------------------------------------------------------
INFO:__main__:
【train】epoch:146/150 loss:0.0138 acc:0.9955
INFO:__main__:
【val】epoch:146/150 loss:0.5181 acc:0.8951
INFO:__main__:
【Val】:  SENS: 0.8523  SPEC: 0.9194  PPV: 0.8576  NPV: 0.9162 F1:0.8549
INFO:__main__:验证的best_acc:0.9040
INFO:__main__:----------------------------------------------------------------------------------------------------
INFO:__main__:
【train】epoch:147/150 loss:0.0191 acc:0.9917
INFO:__main__:
【val】epoch:147/150 loss:0.5295 acc:0.8929
INFO:__main__:
【Val】:  SENS: 0.8800  SPEC: 0.9002  PPV: 0.8338  NPV: 0.9295 F1:0.8563
INFO:__main__:验证的best_acc:0.9040
INFO:__main__:----------------------------------------------------------------------------------------------------
INFO:__main__:
【train】epoch:148/150 loss:0.0154 acc:0.9950
INFO:__main__:
【val】epoch:148/150 loss:0.4877 acc:0.9029
INFO:__main__:
【Val】:  SENS: 0.8800  SPEC: 0.9159  PPV: 0.8563  NPV: 0.9306 F1:0.8680
INFO:__main__:验证的best_acc:0.9040
INFO:__main__:----------------------------------------------------------------------------------------------------
INFO:__main__:
【train】epoch:149/150 loss:0.0158 acc:0.9940
INFO:__main__:
【val】epoch:149/150 loss:0.4986 acc:0.8906
INFO:__main__:
【Val】:  SENS: 0.8677  SPEC: 0.9037  PPV: 0.8368  NPV: 0.9231 F1:0.8520
INFO:__main__:验证的best_acc:0.9040
INFO:__main__:----------------------------------------------------------------------------------------------------
INFO:__main__:****************************************************************************************************
INFO:__main__:Val_LOSS:['0.4837', '0.4839', '0.4751', '0.3634', '0.3829', '0.3725', '0.3564', '0.3404', '0.3942', '0.3307', '0.3300', '0.3018', '0.3050', '0.2938', '0.3150', '0.3174', '0.3022', '0.3385', '0.3556', '0.2993', '0.3233', '0.2974', '0.3356', '0.3202', '0.3204', '0.3931', '0.3377', '0.3125', '0.3098', '0.3624', '0.3000', '0.3310', '0.3553', '0.3777', '0.3439', '0.3699', '0.4325', '0.3322', '0.3879', '0.2998', '0.3439', '0.3920', '0.3871', '0.3466', '0.3686', '0.3278', '0.3769', '0.3565', '0.3773', '0.3884', '0.4214', '0.4474', '0.4015', '0.4247', '0.4006', '0.3771', '0.4137', '0.4268', '0.3888', '0.4042', '0.3848', '0.3695', '0.4081', '0.4382', '0.4691', '0.4189', '0.4572', '0.4280', '0.4132', '0.4338', '0.3925', '0.3745', '0.4137', '0.3983', '0.4127', '0.4045', '0.4313', '0.4112', '0.4741', '0.4531', '0.4039', '0.4435', '0.4293', '0.4421', '0.4176', '0.4753', '0.4243', '0.3949', '0.4208', '0.4159', '0.4050', '0.3859', '0.4436', '0.4478', '0.4379', '0.4258', '0.4493', '0.4489', '0.4557', '0.4309', '0.4792', '0.4512', '0.4641', '0.4392', '0.4317', '0.4283', '0.4306', '0.4429', '0.4399', '0.4068', '0.4127', '0.4438', '0.4403', '0.4274', '0.4255', '0.4477', '0.4671', '0.4629', '0.4576', '0.4888', '0.4787', '0.4543', '0.4813', '0.4727', '0.5124', '0.4590', '0.5022', '0.5091', '0.4884', '0.4893', '0.4949', '0.4809', '0.5241', '0.5043', '0.5151', '0.5279', '0.5521', '0.5124', '0.5042', '0.4935', '0.5348', '0.5144', '0.5174', '0.5106', '0.5284', '0.4930', '0.5181', '0.5295', '0.4877', '0.4986']
INFO:__main__:Val_ACC:['0.7299', '0.7444', '0.7612', '0.8203', '0.8170', '0.8270', '0.8181', '0.8337', '0.8047', '0.8438', '0.8482', '0.8594', '0.8728', '0.8761', '0.8661', '0.8594', '0.8661', '0.8538', '0.8583', '0.8739', '0.8717', '0.8661', '0.8750', '0.8594', '0.8527', '0.8538', '0.8672', '0.8705', '0.8683', '0.8560', '0.8940', '0.8772', '0.8728', '0.8605', '0.8839', '0.8750', '0.8471', '0.8806', '0.8661', '0.8817', '0.8828', '0.8739', '0.8806', '0.8917', '0.8750', '0.8761', '0.8717', '0.8862', '0.8817', '0.8862', '0.8728', '0.8750', '0.8817', '0.8717', '0.8873', '0.8772', '0.8783', '0.8694', '0.8817', '0.8806', '0.8895', '0.8929', '0.8728', '0.8750', '0.8672', '0.8772', '0.8717', '0.8884', '0.8817', '0.8739', '0.8906', '0.8817', '0.8728', '0.8783', '0.8862', '0.8839', '0.8884', '0.8895', '0.8772', '0.8873', '0.8984', '0.8884', '0.8839', '0.8884', '0.8828', '0.8783', '0.8951', '0.8917', '0.8962', '0.8940', '0.8951', '0.9029', '0.8929', '0.8839', '0.8984', '0.8850', '0.8917', '0.8906', '0.8962', '0.8984', '0.8917', '0.8895', '0.8929', '0.9007', '0.9018', '0.8973', '0.8929', '0.8906', '0.8951', '0.9018', '0.9029', '0.8873', '0.9007', '0.8873', '0.9040', '0.8929', '0.8962', '0.8906', '0.8951', '0.8895', '0.8906', '0.8940', '0.8906', '0.8895', '0.8884', '0.8929', '0.8817', '0.8873', '0.8996', '0.8973', '0.8862', '0.8917', '0.8873', '0.8862', '0.8895', '0.8862', '0.8862', '0.8906', '0.8850', '0.8862', '0.8862', '0.8962', '0.8862', '0.8962', '0.8951', '0.8984', '0.8951', '0.8929', '0.9029', '0.8906']
INFO:__main__:****************************************************************************************************
INFO:__main__: epoch0 测试test_Loss: 0.7977  test_ACC: 0.8670  
INFO:__main__:SENS: 0.7726 SPEC: 0.9219 PPV: 0.8521 NPV: 0.8744 F1:0.8104
INFO:__main__:test_Best_acc:0.8670
INFO:__main__:flops:2323740064.0  params:14128629.0
