INFO:__main__:
【train】epoch:0/120 loss:0.5878 acc:0.6780
INFO:__main__:
【val】epoch:0/120 loss:0.6763 acc:0.6998
INFO:__main__:
【Val】:  SENS: 0.2708  SPEC: 0.9440  PPV: 0.7333  NPV: 0.6946 F1:0.3955
INFO:__main__:验证的best_acc:0.6998
INFO:__main__:----------------------------------------------------------------------------------------------------
INFO:__main__:
【train】epoch:1/120 loss:0.5335 acc:0.7201
INFO:__main__:
【val】epoch:1/120 loss:0.5013 acc:0.7321
INFO:__main__:
【Val】:  SENS: 0.5446  SPEC: 0.8389  PPV: 0.6580  NPV: 0.7640 F1:0.5960
INFO:__main__:验证的best_acc:0.7321
INFO:__main__:----------------------------------------------------------------------------------------------------
INFO:__main__:
【train】epoch:2/120 loss:0.4806 acc:0.7654
INFO:__main__:
【val】epoch:2/120 loss:0.4217 acc:0.7812
INFO:__main__:
【Val】:  SENS: 0.5231  SPEC: 0.9282  PPV: 0.8057  NPV: 0.7737 F1:0.6343
INFO:__main__:验证的best_acc:0.7812
INFO:__main__:----------------------------------------------------------------------------------------------------
INFO:__main__:
【train】epoch:3/120 loss:0.4257 acc:0.8038
INFO:__main__:
【val】epoch:3/120 loss:0.4558 acc:0.7790
INFO:__main__:
【Val】:  SENS: 0.4954  SPEC: 0.9405  PPV: 0.8256  NPV: 0.7660 F1:0.6192
INFO:__main__:验证的best_acc:0.7812
INFO:__main__:----------------------------------------------------------------------------------------------------
INFO:__main__:
【train】epoch:4/120 loss:0.3965 acc:0.8192
INFO:__main__:
【val】epoch:4/120 loss:0.3888 acc:0.7969
INFO:__main__:
【Val】:  SENS: 0.5323  SPEC: 0.9475  PPV: 0.8522  NPV: 0.7807 F1:0.6553
INFO:__main__:验证的best_acc:0.7969
INFO:__main__:----------------------------------------------------------------------------------------------------
INFO:__main__:
【train】epoch:5/120 loss:0.3763 acc:0.8274
INFO:__main__:
【val】epoch:5/120 loss:0.3716 acc:0.8225
INFO:__main__:
【Val】:  SENS: 0.6123  SPEC: 0.9422  PPV: 0.8578  NPV: 0.8102 F1:0.7145
INFO:__main__:验证的best_acc:0.8225
INFO:__main__:----------------------------------------------------------------------------------------------------
INFO:__main__:
【train】epoch:6/120 loss:0.3575 acc:0.8412
INFO:__main__:
【val】epoch:6/120 loss:0.4039 acc:0.8058
INFO:__main__:
【Val】:  SENS: 0.4862  SPEC: 0.9877  PPV: 0.9576  NPV: 0.7715 F1:0.6449
INFO:__main__:验证的best_acc:0.8225
INFO:__main__:----------------------------------------------------------------------------------------------------
INFO:__main__:
【train】epoch:7/120 loss:0.3553 acc:0.8431
INFO:__main__:
【val】epoch:7/120 loss:0.3430 acc:0.8192
INFO:__main__:
【Val】:  SENS: 0.6400  SPEC: 0.9212  PPV: 0.8221  NPV: 0.8180 F1:0.7197
INFO:__main__:验证的best_acc:0.8225
INFO:__main__:----------------------------------------------------------------------------------------------------
INFO:__main__:
【train】epoch:8/120 loss:0.3480 acc:0.8435
INFO:__main__:
【val】epoch:8/120 loss:0.3322 acc:0.8382
INFO:__main__:
【Val】:  SENS: 0.6585  SPEC: 0.9405  PPV: 0.8629  NPV: 0.8287 F1:0.7469
INFO:__main__:验证的best_acc:0.8382
INFO:__main__:----------------------------------------------------------------------------------------------------
INFO:__main__:
【train】epoch:9/120 loss:0.3251 acc:0.8554
INFO:__main__:
【val】epoch:9/120 loss:0.3185 acc:0.8460
INFO:__main__:
【Val】:  SENS: 0.7077  SPEC: 0.9247  PPV: 0.8425  NPV: 0.8475 F1:0.7692
INFO:__main__:验证的best_acc:0.8460
INFO:__main__:----------------------------------------------------------------------------------------------------
INFO:__main__:
【train】epoch:10/120 loss:0.3119 acc:0.8674
INFO:__main__:
【val】epoch:10/120 loss:0.3222 acc:0.8583
INFO:__main__:
【Val】:  SENS: 0.7323  SPEC: 0.9299  PPV: 0.8561  NPV: 0.8592 F1:0.7894
INFO:__main__:验证的best_acc:0.8583
INFO:__main__:----------------------------------------------------------------------------------------------------
INFO:__main__:
【train】epoch:11/120 loss:0.3036 acc:0.8677
INFO:__main__:
【val】epoch:11/120 loss:0.3556 acc:0.8404
INFO:__main__:
【Val】:  SENS: 0.6400  SPEC: 0.9545  PPV: 0.8889  NPV: 0.8233 F1:0.7442
INFO:__main__:验证的best_acc:0.8583
INFO:__main__:----------------------------------------------------------------------------------------------------
INFO:__main__:
【train】epoch:12/120 loss:0.2996 acc:0.8721
INFO:__main__:
【val】epoch:12/120 loss:0.5506 acc:0.7790
INFO:__main__:
【Val】:  SENS: 0.4123  SPEC: 0.9877  PPV: 0.9504  NPV: 0.7470 F1:0.5751
INFO:__main__:验证的best_acc:0.8583
INFO:__main__:----------------------------------------------------------------------------------------------------
INFO:__main__:
【train】epoch:13/120 loss:0.3018 acc:0.8702
INFO:__main__:
【val】epoch:13/120 loss:0.3661 acc:0.8359
INFO:__main__:
【Val】:  SENS: 0.6492  SPEC: 0.9422  PPV: 0.8648  NPV: 0.8252 F1:0.7417
INFO:__main__:验证的best_acc:0.8583
INFO:__main__:----------------------------------------------------------------------------------------------------
INFO:__main__:
【train】epoch:14/120 loss:0.2913 acc:0.8736
INFO:__main__:
【val】epoch:14/120 loss:0.3933 acc:0.8304
INFO:__main__:
【Val】:  SENS: 0.6462  SPEC: 0.9352  PPV: 0.8502  NPV: 0.8228 F1:0.7343
INFO:__main__:验证的best_acc:0.8583
INFO:__main__:----------------------------------------------------------------------------------------------------
INFO:__main__:
【train】epoch:15/120 loss:0.2817 acc:0.8769
INFO:__main__:
【val】epoch:15/120 loss:0.3097 acc:0.8549
INFO:__main__:
【Val】:  SENS: 0.7538  SPEC: 0.9124  PPV: 0.8305  NPV: 0.8669 F1:0.7903
INFO:__main__:验证的best_acc:0.8583
INFO:__main__:----------------------------------------------------------------------------------------------------
INFO:__main__:
【train】epoch:16/120 loss:0.2776 acc:0.8860
INFO:__main__:
【val】epoch:16/120 loss:0.3111 acc:0.8594
INFO:__main__:
【Val】:  SENS: 0.7662  SPEC: 0.9124  PPV: 0.8328  NPV: 0.8727 F1:0.7981
INFO:__main__:验证的best_acc:0.8594
INFO:__main__:----------------------------------------------------------------------------------------------------
INFO:__main__:
【train】epoch:17/120 loss:0.2672 acc:0.8879
INFO:__main__:
【val】epoch:17/120 loss:0.3511 acc:0.8426
INFO:__main__:
【Val】:  SENS: 0.8062  SPEC: 0.8634  PPV: 0.7706  NPV: 0.8867 F1:0.7880
INFO:__main__:验证的best_acc:0.8594
INFO:__main__:----------------------------------------------------------------------------------------------------
INFO:__main__:
【train】epoch:18/120 loss:0.2671 acc:0.8841
INFO:__main__:
【val】epoch:18/120 loss:0.3402 acc:0.8393
INFO:__main__:
【Val】:  SENS: 0.7415  SPEC: 0.8949  PPV: 0.8007  NPV: 0.8588 F1:0.7700
INFO:__main__:验证的best_acc:0.8594
INFO:__main__:----------------------------------------------------------------------------------------------------
INFO:__main__:
【train】epoch:19/120 loss:0.2465 acc:0.8942
INFO:__main__:
【val】epoch:19/120 loss:0.3691 acc:0.8538
INFO:__main__:
【Val】:  SENS: 0.7354  SPEC: 0.9212  PPV: 0.8415  NPV: 0.8595 F1:0.7849
INFO:__main__:验证的best_acc:0.8594
INFO:__main__:----------------------------------------------------------------------------------------------------
INFO:__main__:
【train】epoch:20/120 loss:0.2449 acc:0.8957
INFO:__main__:
【val】epoch:20/120 loss:0.3166 acc:0.8728
INFO:__main__:
【Val】:  SENS: 0.7908  SPEC: 0.9194  PPV: 0.8482  NPV: 0.8853 F1:0.8185
INFO:__main__:验证的best_acc:0.8728
INFO:__main__:----------------------------------------------------------------------------------------------------
INFO:__main__:
【train】epoch:21/120 loss:0.2434 acc:0.8951
INFO:__main__:
【val】epoch:21/120 loss:0.3951 acc:0.8504
INFO:__main__:
【Val】:  SENS: 0.8554  SPEC: 0.8476  PPV: 0.7616  NPV: 0.9115 F1:0.8058
INFO:__main__:验证的best_acc:0.8728
INFO:__main__:----------------------------------------------------------------------------------------------------
INFO:__main__:
【train】epoch:22/120 loss:0.2354 acc:0.8986
INFO:__main__:
【val】epoch:22/120 loss:0.3809 acc:0.8560
INFO:__main__:
【Val】:  SENS: 0.7754  SPEC: 0.9019  PPV: 0.8182  NPV: 0.8759 F1:0.7962
INFO:__main__:验证的best_acc:0.8728
INFO:__main__:----------------------------------------------------------------------------------------------------
INFO:__main__:
【train】epoch:23/120 loss:0.2271 acc:0.9030
INFO:__main__:
【val】epoch:23/120 loss:0.4004 acc:0.8638
INFO:__main__:
【Val】:  SENS: 0.7415  SPEC: 0.9335  PPV: 0.8638  NPV: 0.8639 F1:0.7980
INFO:__main__:验证的best_acc:0.8728
INFO:__main__:----------------------------------------------------------------------------------------------------
INFO:__main__:
【train】epoch:24/120 loss:0.2263 acc:0.9067
INFO:__main__:
【val】epoch:24/120 loss:0.3447 acc:0.8672
INFO:__main__:
【Val】:  SENS: 0.8523  SPEC: 0.8757  PPV: 0.7960  NPV: 0.9124 F1:0.8232
INFO:__main__:验证的best_acc:0.8728
INFO:__main__:----------------------------------------------------------------------------------------------------
INFO:__main__:
【train】epoch:25/120 loss:0.2292 acc:0.9004
INFO:__main__:
【val】epoch:25/120 loss:0.3437 acc:0.8750
INFO:__main__:
【Val】:  SENS: 0.8831  SPEC: 0.8704  PPV: 0.7950  NPV: 0.9290 F1:0.8367
INFO:__main__:验证的best_acc:0.8750
INFO:__main__:----------------------------------------------------------------------------------------------------
INFO:__main__:
【train】epoch:26/120 loss:0.2204 acc:0.9058
INFO:__main__:
【val】epoch:26/120 loss:0.3919 acc:0.8560
INFO:__main__:
【Val】:  SENS: 0.8400  SPEC: 0.8651  PPV: 0.7800  NPV: 0.9048 F1:0.8089
INFO:__main__:验证的best_acc:0.8750
INFO:__main__:----------------------------------------------------------------------------------------------------
INFO:__main__:
【train】epoch:27/120 loss:0.2157 acc:0.9107
INFO:__main__:
【val】epoch:27/120 loss:0.3217 acc:0.8705
INFO:__main__:
【Val】:  SENS: 0.8308  SPEC: 0.8932  PPV: 0.8157  NPV: 0.9027 F1:0.8232
INFO:__main__:验证的best_acc:0.8750
INFO:__main__:----------------------------------------------------------------------------------------------------
INFO:__main__:
【train】epoch:28/120 loss:0.2075 acc:0.9141
INFO:__main__:
【val】epoch:28/120 loss:0.3379 acc:0.8728
INFO:__main__:
【Val】:  SENS: 0.8277  SPEC: 0.8984  PPV: 0.8226  NPV: 0.9016 F1:0.8252
INFO:__main__:验证的best_acc:0.8750
INFO:__main__:----------------------------------------------------------------------------------------------------
INFO:__main__:
【train】epoch:29/120 loss:0.2018 acc:0.9168
INFO:__main__:
【val】epoch:29/120 loss:0.3614 acc:0.8683
INFO:__main__:
【Val】:  SENS: 0.8154  SPEC: 0.8984  PPV: 0.8204  NPV: 0.8953 F1:0.8179
INFO:__main__:验证的best_acc:0.8750
INFO:__main__:----------------------------------------------------------------------------------------------------
INFO:__main__:
【train】epoch:30/120 loss:0.1972 acc:0.9209
INFO:__main__:
【val】epoch:30/120 loss:0.3676 acc:0.8672
INFO:__main__:
【Val】:  SENS: 0.8154  SPEC: 0.8967  PPV: 0.8179  NPV: 0.8951 F1:0.8166
INFO:__main__:验证的best_acc:0.8750
INFO:__main__:----------------------------------------------------------------------------------------------------
INFO:__main__:
【train】epoch:31/120 loss:0.1835 acc:0.9258
INFO:__main__:
【val】epoch:31/120 loss:0.3833 acc:0.8694
INFO:__main__:
【Val】:  SENS: 0.8431  SPEC: 0.8844  PPV: 0.8059  NPV: 0.9083 F1:0.8241
INFO:__main__:验证的best_acc:0.8750
INFO:__main__:----------------------------------------------------------------------------------------------------
INFO:__main__:
【train】epoch:32/120 loss:0.1842 acc:0.9227
INFO:__main__:
【val】epoch:32/120 loss:0.3398 acc:0.8772
INFO:__main__:
【Val】:  SENS: 0.8800  SPEC: 0.8757  PPV: 0.8011  NPV: 0.9276 F1:0.8387
INFO:__main__:验证的best_acc:0.8772
INFO:__main__:----------------------------------------------------------------------------------------------------
INFO:__main__:
【train】epoch:33/120 loss:0.1778 acc:0.9261
INFO:__main__:
【val】epoch:33/120 loss:0.3458 acc:0.8783
INFO:__main__:
【Val】:  SENS: 0.9015  SPEC: 0.8651  PPV: 0.7919  NPV: 0.9392 F1:0.8432
INFO:__main__:验证的best_acc:0.8783
INFO:__main__:----------------------------------------------------------------------------------------------------
INFO:__main__:
【train】epoch:34/120 loss:0.1805 acc:0.9245
INFO:__main__:
【val】epoch:34/120 loss:0.3605 acc:0.8672
INFO:__main__:
【Val】:  SENS: 0.8523  SPEC: 0.8757  PPV: 0.7960  NPV: 0.9124 F1:0.8232
INFO:__main__:验证的best_acc:0.8783
INFO:__main__:----------------------------------------------------------------------------------------------------
INFO:__main__:
【train】epoch:35/120 loss:0.1741 acc:0.9272
INFO:__main__:
【val】epoch:35/120 loss:0.4412 acc:0.8404
INFO:__main__:
【Val】:  SENS: 0.8554  SPEC: 0.8319  PPV: 0.7433  NPV: 0.9100 F1:0.7954
INFO:__main__:验证的best_acc:0.8783
INFO:__main__:----------------------------------------------------------------------------------------------------
INFO:__main__:
【train】epoch:36/120 loss:0.1776 acc:0.9272
INFO:__main__:
【val】epoch:36/120 loss:0.4167 acc:0.8605
INFO:__main__:
【Val】:  SENS: 0.7354  SPEC: 0.9317  PPV: 0.8597  NPV: 0.8608 F1:0.7927
INFO:__main__:验证的best_acc:0.8783
INFO:__main__:----------------------------------------------------------------------------------------------------
INFO:__main__:
【train】epoch:37/120 loss:0.1721 acc:0.9276
INFO:__main__:
【val】epoch:37/120 loss:0.5575 acc:0.8493
INFO:__main__:
【Val】:  SENS: 0.9015  SPEC: 0.8196  PPV: 0.7399  NPV: 0.9360 F1:0.8128
INFO:__main__:验证的best_acc:0.8783
INFO:__main__:----------------------------------------------------------------------------------------------------
INFO:__main__:
【train】epoch:38/120 loss:0.1734 acc:0.9281
INFO:__main__:
【val】epoch:38/120 loss:0.4672 acc:0.8482
INFO:__main__:
【Val】:  SENS: 0.7600  SPEC: 0.8984  PPV: 0.8098  NPV: 0.8680 F1:0.7841
INFO:__main__:验证的best_acc:0.8783
INFO:__main__:----------------------------------------------------------------------------------------------------
INFO:__main__:
【train】epoch:39/120 loss:0.1623 acc:0.9332
INFO:__main__:
【val】epoch:39/120 loss:0.4191 acc:0.8728
INFO:__main__:
【Val】:  SENS: 0.8492  SPEC: 0.8862  PPV: 0.8094  NPV: 0.9117 F1:0.8288
INFO:__main__:验证的best_acc:0.8783
INFO:__main__:----------------------------------------------------------------------------------------------------
INFO:__main__:
【train】epoch:40/120 loss:0.1556 acc:0.9340
INFO:__main__:
【val】epoch:40/120 loss:0.4320 acc:0.8717
INFO:__main__:
【Val】:  SENS: 0.8062  SPEC: 0.9089  PPV: 0.8344  NPV: 0.8918 F1:0.8200
INFO:__main__:验证的best_acc:0.8783
INFO:__main__:----------------------------------------------------------------------------------------------------
INFO:__main__:
【train】epoch:41/120 loss:0.1570 acc:0.9332
INFO:__main__:
【val】epoch:41/120 loss:0.3810 acc:0.8850
INFO:__main__:
【Val】:  SENS: 0.8585  SPEC: 0.9002  PPV: 0.8304  NPV: 0.9179 F1:0.8442
INFO:__main__:验证的best_acc:0.8850
INFO:__main__:----------------------------------------------------------------------------------------------------
INFO:__main__:
【train】epoch:42/120 loss:0.1527 acc:0.9371
INFO:__main__:
【val】epoch:42/120 loss:0.3969 acc:0.8772
INFO:__main__:
【Val】:  SENS: 0.8708  SPEC: 0.8809  PPV: 0.8063  NPV: 0.9229 F1:0.8373
INFO:__main__:验证的best_acc:0.8850
INFO:__main__:----------------------------------------------------------------------------------------------------
INFO:__main__:
【train】epoch:43/120 loss:0.1471 acc:0.9405
INFO:__main__:
【val】epoch:43/120 loss:0.3792 acc:0.8873
INFO:__main__:
【Val】:  SENS: 0.8892  SPEC: 0.8862  PPV: 0.8164  NPV: 0.9336 F1:0.8513
INFO:__main__:验证的best_acc:0.8873
INFO:__main__:----------------------------------------------------------------------------------------------------
INFO:__main__:
【train】epoch:44/120 loss:0.1463 acc:0.9406
INFO:__main__:
【val】epoch:44/120 loss:0.3790 acc:0.8795
INFO:__main__:
【Val】:  SENS: 0.8400  SPEC: 0.9019  PPV: 0.8298  NPV: 0.9083 F1:0.8349
INFO:__main__:验证的best_acc:0.8873
INFO:__main__:----------------------------------------------------------------------------------------------------
INFO:__main__:
【train】epoch:45/120 loss:0.1489 acc:0.9421
INFO:__main__:
【val】epoch:45/120 loss:0.3884 acc:0.8817
INFO:__main__:
【Val】:  SENS: 0.8708  SPEC: 0.8879  PPV: 0.8156  NPV: 0.9235 F1:0.8423
INFO:__main__:验证的best_acc:0.8873
INFO:__main__:----------------------------------------------------------------------------------------------------
INFO:__main__:
【train】epoch:46/120 loss:0.1357 acc:0.9440
INFO:__main__:
【val】epoch:46/120 loss:0.5125 acc:0.8806
INFO:__main__:
【Val】:  SENS: 0.8185  SPEC: 0.9159  PPV: 0.8471  NPV: 0.8986 F1:0.8326
INFO:__main__:验证的best_acc:0.8873
INFO:__main__:----------------------------------------------------------------------------------------------------
INFO:__main__:
【train】epoch:47/120 loss:0.1381 acc:0.9440
INFO:__main__:
【val】epoch:47/120 loss:0.4494 acc:0.8817
INFO:__main__:
【Val】:  SENS: 0.8492  SPEC: 0.9002  PPV: 0.8288  NPV: 0.9130 F1:0.8389
INFO:__main__:验证的best_acc:0.8873
INFO:__main__:----------------------------------------------------------------------------------------------------
INFO:__main__:
【train】epoch:48/120 loss:0.1424 acc:0.9413
INFO:__main__:
【val】epoch:48/120 loss:0.3935 acc:0.8717
INFO:__main__:
【Val】:  SENS: 0.8154  SPEC: 0.9037  PPV: 0.8281  NPV: 0.8958 F1:0.8217
INFO:__main__:验证的best_acc:0.8873
INFO:__main__:----------------------------------------------------------------------------------------------------
INFO:__main__:
【train】epoch:49/120 loss:0.1252 acc:0.9514
INFO:__main__:
【val】epoch:49/120 loss:0.4350 acc:0.8862
INFO:__main__:
【Val】:  SENS: 0.8831  SPEC: 0.8879  PPV: 0.8177  NPV: 0.9303 F1:0.8491
INFO:__main__:验证的best_acc:0.8873
INFO:__main__:----------------------------------------------------------------------------------------------------
INFO:__main__:
【train】epoch:50/120 loss:0.1289 acc:0.9486
INFO:__main__:
【val】epoch:50/120 loss:0.4663 acc:0.8973
INFO:__main__:
【Val】:  SENS: 0.8646  SPEC: 0.9159  PPV: 0.8541  NPV: 0.9224 F1:0.8593
INFO:__main__:验证的best_acc:0.8973
INFO:__main__:----------------------------------------------------------------------------------------------------
INFO:__main__:
【train】epoch:51/120 loss:0.1293 acc:0.9481
INFO:__main__:
【val】epoch:51/120 loss:0.3577 acc:0.8850
INFO:__main__:
【Val】:  SENS: 0.8615  SPEC: 0.8984  PPV: 0.8284  NPV: 0.9194 F1:0.8446
INFO:__main__:验证的best_acc:0.8973
INFO:__main__:----------------------------------------------------------------------------------------------------
INFO:__main__:
【train】epoch:52/120 loss:0.1232 acc:0.9511
INFO:__main__:
【val】epoch:52/120 loss:0.4492 acc:0.8750
INFO:__main__:
【Val】:  SENS: 0.8800  SPEC: 0.8722  PPV: 0.7967  NPV: 0.9274 F1:0.8363
INFO:__main__:验证的best_acc:0.8973
INFO:__main__:----------------------------------------------------------------------------------------------------
INFO:__main__:
【train】epoch:53/120 loss:0.1169 acc:0.9530
INFO:__main__:
【val】epoch:53/120 loss:0.4579 acc:0.8750
INFO:__main__:
【Val】:  SENS: 0.8892  SPEC: 0.8669  PPV: 0.7918  NPV: 0.9322 F1:0.8377
INFO:__main__:验证的best_acc:0.8973
INFO:__main__:----------------------------------------------------------------------------------------------------
INFO:__main__:
【train】epoch:54/120 loss:0.1238 acc:0.9495
INFO:__main__:
【val】epoch:54/120 loss:0.4031 acc:0.8828
INFO:__main__:
【Val】:  SENS: 0.8246  SPEC: 0.9159  PPV: 0.8481  NPV: 0.9017 F1:0.8362
INFO:__main__:验证的best_acc:0.8973
INFO:__main__:----------------------------------------------------------------------------------------------------
INFO:__main__:
【train】epoch:55/120 loss:0.1213 acc:0.9492
INFO:__main__:
【val】epoch:55/120 loss:0.3987 acc:0.8828
INFO:__main__:
【Val】:  SENS: 0.8123  SPEC: 0.9229  PPV: 0.8571  NPV: 0.8963 F1:0.8341
INFO:__main__:验证的best_acc:0.8973
INFO:__main__:----------------------------------------------------------------------------------------------------
INFO:__main__:
【train】epoch:56/120 loss:0.1202 acc:0.9518
INFO:__main__:
【val】epoch:56/120 loss:0.4207 acc:0.8717
INFO:__main__:
【Val】:  SENS: 0.8492  SPEC: 0.8844  PPV: 0.8070  NPV: 0.9116 F1:0.8276
INFO:__main__:验证的best_acc:0.8973
INFO:__main__:----------------------------------------------------------------------------------------------------
INFO:__main__:
【train】epoch:57/120 loss:0.1121 acc:0.9538
INFO:__main__:
【val】epoch:57/120 loss:0.4255 acc:0.8705
INFO:__main__:
【Val】:  SENS: 0.8400  SPEC: 0.8879  PPV: 0.8101  NPV: 0.9070 F1:0.8248
INFO:__main__:验证的best_acc:0.8973
INFO:__main__:----------------------------------------------------------------------------------------------------
INFO:__main__:
【train】epoch:58/120 loss:0.1168 acc:0.9524
INFO:__main__:
【val】epoch:58/120 loss:0.4238 acc:0.8705
INFO:__main__:
【Val】:  SENS: 0.8523  SPEC: 0.8809  PPV: 0.8029  NPV: 0.9129 F1:0.8269
INFO:__main__:验证的best_acc:0.8973
INFO:__main__:----------------------------------------------------------------------------------------------------
INFO:__main__:
【train】epoch:59/120 loss:0.1117 acc:0.9543
INFO:__main__:
【val】epoch:59/120 loss:0.4429 acc:0.8929
INFO:__main__:
【Val】:  SENS: 0.8462  SPEC: 0.9194  PPV: 0.8567  NPV: 0.9130 F1:0.8514
INFO:__main__:验证的best_acc:0.8973
INFO:__main__:----------------------------------------------------------------------------------------------------
INFO:__main__:
【train】epoch:60/120 loss:0.1045 acc:0.9605
INFO:__main__:
【val】epoch:60/120 loss:0.4510 acc:0.8895
INFO:__main__:
【Val】:  SENS: 0.8554  SPEC: 0.9089  PPV: 0.8424  NPV: 0.9170 F1:0.8489
INFO:__main__:验证的best_acc:0.8973
INFO:__main__:----------------------------------------------------------------------------------------------------
INFO:__main__:
【train】epoch:61/120 loss:0.1089 acc:0.9550
INFO:__main__:
【val】epoch:61/120 loss:0.4434 acc:0.8817
INFO:__main__:
【Val】:  SENS: 0.8708  SPEC: 0.8879  PPV: 0.8156  NPV: 0.9235 F1:0.8423
INFO:__main__:验证的best_acc:0.8973
INFO:__main__:----------------------------------------------------------------------------------------------------
INFO:__main__:
【train】epoch:62/120 loss:0.0998 acc:0.9605
INFO:__main__:
【val】epoch:62/120 loss:0.4470 acc:0.8739
INFO:__main__:
【Val】:  SENS: 0.8431  SPEC: 0.8914  PPV: 0.8155  NPV: 0.9089 F1:0.8290
INFO:__main__:验证的best_acc:0.8973
INFO:__main__:----------------------------------------------------------------------------------------------------
INFO:__main__:
【train】epoch:63/120 loss:0.0969 acc:0.9614
INFO:__main__:
【val】epoch:63/120 loss:0.4629 acc:0.8694
INFO:__main__:
【Val】:  SENS: 0.8308  SPEC: 0.8914  PPV: 0.8133  NPV: 0.9025 F1:0.8219
INFO:__main__:验证的best_acc:0.8973
INFO:__main__:----------------------------------------------------------------------------------------------------
INFO:__main__:
【train】epoch:64/120 loss:0.1017 acc:0.9588
INFO:__main__:
【val】epoch:64/120 loss:0.4648 acc:0.8806
INFO:__main__:
【Val】:  SENS: 0.8738  SPEC: 0.8844  PPV: 0.8114  NPV: 0.9249 F1:0.8415
INFO:__main__:验证的best_acc:0.8973
INFO:__main__:----------------------------------------------------------------------------------------------------
INFO:__main__:
【train】epoch:65/120 loss:0.1009 acc:0.9584
INFO:__main__:
【val】epoch:65/120 loss:0.4697 acc:0.8806
INFO:__main__:
【Val】:  SENS: 0.8369  SPEC: 0.9054  PPV: 0.8344  NPV: 0.9070 F1:0.8356
INFO:__main__:验证的best_acc:0.8973
INFO:__main__:----------------------------------------------------------------------------------------------------
INFO:__main__:
【train】epoch:66/120 loss:0.0966 acc:0.9620
INFO:__main__:
【val】epoch:66/120 loss:0.4073 acc:0.8850
INFO:__main__:
【Val】:  SENS: 0.8523  SPEC: 0.9037  PPV: 0.8343  NPV: 0.9149 F1:0.8432
INFO:__main__:验证的best_acc:0.8973
INFO:__main__:----------------------------------------------------------------------------------------------------
INFO:__main__:
【train】epoch:67/120 loss:0.0942 acc:0.9641
INFO:__main__:
【val】epoch:67/120 loss:0.4016 acc:0.8884
INFO:__main__:
【Val】:  SENS: 0.8677  SPEC: 0.9002  PPV: 0.8319  NPV: 0.9228 F1:0.8494
INFO:__main__:验证的best_acc:0.8973
INFO:__main__:----------------------------------------------------------------------------------------------------
INFO:__main__:
【train】epoch:68/120 loss:0.0913 acc:0.9633
INFO:__main__:
【val】epoch:68/120 loss:0.4625 acc:0.8839
INFO:__main__:
【Val】:  SENS: 0.8646  SPEC: 0.8949  PPV: 0.8240  NPV: 0.9207 F1:0.8438
INFO:__main__:验证的best_acc:0.8973
INFO:__main__:----------------------------------------------------------------------------------------------------
INFO:__main__:
【train】epoch:69/120 loss:0.0988 acc:0.9596
INFO:__main__:
【val】epoch:69/120 loss:0.3938 acc:0.8839
INFO:__main__:
【Val】:  SENS: 0.8554  SPEC: 0.9002  PPV: 0.8299  NPV: 0.9162 F1:0.8424
INFO:__main__:验证的best_acc:0.8973
INFO:__main__:----------------------------------------------------------------------------------------------------
INFO:__main__:
【train】epoch:70/120 loss:0.0870 acc:0.9647
INFO:__main__:
【val】epoch:70/120 loss:0.4564 acc:0.8783
INFO:__main__:
【Val】:  SENS: 0.8431  SPEC: 0.8984  PPV: 0.8253  NPV: 0.9096 F1:0.8341
INFO:__main__:验证的best_acc:0.8973
INFO:__main__:----------------------------------------------------------------------------------------------------
INFO:__main__:
【train】epoch:71/120 loss:0.0831 acc:0.9677
INFO:__main__:
【val】epoch:71/120 loss:0.4415 acc:0.8828
INFO:__main__:
【Val】:  SENS: 0.8862  SPEC: 0.8809  PPV: 0.8090  NPV: 0.9315 F1:0.8458
INFO:__main__:验证的best_acc:0.8973
INFO:__main__:----------------------------------------------------------------------------------------------------
INFO:__main__:
【train】epoch:72/120 loss:0.0758 acc:0.9711
INFO:__main__:
【val】epoch:72/120 loss:0.4423 acc:0.8772
INFO:__main__:
【Val】:  SENS: 0.8277  SPEC: 0.9054  PPV: 0.8328  NPV: 0.9023 F1:0.8302
INFO:__main__:验证的best_acc:0.8973
INFO:__main__:----------------------------------------------------------------------------------------------------
INFO:__main__:
【train】epoch:73/120 loss:0.0854 acc:0.9660
INFO:__main__:
【val】epoch:73/120 loss:0.4232 acc:0.8862
INFO:__main__:
【Val】:  SENS: 0.8462  SPEC: 0.9089  PPV: 0.8410  NPV: 0.9121 F1:0.8436
INFO:__main__:验证的best_acc:0.8973
INFO:__main__:----------------------------------------------------------------------------------------------------
INFO:__main__:
【train】epoch:74/120 loss:0.0795 acc:0.9701
INFO:__main__:
【val】epoch:74/120 loss:0.4907 acc:0.8817
INFO:__main__:
【Val】:  SENS: 0.8831  SPEC: 0.8809  PPV: 0.8085  NPV: 0.9298 F1:0.8441
INFO:__main__:验证的best_acc:0.8973
INFO:__main__:----------------------------------------------------------------------------------------------------
INFO:__main__:
【train】epoch:75/120 loss:0.0821 acc:0.9685
INFO:__main__:
【val】epoch:75/120 loss:0.4885 acc:0.8884
INFO:__main__:
【Val】:  SENS: 0.8862  SPEC: 0.8897  PPV: 0.8205  NPV: 0.9321 F1:0.8521
INFO:__main__:验证的best_acc:0.8973
INFO:__main__:----------------------------------------------------------------------------------------------------
INFO:__main__:
【train】epoch:76/120 loss:0.0822 acc:0.9679
INFO:__main__:
【val】epoch:76/120 loss:0.4046 acc:0.8839
INFO:__main__:
【Val】:  SENS: 0.8369  SPEC: 0.9107  PPV: 0.8421  NPV: 0.9075 F1:0.8395
INFO:__main__:验证的best_acc:0.8973
INFO:__main__:----------------------------------------------------------------------------------------------------
INFO:__main__:
【train】epoch:77/120 loss:0.0805 acc:0.9671
INFO:__main__:
【val】epoch:77/120 loss:0.4031 acc:0.8839
INFO:__main__:
【Val】:  SENS: 0.8554  SPEC: 0.9002  PPV: 0.8299  NPV: 0.9162 F1:0.8424
INFO:__main__:验证的best_acc:0.8973
INFO:__main__:----------------------------------------------------------------------------------------------------
INFO:__main__:
【train】epoch:78/120 loss:0.0807 acc:0.9696
INFO:__main__:
【val】epoch:78/120 loss:0.4646 acc:0.8817
INFO:__main__:
【Val】:  SENS: 0.8554  SPEC: 0.8967  PPV: 0.8249  NPV: 0.9159 F1:0.8399
INFO:__main__:验证的best_acc:0.8973
INFO:__main__:----------------------------------------------------------------------------------------------------
INFO:__main__:
【train】epoch:79/120 loss:0.0691 acc:0.9761
INFO:__main__:
【val】epoch:79/120 loss:0.4228 acc:0.8895
INFO:__main__:
【Val】:  SENS: 0.8554  SPEC: 0.9089  PPV: 0.8424  NPV: 0.9170 F1:0.8489
INFO:__main__:验证的best_acc:0.8973
INFO:__main__:----------------------------------------------------------------------------------------------------
INFO:__main__:
【train】epoch:80/120 loss:0.0709 acc:0.9727
INFO:__main__:
【val】epoch:80/120 loss:0.4025 acc:0.8962
INFO:__main__:
【Val】:  SENS: 0.8523  SPEC: 0.9212  PPV: 0.8602  NPV: 0.9164 F1:0.8563
INFO:__main__:验证的best_acc:0.8973
INFO:__main__:----------------------------------------------------------------------------------------------------
INFO:__main__:
【train】epoch:81/120 loss:0.0684 acc:0.9747
INFO:__main__:
【val】epoch:81/120 loss:0.4284 acc:0.8884
INFO:__main__:
【Val】:  SENS: 0.8369  SPEC: 0.9177  PPV: 0.8527  NPV: 0.9081 F1:0.8447
INFO:__main__:验证的best_acc:0.8973
INFO:__main__:----------------------------------------------------------------------------------------------------
INFO:__main__:
【train】epoch:82/120 loss:0.0694 acc:0.9712
INFO:__main__:
【val】epoch:82/120 loss:0.3955 acc:0.8962
INFO:__main__:
【Val】:  SENS: 0.8554  SPEC: 0.9194  PPV: 0.8580  NPV: 0.9178 F1:0.8567
INFO:__main__:验证的best_acc:0.8973
INFO:__main__:----------------------------------------------------------------------------------------------------
INFO:__main__:
【train】epoch:83/120 loss:0.0749 acc:0.9730
INFO:__main__:
【val】epoch:83/120 loss:0.4213 acc:0.8984
INFO:__main__:
【Val】:  SENS: 0.8615  SPEC: 0.9194  PPV: 0.8589  NPV: 0.9211 F1:0.8602
INFO:__main__:验证的best_acc:0.8984
INFO:__main__:----------------------------------------------------------------------------------------------------
INFO:__main__:
【train】epoch:84/120 loss:0.0641 acc:0.9745
INFO:__main__:
【val】epoch:84/120 loss:0.4651 acc:0.8917
INFO:__main__:
【Val】:  SENS: 0.8615  SPEC: 0.9089  PPV: 0.8434  NPV: 0.9202 F1:0.8524
INFO:__main__:验证的best_acc:0.8984
INFO:__main__:----------------------------------------------------------------------------------------------------
INFO:__main__:
【train】epoch:85/120 loss:0.0626 acc:0.9769
INFO:__main__:
【val】epoch:85/120 loss:0.4330 acc:0.8929
INFO:__main__:
【Val】:  SENS: 0.8369  SPEC: 0.9247  PPV: 0.8635  NPV: 0.9088 F1:0.8500
INFO:__main__:验证的best_acc:0.8984
INFO:__main__:----------------------------------------------------------------------------------------------------
INFO:__main__:
【train】epoch:86/120 loss:0.0661 acc:0.9746
INFO:__main__:
【val】epoch:86/120 loss:0.4506 acc:0.8929
INFO:__main__:
【Val】:  SENS: 0.8923  SPEC: 0.8932  PPV: 0.8262  NPV: 0.9358 F1:0.8580
INFO:__main__:验证的best_acc:0.8984
INFO:__main__:----------------------------------------------------------------------------------------------------
INFO:__main__:
【train】epoch:87/120 loss:0.0577 acc:0.9780
INFO:__main__:
【val】epoch:87/120 loss:0.4059 acc:0.9040
INFO:__main__:
【Val】:  SENS: 0.8923  SPEC: 0.9107  PPV: 0.8504  NPV: 0.9369 F1:0.8709
INFO:__main__:验证的best_acc:0.9040
INFO:__main__:----------------------------------------------------------------------------------------------------
INFO:__main__:
【train】epoch:88/120 loss:0.0683 acc:0.9721
INFO:__main__:
【val】epoch:88/120 loss:0.4331 acc:0.8895
INFO:__main__:
【Val】:  SENS: 0.8677  SPEC: 0.9019  PPV: 0.8343  NPV: 0.9229 F1:0.8507
INFO:__main__:验证的best_acc:0.9040
INFO:__main__:----------------------------------------------------------------------------------------------------
INFO:__main__:
【train】epoch:89/120 loss:0.0602 acc:0.9740
INFO:__main__:
【val】epoch:89/120 loss:0.4218 acc:0.8906
INFO:__main__:
【Val】:  SENS: 0.8431  SPEC: 0.9177  PPV: 0.8536  NPV: 0.9113 F1:0.8483
INFO:__main__:验证的best_acc:0.9040
INFO:__main__:----------------------------------------------------------------------------------------------------
INFO:__main__:
【train】epoch:90/120 loss:0.0575 acc:0.9785
INFO:__main__:
【val】epoch:90/120 loss:0.4516 acc:0.8862
INFO:__main__:
【Val】:  SENS: 0.8092  SPEC: 0.9299  PPV: 0.8680  NPV: 0.8954 F1:0.8376
INFO:__main__:验证的best_acc:0.9040
INFO:__main__:----------------------------------------------------------------------------------------------------
INFO:__main__:
【train】epoch:91/120 loss:0.0523 acc:0.9787
INFO:__main__:
【val】epoch:91/120 loss:0.4353 acc:0.8929
INFO:__main__:
【Val】:  SENS: 0.8585  SPEC: 0.9124  PPV: 0.8480  NPV: 0.9189 F1:0.8532
INFO:__main__:验证的best_acc:0.9040
INFO:__main__:----------------------------------------------------------------------------------------------------
INFO:__main__:
【train】epoch:92/120 loss:0.0506 acc:0.9800
INFO:__main__:
【val】epoch:92/120 loss:0.4692 acc:0.8862
INFO:__main__:
【Val】:  SENS: 0.8246  SPEC: 0.9212  PPV: 0.8562  NPV: 0.9022 F1:0.8401
INFO:__main__:验证的best_acc:0.9040
INFO:__main__:----------------------------------------------------------------------------------------------------
INFO:__main__:
【train】epoch:93/120 loss:0.0583 acc:0.9770
INFO:__main__:
【val】epoch:93/120 loss:0.4967 acc:0.8850
INFO:__main__:
【Val】:  SENS: 0.8646  SPEC: 0.8967  PPV: 0.8265  NPV: 0.9209 F1:0.8451
INFO:__main__:验证的best_acc:0.9040
INFO:__main__:----------------------------------------------------------------------------------------------------
INFO:__main__:
【train】epoch:94/120 loss:0.0549 acc:0.9799
INFO:__main__:
【val】epoch:94/120 loss:0.4290 acc:0.8917
INFO:__main__:
【Val】:  SENS: 0.8646  SPEC: 0.9072  PPV: 0.8413  NPV: 0.9217 F1:0.8528
INFO:__main__:验证的best_acc:0.9040
INFO:__main__:----------------------------------------------------------------------------------------------------
INFO:__main__:
【train】epoch:95/120 loss:0.0534 acc:0.9791
INFO:__main__:
【val】epoch:95/120 loss:0.4512 acc:0.8917
INFO:__main__:
【Val】:  SENS: 0.8462  SPEC: 0.9177  PPV: 0.8540  NPV: 0.9129 F1:0.8501
INFO:__main__:验证的best_acc:0.9040
INFO:__main__:----------------------------------------------------------------------------------------------------
INFO:__main__:
【train】epoch:96/120 loss:0.0555 acc:0.9776
INFO:__main__:
【val】epoch:96/120 loss:0.4421 acc:0.8940
INFO:__main__:
【Val】:  SENS: 0.8585  SPEC: 0.9142  PPV: 0.8506  NPV: 0.9190 F1:0.8545
INFO:__main__:验证的best_acc:0.9040
INFO:__main__:----------------------------------------------------------------------------------------------------
INFO:__main__:
【train】epoch:97/120 loss:0.0551 acc:0.9799
INFO:__main__:
【val】epoch:97/120 loss:0.4321 acc:0.8951
INFO:__main__:
【Val】:  SENS: 0.8615  SPEC: 0.9142  PPV: 0.8511  NPV: 0.9206 F1:0.8563
INFO:__main__:验证的best_acc:0.9040
INFO:__main__:----------------------------------------------------------------------------------------------------
INFO:__main__:
【train】epoch:98/120 loss:0.0545 acc:0.9758
INFO:__main__:
【val】epoch:98/120 loss:0.4152 acc:0.8940
INFO:__main__:
【Val】:  SENS: 0.8369  SPEC: 0.9264  PPV: 0.8662  NPV: 0.9089 F1:0.8513
INFO:__main__:验证的best_acc:0.9040
INFO:__main__:----------------------------------------------------------------------------------------------------
INFO:__main__:
【train】epoch:99/120 loss:0.0482 acc:0.9814
INFO:__main__:
【val】epoch:99/120 loss:0.4380 acc:0.8862
INFO:__main__:
【Val】:  SENS: 0.8400  SPEC: 0.9124  PPV: 0.8452  NPV: 0.9092 F1:0.8426
INFO:__main__:验证的best_acc:0.9040
INFO:__main__:----------------------------------------------------------------------------------------------------
INFO:__main__:
【train】epoch:100/120 loss:0.0486 acc:0.9826
INFO:__main__:
【val】epoch:100/120 loss:0.4398 acc:0.8873
INFO:__main__:
【Val】:  SENS: 0.8308  SPEC: 0.9194  PPV: 0.8544  NPV: 0.9052 F1:0.8424
INFO:__main__:验证的best_acc:0.9040
INFO:__main__:----------------------------------------------------------------------------------------------------
INFO:__main__:
【train】epoch:101/120 loss:0.0467 acc:0.9832
INFO:__main__:
【val】epoch:101/120 loss:0.4471 acc:0.8917
INFO:__main__:
【Val】:  SENS: 0.8215  SPEC: 0.9317  PPV: 0.8725  NPV: 0.9017 F1:0.8463
INFO:__main__:验证的best_acc:0.9040
INFO:__main__:----------------------------------------------------------------------------------------------------
INFO:__main__:
【train】epoch:102/120 loss:0.0452 acc:0.9829
INFO:__main__:
【val】epoch:102/120 loss:0.4320 acc:0.8973
INFO:__main__:
【Val】:  SENS: 0.8400  SPEC: 0.9299  PPV: 0.8722  NPV: 0.9108 F1:0.8558
INFO:__main__:验证的best_acc:0.9040
INFO:__main__:----------------------------------------------------------------------------------------------------
INFO:__main__:
【train】epoch:103/120 loss:0.0393 acc:0.9840
INFO:__main__:
【val】epoch:103/120 loss:0.4234 acc:0.9007
INFO:__main__:
【Val】:  SENS: 0.8769  SPEC: 0.9142  PPV: 0.8533  NPV: 0.9288 F1:0.8649
INFO:__main__:验证的best_acc:0.9040
INFO:__main__:----------------------------------------------------------------------------------------------------
INFO:__main__:
【train】epoch:104/120 loss:0.0476 acc:0.9827
INFO:__main__:
【val】epoch:104/120 loss:0.4699 acc:0.8962
INFO:__main__:
【Val】:  SENS: 0.8062  SPEC: 0.9475  PPV: 0.8973  NPV: 0.8957 F1:0.8493
INFO:__main__:验证的best_acc:0.9040
INFO:__main__:----------------------------------------------------------------------------------------------------
INFO:__main__:
【train】epoch:105/120 loss:0.0478 acc:0.9817
INFO:__main__:
【val】epoch:105/120 loss:0.4464 acc:0.8917
INFO:__main__:
【Val】:  SENS: 0.8523  SPEC: 0.9142  PPV: 0.8497  NPV: 0.9158 F1:0.8510
INFO:__main__:验证的best_acc:0.9040
INFO:__main__:----------------------------------------------------------------------------------------------------
INFO:__main__:
【train】epoch:106/120 loss:0.0442 acc:0.9819
INFO:__main__:
【val】epoch:106/120 loss:0.4860 acc:0.8873
INFO:__main__:
【Val】:  SENS: 0.8215  SPEC: 0.9247  PPV: 0.8613  NPV: 0.9010 F1:0.8409
INFO:__main__:验证的best_acc:0.9040
INFO:__main__:----------------------------------------------------------------------------------------------------
INFO:__main__:
【train】epoch:107/120 loss:0.0395 acc:0.9855
INFO:__main__:
【val】epoch:107/120 loss:0.4803 acc:0.8917
INFO:__main__:
【Val】:  SENS: 0.8277  SPEC: 0.9282  PPV: 0.8677  NPV: 0.9044 F1:0.8472
INFO:__main__:验证的best_acc:0.9040
INFO:__main__:----------------------------------------------------------------------------------------------------
INFO:__main__:
【train】epoch:108/120 loss:0.0391 acc:0.9859
INFO:__main__:
【val】epoch:108/120 loss:0.4657 acc:0.8984
INFO:__main__:
【Val】:  SENS: 0.8831  SPEC: 0.9072  PPV: 0.8441  NPV: 0.9317 F1:0.8632
INFO:__main__:验证的best_acc:0.9040
INFO:__main__:----------------------------------------------------------------------------------------------------
INFO:__main__:
【train】epoch:109/120 loss:0.0351 acc:0.9865
INFO:__main__:
【val】epoch:109/120 loss:0.4752 acc:0.8895
INFO:__main__:
【Val】:  SENS: 0.8308  SPEC: 0.9229  PPV: 0.8599  NPV: 0.9055 F1:0.8451
INFO:__main__:验证的best_acc:0.9040
INFO:__main__:----------------------------------------------------------------------------------------------------
INFO:__main__:
【train】epoch:110/120 loss:0.0375 acc:0.9872
INFO:__main__:
【val】epoch:110/120 loss:0.4287 acc:0.8973
INFO:__main__:
【Val】:  SENS: 0.8585  SPEC: 0.9194  PPV: 0.8585  NPV: 0.9194 F1:0.8585
INFO:__main__:验证的best_acc:0.9040
INFO:__main__:----------------------------------------------------------------------------------------------------
INFO:__main__:
【train】epoch:111/120 loss:0.0430 acc:0.9842
INFO:__main__:
【val】epoch:111/120 loss:0.4920 acc:0.8806
INFO:__main__:
【Val】:  SENS: 0.8215  SPEC: 0.9142  PPV: 0.8449  NPV: 0.9000 F1:0.8331
INFO:__main__:验证的best_acc:0.9040
INFO:__main__:----------------------------------------------------------------------------------------------------
INFO:__main__:
【train】epoch:112/120 loss:0.0378 acc:0.9856
INFO:__main__:
【val】epoch:112/120 loss:0.4202 acc:0.9018
INFO:__main__:
【Val】:  SENS: 0.8431  SPEC: 0.9352  PPV: 0.8810  NPV: 0.9128 F1:0.8616
INFO:__main__:验证的best_acc:0.9040
INFO:__main__:----------------------------------------------------------------------------------------------------
INFO:__main__:
【train】epoch:113/120 loss:0.0393 acc:0.9849
INFO:__main__:
【val】epoch:113/120 loss:0.4559 acc:0.8940
INFO:__main__:
【Val】:  SENS: 0.8615  SPEC: 0.9124  PPV: 0.8485  NPV: 0.9205 F1:0.8550
INFO:__main__:验证的best_acc:0.9040
INFO:__main__:----------------------------------------------------------------------------------------------------
INFO:__main__:
【train】epoch:114/120 loss:0.0376 acc:0.9861
INFO:__main__:
【val】epoch:114/120 loss:0.4618 acc:0.9029
INFO:__main__:
【Val】:  SENS: 0.8892  SPEC: 0.9107  PPV: 0.8500  NPV: 0.9353 F1:0.8692
INFO:__main__:验证的best_acc:0.9040
INFO:__main__:----------------------------------------------------------------------------------------------------
INFO:__main__:
【train】epoch:115/120 loss:0.0313 acc:0.9885
INFO:__main__:
【val】epoch:115/120 loss:0.4472 acc:0.9018
INFO:__main__:
【Val】:  SENS: 0.8615  SPEC: 0.9247  PPV: 0.8669  NPV: 0.9215 F1:0.8642
INFO:__main__:验证的best_acc:0.9040
INFO:__main__:----------------------------------------------------------------------------------------------------
INFO:__main__:
【train】epoch:116/120 loss:0.0359 acc:0.9860
INFO:__main__:
【val】epoch:116/120 loss:0.4702 acc:0.8906
INFO:__main__:
【Val】:  SENS: 0.8585  SPEC: 0.9089  PPV: 0.8429  NPV: 0.9186 F1:0.8506
INFO:__main__:验证的best_acc:0.9040
INFO:__main__:----------------------------------------------------------------------------------------------------
INFO:__main__:
【train】epoch:117/120 loss:0.0374 acc:0.9859
INFO:__main__:
【val】epoch:117/120 loss:0.4441 acc:0.8984
INFO:__main__:
【Val】:  SENS: 0.8800  SPEC: 0.9089  PPV: 0.8462  NPV: 0.9301 F1:0.8627
INFO:__main__:验证的best_acc:0.9040
INFO:__main__:----------------------------------------------------------------------------------------------------
INFO:__main__:
【train】epoch:118/120 loss:0.0406 acc:0.9860
INFO:__main__:
【val】epoch:118/120 loss:0.4332 acc:0.8984
INFO:__main__:
【Val】:  SENS: 0.8523  SPEC: 0.9247  PPV: 0.8656  NPV: 0.9167 F1:0.8589
INFO:__main__:验证的best_acc:0.9040
INFO:__main__:----------------------------------------------------------------------------------------------------
INFO:__main__:
【train】epoch:119/120 loss:0.0340 acc:0.9855
INFO:__main__:
【val】epoch:119/120 loss:0.4228 acc:0.8962
INFO:__main__:
【Val】:  SENS: 0.8492  SPEC: 0.9229  PPV: 0.8625  NPV: 0.9149 F1:0.8558
INFO:__main__:验证的best_acc:0.9040
INFO:__main__:----------------------------------------------------------------------------------------------------
INFO:__main__:****************************************************************************************************
INFO:__main__:Val_LOSS:['0.6763', '0.5013', '0.4217', '0.4558', '0.3888', '0.3716', '0.4039', '0.3430', '0.3322', '0.3185', '0.3222', '0.3556', '0.5506', '0.3661', '0.3933', '0.3097', '0.3111', '0.3511', '0.3402', '0.3691', '0.3166', '0.3951', '0.3809', '0.4004', '0.3447', '0.3437', '0.3919', '0.3217', '0.3379', '0.3614', '0.3676', '0.3833', '0.3398', '0.3458', '0.3605', '0.4412', '0.4167', '0.5575', '0.4672', '0.4191', '0.4320', '0.3810', '0.3969', '0.3792', '0.3790', '0.3884', '0.5125', '0.4494', '0.3935', '0.4350', '0.4663', '0.3577', '0.4492', '0.4579', '0.4031', '0.3987', '0.4207', '0.4255', '0.4238', '0.4429', '0.4510', '0.4434', '0.4470', '0.4629', '0.4648', '0.4697', '0.4073', '0.4016', '0.4625', '0.3938', '0.4564', '0.4415', '0.4423', '0.4232', '0.4907', '0.4885', '0.4046', '0.4031', '0.4646', '0.4228', '0.4025', '0.4284', '0.3955', '0.4213', '0.4651', '0.4330', '0.4506', '0.4059', '0.4331', '0.4218', '0.4516', '0.4353', '0.4692', '0.4967', '0.4290', '0.4512', '0.4421', '0.4321', '0.4152', '0.4380', '0.4398', '0.4471', '0.4320', '0.4234', '0.4699', '0.4464', '0.4860', '0.4803', '0.4657', '0.4752', '0.4287', '0.4920', '0.4202', '0.4559', '0.4618', '0.4472', '0.4702', '0.4441', '0.4332', '0.4228']
INFO:__main__:Val_ACC:['0.6998', '0.7321', '0.7812', '0.7790', '0.7969', '0.8225', '0.8058', '0.8192', '0.8382', '0.8460', '0.8583', '0.8404', '0.7790', '0.8359', '0.8304', '0.8549', '0.8594', '0.8426', '0.8393', '0.8538', '0.8728', '0.8504', '0.8560', '0.8638', '0.8672', '0.8750', '0.8560', '0.8705', '0.8728', '0.8683', '0.8672', '0.8694', '0.8772', '0.8783', '0.8672', '0.8404', '0.8605', '0.8493', '0.8482', '0.8728', '0.8717', '0.8850', '0.8772', '0.8873', '0.8795', '0.8817', '0.8806', '0.8817', '0.8717', '0.8862', '0.8973', '0.8850', '0.8750', '0.8750', '0.8828', '0.8828', '0.8717', '0.8705', '0.8705', '0.8929', '0.8895', '0.8817', '0.8739', '0.8694', '0.8806', '0.8806', '0.8850', '0.8884', '0.8839', '0.8839', '0.8783', '0.8828', '0.8772', '0.8862', '0.8817', '0.8884', '0.8839', '0.8839', '0.8817', '0.8895', '0.8962', '0.8884', '0.8962', '0.8984', '0.8917', '0.8929', '0.8929', '0.9040', '0.8895', '0.8906', '0.8862', '0.8929', '0.8862', '0.8850', '0.8917', '0.8917', '0.8940', '0.8951', '0.8940', '0.8862', '0.8873', '0.8917', '0.8973', '0.9007', '0.8962', '0.8917', '0.8873', '0.8917', '0.8984', '0.8895', '0.8973', '0.8806', '0.9018', '0.8940', '0.9029', '0.9018', '0.8906', '0.8984', '0.8984', '0.8962']
INFO:__main__:****************************************************************************************************
INFO:__main__: epoch0 测试test_Loss: 0.7157  test_ACC: 0.8702  
INFO:__main__:SENS: 0.8163 SPEC: 0.9015 PPV: 0.8284 NPV: 0.8939 F1:0.8223
INFO:__main__:test_Best_acc:0.8702
INFO:__main__:flops:2323740064.0  params:14128629.0
