INFO:__main__:
【train】epoch:0/150 loss:0.6372 acc:0.6455
INFO:__main__:
【val】epoch:0/150 loss:0.6249 acc:0.7132
INFO:__main__:
【Val】:  SENS: 0.6092  SPEC: 0.7723  PPV: 0.6037  NPV: 0.7764 F1:0.6064
INFO:__main__:验证的best_acc:0.7132
INFO:__main__:----------------------------------------------------------------------------------------------------
INFO:__main__:
【train】epoch:1/150 loss:0.5743 acc:0.6856
INFO:__main__:
【val】epoch:1/150 loss:1.1666 acc:0.7199
INFO:__main__:
【Val】:  SENS: 0.5477  SPEC: 0.8179  PPV: 0.6312  NPV: 0.7606 F1:0.5865
INFO:__main__:验证的best_acc:0.7199
INFO:__main__:----------------------------------------------------------------------------------------------------
INFO:__main__:
【train】epoch:2/150 loss:0.5348 acc:0.7155
INFO:__main__:
【val】epoch:2/150 loss:2.1562 acc:0.6484
INFO:__main__:
【Val】:  SENS: 0.0338  SPEC: 0.9982  PPV: 0.9167  NPV: 0.6448 F1:0.0653
INFO:__main__:验证的best_acc:0.7199
INFO:__main__:----------------------------------------------------------------------------------------------------
INFO:__main__:
【train】epoch:3/150 loss:0.5102 acc:0.7447
INFO:__main__:
【val】epoch:3/150 loss:0.8901 acc:0.7031
INFO:__main__:
【Val】:  SENS: 0.2462  SPEC: 0.9632  PPV: 0.7921  NPV: 0.6918 F1:0.3756
INFO:__main__:验证的best_acc:0.7199
INFO:__main__:----------------------------------------------------------------------------------------------------
INFO:__main__:
【train】epoch:4/150 loss:0.4732 acc:0.7724
INFO:__main__:
【val】epoch:4/150 loss:0.3771 acc:0.8103
INFO:__main__:
【Val】:  SENS: 0.6092  SPEC: 0.9247  PPV: 0.8216  NPV: 0.8061 F1:0.6996
INFO:__main__:验证的best_acc:0.8103
INFO:__main__:----------------------------------------------------------------------------------------------------
INFO:__main__:
【train】epoch:5/150 loss:0.4303 acc:0.7914
INFO:__main__:
【val】epoch:5/150 loss:0.4429 acc:0.7980
INFO:__main__:
【Val】:  SENS: 0.5169  SPEC: 0.9580  PPV: 0.8750  NPV: 0.7770 F1:0.6499
INFO:__main__:验证的best_acc:0.8103
INFO:__main__:----------------------------------------------------------------------------------------------------
INFO:__main__:
【train】epoch:6/150 loss:0.4021 acc:0.8113
INFO:__main__:
【val】epoch:6/150 loss:0.4026 acc:0.8002
INFO:__main__:
【Val】:  SENS: 0.5200  SPEC: 0.9597  PPV: 0.8802  NPV: 0.7784 F1:0.6538
INFO:__main__:验证的best_acc:0.8103
INFO:__main__:----------------------------------------------------------------------------------------------------
INFO:__main__:
【train】epoch:7/150 loss:0.3913 acc:0.8192
INFO:__main__:
【val】epoch:7/150 loss:0.3388 acc:0.8404
INFO:__main__:
【Val】:  SENS: 0.6646  SPEC: 0.9405  PPV: 0.8640  NPV: 0.8313 F1:0.7513
INFO:__main__:验证的best_acc:0.8404
INFO:__main__:----------------------------------------------------------------------------------------------------
INFO:__main__:
【train】epoch:8/150 loss:0.3824 acc:0.8231
INFO:__main__:
【val】epoch:8/150 loss:0.3499 acc:0.8292
INFO:__main__:
【Val】:  SENS: 0.6462  SPEC: 0.9335  PPV: 0.8468  NPV: 0.8225 F1:0.7330
INFO:__main__:验证的best_acc:0.8404
INFO:__main__:----------------------------------------------------------------------------------------------------
INFO:__main__:
【train】epoch:9/150 loss:0.3684 acc:0.8299
INFO:__main__:
【val】epoch:9/150 loss:0.3480 acc:0.8404
INFO:__main__:
【Val】:  SENS: 0.6492  SPEC: 0.9492  PPV: 0.8792  NPV: 0.8262 F1:0.7469
INFO:__main__:验证的best_acc:0.8404
INFO:__main__:----------------------------------------------------------------------------------------------------
INFO:__main__:
【train】epoch:10/150 loss:0.3634 acc:0.8334
INFO:__main__:
【val】epoch:10/150 loss:0.3439 acc:0.8393
INFO:__main__:
【Val】:  SENS: 0.8185  SPEC: 0.8511  PPV: 0.7578  NPV: 0.8917 F1:0.7870
INFO:__main__:验证的best_acc:0.8404
INFO:__main__:----------------------------------------------------------------------------------------------------
INFO:__main__:
【train】epoch:11/150 loss:0.3559 acc:0.8386
INFO:__main__:
【val】epoch:11/150 loss:0.3206 acc:0.8438
INFO:__main__:
【Val】:  SENS: 0.8431  SPEC: 0.8441  PPV: 0.7548  NPV: 0.9043 F1:0.7965
INFO:__main__:验证的best_acc:0.8438
INFO:__main__:----------------------------------------------------------------------------------------------------
INFO:__main__:
【train】epoch:12/150 loss:0.3500 acc:0.8390
INFO:__main__:
【val】epoch:12/150 loss:0.3421 acc:0.8449
INFO:__main__:
【Val】:  SENS: 0.8123  SPEC: 0.8634  PPV: 0.7719  NPV: 0.8899 F1:0.7916
INFO:__main__:验证的best_acc:0.8449
INFO:__main__:----------------------------------------------------------------------------------------------------
INFO:__main__:
【train】epoch:13/150 loss:0.3455 acc:0.8417
INFO:__main__:
【val】epoch:13/150 loss:0.3182 acc:0.8583
INFO:__main__:
【Val】:  SENS: 0.7354  SPEC: 0.9282  PPV: 0.8536  NPV: 0.8604 F1:0.7901
INFO:__main__:验证的best_acc:0.8583
INFO:__main__:----------------------------------------------------------------------------------------------------
INFO:__main__:
【train】epoch:14/150 loss:0.3444 acc:0.8440
INFO:__main__:
【val】epoch:14/150 loss:0.3368 acc:0.8460
INFO:__main__:
【Val】:  SENS: 0.6492  SPEC: 0.9580  PPV: 0.8979  NPV: 0.8275 F1:0.7536
INFO:__main__:验证的best_acc:0.8583
INFO:__main__:----------------------------------------------------------------------------------------------------
INFO:__main__:
【train】epoch:15/150 loss:0.3342 acc:0.8496
INFO:__main__:
【val】epoch:15/150 loss:0.3031 acc:0.8683
INFO:__main__:
【Val】:  SENS: 0.7785  SPEC: 0.9194  PPV: 0.8462  NPV: 0.8794 F1:0.8109
INFO:__main__:验证的best_acc:0.8683
INFO:__main__:----------------------------------------------------------------------------------------------------
INFO:__main__:
【train】epoch:16/150 loss:0.3354 acc:0.8454
INFO:__main__:
【val】epoch:16/150 loss:0.3089 acc:0.8605
INFO:__main__:
【Val】:  SENS: 0.8462  SPEC: 0.8687  PPV: 0.7857  NPV: 0.9084 F1:0.8148
INFO:__main__:验证的best_acc:0.8683
INFO:__main__:----------------------------------------------------------------------------------------------------
INFO:__main__:
【train】epoch:17/150 loss:0.3303 acc:0.8520
INFO:__main__:
【val】epoch:17/150 loss:0.3130 acc:0.8616
INFO:__main__:
【Val】:  SENS: 0.7446  SPEC: 0.9282  PPV: 0.8551  NPV: 0.8646 F1:0.7961
INFO:__main__:验证的best_acc:0.8683
INFO:__main__:----------------------------------------------------------------------------------------------------
INFO:__main__:
【train】epoch:18/150 loss:0.3217 acc:0.8569
INFO:__main__:
【val】epoch:18/150 loss:0.3236 acc:0.8583
INFO:__main__:
【Val】:  SENS: 0.8338  SPEC: 0.8722  PPV: 0.7878  NPV: 0.9022 F1:0.8102
INFO:__main__:验证的best_acc:0.8683
INFO:__main__:----------------------------------------------------------------------------------------------------
INFO:__main__:
【train】epoch:19/150 loss:0.3101 acc:0.8606
INFO:__main__:
【val】epoch:19/150 loss:0.2933 acc:0.8761
INFO:__main__:
【Val】:  SENS: 0.8092  SPEC: 0.9142  PPV: 0.8429  NPV: 0.8938 F1:0.8257
INFO:__main__:验证的best_acc:0.8761
INFO:__main__:----------------------------------------------------------------------------------------------------
INFO:__main__:
【train】epoch:20/150 loss:0.3115 acc:0.8569
INFO:__main__:
【val】epoch:20/150 loss:0.3093 acc:0.8616
INFO:__main__:
【Val】:  SENS: 0.8677  SPEC: 0.8581  PPV: 0.7769  NPV: 0.9193 F1:0.8198
INFO:__main__:验证的best_acc:0.8761
INFO:__main__:----------------------------------------------------------------------------------------------------
INFO:__main__:
【train】epoch:21/150 loss:0.3064 acc:0.8629
INFO:__main__:
【val】epoch:21/150 loss:0.2929 acc:0.8783
INFO:__main__:
【Val】:  SENS: 0.8308  SPEC: 0.9054  PPV: 0.8333  NPV: 0.9038 F1:0.8320
INFO:__main__:验证的best_acc:0.8783
INFO:__main__:----------------------------------------------------------------------------------------------------
INFO:__main__:
【train】epoch:22/150 loss:0.3042 acc:0.8614
INFO:__main__:
【val】epoch:22/150 loss:0.3278 acc:0.8571
INFO:__main__:
【Val】:  SENS: 0.8031  SPEC: 0.8879  PPV: 0.8031  NPV: 0.8879 F1:0.8031
INFO:__main__:验证的best_acc:0.8783
INFO:__main__:----------------------------------------------------------------------------------------------------
INFO:__main__:
【train】epoch:23/150 loss:0.3023 acc:0.8649
INFO:__main__:
【val】epoch:23/150 loss:0.2851 acc:0.8650
INFO:__main__:
【Val】:  SENS: 0.7631  SPEC: 0.9229  PPV: 0.8493  NPV: 0.8725 F1:0.8039
INFO:__main__:验证的best_acc:0.8783
INFO:__main__:----------------------------------------------------------------------------------------------------
INFO:__main__:
【train】epoch:24/150 loss:0.2965 acc:0.8679
INFO:__main__:
【val】epoch:24/150 loss:0.2961 acc:0.8694
INFO:__main__:
【Val】:  SENS: 0.8369  SPEC: 0.8879  PPV: 0.8095  NPV: 0.9054 F1:0.8230
INFO:__main__:验证的best_acc:0.8783
INFO:__main__:----------------------------------------------------------------------------------------------------
INFO:__main__:
【train】epoch:25/150 loss:0.2932 acc:0.8671
INFO:__main__:
【val】epoch:25/150 loss:0.3549 acc:0.8449
INFO:__main__:
【Val】:  SENS: 0.8031  SPEC: 0.8687  PPV: 0.7768  NPV: 0.8857 F1:0.7897
INFO:__main__:验证的best_acc:0.8783
INFO:__main__:----------------------------------------------------------------------------------------------------
INFO:__main__:
【train】epoch:26/150 loss:0.2847 acc:0.8742
INFO:__main__:
【val】epoch:26/150 loss:0.3160 acc:0.8605
INFO:__main__:
【Val】:  SENS: 0.7908  SPEC: 0.9002  PPV: 0.8185  NPV: 0.8832 F1:0.8044
INFO:__main__:验证的best_acc:0.8783
INFO:__main__:----------------------------------------------------------------------------------------------------
INFO:__main__:
【train】epoch:27/150 loss:0.2882 acc:0.8739
INFO:__main__:
【val】epoch:27/150 loss:0.3162 acc:0.8638
INFO:__main__:
【Val】:  SENS: 0.8154  SPEC: 0.8914  PPV: 0.8104  NPV: 0.8946 F1:0.8129
INFO:__main__:验证的best_acc:0.8783
INFO:__main__:----------------------------------------------------------------------------------------------------
INFO:__main__:
【train】epoch:28/150 loss:0.2907 acc:0.8708
INFO:__main__:
【val】epoch:28/150 loss:0.3143 acc:0.8605
INFO:__main__:
【Val】:  SENS: 0.7138  SPEC: 0.9440  PPV: 0.8788  NPV: 0.8528 F1:0.7878
INFO:__main__:验证的best_acc:0.8783
INFO:__main__:----------------------------------------------------------------------------------------------------
INFO:__main__:
【train】epoch:29/150 loss:0.2771 acc:0.8781
INFO:__main__:
【val】epoch:29/150 loss:0.3085 acc:0.8638
INFO:__main__:
【Val】:  SENS: 0.7754  SPEC: 0.9142  PPV: 0.8372  NPV: 0.8773 F1:0.8051
INFO:__main__:验证的best_acc:0.8783
INFO:__main__:----------------------------------------------------------------------------------------------------
INFO:__main__:
【train】epoch:30/150 loss:0.2696 acc:0.8792
INFO:__main__:
【val】epoch:30/150 loss:0.3154 acc:0.8683
INFO:__main__:
【Val】:  SENS: 0.7846  SPEC: 0.9159  PPV: 0.8416  NPV: 0.8820 F1:0.8121
INFO:__main__:验证的best_acc:0.8783
INFO:__main__:----------------------------------------------------------------------------------------------------
INFO:__main__:
【train】epoch:31/150 loss:0.2669 acc:0.8837
INFO:__main__:
【val】epoch:31/150 loss:0.3270 acc:0.8583
INFO:__main__:
【Val】:  SENS: 0.7846  SPEC: 0.9002  PPV: 0.8173  NPV: 0.8801 F1:0.8006
INFO:__main__:验证的best_acc:0.8783
INFO:__main__:----------------------------------------------------------------------------------------------------
INFO:__main__:
【train】epoch:32/150 loss:0.2653 acc:0.8796
INFO:__main__:
【val】epoch:32/150 loss:0.2989 acc:0.8728
INFO:__main__:
【Val】:  SENS: 0.8369  SPEC: 0.8932  PPV: 0.8168  NPV: 0.9059 F1:0.8267
INFO:__main__:验证的best_acc:0.8783
INFO:__main__:----------------------------------------------------------------------------------------------------
INFO:__main__:
【train】epoch:33/150 loss:0.2576 acc:0.8865
INFO:__main__:
【val】epoch:33/150 loss:0.3341 acc:0.8594
INFO:__main__:
【Val】:  SENS: 0.8246  SPEC: 0.8792  PPV: 0.7953  NPV: 0.8980 F1:0.8097
INFO:__main__:验证的best_acc:0.8783
INFO:__main__:----------------------------------------------------------------------------------------------------
INFO:__main__:
【train】epoch:34/150 loss:0.2607 acc:0.8860
INFO:__main__:
【val】epoch:34/150 loss:0.3111 acc:0.8616
INFO:__main__:
【Val】:  SENS: 0.8062  SPEC: 0.8932  PPV: 0.8111  NPV: 0.8901 F1:0.8086
INFO:__main__:验证的best_acc:0.8783
INFO:__main__:----------------------------------------------------------------------------------------------------
INFO:__main__:
【train】epoch:35/150 loss:0.2596 acc:0.8836
INFO:__main__:
【val】epoch:35/150 loss:0.3256 acc:0.8594
INFO:__main__:
【Val】:  SENS: 0.7846  SPEC: 0.9019  PPV: 0.8199  NPV: 0.8803 F1:0.8019
INFO:__main__:验证的best_acc:0.8783
INFO:__main__:----------------------------------------------------------------------------------------------------
INFO:__main__:
【train】epoch:36/150 loss:0.2540 acc:0.8901
INFO:__main__:
【val】epoch:36/150 loss:0.3069 acc:0.8728
INFO:__main__:
【Val】:  SENS: 0.7908  SPEC: 0.9194  PPV: 0.8482  NPV: 0.8853 F1:0.8185
INFO:__main__:验证的best_acc:0.8783
INFO:__main__:----------------------------------------------------------------------------------------------------
INFO:__main__:
【train】epoch:37/150 loss:0.2511 acc:0.8893
INFO:__main__:
【val】epoch:37/150 loss:0.3465 acc:0.8694
INFO:__main__:
【Val】:  SENS: 0.7877  SPEC: 0.9159  PPV: 0.8421  NPV: 0.8834 F1:0.8140
INFO:__main__:验证的best_acc:0.8783
INFO:__main__:----------------------------------------------------------------------------------------------------
INFO:__main__:
【train】epoch:38/150 loss:0.2478 acc:0.8921
INFO:__main__:
【val】epoch:38/150 loss:0.3238 acc:0.8650
INFO:__main__:
【Val】:  SENS: 0.7785  SPEC: 0.9142  PPV: 0.8377  NPV: 0.8788 F1:0.8070
INFO:__main__:验证的best_acc:0.8783
INFO:__main__:----------------------------------------------------------------------------------------------------
INFO:__main__:
【train】epoch:39/150 loss:0.2425 acc:0.8936
INFO:__main__:
【val】epoch:39/150 loss:0.3448 acc:0.8605
INFO:__main__:
【Val】:  SENS: 0.7969  SPEC: 0.8967  PPV: 0.8145  NPV: 0.8858 F1:0.8056
INFO:__main__:验证的best_acc:0.8783
INFO:__main__:----------------------------------------------------------------------------------------------------
INFO:__main__:
【train】epoch:40/150 loss:0.2407 acc:0.8966
INFO:__main__:
【val】epoch:40/150 loss:0.3317 acc:0.8638
INFO:__main__:
【Val】:  SENS: 0.8338  SPEC: 0.8809  PPV: 0.7994  NPV: 0.9031 F1:0.8163
INFO:__main__:验证的best_acc:0.8783
INFO:__main__:----------------------------------------------------------------------------------------------------
INFO:__main__:
【train】epoch:41/150 loss:0.2275 acc:0.8997
INFO:__main__:
【val】epoch:41/150 loss:0.3456 acc:0.8694
INFO:__main__:
【Val】:  SENS: 0.7846  SPEC: 0.9177  PPV: 0.8444  NPV: 0.8822 F1:0.8134
INFO:__main__:验证的best_acc:0.8783
INFO:__main__:----------------------------------------------------------------------------------------------------
INFO:__main__:
【train】epoch:42/150 loss:0.2348 acc:0.8986
INFO:__main__:
【val】epoch:42/150 loss:0.3426 acc:0.8504
INFO:__main__:
【Val】:  SENS: 0.8369  SPEC: 0.8581  PPV: 0.7705  NPV: 0.9024 F1:0.8024
INFO:__main__:验证的best_acc:0.8783
INFO:__main__:----------------------------------------------------------------------------------------------------
INFO:__main__:
【train】epoch:43/150 loss:0.2300 acc:0.9045
INFO:__main__:
【val】epoch:43/150 loss:0.3144 acc:0.8761
INFO:__main__:
【Val】:  SENS: 0.8123  SPEC: 0.9124  PPV: 0.8408  NPV: 0.8952 F1:0.8263
INFO:__main__:验证的best_acc:0.8783
INFO:__main__:----------------------------------------------------------------------------------------------------
INFO:__main__:
【train】epoch:44/150 loss:0.2364 acc:0.8989
INFO:__main__:
【val】epoch:44/150 loss:0.3313 acc:0.8638
INFO:__main__:
【Val】:  SENS: 0.8092  SPEC: 0.8949  PPV: 0.8142  NPV: 0.8918 F1:0.8117
INFO:__main__:验证的best_acc:0.8783
INFO:__main__:----------------------------------------------------------------------------------------------------
INFO:__main__:
【train】epoch:45/150 loss:0.2249 acc:0.9022
INFO:__main__:
【val】epoch:45/150 loss:0.3382 acc:0.8705
INFO:__main__:
【Val】:  SENS: 0.8000  SPEC: 0.9107  PPV: 0.8360  NPV: 0.8889 F1:0.8176
INFO:__main__:验证的best_acc:0.8783
INFO:__main__:----------------------------------------------------------------------------------------------------
INFO:__main__:
【train】epoch:46/150 loss:0.2291 acc:0.9015
INFO:__main__:
【val】epoch:46/150 loss:0.3398 acc:0.8627
INFO:__main__:
【Val】:  SENS: 0.8492  SPEC: 0.8704  PPV: 0.7886  NPV: 0.9103 F1:0.8178
INFO:__main__:验证的best_acc:0.8783
INFO:__main__:----------------------------------------------------------------------------------------------------
INFO:__main__:
【train】epoch:47/150 loss:0.2292 acc:0.9008
INFO:__main__:
【val】epoch:47/150 loss:0.3180 acc:0.8739
INFO:__main__:
【Val】:  SENS: 0.8000  SPEC: 0.9159  PPV: 0.8442  NPV: 0.8895 F1:0.8215
INFO:__main__:验证的best_acc:0.8783
INFO:__main__:----------------------------------------------------------------------------------------------------
INFO:__main__:
【train】epoch:48/150 loss:0.2223 acc:0.9060
INFO:__main__:
【val】epoch:48/150 loss:0.3615 acc:0.8594
INFO:__main__:
【Val】:  SENS: 0.8369  SPEC: 0.8722  PPV: 0.7884  NPV: 0.9038 F1:0.8119
INFO:__main__:验证的best_acc:0.8783
INFO:__main__:----------------------------------------------------------------------------------------------------
INFO:__main__:
【train】epoch:49/150 loss:0.2087 acc:0.9106
INFO:__main__:
【val】epoch:49/150 loss:0.3448 acc:0.8627
INFO:__main__:
【Val】:  SENS: 0.8400  SPEC: 0.8757  PPV: 0.7936  NPV: 0.9058 F1:0.8161
INFO:__main__:验证的best_acc:0.8783
INFO:__main__:----------------------------------------------------------------------------------------------------
INFO:__main__:
【train】epoch:50/150 loss:0.2042 acc:0.9144
INFO:__main__:
【val】epoch:50/150 loss:0.3609 acc:0.8393
INFO:__main__:
【Val】:  SENS: 0.8400  SPEC: 0.8389  PPV: 0.7479  NPV: 0.9021 F1:0.7913
INFO:__main__:验证的best_acc:0.8783
INFO:__main__:----------------------------------------------------------------------------------------------------
INFO:__main__:
【train】epoch:51/150 loss:0.2048 acc:0.9121
INFO:__main__:
【val】epoch:51/150 loss:0.3215 acc:0.8728
INFO:__main__:
【Val】:  SENS: 0.7938  SPEC: 0.9177  PPV: 0.8459  NPV: 0.8866 F1:0.8190
INFO:__main__:验证的best_acc:0.8783
INFO:__main__:----------------------------------------------------------------------------------------------------
INFO:__main__:
【train】epoch:52/150 loss:0.2048 acc:0.9140
INFO:__main__:
【val】epoch:52/150 loss:0.3587 acc:0.8571
INFO:__main__:
【Val】:  SENS: 0.8523  SPEC: 0.8599  PPV: 0.7759  NPV: 0.9109 F1:0.8123
INFO:__main__:验证的best_acc:0.8783
INFO:__main__:----------------------------------------------------------------------------------------------------
INFO:__main__:
【train】epoch:53/150 loss:0.2109 acc:0.9086
INFO:__main__:
【val】epoch:53/150 loss:0.3465 acc:0.8594
INFO:__main__:
【Val】:  SENS: 0.8031  SPEC: 0.8914  PPV: 0.8080  NPV: 0.8883 F1:0.8056
INFO:__main__:验证的best_acc:0.8783
INFO:__main__:----------------------------------------------------------------------------------------------------
INFO:__main__:
【train】epoch:54/150 loss:0.2018 acc:0.9144
INFO:__main__:
【val】epoch:54/150 loss:0.3207 acc:0.8750
INFO:__main__:
【Val】:  SENS: 0.8338  SPEC: 0.8984  PPV: 0.8237  NPV: 0.9048 F1:0.8287
INFO:__main__:验证的best_acc:0.8783
INFO:__main__:----------------------------------------------------------------------------------------------------
INFO:__main__:
【train】epoch:55/150 loss:0.1951 acc:0.9187
INFO:__main__:
【val】epoch:55/150 loss:0.3223 acc:0.8817
INFO:__main__:
【Val】:  SENS: 0.8462  SPEC: 0.9019  PPV: 0.8308  NPV: 0.9115 F1:0.8384
INFO:__main__:验证的best_acc:0.8817
INFO:__main__:----------------------------------------------------------------------------------------------------
INFO:__main__:
【train】epoch:56/150 loss:0.1945 acc:0.9209
INFO:__main__:
【val】epoch:56/150 loss:0.3356 acc:0.8705
INFO:__main__:
【Val】:  SENS: 0.8185  SPEC: 0.9002  PPV: 0.8235  NPV: 0.8970 F1:0.8210
INFO:__main__:验证的best_acc:0.8817
INFO:__main__:----------------------------------------------------------------------------------------------------
INFO:__main__:
【train】epoch:57/150 loss:0.1960 acc:0.9148
INFO:__main__:
【val】epoch:57/150 loss:0.3355 acc:0.8717
INFO:__main__:
【Val】:  SENS: 0.8523  SPEC: 0.8827  PPV: 0.8052  NPV: 0.9130 F1:0.8281
INFO:__main__:验证的best_acc:0.8817
INFO:__main__:----------------------------------------------------------------------------------------------------
INFO:__main__:
【train】epoch:58/150 loss:0.1923 acc:0.9212
INFO:__main__:
【val】epoch:58/150 loss:0.3298 acc:0.8672
INFO:__main__:
【Val】:  SENS: 0.8492  SPEC: 0.8774  PPV: 0.7977  NPV: 0.9109 F1:0.8227
INFO:__main__:验证的best_acc:0.8817
INFO:__main__:----------------------------------------------------------------------------------------------------
INFO:__main__:
【train】epoch:59/150 loss:0.1858 acc:0.9238
INFO:__main__:
【val】epoch:59/150 loss:0.3629 acc:0.8560
INFO:__main__:
【Val】:  SENS: 0.8308  SPEC: 0.8704  PPV: 0.7849  NPV: 0.9004 F1:0.8072
INFO:__main__:验证的best_acc:0.8817
INFO:__main__:----------------------------------------------------------------------------------------------------
INFO:__main__:
【train】epoch:60/150 loss:0.1847 acc:0.9207
INFO:__main__:
【val】epoch:60/150 loss:0.3371 acc:0.8694
INFO:__main__:
【Val】:  SENS: 0.8615  SPEC: 0.8739  PPV: 0.7955  NPV: 0.9173 F1:0.8272
INFO:__main__:验证的best_acc:0.8817
INFO:__main__:----------------------------------------------------------------------------------------------------
INFO:__main__:
【train】epoch:61/150 loss:0.1847 acc:0.9266
INFO:__main__:
【val】epoch:61/150 loss:0.3386 acc:0.8739
INFO:__main__:
【Val】:  SENS: 0.8215  SPEC: 0.9037  PPV: 0.8292  NPV: 0.8990 F1:0.8253
INFO:__main__:验证的best_acc:0.8817
INFO:__main__:----------------------------------------------------------------------------------------------------
INFO:__main__:
【train】epoch:62/150 loss:0.1823 acc:0.9227
INFO:__main__:
【val】epoch:62/150 loss:0.3292 acc:0.8527
INFO:__main__:
【Val】:  SENS: 0.8062  SPEC: 0.8792  PPV: 0.7915  NPV: 0.8885 F1:0.7988
INFO:__main__:验证的best_acc:0.8817
INFO:__main__:----------------------------------------------------------------------------------------------------
INFO:__main__:
【train】epoch:63/150 loss:0.1752 acc:0.9283
INFO:__main__:
【val】epoch:63/150 loss:0.3496 acc:0.8795
INFO:__main__:
【Val】:  SENS: 0.8462  SPEC: 0.8984  PPV: 0.8258  NPV: 0.9112 F1:0.8359
INFO:__main__:验证的best_acc:0.8817
INFO:__main__:----------------------------------------------------------------------------------------------------
INFO:__main__:
【train】epoch:64/150 loss:0.1764 acc:0.9292
INFO:__main__:
【val】epoch:64/150 loss:0.3754 acc:0.8683
INFO:__main__:
【Val】:  SENS: 0.8246  SPEC: 0.8932  PPV: 0.8146  NPV: 0.8995 F1:0.8196
INFO:__main__:验证的best_acc:0.8817
INFO:__main__:----------------------------------------------------------------------------------------------------
INFO:__main__:
【train】epoch:65/150 loss:0.1867 acc:0.9231
INFO:__main__:
【val】epoch:65/150 loss:0.3593 acc:0.8638
INFO:__main__:
【Val】:  SENS: 0.8462  SPEC: 0.8739  PPV: 0.7925  NPV: 0.9089 F1:0.8185
INFO:__main__:验证的best_acc:0.8817
INFO:__main__:----------------------------------------------------------------------------------------------------
INFO:__main__:
【train】epoch:66/150 loss:0.1684 acc:0.9306
INFO:__main__:
【val】epoch:66/150 loss:0.3843 acc:0.8627
INFO:__main__:
【Val】:  SENS: 0.8769  SPEC: 0.8546  PPV: 0.7745  NPV: 0.9242 F1:0.8225
INFO:__main__:验证的best_acc:0.8817
INFO:__main__:----------------------------------------------------------------------------------------------------
INFO:__main__:
【train】epoch:67/150 loss:0.1696 acc:0.9315
INFO:__main__:
【val】epoch:67/150 loss:0.3802 acc:0.8638
INFO:__main__:
【Val】:  SENS: 0.8677  SPEC: 0.8616  PPV: 0.7812  NPV: 0.9196 F1:0.8222
INFO:__main__:验证的best_acc:0.8817
INFO:__main__:----------------------------------------------------------------------------------------------------
INFO:__main__:
【train】epoch:68/150 loss:0.1711 acc:0.9291
INFO:__main__:
【val】epoch:68/150 loss:0.3965 acc:0.8516
INFO:__main__:
【Val】:  SENS: 0.8185  SPEC: 0.8704  PPV: 0.7824  NPV: 0.8939 F1:0.8000
INFO:__main__:验证的best_acc:0.8817
INFO:__main__:----------------------------------------------------------------------------------------------------
INFO:__main__:
【train】epoch:69/150 loss:0.1637 acc:0.9336
INFO:__main__:
【val】epoch:69/150 loss:0.3698 acc:0.8694
INFO:__main__:
【Val】:  SENS: 0.8431  SPEC: 0.8844  PPV: 0.8059  NPV: 0.9083 F1:0.8241
INFO:__main__:验证的best_acc:0.8817
INFO:__main__:----------------------------------------------------------------------------------------------------
INFO:__main__:
【train】epoch:70/150 loss:0.1499 acc:0.9402
INFO:__main__:
【val】epoch:70/150 loss:0.3875 acc:0.8616
INFO:__main__:
【Val】:  SENS: 0.8154  SPEC: 0.8879  PPV: 0.8055  NPV: 0.8942 F1:0.8104
INFO:__main__:验证的best_acc:0.8817
INFO:__main__:----------------------------------------------------------------------------------------------------
INFO:__main__:
【train】epoch:71/150 loss:0.1624 acc:0.9318
INFO:__main__:
【val】epoch:71/150 loss:0.3284 acc:0.8694
INFO:__main__:
【Val】:  SENS: 0.8554  SPEC: 0.8774  PPV: 0.7989  NPV: 0.9142 F1:0.8262
INFO:__main__:验证的best_acc:0.8817
INFO:__main__:----------------------------------------------------------------------------------------------------
INFO:__main__:
【train】epoch:72/150 loss:0.1526 acc:0.9401
INFO:__main__:
【val】epoch:72/150 loss:0.3689 acc:0.8761
INFO:__main__:
【Val】:  SENS: 0.8585  SPEC: 0.8862  PPV: 0.8110  NPV: 0.9167 F1:0.8341
INFO:__main__:验证的best_acc:0.8817
INFO:__main__:----------------------------------------------------------------------------------------------------
INFO:__main__:
【train】epoch:73/150 loss:0.1591 acc:0.9340
INFO:__main__:
【val】epoch:73/150 loss:0.4361 acc:0.8504
INFO:__main__:
【Val】:  SENS: 0.8738  SPEC: 0.8371  PPV: 0.7533  NPV: 0.9210 F1:0.8091
INFO:__main__:验证的best_acc:0.8817
INFO:__main__:----------------------------------------------------------------------------------------------------
INFO:__main__:
【train】epoch:74/150 loss:0.1582 acc:0.9341
INFO:__main__:
【val】epoch:74/150 loss:0.4149 acc:0.8583
INFO:__main__:
【Val】:  SENS: 0.8585  SPEC: 0.8581  PPV: 0.7750  NPV: 0.9142 F1:0.8146
INFO:__main__:验证的best_acc:0.8817
INFO:__main__:----------------------------------------------------------------------------------------------------
INFO:__main__:
【train】epoch:75/150 loss:0.1526 acc:0.9378
INFO:__main__:
【val】epoch:75/150 loss:0.4313 acc:0.8683
INFO:__main__:
【Val】:  SENS: 0.8308  SPEC: 0.8897  PPV: 0.8108  NPV: 0.9023 F1:0.8207
INFO:__main__:验证的best_acc:0.8817
INFO:__main__:----------------------------------------------------------------------------------------------------
INFO:__main__:
【train】epoch:76/150 loss:0.1559 acc:0.9364
INFO:__main__:
【val】epoch:76/150 loss:0.3873 acc:0.8783
INFO:__main__:
【Val】:  SENS: 0.8585  SPEC: 0.8897  PPV: 0.8158  NPV: 0.9170 F1:0.8366
INFO:__main__:验证的best_acc:0.8817
INFO:__main__:----------------------------------------------------------------------------------------------------
INFO:__main__:
【train】epoch:77/150 loss:0.1588 acc:0.9365
INFO:__main__:
【val】epoch:77/150 loss:0.3915 acc:0.8627
INFO:__main__:
【Val】:  SENS: 0.8554  SPEC: 0.8669  PPV: 0.7853  NPV: 0.9133 F1:0.8189
INFO:__main__:验证的best_acc:0.8817
INFO:__main__:----------------------------------------------------------------------------------------------------
INFO:__main__:
【train】epoch:78/150 loss:0.1517 acc:0.9395
INFO:__main__:
【val】epoch:78/150 loss:0.3875 acc:0.8761
INFO:__main__:
【Val】:  SENS: 0.8646  SPEC: 0.8827  PPV: 0.8075  NPV: 0.9197 F1:0.8351
INFO:__main__:验证的best_acc:0.8817
INFO:__main__:----------------------------------------------------------------------------------------------------
INFO:__main__:
【train】epoch:79/150 loss:0.1428 acc:0.9401
INFO:__main__:
【val】epoch:79/150 loss:0.4053 acc:0.8571
INFO:__main__:
【Val】:  SENS: 0.8554  SPEC: 0.8581  PPV: 0.7744  NPV: 0.9125 F1:0.8129
INFO:__main__:验证的best_acc:0.8817
INFO:__main__:----------------------------------------------------------------------------------------------------
INFO:__main__:
【train】epoch:80/150 loss:0.1470 acc:0.9394
INFO:__main__:
【val】epoch:80/150 loss:0.3768 acc:0.8605
INFO:__main__:
【Val】:  SENS: 0.8831  SPEC: 0.8476  PPV: 0.7674  NPV: 0.9272 F1:0.8212
INFO:__main__:验证的best_acc:0.8817
INFO:__main__:----------------------------------------------------------------------------------------------------
INFO:__main__:
【train】epoch:81/150 loss:0.1339 acc:0.9428
INFO:__main__:
【val】epoch:81/150 loss:0.4112 acc:0.8661
INFO:__main__:
【Val】:  SENS: 0.8585  SPEC: 0.8704  PPV: 0.7904  NPV: 0.9153 F1:0.8230
INFO:__main__:验证的best_acc:0.8817
INFO:__main__:----------------------------------------------------------------------------------------------------
INFO:__main__:
【train】epoch:82/150 loss:0.1472 acc:0.9399
INFO:__main__:
【val】epoch:82/150 loss:0.4185 acc:0.8616
INFO:__main__:
【Val】:  SENS: 0.8769  SPEC: 0.8529  PPV: 0.7724  NPV: 0.9241 F1:0.8213
INFO:__main__:验证的best_acc:0.8817
INFO:__main__:----------------------------------------------------------------------------------------------------
INFO:__main__:
【train】epoch:83/150 loss:0.1375 acc:0.9455
INFO:__main__:
【val】epoch:83/150 loss:0.3857 acc:0.8728
INFO:__main__:
【Val】:  SENS: 0.8708  SPEC: 0.8739  PPV: 0.7972  NPV: 0.9224 F1:0.8324
INFO:__main__:验证的best_acc:0.8817
INFO:__main__:----------------------------------------------------------------------------------------------------
INFO:__main__:
【train】epoch:84/150 loss:0.1434 acc:0.9423
INFO:__main__:
【val】epoch:84/150 loss:0.3816 acc:0.8683
INFO:__main__:
【Val】:  SENS: 0.8431  SPEC: 0.8827  PPV: 0.8035  NPV: 0.9081 F1:0.8228
INFO:__main__:验证的best_acc:0.8817
INFO:__main__:----------------------------------------------------------------------------------------------------
INFO:__main__:
【train】epoch:85/150 loss:0.1385 acc:0.9443
INFO:__main__:
【val】epoch:85/150 loss:0.3979 acc:0.8650
INFO:__main__:
【Val】:  SENS: 0.8585  SPEC: 0.8687  PPV: 0.7881  NPV: 0.9151 F1:0.8218
INFO:__main__:验证的best_acc:0.8817
INFO:__main__:----------------------------------------------------------------------------------------------------
INFO:__main__:
【train】epoch:86/150 loss:0.1325 acc:0.9457
INFO:__main__:
【val】epoch:86/150 loss:0.4863 acc:0.8661
INFO:__main__:
【Val】:  SENS: 0.8954  SPEC: 0.8494  PPV: 0.7719  NPV: 0.9345 F1:0.8291
INFO:__main__:验证的best_acc:0.8817
INFO:__main__:----------------------------------------------------------------------------------------------------
INFO:__main__:
【train】epoch:87/150 loss:0.1338 acc:0.9444
INFO:__main__:
【val】epoch:87/150 loss:0.4333 acc:0.8527
INFO:__main__:
【Val】:  SENS: 0.8400  SPEC: 0.8599  PPV: 0.7734  NPV: 0.9042 F1:0.8053
INFO:__main__:验证的best_acc:0.8817
INFO:__main__:----------------------------------------------------------------------------------------------------
INFO:__main__:
【train】epoch:88/150 loss:0.1366 acc:0.9427
INFO:__main__:
【val】epoch:88/150 loss:0.4351 acc:0.8772
INFO:__main__:
【Val】:  SENS: 0.8308  SPEC: 0.9037  PPV: 0.8308  NPV: 0.9037 F1:0.8308
INFO:__main__:验证的best_acc:0.8817
INFO:__main__:----------------------------------------------------------------------------------------------------
INFO:__main__:
【train】epoch:89/150 loss:0.1311 acc:0.9478
INFO:__main__:
【val】epoch:89/150 loss:0.3851 acc:0.8672
INFO:__main__:
【Val】:  SENS: 0.8615  SPEC: 0.8704  PPV: 0.7910  NPV: 0.9170 F1:0.8247
INFO:__main__:验证的best_acc:0.8817
INFO:__main__:----------------------------------------------------------------------------------------------------
INFO:__main__:
【train】epoch:90/150 loss:0.1303 acc:0.9473
INFO:__main__:
【val】epoch:90/150 loss:0.3974 acc:0.8694
INFO:__main__:
【Val】:  SENS: 0.8431  SPEC: 0.8844  PPV: 0.8059  NPV: 0.9083 F1:0.8241
INFO:__main__:验证的best_acc:0.8817
INFO:__main__:----------------------------------------------------------------------------------------------------
INFO:__main__:
【train】epoch:91/150 loss:0.1193 acc:0.9518
INFO:__main__:
【val】epoch:91/150 loss:0.3820 acc:0.8806
INFO:__main__:
【Val】:  SENS: 0.8615  SPEC: 0.8914  PPV: 0.8187  NPV: 0.9188 F1:0.8396
INFO:__main__:验证的best_acc:0.8817
INFO:__main__:----------------------------------------------------------------------------------------------------
INFO:__main__:
【train】epoch:92/150 loss:0.1236 acc:0.9507
INFO:__main__:
【val】epoch:92/150 loss:0.4382 acc:0.8694
INFO:__main__:
【Val】:  SENS: 0.8738  SPEC: 0.8669  PPV: 0.7889  NPV: 0.9235 F1:0.8292
INFO:__main__:验证的best_acc:0.8817
INFO:__main__:----------------------------------------------------------------------------------------------------
INFO:__main__:
【train】epoch:93/150 loss:0.1248 acc:0.9477
INFO:__main__:
【val】epoch:93/150 loss:0.3770 acc:0.8850
INFO:__main__:
【Val】:  SENS: 0.8831  SPEC: 0.8862  PPV: 0.8153  NPV: 0.9301 F1:0.8479
INFO:__main__:验证的best_acc:0.8850
INFO:__main__:----------------------------------------------------------------------------------------------------
INFO:__main__:
【train】epoch:94/150 loss:0.1256 acc:0.9507
INFO:__main__:
【val】epoch:94/150 loss:0.4328 acc:0.8594
INFO:__main__:
【Val】:  SENS: 0.8462  SPEC: 0.8669  PPV: 0.7835  NPV: 0.9083 F1:0.8136
INFO:__main__:验证的best_acc:0.8850
INFO:__main__:----------------------------------------------------------------------------------------------------
INFO:__main__:
【train】epoch:95/150 loss:0.1199 acc:0.9492
INFO:__main__:
【val】epoch:95/150 loss:0.4607 acc:0.8549
INFO:__main__:
【Val】:  SENS: 0.8677  SPEC: 0.8476  PPV: 0.7642  NPV: 0.9184 F1:0.8127
INFO:__main__:验证的best_acc:0.8850
INFO:__main__:----------------------------------------------------------------------------------------------------
INFO:__main__:
【train】epoch:96/150 loss:0.1265 acc:0.9497
INFO:__main__:
【val】epoch:96/150 loss:0.4349 acc:0.8683
INFO:__main__:
【Val】:  SENS: 0.8492  SPEC: 0.8792  PPV: 0.8000  NPV: 0.9111 F1:0.8239
INFO:__main__:验证的best_acc:0.8850
INFO:__main__:----------------------------------------------------------------------------------------------------
INFO:__main__:
【train】epoch:97/150 loss:0.1210 acc:0.9522
INFO:__main__:
【val】epoch:97/150 loss:0.3814 acc:0.8772
INFO:__main__:
【Val】:  SENS: 0.8769  SPEC: 0.8774  PPV: 0.8028  NPV: 0.9261 F1:0.8382
INFO:__main__:验证的best_acc:0.8850
INFO:__main__:----------------------------------------------------------------------------------------------------
INFO:__main__:
【train】epoch:98/150 loss:0.1263 acc:0.9511
INFO:__main__:
【val】epoch:98/150 loss:0.4043 acc:0.8661
INFO:__main__:
【Val】:  SENS: 0.8923  SPEC: 0.8511  PPV: 0.7733  NPV: 0.9328 F1:0.8286
INFO:__main__:验证的best_acc:0.8850
INFO:__main__:----------------------------------------------------------------------------------------------------
INFO:__main__:
【train】epoch:99/150 loss:0.1158 acc:0.9550
INFO:__main__:
【val】epoch:99/150 loss:0.4236 acc:0.8728
INFO:__main__:
【Val】:  SENS: 0.8492  SPEC: 0.8862  PPV: 0.8094  NPV: 0.9117 F1:0.8288
INFO:__main__:验证的best_acc:0.8850
INFO:__main__:----------------------------------------------------------------------------------------------------
INFO:__main__:
【train】epoch:100/150 loss:0.1121 acc:0.9554
INFO:__main__:
【val】epoch:100/150 loss:0.3928 acc:0.8661
INFO:__main__:
【Val】:  SENS: 0.8615  SPEC: 0.8687  PPV: 0.7887  NPV: 0.9168 F1:0.8235
INFO:__main__:验证的best_acc:0.8850
INFO:__main__:----------------------------------------------------------------------------------------------------
INFO:__main__:
【train】epoch:101/150 loss:0.1137 acc:0.9545
INFO:__main__:
【val】epoch:101/150 loss:0.3684 acc:0.8783
INFO:__main__:
【Val】:  SENS: 0.8492  SPEC: 0.8949  PPV: 0.8214  NPV: 0.9125 F1:0.8351
INFO:__main__:验证的best_acc:0.8850
INFO:__main__:----------------------------------------------------------------------------------------------------
INFO:__main__:
【train】epoch:102/150 loss:0.1142 acc:0.9548
INFO:__main__:
【val】epoch:102/150 loss:0.4162 acc:0.8694
INFO:__main__:
【Val】:  SENS: 0.8615  SPEC: 0.8739  PPV: 0.7955  NPV: 0.9173 F1:0.8272
INFO:__main__:验证的best_acc:0.8850
INFO:__main__:----------------------------------------------------------------------------------------------------
INFO:__main__:
【train】epoch:103/150 loss:0.1094 acc:0.9558
INFO:__main__:
【val】epoch:103/150 loss:0.4079 acc:0.8717
INFO:__main__:
【Val】:  SENS: 0.8646  SPEC: 0.8757  PPV: 0.7983  NPV: 0.9191 F1:0.8301
INFO:__main__:验证的best_acc:0.8850
INFO:__main__:----------------------------------------------------------------------------------------------------
INFO:__main__:
【train】epoch:104/150 loss:0.1165 acc:0.9556
INFO:__main__:
【val】epoch:104/150 loss:0.3837 acc:0.8739
INFO:__main__:
【Val】:  SENS: 0.8646  SPEC: 0.8792  PPV: 0.8029  NPV: 0.9194 F1:0.8326
INFO:__main__:验证的best_acc:0.8850
INFO:__main__:----------------------------------------------------------------------------------------------------
INFO:__main__:
【train】epoch:105/150 loss:0.1145 acc:0.9549
INFO:__main__:
【val】epoch:105/150 loss:0.3964 acc:0.8761
INFO:__main__:
【Val】:  SENS: 0.8400  SPEC: 0.8967  PPV: 0.8223  NPV: 0.9078 F1:0.8311
INFO:__main__:验证的best_acc:0.8850
INFO:__main__:----------------------------------------------------------------------------------------------------
INFO:__main__:
【train】epoch:106/150 loss:0.1029 acc:0.9567
INFO:__main__:
【val】epoch:106/150 loss:0.4185 acc:0.8683
INFO:__main__:
【Val】:  SENS: 0.8615  SPEC: 0.8722  PPV: 0.7932  NPV: 0.9171 F1:0.8260
INFO:__main__:验证的best_acc:0.8850
INFO:__main__:----------------------------------------------------------------------------------------------------
INFO:__main__:
【train】epoch:107/150 loss:0.1152 acc:0.9542
INFO:__main__:
【val】epoch:107/150 loss:0.3948 acc:0.8605
INFO:__main__:
【Val】:  SENS: 0.8492  SPEC: 0.8669  PPV: 0.7841  NPV: 0.9099 F1:0.8154
INFO:__main__:验证的best_acc:0.8850
INFO:__main__:----------------------------------------------------------------------------------------------------
INFO:__main__:
【train】epoch:108/150 loss:0.0998 acc:0.9610
INFO:__main__:
【val】epoch:108/150 loss:0.3952 acc:0.8739
INFO:__main__:
【Val】:  SENS: 0.8492  SPEC: 0.8879  PPV: 0.8118  NPV: 0.9119 F1:0.8301
INFO:__main__:验证的best_acc:0.8850
INFO:__main__:----------------------------------------------------------------------------------------------------
INFO:__main__:
【train】epoch:109/150 loss:0.1055 acc:0.9586
INFO:__main__:
【val】epoch:109/150 loss:0.3814 acc:0.8672
INFO:__main__:
【Val】:  SENS: 0.8769  SPEC: 0.8616  PPV: 0.7830  NPV: 0.9248 F1:0.8273
INFO:__main__:验证的best_acc:0.8850
INFO:__main__:----------------------------------------------------------------------------------------------------
INFO:__main__:
【train】epoch:110/150 loss:0.1006 acc:0.9607
INFO:__main__:
【val】epoch:110/150 loss:0.4259 acc:0.8728
INFO:__main__:
【Val】:  SENS: 0.8646  SPEC: 0.8774  PPV: 0.8006  NPV: 0.9193 F1:0.8314
INFO:__main__:验证的best_acc:0.8850
INFO:__main__:----------------------------------------------------------------------------------------------------
INFO:__main__:
【train】epoch:111/150 loss:0.0994 acc:0.9579
INFO:__main__:
【val】epoch:111/150 loss:0.4167 acc:0.8717
INFO:__main__:
【Val】:  SENS: 0.8769  SPEC: 0.8687  PPV: 0.7917  NPV: 0.9254 F1:0.8321
INFO:__main__:验证的best_acc:0.8850
INFO:__main__:----------------------------------------------------------------------------------------------------
INFO:__main__:
【train】epoch:112/150 loss:0.0975 acc:0.9635
INFO:__main__:
【val】epoch:112/150 loss:0.4071 acc:0.8817
INFO:__main__:
【Val】:  SENS: 0.8492  SPEC: 0.9002  PPV: 0.8288  NPV: 0.9130 F1:0.8389
INFO:__main__:验证的best_acc:0.8850
INFO:__main__:----------------------------------------------------------------------------------------------------
INFO:__main__:
【train】epoch:113/150 loss:0.0951 acc:0.9643
INFO:__main__:
【val】epoch:113/150 loss:0.4091 acc:0.8728
INFO:__main__:
【Val】:  SENS: 0.8646  SPEC: 0.8774  PPV: 0.8006  NPV: 0.9193 F1:0.8314
INFO:__main__:验证的best_acc:0.8850
INFO:__main__:----------------------------------------------------------------------------------------------------
INFO:__main__:
【train】epoch:114/150 loss:0.0985 acc:0.9640
INFO:__main__:
【val】epoch:114/150 loss:0.4504 acc:0.8817
INFO:__main__:
【Val】:  SENS: 0.8677  SPEC: 0.8897  PPV: 0.8174  NPV: 0.9220 F1:0.8418
INFO:__main__:验证的best_acc:0.8850
INFO:__main__:----------------------------------------------------------------------------------------------------
INFO:__main__:
【train】epoch:115/150 loss:0.1011 acc:0.9614
INFO:__main__:
【val】epoch:115/150 loss:0.4613 acc:0.8783
INFO:__main__:
【Val】:  SENS: 0.8523  SPEC: 0.8932  PPV: 0.8195  NPV: 0.9140 F1:0.8356
INFO:__main__:验证的best_acc:0.8850
INFO:__main__:----------------------------------------------------------------------------------------------------
INFO:__main__:
【train】epoch:116/150 loss:0.1041 acc:0.9575
INFO:__main__:
【val】epoch:116/150 loss:0.3966 acc:0.8783
INFO:__main__:
【Val】:  SENS: 0.8800  SPEC: 0.8774  PPV: 0.8034  NPV: 0.9278 F1:0.8399
INFO:__main__:验证的best_acc:0.8850
INFO:__main__:----------------------------------------------------------------------------------------------------
INFO:__main__:
【train】epoch:117/150 loss:0.0953 acc:0.9632
INFO:__main__:
【val】epoch:117/150 loss:0.4268 acc:0.8783
INFO:__main__:
【Val】:  SENS: 0.8523  SPEC: 0.8932  PPV: 0.8195  NPV: 0.9140 F1:0.8356
INFO:__main__:验证的best_acc:0.8850
INFO:__main__:----------------------------------------------------------------------------------------------------
INFO:__main__:
【train】epoch:118/150 loss:0.1055 acc:0.9560
INFO:__main__:
【val】epoch:118/150 loss:0.3988 acc:0.8728
INFO:__main__:
【Val】:  SENS: 0.8738  SPEC: 0.8722  PPV: 0.7955  NPV: 0.9239 F1:0.8328
INFO:__main__:验证的best_acc:0.8850
INFO:__main__:----------------------------------------------------------------------------------------------------
INFO:__main__:
【train】epoch:119/150 loss:0.0992 acc:0.9592
INFO:__main__:
【val】epoch:119/150 loss:0.3925 acc:0.8850
INFO:__main__:
【Val】:  SENS: 0.8738  SPEC: 0.8914  PPV: 0.8208  NPV: 0.9255 F1:0.8465
INFO:__main__:验证的best_acc:0.8850
INFO:__main__:----------------------------------------------------------------------------------------------------
INFO:__main__:
【train】epoch:120/150 loss:0.0972 acc:0.9610
INFO:__main__:
【val】epoch:120/150 loss:0.4263 acc:0.8772
INFO:__main__:
【Val】:  SENS: 0.8708  SPEC: 0.8809  PPV: 0.8063  NPV: 0.9229 F1:0.8373
INFO:__main__:验证的best_acc:0.8850
INFO:__main__:----------------------------------------------------------------------------------------------------
INFO:__main__:
【train】epoch:121/150 loss:0.0935 acc:0.9637
INFO:__main__:
【val】epoch:121/150 loss:0.4233 acc:0.8795
INFO:__main__:
【Val】:  SENS: 0.8615  SPEC: 0.8897  PPV: 0.8163  NPV: 0.9186 F1:0.8383
INFO:__main__:验证的best_acc:0.8850
INFO:__main__:----------------------------------------------------------------------------------------------------
INFO:__main__:
【train】epoch:122/150 loss:0.0910 acc:0.9637
INFO:__main__:
【val】epoch:122/150 loss:0.4315 acc:0.8661
INFO:__main__:
【Val】:  SENS: 0.8615  SPEC: 0.8687  PPV: 0.7887  NPV: 0.9168 F1:0.8235
INFO:__main__:验证的best_acc:0.8850
INFO:__main__:----------------------------------------------------------------------------------------------------
INFO:__main__:
【train】epoch:123/150 loss:0.0890 acc:0.9636
INFO:__main__:
【val】epoch:123/150 loss:0.4828 acc:0.8750
INFO:__main__:
【Val】:  SENS: 0.8769  SPEC: 0.8739  PPV: 0.7983  NPV: 0.9258 F1:0.8358
INFO:__main__:验证的best_acc:0.8850
INFO:__main__:----------------------------------------------------------------------------------------------------
INFO:__main__:
【train】epoch:124/150 loss:0.0933 acc:0.9610
INFO:__main__:
【val】epoch:124/150 loss:0.4932 acc:0.8772
INFO:__main__:
【Val】:  SENS: 0.8677  SPEC: 0.8827  PPV: 0.8080  NPV: 0.9214 F1:0.8368
INFO:__main__:验证的best_acc:0.8850
INFO:__main__:----------------------------------------------------------------------------------------------------
INFO:__main__:
【train】epoch:125/150 loss:0.0915 acc:0.9640
INFO:__main__:
【val】epoch:125/150 loss:0.4319 acc:0.8850
INFO:__main__:
【Val】:  SENS: 0.8615  SPEC: 0.8984  PPV: 0.8284  NPV: 0.9194 F1:0.8446
INFO:__main__:验证的best_acc:0.8850
INFO:__main__:----------------------------------------------------------------------------------------------------
INFO:__main__:
【train】epoch:126/150 loss:0.0925 acc:0.9647
INFO:__main__:
【val】epoch:126/150 loss:0.4266 acc:0.8828
INFO:__main__:
【Val】:  SENS: 0.8585  SPEC: 0.8967  PPV: 0.8254  NPV: 0.9176 F1:0.8416
INFO:__main__:验证的best_acc:0.8850
INFO:__main__:----------------------------------------------------------------------------------------------------
INFO:__main__:
【train】epoch:127/150 loss:0.0987 acc:0.9605
INFO:__main__:
【val】epoch:127/150 loss:0.4199 acc:0.8783
INFO:__main__:
【Val】:  SENS: 0.8523  SPEC: 0.8932  PPV: 0.8195  NPV: 0.9140 F1:0.8356
INFO:__main__:验证的best_acc:0.8850
INFO:__main__:----------------------------------------------------------------------------------------------------
INFO:__main__:
【train】epoch:128/150 loss:0.0970 acc:0.9629
INFO:__main__:
【val】epoch:128/150 loss:0.4307 acc:0.8884
INFO:__main__:
【Val】:  SENS: 0.8431  SPEC: 0.9142  PPV: 0.8483  NPV: 0.9110 F1:0.8457
INFO:__main__:验证的best_acc:0.8884
INFO:__main__:----------------------------------------------------------------------------------------------------
INFO:__main__:
【train】epoch:129/150 loss:0.0891 acc:0.9671
INFO:__main__:
【val】epoch:129/150 loss:0.4311 acc:0.8772
INFO:__main__:
【Val】:  SENS: 0.8769  SPEC: 0.8774  PPV: 0.8028  NPV: 0.9261 F1:0.8382
INFO:__main__:验证的best_acc:0.8884
INFO:__main__:----------------------------------------------------------------------------------------------------
INFO:__main__:
【train】epoch:130/150 loss:0.0937 acc:0.9617
INFO:__main__:
【val】epoch:130/150 loss:0.4241 acc:0.8772
INFO:__main__:
【Val】:  SENS: 0.8677  SPEC: 0.8827  PPV: 0.8080  NPV: 0.9214 F1:0.8368
INFO:__main__:验证的best_acc:0.8884
INFO:__main__:----------------------------------------------------------------------------------------------------
INFO:__main__:
【train】epoch:131/150 loss:0.0860 acc:0.9681
INFO:__main__:
【val】epoch:131/150 loss:0.4329 acc:0.8783
INFO:__main__:
【Val】:  SENS: 0.8677  SPEC: 0.8844  PPV: 0.8103  NPV: 0.9215 F1:0.8380
INFO:__main__:验证的best_acc:0.8884
INFO:__main__:----------------------------------------------------------------------------------------------------
INFO:__main__:
【train】epoch:132/150 loss:0.0876 acc:0.9675
INFO:__main__:
【val】epoch:132/150 loss:0.4660 acc:0.8717
INFO:__main__:
【Val】:  SENS: 0.8492  SPEC: 0.8844  PPV: 0.8070  NPV: 0.9116 F1:0.8276
INFO:__main__:验证的best_acc:0.8884
INFO:__main__:----------------------------------------------------------------------------------------------------
INFO:__main__:
【train】epoch:133/150 loss:0.0864 acc:0.9659
INFO:__main__:
【val】epoch:133/150 loss:0.4546 acc:0.8728
INFO:__main__:
【Val】:  SENS: 0.8769  SPEC: 0.8704  PPV: 0.7939  NPV: 0.9255 F1:0.8333
INFO:__main__:验证的best_acc:0.8884
INFO:__main__:----------------------------------------------------------------------------------------------------
INFO:__main__:
【train】epoch:134/150 loss:0.0827 acc:0.9663
INFO:__main__:
【val】epoch:134/150 loss:0.4344 acc:0.8739
INFO:__main__:
【Val】:  SENS: 0.8585  SPEC: 0.8827  PPV: 0.8064  NPV: 0.9164 F1:0.8316
INFO:__main__:验证的best_acc:0.8884
INFO:__main__:----------------------------------------------------------------------------------------------------
INFO:__main__:
【train】epoch:135/150 loss:0.0805 acc:0.9686
INFO:__main__:
【val】epoch:135/150 loss:0.4308 acc:0.8739
INFO:__main__:
【Val】:  SENS: 0.8769  SPEC: 0.8722  PPV: 0.7961  NPV: 0.9257 F1:0.8346
INFO:__main__:验证的best_acc:0.8884
INFO:__main__:----------------------------------------------------------------------------------------------------
INFO:__main__:
【train】epoch:136/150 loss:0.0882 acc:0.9666
INFO:__main__:
【val】epoch:136/150 loss:0.4564 acc:0.8750
INFO:__main__:
【Val】:  SENS: 0.8615  SPEC: 0.8827  PPV: 0.8069  NPV: 0.9180 F1:0.8333
INFO:__main__:验证的best_acc:0.8884
INFO:__main__:----------------------------------------------------------------------------------------------------
INFO:__main__:
【train】epoch:137/150 loss:0.0854 acc:0.9667
INFO:__main__:
【val】epoch:137/150 loss:0.4421 acc:0.8783
INFO:__main__:
【Val】:  SENS: 0.8585  SPEC: 0.8897  PPV: 0.8158  NPV: 0.9170 F1:0.8366
INFO:__main__:验证的best_acc:0.8884
INFO:__main__:----------------------------------------------------------------------------------------------------
INFO:__main__:
【train】epoch:138/150 loss:0.0843 acc:0.9685
INFO:__main__:
【val】epoch:138/150 loss:0.4280 acc:0.8850
INFO:__main__:
【Val】:  SENS: 0.8615  SPEC: 0.8984  PPV: 0.8284  NPV: 0.9194 F1:0.8446
INFO:__main__:验证的best_acc:0.8884
INFO:__main__:----------------------------------------------------------------------------------------------------
INFO:__main__:
【train】epoch:139/150 loss:0.0767 acc:0.9690
INFO:__main__:
【val】epoch:139/150 loss:0.4249 acc:0.8817
INFO:__main__:
【Val】:  SENS: 0.8708  SPEC: 0.8879  PPV: 0.8156  NPV: 0.9235 F1:0.8423
INFO:__main__:验证的best_acc:0.8884
INFO:__main__:----------------------------------------------------------------------------------------------------
INFO:__main__:
【train】epoch:140/150 loss:0.0839 acc:0.9670
INFO:__main__:
【val】epoch:140/150 loss:0.4317 acc:0.8873
INFO:__main__:
【Val】:  SENS: 0.8862  SPEC: 0.8879  PPV: 0.8182  NPV: 0.9320 F1:0.8508
INFO:__main__:验证的best_acc:0.8884
INFO:__main__:----------------------------------------------------------------------------------------------------
INFO:__main__:
【train】epoch:141/150 loss:0.0790 acc:0.9682
INFO:__main__:
【val】epoch:141/150 loss:0.4113 acc:0.8873
INFO:__main__:
【Val】:  SENS: 0.8646  SPEC: 0.9002  PPV: 0.8314  NPV: 0.9211 F1:0.8477
INFO:__main__:验证的best_acc:0.8884
INFO:__main__:----------------------------------------------------------------------------------------------------
INFO:__main__:
【train】epoch:142/150 loss:0.0775 acc:0.9704
INFO:__main__:
【val】epoch:142/150 loss:0.4032 acc:0.8873
INFO:__main__:
【Val】:  SENS: 0.8769  SPEC: 0.8932  PPV: 0.8237  NPV: 0.9273 F1:0.8495
INFO:__main__:验证的best_acc:0.8884
INFO:__main__:----------------------------------------------------------------------------------------------------
INFO:__main__:
【train】epoch:143/150 loss:0.0747 acc:0.9716
INFO:__main__:
【val】epoch:143/150 loss:0.4624 acc:0.8772
INFO:__main__:
【Val】:  SENS: 0.8769  SPEC: 0.8774  PPV: 0.8028  NPV: 0.9261 F1:0.8382
INFO:__main__:验证的best_acc:0.8884
INFO:__main__:----------------------------------------------------------------------------------------------------
INFO:__main__:
【train】epoch:144/150 loss:0.0820 acc:0.9716
INFO:__main__:
【val】epoch:144/150 loss:0.4278 acc:0.8761
INFO:__main__:
【Val】:  SENS: 0.8554  SPEC: 0.8879  PPV: 0.8129  NPV: 0.9152 F1:0.8336
INFO:__main__:验证的best_acc:0.8884
INFO:__main__:----------------------------------------------------------------------------------------------------
INFO:__main__:
【train】epoch:145/150 loss:0.0776 acc:0.9694
INFO:__main__:
【val】epoch:145/150 loss:0.4541 acc:0.8728
INFO:__main__:
【Val】:  SENS: 0.8462  SPEC: 0.8879  PPV: 0.8112  NPV: 0.9102 F1:0.8283
INFO:__main__:验证的best_acc:0.8884
INFO:__main__:----------------------------------------------------------------------------------------------------
INFO:__main__:
【train】epoch:146/150 loss:0.0863 acc:0.9664
INFO:__main__:
【val】epoch:146/150 loss:0.4049 acc:0.8906
INFO:__main__:
【Val】:  SENS: 0.8708  SPEC: 0.9019  PPV: 0.8348  NPV: 0.9246 F1:0.8524
INFO:__main__:验证的best_acc:0.8906
INFO:__main__:----------------------------------------------------------------------------------------------------
INFO:__main__:
【train】epoch:147/150 loss:0.0771 acc:0.9692
INFO:__main__:
【val】epoch:147/150 loss:0.4343 acc:0.8828
INFO:__main__:
【Val】:  SENS: 0.8677  SPEC: 0.8914  PPV: 0.8198  NPV: 0.9221 F1:0.8430
INFO:__main__:验证的best_acc:0.8906
INFO:__main__:----------------------------------------------------------------------------------------------------
INFO:__main__:
【train】epoch:148/150 loss:0.0775 acc:0.9700
INFO:__main__:
【val】epoch:148/150 loss:0.4435 acc:0.8739
INFO:__main__:
【Val】:  SENS: 0.8708  SPEC: 0.8757  PPV: 0.7994  NPV: 0.9225 F1:0.8336
INFO:__main__:验证的best_acc:0.8906
INFO:__main__:----------------------------------------------------------------------------------------------------
INFO:__main__:
【train】epoch:149/150 loss:0.0770 acc:0.9698
INFO:__main__:
【val】epoch:149/150 loss:0.4363 acc:0.8862
INFO:__main__:
【Val】:  SENS: 0.8615  SPEC: 0.9002  PPV: 0.8309  NPV: 0.9195 F1:0.8459
INFO:__main__:验证的best_acc:0.8906
INFO:__main__:----------------------------------------------------------------------------------------------------
INFO:__main__:****************************************************************************************************
INFO:__main__:Val_LOSS:['0.6249', '1.1666', '2.1562', '0.8901', '0.3771', '0.4429', '0.4026', '0.3388', '0.3499', '0.3480', '0.3439', '0.3206', '0.3421', '0.3182', '0.3368', '0.3031', '0.3089', '0.3130', '0.3236', '0.2933', '0.3093', '0.2929', '0.3278', '0.2851', '0.2961', '0.3549', '0.3160', '0.3162', '0.3143', '0.3085', '0.3154', '0.3270', '0.2989', '0.3341', '0.3111', '0.3256', '0.3069', '0.3465', '0.3238', '0.3448', '0.3317', '0.3456', '0.3426', '0.3144', '0.3313', '0.3382', '0.3398', '0.3180', '0.3615', '0.3448', '0.3609', '0.3215', '0.3587', '0.3465', '0.3207', '0.3223', '0.3356', '0.3355', '0.3298', '0.3629', '0.3371', '0.3386', '0.3292', '0.3496', '0.3754', '0.3593', '0.3843', '0.3802', '0.3965', '0.3698', '0.3875', '0.3284', '0.3689', '0.4361', '0.4149', '0.4313', '0.3873', '0.3915', '0.3875', '0.4053', '0.3768', '0.4112', '0.4185', '0.3857', '0.3816', '0.3979', '0.4863', '0.4333', '0.4351', '0.3851', '0.3974', '0.3820', '0.4382', '0.3770', '0.4328', '0.4607', '0.4349', '0.3814', '0.4043', '0.4236', '0.3928', '0.3684', '0.4162', '0.4079', '0.3837', '0.3964', '0.4185', '0.3948', '0.3952', '0.3814', '0.4259', '0.4167', '0.4071', '0.4091', '0.4504', '0.4613', '0.3966', '0.4268', '0.3988', '0.3925', '0.4263', '0.4233', '0.4315', '0.4828', '0.4932', '0.4319', '0.4266', '0.4199', '0.4307', '0.4311', '0.4241', '0.4329', '0.4660', '0.4546', '0.4344', '0.4308', '0.4564', '0.4421', '0.4280', '0.4249', '0.4317', '0.4113', '0.4032', '0.4624', '0.4278', '0.4541', '0.4049', '0.4343', '0.4435', '0.4363']
INFO:__main__:Val_ACC:['0.7132', '0.7199', '0.6484', '0.7031', '0.8103', '0.7980', '0.8002', '0.8404', '0.8292', '0.8404', '0.8393', '0.8438', '0.8449', '0.8583', '0.8460', '0.8683', '0.8605', '0.8616', '0.8583', '0.8761', '0.8616', '0.8783', '0.8571', '0.8650', '0.8694', '0.8449', '0.8605', '0.8638', '0.8605', '0.8638', '0.8683', '0.8583', '0.8728', '0.8594', '0.8616', '0.8594', '0.8728', '0.8694', '0.8650', '0.8605', '0.8638', '0.8694', '0.8504', '0.8761', '0.8638', '0.8705', '0.8627', '0.8739', '0.8594', '0.8627', '0.8393', '0.8728', '0.8571', '0.8594', '0.8750', '0.8817', '0.8705', '0.8717', '0.8672', '0.8560', '0.8694', '0.8739', '0.8527', '0.8795', '0.8683', '0.8638', '0.8627', '0.8638', '0.8516', '0.8694', '0.8616', '0.8694', '0.8761', '0.8504', '0.8583', '0.8683', '0.8783', '0.8627', '0.8761', '0.8571', '0.8605', '0.8661', '0.8616', '0.8728', '0.8683', '0.8650', '0.8661', '0.8527', '0.8772', '0.8672', '0.8694', '0.8806', '0.8694', '0.8850', '0.8594', '0.8549', '0.8683', '0.8772', '0.8661', '0.8728', '0.8661', '0.8783', '0.8694', '0.8717', '0.8739', '0.8761', '0.8683', '0.8605', '0.8739', '0.8672', '0.8728', '0.8717', '0.8817', '0.8728', '0.8817', '0.8783', '0.8783', '0.8783', '0.8728', '0.8850', '0.8772', '0.8795', '0.8661', '0.8750', '0.8772', '0.8850', '0.8828', '0.8783', '0.8884', '0.8772', '0.8772', '0.8783', '0.8717', '0.8728', '0.8739', '0.8739', '0.8750', '0.8783', '0.8850', '0.8817', '0.8873', '0.8873', '0.8873', '0.8772', '0.8761', '0.8728', '0.8906', '0.8828', '0.8739', '0.8862']
INFO:__main__:****************************************************************************************************
INFO:__main__: epoch0 测试test_Loss: 0.4723  test_ACC: 0.8863  
INFO:__main__:SENS: 0.8426 SPEC: 0.9117 PPV: 0.8475 NPV: 0.9086 F1:0.8450
INFO:__main__:test_Best_acc:0.8863
INFO:__main__:flops:413867584.0  params:4010110.0
