INFO:__main__:
【train】epoch:0/100 loss:0.6815 acc:0.5784
INFO:__main__:
【val】epoch:0/100 loss:0.6042 acc:0.6562
INFO:__main__:
【Val】:  SENS: 0.7035  SPEC: 0.6176  PPV: 0.6011  NPV: 0.7177
INFO:__main__:验证的best_acc:0.6562
INFO:__main__:----------------------------------------------------------------------------------------------------
INFO:__main__:
【train】epoch:1/100 loss:0.6422 acc:0.6407
INFO:__main__:
【val】epoch:1/100 loss:0.6883 acc:0.6321
INFO:__main__:
【Val】:  SENS: 0.2744  SPEC: 0.9251  PPV: 0.7500  NPV: 0.6088
INFO:__main__:验证的best_acc:0.6562
INFO:__main__:----------------------------------------------------------------------------------------------------
INFO:__main__:
【train】epoch:2/100 loss:0.5668 acc:0.7137
INFO:__main__:
【val】epoch:2/100 loss:0.5343 acc:0.7188
INFO:__main__:
【Val】:  SENS: 0.5741  SPEC: 0.8372  PPV: 0.7429  NPV: 0.7059
INFO:__main__:验证的best_acc:0.7188
INFO:__main__:----------------------------------------------------------------------------------------------------
INFO:__main__:
【train】epoch:3/100 loss:0.5048 acc:0.7577
INFO:__main__:
【val】epoch:3/100 loss:0.4996 acc:0.7756
INFO:__main__:
【Val】:  SENS: 0.7066  SPEC: 0.8320  PPV: 0.7751  NPV: 0.7759
INFO:__main__:验证的best_acc:0.7756
INFO:__main__:----------------------------------------------------------------------------------------------------
INFO:__main__:
【train】epoch:4/100 loss:0.4662 acc:0.7793
INFO:__main__:
【val】epoch:4/100 loss:0.4819 acc:0.7940
INFO:__main__:
【Val】:  SENS: 0.7224  SPEC: 0.8527  PPV: 0.8007  NPV: 0.7895
INFO:__main__:验证的best_acc:0.7940
INFO:__main__:----------------------------------------------------------------------------------------------------
INFO:__main__:
【train】epoch:5/100 loss:0.4339 acc:0.7998
INFO:__main__:
【val】epoch:5/100 loss:0.4775 acc:0.7685
INFO:__main__:
【Val】:  SENS: 0.6057  SPEC: 0.9018  PPV: 0.8348  NPV: 0.7363
INFO:__main__:验证的best_acc:0.7940
INFO:__main__:----------------------------------------------------------------------------------------------------
INFO:__main__:
【train】epoch:6/100 loss:0.4198 acc:0.7996
INFO:__main__:
【val】epoch:6/100 loss:0.6648 acc:0.7159
INFO:__main__:
【Val】:  SENS: 0.4290  SPEC: 0.9509  PPV: 0.8774  NPV: 0.6703
INFO:__main__:验证的best_acc:0.7940
INFO:__main__:----------------------------------------------------------------------------------------------------
INFO:__main__:
【train】epoch:7/100 loss:0.4065 acc:0.8083
INFO:__main__:
【val】epoch:7/100 loss:0.5088 acc:0.7855
INFO:__main__:
【Val】:  SENS: 0.6562  SPEC: 0.8915  PPV: 0.8320  NPV: 0.7599
INFO:__main__:验证的best_acc:0.7940
INFO:__main__:----------------------------------------------------------------------------------------------------
INFO:__main__:
【train】epoch:8/100 loss:0.3962 acc:0.8160
INFO:__main__:
【val】epoch:8/100 loss:0.4329 acc:0.8082
INFO:__main__:
【Val】:  SENS: 0.8202  SPEC: 0.7984  PPV: 0.7692  NPV: 0.8443
INFO:__main__:验证的best_acc:0.8082
INFO:__main__:----------------------------------------------------------------------------------------------------
INFO:__main__:
【train】epoch:9/100 loss:0.3803 acc:0.8242
INFO:__main__:
【val】epoch:9/100 loss:0.4467 acc:0.8026
INFO:__main__:
【Val】:  SENS: 0.7256  SPEC: 0.8656  PPV: 0.8156  NPV: 0.7938
INFO:__main__:验证的best_acc:0.8082
INFO:__main__:----------------------------------------------------------------------------------------------------
INFO:__main__:
【train】epoch:10/100 loss:0.3748 acc:0.8298
INFO:__main__:
【val】epoch:10/100 loss:0.4074 acc:0.8168
INFO:__main__:
【Val】:  SENS: 0.7729  SPEC: 0.8527  PPV: 0.8113  NPV: 0.8209
INFO:__main__:验证的best_acc:0.8168
INFO:__main__:----------------------------------------------------------------------------------------------------
INFO:__main__:
【train】epoch:11/100 loss:0.3657 acc:0.8328
INFO:__main__:
【val】epoch:11/100 loss:0.4283 acc:0.8196
INFO:__main__:
【Val】:  SENS: 0.7539  SPEC: 0.8734  PPV: 0.8299  NPV: 0.8125
INFO:__main__:验证的best_acc:0.8196
INFO:__main__:----------------------------------------------------------------------------------------------------
INFO:__main__:
【train】epoch:12/100 loss:0.3670 acc:0.8307
INFO:__main__:
【val】epoch:12/100 loss:0.4121 acc:0.8139
INFO:__main__:
【Val】:  SENS: 0.8644  SPEC: 0.7726  PPV: 0.7569  NPV: 0.8743
INFO:__main__:验证的best_acc:0.8196
INFO:__main__:----------------------------------------------------------------------------------------------------
INFO:__main__:
【train】epoch:13/100 loss:0.3543 acc:0.8406
INFO:__main__:
【val】epoch:13/100 loss:0.3973 acc:0.8239
INFO:__main__:
【Val】:  SENS: 0.7445  SPEC: 0.8889  PPV: 0.8459  NPV: 0.8094
INFO:__main__:验证的best_acc:0.8239
INFO:__main__:----------------------------------------------------------------------------------------------------
INFO:__main__:
【train】epoch:14/100 loss:0.3488 acc:0.8464
INFO:__main__:
【val】epoch:14/100 loss:0.3812 acc:0.8210
INFO:__main__:
【Val】:  SENS: 0.7603  SPEC: 0.8708  PPV: 0.8282  NPV: 0.8160
INFO:__main__:验证的best_acc:0.8239
INFO:__main__:----------------------------------------------------------------------------------------------------
INFO:__main__:
【train】epoch:15/100 loss:0.3405 acc:0.8518
INFO:__main__:
【val】epoch:15/100 loss:0.3761 acc:0.8324
INFO:__main__:
【Val】:  SENS: 0.8707  SPEC: 0.8010  PPV: 0.7819  NPV: 0.8832
INFO:__main__:验证的best_acc:0.8324
INFO:__main__:----------------------------------------------------------------------------------------------------
INFO:__main__:
【train】epoch:16/100 loss:0.3332 acc:0.8513
INFO:__main__:
【val】epoch:16/100 loss:0.3911 acc:0.8097
INFO:__main__:
【Val】:  SENS: 0.7571  SPEC: 0.8527  PPV: 0.8081  NPV: 0.8108
INFO:__main__:验证的best_acc:0.8324
INFO:__main__:----------------------------------------------------------------------------------------------------
INFO:__main__:
【train】epoch:17/100 loss:0.3321 acc:0.8493
INFO:__main__:
【val】epoch:17/100 loss:0.4508 acc:0.8111
INFO:__main__:
【Val】:  SENS: 0.8107  SPEC: 0.8114  PPV: 0.7788  NPV: 0.8396
INFO:__main__:验证的best_acc:0.8324
INFO:__main__:----------------------------------------------------------------------------------------------------
INFO:__main__:
【train】epoch:18/100 loss:0.3283 acc:0.8546
INFO:__main__:
【val】epoch:18/100 loss:0.3861 acc:0.8210
INFO:__main__:
【Val】:  SENS: 0.8801  SPEC: 0.7726  PPV: 0.7602  NPV: 0.8872
INFO:__main__:验证的best_acc:0.8324
INFO:__main__:----------------------------------------------------------------------------------------------------
INFO:__main__:
【train】epoch:19/100 loss:0.3135 acc:0.8638
INFO:__main__:
【val】epoch:19/100 loss:0.3825 acc:0.8310
INFO:__main__:
【Val】:  SENS: 0.8486  SPEC: 0.8165  PPV: 0.7912  NPV: 0.8681
INFO:__main__:验证的best_acc:0.8324
INFO:__main__:----------------------------------------------------------------------------------------------------
INFO:__main__:
【train】epoch:20/100 loss:0.3173 acc:0.8600
INFO:__main__:
【val】epoch:20/100 loss:0.3718 acc:0.8295
INFO:__main__:
【Val】:  SENS: 0.9022  SPEC: 0.7700  PPV: 0.7627  NPV: 0.9058
INFO:__main__:验证的best_acc:0.8324
INFO:__main__:----------------------------------------------------------------------------------------------------
INFO:__main__:
【train】epoch:21/100 loss:0.3099 acc:0.8637
INFO:__main__:
【val】epoch:21/100 loss:0.3838 acc:0.8267
INFO:__main__:
【Val】:  SENS: 0.8265  SPEC: 0.8269  PPV: 0.7964  NPV: 0.8533
INFO:__main__:验证的best_acc:0.8324
INFO:__main__:----------------------------------------------------------------------------------------------------
INFO:__main__:
【train】epoch:22/100 loss:0.3077 acc:0.8682
INFO:__main__:
【val】epoch:22/100 loss:0.3463 acc:0.8438
INFO:__main__:
【Val】:  SENS: 0.7950  SPEC: 0.8837  PPV: 0.8485  NPV: 0.8403
INFO:__main__:验证的best_acc:0.8438
INFO:__main__:----------------------------------------------------------------------------------------------------
INFO:__main__:
【train】epoch:23/100 loss:0.3051 acc:0.8644
INFO:__main__:
【val】epoch:23/100 loss:0.3904 acc:0.8537
INFO:__main__:
【Val】:  SENS: 0.8391  SPEC: 0.8656  PPV: 0.8365  NPV: 0.8679
INFO:__main__:验证的best_acc:0.8537
INFO:__main__:----------------------------------------------------------------------------------------------------
INFO:__main__:
【train】epoch:24/100 loss:0.3050 acc:0.8657
INFO:__main__:
【val】epoch:24/100 loss:0.3945 acc:0.8295
INFO:__main__:
【Val】:  SENS: 0.9117  SPEC: 0.7623  PPV: 0.7585  NPV: 0.9133
INFO:__main__:验证的best_acc:0.8537
INFO:__main__:----------------------------------------------------------------------------------------------------
INFO:__main__:
【train】epoch:25/100 loss:0.2974 acc:0.8684
INFO:__main__:
【val】epoch:25/100 loss:0.4149 acc:0.8253
INFO:__main__:
【Val】:  SENS: 0.8959  SPEC: 0.7674  PPV: 0.7594  NPV: 0.9000
INFO:__main__:验证的best_acc:0.8537
INFO:__main__:----------------------------------------------------------------------------------------------------
INFO:__main__:
【train】epoch:26/100 loss:0.2961 acc:0.8712
INFO:__main__:
【val】epoch:26/100 loss:0.3965 acc:0.8239
INFO:__main__:
【Val】:  SENS: 0.8580  SPEC: 0.7959  PPV: 0.7749  NPV: 0.8725
INFO:__main__:验证的best_acc:0.8537
INFO:__main__:----------------------------------------------------------------------------------------------------
INFO:__main__:
【train】epoch:27/100 loss:0.2864 acc:0.8738
INFO:__main__:
【val】epoch:27/100 loss:0.3963 acc:0.8494
INFO:__main__:
【Val】:  SENS: 0.8580  SPEC: 0.8424  PPV: 0.8168  NPV: 0.8787
INFO:__main__:验证的best_acc:0.8537
INFO:__main__:----------------------------------------------------------------------------------------------------
INFO:__main__:
【train】epoch:28/100 loss:0.2895 acc:0.8720
INFO:__main__:
【val】epoch:28/100 loss:0.3980 acc:0.8224
INFO:__main__:
【Val】:  SENS: 0.8675  SPEC: 0.7855  PPV: 0.7682  NPV: 0.8786
INFO:__main__:验证的best_acc:0.8537
INFO:__main__:----------------------------------------------------------------------------------------------------
INFO:__main__:
【train】epoch:29/100 loss:0.2791 acc:0.8797
INFO:__main__:
【val】epoch:29/100 loss:0.3587 acc:0.8381
INFO:__main__:
【Val】:  SENS: 0.8486  SPEC: 0.8295  PPV: 0.8030  NPV: 0.8699
INFO:__main__:验证的best_acc:0.8537
INFO:__main__:----------------------------------------------------------------------------------------------------
INFO:__main__:
【train】epoch:30/100 loss:0.2669 acc:0.8862
INFO:__main__:
【val】epoch:30/100 loss:0.4140 acc:0.8295
INFO:__main__:
【Val】:  SENS: 0.7256  SPEC: 0.9147  PPV: 0.8745  NPV: 0.8027
INFO:__main__:验证的best_acc:0.8537
INFO:__main__:----------------------------------------------------------------------------------------------------
INFO:__main__:
【train】epoch:31/100 loss:0.2727 acc:0.8820
INFO:__main__:
【val】epoch:31/100 loss:0.3804 acc:0.8551
INFO:__main__:
【Val】:  SENS: 0.8391  SPEC: 0.8682  PPV: 0.8391  NPV: 0.8682
INFO:__main__:验证的best_acc:0.8551
INFO:__main__:----------------------------------------------------------------------------------------------------
INFO:__main__:
【train】epoch:32/100 loss:0.2610 acc:0.8902
INFO:__main__:
【val】epoch:32/100 loss:0.4163 acc:0.8139
INFO:__main__:
【Val】:  SENS: 0.8770  SPEC: 0.7623  PPV: 0.7514  NPV: 0.8832
INFO:__main__:验证的best_acc:0.8551
INFO:__main__:----------------------------------------------------------------------------------------------------
INFO:__main__:
【train】epoch:33/100 loss:0.2592 acc:0.8856
INFO:__main__:
【val】epoch:33/100 loss:0.3941 acc:0.8352
INFO:__main__:
【Val】:  SENS: 0.8864  SPEC: 0.7933  PPV: 0.7784  NPV: 0.8950
INFO:__main__:验证的best_acc:0.8551
INFO:__main__:----------------------------------------------------------------------------------------------------
INFO:__main__:
【train】epoch:34/100 loss:0.2570 acc:0.8904
INFO:__main__:
【val】epoch:34/100 loss:0.3626 acc:0.8494
INFO:__main__:
【Val】:  SENS: 0.8959  SPEC: 0.8114  PPV: 0.7955  NPV: 0.9049
INFO:__main__:验证的best_acc:0.8551
INFO:__main__:----------------------------------------------------------------------------------------------------
INFO:__main__:
【train】epoch:35/100 loss:0.2543 acc:0.8876
INFO:__main__:
【val】epoch:35/100 loss:0.4304 acc:0.8168
INFO:__main__:
【Val】:  SENS: 0.8864  SPEC: 0.7597  PPV: 0.7513  NPV: 0.8909
INFO:__main__:验证的best_acc:0.8551
INFO:__main__:----------------------------------------------------------------------------------------------------
INFO:__main__:
【train】epoch:36/100 loss:0.2495 acc:0.8911
INFO:__main__:
【val】epoch:36/100 loss:0.3975 acc:0.8366
INFO:__main__:
【Val】:  SENS: 0.7792  SPEC: 0.8837  PPV: 0.8459  NPV: 0.8301
INFO:__main__:验证的best_acc:0.8551
INFO:__main__:----------------------------------------------------------------------------------------------------
INFO:__main__:
【train】epoch:37/100 loss:0.2492 acc:0.8972
INFO:__main__:
【val】epoch:37/100 loss:0.4291 acc:0.8509
INFO:__main__:
【Val】:  SENS: 0.9022  SPEC: 0.8088  PPV: 0.7944  NPV: 0.9099
INFO:__main__:验证的best_acc:0.8551
INFO:__main__:----------------------------------------------------------------------------------------------------
INFO:__main__:
【train】epoch:38/100 loss:0.2506 acc:0.8921
INFO:__main__:
【val】epoch:38/100 loss:0.4152 acc:0.8509
INFO:__main__:
【Val】:  SENS: 0.8486  SPEC: 0.8527  PPV: 0.8252  NPV: 0.8730
INFO:__main__:验证的best_acc:0.8551
INFO:__main__:----------------------------------------------------------------------------------------------------
INFO:__main__:
【train】epoch:39/100 loss:0.2472 acc:0.8973
INFO:__main__:
【val】epoch:39/100 loss:0.4553 acc:0.8011
INFO:__main__:
【Val】:  SENS: 0.8644  SPEC: 0.7494  PPV: 0.7385  NPV: 0.8709
INFO:__main__:验证的best_acc:0.8551
INFO:__main__:----------------------------------------------------------------------------------------------------
INFO:__main__:
【train】epoch:40/100 loss:0.2364 acc:0.9010
INFO:__main__:
【val】epoch:40/100 loss:0.4185 acc:0.8310
INFO:__main__:
【Val】:  SENS: 0.8360  SPEC: 0.8269  PPV: 0.7982  NPV: 0.8602
INFO:__main__:验证的best_acc:0.8551
INFO:__main__:----------------------------------------------------------------------------------------------------
INFO:__main__:
【train】epoch:41/100 loss:0.2347 acc:0.8980
INFO:__main__:
【val】epoch:41/100 loss:0.4787 acc:0.8310
INFO:__main__:
【Val】:  SENS: 0.8644  SPEC: 0.8036  PPV: 0.7829  NPV: 0.8785
INFO:__main__:验证的best_acc:0.8551
INFO:__main__:----------------------------------------------------------------------------------------------------
INFO:__main__:
【train】epoch:42/100 loss:0.2372 acc:0.9021
INFO:__main__:
【val】epoch:42/100 loss:0.3665 acc:0.8466
INFO:__main__:
【Val】:  SENS: 0.8360  SPEC: 0.8553  PPV: 0.8255  NPV: 0.8642
INFO:__main__:验证的best_acc:0.8551
INFO:__main__:----------------------------------------------------------------------------------------------------
INFO:__main__:
【train】epoch:43/100 loss:0.2293 acc:0.9015
INFO:__main__:
【val】epoch:43/100 loss:0.4654 acc:0.8224
INFO:__main__:
【Val】:  SENS: 0.7161  SPEC: 0.9096  PPV: 0.8664  NPV: 0.7964
INFO:__main__:验证的best_acc:0.8551
INFO:__main__:----------------------------------------------------------------------------------------------------
INFO:__main__:
【train】epoch:44/100 loss:0.2194 acc:0.9031
INFO:__main__:
【val】epoch:44/100 loss:0.3863 acc:0.8551
INFO:__main__:
【Val】:  SENS: 0.8517  SPEC: 0.8579  PPV: 0.8308  NPV: 0.8760
INFO:__main__:验证的best_acc:0.8551
INFO:__main__:----------------------------------------------------------------------------------------------------
INFO:__main__:
【train】epoch:45/100 loss:0.2330 acc:0.9010
INFO:__main__:
【val】epoch:45/100 loss:0.4511 acc:0.8097
INFO:__main__:
【Val】:  SENS: 0.8707  SPEC: 0.7597  PPV: 0.7480  NPV: 0.8776
INFO:__main__:验证的best_acc:0.8551
INFO:__main__:----------------------------------------------------------------------------------------------------
INFO:__main__:
【train】epoch:46/100 loss:0.2289 acc:0.9036
INFO:__main__:
【val】epoch:46/100 loss:0.4079 acc:0.8551
INFO:__main__:
【Val】:  SENS: 0.8517  SPEC: 0.8579  PPV: 0.8308  NPV: 0.8760
INFO:__main__:验证的best_acc:0.8551
INFO:__main__:----------------------------------------------------------------------------------------------------
INFO:__main__:
【train】epoch:47/100 loss:0.2181 acc:0.9071
INFO:__main__:
【val】epoch:47/100 loss:0.4729 acc:0.8153
INFO:__main__:
【Val】:  SENS: 0.8139  SPEC: 0.8165  PPV: 0.7842  NPV: 0.8427
INFO:__main__:验证的best_acc:0.8551
INFO:__main__:----------------------------------------------------------------------------------------------------
INFO:__main__:
【train】epoch:48/100 loss:0.2207 acc:0.9047
INFO:__main__:
【val】epoch:48/100 loss:0.4310 acc:0.8224
INFO:__main__:
【Val】:  SENS: 0.8549  SPEC: 0.7959  PPV: 0.7743  NPV: 0.8701
INFO:__main__:验证的best_acc:0.8551
INFO:__main__:----------------------------------------------------------------------------------------------------
INFO:__main__:
【train】epoch:49/100 loss:0.2039 acc:0.9176
INFO:__main__:
【val】epoch:49/100 loss:0.4050 acc:0.8466
INFO:__main__:
【Val】:  SENS: 0.8107  SPEC: 0.8760  PPV: 0.8426  NPV: 0.8496
INFO:__main__:验证的best_acc:0.8551
INFO:__main__:----------------------------------------------------------------------------------------------------
INFO:__main__:
【train】epoch:50/100 loss:0.2040 acc:0.9138
INFO:__main__:
【val】epoch:50/100 loss:0.3795 acc:0.8452
INFO:__main__:
【Val】:  SENS: 0.8265  SPEC: 0.8605  PPV: 0.8291  NPV: 0.8582
INFO:__main__:验证的best_acc:0.8551
INFO:__main__:----------------------------------------------------------------------------------------------------
INFO:__main__:
【train】epoch:51/100 loss:0.2026 acc:0.9148
INFO:__main__:
【val】epoch:51/100 loss:0.4744 acc:0.8295
INFO:__main__:
【Val】:  SENS: 0.8580  SPEC: 0.8062  PPV: 0.7839  NPV: 0.8739
INFO:__main__:验证的best_acc:0.8551
INFO:__main__:----------------------------------------------------------------------------------------------------
INFO:__main__:
【train】epoch:52/100 loss:0.2041 acc:0.9174
INFO:__main__:
【val】epoch:52/100 loss:0.4109 acc:0.8494
INFO:__main__:
【Val】:  SENS: 0.8675  SPEC: 0.8346  PPV: 0.8112  NPV: 0.8849
INFO:__main__:验证的best_acc:0.8551
INFO:__main__:----------------------------------------------------------------------------------------------------
INFO:__main__:
【train】epoch:53/100 loss:0.2006 acc:0.9192
INFO:__main__:
【val】epoch:53/100 loss:0.4406 acc:0.8352
INFO:__main__:
【Val】:  SENS: 0.8675  SPEC: 0.8088  PPV: 0.7880  NPV: 0.8817
INFO:__main__:验证的best_acc:0.8551
INFO:__main__:----------------------------------------------------------------------------------------------------
INFO:__main__:
【train】epoch:54/100 loss:0.1916 acc:0.9199
INFO:__main__:
【val】epoch:54/100 loss:0.4433 acc:0.8537
INFO:__main__:
【Val】:  SENS: 0.8833  SPEC: 0.8295  PPV: 0.8092  NPV: 0.8966
INFO:__main__:验证的best_acc:0.8551
INFO:__main__:----------------------------------------------------------------------------------------------------
INFO:__main__:
【train】epoch:55/100 loss:0.1922 acc:0.9179
INFO:__main__:
【val】epoch:55/100 loss:0.5212 acc:0.8366
INFO:__main__:
【Val】:  SENS: 0.7571  SPEC: 0.9018  PPV: 0.8633  NPV: 0.8192
INFO:__main__:验证的best_acc:0.8551
INFO:__main__:----------------------------------------------------------------------------------------------------
INFO:__main__:
【train】epoch:56/100 loss:0.1887 acc:0.9235
INFO:__main__:
【val】epoch:56/100 loss:0.4516 acc:0.8438
INFO:__main__:
【Val】:  SENS: 0.9148  SPEC: 0.7855  PPV: 0.7775  NPV: 0.9184
INFO:__main__:验证的best_acc:0.8551
INFO:__main__:----------------------------------------------------------------------------------------------------
INFO:__main__:
【train】epoch:57/100 loss:0.1871 acc:0.9256
INFO:__main__:
【val】epoch:57/100 loss:0.4285 acc:0.8594
INFO:__main__:
【Val】:  SENS: 0.8644  SPEC: 0.8553  PPV: 0.8303  NPV: 0.8850
INFO:__main__:验证的best_acc:0.8594
INFO:__main__:----------------------------------------------------------------------------------------------------
INFO:__main__:
【train】epoch:58/100 loss:0.1841 acc:0.9270
INFO:__main__:
【val】epoch:58/100 loss:0.5954 acc:0.8253
INFO:__main__:
【Val】:  SENS: 0.8896  SPEC: 0.7726  PPV: 0.7622  NPV: 0.8952
INFO:__main__:验证的best_acc:0.8594
INFO:__main__:----------------------------------------------------------------------------------------------------
INFO:__main__:
【train】epoch:59/100 loss:0.1884 acc:0.9239
INFO:__main__:
【val】epoch:59/100 loss:0.4733 acc:0.8295
INFO:__main__:
【Val】:  SENS: 0.8139  SPEC: 0.8424  PPV: 0.8088  NPV: 0.8468
INFO:__main__:验证的best_acc:0.8594
INFO:__main__:----------------------------------------------------------------------------------------------------
INFO:__main__:
【train】epoch:60/100 loss:0.1693 acc:0.9333
INFO:__main__:
【val】epoch:60/100 loss:0.4731 acc:0.8210
INFO:__main__:
【Val】:  SENS: 0.8013  SPEC: 0.8372  PPV: 0.8013  NPV: 0.8372
INFO:__main__:验证的best_acc:0.8594
INFO:__main__:----------------------------------------------------------------------------------------------------
INFO:__main__:
【train】epoch:61/100 loss:0.1675 acc:0.9328
INFO:__main__:
【val】epoch:61/100 loss:0.4337 acc:0.8551
INFO:__main__:
【Val】:  SENS: 0.8549  SPEC: 0.8553  PPV: 0.8287  NPV: 0.8780
INFO:__main__:验证的best_acc:0.8594
INFO:__main__:----------------------------------------------------------------------------------------------------
INFO:__main__:
【train】epoch:62/100 loss:0.1705 acc:0.9335
INFO:__main__:
【val】epoch:62/100 loss:0.4805 acc:0.8395
INFO:__main__:
【Val】:  SENS: 0.8297  SPEC: 0.8475  PPV: 0.8168  NPV: 0.8586
INFO:__main__:验证的best_acc:0.8594
INFO:__main__:----------------------------------------------------------------------------------------------------
INFO:__main__:
【train】epoch:63/100 loss:0.1716 acc:0.9344
INFO:__main__:
【val】epoch:63/100 loss:0.4114 acc:0.8509
INFO:__main__:
【Val】:  SENS: 0.8517  SPEC: 0.8501  PPV: 0.8232  NPV: 0.8750
INFO:__main__:验证的best_acc:0.8594
INFO:__main__:----------------------------------------------------------------------------------------------------
INFO:__main__:
【train】epoch:64/100 loss:0.1663 acc:0.9286
INFO:__main__:
【val】epoch:64/100 loss:0.4741 acc:0.8338
INFO:__main__:
【Val】:  SENS: 0.8959  SPEC: 0.7829  PPV: 0.7717  NPV: 0.9018
INFO:__main__:验证的best_acc:0.8594
INFO:__main__:----------------------------------------------------------------------------------------------------
INFO:__main__:
【train】epoch:65/100 loss:0.1650 acc:0.9305
INFO:__main__:
【val】epoch:65/100 loss:0.5037 acc:0.8366
INFO:__main__:
【Val】:  SENS: 0.7855  SPEC: 0.8786  PPV: 0.8412  NPV: 0.8333
INFO:__main__:验证的best_acc:0.8594
INFO:__main__:----------------------------------------------------------------------------------------------------
INFO:__main__:
【train】epoch:66/100 loss:0.1677 acc:0.9358
INFO:__main__:
【val】epoch:66/100 loss:0.4853 acc:0.8295
INFO:__main__:
【Val】:  SENS: 0.7918  SPEC: 0.8605  PPV: 0.8230  NPV: 0.8346
INFO:__main__:验证的best_acc:0.8594
INFO:__main__:----------------------------------------------------------------------------------------------------
INFO:__main__:
【train】epoch:67/100 loss:0.1753 acc:0.9321
INFO:__main__:
【val】epoch:67/100 loss:0.5660 acc:0.8253
INFO:__main__:
【Val】:  SENS: 0.9085  SPEC: 0.7571  PPV: 0.7539  NPV: 0.9099
INFO:__main__:验证的best_acc:0.8594
INFO:__main__:----------------------------------------------------------------------------------------------------
INFO:__main__:
【train】epoch:68/100 loss:0.1656 acc:0.9351
INFO:__main__:
【val】epoch:68/100 loss:0.5074 acc:0.8366
INFO:__main__:
【Val】:  SENS: 0.8738  SPEC: 0.8062  PPV: 0.7869  NPV: 0.8864
INFO:__main__:验证的best_acc:0.8594
INFO:__main__:----------------------------------------------------------------------------------------------------
INFO:__main__:
【train】epoch:69/100 loss:0.1545 acc:0.9384
INFO:__main__:
【val】epoch:69/100 loss:0.4581 acc:0.8537
INFO:__main__:
【Val】:  SENS: 0.8139  SPEC: 0.8863  PPV: 0.8543  NPV: 0.8532
INFO:__main__:验证的best_acc:0.8594
INFO:__main__:----------------------------------------------------------------------------------------------------
INFO:__main__:
【train】epoch:70/100 loss:0.1679 acc:0.9298
INFO:__main__:
【val】epoch:70/100 loss:0.5180 acc:0.8324
INFO:__main__:
【Val】:  SENS: 0.8612  SPEC: 0.8088  PPV: 0.7867  NPV: 0.8768
INFO:__main__:验证的best_acc:0.8594
INFO:__main__:----------------------------------------------------------------------------------------------------
INFO:__main__:
【train】epoch:71/100 loss:0.1501 acc:0.9413
INFO:__main__:
【val】epoch:71/100 loss:0.5498 acc:0.8366
INFO:__main__:
【Val】:  SENS: 0.8454  SPEC: 0.8295  PPV: 0.8024  NPV: 0.8676
INFO:__main__:验证的best_acc:0.8594
INFO:__main__:----------------------------------------------------------------------------------------------------
INFO:__main__:
【train】epoch:72/100 loss:0.1478 acc:0.9398
INFO:__main__:
【val】epoch:72/100 loss:0.5399 acc:0.8324
INFO:__main__:
【Val】:  SENS: 0.8738  SPEC: 0.7984  PPV: 0.7803  NPV: 0.8854
INFO:__main__:验证的best_acc:0.8594
INFO:__main__:----------------------------------------------------------------------------------------------------
INFO:__main__:
【train】epoch:73/100 loss:0.1453 acc:0.9417
INFO:__main__:
【val】epoch:73/100 loss:0.5915 acc:0.8210
INFO:__main__:
【Val】:  SENS: 0.8076  SPEC: 0.8320  PPV: 0.7975  NPV: 0.8407
INFO:__main__:验证的best_acc:0.8594
INFO:__main__:----------------------------------------------------------------------------------------------------
INFO:__main__:
【train】epoch:74/100 loss:0.1595 acc:0.9354
INFO:__main__:
【val】epoch:74/100 loss:0.5153 acc:0.8281
INFO:__main__:
【Val】:  SENS: 0.8423  SPEC: 0.8165  PPV: 0.7899  NPV: 0.8634
INFO:__main__:验证的best_acc:0.8594
INFO:__main__:----------------------------------------------------------------------------------------------------
INFO:__main__:
【train】epoch:75/100 loss:0.1432 acc:0.9426
INFO:__main__:
【val】epoch:75/100 loss:0.5712 acc:0.8409
INFO:__main__:
【Val】:  SENS: 0.8580  SPEC: 0.8269  PPV: 0.8024  NPV: 0.8767
INFO:__main__:验证的best_acc:0.8594
INFO:__main__:----------------------------------------------------------------------------------------------------
INFO:__main__:
【train】epoch:76/100 loss:0.1429 acc:0.9447
INFO:__main__:
【val】epoch:76/100 loss:0.5940 acc:0.8239
INFO:__main__:
【Val】:  SENS: 0.8549  SPEC: 0.7984  PPV: 0.7765  NPV: 0.8704
INFO:__main__:验证的best_acc:0.8594
INFO:__main__:----------------------------------------------------------------------------------------------------
INFO:__main__:
【train】epoch:77/100 loss:0.1479 acc:0.9450
INFO:__main__:
【val】epoch:77/100 loss:0.5271 acc:0.8395
INFO:__main__:
【Val】:  SENS: 0.8517  SPEC: 0.8295  PPV: 0.8036  NPV: 0.8723
INFO:__main__:验证的best_acc:0.8594
INFO:__main__:----------------------------------------------------------------------------------------------------
INFO:__main__:
【train】epoch:78/100 loss:0.1427 acc:0.9434
INFO:__main__:
【val】epoch:78/100 loss:0.5838 acc:0.8168
INFO:__main__:
【Val】:  SENS: 0.8580  SPEC: 0.7829  PPV: 0.7640  NPV: 0.8707
INFO:__main__:验证的best_acc:0.8594
INFO:__main__:----------------------------------------------------------------------------------------------------
INFO:__main__:
【train】epoch:79/100 loss:0.1389 acc:0.9417
INFO:__main__:
【val】epoch:79/100 loss:0.5545 acc:0.8352
INFO:__main__:
【Val】:  SENS: 0.8265  SPEC: 0.8424  PPV: 0.8111  NPV: 0.8556
INFO:__main__:验证的best_acc:0.8594
INFO:__main__:----------------------------------------------------------------------------------------------------
INFO:__main__:
【train】epoch:80/100 loss:0.1348 acc:0.9447
INFO:__main__:
【val】epoch:80/100 loss:0.5193 acc:0.8395
INFO:__main__:
【Val】:  SENS: 0.8833  SPEC: 0.8036  PPV: 0.7865  NPV: 0.8937
INFO:__main__:验证的best_acc:0.8594
INFO:__main__:----------------------------------------------------------------------------------------------------
INFO:__main__:
【train】epoch:81/100 loss:0.1334 acc:0.9481
INFO:__main__:
【val】epoch:81/100 loss:0.5895 acc:0.8267
INFO:__main__:
【Val】:  SENS: 0.8612  SPEC: 0.7984  PPV: 0.7778  NPV: 0.8754
INFO:__main__:验证的best_acc:0.8594
INFO:__main__:----------------------------------------------------------------------------------------------------
INFO:__main__:
【train】epoch:82/100 loss:0.1235 acc:0.9530
INFO:__main__:
【val】epoch:82/100 loss:0.5899 acc:0.8295
INFO:__main__:
【Val】:  SENS: 0.8833  SPEC: 0.7855  PPV: 0.7713  NPV: 0.8915
INFO:__main__:验证的best_acc:0.8594
INFO:__main__:----------------------------------------------------------------------------------------------------
INFO:__main__:
【train】epoch:83/100 loss:0.1359 acc:0.9473
INFO:__main__:
【val】epoch:83/100 loss:0.5948 acc:0.8324
INFO:__main__:
【Val】:  SENS: 0.8959  SPEC: 0.7804  PPV: 0.7696  NPV: 0.9015
INFO:__main__:验证的best_acc:0.8594
INFO:__main__:----------------------------------------------------------------------------------------------------
INFO:__main__:
【train】epoch:84/100 loss:0.1338 acc:0.9471
INFO:__main__:
【val】epoch:84/100 loss:0.5050 acc:0.8594
INFO:__main__:
【Val】:  SENS: 0.8549  SPEC: 0.8630  PPV: 0.8364  NPV: 0.8789
INFO:__main__:验证的best_acc:0.8594
INFO:__main__:----------------------------------------------------------------------------------------------------
INFO:__main__:
【train】epoch:85/100 loss:0.1365 acc:0.9455
INFO:__main__:
【val】epoch:85/100 loss:0.5739 acc:0.8366
INFO:__main__:
【Val】:  SENS: 0.8486  SPEC: 0.8269  PPV: 0.8006  NPV: 0.8696
INFO:__main__:验证的best_acc:0.8594
INFO:__main__:----------------------------------------------------------------------------------------------------
INFO:__main__:
【train】epoch:86/100 loss:0.1281 acc:0.9495
INFO:__main__:
【val】epoch:86/100 loss:0.5764 acc:0.8281
INFO:__main__:
【Val】:  SENS: 0.8202  SPEC: 0.8346  PPV: 0.8025  NPV: 0.8500
INFO:__main__:验证的best_acc:0.8594
INFO:__main__:----------------------------------------------------------------------------------------------------
INFO:__main__:
【train】epoch:87/100 loss:0.1315 acc:0.9462
INFO:__main__:
【val】epoch:87/100 loss:0.5693 acc:0.8253
INFO:__main__:
【Val】:  SENS: 0.8738  SPEC: 0.7855  PPV: 0.7694  NPV: 0.8837
INFO:__main__:验证的best_acc:0.8594
INFO:__main__:----------------------------------------------------------------------------------------------------
INFO:__main__:
【train】epoch:88/100 loss:0.1306 acc:0.9450
INFO:__main__:
【val】epoch:88/100 loss:0.5139 acc:0.8494
INFO:__main__:
【Val】:  SENS: 0.8549  SPEC: 0.8450  PPV: 0.8187  NPV: 0.8767
INFO:__main__:验证的best_acc:0.8594
INFO:__main__:----------------------------------------------------------------------------------------------------
INFO:__main__:
【train】epoch:89/100 loss:0.1308 acc:0.9502
INFO:__main__:
【val】epoch:89/100 loss:0.5273 acc:0.8494
INFO:__main__:
【Val】:  SENS: 0.8580  SPEC: 0.8424  PPV: 0.8168  NPV: 0.8787
INFO:__main__:验证的best_acc:0.8594
INFO:__main__:----------------------------------------------------------------------------------------------------
INFO:__main__:
【train】epoch:90/100 loss:0.1172 acc:0.9539
INFO:__main__:
【val】epoch:90/100 loss:0.5503 acc:0.8494
INFO:__main__:
【Val】:  SENS: 0.8927  SPEC: 0.8140  PPV: 0.7972  NPV: 0.9026
INFO:__main__:验证的best_acc:0.8594
INFO:__main__:----------------------------------------------------------------------------------------------------
INFO:__main__:
【train】epoch:91/100 loss:0.1178 acc:0.9529
INFO:__main__:
【val】epoch:91/100 loss:0.5303 acc:0.8423
INFO:__main__:
【Val】:  SENS: 0.8770  SPEC: 0.8140  PPV: 0.7943  NPV: 0.8898
INFO:__main__:验证的best_acc:0.8594
INFO:__main__:----------------------------------------------------------------------------------------------------
INFO:__main__:
【train】epoch:92/100 loss:0.1160 acc:0.9544
INFO:__main__:
【val】epoch:92/100 loss:0.5886 acc:0.8594
INFO:__main__:
【Val】:  SENS: 0.8707  SPEC: 0.8501  PPV: 0.8263  NPV: 0.8892
INFO:__main__:验证的best_acc:0.8594
INFO:__main__:----------------------------------------------------------------------------------------------------
INFO:__main__:
【train】epoch:93/100 loss:0.1156 acc:0.9532
INFO:__main__:
【val】epoch:93/100 loss:0.5125 acc:0.8438
INFO:__main__:
【Val】:  SENS: 0.8297  SPEC: 0.8553  PPV: 0.8245  NPV: 0.8597
INFO:__main__:验证的best_acc:0.8594
INFO:__main__:----------------------------------------------------------------------------------------------------
INFO:__main__:
【train】epoch:94/100 loss:0.1181 acc:0.9569
INFO:__main__:
【val】epoch:94/100 loss:0.5373 acc:0.8381
INFO:__main__:
【Val】:  SENS: 0.8486  SPEC: 0.8295  PPV: 0.8030  NPV: 0.8699
INFO:__main__:验证的best_acc:0.8594
INFO:__main__:----------------------------------------------------------------------------------------------------
INFO:__main__:
【train】epoch:95/100 loss:0.1112 acc:0.9548
INFO:__main__:
【val】epoch:95/100 loss:0.6036 acc:0.8466
INFO:__main__:
【Val】:  SENS: 0.8707  SPEC: 0.8269  PPV: 0.8047  NPV: 0.8864
INFO:__main__:验证的best_acc:0.8594
INFO:__main__:----------------------------------------------------------------------------------------------------
INFO:__main__:
【train】epoch:96/100 loss:0.1199 acc:0.9495
INFO:__main__:
【val】epoch:96/100 loss:0.6241 acc:0.8281
INFO:__main__:
【Val】:  SENS: 0.8454  SPEC: 0.8140  PPV: 0.7882  NPV: 0.8654
INFO:__main__:验证的best_acc:0.8594
INFO:__main__:----------------------------------------------------------------------------------------------------
INFO:__main__:
【train】epoch:97/100 loss:0.1170 acc:0.9544
INFO:__main__:
【val】epoch:97/100 loss:0.5227 acc:0.8636
INFO:__main__:
【Val】:  SENS: 0.8991  SPEC: 0.8346  PPV: 0.8166  NPV: 0.9099
INFO:__main__:验证的best_acc:0.8636
INFO:__main__:----------------------------------------------------------------------------------------------------
INFO:__main__:
【train】epoch:98/100 loss:0.1141 acc:0.9557
INFO:__main__:
【val】epoch:98/100 loss:0.5736 acc:0.8551
INFO:__main__:
【Val】:  SENS: 0.8580  SPEC: 0.8527  PPV: 0.8267  NPV: 0.8800
INFO:__main__:验证的best_acc:0.8636
INFO:__main__:----------------------------------------------------------------------------------------------------
INFO:__main__:
【train】epoch:99/100 loss:0.0993 acc:0.9611
INFO:__main__:
【val】epoch:99/100 loss:0.5530 acc:0.8608
INFO:__main__:
【Val】:  SENS: 0.8833  SPEC: 0.8424  PPV: 0.8211  NPV: 0.8981
INFO:__main__:验证的best_acc:0.8636
INFO:__main__:----------------------------------------------------------------------------------------------------
INFO:__main__:****************************************************************************************************
INFO:__main__:Val_LOSS:['0.6042', '0.6883', '0.5343', '0.4996', '0.4819', '0.4775', '0.6648', '0.5088', '0.4329', '0.4467', '0.4074', '0.4283', '0.4121', '0.3973', '0.3812', '0.3761', '0.3911', '0.4508', '0.3861', '0.3825', '0.3718', '0.3838', '0.3463', '0.3904', '0.3945', '0.4149', '0.3965', '0.3963', '0.3980', '0.3587', '0.4140', '0.3804', '0.4163', '0.3941', '0.3626', '0.4304', '0.3975', '0.4291', '0.4152', '0.4553', '0.4185', '0.4787', '0.3665', '0.4654', '0.3863', '0.4511', '0.4079', '0.4729', '0.4310', '0.4050', '0.3795', '0.4744', '0.4109', '0.4406', '0.4433', '0.5212', '0.4516', '0.4285', '0.5954', '0.4733', '0.4731', '0.4337', '0.4805', '0.4114', '0.4741', '0.5037', '0.4853', '0.5660', '0.5074', '0.4581', '0.5180', '0.5498', '0.5399', '0.5915', '0.5153', '0.5712', '0.5940', '0.5271', '0.5838', '0.5545', '0.5193', '0.5895', '0.5899', '0.5948', '0.5050', '0.5739', '0.5764', '0.5693', '0.5139', '0.5273', '0.5503', '0.5303', '0.5886', '0.5125', '0.5373', '0.6036', '0.6241', '0.5227', '0.5736', '0.5530']
INFO:__main__:Val_ACC:['0.6562', '0.6321', '0.7188', '0.7756', '0.7940', '0.7685', '0.7159', '0.7855', '0.8082', '0.8026', '0.8168', '0.8196', '0.8139', '0.8239', '0.8210', '0.8324', '0.8097', '0.8111', '0.8210', '0.8310', '0.8295', '0.8267', '0.8438', '0.8537', '0.8295', '0.8253', '0.8239', '0.8494', '0.8224', '0.8381', '0.8295', '0.8551', '0.8139', '0.8352', '0.8494', '0.8168', '0.8366', '0.8509', '0.8509', '0.8011', '0.8310', '0.8310', '0.8466', '0.8224', '0.8551', '0.8097', '0.8551', '0.8153', '0.8224', '0.8466', '0.8452', '0.8295', '0.8494', '0.8352', '0.8537', '0.8366', '0.8438', '0.8594', '0.8253', '0.8295', '0.8210', '0.8551', '0.8395', '0.8509', '0.8338', '0.8366', '0.8295', '0.8253', '0.8366', '0.8537', '0.8324', '0.8366', '0.8324', '0.8210', '0.8281', '0.8409', '0.8239', '0.8395', '0.8168', '0.8352', '0.8395', '0.8267', '0.8295', '0.8324', '0.8594', '0.8366', '0.8281', '0.8253', '0.8494', '0.8494', '0.8494', '0.8423', '0.8594', '0.8438', '0.8381', '0.8466', '0.8281', '0.8636', '0.8551', '0.8608']
INFO:__main__:****************************************************************************************************
INFO:__main__: epoch0 测试test_Loss: 0.5258  test_ACC: 0.8514  
INFO:__main__:SENS: 0.8852 SPEC: 0.8232 PPV: 0.8072 NPV: 0.8956
INFO:__main__:test_Best_acc:0.8514
