INFO:__main__:
【train】epoch:0/100 loss:0.6116 acc:0.6648
INFO:__main__:
【val】epoch:0/100 loss:0.6224 acc:0.6828
INFO:__main__:
【Val】:  SENS: 0.3760  SPEC: 0.8795  PPV: 0.6667  NPV: 0.6874
INFO:__main__:验证的best_acc:0.6828
INFO:__main__:----------------------------------------------------------------------------------------------------
INFO:__main__:
【train】epoch:1/100 loss:0.5464 acc:0.7220
INFO:__main__:
【val】epoch:1/100 loss:0.6600 acc:0.6625
INFO:__main__:
【Val】:  SENS: 0.1680  SPEC: 0.9795  PPV: 0.8400  NPV: 0.6475
INFO:__main__:验证的best_acc:0.6828
INFO:__main__:----------------------------------------------------------------------------------------------------
INFO:__main__:
【train】epoch:2/100 loss:0.5050 acc:0.7488
INFO:__main__:
【val】epoch:2/100 loss:0.8309 acc:0.6094
INFO:__main__:
【Val】:  SENS: 0.0000  SPEC: 1.0000  PPV: nan  NPV: 0.6094
INFO:__main__:验证的best_acc:0.6828
INFO:__main__:----------------------------------------------------------------------------------------------------
INFO:__main__:
【train】epoch:3/100 loss:0.4716 acc:0.7704
INFO:__main__:
【val】epoch:3/100 loss:0.4686 acc:0.7563
INFO:__main__:
【Val】:  SENS: 0.4760  SPEC: 0.9359  PPV: 0.8264  NPV: 0.7359
INFO:__main__:验证的best_acc:0.7563
INFO:__main__:----------------------------------------------------------------------------------------------------
INFO:__main__:
【train】epoch:4/100 loss:0.4331 acc:0.7931
INFO:__main__:
【val】epoch:4/100 loss:0.5855 acc:0.7047
INFO:__main__:
【Val】:  SENS: 0.8800  SPEC: 0.5923  PPV: 0.5805  NPV: 0.8851
INFO:__main__:验证的best_acc:0.7563
INFO:__main__:----------------------------------------------------------------------------------------------------
INFO:__main__:
【train】epoch:5/100 loss:0.4003 acc:0.8166
INFO:__main__:
【val】epoch:5/100 loss:0.4069 acc:0.8047
INFO:__main__:
【Val】:  SENS: 0.6240  SPEC: 0.9205  PPV: 0.8342  NPV: 0.7925
INFO:__main__:验证的best_acc:0.8047
INFO:__main__:----------------------------------------------------------------------------------------------------
INFO:__main__:
【train】epoch:6/100 loss:0.3831 acc:0.8251
INFO:__main__:
【val】epoch:6/100 loss:0.3688 acc:0.8406
INFO:__main__:
【Val】:  SENS: 0.7440  SPEC: 0.9026  PPV: 0.8304  NPV: 0.8462
INFO:__main__:验证的best_acc:0.8406
INFO:__main__:----------------------------------------------------------------------------------------------------
INFO:__main__:
【train】epoch:7/100 loss:0.3570 acc:0.8474
INFO:__main__:
【val】epoch:7/100 loss:0.3389 acc:0.8469
INFO:__main__:
【Val】:  SENS: 0.7200  SPEC: 0.9282  PPV: 0.8654  NPV: 0.8380
INFO:__main__:验证的best_acc:0.8469
INFO:__main__:----------------------------------------------------------------------------------------------------
INFO:__main__:
【train】epoch:8/100 loss:0.3428 acc:0.8482
INFO:__main__:
【val】epoch:8/100 loss:0.3297 acc:0.8438
INFO:__main__:
【Val】:  SENS: 0.6920  SPEC: 0.9410  PPV: 0.8827  NPV: 0.8266
INFO:__main__:验证的best_acc:0.8469
INFO:__main__:----------------------------------------------------------------------------------------------------
INFO:__main__:
【train】epoch:9/100 loss:0.3249 acc:0.8579
INFO:__main__:
【val】epoch:9/100 loss:0.4606 acc:0.7812
INFO:__main__:
【Val】:  SENS: 0.9560  SPEC: 0.6692  PPV: 0.6495  NPV: 0.9596
INFO:__main__:验证的best_acc:0.8469
INFO:__main__:----------------------------------------------------------------------------------------------------
INFO:__main__:
【train】epoch:10/100 loss:0.3092 acc:0.8707
INFO:__main__:
【val】epoch:10/100 loss:0.2808 acc:0.8781
INFO:__main__:
【Val】:  SENS: 0.8280  SPEC: 0.9103  PPV: 0.8554  NPV: 0.8920
INFO:__main__:验证的best_acc:0.8781
INFO:__main__:----------------------------------------------------------------------------------------------------
INFO:__main__:
【train】epoch:11/100 loss:0.3005 acc:0.8727
INFO:__main__:
【val】epoch:11/100 loss:0.6930 acc:0.7703
INFO:__main__:
【Val】:  SENS: 0.4480  SPEC: 0.9769  PPV: 0.9256  NPV: 0.7341
INFO:__main__:验证的best_acc:0.8781
INFO:__main__:----------------------------------------------------------------------------------------------------
INFO:__main__:
【train】epoch:12/100 loss:0.3047 acc:0.8707
INFO:__main__:
【val】epoch:12/100 loss:0.2788 acc:0.8875
INFO:__main__:
【Val】:  SENS: 0.8720  SPEC: 0.8974  PPV: 0.8450  NPV: 0.9162
INFO:__main__:验证的best_acc:0.8875
INFO:__main__:----------------------------------------------------------------------------------------------------
INFO:__main__:
【train】epoch:13/100 loss:0.2875 acc:0.8822
INFO:__main__:
【val】epoch:13/100 loss:0.3168 acc:0.8625
INFO:__main__:
【Val】:  SENS: 0.8560  SPEC: 0.8667  PPV: 0.8045  NPV: 0.9037
INFO:__main__:验证的best_acc:0.8875
INFO:__main__:----------------------------------------------------------------------------------------------------
INFO:__main__:
【train】epoch:14/100 loss:0.2858 acc:0.8824
INFO:__main__:
【val】epoch:14/100 loss:0.2776 acc:0.8813
INFO:__main__:
【Val】:  SENS: 0.8880  SPEC: 0.8769  PPV: 0.8222  NPV: 0.9243
INFO:__main__:验证的best_acc:0.8875
INFO:__main__:----------------------------------------------------------------------------------------------------
INFO:__main__:
【train】epoch:15/100 loss:0.2776 acc:0.8857
INFO:__main__:
【val】epoch:15/100 loss:0.3582 acc:0.8406
INFO:__main__:
【Val】:  SENS: 0.8680  SPEC: 0.8231  PPV: 0.7587  NPV: 0.9068
INFO:__main__:验证的best_acc:0.8875
INFO:__main__:----------------------------------------------------------------------------------------------------
INFO:__main__:
【train】epoch:16/100 loss:0.2757 acc:0.8861
INFO:__main__:
【val】epoch:16/100 loss:0.3132 acc:0.8594
INFO:__main__:
【Val】:  SENS: 0.7600  SPEC: 0.9231  PPV: 0.8636  NPV: 0.8571
INFO:__main__:验证的best_acc:0.8875
INFO:__main__:----------------------------------------------------------------------------------------------------
INFO:__main__:
【train】epoch:17/100 loss:0.2698 acc:0.8863
INFO:__main__:
【val】epoch:17/100 loss:0.4015 acc:0.8406
INFO:__main__:
【Val】:  SENS: 0.8400  SPEC: 0.8410  PPV: 0.7721  NPV: 0.8913
INFO:__main__:验证的best_acc:0.8875
INFO:__main__:----------------------------------------------------------------------------------------------------
INFO:__main__:
【train】epoch:18/100 loss:0.2682 acc:0.8863
INFO:__main__:
【val】epoch:18/100 loss:0.2852 acc:0.8844
INFO:__main__:
【Val】:  SENS: 0.9120  SPEC: 0.8667  PPV: 0.8143  NPV: 0.9389
INFO:__main__:验证的best_acc:0.8875
INFO:__main__:----------------------------------------------------------------------------------------------------
INFO:__main__:
【train】epoch:19/100 loss:0.2486 acc:0.8983
INFO:__main__:
【val】epoch:19/100 loss:0.2599 acc:0.8891
INFO:__main__:
【Val】:  SENS: 0.8720  SPEC: 0.9000  PPV: 0.8482  NPV: 0.9164
INFO:__main__:验证的best_acc:0.8891
INFO:__main__:----------------------------------------------------------------------------------------------------
INFO:__main__:
【train】epoch:20/100 loss:0.2533 acc:0.8940
INFO:__main__:
【val】epoch:20/100 loss:0.3211 acc:0.8547
INFO:__main__:
【Val】:  SENS: 0.9200  SPEC: 0.8128  PPV: 0.7591  NPV: 0.9407
INFO:__main__:验证的best_acc:0.8891
INFO:__main__:----------------------------------------------------------------------------------------------------
INFO:__main__:
【train】epoch:21/100 loss:0.2416 acc:0.8995
INFO:__main__:
【val】epoch:21/100 loss:0.3184 acc:0.8562
INFO:__main__:
【Val】:  SENS: 0.9280  SPEC: 0.8103  PPV: 0.7582  NPV: 0.9461
INFO:__main__:验证的best_acc:0.8891
INFO:__main__:----------------------------------------------------------------------------------------------------
INFO:__main__:
【train】epoch:22/100 loss:0.2358 acc:0.9061
INFO:__main__:
【val】epoch:22/100 loss:0.5792 acc:0.7703
INFO:__main__:
【Val】:  SENS: 0.9680  SPEC: 0.6436  PPV: 0.6352  NPV: 0.9691
INFO:__main__:验证的best_acc:0.8891
INFO:__main__:----------------------------------------------------------------------------------------------------
INFO:__main__:
【train】epoch:23/100 loss:0.2278 acc:0.9066
INFO:__main__:
【val】epoch:23/100 loss:0.3132 acc:0.8828
INFO:__main__:
【Val】:  SENS: 0.9240  SPEC: 0.8564  PPV: 0.8049  NPV: 0.9462
INFO:__main__:验证的best_acc:0.8891
INFO:__main__:----------------------------------------------------------------------------------------------------
INFO:__main__:
【train】epoch:24/100 loss:0.2332 acc:0.9026
INFO:__main__:
【val】epoch:24/100 loss:0.3022 acc:0.8687
INFO:__main__:
【Val】:  SENS: 0.8360  SPEC: 0.8897  PPV: 0.8294  NPV: 0.8943
INFO:__main__:验证的best_acc:0.8891
INFO:__main__:----------------------------------------------------------------------------------------------------
INFO:__main__:
【train】epoch:25/100 loss:0.2234 acc:0.9070
INFO:__main__:
【val】epoch:25/100 loss:0.3090 acc:0.8578
INFO:__main__:
【Val】:  SENS: 0.8960  SPEC: 0.8333  PPV: 0.7751  NPV: 0.9259
INFO:__main__:验证的best_acc:0.8891
INFO:__main__:----------------------------------------------------------------------------------------------------
INFO:__main__:
【train】epoch:26/100 loss:0.2236 acc:0.9039
INFO:__main__:
【val】epoch:26/100 loss:0.2807 acc:0.8906
INFO:__main__:
【Val】:  SENS: 0.8560  SPEC: 0.9128  PPV: 0.8629  NPV: 0.9082
INFO:__main__:验证的best_acc:0.8906
INFO:__main__:----------------------------------------------------------------------------------------------------
INFO:__main__:
【train】epoch:27/100 loss:0.2212 acc:0.9088
INFO:__main__:
【val】epoch:27/100 loss:0.4023 acc:0.8266
INFO:__main__:
【Val】:  SENS: 0.9400  SPEC: 0.7538  PPV: 0.7100  NPV: 0.9515
INFO:__main__:验证的best_acc:0.8906
INFO:__main__:----------------------------------------------------------------------------------------------------
INFO:__main__:
【train】epoch:28/100 loss:0.2181 acc:0.9070
INFO:__main__:
【val】epoch:28/100 loss:0.3467 acc:0.8609
INFO:__main__:
【Val】:  SENS: 0.9360  SPEC: 0.8128  PPV: 0.7622  NPV: 0.9520
INFO:__main__:验证的best_acc:0.8906
INFO:__main__:----------------------------------------------------------------------------------------------------
INFO:__main__:
【train】epoch:29/100 loss:0.2014 acc:0.9152
INFO:__main__:
【val】epoch:29/100 loss:0.4839 acc:0.8156
INFO:__main__:
【Val】:  SENS: 0.9480  SPEC: 0.7308  PPV: 0.6930  NPV: 0.9564
INFO:__main__:验证的best_acc:0.8906
INFO:__main__:----------------------------------------------------------------------------------------------------
INFO:__main__:
【train】epoch:30/100 loss:0.1992 acc:0.9189
INFO:__main__:
【val】epoch:30/100 loss:0.2639 acc:0.9031
INFO:__main__:
【Val】:  SENS: 0.8600  SPEC: 0.9308  PPV: 0.8884  NPV: 0.9121
INFO:__main__:验证的best_acc:0.9031
INFO:__main__:----------------------------------------------------------------------------------------------------
INFO:__main__:
【train】epoch:31/100 loss:0.1923 acc:0.9200
INFO:__main__:
【val】epoch:31/100 loss:0.3110 acc:0.8719
INFO:__main__:
【Val】:  SENS: 0.9320  SPEC: 0.8333  PPV: 0.7819  NPV: 0.9503
INFO:__main__:验证的best_acc:0.9031
INFO:__main__:----------------------------------------------------------------------------------------------------
INFO:__main__:
【train】epoch:32/100 loss:0.1923 acc:0.9208
INFO:__main__:
【val】epoch:32/100 loss:0.2753 acc:0.9078
INFO:__main__:
【Val】:  SENS: 0.8920  SPEC: 0.9179  PPV: 0.8745  NPV: 0.9299
INFO:__main__:验证的best_acc:0.9078
INFO:__main__:----------------------------------------------------------------------------------------------------
INFO:__main__:
【train】epoch:33/100 loss:0.1907 acc:0.9202
INFO:__main__:
【val】epoch:33/100 loss:0.3813 acc:0.8453
INFO:__main__:
【Val】:  SENS: 0.9280  SPEC: 0.7923  PPV: 0.7412  NPV: 0.9450
INFO:__main__:验证的best_acc:0.9078
INFO:__main__:----------------------------------------------------------------------------------------------------
INFO:__main__:
【train】epoch:34/100 loss:0.1785 acc:0.9295
INFO:__main__:
【val】epoch:34/100 loss:0.2914 acc:0.9000
INFO:__main__:
【Val】:  SENS: 0.8800  SPEC: 0.9128  PPV: 0.8661  NPV: 0.9223
INFO:__main__:验证的best_acc:0.9078
INFO:__main__:----------------------------------------------------------------------------------------------------
INFO:__main__:
【train】epoch:35/100 loss:0.1806 acc:0.9274
INFO:__main__:
【val】epoch:35/100 loss:0.2909 acc:0.9047
INFO:__main__:
【Val】:  SENS: 0.8840  SPEC: 0.9179  PPV: 0.8735  NPV: 0.9251
INFO:__main__:验证的best_acc:0.9078
INFO:__main__:----------------------------------------------------------------------------------------------------
INFO:__main__:
【train】epoch:36/100 loss:0.1820 acc:0.9245
INFO:__main__:
【val】epoch:36/100 loss:0.2820 acc:0.9156
INFO:__main__:
【Val】:  SENS: 0.9080  SPEC: 0.9205  PPV: 0.8798  NPV: 0.9398
INFO:__main__:验证的best_acc:0.9156
INFO:__main__:----------------------------------------------------------------------------------------------------
INFO:__main__:
【train】epoch:37/100 loss:0.1735 acc:0.9325
INFO:__main__:
【val】epoch:37/100 loss:0.2833 acc:0.9000
INFO:__main__:
【Val】:  SENS: 0.9080  SPEC: 0.8949  PPV: 0.8470  NPV: 0.9382
INFO:__main__:验证的best_acc:0.9156
INFO:__main__:----------------------------------------------------------------------------------------------------
INFO:__main__:
【train】epoch:38/100 loss:0.1691 acc:0.9344
INFO:__main__:
【val】epoch:38/100 loss:0.3278 acc:0.8687
INFO:__main__:
【Val】:  SENS: 0.9320  SPEC: 0.8282  PPV: 0.7767  NPV: 0.9500
INFO:__main__:验证的best_acc:0.9156
INFO:__main__:----------------------------------------------------------------------------------------------------
INFO:__main__:
【train】epoch:39/100 loss:0.1585 acc:0.9367
INFO:__main__:
【val】epoch:39/100 loss:0.3475 acc:0.8813
INFO:__main__:
【Val】:  SENS: 0.9200  SPEC: 0.8564  PPV: 0.8042  NPV: 0.9435
INFO:__main__:验证的best_acc:0.9156
INFO:__main__:----------------------------------------------------------------------------------------------------
INFO:__main__:
【train】epoch:40/100 loss:0.1470 acc:0.9437
INFO:__main__:
【val】epoch:40/100 loss:0.2684 acc:0.9172
INFO:__main__:
【Val】:  SENS: 0.8800  SPEC: 0.9410  PPV: 0.9053  NPV: 0.9244
INFO:__main__:验证的best_acc:0.9172
INFO:__main__:----------------------------------------------------------------------------------------------------
INFO:__main__:
【train】epoch:41/100 loss:0.1534 acc:0.9387
INFO:__main__:
【val】epoch:41/100 loss:0.3604 acc:0.8781
INFO:__main__:
【Val】:  SENS: 0.9560  SPEC: 0.8282  PPV: 0.7810  NPV: 0.9671
INFO:__main__:验证的best_acc:0.9172
INFO:__main__:----------------------------------------------------------------------------------------------------
INFO:__main__:
【train】epoch:42/100 loss:0.1327 acc:0.9449
INFO:__main__:
【val】epoch:42/100 loss:0.3312 acc:0.8797
INFO:__main__:
【Val】:  SENS: 0.9000  SPEC: 0.8667  PPV: 0.8123  NPV: 0.9311
INFO:__main__:验证的best_acc:0.9172
INFO:__main__:----------------------------------------------------------------------------------------------------
INFO:__main__:
【train】epoch:43/100 loss:0.1485 acc:0.9392
INFO:__main__:
【val】epoch:43/100 loss:0.2898 acc:0.9062
INFO:__main__:
【Val】:  SENS: 0.9200  SPEC: 0.8974  PPV: 0.8519  NPV: 0.9459
INFO:__main__:验证的best_acc:0.9172
INFO:__main__:----------------------------------------------------------------------------------------------------
INFO:__main__:
【train】epoch:44/100 loss:0.1340 acc:0.9476
INFO:__main__:
【val】epoch:44/100 loss:0.4924 acc:0.8453
INFO:__main__:
【Val】:  SENS: 0.8880  SPEC: 0.8179  PPV: 0.7577  NPV: 0.9193
INFO:__main__:验证的best_acc:0.9172
INFO:__main__:----------------------------------------------------------------------------------------------------
INFO:__main__:
【train】epoch:45/100 loss:0.1420 acc:0.9439
INFO:__main__:
【val】epoch:45/100 loss:0.2962 acc:0.9078
INFO:__main__:
【Val】:  SENS: 0.8960  SPEC: 0.9154  PPV: 0.8716  NPV: 0.9321
INFO:__main__:验证的best_acc:0.9172
INFO:__main__:----------------------------------------------------------------------------------------------------
INFO:__main__:
【train】epoch:46/100 loss:0.1380 acc:0.9441
INFO:__main__:
【val】epoch:46/100 loss:0.4759 acc:0.8641
INFO:__main__:
【Val】:  SENS: 0.7960  SPEC: 0.9077  PPV: 0.8468  NPV: 0.8741
INFO:__main__:验证的best_acc:0.9172
INFO:__main__:----------------------------------------------------------------------------------------------------
INFO:__main__:
【train】epoch:47/100 loss:0.1389 acc:0.9455
INFO:__main__:
【val】epoch:47/100 loss:0.4094 acc:0.8750
INFO:__main__:
【Val】:  SENS: 0.7920  SPEC: 0.9282  PPV: 0.8761  NPV: 0.8744
INFO:__main__:验证的best_acc:0.9172
INFO:__main__:----------------------------------------------------------------------------------------------------
INFO:__main__:
【train】epoch:48/100 loss:0.1394 acc:0.9425
INFO:__main__:
【val】epoch:48/100 loss:0.3156 acc:0.9000
INFO:__main__:
【Val】:  SENS: 0.9080  SPEC: 0.8949  PPV: 0.8470  NPV: 0.9382
INFO:__main__:验证的best_acc:0.9172
INFO:__main__:----------------------------------------------------------------------------------------------------
INFO:__main__:
【train】epoch:49/100 loss:0.1292 acc:0.9493
INFO:__main__:
【val】epoch:49/100 loss:0.2446 acc:0.9219
INFO:__main__:
【Val】:  SENS: 0.8920  SPEC: 0.9410  PPV: 0.9065  NPV: 0.9315
INFO:__main__:验证的best_acc:0.9219
INFO:__main__:----------------------------------------------------------------------------------------------------
INFO:__main__:
【train】epoch:50/100 loss:0.1043 acc:0.9556
INFO:__main__:
【val】epoch:50/100 loss:0.3837 acc:0.8844
INFO:__main__:
【Val】:  SENS: 0.9320  SPEC: 0.8538  PPV: 0.8034  NPV: 0.9514
INFO:__main__:验证的best_acc:0.9219
INFO:__main__:----------------------------------------------------------------------------------------------------
INFO:__main__:
【train】epoch:51/100 loss:0.1108 acc:0.9583
INFO:__main__:
【val】epoch:51/100 loss:0.3368 acc:0.8938
INFO:__main__:
【Val】:  SENS: 0.9320  SPEC: 0.8692  PPV: 0.8204  NPV: 0.9522
INFO:__main__:验证的best_acc:0.9219
INFO:__main__:----------------------------------------------------------------------------------------------------
INFO:__main__:
【train】epoch:52/100 loss:0.1076 acc:0.9587
INFO:__main__:
【val】epoch:52/100 loss:0.3263 acc:0.9078
INFO:__main__:
【Val】:  SENS: 0.8600  SPEC: 0.9385  PPV: 0.8996  NPV: 0.9127
INFO:__main__:验证的best_acc:0.9219
INFO:__main__:----------------------------------------------------------------------------------------------------
INFO:__main__:
【train】epoch:53/100 loss:0.1105 acc:0.9561
INFO:__main__:
【val】epoch:53/100 loss:0.3445 acc:0.9031
INFO:__main__:
【Val】:  SENS: 0.9040  SPEC: 0.9026  PPV: 0.8561  NPV: 0.9362
INFO:__main__:验证的best_acc:0.9219
INFO:__main__:----------------------------------------------------------------------------------------------------
INFO:__main__:
【train】epoch:54/100 loss:0.0996 acc:0.9627
INFO:__main__:
【val】epoch:54/100 loss:0.3226 acc:0.8938
INFO:__main__:
【Val】:  SENS: 0.9440  SPEC: 0.8615  PPV: 0.8138  NPV: 0.9600
INFO:__main__:验证的best_acc:0.9219
INFO:__main__:----------------------------------------------------------------------------------------------------
INFO:__main__:
【train】epoch:55/100 loss:0.0999 acc:0.9610
INFO:__main__:
【val】epoch:55/100 loss:0.3452 acc:0.8906
INFO:__main__:
【Val】:  SENS: 0.9280  SPEC: 0.8667  PPV: 0.8169  NPV: 0.9494
INFO:__main__:验证的best_acc:0.9219
INFO:__main__:----------------------------------------------------------------------------------------------------
INFO:__main__:
【train】epoch:56/100 loss:0.0998 acc:0.9618
INFO:__main__:
【val】epoch:56/100 loss:0.3570 acc:0.9000
INFO:__main__:
【Val】:  SENS: 0.9160  SPEC: 0.8897  PPV: 0.8419  NPV: 0.9429
INFO:__main__:验证的best_acc:0.9219
INFO:__main__:----------------------------------------------------------------------------------------------------
INFO:__main__:
【train】epoch:57/100 loss:0.0955 acc:0.9649
INFO:__main__:
【val】epoch:57/100 loss:0.3738 acc:0.9047
INFO:__main__:
【Val】:  SENS: 0.8680  SPEC: 0.9282  PPV: 0.8857  NPV: 0.9165
INFO:__main__:验证的best_acc:0.9219
INFO:__main__:----------------------------------------------------------------------------------------------------
INFO:__main__:
【train】epoch:58/100 loss:0.1014 acc:0.9618
INFO:__main__:
【val】epoch:58/100 loss:0.3150 acc:0.9047
INFO:__main__:
【Val】:  SENS: 0.9040  SPEC: 0.9051  PPV: 0.8593  NPV: 0.9363
INFO:__main__:验证的best_acc:0.9219
INFO:__main__:----------------------------------------------------------------------------------------------------
INFO:__main__:
【train】epoch:59/100 loss:0.0990 acc:0.9623
INFO:__main__:
【val】epoch:59/100 loss:0.3273 acc:0.9094
INFO:__main__:
【Val】:  SENS: 0.9080  SPEC: 0.9103  PPV: 0.8664  NPV: 0.9392
INFO:__main__:验证的best_acc:0.9219
INFO:__main__:----------------------------------------------------------------------------------------------------
INFO:__main__:
【train】epoch:60/100 loss:0.0808 acc:0.9707
INFO:__main__:
【val】epoch:60/100 loss:0.3487 acc:0.8984
INFO:__main__:
【Val】:  SENS: 0.8520  SPEC: 0.9282  PPV: 0.8838  NPV: 0.9073
INFO:__main__:验证的best_acc:0.9219
INFO:__main__:----------------------------------------------------------------------------------------------------
INFO:__main__:
【train】epoch:61/100 loss:0.0807 acc:0.9720
INFO:__main__:
【val】epoch:61/100 loss:0.3393 acc:0.9078
INFO:__main__:
【Val】:  SENS: 0.9320  SPEC: 0.8923  PPV: 0.8473  NPV: 0.9534
INFO:__main__:验证的best_acc:0.9219
INFO:__main__:----------------------------------------------------------------------------------------------------
INFO:__main__:
【train】epoch:62/100 loss:0.0833 acc:0.9693
INFO:__main__:
【val】epoch:62/100 loss:0.3164 acc:0.9141
INFO:__main__:
【Val】:  SENS: 0.8960  SPEC: 0.9256  PPV: 0.8854  NPV: 0.9328
INFO:__main__:验证的best_acc:0.9219
INFO:__main__:----------------------------------------------------------------------------------------------------
INFO:__main__:
【train】epoch:63/100 loss:0.0845 acc:0.9682
INFO:__main__:
【val】epoch:63/100 loss:0.3381 acc:0.9234
INFO:__main__:
【Val】:  SENS: 0.9000  SPEC: 0.9385  PPV: 0.9036  NPV: 0.9361
INFO:__main__:验证的best_acc:0.9234
INFO:__main__:----------------------------------------------------------------------------------------------------
INFO:__main__:
【train】epoch:64/100 loss:0.0805 acc:0.9691
INFO:__main__:
【val】epoch:64/100 loss:0.3068 acc:0.9156
INFO:__main__:
【Val】:  SENS: 0.9160  SPEC: 0.9154  PPV: 0.8740  NPV: 0.9444
INFO:__main__:验证的best_acc:0.9234
INFO:__main__:----------------------------------------------------------------------------------------------------
INFO:__main__:
【train】epoch:65/100 loss:0.0682 acc:0.9740
INFO:__main__:
【val】epoch:65/100 loss:0.3785 acc:0.9094
INFO:__main__:
【Val】:  SENS: 0.9160  SPEC: 0.9051  PPV: 0.8609  NPV: 0.9439
INFO:__main__:验证的best_acc:0.9234
INFO:__main__:----------------------------------------------------------------------------------------------------
INFO:__main__:
【train】epoch:66/100 loss:0.0777 acc:0.9715
INFO:__main__:
【val】epoch:66/100 loss:0.3953 acc:0.8875
INFO:__main__:
【Val】:  SENS: 0.9240  SPEC: 0.8641  PPV: 0.8134  NPV: 0.9466
INFO:__main__:验证的best_acc:0.9234
INFO:__main__:----------------------------------------------------------------------------------------------------
INFO:__main__:
【train】epoch:67/100 loss:0.0771 acc:0.9717
INFO:__main__:
【val】epoch:67/100 loss:0.3658 acc:0.9094
INFO:__main__:
【Val】:  SENS: 0.9040  SPEC: 0.9128  PPV: 0.8692  NPV: 0.9368
INFO:__main__:验证的best_acc:0.9234
INFO:__main__:----------------------------------------------------------------------------------------------------
INFO:__main__:
【train】epoch:68/100 loss:0.0769 acc:0.9703
INFO:__main__:
【val】epoch:68/100 loss:0.3313 acc:0.9141
INFO:__main__:
【Val】:  SENS: 0.8920  SPEC: 0.9282  PPV: 0.8884  NPV: 0.9306
INFO:__main__:验证的best_acc:0.9234
INFO:__main__:----------------------------------------------------------------------------------------------------
INFO:__main__:
【train】epoch:69/100 loss:0.0615 acc:0.9785
INFO:__main__:
【val】epoch:69/100 loss:0.3527 acc:0.9125
INFO:__main__:
【Val】:  SENS: 0.8800  SPEC: 0.9333  PPV: 0.8943  NPV: 0.9239
INFO:__main__:验证的best_acc:0.9234
INFO:__main__:----------------------------------------------------------------------------------------------------
INFO:__main__:
【train】epoch:70/100 loss:0.0581 acc:0.9786
INFO:__main__:
【val】epoch:70/100 loss:0.3499 acc:0.9094
INFO:__main__:
【Val】:  SENS: 0.8520  SPEC: 0.9462  PPV: 0.9103  NPV: 0.9089
INFO:__main__:验证的best_acc:0.9234
INFO:__main__:----------------------------------------------------------------------------------------------------
INFO:__main__:
【train】epoch:71/100 loss:0.0609 acc:0.9773
INFO:__main__:
【val】epoch:71/100 loss:0.3698 acc:0.9156
INFO:__main__:
【Val】:  SENS: 0.8720  SPEC: 0.9436  PPV: 0.9083  NPV: 0.9200
INFO:__main__:验证的best_acc:0.9234
INFO:__main__:----------------------------------------------------------------------------------------------------
INFO:__main__:
【train】epoch:72/100 loss:0.0555 acc:0.9796
INFO:__main__:
【val】epoch:72/100 loss:0.3299 acc:0.9094
INFO:__main__:
【Val】:  SENS: 0.8800  SPEC: 0.9282  PPV: 0.8871  NPV: 0.9235
INFO:__main__:验证的best_acc:0.9234
INFO:__main__:----------------------------------------------------------------------------------------------------
INFO:__main__:
【train】epoch:73/100 loss:0.0514 acc:0.9796
INFO:__main__:
【val】epoch:73/100 loss:0.4122 acc:0.9141
INFO:__main__:
【Val】:  SENS: 0.8880  SPEC: 0.9308  PPV: 0.8916  NPV: 0.9284
INFO:__main__:验证的best_acc:0.9234
INFO:__main__:----------------------------------------------------------------------------------------------------
INFO:__main__:
【train】epoch:74/100 loss:0.0535 acc:0.9806
INFO:__main__:
【val】epoch:74/100 loss:0.3601 acc:0.9125
INFO:__main__:
【Val】:  SENS: 0.9000  SPEC: 0.9205  PPV: 0.8789  NPV: 0.9349
INFO:__main__:验证的best_acc:0.9234
INFO:__main__:----------------------------------------------------------------------------------------------------
INFO:__main__:
【train】epoch:75/100 loss:0.0484 acc:0.9825
INFO:__main__:
【val】epoch:75/100 loss:0.3386 acc:0.9328
INFO:__main__:
【Val】:  SENS: 0.9360  SPEC: 0.9308  PPV: 0.8966  NPV: 0.9578
INFO:__main__:验证的best_acc:0.9328
INFO:__main__:----------------------------------------------------------------------------------------------------
INFO:__main__:
【train】epoch:76/100 loss:0.0581 acc:0.9788
INFO:__main__:
【val】epoch:76/100 loss:0.3885 acc:0.9250
INFO:__main__:
【Val】:  SENS: 0.9040  SPEC: 0.9385  PPV: 0.9040  NPV: 0.9385
INFO:__main__:验证的best_acc:0.9328
INFO:__main__:----------------------------------------------------------------------------------------------------
INFO:__main__:
【train】epoch:77/100 loss:0.0485 acc:0.9825
INFO:__main__:
【val】epoch:77/100 loss:0.3452 acc:0.9234
INFO:__main__:
【Val】:  SENS: 0.9200  SPEC: 0.9256  PPV: 0.8880  NPV: 0.9475
INFO:__main__:验证的best_acc:0.9328
INFO:__main__:----------------------------------------------------------------------------------------------------
INFO:__main__:
【train】epoch:78/100 loss:0.0465 acc:0.9858
INFO:__main__:
【val】epoch:78/100 loss:0.3743 acc:0.9156
INFO:__main__:
【Val】:  SENS: 0.9000  SPEC: 0.9256  PPV: 0.8858  NPV: 0.9352
INFO:__main__:验证的best_acc:0.9328
INFO:__main__:----------------------------------------------------------------------------------------------------
INFO:__main__:
【train】epoch:79/100 loss:0.0416 acc:0.9843
INFO:__main__:
【val】epoch:79/100 loss:0.4241 acc:0.9031
INFO:__main__:
【Val】:  SENS: 0.9000  SPEC: 0.9051  PPV: 0.8588  NPV: 0.9339
INFO:__main__:验证的best_acc:0.9328
INFO:__main__:----------------------------------------------------------------------------------------------------
INFO:__main__:
【train】epoch:80/100 loss:0.0372 acc:0.9868
INFO:__main__:
【val】epoch:80/100 loss:0.3595 acc:0.9062
INFO:__main__:
【Val】:  SENS: 0.9040  SPEC: 0.9077  PPV: 0.8626  NPV: 0.9365
INFO:__main__:验证的best_acc:0.9328
INFO:__main__:----------------------------------------------------------------------------------------------------
INFO:__main__:
【train】epoch:81/100 loss:0.0410 acc:0.9872
INFO:__main__:
【val】epoch:81/100 loss:0.3522 acc:0.9203
INFO:__main__:
【Val】:  SENS: 0.8760  SPEC: 0.9487  PPV: 0.9163  NPV: 0.9227
INFO:__main__:验证的best_acc:0.9328
INFO:__main__:----------------------------------------------------------------------------------------------------
INFO:__main__:
【train】epoch:82/100 loss:0.0400 acc:0.9849
INFO:__main__:
【val】epoch:82/100 loss:0.3827 acc:0.9047
INFO:__main__:
【Val】:  SENS: 0.8760  SPEC: 0.9231  PPV: 0.8795  NPV: 0.9207
INFO:__main__:验证的best_acc:0.9328
INFO:__main__:----------------------------------------------------------------------------------------------------
INFO:__main__:
【train】epoch:83/100 loss:0.0460 acc:0.9808
INFO:__main__:
【val】epoch:83/100 loss:0.3887 acc:0.9109
INFO:__main__:
【Val】:  SENS: 0.8640  SPEC: 0.9410  PPV: 0.9038  NPV: 0.9152
INFO:__main__:验证的best_acc:0.9328
INFO:__main__:----------------------------------------------------------------------------------------------------
INFO:__main__:
【train】epoch:84/100 loss:0.0454 acc:0.9851
INFO:__main__:
【val】epoch:84/100 loss:0.4191 acc:0.9047
INFO:__main__:
【Val】:  SENS: 0.8520  SPEC: 0.9385  PPV: 0.8987  NPV: 0.9082
INFO:__main__:验证的best_acc:0.9328
INFO:__main__:----------------------------------------------------------------------------------------------------
INFO:__main__:
【train】epoch:85/100 loss:0.0407 acc:0.9858
INFO:__main__:
【val】epoch:85/100 loss:0.3737 acc:0.9156
INFO:__main__:
【Val】:  SENS: 0.9040  SPEC: 0.9231  PPV: 0.8828  NPV: 0.9375
INFO:__main__:验证的best_acc:0.9328
INFO:__main__:----------------------------------------------------------------------------------------------------
INFO:__main__:
【train】epoch:86/100 loss:0.0342 acc:0.9874
INFO:__main__:
【val】epoch:86/100 loss:0.3989 acc:0.9125
INFO:__main__:
【Val】:  SENS: 0.8760  SPEC: 0.9359  PPV: 0.8975  NPV: 0.9217
INFO:__main__:验证的best_acc:0.9328
INFO:__main__:----------------------------------------------------------------------------------------------------
INFO:__main__:
【train】epoch:87/100 loss:0.0353 acc:0.9872
INFO:__main__:
【val】epoch:87/100 loss:0.3975 acc:0.9203
INFO:__main__:
【Val】:  SENS: 0.9200  SPEC: 0.9205  PPV: 0.8812  NPV: 0.9472
INFO:__main__:验证的best_acc:0.9328
INFO:__main__:----------------------------------------------------------------------------------------------------
INFO:__main__:
【train】epoch:88/100 loss:0.0361 acc:0.9872
INFO:__main__:
【val】epoch:88/100 loss:0.5320 acc:0.8813
INFO:__main__:
【Val】:  SENS: 0.9240  SPEC: 0.8538  PPV: 0.8021  NPV: 0.9460
INFO:__main__:验证的best_acc:0.9328
INFO:__main__:----------------------------------------------------------------------------------------------------
INFO:__main__:
【train】epoch:89/100 loss:0.0312 acc:0.9907
INFO:__main__:
【val】epoch:89/100 loss:0.3788 acc:0.9219
INFO:__main__:
【Val】:  SENS: 0.8960  SPEC: 0.9385  PPV: 0.9032  NPV: 0.9337
INFO:__main__:验证的best_acc:0.9328
INFO:__main__:----------------------------------------------------------------------------------------------------
INFO:__main__:
【train】epoch:90/100 loss:0.0318 acc:0.9889
INFO:__main__:
【val】epoch:90/100 loss:0.3998 acc:0.9187
INFO:__main__:
【Val】:  SENS: 0.9000  SPEC: 0.9308  PPV: 0.8929  NPV: 0.9356
INFO:__main__:验证的best_acc:0.9328
INFO:__main__:----------------------------------------------------------------------------------------------------
INFO:__main__:
【train】epoch:91/100 loss:0.0296 acc:0.9901
INFO:__main__:
【val】epoch:91/100 loss:0.5399 acc:0.8859
INFO:__main__:
【Val】:  SENS: 0.9400  SPEC: 0.8513  PPV: 0.8020  NPV: 0.9568
INFO:__main__:验证的best_acc:0.9328
INFO:__main__:----------------------------------------------------------------------------------------------------
INFO:__main__:
【train】epoch:92/100 loss:0.0272 acc:0.9889
INFO:__main__:
【val】epoch:92/100 loss:0.3652 acc:0.9219
INFO:__main__:
【Val】:  SENS: 0.8800  SPEC: 0.9487  PPV: 0.9167  NPV: 0.9250
INFO:__main__:验证的best_acc:0.9328
INFO:__main__:----------------------------------------------------------------------------------------------------
INFO:__main__:
【train】epoch:93/100 loss:0.0364 acc:0.9866
INFO:__main__:
【val】epoch:93/100 loss:0.3759 acc:0.9078
INFO:__main__:
【Val】:  SENS: 0.8960  SPEC: 0.9154  PPV: 0.8716  NPV: 0.9321
INFO:__main__:验证的best_acc:0.9328
INFO:__main__:----------------------------------------------------------------------------------------------------
INFO:__main__:
【train】epoch:94/100 loss:0.0233 acc:0.9922
INFO:__main__:
【val】epoch:94/100 loss:0.3992 acc:0.9109
INFO:__main__:
【Val】:  SENS: 0.9000  SPEC: 0.9179  PPV: 0.8755  NPV: 0.9347
INFO:__main__:验证的best_acc:0.9328
INFO:__main__:----------------------------------------------------------------------------------------------------
INFO:__main__:
【train】epoch:95/100 loss:0.0270 acc:0.9903
INFO:__main__:
【val】epoch:95/100 loss:0.4188 acc:0.9078
INFO:__main__:
【Val】:  SENS: 0.9000  SPEC: 0.9128  PPV: 0.8687  NPV: 0.9344
INFO:__main__:验证的best_acc:0.9328
INFO:__main__:----------------------------------------------------------------------------------------------------
INFO:__main__:
【train】epoch:96/100 loss:0.0287 acc:0.9893
INFO:__main__:
【val】epoch:96/100 loss:0.4478 acc:0.9078
INFO:__main__:
【Val】:  SENS: 0.8800  SPEC: 0.9256  PPV: 0.8835  NPV: 0.9233
INFO:__main__:验证的best_acc:0.9328
INFO:__main__:----------------------------------------------------------------------------------------------------
INFO:__main__:
【train】epoch:97/100 loss:0.0251 acc:0.9926
INFO:__main__:
【val】epoch:97/100 loss:0.4008 acc:0.9250
INFO:__main__:
【Val】:  SENS: 0.8920  SPEC: 0.9462  PPV: 0.9139  NPV: 0.9318
INFO:__main__:验证的best_acc:0.9328
INFO:__main__:----------------------------------------------------------------------------------------------------
INFO:__main__:
【train】epoch:98/100 loss:0.0216 acc:0.9911
INFO:__main__:
【val】epoch:98/100 loss:0.4542 acc:0.9125
INFO:__main__:
【Val】:  SENS: 0.8880  SPEC: 0.9282  PPV: 0.8880  NPV: 0.9282
INFO:__main__:验证的best_acc:0.9328
INFO:__main__:----------------------------------------------------------------------------------------------------
INFO:__main__:
【train】epoch:99/100 loss:0.0212 acc:0.9924
INFO:__main__:
【val】epoch:99/100 loss:0.4469 acc:0.9203
INFO:__main__:
【Val】:  SENS: 0.8600  SPEC: 0.9590  PPV: 0.9307  NPV: 0.9144
INFO:__main__:验证的best_acc:0.9328
INFO:__main__:----------------------------------------------------------------------------------------------------
INFO:__main__:****************************************************************************************************
INFO:__main__:Val_LOSS:['0.6224', '0.6600', '0.8309', '0.4686', '0.5855', '0.4069', '0.3688', '0.3389', '0.3297', '0.4606', '0.2808', '0.6930', '0.2788', '0.3168', '0.2776', '0.3582', '0.3132', '0.4015', '0.2852', '0.2599', '0.3211', '0.3184', '0.5792', '0.3132', '0.3022', '0.3090', '0.2807', '0.4023', '0.3467', '0.4839', '0.2639', '0.3110', '0.2753', '0.3813', '0.2914', '0.2909', '0.2820', '0.2833', '0.3278', '0.3475', '0.2684', '0.3604', '0.3312', '0.2898', '0.4924', '0.2962', '0.4759', '0.4094', '0.3156', '0.2446', '0.3837', '0.3368', '0.3263', '0.3445', '0.3226', '0.3452', '0.3570', '0.3738', '0.3150', '0.3273', '0.3487', '0.3393', '0.3164', '0.3381', '0.3068', '0.3785', '0.3953', '0.3658', '0.3313', '0.3527', '0.3499', '0.3698', '0.3299', '0.4122', '0.3601', '0.3386', '0.3885', '0.3452', '0.3743', '0.4241', '0.3595', '0.3522', '0.3827', '0.3887', '0.4191', '0.3737', '0.3989', '0.3975', '0.5320', '0.3788', '0.3998', '0.5399', '0.3652', '0.3759', '0.3992', '0.4188', '0.4478', '0.4008', '0.4542', '0.4469']
INFO:__main__:Val_ACC:['0.6828', '0.6625', '0.6094', '0.7563', '0.7047', '0.8047', '0.8406', '0.8469', '0.8438', '0.7812', '0.8781', '0.7703', '0.8875', '0.8625', '0.8813', '0.8406', '0.8594', '0.8406', '0.8844', '0.8891', '0.8547', '0.8562', '0.7703', '0.8828', '0.8687', '0.8578', '0.8906', '0.8266', '0.8609', '0.8156', '0.9031', '0.8719', '0.9078', '0.8453', '0.9000', '0.9047', '0.9156', '0.9000', '0.8687', '0.8813', '0.9172', '0.8781', '0.8797', '0.9062', '0.8453', '0.9078', '0.8641', '0.8750', '0.9000', '0.9219', '0.8844', '0.8938', '0.9078', '0.9031', '0.8938', '0.8906', '0.9000', '0.9047', '0.9047', '0.9094', '0.8984', '0.9078', '0.9141', '0.9234', '0.9156', '0.9094', '0.8875', '0.9094', '0.9141', '0.9125', '0.9094', '0.9156', '0.9094', '0.9141', '0.9125', '0.9328', '0.9250', '0.9234', '0.9156', '0.9031', '0.9062', '0.9203', '0.9047', '0.9109', '0.9047', '0.9156', '0.9125', '0.9203', '0.8813', '0.9219', '0.9187', '0.8859', '0.9219', '0.9078', '0.9109', '0.9078', '0.9078', '0.9250', '0.9125', '0.9203']
INFO:__main__:****************************************************************************************************
INFO:__main__: epoch0 测试test_Loss: 0.3489  test_ACC: 0.9131  
INFO:__main__:SENS: 0.9154 SPEC: 0.9116 PPV: 0.8718 NPV: 0.9426
INFO:__main__:test_Best_acc:0.9131


   