INFO:__main__:
【train】epoch:0/150 loss:1.4367 acc:0.6481
INFO:__main__:
【val】epoch:0/150 loss:26.1901 acc:0.7199
INFO:__main__:
【Val】:  SENS: 0.4154  SPEC: 0.8932  PPV: 0.6888  NPV: 0.7286 F1:0.5182
INFO:__main__:验证的best_acc:0.7199
INFO:__main__:----------------------------------------------------------------------------------------------------
INFO:__main__:
【train】epoch:1/150 loss:0.7673 acc:0.6999
INFO:__main__:
【val】epoch:1/150 loss:1.4777 acc:0.7243
INFO:__main__:
【Val】:  SENS: 0.4462  SPEC: 0.8827  PPV: 0.6840  NPV: 0.7368 F1:0.5400
INFO:__main__:验证的best_acc:0.7243
INFO:__main__:----------------------------------------------------------------------------------------------------
INFO:__main__:
【train】epoch:2/150 loss:0.7069 acc:0.7234
INFO:__main__:
【val】epoch:2/150 loss:0.6541 acc:0.7612
INFO:__main__:
【Val】:  SENS: 0.5938  SPEC: 0.8564  PPV: 0.7018  NPV: 0.7874 F1:0.6433
INFO:__main__:验证的best_acc:0.7612
INFO:__main__:----------------------------------------------------------------------------------------------------
INFO:__main__:
【train】epoch:3/150 loss:0.6745 acc:0.7326
INFO:__main__:
【val】epoch:3/150 loss:0.4913 acc:0.7556
INFO:__main__:
【Val】:  SENS: 0.5754  SPEC: 0.8581  PPV: 0.6978  NPV: 0.7803 F1:0.6307
INFO:__main__:验证的best_acc:0.7612
INFO:__main__:----------------------------------------------------------------------------------------------------
INFO:__main__:
【train】epoch:4/150 loss:0.6437 acc:0.7493
INFO:__main__:
【val】epoch:4/150 loss:24.7191 acc:0.7355
INFO:__main__:
【Val】:  SENS: 0.4646  SPEC: 0.8897  PPV: 0.7056  NPV: 0.7449 F1:0.5603
INFO:__main__:验证的best_acc:0.7612
INFO:__main__:----------------------------------------------------------------------------------------------------
INFO:__main__:
【train】epoch:5/150 loss:0.6266 acc:0.7569
INFO:__main__:
【val】epoch:5/150 loss:0.4347 acc:0.7757
INFO:__main__:
【Val】:  SENS: 0.6585  SPEC: 0.8424  PPV: 0.7039  NPV: 0.8125 F1:0.6804
INFO:__main__:验证的best_acc:0.7757
INFO:__main__:----------------------------------------------------------------------------------------------------
INFO:__main__:
【train】epoch:6/150 loss:0.6050 acc:0.7740
INFO:__main__:
【val】epoch:6/150 loss:0.4595 acc:0.7746
INFO:__main__:
【Val】:  SENS: 0.6400  SPEC: 0.8511  PPV: 0.7099  NPV: 0.8060 F1:0.6731
INFO:__main__:验证的best_acc:0.7757
INFO:__main__:----------------------------------------------------------------------------------------------------
INFO:__main__:
【train】epoch:7/150 loss:0.5885 acc:0.7787
INFO:__main__:
【val】epoch:7/150 loss:0.4233 acc:0.7812
INFO:__main__:
【Val】:  SENS: 0.6646  SPEC: 0.8476  PPV: 0.7129  NPV: 0.8162 F1:0.6879
INFO:__main__:验证的best_acc:0.7812
INFO:__main__:----------------------------------------------------------------------------------------------------
INFO:__main__:
【train】epoch:8/150 loss:0.5667 acc:0.7886
INFO:__main__:
【val】epoch:8/150 loss:0.4160 acc:0.8002
INFO:__main__:
【Val】:  SENS: 0.5969  SPEC: 0.9159  PPV: 0.8017  NPV: 0.7997 F1:0.6843
INFO:__main__:验证的best_acc:0.8002
INFO:__main__:----------------------------------------------------------------------------------------------------
INFO:__main__:
【train】epoch:9/150 loss:0.5269 acc:0.8091
INFO:__main__:
【val】epoch:9/150 loss:0.3833 acc:0.8158
INFO:__main__:
【Val】:  SENS: 0.7046  SPEC: 0.8792  PPV: 0.7685  NPV: 0.8395 F1:0.7352
INFO:__main__:验证的best_acc:0.8158
INFO:__main__:----------------------------------------------------------------------------------------------------
INFO:__main__:
【train】epoch:10/150 loss:0.5206 acc:0.8149
INFO:__main__:
【val】epoch:10/150 loss:0.3674 acc:0.8203
INFO:__main__:
【Val】:  SENS: 0.6862  SPEC: 0.8967  PPV: 0.7908  NPV: 0.8339 F1:0.7348
INFO:__main__:验证的best_acc:0.8203
INFO:__main__:----------------------------------------------------------------------------------------------------
INFO:__main__:
【train】epoch:11/150 loss:0.5011 acc:0.8185
INFO:__main__:
【val】epoch:11/150 loss:0.4295 acc:0.8103
INFO:__main__:
【Val】:  SENS: 0.8462  SPEC: 0.7898  PPV: 0.6962  NPV: 0.9002 F1:0.7639
INFO:__main__:验证的best_acc:0.8203
INFO:__main__:----------------------------------------------------------------------------------------------------
INFO:__main__:
【train】epoch:12/150 loss:0.4841 acc:0.8251
INFO:__main__:
【val】epoch:12/150 loss:0.3923 acc:0.8170
INFO:__main__:
【Val】:  SENS: 0.6338  SPEC: 0.9212  PPV: 0.8207  NPV: 0.8155 F1:0.7153
INFO:__main__:验证的best_acc:0.8203
INFO:__main__:----------------------------------------------------------------------------------------------------
INFO:__main__:
【train】epoch:13/150 loss:0.4742 acc:0.8291
INFO:__main__:
【val】epoch:13/150 loss:0.3658 acc:0.8270
INFO:__main__:
【Val】:  SENS: 0.6954  SPEC: 0.9019  PPV: 0.8014  NPV: 0.8388 F1:0.7446
INFO:__main__:验证的best_acc:0.8270
INFO:__main__:----------------------------------------------------------------------------------------------------
INFO:__main__:
【train】epoch:14/150 loss:0.4597 acc:0.8406
INFO:__main__:
【val】epoch:14/150 loss:0.3540 acc:0.8404
INFO:__main__:
【Val】:  SENS: 0.7138  SPEC: 0.9124  PPV: 0.8227  NPV: 0.8485 F1:0.7644
INFO:__main__:验证的best_acc:0.8404
INFO:__main__:----------------------------------------------------------------------------------------------------
INFO:__main__:
【train】epoch:15/150 loss:0.4530 acc:0.8465
INFO:__main__:
【val】epoch:15/150 loss:0.3522 acc:0.8415
INFO:__main__:
【Val】:  SENS: 0.6523  SPEC: 0.9492  PPV: 0.8797  NPV: 0.8275 F1:0.7491
INFO:__main__:验证的best_acc:0.8415
INFO:__main__:----------------------------------------------------------------------------------------------------
INFO:__main__:
【train】epoch:16/150 loss:0.4384 acc:0.8507
INFO:__main__:
【val】epoch:16/150 loss:0.3356 acc:0.8449
INFO:__main__:
【Val】:  SENS: 0.7938  SPEC: 0.8739  PPV: 0.7818  NPV: 0.8816 F1:0.7878
INFO:__main__:验证的best_acc:0.8449
INFO:__main__:----------------------------------------------------------------------------------------------------
INFO:__main__:
【train】epoch:17/150 loss:0.4319 acc:0.8530
INFO:__main__:
【val】epoch:17/150 loss:0.3499 acc:0.8382
INFO:__main__:
【Val】:  SENS: 0.6923  SPEC: 0.9212  PPV: 0.8333  NPV: 0.8403 F1:0.7563
INFO:__main__:验证的best_acc:0.8449
INFO:__main__:----------------------------------------------------------------------------------------------------
INFO:__main__:
【train】epoch:18/150 loss:0.4188 acc:0.8588
INFO:__main__:
【val】epoch:18/150 loss:0.3323 acc:0.8426
INFO:__main__:
【Val】:  SENS: 0.7815  SPEC: 0.8774  PPV: 0.7840  NPV: 0.8759 F1:0.7827
INFO:__main__:验证的best_acc:0.8449
INFO:__main__:----------------------------------------------------------------------------------------------------
INFO:__main__:
【train】epoch:19/150 loss:0.4027 acc:0.8654
INFO:__main__:
【val】epoch:19/150 loss:0.3184 acc:0.8605
INFO:__main__:
【Val】:  SENS: 0.7354  SPEC: 0.9317  PPV: 0.8597  NPV: 0.8608 F1:0.7927
INFO:__main__:验证的best_acc:0.8605
INFO:__main__:----------------------------------------------------------------------------------------------------
INFO:__main__:
【train】epoch:20/150 loss:0.3914 acc:0.8679
INFO:__main__:
【val】epoch:20/150 loss:0.2984 acc:0.8672
INFO:__main__:
【Val】:  SENS: 0.7908  SPEC: 0.9107  PPV: 0.8344  NPV: 0.8844 F1:0.8120
INFO:__main__:验证的best_acc:0.8672
INFO:__main__:----------------------------------------------------------------------------------------------------
INFO:__main__:
【train】epoch:21/150 loss:0.3834 acc:0.8702
INFO:__main__:
【val】epoch:21/150 loss:0.3246 acc:0.8560
INFO:__main__:
【Val】:  SENS: 0.7292  SPEC: 0.9282  PPV: 0.8525  NPV: 0.8576 F1:0.7861
INFO:__main__:验证的best_acc:0.8672
INFO:__main__:----------------------------------------------------------------------------------------------------
INFO:__main__:
【train】epoch:22/150 loss:0.3775 acc:0.8709
INFO:__main__:
【val】epoch:22/150 loss:0.3102 acc:0.8694
INFO:__main__:
【Val】:  SENS: 0.8031  SPEC: 0.9072  PPV: 0.8312  NPV: 0.8900 F1:0.8169
INFO:__main__:验证的best_acc:0.8694
INFO:__main__:----------------------------------------------------------------------------------------------------
INFO:__main__:
【train】epoch:23/150 loss:0.3791 acc:0.8723
INFO:__main__:
【val】epoch:23/150 loss:0.3037 acc:0.8638
INFO:__main__:
【Val】:  SENS: 0.7938  SPEC: 0.9037  PPV: 0.8243  NPV: 0.8851 F1:0.8088
INFO:__main__:验证的best_acc:0.8694
INFO:__main__:----------------------------------------------------------------------------------------------------
INFO:__main__:
【train】epoch:24/150 loss:0.3670 acc:0.8796
INFO:__main__:
【val】epoch:24/150 loss:0.3091 acc:0.8560
INFO:__main__:
【Val】:  SENS: 0.7108  SPEC: 0.9387  PPV: 0.8684  NPV: 0.8508 F1:0.7817
INFO:__main__:验证的best_acc:0.8694
INFO:__main__:----------------------------------------------------------------------------------------------------
INFO:__main__:
【train】epoch:25/150 loss:0.3611 acc:0.8818
INFO:__main__:
【val】epoch:25/150 loss:0.3106 acc:0.8761
INFO:__main__:
【Val】:  SENS: 0.7754  SPEC: 0.9335  PPV: 0.8690  NPV: 0.8795 F1:0.8195
INFO:__main__:验证的best_acc:0.8761
INFO:__main__:----------------------------------------------------------------------------------------------------
INFO:__main__:
【train】epoch:26/150 loss:0.3525 acc:0.8872
INFO:__main__:
【val】epoch:26/150 loss:0.2992 acc:0.8650
INFO:__main__:
【Val】:  SENS: 0.8185  SPEC: 0.8914  PPV: 0.8110  NPV: 0.8961 F1:0.8147
INFO:__main__:验证的best_acc:0.8761
INFO:__main__:----------------------------------------------------------------------------------------------------
INFO:__main__:
【train】epoch:27/150 loss:0.3576 acc:0.8822
INFO:__main__:
【val】epoch:27/150 loss:0.3029 acc:0.8817
INFO:__main__:
【Val】:  SENS: 0.8308  SPEC: 0.9107  PPV: 0.8411  NPV: 0.9043 F1:0.8359
INFO:__main__:验证的best_acc:0.8817
INFO:__main__:----------------------------------------------------------------------------------------------------
INFO:__main__:
【train】epoch:28/150 loss:0.3525 acc:0.8807
INFO:__main__:
【val】epoch:28/150 loss:0.2955 acc:0.8783
INFO:__main__:
【Val】:  SENS: 0.8092  SPEC: 0.9177  PPV: 0.8484  NPV: 0.8942 F1:0.8283
INFO:__main__:验证的best_acc:0.8817
INFO:__main__:----------------------------------------------------------------------------------------------------
INFO:__main__:
【train】epoch:29/150 loss:0.3318 acc:0.8938
INFO:__main__:
【val】epoch:29/150 loss:0.3522 acc:0.8571
INFO:__main__:
【Val】:  SENS: 0.7508  SPEC: 0.9177  PPV: 0.8385  NPV: 0.8661 F1:0.7922
INFO:__main__:验证的best_acc:0.8817
INFO:__main__:----------------------------------------------------------------------------------------------------
INFO:__main__:
【train】epoch:30/150 loss:0.3213 acc:0.8944
INFO:__main__:
【val】epoch:30/150 loss:0.3078 acc:0.8683
INFO:__main__:
【Val】:  SENS: 0.7815  SPEC: 0.9177  PPV: 0.8439  NPV: 0.8807 F1:0.8115
INFO:__main__:验证的best_acc:0.8817
INFO:__main__:----------------------------------------------------------------------------------------------------
INFO:__main__:
【train】epoch:31/150 loss:0.3204 acc:0.8978
INFO:__main__:
【val】epoch:31/150 loss:0.3176 acc:0.8783
INFO:__main__:
【Val】:  SENS: 0.8400  SPEC: 0.9002  PPV: 0.8273  NPV: 0.9081 F1:0.8336
INFO:__main__:验证的best_acc:0.8817
INFO:__main__:----------------------------------------------------------------------------------------------------
INFO:__main__:
【train】epoch:32/150 loss:0.3114 acc:0.8995
INFO:__main__:
【val】epoch:32/150 loss:0.3569 acc:0.8638
INFO:__main__:
【Val】:  SENS: 0.8031  SPEC: 0.8984  PPV: 0.8182  NPV: 0.8891 F1:0.8106
INFO:__main__:验证的best_acc:0.8817
INFO:__main__:----------------------------------------------------------------------------------------------------
INFO:__main__:
【train】epoch:33/150 loss:0.3025 acc:0.9091
INFO:__main__:
【val】epoch:33/150 loss:0.3403 acc:0.8761
INFO:__main__:
【Val】:  SENS: 0.7969  SPEC: 0.9212  PPV: 0.8520  NPV: 0.8885 F1:0.8235
INFO:__main__:验证的best_acc:0.8817
INFO:__main__:----------------------------------------------------------------------------------------------------
INFO:__main__:
【train】epoch:34/150 loss:0.3030 acc:0.9038
INFO:__main__:
【val】epoch:34/150 loss:0.3409 acc:0.8783
INFO:__main__:
【Val】:  SENS: 0.8308  SPEC: 0.9054  PPV: 0.8333  NPV: 0.9038 F1:0.8320
INFO:__main__:验证的best_acc:0.8817
INFO:__main__:----------------------------------------------------------------------------------------------------
INFO:__main__:
【train】epoch:35/150 loss:0.3019 acc:0.9050
INFO:__main__:
【val】epoch:35/150 loss:0.3553 acc:0.8705
INFO:__main__:
【Val】:  SENS: 0.7846  SPEC: 0.9194  PPV: 0.8472  NPV: 0.8824 F1:0.8147
INFO:__main__:验证的best_acc:0.8817
INFO:__main__:----------------------------------------------------------------------------------------------------
INFO:__main__:
【train】epoch:36/150 loss:0.2988 acc:0.9107
INFO:__main__:
【val】epoch:36/150 loss:0.3135 acc:0.8795
INFO:__main__:
【Val】:  SENS: 0.8492  SPEC: 0.8967  PPV: 0.8239  NPV: 0.9127 F1:0.8364
INFO:__main__:验证的best_acc:0.8817
INFO:__main__:----------------------------------------------------------------------------------------------------
INFO:__main__:
【train】epoch:37/150 loss:0.2852 acc:0.9103
INFO:__main__:
【val】epoch:37/150 loss:0.3468 acc:0.8795
INFO:__main__:
【Val】:  SENS: 0.8400  SPEC: 0.9019  PPV: 0.8298  NPV: 0.9083 F1:0.8349
INFO:__main__:验证的best_acc:0.8817
INFO:__main__:----------------------------------------------------------------------------------------------------
INFO:__main__:
【train】epoch:38/150 loss:0.2899 acc:0.9154
INFO:__main__:
【val】epoch:38/150 loss:0.3693 acc:0.8661
INFO:__main__:
【Val】:  SENS: 0.7446  SPEC: 0.9352  PPV: 0.8674  NPV: 0.8655 F1:0.8013
INFO:__main__:验证的best_acc:0.8817
INFO:__main__:----------------------------------------------------------------------------------------------------
INFO:__main__:
【train】epoch:39/150 loss:0.2621 acc:0.9230
INFO:__main__:
【val】epoch:39/150 loss:0.3459 acc:0.8694
INFO:__main__:
【Val】:  SENS: 0.8308  SPEC: 0.8914  PPV: 0.8133  NPV: 0.9025 F1:0.8219
INFO:__main__:验证的best_acc:0.8817
INFO:__main__:----------------------------------------------------------------------------------------------------
INFO:__main__:
【train】epoch:40/150 loss:0.2634 acc:0.9234
INFO:__main__:
【val】epoch:40/150 loss:0.3528 acc:0.8783
INFO:__main__:
【Val】:  SENS: 0.8277  SPEC: 0.9072  PPV: 0.8354  NPV: 0.9024 F1:0.8315
INFO:__main__:验证的best_acc:0.8817
INFO:__main__:----------------------------------------------------------------------------------------------------
INFO:__main__:
【train】epoch:41/150 loss:0.2646 acc:0.9231
INFO:__main__:
【val】epoch:41/150 loss:0.3801 acc:0.8772
INFO:__main__:
【Val】:  SENS: 0.8092  SPEC: 0.9159  PPV: 0.8457  NPV: 0.8940 F1:0.8270
INFO:__main__:验证的best_acc:0.8817
INFO:__main__:----------------------------------------------------------------------------------------------------
INFO:__main__:
【train】epoch:42/150 loss:0.2451 acc:0.9307
INFO:__main__:
【val】epoch:42/150 loss:0.4388 acc:0.8527
INFO:__main__:
【Val】:  SENS: 0.7969  SPEC: 0.8844  PPV: 0.7969  NPV: 0.8844 F1:0.7969
INFO:__main__:验证的best_acc:0.8817
INFO:__main__:----------------------------------------------------------------------------------------------------
INFO:__main__:
【train】epoch:43/150 loss:0.2482 acc:0.9285
INFO:__main__:
【val】epoch:43/150 loss:0.3781 acc:0.8750
INFO:__main__:
【Val】:  SENS: 0.8215  SPEC: 0.9054  PPV: 0.8318  NPV: 0.8991 F1:0.8266
INFO:__main__:验证的best_acc:0.8817
INFO:__main__:----------------------------------------------------------------------------------------------------
INFO:__main__:
【train】epoch:44/150 loss:0.2506 acc:0.9288
INFO:__main__:
【val】epoch:44/150 loss:10.3321 acc:0.8817
INFO:__main__:
【Val】:  SENS: 0.8492  SPEC: 0.9002  PPV: 0.8288  NPV: 0.9130 F1:0.8389
INFO:__main__:验证的best_acc:0.8817
INFO:__main__:----------------------------------------------------------------------------------------------------
INFO:__main__:
【train】epoch:45/150 loss:0.2509 acc:0.9307
INFO:__main__:
【val】epoch:45/150 loss:0.3873 acc:0.8783
INFO:__main__:
【Val】:  SENS: 0.8369  SPEC: 0.9019  PPV: 0.8293  NPV: 0.9067 F1:0.8331
INFO:__main__:验证的best_acc:0.8817
INFO:__main__:----------------------------------------------------------------------------------------------------
INFO:__main__:
【train】epoch:46/150 loss:0.2386 acc:0.9310
INFO:__main__:
【val】epoch:46/150 loss:0.4280 acc:0.8549
INFO:__main__:
【Val】:  SENS: 0.8615  SPEC: 0.8511  PPV: 0.7671  NPV: 0.9153 F1:0.8116
INFO:__main__:验证的best_acc:0.8817
INFO:__main__:----------------------------------------------------------------------------------------------------
INFO:__main__:
【train】epoch:47/150 loss:0.2524 acc:0.9292
INFO:__main__:
【val】epoch:47/150 loss:78.1760 acc:0.8906
INFO:__main__:
【Val】:  SENS: 0.8215  SPEC: 0.9299  PPV: 0.8697  NPV: 0.9015 F1:0.8449
INFO:__main__:验证的best_acc:0.8906
INFO:__main__:----------------------------------------------------------------------------------------------------
INFO:__main__:
【train】epoch:48/150 loss:0.2336 acc:0.9327
INFO:__main__:
【val】epoch:48/150 loss:0.4347 acc:0.8795
INFO:__main__:
【Val】:  SENS: 0.7600  SPEC: 0.9475  PPV: 0.8917  NPV: 0.8740 F1:0.8206
INFO:__main__:验证的best_acc:0.8906
INFO:__main__:----------------------------------------------------------------------------------------------------
INFO:__main__:
【train】epoch:49/150 loss:0.2218 acc:0.9390
INFO:__main__:
【val】epoch:49/150 loss:0.3610 acc:0.8705
INFO:__main__:
【Val】:  SENS: 0.8462  SPEC: 0.8844  PPV: 0.8065  NPV: 0.9099 F1:0.8258
INFO:__main__:验证的best_acc:0.8906
INFO:__main__:----------------------------------------------------------------------------------------------------
INFO:__main__:
【train】epoch:50/150 loss:0.2117 acc:0.9429
INFO:__main__:
【val】epoch:50/150 loss:107.6292 acc:0.8672
INFO:__main__:
【Val】:  SENS: 0.8154  SPEC: 0.8967  PPV: 0.8179  NPV: 0.8951 F1:0.8166
INFO:__main__:验证的best_acc:0.8906
INFO:__main__:----------------------------------------------------------------------------------------------------
INFO:__main__:
【train】epoch:51/150 loss:0.2167 acc:0.9423
INFO:__main__:
【val】epoch:51/150 loss:39.7432 acc:0.8761
INFO:__main__:
【Val】:  SENS: 0.8400  SPEC: 0.8967  PPV: 0.8223  NPV: 0.9078 F1:0.8311
INFO:__main__:验证的best_acc:0.8906
INFO:__main__:----------------------------------------------------------------------------------------------------
INFO:__main__:
【train】epoch:52/150 loss:0.2069 acc:0.9474
INFO:__main__:
【val】epoch:52/150 loss:0.4079 acc:0.8694
INFO:__main__:
【Val】:  SENS: 0.8431  SPEC: 0.8844  PPV: 0.8059  NPV: 0.9083 F1:0.8241
INFO:__main__:验证的best_acc:0.8906
INFO:__main__:----------------------------------------------------------------------------------------------------
INFO:__main__:
【train】epoch:53/150 loss:0.2019 acc:0.9451
INFO:__main__:
【val】epoch:53/150 loss:63.9542 acc:0.8605
INFO:__main__:
【Val】:  SENS: 0.8923  SPEC: 0.8424  PPV: 0.7632  NPV: 0.9322 F1:0.8227
INFO:__main__:验证的best_acc:0.8906
INFO:__main__:----------------------------------------------------------------------------------------------------
INFO:__main__:
【train】epoch:54/150 loss:0.2160 acc:0.9389
INFO:__main__:
【val】epoch:54/150 loss:0.4328 acc:0.8772
INFO:__main__:
【Val】:  SENS: 0.8154  SPEC: 0.9124  PPV: 0.8413  NPV: 0.8967 F1:0.8281
INFO:__main__:验证的best_acc:0.8906
INFO:__main__:----------------------------------------------------------------------------------------------------
INFO:__main__:
【train】epoch:55/150 loss:0.2051 acc:0.9444
INFO:__main__:
【val】epoch:55/150 loss:0.4537 acc:0.8605
INFO:__main__:
【Val】:  SENS: 0.8462  SPEC: 0.8687  PPV: 0.7857  NPV: 0.9084 F1:0.8148
INFO:__main__:验证的best_acc:0.8906
INFO:__main__:----------------------------------------------------------------------------------------------------
INFO:__main__:
【train】epoch:56/150 loss:0.1975 acc:0.9493
INFO:__main__:
【val】epoch:56/150 loss:5.4445 acc:0.8661
INFO:__main__:
【Val】:  SENS: 0.8769  SPEC: 0.8599  PPV: 0.7808  NPV: 0.9247 F1:0.8261
INFO:__main__:验证的best_acc:0.8906
INFO:__main__:----------------------------------------------------------------------------------------------------
INFO:__main__:
【train】epoch:57/150 loss:0.2001 acc:0.9488
INFO:__main__:
【val】epoch:57/150 loss:0.4202 acc:0.8739
INFO:__main__:
【Val】:  SENS: 0.8523  SPEC: 0.8862  PPV: 0.8099  NPV: 0.9134 F1:0.8306
INFO:__main__:验证的best_acc:0.8906
INFO:__main__:----------------------------------------------------------------------------------------------------
INFO:__main__:
【train】epoch:58/150 loss:0.1867 acc:0.9529
INFO:__main__:
【val】epoch:58/150 loss:82.6806 acc:0.8795
INFO:__main__:
【Val】:  SENS: 0.8215  SPEC: 0.9124  PPV: 0.8423  NPV: 0.8998 F1:0.8318
INFO:__main__:验证的best_acc:0.8906
INFO:__main__:----------------------------------------------------------------------------------------------------
INFO:__main__:
【train】epoch:59/150 loss:0.1653 acc:0.9594
INFO:__main__:
【val】epoch:59/150 loss:86.1536 acc:0.8627
INFO:__main__:
【Val】:  SENS: 0.8677  SPEC: 0.8599  PPV: 0.7790  NPV: 0.9195 F1:0.8210
INFO:__main__:验证的best_acc:0.8906
INFO:__main__:----------------------------------------------------------------------------------------------------
INFO:__main__:
【train】epoch:60/150 loss:0.1689 acc:0.9596
INFO:__main__:
【val】epoch:60/150 loss:0.8650 acc:0.8806
INFO:__main__:
【Val】:  SENS: 0.7969  SPEC: 0.9282  PPV: 0.8633  NPV: 0.8893 F1:0.8288
INFO:__main__:验证的best_acc:0.8906
INFO:__main__:----------------------------------------------------------------------------------------------------
INFO:__main__:
【train】epoch:61/150 loss:0.1777 acc:0.9557
INFO:__main__:
【val】epoch:61/150 loss:2.4451 acc:0.8839
INFO:__main__:
【Val】:  SENS: 0.8431  SPEC: 0.9072  PPV: 0.8379  NPV: 0.9104 F1:0.8405
INFO:__main__:验证的best_acc:0.8906
INFO:__main__:----------------------------------------------------------------------------------------------------
INFO:__main__:
【train】epoch:62/150 loss:0.1733 acc:0.9595
INFO:__main__:
【val】epoch:62/150 loss:662.6556 acc:0.8839
INFO:__main__:
【Val】:  SENS: 0.8585  SPEC: 0.8984  PPV: 0.8279  NPV: 0.9177 F1:0.8429
INFO:__main__:验证的best_acc:0.8906
INFO:__main__:----------------------------------------------------------------------------------------------------
INFO:__main__:
【train】epoch:63/150 loss:0.1635 acc:0.9579
INFO:__main__:
【val】epoch:63/150 loss:0.5163 acc:0.8694
INFO:__main__:
【Val】:  SENS: 0.8862  SPEC: 0.8599  PPV: 0.7826  NPV: 0.9299 F1:0.8312
INFO:__main__:验证的best_acc:0.8906
INFO:__main__:----------------------------------------------------------------------------------------------------
INFO:__main__:
【train】epoch:64/150 loss:0.1640 acc:0.9560
INFO:__main__:
【val】epoch:64/150 loss:142.9983 acc:0.8761
INFO:__main__:
【Val】:  SENS: 0.8769  SPEC: 0.8757  PPV: 0.8006  NPV: 0.9259 F1:0.8370
INFO:__main__:验证的best_acc:0.8906
INFO:__main__:----------------------------------------------------------------------------------------------------
INFO:__main__:
【train】epoch:65/150 loss:0.1514 acc:0.9643
INFO:__main__:
【val】epoch:65/150 loss:491.4855 acc:0.8717
INFO:__main__:
【Val】:  SENS: 0.8338  SPEC: 0.8932  PPV: 0.8163  NPV: 0.9043 F1:0.8250
INFO:__main__:验证的best_acc:0.8906
INFO:__main__:----------------------------------------------------------------------------------------------------
INFO:__main__:
【train】epoch:66/150 loss:0.1723 acc:0.9573
INFO:__main__:
【val】epoch:66/150 loss:751.0647 acc:0.8694
INFO:__main__:
【Val】:  SENS: 0.8400  SPEC: 0.8862  PPV: 0.8077  NPV: 0.9068 F1:0.8235
INFO:__main__:验证的best_acc:0.8906
INFO:__main__:----------------------------------------------------------------------------------------------------
INFO:__main__:
【train】epoch:67/150 loss:0.1647 acc:0.9611
INFO:__main__:
【val】epoch:67/150 loss:217.3694 acc:0.8694
INFO:__main__:
【Val】:  SENS: 0.8431  SPEC: 0.8844  PPV: 0.8059  NPV: 0.9083 F1:0.8241
INFO:__main__:验证的best_acc:0.8906
INFO:__main__:----------------------------------------------------------------------------------------------------
INFO:__main__:
【train】epoch:68/150 loss:0.1537 acc:0.9621
INFO:__main__:
【val】epoch:68/150 loss:191.3701 acc:0.8929
INFO:__main__:
【Val】:  SENS: 0.8400  SPEC: 0.9229  PPV: 0.8612  NPV: 0.9102 F1:0.8505
INFO:__main__:验证的best_acc:0.8929
INFO:__main__:----------------------------------------------------------------------------------------------------
INFO:__main__:
【train】epoch:69/150 loss:0.1495 acc:0.9636
INFO:__main__:
【val】epoch:69/150 loss:241.7246 acc:0.8783
INFO:__main__:
【Val】:  SENS: 0.8492  SPEC: 0.8949  PPV: 0.8214  NPV: 0.9125 F1:0.8351
INFO:__main__:验证的best_acc:0.8929
INFO:__main__:----------------------------------------------------------------------------------------------------
INFO:__main__:
【train】epoch:70/150 loss:0.1364 acc:0.9682
INFO:__main__:
【val】epoch:70/150 loss:8.7831 acc:0.8806
INFO:__main__:
【Val】:  SENS: 0.8646  SPEC: 0.8897  PPV: 0.8169  NPV: 0.9203 F1:0.8401
INFO:__main__:验证的best_acc:0.8929
INFO:__main__:----------------------------------------------------------------------------------------------------
INFO:__main__:
【train】epoch:71/150 loss:0.1411 acc:0.9688
INFO:__main__:
【val】epoch:71/150 loss:230.7621 acc:0.8884
INFO:__main__:
【Val】:  SENS: 0.8492  SPEC: 0.9107  PPV: 0.8440  NPV: 0.9139 F1:0.8466
INFO:__main__:验证的best_acc:0.8929
INFO:__main__:----------------------------------------------------------------------------------------------------
INFO:__main__:
【train】epoch:72/150 loss:0.1465 acc:0.9643
INFO:__main__:
【val】epoch:72/150 loss:745.6732 acc:0.8761
INFO:__main__:
【Val】:  SENS: 0.8615  SPEC: 0.8844  PPV: 0.8092  NPV: 0.9182 F1:0.8346
INFO:__main__:验证的best_acc:0.8929
INFO:__main__:----------------------------------------------------------------------------------------------------
INFO:__main__:
【train】epoch:73/150 loss:0.1369 acc:0.9694
INFO:__main__:
【val】epoch:73/150 loss:268.2060 acc:0.8739
INFO:__main__:
【Val】:  SENS: 0.8246  SPEC: 0.9019  PPV: 0.8272  NPV: 0.9003 F1:0.8259
INFO:__main__:验证的best_acc:0.8929
INFO:__main__:----------------------------------------------------------------------------------------------------
INFO:__main__:
【train】epoch:74/150 loss:0.1375 acc:0.9670
INFO:__main__:
【val】epoch:74/150 loss:646.7056 acc:0.8862
INFO:__main__:
【Val】:  SENS: 0.8800  SPEC: 0.8897  PPV: 0.8195  NPV: 0.9287 F1:0.8487
INFO:__main__:验证的best_acc:0.8929
INFO:__main__:----------------------------------------------------------------------------------------------------
INFO:__main__:
【train】epoch:75/150 loss:0.1336 acc:0.9698
INFO:__main__:
【val】epoch:75/150 loss:1301.8230 acc:0.8761
INFO:__main__:
【Val】:  SENS: 0.8185  SPEC: 0.9089  PPV: 0.8365  NPV: 0.8979 F1:0.8274
INFO:__main__:验证的best_acc:0.8929
INFO:__main__:----------------------------------------------------------------------------------------------------
INFO:__main__:
【train】epoch:76/150 loss:0.1267 acc:0.9731
INFO:__main__:
【val】epoch:76/150 loss:95.7553 acc:0.8638
INFO:__main__:
【Val】:  SENS: 0.8800  SPEC: 0.8546  PPV: 0.7751  NPV: 0.9260 F1:0.8242
INFO:__main__:验证的best_acc:0.8929
INFO:__main__:----------------------------------------------------------------------------------------------------
INFO:__main__:
【train】epoch:77/150 loss:0.1275 acc:0.9716
INFO:__main__:
【val】epoch:77/150 loss:196.3513 acc:0.8817
INFO:__main__:
【Val】:  SENS: 0.8646  SPEC: 0.8914  PPV: 0.8192  NPV: 0.9204 F1:0.8413
INFO:__main__:验证的best_acc:0.8929
INFO:__main__:----------------------------------------------------------------------------------------------------
INFO:__main__:
【train】epoch:78/150 loss:0.1294 acc:0.9745
INFO:__main__:
【val】epoch:78/150 loss:730.1258 acc:0.8906
INFO:__main__:
【Val】:  SENS: 0.8585  SPEC: 0.9089  PPV: 0.8429  NPV: 0.9186 F1:0.8506
INFO:__main__:验证的best_acc:0.8929
INFO:__main__:----------------------------------------------------------------------------------------------------
INFO:__main__:
【train】epoch:79/150 loss:0.1161 acc:0.9740
INFO:__main__:
【val】epoch:79/150 loss:410.1642 acc:0.8783
INFO:__main__:
【Val】:  SENS: 0.8585  SPEC: 0.8897  PPV: 0.8158  NPV: 0.9170 F1:0.8366
INFO:__main__:验证的best_acc:0.8929
INFO:__main__:----------------------------------------------------------------------------------------------------
INFO:__main__:
【train】epoch:80/150 loss:0.1148 acc:0.9760
INFO:__main__:
【val】epoch:80/150 loss:402.5955 acc:0.8828
INFO:__main__:
【Val】:  SENS: 0.8154  SPEC: 0.9212  PPV: 0.8548  NPV: 0.8976 F1:0.8346
INFO:__main__:验证的best_acc:0.8929
INFO:__main__:----------------------------------------------------------------------------------------------------
INFO:__main__:
【train】epoch:81/150 loss:0.1220 acc:0.9734
INFO:__main__:
【val】epoch:81/150 loss:1356.8158 acc:0.8783
INFO:__main__:
【Val】:  SENS: 0.8431  SPEC: 0.8984  PPV: 0.8253  NPV: 0.9096 F1:0.8341
INFO:__main__:验证的best_acc:0.8929
INFO:__main__:----------------------------------------------------------------------------------------------------
INFO:__main__:
【train】epoch:82/150 loss:0.1105 acc:0.9785
INFO:__main__:
【val】epoch:82/150 loss:584.1664 acc:0.8683
INFO:__main__:
【Val】:  SENS: 0.8369  SPEC: 0.8862  PPV: 0.8071  NPV: 0.9052 F1:0.8218
INFO:__main__:验证的best_acc:0.8929
INFO:__main__:----------------------------------------------------------------------------------------------------
INFO:__main__:
【train】epoch:83/150 loss:0.1135 acc:0.9757
INFO:__main__:
【val】epoch:83/150 loss:1745.3580 acc:0.8761
INFO:__main__:
【Val】:  SENS: 0.8585  SPEC: 0.8862  PPV: 0.8110  NPV: 0.9167 F1:0.8341
INFO:__main__:验证的best_acc:0.8929
INFO:__main__:----------------------------------------------------------------------------------------------------
INFO:__main__:
【train】epoch:84/150 loss:0.1116 acc:0.9769
INFO:__main__:
【val】epoch:84/150 loss:1472.9745 acc:0.8638
INFO:__main__:
【Val】:  SENS: 0.8431  SPEC: 0.8757  PPV: 0.7942  NPV: 0.9074 F1:0.8179
INFO:__main__:验证的best_acc:0.8929
INFO:__main__:----------------------------------------------------------------------------------------------------
INFO:__main__:
【train】epoch:85/150 loss:0.1128 acc:0.9776
INFO:__main__:
【val】epoch:85/150 loss:678.8357 acc:0.8873
INFO:__main__:
【Val】:  SENS: 0.8554  SPEC: 0.9054  PPV: 0.8373  NPV: 0.9167 F1:0.8463
INFO:__main__:验证的best_acc:0.8929
INFO:__main__:----------------------------------------------------------------------------------------------------
INFO:__main__:
【train】epoch:86/150 loss:0.1100 acc:0.9776
INFO:__main__:
【val】epoch:86/150 loss:2196.1678 acc:0.8850
INFO:__main__:
【Val】:  SENS: 0.8277  SPEC: 0.9177  PPV: 0.8513  NPV: 0.9034 F1:0.8393
INFO:__main__:验证的best_acc:0.8929
INFO:__main__:----------------------------------------------------------------------------------------------------
INFO:__main__:
【train】epoch:87/150 loss:0.1109 acc:0.9774
INFO:__main__:
【val】epoch:87/150 loss:884.1517 acc:0.8750
INFO:__main__:
【Val】:  SENS: 0.8492  SPEC: 0.8897  PPV: 0.8142  NPV: 0.9120 F1:0.8313
INFO:__main__:验证的best_acc:0.8929
INFO:__main__:----------------------------------------------------------------------------------------------------
INFO:__main__:
【train】epoch:88/150 loss:0.1079 acc:0.9796
INFO:__main__:
【val】epoch:88/150 loss:1080.1376 acc:0.8850
INFO:__main__:
【Val】:  SENS: 0.8585  SPEC: 0.9002  PPV: 0.8304  NPV: 0.9179 F1:0.8442
INFO:__main__:验证的best_acc:0.8929
INFO:__main__:----------------------------------------------------------------------------------------------------
INFO:__main__:
【train】epoch:89/150 loss:0.0960 acc:0.9829
INFO:__main__:
【val】epoch:89/150 loss:2457.1889 acc:0.8839
INFO:__main__:
【Val】:  SENS: 0.8338  SPEC: 0.9124  PPV: 0.8442  NPV: 0.9061 F1:0.8390
INFO:__main__:验证的best_acc:0.8929
INFO:__main__:----------------------------------------------------------------------------------------------------
INFO:__main__:
【train】epoch:90/150 loss:0.0974 acc:0.9818
INFO:__main__:
【val】epoch:90/150 loss:7197.3174 acc:0.8806
INFO:__main__:
【Val】:  SENS: 0.8492  SPEC: 0.8984  PPV: 0.8263  NPV: 0.9128 F1:0.8376
INFO:__main__:验证的best_acc:0.8929
INFO:__main__:----------------------------------------------------------------------------------------------------
INFO:__main__:
【train】epoch:91/150 loss:0.0907 acc:0.9848
INFO:__main__:
【val】epoch:91/150 loss:4250.0373 acc:0.8728
INFO:__main__:
【Val】:  SENS: 0.8554  SPEC: 0.8827  PPV: 0.8058  NPV: 0.9147 F1:0.8299
INFO:__main__:验证的best_acc:0.8929
INFO:__main__:----------------------------------------------------------------------------------------------------
INFO:__main__:
【train】epoch:92/150 loss:0.0941 acc:0.9845
INFO:__main__:
【val】epoch:92/150 loss:980.2102 acc:0.8839
INFO:__main__:
【Val】:  SENS: 0.8338  SPEC: 0.9124  PPV: 0.8442  NPV: 0.9061 F1:0.8390
INFO:__main__:验证的best_acc:0.8929
INFO:__main__:----------------------------------------------------------------------------------------------------
INFO:__main__:
【train】epoch:93/150 loss:0.0912 acc:0.9845
INFO:__main__:
【val】epoch:93/150 loss:1528.3441 acc:0.8884
INFO:__main__:
【Val】:  SENS: 0.8308  SPEC: 0.9212  PPV: 0.8571  NPV: 0.9053 F1:0.8438
INFO:__main__:验证的best_acc:0.8929
INFO:__main__:----------------------------------------------------------------------------------------------------
INFO:__main__:
【train】epoch:94/150 loss:0.0943 acc:0.9811
INFO:__main__:
【val】epoch:94/150 loss:4132.5548 acc:0.8862
INFO:__main__:
【Val】:  SENS: 0.8462  SPEC: 0.9089  PPV: 0.8410  NPV: 0.9121 F1:0.8436
INFO:__main__:验证的best_acc:0.8929
INFO:__main__:----------------------------------------------------------------------------------------------------
INFO:__main__:
【train】epoch:95/150 loss:0.0894 acc:0.9844
INFO:__main__:
【val】epoch:95/150 loss:2186.0713 acc:0.8739
INFO:__main__:
【Val】:  SENS: 0.8246  SPEC: 0.9019  PPV: 0.8272  NPV: 0.9003 F1:0.8259
INFO:__main__:验证的best_acc:0.8929
INFO:__main__:----------------------------------------------------------------------------------------------------
INFO:__main__:
【train】epoch:96/150 loss:0.0935 acc:0.9832
INFO:__main__:
【val】epoch:96/150 loss:4523.5005 acc:0.8783
INFO:__main__:
【Val】:  SENS: 0.8338  SPEC: 0.9037  PPV: 0.8313  NPV: 0.9053 F1:0.8326
INFO:__main__:验证的best_acc:0.8929
INFO:__main__:----------------------------------------------------------------------------------------------------
INFO:__main__:
【train】epoch:97/150 loss:0.0912 acc:0.9838
INFO:__main__:
【val】epoch:97/150 loss:3554.1821 acc:0.8917
INFO:__main__:
【Val】:  SENS: 0.8277  SPEC: 0.9282  PPV: 0.8677  NPV: 0.9044 F1:0.8472
INFO:__main__:验证的best_acc:0.8929
INFO:__main__:----------------------------------------------------------------------------------------------------
INFO:__main__:
【train】epoch:98/150 loss:0.0922 acc:0.9827
INFO:__main__:
【val】epoch:98/150 loss:3366.2193 acc:0.8783
INFO:__main__:
【Val】:  SENS: 0.8154  SPEC: 0.9142  PPV: 0.8439  NPV: 0.8969 F1:0.8294
INFO:__main__:验证的best_acc:0.8929
INFO:__main__:----------------------------------------------------------------------------------------------------
INFO:__main__:
【train】epoch:99/150 loss:0.0933 acc:0.9834
INFO:__main__:
【val】epoch:99/150 loss:6065.3066 acc:0.8839
INFO:__main__:
【Val】:  SENS: 0.8308  SPEC: 0.9142  PPV: 0.8464  NPV: 0.9047 F1:0.8385
INFO:__main__:验证的best_acc:0.8929
INFO:__main__:----------------------------------------------------------------------------------------------------
INFO:__main__:
【train】epoch:100/150 loss:0.0852 acc:0.9871
INFO:__main__:
【val】epoch:100/150 loss:3649.4507 acc:0.8850
INFO:__main__:
【Val】:  SENS: 0.8308  SPEC: 0.9159  PPV: 0.8491  NPV: 0.9048 F1:0.8398
INFO:__main__:验证的best_acc:0.8929
INFO:__main__:----------------------------------------------------------------------------------------------------
INFO:__main__:
【train】epoch:101/150 loss:0.0821 acc:0.9863
INFO:__main__:
【val】epoch:101/150 loss:4387.1497 acc:0.8862
INFO:__main__:
【Val】:  SENS: 0.8492  SPEC: 0.9072  PPV: 0.8389  NPV: 0.9136 F1:0.8440
INFO:__main__:验证的best_acc:0.8929
INFO:__main__:----------------------------------------------------------------------------------------------------
INFO:__main__:
【train】epoch:102/150 loss:0.0867 acc:0.9853
INFO:__main__:
【val】epoch:102/150 loss:4259.9942 acc:0.8850
INFO:__main__:
【Val】:  SENS: 0.8523  SPEC: 0.9037  PPV: 0.8343  NPV: 0.9149 F1:0.8432
INFO:__main__:验证的best_acc:0.8929
INFO:__main__:----------------------------------------------------------------------------------------------------
INFO:__main__:
【train】epoch:103/150 loss:0.0786 acc:0.9874
INFO:__main__:
【val】epoch:103/150 loss:20895.0778 acc:0.8806
INFO:__main__:
【Val】:  SENS: 0.8431  SPEC: 0.9019  PPV: 0.8303  NPV: 0.9099 F1:0.8366
INFO:__main__:验证的best_acc:0.8929
INFO:__main__:----------------------------------------------------------------------------------------------------
INFO:__main__:
【train】epoch:104/150 loss:0.0772 acc:0.9875
INFO:__main__:
【val】epoch:104/150 loss:14863.7444 acc:0.8895
INFO:__main__:
【Val】:  SENS: 0.8338  SPEC: 0.9212  PPV: 0.8576  NPV: 0.9069 F1:0.8456
INFO:__main__:验证的best_acc:0.8929
INFO:__main__:----------------------------------------------------------------------------------------------------
INFO:__main__:
【train】epoch:105/150 loss:0.0800 acc:0.9871
INFO:__main__:
【val】epoch:105/150 loss:19686.3314 acc:0.8761
INFO:__main__:
【Val】:  SENS: 0.8277  SPEC: 0.9037  PPV: 0.8302  NPV: 0.9021 F1:0.8290
INFO:__main__:验证的best_acc:0.8929
INFO:__main__:----------------------------------------------------------------------------------------------------
INFO:__main__:
【train】epoch:106/150 loss:0.0806 acc:0.9868
INFO:__main__:
【val】epoch:106/150 loss:17797.8044 acc:0.8772
INFO:__main__:
【Val】:  SENS: 0.8462  SPEC: 0.8949  PPV: 0.8209  NPV: 0.9109 F1:0.8333
INFO:__main__:验证的best_acc:0.8929
INFO:__main__:----------------------------------------------------------------------------------------------------
INFO:__main__:
【train】epoch:107/150 loss:0.0753 acc:0.9886
INFO:__main__:
【val】epoch:107/150 loss:12208.2400 acc:0.8806
INFO:__main__:
【Val】:  SENS: 0.8492  SPEC: 0.8984  PPV: 0.8263  NPV: 0.9128 F1:0.8376
INFO:__main__:验证的best_acc:0.8929
INFO:__main__:----------------------------------------------------------------------------------------------------
INFO:__main__:
【train】epoch:108/150 loss:0.0713 acc:0.9893
INFO:__main__:
【val】epoch:108/150 loss:4461.5543 acc:0.8850
INFO:__main__:
【Val】:  SENS: 0.8185  SPEC: 0.9229  PPV: 0.8581  NPV: 0.8993 F1:0.8378
INFO:__main__:验证的best_acc:0.8929
INFO:__main__:----------------------------------------------------------------------------------------------------
INFO:__main__:
【train】epoch:109/150 loss:0.0774 acc:0.9878
INFO:__main__:
【val】epoch:109/150 loss:5451.4859 acc:0.8917
INFO:__main__:
【Val】:  SENS: 0.8154  SPEC: 0.9352  PPV: 0.8775  NPV: 0.8990 F1:0.8453
INFO:__main__:验证的best_acc:0.8929
INFO:__main__:----------------------------------------------------------------------------------------------------
INFO:__main__:
【train】epoch:110/150 loss:0.0707 acc:0.9897
INFO:__main__:
【val】epoch:110/150 loss:12829.2057 acc:0.8884
INFO:__main__:
【Val】:  SENS: 0.8185  SPEC: 0.9282  PPV: 0.8664  NPV: 0.8998 F1:0.8418
INFO:__main__:验证的best_acc:0.8929
INFO:__main__:----------------------------------------------------------------------------------------------------
INFO:__main__:
【train】epoch:111/150 loss:0.0719 acc:0.9905
INFO:__main__:
【val】epoch:111/150 loss:28744.1458 acc:0.8873
INFO:__main__:
【Val】:  SENS: 0.8585  SPEC: 0.9037  PPV: 0.8353  NPV: 0.9181 F1:0.8467
INFO:__main__:验证的best_acc:0.8929
INFO:__main__:----------------------------------------------------------------------------------------------------
INFO:__main__:
【train】epoch:112/150 loss:0.0649 acc:0.9909
INFO:__main__:
【val】epoch:112/150 loss:4927.1423 acc:0.8895
INFO:__main__:
【Val】:  SENS: 0.8523  SPEC: 0.9107  PPV: 0.8445  NPV: 0.9155 F1:0.8484
INFO:__main__:验证的best_acc:0.8929
INFO:__main__:----------------------------------------------------------------------------------------------------
INFO:__main__:
【train】epoch:113/150 loss:0.0637 acc:0.9928
INFO:__main__:
【val】epoch:113/150 loss:9175.7333 acc:0.8873
INFO:__main__:
【Val】:  SENS: 0.8615  SPEC: 0.9019  PPV: 0.8333  NPV: 0.9196 F1:0.8472
INFO:__main__:验证的best_acc:0.8929
INFO:__main__:----------------------------------------------------------------------------------------------------
INFO:__main__:
【train】epoch:114/150 loss:0.0669 acc:0.9905
INFO:__main__:
【val】epoch:114/150 loss:11928.8152 acc:0.8873
INFO:__main__:
【Val】:  SENS: 0.8369  SPEC: 0.9159  PPV: 0.8500  NPV: 0.9080 F1:0.8434
INFO:__main__:验证的best_acc:0.8929
INFO:__main__:----------------------------------------------------------------------------------------------------
INFO:__main__:
【train】epoch:115/150 loss:0.0686 acc:0.9910
INFO:__main__:
【val】epoch:115/150 loss:4079.5094 acc:0.8806
INFO:__main__:
【Val】:  SENS: 0.8462  SPEC: 0.9002  PPV: 0.8283  NPV: 0.9113 F1:0.8371
INFO:__main__:验证的best_acc:0.8929
INFO:__main__:----------------------------------------------------------------------------------------------------
INFO:__main__:
【train】epoch:116/150 loss:0.0630 acc:0.9925
INFO:__main__:
【val】epoch:116/150 loss:14319.2702 acc:0.8906
INFO:__main__:
【Val】:  SENS: 0.8431  SPEC: 0.9177  PPV: 0.8536  NPV: 0.9113 F1:0.8483
INFO:__main__:验证的best_acc:0.8929
INFO:__main__:----------------------------------------------------------------------------------------------------
INFO:__main__:
【train】epoch:117/150 loss:0.0670 acc:0.9904
INFO:__main__:
【val】epoch:117/150 loss:2553.8134 acc:0.8806
INFO:__main__:
【Val】:  SENS: 0.8646  SPEC: 0.8897  PPV: 0.8169  NPV: 0.9203 F1:0.8401
INFO:__main__:验证的best_acc:0.8929
INFO:__main__:----------------------------------------------------------------------------------------------------
INFO:__main__:
【train】epoch:118/150 loss:0.0642 acc:0.9923
INFO:__main__:
【val】epoch:118/150 loss:8735.7320 acc:0.8817
INFO:__main__:
【Val】:  SENS: 0.8338  SPEC: 0.9089  PPV: 0.8390  NPV: 0.9058 F1:0.8364
INFO:__main__:验证的best_acc:0.8929
INFO:__main__:----------------------------------------------------------------------------------------------------
INFO:__main__:
【train】epoch:119/150 loss:0.0611 acc:0.9939
INFO:__main__:
【val】epoch:119/150 loss:8291.4458 acc:0.8906
INFO:__main__:
【Val】:  SENS: 0.8308  SPEC: 0.9247  PPV: 0.8626  NPV: 0.9057 F1:0.8464
INFO:__main__:验证的best_acc:0.8929
INFO:__main__:----------------------------------------------------------------------------------------------------
INFO:__main__:
【train】epoch:120/150 loss:0.0598 acc:0.9935
INFO:__main__:
【val】epoch:120/150 loss:12487.0921 acc:0.8951
INFO:__main__:
【Val】:  SENS: 0.8431  SPEC: 0.9247  PPV: 0.8644  NPV: 0.9119 F1:0.8536
INFO:__main__:验证的best_acc:0.8951
INFO:__main__:----------------------------------------------------------------------------------------------------
INFO:__main__:
【train】epoch:121/150 loss:0.0599 acc:0.9932
INFO:__main__:
【val】epoch:121/150 loss:5419.7680 acc:0.8929
INFO:__main__:
【Val】:  SENS: 0.8462  SPEC: 0.9194  PPV: 0.8567  NPV: 0.9130 F1:0.8514
INFO:__main__:验证的best_acc:0.8951
INFO:__main__:----------------------------------------------------------------------------------------------------
INFO:__main__:
【train】epoch:122/150 loss:0.0595 acc:0.9935
INFO:__main__:
【val】epoch:122/150 loss:24946.3670 acc:0.8906
INFO:__main__:
【Val】:  SENS: 0.8400  SPEC: 0.9194  PPV: 0.8558  NPV: 0.9099 F1:0.8478
INFO:__main__:验证的best_acc:0.8951
INFO:__main__:----------------------------------------------------------------------------------------------------
INFO:__main__:
【train】epoch:123/150 loss:0.0579 acc:0.9935
INFO:__main__:
【val】epoch:123/150 loss:12378.3464 acc:0.8962
INFO:__main__:
【Val】:  SENS: 0.8431  SPEC: 0.9264  PPV: 0.8671  NPV: 0.9121 F1:0.8549
INFO:__main__:验证的best_acc:0.8962
INFO:__main__:----------------------------------------------------------------------------------------------------
INFO:__main__:
【train】epoch:124/150 loss:0.0598 acc:0.9927
INFO:__main__:
【val】epoch:124/150 loss:12936.2583 acc:0.8940
INFO:__main__:
【Val】:  SENS: 0.8523  SPEC: 0.9177  PPV: 0.8549  NPV: 0.9161 F1:0.8536
INFO:__main__:验证的best_acc:0.8962
INFO:__main__:----------------------------------------------------------------------------------------------------
INFO:__main__:
【train】epoch:125/150 loss:0.0536 acc:0.9955
INFO:__main__:
【val】epoch:125/150 loss:11902.9140 acc:0.8895
INFO:__main__:
【Val】:  SENS: 0.8277  SPEC: 0.9247  PPV: 0.8622  NPV: 0.9041 F1:0.8446
INFO:__main__:验证的best_acc:0.8962
INFO:__main__:----------------------------------------------------------------------------------------------------
INFO:__main__:
【train】epoch:126/150 loss:0.0540 acc:0.9955
INFO:__main__:
【val】epoch:126/150 loss:11304.1796 acc:0.8862
INFO:__main__:
【Val】:  SENS: 0.8308  SPEC: 0.9177  PPV: 0.8517  NPV: 0.9050 F1:0.8411
INFO:__main__:验证的best_acc:0.8962
INFO:__main__:----------------------------------------------------------------------------------------------------
INFO:__main__:
【train】epoch:127/150 loss:0.0588 acc:0.9942
INFO:__main__:
【val】epoch:127/150 loss:12340.3969 acc:0.8929
INFO:__main__:
【Val】:  SENS: 0.8308  SPEC: 0.9282  PPV: 0.8682  NPV: 0.9060 F1:0.8491
INFO:__main__:验证的best_acc:0.8962
INFO:__main__:----------------------------------------------------------------------------------------------------
INFO:__main__:
【train】epoch:128/150 loss:0.0558 acc:0.9942
INFO:__main__:
【val】epoch:128/150 loss:7570.6842 acc:0.8962
INFO:__main__:
【Val】:  SENS: 0.8369  SPEC: 0.9299  PPV: 0.8718  NPV: 0.9092 F1:0.8540
INFO:__main__:验证的best_acc:0.8962
INFO:__main__:----------------------------------------------------------------------------------------------------
INFO:__main__:
【train】epoch:129/150 loss:0.0563 acc:0.9937
INFO:__main__:
【val】epoch:129/150 loss:9397.1961 acc:0.8906
INFO:__main__:
【Val】:  SENS: 0.8585  SPEC: 0.9089  PPV: 0.8429  NPV: 0.9186 F1:0.8506
INFO:__main__:验证的best_acc:0.8962
INFO:__main__:----------------------------------------------------------------------------------------------------
INFO:__main__:
【train】epoch:130/150 loss:0.0606 acc:0.9933
INFO:__main__:
【val】epoch:130/150 loss:7218.4159 acc:0.8884
INFO:__main__:
【Val】:  SENS: 0.8462  SPEC: 0.9124  PPV: 0.8462  NPV: 0.9124 F1:0.8462
INFO:__main__:验证的best_acc:0.8962
INFO:__main__:----------------------------------------------------------------------------------------------------
INFO:__main__:
【train】epoch:131/150 loss:0.0555 acc:0.9942
INFO:__main__:
【val】epoch:131/150 loss:9363.8860 acc:0.8806
INFO:__main__:
【Val】:  SENS: 0.8554  SPEC: 0.8949  PPV: 0.8225  NPV: 0.9158 F1:0.8386
INFO:__main__:验证的best_acc:0.8962
INFO:__main__:----------------------------------------------------------------------------------------------------
INFO:__main__:
【train】epoch:132/150 loss:0.0571 acc:0.9952
INFO:__main__:
【val】epoch:132/150 loss:20374.4427 acc:0.8839
INFO:__main__:
【Val】:  SENS: 0.8308  SPEC: 0.9142  PPV: 0.8464  NPV: 0.9047 F1:0.8385
INFO:__main__:验证的best_acc:0.8962
INFO:__main__:----------------------------------------------------------------------------------------------------
INFO:__main__:
【train】epoch:133/150 loss:0.0520 acc:0.9955
INFO:__main__:
【val】epoch:133/150 loss:9788.7120 acc:0.8940
INFO:__main__:
【Val】:  SENS: 0.8585  SPEC: 0.9142  PPV: 0.8506  NPV: 0.9190 F1:0.8545
INFO:__main__:验证的best_acc:0.8962
INFO:__main__:----------------------------------------------------------------------------------------------------
INFO:__main__:
【train】epoch:134/150 loss:0.0570 acc:0.9937
INFO:__main__:
【val】epoch:134/150 loss:13444.7530 acc:0.8929
INFO:__main__:
【Val】:  SENS: 0.8554  SPEC: 0.9142  PPV: 0.8502  NPV: 0.9174 F1:0.8528
INFO:__main__:验证的best_acc:0.8962
INFO:__main__:----------------------------------------------------------------------------------------------------
INFO:__main__:
【train】epoch:135/150 loss:0.0542 acc:0.9948
INFO:__main__:
【val】epoch:135/150 loss:9541.1695 acc:0.8951
INFO:__main__:
【Val】:  SENS: 0.8492  SPEC: 0.9212  PPV: 0.8598  NPV: 0.9148 F1:0.8545
INFO:__main__:验证的best_acc:0.8962
INFO:__main__:----------------------------------------------------------------------------------------------------
INFO:__main__:
【train】epoch:136/150 loss:0.0530 acc:0.9942
INFO:__main__:
【val】epoch:136/150 loss:18767.4609 acc:0.8873
INFO:__main__:
【Val】:  SENS: 0.8615  SPEC: 0.9019  PPV: 0.8333  NPV: 0.9196 F1:0.8472
INFO:__main__:验证的best_acc:0.8962
INFO:__main__:----------------------------------------------------------------------------------------------------
INFO:__main__:
【train】epoch:137/150 loss:0.0530 acc:0.9948
INFO:__main__:
【val】epoch:137/150 loss:15416.0980 acc:0.8962
INFO:__main__:
【Val】:  SENS: 0.8492  SPEC: 0.9229  PPV: 0.8625  NPV: 0.9149 F1:0.8558
INFO:__main__:验证的best_acc:0.8962
INFO:__main__:----------------------------------------------------------------------------------------------------
INFO:__main__:
【train】epoch:138/150 loss:0.0506 acc:0.9957
INFO:__main__:
【val】epoch:138/150 loss:7424.7679 acc:0.8884
INFO:__main__:
【Val】:  SENS: 0.8431  SPEC: 0.9142  PPV: 0.8483  NPV: 0.9110 F1:0.8457
INFO:__main__:验证的best_acc:0.8962
INFO:__main__:----------------------------------------------------------------------------------------------------
INFO:__main__:
【train】epoch:139/150 loss:0.0515 acc:0.9962
INFO:__main__:
【val】epoch:139/150 loss:4373.5589 acc:0.8862
INFO:__main__:
【Val】:  SENS: 0.8400  SPEC: 0.9124  PPV: 0.8452  NPV: 0.9092 F1:0.8426
INFO:__main__:验证的best_acc:0.8962
INFO:__main__:----------------------------------------------------------------------------------------------------
INFO:__main__:
【train】epoch:140/150 loss:0.0530 acc:0.9947
INFO:__main__:
【val】epoch:140/150 loss:3667.3237 acc:0.8839
INFO:__main__:
【Val】:  SENS: 0.8585  SPEC: 0.8984  PPV: 0.8279  NPV: 0.9177 F1:0.8429
INFO:__main__:验证的best_acc:0.8962
INFO:__main__:----------------------------------------------------------------------------------------------------
INFO:__main__:
【train】epoch:141/150 loss:0.0516 acc:0.9957
INFO:__main__:
【val】epoch:141/150 loss:5980.7172 acc:0.8951
INFO:__main__:
【Val】:  SENS: 0.8462  SPEC: 0.9229  PPV: 0.8621  NPV: 0.9133 F1:0.8540
INFO:__main__:验证的best_acc:0.8962
INFO:__main__:----------------------------------------------------------------------------------------------------
INFO:__main__:
【train】epoch:142/150 loss:0.0492 acc:0.9965
INFO:__main__:
【val】epoch:142/150 loss:15837.4700 acc:0.8929
INFO:__main__:
【Val】:  SENS: 0.8369  SPEC: 0.9247  PPV: 0.8635  NPV: 0.9088 F1:0.8500
INFO:__main__:验证的best_acc:0.8962
INFO:__main__:----------------------------------------------------------------------------------------------------
INFO:__main__:
【train】epoch:143/150 loss:0.0494 acc:0.9958
INFO:__main__:
【val】epoch:143/150 loss:26937.2905 acc:0.8895
INFO:__main__:
【Val】:  SENS: 0.8492  SPEC: 0.9124  PPV: 0.8466  NPV: 0.9140 F1:0.8479
INFO:__main__:验证的best_acc:0.8962
INFO:__main__:----------------------------------------------------------------------------------------------------
INFO:__main__:
【train】epoch:144/150 loss:0.0514 acc:0.9957
INFO:__main__:
【val】epoch:144/150 loss:6550.0269 acc:0.8884
INFO:__main__:
【Val】:  SENS: 0.8400  SPEC: 0.9159  PPV: 0.8505  NPV: 0.9096 F1:0.8452
INFO:__main__:验证的best_acc:0.8962
INFO:__main__:----------------------------------------------------------------------------------------------------
INFO:__main__:
【train】epoch:145/150 loss:0.0474 acc:0.9971
INFO:__main__:
【val】epoch:145/150 loss:12335.2482 acc:0.8862
INFO:__main__:
【Val】:  SENS: 0.8338  SPEC: 0.9159  PPV: 0.8495  NPV: 0.9064 F1:0.8416
INFO:__main__:验证的best_acc:0.8962
INFO:__main__:----------------------------------------------------------------------------------------------------
INFO:__main__:
【train】epoch:146/150 loss:0.0472 acc:0.9966
INFO:__main__:
【val】epoch:146/150 loss:10668.3099 acc:0.8850
INFO:__main__:
【Val】:  SENS: 0.8615  SPEC: 0.8984  PPV: 0.8284  NPV: 0.9194 F1:0.8446
INFO:__main__:验证的best_acc:0.8962
INFO:__main__:----------------------------------------------------------------------------------------------------
INFO:__main__:
【train】epoch:147/150 loss:0.0505 acc:0.9950
INFO:__main__:
【val】epoch:147/150 loss:7752.1949 acc:0.8895
INFO:__main__:
【Val】:  SENS: 0.8492  SPEC: 0.9124  PPV: 0.8466  NPV: 0.9140 F1:0.8479
INFO:__main__:验证的best_acc:0.8962
INFO:__main__:----------------------------------------------------------------------------------------------------
INFO:__main__:
【train】epoch:148/150 loss:0.0516 acc:0.9961
INFO:__main__:
【val】epoch:148/150 loss:11759.6227 acc:0.8884
INFO:__main__:
【Val】:  SENS: 0.8554  SPEC: 0.9072  PPV: 0.8399  NPV: 0.9168 F1:0.8476
INFO:__main__:验证的best_acc:0.8962
INFO:__main__:----------------------------------------------------------------------------------------------------
INFO:__main__:
【train】epoch:149/150 loss:0.0483 acc:0.9959
INFO:__main__:
【val】epoch:149/150 loss:47728.7390 acc:0.8750
INFO:__main__:
【Val】:  SENS: 0.8369  SPEC: 0.8967  PPV: 0.8218  NPV: 0.9062 F1:0.8293
INFO:__main__:验证的best_acc:0.8962
INFO:__main__:----------------------------------------------------------------------------------------------------
INFO:__main__:****************************************************************************************************
INFO:__main__:Val_LOSS:['26.1901', '1.4777', '0.6541', '0.4913', '24.7191', '0.4347', '0.4595', '0.4233', '0.4160', '0.3833', '0.3674', '0.4295', '0.3923', '0.3658', '0.3540', '0.3522', '0.3356', '0.3499', '0.3323', '0.3184', '0.2984', '0.3246', '0.3102', '0.3037', '0.3091', '0.3106', '0.2992', '0.3029', '0.2955', '0.3522', '0.3078', '0.3176', '0.3569', '0.3403', '0.3409', '0.3553', '0.3135', '0.3468', '0.3693', '0.3459', '0.3528', '0.3801', '0.4388', '0.3781', '10.3321', '0.3873', '0.4280', '78.1760', '0.4347', '0.3610', '107.6292', '39.7432', '0.4079', '63.9542', '0.4328', '0.4537', '5.4445', '0.4202', '82.6806', '86.1536', '0.8650', '2.4451', '662.6556', '0.5163', '142.9983', '491.4855', '751.0647', '217.3694', '191.3701', '241.7246', '8.7831', '230.7621', '745.6732', '268.2060', '646.7056', '1301.8230', '95.7553', '196.3513', '730.1258', '410.1642', '402.5955', '1356.8158', '584.1664', '1745.3580', '1472.9745', '678.8357', '2196.1678', '884.1517', '1080.1376', '2457.1889', '7197.3174', '4250.0373', '980.2102', '1528.3441', '4132.5548', '2186.0713', '4523.5005', '3554.1821', '3366.2193', '6065.3066', '3649.4507', '4387.1497', '4259.9942', '20895.0778', '14863.7444', '19686.3314', '17797.8044', '12208.2400', '4461.5543', '5451.4859', '12829.2057', '28744.1458', '4927.1423', '9175.7333', '11928.8152', '4079.5094', '14319.2702', '2553.8134', '8735.7320', '8291.4458', '12487.0921', '5419.7680', '24946.3670', '12378.3464', '12936.2583', '11902.9140', '11304.1796', '12340.3969', '7570.6842', '9397.1961', '7218.4159', '9363.8860', '20374.4427', '9788.7120', '13444.7530', '9541.1695', '18767.4609', '15416.0980', '7424.7679', '4373.5589', '3667.3237', '5980.7172', '15837.4700', '26937.2905', '6550.0269', '12335.2482', '10668.3099', '7752.1949', '11759.6227', '47728.7390']
INFO:__main__:Val_ACC:['0.7199', '0.7243', '0.7612', '0.7556', '0.7355', '0.7757', '0.7746', '0.7812', '0.8002', '0.8158', '0.8203', '0.8103', '0.8170', '0.8270', '0.8404', '0.8415', '0.8449', '0.8382', '0.8426', '0.8605', '0.8672', '0.8560', '0.8694', '0.8638', '0.8560', '0.8761', '0.8650', '0.8817', '0.8783', '0.8571', '0.8683', '0.8783', '0.8638', '0.8761', '0.8783', '0.8705', '0.8795', '0.8795', '0.8661', '0.8694', '0.8783', '0.8772', '0.8527', '0.8750', '0.8817', '0.8783', '0.8549', '0.8906', '0.8795', '0.8705', '0.8672', '0.8761', '0.8694', '0.8605', '0.8772', '0.8605', '0.8661', '0.8739', '0.8795', '0.8627', '0.8806', '0.8839', '0.8839', '0.8694', '0.8761', '0.8717', '0.8694', '0.8694', '0.8929', '0.8783', '0.8806', '0.8884', '0.8761', '0.8739', '0.8862', '0.8761', '0.8638', '0.8817', '0.8906', '0.8783', '0.8828', '0.8783', '0.8683', '0.8761', '0.8638', '0.8873', '0.8850', '0.8750', '0.8850', '0.8839', '0.8806', '0.8728', '0.8839', '0.8884', '0.8862', '0.8739', '0.8783', '0.8917', '0.8783', '0.8839', '0.8850', '0.8862', '0.8850', '0.8806', '0.8895', '0.8761', '0.8772', '0.8806', '0.8850', '0.8917', '0.8884', '0.8873', '0.8895', '0.8873', '0.8873', '0.8806', '0.8906', '0.8806', '0.8817', '0.8906', '0.8951', '0.8929', '0.8906', '0.8962', '0.8940', '0.8895', '0.8862', '0.8929', '0.8962', '0.8906', '0.8884', '0.8806', '0.8839', '0.8940', '0.8929', '0.8951', '0.8873', '0.8962', '0.8884', '0.8862', '0.8839', '0.8951', '0.8929', '0.8895', '0.8884', '0.8862', '0.8850', '0.8895', '0.8884', '0.8750']
INFO:__main__:****************************************************************************************************
