INFO:__main__:
【train】epoch:0/150 loss:0.8932 acc:0.5840
INFO:__main__:
【val】epoch:0/150 loss:0.8782 acc:0.6373
INFO:__main__:
【Val】:  SENS: 0.0000  SPEC: 1.0000  PPV: nan  NPV: 0.6373
INFO:__main__:验证的best_acc:0.6373
INFO:__main__:----------------------------------------------------------------------------------------------------
INFO:__main__:
【train】epoch:1/150 loss:0.6701 acc:0.6640
INFO:__main__:
【val】epoch:1/150 loss:0.6865 acc:0.6886
INFO:__main__:
【Val】:  SENS: 0.2246  SPEC: 0.9527  PPV: 0.7300  NPV: 0.6834
INFO:__main__:验证的best_acc:0.6886
INFO:__main__:----------------------------------------------------------------------------------------------------
INFO:__main__:
【train】epoch:2/150 loss:0.6187 acc:0.6865
INFO:__main__:
【val】epoch:2/150 loss:0.5142 acc:0.7344
INFO:__main__:
【Val】:  SENS: 0.5108  SPEC: 0.8616  PPV: 0.6776  NPV: 0.7558
INFO:__main__:验证的best_acc:0.7344
INFO:__main__:----------------------------------------------------------------------------------------------------
INFO:__main__:
【train】epoch:3/150 loss:0.5892 acc:0.6977
INFO:__main__:
【val】epoch:3/150 loss:0.6234 acc:0.7154
INFO:__main__:
【Val】:  SENS: 0.3662  SPEC: 0.9142  PPV: 0.7083  NPV: 0.7170
INFO:__main__:验证的best_acc:0.7344
INFO:__main__:----------------------------------------------------------------------------------------------------
INFO:__main__:
【train】epoch:4/150 loss:0.5666 acc:0.7162
INFO:__main__:
【val】epoch:4/150 loss:0.6611 acc:0.6920
INFO:__main__:
【Val】:  SENS: 0.2615  SPEC: 0.9370  PPV: 0.7025  NPV: 0.6903
INFO:__main__:验证的best_acc:0.7344
INFO:__main__:----------------------------------------------------------------------------------------------------
INFO:__main__:
【train】epoch:5/150 loss:0.5408 acc:0.7215
INFO:__main__:
【val】epoch:5/150 loss:0.5592 acc:0.7310
INFO:__main__:
【Val】:  SENS: 0.3846  SPEC: 0.9282  PPV: 0.7530  NPV: 0.7260
INFO:__main__:验证的best_acc:0.7344
INFO:__main__:----------------------------------------------------------------------------------------------------
INFO:__main__:
【train】epoch:6/150 loss:0.5192 acc:0.7387
INFO:__main__:
【val】epoch:6/150 loss:0.4888 acc:0.7667
INFO:__main__:
【Val】:  SENS: 0.5846  SPEC: 0.8704  PPV: 0.7197  NPV: 0.7864
INFO:__main__:验证的best_acc:0.7667
INFO:__main__:----------------------------------------------------------------------------------------------------
INFO:__main__:
【train】epoch:7/150 loss:0.5047 acc:0.7474
INFO:__main__:
【val】epoch:7/150 loss:0.8990 acc:0.6775
INFO:__main__:
【Val】:  SENS: 0.1446  SPEC: 0.9807  PPV: 0.8103  NPV: 0.6683
INFO:__main__:验证的best_acc:0.7667
INFO:__main__:----------------------------------------------------------------------------------------------------
INFO:__main__:
【train】epoch:8/150 loss:0.4846 acc:0.7584
INFO:__main__:
【val】epoch:8/150 loss:0.4622 acc:0.7712
INFO:__main__:
【Val】:  SENS: 0.4862  SPEC: 0.9335  PPV: 0.8061  NPV: 0.7614
INFO:__main__:验证的best_acc:0.7712
INFO:__main__:----------------------------------------------------------------------------------------------------
INFO:__main__:
【train】epoch:9/150 loss:0.4590 acc:0.7825
INFO:__main__:
【val】epoch:9/150 loss:0.4900 acc:0.7567
INFO:__main__:
【Val】:  SENS: 0.4246  SPEC: 0.9457  PPV: 0.8166  NPV: 0.7428
INFO:__main__:验证的best_acc:0.7712
INFO:__main__:----------------------------------------------------------------------------------------------------
INFO:__main__:
【train】epoch:10/150 loss:0.4574 acc:0.7774
INFO:__main__:
【val】epoch:10/150 loss:0.4637 acc:0.7801
INFO:__main__:
【Val】:  SENS: 0.5415  SPEC: 0.9159  PPV: 0.7857  NPV: 0.7783
INFO:__main__:验证的best_acc:0.7801
INFO:__main__:----------------------------------------------------------------------------------------------------
INFO:__main__:
【train】epoch:11/150 loss:0.4545 acc:0.7799
INFO:__main__:
【val】epoch:11/150 loss:0.4945 acc:0.7500
INFO:__main__:
【Val】:  SENS: 0.3754  SPEC: 0.9632  PPV: 0.8531  NPV: 0.7304
INFO:__main__:验证的best_acc:0.7801
INFO:__main__:----------------------------------------------------------------------------------------------------
INFO:__main__:
【train】epoch:12/150 loss:0.4403 acc:0.7917
INFO:__main__:
【val】epoch:12/150 loss:0.5756 acc:0.7344
INFO:__main__:
【Val】:  SENS: 0.3046  SPEC: 0.9790  PPV: 0.8919  NPV: 0.7121
INFO:__main__:验证的best_acc:0.7801
INFO:__main__:----------------------------------------------------------------------------------------------------
INFO:__main__:
【train】epoch:13/150 loss:0.4267 acc:0.7978
INFO:__main__:
【val】epoch:13/150 loss:0.4227 acc:0.7958
INFO:__main__:
【Val】:  SENS: 0.7138  SPEC: 0.8424  PPV: 0.7205  NPV: 0.8380
INFO:__main__:验证的best_acc:0.7958
INFO:__main__:----------------------------------------------------------------------------------------------------
INFO:__main__:
【train】epoch:14/150 loss:0.4214 acc:0.8035
INFO:__main__:
【val】epoch:14/150 loss:0.4568 acc:0.7645
INFO:__main__:
【Val】:  SENS: 0.8585  SPEC: 0.7110  PPV: 0.6284  NPV: 0.8982
INFO:__main__:验证的best_acc:0.7958
INFO:__main__:----------------------------------------------------------------------------------------------------
INFO:__main__:
【train】epoch:15/150 loss:0.4218 acc:0.7980
INFO:__main__:
【val】epoch:15/150 loss:0.6475 acc:0.7210
INFO:__main__:
【Val】:  SENS: 0.2708  SPEC: 0.9772  PPV: 0.8713  NPV: 0.7019
INFO:__main__:验证的best_acc:0.7958
INFO:__main__:----------------------------------------------------------------------------------------------------
INFO:__main__:
【train】epoch:16/150 loss:0.4164 acc:0.8015
INFO:__main__:
【val】epoch:16/150 loss:0.5581 acc:0.7489
INFO:__main__:
【Val】:  SENS: 0.3477  SPEC: 0.9772  PPV: 0.8968  NPV: 0.7247
INFO:__main__:验证的best_acc:0.7958
INFO:__main__:----------------------------------------------------------------------------------------------------
INFO:__main__:
【train】epoch:17/150 loss:0.4083 acc:0.8096
INFO:__main__:
【val】epoch:17/150 loss:0.4909 acc:0.7667
INFO:__main__:
【Val】:  SENS: 0.3969  SPEC: 0.9772  PPV: 0.9085  NPV: 0.7401
INFO:__main__:验证的best_acc:0.7958
INFO:__main__:----------------------------------------------------------------------------------------------------
INFO:__main__:
【train】epoch:18/150 loss:0.4009 acc:0.8155
INFO:__main__:
【val】epoch:18/150 loss:0.5108 acc:0.7812
INFO:__main__:
【Val】:  SENS: 0.4738  SPEC: 0.9562  PPV: 0.8603  NPV: 0.7615
INFO:__main__:验证的best_acc:0.7958
INFO:__main__:----------------------------------------------------------------------------------------------------
INFO:__main__:
【train】epoch:19/150 loss:0.3951 acc:0.8166
INFO:__main__:
【val】epoch:19/150 loss:0.4874 acc:0.7734
INFO:__main__:
【Val】:  SENS: 0.4277  SPEC: 0.9702  PPV: 0.8910  NPV: 0.7486
INFO:__main__:验证的best_acc:0.7958
INFO:__main__:----------------------------------------------------------------------------------------------------
INFO:__main__:
【train】epoch:20/150 loss:0.3843 acc:0.8239
INFO:__main__:
【val】epoch:20/150 loss:0.4355 acc:0.7980
INFO:__main__:
【Val】:  SENS: 0.5446  SPEC: 0.9422  PPV: 0.8429  NPV: 0.7843
INFO:__main__:验证的best_acc:0.7980
INFO:__main__:----------------------------------------------------------------------------------------------------
INFO:__main__:
【train】epoch:21/150 loss:0.3821 acc:0.8261
INFO:__main__:
【val】epoch:21/150 loss:0.3472 acc:0.8348
INFO:__main__:
【Val】:  SENS: 0.7877  SPEC: 0.8616  PPV: 0.7642  NPV: 0.8770
INFO:__main__:验证的best_acc:0.8348
INFO:__main__:----------------------------------------------------------------------------------------------------
INFO:__main__:
【train】epoch:22/150 loss:0.3755 acc:0.8268
INFO:__main__:
【val】epoch:22/150 loss:0.3997 acc:0.8092
INFO:__main__:
【Val】:  SENS: 0.5538  SPEC: 0.9545  PPV: 0.8738  NPV: 0.7899
INFO:__main__:验证的best_acc:0.8348
INFO:__main__:----------------------------------------------------------------------------------------------------
INFO:__main__:
【train】epoch:23/150 loss:0.3764 acc:0.8292
INFO:__main__:
【val】epoch:23/150 loss:0.5225 acc:0.7612
INFO:__main__:
【Val】:  SENS: 0.3662  SPEC: 0.9860  PPV: 0.9370  NPV: 0.7321
INFO:__main__:验证的best_acc:0.8348
INFO:__main__:----------------------------------------------------------------------------------------------------
INFO:__main__:
【train】epoch:24/150 loss:0.3738 acc:0.8307
INFO:__main__:
【val】epoch:24/150 loss:0.4153 acc:0.8058
INFO:__main__:
【Val】:  SENS: 0.5754  SPEC: 0.9370  PPV: 0.8386  NPV: 0.7949
INFO:__main__:验证的best_acc:0.8348
INFO:__main__:----------------------------------------------------------------------------------------------------
INFO:__main__:
【train】epoch:25/150 loss:0.3692 acc:0.8336
INFO:__main__:
【val】epoch:25/150 loss:0.3942 acc:0.8147
INFO:__main__:
【Val】:  SENS: 0.6338  SPEC: 0.9177  PPV: 0.8142  NPV: 0.8149
INFO:__main__:验证的best_acc:0.8348
INFO:__main__:----------------------------------------------------------------------------------------------------
INFO:__main__:
【train】epoch:26/150 loss:0.3673 acc:0.8332
INFO:__main__:
【val】epoch:26/150 loss:0.6069 acc:0.7500
INFO:__main__:
【Val】:  SENS: 0.3354  SPEC: 0.9860  PPV: 0.9316  NPV: 0.7227
INFO:__main__:验证的best_acc:0.8348
INFO:__main__:----------------------------------------------------------------------------------------------------
INFO:__main__:
【train】epoch:27/150 loss:0.3599 acc:0.8355
INFO:__main__:
【val】epoch:27/150 loss:0.3595 acc:0.8371
INFO:__main__:
【Val】:  SENS: 0.7169  SPEC: 0.9054  PPV: 0.8118  NPV: 0.8489
INFO:__main__:验证的best_acc:0.8371
INFO:__main__:----------------------------------------------------------------------------------------------------
INFO:__main__:
【train】epoch:28/150 loss:0.3563 acc:0.8379
INFO:__main__:
【val】epoch:28/150 loss:0.3502 acc:0.8337
INFO:__main__:
【Val】:  SENS: 0.7569  SPEC: 0.8774  PPV: 0.7785  NPV: 0.8638
INFO:__main__:验证的best_acc:0.8371
INFO:__main__:----------------------------------------------------------------------------------------------------
INFO:__main__:
【train】epoch:29/150 loss:0.3446 acc:0.8439
INFO:__main__:
【val】epoch:29/150 loss:0.5634 acc:0.7667
INFO:__main__:
【Val】:  SENS: 0.4031  SPEC: 0.9737  PPV: 0.8973  NPV: 0.7413
INFO:__main__:验证的best_acc:0.8371
INFO:__main__:----------------------------------------------------------------------------------------------------
INFO:__main__:
【train】epoch:30/150 loss:0.3395 acc:0.8489
INFO:__main__:
【val】epoch:30/150 loss:0.3441 acc:0.8359
INFO:__main__:
【Val】:  SENS: 0.7508  SPEC: 0.8844  PPV: 0.7871  NPV: 0.8618
INFO:__main__:验证的best_acc:0.8371
INFO:__main__:----------------------------------------------------------------------------------------------------
INFO:__main__:
【train】epoch:31/150 loss:0.3313 acc:0.8510
INFO:__main__:
【val】epoch:31/150 loss:0.3661 acc:0.8359
INFO:__main__:
【Val】:  SENS: 0.7846  SPEC: 0.8651  PPV: 0.7681  NPV: 0.8759
INFO:__main__:验证的best_acc:0.8371
INFO:__main__:----------------------------------------------------------------------------------------------------
INFO:__main__:
【train】epoch:32/150 loss:0.3281 acc:0.8545
INFO:__main__:
【val】epoch:32/150 loss:0.3946 acc:0.8114
INFO:__main__:
【Val】:  SENS: 0.5723  SPEC: 0.9475  PPV: 0.8611  NPV: 0.7956
INFO:__main__:验证的best_acc:0.8371
INFO:__main__:----------------------------------------------------------------------------------------------------
INFO:__main__:
【train】epoch:33/150 loss:0.3267 acc:0.8560
INFO:__main__:
【val】epoch:33/150 loss:0.4469 acc:0.8002
INFO:__main__:
【Val】:  SENS: 0.5138  SPEC: 0.9632  PPV: 0.8883  NPV: 0.7768
INFO:__main__:验证的best_acc:0.8371
INFO:__main__:----------------------------------------------------------------------------------------------------
INFO:__main__:
【train】epoch:34/150 loss:0.3243 acc:0.8526
INFO:__main__:
【val】epoch:34/150 loss:0.3638 acc:0.8359
INFO:__main__:
【Val】:  SENS: 0.6769  SPEC: 0.9264  PPV: 0.8397  NPV: 0.8344
INFO:__main__:验证的best_acc:0.8371
INFO:__main__:----------------------------------------------------------------------------------------------------
INFO:__main__:
【train】epoch:35/150 loss:0.3187 acc:0.8618
INFO:__main__:
【val】epoch:35/150 loss:0.3555 acc:0.8438
INFO:__main__:
【Val】:  SENS: 0.7200  SPEC: 0.9142  PPV: 0.8269  NPV: 0.8515
INFO:__main__:验证的best_acc:0.8438
INFO:__main__:----------------------------------------------------------------------------------------------------
INFO:__main__:
【train】epoch:36/150 loss:0.3248 acc:0.8541
INFO:__main__:
【val】epoch:36/150 loss:0.3874 acc:0.8203
INFO:__main__:
【Val】:  SENS: 0.5938  SPEC: 0.9492  PPV: 0.8694  NPV: 0.8042
INFO:__main__:验证的best_acc:0.8438
INFO:__main__:----------------------------------------------------------------------------------------------------
INFO:__main__:
【train】epoch:37/150 loss:0.3129 acc:0.8620
INFO:__main__:
【val】epoch:37/150 loss:0.3989 acc:0.8237
INFO:__main__:
【Val】:  SENS: 0.7938  SPEC: 0.8406  PPV: 0.7393  NPV: 0.8775
INFO:__main__:验证的best_acc:0.8438
INFO:__main__:----------------------------------------------------------------------------------------------------
INFO:__main__:
【train】epoch:38/150 loss:0.3134 acc:0.8635
INFO:__main__:
【val】epoch:38/150 loss:0.4596 acc:0.8092
INFO:__main__:
【Val】:  SENS: 0.5477  SPEC: 0.9580  PPV: 0.8812  NPV: 0.7882
INFO:__main__:验证的best_acc:0.8438
INFO:__main__:----------------------------------------------------------------------------------------------------
INFO:__main__:
【train】epoch:39/150 loss:0.3020 acc:0.8732
INFO:__main__:
【val】epoch:39/150 loss:0.3755 acc:0.8248
INFO:__main__:
【Val】:  SENS: 0.8031  SPEC: 0.8371  PPV: 0.7373  NPV: 0.8819
INFO:__main__:验证的best_acc:0.8438
INFO:__main__:----------------------------------------------------------------------------------------------------
INFO:__main__:
【train】epoch:40/150 loss:0.2938 acc:0.8687
INFO:__main__:
【val】epoch:40/150 loss:0.3875 acc:0.8259
INFO:__main__:
【Val】:  SENS: 0.7354  SPEC: 0.8774  PPV: 0.7735  NPV: 0.8535
INFO:__main__:验证的best_acc:0.8438
INFO:__main__:----------------------------------------------------------------------------------------------------
INFO:__main__:
【train】epoch:41/150 loss:0.2963 acc:0.8663
INFO:__main__:
【val】epoch:41/150 loss:0.4645 acc:0.8125
INFO:__main__:
【Val】:  SENS: 0.5415  SPEC: 0.9667  PPV: 0.9026  NPV: 0.7874
INFO:__main__:验证的best_acc:0.8438
INFO:__main__:----------------------------------------------------------------------------------------------------
INFO:__main__:
【train】epoch:42/150 loss:0.2896 acc:0.8757
INFO:__main__:
【val】epoch:42/150 loss:0.3611 acc:0.8393
INFO:__main__:
【Val】:  SENS: 0.7077  SPEC: 0.9142  PPV: 0.8244  NPV: 0.8460
INFO:__main__:验证的best_acc:0.8438
INFO:__main__:----------------------------------------------------------------------------------------------------
INFO:__main__:
【train】epoch:43/150 loss:0.2847 acc:0.8712
INFO:__main__:
【val】epoch:43/150 loss:0.3989 acc:0.8237
INFO:__main__:
【Val】:  SENS: 0.7323  SPEC: 0.8757  PPV: 0.7702  NPV: 0.8518
INFO:__main__:验证的best_acc:0.8438
INFO:__main__:----------------------------------------------------------------------------------------------------
INFO:__main__:
【train】epoch:44/150 loss:0.2869 acc:0.8734
INFO:__main__:
【val】epoch:44/150 loss:0.3389 acc:0.8549
INFO:__main__:
【Val】:  SENS: 0.7785  SPEC: 0.8984  PPV: 0.8135  NPV: 0.8769
INFO:__main__:验证的best_acc:0.8549
INFO:__main__:----------------------------------------------------------------------------------------------------
INFO:__main__:
【train】epoch:45/150 loss:0.2843 acc:0.8747
INFO:__main__:
【val】epoch:45/150 loss:0.5702 acc:0.7422
INFO:__main__:
【Val】:  SENS: 0.8954  SPEC: 0.6550  PPV: 0.5963  NPV: 0.9167
INFO:__main__:验证的best_acc:0.8549
INFO:__main__:----------------------------------------------------------------------------------------------------
INFO:__main__:
【train】epoch:46/150 loss:0.2812 acc:0.8789
INFO:__main__:
【val】epoch:46/150 loss:0.3438 acc:0.8504
INFO:__main__:
【Val】:  SENS: 0.7692  SPEC: 0.8967  PPV: 0.8091  NPV: 0.8722
INFO:__main__:验证的best_acc:0.8549
INFO:__main__:----------------------------------------------------------------------------------------------------
INFO:__main__:
【train】epoch:47/150 loss:0.2817 acc:0.8773
INFO:__main__:
【val】epoch:47/150 loss:0.3416 acc:0.8549
INFO:__main__:
【Val】:  SENS: 0.7415  SPEC: 0.9194  PPV: 0.8397  NPV: 0.8621
INFO:__main__:验证的best_acc:0.8549
INFO:__main__:----------------------------------------------------------------------------------------------------
INFO:__main__:
【train】epoch:48/150 loss:0.2692 acc:0.8840
INFO:__main__:
【val】epoch:48/150 loss:0.4318 acc:0.8214
INFO:__main__:
【Val】:  SENS: 0.6062  SPEC: 0.9440  PPV: 0.8603  NPV: 0.8081
INFO:__main__:验证的best_acc:0.8549
INFO:__main__:----------------------------------------------------------------------------------------------------
INFO:__main__:
【train】epoch:49/150 loss:0.2666 acc:0.8905
INFO:__main__:
【val】epoch:49/150 loss:0.3534 acc:0.8438
INFO:__main__:
【Val】:  SENS: 0.7846  SPEC: 0.8774  PPV: 0.7846  NPV: 0.8774
INFO:__main__:验证的best_acc:0.8549
INFO:__main__:----------------------------------------------------------------------------------------------------
INFO:__main__:
【train】epoch:50/150 loss:0.2615 acc:0.8908
INFO:__main__:
【val】epoch:50/150 loss:0.3636 acc:0.8460
INFO:__main__:
【Val】:  SENS: 0.7323  SPEC: 0.9107  PPV: 0.8235  NPV: 0.8567
INFO:__main__:验证的best_acc:0.8549
INFO:__main__:----------------------------------------------------------------------------------------------------
INFO:__main__:
【train】epoch:51/150 loss:0.2580 acc:0.8910
INFO:__main__:
【val】epoch:51/150 loss:0.3924 acc:0.8304
INFO:__main__:
【Val】:  SENS: 0.6646  SPEC: 0.9247  PPV: 0.8340  NPV: 0.8289
INFO:__main__:验证的best_acc:0.8549
INFO:__main__:----------------------------------------------------------------------------------------------------
INFO:__main__:
【train】epoch:52/150 loss:0.2570 acc:0.8898
INFO:__main__:
【val】epoch:52/150 loss:0.3621 acc:0.8627
INFO:__main__:
【Val】:  SENS: 0.7323  SPEC: 0.9370  PPV: 0.8686  NPV: 0.8601
INFO:__main__:验证的best_acc:0.8627
INFO:__main__:----------------------------------------------------------------------------------------------------
INFO:__main__:
【train】epoch:53/150 loss:0.2532 acc:0.8939
INFO:__main__:
【val】epoch:53/150 loss:0.4364 acc:0.8248
INFO:__main__:
【Val】:  SENS: 0.5908  SPEC: 0.9580  PPV: 0.8889  NPV: 0.8044
INFO:__main__:验证的best_acc:0.8627
INFO:__main__:----------------------------------------------------------------------------------------------------
INFO:__main__:
【train】epoch:54/150 loss:0.2505 acc:0.8959
INFO:__main__:
【val】epoch:54/150 loss:0.3851 acc:0.8538
INFO:__main__:
【Val】:  SENS: 0.7108  SPEC: 0.9352  PPV: 0.8619  NPV: 0.8503
INFO:__main__:验证的best_acc:0.8627
INFO:__main__:----------------------------------------------------------------------------------------------------
INFO:__main__:
【train】epoch:55/150 loss:0.2501 acc:0.8965
INFO:__main__:
【val】epoch:55/150 loss:0.3734 acc:0.8315
INFO:__main__:
【Val】:  SENS: 0.7631  SPEC: 0.8704  PPV: 0.7702  NPV: 0.8659
INFO:__main__:验证的best_acc:0.8627
INFO:__main__:----------------------------------------------------------------------------------------------------
INFO:__main__:
【train】epoch:56/150 loss:0.2384 acc:0.8955
INFO:__main__:
【val】epoch:56/150 loss:0.3917 acc:0.8449
INFO:__main__:
【Val】:  SENS: 0.7015  SPEC: 0.9264  PPV: 0.8444  NPV: 0.8450
INFO:__main__:验证的best_acc:0.8627
INFO:__main__:----------------------------------------------------------------------------------------------------
INFO:__main__:
【train】epoch:57/150 loss:0.2443 acc:0.8959
INFO:__main__:
【val】epoch:57/150 loss:0.3915 acc:0.8382
INFO:__main__:
【Val】:  SENS: 0.6831  SPEC: 0.9264  PPV: 0.8409  NPV: 0.8370
INFO:__main__:验证的best_acc:0.8627
INFO:__main__:----------------------------------------------------------------------------------------------------
INFO:__main__:
【train】epoch:58/150 loss:0.2463 acc:0.8981
INFO:__main__:
【val】epoch:58/150 loss:0.4897 acc:0.8114
INFO:__main__:
【Val】:  SENS: 0.5538  SPEC: 0.9580  PPV: 0.8824  NPV: 0.7905
INFO:__main__:验证的best_acc:0.8627
INFO:__main__:----------------------------------------------------------------------------------------------------
INFO:__main__:
【train】epoch:59/150 loss:0.2351 acc:0.8996
INFO:__main__:
【val】epoch:59/150 loss:0.4283 acc:0.8225
INFO:__main__:
【Val】:  SENS: 0.7415  SPEC: 0.8687  PPV: 0.7627  NPV: 0.8552
INFO:__main__:验证的best_acc:0.8627
INFO:__main__:----------------------------------------------------------------------------------------------------
INFO:__main__:
【train】epoch:60/150 loss:0.2267 acc:0.9023
INFO:__main__:
【val】epoch:60/150 loss:0.3928 acc:0.8304
INFO:__main__:
【Val】:  SENS: 0.8092  SPEC: 0.8424  PPV: 0.7450  NPV: 0.8858
INFO:__main__:验证的best_acc:0.8627
INFO:__main__:----------------------------------------------------------------------------------------------------
INFO:__main__:
【train】epoch:61/150 loss:0.2334 acc:0.9030
INFO:__main__:
【val】epoch:61/150 loss:0.4357 acc:0.8103
INFO:__main__:
【Val】:  SENS: 0.7046  SPEC: 0.8704  PPV: 0.7558  NPV: 0.8381
INFO:__main__:验证的best_acc:0.8627
INFO:__main__:----------------------------------------------------------------------------------------------------
INFO:__main__:
【train】epoch:62/150 loss:0.2201 acc:0.9086
INFO:__main__:
【val】epoch:62/150 loss:0.3801 acc:0.8493
INFO:__main__:
【Val】:  SENS: 0.7631  SPEC: 0.8984  PPV: 0.8105  NPV: 0.8695
INFO:__main__:验证的best_acc:0.8627
INFO:__main__:----------------------------------------------------------------------------------------------------
INFO:__main__:
【train】epoch:63/150 loss:0.2216 acc:0.9132
INFO:__main__:
【val】epoch:63/150 loss:0.4054 acc:0.8460
INFO:__main__:
【Val】:  SENS: 0.7723  SPEC: 0.8879  PPV: 0.7968  NPV: 0.8726
INFO:__main__:验证的best_acc:0.8627
INFO:__main__:----------------------------------------------------------------------------------------------------
INFO:__main__:
【train】epoch:64/150 loss:0.2195 acc:0.9087
INFO:__main__:
【val】epoch:64/150 loss:0.4284 acc:0.8225
INFO:__main__:
【Val】:  SENS: 0.8215  SPEC: 0.8231  PPV: 0.7255  NPV: 0.8902
INFO:__main__:验证的best_acc:0.8627
INFO:__main__:----------------------------------------------------------------------------------------------------
INFO:__main__:
【train】epoch:65/150 loss:0.2274 acc:0.9042
INFO:__main__:
【val】epoch:65/150 loss:0.3999 acc:0.8304
INFO:__main__:
【Val】:  SENS: 0.8338  SPEC: 0.8284  PPV: 0.7344  NPV: 0.8975
INFO:__main__:验证的best_acc:0.8627
INFO:__main__:----------------------------------------------------------------------------------------------------
INFO:__main__:
【train】epoch:66/150 loss:0.2158 acc:0.9106
INFO:__main__:
【val】epoch:66/150 loss:0.3886 acc:0.8404
INFO:__main__:
【Val】:  SENS: 0.8031  SPEC: 0.8616  PPV: 0.7676  NPV: 0.8849
INFO:__main__:验证的best_acc:0.8627
INFO:__main__:----------------------------------------------------------------------------------------------------
INFO:__main__:
【train】epoch:0/150 loss:0.9178 acc:0.5879
INFO:__main__:
【val】epoch:0/150 loss:0.7022 acc:0.6373
INFO:__main__:
【Val】:  SENS: 0.0000  SPEC: 1.0000  PPV: nan  NPV: 0.6373 F1:nan
INFO:__main__:验证的best_acc:0.6373
INFO:__main__:----------------------------------------------------------------------------------------------------
INFO:__main__:
【train】epoch:1/150 loss:0.6899 acc:0.6428
INFO:__main__:
【val】epoch:1/150 loss:0.5584 acc:0.6931
INFO:__main__:
【Val】:  SENS: 0.7385  SPEC: 0.6673  PPV: 0.5581  NPV: 0.8176 F1:0.6358
INFO:__main__:验证的best_acc:0.6931
INFO:__main__:----------------------------------------------------------------------------------------------------
INFO:__main__:
【train】epoch:2/150 loss:0.6321 acc:0.6848
INFO:__main__:
【val】epoch:2/150 loss:1.2948 acc:0.6797
INFO:__main__:
【Val】:  SENS: 0.2277  SPEC: 0.9370  PPV: 0.6727  NPV: 0.6807 F1:0.3402
INFO:__main__:验证的best_acc:0.6931
INFO:__main__:----------------------------------------------------------------------------------------------------
INFO:__main__:
【train】epoch:3/150 loss:0.6084 acc:0.6942
INFO:__main__:
【val】epoch:3/150 loss:0.7735 acc:0.6931
INFO:__main__:
【Val】:  SENS: 0.2215  SPEC: 0.9615  PPV: 0.7660  NPV: 0.6845 F1:0.3437
INFO:__main__:验证的best_acc:0.6931
INFO:__main__:----------------------------------------------------------------------------------------------------
INFO:__main__:
【train】epoch:4/150 loss:0.5668 acc:0.7072
INFO:__main__:
【val】epoch:4/150 loss:0.7218 acc:0.6864
INFO:__main__:
【Val】:  SENS: 0.2031  SPEC: 0.9615  PPV: 0.7500  NPV: 0.6795 F1:0.3196
INFO:__main__:验证的best_acc:0.6931
INFO:__main__:----------------------------------------------------------------------------------------------------
INFO:__main__:
【train】epoch:5/150 loss:0.5497 acc:0.7251
INFO:__main__:
【val】epoch:5/150 loss:0.5799 acc:0.7299
INFO:__main__:
【Val】:  SENS: 0.3231  SPEC: 0.9615  PPV: 0.8268  NPV: 0.7139 F1:0.4646
INFO:__main__:验证的best_acc:0.7299
INFO:__main__:----------------------------------------------------------------------------------------------------
INFO:__main__:
【train】epoch:6/150 loss:0.5380 acc:0.7249
INFO:__main__:
【val】epoch:6/150 loss:0.4968 acc:0.7444
INFO:__main__:
【Val】:  SENS: 0.4615  SPEC: 0.9054  PPV: 0.7353  NPV: 0.7471 F1:0.5671
INFO:__main__:验证的best_acc:0.7444
INFO:__main__:----------------------------------------------------------------------------------------------------
INFO:__main__:
【train】epoch:7/150 loss:0.5094 acc:0.7478
INFO:__main__:
【val】epoch:7/150 loss:0.4715 acc:0.7545
INFO:__main__:
【Val】:  SENS: 0.4923  SPEC: 0.9037  PPV: 0.7442  NPV: 0.7577 F1:0.5926
INFO:__main__:验证的best_acc:0.7545
INFO:__main__:----------------------------------------------------------------------------------------------------
INFO:__main__:
【train】epoch:8/150 loss:0.5019 acc:0.7503
INFO:__main__:
【val】epoch:8/150 loss:0.6316 acc:0.7121
INFO:__main__:
【Val】:  SENS: 0.2554  SPEC: 0.9720  PPV: 0.8384  NPV: 0.6964 F1:0.3915
INFO:__main__:验证的best_acc:0.7545
INFO:__main__:----------------------------------------------------------------------------------------------------
INFO:__main__:
【train】epoch:9/150 loss:0.4752 acc:0.7630
INFO:__main__:
【val】epoch:9/150 loss:0.4328 acc:0.7991
INFO:__main__:
【Val】:  SENS: 0.6769  SPEC: 0.8687  PPV: 0.7458  NPV: 0.8253 F1:0.7097
INFO:__main__:验证的best_acc:0.7991
INFO:__main__:----------------------------------------------------------------------------------------------------
INFO:__main__:
【train】epoch:10/150 loss:0.4562 acc:0.7789
INFO:__main__:
【val】epoch:10/150 loss:0.7946 acc:0.6752
INFO:__main__:
【Val】:  SENS: 0.1262  SPEC: 0.9877  PPV: 0.8542  NPV: 0.6651 F1:0.2198
INFO:__main__:验证的best_acc:0.7991
INFO:__main__:----------------------------------------------------------------------------------------------------
INFO:__main__:
【train】epoch:11/150 loss:0.4464 acc:0.7861
INFO:__main__:
【val】epoch:11/150 loss:0.5291 acc:0.7266
INFO:__main__:
【Val】:  SENS: 0.3231  SPEC: 0.9562  PPV: 0.8077  NPV: 0.7128 F1:0.4615
INFO:__main__:验证的best_acc:0.7991
INFO:__main__:----------------------------------------------------------------------------------------------------
INFO:__main__:
【train】epoch:12/150 loss:0.4380 acc:0.7937
INFO:__main__:
【val】epoch:12/150 loss:0.4407 acc:0.7946
INFO:__main__:
【Val】:  SENS: 0.7138  SPEC: 0.8406  PPV: 0.7183  NPV: 0.8377 F1:0.7160
INFO:__main__:验证的best_acc:0.7991
INFO:__main__:----------------------------------------------------------------------------------------------------
INFO:__main__:
【train】epoch:13/150 loss:0.4248 acc:0.8019
INFO:__main__:
【val】epoch:13/150 loss:0.5440 acc:0.7522
INFO:__main__:
【Val】:  SENS: 0.3846  SPEC: 0.9615  PPV: 0.8503  NPV: 0.7330 F1:0.5297
INFO:__main__:验证的best_acc:0.7991
INFO:__main__:----------------------------------------------------------------------------------------------------
INFO:__main__:
【train】epoch:14/150 loss:0.4192 acc:0.7995
INFO:__main__:
【val】epoch:14/150 loss:0.4940 acc:0.7656
INFO:__main__:
【Val】:  SENS: 0.4185  SPEC: 0.9632  PPV: 0.8662  NPV: 0.7442 F1:0.5643
INFO:__main__:验证的best_acc:0.7991
INFO:__main__:----------------------------------------------------------------------------------------------------
INFO:__main__:
【train】epoch:15/150 loss:0.4181 acc:0.8038
INFO:__main__:
【val】epoch:15/150 loss:0.5470 acc:0.7221
INFO:__main__:
【Val】:  SENS: 0.2708  SPEC: 0.9790  PPV: 0.8800  NPV: 0.7023 F1:0.4141
INFO:__main__:验证的best_acc:0.7991
INFO:__main__:----------------------------------------------------------------------------------------------------
INFO:__main__:
【train】epoch:16/150 loss:0.4064 acc:0.8114
INFO:__main__:
【val】epoch:16/150 loss:0.6068 acc:0.7266
INFO:__main__:
【Val】:  SENS: 0.2708  SPEC: 0.9860  PPV: 0.9167  NPV: 0.7038 F1:0.4181
INFO:__main__:验证的best_acc:0.7991
INFO:__main__:----------------------------------------------------------------------------------------------------
INFO:__main__:
【train】epoch:17/150 loss:0.4048 acc:0.8092
INFO:__main__:
【val】epoch:17/150 loss:0.4348 acc:0.7835
INFO:__main__:
【Val】:  SENS: 0.4862  SPEC: 0.9527  PPV: 0.8541  NPV: 0.7651 F1:0.6196
INFO:__main__:验证的best_acc:0.7991
INFO:__main__:----------------------------------------------------------------------------------------------------
INFO:__main__:
【train】epoch:18/150 loss:0.3884 acc:0.8205
INFO:__main__:
【val】epoch:18/150 loss:0.7175 acc:0.7042
INFO:__main__:
【Val】:  SENS: 0.1908  SPEC: 0.9965  PPV: 0.9688  NPV: 0.6839 F1:0.3188
INFO:__main__:验证的best_acc:0.7991
INFO:__main__:----------------------------------------------------------------------------------------------------
INFO:__main__:
【train】epoch:19/150 loss:0.3760 acc:0.8292
INFO:__main__:
【val】epoch:19/150 loss:0.7023 acc:0.7221
INFO:__main__:
【Val】:  SENS: 0.2462  SPEC: 0.9930  PPV: 0.9524  NPV: 0.6983 F1:0.3912
INFO:__main__:验证的best_acc:0.7991
INFO:__main__:----------------------------------------------------------------------------------------------------
INFO:__main__:
【train】epoch:20/150 loss:0.3774 acc:0.8264
INFO:__main__:
【val】epoch:20/150 loss:0.5729 acc:0.7310
INFO:__main__:
【Val】:  SENS: 0.2892  SPEC: 0.9825  PPV: 0.9038  NPV: 0.7083 F1:0.4382
INFO:__main__:验证的best_acc:0.7991
INFO:__main__:----------------------------------------------------------------------------------------------------
INFO:__main__:
【train】epoch:21/150 loss:0.3762 acc:0.8255
INFO:__main__:
【val】epoch:21/150 loss:0.6660 acc:0.7366
INFO:__main__:
【Val】:  SENS: 0.2985  SPEC: 0.9860  PPV: 0.9238  NPV: 0.7118 F1:0.4512
INFO:__main__:验证的best_acc:0.7991
INFO:__main__:----------------------------------------------------------------------------------------------------
INFO:__main__:
【train】epoch:22/150 loss:0.3732 acc:0.8300
INFO:__main__:
【val】epoch:22/150 loss:0.5850 acc:0.7310
INFO:__main__:
【Val】:  SENS: 0.2862  SPEC: 0.9842  PPV: 0.9118  NPV: 0.7078 F1:0.4356
INFO:__main__:验证的best_acc:0.7991
INFO:__main__:----------------------------------------------------------------------------------------------------
INFO:__main__:
【train】epoch:23/150 loss:0.3680 acc:0.8318
INFO:__main__:
【val】epoch:23/150 loss:0.5718 acc:0.7433
INFO:__main__:
【Val】:  SENS: 0.3231  SPEC: 0.9825  PPV: 0.9130  NPV: 0.7183 F1:0.4773
INFO:__main__:验证的best_acc:0.7991
INFO:__main__:----------------------------------------------------------------------------------------------------
INFO:__main__:
【train】epoch:24/150 loss:0.3584 acc:0.8360
INFO:__main__:
【val】epoch:24/150 loss:0.5369 acc:0.7656
INFO:__main__:
【Val】:  SENS: 0.3938  SPEC: 0.9772  PPV: 0.9078  NPV: 0.7391 F1:0.5494
INFO:__main__:验证的best_acc:0.7991
INFO:__main__:----------------------------------------------------------------------------------------------------
INFO:__main__:
【train】epoch:25/150 loss:0.3546 acc:0.8391
INFO:__main__:
【val】epoch:25/150 loss:0.7288 acc:0.7344
INFO:__main__:
【Val】:  SENS: 0.2862  SPEC: 0.9895  PPV: 0.9394  NPV: 0.7089 F1:0.4387
INFO:__main__:验证的best_acc:0.7991
INFO:__main__:----------------------------------------------------------------------------------------------------
INFO:__main__:
【train】epoch:26/150 loss:0.3512 acc:0.8433
INFO:__main__:
【val】epoch:26/150 loss:0.4662 acc:0.8002
INFO:__main__:
【Val】:  SENS: 0.4954  SPEC: 0.9737  PPV: 0.9148  NPV: 0.7722 F1:0.6427
INFO:__main__:验证的best_acc:0.8002
INFO:__main__:----------------------------------------------------------------------------------------------------
INFO:__main__:
【train】epoch:27/150 loss:0.3496 acc:0.8446
INFO:__main__:
【val】epoch:27/150 loss:0.4909 acc:0.7712
INFO:__main__:
【Val】:  SENS: 0.8954  SPEC: 0.7005  PPV: 0.6299  NPV: 0.9217 F1:0.7395
INFO:__main__:验证的best_acc:0.8002
INFO:__main__:----------------------------------------------------------------------------------------------------
INFO:__main__:
【train】epoch:28/150 loss:0.3477 acc:0.8448
INFO:__main__:
【val】epoch:28/150 loss:0.3932 acc:0.8125
INFO:__main__:
【Val】:  SENS: 0.5600  SPEC: 0.9562  PPV: 0.8792  NPV: 0.7925 F1:0.6842
INFO:__main__:验证的best_acc:0.8125
INFO:__main__:----------------------------------------------------------------------------------------------------
INFO:__main__:
【train】epoch:29/150 loss:0.3372 acc:0.8463
INFO:__main__:
【val】epoch:29/150 loss:0.3469 acc:0.8471
INFO:__main__:
【Val】:  SENS: 0.7231  SPEC: 0.9177  PPV: 0.8333  NPV: 0.8534 F1:0.7743
INFO:__main__:验证的best_acc:0.8471
INFO:__main__:----------------------------------------------------------------------------------------------------
INFO:__main__:
【train】epoch:30/150 loss:0.3344 acc:0.8518
INFO:__main__:
【val】epoch:30/150 loss:0.3638 acc:0.8415
INFO:__main__:
【Val】:  SENS: 0.8185  SPEC: 0.8546  PPV: 0.7622  NPV: 0.8921 F1:0.7893
INFO:__main__:验证的best_acc:0.8471
INFO:__main__:----------------------------------------------------------------------------------------------------
INFO:__main__:
【train】epoch:31/150 loss:0.3292 acc:0.8529
INFO:__main__:
【val】epoch:31/150 loss:0.3667 acc:0.8393
INFO:__main__:
【Val】:  SENS: 0.7323  SPEC: 0.9002  PPV: 0.8068  NPV: 0.8552 F1:0.7677
INFO:__main__:验证的best_acc:0.8471
INFO:__main__:----------------------------------------------------------------------------------------------------
INFO:__main__:
【train】epoch:32/150 loss:0.3305 acc:0.8495
INFO:__main__:
【val】epoch:32/150 loss:0.4244 acc:0.8147
INFO:__main__:
【Val】:  SENS: 0.5538  SPEC: 0.9632  PPV: 0.8955  NPV: 0.7914 F1:0.6844
INFO:__main__:验证的best_acc:0.8471
INFO:__main__:----------------------------------------------------------------------------------------------------
INFO:__main__:
【train】epoch:33/150 loss:0.3221 acc:0.8582
INFO:__main__:
【val】epoch:33/150 loss:0.3422 acc:0.8549
INFO:__main__:
【Val】:  SENS: 0.7415  SPEC: 0.9194  PPV: 0.8397  NPV: 0.8621 F1:0.7876
INFO:__main__:验证的best_acc:0.8549
INFO:__main__:----------------------------------------------------------------------------------------------------
INFO:__main__:
【train】epoch:34/150 loss:0.3218 acc:0.8573
INFO:__main__:
【val】epoch:34/150 loss:0.4076 acc:0.8203
INFO:__main__:
【Val】:  SENS: 0.5538  SPEC: 0.9720  PPV: 0.9184  NPV: 0.7929 F1:0.6910
INFO:__main__:验证的best_acc:0.8549
INFO:__main__:----------------------------------------------------------------------------------------------------
INFO:__main__:
【train】epoch:35/150 loss:0.3188 acc:0.8591
INFO:__main__:
【val】epoch:35/150 loss:0.3373 acc:0.8460
INFO:__main__:
【Val】:  SENS: 0.7662  SPEC: 0.8914  PPV: 0.8006  NPV: 0.8701 F1:0.7830
INFO:__main__:验证的best_acc:0.8549
INFO:__main__:----------------------------------------------------------------------------------------------------
INFO:__main__:
【train】epoch:36/150 loss:0.3128 acc:0.8635
INFO:__main__:
【val】epoch:36/150 loss:0.3552 acc:0.8504
INFO:__main__:
【Val】:  SENS: 0.7508  SPEC: 0.9072  PPV: 0.8215  NPV: 0.8648 F1:0.7846
INFO:__main__:验证的best_acc:0.8549
INFO:__main__:----------------------------------------------------------------------------------------------------
INFO:__main__:
【train】epoch:37/150 loss:0.3125 acc:0.8605
INFO:__main__:
【val】epoch:37/150 loss:0.4283 acc:0.8002
INFO:__main__:
【Val】:  SENS: 0.8831  SPEC: 0.7531  PPV: 0.6706  NPV: 0.9188 F1:0.7623
INFO:__main__:验证的best_acc:0.8549
INFO:__main__:----------------------------------------------------------------------------------------------------
INFO:__main__:
【train】epoch:38/150 loss:0.3081 acc:0.8606
INFO:__main__:
【val】epoch:38/150 loss:0.3704 acc:0.8493
INFO:__main__:
【Val】:  SENS: 0.7077  SPEC: 0.9299  PPV: 0.8519  NPV: 0.8482 F1:0.7731
INFO:__main__:验证的best_acc:0.8549
INFO:__main__:----------------------------------------------------------------------------------------------------
INFO:__main__:
【train】epoch:39/150 loss:0.2969 acc:0.8739
INFO:__main__:
【val】epoch:39/150 loss:0.4258 acc:0.8203
INFO:__main__:
【Val】:  SENS: 0.5815  SPEC: 0.9562  PPV: 0.8832  NPV: 0.8006 F1:0.7013
INFO:__main__:验证的best_acc:0.8549
INFO:__main__:----------------------------------------------------------------------------------------------------
INFO:__main__:
【train】epoch:40/150 loss:0.2943 acc:0.8728
INFO:__main__:
【val】epoch:40/150 loss:0.6538 acc:0.7545
INFO:__main__:
【Val】:  SENS: 0.3477  SPEC: 0.9860  PPV: 0.9339  NPV: 0.7265 F1:0.5067
INFO:__main__:验证的best_acc:0.8549
INFO:__main__:----------------------------------------------------------------------------------------------------
INFO:__main__:
【train】epoch:41/150 loss:0.2939 acc:0.8708
INFO:__main__:
【val】epoch:41/150 loss:0.3637 acc:0.8516
INFO:__main__:
【Val】:  SENS: 0.6862  SPEC: 0.9457  PPV: 0.8780  NPV: 0.8411 F1:0.7703
INFO:__main__:验证的best_acc:0.8549
INFO:__main__:----------------------------------------------------------------------------------------------------
INFO:__main__:
【train】epoch:42/150 loss:0.2872 acc:0.8745
INFO:__main__:
【val】epoch:42/150 loss:0.5210 acc:0.7857
INFO:__main__:
【Val】:  SENS: 0.4554  SPEC: 0.9737  PPV: 0.9080  NPV: 0.7585 F1:0.6066
INFO:__main__:验证的best_acc:0.8549
INFO:__main__:----------------------------------------------------------------------------------------------------
INFO:__main__:
【train】epoch:43/150 loss:0.2882 acc:0.8721
INFO:__main__:
【val】epoch:43/150 loss:0.3955 acc:0.8259
INFO:__main__:
【Val】:  SENS: 0.5846  SPEC: 0.9632  PPV: 0.9005  NPV: 0.8029 F1:0.7090
INFO:__main__:验证的best_acc:0.8549
INFO:__main__:----------------------------------------------------------------------------------------------------
INFO:__main__:
【train】epoch:44/150 loss:0.2889 acc:0.8736
INFO:__main__:
【val】epoch:44/150 loss:0.3960 acc:0.8315
INFO:__main__:
【Val】:  SENS: 0.8308  SPEC: 0.8319  PPV: 0.7377  NPV: 0.8962 F1:0.7815
INFO:__main__:验证的best_acc:0.8549
INFO:__main__:----------------------------------------------------------------------------------------------------
INFO:__main__:
【train】epoch:45/150 loss:0.2737 acc:0.8791
INFO:__main__:
【val】epoch:45/150 loss:0.3997 acc:0.8248
INFO:__main__:
【Val】:  SENS: 0.7877  SPEC: 0.8459  PPV: 0.7442  NPV: 0.8750 F1:0.7653
INFO:__main__:验证的best_acc:0.8549
INFO:__main__:----------------------------------------------------------------------------------------------------
INFO:__main__:
【train】epoch:46/150 loss:0.2917 acc:0.8749
INFO:__main__:
【val】epoch:46/150 loss:0.3560 acc:0.8449
INFO:__main__:
【Val】:  SENS: 0.8215  SPEC: 0.8581  PPV: 0.7672  NPV: 0.8942 F1:0.7935
INFO:__main__:验证的best_acc:0.8549
INFO:__main__:----------------------------------------------------------------------------------------------------
INFO:__main__:
【train】epoch:47/150 loss:0.2778 acc:0.8784
INFO:__main__:
【val】epoch:47/150 loss:0.3485 acc:0.8549
INFO:__main__:
【Val】:  SENS: 0.8092  SPEC: 0.8809  PPV: 0.7946  NPV: 0.8903 F1:0.8018
INFO:__main__:验证的best_acc:0.8549
INFO:__main__:----------------------------------------------------------------------------------------------------
INFO:__main__:
【train】epoch:48/150 loss:0.2738 acc:0.8796
INFO:__main__:
【val】epoch:48/150 loss:0.3655 acc:0.8549
INFO:__main__:
【Val】:  SENS: 0.8554  SPEC: 0.8546  PPV: 0.7701  NPV: 0.9121 F1:0.8105
INFO:__main__:验证的best_acc:0.8549
INFO:__main__:----------------------------------------------------------------------------------------------------
INFO:__main__:
【train】epoch:49/150 loss:0.2628 acc:0.8890
INFO:__main__:
【val】epoch:49/150 loss:0.4132 acc:0.8237
INFO:__main__:
【Val】:  SENS: 0.8246  SPEC: 0.8231  PPV: 0.7263  NPV: 0.8918 F1:0.7723
INFO:__main__:验证的best_acc:0.8549
INFO:__main__:----------------------------------------------------------------------------------------------------
INFO:__main__:
【train】epoch:50/150 loss:0.2634 acc:0.8876
INFO:__main__:
【val】epoch:50/150 loss:0.3435 acc:0.8583
INFO:__main__:
【Val】:  SENS: 0.8154  SPEC: 0.8827  PPV: 0.7982  NPV: 0.8936 F1:0.8067
INFO:__main__:验证的best_acc:0.8583
INFO:__main__:----------------------------------------------------------------------------------------------------
INFO:__main__:
【train】epoch:51/150 loss:0.2610 acc:0.8883
INFO:__main__:
【val】epoch:51/150 loss:0.4366 acc:0.8170
INFO:__main__:
【Val】:  SENS: 0.8000  SPEC: 0.8266  PPV: 0.7242  NPV: 0.8790 F1:0.7602
INFO:__main__:验证的best_acc:0.8583
INFO:__main__:----------------------------------------------------------------------------------------------------
INFO:__main__:
【train】epoch:52/150 loss:0.2560 acc:0.8923
INFO:__main__:
【val】epoch:52/150 loss:0.3965 acc:0.8393
INFO:__main__:
【Val】:  SENS: 0.6523  SPEC: 0.9457  PPV: 0.8724  NPV: 0.8270 F1:0.7465
INFO:__main__:验证的best_acc:0.8583
INFO:__main__:----------------------------------------------------------------------------------------------------
INFO:__main__:
【train】epoch:53/150 loss:0.2513 acc:0.8925
INFO:__main__:
【val】epoch:53/150 loss:0.3917 acc:0.8449
INFO:__main__:
【Val】:  SENS: 0.7292  SPEC: 0.9107  PPV: 0.8229  NPV: 0.8553 F1:0.7732
INFO:__main__:验证的best_acc:0.8583
INFO:__main__:----------------------------------------------------------------------------------------------------
INFO:__main__:
【train】epoch:54/150 loss:0.2514 acc:0.8942
INFO:__main__:
【val】epoch:54/150 loss:0.4102 acc:0.8426
INFO:__main__:
【Val】:  SENS: 0.7477  SPEC: 0.8967  PPV: 0.8046  NPV: 0.8620 F1:0.7751
INFO:__main__:验证的best_acc:0.8583
INFO:__main__:----------------------------------------------------------------------------------------------------
INFO:__main__:
【train】epoch:55/150 loss:0.2426 acc:0.8963
INFO:__main__:
【val】epoch:55/150 loss:0.4658 acc:0.8125
INFO:__main__:
【Val】:  SENS: 0.5600  SPEC: 0.9562  PPV: 0.8792  NPV: 0.7925 F1:0.6842
INFO:__main__:验证的best_acc:0.8583
INFO:__main__:----------------------------------------------------------------------------------------------------
INFO:__main__:
【train】epoch:56/150 loss:0.2489 acc:0.8913
INFO:__main__:
【val】epoch:56/150 loss:0.3927 acc:0.8438
INFO:__main__:
【Val】:  SENS: 0.7046  SPEC: 0.9229  PPV: 0.8388  NPV: 0.8459 F1:0.7659
INFO:__main__:验证的best_acc:0.8583
INFO:__main__:----------------------------------------------------------------------------------------------------
INFO:__main__:
【train】epoch:57/150 loss:0.2458 acc:0.8966
INFO:__main__:
【val】epoch:57/150 loss:0.3626 acc:0.8438
INFO:__main__:
【Val】:  SENS: 0.6954  SPEC: 0.9282  PPV: 0.8464  NPV: 0.8426 F1:0.7635
INFO:__main__:验证的best_acc:0.8583
INFO:__main__:----------------------------------------------------------------------------------------------------
INFO:__main__:
【train】epoch:58/150 loss:0.2454 acc:0.8943
INFO:__main__:
【val】epoch:58/150 loss:0.4437 acc:0.8326
INFO:__main__:
【Val】:  SENS: 0.8646  SPEC: 0.8144  PPV: 0.7261  NPV: 0.9136 F1:0.7893
INFO:__main__:验证的best_acc:0.8583
INFO:__main__:----------------------------------------------------------------------------------------------------
INFO:__main__:
【train】epoch:59/150 loss:0.2381 acc:0.8999
INFO:__main__:
【val】epoch:59/150 loss:0.3956 acc:0.8393
INFO:__main__:
【Val】:  SENS: 0.8000  SPEC: 0.8616  PPV: 0.7670  NPV: 0.8833 F1:0.7831
INFO:__main__:验证的best_acc:0.8583
INFO:__main__:----------------------------------------------------------------------------------------------------
INFO:__main__:
【train】epoch:60/150 loss:0.2254 acc:0.9062
INFO:__main__:
【val】epoch:60/150 loss:0.3770 acc:0.8504
INFO:__main__:
【Val】:  SENS: 0.7508  SPEC: 0.9072  PPV: 0.8215  NPV: 0.8648 F1:0.7846
INFO:__main__:验证的best_acc:0.8583
INFO:__main__:----------------------------------------------------------------------------------------------------
INFO:__main__:
【train】epoch:61/150 loss:0.2241 acc:0.9057
INFO:__main__:
【val】epoch:61/150 loss:0.3608 acc:0.8571
INFO:__main__:
【Val】:  SENS: 0.7662  SPEC: 0.9089  PPV: 0.8272  NPV: 0.8723 F1:0.7955
INFO:__main__:验证的best_acc:0.8583
INFO:__main__:----------------------------------------------------------------------------------------------------
INFO:__main__:
【train】epoch:62/150 loss:0.2269 acc:0.9073
INFO:__main__:
【val】epoch:62/150 loss:0.3880 acc:0.8560
INFO:__main__:
【Val】:  SENS: 0.7446  SPEC: 0.9194  PPV: 0.8403  NPV: 0.8635 F1:0.7896
INFO:__main__:验证的best_acc:0.8583
INFO:__main__:----------------------------------------------------------------------------------------------------
INFO:__main__:
【train】epoch:63/150 loss:0.2167 acc:0.9144
INFO:__main__:
【val】epoch:63/150 loss:0.4352 acc:0.8504
INFO:__main__:
【Val】:  SENS: 0.7108  SPEC: 0.9299  PPV: 0.8524  NPV: 0.8496 F1:0.7752
INFO:__main__:验证的best_acc:0.8583
INFO:__main__:----------------------------------------------------------------------------------------------------
INFO:__main__:
【train】epoch:64/150 loss:0.2195 acc:0.9092
INFO:__main__:
【val】epoch:64/150 loss:0.3744 acc:0.8504
INFO:__main__:
【Val】:  SENS: 0.7938  SPEC: 0.8827  PPV: 0.7938  NPV: 0.8827 F1:0.7938
INFO:__main__:验证的best_acc:0.8583
INFO:__main__:----------------------------------------------------------------------------------------------------
INFO:__main__:
【train】epoch:65/150 loss:0.2147 acc:0.9115
INFO:__main__:
【val】epoch:65/150 loss:0.3527 acc:0.8549
INFO:__main__:
【Val】:  SENS: 0.7815  SPEC: 0.8967  PPV: 0.8115  NPV: 0.8782 F1:0.7962
INFO:__main__:验证的best_acc:0.8583
INFO:__main__:----------------------------------------------------------------------------------------------------
INFO:__main__:
【train】epoch:66/150 loss:0.2136 acc:0.9083
INFO:__main__:
【val】epoch:66/150 loss:0.4032 acc:0.8438
INFO:__main__:
【Val】:  SENS: 0.6585  SPEC: 0.9492  PPV: 0.8807  NPV: 0.8300 F1:0.7535
INFO:__main__:验证的best_acc:0.8583
INFO:__main__:----------------------------------------------------------------------------------------------------
INFO:__main__:
【train】epoch:67/150 loss:0.2165 acc:0.9132
INFO:__main__:
【val】epoch:67/150 loss:0.4073 acc:0.8571
INFO:__main__:
【Val】:  SENS: 0.7354  SPEC: 0.9264  PPV: 0.8505  NPV: 0.8602 F1:0.7888
INFO:__main__:验证的best_acc:0.8583
INFO:__main__:----------------------------------------------------------------------------------------------------
INFO:__main__:
【train】epoch:68/150 loss:0.2137 acc:0.9130
INFO:__main__:
【val】epoch:68/150 loss:0.4169 acc:0.8248
INFO:__main__:
【Val】:  SENS: 0.8092  SPEC: 0.8336  PPV: 0.7346  NPV: 0.8848 F1:0.7701
INFO:__main__:验证的best_acc:0.8583
INFO:__main__:----------------------------------------------------------------------------------------------------
INFO:__main__:
【train】epoch:69/150 loss:0.2041 acc:0.9168
INFO:__main__:
【val】epoch:69/150 loss:0.3553 acc:0.8683
INFO:__main__:
【Val】:  SENS: 0.7908  SPEC: 0.9124  PPV: 0.8371  NPV: 0.8846 F1:0.8133
INFO:__main__:验证的best_acc:0.8683
INFO:__main__:----------------------------------------------------------------------------------------------------
INFO:__main__:
【train】epoch:70/150 loss:0.1875 acc:0.9255
INFO:__main__:
【val】epoch:70/150 loss:0.3886 acc:0.8694
INFO:__main__:
【Val】:  SENS: 0.7908  SPEC: 0.9142  PPV: 0.8399  NPV: 0.8847 F1:0.8146
INFO:__main__:验证的best_acc:0.8694
INFO:__main__:----------------------------------------------------------------------------------------------------
INFO:__main__:
【train】epoch:71/150 loss:0.1912 acc:0.9228
INFO:__main__:
【val】epoch:71/150 loss:0.4117 acc:0.8337
INFO:__main__:
【Val】:  SENS: 0.6185  SPEC: 0.9562  PPV: 0.8894  NPV: 0.8149 F1:0.7296
INFO:__main__:验证的best_acc:0.8694
INFO:__main__:----------------------------------------------------------------------------------------------------
INFO:__main__:
【train】epoch:72/150 loss:0.1946 acc:0.9201
INFO:__main__:
【val】epoch:72/150 loss:0.3981 acc:0.8538
INFO:__main__:
【Val】:  SENS: 0.7938  SPEC: 0.8879  PPV: 0.8012  NPV: 0.8833 F1:0.7975
INFO:__main__:验证的best_acc:0.8694
INFO:__main__:----------------------------------------------------------------------------------------------------
INFO:__main__:
【train】epoch:73/150 loss:0.1970 acc:0.9192
INFO:__main__:
【val】epoch:73/150 loss:0.4287 acc:0.8393
INFO:__main__:
【Val】:  SENS: 0.7938  SPEC: 0.8651  PPV: 0.7701  NPV: 0.8806 F1:0.7818
INFO:__main__:验证的best_acc:0.8694
INFO:__main__:----------------------------------------------------------------------------------------------------
INFO:__main__:
【train】epoch:74/150 loss:0.1945 acc:0.9186
INFO:__main__:
【val】epoch:74/150 loss:0.3761 acc:0.8549
INFO:__main__:
【Val】:  SENS: 0.7908  SPEC: 0.8914  PPV: 0.8056  NPV: 0.8821 F1:0.7981
INFO:__main__:验证的best_acc:0.8694
INFO:__main__:----------------------------------------------------------------------------------------------------
INFO:__main__:
【train】epoch:75/150 loss:0.1864 acc:0.9277
INFO:__main__:
【val】epoch:75/150 loss:0.4281 acc:0.8493
INFO:__main__:
【Val】:  SENS: 0.8308  SPEC: 0.8599  PPV: 0.7714  NPV: 0.8993 F1:0.8000
INFO:__main__:验证的best_acc:0.8694
INFO:__main__:----------------------------------------------------------------------------------------------------
INFO:__main__:
【train】epoch:76/150 loss:0.1862 acc:0.9284
INFO:__main__:
【val】epoch:76/150 loss:0.3770 acc:0.8605
INFO:__main__:
【Val】:  SENS: 0.8062  SPEC: 0.8914  PPV: 0.8086  NPV: 0.8899 F1:0.8074
INFO:__main__:验证的best_acc:0.8694
INFO:__main__:----------------------------------------------------------------------------------------------------
INFO:__main__:
【train】epoch:77/150 loss:0.1837 acc:0.9255
INFO:__main__:
【val】epoch:77/150 loss:0.4110 acc:0.8348
INFO:__main__:
【Val】:  SENS: 0.6554  SPEC: 0.9370  PPV: 0.8554  NPV: 0.8269 F1:0.7422
INFO:__main__:验证的best_acc:0.8694
INFO:__main__:----------------------------------------------------------------------------------------------------
INFO:__main__:
【train】epoch:78/150 loss:0.1852 acc:0.9258
INFO:__main__:
【val】epoch:78/150 loss:0.3755 acc:0.8438
INFO:__main__:
【Val】:  SENS: 0.7969  SPEC: 0.8704  PPV: 0.7778  NPV: 0.8828 F1:0.7872
INFO:__main__:验证的best_acc:0.8694
INFO:__main__:----------------------------------------------------------------------------------------------------
INFO:__main__:
【train】epoch:79/150 loss:0.1703 acc:0.9321
INFO:__main__:
【val】epoch:79/150 loss:0.3633 acc:0.8616
INFO:__main__:
【Val】:  SENS: 0.7877  SPEC: 0.9037  PPV: 0.8232  NPV: 0.8821 F1:0.8050
INFO:__main__:验证的best_acc:0.8694
INFO:__main__:----------------------------------------------------------------------------------------------------
INFO:__main__:
【train】epoch:80/150 loss:0.1788 acc:0.9274
INFO:__main__:
【val】epoch:80/150 loss:0.3711 acc:0.8627
INFO:__main__:
【Val】:  SENS: 0.8215  SPEC: 0.8862  PPV: 0.8042  NPV: 0.8972 F1:0.8128
INFO:__main__:验证的best_acc:0.8694
INFO:__main__:----------------------------------------------------------------------------------------------------
INFO:__main__:
【train】epoch:81/150 loss:0.1648 acc:0.9315
INFO:__main__:
【val】epoch:81/150 loss:0.4252 acc:0.8393
INFO:__main__:
【Val】:  SENS: 0.8431  SPEC: 0.8371  PPV: 0.7466  NPV: 0.9036 F1:0.7919
INFO:__main__:验证的best_acc:0.8694
INFO:__main__:----------------------------------------------------------------------------------------------------
INFO:__main__:
【train】epoch:82/150 loss:0.1703 acc:0.9334
INFO:__main__:
【val】epoch:82/150 loss:0.3580 acc:0.8627
INFO:__main__:
【Val】:  SENS: 0.8462  SPEC: 0.8722  PPV: 0.7902  NPV: 0.9088 F1:0.8172
INFO:__main__:验证的best_acc:0.8694
INFO:__main__:----------------------------------------------------------------------------------------------------
INFO:__main__:
【train】epoch:83/150 loss:0.1652 acc:0.9346
INFO:__main__:
【val】epoch:83/150 loss:0.3765 acc:0.8650
INFO:__main__:
【Val】:  SENS: 0.7600  SPEC: 0.9247  PPV: 0.8517  NPV: 0.8713 F1:0.8033
INFO:__main__:验证的best_acc:0.8694
INFO:__main__:----------------------------------------------------------------------------------------------------
INFO:__main__:
【train】epoch:84/150 loss:0.1666 acc:0.9330
INFO:__main__:
【val】epoch:84/150 loss:0.4220 acc:0.8527
INFO:__main__:
【Val】:  SENS: 0.8462  SPEC: 0.8564  PPV: 0.7703  NPV: 0.9072 F1:0.8065
INFO:__main__:验证的best_acc:0.8694
INFO:__main__:----------------------------------------------------------------------------------------------------
INFO:__main__:
【train】epoch:85/150 loss:0.1611 acc:0.9371
INFO:__main__:
【val】epoch:85/150 loss:0.3765 acc:0.8538
INFO:__main__:
【Val】:  SENS: 0.7846  SPEC: 0.8932  PPV: 0.8070  NPV: 0.8793 F1:0.7956
INFO:__main__:验证的best_acc:0.8694
INFO:__main__:----------------------------------------------------------------------------------------------------
INFO:__main__:
【train】epoch:86/150 loss:0.1563 acc:0.9418
INFO:__main__:
【val】epoch:86/150 loss:0.4149 acc:0.8527
INFO:__main__:
【Val】:  SENS: 0.6800  SPEC: 0.9510  PPV: 0.8876  NPV: 0.8393 F1:0.7700
INFO:__main__:验证的best_acc:0.8694
INFO:__main__:----------------------------------------------------------------------------------------------------
INFO:__main__:
【train】epoch:87/150 loss:0.1651 acc:0.9378
INFO:__main__:
【val】epoch:87/150 loss:0.4252 acc:0.8605
INFO:__main__:
【Val】:  SENS: 0.7385  SPEC: 0.9299  PPV: 0.8571  NPV: 0.8620 F1:0.7934
INFO:__main__:验证的best_acc:0.8694
INFO:__main__:----------------------------------------------------------------------------------------------------
INFO:__main__:
【train】epoch:88/150 loss:0.1516 acc:0.9409
INFO:__main__:
【val】epoch:88/150 loss:0.3824 acc:0.8650
INFO:__main__:
【Val】:  SENS: 0.7908  SPEC: 0.9072  PPV: 0.8290  NPV: 0.8840 F1:0.8094
INFO:__main__:验证的best_acc:0.8694
INFO:__main__:----------------------------------------------------------------------------------------------------
INFO:__main__:
【train】epoch:89/150 loss:0.1450 acc:0.9463
INFO:__main__:
【val】epoch:89/150 loss:0.4125 acc:0.8627
INFO:__main__:
【Val】:  SENS: 0.8185  SPEC: 0.8879  PPV: 0.8061  NPV: 0.8958 F1:0.8122
INFO:__main__:验证的best_acc:0.8694
INFO:__main__:----------------------------------------------------------------------------------------------------
INFO:__main__:
【train】epoch:90/150 loss:0.1478 acc:0.9420
INFO:__main__:
【val】epoch:90/150 loss:0.4377 acc:0.8438
INFO:__main__:
【Val】:  SENS: 0.8862  SPEC: 0.8196  PPV: 0.7366  NPV: 0.9267 F1:0.8045
INFO:__main__:验证的best_acc:0.8694
INFO:__main__:----------------------------------------------------------------------------------------------------
INFO:__main__:
【train】epoch:91/150 loss:0.1353 acc:0.9481
INFO:__main__:
【val】epoch:91/150 loss:0.3990 acc:0.8750
INFO:__main__:
【Val】:  SENS: 0.8185  SPEC: 0.9072  PPV: 0.8339  NPV: 0.8977 F1:0.8261
INFO:__main__:验证的best_acc:0.8750
INFO:__main__:----------------------------------------------------------------------------------------------------
INFO:__main__:
【train】epoch:92/150 loss:0.1430 acc:0.9444
INFO:__main__:
【val】epoch:92/150 loss:0.4028 acc:0.8560
INFO:__main__:
【Val】:  SENS: 0.8462  SPEC: 0.8616  PPV: 0.7768  NPV: 0.9077 F1:0.8100
INFO:__main__:验证的best_acc:0.8750
INFO:__main__:----------------------------------------------------------------------------------------------------
INFO:__main__:
【train】epoch:93/150 loss:0.1443 acc:0.9408
INFO:__main__:
【val】epoch:93/150 loss:0.4123 acc:0.8549
INFO:__main__:
【Val】:  SENS: 0.8185  SPEC: 0.8757  PPV: 0.7893  NPV: 0.8945 F1:0.8036
INFO:__main__:验证的best_acc:0.8750
INFO:__main__:----------------------------------------------------------------------------------------------------
INFO:__main__:
【train】epoch:94/150 loss:0.1375 acc:0.9451
INFO:__main__:
【val】epoch:94/150 loss:0.4532 acc:0.8571
INFO:__main__:
【Val】:  SENS: 0.8585  SPEC: 0.8564  PPV: 0.7729  NPV: 0.9140 F1:0.8134
INFO:__main__:验证的best_acc:0.8750
INFO:__main__:----------------------------------------------------------------------------------------------------
INFO:__main__:
【train】epoch:95/150 loss:0.1367 acc:0.9485
INFO:__main__:
【val】epoch:95/150 loss:0.4199 acc:0.8661
INFO:__main__:
【Val】:  SENS: 0.7446  SPEC: 0.9352  PPV: 0.8674  NPV: 0.8655 F1:0.8013
INFO:__main__:验证的best_acc:0.8750
INFO:__main__:----------------------------------------------------------------------------------------------------
INFO:__main__:
【train】epoch:96/150 loss:0.1432 acc:0.9414
INFO:__main__:
【val】epoch:96/150 loss:0.4719 acc:0.8359
INFO:__main__:
【Val】:  SENS: 0.7846  SPEC: 0.8651  PPV: 0.7681  NPV: 0.8759 F1:0.7763
INFO:__main__:验证的best_acc:0.8750
INFO:__main__:----------------------------------------------------------------------------------------------------
INFO:__main__:
【train】epoch:97/150 loss:0.1396 acc:0.9443
INFO:__main__:
【val】epoch:97/150 loss:0.4245 acc:0.8504
INFO:__main__:
【Val】:  SENS: 0.8554  SPEC: 0.8476  PPV: 0.7616  NPV: 0.9115 F1:0.8058
INFO:__main__:验证的best_acc:0.8750
INFO:__main__:----------------------------------------------------------------------------------------------------
INFO:__main__:
【train】epoch:98/150 loss:0.1426 acc:0.9451
INFO:__main__:
【val】epoch:98/150 loss:0.3985 acc:0.8694
INFO:__main__:
【Val】:  SENS: 0.7785  SPEC: 0.9212  PPV: 0.8490  NPV: 0.8796 F1:0.8122
INFO:__main__:验证的best_acc:0.8750
INFO:__main__:----------------------------------------------------------------------------------------------------
INFO:__main__:
【train】epoch:99/150 loss:0.1315 acc:0.9473
INFO:__main__:
【val】epoch:99/150 loss:0.3835 acc:0.8616
INFO:__main__:
【Val】:  SENS: 0.8400  SPEC: 0.8739  PPV: 0.7913  NPV: 0.9056 F1:0.8149
INFO:__main__:验证的best_acc:0.8750
INFO:__main__:----------------------------------------------------------------------------------------------------
INFO:__main__:
【train】epoch:100/150 loss:0.1244 acc:0.9495
INFO:__main__:
【val】epoch:100/150 loss:0.5619 acc:0.8036
INFO:__main__:
【Val】:  SENS: 0.8738  SPEC: 0.7636  PPV: 0.6778  NPV: 0.9140 F1:0.7634
INFO:__main__:验证的best_acc:0.8750
INFO:__main__:----------------------------------------------------------------------------------------------------
INFO:__main__:
【train】epoch:101/150 loss:0.1287 acc:0.9484
INFO:__main__:
【val】epoch:101/150 loss:0.4302 acc:0.8549
INFO:__main__:
【Val】:  SENS: 0.7877  SPEC: 0.8932  PPV: 0.8076  NPV: 0.8808 F1:0.7975
INFO:__main__:验证的best_acc:0.8750
INFO:__main__:----------------------------------------------------------------------------------------------------
INFO:__main__:
【train】epoch:102/150 loss:0.1241 acc:0.9518
INFO:__main__:
【val】epoch:102/150 loss:0.4335 acc:0.8549
INFO:__main__:
【Val】:  SENS: 0.7877  SPEC: 0.8932  PPV: 0.8076  NPV: 0.8808 F1:0.7975
INFO:__main__:验证的best_acc:0.8750
INFO:__main__:----------------------------------------------------------------------------------------------------
INFO:__main__:
【train】epoch:103/150 loss:0.1192 acc:0.9514
INFO:__main__:
【val】epoch:103/150 loss:0.4042 acc:0.8627
INFO:__main__:
【Val】:  SENS: 0.8369  SPEC: 0.8774  PPV: 0.7953  NPV: 0.9043 F1:0.8156
INFO:__main__:验证的best_acc:0.8750
INFO:__main__:----------------------------------------------------------------------------------------------------
INFO:__main__:
【train】epoch:104/150 loss:0.1245 acc:0.9495
INFO:__main__:
【val】epoch:104/150 loss:0.4002 acc:0.8616
INFO:__main__:
【Val】:  SENS: 0.8431  SPEC: 0.8722  PPV: 0.7896  NPV: 0.9071 F1:0.8155
INFO:__main__:验证的best_acc:0.8750
INFO:__main__:----------------------------------------------------------------------------------------------------
INFO:__main__:
【train】epoch:105/150 loss:0.1238 acc:0.9512
INFO:__main__:
【val】epoch:105/150 loss:0.4605 acc:0.8493
INFO:__main__:
【Val】:  SENS: 0.7785  SPEC: 0.8897  PPV: 0.8006  NPV: 0.8759 F1:0.7894
INFO:__main__:验证的best_acc:0.8750
INFO:__main__:----------------------------------------------------------------------------------------------------
INFO:__main__:
【train】epoch:106/150 loss:0.1228 acc:0.9512
INFO:__main__:
【val】epoch:106/150 loss:0.4073 acc:0.8672
INFO:__main__:
【Val】:  SENS: 0.7938  SPEC: 0.9089  PPV: 0.8323  NPV: 0.8857 F1:0.8126
INFO:__main__:验证的best_acc:0.8750
INFO:__main__:----------------------------------------------------------------------------------------------------
INFO:__main__:
【train】epoch:107/150 loss:0.1193 acc:0.9546
INFO:__main__:
【val】epoch:107/150 loss:0.4091 acc:0.8661
INFO:__main__:
【Val】:  SENS: 0.7846  SPEC: 0.9124  PPV: 0.8361  NPV: 0.8816 F1:0.8095
INFO:__main__:验证的best_acc:0.8750
INFO:__main__:----------------------------------------------------------------------------------------------------
INFO:__main__:
【train】epoch:108/150 loss:0.1192 acc:0.9531
INFO:__main__:
【val】epoch:108/150 loss:0.4257 acc:0.8661
INFO:__main__:
【Val】:  SENS: 0.8215  SPEC: 0.8914  PPV: 0.8116  NPV: 0.8977 F1:0.8165
INFO:__main__:验证的best_acc:0.8750
INFO:__main__:----------------------------------------------------------------------------------------------------
INFO:__main__:
【train】epoch:109/150 loss:0.1094 acc:0.9598
INFO:__main__:
【val】epoch:109/150 loss:0.4073 acc:0.8717
INFO:__main__:
【Val】:  SENS: 0.8277  SPEC: 0.8967  PPV: 0.8201  NPV: 0.9014 F1:0.8239
INFO:__main__:验证的best_acc:0.8750
INFO:__main__:----------------------------------------------------------------------------------------------------
INFO:__main__:
【train】epoch:110/150 loss:0.1159 acc:0.9556
INFO:__main__:
【val】epoch:110/150 loss:0.5600 acc:0.8248
INFO:__main__:
【Val】:  SENS: 0.7846  SPEC: 0.8476  PPV: 0.7456  NPV: 0.8736 F1:0.7646
INFO:__main__:验证的best_acc:0.8750
INFO:__main__:----------------------------------------------------------------------------------------------------
INFO:__main__:
【train】epoch:111/150 loss:0.1073 acc:0.9591
INFO:__main__:
【val】epoch:111/150 loss:0.4138 acc:0.8661
INFO:__main__:
【Val】:  SENS: 0.8154  SPEC: 0.8949  PPV: 0.8154  NPV: 0.8949 F1:0.8154
INFO:__main__:验证的best_acc:0.8750
INFO:__main__:----------------------------------------------------------------------------------------------------
INFO:__main__:
【train】epoch:112/150 loss:0.1071 acc:0.9594
INFO:__main__:
【val】epoch:112/150 loss:0.4275 acc:0.8616
INFO:__main__:
【Val】:  SENS: 0.8646  SPEC: 0.8599  PPV: 0.7784  NPV: 0.9178 F1:0.8192
INFO:__main__:验证的best_acc:0.8750
INFO:__main__:----------------------------------------------------------------------------------------------------
INFO:__main__:
【train】epoch:113/150 loss:0.1069 acc:0.9583
INFO:__main__:
【val】epoch:113/150 loss:0.4468 acc:0.8627
INFO:__main__:
【Val】:  SENS: 0.7846  SPEC: 0.9072  PPV: 0.8279  NPV: 0.8810 F1:0.8057
INFO:__main__:验证的best_acc:0.8750
INFO:__main__:----------------------------------------------------------------------------------------------------
INFO:__main__:
【train】epoch:114/150 loss:0.1073 acc:0.9571
INFO:__main__:
【val】epoch:114/150 loss:0.4319 acc:0.8605
INFO:__main__:
【Val】:  SENS: 0.8400  SPEC: 0.8722  PPV: 0.7890  NPV: 0.9055 F1:0.8137
INFO:__main__:验证的best_acc:0.8750
INFO:__main__:----------------------------------------------------------------------------------------------------
INFO:__main__:
【train】epoch:115/150 loss:0.1048 acc:0.9603
INFO:__main__:
【val】epoch:115/150 loss:0.4187 acc:0.8627
INFO:__main__:
【Val】:  SENS: 0.8062  SPEC: 0.8949  PPV: 0.8137  NPV: 0.8902 F1:0.8099
INFO:__main__:验证的best_acc:0.8750
INFO:__main__:----------------------------------------------------------------------------------------------------
INFO:__main__:
【train】epoch:116/150 loss:0.1063 acc:0.9594
INFO:__main__:
【val】epoch:116/150 loss:0.4238 acc:0.8627
INFO:__main__:
【Val】:  SENS: 0.8369  SPEC: 0.8774  PPV: 0.7953  NPV: 0.9043 F1:0.8156
INFO:__main__:验证的best_acc:0.8750
INFO:__main__:----------------------------------------------------------------------------------------------------
INFO:__main__:
【train】epoch:117/150 loss:0.1010 acc:0.9613
INFO:__main__:
【val】epoch:117/150 loss:0.4367 acc:0.8717
INFO:__main__:
【Val】:  SENS: 0.8277  SPEC: 0.8967  PPV: 0.8201  NPV: 0.9014 F1:0.8239
INFO:__main__:验证的best_acc:0.8750
INFO:__main__:----------------------------------------------------------------------------------------------------
INFO:__main__:
【train】epoch:118/150 loss:0.1055 acc:0.9582
INFO:__main__:
【val】epoch:118/150 loss:0.4415 acc:0.8761
INFO:__main__:
【Val】:  SENS: 0.8277  SPEC: 0.9037  PPV: 0.8302  NPV: 0.9021 F1:0.8290
INFO:__main__:验证的best_acc:0.8761
INFO:__main__:----------------------------------------------------------------------------------------------------
INFO:__main__:
【train】epoch:119/150 loss:0.1030 acc:0.9611
INFO:__main__:
【val】epoch:119/150 loss:0.4328 acc:0.8739
INFO:__main__:
【Val】:  SENS: 0.8677  SPEC: 0.8774  PPV: 0.8011  NPV: 0.9210 F1:0.8331
INFO:__main__:验证的best_acc:0.8761
INFO:__main__:----------------------------------------------------------------------------------------------------
INFO:__main__:
【train】epoch:120/150 loss:0.0936 acc:0.9647
INFO:__main__:
【val】epoch:120/150 loss:0.4467 acc:0.8694
INFO:__main__:
【Val】:  SENS: 0.8492  SPEC: 0.8809  PPV: 0.8023  NPV: 0.9112 F1:0.8251
INFO:__main__:验证的best_acc:0.8761
INFO:__main__:----------------------------------------------------------------------------------------------------
INFO:__main__:
【train】epoch:121/150 loss:0.0926 acc:0.9668
INFO:__main__:
【val】epoch:121/150 loss:0.4769 acc:0.8605
INFO:__main__:
【Val】:  SENS: 0.8615  SPEC: 0.8599  PPV: 0.7778  NPV: 0.9160 F1:0.8175
INFO:__main__:验证的best_acc:0.8761
INFO:__main__:----------------------------------------------------------------------------------------------------
INFO:__main__:
【train】epoch:122/150 loss:0.0982 acc:0.9618
INFO:__main__:
【val】epoch:122/150 loss:0.4127 acc:0.8661
INFO:__main__:
【Val】:  SENS: 0.8400  SPEC: 0.8809  PPV: 0.8006  NPV: 0.9063 F1:0.8198
INFO:__main__:验证的best_acc:0.8761
INFO:__main__:----------------------------------------------------------------------------------------------------
INFO:__main__:
【train】epoch:123/150 loss:0.0915 acc:0.9651
INFO:__main__:
【val】epoch:123/150 loss:0.4783 acc:0.8538
INFO:__main__:
【Val】:  SENS: 0.8862  SPEC: 0.8354  PPV: 0.7539  NPV: 0.9280 F1:0.8147
INFO:__main__:验证的best_acc:0.8761
INFO:__main__:----------------------------------------------------------------------------------------------------
INFO:__main__:
【train】epoch:124/150 loss:0.0963 acc:0.9639
INFO:__main__:
【val】epoch:124/150 loss:0.4643 acc:0.8516
INFO:__main__:
【Val】:  SENS: 0.8708  SPEC: 0.8406  PPV: 0.7567  NPV: 0.9195 F1:0.8097
INFO:__main__:验证的best_acc:0.8761
INFO:__main__:----------------------------------------------------------------------------------------------------
INFO:__main__:
【train】epoch:125/150 loss:0.0928 acc:0.9647
INFO:__main__:
【val】epoch:125/150 loss:0.4323 acc:0.8761
INFO:__main__:
【Val】:  SENS: 0.8308  SPEC: 0.9019  PPV: 0.8282  NPV: 0.9035 F1:0.8295
INFO:__main__:验证的best_acc:0.8761
INFO:__main__:----------------------------------------------------------------------------------------------------
INFO:__main__:
【train】epoch:126/150 loss:0.0924 acc:0.9663
INFO:__main__:
【val】epoch:126/150 loss:0.4298 acc:0.8683
INFO:__main__:
【Val】:  SENS: 0.8092  SPEC: 0.9019  PPV: 0.8245  NPV: 0.8925 F1:0.8168
INFO:__main__:验证的best_acc:0.8761
INFO:__main__:----------------------------------------------------------------------------------------------------
INFO:__main__:
【train】epoch:127/150 loss:0.0974 acc:0.9614
INFO:__main__:
【val】epoch:127/150 loss:0.4435 acc:0.8728
INFO:__main__:
【Val】:  SENS: 0.8092  SPEC: 0.9089  PPV: 0.8349  NPV: 0.8933 F1:0.8219
INFO:__main__:验证的best_acc:0.8761
INFO:__main__:----------------------------------------------------------------------------------------------------
INFO:__main__:
【train】epoch:128/150 loss:0.0960 acc:0.9629
INFO:__main__:
【val】epoch:128/150 loss:0.4287 acc:0.8873
INFO:__main__:
【Val】:  SENS: 0.8462  SPEC: 0.9107  PPV: 0.8436  NPV: 0.9123 F1:0.8449
INFO:__main__:验证的best_acc:0.8873
INFO:__main__:----------------------------------------------------------------------------------------------------
INFO:__main__:
【train】epoch:129/150 loss:0.0953 acc:0.9645
INFO:__main__:
【val】epoch:129/150 loss:0.4243 acc:0.8661
INFO:__main__:
【Val】:  SENS: 0.8277  SPEC: 0.8879  PPV: 0.8078  NPV: 0.9005 F1:0.8176
INFO:__main__:验证的best_acc:0.8873
INFO:__main__:----------------------------------------------------------------------------------------------------
INFO:__main__:
【train】epoch:130/150 loss:0.0861 acc:0.9670
INFO:__main__:
【val】epoch:130/150 loss:0.4392 acc:0.8717
INFO:__main__:
【Val】:  SENS: 0.7908  SPEC: 0.9177  PPV: 0.8454  NPV: 0.8851 F1:0.8172
INFO:__main__:验证的best_acc:0.8873
INFO:__main__:----------------------------------------------------------------------------------------------------
INFO:__main__:
【train】epoch:131/150 loss:0.0866 acc:0.9666
INFO:__main__:
【val】epoch:131/150 loss:0.4244 acc:0.8705
INFO:__main__:
【Val】:  SENS: 0.8585  SPEC: 0.8774  PPV: 0.7994  NPV: 0.9159 F1:0.8279
INFO:__main__:验证的best_acc:0.8873
INFO:__main__:----------------------------------------------------------------------------------------------------
INFO:__main__:
【train】epoch:132/150 loss:0.0867 acc:0.9652
INFO:__main__:
【val】epoch:132/150 loss:0.4373 acc:0.8739
INFO:__main__:
【Val】:  SENS: 0.8462  SPEC: 0.8897  PPV: 0.8136  NPV: 0.9104 F1:0.8296
INFO:__main__:验证的best_acc:0.8873
INFO:__main__:----------------------------------------------------------------------------------------------------
INFO:__main__:
【train】epoch:133/150 loss:0.0834 acc:0.9707
INFO:__main__:
【val】epoch:133/150 loss:0.4443 acc:0.8683
INFO:__main__:
【Val】:  SENS: 0.8154  SPEC: 0.8984  PPV: 0.8204  NPV: 0.8953 F1:0.8179
INFO:__main__:验证的best_acc:0.8873
INFO:__main__:----------------------------------------------------------------------------------------------------
INFO:__main__:
【train】epoch:134/150 loss:0.0853 acc:0.9671
INFO:__main__:
【val】epoch:134/150 loss:0.4650 acc:0.8661
INFO:__main__:
【Val】:  SENS: 0.7938  SPEC: 0.9072  PPV: 0.8296  NPV: 0.8855 F1:0.8113
INFO:__main__:验证的best_acc:0.8873
INFO:__main__:----------------------------------------------------------------------------------------------------
INFO:__main__:
【train】epoch:135/150 loss:0.0762 acc:0.9720
INFO:__main__:
【val】epoch:135/150 loss:0.4391 acc:0.8638
INFO:__main__:
【Val】:  SENS: 0.8031  SPEC: 0.8984  PPV: 0.8182  NPV: 0.8891 F1:0.8106
INFO:__main__:验证的best_acc:0.8873
INFO:__main__:----------------------------------------------------------------------------------------------------
INFO:__main__:
【train】epoch:136/150 loss:0.0771 acc:0.9728
INFO:__main__:
【val】epoch:136/150 loss:0.4347 acc:0.8761
INFO:__main__:
【Val】:  SENS: 0.7969  SPEC: 0.9212  PPV: 0.8520  NPV: 0.8885 F1:0.8235
INFO:__main__:验证的best_acc:0.8873
INFO:__main__:----------------------------------------------------------------------------------------------------
INFO:__main__:
【train】epoch:137/150 loss:0.0823 acc:0.9679
INFO:__main__:
【val】epoch:137/150 loss:0.4509 acc:0.8772
INFO:__main__:
【Val】:  SENS: 0.8062  SPEC: 0.9177  PPV: 0.8479  NPV: 0.8927 F1:0.8265
INFO:__main__:验证的best_acc:0.8873
INFO:__main__:----------------------------------------------------------------------------------------------------
INFO:__main__:
【train】epoch:138/150 loss:0.0808 acc:0.9698
INFO:__main__:
【val】epoch:138/150 loss:0.4140 acc:0.8839
INFO:__main__:
【Val】:  SENS: 0.8185  SPEC: 0.9212  PPV: 0.8553  NPV: 0.8991 F1:0.8365
INFO:__main__:验证的best_acc:0.8873
INFO:__main__:----------------------------------------------------------------------------------------------------
INFO:__main__:
【train】epoch:139/150 loss:0.0769 acc:0.9716
INFO:__main__:
【val】epoch:139/150 loss:0.4467 acc:0.8783
INFO:__main__:
【Val】:  SENS: 0.8185  SPEC: 0.9124  PPV: 0.8418  NPV: 0.8983 F1:0.8300
INFO:__main__:验证的best_acc:0.8873
INFO:__main__:----------------------------------------------------------------------------------------------------
INFO:__main__:
【train】epoch:140/150 loss:0.0767 acc:0.9712
INFO:__main__:
【val】epoch:140/150 loss:0.4535 acc:0.8761
INFO:__main__:
【Val】:  SENS: 0.8462  SPEC: 0.8932  PPV: 0.8185  NPV: 0.9107 F1:0.8321
INFO:__main__:验证的best_acc:0.8873
INFO:__main__:----------------------------------------------------------------------------------------------------
INFO:__main__:
【train】epoch:141/150 loss:0.0744 acc:0.9708
INFO:__main__:
【val】epoch:141/150 loss:0.4398 acc:0.8728
INFO:__main__:
【Val】:  SENS: 0.8369  SPEC: 0.8932  PPV: 0.8168  NPV: 0.9059 F1:0.8267
INFO:__main__:验证的best_acc:0.8873
INFO:__main__:----------------------------------------------------------------------------------------------------
INFO:__main__:
【train】epoch:142/150 loss:0.0661 acc:0.9745
INFO:__main__:
【val】epoch:142/150 loss:0.4456 acc:0.8627
INFO:__main__:
【Val】:  SENS: 0.8031  SPEC: 0.8967  PPV: 0.8156  NPV: 0.8889 F1:0.8093
INFO:__main__:验证的best_acc:0.8873
INFO:__main__:----------------------------------------------------------------------------------------------------
INFO:__main__:
【train】epoch:143/150 loss:0.0789 acc:0.9707
INFO:__main__:
【val】epoch:143/150 loss:0.4668 acc:0.8661
INFO:__main__:
【Val】:  SENS: 0.8185  SPEC: 0.8932  PPV: 0.8135  NPV: 0.8963 F1:0.8160
INFO:__main__:验证的best_acc:0.8873
INFO:__main__:----------------------------------------------------------------------------------------------------
INFO:__main__:
【train】epoch:144/150 loss:0.0715 acc:0.9716
INFO:__main__:
【val】epoch:144/150 loss:0.4649 acc:0.8638
INFO:__main__:
【Val】:  SENS: 0.8000  SPEC: 0.9002  PPV: 0.8202  NPV: 0.8877 F1:0.8100
INFO:__main__:验证的best_acc:0.8873
INFO:__main__:----------------------------------------------------------------------------------------------------
INFO:__main__:
【train】epoch:145/150 loss:0.0776 acc:0.9719
INFO:__main__:
【val】epoch:145/150 loss:0.4791 acc:0.8638
INFO:__main__:
【Val】:  SENS: 0.8369  SPEC: 0.8792  PPV: 0.7977  NPV: 0.9045 F1:0.8168
INFO:__main__:验证的best_acc:0.8873
INFO:__main__:----------------------------------------------------------------------------------------------------
INFO:__main__:
【train】epoch:146/150 loss:0.0695 acc:0.9760
INFO:__main__:
【val】epoch:146/150 loss:0.4797 acc:0.8683
INFO:__main__:
【Val】:  SENS: 0.8369  SPEC: 0.8862  PPV: 0.8071  NPV: 0.9052 F1:0.8218
INFO:__main__:验证的best_acc:0.8873
INFO:__main__:----------------------------------------------------------------------------------------------------
INFO:__main__:
【train】epoch:147/150 loss:0.0770 acc:0.9700
INFO:__main__:
【val】epoch:147/150 loss:0.4622 acc:0.8672
INFO:__main__:
【Val】:  SENS: 0.8400  SPEC: 0.8827  PPV: 0.8029  NPV: 0.9065 F1:0.8211
INFO:__main__:验证的best_acc:0.8873
INFO:__main__:----------------------------------------------------------------------------------------------------
INFO:__main__:
【train】epoch:148/150 loss:0.0749 acc:0.9697
INFO:__main__:
【val】epoch:148/150 loss:0.4751 acc:0.8661
INFO:__main__:
【Val】:  SENS: 0.8677  SPEC: 0.8651  PPV: 0.7855  NPV: 0.9199 F1:0.8246
INFO:__main__:验证的best_acc:0.8873
INFO:__main__:----------------------------------------------------------------------------------------------------
INFO:__main__:
【train】epoch:149/150 loss:0.0671 acc:0.9724
INFO:__main__:
【val】epoch:149/150 loss:0.4893 acc:0.8750
INFO:__main__:
【Val】:  SENS: 0.8369  SPEC: 0.8967  PPV: 0.8218  NPV: 0.9062 F1:0.8293
INFO:__main__:验证的best_acc:0.8873
INFO:__main__:----------------------------------------------------------------------------------------------------
INFO:__main__:****************************************************************************************************
INFO:__main__:Val_LOSS:['0.7022', '0.5584', '1.2948', '0.7735', '0.7218', '0.5799', '0.4968', '0.4715', '0.6316', '0.4328', '0.7946', '0.5291', '0.4407', '0.5440', '0.4940', '0.5470', '0.6068', '0.4348', '0.7175', '0.7023', '0.5729', '0.6660', '0.5850', '0.5718', '0.5369', '0.7288', '0.4662', '0.4909', '0.3932', '0.3469', '0.3638', '0.3667', '0.4244', '0.3422', '0.4076', '0.3373', '0.3552', '0.4283', '0.3704', '0.4258', '0.6538', '0.3637', '0.5210', '0.3955', '0.3960', '0.3997', '0.3560', '0.3485', '0.3655', '0.4132', '0.3435', '0.4366', '0.3965', '0.3917', '0.4102', '0.4658', '0.3927', '0.3626', '0.4437', '0.3956', '0.3770', '0.3608', '0.3880', '0.4352', '0.3744', '0.3527', '0.4032', '0.4073', '0.4169', '0.3553', '0.3886', '0.4117', '0.3981', '0.4287', '0.3761', '0.4281', '0.3770', '0.4110', '0.3755', '0.3633', '0.3711', '0.4252', '0.3580', '0.3765', '0.4220', '0.3765', '0.4149', '0.4252', '0.3824', '0.4125', '0.4377', '0.3990', '0.4028', '0.4123', '0.4532', '0.4199', '0.4719', '0.4245', '0.3985', '0.3835', '0.5619', '0.4302', '0.4335', '0.4042', '0.4002', '0.4605', '0.4073', '0.4091', '0.4257', '0.4073', '0.5600', '0.4138', '0.4275', '0.4468', '0.4319', '0.4187', '0.4238', '0.4367', '0.4415', '0.4328', '0.4467', '0.4769', '0.4127', '0.4783', '0.4643', '0.4323', '0.4298', '0.4435', '0.4287', '0.4243', '0.4392', '0.4244', '0.4373', '0.4443', '0.4650', '0.4391', '0.4347', '0.4509', '0.4140', '0.4467', '0.4535', '0.4398', '0.4456', '0.4668', '0.4649', '0.4791', '0.4797', '0.4622', '0.4751', '0.4893']
INFO:__main__:Val_ACC:['0.6373', '0.6931', '0.6797', '0.6931', '0.6864', '0.7299', '0.7444', '0.7545', '0.7121', '0.7991', '0.6752', '0.7266', '0.7946', '0.7522', '0.7656', '0.7221', '0.7266', '0.7835', '0.7042', '0.7221', '0.7310', '0.7366', '0.7310', '0.7433', '0.7656', '0.7344', '0.8002', '0.7712', '0.8125', '0.8471', '0.8415', '0.8393', '0.8147', '0.8549', '0.8203', '0.8460', '0.8504', '0.8002', '0.8493', '0.8203', '0.7545', '0.8516', '0.7857', '0.8259', '0.8315', '0.8248', '0.8449', '0.8549', '0.8549', '0.8237', '0.8583', '0.8170', '0.8393', '0.8449', '0.8426', '0.8125', '0.8438', '0.8438', '0.8326', '0.8393', '0.8504', '0.8571', '0.8560', '0.8504', '0.8504', '0.8549', '0.8438', '0.8571', '0.8248', '0.8683', '0.8694', '0.8337', '0.8538', '0.8393', '0.8549', '0.8493', '0.8605', '0.8348', '0.8438', '0.8616', '0.8627', '0.8393', '0.8627', '0.8650', '0.8527', '0.8538', '0.8527', '0.8605', '0.8650', '0.8627', '0.8438', '0.8750', '0.8560', '0.8549', '0.8571', '0.8661', '0.8359', '0.8504', '0.8694', '0.8616', '0.8036', '0.8549', '0.8549', '0.8627', '0.8616', '0.8493', '0.8672', '0.8661', '0.8661', '0.8717', '0.8248', '0.8661', '0.8616', '0.8627', '0.8605', '0.8627', '0.8627', '0.8717', '0.8761', '0.8739', '0.8694', '0.8605', '0.8661', '0.8538', '0.8516', '0.8761', '0.8683', '0.8728', '0.8873', '0.8661', '0.8717', '0.8705', '0.8739', '0.8683', '0.8661', '0.8638', '0.8761', '0.8772', '0.8839', '0.8783', '0.8761', '0.8728', '0.8627', '0.8661', '0.8638', '0.8638', '0.8683', '0.8672', '0.8661', '0.8750']
INFO:__main__:****************************************************************************************************
INFO:__main__: epoch0 测试test_Loss: 0.5995  test_ACC: 0.8584  
INFO:__main__:SENS: 0.7813 SPEC: 0.9032 PPV: 0.8246 NPV: 0.8764 F1:0.8024
INFO:__main__:test_Best_acc:0.8584
INFO:__main__:flops:4131698688.0  params:23512130.0
