INFO:__main__:
【train】epoch:0/150 loss:0.8915 acc:0.6644
INFO:__main__:
【val】epoch:0/150 loss:0.5263 acc:0.7175
INFO:__main__:
【Val】:  SENS: 0.0346  SPEC: 0.9947  PPV: 0.7273  NPV: 0.7174 F1:0.0661
INFO:__main__:验证的best_acc:0.7175
INFO:__main__:----------------------------------------------------------------------------------------------------
INFO:__main__:
【train】epoch:1/150 loss:0.6374 acc:0.7055
INFO:__main__:
【val】epoch:1/150 loss:0.4877 acc:0.7563
INFO:__main__:
【Val】:  SENS: 0.5628  SPEC: 0.8348  PPV: 0.5804  NPV: 0.8247 F1:0.5714
INFO:__main__:验证的best_acc:0.7563
INFO:__main__:----------------------------------------------------------------------------------------------------
INFO:__main__:
【train】epoch:2/150 loss:0.5662 acc:0.7233
INFO:__main__:
【val】epoch:2/150 loss:0.4667 acc:0.7613
INFO:__main__:
【Val】:  SENS: 0.5152  SPEC: 0.8612  PPV: 0.6010  NPV: 0.8140 F1:0.5548
INFO:__main__:验证的best_acc:0.7613
INFO:__main__:----------------------------------------------------------------------------------------------------
INFO:__main__:
【train】epoch:3/150 loss:0.5457 acc:0.7437
INFO:__main__:
【val】epoch:3/150 loss:0.4484 acc:0.7788
INFO:__main__:
【Val】:  SENS: 0.4935  SPEC: 0.8946  PPV: 0.6552  NPV: 0.8131 F1:0.5630
INFO:__main__:验证的best_acc:0.7788
INFO:__main__:----------------------------------------------------------------------------------------------------
INFO:__main__:
【train】epoch:4/150 loss:0.5222 acc:0.7455
INFO:__main__:
【val】epoch:4/150 loss:0.4551 acc:0.7775
INFO:__main__:
【Val】:  SENS: 0.7100  SPEC: 0.8049  PPV: 0.5964  NPV: 0.8724 F1:0.6482
INFO:__main__:验证的best_acc:0.7788
INFO:__main__:----------------------------------------------------------------------------------------------------
INFO:__main__:
【train】epoch:5/150 loss:0.4960 acc:0.7562
INFO:__main__:
【val】epoch:5/150 loss:0.4462 acc:0.7812
INFO:__main__:
【Val】:  SENS: 0.5887  SPEC: 0.8594  PPV: 0.6296  NPV: 0.8373 F1:0.6085
INFO:__main__:验证的best_acc:0.7812
INFO:__main__:----------------------------------------------------------------------------------------------------
INFO:__main__:
【train】epoch:6/150 loss:0.4923 acc:0.7633
INFO:__main__:
【val】epoch:6/150 loss:0.4644 acc:0.7650
INFO:__main__:
【Val】:  SENS: 0.6494  SPEC: 0.8120  PPV: 0.5837  NPV: 0.8508 F1:0.6148
INFO:__main__:验证的best_acc:0.7812
INFO:__main__:----------------------------------------------------------------------------------------------------
INFO:__main__:
【train】epoch:7/150 loss:0.4744 acc:0.7671
INFO:__main__:
【val】epoch:7/150 loss:0.4184 acc:0.7962
INFO:__main__:
【Val】:  SENS: 0.6364  SPEC: 0.8612  PPV: 0.6504  NPV: 0.8537 F1:0.6433
INFO:__main__:验证的best_acc:0.7962
INFO:__main__:----------------------------------------------------------------------------------------------------
INFO:__main__:
【train】epoch:8/150 loss:0.4719 acc:0.7659
INFO:__main__:
【val】epoch:8/150 loss:0.4085 acc:0.8000
INFO:__main__:
【Val】:  SENS: 0.5844  SPEC: 0.8875  PPV: 0.6784  NPV: 0.8403 F1:0.6279
INFO:__main__:验证的best_acc:0.8000
INFO:__main__:----------------------------------------------------------------------------------------------------
INFO:__main__:
【train】epoch:9/150 loss:0.4476 acc:0.7835
INFO:__main__:
【val】epoch:9/150 loss:0.4061 acc:0.8050
INFO:__main__:
【Val】:  SENS: 0.6320  SPEC: 0.8752  PPV: 0.6728  NPV: 0.8542 F1:0.6518
INFO:__main__:验证的best_acc:0.8050
INFO:__main__:----------------------------------------------------------------------------------------------------
INFO:__main__:
【train】epoch:10/150 loss:0.4434 acc:0.7873
INFO:__main__:
【val】epoch:10/150 loss:0.4285 acc:0.8100
INFO:__main__:
【Val】:  SENS: 0.4848  SPEC: 0.9420  PPV: 0.7724  NPV: 0.8183 F1:0.5957
INFO:__main__:验证的best_acc:0.8100
INFO:__main__:----------------------------------------------------------------------------------------------------
INFO:__main__:
【train】epoch:11/150 loss:0.4279 acc:0.7886
INFO:__main__:
【val】epoch:11/150 loss:0.5833 acc:0.6925
INFO:__main__:
【Val】:  SENS: 0.9134  SPEC: 0.6028  PPV: 0.4828  NPV: 0.9449 F1:0.6317
INFO:__main__:验证的best_acc:0.8100
INFO:__main__:----------------------------------------------------------------------------------------------------
INFO:__main__:
【train】epoch:12/150 loss:0.4290 acc:0.7965
INFO:__main__:
【val】epoch:12/150 loss:0.4680 acc:0.7613
INFO:__main__:
【Val】:  SENS: 0.8312  SPEC: 0.7329  PPV: 0.5581  NPV: 0.9145 F1:0.6678
INFO:__main__:验证的best_acc:0.8100
INFO:__main__:----------------------------------------------------------------------------------------------------
INFO:__main__:
【train】epoch:13/150 loss:0.4171 acc:0.8043
INFO:__main__:
【val】epoch:13/150 loss:0.8813 acc:0.5713
INFO:__main__:
【Val】:  SENS: 0.9654  SPEC: 0.4112  PPV: 0.3996  NPV: 0.9669 F1:0.5653
INFO:__main__:验证的best_acc:0.8100
INFO:__main__:----------------------------------------------------------------------------------------------------
INFO:__main__:
【train】epoch:14/150 loss:0.4074 acc:0.8119
INFO:__main__:
【val】epoch:14/150 loss:0.4089 acc:0.8213
INFO:__main__:
【Val】:  SENS: 0.7619  SPEC: 0.8453  PPV: 0.6667  NPV: 0.8974 F1:0.7111
INFO:__main__:验证的best_acc:0.8213
INFO:__main__:----------------------------------------------------------------------------------------------------
INFO:__main__:
【train】epoch:15/150 loss:0.4007 acc:0.8152
INFO:__main__:
【val】epoch:15/150 loss:0.5206 acc:0.7425
INFO:__main__:
【Val】:  SENS: 0.8874  SPEC: 0.6837  PPV: 0.5325  NPV: 0.9373 F1:0.6656
INFO:__main__:验证的best_acc:0.8213
INFO:__main__:----------------------------------------------------------------------------------------------------
INFO:__main__:
【train】epoch:16/150 loss:0.3912 acc:0.8188
INFO:__main__:
【val】epoch:16/150 loss:0.3843 acc:0.8238
INFO:__main__:
【Val】:  SENS: 0.4762  SPEC: 0.9649  PPV: 0.8462  NPV: 0.8194 F1:0.6094
INFO:__main__:验证的best_acc:0.8238
INFO:__main__:----------------------------------------------------------------------------------------------------
INFO:__main__:
【train】epoch:17/150 loss:0.3792 acc:0.8279
INFO:__main__:
【val】epoch:17/150 loss:0.3595 acc:0.8300
INFO:__main__:
【Val】:  SENS: 0.6147  SPEC: 0.9174  PPV: 0.7513  NPV: 0.8543 F1:0.6762
INFO:__main__:验证的best_acc:0.8300
INFO:__main__:----------------------------------------------------------------------------------------------------
INFO:__main__:
【train】epoch:18/150 loss:0.3804 acc:0.8253
INFO:__main__:
【val】epoch:18/150 loss:0.4287 acc:0.8037
INFO:__main__:
【Val】:  SENS: 0.8788  SPEC: 0.7733  PPV: 0.6114  NPV: 0.9402 F1:0.7211
INFO:__main__:验证的best_acc:0.8300
INFO:__main__:----------------------------------------------------------------------------------------------------
INFO:__main__:
【train】epoch:19/150 loss:0.3628 acc:0.8383
INFO:__main__:
【val】epoch:19/150 loss:0.3430 acc:0.8550
INFO:__main__:
【Val】:  SENS: 0.8268  SPEC: 0.8664  PPV: 0.7154  NPV: 0.9250 F1:0.7671
INFO:__main__:验证的best_acc:0.8550
INFO:__main__:----------------------------------------------------------------------------------------------------
INFO:__main__:
【train】epoch:20/150 loss:0.3531 acc:0.8428
INFO:__main__:
【val】epoch:20/150 loss:0.3824 acc:0.8313
INFO:__main__:
【Val】:  SENS: 0.8788  SPEC: 0.8120  PPV: 0.6548  NPV: 0.9429 F1:0.7505
INFO:__main__:验证的best_acc:0.8550
INFO:__main__:----------------------------------------------------------------------------------------------------
INFO:__main__:
【train】epoch:21/150 loss:0.3486 acc:0.8422
INFO:__main__:
【val】epoch:21/150 loss:0.3116 acc:0.8650
INFO:__main__:
【Val】:  SENS: 0.7186  SPEC: 0.9244  PPV: 0.7943  NPV: 0.8900 F1:0.7545
INFO:__main__:验证的best_acc:0.8650
INFO:__main__:----------------------------------------------------------------------------------------------------
INFO:__main__:
【train】epoch:22/150 loss:0.3403 acc:0.8441
INFO:__main__:
【val】epoch:22/150 loss:0.3192 acc:0.8487
INFO:__main__:
【Val】:  SENS: 0.7879  SPEC: 0.8735  PPV: 0.7165  NPV: 0.9103 F1:0.7505
INFO:__main__:验证的best_acc:0.8650
INFO:__main__:----------------------------------------------------------------------------------------------------
INFO:__main__:
【train】epoch:23/150 loss:0.3349 acc:0.8504
INFO:__main__:
【val】epoch:23/150 loss:0.4775 acc:0.7725
INFO:__main__:
【Val】:  SENS: 0.9004  SPEC: 0.7206  PPV: 0.5668  NPV: 0.9469 F1:0.6957
INFO:__main__:验证的best_acc:0.8650
INFO:__main__:----------------------------------------------------------------------------------------------------
INFO:__main__:
【train】epoch:24/150 loss:0.3342 acc:0.8490
INFO:__main__:
【val】epoch:24/150 loss:0.3287 acc:0.8650
INFO:__main__:
【Val】:  SENS: 0.6320  SPEC: 0.9596  PPV: 0.8639  NPV: 0.8653 F1:0.7300
INFO:__main__:验证的best_acc:0.8650
INFO:__main__:----------------------------------------------------------------------------------------------------
INFO:__main__:
【train】epoch:25/150 loss:0.3309 acc:0.8490
INFO:__main__:
【val】epoch:25/150 loss:0.4309 acc:0.7925
INFO:__main__:
【Val】:  SENS: 0.9048  SPEC: 0.7469  PPV: 0.5921  NPV: 0.9508 F1:0.7158
INFO:__main__:验证的best_acc:0.8650
INFO:__main__:----------------------------------------------------------------------------------------------------
INFO:__main__:
【train】epoch:26/150 loss:0.3259 acc:0.8566
INFO:__main__:
【val】epoch:26/150 loss:0.3647 acc:0.8575
INFO:__main__:
【Val】:  SENS: 0.8485  SPEC: 0.8612  PPV: 0.7127  NPV: 0.9333 F1:0.7747
INFO:__main__:验证的best_acc:0.8650
INFO:__main__:----------------------------------------------------------------------------------------------------
INFO:__main__:
【train】epoch:27/150 loss:0.3199 acc:0.8588
INFO:__main__:
【val】epoch:27/150 loss:0.3027 acc:0.8625
INFO:__main__:
【Val】:  SENS: 0.6970  SPEC: 0.9297  PPV: 0.8010  NPV: 0.8831 F1:0.7454
INFO:__main__:验证的best_acc:0.8650
INFO:__main__:----------------------------------------------------------------------------------------------------
INFO:__main__:
【train】epoch:28/150 loss:0.3173 acc:0.8596
INFO:__main__:
【val】epoch:28/150 loss:0.5254 acc:0.7850
INFO:__main__:
【Val】:  SENS: 0.8615  SPEC: 0.7540  PPV: 0.5870  NPV: 0.9306 F1:0.6982
INFO:__main__:验证的best_acc:0.8650
INFO:__main__:----------------------------------------------------------------------------------------------------
INFO:__main__:
【train】epoch:29/150 loss:0.2979 acc:0.8708
INFO:__main__:
【val】epoch:29/150 loss:0.4662 acc:0.7875
INFO:__main__:
【Val】:  SENS: 0.8918  SPEC: 0.7452  PPV: 0.5869  NPV: 0.9443 F1:0.7079
INFO:__main__:验证的best_acc:0.8650
INFO:__main__:----------------------------------------------------------------------------------------------------
INFO:__main__:
【train】epoch:30/150 loss:0.2920 acc:0.8730
INFO:__main__:
【val】epoch:30/150 loss:0.5053 acc:0.7862
INFO:__main__:
【Val】:  SENS: 0.8874  SPEC: 0.7452  PPV: 0.5857  NPV: 0.9422 F1:0.7057
INFO:__main__:验证的best_acc:0.8650
INFO:__main__:----------------------------------------------------------------------------------------------------
INFO:__main__:
【train】epoch:31/150 loss:0.2915 acc:0.8745
INFO:__main__:
【val】epoch:31/150 loss:0.4679 acc:0.7987
INFO:__main__:
【Val】:  SENS: 0.8658  SPEC: 0.7715  PPV: 0.6061  NPV: 0.9340 F1:0.7130
INFO:__main__:验证的best_acc:0.8650
INFO:__main__:----------------------------------------------------------------------------------------------------
INFO:__main__:
【train】epoch:32/150 loss:0.2882 acc:0.8761
INFO:__main__:
【val】epoch:32/150 loss:0.3405 acc:0.8450
INFO:__main__:
【Val】:  SENS: 0.8355  SPEC: 0.8489  PPV: 0.6918  NPV: 0.9271 F1:0.7569
INFO:__main__:验证的best_acc:0.8650
INFO:__main__:----------------------------------------------------------------------------------------------------
INFO:__main__:
【train】epoch:33/150 loss:0.2796 acc:0.8848
INFO:__main__:
【val】epoch:33/150 loss:0.3182 acc:0.8637
INFO:__main__:
【Val】:  SENS: 0.8312  SPEC: 0.8770  PPV: 0.7328  NPV: 0.9275 F1:0.7789
INFO:__main__:验证的best_acc:0.8650
INFO:__main__:----------------------------------------------------------------------------------------------------
INFO:__main__:
【train】epoch:34/150 loss:0.2795 acc:0.8774
INFO:__main__:
【val】epoch:34/150 loss:0.4683 acc:0.8087
INFO:__main__:
【Val】:  SENS: 0.8701  SPEC: 0.7838  PPV: 0.6204  NPV: 0.9370 F1:0.7243
INFO:__main__:验证的best_acc:0.8650
INFO:__main__:----------------------------------------------------------------------------------------------------
INFO:__main__:
【train】epoch:35/150 loss:0.2768 acc:0.8795
INFO:__main__:
【val】epoch:35/150 loss:0.2926 acc:0.8700
INFO:__main__:
【Val】:  SENS: 0.8139  SPEC: 0.8928  PPV: 0.7550  NPV: 0.9220 F1:0.7833
INFO:__main__:验证的best_acc:0.8700
INFO:__main__:----------------------------------------------------------------------------------------------------
INFO:__main__:
【train】epoch:36/150 loss:0.2734 acc:0.8850
INFO:__main__:
【val】epoch:36/150 loss:0.3613 acc:0.8512
INFO:__main__:
【Val】:  SENS: 0.8485  SPEC: 0.8524  PPV: 0.7000  NPV: 0.9327 F1:0.7671
INFO:__main__:验证的best_acc:0.8700
INFO:__main__:----------------------------------------------------------------------------------------------------
INFO:__main__:
【train】epoch:37/150 loss:0.2709 acc:0.8871
INFO:__main__:
【val】epoch:37/150 loss:0.3622 acc:0.8487
INFO:__main__:
【Val】:  SENS: 0.8225  SPEC: 0.8594  PPV: 0.7037  NPV: 0.9226 F1:0.7585
INFO:__main__:验证的best_acc:0.8700
INFO:__main__:----------------------------------------------------------------------------------------------------
INFO:__main__:
【train】epoch:38/150 loss:0.2712 acc:0.8835
INFO:__main__:
【val】epoch:38/150 loss:0.6151 acc:0.8025
INFO:__main__:
【Val】:  SENS: 0.4892  SPEC: 0.9297  PPV: 0.7386  NPV: 0.8176 F1:0.5885
INFO:__main__:验证的best_acc:0.8700
INFO:__main__:----------------------------------------------------------------------------------------------------
INFO:__main__:
【train】epoch:39/150 loss:0.2496 acc:0.8961
INFO:__main__:
【val】epoch:39/150 loss:0.5074 acc:0.8025
INFO:__main__:
【Val】:  SENS: 0.8095  SPEC: 0.7996  PPV: 0.6213  NPV: 0.9118 F1:0.7030
INFO:__main__:验证的best_acc:0.8700
INFO:__main__:----------------------------------------------------------------------------------------------------
INFO:__main__:
【train】epoch:40/150 loss:0.2422 acc:0.8961
INFO:__main__:
【val】epoch:40/150 loss:0.3217 acc:0.8687
INFO:__main__:
【Val】:  SENS: 0.7489  SPEC: 0.9174  PPV: 0.7864  NPV: 0.9000 F1:0.7672
INFO:__main__:验证的best_acc:0.8700
INFO:__main__:----------------------------------------------------------------------------------------------------
INFO:__main__:
【train】epoch:41/150 loss:0.2502 acc:0.8930
INFO:__main__:
【val】epoch:41/150 loss:0.3446 acc:0.8700
INFO:__main__:
【Val】:  SENS: 0.7835  SPEC: 0.9051  PPV: 0.7702  NPV: 0.9115 F1:0.7768
INFO:__main__:验证的best_acc:0.8700
INFO:__main__:----------------------------------------------------------------------------------------------------
INFO:__main__:
【train】epoch:42/150 loss:0.2389 acc:0.8979
INFO:__main__:
【val】epoch:42/150 loss:0.3853 acc:0.8288
INFO:__main__:
【Val】:  SENS: 0.8701  SPEC: 0.8120  PPV: 0.6526  NPV: 0.9390 F1:0.7458
INFO:__main__:验证的best_acc:0.8700
INFO:__main__:----------------------------------------------------------------------------------------------------
INFO:__main__:
【train】epoch:43/150 loss:0.2375 acc:0.8999
INFO:__main__:
【val】epoch:43/150 loss:0.2902 acc:0.8875
INFO:__main__:
【Val】:  SENS: 0.7835  SPEC: 0.9297  PPV: 0.8190  NPV: 0.9136 F1:0.8009
INFO:__main__:验证的best_acc:0.8875
INFO:__main__:----------------------------------------------------------------------------------------------------
INFO:__main__:
【train】epoch:44/150 loss:0.2421 acc:0.8979
INFO:__main__:
【val】epoch:44/150 loss:0.3439 acc:0.8512
INFO:__main__:
【Val】:  SENS: 0.7186  SPEC: 0.9051  PPV: 0.7545  NPV: 0.8879 F1:0.7361
INFO:__main__:验证的best_acc:0.8875
INFO:__main__:----------------------------------------------------------------------------------------------------
INFO:__main__:
【train】epoch:45/150 loss:0.2383 acc:0.8976
INFO:__main__:
【val】epoch:45/150 loss:0.5308 acc:0.7775
INFO:__main__:
【Val】:  SENS: 0.9307  SPEC: 0.7153  PPV: 0.5703  NPV: 0.9622 F1:0.7072
INFO:__main__:验证的best_acc:0.8875
INFO:__main__:----------------------------------------------------------------------------------------------------
INFO:__main__:
【train】epoch:46/150 loss:0.2316 acc:0.9031
INFO:__main__:
【val】epoch:46/150 loss:0.3156 acc:0.8625
INFO:__main__:
【Val】:  SENS: 0.8312  SPEC: 0.8752  PPV: 0.7300  NPV: 0.9274 F1:0.7773
INFO:__main__:验证的best_acc:0.8875
INFO:__main__:----------------------------------------------------------------------------------------------------
INFO:__main__:
【train】epoch:47/150 loss:0.2264 acc:0.9064
INFO:__main__:
【val】epoch:47/150 loss:0.3015 acc:0.8712
INFO:__main__:
【Val】:  SENS: 0.7403  SPEC: 0.9244  PPV: 0.7991  NPV: 0.8976 F1:0.7685
INFO:__main__:验证的best_acc:0.8875
INFO:__main__:----------------------------------------------------------------------------------------------------
INFO:__main__:
【train】epoch:48/150 loss:0.2241 acc:0.9031
INFO:__main__:
【val】epoch:48/150 loss:0.4929 acc:0.8112
INFO:__main__:
【Val】:  SENS: 0.9307  SPEC: 0.7627  PPV: 0.6143  NPV: 0.9644 F1:0.7401
INFO:__main__:验证的best_acc:0.8875
INFO:__main__:----------------------------------------------------------------------------------------------------
INFO:__main__:
【train】epoch:49/150 loss:0.2127 acc:0.9124
INFO:__main__:
【val】epoch:49/150 loss:0.2880 acc:0.8712
INFO:__main__:
【Val】:  SENS: 0.8485  SPEC: 0.8805  PPV: 0.7424  NPV: 0.9347 F1:0.7919
INFO:__main__:验证的best_acc:0.8875
INFO:__main__:----------------------------------------------------------------------------------------------------
INFO:__main__:
【train】epoch:50/150 loss:0.1945 acc:0.9210
INFO:__main__:
【val】epoch:50/150 loss:0.5048 acc:0.8000
INFO:__main__:
【Val】:  SENS: 0.9394  SPEC: 0.7434  PPV: 0.5978  NPV: 0.9680 F1:0.7306
INFO:__main__:验证的best_acc:0.8875
INFO:__main__:----------------------------------------------------------------------------------------------------
INFO:__main__:
【train】epoch:51/150 loss:0.1996 acc:0.9152
INFO:__main__:
【val】epoch:51/150 loss:0.4302 acc:0.8537
INFO:__main__:
【Val】:  SENS: 0.7532  SPEC: 0.8946  PPV: 0.7436  NPV: 0.8993 F1:0.7484
INFO:__main__:验证的best_acc:0.8875
INFO:__main__:----------------------------------------------------------------------------------------------------
INFO:__main__:
【train】epoch:52/150 loss:0.2044 acc:0.9179
INFO:__main__:
【val】epoch:52/150 loss:0.2776 acc:0.8800
INFO:__main__:
【Val】:  SENS: 0.8615  SPEC: 0.8875  PPV: 0.7567  NPV: 0.9404 F1:0.8057
INFO:__main__:验证的best_acc:0.8875
INFO:__main__:----------------------------------------------------------------------------------------------------
INFO:__main__:
【train】epoch:53/150 loss:0.1889 acc:0.9218
INFO:__main__:
【val】epoch:53/150 loss:0.3389 acc:0.8763
INFO:__main__:
【Val】:  SENS: 0.8355  SPEC: 0.8928  PPV: 0.7598  NPV: 0.9304 F1:0.7959
INFO:__main__:验证的best_acc:0.8875
INFO:__main__:----------------------------------------------------------------------------------------------------
INFO:__main__:
【train】epoch:54/150 loss:0.2006 acc:0.9174
INFO:__main__:
【val】epoch:54/150 loss:0.3435 acc:0.8575
INFO:__main__:
【Val】:  SENS: 0.8485  SPEC: 0.8612  PPV: 0.7127  NPV: 0.9333 F1:0.7747
INFO:__main__:验证的best_acc:0.8875
INFO:__main__:----------------------------------------------------------------------------------------------------
INFO:__main__:
【train】epoch:55/150 loss:0.1898 acc:0.9220
INFO:__main__:
【val】epoch:55/150 loss:0.4269 acc:0.8350
INFO:__main__:
【Val】:  SENS: 0.8788  SPEC: 0.8172  PPV: 0.6612  NPV: 0.9432 F1:0.7546
INFO:__main__:验证的best_acc:0.8875
INFO:__main__:----------------------------------------------------------------------------------------------------
INFO:__main__:
【train】epoch:56/150 loss:0.1990 acc:0.9197
INFO:__main__:
【val】epoch:56/150 loss:0.2857 acc:0.8775
INFO:__main__:
【Val】:  SENS: 0.7965  SPEC: 0.9104  PPV: 0.7830  NPV: 0.9168 F1:0.7897
INFO:__main__:验证的best_acc:0.8875
INFO:__main__:----------------------------------------------------------------------------------------------------
INFO:__main__:
【train】epoch:57/150 loss:0.1747 acc:0.9293
INFO:__main__:
【val】epoch:57/150 loss:0.3136 acc:0.8813
INFO:__main__:
【Val】:  SENS: 0.7359  SPEC: 0.9402  PPV: 0.8333  NPV: 0.8977 F1:0.7816
INFO:__main__:验证的best_acc:0.8875
INFO:__main__:----------------------------------------------------------------------------------------------------
INFO:__main__:
【train】epoch:58/150 loss:0.1873 acc:0.9220
INFO:__main__:
【val】epoch:58/150 loss:0.3924 acc:0.8413
INFO:__main__:
【Val】:  SENS: 0.9091  SPEC: 0.8137  PPV: 0.6646  NPV: 0.9566 F1:0.7678
INFO:__main__:验证的best_acc:0.8875
INFO:__main__:----------------------------------------------------------------------------------------------------
INFO:__main__:
【train】epoch:59/150 loss:0.1853 acc:0.9268
INFO:__main__:
【val】epoch:59/150 loss:0.3482 acc:0.8487
INFO:__main__:
【Val】:  SENS: 0.8831  SPEC: 0.8348  PPV: 0.6846  NPV: 0.9462 F1:0.7713
INFO:__main__:验证的best_acc:0.8875
INFO:__main__:----------------------------------------------------------------------------------------------------
INFO:__main__:
【train】epoch:60/150 loss:0.1848 acc:0.9262
INFO:__main__:
【val】epoch:60/150 loss:0.2482 acc:0.8863
INFO:__main__:
【Val】:  SENS: 0.8182  SPEC: 0.9139  PPV: 0.7941  NPV: 0.9253 F1:0.8060
INFO:__main__:验证的best_acc:0.8875
INFO:__main__:----------------------------------------------------------------------------------------------------
INFO:__main__:
【train】epoch:61/150 loss:0.1767 acc:0.9283
INFO:__main__:
【val】epoch:61/150 loss:0.2791 acc:0.8875
INFO:__main__:
【Val】:  SENS: 0.7489  SPEC: 0.9438  PPV: 0.8439  NPV: 0.9025 F1:0.7936
INFO:__main__:验证的best_acc:0.8875
INFO:__main__:----------------------------------------------------------------------------------------------------
INFO:__main__:
【train】epoch:62/150 loss:0.1640 acc:0.9358
INFO:__main__:
【val】epoch:62/150 loss:0.3058 acc:0.8825
INFO:__main__:
【Val】:  SENS: 0.7619  SPEC: 0.9315  PPV: 0.8186  NPV: 0.9060 F1:0.7892
INFO:__main__:验证的best_acc:0.8875
INFO:__main__:----------------------------------------------------------------------------------------------------
INFO:__main__:
【train】epoch:63/150 loss:0.1656 acc:0.9324
INFO:__main__:
【val】epoch:63/150 loss:0.2834 acc:0.8900
INFO:__main__:
【Val】:  SENS: 0.7922  SPEC: 0.9297  PPV: 0.8206  NPV: 0.9168 F1:0.8062
INFO:__main__:验证的best_acc:0.8900
INFO:__main__:----------------------------------------------------------------------------------------------------
INFO:__main__:
【train】epoch:64/150 loss:0.1683 acc:0.9333
INFO:__main__:
【val】epoch:64/150 loss:0.3440 acc:0.8712
INFO:__main__:
【Val】:  SENS: 0.8009  SPEC: 0.8998  PPV: 0.7645  NPV: 0.9176 F1:0.7822
INFO:__main__:验证的best_acc:0.8900
INFO:__main__:----------------------------------------------------------------------------------------------------
INFO:__main__:
【train】epoch:65/150 loss:0.1657 acc:0.9339
INFO:__main__:
【val】epoch:65/150 loss:0.2779 acc:0.8875
INFO:__main__:
【Val】:  SENS: 0.8398  SPEC: 0.9069  PPV: 0.7854  NPV: 0.9331 F1:0.8117
INFO:__main__:验证的best_acc:0.8900
INFO:__main__:----------------------------------------------------------------------------------------------------
INFO:__main__:
【train】epoch:66/150 loss:0.1589 acc:0.9387
INFO:__main__:
【val】epoch:66/150 loss:0.2941 acc:0.8737
INFO:__main__:
【Val】:  SENS: 0.7749  SPEC: 0.9139  PPV: 0.7851  NPV: 0.9091 F1:0.7800
INFO:__main__:验证的best_acc:0.8900
INFO:__main__:----------------------------------------------------------------------------------------------------
INFO:__main__:
【train】epoch:67/150 loss:0.1567 acc:0.9352
INFO:__main__:
【val】epoch:67/150 loss:0.3212 acc:0.8662
INFO:__main__:
【Val】:  SENS: 0.8312  SPEC: 0.8805  PPV: 0.7385  NPV: 0.9278 F1:0.7821
INFO:__main__:验证的best_acc:0.8900
INFO:__main__:----------------------------------------------------------------------------------------------------
INFO:__main__:
【train】epoch:68/150 loss:0.1583 acc:0.9383
INFO:__main__:
【val】epoch:68/150 loss:0.3153 acc:0.8788
INFO:__main__:
【Val】:  SENS: 0.8139  SPEC: 0.9051  PPV: 0.7769  NPV: 0.9229 F1:0.7949
INFO:__main__:验证的best_acc:0.8900
INFO:__main__:----------------------------------------------------------------------------------------------------
INFO:__main__:
【train】epoch:69/150 loss:0.1497 acc:0.9402
INFO:__main__:
【val】epoch:69/150 loss:0.3410 acc:0.8863
INFO:__main__:
【Val】:  SENS: 0.7619  SPEC: 0.9367  PPV: 0.8302  NPV: 0.9065 F1:0.7946
INFO:__main__:验证的best_acc:0.8900
INFO:__main__:----------------------------------------------------------------------------------------------------
INFO:__main__:
【train】epoch:70/150 loss:0.1411 acc:0.9469
INFO:__main__:
【val】epoch:70/150 loss:0.2947 acc:0.8950
INFO:__main__:
【Val】:  SENS: 0.7965  SPEC: 0.9350  PPV: 0.8326  NPV: 0.9188 F1:0.8142
INFO:__main__:验证的best_acc:0.8950
INFO:__main__:----------------------------------------------------------------------------------------------------
INFO:__main__:
【train】epoch:71/150 loss:0.1392 acc:0.9443
INFO:__main__:
【val】epoch:71/150 loss:0.3384 acc:0.8725
INFO:__main__:
【Val】:  SENS: 0.8658  SPEC: 0.8752  PPV: 0.7380  NPV: 0.9414 F1:0.7968
INFO:__main__:验证的best_acc:0.8950
INFO:__main__:----------------------------------------------------------------------------------------------------
INFO:__main__:
【train】epoch:72/150 loss:0.1428 acc:0.9420
INFO:__main__:
【val】epoch:72/150 loss:0.3795 acc:0.8500
INFO:__main__:
【Val】:  SENS: 0.9307  SPEC: 0.8172  PPV: 0.6740  NPV: 0.9667 F1:0.7818
INFO:__main__:验证的best_acc:0.8950
INFO:__main__:----------------------------------------------------------------------------------------------------
INFO:__main__:
【train】epoch:73/150 loss:0.1459 acc:0.9429
INFO:__main__:
【val】epoch:73/150 loss:0.3155 acc:0.8913
INFO:__main__:
【Val】:  SENS: 0.8268  SPEC: 0.9174  PPV: 0.8025  NPV: 0.9288 F1:0.8145
INFO:__main__:验证的best_acc:0.8950
INFO:__main__:----------------------------------------------------------------------------------------------------
INFO:__main__:
【train】epoch:74/150 loss:0.1395 acc:0.9478
INFO:__main__:
【val】epoch:74/150 loss:0.2849 acc:0.8888
INFO:__main__:
【Val】:  SENS: 0.7835  SPEC: 0.9315  PPV: 0.8227  NPV: 0.9138 F1:0.8027
INFO:__main__:验证的best_acc:0.8950
INFO:__main__:----------------------------------------------------------------------------------------------------
INFO:__main__:
【train】epoch:75/150 loss:0.1389 acc:0.9467
INFO:__main__:
【val】epoch:75/150 loss:0.5061 acc:0.8263
INFO:__main__:
【Val】:  SENS: 0.8442  SPEC: 0.8190  PPV: 0.6544  NPV: 0.9283 F1:0.7372
INFO:__main__:验证的best_acc:0.8950
INFO:__main__:----------------------------------------------------------------------------------------------------
INFO:__main__:
【train】epoch:76/150 loss:0.1303 acc:0.9497
INFO:__main__:
【val】epoch:76/150 loss:0.3238 acc:0.8700
INFO:__main__:
【Val】:  SENS: 0.7576  SPEC: 0.9156  PPV: 0.7848  NPV: 0.9029 F1:0.7709
INFO:__main__:验证的best_acc:0.8950
INFO:__main__:----------------------------------------------------------------------------------------------------
INFO:__main__:
【train】epoch:77/150 loss:0.1435 acc:0.9454
INFO:__main__:
【val】epoch:77/150 loss:0.2867 acc:0.8800
INFO:__main__:
【Val】:  SENS: 0.8009  SPEC: 0.9121  PPV: 0.7872  NPV: 0.9186 F1:0.7940
INFO:__main__:验证的best_acc:0.8950
INFO:__main__:----------------------------------------------------------------------------------------------------
INFO:__main__:
【train】epoch:78/150 loss:0.1352 acc:0.9487
INFO:__main__:
【val】epoch:78/150 loss:0.3310 acc:0.8788
INFO:__main__:
【Val】:  SENS: 0.8052  SPEC: 0.9086  PPV: 0.7815  NPV: 0.9199 F1:0.7932
INFO:__main__:验证的best_acc:0.8950
INFO:__main__:----------------------------------------------------------------------------------------------------
INFO:__main__:
【train】epoch:79/150 loss:0.1281 acc:0.9543
INFO:__main__:
【val】epoch:79/150 loss:0.4057 acc:0.8650
INFO:__main__:
【Val】:  SENS: 0.8701  SPEC: 0.8629  PPV: 0.7204  NPV: 0.9424 F1:0.7882
INFO:__main__:验证的best_acc:0.8950
INFO:__main__:----------------------------------------------------------------------------------------------------
INFO:__main__:
【train】epoch:80/150 loss:0.1182 acc:0.9555
INFO:__main__:
【val】epoch:80/150 loss:0.3342 acc:0.8737
INFO:__main__:
【Val】:  SENS: 0.8701  SPEC: 0.8752  PPV: 0.7390  NPV: 0.9432 F1:0.7992
INFO:__main__:验证的best_acc:0.8950
INFO:__main__:----------------------------------------------------------------------------------------------------
INFO:__main__:
【train】epoch:81/150 loss:0.1277 acc:0.9511
INFO:__main__:
【val】epoch:81/150 loss:0.3420 acc:0.8888
INFO:__main__:
【Val】:  SENS: 0.7922  SPEC: 0.9279  PPV: 0.8170  NPV: 0.9167 F1:0.8044
INFO:__main__:验证的best_acc:0.8950
INFO:__main__:----------------------------------------------------------------------------------------------------
INFO:__main__:
【train】epoch:82/150 loss:0.1117 acc:0.9597
INFO:__main__:
【val】epoch:82/150 loss:0.3079 acc:0.8813
INFO:__main__:
【Val】:  SENS: 0.8182  SPEC: 0.9069  PPV: 0.7810  NPV: 0.9247 F1:0.7992
INFO:__main__:验证的best_acc:0.8950
INFO:__main__:----------------------------------------------------------------------------------------------------
INFO:__main__:
【train】epoch:83/150 loss:0.1114 acc:0.9594
INFO:__main__:
【val】epoch:83/150 loss:0.3228 acc:0.8825
INFO:__main__:
【Val】:  SENS: 0.7576  SPEC: 0.9332  PPV: 0.8216  NPV: 0.9046 F1:0.7883
INFO:__main__:验证的best_acc:0.8950
INFO:__main__:----------------------------------------------------------------------------------------------------
INFO:__main__:
【train】epoch:84/150 loss:0.1171 acc:0.9547
INFO:__main__:
【val】epoch:84/150 loss:0.3391 acc:0.8800
INFO:__main__:
【Val】:  SENS: 0.8095  SPEC: 0.9086  PPV: 0.7824  NPV: 0.9216 F1:0.7957
INFO:__main__:验证的best_acc:0.8950
INFO:__main__:----------------------------------------------------------------------------------------------------
INFO:__main__:
【train】epoch:85/150 loss:0.1189 acc:0.9567
INFO:__main__:
【val】epoch:85/150 loss:0.3520 acc:0.8850
INFO:__main__:
【Val】:  SENS: 0.7922  SPEC: 0.9227  PPV: 0.8062  NPV: 0.9162 F1:0.7991
INFO:__main__:验证的best_acc:0.8950
INFO:__main__:----------------------------------------------------------------------------------------------------
INFO:__main__:
【train】epoch:86/150 loss:0.1051 acc:0.9627
INFO:__main__:
【val】epoch:86/150 loss:0.3990 acc:0.8612
INFO:__main__:
【Val】:  SENS: 0.8745  SPEC: 0.8559  PPV: 0.7113  NPV: 0.9438 F1:0.7845
INFO:__main__:验证的best_acc:0.8950
INFO:__main__:----------------------------------------------------------------------------------------------------
INFO:__main__:
【train】epoch:87/150 loss:0.1126 acc:0.9558
INFO:__main__:
【val】epoch:87/150 loss:0.3953 acc:0.8775
INFO:__main__:
【Val】:  SENS: 0.8225  SPEC: 0.8998  PPV: 0.7692  NPV: 0.9259 F1:0.7950
INFO:__main__:验证的best_acc:0.8950
INFO:__main__:----------------------------------------------------------------------------------------------------
INFO:__main__:
【train】epoch:88/150 loss:0.1069 acc:0.9597
INFO:__main__:
【val】epoch:88/150 loss:0.3566 acc:0.8850
INFO:__main__:
【Val】:  SENS: 0.8312  SPEC: 0.9069  PPV: 0.7837  NPV: 0.9297 F1:0.8067
INFO:__main__:验证的best_acc:0.8950
INFO:__main__:----------------------------------------------------------------------------------------------------
INFO:__main__:
【train】epoch:89/150 loss:0.1008 acc:0.9630
INFO:__main__:
【val】epoch:89/150 loss:0.3613 acc:0.8825
INFO:__main__:
【Val】:  SENS: 0.8831  SPEC: 0.8822  PPV: 0.7528  NPV: 0.9490 F1:0.8127
INFO:__main__:验证的best_acc:0.8950
INFO:__main__:----------------------------------------------------------------------------------------------------
INFO:__main__:
【train】epoch:90/150 loss:0.1013 acc:0.9620
INFO:__main__:
【val】epoch:90/150 loss:0.3250 acc:0.8950
INFO:__main__:
【Val】:  SENS: 0.7922  SPEC: 0.9367  PPV: 0.8356  NPV: 0.9174 F1:0.8133
INFO:__main__:验证的best_acc:0.8950
INFO:__main__:----------------------------------------------------------------------------------------------------
INFO:__main__:
【train】epoch:91/150 loss:0.1083 acc:0.9620
INFO:__main__:
【val】epoch:91/150 loss:0.3256 acc:0.8850
INFO:__main__:
【Val】:  SENS: 0.8658  SPEC: 0.8928  PPV: 0.7663  NPV: 0.9425 F1:0.8130
INFO:__main__:验证的best_acc:0.8950
INFO:__main__:----------------------------------------------------------------------------------------------------
INFO:__main__:
【train】epoch:92/150 loss:0.0944 acc:0.9635
INFO:__main__:
【val】epoch:92/150 loss:0.3151 acc:0.9025
INFO:__main__:
【Val】:  SENS: 0.8182  SPEC: 0.9367  PPV: 0.8400  NPV: 0.9270 F1:0.8289
INFO:__main__:验证的best_acc:0.9025
INFO:__main__:----------------------------------------------------------------------------------------------------
INFO:__main__:
【train】epoch:93/150 loss:0.1011 acc:0.9601
INFO:__main__:
【val】epoch:93/150 loss:0.3817 acc:0.8875
INFO:__main__:
【Val】:  SENS: 0.7273  SPEC: 0.9525  PPV: 0.8615  NPV: 0.8959 F1:0.7887
INFO:__main__:验证的best_acc:0.9025
INFO:__main__:----------------------------------------------------------------------------------------------------
INFO:__main__:
【train】epoch:94/150 loss:0.0943 acc:0.9654
INFO:__main__:
【val】epoch:94/150 loss:0.3363 acc:0.8963
INFO:__main__:
【Val】:  SENS: 0.8615  SPEC: 0.9104  PPV: 0.7960  NPV: 0.9418 F1:0.8274
INFO:__main__:验证的best_acc:0.9025
INFO:__main__:----------------------------------------------------------------------------------------------------
INFO:__main__:
【train】epoch:95/150 loss:0.1023 acc:0.9657
INFO:__main__:
【val】epoch:95/150 loss:0.3359 acc:0.8888
INFO:__main__:
【Val】:  SENS: 0.7965  SPEC: 0.9262  PPV: 0.8142  NPV: 0.9181 F1:0.8053
INFO:__main__:验证的best_acc:0.9025
INFO:__main__:----------------------------------------------------------------------------------------------------
INFO:__main__:
【train】epoch:96/150 loss:0.0937 acc:0.9648
INFO:__main__:
【val】epoch:96/150 loss:0.3076 acc:0.8888
INFO:__main__:
【Val】:  SENS: 0.7792  SPEC: 0.9332  PPV: 0.8257  NPV: 0.9124 F1:0.8018
INFO:__main__:验证的best_acc:0.9025
INFO:__main__:----------------------------------------------------------------------------------------------------
INFO:__main__:
【train】epoch:97/150 loss:0.1006 acc:0.9601
INFO:__main__:
【val】epoch:97/150 loss:0.3776 acc:0.8788
INFO:__main__:
【Val】:  SENS: 0.8571  SPEC: 0.8875  PPV: 0.7557  NPV: 0.9387 F1:0.8032
INFO:__main__:验证的best_acc:0.9025
INFO:__main__:----------------------------------------------------------------------------------------------------
INFO:__main__:
【train】epoch:98/150 loss:0.0840 acc:0.9694
INFO:__main__:
【val】epoch:98/150 loss:0.3528 acc:0.8963
INFO:__main__:
【Val】:  SENS: 0.7965  SPEC: 0.9367  PPV: 0.8364  NPV: 0.9190 F1:0.8160
INFO:__main__:验证的best_acc:0.9025
INFO:__main__:----------------------------------------------------------------------------------------------------
INFO:__main__:
【train】epoch:99/150 loss:0.0839 acc:0.9678
INFO:__main__:
【val】epoch:99/150 loss:0.3427 acc:0.8813
INFO:__main__:
【Val】:  SENS: 0.8528  SPEC: 0.8928  PPV: 0.7636  NPV: 0.9373 F1:0.8057
INFO:__main__:验证的best_acc:0.9025
INFO:__main__:----------------------------------------------------------------------------------------------------
INFO:__main__:
【train】epoch:100/150 loss:0.0900 acc:0.9683
INFO:__main__:
【val】epoch:100/150 loss:0.3868 acc:0.8712
INFO:__main__:
【Val】:  SENS: 0.8658  SPEC: 0.8735  PPV: 0.7353  NPV: 0.9413 F1:0.7952
INFO:__main__:验证的best_acc:0.9025
INFO:__main__:----------------------------------------------------------------------------------------------------
INFO:__main__:
【train】epoch:101/150 loss:0.0810 acc:0.9706
INFO:__main__:
【val】epoch:101/150 loss:0.3484 acc:0.8888
INFO:__main__:
【Val】:  SENS: 0.8355  SPEC: 0.9104  PPV: 0.7910  NPV: 0.9317 F1:0.8126
INFO:__main__:验证的best_acc:0.9025
INFO:__main__:----------------------------------------------------------------------------------------------------
INFO:__main__:
【train】epoch:102/150 loss:0.0844 acc:0.9700
INFO:__main__:
【val】epoch:102/150 loss:0.3507 acc:0.8975
INFO:__main__:
【Val】:  SENS: 0.7922  SPEC: 0.9402  PPV: 0.8433  NPV: 0.9177 F1:0.8170
INFO:__main__:验证的best_acc:0.9025
INFO:__main__:----------------------------------------------------------------------------------------------------
INFO:__main__:
【train】epoch:103/150 loss:0.0808 acc:0.9707
INFO:__main__:
【val】epoch:103/150 loss:0.3606 acc:0.8788
INFO:__main__:
【Val】:  SENS: 0.8139  SPEC: 0.9051  PPV: 0.7769  NPV: 0.9229 F1:0.7949
INFO:__main__:验证的best_acc:0.9025
INFO:__main__:----------------------------------------------------------------------------------------------------
INFO:__main__:
【train】epoch:104/150 loss:0.0811 acc:0.9713
INFO:__main__:
【val】epoch:104/150 loss:0.3532 acc:0.8963
INFO:__main__:
【Val】:  SENS: 0.7835  SPEC: 0.9420  PPV: 0.8458  NPV: 0.9147 F1:0.8135
INFO:__main__:验证的best_acc:0.9025
INFO:__main__:----------------------------------------------------------------------------------------------------
INFO:__main__:
【train】epoch:105/150 loss:0.0823 acc:0.9706
INFO:__main__:
【val】epoch:105/150 loss:0.3995 acc:0.8925
INFO:__main__:
【Val】:  SENS: 0.8182  SPEC: 0.9227  PPV: 0.8112  NPV: 0.9259 F1:0.8147
INFO:__main__:验证的best_acc:0.9025
INFO:__main__:----------------------------------------------------------------------------------------------------
INFO:__main__:
【train】epoch:106/150 loss:0.0845 acc:0.9715
INFO:__main__:
【val】epoch:106/150 loss:0.3178 acc:0.8863
INFO:__main__:
【Val】:  SENS: 0.8528  SPEC: 0.8998  PPV: 0.7756  NPV: 0.9377 F1:0.8124
INFO:__main__:验证的best_acc:0.9025
INFO:__main__:----------------------------------------------------------------------------------------------------
INFO:__main__:
【train】epoch:107/150 loss:0.0788 acc:0.9706
INFO:__main__:
【val】epoch:107/150 loss:0.4047 acc:0.8813
INFO:__main__:
【Val】:  SENS: 0.8268  SPEC: 0.9033  PPV: 0.7764  NPV: 0.9278 F1:0.8008
INFO:__main__:验证的best_acc:0.9025
INFO:__main__:----------------------------------------------------------------------------------------------------
INFO:__main__:
【train】epoch:108/150 loss:0.0842 acc:0.9666
INFO:__main__:
【val】epoch:108/150 loss:0.3370 acc:0.8963
INFO:__main__:
【Val】:  SENS: 0.8052  SPEC: 0.9332  PPV: 0.8304  NPV: 0.9219 F1:0.8176
INFO:__main__:验证的best_acc:0.9025
INFO:__main__:----------------------------------------------------------------------------------------------------
INFO:__main__:
【train】epoch:109/150 loss:0.0744 acc:0.9724
INFO:__main__:
【val】epoch:109/150 loss:0.3338 acc:0.8950
INFO:__main__:
【Val】:  SENS: 0.8095  SPEC: 0.9297  PPV: 0.8238  NPV: 0.9232 F1:0.8166
INFO:__main__:验证的best_acc:0.9025
INFO:__main__:----------------------------------------------------------------------------------------------------
INFO:__main__:
【train】epoch:110/150 loss:0.0731 acc:0.9739
INFO:__main__:
【val】epoch:110/150 loss:0.3279 acc:0.8763
INFO:__main__:
【Val】:  SENS: 0.8139  SPEC: 0.9016  PPV: 0.7705  NPV: 0.9227 F1:0.7916
INFO:__main__:验证的best_acc:0.9025
INFO:__main__:----------------------------------------------------------------------------------------------------
INFO:__main__:
【train】epoch:111/150 loss:0.0762 acc:0.9716
INFO:__main__:
【val】epoch:111/150 loss:0.3401 acc:0.8900
INFO:__main__:
【Val】:  SENS: 0.8009  SPEC: 0.9262  PPV: 0.8150  NPV: 0.9197 F1:0.8079
INFO:__main__:验证的best_acc:0.9025
INFO:__main__:----------------------------------------------------------------------------------------------------
INFO:__main__:
【train】epoch:112/150 loss:0.0665 acc:0.9757
INFO:__main__:
【val】epoch:112/150 loss:0.3270 acc:0.8913
INFO:__main__:
【Val】:  SENS: 0.8312  SPEC: 0.9156  PPV: 0.8000  NPV: 0.9304 F1:0.8153
INFO:__main__:验证的best_acc:0.9025
INFO:__main__:----------------------------------------------------------------------------------------------------
INFO:__main__:
【train】epoch:113/150 loss:0.0694 acc:0.9727
INFO:__main__:
【val】epoch:113/150 loss:0.3661 acc:0.8963
INFO:__main__:
【Val】:  SENS: 0.7879  SPEC: 0.9402  PPV: 0.8426  NPV: 0.9161 F1:0.8143
INFO:__main__:验证的best_acc:0.9025
INFO:__main__:----------------------------------------------------------------------------------------------------
INFO:__main__:
【train】epoch:114/150 loss:0.0726 acc:0.9722
INFO:__main__:
【val】epoch:114/150 loss:0.3241 acc:0.8950
INFO:__main__:
【Val】:  SENS: 0.8398  SPEC: 0.9174  PPV: 0.8050  NPV: 0.9338 F1:0.8220
INFO:__main__:验证的best_acc:0.9025
INFO:__main__:----------------------------------------------------------------------------------------------------
INFO:__main__:
【train】epoch:115/150 loss:0.0685 acc:0.9754
INFO:__main__:
【val】epoch:115/150 loss:0.3110 acc:0.8988
INFO:__main__:
【Val】:  SENS: 0.8528  SPEC: 0.9174  PPV: 0.8074  NPV: 0.9388 F1:0.8295
INFO:__main__:验证的best_acc:0.9025
INFO:__main__:----------------------------------------------------------------------------------------------------
INFO:__main__:
【train】epoch:116/150 loss:0.0705 acc:0.9737
INFO:__main__:
【val】epoch:116/150 loss:0.3232 acc:0.8900
INFO:__main__:
【Val】:  SENS: 0.8485  SPEC: 0.9069  PPV: 0.7871  NPV: 0.9365 F1:0.8167
INFO:__main__:验证的best_acc:0.9025
INFO:__main__:----------------------------------------------------------------------------------------------------
INFO:__main__:
【train】epoch:117/150 loss:0.0652 acc:0.9761
INFO:__main__:
【val】epoch:117/150 loss:0.3507 acc:0.8925
INFO:__main__:
【Val】:  SENS: 0.8312  SPEC: 0.9174  PPV: 0.8033  NPV: 0.9305 F1:0.8170
INFO:__main__:验证的best_acc:0.9025
INFO:__main__:----------------------------------------------------------------------------------------------------
INFO:__main__:
【train】epoch:118/150 loss:0.0739 acc:0.9728
INFO:__main__:
【val】epoch:118/150 loss:0.3854 acc:0.8913
INFO:__main__:
【Val】:  SENS: 0.8615  SPEC: 0.9033  PPV: 0.7835  NPV: 0.9414 F1:0.8206
INFO:__main__:验证的best_acc:0.9025
INFO:__main__:----------------------------------------------------------------------------------------------------
INFO:__main__:
【train】epoch:119/150 loss:0.0660 acc:0.9754
INFO:__main__:
【val】epoch:119/150 loss:0.3279 acc:0.8950
INFO:__main__:
【Val】:  SENS: 0.8139  SPEC: 0.9279  PPV: 0.8210  NPV: 0.9247 F1:0.8174
INFO:__main__:验证的best_acc:0.9025
INFO:__main__:----------------------------------------------------------------------------------------------------
INFO:__main__:
【train】epoch:120/150 loss:0.0605 acc:0.9786
INFO:__main__:
【val】epoch:120/150 loss:0.3316 acc:0.9025
INFO:__main__:
【Val】:  SENS: 0.8009  SPEC: 0.9438  PPV: 0.8525  NPV: 0.9211 F1:0.8259
INFO:__main__:验证的best_acc:0.9025
INFO:__main__:----------------------------------------------------------------------------------------------------
INFO:__main__:
【train】epoch:121/150 loss:0.0658 acc:0.9760
INFO:__main__:
【val】epoch:121/150 loss:0.3915 acc:0.9038
INFO:__main__:
【Val】:  SENS: 0.7619  SPEC: 0.9613  PPV: 0.8889  NPV: 0.9086 F1:0.8205
INFO:__main__:验证的best_acc:0.9038
INFO:__main__:----------------------------------------------------------------------------------------------------
INFO:__main__:
【train】epoch:122/150 loss:0.0593 acc:0.9777
INFO:__main__:
【val】epoch:122/150 loss:0.3409 acc:0.8988
INFO:__main__:
【Val】:  SENS: 0.7835  SPEC: 0.9455  PPV: 0.8538  NPV: 0.9150 F1:0.8172
INFO:__main__:验证的best_acc:0.9038
INFO:__main__:----------------------------------------------------------------------------------------------------
INFO:__main__:
【train】epoch:123/150 loss:0.0593 acc:0.9792
INFO:__main__:
【val】epoch:123/150 loss:0.3822 acc:0.9025
INFO:__main__:
【Val】:  SENS: 0.8182  SPEC: 0.9367  PPV: 0.8400  NPV: 0.9270 F1:0.8289
INFO:__main__:验证的best_acc:0.9038
INFO:__main__:----------------------------------------------------------------------------------------------------
INFO:__main__:
【train】epoch:124/150 loss:0.0662 acc:0.9751
INFO:__main__:
【val】epoch:124/150 loss:0.3463 acc:0.8975
INFO:__main__:
【Val】:  SENS: 0.8615  SPEC: 0.9121  PPV: 0.7992  NPV: 0.9419 F1:0.8292
INFO:__main__:验证的best_acc:0.9038
INFO:__main__:----------------------------------------------------------------------------------------------------
INFO:__main__:
【train】epoch:125/150 loss:0.0634 acc:0.9771
INFO:__main__:
【val】epoch:125/150 loss:0.3658 acc:0.8888
INFO:__main__:
【Val】:  SENS: 0.8398  SPEC: 0.9086  PPV: 0.7886  NPV: 0.9332 F1:0.8134
INFO:__main__:验证的best_acc:0.9038
INFO:__main__:----------------------------------------------------------------------------------------------------
INFO:__main__:
【train】epoch:126/150 loss:0.0603 acc:0.9787
INFO:__main__:
【val】epoch:126/150 loss:0.3945 acc:0.8888
INFO:__main__:
【Val】:  SENS: 0.7749  SPEC: 0.9350  PPV: 0.8287  NPV: 0.9110 F1:0.8009
INFO:__main__:验证的best_acc:0.9038
INFO:__main__:----------------------------------------------------------------------------------------------------
INFO:__main__:
【train】epoch:127/150 loss:0.0618 acc:0.9784
INFO:__main__:
【val】epoch:127/150 loss:0.3487 acc:0.9038
INFO:__main__:
【Val】:  SENS: 0.8485  SPEC: 0.9262  PPV: 0.8235  NPV: 0.9377 F1:0.8358
INFO:__main__:验证的best_acc:0.9038
INFO:__main__:----------------------------------------------------------------------------------------------------
INFO:__main__:
【train】epoch:128/150 loss:0.0590 acc:0.9778
INFO:__main__:
【val】epoch:128/150 loss:0.3694 acc:0.9025
INFO:__main__:
【Val】:  SENS: 0.8225  SPEC: 0.9350  PPV: 0.8370  NPV: 0.9284 F1:0.8297
INFO:__main__:验证的best_acc:0.9038
INFO:__main__:----------------------------------------------------------------------------------------------------
INFO:__main__:
【train】epoch:129/150 loss:0.0602 acc:0.9768
INFO:__main__:
【val】epoch:129/150 loss:0.3682 acc:0.9038
INFO:__main__:
【Val】:  SENS: 0.7965  SPEC: 0.9473  PPV: 0.8598  NPV: 0.9198 F1:0.8270
INFO:__main__:验证的best_acc:0.9038
INFO:__main__:----------------------------------------------------------------------------------------------------
INFO:__main__:
【train】epoch:130/150 loss:0.0546 acc:0.9799
INFO:__main__:
【val】epoch:130/150 loss:0.3723 acc:0.8925
INFO:__main__:
【Val】:  SENS: 0.8312  SPEC: 0.9174  PPV: 0.8033  NPV: 0.9305 F1:0.8170
INFO:__main__:验证的best_acc:0.9038
INFO:__main__:----------------------------------------------------------------------------------------------------
INFO:__main__:
【train】epoch:131/150 loss:0.0545 acc:0.9810
INFO:__main__:
【val】epoch:131/150 loss:0.3460 acc:0.9075
INFO:__main__:
【Val】:  SENS: 0.8398  SPEC: 0.9350  PPV: 0.8398  NPV: 0.9350 F1:0.8398
INFO:__main__:验证的best_acc:0.9075
INFO:__main__:----------------------------------------------------------------------------------------------------
INFO:__main__:
【train】epoch:132/150 loss:0.0552 acc:0.9804
INFO:__main__:
【val】epoch:132/150 loss:0.3635 acc:0.9000
INFO:__main__:
【Val】:  SENS: 0.8268  SPEC: 0.9297  PPV: 0.8268  NPV: 0.9297 F1:0.8268
INFO:__main__:验证的best_acc:0.9075
INFO:__main__:----------------------------------------------------------------------------------------------------
INFO:__main__:
【train】epoch:133/150 loss:0.0506 acc:0.9798
INFO:__main__:
【val】epoch:133/150 loss:0.3285 acc:0.9087
INFO:__main__:
【Val】:  SENS: 0.8485  SPEC: 0.9332  PPV: 0.8376  NPV: 0.9382 F1:0.8430
INFO:__main__:验证的best_acc:0.9087
INFO:__main__:----------------------------------------------------------------------------------------------------
INFO:__main__:
【train】epoch:134/150 loss:0.0518 acc:0.9807
INFO:__main__:
【val】epoch:134/150 loss:0.3293 acc:0.9087
INFO:__main__:
【Val】:  SENS: 0.8312  SPEC: 0.9402  PPV: 0.8496  NPV: 0.9321 F1:0.8403
INFO:__main__:验证的best_acc:0.9087
INFO:__main__:----------------------------------------------------------------------------------------------------
INFO:__main__:
【train】epoch:135/150 loss:0.0486 acc:0.9845
INFO:__main__:
【val】epoch:135/150 loss:0.3667 acc:0.9025
INFO:__main__:
【Val】:  SENS: 0.7965  SPEC: 0.9455  PPV: 0.8558  NPV: 0.9197 F1:0.8251
INFO:__main__:验证的best_acc:0.9087
INFO:__main__:----------------------------------------------------------------------------------------------------
INFO:__main__:
【train】epoch:136/150 loss:0.0598 acc:0.9787
INFO:__main__:
【val】epoch:136/150 loss:0.3473 acc:0.8900
INFO:__main__:
【Val】:  SENS: 0.8355  SPEC: 0.9121  PPV: 0.7942  NPV: 0.9318 F1:0.8143
INFO:__main__:验证的best_acc:0.9087
INFO:__main__:----------------------------------------------------------------------------------------------------
INFO:__main__:
【train】epoch:137/150 loss:0.0505 acc:0.9817
INFO:__main__:
【val】epoch:137/150 loss:0.3397 acc:0.9075
INFO:__main__:
【Val】:  SENS: 0.8398  SPEC: 0.9350  PPV: 0.8398  NPV: 0.9350 F1:0.8398
INFO:__main__:验证的best_acc:0.9087
INFO:__main__:----------------------------------------------------------------------------------------------------
INFO:__main__:
【train】epoch:138/150 loss:0.0535 acc:0.9811
INFO:__main__:
【val】epoch:138/150 loss:0.3455 acc:0.9000
INFO:__main__:
【Val】:  SENS: 0.8225  SPEC: 0.9315  PPV: 0.8297  NPV: 0.9282 F1:0.8261
INFO:__main__:验证的best_acc:0.9087
INFO:__main__:----------------------------------------------------------------------------------------------------
INFO:__main__:
【train】epoch:139/150 loss:0.0439 acc:0.9849
INFO:__main__:
【val】epoch:139/150 loss:0.3494 acc:0.9075
INFO:__main__:
【Val】:  SENS: 0.8139  SPEC: 0.9455  PPV: 0.8584  NPV: 0.9260 F1:0.8356
INFO:__main__:验证的best_acc:0.9087
INFO:__main__:----------------------------------------------------------------------------------------------------
INFO:__main__:
【train】epoch:140/150 loss:0.0489 acc:0.9831
INFO:__main__:
【val】epoch:140/150 loss:0.3465 acc:0.9000
INFO:__main__:
【Val】:  SENS: 0.8355  SPEC: 0.9262  PPV: 0.8213  NPV: 0.9327 F1:0.8283
INFO:__main__:验证的best_acc:0.9087
INFO:__main__:----------------------------------------------------------------------------------------------------
INFO:__main__:
【train】epoch:141/150 loss:0.0485 acc:0.9822
INFO:__main__:
【val】epoch:141/150 loss:0.3664 acc:0.9000
INFO:__main__:
【Val】:  SENS: 0.8182  SPEC: 0.9332  PPV: 0.8326  NPV: 0.9267 F1:0.8253
INFO:__main__:验证的best_acc:0.9087
INFO:__main__:----------------------------------------------------------------------------------------------------
INFO:__main__:
【train】epoch:142/150 loss:0.0471 acc:0.9831
INFO:__main__:
【val】epoch:142/150 loss:0.3677 acc:0.9025
INFO:__main__:
【Val】:  SENS: 0.8009  SPEC: 0.9438  PPV: 0.8525  NPV: 0.9211 F1:0.8259
INFO:__main__:验证的best_acc:0.9087
INFO:__main__:----------------------------------------------------------------------------------------------------
INFO:__main__:
【train】epoch:143/150 loss:0.0462 acc:0.9851
INFO:__main__:
【val】epoch:143/150 loss:0.3478 acc:0.9050
INFO:__main__:
【Val】:  SENS: 0.8009  SPEC: 0.9473  PPV: 0.8605  NPV: 0.9214 F1:0.8296
INFO:__main__:验证的best_acc:0.9087
INFO:__main__:----------------------------------------------------------------------------------------------------
INFO:__main__:
【train】epoch:144/150 loss:0.0542 acc:0.9790
INFO:__main__:
【val】epoch:144/150 loss:0.3425 acc:0.9062
INFO:__main__:
【Val】:  SENS: 0.8355  SPEC: 0.9350  PPV: 0.8391  NPV: 0.9333 F1:0.8373
INFO:__main__:验证的best_acc:0.9087
INFO:__main__:----------------------------------------------------------------------------------------------------
INFO:__main__:
【train】epoch:145/150 loss:0.0503 acc:0.9805
INFO:__main__:
【val】epoch:145/150 loss:0.3487 acc:0.8938
INFO:__main__:
【Val】:  SENS: 0.8268  SPEC: 0.9209  PPV: 0.8093  NPV: 0.9291 F1:0.8180
INFO:__main__:验证的best_acc:0.9087
INFO:__main__:----------------------------------------------------------------------------------------------------
INFO:__main__:
【train】epoch:146/150 loss:0.0448 acc:0.9848
INFO:__main__:
【val】epoch:146/150 loss:0.3437 acc:0.9062
INFO:__main__:
【Val】:  SENS: 0.8225  SPEC: 0.9402  PPV: 0.8482  NPV: 0.9288 F1:0.8352
INFO:__main__:验证的best_acc:0.9087
INFO:__main__:----------------------------------------------------------------------------------------------------
INFO:__main__:
【train】epoch:147/150 loss:0.0511 acc:0.9831
INFO:__main__:
【val】epoch:147/150 loss:0.3679 acc:0.8963
INFO:__main__:
【Val】:  SENS: 0.8095  SPEC: 0.9315  PPV: 0.8274  NPV: 0.9233 F1:0.8184
INFO:__main__:验证的best_acc:0.9087
INFO:__main__:----------------------------------------------------------------------------------------------------
INFO:__main__:
【train】epoch:148/150 loss:0.0471 acc:0.9816
INFO:__main__:
【val】epoch:148/150 loss:0.3773 acc:0.9000
INFO:__main__:
【Val】:  SENS: 0.8268  SPEC: 0.9297  PPV: 0.8268  NPV: 0.9297 F1:0.8268
INFO:__main__:验证的best_acc:0.9087
INFO:__main__:----------------------------------------------------------------------------------------------------
INFO:__main__:
【train】epoch:149/150 loss:0.0439 acc:0.9852
INFO:__main__:
【val】epoch:149/150 loss:0.3531 acc:0.9087
INFO:__main__:
【Val】:  SENS: 0.8615  SPEC: 0.9279  PPV: 0.8292  NPV: 0.9429 F1:0.8450
INFO:__main__:验证的best_acc:0.9087
INFO:__main__:----------------------------------------------------------------------------------------------------
INFO:__main__:****************************************************************************************************
INFO:__main__:Val_LOSS:['0.5263', '0.4877', '0.4667', '0.4484', '0.4551', '0.4462', '0.4644', '0.4184', '0.4085', '0.4061', '0.4285', '0.5833', '0.4680', '0.8813', '0.4089', '0.5206', '0.3843', '0.3595', '0.4287', '0.3430', '0.3824', '0.3116', '0.3192', '0.4775', '0.3287', '0.4309', '0.3647', '0.3027', '0.5254', '0.4662', '0.5053', '0.4679', '0.3405', '0.3182', '0.4683', '0.2926', '0.3613', '0.3622', '0.6151', '0.5074', '0.3217', '0.3446', '0.3853', '0.2902', '0.3439', '0.5308', '0.3156', '0.3015', '0.4929', '0.2880', '0.5048', '0.4302', '0.2776', '0.3389', '0.3435', '0.4269', '0.2857', '0.3136', '0.3924', '0.3482', '0.2482', '0.2791', '0.3058', '0.2834', '0.3440', '0.2779', '0.2941', '0.3212', '0.3153', '0.3410', '0.2947', '0.3384', '0.3795', '0.3155', '0.2849', '0.5061', '0.3238', '0.2867', '0.3310', '0.4057', '0.3342', '0.3420', '0.3079', '0.3228', '0.3391', '0.3520', '0.3990', '0.3953', '0.3566', '0.3613', '0.3250', '0.3256', '0.3151', '0.3817', '0.3363', '0.3359', '0.3076', '0.3776', '0.3528', '0.3427', '0.3868', '0.3484', '0.3507', '0.3606', '0.3532', '0.3995', '0.3178', '0.4047', '0.3370', '0.3338', '0.3279', '0.3401', '0.3270', '0.3661', '0.3241', '0.3110', '0.3232', '0.3507', '0.3854', '0.3279', '0.3316', '0.3915', '0.3409', '0.3822', '0.3463', '0.3658', '0.3945', '0.3487', '0.3694', '0.3682', '0.3723', '0.3460', '0.3635', '0.3285', '0.3293', '0.3667', '0.3473', '0.3397', '0.3455', '0.3494', '0.3465', '0.3664', '0.3677', '0.3478', '0.3425', '0.3487', '0.3437', '0.3679', '0.3773', '0.3531']
INFO:__main__:Val_ACC:['0.7175', '0.7563', '0.7613', '0.7788', '0.7775', '0.7812', '0.7650', '0.7962', '0.8000', '0.8050', '0.8100', '0.6925', '0.7613', '0.5713', '0.8213', '0.7425', '0.8238', '0.8300', '0.8037', '0.8550', '0.8313', '0.8650', '0.8487', '0.7725', '0.8650', '0.7925', '0.8575', '0.8625', '0.7850', '0.7875', '0.7862', '0.7987', '0.8450', '0.8637', '0.8087', '0.8700', '0.8512', '0.8487', '0.8025', '0.8025', '0.8687', '0.8700', '0.8288', '0.8875', '0.8512', '0.7775', '0.8625', '0.8712', '0.8112', '0.8712', '0.8000', '0.8537', '0.8800', '0.8763', '0.8575', '0.8350', '0.8775', '0.8813', '0.8413', '0.8487', '0.8863', '0.8875', '0.8825', '0.8900', '0.8712', '0.8875', '0.8737', '0.8662', '0.8788', '0.8863', '0.8950', '0.8725', '0.8500', '0.8913', '0.8888', '0.8263', '0.8700', '0.8800', '0.8788', '0.8650', '0.8737', '0.8888', '0.8813', '0.8825', '0.8800', '0.8850', '0.8612', '0.8775', '0.8850', '0.8825', '0.8950', '0.8850', '0.9025', '0.8875', '0.8963', '0.8888', '0.8888', '0.8788', '0.8963', '0.8813', '0.8712', '0.8888', '0.8975', '0.8788', '0.8963', '0.8925', '0.8863', '0.8813', '0.8963', '0.8950', '0.8763', '0.8900', '0.8913', '0.8963', '0.8950', '0.8988', '0.8900', '0.8925', '0.8913', '0.8950', '0.9025', '0.9038', '0.8988', '0.9025', '0.8975', '0.8888', '0.8888', '0.9038', '0.9025', '0.9038', '0.8925', '0.9075', '0.9000', '0.9087', '0.9087', '0.9025', '0.8900', '0.9075', '0.9000', '0.9075', '0.9000', '0.9000', '0.9025', '0.9050', '0.9062', '0.8938', '0.9062', '0.8963', '0.9000', '0.9087']
INFO:__main__:****************************************************************************************************
INFO:__main__: epoch0 测试test_Loss: 0.4103  test_ACC: 0.8935  
INFO:__main__:SENS: 0.8219 SPEC: 0.9236 PPV: 0.8185 NPV: 0.9252 F1:0.8202
INFO:__main__:test_Best_acc:0.8935
INFO:__main__:flops:4131698688.0  params:23512130.0
INFO:__main__:处理速度:201.67张图像/秒
