INFO:__main__:
【train】epoch:0/100 loss:1.2419 acc:0.5611
INFO:__main__:
【val】epoch:0/100 loss:0.6333 acc:0.6125
INFO:__main__:
【Val】:  SENS: 0.1880  SPEC: 0.8846  PPV: 0.5109  NPV: 0.6296
INFO:__main__:验证的best_acc:0.6125
INFO:__main__:----------------------------------------------------------------------------------------------------
INFO:__main__:
【train】epoch:1/100 loss:0.6939 acc:0.6553
INFO:__main__:
【val】epoch:1/100 loss:0.5811 acc:0.7156
INFO:__main__:
【Val】:  SENS: 0.3800  SPEC: 0.9308  PPV: 0.7787  NPV: 0.7008
INFO:__main__:验证的best_acc:0.7156
INFO:__main__:----------------------------------------------------------------------------------------------------
INFO:__main__:
【train】epoch:2/100 loss:0.5964 acc:0.7155
INFO:__main__:
【val】epoch:2/100 loss:0.4838 acc:0.7828
INFO:__main__:
【Val】:  SENS: 0.7200  SPEC: 0.8231  PPV: 0.7229  NPV: 0.8210
INFO:__main__:验证的best_acc:0.7828
INFO:__main__:----------------------------------------------------------------------------------------------------
INFO:__main__:
【train】epoch:3/100 loss:0.5336 acc:0.7486
INFO:__main__:
【val】epoch:3/100 loss:1.1379 acc:0.6422
INFO:__main__:
【Val】:  SENS: 0.1000  SPEC: 0.9897  PPV: 0.8621  NPV: 0.6318
INFO:__main__:验证的best_acc:0.7828
INFO:__main__:----------------------------------------------------------------------------------------------------
INFO:__main__:
【train】epoch:4/100 loss:0.5009 acc:0.7682
INFO:__main__:
【val】epoch:4/100 loss:0.4908 acc:0.7375
INFO:__main__:
【Val】:  SENS: 0.4840  SPEC: 0.9000  PPV: 0.7563  NPV: 0.7312
INFO:__main__:验证的best_acc:0.7828
INFO:__main__:----------------------------------------------------------------------------------------------------
INFO:__main__:
【train】epoch:5/100 loss:0.4871 acc:0.7812
INFO:__main__:
【val】epoch:5/100 loss:0.4369 acc:0.7969
INFO:__main__:
【Val】:  SENS: 0.7280  SPEC: 0.8410  PPV: 0.7459  NPV: 0.8283
INFO:__main__:验证的best_acc:0.7969
INFO:__main__:----------------------------------------------------------------------------------------------------
INFO:__main__:
【train】epoch:6/100 loss:0.4730 acc:0.7892
INFO:__main__:
【val】epoch:6/100 loss:0.3847 acc:0.8266
INFO:__main__:
【Val】:  SENS: 0.6880  SPEC: 0.9154  PPV: 0.8390  NPV: 0.8207
INFO:__main__:验证的best_acc:0.8266
INFO:__main__:----------------------------------------------------------------------------------------------------
INFO:__main__:
【train】epoch:7/100 loss:0.4489 acc:0.8009
INFO:__main__:
【val】epoch:7/100 loss:0.5726 acc:0.7266
INFO:__main__:
【Val】:  SENS: 0.3520  SPEC: 0.9667  PPV: 0.8713  NPV: 0.6994
INFO:__main__:验证的best_acc:0.8266
INFO:__main__:----------------------------------------------------------------------------------------------------
INFO:__main__:
【train】epoch:8/100 loss:0.4406 acc:0.8061
INFO:__main__:
【val】epoch:8/100 loss:0.5518 acc:0.7344
INFO:__main__:
【Val】:  SENS: 0.3560  SPEC: 0.9769  PPV: 0.9082  NPV: 0.7030
INFO:__main__:验证的best_acc:0.8266
INFO:__main__:----------------------------------------------------------------------------------------------------
INFO:__main__:
【train】epoch:9/100 loss:0.4184 acc:0.8117
INFO:__main__:
【val】epoch:9/100 loss:0.5577 acc:0.7469
INFO:__main__:
【Val】:  SENS: 0.3760  SPEC: 0.9846  PPV: 0.9400  NPV: 0.7111
INFO:__main__:验证的best_acc:0.8266
INFO:__main__:----------------------------------------------------------------------------------------------------
INFO:__main__:
【train】epoch:10/100 loss:0.3975 acc:0.8236
INFO:__main__:
【val】epoch:10/100 loss:0.3955 acc:0.8188
INFO:__main__:
【Val】:  SENS: 0.6200  SPEC: 0.9462  PPV: 0.8807  NPV: 0.7953
INFO:__main__:验证的best_acc:0.8266
INFO:__main__:----------------------------------------------------------------------------------------------------
INFO:__main__:
【train】epoch:11/100 loss:0.3902 acc:0.8251
INFO:__main__:
【val】epoch:11/100 loss:0.3427 acc:0.8562
INFO:__main__:
【Val】:  SENS: 0.8080  SPEC: 0.8872  PPV: 0.8211  NPV: 0.8782
INFO:__main__:验证的best_acc:0.8562
INFO:__main__:----------------------------------------------------------------------------------------------------
INFO:__main__:
【train】epoch:12/100 loss:0.3881 acc:0.8321
INFO:__main__:
【val】epoch:12/100 loss:0.3994 acc:0.8453
INFO:__main__:
【Val】:  SENS: 0.8200  SPEC: 0.8615  PPV: 0.7915  NPV: 0.8819
INFO:__main__:验证的best_acc:0.8562
INFO:__main__:----------------------------------------------------------------------------------------------------
INFO:__main__:
【train】epoch:13/100 loss:0.3841 acc:0.8274
INFO:__main__:
【val】epoch:13/100 loss:0.3622 acc:0.8344
INFO:__main__:
【Val】:  SENS: 0.6720  SPEC: 0.9385  PPV: 0.8750  NPV: 0.8170
INFO:__main__:验证的best_acc:0.8562
INFO:__main__:----------------------------------------------------------------------------------------------------
INFO:__main__:
【train】epoch:14/100 loss:0.3782 acc:0.8337
INFO:__main__:
【val】epoch:14/100 loss:0.3606 acc:0.8469
INFO:__main__:
【Val】:  SENS: 0.8840  SPEC: 0.8231  PPV: 0.7621  NPV: 0.9171
INFO:__main__:验证的best_acc:0.8562
INFO:__main__:----------------------------------------------------------------------------------------------------
INFO:__main__:
【train】epoch:15/100 loss:0.3710 acc:0.8393
INFO:__main__:
【val】epoch:15/100 loss:0.6268 acc:0.7594
INFO:__main__:
【Val】:  SENS: 0.4280  SPEC: 0.9718  PPV: 0.9068  NPV: 0.7261
INFO:__main__:验证的best_acc:0.8562
INFO:__main__:----------------------------------------------------------------------------------------------------
INFO:__main__:
【train】epoch:16/100 loss:0.3614 acc:0.8453
INFO:__main__:
【val】epoch:16/100 loss:0.3450 acc:0.8469
INFO:__main__:
【Val】:  SENS: 0.8280  SPEC: 0.8590  PPV: 0.7901  NPV: 0.8862
INFO:__main__:验证的best_acc:0.8562
INFO:__main__:----------------------------------------------------------------------------------------------------
INFO:__main__:
【train】epoch:17/100 loss:0.3575 acc:0.8467
INFO:__main__:
【val】epoch:17/100 loss:0.4730 acc:0.8016
INFO:__main__:
【Val】:  SENS: 0.8960  SPEC: 0.7410  PPV: 0.6892  NPV: 0.9175
INFO:__main__:验证的best_acc:0.8562
INFO:__main__:----------------------------------------------------------------------------------------------------
INFO:__main__:
【train】epoch:18/100 loss:0.3609 acc:0.8414
INFO:__main__:
【val】epoch:18/100 loss:0.3558 acc:0.8406
INFO:__main__:
【Val】:  SENS: 0.6720  SPEC: 0.9487  PPV: 0.8936  NPV: 0.8186
INFO:__main__:验证的best_acc:0.8562
INFO:__main__:----------------------------------------------------------------------------------------------------
INFO:__main__:
【train】epoch:19/100 loss:0.3461 acc:0.8500
INFO:__main__:
【val】epoch:19/100 loss:0.3865 acc:0.8313
INFO:__main__:
【Val】:  SENS: 0.9120  SPEC: 0.7795  PPV: 0.7261  NPV: 0.9325
INFO:__main__:验证的best_acc:0.8562
INFO:__main__:----------------------------------------------------------------------------------------------------
INFO:__main__:
【train】epoch:20/100 loss:0.3340 acc:0.8568
INFO:__main__:
【val】epoch:20/100 loss:1.2642 acc:0.6250
INFO:__main__:
【Val】:  SENS: 0.9600  SPEC: 0.4103  PPV: 0.5106  NPV: 0.9412
INFO:__main__:验证的best_acc:0.8562
INFO:__main__:----------------------------------------------------------------------------------------------------
INFO:__main__:
【train】epoch:21/100 loss:0.3285 acc:0.8608
INFO:__main__:
【val】epoch:21/100 loss:0.3719 acc:0.8344
INFO:__main__:
【Val】:  SENS: 0.8720  SPEC: 0.8103  PPV: 0.7466  NPV: 0.9080
INFO:__main__:验证的best_acc:0.8562
INFO:__main__:----------------------------------------------------------------------------------------------------
INFO:__main__:
【train】epoch:22/100 loss:0.3267 acc:0.8531
INFO:__main__:
【val】epoch:22/100 loss:0.3358 acc:0.8359
INFO:__main__:
【Val】:  SENS: 0.8720  SPEC: 0.8128  PPV: 0.7491  NPV: 0.9083
INFO:__main__:验证的best_acc:0.8562
INFO:__main__:----------------------------------------------------------------------------------------------------
INFO:__main__:
【train】epoch:23/100 loss:0.3207 acc:0.8560
INFO:__main__:
【val】epoch:23/100 loss:0.4127 acc:0.8422
INFO:__main__:
【Val】:  SENS: 0.6800  SPEC: 0.9462  PPV: 0.8901  NPV: 0.8218
INFO:__main__:验证的best_acc:0.8562
INFO:__main__:----------------------------------------------------------------------------------------------------
INFO:__main__:
【train】epoch:24/100 loss:0.3218 acc:0.8599
INFO:__main__:
【val】epoch:24/100 loss:0.3220 acc:0.8469
INFO:__main__:
【Val】:  SENS: 0.7840  SPEC: 0.8872  PPV: 0.8167  NPV: 0.8650
INFO:__main__:验证的best_acc:0.8562
INFO:__main__:----------------------------------------------------------------------------------------------------
INFO:__main__:
【train】epoch:25/100 loss:0.3181 acc:0.8575
INFO:__main__:
【val】epoch:25/100 loss:0.5296 acc:0.8016
INFO:__main__:
【Val】:  SENS: 0.5680  SPEC: 0.9513  PPV: 0.8820  NPV: 0.7745
INFO:__main__:验证的best_acc:0.8562
INFO:__main__:----------------------------------------------------------------------------------------------------
INFO:__main__:
【train】epoch:26/100 loss:0.3103 acc:0.8610
INFO:__main__:
【val】epoch:26/100 loss:0.6861 acc:0.7672
INFO:__main__:
【Val】:  SENS: 0.4680  SPEC: 0.9590  PPV: 0.8797  NPV: 0.7377
INFO:__main__:验证的best_acc:0.8562
INFO:__main__:----------------------------------------------------------------------------------------------------
INFO:__main__:
【train】epoch:27/100 loss:0.3134 acc:0.8655
INFO:__main__:
【val】epoch:27/100 loss:0.2959 acc:0.8703
INFO:__main__:
【Val】:  SENS: 0.8400  SPEC: 0.8897  PPV: 0.8300  NPV: 0.8966
INFO:__main__:验证的best_acc:0.8703
INFO:__main__:----------------------------------------------------------------------------------------------------
INFO:__main__:
【train】epoch:28/100 loss:0.3084 acc:0.8634
INFO:__main__:
【val】epoch:28/100 loss:0.7230 acc:0.7672
INFO:__main__:
【Val】:  SENS: 0.4960  SPEC: 0.9410  PPV: 0.8435  NPV: 0.7444
INFO:__main__:验证的best_acc:0.8703
INFO:__main__:----------------------------------------------------------------------------------------------------
INFO:__main__:
【train】epoch:29/100 loss:0.2923 acc:0.8752
INFO:__main__:
【val】epoch:29/100 loss:0.4636 acc:0.8203
INFO:__main__:
【Val】:  SENS: 0.6240  SPEC: 0.9462  PPV: 0.8814  NPV: 0.7970
INFO:__main__:验证的best_acc:0.8703
INFO:__main__:----------------------------------------------------------------------------------------------------
INFO:__main__:
【train】epoch:30/100 loss:0.2825 acc:0.8760
INFO:__main__:
【val】epoch:30/100 loss:0.3364 acc:0.8594
INFO:__main__:
【Val】:  SENS: 0.8960  SPEC: 0.8359  PPV: 0.7778  NPV: 0.9261
INFO:__main__:验证的best_acc:0.8703
INFO:__main__:----------------------------------------------------------------------------------------------------
INFO:__main__:
【train】epoch:31/100 loss:0.2790 acc:0.8793
INFO:__main__:
【val】epoch:31/100 loss:0.3305 acc:0.8531
INFO:__main__:
【Val】:  SENS: 0.7640  SPEC: 0.9103  PPV: 0.8451  NPV: 0.8575
INFO:__main__:验证的best_acc:0.8703
INFO:__main__:----------------------------------------------------------------------------------------------------
INFO:__main__:
【train】epoch:32/100 loss:0.2808 acc:0.8806
INFO:__main__:
【val】epoch:32/100 loss:0.3937 acc:0.8375
INFO:__main__:
【Val】:  SENS: 0.7400  SPEC: 0.9000  PPV: 0.8259  NPV: 0.8438
INFO:__main__:验证的best_acc:0.8703
INFO:__main__:----------------------------------------------------------------------------------------------------
INFO:__main__:
【train】epoch:33/100 loss:0.2748 acc:0.8787
INFO:__main__:
【val】epoch:33/100 loss:0.8818 acc:0.7688
INFO:__main__:
【Val】:  SENS: 0.4960  SPEC: 0.9436  PPV: 0.8493  NPV: 0.7449
INFO:__main__:验证的best_acc:0.8703
INFO:__main__:----------------------------------------------------------------------------------------------------
INFO:__main__:
【train】epoch:34/100 loss:0.2668 acc:0.8851
INFO:__main__:
【val】epoch:34/100 loss:0.5363 acc:0.7906
INFO:__main__:
【Val】:  SENS: 0.9600  SPEC: 0.6821  PPV: 0.6593  NPV: 0.9638
INFO:__main__:验证的best_acc:0.8703
INFO:__main__:----------------------------------------------------------------------------------------------------
INFO:__main__:
【train】epoch:35/100 loss:0.2785 acc:0.8830
INFO:__main__:
【val】epoch:35/100 loss:0.3438 acc:0.8516
INFO:__main__:
【Val】:  SENS: 0.7320  SPEC: 0.9282  PPV: 0.8673  NPV: 0.8438
INFO:__main__:验证的best_acc:0.8703
INFO:__main__:----------------------------------------------------------------------------------------------------
INFO:__main__:
【train】epoch:36/100 loss:0.2637 acc:0.8822
INFO:__main__:
【val】epoch:36/100 loss:0.4630 acc:0.8203
INFO:__main__:
【Val】:  SENS: 0.6920  SPEC: 0.9026  PPV: 0.8199  NPV: 0.8205
INFO:__main__:验证的best_acc:0.8703
INFO:__main__:----------------------------------------------------------------------------------------------------
INFO:__main__:
【train】epoch:37/100 loss:0.2627 acc:0.8898
INFO:__main__:
【val】epoch:37/100 loss:0.5642 acc:0.7719
INFO:__main__:
【Val】:  SENS: 0.9520  SPEC: 0.6564  PPV: 0.6398  NPV: 0.9552
INFO:__main__:验证的best_acc:0.8703
INFO:__main__:----------------------------------------------------------------------------------------------------
INFO:__main__:
【train】epoch:38/100 loss:0.2606 acc:0.8849
INFO:__main__:
【val】epoch:38/100 loss:1.0388 acc:0.7406
INFO:__main__:
【Val】:  SENS: 0.4320  SPEC: 0.9385  PPV: 0.8182  NPV: 0.7205
INFO:__main__:验证的best_acc:0.8703
INFO:__main__:----------------------------------------------------------------------------------------------------
INFO:__main__:
【train】epoch:39/100 loss:0.2499 acc:0.8956
INFO:__main__:
【val】epoch:39/100 loss:0.4076 acc:0.8484
INFO:__main__:
【Val】:  SENS: 0.7320  SPEC: 0.9231  PPV: 0.8592  NPV: 0.8431
INFO:__main__:验证的best_acc:0.8703
INFO:__main__:----------------------------------------------------------------------------------------------------
INFO:__main__:
【train】epoch:40/100 loss:0.2426 acc:0.8973
INFO:__main__:
【val】epoch:40/100 loss:0.3474 acc:0.8547
INFO:__main__:
【Val】:  SENS: 0.8760  SPEC: 0.8410  PPV: 0.7794  NPV: 0.9136
INFO:__main__:验证的best_acc:0.8703
INFO:__main__:----------------------------------------------------------------------------------------------------
INFO:__main__:
【train】epoch:41/100 loss:0.2373 acc:0.8995
INFO:__main__:
【val】epoch:41/100 loss:0.4477 acc:0.8297
INFO:__main__:
【Val】:  SENS: 0.6600  SPEC: 0.9385  PPV: 0.8730  NPV: 0.8115
INFO:__main__:验证的best_acc:0.8703
INFO:__main__:----------------------------------------------------------------------------------------------------
INFO:__main__:
【train】epoch:42/100 loss:0.2316 acc:0.9020
INFO:__main__:
【val】epoch:42/100 loss:0.3174 acc:0.8672
INFO:__main__:
【Val】:  SENS: 0.8760  SPEC: 0.8615  PPV: 0.8022  NPV: 0.9155
INFO:__main__:验证的best_acc:0.8703
INFO:__main__:----------------------------------------------------------------------------------------------------
INFO:__main__:
【train】epoch:43/100 loss:0.2386 acc:0.8979
INFO:__main__:
【val】epoch:43/100 loss:0.6271 acc:0.7937
INFO:__main__:
【Val】:  SENS: 0.6240  SPEC: 0.9026  PPV: 0.8041  NPV: 0.7892
INFO:__main__:验证的best_acc:0.8703
INFO:__main__:----------------------------------------------------------------------------------------------------
INFO:__main__:
【train】epoch:44/100 loss:0.2284 acc:0.9037
INFO:__main__:
【val】epoch:44/100 loss:0.4314 acc:0.8125
INFO:__main__:
【Val】:  SENS: 0.9280  SPEC: 0.7385  PPV: 0.6946  NPV: 0.9412
INFO:__main__:验证的best_acc:0.8703
INFO:__main__:----------------------------------------------------------------------------------------------------
INFO:__main__:
【train】epoch:45/100 loss:0.2269 acc:0.9045
INFO:__main__:
【val】epoch:45/100 loss:0.3538 acc:0.8656
INFO:__main__:
【Val】:  SENS: 0.7880  SPEC: 0.9154  PPV: 0.8565  NPV: 0.8707
INFO:__main__:验证的best_acc:0.8703
INFO:__main__:----------------------------------------------------------------------------------------------------
INFO:__main__:
【train】epoch:46/100 loss:0.2239 acc:0.9057
INFO:__main__:
【val】epoch:46/100 loss:0.3963 acc:0.8484
INFO:__main__:
【Val】:  SENS: 0.7480  SPEC: 0.9128  PPV: 0.8462  NPV: 0.8496
INFO:__main__:验证的best_acc:0.8703
INFO:__main__:----------------------------------------------------------------------------------------------------
INFO:__main__:
【train】epoch:47/100 loss:0.2175 acc:0.9152
INFO:__main__:
【val】epoch:47/100 loss:0.4548 acc:0.8547
INFO:__main__:
【Val】:  SENS: 0.7840  SPEC: 0.9000  PPV: 0.8340  NPV: 0.8667
INFO:__main__:验证的best_acc:0.8703
INFO:__main__:----------------------------------------------------------------------------------------------------
INFO:__main__:
【train】epoch:48/100 loss:0.2200 acc:0.9062
INFO:__main__:
【val】epoch:48/100 loss:0.3444 acc:0.8750
INFO:__main__:
【Val】:  SENS: 0.8760  SPEC: 0.8744  PPV: 0.8172  NPV: 0.9167
INFO:__main__:验证的best_acc:0.8750
INFO:__main__:----------------------------------------------------------------------------------------------------
INFO:__main__:
【train】epoch:49/100 loss:0.2085 acc:0.9154
INFO:__main__:
【val】epoch:49/100 loss:0.3943 acc:0.8453
INFO:__main__:
【Val】:  SENS: 0.8960  SPEC: 0.8128  PPV: 0.7542  NPV: 0.9242
INFO:__main__:验证的best_acc:0.8750
INFO:__main__:----------------------------------------------------------------------------------------------------
INFO:__main__:
【train】epoch:50/100 loss:0.2024 acc:0.9165
INFO:__main__:
【val】epoch:50/100 loss:0.4735 acc:0.8422
INFO:__main__:
【Val】:  SENS: 0.8280  SPEC: 0.8513  PPV: 0.7811  NPV: 0.8853
INFO:__main__:验证的best_acc:0.8750
INFO:__main__:----------------------------------------------------------------------------------------------------
INFO:__main__:
【train】epoch:51/100 loss:0.2030 acc:0.9165
INFO:__main__:
【val】epoch:51/100 loss:0.5046 acc:0.8219
INFO:__main__:
【Val】:  SENS: 0.9200  SPEC: 0.7590  PPV: 0.7099  NPV: 0.9367
INFO:__main__:验证的best_acc:0.8750
INFO:__main__:----------------------------------------------------------------------------------------------------
INFO:__main__:
【train】epoch:52/100 loss:0.2031 acc:0.9214
INFO:__main__:
【val】epoch:52/100 loss:0.4128 acc:0.8344
INFO:__main__:
【Val】:  SENS: 0.8800  SPEC: 0.8051  PPV: 0.7432  NPV: 0.9128
INFO:__main__:验证的best_acc:0.8750
INFO:__main__:----------------------------------------------------------------------------------------------------
INFO:__main__:
【train】epoch:53/100 loss:0.1961 acc:0.9171
INFO:__main__:
【val】epoch:53/100 loss:0.6129 acc:0.7859
INFO:__main__:
【Val】:  SENS: 0.9400  SPEC: 0.6872  PPV: 0.6583  NPV: 0.9470
INFO:__main__:验证的best_acc:0.8750
INFO:__main__:----------------------------------------------------------------------------------------------------
INFO:__main__:
【train】epoch:54/100 loss:0.2024 acc:0.9181
INFO:__main__:
【val】epoch:54/100 loss:0.3661 acc:0.8734
INFO:__main__:
【Val】:  SENS: 0.8720  SPEC: 0.8744  PPV: 0.8165  NPV: 0.9142
INFO:__main__:验证的best_acc:0.8750
INFO:__main__:----------------------------------------------------------------------------------------------------
INFO:__main__:
【train】epoch:55/100 loss:0.1998 acc:0.9194
INFO:__main__:
【val】epoch:55/100 loss:0.4446 acc:0.8609
INFO:__main__:
【Val】:  SENS: 0.8680  SPEC: 0.8564  PPV: 0.7949  NPV: 0.9101
INFO:__main__:验证的best_acc:0.8750
INFO:__main__:----------------------------------------------------------------------------------------------------
INFO:__main__:
【train】epoch:56/100 loss:0.1845 acc:0.9280
INFO:__main__:
【val】epoch:56/100 loss:0.5591 acc:0.8359
INFO:__main__:
【Val】:  SENS: 0.9160  SPEC: 0.7846  PPV: 0.7316  NPV: 0.9358
INFO:__main__:验证的best_acc:0.8750
INFO:__main__:----------------------------------------------------------------------------------------------------
INFO:__main__:
【train】epoch:57/100 loss:0.1847 acc:0.9286
INFO:__main__:
【val】epoch:57/100 loss:0.5507 acc:0.8125
INFO:__main__:
【Val】:  SENS: 0.8600  SPEC: 0.7821  PPV: 0.7167  NPV: 0.8971
INFO:__main__:验证的best_acc:0.8750
INFO:__main__:----------------------------------------------------------------------------------------------------
INFO:__main__:
【train】epoch:58/100 loss:0.1857 acc:0.9231
INFO:__main__:
【val】epoch:58/100 loss:0.3943 acc:0.8516
INFO:__main__:
【Val】:  SENS: 0.8480  SPEC: 0.8538  PPV: 0.7881  NPV: 0.8976
INFO:__main__:验证的best_acc:0.8750
INFO:__main__:----------------------------------------------------------------------------------------------------
INFO:__main__:
【train】epoch:59/100 loss:0.1686 acc:0.9323
INFO:__main__:
【val】epoch:59/100 loss:0.5595 acc:0.8047
INFO:__main__:
【Val】:  SENS: 0.9320  SPEC: 0.7231  PPV: 0.6833  NPV: 0.9431
INFO:__main__:验证的best_acc:0.8750
INFO:__main__:----------------------------------------------------------------------------------------------------
INFO:__main__:
【train】epoch:60/100 loss:0.1807 acc:0.9278
INFO:__main__:
【val】epoch:60/100 loss:0.5246 acc:0.8094
INFO:__main__:
【Val】:  SENS: 0.9240  SPEC: 0.7359  PPV: 0.6916  NPV: 0.9379
INFO:__main__:验证的best_acc:0.8750
INFO:__main__:----------------------------------------------------------------------------------------------------
INFO:__main__:
【train】epoch:61/100 loss:0.1626 acc:0.9346
INFO:__main__:
【val】epoch:61/100 loss:0.3809 acc:0.8766
INFO:__main__:
【Val】:  SENS: 0.9320  SPEC: 0.8410  PPV: 0.7898  NPV: 0.9507
INFO:__main__:验证的best_acc:0.8766
INFO:__main__:----------------------------------------------------------------------------------------------------
INFO:__main__:
【train】epoch:62/100 loss:0.1655 acc:0.9323
INFO:__main__:
【val】epoch:62/100 loss:0.3939 acc:0.8859
INFO:__main__:
【Val】:  SENS: 0.8400  SPEC: 0.9154  PPV: 0.8642  NPV: 0.8992
INFO:__main__:验证的best_acc:0.8859
INFO:__main__:----------------------------------------------------------------------------------------------------
INFO:__main__:
【train】epoch:63/100 loss:0.1655 acc:0.9344
INFO:__main__:
【val】epoch:63/100 loss:0.8148 acc:0.7734
INFO:__main__:
【Val】:  SENS: 0.8840  SPEC: 0.7026  PPV: 0.6558  NPV: 0.9043
INFO:__main__:验证的best_acc:0.8859
INFO:__main__:----------------------------------------------------------------------------------------------------
INFO:__main__:
【train】epoch:64/100 loss:0.1750 acc:0.9284
INFO:__main__:
【val】epoch:64/100 loss:0.7462 acc:0.8203
INFO:__main__:
【Val】:  SENS: 0.5760  SPEC: 0.9769  PPV: 0.9412  NPV: 0.7823
INFO:__main__:验证的best_acc:0.8859
INFO:__main__:----------------------------------------------------------------------------------------------------
INFO:__main__:
【train】epoch:65/100 loss:0.1713 acc:0.9332
INFO:__main__:
【val】epoch:65/100 loss:1.1598 acc:0.7000
INFO:__main__:
【Val】:  SENS: 0.9640  SPEC: 0.5308  PPV: 0.5684  NPV: 0.9583
INFO:__main__:验证的best_acc:0.8859
INFO:__main__:----------------------------------------------------------------------------------------------------
INFO:__main__:
【train】epoch:66/100 loss:0.1616 acc:0.9383
INFO:__main__:
【val】epoch:66/100 loss:0.3900 acc:0.8594
INFO:__main__:
【Val】:  SENS: 0.7720  SPEC: 0.9154  PPV: 0.8540  NPV: 0.8623
INFO:__main__:验证的best_acc:0.8859
INFO:__main__:----------------------------------------------------------------------------------------------------
INFO:__main__:
【train】epoch:67/100 loss:0.1664 acc:0.9311
INFO:__main__:
【val】epoch:67/100 loss:0.4838 acc:0.8359
INFO:__main__:
【Val】:  SENS: 0.8880  SPEC: 0.8026  PPV: 0.7425  NPV: 0.9179
INFO:__main__:验证的best_acc:0.8859
INFO:__main__:----------------------------------------------------------------------------------------------------
INFO:__main__:
【train】epoch:68/100 loss:0.1558 acc:0.9385
INFO:__main__:
【val】epoch:68/100 loss:0.6699 acc:0.7891
INFO:__main__:
【Val】:  SENS: 0.9080  SPEC: 0.7128  PPV: 0.6696  NPV: 0.9236
INFO:__main__:验证的best_acc:0.8859
INFO:__main__:----------------------------------------------------------------------------------------------------
INFO:__main__:
【train】epoch:69/100 loss:0.1518 acc:0.9402
INFO:__main__:
【val】epoch:69/100 loss:1.3545 acc:0.7766
INFO:__main__:
【Val】:  SENS: 0.4840  SPEC: 0.9641  PPV: 0.8963  NPV: 0.7446
INFO:__main__:验证的best_acc:0.8859
INFO:__main__:----------------------------------------------------------------------------------------------------
INFO:__main__:
【train】epoch:70/100 loss:0.1385 acc:0.9451
INFO:__main__:
【val】epoch:70/100 loss:0.4282 acc:0.8828
INFO:__main__:
【Val】:  SENS: 0.8040  SPEC: 0.9333  PPV: 0.8855  NPV: 0.8814
INFO:__main__:验证的best_acc:0.8859
INFO:__main__:----------------------------------------------------------------------------------------------------
INFO:__main__:
【train】epoch:71/100 loss:0.1461 acc:0.9391
INFO:__main__:
【val】epoch:71/100 loss:0.5329 acc:0.8516
INFO:__main__:
【Val】:  SENS: 0.7240  SPEC: 0.9333  PPV: 0.8744  NPV: 0.8406
INFO:__main__:验证的best_acc:0.8859
INFO:__main__:----------------------------------------------------------------------------------------------------
INFO:__main__:
【train】epoch:72/100 loss:0.1372 acc:0.9443
INFO:__main__:
【val】epoch:72/100 loss:0.4503 acc:0.8703
INFO:__main__:
【Val】:  SENS: 0.8000  SPEC: 0.9154  PPV: 0.8584  NPV: 0.8771
INFO:__main__:验证的best_acc:0.8859
INFO:__main__:----------------------------------------------------------------------------------------------------
INFO:__main__:
【train】epoch:73/100 loss:0.1314 acc:0.9466
INFO:__main__:
【val】epoch:73/100 loss:0.4406 acc:0.8703
INFO:__main__:
【Val】:  SENS: 0.8920  SPEC: 0.8564  PPV: 0.7993  NPV: 0.9252
INFO:__main__:验证的best_acc:0.8859
INFO:__main__:----------------------------------------------------------------------------------------------------
INFO:__main__:
【train】epoch:74/100 loss:0.1433 acc:0.9451
INFO:__main__:
【val】epoch:74/100 loss:0.4131 acc:0.8672
INFO:__main__:
【Val】:  SENS: 0.7880  SPEC: 0.9179  PPV: 0.8603  NPV: 0.8710
INFO:__main__:验证的best_acc:0.8859
INFO:__main__:----------------------------------------------------------------------------------------------------
INFO:__main__:
【train】epoch:75/100 loss:0.1315 acc:0.9488
INFO:__main__:
【val】epoch:75/100 loss:0.4457 acc:0.8687
INFO:__main__:
【Val】:  SENS: 0.8920  SPEC: 0.8538  PPV: 0.7964  NPV: 0.9250
INFO:__main__:验证的best_acc:0.8859
INFO:__main__:----------------------------------------------------------------------------------------------------
INFO:__main__:
【train】epoch:76/100 loss:0.1380 acc:0.9484
INFO:__main__:
【val】epoch:76/100 loss:0.7958 acc:0.8297
INFO:__main__:
【Val】:  SENS: 0.6040  SPEC: 0.9744  PPV: 0.9379  NPV: 0.7933
INFO:__main__:验证的best_acc:0.8859
INFO:__main__:----------------------------------------------------------------------------------------------------
INFO:__main__:
【train】epoch:77/100 loss:0.1355 acc:0.9464
INFO:__main__:
【val】epoch:77/100 loss:0.5044 acc:0.8547
INFO:__main__:
【Val】:  SENS: 0.8800  SPEC: 0.8385  PPV: 0.7774  NPV: 0.9160
INFO:__main__:验证的best_acc:0.8859
INFO:__main__:----------------------------------------------------------------------------------------------------
INFO:__main__:
【train】epoch:78/100 loss:0.1310 acc:0.9470
INFO:__main__:
【val】epoch:78/100 loss:0.4623 acc:0.8750
INFO:__main__:
【Val】:  SENS: 0.8680  SPEC: 0.8795  PPV: 0.8220  NPV: 0.9122
INFO:__main__:验证的best_acc:0.8859
INFO:__main__:----------------------------------------------------------------------------------------------------
INFO:__main__:
【train】epoch:79/100 loss:0.1203 acc:0.9526
INFO:__main__:
【val】epoch:79/100 loss:0.6751 acc:0.8422
INFO:__main__:
【Val】:  SENS: 0.6520  SPEC: 0.9641  PPV: 0.9209  NPV: 0.8121
INFO:__main__:验证的best_acc:0.8859
INFO:__main__:----------------------------------------------------------------------------------------------------
INFO:__main__:
【train】epoch:80/100 loss:0.1178 acc:0.9542
INFO:__main__:
【val】epoch:80/100 loss:0.6166 acc:0.8609
INFO:__main__:
【Val】:  SENS: 0.7400  SPEC: 0.9385  PPV: 0.8852  NPV: 0.8492
INFO:__main__:验证的best_acc:0.8859
INFO:__main__:----------------------------------------------------------------------------------------------------
INFO:__main__:
【train】epoch:81/100 loss:0.1160 acc:0.9587
INFO:__main__:
【val】epoch:81/100 loss:0.4882 acc:0.8813
INFO:__main__:
【Val】:  SENS: 0.8200  SPEC: 0.9205  PPV: 0.8686  NPV: 0.8886
INFO:__main__:验证的best_acc:0.8859
INFO:__main__:----------------------------------------------------------------------------------------------------
INFO:__main__:
【train】epoch:82/100 loss:0.1222 acc:0.9519
INFO:__main__:
【val】epoch:82/100 loss:0.5323 acc:0.8734
INFO:__main__:
【Val】:  SENS: 0.7680  SPEC: 0.9410  PPV: 0.8930  NPV: 0.8635
INFO:__main__:验证的best_acc:0.8859
INFO:__main__:----------------------------------------------------------------------------------------------------
INFO:__main__:
【train】epoch:83/100 loss:0.1164 acc:0.9552
INFO:__main__:
【val】epoch:83/100 loss:1.1171 acc:0.8078
INFO:__main__:
【Val】:  SENS: 0.5440  SPEC: 0.9769  PPV: 0.9379  NPV: 0.7697
INFO:__main__:验证的best_acc:0.8859
INFO:__main__:----------------------------------------------------------------------------------------------------
INFO:__main__:
【train】epoch:84/100 loss:0.1230 acc:0.9517
INFO:__main__:
【val】epoch:84/100 loss:0.4077 acc:0.8781
INFO:__main__:
【Val】:  SENS: 0.8480  SPEC: 0.8974  PPV: 0.8413  NPV: 0.9021
INFO:__main__:验证的best_acc:0.8859
INFO:__main__:----------------------------------------------------------------------------------------------------
INFO:__main__:
【train】epoch:85/100 loss:0.1181 acc:0.9528
INFO:__main__:
【val】epoch:85/100 loss:0.4213 acc:0.8859
INFO:__main__:
【Val】:  SENS: 0.8440  SPEC: 0.9128  PPV: 0.8612  NPV: 0.9013
INFO:__main__:验证的best_acc:0.8859
INFO:__main__:----------------------------------------------------------------------------------------------------
INFO:__main__:
【train】epoch:86/100 loss:0.1030 acc:0.9600
INFO:__main__:
【val】epoch:86/100 loss:0.5503 acc:0.8547
INFO:__main__:
【Val】:  SENS: 0.7040  SPEC: 0.9513  PPV: 0.9026  NPV: 0.8337
INFO:__main__:验证的best_acc:0.8859
INFO:__main__:----------------------------------------------------------------------------------------------------
INFO:__main__:
【train】epoch:87/100 loss:0.1083 acc:0.9606
INFO:__main__:
【val】epoch:87/100 loss:0.4597 acc:0.8656
INFO:__main__:
【Val】:  SENS: 0.8960  SPEC: 0.8462  PPV: 0.7887  NPV: 0.9270
INFO:__main__:验证的best_acc:0.8859
INFO:__main__:----------------------------------------------------------------------------------------------------
INFO:__main__:
【train】epoch:88/100 loss:0.1008 acc:0.9600
INFO:__main__:
【val】epoch:88/100 loss:0.5278 acc:0.8734
INFO:__main__:
【Val】:  SENS: 0.7720  SPEC: 0.9385  PPV: 0.8894  NPV: 0.8652
INFO:__main__:验证的best_acc:0.8859
INFO:__main__:----------------------------------------------------------------------------------------------------
INFO:__main__:
【train】epoch:89/100 loss:0.1055 acc:0.9614
INFO:__main__:
【val】epoch:89/100 loss:0.5862 acc:0.8641
INFO:__main__:
【Val】:  SENS: 0.7560  SPEC: 0.9333  PPV: 0.8791  NPV: 0.8565
INFO:__main__:验证的best_acc:0.8859
INFO:__main__:----------------------------------------------------------------------------------------------------
INFO:__main__:
【train】epoch:90/100 loss:0.1057 acc:0.9575
INFO:__main__:
【val】epoch:90/100 loss:0.4088 acc:0.8922
INFO:__main__:
【Val】:  SENS: 0.8440  SPEC: 0.9231  PPV: 0.8755  NPV: 0.9023
INFO:__main__:验证的best_acc:0.8922
INFO:__main__:----------------------------------------------------------------------------------------------------
INFO:__main__:
【train】epoch:91/100 loss:0.0919 acc:0.9686
INFO:__main__:
【val】epoch:91/100 loss:0.4441 acc:0.8813
INFO:__main__:
【Val】:  SENS: 0.8320  SPEC: 0.9128  PPV: 0.8595  NPV: 0.8945
INFO:__main__:验证的best_acc:0.8922
INFO:__main__:----------------------------------------------------------------------------------------------------
INFO:__main__:
【train】epoch:92/100 loss:0.0873 acc:0.9682
INFO:__main__:
【val】epoch:92/100 loss:0.4722 acc:0.8734
INFO:__main__:
【Val】:  SENS: 0.7960  SPEC: 0.9231  PPV: 0.8690  NPV: 0.8759
INFO:__main__:验证的best_acc:0.8922
INFO:__main__:----------------------------------------------------------------------------------------------------
INFO:__main__:
【train】epoch:93/100 loss:0.0993 acc:0.9643
INFO:__main__:
【val】epoch:93/100 loss:0.4881 acc:0.8797
INFO:__main__:
【Val】:  SENS: 0.8520  SPEC: 0.8974  PPV: 0.8419  NPV: 0.9044
INFO:__main__:验证的best_acc:0.8922
INFO:__main__:----------------------------------------------------------------------------------------------------
INFO:__main__:
【train】epoch:94/100 loss:0.0818 acc:0.9674
INFO:__main__:
【val】epoch:94/100 loss:0.5370 acc:0.8734
INFO:__main__:
【Val】:  SENS: 0.8280  SPEC: 0.9026  PPV: 0.8449  NPV: 0.8911
INFO:__main__:验证的best_acc:0.8922
INFO:__main__:----------------------------------------------------------------------------------------------------
INFO:__main__:
【train】epoch:95/100 loss:0.0861 acc:0.9676
INFO:__main__:
【val】epoch:95/100 loss:0.7163 acc:0.8344
INFO:__main__:
【Val】:  SENS: 0.9160  SPEC: 0.7821  PPV: 0.7293  NPV: 0.9356
INFO:__main__:验证的best_acc:0.8922
INFO:__main__:----------------------------------------------------------------------------------------------------
INFO:__main__:
【train】epoch:96/100 loss:0.0937 acc:0.9664
INFO:__main__:
【val】epoch:96/100 loss:0.6107 acc:0.8406
INFO:__main__:
【Val】:  SENS: 0.8080  SPEC: 0.8615  PPV: 0.7891  NPV: 0.8750
INFO:__main__:验证的best_acc:0.8922
INFO:__main__:----------------------------------------------------------------------------------------------------
INFO:__main__:
【train】epoch:97/100 loss:0.0999 acc:0.9606
INFO:__main__:
【val】epoch:97/100 loss:0.5550 acc:0.8469
INFO:__main__:
【Val】:  SENS: 0.8840  SPEC: 0.8231  PPV: 0.7621  NPV: 0.9171
INFO:__main__:验证的best_acc:0.8922
INFO:__main__:----------------------------------------------------------------------------------------------------
INFO:__main__:
【train】epoch:98/100 loss:0.0834 acc:0.9686
INFO:__main__:
【val】epoch:98/100 loss:0.9331 acc:0.8234
INFO:__main__:
【Val】:  SENS: 0.5960  SPEC: 0.9692  PPV: 0.9255  NPV: 0.7891
INFO:__main__:验证的best_acc:0.8922
INFO:__main__:----------------------------------------------------------------------------------------------------
INFO:__main__:
【train】epoch:99/100 loss:0.0897 acc:0.9664
INFO:__main__:
【val】epoch:99/100 loss:0.4529 acc:0.8719
INFO:__main__:
【Val】:  SENS: 0.8520  SPEC: 0.8846  PPV: 0.8256  NPV: 0.9031
INFO:__main__:验证的best_acc:0.8922
INFO:__main__:----------------------------------------------------------------------------------------------------
INFO:__main__:****************************************************************************************************
INFO:__main__:Val_LOSS:['0.6333', '0.5811', '0.4838', '1.1379', '0.4908', '0.4369', '0.3847', '0.5726', '0.5518', '0.5577', '0.3955', '0.3427', '0.3994', '0.3622', '0.3606', '0.6268', '0.3450', '0.4730', '0.3558', '0.3865', '1.2642', '0.3719', '0.3358', '0.4127', '0.3220', '0.5296', '0.6861', '0.2959', '0.7230', '0.4636', '0.3364', '0.3305', '0.3937', '0.8818', '0.5363', '0.3438', '0.4630', '0.5642', '1.0388', '0.4076', '0.3474', '0.4477', '0.3174', '0.6271', '0.4314', '0.3538', '0.3963', '0.4548', '0.3444', '0.3943', '0.4735', '0.5046', '0.4128', '0.6129', '0.3661', '0.4446', '0.5591', '0.5507', '0.3943', '0.5595', '0.5246', '0.3809', '0.3939', '0.8148', '0.7462', '1.1598', '0.3900', '0.4838', '0.6699', '1.3545', '0.4282', '0.5329', '0.4503', '0.4406', '0.4131', '0.4457', '0.7958', '0.5044', '0.4623', '0.6751', '0.6166', '0.4882', '0.5323', '1.1171', '0.4077', '0.4213', '0.5503', '0.4597', '0.5278', '0.5862', '0.4088', '0.4441', '0.4722', '0.4881', '0.5370', '0.7163', '0.6107', '0.5550', '0.9331', '0.4529']
INFO:__main__:Val_ACC:['0.6125', '0.7156', '0.7828', '0.6422', '0.7375', '0.7969', '0.8266', '0.7266', '0.7344', '0.7469', '0.8188', '0.8562', '0.8453', '0.8344', '0.8469', '0.7594', '0.8469', '0.8016', '0.8406', '0.8313', '0.6250', '0.8344', '0.8359', '0.8422', '0.8469', '0.8016', '0.7672', '0.8703', '0.7672', '0.8203', '0.8594', '0.8531', '0.8375', '0.7688', '0.7906', '0.8516', '0.8203', '0.7719', '0.7406', '0.8484', '0.8547', '0.8297', '0.8672', '0.7937', '0.8125', '0.8656', '0.8484', '0.8547', '0.8750', '0.8453', '0.8422', '0.8219', '0.8344', '0.7859', '0.8734', '0.8609', '0.8359', '0.8125', '0.8516', '0.8047', '0.8094', '0.8766', '0.8859', '0.7734', '0.8203', '0.7000', '0.8594', '0.8359', '0.7891', '0.7766', '0.8828', '0.8516', '0.8703', '0.8703', '0.8672', '0.8687', '0.8297', '0.8547', '0.8750', '0.8422', '0.8609', '0.8813', '0.8734', '0.8078', '0.8781', '0.8859', '0.8547', '0.8656', '0.8734', '0.8641', '0.8922', '0.8813', '0.8734', '0.8797', '0.8734', '0.8344', '0.8406', '0.8469', '0.8234', '0.8719']
INFO:__main__:****************************************************************************************************
INFO:__main__: epoch0 测试test_Loss: 0.4213  test_ACC: 0.8750  
INFO:__main__:SENS: 0.8538 SPEC: 0.8889 PPV: 0.8346 NPV: 0.9026
INFO:__main__:test_Best_acc:0.8750









