INFO:__main__:
【train】epoch:0/100 loss:0.6635 acc:0.6087
INFO:__main__:
【val】epoch:0/100 loss:0.6196 acc:0.6406
INFO:__main__:
【Val】:  SENS: 0.1040  SPEC: 0.9846  PPV: 0.8125  NPV: 0.6316
INFO:__main__:验证的best_acc:0.6406
INFO:__main__:----------------------------------------------------------------------------------------------------
INFO:__main__:
【train】epoch:1/100 loss:0.6430 acc:0.6217
INFO:__main__:
【val】epoch:1/100 loss:0.5760 acc:0.7094
INFO:__main__:
【Val】:  SENS: 0.4560  SPEC: 0.8718  PPV: 0.6951  NPV: 0.7143
INFO:__main__:验证的best_acc:0.7094
INFO:__main__:----------------------------------------------------------------------------------------------------
INFO:__main__:
【train】epoch:2/100 loss:0.6128 acc:0.6531
INFO:__main__:
【val】epoch:2/100 loss:0.5530 acc:0.7234
INFO:__main__:
【Val】:  SENS: 0.6600  SPEC: 0.7641  PPV: 0.6420  NPV: 0.7781
INFO:__main__:验证的best_acc:0.7234
INFO:__main__:----------------------------------------------------------------------------------------------------
INFO:__main__:
【train】epoch:3/100 loss:0.5958 acc:0.6691
INFO:__main__:
【val】epoch:3/100 loss:0.5388 acc:0.7312
INFO:__main__:
【Val】:  SENS: 0.7880  SPEC: 0.6949  PPV: 0.6234  NPV: 0.8364
INFO:__main__:验证的best_acc:0.7312
INFO:__main__:----------------------------------------------------------------------------------------------------
INFO:__main__:
【train】epoch:4/100 loss:0.5841 acc:0.6805
INFO:__main__:
【val】epoch:4/100 loss:0.5363 acc:0.7375
INFO:__main__:
【Val】:  SENS: 0.4680  SPEC: 0.9103  PPV: 0.7697  NPV: 0.7275
INFO:__main__:验证的best_acc:0.7375
INFO:__main__:----------------------------------------------------------------------------------------------------
INFO:__main__:
【train】epoch:5/100 loss:0.5744 acc:0.6896
INFO:__main__:
【val】epoch:5/100 loss:0.5294 acc:0.7594
INFO:__main__:
【Val】:  SENS: 0.7120  SPEC: 0.7897  PPV: 0.6846  NPV: 0.8105
INFO:__main__:验证的best_acc:0.7594
INFO:__main__:----------------------------------------------------------------------------------------------------
INFO:__main__:
【train】epoch:6/100 loss:0.5685 acc:0.6916
INFO:__main__:
【val】epoch:6/100 loss:0.5223 acc:0.7781
INFO:__main__:
【Val】:  SENS: 0.6880  SPEC: 0.8359  PPV: 0.7288  NPV: 0.8069
INFO:__main__:验证的best_acc:0.7781
INFO:__main__:----------------------------------------------------------------------------------------------------
INFO:__main__:
【train】epoch:7/100 loss:0.5576 acc:0.7057
INFO:__main__:
【val】epoch:7/100 loss:0.5132 acc:0.7625
INFO:__main__:
【Val】:  SENS: 0.6680  SPEC: 0.8231  PPV: 0.7076  NPV: 0.7946
INFO:__main__:验证的best_acc:0.7781
INFO:__main__:----------------------------------------------------------------------------------------------------
INFO:__main__:
【train】epoch:8/100 loss:0.5498 acc:0.7129
INFO:__main__:
【val】epoch:8/100 loss:0.4840 acc:0.7750
INFO:__main__:
【Val】:  SENS: 0.7840  SPEC: 0.7692  PPV: 0.6853  NPV: 0.8475
INFO:__main__:验证的best_acc:0.7781
INFO:__main__:----------------------------------------------------------------------------------------------------
INFO:__main__:
【train】epoch:9/100 loss:0.5299 acc:0.7283
INFO:__main__:
【val】epoch:9/100 loss:0.4656 acc:0.7984
INFO:__main__:
【Val】:  SENS: 0.8160  SPEC: 0.7872  PPV: 0.7108  NPV: 0.8697
INFO:__main__:验证的best_acc:0.7984
INFO:__main__:----------------------------------------------------------------------------------------------------
INFO:__main__:
【train】epoch:10/100 loss:0.5085 acc:0.7477
INFO:__main__:
【val】epoch:10/100 loss:0.4338 acc:0.8031
INFO:__main__:
【Val】:  SENS: 0.7080  SPEC: 0.8641  PPV: 0.7696  NPV: 0.8220
INFO:__main__:验证的best_acc:0.8031
INFO:__main__:----------------------------------------------------------------------------------------------------
INFO:__main__:
【train】epoch:11/100 loss:0.5025 acc:0.7479
INFO:__main__:
【val】epoch:11/100 loss:0.3999 acc:0.8203
INFO:__main__:
【Val】:  SENS: 0.8080  SPEC: 0.8282  PPV: 0.7509  NPV: 0.8706
INFO:__main__:验证的best_acc:0.8203
INFO:__main__:----------------------------------------------------------------------------------------------------
INFO:__main__:
【train】epoch:12/100 loss:0.4799 acc:0.7743
INFO:__main__:
【val】epoch:12/100 loss:0.3816 acc:0.8328
INFO:__main__:
【Val】:  SENS: 0.7040  SPEC: 0.9154  PPV: 0.8421  NPV: 0.8283
INFO:__main__:验证的best_acc:0.8328
INFO:__main__:----------------------------------------------------------------------------------------------------
INFO:__main__:
【train】epoch:13/100 loss:0.4698 acc:0.7778
INFO:__main__:
【val】epoch:13/100 loss:0.3713 acc:0.8266
INFO:__main__:
【Val】:  SENS: 0.7080  SPEC: 0.9026  PPV: 0.8233  NPV: 0.8282
INFO:__main__:验证的best_acc:0.8328
INFO:__main__:----------------------------------------------------------------------------------------------------
INFO:__main__:
【train】epoch:14/100 loss:0.4580 acc:0.7867
INFO:__main__:
【val】epoch:14/100 loss:0.3595 acc:0.8406
INFO:__main__:
【Val】:  SENS: 0.8680  SPEC: 0.8231  PPV: 0.7587  NPV: 0.9068
INFO:__main__:验证的best_acc:0.8406
INFO:__main__:----------------------------------------------------------------------------------------------------
INFO:__main__:
【train】epoch:15/100 loss:0.4463 acc:0.7878
INFO:__main__:
【val】epoch:15/100 loss:0.3672 acc:0.8344
INFO:__main__:
【Val】:  SENS: 0.8440  SPEC: 0.8282  PPV: 0.7590  NPV: 0.8923
INFO:__main__:验证的best_acc:0.8406
INFO:__main__:----------------------------------------------------------------------------------------------------
INFO:__main__:
【train】epoch:16/100 loss:0.4438 acc:0.7882
INFO:__main__:
【val】epoch:16/100 loss:0.3591 acc:0.8297
INFO:__main__:
【Val】:  SENS: 0.6800  SPEC: 0.9256  PPV: 0.8543  NPV: 0.8186
INFO:__main__:验证的best_acc:0.8406
INFO:__main__:----------------------------------------------------------------------------------------------------
INFO:__main__:
【train】epoch:17/100 loss:0.4278 acc:0.8040
INFO:__main__:
【val】epoch:17/100 loss:0.3532 acc:0.8406
INFO:__main__:
【Val】:  SENS: 0.7680  SPEC: 0.8872  PPV: 0.8136  NPV: 0.8564
INFO:__main__:验证的best_acc:0.8406
INFO:__main__:----------------------------------------------------------------------------------------------------
INFO:__main__:
【train】epoch:18/100 loss:0.4235 acc:0.8012
INFO:__main__:
【val】epoch:18/100 loss:0.3298 acc:0.8516
INFO:__main__:
【Val】:  SENS: 0.7240  SPEC: 0.9333  PPV: 0.8744  NPV: 0.8406
INFO:__main__:验证的best_acc:0.8516
INFO:__main__:----------------------------------------------------------------------------------------------------
INFO:__main__:
【train】epoch:19/100 loss:0.3912 acc:0.8214
INFO:__main__:
【val】epoch:19/100 loss:0.3076 acc:0.8687
INFO:__main__:
【Val】:  SENS: 0.8400  SPEC: 0.8872  PPV: 0.8268  NPV: 0.8964
INFO:__main__:验证的best_acc:0.8687
INFO:__main__:----------------------------------------------------------------------------------------------------
INFO:__main__:
【train】epoch:20/100 loss:0.4121 acc:0.8078
INFO:__main__:
【val】epoch:20/100 loss:0.3227 acc:0.8656
INFO:__main__:
【Val】:  SENS: 0.7960  SPEC: 0.9103  PPV: 0.8504  NPV: 0.8744
INFO:__main__:验证的best_acc:0.8687
INFO:__main__:----------------------------------------------------------------------------------------------------
INFO:__main__:
【train】epoch:21/100 loss:0.3919 acc:0.8205
INFO:__main__:
【val】epoch:21/100 loss:0.3156 acc:0.8594
INFO:__main__:
【Val】:  SENS: 0.7320  SPEC: 0.9410  PPV: 0.8883  NPV: 0.8456
INFO:__main__:验证的best_acc:0.8687
INFO:__main__:----------------------------------------------------------------------------------------------------
INFO:__main__:
【train】epoch:22/100 loss:0.3788 acc:0.8245
INFO:__main__:
【val】epoch:22/100 loss:0.3179 acc:0.8562
INFO:__main__:
【Val】:  SENS: 0.7320  SPEC: 0.9359  PPV: 0.8798  NPV: 0.8449
INFO:__main__:验证的best_acc:0.8687
INFO:__main__:----------------------------------------------------------------------------------------------------
INFO:__main__:
【train】epoch:23/100 loss:0.3793 acc:0.8273
INFO:__main__:
【val】epoch:23/100 loss:0.3153 acc:0.8641
INFO:__main__:
【Val】:  SENS: 0.7560  SPEC: 0.9333  PPV: 0.8791  NPV: 0.8565
INFO:__main__:验证的best_acc:0.8687
INFO:__main__:----------------------------------------------------------------------------------------------------
INFO:__main__:
【train】epoch:24/100 loss:0.3705 acc:0.8340
INFO:__main__:
【val】epoch:24/100 loss:0.3007 acc:0.8687
INFO:__main__:
【Val】:  SENS: 0.8040  SPEC: 0.9103  PPV: 0.8517  NPV: 0.8787
INFO:__main__:验证的best_acc:0.8687
INFO:__main__:----------------------------------------------------------------------------------------------------
INFO:__main__:
【train】epoch:25/100 loss:0.3647 acc:0.8319
INFO:__main__:
【val】epoch:25/100 loss:0.3114 acc:0.8641
INFO:__main__:
【Val】:  SENS: 0.7400  SPEC: 0.9436  PPV: 0.8937  NPV: 0.8499
INFO:__main__:验证的best_acc:0.8687
INFO:__main__:----------------------------------------------------------------------------------------------------
INFO:__main__:
【train】epoch:26/100 loss:0.3532 acc:0.8432
INFO:__main__:
【val】epoch:26/100 loss:0.2898 acc:0.8813
INFO:__main__:
【Val】:  SENS: 0.8720  SPEC: 0.8872  PPV: 0.8321  NPV: 0.9153
INFO:__main__:验证的best_acc:0.8813
INFO:__main__:----------------------------------------------------------------------------------------------------
INFO:__main__:
【train】epoch:27/100 loss:0.3540 acc:0.8453
INFO:__main__:
【val】epoch:27/100 loss:0.3047 acc:0.8578
INFO:__main__:
【Val】:  SENS: 0.7400  SPEC: 0.9333  PPV: 0.8768  NPV: 0.8485
INFO:__main__:验证的best_acc:0.8813
INFO:__main__:----------------------------------------------------------------------------------------------------
INFO:__main__:
【train】epoch:28/100 loss:0.3511 acc:0.8441
INFO:__main__:
【val】epoch:28/100 loss:0.2936 acc:0.8781
INFO:__main__:
【Val】:  SENS: 0.8080  SPEC: 0.9231  PPV: 0.8707  NPV: 0.8824
INFO:__main__:验证的best_acc:0.8813
INFO:__main__:----------------------------------------------------------------------------------------------------
INFO:__main__:
【train】epoch:29/100 loss:0.3382 acc:0.8515
INFO:__main__:
【val】epoch:29/100 loss:0.2889 acc:0.8781
INFO:__main__:
【Val】:  SENS: 0.8160  SPEC: 0.9179  PPV: 0.8644  NPV: 0.8861
INFO:__main__:验证的best_acc:0.8813
INFO:__main__:----------------------------------------------------------------------------------------------------
INFO:__main__:
【train】epoch:30/100 loss:0.3275 acc:0.8544
INFO:__main__:
【val】epoch:30/100 loss:0.2825 acc:0.8859
INFO:__main__:
【Val】:  SENS: 0.8240  SPEC: 0.9256  PPV: 0.8766  NPV: 0.8914
INFO:__main__:验证的best_acc:0.8859
INFO:__main__:----------------------------------------------------------------------------------------------------
INFO:__main__:
【train】epoch:31/100 loss:0.3294 acc:0.8542
INFO:__main__:
【val】epoch:31/100 loss:0.3003 acc:0.8797
INFO:__main__:
【Val】:  SENS: 0.8040  SPEC: 0.9282  PPV: 0.8777  NPV: 0.8808
INFO:__main__:验证的best_acc:0.8859
INFO:__main__:----------------------------------------------------------------------------------------------------
INFO:__main__:
【train】epoch:32/100 loss:0.3246 acc:0.8552
INFO:__main__:
【val】epoch:32/100 loss:0.2870 acc:0.8797
INFO:__main__:
【Val】:  SENS: 0.8040  SPEC: 0.9282  PPV: 0.8777  NPV: 0.8808
INFO:__main__:验证的best_acc:0.8859
INFO:__main__:----------------------------------------------------------------------------------------------------
INFO:__main__:
【train】epoch:33/100 loss:0.3281 acc:0.8538
INFO:__main__:
【val】epoch:33/100 loss:0.2839 acc:0.8859
INFO:__main__:
【Val】:  SENS: 0.8320  SPEC: 0.9205  PPV: 0.8703  NPV: 0.8953
INFO:__main__:验证的best_acc:0.8859
INFO:__main__:----------------------------------------------------------------------------------------------------
INFO:__main__:
【train】epoch:34/100 loss:0.3177 acc:0.8612
INFO:__main__:
【val】epoch:34/100 loss:0.2771 acc:0.8875
INFO:__main__:
【Val】:  SENS: 0.8360  SPEC: 0.9205  PPV: 0.8708  NPV: 0.8975
INFO:__main__:验证的best_acc:0.8875
INFO:__main__:----------------------------------------------------------------------------------------------------
INFO:__main__:
【train】epoch:35/100 loss:0.3154 acc:0.8595
INFO:__main__:
【val】epoch:35/100 loss:0.2875 acc:0.8797
INFO:__main__:
【Val】:  SENS: 0.7800  SPEC: 0.9436  PPV: 0.8986  NPV: 0.8700
INFO:__main__:验证的best_acc:0.8875
INFO:__main__:----------------------------------------------------------------------------------------------------
INFO:__main__:
【train】epoch:36/100 loss:0.3095 acc:0.8635
INFO:__main__:
【val】epoch:36/100 loss:0.2918 acc:0.8828
INFO:__main__:
【Val】:  SENS: 0.7920  SPEC: 0.9410  PPV: 0.8959  NPV: 0.8759
INFO:__main__:验证的best_acc:0.8875
INFO:__main__:----------------------------------------------------------------------------------------------------
INFO:__main__:
【train】epoch:37/100 loss:0.3083 acc:0.8622
INFO:__main__:
【val】epoch:37/100 loss:0.2783 acc:0.8813
INFO:__main__:
【Val】:  SENS: 0.8000  SPEC: 0.9333  PPV: 0.8850  NPV: 0.8792
INFO:__main__:验证的best_acc:0.8875
INFO:__main__:----------------------------------------------------------------------------------------------------
INFO:__main__:
【train】epoch:38/100 loss:0.3076 acc:0.8686
INFO:__main__:
【val】epoch:38/100 loss:0.2994 acc:0.8703
INFO:__main__:
【Val】:  SENS: 0.7720  SPEC: 0.9333  PPV: 0.8813  NPV: 0.8646
INFO:__main__:验证的best_acc:0.8875
INFO:__main__:----------------------------------------------------------------------------------------------------
INFO:__main__:
【train】epoch:39/100 loss:0.3011 acc:0.8731
INFO:__main__:
【val】epoch:39/100 loss:0.2787 acc:0.8828
INFO:__main__:
【Val】:  SENS: 0.7880  SPEC: 0.9436  PPV: 0.8995  NPV: 0.8741
INFO:__main__:验证的best_acc:0.8875
INFO:__main__:----------------------------------------------------------------------------------------------------
INFO:__main__:
【train】epoch:40/100 loss:0.2922 acc:0.8740
INFO:__main__:
【val】epoch:40/100 loss:0.2774 acc:0.8844
INFO:__main__:
【Val】:  SENS: 0.7960  SPEC: 0.9410  PPV: 0.8964  NPV: 0.8780
INFO:__main__:验证的best_acc:0.8875
INFO:__main__:----------------------------------------------------------------------------------------------------
INFO:__main__:
【train】epoch:41/100 loss:0.2896 acc:0.8773
INFO:__main__:
【val】epoch:41/100 loss:0.2783 acc:0.8844
INFO:__main__:
【Val】:  SENS: 0.7920  SPEC: 0.9436  PPV: 0.9000  NPV: 0.8762
INFO:__main__:验证的best_acc:0.8875
INFO:__main__:----------------------------------------------------------------------------------------------------
INFO:__main__:
【train】epoch:42/100 loss:0.2867 acc:0.8766
INFO:__main__:
【val】epoch:42/100 loss:0.2681 acc:0.8844
INFO:__main__:
【Val】:  SENS: 0.8640  SPEC: 0.8974  PPV: 0.8438  NPV: 0.9115
INFO:__main__:验证的best_acc:0.8875
INFO:__main__:----------------------------------------------------------------------------------------------------
INFO:__main__:
【train】epoch:43/100 loss:0.2889 acc:0.8738
INFO:__main__:
【val】epoch:43/100 loss:0.2697 acc:0.8906
INFO:__main__:
【Val】:  SENS: 0.7960  SPEC: 0.9513  PPV: 0.9128  NPV: 0.8791
INFO:__main__:验证的best_acc:0.8906
INFO:__main__:----------------------------------------------------------------------------------------------------
INFO:__main__:
【train】epoch:44/100 loss:0.2844 acc:0.8781
INFO:__main__:
【val】epoch:44/100 loss:0.2681 acc:0.8859
INFO:__main__:
【Val】:  SENS: 0.8400  SPEC: 0.9154  PPV: 0.8642  NPV: 0.8992
INFO:__main__:验证的best_acc:0.8906
INFO:__main__:----------------------------------------------------------------------------------------------------
INFO:__main__:
【train】epoch:45/100 loss:0.2830 acc:0.8820
INFO:__main__:
【val】epoch:45/100 loss:0.2633 acc:0.9016
INFO:__main__:
【Val】:  SENS: 0.8640  SPEC: 0.9256  PPV: 0.8816  NPV: 0.9139
INFO:__main__:验证的best_acc:0.9016
INFO:__main__:----------------------------------------------------------------------------------------------------
INFO:__main__:
【train】epoch:46/100 loss:0.2783 acc:0.8830
INFO:__main__:
【val】epoch:46/100 loss:0.2734 acc:0.8891
INFO:__main__:
【Val】:  SENS: 0.7800  SPEC: 0.9590  PPV: 0.9242  NPV: 0.8718
INFO:__main__:验证的best_acc:0.9016
INFO:__main__:----------------------------------------------------------------------------------------------------
INFO:__main__:
【train】epoch:47/100 loss:0.2782 acc:0.8853
INFO:__main__:
【val】epoch:47/100 loss:0.2650 acc:0.8922
INFO:__main__:
【Val】:  SENS: 0.8680  SPEC: 0.9077  PPV: 0.8577  NPV: 0.9147
INFO:__main__:验证的best_acc:0.9016
INFO:__main__:----------------------------------------------------------------------------------------------------
INFO:__main__:
【train】epoch:48/100 loss:0.2688 acc:0.8929
INFO:__main__:
【val】epoch:48/100 loss:0.2687 acc:0.8969
INFO:__main__:
【Val】:  SENS: 0.8200  SPEC: 0.9462  PPV: 0.9071  NPV: 0.8913
INFO:__main__:验证的best_acc:0.9016
INFO:__main__:----------------------------------------------------------------------------------------------------
INFO:__main__:
【train】epoch:49/100 loss:0.2687 acc:0.8863
INFO:__main__:
【val】epoch:49/100 loss:0.2716 acc:0.8953
INFO:__main__:
【Val】:  SENS: 0.8240  SPEC: 0.9410  PPV: 0.8996  NPV: 0.8929
INFO:__main__:验证的best_acc:0.9016
INFO:__main__:----------------------------------------------------------------------------------------------------
INFO:__main__:
【train】epoch:50/100 loss:0.2628 acc:0.8884
INFO:__main__:
【val】epoch:50/100 loss:0.2659 acc:0.8875
INFO:__main__:
【Val】:  SENS: 0.8160  SPEC: 0.9333  PPV: 0.8870  NPV: 0.8878
INFO:__main__:验证的best_acc:0.9016
INFO:__main__:----------------------------------------------------------------------------------------------------
INFO:__main__:
【train】epoch:51/100 loss:0.2645 acc:0.8886
INFO:__main__:
【val】epoch:51/100 loss:0.2590 acc:0.8906
INFO:__main__:
【Val】:  SENS: 0.8280  SPEC: 0.9308  PPV: 0.8846  NPV: 0.8941
INFO:__main__:验证的best_acc:0.9016
INFO:__main__:----------------------------------------------------------------------------------------------------
INFO:__main__:
【train】epoch:52/100 loss:0.2589 acc:0.8923
INFO:__main__:
【val】epoch:52/100 loss:0.2571 acc:0.8938
INFO:__main__:
【Val】:  SENS: 0.8400  SPEC: 0.9282  PPV: 0.8824  NPV: 0.9005
INFO:__main__:验证的best_acc:0.9016
INFO:__main__:----------------------------------------------------------------------------------------------------
INFO:__main__:
【train】epoch:53/100 loss:0.2512 acc:0.8931
INFO:__main__:
【val】epoch:53/100 loss:0.2602 acc:0.8984
INFO:__main__:
【Val】:  SENS: 0.8640  SPEC: 0.9205  PPV: 0.8745  NPV: 0.9135
INFO:__main__:验证的best_acc:0.9016
INFO:__main__:----------------------------------------------------------------------------------------------------
INFO:__main__:
【train】epoch:54/100 loss:0.2584 acc:0.8880
INFO:__main__:
【val】epoch:54/100 loss:0.2647 acc:0.8891
INFO:__main__:
【Val】:  SENS: 0.7960  SPEC: 0.9487  PPV: 0.9087  NPV: 0.8789
INFO:__main__:验证的best_acc:0.9016
INFO:__main__:----------------------------------------------------------------------------------------------------
INFO:__main__:
【train】epoch:55/100 loss:0.2470 acc:0.8998
INFO:__main__:
【val】epoch:55/100 loss:0.2561 acc:0.8984
INFO:__main__:
【Val】:  SENS: 0.8320  SPEC: 0.9410  PPV: 0.9004  NPV: 0.8973
INFO:__main__:验证的best_acc:0.9016
INFO:__main__:----------------------------------------------------------------------------------------------------
INFO:__main__:
【train】epoch:56/100 loss:0.2510 acc:0.8932
INFO:__main__:
【val】epoch:56/100 loss:0.2621 acc:0.8969
INFO:__main__:
【Val】:  SENS: 0.8040  SPEC: 0.9564  PPV: 0.9220  NPV: 0.8839
INFO:__main__:验证的best_acc:0.9016
INFO:__main__:----------------------------------------------------------------------------------------------------
INFO:__main__:
【train】epoch:57/100 loss:0.2457 acc:0.9018
INFO:__main__:
【val】epoch:57/100 loss:0.2508 acc:0.9000
INFO:__main__:
【Val】:  SENS: 0.8440  SPEC: 0.9359  PPV: 0.8941  NPV: 0.9035
INFO:__main__:验证的best_acc:0.9016
INFO:__main__:----------------------------------------------------------------------------------------------------
INFO:__main__:
【train】epoch:58/100 loss:0.2346 acc:0.9035
INFO:__main__:
【val】epoch:58/100 loss:0.2517 acc:0.8969
INFO:__main__:
【Val】:  SENS: 0.8640  SPEC: 0.9179  PPV: 0.8710  NPV: 0.9133
INFO:__main__:验证的best_acc:0.9016
INFO:__main__:----------------------------------------------------------------------------------------------------
INFO:__main__:
【train】epoch:59/100 loss:0.2385 acc:0.9053
INFO:__main__:
【val】epoch:59/100 loss:0.2480 acc:0.9109
INFO:__main__:
【Val】:  SENS: 0.8560  SPEC: 0.9462  PPV: 0.9106  NPV: 0.9111
INFO:__main__:验证的best_acc:0.9109
INFO:__main__:----------------------------------------------------------------------------------------------------
INFO:__main__:
【train】epoch:60/100 loss:0.2428 acc:0.8995
INFO:__main__:
【val】epoch:60/100 loss:0.2592 acc:0.9078
INFO:__main__:
【Val】:  SENS: 0.8320  SPEC: 0.9564  PPV: 0.9244  NPV: 0.8988
INFO:__main__:验证的best_acc:0.9109
INFO:__main__:----------------------------------------------------------------------------------------------------
INFO:__main__:
【train】epoch:61/100 loss:0.2367 acc:0.9002
INFO:__main__:
【val】epoch:61/100 loss:0.2466 acc:0.9031
INFO:__main__:
【Val】:  SENS: 0.8520  SPEC: 0.9359  PPV: 0.8950  NPV: 0.9080
INFO:__main__:验证的best_acc:0.9109
INFO:__main__:----------------------------------------------------------------------------------------------------
INFO:__main__:
【train】epoch:62/100 loss:0.2341 acc:0.9039
INFO:__main__:
【val】epoch:62/100 loss:0.2594 acc:0.8984
INFO:__main__:
【Val】:  SENS: 0.8280  SPEC: 0.9436  PPV: 0.9039  NPV: 0.8954
INFO:__main__:验证的best_acc:0.9109
INFO:__main__:----------------------------------------------------------------------------------------------------
INFO:__main__:
【train】epoch:63/100 loss:0.2281 acc:0.9055
INFO:__main__:
【val】epoch:63/100 loss:0.2483 acc:0.9078
INFO:__main__:
【Val】:  SENS: 0.8520  SPEC: 0.9436  PPV: 0.9064  NPV: 0.9086
INFO:__main__:验证的best_acc:0.9109
INFO:__main__:----------------------------------------------------------------------------------------------------
INFO:__main__:
【train】epoch:64/100 loss:0.2328 acc:0.9088
INFO:__main__:
【val】epoch:64/100 loss:0.2540 acc:0.9078
INFO:__main__:
【Val】:  SENS: 0.8400  SPEC: 0.9513  PPV: 0.9170  NPV: 0.9027
INFO:__main__:验证的best_acc:0.9109
INFO:__main__:----------------------------------------------------------------------------------------------------
INFO:__main__:
【train】epoch:65/100 loss:0.2343 acc:0.9051
INFO:__main__:
【val】epoch:65/100 loss:0.2493 acc:0.9031
INFO:__main__:
【Val】:  SENS: 0.8560  SPEC: 0.9333  PPV: 0.8917  NPV: 0.9100
INFO:__main__:验证的best_acc:0.9109
INFO:__main__:----------------------------------------------------------------------------------------------------
INFO:__main__:
【train】epoch:66/100 loss:0.2265 acc:0.9068
INFO:__main__:
【val】epoch:66/100 loss:0.2706 acc:0.9016
INFO:__main__:
【Val】:  SENS: 0.8160  SPEC: 0.9564  PPV: 0.9231  NPV: 0.8902
INFO:__main__:验证的best_acc:0.9109
INFO:__main__:----------------------------------------------------------------------------------------------------
INFO:__main__:
【train】epoch:67/100 loss:0.2314 acc:0.9045
INFO:__main__:
【val】epoch:67/100 loss:0.2708 acc:0.9031
INFO:__main__:
【Val】:  SENS: 0.8360  SPEC: 0.9462  PPV: 0.9087  NPV: 0.9000
INFO:__main__:验证的best_acc:0.9109
INFO:__main__:----------------------------------------------------------------------------------------------------
INFO:__main__:
【train】epoch:68/100 loss:0.2271 acc:0.9084
INFO:__main__:
【val】epoch:68/100 loss:0.2757 acc:0.9016
INFO:__main__:
【Val】:  SENS: 0.8120  SPEC: 0.9590  PPV: 0.9269  NPV: 0.8884
INFO:__main__:验证的best_acc:0.9109
INFO:__main__:----------------------------------------------------------------------------------------------------
INFO:__main__:
【train】epoch:69/100 loss:0.2161 acc:0.9134
INFO:__main__:
【val】epoch:69/100 loss:0.2461 acc:0.9125
INFO:__main__:
【Val】:  SENS: 0.8520  SPEC: 0.9513  PPV: 0.9181  NPV: 0.9093
INFO:__main__:验证的best_acc:0.9125
INFO:__main__:----------------------------------------------------------------------------------------------------
INFO:__main__:
【train】epoch:70/100 loss:0.2088 acc:0.9171
INFO:__main__:
【val】epoch:70/100 loss:0.2782 acc:0.8938
INFO:__main__:
【Val】:  SENS: 0.8160  SPEC: 0.9436  PPV: 0.9027  NPV: 0.8889
INFO:__main__:验证的best_acc:0.9125
INFO:__main__:----------------------------------------------------------------------------------------------------
INFO:__main__:
【train】epoch:71/100 loss:0.2146 acc:0.9123
INFO:__main__:
【val】epoch:71/100 loss:0.2532 acc:0.9047
INFO:__main__:
【Val】:  SENS: 0.8440  SPEC: 0.9436  PPV: 0.9056  NPV: 0.9042
INFO:__main__:验证的best_acc:0.9125
INFO:__main__:----------------------------------------------------------------------------------------------------
INFO:__main__:
【train】epoch:72/100 loss:0.2158 acc:0.9115
INFO:__main__:
【val】epoch:72/100 loss:0.2462 acc:0.8969
INFO:__main__:
【Val】:  SENS: 0.8640  SPEC: 0.9179  PPV: 0.8710  NPV: 0.9133
INFO:__main__:验证的best_acc:0.9125
INFO:__main__:----------------------------------------------------------------------------------------------------
INFO:__main__:
【train】epoch:73/100 loss:0.2028 acc:0.9169
INFO:__main__:
【val】epoch:73/100 loss:0.2519 acc:0.9031
INFO:__main__:
【Val】:  SENS: 0.8920  SPEC: 0.9103  PPV: 0.8643  NPV: 0.9293
INFO:__main__:验证的best_acc:0.9125
INFO:__main__:----------------------------------------------------------------------------------------------------
INFO:__main__:
【train】epoch:74/100 loss:0.2086 acc:0.9179
INFO:__main__:
【val】epoch:74/100 loss:0.2682 acc:0.9078
INFO:__main__:
【Val】:  SENS: 0.8320  SPEC: 0.9564  PPV: 0.9244  NPV: 0.8988
INFO:__main__:验证的best_acc:0.9125
INFO:__main__:----------------------------------------------------------------------------------------------------
INFO:__main__:
【train】epoch:75/100 loss:0.2066 acc:0.9158
INFO:__main__:
【val】epoch:75/100 loss:0.2511 acc:0.8969
INFO:__main__:
【Val】:  SENS: 0.8680  SPEC: 0.9154  PPV: 0.8680  NPV: 0.9154
INFO:__main__:验证的best_acc:0.9125
INFO:__main__:----------------------------------------------------------------------------------------------------
INFO:__main__:
【train】epoch:76/100 loss:0.2069 acc:0.9150
INFO:__main__:
【val】epoch:76/100 loss:0.2466 acc:0.9047
INFO:__main__:
【Val】:  SENS: 0.8520  SPEC: 0.9385  PPV: 0.8987  NPV: 0.9082
INFO:__main__:验证的best_acc:0.9125
INFO:__main__:----------------------------------------------------------------------------------------------------
INFO:__main__:
【train】epoch:77/100 loss:0.2043 acc:0.9142
INFO:__main__:
【val】epoch:77/100 loss:0.2538 acc:0.9125
INFO:__main__:
【Val】:  SENS: 0.8600  SPEC: 0.9462  PPV: 0.9110  NPV: 0.9134
INFO:__main__:验证的best_acc:0.9125
INFO:__main__:----------------------------------------------------------------------------------------------------
INFO:__main__:
【train】epoch:78/100 loss:0.1945 acc:0.9253
INFO:__main__:
【val】epoch:78/100 loss:0.2465 acc:0.9094
INFO:__main__:
【Val】:  SENS: 0.8840  SPEC: 0.9256  PPV: 0.8840  NPV: 0.9256
INFO:__main__:验证的best_acc:0.9125
INFO:__main__:----------------------------------------------------------------------------------------------------
INFO:__main__:
【train】epoch:79/100 loss:0.1921 acc:0.9253
INFO:__main__:
【val】epoch:79/100 loss:0.2598 acc:0.9094
INFO:__main__:
【Val】:  SENS: 0.8520  SPEC: 0.9462  PPV: 0.9103  NPV: 0.9089
INFO:__main__:验证的best_acc:0.9125
INFO:__main__:----------------------------------------------------------------------------------------------------
INFO:__main__:
【train】epoch:80/100 loss:0.1965 acc:0.9204
INFO:__main__:
【val】epoch:80/100 loss:0.2497 acc:0.9062
INFO:__main__:
【Val】:  SENS: 0.8520  SPEC: 0.9410  PPV: 0.9025  NPV: 0.9084
INFO:__main__:验证的best_acc:0.9125
INFO:__main__:----------------------------------------------------------------------------------------------------
INFO:__main__:
【train】epoch:81/100 loss:0.1919 acc:0.9233
INFO:__main__:
【val】epoch:81/100 loss:0.2593 acc:0.9141
INFO:__main__:
【Val】:  SENS: 0.8680  SPEC: 0.9436  PPV: 0.9079  NPV: 0.9177
INFO:__main__:验证的best_acc:0.9141
INFO:__main__:----------------------------------------------------------------------------------------------------
INFO:__main__:
【train】epoch:82/100 loss:0.1970 acc:0.9243
INFO:__main__:
【val】epoch:82/100 loss:0.2648 acc:0.9047
INFO:__main__:
【Val】:  SENS: 0.8840  SPEC: 0.9179  PPV: 0.8735  NPV: 0.9251
INFO:__main__:验证的best_acc:0.9141
INFO:__main__:----------------------------------------------------------------------------------------------------
INFO:__main__:
【train】epoch:83/100 loss:0.1939 acc:0.9218
INFO:__main__:
【val】epoch:83/100 loss:0.2442 acc:0.9125
INFO:__main__:
【Val】:  SENS: 0.9000  SPEC: 0.9205  PPV: 0.8789  NPV: 0.9349
INFO:__main__:验证的best_acc:0.9141
INFO:__main__:----------------------------------------------------------------------------------------------------
INFO:__main__:
【train】epoch:84/100 loss:0.1982 acc:0.9222
INFO:__main__:
【val】epoch:84/100 loss:0.2490 acc:0.9094
INFO:__main__:
【Val】:  SENS: 0.8720  SPEC: 0.9333  PPV: 0.8934  NPV: 0.9192
INFO:__main__:验证的best_acc:0.9141
INFO:__main__:----------------------------------------------------------------------------------------------------
INFO:__main__:
【train】epoch:85/100 loss:0.1971 acc:0.9218
INFO:__main__:
【val】epoch:85/100 loss:0.2527 acc:0.9062
INFO:__main__:
【Val】:  SENS: 0.8720  SPEC: 0.9282  PPV: 0.8862  NPV: 0.9188
INFO:__main__:验证的best_acc:0.9141
INFO:__main__:----------------------------------------------------------------------------------------------------
INFO:__main__:
【train】epoch:86/100 loss:0.1861 acc:0.9249
INFO:__main__:
【val】epoch:86/100 loss:0.2465 acc:0.9109
INFO:__main__:
【Val】:  SENS: 0.8680  SPEC: 0.9385  PPV: 0.9004  NPV: 0.9173
INFO:__main__:验证的best_acc:0.9141
INFO:__main__:----------------------------------------------------------------------------------------------------
INFO:__main__:
【train】epoch:87/100 loss:0.1858 acc:0.9268
INFO:__main__:
【val】epoch:87/100 loss:0.2417 acc:0.9000
INFO:__main__:
【Val】:  SENS: 0.8640  SPEC: 0.9231  PPV: 0.8780  NPV: 0.9137
INFO:__main__:验证的best_acc:0.9141
INFO:__main__:----------------------------------------------------------------------------------------------------
INFO:__main__:
【train】epoch:88/100 loss:0.1792 acc:0.9288
INFO:__main__:
【val】epoch:88/100 loss:0.2494 acc:0.9078
INFO:__main__:
【Val】:  SENS: 0.8560  SPEC: 0.9410  PPV: 0.9030  NPV: 0.9107
INFO:__main__:验证的best_acc:0.9141
INFO:__main__:----------------------------------------------------------------------------------------------------
INFO:__main__:
【train】epoch:89/100 loss:0.1809 acc:0.9270
INFO:__main__:
【val】epoch:89/100 loss:0.2446 acc:0.9062
INFO:__main__:
【Val】:  SENS: 0.8880  SPEC: 0.9179  PPV: 0.8740  NPV: 0.9275
INFO:__main__:验证的best_acc:0.9141
INFO:__main__:----------------------------------------------------------------------------------------------------
INFO:__main__:
【train】epoch:90/100 loss:0.1766 acc:0.9286
INFO:__main__:
【val】epoch:90/100 loss:0.2496 acc:0.9062
INFO:__main__:
【Val】:  SENS: 0.8600  SPEC: 0.9359  PPV: 0.8958  NPV: 0.9125
INFO:__main__:验证的best_acc:0.9141
INFO:__main__:----------------------------------------------------------------------------------------------------
INFO:__main__:
【train】epoch:91/100 loss:0.1703 acc:0.9340
INFO:__main__:
【val】epoch:91/100 loss:0.2494 acc:0.9109
INFO:__main__:
【Val】:  SENS: 0.8480  SPEC: 0.9513  PPV: 0.9177  NPV: 0.9071
INFO:__main__:验证的best_acc:0.9141
INFO:__main__:----------------------------------------------------------------------------------------------------
INFO:__main__:
【train】epoch:92/100 loss:0.1718 acc:0.9303
INFO:__main__:
【val】epoch:92/100 loss:0.2472 acc:0.8969
INFO:__main__:
【Val】:  SENS: 0.9080  SPEC: 0.8897  PPV: 0.8407  NPV: 0.9378
INFO:__main__:验证的best_acc:0.9141
INFO:__main__:----------------------------------------------------------------------------------------------------
INFO:__main__:
【train】epoch:93/100 loss:0.1757 acc:0.9282
INFO:__main__:
【val】epoch:93/100 loss:0.2616 acc:0.9125
INFO:__main__:
【Val】:  SENS: 0.8560  SPEC: 0.9487  PPV: 0.9145  NPV: 0.9113
INFO:__main__:验证的best_acc:0.9141
INFO:__main__:----------------------------------------------------------------------------------------------------
INFO:__main__:
【train】epoch:94/100 loss:0.1716 acc:0.9336
INFO:__main__:
【val】epoch:94/100 loss:0.2563 acc:0.9016
INFO:__main__:
【Val】:  SENS: 0.8880  SPEC: 0.9103  PPV: 0.8638  NPV: 0.9269
INFO:__main__:验证的best_acc:0.9141
INFO:__main__:----------------------------------------------------------------------------------------------------
INFO:__main__:
【train】epoch:95/100 loss:0.1714 acc:0.9311
INFO:__main__:
【val】epoch:95/100 loss:0.2490 acc:0.9172
INFO:__main__:
【Val】:  SENS: 0.8840  SPEC: 0.9385  PPV: 0.9020  NPV: 0.9266
INFO:__main__:验证的best_acc:0.9172
INFO:__main__:----------------------------------------------------------------------------------------------------
INFO:__main__:
【train】epoch:96/100 loss:0.1729 acc:0.9319
INFO:__main__:
【val】epoch:96/100 loss:0.2469 acc:0.9062
INFO:__main__:
【Val】:  SENS: 0.8640  SPEC: 0.9333  PPV: 0.8926  NPV: 0.9146
INFO:__main__:验证的best_acc:0.9172
INFO:__main__:----------------------------------------------------------------------------------------------------
INFO:__main__:
【train】epoch:97/100 loss:0.1741 acc:0.9303
INFO:__main__:
【val】epoch:97/100 loss:0.2521 acc:0.9125
INFO:__main__:
【Val】:  SENS: 0.8760  SPEC: 0.9359  PPV: 0.8975  NPV: 0.9217
INFO:__main__:验证的best_acc:0.9172
INFO:__main__:----------------------------------------------------------------------------------------------------
INFO:__main__:
【train】epoch:98/100 loss:0.1672 acc:0.9352
INFO:__main__:
【val】epoch:98/100 loss:0.2713 acc:0.9172
INFO:__main__:
【Val】:  SENS: 0.8520  SPEC: 0.9590  PPV: 0.9301  NPV: 0.9100
INFO:__main__:验证的best_acc:0.9172
INFO:__main__:----------------------------------------------------------------------------------------------------
INFO:__main__:
【train】epoch:99/100 loss:0.1630 acc:0.9367
INFO:__main__:
【val】epoch:99/100 loss:0.2546 acc:0.9094
INFO:__main__:
【Val】:  SENS: 0.8720  SPEC: 0.9333  PPV: 0.8934  NPV: 0.9192
INFO:__main__:验证的best_acc:0.9172
INFO:__main__:----------------------------------------------------------------------------------------------------
INFO:__main__:****************************************************************************************************
INFO:__main__:Val_LOSS:['0.6196', '0.5760', '0.5530', '0.5388', '0.5363', '0.5294', '0.5223', '0.5132', '0.4840', '0.4656', '0.4338', '0.3999', '0.3816', '0.3713', '0.3595', '0.3672', '0.3591', '0.3532', '0.3298', '0.3076', '0.3227', '0.3156', '0.3179', '0.3153', '0.3007', '0.3114', '0.2898', '0.3047', '0.2936', '0.2889', '0.2825', '0.3003', '0.2870', '0.2839', '0.2771', '0.2875', '0.2918', '0.2783', '0.2994', '0.2787', '0.2774', '0.2783', '0.2681', '0.2697', '0.2681', '0.2633', '0.2734', '0.2650', '0.2687', '0.2716', '0.2659', '0.2590', '0.2571', '0.2602', '0.2647', '0.2561', '0.2621', '0.2508', '0.2517', '0.2480', '0.2592', '0.2466', '0.2594', '0.2483', '0.2540', '0.2493', '0.2706', '0.2708', '0.2757', '0.2461', '0.2782', '0.2532', '0.2462', '0.2519', '0.2682', '0.2511', '0.2466', '0.2538', '0.2465', '0.2598', '0.2497', '0.2593', '0.2648', '0.2442', '0.2490', '0.2527', '0.2465', '0.2417', '0.2494', '0.2446', '0.2496', '0.2494', '0.2472', '0.2616', '0.2563', '0.2490', '0.2469', '0.2521', '0.2713', '0.2546']
INFO:__main__:Val_ACC:['0.6406', '0.7094', '0.7234', '0.7312', '0.7375', '0.7594', '0.7781', '0.7625', '0.7750', '0.7984', '0.8031', '0.8203', '0.8328', '0.8266', '0.8406', '0.8344', '0.8297', '0.8406', '0.8516', '0.8687', '0.8656', '0.8594', '0.8562', '0.8641', '0.8687', '0.8641', '0.8813', '0.8578', '0.8781', '0.8781', '0.8859', '0.8797', '0.8797', '0.8859', '0.8875', '0.8797', '0.8828', '0.8813', '0.8703', '0.8828', '0.8844', '0.8844', '0.8844', '0.8906', '0.8859', '0.9016', '0.8891', '0.8922', '0.8969', '0.8953', '0.8875', '0.8906', '0.8938', '0.8984', '0.8891', '0.8984', '0.8969', '0.9000', '0.8969', '0.9109', '0.9078', '0.9031', '0.8984', '0.9078', '0.9078', '0.9031', '0.9016', '0.9031', '0.9016', '0.9125', '0.8938', '0.9047', '0.8969', '0.9031', '0.9078', '0.8969', '0.9047', '0.9125', '0.9094', '0.9094', '0.9062', '0.9141', '0.9047', '0.9125', '0.9094', '0.9062', '0.9109', '0.9000', '0.9078', '0.9062', '0.9062', '0.9109', '0.8969', '0.9125', '0.9016', '0.9172', '0.9062', '0.9125', '0.9172', '0.9094']
INFO:__main__:****************************************************************************************************
INFO:__main__: epoch0 测试test_Loss: 0.2174  test_ACC: 0.9131  
INFO:__main__:SENS: 0.9231 SPEC: 0.9066 PPV: 0.8664 NPV: 0.9472
INFO:__main__:test_Best_acc:0.9131



