INFO:__main__:
【train】epoch:0/150 loss:0.5889 acc:0.7059
INFO:__main__:
【val】epoch:0/150 loss:0.5258 acc:0.7113
INFO:__main__:
【Val】:  SENS: 0.0000  SPEC: 1.0000  PPV: nan  NPV: 0.7113 F1:nan
INFO:__main__:验证的best_acc:0.7113
INFO:__main__:----------------------------------------------------------------------------------------------------
INFO:__main__:
【train】epoch:1/150 loss:0.5658 acc:0.7092
INFO:__main__:
【val】epoch:1/150 loss:0.5118 acc:0.7138
INFO:__main__:
【Val】:  SENS: 0.0390  SPEC: 0.9877  PPV: 0.5625  NPV: 0.7168 F1:0.0729
INFO:__main__:验证的best_acc:0.7138
INFO:__main__:----------------------------------------------------------------------------------------------------
INFO:__main__:
【train】epoch:2/150 loss:0.5477 acc:0.7106
INFO:__main__:
【val】epoch:2/150 loss:0.4987 acc:0.7375
INFO:__main__:
【Val】:  SENS: 0.1991  SPEC: 0.9561  PPV: 0.6479  NPV: 0.7462 F1:0.3046
INFO:__main__:验证的best_acc:0.7375
INFO:__main__:----------------------------------------------------------------------------------------------------
INFO:__main__:
【train】epoch:3/150 loss:0.5262 acc:0.7272
INFO:__main__:
【val】epoch:3/150 loss:0.4827 acc:0.7600
INFO:__main__:
【Val】:  SENS: 0.4242  SPEC: 0.8963  PPV: 0.6242  NPV: 0.7932 F1:0.5052
INFO:__main__:验证的best_acc:0.7600
INFO:__main__:----------------------------------------------------------------------------------------------------
INFO:__main__:
【train】epoch:4/150 loss:0.5140 acc:0.7349
INFO:__main__:
【val】epoch:4/150 loss:0.4762 acc:0.7750
INFO:__main__:
【Val】:  SENS: 0.5498  SPEC: 0.8664  PPV: 0.6256  NPV: 0.8258 F1:0.5853
INFO:__main__:验证的best_acc:0.7750
INFO:__main__:----------------------------------------------------------------------------------------------------
INFO:__main__:
【train】epoch:5/150 loss:0.5041 acc:0.7406
INFO:__main__:
【val】epoch:5/150 loss:0.4532 acc:0.7688
INFO:__main__:
【Val】:  SENS: 0.3680  SPEC: 0.9315  PPV: 0.6855  NPV: 0.7840 F1:0.4789
INFO:__main__:验证的best_acc:0.7750
INFO:__main__:----------------------------------------------------------------------------------------------------
INFO:__main__:
【train】epoch:6/150 loss:0.4951 acc:0.7492
INFO:__main__:
【val】epoch:6/150 loss:0.4512 acc:0.7825
INFO:__main__:
【Val】:  SENS: 0.4675  SPEC: 0.9104  PPV: 0.6792  NPV: 0.8081 F1:0.5538
INFO:__main__:验证的best_acc:0.7825
INFO:__main__:----------------------------------------------------------------------------------------------------
INFO:__main__:
【train】epoch:7/150 loss:0.4872 acc:0.7500
INFO:__main__:
【val】epoch:7/150 loss:0.4448 acc:0.7862
INFO:__main__:
【Val】:  SENS: 0.4329  SPEC: 0.9297  PPV: 0.7143  NPV: 0.8015 F1:0.5391
INFO:__main__:验证的best_acc:0.7862
INFO:__main__:----------------------------------------------------------------------------------------------------
INFO:__main__:
【train】epoch:8/150 loss:0.4813 acc:0.7505
INFO:__main__:
【val】epoch:8/150 loss:0.4392 acc:0.7812
INFO:__main__:
【Val】:  SENS: 0.5368  SPEC: 0.8805  PPV: 0.6458  NPV: 0.8240 F1:0.5863
INFO:__main__:验证的best_acc:0.7862
INFO:__main__:----------------------------------------------------------------------------------------------------
INFO:__main__:
【train】epoch:9/150 loss:0.4706 acc:0.7604
INFO:__main__:
【val】epoch:9/150 loss:0.4298 acc:0.7887
INFO:__main__:
【Val】:  SENS: 0.5411  SPEC: 0.8893  PPV: 0.6649  NPV: 0.8268 F1:0.5967
INFO:__main__:验证的best_acc:0.7887
INFO:__main__:----------------------------------------------------------------------------------------------------
INFO:__main__:
【train】epoch:10/150 loss:0.4694 acc:0.7603
INFO:__main__:
【val】epoch:10/150 loss:0.4317 acc:0.7975
INFO:__main__:
【Val】:  SENS: 0.6190  SPEC: 0.8699  PPV: 0.6590  NPV: 0.8491 F1:0.6384
INFO:__main__:验证的best_acc:0.7975
INFO:__main__:----------------------------------------------------------------------------------------------------
INFO:__main__:
【train】epoch:11/150 loss:0.4576 acc:0.7684
INFO:__main__:
【val】epoch:11/150 loss:0.4212 acc:0.8112
INFO:__main__:
【Val】:  SENS: 0.6320  SPEC: 0.8840  PPV: 0.6887  NPV: 0.8554 F1:0.6591
INFO:__main__:验证的best_acc:0.8112
INFO:__main__:----------------------------------------------------------------------------------------------------
INFO:__main__:
【train】epoch:12/150 loss:0.4552 acc:0.7684
INFO:__main__:
【val】epoch:12/150 loss:0.4140 acc:0.8100
INFO:__main__:
【Val】:  SENS: 0.6190  SPEC: 0.8875  PPV: 0.6908  NPV: 0.8516 F1:0.6530
INFO:__main__:验证的best_acc:0.8112
INFO:__main__:----------------------------------------------------------------------------------------------------
INFO:__main__:
【train】epoch:13/150 loss:0.4503 acc:0.7742
INFO:__main__:
【val】epoch:13/150 loss:0.4091 acc:0.8150
INFO:__main__:
【Val】:  SENS: 0.6667  SPEC: 0.8752  PPV: 0.6844  NPV: 0.8661 F1:0.6754
INFO:__main__:验证的best_acc:0.8150
INFO:__main__:----------------------------------------------------------------------------------------------------
INFO:__main__:
【train】epoch:14/150 loss:0.4484 acc:0.7764
INFO:__main__:
【val】epoch:14/150 loss:0.4052 acc:0.8188
INFO:__main__:
【Val】:  SENS: 0.6364  SPEC: 0.8928  PPV: 0.7067  NPV: 0.8581 F1:0.6697
INFO:__main__:验证的best_acc:0.8188
INFO:__main__:----------------------------------------------------------------------------------------------------
INFO:__main__:
【train】epoch:15/150 loss:0.4423 acc:0.7803
INFO:__main__:
【val】epoch:15/150 loss:0.4019 acc:0.8100
INFO:__main__:
【Val】:  SENS: 0.7100  SPEC: 0.8506  PPV: 0.6586  NPV: 0.8784 F1:0.6833
INFO:__main__:验证的best_acc:0.8188
INFO:__main__:----------------------------------------------------------------------------------------------------
INFO:__main__:
【train】epoch:16/150 loss:0.4355 acc:0.7873
INFO:__main__:
【val】epoch:16/150 loss:0.3932 acc:0.8138
INFO:__main__:
【Val】:  SENS: 0.7056  SPEC: 0.8576  PPV: 0.6680  NPV: 0.8777 F1:0.6863
INFO:__main__:验证的best_acc:0.8188
INFO:__main__:----------------------------------------------------------------------------------------------------
INFO:__main__:
【train】epoch:17/150 loss:0.4315 acc:0.7858
INFO:__main__:
【val】epoch:17/150 loss:0.3904 acc:0.8225
INFO:__main__:
【Val】:  SENS: 0.6753  SPEC: 0.8822  PPV: 0.6996  NPV: 0.8700 F1:0.6872
INFO:__main__:验证的best_acc:0.8225
INFO:__main__:----------------------------------------------------------------------------------------------------
INFO:__main__:
【train】epoch:18/150 loss:0.4237 acc:0.7909
INFO:__main__:
【val】epoch:18/150 loss:0.3728 acc:0.8275
INFO:__main__:
【Val】:  SENS: 0.6710  SPEC: 0.8910  PPV: 0.7143  NPV: 0.8696 F1:0.6920
INFO:__main__:验证的best_acc:0.8275
INFO:__main__:----------------------------------------------------------------------------------------------------
INFO:__main__:
【train】epoch:19/150 loss:0.4161 acc:0.7982
INFO:__main__:
【val】epoch:19/150 loss:0.3707 acc:0.8250
INFO:__main__:
【Val】:  SENS: 0.6926  SPEC: 0.8787  PPV: 0.6987  NPV: 0.8757 F1:0.6957
INFO:__main__:验证的best_acc:0.8275
INFO:__main__:----------------------------------------------------------------------------------------------------
INFO:__main__:
【train】epoch:20/150 loss:0.4057 acc:0.8016
INFO:__main__:
【val】epoch:20/150 loss:0.3518 acc:0.8375
INFO:__main__:
【Val】:  SENS: 0.6667  SPEC: 0.9069  PPV: 0.7440  NPV: 0.8702 F1:0.7032
INFO:__main__:验证的best_acc:0.8375
INFO:__main__:----------------------------------------------------------------------------------------------------
INFO:__main__:
【train】epoch:21/150 loss:0.4015 acc:0.8093
INFO:__main__:
【val】epoch:21/150 loss:0.3535 acc:0.8363
INFO:__main__:
【Val】:  SENS: 0.7056  SPEC: 0.8893  PPV: 0.7212  NPV: 0.8815 F1:0.7133
INFO:__main__:验证的best_acc:0.8375
INFO:__main__:----------------------------------------------------------------------------------------------------
INFO:__main__:
【train】epoch:22/150 loss:0.3962 acc:0.8169
INFO:__main__:
【val】epoch:22/150 loss:0.3511 acc:0.8425
INFO:__main__:
【Val】:  SENS: 0.7229  SPEC: 0.8910  PPV: 0.7293  NPV: 0.8879 F1:0.7261
INFO:__main__:验证的best_acc:0.8425
INFO:__main__:----------------------------------------------------------------------------------------------------
INFO:__main__:
【train】epoch:23/150 loss:0.3862 acc:0.8241
INFO:__main__:
【val】epoch:23/150 loss:0.3513 acc:0.8350
INFO:__main__:
【Val】:  SENS: 0.6364  SPEC: 0.9156  PPV: 0.7538  NPV: 0.8612 F1:0.6901
INFO:__main__:验证的best_acc:0.8425
INFO:__main__:----------------------------------------------------------------------------------------------------
INFO:__main__:
【train】epoch:24/150 loss:0.3850 acc:0.8225
INFO:__main__:
【val】epoch:24/150 loss:0.3506 acc:0.8363
INFO:__main__:
【Val】:  SENS: 0.8052  SPEC: 0.8489  PPV: 0.6838  NPV: 0.9148 F1:0.7396
INFO:__main__:验证的best_acc:0.8425
INFO:__main__:----------------------------------------------------------------------------------------------------
INFO:__main__:
【train】epoch:25/150 loss:0.3719 acc:0.8311
INFO:__main__:
【val】epoch:25/150 loss:0.3205 acc:0.8575
INFO:__main__:
【Val】:  SENS: 0.7403  SPEC: 0.9051  PPV: 0.7600  NPV: 0.8957 F1:0.7500
INFO:__main__:验证的best_acc:0.8575
INFO:__main__:----------------------------------------------------------------------------------------------------
INFO:__main__:
【train】epoch:26/150 loss:0.3774 acc:0.8279
INFO:__main__:
【val】epoch:26/150 loss:0.3530 acc:0.8475
INFO:__main__:
【Val】:  SENS: 0.8528  SPEC: 0.8453  PPV: 0.6912  NPV: 0.9340 F1:0.7636
INFO:__main__:验证的best_acc:0.8575
INFO:__main__:----------------------------------------------------------------------------------------------------
INFO:__main__:
【train】epoch:27/150 loss:0.3610 acc:0.8382
INFO:__main__:
【val】epoch:27/150 loss:0.3001 acc:0.8675
INFO:__main__:
【Val】:  SENS: 0.6407  SPEC: 0.9596  PPV: 0.8655  NPV: 0.8680 F1:0.7363
INFO:__main__:验证的best_acc:0.8675
INFO:__main__:----------------------------------------------------------------------------------------------------
INFO:__main__:
【train】epoch:28/150 loss:0.3553 acc:0.8456
INFO:__main__:
【val】epoch:28/150 loss:0.3231 acc:0.8600
INFO:__main__:
【Val】:  SENS: 0.6147  SPEC: 0.9596  PPV: 0.8606  NPV: 0.8598 F1:0.7172
INFO:__main__:验证的best_acc:0.8675
INFO:__main__:----------------------------------------------------------------------------------------------------
INFO:__main__:
【train】epoch:29/150 loss:0.3367 acc:0.8499
INFO:__main__:
【val】epoch:29/150 loss:0.2783 acc:0.8825
INFO:__main__:
【Val】:  SENS: 0.7965  SPEC: 0.9174  PPV: 0.7965  NPV: 0.9174 F1:0.7965
INFO:__main__:验证的best_acc:0.8825
INFO:__main__:----------------------------------------------------------------------------------------------------
INFO:__main__:
【train】epoch:30/150 loss:0.3260 acc:0.8566
INFO:__main__:
【val】epoch:30/150 loss:0.2863 acc:0.8800
INFO:__main__:
【Val】:  SENS: 0.7100  SPEC: 0.9490  PPV: 0.8497  NPV: 0.8896 F1:0.7736
INFO:__main__:验证的best_acc:0.8825
INFO:__main__:----------------------------------------------------------------------------------------------------
INFO:__main__:
【train】epoch:31/150 loss:0.3288 acc:0.8546
INFO:__main__:
【val】epoch:31/150 loss:0.2757 acc:0.8900
INFO:__main__:
【Val】:  SENS: 0.8139  SPEC: 0.9209  PPV: 0.8069  NPV: 0.9242 F1:0.8103
INFO:__main__:验证的best_acc:0.8900
INFO:__main__:----------------------------------------------------------------------------------------------------
INFO:__main__:
【train】epoch:32/150 loss:0.3210 acc:0.8588
INFO:__main__:
【val】epoch:32/150 loss:0.2664 acc:0.8913
INFO:__main__:
【Val】:  SENS: 0.7576  SPEC: 0.9455  PPV: 0.8495  NPV: 0.9057 F1:0.8009
INFO:__main__:验证的best_acc:0.8913
INFO:__main__:----------------------------------------------------------------------------------------------------
INFO:__main__:
【train】epoch:33/150 loss:0.3179 acc:0.8628
INFO:__main__:
【val】epoch:33/150 loss:0.2710 acc:0.8850
INFO:__main__:
【Val】:  SENS: 0.7532  SPEC: 0.9385  PPV: 0.8325  NPV: 0.9036 F1:0.7909
INFO:__main__:验证的best_acc:0.8913
INFO:__main__:----------------------------------------------------------------------------------------------------
INFO:__main__:
【train】epoch:34/150 loss:0.3169 acc:0.8649
INFO:__main__:
【val】epoch:34/150 loss:0.2677 acc:0.8950
INFO:__main__:
【Val】:  SENS: 0.7576  SPEC: 0.9508  PPV: 0.8621  NPV: 0.9062 F1:0.8065
INFO:__main__:验证的best_acc:0.8950
INFO:__main__:----------------------------------------------------------------------------------------------------
INFO:__main__:
【train】epoch:35/150 loss:0.3094 acc:0.8691
INFO:__main__:
【val】epoch:35/150 loss:0.2771 acc:0.8875
INFO:__main__:
【Val】:  SENS: 0.7576  SPEC: 0.9402  PPV: 0.8373  NPV: 0.9052 F1:0.7955
INFO:__main__:验证的best_acc:0.8950
INFO:__main__:----------------------------------------------------------------------------------------------------
INFO:__main__:
【train】epoch:36/150 loss:0.3011 acc:0.8681
INFO:__main__:
【val】epoch:36/150 loss:0.2670 acc:0.8813
INFO:__main__:
【Val】:  SENS: 0.6883  SPEC: 0.9596  PPV: 0.8736  NPV: 0.8835 F1:0.7700
INFO:__main__:验证的best_acc:0.8950
INFO:__main__:----------------------------------------------------------------------------------------------------
INFO:__main__:
【train】epoch:37/150 loss:0.3014 acc:0.8703
INFO:__main__:
【val】epoch:37/150 loss:0.2571 acc:0.8938
INFO:__main__:
【Val】:  SENS: 0.7662  SPEC: 0.9455  PPV: 0.8510  NPV: 0.9088 F1:0.8064
INFO:__main__:验证的best_acc:0.8950
INFO:__main__:----------------------------------------------------------------------------------------------------
INFO:__main__:
【train】epoch:38/150 loss:0.3020 acc:0.8702
INFO:__main__:
【val】epoch:38/150 loss:0.2557 acc:0.8950
INFO:__main__:
【Val】:  SENS: 0.8442  SPEC: 0.9156  PPV: 0.8025  NPV: 0.9354 F1:0.8228
INFO:__main__:验证的best_acc:0.8950
INFO:__main__:----------------------------------------------------------------------------------------------------
INFO:__main__:
【train】epoch:39/150 loss:0.2805 acc:0.8783
INFO:__main__:
【val】epoch:39/150 loss:0.2460 acc:0.8950
INFO:__main__:
【Val】:  SENS: 0.7965  SPEC: 0.9350  PPV: 0.8326  NPV: 0.9188 F1:0.8142
INFO:__main__:验证的best_acc:0.8950
INFO:__main__:----------------------------------------------------------------------------------------------------
INFO:__main__:
【train】epoch:40/150 loss:0.2769 acc:0.8824
INFO:__main__:
【val】epoch:40/150 loss:0.2745 acc:0.8875
INFO:__main__:
【Val】:  SENS: 0.8225  SPEC: 0.9139  PPV: 0.7950  NPV: 0.9269 F1:0.8085
INFO:__main__:验证的best_acc:0.8950
INFO:__main__:----------------------------------------------------------------------------------------------------
INFO:__main__:
【train】epoch:41/150 loss:0.2743 acc:0.8844
INFO:__main__:
【val】epoch:41/150 loss:0.2380 acc:0.8975
INFO:__main__:
【Val】:  SENS: 0.7662  SPEC: 0.9508  PPV: 0.8634  NPV: 0.9092 F1:0.8119
INFO:__main__:验证的best_acc:0.8975
INFO:__main__:----------------------------------------------------------------------------------------------------
INFO:__main__:
【train】epoch:42/150 loss:0.2678 acc:0.8869
INFO:__main__:
【val】epoch:42/150 loss:0.2342 acc:0.9062
INFO:__main__:
【Val】:  SENS: 0.7749  SPEC: 0.9596  PPV: 0.8861  NPV: 0.9130 F1:0.8268
INFO:__main__:验证的best_acc:0.9062
INFO:__main__:----------------------------------------------------------------------------------------------------
INFO:__main__:
【train】epoch:43/150 loss:0.2682 acc:0.8895
INFO:__main__:
【val】epoch:43/150 loss:0.2742 acc:0.8850
INFO:__main__:
【Val】:  SENS: 0.6667  SPEC: 0.9736  PPV: 0.9112  NPV: 0.8780 F1:0.7700
INFO:__main__:验证的best_acc:0.9062
INFO:__main__:----------------------------------------------------------------------------------------------------
INFO:__main__:
【train】epoch:44/150 loss:0.2598 acc:0.8890
INFO:__main__:
【val】epoch:44/150 loss:0.2398 acc:0.9038
INFO:__main__:
【Val】:  SENS: 0.8095  SPEC: 0.9420  PPV: 0.8500  NPV: 0.9241 F1:0.8293
INFO:__main__:验证的best_acc:0.9062
INFO:__main__:----------------------------------------------------------------------------------------------------
INFO:__main__:
【train】epoch:45/150 loss:0.2547 acc:0.8919
INFO:__main__:
【val】epoch:45/150 loss:0.2374 acc:0.9062
INFO:__main__:
【Val】:  SENS: 0.8268  SPEC: 0.9385  PPV: 0.8451  NPV: 0.9303 F1:0.8359
INFO:__main__:验证的best_acc:0.9062
INFO:__main__:----------------------------------------------------------------------------------------------------
INFO:__main__:
【train】epoch:46/150 loss:0.2608 acc:0.8910
INFO:__main__:
【val】epoch:46/150 loss:0.2437 acc:0.8975
INFO:__main__:
【Val】:  SENS: 0.7749  SPEC: 0.9473  PPV: 0.8565  NPV: 0.9120 F1:0.8136
INFO:__main__:验证的best_acc:0.9062
INFO:__main__:----------------------------------------------------------------------------------------------------
INFO:__main__:
【train】epoch:47/150 loss:0.2529 acc:0.8937
INFO:__main__:
【val】epoch:47/150 loss:0.2370 acc:0.8988
INFO:__main__:
【Val】:  SENS: 0.8095  SPEC: 0.9350  PPV: 0.8348  NPV: 0.9236 F1:0.8220
INFO:__main__:验证的best_acc:0.9062
INFO:__main__:----------------------------------------------------------------------------------------------------
INFO:__main__:
【train】epoch:48/150 loss:0.2496 acc:0.8967
INFO:__main__:
【val】epoch:48/150 loss:0.2359 acc:0.9025
INFO:__main__:
【Val】:  SENS: 0.8312  SPEC: 0.9315  PPV: 0.8312  NPV: 0.9315 F1:0.8312
INFO:__main__:验证的best_acc:0.9062
INFO:__main__:----------------------------------------------------------------------------------------------------
INFO:__main__:
【train】epoch:49/150 loss:0.2431 acc:0.8981
INFO:__main__:
【val】epoch:49/150 loss:0.2342 acc:0.9000
INFO:__main__:
【Val】:  SENS: 0.7662  SPEC: 0.9543  PPV: 0.8719  NPV: 0.9095 F1:0.8157
INFO:__main__:验证的best_acc:0.9062
INFO:__main__:----------------------------------------------------------------------------------------------------
INFO:__main__:
【train】epoch:50/150 loss:0.2319 acc:0.9028
INFO:__main__:
【val】epoch:50/150 loss:0.2504 acc:0.8900
INFO:__main__:
【Val】:  SENS: 0.7922  SPEC: 0.9297  PPV: 0.8206  NPV: 0.9168 F1:0.8062
INFO:__main__:验证的best_acc:0.9062
INFO:__main__:----------------------------------------------------------------------------------------------------
INFO:__main__:
【train】epoch:51/150 loss:0.2301 acc:0.9061
INFO:__main__:
【val】epoch:51/150 loss:0.2330 acc:0.9062
INFO:__main__:
【Val】:  SENS: 0.7922  SPEC: 0.9525  PPV: 0.8714  NPV: 0.9186 F1:0.8299
INFO:__main__:验证的best_acc:0.9062
INFO:__main__:----------------------------------------------------------------------------------------------------
INFO:__main__:
【train】epoch:52/150 loss:0.2304 acc:0.9087
INFO:__main__:
【val】epoch:52/150 loss:0.2518 acc:0.9050
INFO:__main__:
【Val】:  SENS: 0.7446  SPEC: 0.9701  PPV: 0.9101  NPV: 0.9034 F1:0.8190
INFO:__main__:验证的best_acc:0.9062
INFO:__main__:----------------------------------------------------------------------------------------------------
INFO:__main__:
【train】epoch:53/150 loss:0.2260 acc:0.9061
INFO:__main__:
【val】epoch:53/150 loss:0.2421 acc:0.8988
INFO:__main__:
【Val】:  SENS: 0.8009  SPEC: 0.9385  PPV: 0.8409  NPV: 0.9207 F1:0.8204
INFO:__main__:验证的best_acc:0.9062
INFO:__main__:----------------------------------------------------------------------------------------------------
INFO:__main__:
【train】epoch:54/150 loss:0.2274 acc:0.9035
INFO:__main__:
【val】epoch:54/150 loss:0.2395 acc:0.9025
INFO:__main__:
【Val】:  SENS: 0.7922  SPEC: 0.9473  PPV: 0.8592  NPV: 0.9182 F1:0.8243
INFO:__main__:验证的best_acc:0.9062
INFO:__main__:----------------------------------------------------------------------------------------------------
INFO:__main__:
【train】epoch:55/150 loss:0.2263 acc:0.9072
INFO:__main__:
【val】epoch:55/150 loss:0.2274 acc:0.9050
INFO:__main__:
【Val】:  SENS: 0.8009  SPEC: 0.9473  PPV: 0.8605  NPV: 0.9214 F1:0.8296
INFO:__main__:验证的best_acc:0.9062
INFO:__main__:----------------------------------------------------------------------------------------------------
INFO:__main__:
【train】epoch:56/150 loss:0.2252 acc:0.9087
INFO:__main__:
【val】epoch:56/150 loss:0.2362 acc:0.8950
INFO:__main__:
【Val】:  SENS: 0.7619  SPEC: 0.9490  PPV: 0.8585  NPV: 0.9076 F1:0.8073
INFO:__main__:验证的best_acc:0.9062
INFO:__main__:----------------------------------------------------------------------------------------------------
INFO:__main__:
【train】epoch:57/150 loss:0.2168 acc:0.9156
INFO:__main__:
【val】epoch:57/150 loss:0.2328 acc:0.9050
INFO:__main__:
【Val】:  SENS: 0.7706  SPEC: 0.9596  PPV: 0.8856  NPV: 0.9115 F1:0.8241
INFO:__main__:验证的best_acc:0.9062
INFO:__main__:----------------------------------------------------------------------------------------------------
INFO:__main__:
【train】epoch:58/150 loss:0.2176 acc:0.9105
INFO:__main__:
【val】epoch:58/150 loss:0.2273 acc:0.9075
INFO:__main__:
【Val】:  SENS: 0.8571  SPEC: 0.9279  PPV: 0.8285  NPV: 0.9412 F1:0.8426
INFO:__main__:验证的best_acc:0.9075
INFO:__main__:----------------------------------------------------------------------------------------------------
INFO:__main__:
【train】epoch:59/150 loss:0.2072 acc:0.9144
INFO:__main__:
【val】epoch:59/150 loss:0.2316 acc:0.9050
INFO:__main__:
【Val】:  SENS: 0.7532  SPEC: 0.9666  PPV: 0.9016  NPV: 0.9061 F1:0.8208
INFO:__main__:验证的best_acc:0.9075
INFO:__main__:----------------------------------------------------------------------------------------------------
INFO:__main__:
【train】epoch:60/150 loss:0.2101 acc:0.9150
INFO:__main__:
【val】epoch:60/150 loss:0.2259 acc:0.9087
INFO:__main__:
【Val】:  SENS: 0.7835  SPEC: 0.9596  PPV: 0.8873  NPV: 0.9161 F1:0.8322
INFO:__main__:验证的best_acc:0.9087
INFO:__main__:----------------------------------------------------------------------------------------------------
INFO:__main__:
【train】epoch:61/150 loss:0.2051 acc:0.9198
INFO:__main__:
【val】epoch:61/150 loss:0.2194 acc:0.9112
INFO:__main__:
【Val】:  SENS: 0.8571  SPEC: 0.9332  PPV: 0.8390  NPV: 0.9415 F1:0.8480
INFO:__main__:验证的best_acc:0.9112
INFO:__main__:----------------------------------------------------------------------------------------------------
INFO:__main__:
【train】epoch:62/150 loss:0.1957 acc:0.9242
INFO:__main__:
【val】epoch:62/150 loss:0.2188 acc:0.9000
INFO:__main__:
【Val】:  SENS: 0.8355  SPEC: 0.9262  PPV: 0.8213  NPV: 0.9327 F1:0.8283
INFO:__main__:验证的best_acc:0.9112
INFO:__main__:----------------------------------------------------------------------------------------------------
INFO:__main__:
【train】epoch:63/150 loss:0.1914 acc:0.9226
INFO:__main__:
【val】epoch:63/150 loss:0.2120 acc:0.9125
INFO:__main__:
【Val】:  SENS: 0.8571  SPEC: 0.9350  PPV: 0.8426  NPV: 0.9416 F1:0.8498
INFO:__main__:验证的best_acc:0.9125
INFO:__main__:----------------------------------------------------------------------------------------------------
INFO:__main__:
【train】epoch:64/150 loss:0.1991 acc:0.9212
INFO:__main__:
【val】epoch:64/150 loss:0.2419 acc:0.9087
INFO:__main__:
【Val】:  SENS: 0.7662  SPEC: 0.9666  PPV: 0.9031  NPV: 0.9106 F1:0.8290
INFO:__main__:验证的best_acc:0.9125
INFO:__main__:----------------------------------------------------------------------------------------------------
INFO:__main__:
【train】epoch:65/150 loss:0.1958 acc:0.9241
INFO:__main__:
【val】epoch:65/150 loss:0.2208 acc:0.9075
INFO:__main__:
【Val】:  SENS: 0.8139  SPEC: 0.9455  PPV: 0.8584  NPV: 0.9260 F1:0.8356
INFO:__main__:验证的best_acc:0.9125
INFO:__main__:----------------------------------------------------------------------------------------------------
INFO:__main__:
【train】epoch:66/150 loss:0.1947 acc:0.9206
INFO:__main__:
【val】epoch:66/150 loss:0.2116 acc:0.9150
INFO:__main__:
【Val】:  SENS: 0.8009  SPEC: 0.9613  PPV: 0.8937  NPV: 0.9224 F1:0.8447
INFO:__main__:验证的best_acc:0.9150
INFO:__main__:----------------------------------------------------------------------------------------------------
INFO:__main__:
【train】epoch:67/150 loss:0.1787 acc:0.9269
INFO:__main__:
【val】epoch:67/150 loss:0.2186 acc:0.9112
INFO:__main__:
【Val】:  SENS: 0.8528  SPEC: 0.9350  PPV: 0.8419  NPV: 0.9399 F1:0.8473
INFO:__main__:验证的best_acc:0.9150
INFO:__main__:----------------------------------------------------------------------------------------------------
INFO:__main__:
【train】epoch:68/150 loss:0.1944 acc:0.9182
INFO:__main__:
【val】epoch:68/150 loss:0.2285 acc:0.9025
INFO:__main__:
【Val】:  SENS: 0.7792  SPEC: 0.9525  PPV: 0.8696  NPV: 0.9140 F1:0.8219
INFO:__main__:验证的best_acc:0.9150
INFO:__main__:----------------------------------------------------------------------------------------------------
INFO:__main__:
【train】epoch:69/150 loss:0.1759 acc:0.9318
INFO:__main__:
【val】epoch:69/150 loss:0.2340 acc:0.9050
INFO:__main__:
【Val】:  SENS: 0.8701  SPEC: 0.9192  PPV: 0.8138  NPV: 0.9458 F1:0.8410
INFO:__main__:验证的best_acc:0.9150
INFO:__main__:----------------------------------------------------------------------------------------------------
INFO:__main__:
【train】epoch:70/150 loss:0.1805 acc:0.9292
INFO:__main__:
【val】epoch:70/150 loss:0.2403 acc:0.9125
INFO:__main__:
【Val】:  SENS: 0.7619  SPEC: 0.9736  PPV: 0.9215  NPV: 0.9097 F1:0.8341
INFO:__main__:验证的best_acc:0.9150
INFO:__main__:----------------------------------------------------------------------------------------------------
INFO:__main__:
【train】epoch:71/150 loss:0.1733 acc:0.9349
INFO:__main__:
【val】epoch:71/150 loss:0.2191 acc:0.9075
INFO:__main__:
【Val】:  SENS: 0.8788  SPEC: 0.9192  PPV: 0.8153  NPV: 0.9492 F1:0.8458
INFO:__main__:验证的best_acc:0.9150
INFO:__main__:----------------------------------------------------------------------------------------------------
INFO:__main__:
【train】epoch:72/150 loss:0.1700 acc:0.9324
INFO:__main__:
【val】epoch:72/150 loss:0.2169 acc:0.9137
INFO:__main__:
【Val】:  SENS: 0.8182  SPEC: 0.9525  PPV: 0.8750  NPV: 0.9281 F1:0.8456
INFO:__main__:验证的best_acc:0.9150
INFO:__main__:----------------------------------------------------------------------------------------------------
INFO:__main__:
【train】epoch:73/150 loss:0.1698 acc:0.9340
INFO:__main__:
【val】epoch:73/150 loss:0.2523 acc:0.9013
INFO:__main__:
【Val】:  SENS: 0.8831  SPEC: 0.9086  PPV: 0.7969  NPV: 0.9504 F1:0.8378
INFO:__main__:验证的best_acc:0.9150
INFO:__main__:----------------------------------------------------------------------------------------------------
INFO:__main__:
【train】epoch:74/150 loss:0.1671 acc:0.9354
INFO:__main__:
【val】epoch:74/150 loss:0.2301 acc:0.9137
INFO:__main__:
【Val】:  SENS: 0.7965  SPEC: 0.9613  PPV: 0.8932  NPV: 0.9209 F1:0.8421
INFO:__main__:验证的best_acc:0.9150
INFO:__main__:----------------------------------------------------------------------------------------------------
INFO:__main__:
【train】epoch:75/150 loss:0.1692 acc:0.9348
INFO:__main__:
【val】epoch:75/150 loss:0.2230 acc:0.9175
INFO:__main__:
【Val】:  SENS: 0.8398  SPEC: 0.9490  PPV: 0.8700  NPV: 0.9359 F1:0.8546
INFO:__main__:验证的best_acc:0.9175
INFO:__main__:----------------------------------------------------------------------------------------------------
INFO:__main__:
【train】epoch:76/150 loss:0.1671 acc:0.9310
INFO:__main__:
【val】epoch:76/150 loss:0.2285 acc:0.9100
INFO:__main__:
【Val】:  SENS: 0.8658  SPEC: 0.9279  PPV: 0.8299  NPV: 0.9445 F1:0.8475
INFO:__main__:验证的best_acc:0.9175
INFO:__main__:----------------------------------------------------------------------------------------------------
INFO:__main__:
【train】epoch:77/150 loss:0.1718 acc:0.9300
INFO:__main__:
【val】epoch:77/150 loss:0.2130 acc:0.9112
INFO:__main__:
【Val】:  SENS: 0.8052  SPEC: 0.9543  PPV: 0.8774  NPV: 0.9235 F1:0.8397
INFO:__main__:验证的best_acc:0.9175
INFO:__main__:----------------------------------------------------------------------------------------------------
INFO:__main__:
【train】epoch:78/150 loss:0.1626 acc:0.9345
INFO:__main__:
【val】epoch:78/150 loss:0.2183 acc:0.9150
INFO:__main__:
【Val】:  SENS: 0.7879  SPEC: 0.9666  PPV: 0.9055  NPV: 0.9182 F1:0.8426
INFO:__main__:验证的best_acc:0.9175
INFO:__main__:----------------------------------------------------------------------------------------------------
INFO:__main__:
【train】epoch:79/150 loss:0.1575 acc:0.9408
INFO:__main__:
【val】epoch:79/150 loss:0.2205 acc:0.9112
INFO:__main__:
【Val】:  SENS: 0.8139  SPEC: 0.9508  PPV: 0.8704  NPV: 0.9264 F1:0.8412
INFO:__main__:验证的best_acc:0.9175
INFO:__main__:----------------------------------------------------------------------------------------------------
INFO:__main__:
【train】epoch:80/150 loss:0.1530 acc:0.9393
INFO:__main__:
【val】epoch:80/150 loss:0.2127 acc:0.9200
INFO:__main__:
【Val】:  SENS: 0.8312  SPEC: 0.9561  PPV: 0.8848  NPV: 0.9331 F1:0.8571
INFO:__main__:验证的best_acc:0.9200
INFO:__main__:----------------------------------------------------------------------------------------------------
INFO:__main__:
【train】epoch:81/150 loss:0.1633 acc:0.9381
INFO:__main__:
【val】epoch:81/150 loss:0.2007 acc:0.9187
INFO:__main__:
【Val】:  SENS: 0.8831  SPEC: 0.9332  PPV: 0.8430  NPV: 0.9516 F1:0.8626
INFO:__main__:验证的best_acc:0.9200
INFO:__main__:----------------------------------------------------------------------------------------------------
INFO:__main__:
【train】epoch:82/150 loss:0.1490 acc:0.9437
INFO:__main__:
【val】epoch:82/150 loss:0.2096 acc:0.9137
INFO:__main__:
【Val】:  SENS: 0.8615  SPEC: 0.9350  PPV: 0.8432  NPV: 0.9433 F1:0.8522
INFO:__main__:验证的best_acc:0.9200
INFO:__main__:----------------------------------------------------------------------------------------------------
INFO:__main__:
【train】epoch:83/150 loss:0.1566 acc:0.9367
INFO:__main__:
【val】epoch:83/150 loss:0.1982 acc:0.9212
INFO:__main__:
【Val】:  SENS: 0.8831  SPEC: 0.9367  PPV: 0.8500  NPV: 0.9518 F1:0.8662
INFO:__main__:验证的best_acc:0.9212
INFO:__main__:----------------------------------------------------------------------------------------------------
INFO:__main__:
【train】epoch:84/150 loss:0.1524 acc:0.9411
INFO:__main__:
【val】epoch:84/150 loss:0.2045 acc:0.9150
INFO:__main__:
【Val】:  SENS: 0.8398  SPEC: 0.9455  PPV: 0.8622  NPV: 0.9357 F1:0.8509
INFO:__main__:验证的best_acc:0.9212
INFO:__main__:----------------------------------------------------------------------------------------------------
INFO:__main__:
【train】epoch:85/150 loss:0.1497 acc:0.9443
INFO:__main__:
【val】epoch:85/150 loss:0.2085 acc:0.9212
INFO:__main__:
【Val】:  SENS: 0.8442  SPEC: 0.9525  PPV: 0.8784  NPV: 0.9377 F1:0.8609
INFO:__main__:验证的best_acc:0.9212
INFO:__main__:----------------------------------------------------------------------------------------------------
INFO:__main__:
【train】epoch:86/150 loss:0.1522 acc:0.9450
INFO:__main__:
【val】epoch:86/150 loss:0.2204 acc:0.9175
INFO:__main__:
【Val】:  SENS: 0.8052  SPEC: 0.9631  PPV: 0.8986  NPV: 0.9241 F1:0.8493
INFO:__main__:验证的best_acc:0.9212
INFO:__main__:----------------------------------------------------------------------------------------------------
INFO:__main__:
【train】epoch:87/150 loss:0.1461 acc:0.9413
INFO:__main__:
【val】epoch:87/150 loss:0.2113 acc:0.9137
INFO:__main__:
【Val】:  SENS: 0.8095  SPEC: 0.9561  PPV: 0.8821  NPV: 0.9252 F1:0.8442
INFO:__main__:验证的best_acc:0.9212
INFO:__main__:----------------------------------------------------------------------------------------------------
INFO:__main__:
【train】epoch:88/150 loss:0.1450 acc:0.9435
INFO:__main__:
【val】epoch:88/150 loss:0.2082 acc:0.9200
INFO:__main__:
【Val】:  SENS: 0.8268  SPEC: 0.9578  PPV: 0.8884  NPV: 0.9316 F1:0.8565
INFO:__main__:验证的best_acc:0.9212
INFO:__main__:----------------------------------------------------------------------------------------------------
INFO:__main__:
【train】epoch:89/150 loss:0.1454 acc:0.9413
INFO:__main__:
【val】epoch:89/150 loss:0.1937 acc:0.9237
INFO:__main__:
【Val】:  SENS: 0.8485  SPEC: 0.9543  PPV: 0.8829  NPV: 0.9394 F1:0.8653
INFO:__main__:验证的best_acc:0.9237
INFO:__main__:----------------------------------------------------------------------------------------------------
INFO:__main__:
【train】epoch:90/150 loss:0.1323 acc:0.9470
INFO:__main__:
【val】epoch:90/150 loss:0.2191 acc:0.9162
INFO:__main__:
【Val】:  SENS: 0.8009  SPEC: 0.9631  PPV: 0.8981  NPV: 0.9226 F1:0.8467
INFO:__main__:验证的best_acc:0.9237
INFO:__main__:----------------------------------------------------------------------------------------------------
INFO:__main__:
【train】epoch:91/150 loss:0.1349 acc:0.9476
INFO:__main__:
【val】epoch:91/150 loss:0.2084 acc:0.9150
INFO:__main__:
【Val】:  SENS: 0.8442  SPEC: 0.9438  PPV: 0.8590  NPV: 0.9372 F1:0.8515
INFO:__main__:验证的best_acc:0.9237
INFO:__main__:----------------------------------------------------------------------------------------------------
INFO:__main__:
【train】epoch:92/150 loss:0.1350 acc:0.9508
INFO:__main__:
【val】epoch:92/150 loss:0.2356 acc:0.9025
INFO:__main__:
【Val】:  SENS: 0.7576  SPEC: 0.9613  PPV: 0.8883  NPV: 0.9071 F1:0.8178
INFO:__main__:验证的best_acc:0.9237
INFO:__main__:----------------------------------------------------------------------------------------------------
INFO:__main__:
【train】epoch:93/150 loss:0.1453 acc:0.9426
INFO:__main__:
【val】epoch:93/150 loss:0.2011 acc:0.9162
INFO:__main__:
【Val】:  SENS: 0.8182  SPEC: 0.9561  PPV: 0.8832  NPV: 0.9283 F1:0.8494
INFO:__main__:验证的best_acc:0.9237
INFO:__main__:----------------------------------------------------------------------------------------------------
INFO:__main__:
【train】epoch:94/150 loss:0.1345 acc:0.9467
INFO:__main__:
【val】epoch:94/150 loss:0.2240 acc:0.9100
INFO:__main__:
【Val】:  SENS: 0.7706  SPEC: 0.9666  PPV: 0.9036  NPV: 0.9121 F1:0.8318
INFO:__main__:验证的best_acc:0.9237
INFO:__main__:----------------------------------------------------------------------------------------------------
INFO:__main__:
【train】epoch:95/150 loss:0.1325 acc:0.9472
INFO:__main__:
【val】epoch:95/150 loss:0.2076 acc:0.9112
INFO:__main__:
【Val】:  SENS: 0.7965  SPEC: 0.9578  PPV: 0.8846  NPV: 0.9206 F1:0.8383
INFO:__main__:验证的best_acc:0.9237
INFO:__main__:----------------------------------------------------------------------------------------------------
INFO:__main__:
【train】epoch:96/150 loss:0.1314 acc:0.9487
INFO:__main__:
【val】epoch:96/150 loss:0.1988 acc:0.9225
INFO:__main__:
【Val】:  SENS: 0.8398  SPEC: 0.9561  PPV: 0.8858  NPV: 0.9363 F1:0.8622
INFO:__main__:验证的best_acc:0.9237
INFO:__main__:----------------------------------------------------------------------------------------------------
INFO:__main__:
【train】epoch:97/150 loss:0.1272 acc:0.9512
INFO:__main__:
【val】epoch:97/150 loss:0.2101 acc:0.9137
INFO:__main__:
【Val】:  SENS: 0.8442  SPEC: 0.9420  PPV: 0.8553  NPV: 0.9371 F1:0.8497
INFO:__main__:验证的best_acc:0.9237
INFO:__main__:----------------------------------------------------------------------------------------------------
INFO:__main__:
【train】epoch:98/150 loss:0.1292 acc:0.9518
INFO:__main__:
【val】epoch:98/150 loss:0.2123 acc:0.9187
INFO:__main__:
【Val】:  SENS: 0.8139  SPEC: 0.9613  PPV: 0.8952  NPV: 0.9271 F1:0.8526
INFO:__main__:验证的best_acc:0.9237
INFO:__main__:----------------------------------------------------------------------------------------------------
INFO:__main__:
【train】epoch:99/150 loss:0.1226 acc:0.9526
INFO:__main__:
【val】epoch:99/150 loss:0.2111 acc:0.9212
INFO:__main__:
【Val】:  SENS: 0.8701  SPEC: 0.9420  PPV: 0.8590  NPV: 0.9470 F1:0.8645
INFO:__main__:验证的best_acc:0.9237
INFO:__main__:----------------------------------------------------------------------------------------------------
INFO:__main__:
【train】epoch:100/150 loss:0.1263 acc:0.9521
INFO:__main__:
【val】epoch:100/150 loss:0.1960 acc:0.9225
INFO:__main__:
【Val】:  SENS: 0.8485  SPEC: 0.9525  PPV: 0.8789  NPV: 0.9393 F1:0.8634
INFO:__main__:验证的best_acc:0.9237
INFO:__main__:----------------------------------------------------------------------------------------------------
INFO:__main__:
【train】epoch:101/150 loss:0.1186 acc:0.9562
INFO:__main__:
【val】epoch:101/150 loss:0.2119 acc:0.9187
INFO:__main__:
【Val】:  SENS: 0.8701  SPEC: 0.9385  PPV: 0.8517  NPV: 0.9468 F1:0.8608
INFO:__main__:验证的best_acc:0.9237
INFO:__main__:----------------------------------------------------------------------------------------------------
INFO:__main__:
【train】epoch:102/150 loss:0.1265 acc:0.9523
INFO:__main__:
【val】epoch:102/150 loss:0.2028 acc:0.9237
INFO:__main__:
【Val】:  SENS: 0.8398  SPEC: 0.9578  PPV: 0.8899  NPV: 0.9364 F1:0.8641
INFO:__main__:验证的best_acc:0.9237
INFO:__main__:----------------------------------------------------------------------------------------------------
INFO:__main__:
【train】epoch:103/150 loss:0.1169 acc:0.9547
INFO:__main__:
【val】epoch:103/150 loss:0.2036 acc:0.9262
INFO:__main__:
【Val】:  SENS: 0.8788  SPEC: 0.9455  PPV: 0.8675  NPV: 0.9505 F1:0.8731
INFO:__main__:验证的best_acc:0.9262
INFO:__main__:----------------------------------------------------------------------------------------------------
INFO:__main__:
【train】epoch:104/150 loss:0.1218 acc:0.9526
INFO:__main__:
【val】epoch:104/150 loss:0.2174 acc:0.9112
INFO:__main__:
【Val】:  SENS: 0.7706  SPEC: 0.9684  PPV: 0.9082  NPV: 0.9123 F1:0.8337
INFO:__main__:验证的best_acc:0.9262
INFO:__main__:----------------------------------------------------------------------------------------------------
INFO:__main__:
【train】epoch:105/150 loss:0.1215 acc:0.9520
INFO:__main__:
【val】epoch:105/150 loss:0.1909 acc:0.9337
INFO:__main__:
【Val】:  SENS: 0.8615  SPEC: 0.9631  PPV: 0.9045  NPV: 0.9448 F1:0.8825
INFO:__main__:验证的best_acc:0.9337
INFO:__main__:----------------------------------------------------------------------------------------------------
INFO:__main__:
【train】epoch:106/150 loss:0.1224 acc:0.9524
INFO:__main__:
【val】epoch:106/150 loss:0.2001 acc:0.9212
INFO:__main__:
【Val】:  SENS: 0.8139  SPEC: 0.9649  PPV: 0.9038  NPV: 0.9274 F1:0.8565
INFO:__main__:验证的best_acc:0.9337
INFO:__main__:----------------------------------------------------------------------------------------------------
INFO:__main__:
【train】epoch:107/150 loss:0.1193 acc:0.9558
INFO:__main__:
【val】epoch:107/150 loss:0.1878 acc:0.9300
INFO:__main__:
【Val】:  SENS: 0.8658  SPEC: 0.9561  PPV: 0.8889  NPV: 0.9461 F1:0.8772
INFO:__main__:验证的best_acc:0.9337
INFO:__main__:----------------------------------------------------------------------------------------------------
INFO:__main__:
【train】epoch:108/150 loss:0.1141 acc:0.9535
INFO:__main__:
【val】epoch:108/150 loss:0.2094 acc:0.9150
INFO:__main__:
【Val】:  SENS: 0.8528  SPEC: 0.9402  PPV: 0.8528  NPV: 0.9402 F1:0.8528
INFO:__main__:验证的best_acc:0.9337
INFO:__main__:----------------------------------------------------------------------------------------------------
INFO:__main__:
【train】epoch:109/150 loss:0.1166 acc:0.9553
INFO:__main__:
【val】epoch:109/150 loss:0.2028 acc:0.9187
INFO:__main__:
【Val】:  SENS: 0.8009  SPEC: 0.9666  PPV: 0.9069  NPV: 0.9228 F1:0.8506
INFO:__main__:验证的best_acc:0.9337
INFO:__main__:----------------------------------------------------------------------------------------------------
INFO:__main__:
【train】epoch:110/150 loss:0.1154 acc:0.9564
INFO:__main__:
【val】epoch:110/150 loss:0.1986 acc:0.9200
INFO:__main__:
【Val】:  SENS: 0.8615  SPEC: 0.9438  PPV: 0.8615  NPV: 0.9438 F1:0.8615
INFO:__main__:验证的best_acc:0.9337
INFO:__main__:----------------------------------------------------------------------------------------------------
INFO:__main__:
【train】epoch:111/150 loss:0.1028 acc:0.9629
INFO:__main__:
【val】epoch:111/150 loss:0.2010 acc:0.9225
INFO:__main__:
【Val】:  SENS: 0.8052  SPEC: 0.9701  PPV: 0.9163  NPV: 0.9246 F1:0.8571
INFO:__main__:验证的best_acc:0.9337
INFO:__main__:----------------------------------------------------------------------------------------------------
INFO:__main__:
【train】epoch:112/150 loss:0.1097 acc:0.9601
INFO:__main__:
【val】epoch:112/150 loss:0.2008 acc:0.9337
INFO:__main__:
【Val】:  SENS: 0.9004  SPEC: 0.9473  PPV: 0.8739  NPV: 0.9591 F1:0.8870
INFO:__main__:验证的best_acc:0.9337
INFO:__main__:----------------------------------------------------------------------------------------------------
INFO:__main__:
【train】epoch:113/150 loss:0.1015 acc:0.9626
INFO:__main__:
【val】epoch:113/150 loss:0.1882 acc:0.9287
INFO:__main__:
【Val】:  SENS: 0.8485  SPEC: 0.9613  PPV: 0.8991  NPV: 0.9399 F1:0.8731
INFO:__main__:验证的best_acc:0.9337
INFO:__main__:----------------------------------------------------------------------------------------------------
INFO:__main__:
【train】epoch:114/150 loss:0.1174 acc:0.9552
INFO:__main__:
【val】epoch:114/150 loss:0.1937 acc:0.9225
INFO:__main__:
【Val】:  SENS: 0.8528  SPEC: 0.9508  PPV: 0.8756  NPV: 0.9409 F1:0.8640
INFO:__main__:验证的best_acc:0.9337
INFO:__main__:----------------------------------------------------------------------------------------------------
INFO:__main__:
【train】epoch:115/150 loss:0.1071 acc:0.9600
INFO:__main__:
【val】epoch:115/150 loss:0.1831 acc:0.9337
INFO:__main__:
【Val】:  SENS: 0.8788  SPEC: 0.9561  PPV: 0.8904  NPV: 0.9510 F1:0.8845
INFO:__main__:验证的best_acc:0.9337
INFO:__main__:----------------------------------------------------------------------------------------------------
INFO:__main__:
【train】epoch:116/150 loss:0.1059 acc:0.9582
INFO:__main__:
【val】epoch:116/150 loss:0.1875 acc:0.9225
INFO:__main__:
【Val】:  SENS: 0.8268  SPEC: 0.9613  PPV: 0.8967  NPV: 0.9319 F1:0.8604
INFO:__main__:验证的best_acc:0.9337
INFO:__main__:----------------------------------------------------------------------------------------------------
INFO:__main__:
【train】epoch:117/150 loss:0.1010 acc:0.9639
INFO:__main__:
【val】epoch:117/150 loss:0.2127 acc:0.9225
INFO:__main__:
【Val】:  SENS: 0.7965  SPEC: 0.9736  PPV: 0.9246  NPV: 0.9218 F1:0.8558
INFO:__main__:验证的best_acc:0.9337
INFO:__main__:----------------------------------------------------------------------------------------------------
INFO:__main__:
【train】epoch:118/150 loss:0.1098 acc:0.9544
INFO:__main__:
【val】epoch:118/150 loss:0.2076 acc:0.9250
INFO:__main__:
【Val】:  SENS: 0.8225  SPEC: 0.9666  PPV: 0.9091  NPV: 0.9306 F1:0.8636
INFO:__main__:验证的best_acc:0.9337
INFO:__main__:----------------------------------------------------------------------------------------------------
INFO:__main__:
【train】epoch:119/150 loss:0.0979 acc:0.9635
INFO:__main__:
【val】epoch:119/150 loss:0.1883 acc:0.9212
INFO:__main__:
【Val】:  SENS: 0.8485  SPEC: 0.9508  PPV: 0.8750  NPV: 0.9392 F1:0.8615
INFO:__main__:验证的best_acc:0.9337
INFO:__main__:----------------------------------------------------------------------------------------------------
INFO:__main__:
【train】epoch:120/150 loss:0.1017 acc:0.9612
INFO:__main__:
【val】epoch:120/150 loss:0.1834 acc:0.9225
INFO:__main__:
【Val】:  SENS: 0.8831  SPEC: 0.9385  PPV: 0.8536  NPV: 0.9519 F1:0.8681
INFO:__main__:验证的best_acc:0.9337
INFO:__main__:----------------------------------------------------------------------------------------------------
INFO:__main__:
【train】epoch:121/150 loss:0.0983 acc:0.9615
INFO:__main__:
【val】epoch:121/150 loss:0.1865 acc:0.9262
INFO:__main__:
【Val】:  SENS: 0.8268  SPEC: 0.9666  PPV: 0.9095  NPV: 0.9322 F1:0.8662
INFO:__main__:验证的best_acc:0.9337
INFO:__main__:----------------------------------------------------------------------------------------------------
INFO:__main__:
【train】epoch:122/150 loss:0.1026 acc:0.9621
INFO:__main__:
【val】epoch:122/150 loss:0.1879 acc:0.9237
INFO:__main__:
【Val】:  SENS: 0.8442  SPEC: 0.9561  PPV: 0.8864  NPV: 0.9379 F1:0.8647
INFO:__main__:验证的best_acc:0.9337
INFO:__main__:----------------------------------------------------------------------------------------------------
INFO:__main__:
【train】epoch:123/150 loss:0.0957 acc:0.9630
INFO:__main__:
【val】epoch:123/150 loss:0.1926 acc:0.9262
INFO:__main__:
【Val】:  SENS: 0.8528  SPEC: 0.9561  PPV: 0.8874  NPV: 0.9412 F1:0.8698
INFO:__main__:验证的best_acc:0.9337
INFO:__main__:----------------------------------------------------------------------------------------------------
INFO:__main__:
【train】epoch:124/150 loss:0.0993 acc:0.9642
INFO:__main__:
【val】epoch:124/150 loss:0.1961 acc:0.9300
INFO:__main__:
【Val】:  SENS: 0.8615  SPEC: 0.9578  PPV: 0.8924  NPV: 0.9445 F1:0.8767
INFO:__main__:验证的best_acc:0.9337
INFO:__main__:----------------------------------------------------------------------------------------------------
INFO:__main__:
【train】epoch:125/150 loss:0.1017 acc:0.9611
INFO:__main__:
【val】epoch:125/150 loss:0.2170 acc:0.9237
INFO:__main__:
【Val】:  SENS: 0.8658  SPEC: 0.9473  PPV: 0.8696  NPV: 0.9456 F1:0.8677
INFO:__main__:验证的best_acc:0.9337
INFO:__main__:----------------------------------------------------------------------------------------------------
INFO:__main__:
【train】epoch:126/150 loss:0.0982 acc:0.9630
INFO:__main__:
【val】epoch:126/150 loss:0.2081 acc:0.9237
INFO:__main__:
【Val】:  SENS: 0.8312  SPEC: 0.9613  PPV: 0.8972  NPV: 0.9334 F1:0.8629
INFO:__main__:验证的best_acc:0.9337
INFO:__main__:----------------------------------------------------------------------------------------------------
INFO:__main__:
【train】epoch:127/150 loss:0.1068 acc:0.9586
INFO:__main__:
【val】epoch:127/150 loss:0.1870 acc:0.9300
INFO:__main__:
【Val】:  SENS: 0.8398  SPEC: 0.9666  PPV: 0.9108  NPV: 0.9370 F1:0.8739
INFO:__main__:验证的best_acc:0.9337
INFO:__main__:----------------------------------------------------------------------------------------------------
INFO:__main__:
【train】epoch:128/150 loss:0.1022 acc:0.9611
INFO:__main__:
【val】epoch:128/150 loss:0.1964 acc:0.9300
INFO:__main__:
【Val】:  SENS: 0.8615  SPEC: 0.9578  PPV: 0.8924  NPV: 0.9445 F1:0.8767
INFO:__main__:验证的best_acc:0.9337
INFO:__main__:----------------------------------------------------------------------------------------------------
INFO:__main__:
【train】epoch:129/150 loss:0.0944 acc:0.9645
INFO:__main__:
【val】epoch:129/150 loss:0.1824 acc:0.9287
INFO:__main__:
【Val】:  SENS: 0.8312  SPEC: 0.9684  PPV: 0.9143  NPV: 0.9339 F1:0.8707
INFO:__main__:验证的best_acc:0.9337
INFO:__main__:----------------------------------------------------------------------------------------------------
INFO:__main__:
【train】epoch:130/150 loss:0.0921 acc:0.9639
INFO:__main__:
【val】epoch:130/150 loss:0.2036 acc:0.9300
INFO:__main__:
【Val】:  SENS: 0.8182  SPEC: 0.9754  PPV: 0.9310  NPV: 0.9296 F1:0.8710
INFO:__main__:验证的best_acc:0.9337
INFO:__main__:----------------------------------------------------------------------------------------------------
INFO:__main__:
【train】epoch:131/150 loss:0.0898 acc:0.9660
INFO:__main__:
【val】epoch:131/150 loss:0.1914 acc:0.9350
INFO:__main__:
【Val】:  SENS: 0.8485  SPEC: 0.9701  PPV: 0.9202  NPV: 0.9404 F1:0.8829
INFO:__main__:验证的best_acc:0.9350
INFO:__main__:----------------------------------------------------------------------------------------------------
INFO:__main__:
【train】epoch:132/150 loss:0.0934 acc:0.9675
INFO:__main__:
【val】epoch:132/150 loss:0.1942 acc:0.9275
INFO:__main__:
【Val】:  SENS: 0.8485  SPEC: 0.9596  PPV: 0.8950  NPV: 0.9398 F1:0.8711
INFO:__main__:验证的best_acc:0.9350
INFO:__main__:----------------------------------------------------------------------------------------------------
INFO:__main__:
【train】epoch:133/150 loss:0.0869 acc:0.9668
INFO:__main__:
【val】epoch:133/150 loss:0.1961 acc:0.9275
INFO:__main__:
【Val】:  SENS: 0.8268  SPEC: 0.9684  PPV: 0.9139  NPV: 0.9323 F1:0.8682
INFO:__main__:验证的best_acc:0.9350
INFO:__main__:----------------------------------------------------------------------------------------------------
INFO:__main__:
【train】epoch:134/150 loss:0.0841 acc:0.9688
INFO:__main__:
【val】epoch:134/150 loss:0.2030 acc:0.9250
INFO:__main__:
【Val】:  SENS: 0.8398  SPEC: 0.9596  PPV: 0.8940  NPV: 0.9365 F1:0.8661
INFO:__main__:验证的best_acc:0.9350
INFO:__main__:----------------------------------------------------------------------------------------------------
INFO:__main__:
【train】epoch:135/150 loss:0.0949 acc:0.9630
INFO:__main__:
【val】epoch:135/150 loss:0.1937 acc:0.9287
INFO:__main__:
【Val】:  SENS: 0.8355  SPEC: 0.9666  PPV: 0.9104  NPV: 0.9354 F1:0.8713
INFO:__main__:验证的best_acc:0.9350
INFO:__main__:----------------------------------------------------------------------------------------------------
INFO:__main__:
【train】epoch:136/150 loss:0.0909 acc:0.9677
INFO:__main__:
【val】epoch:136/150 loss:0.2095 acc:0.9275
INFO:__main__:
【Val】:  SENS: 0.8095  SPEC: 0.9754  PPV: 0.9303  NPV: 0.9265 F1:0.8657
INFO:__main__:验证的best_acc:0.9350
INFO:__main__:----------------------------------------------------------------------------------------------------
INFO:__main__:
【train】epoch:137/150 loss:0.0953 acc:0.9647
INFO:__main__:
【val】epoch:137/150 loss:0.2129 acc:0.9187
INFO:__main__:
【Val】:  SENS: 0.7835  SPEC: 0.9736  PPV: 0.9235  NPV: 0.9172 F1:0.8478
INFO:__main__:验证的best_acc:0.9350
INFO:__main__:----------------------------------------------------------------------------------------------------
INFO:__main__:
【train】epoch:138/150 loss:0.0886 acc:0.9701
INFO:__main__:
【val】epoch:138/150 loss:0.1892 acc:0.9325
INFO:__main__:
【Val】:  SENS: 0.8571  SPEC: 0.9631  PPV: 0.9041  NPV: 0.9432 F1:0.8800
INFO:__main__:验证的best_acc:0.9350
INFO:__main__:----------------------------------------------------------------------------------------------------
INFO:__main__:
【train】epoch:139/150 loss:0.0831 acc:0.9697
INFO:__main__:
【val】epoch:139/150 loss:0.1901 acc:0.9287
INFO:__main__:
【Val】:  SENS: 0.8658  SPEC: 0.9543  PPV: 0.8850  NPV: 0.9460 F1:0.8753
INFO:__main__:验证的best_acc:0.9350
INFO:__main__:----------------------------------------------------------------------------------------------------
INFO:__main__:
【train】epoch:140/150 loss:0.0897 acc:0.9654
INFO:__main__:
【val】epoch:140/150 loss:0.1962 acc:0.9287
INFO:__main__:
【Val】:  SENS: 0.8615  SPEC: 0.9561  PPV: 0.8884  NPV: 0.9444 F1:0.8747
INFO:__main__:验证的best_acc:0.9350
INFO:__main__:----------------------------------------------------------------------------------------------------
INFO:__main__:
【train】epoch:141/150 loss:0.0826 acc:0.9671
INFO:__main__:
【val】epoch:141/150 loss:0.1901 acc:0.9350
INFO:__main__:
【Val】:  SENS: 0.8658  SPEC: 0.9631  PPV: 0.9050  NPV: 0.9465 F1:0.8850
INFO:__main__:验证的best_acc:0.9350
INFO:__main__:----------------------------------------------------------------------------------------------------
INFO:__main__:
【train】epoch:142/150 loss:0.0853 acc:0.9688
INFO:__main__:
【val】epoch:142/150 loss:0.1951 acc:0.9287
INFO:__main__:
【Val】:  SENS: 0.8355  SPEC: 0.9666  PPV: 0.9104  NPV: 0.9354 F1:0.8713
INFO:__main__:验证的best_acc:0.9350
INFO:__main__:----------------------------------------------------------------------------------------------------
INFO:__main__:
【train】epoch:143/150 loss:0.0886 acc:0.9644
INFO:__main__:
【val】epoch:143/150 loss:0.2015 acc:0.9287
INFO:__main__:
【Val】:  SENS: 0.8528  SPEC: 0.9596  PPV: 0.8955  NPV: 0.9414 F1:0.8736
INFO:__main__:验证的best_acc:0.9350
INFO:__main__:----------------------------------------------------------------------------------------------------
INFO:__main__:
【train】epoch:144/150 loss:0.0896 acc:0.9675
INFO:__main__:
【val】epoch:144/150 loss:0.1988 acc:0.9237
INFO:__main__:
【Val】:  SENS: 0.8571  SPEC: 0.9508  PPV: 0.8761  NPV: 0.9425 F1:0.8665
INFO:__main__:验证的best_acc:0.9350
INFO:__main__:----------------------------------------------------------------------------------------------------
INFO:__main__:
【train】epoch:145/150 loss:0.0858 acc:0.9645
INFO:__main__:
【val】epoch:145/150 loss:0.1897 acc:0.9325
INFO:__main__:
【Val】:  SENS: 0.8442  SPEC: 0.9684  PPV: 0.9155  NPV: 0.9387 F1:0.8784
INFO:__main__:验证的best_acc:0.9350
INFO:__main__:----------------------------------------------------------------------------------------------------
INFO:__main__:
【train】epoch:146/150 loss:0.0814 acc:0.9681
INFO:__main__:
【val】epoch:146/150 loss:0.1907 acc:0.9287
INFO:__main__:
【Val】:  SENS: 0.8788  SPEC: 0.9490  PPV: 0.8750  NPV: 0.9507 F1:0.8769
INFO:__main__:验证的best_acc:0.9350
INFO:__main__:----------------------------------------------------------------------------------------------------
INFO:__main__:
【train】epoch:147/150 loss:0.0861 acc:0.9659
INFO:__main__:
【val】epoch:147/150 loss:0.1783 acc:0.9337
INFO:__main__:
【Val】:  SENS: 0.8745  SPEC: 0.9578  PPV: 0.8938  NPV: 0.9495 F1:0.8840
INFO:__main__:验证的best_acc:0.9350
INFO:__main__:----------------------------------------------------------------------------------------------------
INFO:__main__:
【train】epoch:148/150 loss:0.0830 acc:0.9686
INFO:__main__:
【val】epoch:148/150 loss:0.1989 acc:0.9312
INFO:__main__:
【Val】:  SENS: 0.8442  SPEC: 0.9666  PPV: 0.9112  NPV: 0.9386 F1:0.8764
INFO:__main__:验证的best_acc:0.9350
INFO:__main__:----------------------------------------------------------------------------------------------------
INFO:__main__:
【train】epoch:149/150 loss:0.0802 acc:0.9697
INFO:__main__:
【val】epoch:149/150 loss:0.2004 acc:0.9300
INFO:__main__:
【Val】:  SENS: 0.8571  SPEC: 0.9596  PPV: 0.8959  NPV: 0.9430 F1:0.8761
INFO:__main__:验证的best_acc:0.9350
INFO:__main__:----------------------------------------------------------------------------------------------------
INFO:__main__:****************************************************************************************************
INFO:__main__:Val_LOSS:['0.5258', '0.5118', '0.4987', '0.4827', '0.4762', '0.4532', '0.4512', '0.4448', '0.4392', '0.4298', '0.4317', '0.4212', '0.4140', '0.4091', '0.4052', '0.4019', '0.3932', '0.3904', '0.3728', '0.3707', '0.3518', '0.3535', '0.3511', '0.3513', '0.3506', '0.3205', '0.3530', '0.3001', '0.3231', '0.2783', '0.2863', '0.2757', '0.2664', '0.2710', '0.2677', '0.2771', '0.2670', '0.2571', '0.2557', '0.2460', '0.2745', '0.2380', '0.2342', '0.2742', '0.2398', '0.2374', '0.2437', '0.2370', '0.2359', '0.2342', '0.2504', '0.2330', '0.2518', '0.2421', '0.2395', '0.2274', '0.2362', '0.2328', '0.2273', '0.2316', '0.2259', '0.2194', '0.2188', '0.2120', '0.2419', '0.2208', '0.2116', '0.2186', '0.2285', '0.2340', '0.2403', '0.2191', '0.2169', '0.2523', '0.2301', '0.2230', '0.2285', '0.2130', '0.2183', '0.2205', '0.2127', '0.2007', '0.2096', '0.1982', '0.2045', '0.2085', '0.2204', '0.2113', '0.2082', '0.1937', '0.2191', '0.2084', '0.2356', '0.2011', '0.2240', '0.2076', '0.1988', '0.2101', '0.2123', '0.2111', '0.1960', '0.2119', '0.2028', '0.2036', '0.2174', '0.1909', '0.2001', '0.1878', '0.2094', '0.2028', '0.1986', '0.2010', '0.2008', '0.1882', '0.1937', '0.1831', '0.1875', '0.2127', '0.2076', '0.1883', '0.1834', '0.1865', '0.1879', '0.1926', '0.1961', '0.2170', '0.2081', '0.1870', '0.1964', '0.1824', '0.2036', '0.1914', '0.1942', '0.1961', '0.2030', '0.1937', '0.2095', '0.2129', '0.1892', '0.1901', '0.1962', '0.1901', '0.1951', '0.2015', '0.1988', '0.1897', '0.1907', '0.1783', '0.1989', '0.2004']
INFO:__main__:Val_ACC:['0.7113', '0.7138', '0.7375', '0.7600', '0.7750', '0.7688', '0.7825', '0.7862', '0.7812', '0.7887', '0.7975', '0.8112', '0.8100', '0.8150', '0.8188', '0.8100', '0.8138', '0.8225', '0.8275', '0.8250', '0.8375', '0.8363', '0.8425', '0.8350', '0.8363', '0.8575', '0.8475', '0.8675', '0.8600', '0.8825', '0.8800', '0.8900', '0.8913', '0.8850', '0.8950', '0.8875', '0.8813', '0.8938', '0.8950', '0.8950', '0.8875', '0.8975', '0.9062', '0.8850', '0.9038', '0.9062', '0.8975', '0.8988', '0.9025', '0.9000', '0.8900', '0.9062', '0.9050', '0.8988', '0.9025', '0.9050', '0.8950', '0.9050', '0.9075', '0.9050', '0.9087', '0.9112', '0.9000', '0.9125', '0.9087', '0.9075', '0.9150', '0.9112', '0.9025', '0.9050', '0.9125', '0.9075', '0.9137', '0.9013', '0.9137', '0.9175', '0.9100', '0.9112', '0.9150', '0.9112', '0.9200', '0.9187', '0.9137', '0.9212', '0.9150', '0.9212', '0.9175', '0.9137', '0.9200', '0.9237', '0.9162', '0.9150', '0.9025', '0.9162', '0.9100', '0.9112', '0.9225', '0.9137', '0.9187', '0.9212', '0.9225', '0.9187', '0.9237', '0.9262', '0.9112', '0.9337', '0.9212', '0.9300', '0.9150', '0.9187', '0.9200', '0.9225', '0.9337', '0.9287', '0.9225', '0.9337', '0.9225', '0.9225', '0.9250', '0.9212', '0.9225', '0.9262', '0.9237', '0.9262', '0.9300', '0.9237', '0.9237', '0.9300', '0.9300', '0.9287', '0.9300', '0.9350', '0.9275', '0.9275', '0.9250', '0.9287', '0.9275', '0.9187', '0.9325', '0.9287', '0.9287', '0.9350', '0.9287', '0.9287', '0.9237', '0.9325', '0.9287', '0.9337', '0.9312', '0.9300']
INFO:__main__:****************************************************************************************************
INFO:__main__: epoch0 测试test_Loss: 0.2335  test_ACC: 0.9234  
INFO:__main__:SENS: 0.8381 SPEC: 0.9593 PPV: 0.8961 NPV: 0.9339 F1:0.8661
INFO:__main__:test_Best_acc:0.9234
INFO:__main__:flops:15466226688.0  params:134268738.0
INFO:__main__:处理速度:210.05张图像/秒
