INFO:__main__:
【train】epoch:0/150 loss:0.6420 acc:0.6332
INFO:__main__:
【val】epoch:0/150 loss:0.5853 acc:0.6395
INFO:__main__:
【Val】:  SENS: 0.0123  SPEC: 0.9965  PPV: 0.6667  NPV: 0.6393
INFO:__main__:验证的best_acc:0.6395
INFO:__main__:----------------------------------------------------------------------------------------------------
INFO:__main__:
【train】epoch:1/150 loss:0.6154 acc:0.6497
INFO:__main__:
【val】epoch:1/150 loss:0.5424 acc:0.7020
INFO:__main__:
【Val】:  SENS: 0.2954  SPEC: 0.9335  PPV: 0.7164  NPV: 0.6995
INFO:__main__:验证的best_acc:0.7020
INFO:__main__:----------------------------------------------------------------------------------------------------
INFO:__main__:
【train】epoch:2/150 loss:0.5905 acc:0.6798
INFO:__main__:
【val】epoch:2/150 loss:0.5206 acc:0.7467
INFO:__main__:
【Val】:  SENS: 0.5692  SPEC: 0.8476  PPV: 0.6801  NPV: 0.7756
INFO:__main__:验证的best_acc:0.7467
INFO:__main__:----------------------------------------------------------------------------------------------------
INFO:__main__:
【train】epoch:3/150 loss:0.5730 acc:0.6929
INFO:__main__:
【val】epoch:3/150 loss:0.5114 acc:0.7444
INFO:__main__:
【Val】:  SENS: 0.6800  SPEC: 0.7811  PPV: 0.6387  NPV: 0.8109
INFO:__main__:验证的best_acc:0.7467
INFO:__main__:----------------------------------------------------------------------------------------------------
INFO:__main__:
【train】epoch:4/150 loss:0.5647 acc:0.6981
INFO:__main__:
【val】epoch:4/150 loss:0.4854 acc:0.7545
INFO:__main__:
【Val】:  SENS: 0.7200  SPEC: 0.7741  PPV: 0.6446  NPV: 0.8293
INFO:__main__:验证的best_acc:0.7545
INFO:__main__:----------------------------------------------------------------------------------------------------
INFO:__main__:
【train】epoch:5/150 loss:0.5473 acc:0.7050
INFO:__main__:
【val】epoch:5/150 loss:0.4914 acc:0.7478
INFO:__main__:
【Val】:  SENS: 0.8092  SPEC: 0.7128  PPV: 0.6159  NPV: 0.8678
INFO:__main__:验证的best_acc:0.7545
INFO:__main__:----------------------------------------------------------------------------------------------------
INFO:__main__:
【train】epoch:6/150 loss:0.5407 acc:0.7088
INFO:__main__:
【val】epoch:6/150 loss:0.4877 acc:0.7500
INFO:__main__:
【Val】:  SENS: 0.8031  SPEC: 0.7198  PPV: 0.6200  NPV: 0.8653
INFO:__main__:验证的best_acc:0.7545
INFO:__main__:----------------------------------------------------------------------------------------------------
INFO:__main__:
【train】epoch:7/150 loss:0.5332 acc:0.7111
INFO:__main__:
【val】epoch:7/150 loss:0.4773 acc:0.7522
INFO:__main__:
【Val】:  SENS: 0.7538  SPEC: 0.7513  PPV: 0.6331  NPV: 0.8428
INFO:__main__:验证的best_acc:0.7545
INFO:__main__:----------------------------------------------------------------------------------------------------
INFO:__main__:
【train】epoch:8/150 loss:0.5305 acc:0.7192
INFO:__main__:
【val】epoch:8/150 loss:0.4611 acc:0.7578
INFO:__main__:
【Val】:  SENS: 0.7600  SPEC: 0.7566  PPV: 0.6399  NPV: 0.8471
INFO:__main__:验证的best_acc:0.7578
INFO:__main__:----------------------------------------------------------------------------------------------------
INFO:__main__:
【train】epoch:9/150 loss:0.5122 acc:0.7365
INFO:__main__:
【val】epoch:9/150 loss:0.4530 acc:0.7634
INFO:__main__:
【Val】:  SENS: 0.7815  SPEC: 0.7531  PPV: 0.6430  NPV: 0.8583
INFO:__main__:验证的best_acc:0.7634
INFO:__main__:----------------------------------------------------------------------------------------------------
INFO:__main__:
【train】epoch:10/150 loss:0.5052 acc:0.7391
INFO:__main__:
【val】epoch:10/150 loss:0.4468 acc:0.7701
INFO:__main__:
【Val】:  SENS: 0.7015  SPEC: 0.8091  PPV: 0.6766  NPV: 0.8265
INFO:__main__:验证的best_acc:0.7701
INFO:__main__:----------------------------------------------------------------------------------------------------
INFO:__main__:
【train】epoch:11/150 loss:0.4997 acc:0.7387
INFO:__main__:
【val】epoch:11/150 loss:0.4326 acc:0.7835
INFO:__main__:
【Val】:  SENS: 0.7569  SPEC: 0.7986  PPV: 0.6814  NPV: 0.8523
INFO:__main__:验证的best_acc:0.7835
INFO:__main__:----------------------------------------------------------------------------------------------------
INFO:__main__:
【train】epoch:12/150 loss:0.4916 acc:0.7471
INFO:__main__:
【val】epoch:12/150 loss:0.4330 acc:0.7779
INFO:__main__:
【Val】:  SENS: 0.7323  SPEC: 0.8039  PPV: 0.6800  NPV: 0.8407
INFO:__main__:验证的best_acc:0.7835
INFO:__main__:----------------------------------------------------------------------------------------------------
INFO:__main__:
【train】epoch:13/150 loss:0.4876 acc:0.7501
INFO:__main__:
【val】epoch:13/150 loss:0.4210 acc:0.7790
INFO:__main__:
【Val】:  SENS: 0.7600  SPEC: 0.7898  PPV: 0.6730  NPV: 0.8526
INFO:__main__:验证的best_acc:0.7835
INFO:__main__:----------------------------------------------------------------------------------------------------
INFO:__main__:
【train】epoch:14/150 loss:0.4762 acc:0.7541
INFO:__main__:
【val】epoch:14/150 loss:0.4220 acc:0.7913
INFO:__main__:
【Val】:  SENS: 0.8123  SPEC: 0.7793  PPV: 0.6769  NPV: 0.8794
INFO:__main__:验证的best_acc:0.7913
INFO:__main__:----------------------------------------------------------------------------------------------------
INFO:__main__:
【train】epoch:15/150 loss:0.4781 acc:0.7605
INFO:__main__:
【val】epoch:15/150 loss:0.4098 acc:0.7868
INFO:__main__:
【Val】:  SENS: 0.7569  SPEC: 0.8039  PPV: 0.6872  NPV: 0.8532
INFO:__main__:验证的best_acc:0.7913
INFO:__main__:----------------------------------------------------------------------------------------------------
INFO:__main__:
【train】epoch:16/150 loss:0.4760 acc:0.7582
INFO:__main__:
【val】epoch:16/150 loss:0.4094 acc:0.7924
INFO:__main__:
【Val】:  SENS: 0.7631  SPEC: 0.8091  PPV: 0.6947  NPV: 0.8571
INFO:__main__:验证的best_acc:0.7924
INFO:__main__:----------------------------------------------------------------------------------------------------
INFO:__main__:
【train】epoch:17/150 loss:0.4619 acc:0.7677
INFO:__main__:
【val】epoch:17/150 loss:0.3905 acc:0.8036
INFO:__main__:
【Val】:  SENS: 0.8000  SPEC: 0.8056  PPV: 0.7008  NPV: 0.8762
INFO:__main__:验证的best_acc:0.8036
INFO:__main__:----------------------------------------------------------------------------------------------------
INFO:__main__:
【train】epoch:18/150 loss:0.4571 acc:0.7713
INFO:__main__:
【val】epoch:18/150 loss:0.4240 acc:0.7846
INFO:__main__:
【Val】:  SENS: 0.5262  SPEC: 0.9317  PPV: 0.8143  NPV: 0.7755
INFO:__main__:验证的best_acc:0.8036
INFO:__main__:----------------------------------------------------------------------------------------------------
INFO:__main__:
【train】epoch:19/150 loss:0.4394 acc:0.7868
INFO:__main__:
【val】epoch:19/150 loss:0.4329 acc:0.7913
INFO:__main__:
【Val】:  SENS: 0.4831  SPEC: 0.9667  PPV: 0.8920  NPV: 0.7667
INFO:__main__:验证的best_acc:0.8036
INFO:__main__:----------------------------------------------------------------------------------------------------
INFO:__main__:
【train】epoch:20/150 loss:0.4256 acc:0.7961
INFO:__main__:
【val】epoch:20/150 loss:0.4109 acc:0.8136
INFO:__main__:
【Val】:  SENS: 0.5631  SPEC: 0.9562  PPV: 0.8798  NPV: 0.7936
INFO:__main__:验证的best_acc:0.8136
INFO:__main__:----------------------------------------------------------------------------------------------------
INFO:__main__:
【train】epoch:21/150 loss:0.4184 acc:0.8022
INFO:__main__:
【val】epoch:21/150 loss:0.3320 acc:0.8504
INFO:__main__:
【Val】:  SENS: 0.7292  SPEC: 0.9194  PPV: 0.8375  NPV: 0.8564
INFO:__main__:验证的best_acc:0.8504
INFO:__main__:----------------------------------------------------------------------------------------------------
INFO:__main__:
【train】epoch:22/150 loss:0.4028 acc:0.8114
INFO:__main__:
【val】epoch:22/150 loss:0.3225 acc:0.8549
INFO:__main__:
【Val】:  SENS: 0.7508  SPEC: 0.9142  PPV: 0.8328  NPV: 0.8657
INFO:__main__:验证的best_acc:0.8549
INFO:__main__:----------------------------------------------------------------------------------------------------
INFO:__main__:
【train】epoch:23/150 loss:0.4025 acc:0.8107
INFO:__main__:
【val】epoch:23/150 loss:0.3873 acc:0.8158
INFO:__main__:
【Val】:  SENS: 0.5723  SPEC: 0.9545  PPV: 0.8774  NPV: 0.7968
INFO:__main__:验证的best_acc:0.8549
INFO:__main__:----------------------------------------------------------------------------------------------------
INFO:__main__:
【train】epoch:24/150 loss:0.3884 acc:0.8213
INFO:__main__:
【val】epoch:24/150 loss:0.3149 acc:0.8516
INFO:__main__:
【Val】:  SENS: 0.7477  SPEC: 0.9107  PPV: 0.8265  NPV: 0.8638
INFO:__main__:验证的best_acc:0.8549
INFO:__main__:----------------------------------------------------------------------------------------------------
INFO:__main__:
【train】epoch:25/150 loss:0.3762 acc:0.8319
INFO:__main__:
【val】epoch:25/150 loss:0.3327 acc:0.8438
INFO:__main__:
【Val】:  SENS: 0.6738  SPEC: 0.9405  PPV: 0.8656  NPV: 0.8351
INFO:__main__:验证的best_acc:0.8549
INFO:__main__:----------------------------------------------------------------------------------------------------
INFO:__main__:
【train】epoch:26/150 loss:0.3734 acc:0.8337
INFO:__main__:
【val】epoch:26/150 loss:0.3065 acc:0.8605
INFO:__main__:
【Val】:  SENS: 0.7938  SPEC: 0.8984  PPV: 0.8165  NPV: 0.8845
INFO:__main__:验证的best_acc:0.8605
INFO:__main__:----------------------------------------------------------------------------------------------------
INFO:__main__:
【train】epoch:27/150 loss:0.3666 acc:0.8330
INFO:__main__:
【val】epoch:27/150 loss:0.3325 acc:0.8449
INFO:__main__:
【Val】:  SENS: 0.6646  SPEC: 0.9475  PPV: 0.8780  NPV: 0.8323
INFO:__main__:验证的best_acc:0.8605
INFO:__main__:----------------------------------------------------------------------------------------------------
INFO:__main__:
【train】epoch:28/150 loss:0.3609 acc:0.8386
INFO:__main__:
【val】epoch:28/150 loss:0.3346 acc:0.8482
INFO:__main__:
【Val】:  SENS: 0.6831  SPEC: 0.9422  PPV: 0.8706  NPV: 0.8393
INFO:__main__:验证的best_acc:0.8605
INFO:__main__:----------------------------------------------------------------------------------------------------
INFO:__main__:
【train】epoch:29/150 loss:0.3487 acc:0.8446
INFO:__main__:
【val】epoch:29/150 loss:0.3083 acc:0.8694
INFO:__main__:
【Val】:  SENS: 0.7938  SPEC: 0.9124  PPV: 0.8377  NPV: 0.8861
INFO:__main__:验证的best_acc:0.8694
INFO:__main__:----------------------------------------------------------------------------------------------------
INFO:__main__:
【train】epoch:30/150 loss:0.3369 acc:0.8474
INFO:__main__:
【val】epoch:30/150 loss:0.3059 acc:0.8772
INFO:__main__:
【Val】:  SENS: 0.8400  SPEC: 0.8984  PPV: 0.8248  NPV: 0.9080
INFO:__main__:验证的best_acc:0.8772
INFO:__main__:----------------------------------------------------------------------------------------------------
INFO:__main__:
【train】epoch:31/150 loss:0.3441 acc:0.8457
INFO:__main__:
【val】epoch:31/150 loss:0.2946 acc:0.8717
INFO:__main__:
【Val】:  SENS: 0.8123  SPEC: 0.9054  PPV: 0.8302  NPV: 0.8945
INFO:__main__:验证的best_acc:0.8772
INFO:__main__:----------------------------------------------------------------------------------------------------
INFO:__main__:
【train】epoch:32/150 loss:0.3385 acc:0.8523
INFO:__main__:
【val】epoch:32/150 loss:0.2983 acc:0.8739
INFO:__main__:
【Val】:  SENS: 0.8031  SPEC: 0.9142  PPV: 0.8419  NPV: 0.8908
INFO:__main__:验证的best_acc:0.8772
INFO:__main__:----------------------------------------------------------------------------------------------------
INFO:__main__:
【train】epoch:33/150 loss:0.3318 acc:0.8518
INFO:__main__:
【val】epoch:33/150 loss:0.2987 acc:0.8739
INFO:__main__:
【Val】:  SENS: 0.8308  SPEC: 0.8984  PPV: 0.8232  NPV: 0.9032
INFO:__main__:验证的best_acc:0.8772
INFO:__main__:----------------------------------------------------------------------------------------------------
INFO:__main__:
【train】epoch:34/150 loss:0.3279 acc:0.8564
INFO:__main__:
【val】epoch:34/150 loss:0.3059 acc:0.8705
INFO:__main__:
【Val】:  SENS: 0.8031  SPEC: 0.9089  PPV: 0.8339  NPV: 0.8902
INFO:__main__:验证的best_acc:0.8772
INFO:__main__:----------------------------------------------------------------------------------------------------
INFO:__main__:
【train】epoch:35/150 loss:0.3315 acc:0.8543
INFO:__main__:
【val】epoch:35/150 loss:0.2951 acc:0.8739
INFO:__main__:
【Val】:  SENS: 0.8123  SPEC: 0.9089  PPV: 0.8354  NPV: 0.8948
INFO:__main__:验证的best_acc:0.8772
INFO:__main__:----------------------------------------------------------------------------------------------------
INFO:__main__:
【train】epoch:36/150 loss:0.3150 acc:0.8655
INFO:__main__:
【val】epoch:36/150 loss:0.3013 acc:0.8627
INFO:__main__:
【Val】:  SENS: 0.7631  SPEC: 0.9194  PPV: 0.8435  NPV: 0.8721
INFO:__main__:验证的best_acc:0.8772
INFO:__main__:----------------------------------------------------------------------------------------------------
INFO:__main__:
【train】epoch:37/150 loss:0.3209 acc:0.8599
INFO:__main__:
【val】epoch:37/150 loss:0.3049 acc:0.8761
INFO:__main__:
【Val】:  SENS: 0.8646  SPEC: 0.8827  PPV: 0.8075  NPV: 0.9197
INFO:__main__:验证的best_acc:0.8772
INFO:__main__:----------------------------------------------------------------------------------------------------
INFO:__main__:
【train】epoch:38/150 loss:0.3135 acc:0.8629
INFO:__main__:
【val】epoch:38/150 loss:0.3010 acc:0.8705
INFO:__main__:
【Val】:  SENS: 0.7938  SPEC: 0.9142  PPV: 0.8404  NPV: 0.8862
INFO:__main__:验证的best_acc:0.8772
INFO:__main__:----------------------------------------------------------------------------------------------------
INFO:__main__:
【train】epoch:39/150 loss:0.3065 acc:0.8692
INFO:__main__:
【val】epoch:39/150 loss:0.2846 acc:0.8728
INFO:__main__:
【Val】:  SENS: 0.8185  SPEC: 0.9037  PPV: 0.8287  NPV: 0.8974
INFO:__main__:验证的best_acc:0.8772
INFO:__main__:----------------------------------------------------------------------------------------------------
INFO:__main__:
【train】epoch:40/150 loss:0.3021 acc:0.8701
INFO:__main__:
【val】epoch:40/150 loss:0.2958 acc:0.8717
INFO:__main__:
【Val】:  SENS: 0.7754  SPEC: 0.9264  PPV: 0.8571  NPV: 0.8787
INFO:__main__:验证的best_acc:0.8772
INFO:__main__:----------------------------------------------------------------------------------------------------
INFO:__main__:
【train】epoch:41/150 loss:0.2973 acc:0.8712
INFO:__main__:
【val】epoch:41/150 loss:0.2904 acc:0.8739
INFO:__main__:
【Val】:  SENS: 0.8215  SPEC: 0.9037  PPV: 0.8292  NPV: 0.8990
INFO:__main__:验证的best_acc:0.8772
INFO:__main__:----------------------------------------------------------------------------------------------------
INFO:__main__:
【train】epoch:42/150 loss:0.2978 acc:0.8712
INFO:__main__:
【val】epoch:42/150 loss:0.2802 acc:0.8772
INFO:__main__:
【Val】:  SENS: 0.8154  SPEC: 0.9124  PPV: 0.8413  NPV: 0.8967
INFO:__main__:验证的best_acc:0.8772
INFO:__main__:----------------------------------------------------------------------------------------------------
INFO:__main__:
【train】epoch:43/150 loss:0.2910 acc:0.8760
INFO:__main__:
【val】epoch:43/150 loss:0.2912 acc:0.8761
INFO:__main__:
【Val】:  SENS: 0.8400  SPEC: 0.8967  PPV: 0.8223  NPV: 0.9078
INFO:__main__:验证的best_acc:0.8772
INFO:__main__:----------------------------------------------------------------------------------------------------
INFO:__main__:
【train】epoch:44/150 loss:0.2926 acc:0.8751
INFO:__main__:
【val】epoch:44/150 loss:0.2955 acc:0.8839
INFO:__main__:
【Val】:  SENS: 0.8431  SPEC: 0.9072  PPV: 0.8379  NPV: 0.9104
INFO:__main__:验证的best_acc:0.8839
INFO:__main__:----------------------------------------------------------------------------------------------------
INFO:__main__:
【train】epoch:45/150 loss:0.2929 acc:0.8750
INFO:__main__:
【val】epoch:45/150 loss:0.2735 acc:0.8862
INFO:__main__:
【Val】:  SENS: 0.8523  SPEC: 0.9054  PPV: 0.8369  NPV: 0.9150
INFO:__main__:验证的best_acc:0.8862
INFO:__main__:----------------------------------------------------------------------------------------------------
INFO:__main__:
【train】epoch:46/150 loss:0.2844 acc:0.8768
INFO:__main__:
【val】epoch:46/150 loss:0.2827 acc:0.8795
INFO:__main__:
【Val】:  SENS: 0.8123  SPEC: 0.9177  PPV: 0.8489  NPV: 0.8957
INFO:__main__:验证的best_acc:0.8862
INFO:__main__:----------------------------------------------------------------------------------------------------
INFO:__main__:
【train】epoch:47/150 loss:0.2880 acc:0.8798
INFO:__main__:
【val】epoch:47/150 loss:0.2799 acc:0.8817
INFO:__main__:
【Val】:  SENS: 0.8554  SPEC: 0.8967  PPV: 0.8249  NPV: 0.9159
INFO:__main__:验证的best_acc:0.8862
INFO:__main__:----------------------------------------------------------------------------------------------------
INFO:__main__:
【train】epoch:48/150 loss:0.2789 acc:0.8825
INFO:__main__:
【val】epoch:48/150 loss:0.2943 acc:0.8795
INFO:__main__:
【Val】:  SENS: 0.8800  SPEC: 0.8792  PPV: 0.8056  NPV: 0.9279
INFO:__main__:验证的best_acc:0.8862
INFO:__main__:----------------------------------------------------------------------------------------------------
INFO:__main__:
【train】epoch:49/150 loss:0.2757 acc:0.8827
INFO:__main__:
【val】epoch:49/150 loss:0.2925 acc:0.8772
INFO:__main__:
【Val】:  SENS: 0.8585  SPEC: 0.8879  PPV: 0.8134  NPV: 0.9168
INFO:__main__:验证的best_acc:0.8862
INFO:__main__:----------------------------------------------------------------------------------------------------
INFO:__main__:
【train】epoch:50/150 loss:0.2647 acc:0.8885
INFO:__main__:
【val】epoch:50/150 loss:0.2909 acc:0.8850
INFO:__main__:
【Val】:  SENS: 0.8677  SPEC: 0.8949  PPV: 0.8246  NPV: 0.9224
INFO:__main__:验证的best_acc:0.8862
INFO:__main__:----------------------------------------------------------------------------------------------------
INFO:__main__:
【train】epoch:51/150 loss:0.2679 acc:0.8855
INFO:__main__:
【val】epoch:51/150 loss:0.2831 acc:0.8828
INFO:__main__:
【Val】:  SENS: 0.8185  SPEC: 0.9194  PPV: 0.8526  NPV: 0.8990
INFO:__main__:验证的best_acc:0.8862
INFO:__main__:----------------------------------------------------------------------------------------------------
INFO:__main__:
【train】epoch:52/150 loss:0.2628 acc:0.8897
INFO:__main__:
【val】epoch:52/150 loss:0.2755 acc:0.8906
INFO:__main__:
【Val】:  SENS: 0.8492  SPEC: 0.9142  PPV: 0.8492  NPV: 0.9142
INFO:__main__:验证的best_acc:0.8906
INFO:__main__:----------------------------------------------------------------------------------------------------
INFO:__main__:
【train】epoch:53/150 loss:0.2607 acc:0.8890
INFO:__main__:
【val】epoch:53/150 loss:0.2930 acc:0.8806
INFO:__main__:
【Val】:  SENS: 0.8062  SPEC: 0.9229  PPV: 0.8562  NPV: 0.8932
INFO:__main__:验证的best_acc:0.8906
INFO:__main__:----------------------------------------------------------------------------------------------------
INFO:__main__:
【train】epoch:54/150 loss:0.2645 acc:0.8885
INFO:__main__:
【val】epoch:54/150 loss:0.2839 acc:0.8873
INFO:__main__:
【Val】:  SENS: 0.8831  SPEC: 0.8897  PPV: 0.8200  NPV: 0.9304
INFO:__main__:验证的best_acc:0.8906
INFO:__main__:----------------------------------------------------------------------------------------------------
INFO:__main__:
【train】epoch:55/150 loss:0.2633 acc:0.8882
INFO:__main__:
【val】epoch:55/150 loss:0.2888 acc:0.8761
INFO:__main__:
【Val】:  SENS: 0.7785  SPEC: 0.9317  PPV: 0.8664  NPV: 0.8808
INFO:__main__:验证的best_acc:0.8906
INFO:__main__:----------------------------------------------------------------------------------------------------
INFO:__main__:
【train】epoch:56/150 loss:0.2497 acc:0.8999
INFO:__main__:
【val】epoch:56/150 loss:0.2985 acc:0.8761
INFO:__main__:
【Val】:  SENS: 0.8154  SPEC: 0.9107  PPV: 0.8386  NPV: 0.8966
INFO:__main__:验证的best_acc:0.8906
INFO:__main__:----------------------------------------------------------------------------------------------------
INFO:__main__:
【train】epoch:57/150 loss:0.2497 acc:0.8976
INFO:__main__:
【val】epoch:57/150 loss:0.2930 acc:0.8761
INFO:__main__:
【Val】:  SENS: 0.7631  SPEC: 0.9405  PPV: 0.8794  NPV: 0.8746
INFO:__main__:验证的best_acc:0.8906
INFO:__main__:----------------------------------------------------------------------------------------------------
INFO:__main__:
【train】epoch:0/150 loss:0.6410 acc:0.6319
INFO:__main__:
【val】epoch:0/150 loss:0.5944 acc:0.6429
INFO:__main__:
【Val】:  SENS: 0.0277  SPEC: 0.9930  PPV: 0.6923  NPV: 0.6421 F1:0.0533
INFO:__main__:验证的best_acc:0.6429
INFO:__main__:----------------------------------------------------------------------------------------------------
INFO:__main__:
【train】epoch:1/150 loss:0.6164 acc:0.6447
INFO:__main__:
【val】epoch:1/150 loss:0.5511 acc:0.6842
INFO:__main__:
【Val】:  SENS: 0.1938  SPEC: 0.9632  PPV: 0.7500  NPV: 0.6773 F1:0.3081
INFO:__main__:验证的best_acc:0.6842
INFO:__main__:----------------------------------------------------------------------------------------------------
INFO:__main__:
【train】epoch:2/150 loss:0.5943 acc:0.6690
INFO:__main__:
【val】epoch:2/150 loss:0.5236 acc:0.7556
INFO:__main__:
【Val】:  SENS: 0.6338  SPEC: 0.8249  PPV: 0.6732  NPV: 0.7983 F1:0.6529
INFO:__main__:验证的best_acc:0.7556
INFO:__main__:----------------------------------------------------------------------------------------------------
INFO:__main__:
【train】epoch:3/150 loss:0.5718 acc:0.6899
INFO:__main__:
【val】epoch:3/150 loss:0.5037 acc:0.7422
INFO:__main__:
【Val】:  SENS: 0.5938  SPEC: 0.8266  PPV: 0.6610  NPV: 0.7815 F1:0.6256
INFO:__main__:验证的best_acc:0.7556
INFO:__main__:----------------------------------------------------------------------------------------------------
INFO:__main__:
【train】epoch:4/150 loss:0.5616 acc:0.6958
INFO:__main__:
【val】epoch:4/150 loss:0.5093 acc:0.7433
INFO:__main__:
【Val】:  SENS: 0.8062  SPEC: 0.7075  PPV: 0.6107  NPV: 0.8651 F1:0.6950
INFO:__main__:验证的best_acc:0.7556
INFO:__main__:----------------------------------------------------------------------------------------------------
INFO:__main__:
【train】epoch:5/150 loss:0.5547 acc:0.7033
INFO:__main__:
【val】epoch:5/150 loss:0.5135 acc:0.7310
INFO:__main__:
【Val】:  SENS: 0.8338  SPEC: 0.6725  PPV: 0.5917  NPV: 0.8767 F1:0.6922
INFO:__main__:验证的best_acc:0.7556
INFO:__main__:----------------------------------------------------------------------------------------------------
INFO:__main__:
【train】epoch:6/150 loss:0.5460 acc:0.7098
INFO:__main__:
【val】epoch:6/150 loss:0.4697 acc:0.7645
INFO:__main__:
【Val】:  SENS: 0.6738  SPEC: 0.8161  PPV: 0.6759  NPV: 0.8147 F1:0.6749
INFO:__main__:验证的best_acc:0.7645
INFO:__main__:----------------------------------------------------------------------------------------------------
INFO:__main__:
【train】epoch:7/150 loss:0.5327 acc:0.7247
INFO:__main__:
【val】epoch:7/150 loss:0.4679 acc:0.7600
INFO:__main__:
【Val】:  SENS: 0.7569  SPEC: 0.7618  PPV: 0.6440  NPV: 0.8463 F1:0.6959
INFO:__main__:验证的best_acc:0.7645
INFO:__main__:----------------------------------------------------------------------------------------------------
INFO:__main__:
【train】epoch:8/150 loss:0.5301 acc:0.7182
INFO:__main__:
【val】epoch:8/150 loss:0.4615 acc:0.7723
INFO:__main__:
【Val】:  SENS: 0.7323  SPEC: 0.7951  PPV: 0.6704  NPV: 0.8392 F1:0.7000
INFO:__main__:验证的best_acc:0.7723
INFO:__main__:----------------------------------------------------------------------------------------------------
INFO:__main__:
【train】epoch:9/150 loss:0.5160 acc:0.7351
INFO:__main__:
【val】epoch:9/150 loss:0.4512 acc:0.7612
INFO:__main__:
【Val】:  SENS: 0.7477  SPEC: 0.7688  PPV: 0.6480  NPV: 0.8426 F1:0.6943
INFO:__main__:验证的best_acc:0.7723
INFO:__main__:----------------------------------------------------------------------------------------------------
INFO:__main__:
【train】epoch:10/150 loss:0.5067 acc:0.7410
INFO:__main__:
【val】epoch:10/150 loss:0.4428 acc:0.7667
INFO:__main__:
【Val】:  SENS: 0.7200  SPEC: 0.7933  PPV: 0.6648  NPV: 0.8327 F1:0.6913
INFO:__main__:验证的best_acc:0.7723
INFO:__main__:----------------------------------------------------------------------------------------------------
INFO:__main__:
【train】epoch:11/150 loss:0.4987 acc:0.7425
INFO:__main__:
【val】epoch:11/150 loss:0.4371 acc:0.7734
INFO:__main__:
【Val】:  SENS: 0.7538  SPEC: 0.7846  PPV: 0.6658  NPV: 0.8485 F1:0.7071
INFO:__main__:验证的best_acc:0.7734
INFO:__main__:----------------------------------------------------------------------------------------------------
INFO:__main__:
【train】epoch:12/150 loss:0.4948 acc:0.7451
INFO:__main__:
【val】epoch:12/150 loss:0.4330 acc:0.7846
INFO:__main__:
【Val】:  SENS: 0.7754  SPEC: 0.7898  PPV: 0.6774  NPV: 0.8607 F1:0.7231
INFO:__main__:验证的best_acc:0.7846
INFO:__main__:----------------------------------------------------------------------------------------------------
INFO:__main__:
【train】epoch:13/150 loss:0.4895 acc:0.7535
INFO:__main__:
【val】epoch:13/150 loss:0.4526 acc:0.7600
INFO:__main__:
【Val】:  SENS: 0.5569  SPEC: 0.8757  PPV: 0.7183  NPV: 0.7764 F1:0.6274
INFO:__main__:验证的best_acc:0.7846
INFO:__main__:----------------------------------------------------------------------------------------------------
INFO:__main__:
【train】epoch:14/150 loss:0.4930 acc:0.7469
INFO:__main__:
【val】epoch:14/150 loss:0.4330 acc:0.7857
INFO:__main__:
【Val】:  SENS: 0.7969  SPEC: 0.7793  PPV: 0.6727  NPV: 0.8708 F1:0.7296
INFO:__main__:验证的best_acc:0.7857
INFO:__main__:----------------------------------------------------------------------------------------------------
INFO:__main__:
【train】epoch:15/150 loss:0.4862 acc:0.7484
INFO:__main__:
【val】epoch:15/150 loss:0.4196 acc:0.7779
INFO:__main__:
【Val】:  SENS: 0.7446  SPEC: 0.7968  PPV: 0.6760  NPV: 0.8457 F1:0.7086
INFO:__main__:验证的best_acc:0.7857
INFO:__main__:----------------------------------------------------------------------------------------------------
INFO:__main__:
【train】epoch:16/150 loss:0.4769 acc:0.7537
INFO:__main__:
【val】epoch:16/150 loss:0.4153 acc:0.7846
INFO:__main__:
【Val】:  SENS: 0.7785  SPEC: 0.7881  PPV: 0.6765  NPV: 0.8621 F1:0.7239
INFO:__main__:验证的best_acc:0.7857
INFO:__main__:----------------------------------------------------------------------------------------------------
INFO:__main__:
【train】epoch:17/150 loss:0.4702 acc:0.7632
INFO:__main__:
【val】epoch:17/150 loss:0.4127 acc:0.7935
INFO:__main__:
【Val】:  SENS: 0.8308  SPEC: 0.7723  PPV: 0.6750  NPV: 0.8891 F1:0.7448
INFO:__main__:验证的best_acc:0.7935
INFO:__main__:----------------------------------------------------------------------------------------------------
INFO:__main__:
【train】epoch:18/150 loss:0.4668 acc:0.7621
INFO:__main__:
【val】epoch:18/150 loss:0.4028 acc:0.7924
INFO:__main__:
【Val】:  SENS: 0.7785  SPEC: 0.8004  PPV: 0.6894  NPV: 0.8639 F1:0.7312
INFO:__main__:验证的best_acc:0.7935
INFO:__main__:----------------------------------------------------------------------------------------------------
INFO:__main__:
【train】epoch:19/150 loss:0.4556 acc:0.7723
INFO:__main__:
【val】epoch:19/150 loss:0.3919 acc:0.8002
INFO:__main__:
【Val】:  SENS: 0.7200  SPEC: 0.8459  PPV: 0.7267  NPV: 0.8415 F1:0.7233
INFO:__main__:验证的best_acc:0.8002
INFO:__main__:----------------------------------------------------------------------------------------------------
INFO:__main__:
【train】epoch:20/150 loss:0.4459 acc:0.7781
INFO:__main__:
【val】epoch:20/150 loss:0.3857 acc:0.8069
INFO:__main__:
【Val】:  SENS: 0.7231  SPEC: 0.8546  PPV: 0.7390  NPV: 0.8443 F1:0.7309
INFO:__main__:验证的best_acc:0.8069
INFO:__main__:----------------------------------------------------------------------------------------------------
INFO:__main__:
【train】epoch:21/150 loss:0.4372 acc:0.7872
INFO:__main__:
【val】epoch:21/150 loss:0.3666 acc:0.8203
INFO:__main__:
【Val】:  SENS: 0.6954  SPEC: 0.8914  PPV: 0.7847  NPV: 0.8372 F1:0.7374
INFO:__main__:验证的best_acc:0.8203
INFO:__main__:----------------------------------------------------------------------------------------------------
INFO:__main__:
【train】epoch:22/150 loss:0.4287 acc:0.7947
INFO:__main__:
【val】epoch:22/150 loss:0.3696 acc:0.8214
INFO:__main__:
【Val】:  SENS: 0.6246  SPEC: 0.9335  PPV: 0.8423  NPV: 0.8137 F1:0.7173
INFO:__main__:验证的best_acc:0.8214
INFO:__main__:----------------------------------------------------------------------------------------------------
INFO:__main__:
【train】epoch:23/150 loss:0.4167 acc:0.7999
INFO:__main__:
【val】epoch:23/150 loss:0.3427 acc:0.8337
INFO:__main__:
【Val】:  SENS: 0.6985  SPEC: 0.9107  PPV: 0.8165  NPV: 0.8414 F1:0.7529
INFO:__main__:验证的best_acc:0.8337
INFO:__main__:----------------------------------------------------------------------------------------------------
INFO:__main__:
【train】epoch:24/150 loss:0.4035 acc:0.8091
INFO:__main__:
【val】epoch:24/150 loss:0.3302 acc:0.8504
INFO:__main__:
【Val】:  SENS: 0.7354  SPEC: 0.9159  PPV: 0.8328  NPV: 0.8588 F1:0.7810
INFO:__main__:验证的best_acc:0.8504
INFO:__main__:----------------------------------------------------------------------------------------------------
INFO:__main__:
【train】epoch:25/150 loss:0.4042 acc:0.8120
INFO:__main__:
【val】epoch:25/150 loss:0.3359 acc:0.8460
INFO:__main__:
【Val】:  SENS: 0.6923  SPEC: 0.9335  PPV: 0.8555  NPV: 0.8420 F1:0.7653
INFO:__main__:验证的best_acc:0.8504
INFO:__main__:----------------------------------------------------------------------------------------------------
INFO:__main__:
【train】epoch:26/150 loss:0.3896 acc:0.8186
INFO:__main__:
【val】epoch:26/150 loss:0.3172 acc:0.8616
INFO:__main__:
【Val】:  SENS: 0.7877  SPEC: 0.9037  PPV: 0.8232  NPV: 0.8821 F1:0.8050
INFO:__main__:验证的best_acc:0.8616
INFO:__main__:----------------------------------------------------------------------------------------------------
INFO:__main__:
【train】epoch:27/150 loss:0.3792 acc:0.8298
INFO:__main__:
【val】epoch:27/150 loss:0.3205 acc:0.8538
INFO:__main__:
【Val】:  SENS: 0.7262  SPEC: 0.9264  PPV: 0.8489  NPV: 0.8560 F1:0.7828
INFO:__main__:验证的best_acc:0.8616
INFO:__main__:----------------------------------------------------------------------------------------------------
INFO:__main__:
【train】epoch:28/150 loss:0.3784 acc:0.8274
INFO:__main__:
【val】epoch:28/150 loss:0.3267 acc:0.8482
INFO:__main__:
【Val】:  SENS: 0.6862  SPEC: 0.9405  PPV: 0.8677  NPV: 0.8404 F1:0.7663
INFO:__main__:验证的best_acc:0.8616
INFO:__main__:----------------------------------------------------------------------------------------------------
INFO:__main__:
【train】epoch:29/150 loss:0.3622 acc:0.8348
INFO:__main__:
【val】epoch:29/150 loss:0.3384 acc:0.8449
INFO:__main__:
【Val】:  SENS: 0.6708  SPEC: 0.9440  PPV: 0.8720  NPV: 0.8344 F1:0.7583
INFO:__main__:验证的best_acc:0.8616
INFO:__main__:----------------------------------------------------------------------------------------------------
INFO:__main__:
【train】epoch:30/150 loss:0.3517 acc:0.8401
INFO:__main__:
【val】epoch:30/150 loss:0.3120 acc:0.8605
INFO:__main__:
【Val】:  SENS: 0.7846  SPEC: 0.9037  PPV: 0.8226  NPV: 0.8805 F1:0.8031
INFO:__main__:验证的best_acc:0.8616
INFO:__main__:----------------------------------------------------------------------------------------------------
INFO:__main__:
【train】epoch:31/150 loss:0.3531 acc:0.8435
INFO:__main__:
【val】epoch:31/150 loss:0.3175 acc:0.8571
INFO:__main__:
【Val】:  SENS: 0.6985  SPEC: 0.9475  PPV: 0.8833  NPV: 0.8466 F1:0.7801
INFO:__main__:验证的best_acc:0.8616
INFO:__main__:----------------------------------------------------------------------------------------------------
INFO:__main__:
【train】epoch:32/150 loss:0.3479 acc:0.8417
INFO:__main__:
【val】epoch:32/150 loss:0.3084 acc:0.8672
INFO:__main__:
【Val】:  SENS: 0.8215  SPEC: 0.8932  PPV: 0.8140  NPV: 0.8979 F1:0.8178
INFO:__main__:验证的best_acc:0.8672
INFO:__main__:----------------------------------------------------------------------------------------------------
INFO:__main__:
【train】epoch:33/150 loss:0.3416 acc:0.8500
INFO:__main__:
【val】epoch:33/150 loss:0.2988 acc:0.8705
INFO:__main__:
【Val】:  SENS: 0.7877  SPEC: 0.9177  PPV: 0.8449  NPV: 0.8836 F1:0.8153
INFO:__main__:验证的best_acc:0.8705
INFO:__main__:----------------------------------------------------------------------------------------------------
INFO:__main__:
【train】epoch:34/150 loss:0.3388 acc:0.8474
INFO:__main__:
【val】epoch:34/150 loss:0.3051 acc:0.8672
INFO:__main__:
【Val】:  SENS: 0.7692  SPEC: 0.9229  PPV: 0.8503  NPV: 0.8754 F1:0.8078
INFO:__main__:验证的best_acc:0.8705
INFO:__main__:----------------------------------------------------------------------------------------------------
INFO:__main__:
【train】epoch:35/150 loss:0.3368 acc:0.8519
INFO:__main__:
【val】epoch:35/150 loss:0.3168 acc:0.8661
INFO:__main__:
【Val】:  SENS: 0.7231  SPEC: 0.9475  PPV: 0.8868  NPV: 0.8574 F1:0.7966
INFO:__main__:验证的best_acc:0.8705
INFO:__main__:----------------------------------------------------------------------------------------------------
INFO:__main__:
【train】epoch:36/150 loss:0.3295 acc:0.8557
INFO:__main__:
【val】epoch:36/150 loss:0.2981 acc:0.8683
INFO:__main__:
【Val】:  SENS: 0.7938  SPEC: 0.9107  PPV: 0.8350  NPV: 0.8859 F1:0.8139
INFO:__main__:验证的best_acc:0.8705
INFO:__main__:----------------------------------------------------------------------------------------------------
INFO:__main__:
【train】epoch:37/150 loss:0.3287 acc:0.8556
INFO:__main__:
【val】epoch:37/150 loss:0.2962 acc:0.8694
INFO:__main__:
【Val】:  SENS: 0.7785  SPEC: 0.9212  PPV: 0.8490  NPV: 0.8796 F1:0.8122
INFO:__main__:验证的best_acc:0.8705
INFO:__main__:----------------------------------------------------------------------------------------------------
INFO:__main__:
【train】epoch:38/150 loss:0.3242 acc:0.8598
INFO:__main__:
【val】epoch:38/150 loss:0.3061 acc:0.8705
INFO:__main__:
【Val】:  SENS: 0.8215  SPEC: 0.8984  PPV: 0.8215  NPV: 0.8984 F1:0.8215
INFO:__main__:验证的best_acc:0.8705
INFO:__main__:----------------------------------------------------------------------------------------------------
INFO:__main__:
【train】epoch:39/150 loss:0.3123 acc:0.8670
INFO:__main__:
【val】epoch:39/150 loss:0.3024 acc:0.8728
INFO:__main__:
【Val】:  SENS: 0.8523  SPEC: 0.8844  PPV: 0.8076  NPV: 0.9132 F1:0.8293
INFO:__main__:验证的best_acc:0.8728
INFO:__main__:----------------------------------------------------------------------------------------------------
INFO:__main__:
【train】epoch:40/150 loss:0.3115 acc:0.8641
INFO:__main__:
【val】epoch:40/150 loss:0.2888 acc:0.8783
INFO:__main__:
【Val】:  SENS: 0.7969  SPEC: 0.9247  PPV: 0.8576  NPV: 0.8889 F1:0.8262
INFO:__main__:验证的best_acc:0.8783
INFO:__main__:----------------------------------------------------------------------------------------------------
INFO:__main__:
【train】epoch:41/150 loss:0.3087 acc:0.8687
INFO:__main__:
【val】epoch:41/150 loss:0.3024 acc:0.8739
INFO:__main__:
【Val】:  SENS: 0.8338  SPEC: 0.8967  PPV: 0.8212  NPV: 0.9046 F1:0.8275
INFO:__main__:验证的best_acc:0.8783
INFO:__main__:----------------------------------------------------------------------------------------------------
INFO:__main__:
【train】epoch:42/150 loss:0.3047 acc:0.8645
INFO:__main__:
【val】epoch:42/150 loss:0.2968 acc:0.8761
INFO:__main__:
【Val】:  SENS: 0.7754  SPEC: 0.9335  PPV: 0.8690  NPV: 0.8795 F1:0.8195
INFO:__main__:验证的best_acc:0.8783
INFO:__main__:----------------------------------------------------------------------------------------------------
INFO:__main__:
【train】epoch:43/150 loss:0.2987 acc:0.8660
INFO:__main__:
【val】epoch:43/150 loss:0.2947 acc:0.8717
INFO:__main__:
【Val】:  SENS: 0.7692  SPEC: 0.9299  PPV: 0.8621  NPV: 0.8762 F1:0.8130
INFO:__main__:验证的best_acc:0.8783
INFO:__main__:----------------------------------------------------------------------------------------------------
INFO:__main__:
【train】epoch:44/150 loss:0.3018 acc:0.8677
INFO:__main__:
【val】epoch:44/150 loss:0.3024 acc:0.8683
INFO:__main__:
【Val】:  SENS: 0.8338  SPEC: 0.8879  PPV: 0.8090  NPV: 0.9037 F1:0.8212
INFO:__main__:验证的best_acc:0.8783
INFO:__main__:----------------------------------------------------------------------------------------------------
INFO:__main__:
【train】epoch:45/150 loss:0.2957 acc:0.8719
INFO:__main__:
【val】epoch:45/150 loss:0.2822 acc:0.8705
INFO:__main__:
【Val】:  SENS: 0.7908  SPEC: 0.9159  PPV: 0.8426  NPV: 0.8849 F1:0.8159
INFO:__main__:验证的best_acc:0.8783
INFO:__main__:----------------------------------------------------------------------------------------------------
INFO:__main__:
【train】epoch:46/150 loss:0.2920 acc:0.8685
INFO:__main__:
【val】epoch:46/150 loss:0.2809 acc:0.8783
INFO:__main__:
【Val】:  SENS: 0.8092  SPEC: 0.9177  PPV: 0.8484  NPV: 0.8942 F1:0.8283
INFO:__main__:验证的best_acc:0.8783
INFO:__main__:----------------------------------------------------------------------------------------------------
INFO:__main__:
【train】epoch:47/150 loss:0.2938 acc:0.8749
INFO:__main__:
【val】epoch:47/150 loss:0.2947 acc:0.8638
INFO:__main__:
【Val】:  SENS: 0.7815  SPEC: 0.9107  PPV: 0.8328  NPV: 0.8799 F1:0.8063
INFO:__main__:验证的best_acc:0.8783
INFO:__main__:----------------------------------------------------------------------------------------------------
INFO:__main__:
【train】epoch:48/150 loss:0.2876 acc:0.8760
INFO:__main__:
【val】epoch:48/150 loss:0.2772 acc:0.8806
INFO:__main__:
【Val】:  SENS: 0.8215  SPEC: 0.9142  PPV: 0.8449  NPV: 0.9000 F1:0.8331
INFO:__main__:验证的best_acc:0.8806
INFO:__main__:----------------------------------------------------------------------------------------------------
INFO:__main__:
【train】epoch:49/150 loss:0.2813 acc:0.8781
INFO:__main__:
【val】epoch:49/150 loss:0.2866 acc:0.8828
INFO:__main__:
【Val】:  SENS: 0.8123  SPEC: 0.9229  PPV: 0.8571  NPV: 0.8963 F1:0.8341
INFO:__main__:验证的best_acc:0.8828
INFO:__main__:----------------------------------------------------------------------------------------------------
INFO:__main__:
【train】epoch:50/150 loss:0.2781 acc:0.8837
INFO:__main__:
【val】epoch:50/150 loss:0.2874 acc:0.8772
INFO:__main__:
【Val】:  SENS: 0.8246  SPEC: 0.9072  PPV: 0.8349  NPV: 0.9009 F1:0.8297
INFO:__main__:验证的best_acc:0.8828
INFO:__main__:----------------------------------------------------------------------------------------------------
INFO:__main__:
【train】epoch:51/150 loss:0.2671 acc:0.8852
INFO:__main__:
【val】epoch:51/150 loss:0.2832 acc:0.8728
INFO:__main__:
【Val】:  SENS: 0.7846  SPEC: 0.9229  PPV: 0.8528  NPV: 0.8827 F1:0.8173
INFO:__main__:验证的best_acc:0.8828
INFO:__main__:----------------------------------------------------------------------------------------------------
INFO:__main__:
【train】epoch:52/150 loss:0.2749 acc:0.8846
INFO:__main__:
【val】epoch:52/150 loss:0.2858 acc:0.8694
INFO:__main__:
【Val】:  SENS: 0.8154  SPEC: 0.9002  PPV: 0.8230  NPV: 0.8955 F1:0.8192
INFO:__main__:验证的best_acc:0.8828
INFO:__main__:----------------------------------------------------------------------------------------------------
INFO:__main__:
【train】epoch:53/150 loss:0.2651 acc:0.8890
INFO:__main__:
【val】epoch:53/150 loss:0.2830 acc:0.8817
INFO:__main__:
【Val】:  SENS: 0.8615  SPEC: 0.8932  PPV: 0.8211  NPV: 0.9189 F1:0.8408
INFO:__main__:验证的best_acc:0.8828
INFO:__main__:----------------------------------------------------------------------------------------------------
INFO:__main__:
【train】epoch:54/150 loss:0.2676 acc:0.8887
INFO:__main__:
【val】epoch:54/150 loss:0.2661 acc:0.8895
INFO:__main__:
【Val】:  SENS: 0.8431  SPEC: 0.9159  PPV: 0.8509  NPV: 0.9111 F1:0.8470
INFO:__main__:验证的best_acc:0.8895
INFO:__main__:----------------------------------------------------------------------------------------------------
INFO:__main__:
【train】epoch:55/150 loss:0.2586 acc:0.8916
INFO:__main__:
【val】epoch:55/150 loss:0.2966 acc:0.8795
INFO:__main__:
【Val】:  SENS: 0.8862  SPEC: 0.8757  PPV: 0.8022  NPV: 0.9311 F1:0.8421
INFO:__main__:验证的best_acc:0.8895
INFO:__main__:----------------------------------------------------------------------------------------------------
INFO:__main__:
【train】epoch:56/150 loss:0.2610 acc:0.8895
INFO:__main__:
【val】epoch:56/150 loss:0.2761 acc:0.8839
INFO:__main__:
【Val】:  SENS: 0.8031  SPEC: 0.9299  PPV: 0.8671  NPV: 0.8924 F1:0.8339
INFO:__main__:验证的best_acc:0.8895
INFO:__main__:----------------------------------------------------------------------------------------------------
INFO:__main__:
【train】epoch:57/150 loss:0.2626 acc:0.8871
INFO:__main__:
【val】epoch:57/150 loss:0.2843 acc:0.8772
INFO:__main__:
【Val】:  SENS: 0.7692  SPEC: 0.9387  PPV: 0.8772  NPV: 0.8773 F1:0.8197
INFO:__main__:验证的best_acc:0.8895
INFO:__main__:----------------------------------------------------------------------------------------------------
INFO:__main__:
【train】epoch:58/150 loss:0.2574 acc:0.8891
INFO:__main__:
【val】epoch:58/150 loss:0.2987 acc:0.8728
INFO:__main__:
【Val】:  SENS: 0.8000  SPEC: 0.9142  PPV: 0.8414  NPV: 0.8893 F1:0.8202
INFO:__main__:验证的best_acc:0.8895
INFO:__main__:----------------------------------------------------------------------------------------------------
INFO:__main__:
【train】epoch:59/150 loss:0.2531 acc:0.8961
INFO:__main__:
【val】epoch:59/150 loss:0.2913 acc:0.8839
INFO:__main__:
【Val】:  SENS: 0.8431  SPEC: 0.9072  PPV: 0.8379  NPV: 0.9104 F1:0.8405
INFO:__main__:验证的best_acc:0.8895
INFO:__main__:----------------------------------------------------------------------------------------------------
INFO:__main__:
【train】epoch:60/150 loss:0.2425 acc:0.8980
INFO:__main__:
【val】epoch:60/150 loss:0.2979 acc:0.8806
INFO:__main__:
【Val】:  SENS: 0.8123  SPEC: 0.9194  PPV: 0.8516  NPV: 0.8959 F1:0.8315
INFO:__main__:验证的best_acc:0.8895
INFO:__main__:----------------------------------------------------------------------------------------------------
INFO:__main__:
【train】epoch:61/150 loss:0.2438 acc:0.8982
INFO:__main__:
【val】epoch:61/150 loss:0.2969 acc:0.8772
INFO:__main__:
【Val】:  SENS: 0.7723  SPEC: 0.9370  PPV: 0.8746  NPV: 0.8785 F1:0.8203
INFO:__main__:验证的best_acc:0.8895
INFO:__main__:----------------------------------------------------------------------------------------------------
INFO:__main__:
【train】epoch:62/150 loss:0.2477 acc:0.8931
INFO:__main__:
【val】epoch:62/150 loss:0.2804 acc:0.8783
INFO:__main__:
【Val】:  SENS: 0.7908  SPEC: 0.9282  PPV: 0.8624  NPV: 0.8863 F1:0.8250
INFO:__main__:验证的best_acc:0.8895
INFO:__main__:----------------------------------------------------------------------------------------------------
INFO:__main__:
【train】epoch:63/150 loss:0.2414 acc:0.8984
INFO:__main__:
【val】epoch:63/150 loss:0.2976 acc:0.8728
INFO:__main__:
【Val】:  SENS: 0.8246  SPEC: 0.9002  PPV: 0.8246  NPV: 0.9002 F1:0.8246
INFO:__main__:验证的best_acc:0.8895
INFO:__main__:----------------------------------------------------------------------------------------------------
INFO:__main__:
【train】epoch:64/150 loss:0.2438 acc:0.9024
INFO:__main__:
【val】epoch:64/150 loss:0.2825 acc:0.8828
INFO:__main__:
【Val】:  SENS: 0.8677  SPEC: 0.8914  PPV: 0.8198  NPV: 0.9221 F1:0.8430
INFO:__main__:验证的best_acc:0.8895
INFO:__main__:----------------------------------------------------------------------------------------------------
INFO:__main__:
【train】epoch:65/150 loss:0.2448 acc:0.8992
INFO:__main__:
【val】epoch:65/150 loss:0.2834 acc:0.8862
INFO:__main__:
【Val】:  SENS: 0.8154  SPEC: 0.9264  PPV: 0.8632  NPV: 0.8981 F1:0.8386
INFO:__main__:验证的best_acc:0.8895
INFO:__main__:----------------------------------------------------------------------------------------------------
INFO:__main__:
【train】epoch:66/150 loss:0.2307 acc:0.9062
INFO:__main__:
【val】epoch:66/150 loss:0.2808 acc:0.8862
INFO:__main__:
【Val】:  SENS: 0.8369  SPEC: 0.9142  PPV: 0.8474  NPV: 0.9078 F1:0.8421
INFO:__main__:验证的best_acc:0.8895
INFO:__main__:----------------------------------------------------------------------------------------------------
INFO:__main__:
【train】epoch:67/150 loss:0.2320 acc:0.9054
INFO:__main__:
【val】epoch:67/150 loss:0.3016 acc:0.8761
INFO:__main__:
【Val】:  SENS: 0.7692  SPEC: 0.9370  PPV: 0.8741  NPV: 0.8770 F1:0.8183
INFO:__main__:验证的best_acc:0.8895
INFO:__main__:----------------------------------------------------------------------------------------------------
INFO:__main__:
【train】epoch:68/150 loss:0.2347 acc:0.9050
INFO:__main__:
【val】epoch:68/150 loss:0.2748 acc:0.8884
INFO:__main__:
【Val】:  SENS: 0.8277  SPEC: 0.9229  PPV: 0.8594  NPV: 0.9039 F1:0.8433
INFO:__main__:验证的best_acc:0.8895
INFO:__main__:----------------------------------------------------------------------------------------------------
INFO:__main__:
【train】epoch:69/150 loss:0.2258 acc:0.9073
INFO:__main__:
【val】epoch:69/150 loss:0.2913 acc:0.8817
INFO:__main__:
【Val】:  SENS: 0.7785  SPEC: 0.9405  PPV: 0.8815  NPV: 0.8818 F1:0.8268
INFO:__main__:验证的best_acc:0.8895
INFO:__main__:----------------------------------------------------------------------------------------------------
INFO:__main__:
【train】epoch:70/150 loss:0.2186 acc:0.9111
INFO:__main__:
【val】epoch:70/150 loss:0.2997 acc:0.8884
INFO:__main__:
【Val】:  SENS: 0.7969  SPEC: 0.9405  PPV: 0.8840  NPV: 0.8905 F1:0.8382
INFO:__main__:验证的best_acc:0.8895
INFO:__main__:----------------------------------------------------------------------------------------------------
INFO:__main__:
【train】epoch:71/150 loss:0.2232 acc:0.9107
INFO:__main__:
【val】epoch:71/150 loss:0.2886 acc:0.8828
INFO:__main__:
【Val】:  SENS: 0.8092  SPEC: 0.9247  PPV: 0.8595  NPV: 0.8949 F1:0.8336
INFO:__main__:验证的best_acc:0.8895
INFO:__main__:----------------------------------------------------------------------------------------------------
INFO:__main__:
【train】epoch:72/150 loss:0.2105 acc:0.9132
INFO:__main__:
【val】epoch:72/150 loss:0.2754 acc:0.8873
INFO:__main__:
【Val】:  SENS: 0.8338  SPEC: 0.9177  PPV: 0.8522  NPV: 0.9066 F1:0.8429
INFO:__main__:验证的best_acc:0.8895
INFO:__main__:----------------------------------------------------------------------------------------------------
INFO:__main__:
【train】epoch:73/150 loss:0.2116 acc:0.9159
INFO:__main__:
【val】epoch:73/150 loss:0.3024 acc:0.8828
INFO:__main__:
【Val】:  SENS: 0.7908  SPEC: 0.9352  PPV: 0.8741  NPV: 0.8870 F1:0.8304
INFO:__main__:验证的best_acc:0.8895
INFO:__main__:----------------------------------------------------------------------------------------------------
INFO:__main__:
【train】epoch:74/150 loss:0.2151 acc:0.9117
INFO:__main__:
【val】epoch:74/150 loss:0.3064 acc:0.8772
INFO:__main__:
【Val】:  SENS: 0.7692  SPEC: 0.9387  PPV: 0.8772  NPV: 0.8773 F1:0.8197
INFO:__main__:验证的best_acc:0.8895
INFO:__main__:----------------------------------------------------------------------------------------------------
INFO:__main__:
【train】epoch:75/150 loss:0.2110 acc:0.9149
INFO:__main__:
【val】epoch:75/150 loss:0.3036 acc:0.8728
INFO:__main__:
【Val】:  SENS: 0.7569  SPEC: 0.9387  PPV: 0.8754  NPV: 0.8715 F1:0.8119
INFO:__main__:验证的best_acc:0.8895
INFO:__main__:----------------------------------------------------------------------------------------------------
INFO:__main__:
【train】epoch:76/150 loss:0.2135 acc:0.9167
INFO:__main__:
【val】epoch:76/150 loss:0.2832 acc:0.8761
INFO:__main__:
【Val】:  SENS: 0.7846  SPEC: 0.9282  PPV: 0.8615  NPV: 0.8833 F1:0.8213
INFO:__main__:验证的best_acc:0.8895
INFO:__main__:----------------------------------------------------------------------------------------------------
INFO:__main__:
【train】epoch:77/150 loss:0.2062 acc:0.9178
INFO:__main__:
【val】epoch:77/150 loss:0.2800 acc:0.8817
INFO:__main__:
【Val】:  SENS: 0.8215  SPEC: 0.9159  PPV: 0.8476  NPV: 0.9002 F1:0.8344
INFO:__main__:验证的best_acc:0.8895
INFO:__main__:----------------------------------------------------------------------------------------------------
INFO:__main__:
【train】epoch:78/150 loss:0.2054 acc:0.9152
INFO:__main__:
【val】epoch:78/150 loss:0.3005 acc:0.8862
INFO:__main__:
【Val】:  SENS: 0.8154  SPEC: 0.9264  PPV: 0.8632  NPV: 0.8981 F1:0.8386
INFO:__main__:验证的best_acc:0.8895
INFO:__main__:----------------------------------------------------------------------------------------------------
INFO:__main__:
【train】epoch:79/150 loss:0.2060 acc:0.9192
INFO:__main__:
【val】epoch:79/150 loss:0.2830 acc:0.8828
INFO:__main__:
【Val】:  SENS: 0.8400  SPEC: 0.9072  PPV: 0.8374  NPV: 0.9088 F1:0.8387
INFO:__main__:验证的best_acc:0.8895
INFO:__main__:----------------------------------------------------------------------------------------------------
INFO:__main__:
【train】epoch:80/150 loss:0.2096 acc:0.9143
INFO:__main__:
【val】epoch:80/150 loss:0.2822 acc:0.8873
INFO:__main__:
【Val】:  SENS: 0.7846  SPEC: 0.9457  PPV: 0.8916  NPV: 0.8852 F1:0.8347
INFO:__main__:验证的best_acc:0.8895
INFO:__main__:----------------------------------------------------------------------------------------------------
INFO:__main__:
【train】epoch:81/150 loss:0.1987 acc:0.9171
INFO:__main__:
【val】epoch:81/150 loss:0.2851 acc:0.8873
INFO:__main__:
【Val】:  SENS: 0.8708  SPEC: 0.8967  PPV: 0.8275  NPV: 0.9242 F1:0.8486
INFO:__main__:验证的best_acc:0.8895
INFO:__main__:----------------------------------------------------------------------------------------------------
INFO:__main__:
【train】epoch:82/150 loss:0.2014 acc:0.9219
INFO:__main__:
【val】epoch:82/150 loss:0.2883 acc:0.8873
INFO:__main__:
【Val】:  SENS: 0.8154  SPEC: 0.9282  PPV: 0.8660  NPV: 0.8983 F1:0.8399
INFO:__main__:验证的best_acc:0.8895
INFO:__main__:----------------------------------------------------------------------------------------------------
INFO:__main__:
【train】epoch:83/150 loss:0.1994 acc:0.9227
INFO:__main__:
【val】epoch:83/150 loss:0.3070 acc:0.8862
INFO:__main__:
【Val】:  SENS: 0.8277  SPEC: 0.9194  PPV: 0.8540  NPV: 0.9036 F1:0.8406
INFO:__main__:验证的best_acc:0.8895
INFO:__main__:----------------------------------------------------------------------------------------------------
INFO:__main__:
【train】epoch:84/150 loss:0.1966 acc:0.9230
INFO:__main__:
【val】epoch:84/150 loss:0.2900 acc:0.8862
INFO:__main__:
【Val】:  SENS: 0.8523  SPEC: 0.9054  PPV: 0.8369  NPV: 0.9150 F1:0.8445
INFO:__main__:验证的best_acc:0.8895
INFO:__main__:----------------------------------------------------------------------------------------------------
INFO:__main__:
【train】epoch:85/150 loss:0.1942 acc:0.9231
INFO:__main__:
【val】epoch:85/150 loss:0.2977 acc:0.8772
INFO:__main__:
【Val】:  SENS: 0.7600  SPEC: 0.9440  PPV: 0.8853  NPV: 0.8736 F1:0.8179
INFO:__main__:验证的best_acc:0.8895
INFO:__main__:----------------------------------------------------------------------------------------------------
INFO:__main__:
【train】epoch:86/150 loss:0.1924 acc:0.9247
INFO:__main__:
【val】epoch:86/150 loss:0.2955 acc:0.8806
INFO:__main__:
【Val】:  SENS: 0.8062  SPEC: 0.9229  PPV: 0.8562  NPV: 0.8932 F1:0.8304
INFO:__main__:验证的best_acc:0.8895
INFO:__main__:----------------------------------------------------------------------------------------------------
INFO:__main__:
【train】epoch:87/150 loss:0.1972 acc:0.9235
INFO:__main__:
【val】epoch:87/150 loss:0.2815 acc:0.8839
INFO:__main__:
【Val】:  SENS: 0.8154  SPEC: 0.9229  PPV: 0.8576  NPV: 0.8978 F1:0.8360
INFO:__main__:验证的best_acc:0.8895
INFO:__main__:----------------------------------------------------------------------------------------------------
INFO:__main__:
【train】epoch:88/150 loss:0.1969 acc:0.9224
INFO:__main__:
【val】epoch:88/150 loss:0.3148 acc:0.8806
INFO:__main__:
【Val】:  SENS: 0.7662  SPEC: 0.9457  PPV: 0.8893  NPV: 0.8766 F1:0.8231
INFO:__main__:验证的best_acc:0.8895
INFO:__main__:----------------------------------------------------------------------------------------------------
INFO:__main__:
【train】epoch:89/150 loss:0.1856 acc:0.9246
INFO:__main__:
【val】epoch:89/150 loss:0.2945 acc:0.8850
INFO:__main__:
【Val】:  SENS: 0.7938  SPEC: 0.9370  PPV: 0.8776  NPV: 0.8887 F1:0.8336
INFO:__main__:验证的best_acc:0.8895
INFO:__main__:----------------------------------------------------------------------------------------------------
INFO:__main__:
【train】epoch:90/150 loss:0.1811 acc:0.9280
INFO:__main__:
【val】epoch:90/150 loss:0.2800 acc:0.8862
INFO:__main__:
【Val】:  SENS: 0.8031  SPEC: 0.9335  PPV: 0.8729  NPV: 0.8928 F1:0.8365
INFO:__main__:验证的best_acc:0.8895
INFO:__main__:----------------------------------------------------------------------------------------------------
INFO:__main__:
【train】epoch:91/150 loss:0.1752 acc:0.9308
INFO:__main__:
【val】epoch:91/150 loss:0.2803 acc:0.8929
INFO:__main__:
【Val】:  SENS: 0.8308  SPEC: 0.9282  PPV: 0.8682  NPV: 0.9060 F1:0.8491
INFO:__main__:验证的best_acc:0.8929
INFO:__main__:----------------------------------------------------------------------------------------------------
INFO:__main__:
【train】epoch:92/150 loss:0.1832 acc:0.9283
INFO:__main__:
【val】epoch:92/150 loss:0.3121 acc:0.8828
INFO:__main__:
【Val】:  SENS: 0.7908  SPEC: 0.9352  PPV: 0.8741  NPV: 0.8870 F1:0.8304
INFO:__main__:验证的best_acc:0.8929
INFO:__main__:----------------------------------------------------------------------------------------------------
INFO:__main__:
【train】epoch:93/150 loss:0.1795 acc:0.9261
INFO:__main__:
【val】epoch:93/150 loss:0.2788 acc:0.8884
INFO:__main__:
【Val】:  SENS: 0.8185  SPEC: 0.9282  PPV: 0.8664  NPV: 0.8998 F1:0.8418
INFO:__main__:验证的best_acc:0.8929
INFO:__main__:----------------------------------------------------------------------------------------------------
INFO:__main__:
【train】epoch:94/150 loss:0.1733 acc:0.9317
INFO:__main__:
【val】epoch:94/150 loss:0.2797 acc:0.8962
INFO:__main__:
【Val】:  SENS: 0.8185  SPEC: 0.9405  PPV: 0.8867  NPV: 0.9010 F1:0.8512
INFO:__main__:验证的best_acc:0.8962
INFO:__main__:----------------------------------------------------------------------------------------------------
INFO:__main__:
【train】epoch:95/150 loss:0.1850 acc:0.9283
INFO:__main__:
【val】epoch:95/150 loss:0.2828 acc:0.8884
INFO:__main__:
【Val】:  SENS: 0.8185  SPEC: 0.9282  PPV: 0.8664  NPV: 0.8998 F1:0.8418
INFO:__main__:验证的best_acc:0.8962
INFO:__main__:----------------------------------------------------------------------------------------------------
INFO:__main__:
【train】epoch:96/150 loss:0.1803 acc:0.9321
INFO:__main__:
【val】epoch:96/150 loss:0.2962 acc:0.8817
INFO:__main__:
【Val】:  SENS: 0.7815  SPEC: 0.9387  PPV: 0.8789  NPV: 0.8830 F1:0.8274
INFO:__main__:验证的best_acc:0.8962
INFO:__main__:----------------------------------------------------------------------------------------------------
INFO:__main__:
【train】epoch:97/150 loss:0.1810 acc:0.9254
INFO:__main__:
【val】epoch:97/150 loss:0.2987 acc:0.8839
INFO:__main__:
【Val】:  SENS: 0.8000  SPEC: 0.9317  PPV: 0.8696  NPV: 0.8911 F1:0.8333
INFO:__main__:验证的best_acc:0.8962
INFO:__main__:----------------------------------------------------------------------------------------------------
INFO:__main__:
【train】epoch:98/150 loss:0.1694 acc:0.9308
INFO:__main__:
【val】epoch:98/150 loss:0.2943 acc:0.8884
INFO:__main__:
【Val】:  SENS: 0.8185  SPEC: 0.9282  PPV: 0.8664  NPV: 0.8998 F1:0.8418
INFO:__main__:验证的best_acc:0.8962
INFO:__main__:----------------------------------------------------------------------------------------------------
INFO:__main__:
【train】epoch:99/150 loss:0.1676 acc:0.9344
INFO:__main__:
【val】epoch:99/150 loss:0.3040 acc:0.8873
INFO:__main__:
【Val】:  SENS: 0.8277  SPEC: 0.9212  PPV: 0.8567  NPV: 0.9038 F1:0.8419
INFO:__main__:验证的best_acc:0.8962
INFO:__main__:----------------------------------------------------------------------------------------------------
INFO:__main__:
【train】epoch:100/150 loss:0.1682 acc:0.9318
INFO:__main__:
【val】epoch:100/150 loss:0.2954 acc:0.8984
INFO:__main__:
【Val】:  SENS: 0.8369  SPEC: 0.9335  PPV: 0.8774  NPV: 0.9096 F1:0.8567
INFO:__main__:验证的best_acc:0.8984
INFO:__main__:----------------------------------------------------------------------------------------------------
INFO:__main__:
【train】epoch:101/150 loss:0.1664 acc:0.9361
INFO:__main__:
【val】epoch:101/150 loss:0.2804 acc:0.8873
INFO:__main__:
【Val】:  SENS: 0.8462  SPEC: 0.9107  PPV: 0.8436  NPV: 0.9123 F1:0.8449
INFO:__main__:验证的best_acc:0.8984
INFO:__main__:----------------------------------------------------------------------------------------------------
INFO:__main__:
【train】epoch:102/150 loss:0.1631 acc:0.9375
INFO:__main__:
【val】epoch:102/150 loss:0.2768 acc:0.8895
INFO:__main__:
【Val】:  SENS: 0.8277  SPEC: 0.9247  PPV: 0.8622  NPV: 0.9041 F1:0.8446
INFO:__main__:验证的best_acc:0.8984
INFO:__main__:----------------------------------------------------------------------------------------------------
INFO:__main__:
【train】epoch:103/150 loss:0.1579 acc:0.9378
INFO:__main__:
【val】epoch:103/150 loss:0.3111 acc:0.8940
INFO:__main__:
【Val】:  SENS: 0.8062  SPEC: 0.9440  PPV: 0.8912  NPV: 0.8953 F1:0.8465
INFO:__main__:验证的best_acc:0.8984
INFO:__main__:----------------------------------------------------------------------------------------------------
INFO:__main__:
【train】epoch:104/150 loss:0.1669 acc:0.9357
INFO:__main__:
【val】epoch:104/150 loss:0.2925 acc:0.8906
INFO:__main__:
【Val】:  SENS: 0.8462  SPEC: 0.9159  PPV: 0.8514  NPV: 0.9127 F1:0.8488
INFO:__main__:验证的best_acc:0.8984
INFO:__main__:----------------------------------------------------------------------------------------------------
INFO:__main__:
【train】epoch:105/150 loss:0.1704 acc:0.9323
INFO:__main__:
【val】epoch:105/150 loss:0.2868 acc:0.8895
INFO:__main__:
【Val】:  SENS: 0.8185  SPEC: 0.9299  PPV: 0.8693  NPV: 0.9000 F1:0.8431
INFO:__main__:验证的best_acc:0.8984
INFO:__main__:----------------------------------------------------------------------------------------------------
INFO:__main__:
【train】epoch:106/150 loss:0.1583 acc:0.9389
INFO:__main__:
【val】epoch:106/150 loss:0.3008 acc:0.8917
INFO:__main__:
【Val】:  SENS: 0.8000  SPEC: 0.9440  PPV: 0.8904  NPV: 0.8924 F1:0.8428
INFO:__main__:验证的best_acc:0.8984
INFO:__main__:----------------------------------------------------------------------------------------------------
INFO:__main__:
【train】epoch:107/150 loss:0.1634 acc:0.9342
INFO:__main__:
【val】epoch:107/150 loss:0.2985 acc:0.8929
INFO:__main__:
【Val】:  SENS: 0.7969  SPEC: 0.9475  PPV: 0.8962  NPV: 0.8913 F1:0.8436
INFO:__main__:验证的best_acc:0.8984
INFO:__main__:----------------------------------------------------------------------------------------------------
INFO:__main__:
【train】epoch:108/150 loss:0.1539 acc:0.9389
INFO:__main__:
【val】epoch:108/150 loss:0.3186 acc:0.8929
INFO:__main__:
【Val】:  SENS: 0.7877  SPEC: 0.9527  PPV: 0.9046  NPV: 0.8874 F1:0.8421
INFO:__main__:验证的best_acc:0.8984
INFO:__main__:----------------------------------------------------------------------------------------------------
INFO:__main__:
【train】epoch:109/150 loss:0.1548 acc:0.9378
INFO:__main__:
【val】epoch:109/150 loss:0.3256 acc:0.8850
INFO:__main__:
【Val】:  SENS: 0.7846  SPEC: 0.9422  PPV: 0.8854  NPV: 0.8849 F1:0.8320
INFO:__main__:验证的best_acc:0.8984
INFO:__main__:----------------------------------------------------------------------------------------------------
INFO:__main__:
【train】epoch:110/150 loss:0.1538 acc:0.9406
INFO:__main__:
【val】epoch:110/150 loss:0.3074 acc:0.8895
INFO:__main__:
【Val】:  SENS: 0.8338  SPEC: 0.9212  PPV: 0.8576  NPV: 0.9069 F1:0.8456
INFO:__main__:验证的best_acc:0.8984
INFO:__main__:----------------------------------------------------------------------------------------------------
INFO:__main__:
【train】epoch:111/150 loss:0.1504 acc:0.9409
INFO:__main__:
【val】epoch:111/150 loss:0.3092 acc:0.8873
INFO:__main__:
【Val】:  SENS: 0.8462  SPEC: 0.9107  PPV: 0.8436  NPV: 0.9123 F1:0.8449
INFO:__main__:验证的best_acc:0.8984
INFO:__main__:----------------------------------------------------------------------------------------------------
INFO:__main__:
【train】epoch:112/150 loss:0.1566 acc:0.9406
INFO:__main__:
【val】epoch:112/150 loss:0.2911 acc:0.8996
INFO:__main__:
【Val】:  SENS: 0.8185  SPEC: 0.9457  PPV: 0.8956  NPV: 0.9015 F1:0.8553
INFO:__main__:验证的best_acc:0.8996
INFO:__main__:----------------------------------------------------------------------------------------------------
INFO:__main__:
【train】epoch:113/150 loss:0.1484 acc:0.9408
INFO:__main__:
【val】epoch:113/150 loss:0.2859 acc:0.8929
INFO:__main__:
【Val】:  SENS: 0.8369  SPEC: 0.9247  PPV: 0.8635  NPV: 0.9088 F1:0.8500
INFO:__main__:验证的best_acc:0.8996
INFO:__main__:----------------------------------------------------------------------------------------------------
INFO:__main__:
【train】epoch:114/150 loss:0.1481 acc:0.9414
INFO:__main__:
【val】epoch:114/150 loss:0.3069 acc:0.8873
INFO:__main__:
【Val】:  SENS: 0.8308  SPEC: 0.9194  PPV: 0.8544  NPV: 0.9052 F1:0.8424
INFO:__main__:验证的best_acc:0.8996
INFO:__main__:----------------------------------------------------------------------------------------------------
INFO:__main__:
【train】epoch:115/150 loss:0.1588 acc:0.9382
INFO:__main__:
【val】epoch:115/150 loss:0.3092 acc:0.8895
INFO:__main__:
【Val】:  SENS: 0.8031  SPEC: 0.9387  PPV: 0.8818  NPV: 0.8933 F1:0.8406
INFO:__main__:验证的best_acc:0.8996
INFO:__main__:----------------------------------------------------------------------------------------------------
INFO:__main__:
【train】epoch:116/150 loss:0.1495 acc:0.9406
INFO:__main__:
【val】epoch:116/150 loss:0.2908 acc:0.8862
INFO:__main__:
【Val】:  SENS: 0.8800  SPEC: 0.8897  PPV: 0.8195  NPV: 0.9287 F1:0.8487
INFO:__main__:验证的best_acc:0.8996
INFO:__main__:----------------------------------------------------------------------------------------------------
INFO:__main__:
【train】epoch:117/150 loss:0.1457 acc:0.9462
INFO:__main__:
【val】epoch:117/150 loss:0.3039 acc:0.8973
INFO:__main__:
【Val】:  SENS: 0.8092  SPEC: 0.9475  PPV: 0.8976  NPV: 0.8972 F1:0.8511
INFO:__main__:验证的best_acc:0.8996
INFO:__main__:----------------------------------------------------------------------------------------------------
INFO:__main__:
【train】epoch:118/150 loss:0.1473 acc:0.9399
INFO:__main__:
【val】epoch:118/150 loss:0.2999 acc:0.8862
INFO:__main__:
【Val】:  SENS: 0.8154  SPEC: 0.9264  PPV: 0.8632  NPV: 0.8981 F1:0.8386
INFO:__main__:验证的best_acc:0.8996
INFO:__main__:----------------------------------------------------------------------------------------------------
INFO:__main__:
【train】epoch:119/150 loss:0.1499 acc:0.9414
INFO:__main__:
【val】epoch:119/150 loss:0.2965 acc:0.8906
INFO:__main__:
【Val】:  SENS: 0.8308  SPEC: 0.9247  PPV: 0.8626  NPV: 0.9057 F1:0.8464
INFO:__main__:验证的best_acc:0.8996
INFO:__main__:----------------------------------------------------------------------------------------------------
INFO:__main__:
【train】epoch:120/150 loss:0.1364 acc:0.9452
INFO:__main__:
【val】epoch:120/150 loss:0.3103 acc:0.8940
INFO:__main__:
【Val】:  SENS: 0.7969  SPEC: 0.9492  PPV: 0.8993  NPV: 0.8914 F1:0.8450
INFO:__main__:验证的best_acc:0.8996
INFO:__main__:----------------------------------------------------------------------------------------------------
INFO:__main__:
【train】epoch:121/150 loss:0.1435 acc:0.9431
INFO:__main__:
【val】epoch:121/150 loss:0.2966 acc:0.8929
INFO:__main__:
【Val】:  SENS: 0.8185  SPEC: 0.9352  PPV: 0.8779  NPV: 0.9005 F1:0.8471
INFO:__main__:验证的best_acc:0.8996
INFO:__main__:----------------------------------------------------------------------------------------------------
INFO:__main__:
【train】epoch:122/150 loss:0.1513 acc:0.9414
INFO:__main__:
【val】epoch:122/150 loss:0.2859 acc:0.9029
INFO:__main__:
【Val】:  SENS: 0.8462  SPEC: 0.9352  PPV: 0.8814  NPV: 0.9144 F1:0.8634
INFO:__main__:验证的best_acc:0.9029
INFO:__main__:----------------------------------------------------------------------------------------------------
INFO:__main__:
【train】epoch:123/150 loss:0.1360 acc:0.9481
INFO:__main__:
【val】epoch:123/150 loss:0.2911 acc:0.8906
INFO:__main__:
【Val】:  SENS: 0.8585  SPEC: 0.9089  PPV: 0.8429  NPV: 0.9186 F1:0.8506
INFO:__main__:验证的best_acc:0.9029
INFO:__main__:----------------------------------------------------------------------------------------------------
INFO:__main__:
【train】epoch:124/150 loss:0.1348 acc:0.9485
INFO:__main__:
【val】epoch:124/150 loss:0.3162 acc:0.9018
INFO:__main__:
【Val】:  SENS: 0.8215  SPEC: 0.9475  PPV: 0.8990  NPV: 0.9032 F1:0.8585
INFO:__main__:验证的best_acc:0.9029
INFO:__main__:----------------------------------------------------------------------------------------------------
INFO:__main__:
【train】epoch:125/150 loss:0.1397 acc:0.9446
INFO:__main__:
【val】epoch:125/150 loss:0.2916 acc:0.8962
INFO:__main__:
【Val】:  SENS: 0.8123  SPEC: 0.9440  PPV: 0.8919  NPV: 0.8983 F1:0.8502
INFO:__main__:验证的best_acc:0.9029
INFO:__main__:----------------------------------------------------------------------------------------------------
INFO:__main__:
【train】epoch:126/150 loss:0.1362 acc:0.9459
INFO:__main__:
【val】epoch:126/150 loss:0.3031 acc:0.8973
INFO:__main__:
【Val】:  SENS: 0.8154  SPEC: 0.9440  PPV: 0.8923  NPV: 0.8998 F1:0.8521
INFO:__main__:验证的best_acc:0.9029
INFO:__main__:----------------------------------------------------------------------------------------------------
INFO:__main__:
【train】epoch:127/150 loss:0.1393 acc:0.9451
INFO:__main__:
【val】epoch:127/150 loss:0.3199 acc:0.8895
INFO:__main__:
【Val】:  SENS: 0.7877  SPEC: 0.9475  PPV: 0.8951  NPV: 0.8869 F1:0.8380
INFO:__main__:验证的best_acc:0.9029
INFO:__main__:----------------------------------------------------------------------------------------------------
INFO:__main__:
【train】epoch:128/150 loss:0.1371 acc:0.9462
INFO:__main__:
【val】epoch:128/150 loss:0.3191 acc:0.8996
INFO:__main__:
【Val】:  SENS: 0.8277  SPEC: 0.9405  PPV: 0.8878  NPV: 0.9056 F1:0.8567
INFO:__main__:验证的best_acc:0.9029
INFO:__main__:----------------------------------------------------------------------------------------------------
INFO:__main__:
【train】epoch:129/150 loss:0.1361 acc:0.9458
INFO:__main__:
【val】epoch:129/150 loss:0.3205 acc:0.8895
INFO:__main__:
【Val】:  SENS: 0.7785  SPEC: 0.9527  PPV: 0.9036  NPV: 0.8831 F1:0.8364
INFO:__main__:验证的best_acc:0.9029
INFO:__main__:----------------------------------------------------------------------------------------------------
INFO:__main__:
【train】epoch:130/150 loss:0.1365 acc:0.9466
INFO:__main__:
【val】epoch:130/150 loss:0.3030 acc:0.8962
INFO:__main__:
【Val】:  SENS: 0.8492  SPEC: 0.9229  PPV: 0.8625  NPV: 0.9149 F1:0.8558
INFO:__main__:验证的best_acc:0.9029
INFO:__main__:----------------------------------------------------------------------------------------------------
INFO:__main__:
【train】epoch:131/150 loss:0.1380 acc:0.9454
INFO:__main__:
【val】epoch:131/150 loss:0.3187 acc:0.8895
INFO:__main__:
【Val】:  SENS: 0.7877  SPEC: 0.9475  PPV: 0.8951  NPV: 0.8869 F1:0.8380
INFO:__main__:验证的best_acc:0.9029
INFO:__main__:----------------------------------------------------------------------------------------------------
INFO:__main__:
【train】epoch:132/150 loss:0.1370 acc:0.9478
INFO:__main__:
【val】epoch:132/150 loss:0.3003 acc:0.8929
INFO:__main__:
【Val】:  SENS: 0.8123  SPEC: 0.9387  PPV: 0.8829  NPV: 0.8978 F1:0.8462
INFO:__main__:验证的best_acc:0.9029
INFO:__main__:----------------------------------------------------------------------------------------------------
INFO:__main__:
【train】epoch:133/150 loss:0.1360 acc:0.9458
INFO:__main__:
【val】epoch:133/150 loss:0.3099 acc:0.9007
INFO:__main__:
【Val】:  SENS: 0.8369  SPEC: 0.9370  PPV: 0.8831  NPV: 0.9099 F1:0.8594
INFO:__main__:验证的best_acc:0.9029
INFO:__main__:----------------------------------------------------------------------------------------------------
INFO:__main__:
【train】epoch:134/150 loss:0.1262 acc:0.9497
INFO:__main__:
【val】epoch:134/150 loss:0.2921 acc:0.8951
INFO:__main__:
【Val】:  SENS: 0.8338  SPEC: 0.9299  PPV: 0.8714  NPV: 0.9077 F1:0.8522
INFO:__main__:验证的best_acc:0.9029
INFO:__main__:----------------------------------------------------------------------------------------------------
INFO:__main__:
【train】epoch:135/150 loss:0.1284 acc:0.9501
INFO:__main__:
【val】epoch:135/150 loss:0.3069 acc:0.8996
INFO:__main__:
【Val】:  SENS: 0.8523  SPEC: 0.9264  PPV: 0.8683  NPV: 0.9168 F1:0.8602
INFO:__main__:验证的best_acc:0.9029
INFO:__main__:----------------------------------------------------------------------------------------------------
INFO:__main__:
【train】epoch:136/150 loss:0.1254 acc:0.9503
INFO:__main__:
【val】epoch:136/150 loss:0.3263 acc:0.8895
INFO:__main__:
【Val】:  SENS: 0.8031  SPEC: 0.9387  PPV: 0.8818  NPV: 0.8933 F1:0.8406
INFO:__main__:验证的best_acc:0.9029
INFO:__main__:----------------------------------------------------------------------------------------------------
INFO:__main__:
【train】epoch:137/150 loss:0.1279 acc:0.9499
INFO:__main__:
【val】epoch:137/150 loss:0.3191 acc:0.8929
INFO:__main__:
【Val】:  SENS: 0.8154  SPEC: 0.9370  PPV: 0.8804  NPV: 0.8992 F1:0.8466
INFO:__main__:验证的best_acc:0.9029
INFO:__main__:----------------------------------------------------------------------------------------------------
INFO:__main__:
【train】epoch:138/150 loss:0.1279 acc:0.9516
INFO:__main__:
【val】epoch:138/150 loss:0.3289 acc:0.8940
INFO:__main__:
【Val】:  SENS: 0.8462  SPEC: 0.9212  PPV: 0.8594  NPV: 0.9132 F1:0.8527
INFO:__main__:验证的best_acc:0.9029
INFO:__main__:----------------------------------------------------------------------------------------------------
INFO:__main__:
【train】epoch:139/150 loss:0.1263 acc:0.9520
INFO:__main__:
【val】epoch:139/150 loss:0.3067 acc:0.8973
INFO:__main__:
【Val】:  SENS: 0.8585  SPEC: 0.9194  PPV: 0.8585  NPV: 0.9194 F1:0.8585
INFO:__main__:验证的best_acc:0.9029
INFO:__main__:----------------------------------------------------------------------------------------------------
INFO:__main__:
【train】epoch:140/150 loss:0.1238 acc:0.9531
INFO:__main__:
【val】epoch:140/150 loss:0.3055 acc:0.8951
INFO:__main__:
【Val】:  SENS: 0.8554  SPEC: 0.9177  PPV: 0.8554  NPV: 0.9177 F1:0.8554
INFO:__main__:验证的best_acc:0.9029
INFO:__main__:----------------------------------------------------------------------------------------------------
INFO:__main__:
【train】epoch:141/150 loss:0.1257 acc:0.9534
INFO:__main__:
【val】epoch:141/150 loss:0.3031 acc:0.8996
INFO:__main__:
【Val】:  SENS: 0.8400  SPEC: 0.9335  PPV: 0.8778  NPV: 0.9111 F1:0.8585
INFO:__main__:验证的best_acc:0.9029
INFO:__main__:----------------------------------------------------------------------------------------------------
INFO:__main__:
【train】epoch:142/150 loss:0.1241 acc:0.9512
INFO:__main__:
【val】epoch:142/150 loss:0.3146 acc:0.8996
INFO:__main__:
【Val】:  SENS: 0.8246  SPEC: 0.9422  PPV: 0.8904  NPV: 0.9042 F1:0.8562
INFO:__main__:验证的best_acc:0.9029
INFO:__main__:----------------------------------------------------------------------------------------------------
INFO:__main__:
【train】epoch:143/150 loss:0.1228 acc:0.9527
INFO:__main__:
【val】epoch:143/150 loss:0.3078 acc:0.8984
INFO:__main__:
【Val】:  SENS: 0.8215  SPEC: 0.9422  PPV: 0.8900  NPV: 0.9027 F1:0.8544
INFO:__main__:验证的best_acc:0.9029
INFO:__main__:----------------------------------------------------------------------------------------------------
INFO:__main__:
【train】epoch:144/150 loss:0.1250 acc:0.9539
INFO:__main__:
【val】epoch:144/150 loss:0.3022 acc:0.8973
INFO:__main__:
【Val】:  SENS: 0.8585  SPEC: 0.9194  PPV: 0.8585  NPV: 0.9194 F1:0.8585
INFO:__main__:验证的best_acc:0.9029
INFO:__main__:----------------------------------------------------------------------------------------------------
INFO:__main__:
【train】epoch:145/150 loss:0.1251 acc:0.9497
INFO:__main__:
【val】epoch:145/150 loss:0.3139 acc:0.8951
INFO:__main__:
【Val】:  SENS: 0.8000  SPEC: 0.9492  PPV: 0.8997  NPV: 0.8929 F1:0.8469
INFO:__main__:验证的best_acc:0.9029
INFO:__main__:----------------------------------------------------------------------------------------------------
INFO:__main__:
【train】epoch:146/150 loss:0.1191 acc:0.9557
INFO:__main__:
【val】epoch:146/150 loss:0.3032 acc:0.9018
INFO:__main__:
【Val】:  SENS: 0.8246  SPEC: 0.9457  PPV: 0.8963  NPV: 0.9045 F1:0.8590
INFO:__main__:验证的best_acc:0.9029
INFO:__main__:----------------------------------------------------------------------------------------------------
INFO:__main__:
【train】epoch:147/150 loss:0.1237 acc:0.9504
INFO:__main__:
【val】epoch:147/150 loss:0.2896 acc:0.8984
INFO:__main__:
【Val】:  SENS: 0.8277  SPEC: 0.9387  PPV: 0.8849  NPV: 0.9054 F1:0.8553
INFO:__main__:验证的best_acc:0.9029
INFO:__main__:----------------------------------------------------------------------------------------------------
INFO:__main__:
【train】epoch:148/150 loss:0.1238 acc:0.9504
INFO:__main__:
【val】epoch:148/150 loss:0.3081 acc:0.8906
INFO:__main__:
【Val】:  SENS: 0.8923  SPEC: 0.8897  PPV: 0.8215  NPV: 0.9355 F1:0.8555
INFO:__main__:验证的best_acc:0.9029
INFO:__main__:----------------------------------------------------------------------------------------------------
INFO:__main__:
【train】epoch:149/150 loss:0.1231 acc:0.9531
INFO:__main__:
【val】epoch:149/150 loss:0.3002 acc:0.8973
INFO:__main__:
【Val】:  SENS: 0.8369  SPEC: 0.9317  PPV: 0.8746  NPV: 0.9094 F1:0.8553
INFO:__main__:验证的best_acc:0.9029
INFO:__main__:----------------------------------------------------------------------------------------------------
INFO:__main__:****************************************************************************************************
INFO:__main__:Val_LOSS:['0.5944', '0.5511', '0.5236', '0.5037', '0.5093', '0.5135', '0.4697', '0.4679', '0.4615', '0.4512', '0.4428', '0.4371', '0.4330', '0.4526', '0.4330', '0.4196', '0.4153', '0.4127', '0.4028', '0.3919', '0.3857', '0.3666', '0.3696', '0.3427', '0.3302', '0.3359', '0.3172', '0.3205', '0.3267', '0.3384', '0.3120', '0.3175', '0.3084', '0.2988', '0.3051', '0.3168', '0.2981', '0.2962', '0.3061', '0.3024', '0.2888', '0.3024', '0.2968', '0.2947', '0.3024', '0.2822', '0.2809', '0.2947', '0.2772', '0.2866', '0.2874', '0.2832', '0.2858', '0.2830', '0.2661', '0.2966', '0.2761', '0.2843', '0.2987', '0.2913', '0.2979', '0.2969', '0.2804', '0.2976', '0.2825', '0.2834', '0.2808', '0.3016', '0.2748', '0.2913', '0.2997', '0.2886', '0.2754', '0.3024', '0.3064', '0.3036', '0.2832', '0.2800', '0.3005', '0.2830', '0.2822', '0.2851', '0.2883', '0.3070', '0.2900', '0.2977', '0.2955', '0.2815', '0.3148', '0.2945', '0.2800', '0.2803', '0.3121', '0.2788', '0.2797', '0.2828', '0.2962', '0.2987', '0.2943', '0.3040', '0.2954', '0.2804', '0.2768', '0.3111', '0.2925', '0.2868', '0.3008', '0.2985', '0.3186', '0.3256', '0.3074', '0.3092', '0.2911', '0.2859', '0.3069', '0.3092', '0.2908', '0.3039', '0.2999', '0.2965', '0.3103', '0.2966', '0.2859', '0.2911', '0.3162', '0.2916', '0.3031', '0.3199', '0.3191', '0.3205', '0.3030', '0.3187', '0.3003', '0.3099', '0.2921', '0.3069', '0.3263', '0.3191', '0.3289', '0.3067', '0.3055', '0.3031', '0.3146', '0.3078', '0.3022', '0.3139', '0.3032', '0.2896', '0.3081', '0.3002']
INFO:__main__:Val_ACC:['0.6429', '0.6842', '0.7556', '0.7422', '0.7433', '0.7310', '0.7645', '0.7600', '0.7723', '0.7612', '0.7667', '0.7734', '0.7846', '0.7600', '0.7857', '0.7779', '0.7846', '0.7935', '0.7924', '0.8002', '0.8069', '0.8203', '0.8214', '0.8337', '0.8504', '0.8460', '0.8616', '0.8538', '0.8482', '0.8449', '0.8605', '0.8571', '0.8672', '0.8705', '0.8672', '0.8661', '0.8683', '0.8694', '0.8705', '0.8728', '0.8783', '0.8739', '0.8761', '0.8717', '0.8683', '0.8705', '0.8783', '0.8638', '0.8806', '0.8828', '0.8772', '0.8728', '0.8694', '0.8817', '0.8895', '0.8795', '0.8839', '0.8772', '0.8728', '0.8839', '0.8806', '0.8772', '0.8783', '0.8728', '0.8828', '0.8862', '0.8862', '0.8761', '0.8884', '0.8817', '0.8884', '0.8828', '0.8873', '0.8828', '0.8772', '0.8728', '0.8761', '0.8817', '0.8862', '0.8828', '0.8873', '0.8873', '0.8873', '0.8862', '0.8862', '0.8772', '0.8806', '0.8839', '0.8806', '0.8850', '0.8862', '0.8929', '0.8828', '0.8884', '0.8962', '0.8884', '0.8817', '0.8839', '0.8884', '0.8873', '0.8984', '0.8873', '0.8895', '0.8940', '0.8906', '0.8895', '0.8917', '0.8929', '0.8929', '0.8850', '0.8895', '0.8873', '0.8996', '0.8929', '0.8873', '0.8895', '0.8862', '0.8973', '0.8862', '0.8906', '0.8940', '0.8929', '0.9029', '0.8906', '0.9018', '0.8962', '0.8973', '0.8895', '0.8996', '0.8895', '0.8962', '0.8895', '0.8929', '0.9007', '0.8951', '0.8996', '0.8895', '0.8929', '0.8940', '0.8973', '0.8951', '0.8996', '0.8996', '0.8984', '0.8973', '0.8951', '0.9018', '0.8984', '0.8906', '0.8973']
INFO:__main__:****************************************************************************************************
INFO:__main__: epoch0 测试test_Loss: 0.4584  test_ACC: 0.8691  
INFO:__main__:SENS: 0.7784 SPEC: 0.9219 PPV: 0.8530 NPV: 0.8772 F1:0.8140
INFO:__main__:test_Best_acc:0.8691
INFO:__main__:flops:15466226688.0  params:134268738.0
