INFO:__main__:
【train】epoch:0/150 loss:0.6397 acc:0.6578
INFO:__main__:
【val】epoch:0/150 loss:0.5767 acc:0.6984
INFO:__main__:
【Val】:  SENS: 0.8019  SPEC: 0.6141  PPV: 0.6289  NPV: 0.7917 F1:0.7049
INFO:__main__:验证的best_acc:0.6984
INFO:__main__:----------------------------------------------------------------------------------------------------
INFO:__main__:
【train】epoch:1/150 loss:0.5206 acc:0.7415
INFO:__main__:
【val】epoch:1/150 loss:0.5869 acc:0.6864
INFO:__main__:
【Val】:  SENS: 0.5094  SPEC: 0.8308  PPV: 0.7105  NPV: 0.6750 F1:0.5934
INFO:__main__:验证的best_acc:0.6984
INFO:__main__:----------------------------------------------------------------------------------------------------
INFO:__main__:
【train】epoch:2/150 loss:0.4516 acc:0.7851
INFO:__main__:
【val】epoch:2/150 loss:0.4238 acc:0.8157
INFO:__main__:
【Val】:  SENS: 0.9057  SPEC: 0.7423  PPV: 0.7413  NPV: 0.9061 F1:0.8153
INFO:__main__:验证的best_acc:0.8157
INFO:__main__:----------------------------------------------------------------------------------------------------
INFO:__main__:
【train】epoch:3/150 loss:0.3897 acc:0.8217
INFO:__main__:
【val】epoch:3/150 loss:0.3562 acc:0.8291
INFO:__main__:
【Val】:  SENS: 0.7799  SPEC: 0.8692  PPV: 0.8294  NPV: 0.8289 F1:0.8039
INFO:__main__:验证的best_acc:0.8291
INFO:__main__:----------------------------------------------------------------------------------------------------
INFO:__main__:
【train】epoch:4/150 loss:0.3592 acc:0.8429
INFO:__main__:
【val】epoch:4/150 loss:0.3171 acc:0.8531
INFO:__main__:
【Val】:  SENS: 0.7736  SPEC: 0.9179  PPV: 0.8849  NPV: 0.8326 F1:0.8255
INFO:__main__:验证的best_acc:0.8531
INFO:__main__:----------------------------------------------------------------------------------------------------
INFO:__main__:
【train】epoch:5/150 loss:0.3277 acc:0.8589
INFO:__main__:
【val】epoch:5/150 loss:0.3097 acc:0.8701
INFO:__main__:
【Val】:  SENS: 0.9198  SPEC: 0.8295  PPV: 0.8148  NPV: 0.9269 F1:0.8641
INFO:__main__:验证的best_acc:0.8701
INFO:__main__:----------------------------------------------------------------------------------------------------
INFO:__main__:
【train】epoch:6/150 loss:0.3296 acc:0.8619
INFO:__main__:
【val】epoch:6/150 loss:0.3175 acc:0.8715
INFO:__main__:
【Val】:  SENS: 0.9245  SPEC: 0.8282  PPV: 0.8144  NPV: 0.9308 F1:0.8660
INFO:__main__:验证的best_acc:0.8715
INFO:__main__:----------------------------------------------------------------------------------------------------
INFO:__main__:
【train】epoch:7/150 loss:0.3095 acc:0.8699
INFO:__main__:
【val】epoch:7/150 loss:0.3607 acc:0.8305
INFO:__main__:
【Val】:  SENS: 0.9575  SPEC: 0.7269  PPV: 0.7409  NPV: 0.9545 F1:0.8354
INFO:__main__:验证的best_acc:0.8715
INFO:__main__:----------------------------------------------------------------------------------------------------
INFO:__main__:
【train】epoch:8/150 loss:0.2903 acc:0.8773
INFO:__main__:
【val】epoch:8/150 loss:0.2717 acc:0.8842
INFO:__main__:
【Val】:  SENS: 0.8884  SPEC: 0.8808  PPV: 0.8587  NPV: 0.9063 F1:0.8733
INFO:__main__:验证的best_acc:0.8842
INFO:__main__:----------------------------------------------------------------------------------------------------
INFO:__main__:
【train】epoch:9/150 loss:0.2779 acc:0.8893
INFO:__main__:
【val】epoch:9/150 loss:0.2524 acc:0.8983
INFO:__main__:
【Val】:  SENS: 0.8836  SPEC: 0.9103  PPV: 0.8892  NPV: 0.9056 F1:0.8864
INFO:__main__:验证的best_acc:0.8983
INFO:__main__:----------------------------------------------------------------------------------------------------
INFO:__main__:
【train】epoch:10/150 loss:0.2631 acc:0.8925
INFO:__main__:
【val】epoch:10/150 loss:0.3202 acc:0.8672
INFO:__main__:
【Val】:  SENS: 0.9340  SPEC: 0.8128  PPV: 0.8027  NPV: 0.9379 F1:0.8634
INFO:__main__:验证的best_acc:0.8983
INFO:__main__:----------------------------------------------------------------------------------------------------
INFO:__main__:
【train】epoch:11/150 loss:0.2499 acc:0.8992
INFO:__main__:
【val】epoch:11/150 loss:0.2333 acc:0.9061
INFO:__main__:
【Val】:  SENS: 0.8836  SPEC: 0.9244  PPV: 0.9050  NPV: 0.9069 F1:0.8942
INFO:__main__:验证的best_acc:0.9061
INFO:__main__:----------------------------------------------------------------------------------------------------
INFO:__main__:
【train】epoch:12/150 loss:0.2489 acc:0.8972
INFO:__main__:
【val】epoch:12/150 loss:0.2322 acc:0.9160
INFO:__main__:
【Val】:  SENS: 0.9245  SPEC: 0.9090  PPV: 0.8923  NPV: 0.9366 F1:0.9081
INFO:__main__:验证的best_acc:0.9160
INFO:__main__:----------------------------------------------------------------------------------------------------
INFO:__main__:
【train】epoch:13/150 loss:0.2406 acc:0.9002
INFO:__main__:
【val】epoch:13/150 loss:0.2497 acc:0.9047
INFO:__main__:
【Val】:  SENS: 0.9041  SPEC: 0.9051  PPV: 0.8860  NPV: 0.9205 F1:0.8949
INFO:__main__:验证的best_acc:0.9160
INFO:__main__:----------------------------------------------------------------------------------------------------
INFO:__main__:
【train】epoch:14/150 loss:0.2339 acc:0.9011
INFO:__main__:
【val】epoch:14/150 loss:0.2569 acc:0.9032
INFO:__main__:
【Val】:  SENS: 0.9072  SPEC: 0.9000  PPV: 0.8809  NPV: 0.9225 F1:0.8939
INFO:__main__:验证的best_acc:0.9160
INFO:__main__:----------------------------------------------------------------------------------------------------
INFO:__main__:
【train】epoch:15/150 loss:0.2204 acc:0.9091
INFO:__main__:
【val】epoch:15/150 loss:0.2554 acc:0.9061
INFO:__main__:
【Val】:  SENS: 0.9214  SPEC: 0.8936  PPV: 0.8759  NPV: 0.9331 F1:0.8981
INFO:__main__:验证的best_acc:0.9160
INFO:__main__:----------------------------------------------------------------------------------------------------
INFO:__main__:
【train】epoch:16/150 loss:0.2179 acc:0.9112
INFO:__main__:
【val】epoch:16/150 loss:0.2886 acc:0.9124
INFO:__main__:
【Val】:  SENS: 0.9403  SPEC: 0.8897  PPV: 0.8743  NPV: 0.9481 F1:0.9061
INFO:__main__:验证的best_acc:0.9160
INFO:__main__:----------------------------------------------------------------------------------------------------
INFO:__main__:
【train】epoch:17/150 loss:0.2112 acc:0.9135
INFO:__main__:
【val】epoch:17/150 loss:0.2618 acc:0.9131
INFO:__main__:
【Val】:  SENS: 0.9403  SPEC: 0.8910  PPV: 0.8755  NPV: 0.9482 F1:0.9067
INFO:__main__:验证的best_acc:0.9160
INFO:__main__:----------------------------------------------------------------------------------------------------
INFO:__main__:
【train】epoch:18/150 loss:0.2126 acc:0.9131
INFO:__main__:
【val】epoch:18/150 loss:0.2762 acc:0.8948
INFO:__main__:
【Val】:  SENS: 0.9261  SPEC: 0.8692  PPV: 0.8524  NPV: 0.9352 F1:0.8877
INFO:__main__:验证的best_acc:0.9160
INFO:__main__:----------------------------------------------------------------------------------------------------
INFO:__main__:
【train】epoch:19/150 loss:0.1880 acc:0.9237
INFO:__main__:
【val】epoch:19/150 loss:0.2720 acc:0.9103
INFO:__main__:
【Val】:  SENS: 0.9292  SPEC: 0.8949  PPV: 0.8782  NPV: 0.9394 F1:0.9030
INFO:__main__:验证的best_acc:0.9160
INFO:__main__:----------------------------------------------------------------------------------------------------
INFO:__main__:
【train】epoch:20/150 loss:0.1819 acc:0.9237
INFO:__main__:
【val】epoch:20/150 loss:0.3118 acc:0.9068
INFO:__main__:
【Val】:  SENS: 0.9025  SPEC: 0.9103  PPV: 0.8913  NPV: 0.9197 F1:0.8969
INFO:__main__:验证的best_acc:0.9160
INFO:__main__:----------------------------------------------------------------------------------------------------
INFO:__main__:
【train】epoch:21/150 loss:0.1698 acc:0.9347
INFO:__main__:
【val】epoch:21/150 loss:0.2822 acc:0.9011
INFO:__main__:
【Val】:  SENS: 0.8774  SPEC: 0.9205  PPV: 0.9000  NPV: 0.9020 F1:0.8885
INFO:__main__:验证的best_acc:0.9160
INFO:__main__:----------------------------------------------------------------------------------------------------
INFO:__main__:
【train】epoch:22/150 loss:0.1657 acc:0.9311
INFO:__main__:
【val】epoch:22/150 loss:0.2745 acc:0.9054
INFO:__main__:
【Val】:  SENS: 0.8538  SPEC: 0.9474  PPV: 0.9298  NPV: 0.8882 F1:0.8902
INFO:__main__:验证的best_acc:0.9160
INFO:__main__:----------------------------------------------------------------------------------------------------
INFO:__main__:
【train】epoch:23/150 loss:0.1510 acc:0.9440
INFO:__main__:
【val】epoch:23/150 loss:0.2847 acc:0.8983
INFO:__main__:
【Val】:  SENS: 0.8616  SPEC: 0.9282  PPV: 0.9073  NPV: 0.8916 F1:0.8839
INFO:__main__:验证的best_acc:0.9160
INFO:__main__:----------------------------------------------------------------------------------------------------
INFO:__main__:
【train】epoch:24/150 loss:0.1597 acc:0.9382
INFO:__main__:
【val】epoch:24/150 loss:0.2322 acc:0.9167
INFO:__main__:
【Val】:  SENS: 0.9135  SPEC: 0.9192  PPV: 0.9022  NPV: 0.9288 F1:0.9078
INFO:__main__:验证的best_acc:0.9167
INFO:__main__:----------------------------------------------------------------------------------------------------
INFO:__main__:
【train】epoch:25/150 loss:0.1524 acc:0.9382
INFO:__main__:
【val】epoch:25/150 loss:0.2737 acc:0.9018
INFO:__main__:
【Val】:  SENS: 0.8742  SPEC: 0.9244  PPV: 0.9041  NPV: 0.9001 F1:0.8889
INFO:__main__:验证的best_acc:0.9167
INFO:__main__:----------------------------------------------------------------------------------------------------
INFO:__main__:
【train】epoch:26/150 loss:0.1513 acc:0.9401
INFO:__main__:
【val】epoch:26/150 loss:0.2540 acc:0.9040
INFO:__main__:
【Val】:  SENS: 0.8789  SPEC: 0.9244  PPV: 0.9045  NPV: 0.9035 F1:0.8915
INFO:__main__:验证的best_acc:0.9167
INFO:__main__:----------------------------------------------------------------------------------------------------
INFO:__main__:
【train】epoch:27/150 loss:0.1421 acc:0.9456
INFO:__main__:
【val】epoch:27/150 loss:0.3036 acc:0.9068
INFO:__main__:
【Val】:  SENS: 0.9230  SPEC: 0.8936  PPV: 0.8761  NPV: 0.9343 F1:0.8989
INFO:__main__:验证的best_acc:0.9167
INFO:__main__:----------------------------------------------------------------------------------------------------
INFO:__main__:
【train】epoch:28/150 loss:0.1408 acc:0.9484
INFO:__main__:
【val】epoch:28/150 loss:0.2247 acc:0.9103
INFO:__main__:
【Val】:  SENS: 0.8711  SPEC: 0.9423  PPV: 0.9249  NPV: 0.8996 F1:0.8972
INFO:__main__:验证的best_acc:0.9167
INFO:__main__:----------------------------------------------------------------------------------------------------
INFO:__main__:
【train】epoch:29/150 loss:0.1234 acc:0.9513
INFO:__main__:
【val】epoch:29/150 loss:0.2660 acc:0.9082
INFO:__main__:
【Val】:  SENS: 0.8774  SPEC: 0.9333  PPV: 0.9148  NPV: 0.9032 F1:0.8957
INFO:__main__:验证的best_acc:0.9167
INFO:__main__:----------------------------------------------------------------------------------------------------
INFO:__main__:
【train】epoch:30/150 loss:0.1208 acc:0.9546
INFO:__main__:
【val】epoch:30/150 loss:0.2378 acc:0.9160
INFO:__main__:
【Val】:  SENS: 0.9057  SPEC: 0.9244  PPV: 0.9071  NPV: 0.9232 F1:0.9064
INFO:__main__:验证的best_acc:0.9167
INFO:__main__:----------------------------------------------------------------------------------------------------
INFO:__main__:
【train】epoch:31/150 loss:0.1079 acc:0.9590
INFO:__main__:
【val】epoch:31/150 loss:0.2885 acc:0.9075
INFO:__main__:
【Val】:  SENS: 0.8805  SPEC: 0.9295  PPV: 0.9106  NPV: 0.9051 F1:0.8953
INFO:__main__:验证的best_acc:0.9167
INFO:__main__:----------------------------------------------------------------------------------------------------
INFO:__main__:
【train】epoch:32/150 loss:0.1157 acc:0.9564
INFO:__main__:
【val】epoch:32/150 loss:0.3032 acc:0.8891
INFO:__main__:
【Val】:  SENS: 0.8538  SPEC: 0.9179  PPV: 0.8946  NPV: 0.8850 F1:0.8737
INFO:__main__:验证的best_acc:0.9167
INFO:__main__:----------------------------------------------------------------------------------------------------
INFO:__main__:
【train】epoch:33/150 loss:0.1168 acc:0.9573
INFO:__main__:
【val】epoch:33/150 loss:0.2133 acc:0.9117
INFO:__main__:
【Val】:  SENS: 0.9324  SPEC: 0.8949  PPV: 0.8785  NPV: 0.9420 F1:0.9047
INFO:__main__:验证的best_acc:0.9167
INFO:__main__:----------------------------------------------------------------------------------------------------
INFO:__main__:
【train】epoch:34/150 loss:0.1133 acc:0.9571
INFO:__main__:
【val】epoch:34/150 loss:0.2228 acc:0.9124
INFO:__main__:
【Val】:  SENS: 0.9182  SPEC: 0.9077  PPV: 0.8902  NPV: 0.9316 F1:0.9040
INFO:__main__:验证的best_acc:0.9167
INFO:__main__:----------------------------------------------------------------------------------------------------
INFO:__main__:
【train】epoch:35/150 loss:0.1083 acc:0.9566
INFO:__main__:
【val】epoch:35/150 loss:0.2571 acc:0.9195
INFO:__main__:
【Val】:  SENS: 0.9025  SPEC: 0.9333  PPV: 0.9169  NPV: 0.9215 F1:0.9097
INFO:__main__:验证的best_acc:0.9195
INFO:__main__:----------------------------------------------------------------------------------------------------
INFO:__main__:
【train】epoch:36/150 loss:0.1005 acc:0.9620
INFO:__main__:
【val】epoch:36/150 loss:0.2697 acc:0.9131
INFO:__main__:
【Val】:  SENS: 0.9135  SPEC: 0.9128  PPV: 0.8952  NPV: 0.9283 F1:0.9043
INFO:__main__:验证的best_acc:0.9195
INFO:__main__:----------------------------------------------------------------------------------------------------
INFO:__main__:
【train】epoch:37/150 loss:0.0996 acc:0.9597
INFO:__main__:
【val】epoch:37/150 loss:0.2644 acc:0.9103
INFO:__main__:
【Val】:  SENS: 0.8915  SPEC: 0.9256  PPV: 0.9072  NPV: 0.9128 F1:0.8993
INFO:__main__:验证的best_acc:0.9195
INFO:__main__:----------------------------------------------------------------------------------------------------
INFO:__main__:
【train】epoch:38/150 loss:0.1026 acc:0.9594
INFO:__main__:
【val】epoch:38/150 loss:0.2379 acc:0.9124
INFO:__main__:
【Val】:  SENS: 0.9119  SPEC: 0.9128  PPV: 0.8951  NPV: 0.9271 F1:0.9034
INFO:__main__:验证的best_acc:0.9195
INFO:__main__:----------------------------------------------------------------------------------------------------
INFO:__main__:
【train】epoch:39/150 loss:0.1038 acc:0.9605
INFO:__main__:
【val】epoch:39/150 loss:0.2393 acc:0.9209
INFO:__main__:
【Val】:  SENS: 0.9088  SPEC: 0.9308  PPV: 0.9146  NPV: 0.9260 F1:0.9117
INFO:__main__:验证的best_acc:0.9209
INFO:__main__:----------------------------------------------------------------------------------------------------
INFO:__main__:
【train】epoch:40/150 loss:0.0992 acc:0.9626
INFO:__main__:
【val】epoch:40/150 loss:0.2440 acc:0.9266
INFO:__main__:
【Val】:  SENS: 0.9418  SPEC: 0.9141  PPV: 0.8994  NPV: 0.9507 F1:0.9201
INFO:__main__:验证的best_acc:0.9266
INFO:__main__:----------------------------------------------------------------------------------------------------
INFO:__main__:
【train】epoch:41/150 loss:0.0764 acc:0.9703
INFO:__main__:
【val】epoch:41/150 loss:0.2989 acc:0.9124
INFO:__main__:
【Val】:  SENS: 0.9387  SPEC: 0.8910  PPV: 0.8754  NPV: 0.9469 F1:0.9059
INFO:__main__:验证的best_acc:0.9266
INFO:__main__:----------------------------------------------------------------------------------------------------
INFO:__main__:
【train】epoch:42/150 loss:0.0881 acc:0.9675
INFO:__main__:
【val】epoch:42/150 loss:0.2594 acc:0.9216
INFO:__main__:
【Val】:  SENS: 0.8947  SPEC: 0.9436  PPV: 0.9282  NPV: 0.9166 F1:0.9111
INFO:__main__:验证的best_acc:0.9266
INFO:__main__:----------------------------------------------------------------------------------------------------
INFO:__main__:
【train】epoch:43/150 loss:0.0914 acc:0.9665
INFO:__main__:
【val】epoch:43/150 loss:0.2541 acc:0.9117
INFO:__main__:
【Val】:  SENS: 0.8962  SPEC: 0.9244  PPV: 0.9062  NPV: 0.9161 F1:0.9012
INFO:__main__:验证的best_acc:0.9266
INFO:__main__:----------------------------------------------------------------------------------------------------
INFO:__main__:
【train】epoch:44/150 loss:0.0822 acc:0.9691
INFO:__main__:
【val】epoch:44/150 loss:0.2436 acc:0.9251
INFO:__main__:
【Val】:  SENS: 0.9151  SPEC: 0.9333  PPV: 0.9180  NPV: 0.9309 F1:0.9165
INFO:__main__:验证的best_acc:0.9266
INFO:__main__:----------------------------------------------------------------------------------------------------
INFO:__main__:
【train】epoch:45/150 loss:0.0762 acc:0.9702
INFO:__main__:
【val】epoch:45/150 loss:0.2776 acc:0.9223
INFO:__main__:
【Val】:  SENS: 0.9119  SPEC: 0.9308  PPV: 0.9148  NPV: 0.9284 F1:0.9134
INFO:__main__:验证的best_acc:0.9266
INFO:__main__:----------------------------------------------------------------------------------------------------
INFO:__main__:
【train】epoch:46/150 loss:0.0817 acc:0.9702
INFO:__main__:
【val】epoch:46/150 loss:0.2491 acc:0.9167
INFO:__main__:
【Val】:  SENS: 0.9072  SPEC: 0.9244  PPV: 0.9072  NPV: 0.9244 F1:0.9072
INFO:__main__:验证的best_acc:0.9266
INFO:__main__:----------------------------------------------------------------------------------------------------
INFO:__main__:
【train】epoch:47/150 loss:0.0829 acc:0.9686
INFO:__main__:
【val】epoch:47/150 loss:0.2470 acc:0.9167
INFO:__main__:
【Val】:  SENS: 0.9292  SPEC: 0.9064  PPV: 0.8901  NPV: 0.9402 F1:0.9092
INFO:__main__:验证的best_acc:0.9266
INFO:__main__:----------------------------------------------------------------------------------------------------
INFO:__main__:
【train】epoch:48/150 loss:0.0735 acc:0.9725
INFO:__main__:
【val】epoch:48/150 loss:0.2431 acc:0.9167
INFO:__main__:
【Val】:  SENS: 0.9214  SPEC: 0.9128  PPV: 0.8960  NPV: 0.9344 F1:0.9085
INFO:__main__:验证的best_acc:0.9266
INFO:__main__:----------------------------------------------------------------------------------------------------
INFO:__main__:
【train】epoch:49/150 loss:0.0642 acc:0.9740
INFO:__main__:
【val】epoch:49/150 loss:0.2476 acc:0.9294
INFO:__main__:
【Val】:  SENS: 0.9214  SPEC: 0.9359  PPV: 0.9214  NPV: 0.9359 F1:0.9214
INFO:__main__:验证的best_acc:0.9294
INFO:__main__:----------------------------------------------------------------------------------------------------
INFO:__main__:
【train】epoch:50/150 loss:0.0680 acc:0.9748
INFO:__main__:
【val】epoch:50/150 loss:0.2597 acc:0.9223
INFO:__main__:
【Val】:  SENS: 0.9308  SPEC: 0.9154  PPV: 0.8997  NPV: 0.9420 F1:0.9150
INFO:__main__:验证的best_acc:0.9294
INFO:__main__:----------------------------------------------------------------------------------------------------
INFO:__main__:
【train】epoch:51/150 loss:0.0603 acc:0.9785
INFO:__main__:
【val】epoch:51/150 loss:0.2481 acc:0.9209
INFO:__main__:
【Val】:  SENS: 0.9292  SPEC: 0.9141  PPV: 0.8982  NPV: 0.9406 F1:0.9134
INFO:__main__:验证的best_acc:0.9294
INFO:__main__:----------------------------------------------------------------------------------------------------
INFO:__main__:
【train】epoch:52/150 loss:0.0592 acc:0.9781
INFO:__main__:
【val】epoch:52/150 loss:0.2892 acc:0.9216
INFO:__main__:
【Val】:  SENS: 0.9119  SPEC: 0.9295  PPV: 0.9134  NPV: 0.9283 F1:0.9127
INFO:__main__:验证的best_acc:0.9294
INFO:__main__:----------------------------------------------------------------------------------------------------
INFO:__main__:
【train】epoch:53/150 loss:0.0717 acc:0.9721
INFO:__main__:
【val】epoch:53/150 loss:0.2729 acc:0.9153
INFO:__main__:
【Val】:  SENS: 0.9418  SPEC: 0.8936  PPV: 0.8783  NPV: 0.9496 F1:0.9090
INFO:__main__:验证的best_acc:0.9294
INFO:__main__:----------------------------------------------------------------------------------------------------
INFO:__main__:
【train】epoch:54/150 loss:0.0666 acc:0.9758
INFO:__main__:
【val】epoch:54/150 loss:0.2482 acc:0.9181
INFO:__main__:
【Val】:  SENS: 0.8994  SPEC: 0.9333  PPV: 0.9167  NPV: 0.9192 F1:0.9079
INFO:__main__:验证的best_acc:0.9294
INFO:__main__:----------------------------------------------------------------------------------------------------
INFO:__main__:
【train】epoch:55/150 loss:0.0565 acc:0.9781
INFO:__main__:
【val】epoch:55/150 loss:0.2658 acc:0.9230
INFO:__main__:
【Val】:  SENS: 0.8915  SPEC: 0.9487  PPV: 0.9341  NPV: 0.9147 F1:0.9123
INFO:__main__:验证的best_acc:0.9294
INFO:__main__:----------------------------------------------------------------------------------------------------
INFO:__main__:
【train】epoch:56/150 loss:0.0569 acc:0.9765
INFO:__main__:
【val】epoch:56/150 loss:0.2428 acc:0.9251
INFO:__main__:
【Val】:  SENS: 0.9214  SPEC: 0.9282  PPV: 0.9128  NPV: 0.9354 F1:0.9171
INFO:__main__:验证的best_acc:0.9294
INFO:__main__:----------------------------------------------------------------------------------------------------
INFO:__main__:
【train】epoch:57/150 loss:0.0677 acc:0.9725
INFO:__main__:
【val】epoch:57/150 loss:0.2508 acc:0.9244
INFO:__main__:
【Val】:  SENS: 0.9182  SPEC: 0.9295  PPV: 0.9139  NPV: 0.9331 F1:0.9161
INFO:__main__:验证的best_acc:0.9294
INFO:__main__:----------------------------------------------------------------------------------------------------
INFO:__main__:
【train】epoch:58/150 loss:0.0523 acc:0.9806
INFO:__main__:
【val】epoch:58/150 loss:0.3062 acc:0.9181
INFO:__main__:
【Val】:  SENS: 0.9340  SPEC: 0.9051  PPV: 0.8892  NPV: 0.9439 F1:0.9110
INFO:__main__:验证的best_acc:0.9294
INFO:__main__:----------------------------------------------------------------------------------------------------
INFO:__main__:
【train】epoch:59/150 loss:0.0560 acc:0.9808
INFO:__main__:
【val】epoch:59/150 loss:0.2568 acc:0.9329
INFO:__main__:
【Val】:  SENS: 0.9340  SPEC: 0.9321  PPV: 0.9181  NPV: 0.9454 F1:0.9260
INFO:__main__:验证的best_acc:0.9329
INFO:__main__:----------------------------------------------------------------------------------------------------
INFO:__main__:
【train】epoch:60/150 loss:0.0443 acc:0.9845
INFO:__main__:
【val】epoch:60/150 loss:0.2876 acc:0.9153
INFO:__main__:
【Val】:  SENS: 0.8899  SPEC: 0.9359  PPV: 0.9188  NPV: 0.9125 F1:0.9042
INFO:__main__:验证的best_acc:0.9329
INFO:__main__:----------------------------------------------------------------------------------------------------
INFO:__main__:
【train】epoch:61/150 loss:0.0457 acc:0.9825
INFO:__main__:
【val】epoch:61/150 loss:0.2991 acc:0.9244
INFO:__main__:
【Val】:  SENS: 0.9292  SPEC: 0.9205  PPV: 0.9051  NPV: 0.9410 F1:0.9170
INFO:__main__:验证的best_acc:0.9329
INFO:__main__:----------------------------------------------------------------------------------------------------
INFO:__main__:
【train】epoch:62/150 loss:0.0481 acc:0.9811
INFO:__main__:
【val】epoch:62/150 loss:0.2570 acc:0.9244
INFO:__main__:
【Val】:  SENS: 0.9167  SPEC: 0.9308  PPV: 0.9152  NPV: 0.9320 F1:0.9159
INFO:__main__:验证的best_acc:0.9329
INFO:__main__:----------------------------------------------------------------------------------------------------
INFO:__main__:
【train】epoch:63/150 loss:0.0420 acc:0.9836
INFO:__main__:
【val】epoch:63/150 loss:0.2471 acc:0.9181
INFO:__main__:
【Val】:  SENS: 0.9245  SPEC: 0.9128  PPV: 0.8963  NPV: 0.9368 F1:0.9102
INFO:__main__:验证的best_acc:0.9329
INFO:__main__:----------------------------------------------------------------------------------------------------
INFO:__main__:
【train】epoch:64/150 loss:0.0405 acc:0.9853
INFO:__main__:
【val】epoch:64/150 loss:0.2844 acc:0.9280
INFO:__main__:
【Val】:  SENS: 0.9182  SPEC: 0.9359  PPV: 0.9211  NPV: 0.9335 F1:0.9197
INFO:__main__:验证的best_acc:0.9329
INFO:__main__:----------------------------------------------------------------------------------------------------
INFO:__main__:
【train】epoch:65/150 loss:0.0399 acc:0.9845
INFO:__main__:
【val】epoch:65/150 loss:0.2563 acc:0.9258
INFO:__main__:
【Val】:  SENS: 0.8962  SPEC: 0.9500  PPV: 0.9360  NPV: 0.9182 F1:0.9157
INFO:__main__:验证的best_acc:0.9329
INFO:__main__:----------------------------------------------------------------------------------------------------
INFO:__main__:
【train】epoch:66/150 loss:0.0505 acc:0.9846
INFO:__main__:
【val】epoch:66/150 loss:0.3139 acc:0.9131
INFO:__main__:
【Val】:  SENS: 0.9465  SPEC: 0.8859  PPV: 0.8712  NPV: 0.9531 F1:0.9073
INFO:__main__:验证的best_acc:0.9329
INFO:__main__:----------------------------------------------------------------------------------------------------
INFO:__main__:
【train】epoch:67/150 loss:0.0465 acc:0.9831
INFO:__main__:
【val】epoch:67/150 loss:0.2819 acc:0.9202
INFO:__main__:
【Val】:  SENS: 0.9167  SPEC: 0.9231  PPV: 0.9067  NPV: 0.9314 F1:0.9116
INFO:__main__:验证的best_acc:0.9329
INFO:__main__:----------------------------------------------------------------------------------------------------
INFO:__main__:
【train】epoch:68/150 loss:0.0393 acc:0.9864
INFO:__main__:
【val】epoch:68/150 loss:0.3142 acc:0.9195
INFO:__main__:
【Val】:  SENS: 0.9135  SPEC: 0.9244  PPV: 0.9078  NPV: 0.9291 F1:0.9107
INFO:__main__:验证的best_acc:0.9329
INFO:__main__:----------------------------------------------------------------------------------------------------
INFO:__main__:
【train】epoch:69/150 loss:0.0411 acc:0.9843
INFO:__main__:
【val】epoch:69/150 loss:0.2708 acc:0.9167
INFO:__main__:
【Val】:  SENS: 0.9167  SPEC: 0.9167  PPV: 0.8997  NPV: 0.9310 F1:0.9081
INFO:__main__:验证的best_acc:0.9329
INFO:__main__:----------------------------------------------------------------------------------------------------
INFO:__main__:
【train】epoch:70/150 loss:0.0299 acc:0.9887
INFO:__main__:
【val】epoch:70/150 loss:0.2863 acc:0.9223
INFO:__main__:
【Val】:  SENS: 0.9198  SPEC: 0.9244  PPV: 0.9084  NPV: 0.9339 F1:0.9141
INFO:__main__:验证的best_acc:0.9329
INFO:__main__:----------------------------------------------------------------------------------------------------
INFO:__main__:
【train】epoch:71/150 loss:0.0398 acc:0.9868
INFO:__main__:
【val】epoch:71/150 loss:0.2794 acc:0.9237
INFO:__main__:
【Val】:  SENS: 0.9230  SPEC: 0.9244  PPV: 0.9087  NPV: 0.9364 F1:0.9158
INFO:__main__:验证的best_acc:0.9329
INFO:__main__:----------------------------------------------------------------------------------------------------
INFO:__main__:
【train】epoch:72/150 loss:0.0317 acc:0.9878
INFO:__main__:
【val】epoch:72/150 loss:0.2930 acc:0.9294
INFO:__main__:
【Val】:  SENS: 0.9151  SPEC: 0.9410  PPV: 0.9268  NPV: 0.9315 F1:0.9209
INFO:__main__:验证的best_acc:0.9329
INFO:__main__:----------------------------------------------------------------------------------------------------
INFO:__main__:
【train】epoch:73/150 loss:0.0348 acc:0.9866
INFO:__main__:
【val】epoch:73/150 loss:0.3034 acc:0.9202
INFO:__main__:
【Val】:  SENS: 0.8994  SPEC: 0.9372  PPV: 0.9211  NPV: 0.9195 F1:0.9101
INFO:__main__:验证的best_acc:0.9329
INFO:__main__:----------------------------------------------------------------------------------------------------
INFO:__main__:
【train】epoch:74/150 loss:0.0308 acc:0.9883
INFO:__main__:
【val】epoch:74/150 loss:0.3354 acc:0.9280
INFO:__main__:
【Val】:  SENS: 0.9450  SPEC: 0.9141  PPV: 0.8997  NPV: 0.9532 F1:0.9218
INFO:__main__:验证的best_acc:0.9329
INFO:__main__:----------------------------------------------------------------------------------------------------
INFO:__main__:
【train】epoch:75/150 loss:0.0307 acc:0.9875
INFO:__main__:
【val】epoch:75/150 loss:0.3207 acc:0.9244
INFO:__main__:
【Val】:  SENS: 0.9057  SPEC: 0.9397  PPV: 0.9246  NPV: 0.9243 F1:0.9150
INFO:__main__:验证的best_acc:0.9329
INFO:__main__:----------------------------------------------------------------------------------------------------
INFO:__main__:
【train】epoch:76/150 loss:0.0342 acc:0.9869
INFO:__main__:
【val】epoch:76/150 loss:0.2948 acc:0.9230
INFO:__main__:
【Val】:  SENS: 0.9025  SPEC: 0.9397  PPV: 0.9243  NPV: 0.9220 F1:0.9133
INFO:__main__:验证的best_acc:0.9329
INFO:__main__:----------------------------------------------------------------------------------------------------
INFO:__main__:
【train】epoch:77/150 loss:0.0366 acc:0.9878
INFO:__main__:
【val】epoch:77/150 loss:0.2705 acc:0.9223
INFO:__main__:
【Val】:  SENS: 0.9198  SPEC: 0.9244  PPV: 0.9084  NPV: 0.9339 F1:0.9141
INFO:__main__:验证的best_acc:0.9329
INFO:__main__:----------------------------------------------------------------------------------------------------
INFO:__main__:
【train】epoch:78/150 loss:0.0320 acc:0.9878
INFO:__main__:
【val】epoch:78/150 loss:0.2878 acc:0.9223
INFO:__main__:
【Val】:  SENS: 0.9340  SPEC: 0.9128  PPV: 0.8973  NPV: 0.9443 F1:0.9153
INFO:__main__:验证的best_acc:0.9329
INFO:__main__:----------------------------------------------------------------------------------------------------
INFO:__main__:
【train】epoch:79/150 loss:0.0295 acc:0.9901
INFO:__main__:
【val】epoch:79/150 loss:0.3059 acc:0.9244
INFO:__main__:
【Val】:  SENS: 0.9465  SPEC: 0.9064  PPV: 0.8919  NPV: 0.9541 F1:0.9184
INFO:__main__:验证的best_acc:0.9329
INFO:__main__:----------------------------------------------------------------------------------------------------
INFO:__main__:
【train】epoch:80/150 loss:0.0226 acc:0.9917
INFO:__main__:
【val】epoch:80/150 loss:0.3229 acc:0.9188
INFO:__main__:
【Val】:  SENS: 0.9057  SPEC: 0.9295  PPV: 0.9128  NPV: 0.9236 F1:0.9092
INFO:__main__:验证的best_acc:0.9329
INFO:__main__:----------------------------------------------------------------------------------------------------
INFO:__main__:
【train】epoch:81/150 loss:0.0261 acc:0.9915
INFO:__main__:
【val】epoch:81/150 loss:0.3125 acc:0.9266
INFO:__main__:
【Val】:  SENS: 0.9481  SPEC: 0.9090  PPV: 0.8947  NPV: 0.9555 F1:0.9206
INFO:__main__:验证的best_acc:0.9329
INFO:__main__:----------------------------------------------------------------------------------------------------
INFO:__main__:
【train】epoch:82/150 loss:0.0231 acc:0.9931
INFO:__main__:
【val】epoch:82/150 loss:0.3303 acc:0.9273
INFO:__main__:
【Val】:  SENS: 0.9261  SPEC: 0.9282  PPV: 0.9132  NPV: 0.9390 F1:0.9196
INFO:__main__:验证的best_acc:0.9329
INFO:__main__:----------------------------------------------------------------------------------------------------
INFO:__main__:
【train】epoch:83/150 loss:0.0339 acc:0.9889
INFO:__main__:
【val】epoch:83/150 loss:0.3152 acc:0.9174
INFO:__main__:
【Val】:  SENS: 0.9198  SPEC: 0.9154  PPV: 0.8986  NPV: 0.9333 F1:0.9091
INFO:__main__:验证的best_acc:0.9329
INFO:__main__:----------------------------------------------------------------------------------------------------
INFO:__main__:
【train】epoch:84/150 loss:0.0211 acc:0.9928
INFO:__main__:
【val】epoch:84/150 loss:0.2802 acc:0.9266
INFO:__main__:
【Val】:  SENS: 0.9182  SPEC: 0.9333  PPV: 0.9182  NPV: 0.9333 F1:0.9182
INFO:__main__:验证的best_acc:0.9329
INFO:__main__:----------------------------------------------------------------------------------------------------
INFO:__main__:
【train】epoch:85/150 loss:0.0235 acc:0.9915
INFO:__main__:
【val】epoch:85/150 loss:0.3005 acc:0.9216
INFO:__main__:
【Val】:  SENS: 0.9072  SPEC: 0.9333  PPV: 0.9173  NPV: 0.9250 F1:0.9123
INFO:__main__:验证的best_acc:0.9329
INFO:__main__:----------------------------------------------------------------------------------------------------
INFO:__main__:
【train】epoch:86/150 loss:0.0214 acc:0.9929
INFO:__main__:
【val】epoch:86/150 loss:0.3635 acc:0.9167
INFO:__main__:
【Val】:  SENS: 0.8789  SPEC: 0.9474  PPV: 0.9317  NPV: 0.9056 F1:0.9045
INFO:__main__:验证的best_acc:0.9329
INFO:__main__:----------------------------------------------------------------------------------------------------
INFO:__main__:
【train】epoch:87/150 loss:0.0208 acc:0.9929
INFO:__main__:
【val】epoch:87/150 loss:0.3189 acc:0.9287
INFO:__main__:
【Val】:  SENS: 0.9198  SPEC: 0.9359  PPV: 0.9213  NPV: 0.9347 F1:0.9205
INFO:__main__:验证的best_acc:0.9329
INFO:__main__:----------------------------------------------------------------------------------------------------
INFO:__main__:
【train】epoch:88/150 loss:0.0206 acc:0.9935
INFO:__main__:
【val】epoch:88/150 loss:0.3515 acc:0.9216
INFO:__main__:
【Val】:  SENS: 0.9088  SPEC: 0.9321  PPV: 0.9160  NPV: 0.9261 F1:0.9124
INFO:__main__:验证的best_acc:0.9329
INFO:__main__:----------------------------------------------------------------------------------------------------
INFO:__main__:
【train】epoch:89/150 loss:0.0229 acc:0.9922
INFO:__main__:
【val】epoch:89/150 loss:0.3591 acc:0.9160
INFO:__main__:
【Val】:  SENS: 0.9277  SPEC: 0.9064  PPV: 0.8899  NPV: 0.9389 F1:0.9084
INFO:__main__:验证的best_acc:0.9329
INFO:__main__:----------------------------------------------------------------------------------------------------
INFO:__main__:
【train】epoch:90/150 loss:0.0225 acc:0.9926
INFO:__main__:
【val】epoch:90/150 loss:0.3420 acc:0.9195
INFO:__main__:
【Val】:  SENS: 0.9009  SPEC: 0.9346  PPV: 0.9183  NPV: 0.9205 F1:0.9095
INFO:__main__:验证的best_acc:0.9329
INFO:__main__:----------------------------------------------------------------------------------------------------
INFO:__main__:
【train】epoch:91/150 loss:0.0235 acc:0.9913
INFO:__main__:
【val】epoch:91/150 loss:0.3304 acc:0.9266
INFO:__main__:
【Val】:  SENS: 0.8994  SPEC: 0.9487  PPV: 0.9346  NPV: 0.9204 F1:0.9167
INFO:__main__:验证的best_acc:0.9329
INFO:__main__:----------------------------------------------------------------------------------------------------
INFO:__main__:
【train】epoch:92/150 loss:0.0142 acc:0.9952
INFO:__main__:
【val】epoch:92/150 loss:0.3725 acc:0.9237
INFO:__main__:
【Val】:  SENS: 0.8789  SPEC: 0.9603  PPV: 0.9475  NPV: 0.9068 F1:0.9119
INFO:__main__:验证的best_acc:0.9329
INFO:__main__:----------------------------------------------------------------------------------------------------
INFO:__main__:
【train】epoch:93/150 loss:0.0197 acc:0.9935
INFO:__main__:
【val】epoch:93/150 loss:0.3557 acc:0.9216
INFO:__main__:
【Val】:  SENS: 0.9119  SPEC: 0.9295  PPV: 0.9134  NPV: 0.9283 F1:0.9127
INFO:__main__:验证的best_acc:0.9329
INFO:__main__:----------------------------------------------------------------------------------------------------
INFO:__main__:
【train】epoch:94/150 loss:0.0177 acc:0.9935
INFO:__main__:
【val】epoch:94/150 loss:0.3562 acc:0.9273
INFO:__main__:
【Val】:  SENS: 0.9088  SPEC: 0.9423  PPV: 0.9278  NPV: 0.9269 F1:0.9182
INFO:__main__:验证的best_acc:0.9329
INFO:__main__:----------------------------------------------------------------------------------------------------
INFO:__main__:
【train】epoch:95/150 loss:0.0230 acc:0.9913
INFO:__main__:
【val】epoch:95/150 loss:0.3280 acc:0.9209
INFO:__main__:
【Val】:  SENS: 0.9057  SPEC: 0.9333  PPV: 0.9172  NPV: 0.9239 F1:0.9114
INFO:__main__:验证的best_acc:0.9329
INFO:__main__:----------------------------------------------------------------------------------------------------
INFO:__main__:
【train】epoch:96/150 loss:0.0159 acc:0.9952
INFO:__main__:
【val】epoch:96/150 loss:0.3462 acc:0.9209
INFO:__main__:
【Val】:  SENS: 0.8774  SPEC: 0.9564  PPV: 0.9426  NPV: 0.9053 F1:0.9088
INFO:__main__:验证的best_acc:0.9329
INFO:__main__:----------------------------------------------------------------------------------------------------
INFO:__main__:
【train】epoch:97/150 loss:0.0172 acc:0.9935
INFO:__main__:
【val】epoch:97/150 loss:0.3662 acc:0.9237
INFO:__main__:
【Val】:  SENS: 0.8915  SPEC: 0.9500  PPV: 0.9356  NPV: 0.9148 F1:0.9130
INFO:__main__:验证的best_acc:0.9329
INFO:__main__:----------------------------------------------------------------------------------------------------
INFO:__main__:
【train】epoch:98/150 loss:0.0169 acc:0.9940
INFO:__main__:
【val】epoch:98/150 loss:0.3722 acc:0.9110
INFO:__main__:
【Val】:  SENS: 0.8522  SPEC: 0.9590  PPV: 0.9443  NPV: 0.8884 F1:0.8959
INFO:__main__:验证的best_acc:0.9329
INFO:__main__:----------------------------------------------------------------------------------------------------
INFO:__main__:
【train】epoch:99/150 loss:0.0163 acc:0.9942
INFO:__main__:
【val】epoch:99/150 loss:0.3609 acc:0.9223
INFO:__main__:
【Val】:  SENS: 0.8758  SPEC: 0.9603  PPV: 0.9473  NPV: 0.9046 F1:0.9101
INFO:__main__:验证的best_acc:0.9329
INFO:__main__:----------------------------------------------------------------------------------------------------
INFO:__main__:
【train】epoch:100/150 loss:0.0125 acc:0.9940
INFO:__main__:
【val】epoch:100/150 loss:0.3873 acc:0.9188
INFO:__main__:
【Val】:  SENS: 0.8994  SPEC: 0.9346  PPV: 0.9181  NPV: 0.9193 F1:0.9087
INFO:__main__:验证的best_acc:0.9329
INFO:__main__:----------------------------------------------------------------------------------------------------
INFO:__main__:
【train】epoch:101/150 loss:0.0215 acc:0.9936
INFO:__main__:
【val】epoch:101/150 loss:0.3286 acc:0.9216
INFO:__main__:
【Val】:  SENS: 0.8899  SPEC: 0.9474  PPV: 0.9325  NPV: 0.9135 F1:0.9107
INFO:__main__:验证的best_acc:0.9329
INFO:__main__:----------------------------------------------------------------------------------------------------
INFO:__main__:
【train】epoch:102/150 loss:0.0147 acc:0.9944
INFO:__main__:
【val】epoch:102/150 loss:0.3331 acc:0.9280
INFO:__main__:
【Val】:  SENS: 0.9182  SPEC: 0.9359  PPV: 0.9211  NPV: 0.9335 F1:0.9197
INFO:__main__:验证的best_acc:0.9329
INFO:__main__:----------------------------------------------------------------------------------------------------
INFO:__main__:
【train】epoch:103/150 loss:0.0165 acc:0.9945
INFO:__main__:
【val】epoch:103/150 loss:0.3540 acc:0.9223
INFO:__main__:
【Val】:  SENS: 0.8978  SPEC: 0.9423  PPV: 0.9269  NPV: 0.9187 F1:0.9121
INFO:__main__:验证的best_acc:0.9329
INFO:__main__:----------------------------------------------------------------------------------------------------
INFO:__main__:
【train】epoch:104/150 loss:0.0109 acc:0.9963
INFO:__main__:
【val】epoch:104/150 loss:0.3789 acc:0.9188
INFO:__main__:
【Val】:  SENS: 0.8868  SPEC: 0.9449  PPV: 0.9292  NPV: 0.9110 F1:0.9075
INFO:__main__:验证的best_acc:0.9329
INFO:__main__:----------------------------------------------------------------------------------------------------
INFO:__main__:
【train】epoch:105/150 loss:0.0146 acc:0.9949
INFO:__main__:
【val】epoch:105/150 loss:0.3584 acc:0.9202
INFO:__main__:
【Val】:  SENS: 0.8852  SPEC: 0.9487  PPV: 0.9337  NPV: 0.9102 F1:0.9088
INFO:__main__:验证的best_acc:0.9329
INFO:__main__:----------------------------------------------------------------------------------------------------
INFO:__main__:
【train】epoch:106/150 loss:0.0128 acc:0.9951
INFO:__main__:
【val】epoch:106/150 loss:0.3688 acc:0.9223
INFO:__main__:
【Val】:  SENS: 0.8978  SPEC: 0.9423  PPV: 0.9269  NPV: 0.9187 F1:0.9121
INFO:__main__:验证的best_acc:0.9329
INFO:__main__:----------------------------------------------------------------------------------------------------
INFO:__main__:
【train】epoch:107/150 loss:0.0148 acc:0.9954
INFO:__main__:
【val】epoch:107/150 loss:0.3671 acc:0.9188
INFO:__main__:
【Val】:  SENS: 0.8679  SPEC: 0.9603  PPV: 0.9468  NPV: 0.8992 F1:0.9057
INFO:__main__:验证的best_acc:0.9329
INFO:__main__:----------------------------------------------------------------------------------------------------
INFO:__main__:
【train】epoch:108/150 loss:0.0100 acc:0.9956
INFO:__main__:
【val】epoch:108/150 loss:0.3523 acc:0.9294
INFO:__main__:
【Val】:  SENS: 0.8978  SPEC: 0.9551  PPV: 0.9422  NPV: 0.9198 F1:0.9195
INFO:__main__:验证的best_acc:0.9329
INFO:__main__:----------------------------------------------------------------------------------------------------
INFO:__main__:
【train】epoch:109/150 loss:0.0121 acc:0.9961
INFO:__main__:
【val】epoch:109/150 loss:0.3777 acc:0.9209
INFO:__main__:
【Val】:  SENS: 0.8836  SPEC: 0.9513  PPV: 0.9367  NPV: 0.9093 F1:0.9094
INFO:__main__:验证的best_acc:0.9329
INFO:__main__:----------------------------------------------------------------------------------------------------
INFO:__main__:
【train】epoch:110/150 loss:0.0081 acc:0.9965
INFO:__main__:
【val】epoch:110/150 loss:0.3825 acc:0.9280
INFO:__main__:
【Val】:  SENS: 0.9057  SPEC: 0.9462  PPV: 0.9320  NPV: 0.9248 F1:0.9187
INFO:__main__:验证的best_acc:0.9329
INFO:__main__:----------------------------------------------------------------------------------------------------
INFO:__main__:
【train】epoch:111/150 loss:0.0131 acc:0.9947
INFO:__main__:
【val】epoch:111/150 loss:0.3800 acc:0.9230
INFO:__main__:
【Val】:  SENS: 0.9088  SPEC: 0.9346  PPV: 0.9189  NPV: 0.9263 F1:0.9138
INFO:__main__:验证的best_acc:0.9329
INFO:__main__:----------------------------------------------------------------------------------------------------
INFO:__main__:
【train】epoch:112/150 loss:0.0104 acc:0.9956
INFO:__main__:
【val】epoch:112/150 loss:0.4040 acc:0.9195
INFO:__main__:
【Val】:  SENS: 0.9230  SPEC: 0.9167  PPV: 0.9003  NPV: 0.9359 F1:0.9115
INFO:__main__:验证的best_acc:0.9329
INFO:__main__:----------------------------------------------------------------------------------------------------
INFO:__main__:
【train】epoch:113/150 loss:0.0128 acc:0.9952
INFO:__main__:
【val】epoch:113/150 loss:0.3517 acc:0.9258
INFO:__main__:
【Val】:  SENS: 0.9057  SPEC: 0.9423  PPV: 0.9275  NPV: 0.9245 F1:0.9165
INFO:__main__:验证的best_acc:0.9329
INFO:__main__:----------------------------------------------------------------------------------------------------
INFO:__main__:
【train】epoch:114/150 loss:0.0081 acc:0.9970
INFO:__main__:
【val】epoch:114/150 loss:0.3868 acc:0.9237
INFO:__main__:
【Val】:  SENS: 0.9214  SPEC: 0.9256  PPV: 0.9099  NPV: 0.9352 F1:0.9156
INFO:__main__:验证的best_acc:0.9329
INFO:__main__:----------------------------------------------------------------------------------------------------
INFO:__main__:
【train】epoch:115/150 loss:0.0106 acc:0.9959
INFO:__main__:
【val】epoch:115/150 loss:0.3684 acc:0.9237
INFO:__main__:
【Val】:  SENS: 0.9057  SPEC: 0.9385  PPV: 0.9231  NPV: 0.9242 F1:0.9143
INFO:__main__:验证的best_acc:0.9329
INFO:__main__:----------------------------------------------------------------------------------------------------
INFO:__main__:
【train】epoch:116/150 loss:0.0101 acc:0.9959
INFO:__main__:
【val】epoch:116/150 loss:0.3361 acc:0.9336
INFO:__main__:
【Val】:  SENS: 0.9261  SPEC: 0.9397  PPV: 0.9261  NPV: 0.9397 F1:0.9261
INFO:__main__:验证的best_acc:0.9336
INFO:__main__:----------------------------------------------------------------------------------------------------
INFO:__main__:
【train】epoch:117/150 loss:0.0124 acc:0.9958
INFO:__main__:
【val】epoch:117/150 loss:0.3382 acc:0.9266
INFO:__main__:
【Val】:  SENS: 0.8962  SPEC: 0.9513  PPV: 0.9375  NPV: 0.9183 F1:0.9164
INFO:__main__:验证的best_acc:0.9336
INFO:__main__:----------------------------------------------------------------------------------------------------
INFO:__main__:
【train】epoch:118/150 loss:0.0085 acc:0.9966
INFO:__main__:
【val】epoch:118/150 loss:0.3653 acc:0.9287
INFO:__main__:
【Val】:  SENS: 0.9261  SPEC: 0.9308  PPV: 0.9160  NPV: 0.9392 F1:0.9210
INFO:__main__:验证的best_acc:0.9336
INFO:__main__:----------------------------------------------------------------------------------------------------
INFO:__main__:
【train】epoch:119/150 loss:0.0078 acc:0.9965
INFO:__main__:
【val】epoch:119/150 loss:0.3440 acc:0.9301
INFO:__main__:
【Val】:  SENS: 0.9072  SPEC: 0.9487  PPV: 0.9352  NPV: 0.9262 F1:0.9210
INFO:__main__:验证的best_acc:0.9336
INFO:__main__:----------------------------------------------------------------------------------------------------
INFO:__main__:
【train】epoch:120/150 loss:0.0088 acc:0.9963
INFO:__main__:
【val】epoch:120/150 loss:0.3544 acc:0.9280
INFO:__main__:
【Val】:  SENS: 0.9167  SPEC: 0.9372  PPV: 0.9225  NPV: 0.9324 F1:0.9196
INFO:__main__:验证的best_acc:0.9336
INFO:__main__:----------------------------------------------------------------------------------------------------
INFO:__main__:
【train】epoch:121/150 loss:0.0072 acc:0.9972
INFO:__main__:
【val】epoch:121/150 loss:0.3675 acc:0.9266
INFO:__main__:
【Val】:  SENS: 0.9057  SPEC: 0.9436  PPV: 0.9290  NPV: 0.9246 F1:0.9172
INFO:__main__:验证的best_acc:0.9336
INFO:__main__:----------------------------------------------------------------------------------------------------
INFO:__main__:
【train】epoch:122/150 loss:0.0088 acc:0.9974
INFO:__main__:
【val】epoch:122/150 loss:0.3822 acc:0.9280
INFO:__main__:
【Val】:  SENS: 0.9057  SPEC: 0.9462  PPV: 0.9320  NPV: 0.9248 F1:0.9187
INFO:__main__:验证的best_acc:0.9336
INFO:__main__:----------------------------------------------------------------------------------------------------
INFO:__main__:
【train】epoch:123/150 loss:0.0073 acc:0.9970
INFO:__main__:
【val】epoch:123/150 loss:0.3761 acc:0.9273
INFO:__main__:
【Val】:  SENS: 0.9308  SPEC: 0.9244  PPV: 0.9094  NPV: 0.9425 F1:0.9200
INFO:__main__:验证的best_acc:0.9336
INFO:__main__:----------------------------------------------------------------------------------------------------
INFO:__main__:
【train】epoch:124/150 loss:0.0071 acc:0.9974
INFO:__main__:
【val】epoch:124/150 loss:0.3808 acc:0.9230
INFO:__main__:
【Val】:  SENS: 0.9277  SPEC: 0.9192  PPV: 0.9035  NPV: 0.9397 F1:0.9154
INFO:__main__:验证的best_acc:0.9336
INFO:__main__:----------------------------------------------------------------------------------------------------
INFO:__main__:
【train】epoch:125/150 loss:0.0120 acc:0.9958
INFO:__main__:
【val】epoch:125/150 loss:0.3633 acc:0.9251
INFO:__main__:
【Val】:  SENS: 0.9245  SPEC: 0.9256  PPV: 0.9102  NPV: 0.9377 F1:0.9173
INFO:__main__:验证的best_acc:0.9336
INFO:__main__:----------------------------------------------------------------------------------------------------
INFO:__main__:
【train】epoch:126/150 loss:0.0082 acc:0.9974
INFO:__main__:
【val】epoch:126/150 loss:0.3737 acc:0.9266
INFO:__main__:
【Val】:  SENS: 0.9277  SPEC: 0.9256  PPV: 0.9105  NPV: 0.9401 F1:0.9190
INFO:__main__:验证的best_acc:0.9336
INFO:__main__:----------------------------------------------------------------------------------------------------
INFO:__main__:
【train】epoch:127/150 loss:0.0092 acc:0.9966
INFO:__main__:
【val】epoch:127/150 loss:0.4130 acc:0.9237
INFO:__main__:
【Val】:  SENS: 0.8994  SPEC: 0.9436  PPV: 0.9286  NPV: 0.9200 F1:0.9137
INFO:__main__:验证的best_acc:0.9336
INFO:__main__:----------------------------------------------------------------------------------------------------
INFO:__main__:
【train】epoch:128/150 loss:0.0093 acc:0.9979
INFO:__main__:
【val】epoch:128/150 loss:0.4467 acc:0.9160
INFO:__main__:
【Val】:  SENS: 0.8758  SPEC: 0.9487  PPV: 0.9330  NPV: 0.9035 F1:0.9035
INFO:__main__:验证的best_acc:0.9336
INFO:__main__:----------------------------------------------------------------------------------------------------
INFO:__main__:
【train】epoch:129/150 loss:0.0113 acc:0.9954
INFO:__main__:
【val】epoch:129/150 loss:0.3987 acc:0.9237
INFO:__main__:
【Val】:  SENS: 0.9072  SPEC: 0.9372  PPV: 0.9217  NPV: 0.9253 F1:0.9144
INFO:__main__:验证的best_acc:0.9336
INFO:__main__:----------------------------------------------------------------------------------------------------
INFO:__main__:
【train】epoch:130/150 loss:0.0073 acc:0.9968
INFO:__main__:
【val】epoch:130/150 loss:0.3727 acc:0.9244
INFO:__main__:
【Val】:  SENS: 0.9151  SPEC: 0.9321  PPV: 0.9165  NPV: 0.9309 F1:0.9158
INFO:__main__:验证的best_acc:0.9336
INFO:__main__:----------------------------------------------------------------------------------------------------
INFO:__main__:
【train】epoch:131/150 loss:0.0064 acc:0.9977
INFO:__main__:
【val】epoch:131/150 loss:0.4042 acc:0.9287
INFO:__main__:
【Val】:  SENS: 0.9041  SPEC: 0.9487  PPV: 0.9350  NPV: 0.9238 F1:0.9193
INFO:__main__:验证的best_acc:0.9336
INFO:__main__:----------------------------------------------------------------------------------------------------
INFO:__main__:
【train】epoch:132/150 loss:0.0085 acc:0.9972
INFO:__main__:
【val】epoch:132/150 loss:0.4092 acc:0.9258
INFO:__main__:
【Val】:  SENS: 0.8994  SPEC: 0.9474  PPV: 0.9331  NPV: 0.9203 F1:0.9159
INFO:__main__:验证的best_acc:0.9336
INFO:__main__:----------------------------------------------------------------------------------------------------
INFO:__main__:
【train】epoch:133/150 loss:0.0088 acc:0.9970
INFO:__main__:
【val】epoch:133/150 loss:0.3858 acc:0.9230
INFO:__main__:
【Val】:  SENS: 0.8962  SPEC: 0.9449  PPV: 0.9299  NPV: 0.9178 F1:0.9127
INFO:__main__:验证的best_acc:0.9336
INFO:__main__:----------------------------------------------------------------------------------------------------
INFO:__main__:
【train】epoch:134/150 loss:0.0088 acc:0.9977
INFO:__main__:
【val】epoch:134/150 loss:0.3808 acc:0.9216
INFO:__main__:
【Val】:  SENS: 0.9009  SPEC: 0.9385  PPV: 0.9227  NPV: 0.9208 F1:0.9117
INFO:__main__:验证的best_acc:0.9336
INFO:__main__:----------------------------------------------------------------------------------------------------
INFO:__main__:
【train】epoch:135/150 loss:0.0101 acc:0.9959
INFO:__main__:
【val】epoch:135/150 loss:0.4068 acc:0.9188
INFO:__main__:
【Val】:  SENS: 0.8774  SPEC: 0.9526  PPV: 0.9378  NPV: 0.9050 F1:0.9066
INFO:__main__:验证的best_acc:0.9336
INFO:__main__:----------------------------------------------------------------------------------------------------
INFO:__main__:
【train】epoch:136/150 loss:0.0078 acc:0.9968
INFO:__main__:
【val】epoch:136/150 loss:0.3677 acc:0.9230
INFO:__main__:
【Val】:  SENS: 0.8931  SPEC: 0.9474  PPV: 0.9327  NPV: 0.9157 F1:0.9124
INFO:__main__:验证的best_acc:0.9336
INFO:__main__:----------------------------------------------------------------------------------------------------
INFO:__main__:
【train】epoch:137/150 loss:0.0060 acc:0.9979
INFO:__main__:
【val】epoch:137/150 loss:0.3818 acc:0.9167
INFO:__main__:
【Val】:  SENS: 0.8836  SPEC: 0.9436  PPV: 0.9274  NPV: 0.9086 F1:0.9050
INFO:__main__:验证的best_acc:0.9336
INFO:__main__:----------------------------------------------------------------------------------------------------
INFO:__main__:
【train】epoch:138/150 loss:0.0060 acc:0.9981
INFO:__main__:
【val】epoch:138/150 loss:0.3777 acc:0.9258
INFO:__main__:
【Val】:  SENS: 0.9041  SPEC: 0.9436  PPV: 0.9289  NPV: 0.9235 F1:0.9163
INFO:__main__:验证的best_acc:0.9336
INFO:__main__:----------------------------------------------------------------------------------------------------
INFO:__main__:
【train】epoch:139/150 loss:0.0065 acc:0.9977
INFO:__main__:
【val】epoch:139/150 loss:0.3877 acc:0.9195
INFO:__main__:
【Val】:  SENS: 0.8852  SPEC: 0.9474  PPV: 0.9321  NPV: 0.9101 F1:0.9081
INFO:__main__:验证的best_acc:0.9336
INFO:__main__:----------------------------------------------------------------------------------------------------
INFO:__main__:
【train】epoch:140/150 loss:0.0052 acc:0.9986
INFO:__main__:
【val】epoch:140/150 loss:0.3921 acc:0.9202
INFO:__main__:
【Val】:  SENS: 0.8852  SPEC: 0.9487  PPV: 0.9337  NPV: 0.9102 F1:0.9088
INFO:__main__:验证的best_acc:0.9336
INFO:__main__:----------------------------------------------------------------------------------------------------
INFO:__main__:
【train】epoch:141/150 loss:0.0067 acc:0.9970
INFO:__main__:
【val】epoch:141/150 loss:0.4135 acc:0.9174
INFO:__main__:
【Val】:  SENS: 0.8758  SPEC: 0.9513  PPV: 0.9361  NPV: 0.9038 F1:0.9050
INFO:__main__:验证的best_acc:0.9336
INFO:__main__:----------------------------------------------------------------------------------------------------
INFO:__main__:
【train】epoch:142/150 loss:0.0040 acc:0.9988
INFO:__main__:
【val】epoch:142/150 loss:0.4008 acc:0.9237
INFO:__main__:
【Val】:  SENS: 0.8868  SPEC: 0.9538  PPV: 0.9400  NPV: 0.9118 F1:0.9126
INFO:__main__:验证的best_acc:0.9336
INFO:__main__:----------------------------------------------------------------------------------------------------
INFO:__main__:
【train】epoch:143/150 loss:0.0074 acc:0.9972
INFO:__main__:
【val】epoch:143/150 loss:0.3830 acc:0.9258
INFO:__main__:
【Val】:  SENS: 0.9057  SPEC: 0.9423  PPV: 0.9275  NPV: 0.9245 F1:0.9165
INFO:__main__:验证的best_acc:0.9336
INFO:__main__:----------------------------------------------------------------------------------------------------
INFO:__main__:
【train】epoch:144/150 loss:0.0064 acc:0.9981
INFO:__main__:
【val】epoch:144/150 loss:0.3956 acc:0.9223
INFO:__main__:
【Val】:  SENS: 0.8931  SPEC: 0.9462  PPV: 0.9311  NPV: 0.9156 F1:0.9117
INFO:__main__:验证的best_acc:0.9336
INFO:__main__:----------------------------------------------------------------------------------------------------
INFO:__main__:
【train】epoch:145/150 loss:0.0056 acc:0.9982
INFO:__main__:
【val】epoch:145/150 loss:0.4141 acc:0.9230
INFO:__main__:
【Val】:  SENS: 0.8947  SPEC: 0.9462  PPV: 0.9313  NPV: 0.9168 F1:0.9126
INFO:__main__:验证的best_acc:0.9336
INFO:__main__:----------------------------------------------------------------------------------------------------
INFO:__main__:
【train】epoch:146/150 loss:0.0030 acc:0.9989
INFO:__main__:
【val】epoch:146/150 loss:0.4244 acc:0.9209
INFO:__main__:
【Val】:  SENS: 0.8931  SPEC: 0.9436  PPV: 0.9281  NPV: 0.9154 F1:0.9103
INFO:__main__:验证的best_acc:0.9336
INFO:__main__:----------------------------------------------------------------------------------------------------
INFO:__main__:
【train】epoch:147/150 loss:0.0062 acc:0.9977
INFO:__main__:
【val】epoch:147/150 loss:0.4022 acc:0.9230
INFO:__main__:
【Val】:  SENS: 0.8947  SPEC: 0.9462  PPV: 0.9313  NPV: 0.9168 F1:0.9126
INFO:__main__:验证的best_acc:0.9336
INFO:__main__:----------------------------------------------------------------------------------------------------
INFO:__main__:
【train】epoch:148/150 loss:0.0042 acc:0.9984
INFO:__main__:
【val】epoch:148/150 loss:0.4495 acc:0.9195
INFO:__main__:
【Val】:  SENS: 0.8899  SPEC: 0.9436  PPV: 0.9279  NPV: 0.9132 F1:0.9085
INFO:__main__:验证的best_acc:0.9336
INFO:__main__:----------------------------------------------------------------------------------------------------
INFO:__main__:
【train】epoch:149/150 loss:0.0064 acc:0.9977
INFO:__main__:
【val】epoch:149/150 loss:0.4159 acc:0.9202
INFO:__main__:
【Val】:  SENS: 0.8947  SPEC: 0.9410  PPV: 0.9252  NPV: 0.9164 F1:0.9097
INFO:__main__:验证的best_acc:0.9336
INFO:__main__:----------------------------------------------------------------------------------------------------
INFO:__main__:****************************************************************************************************
INFO:__main__:Val_LOSS:['0.5767', '0.5869', '0.4238', '0.3562', '0.3171', '0.3097', '0.3175', '0.3607', '0.2717', '0.2524', '0.3202', '0.2333', '0.2322', '0.2497', '0.2569', '0.2554', '0.2886', '0.2618', '0.2762', '0.2720', '0.3118', '0.2822', '0.2745', '0.2847', '0.2322', '0.2737', '0.2540', '0.3036', '0.2247', '0.2660', '0.2378', '0.2885', '0.3032', '0.2133', '0.2228', '0.2571', '0.2697', '0.2644', '0.2379', '0.2393', '0.2440', '0.2989', '0.2594', '0.2541', '0.2436', '0.2776', '0.2491', '0.2470', '0.2431', '0.2476', '0.2597', '0.2481', '0.2892', '0.2729', '0.2482', '0.2658', '0.2428', '0.2508', '0.3062', '0.2568', '0.2876', '0.2991', '0.2570', '0.2471', '0.2844', '0.2563', '0.3139', '0.2819', '0.3142', '0.2708', '0.2863', '0.2794', '0.2930', '0.3034', '0.3354', '0.3207', '0.2948', '0.2705', '0.2878', '0.3059', '0.3229', '0.3125', '0.3303', '0.3152', '0.2802', '0.3005', '0.3635', '0.3189', '0.3515', '0.3591', '0.3420', '0.3304', '0.3725', '0.3557', '0.3562', '0.3280', '0.3462', '0.3662', '0.3722', '0.3609', '0.3873', '0.3286', '0.3331', '0.3540', '0.3789', '0.3584', '0.3688', '0.3671', '0.3523', '0.3777', '0.3825', '0.3800', '0.4040', '0.3517', '0.3868', '0.3684', '0.3361', '0.3382', '0.3653', '0.3440', '0.3544', '0.3675', '0.3822', '0.3761', '0.3808', '0.3633', '0.3737', '0.4130', '0.4467', '0.3987', '0.3727', '0.4042', '0.4092', '0.3858', '0.3808', '0.4068', '0.3677', '0.3818', '0.3777', '0.3877', '0.3921', '0.4135', '0.4008', '0.3830', '0.3956', '0.4141', '0.4244', '0.4022', '0.4495', '0.4159']
INFO:__main__:Val_ACC:['0.6984', '0.6864', '0.8157', '0.8291', '0.8531', '0.8701', '0.8715', '0.8305', '0.8842', '0.8983', '0.8672', '0.9061', '0.9160', '0.9047', '0.9032', '0.9061', '0.9124', '0.9131', '0.8948', '0.9103', '0.9068', '0.9011', '0.9054', '0.8983', '0.9167', '0.9018', '0.9040', '0.9068', '0.9103', '0.9082', '0.9160', '0.9075', '0.8891', '0.9117', '0.9124', '0.9195', '0.9131', '0.9103', '0.9124', '0.9209', '0.9266', '0.9124', '0.9216', '0.9117', '0.9251', '0.9223', '0.9167', '0.9167', '0.9167', '0.9294', '0.9223', '0.9209', '0.9216', '0.9153', '0.9181', '0.9230', '0.9251', '0.9244', '0.9181', '0.9329', '0.9153', '0.9244', '0.9244', '0.9181', '0.9280', '0.9258', '0.9131', '0.9202', '0.9195', '0.9167', '0.9223', '0.9237', '0.9294', '0.9202', '0.9280', '0.9244', '0.9230', '0.9223', '0.9223', '0.9244', '0.9188', '0.9266', '0.9273', '0.9174', '0.9266', '0.9216', '0.9167', '0.9287', '0.9216', '0.9160', '0.9195', '0.9266', '0.9237', '0.9216', '0.9273', '0.9209', '0.9209', '0.9237', '0.9110', '0.9223', '0.9188', '0.9216', '0.9280', '0.9223', '0.9188', '0.9202', '0.9223', '0.9188', '0.9294', '0.9209', '0.9280', '0.9230', '0.9195', '0.9258', '0.9237', '0.9237', '0.9336', '0.9266', '0.9287', '0.9301', '0.9280', '0.9266', '0.9280', '0.9273', '0.9230', '0.9251', '0.9266', '0.9237', '0.9160', '0.9237', '0.9244', '0.9287', '0.9258', '0.9230', '0.9216', '0.9188', '0.9230', '0.9167', '0.9258', '0.9195', '0.9202', '0.9174', '0.9237', '0.9258', '0.9223', '0.9230', '0.9209', '0.9230', '0.9195', '0.9202']
INFO:__main__:****************************************************************************************************
INFO:__main__:best_acc:0.9336  对应epoch:116  
 对应sens0.9261  spec0.9397  ppv0.9261  npv0.9397  F10.9261
